[
{"message":"file:///home/runner/work/playground-tester/playground-tester/node_modules/@wp-playground/cli/index.js:237\n        throw new Error(y, { cause: u });\n              ^\n","level":"FATAL","type":"PLAYGROUND","test":"asyncify-boot","plugin":"bob-ong-quotes","details":"file:///home/runner/work/playground-tester/playground-tester/node_modules/@wp-playground/cli/index.js:237\n        throw new Error(y, { cause: u });\n              ^\n","log":"/tmp/tmp.00Z1UULYXJ"}
,
{"message":"Uncaught ArgumentCountError: Too few arguments to function WP_Widget::__construct(), 0 passed in /wordpress/wp-includes/class-wp-widget-factory.php on line 62 and at least 2 expected in /wordpress/wp-includes/class-wp-widget.php:163","level":"FATAL","type":"PHP","test":"asyncify-boot","plugin":"bob-ong-quotes","details":"[30-May-2025 13:13:55 UTC] PHP Fatal error:  Uncaught ArgumentCountError: Too few arguments to function WP_Widget::__construct(), 0 passed in /wordpress/wp-includes/class-wp-widget-factory.php on line 62 and at least 2 expected in /wordpress/wp-includes/class-wp-widget.php:163\nStack trace:\n#0 /wordpress/wp-includes/class-wp-widget-factory.php(62): WP_Widget->__construct()\n#1 /wordpress/wp-includes/widgets.php(123): WP_Widget_Factory->register('BW_Widget_Twitt...')\n#2 /wordpress/wp-content/plugins/bw-twitter-blocks/bw_widget.php(92): register_widget('BW_Widget_Twitt...')\n#3 /wordpress/wp-content/plugins/bw-twitter-blocks/bw_twitter_blocks.php(37): require_once('/wordpress/wp-c...')\n#4 /wordpress/wp-includes/class-wp-hook.php(324): bw_tb_widget('')\n#5 /wordpress/wp-includes/class-wp-hook.php(348): WP_Hook->apply_filters(NULL, Array)\n#6 /wordpress/wp-includes/plugin.php(517): WP_Hook->do_action(Array)\n#7 /wordpress/wp-settings.php(653): do_action('setup_theme')\n#8 /wordpress/wp-config.php(102): require_once('/wordpress/wp-s...')\n#9 /wordpress/wp-load.php(50): require_once('/wordpress/wp-c...')\n#10 /internal/eval.php(3): require_once('/wordpress/wp-l...')\n#11 {main}\n  thrown in /wordpress/wp-includes/class-wp-widget.php on line 163","log":"/logs/plugins/b/bob-ong-quotes/error.json"}
,
{"message":"Uncaught ArgumentCountError: Too few arguments to function WP_Widget::__construct(), 0 passed in /wordpress/wp-includes/class-wp-widget-factory.php on line 62 and at least 2 expected in /wordpress/wp-includes/class-wp-widget.php:163","level":"FATAL","type":"PHP","test":"asyncify-boot","plugin":"bob-ong-quotes","details":"[30-May-2025 13:14:04 UTC] PHP Fatal error:  Uncaught ArgumentCountError: Too few arguments to function WP_Widget::__construct(), 0 passed in /wordpress/wp-includes/class-wp-widget-factory.php on line 62 and at least 2 expected in /wordpress/wp-includes/class-wp-widget.php:163\nStack trace:\n#0 /wordpress/wp-includes/class-wp-widget-factory.php(62): WP_Widget->__construct()\n#1 /wordpress/wp-includes/widgets.php(123): WP_Widget_Factory->register('BW_Widget_Twitt...')\n#2 /wordpress/wp-content/plugins/bw-twitter-blocks/bw_widget.php(92): register_widget('BW_Widget_Twitt...')\n#3 /wordpress/wp-content/plugins/bw-twitter-blocks/bw_twitter_blocks.php(37): require_once('/wordpress/wp-c...')\n#4 /wordpress/wp-includes/class-wp-hook.php(324): bw_tb_widget('')\n#5 /wordpress/wp-includes/class-wp-hook.php(348): WP_Hook->apply_filters(NULL, Array)\n#6 /wordpress/wp-includes/plugin.php(517): WP_Hook->do_action(Array)\n#7 /wordpress/wp-settings.php(653): do_action('setup_theme')\n#8 /wordpress/wp-config.php(102): require_once('/wordpress/wp-s...')\n#9 /wordpress/wp-load.php(50): require_once('/wordpress/wp-c...')\n#10 /internal/eval.php(3): require_once('/wordpress/wp-l...')\n#11 {main}\n  thrown in /wordpress/wp-includes/class-wp-widget.php on line 163","log":"/logs/plugins/b/bob-ong-quotes/error.json"}
,
{"message":"Uncaught ArgumentCountError: Too few arguments to function WP_Widget::__construct(), 0 passed in /wordpress/wp-includes/class-wp-widget-factory.php on line 62 and at least 2 expected in /wordpress/wp-includes/class-wp-widget.php:163","level":"FATAL","type":"PHP","test":"asyncify-boot","plugin":"bob-ong-quotes","details":"[30-May-2025 13:14:12 UTC] PHP Fatal error:  Uncaught ArgumentCountError: Too few arguments to function WP_Widget::__construct(), 0 passed in /wordpress/wp-includes/class-wp-widget-factory.php on line 62 and at least 2 expected in /wordpress/wp-includes/class-wp-widget.php:163\nStack trace:\n#0 /wordpress/wp-includes/class-wp-widget-factory.php(62): WP_Widget->__construct()\n#1 /wordpress/wp-includes/widgets.php(123): WP_Widget_Factory->register('BW_Widget_Twitt...')\n#2 /wordpress/wp-content/plugins/bw-twitter-blocks/bw_widget.php(92): register_widget('BW_Widget_Twitt...')\n#3 /wordpress/wp-content/plugins/bw-twitter-blocks/bw_twitter_blocks.php(37): require_once('/wordpress/wp-c...')\n#4 /wordpress/wp-includes/class-wp-hook.php(324): bw_tb_widget('')\n#5 /wordpress/wp-includes/class-wp-hook.php(348): WP_Hook->apply_filters(NULL, Array)\n#6 /wordpress/wp-includes/plugin.php(517): WP_Hook->do_action(Array)\n#7 /wordpress/wp-settings.php(653): do_action('setup_theme')\n#8 /wordpress/wp-config.php(102): require_once('/wordpress/wp-s...')\n#9 /wordpress/wp-load.php(50): require_once('/wordpress/wp-c...')\n#10 /internal/eval.php(3): require_once('/wordpress/wp-l...')\n#11 {main}\n  thrown in /wordpress/wp-includes/class-wp-widget.php on line 163","log":"/logs/plugins/b/bob-ong-quotes/error.json"}
,
{"message":"Uncaught ArgumentCountError: Too few arguments to function WP_Widget::__construct(), 0 passed in /wordpress/wp-includes/class-wp-widget-factory.php on line 62 and at least 2 expected in /wordpress/wp-includes/class-wp-widget.php:163","level":"FATAL","type":"PHP","test":"asyncify-boot","plugin":"bob-ong-quotes","details":"[30-May-2025 13:16:27 UTC] PHP Fatal error:  Uncaught ArgumentCountError: Too few arguments to function WP_Widget::__construct(), 0 passed in /wordpress/wp-includes/class-wp-widget-factory.php on line 62 and at least 2 expected in /wordpress/wp-includes/class-wp-widget.php:163\nStack trace:\n#0 /wordpress/wp-includes/class-wp-widget-factory.php(62): WP_Widget->__construct()\n#1 /wordpress/wp-includes/widgets.php(123): WP_Widget_Factory->register('bbld_widget')\n#2 /wordpress/wp-content/plugins/bbpress-latest-discussion/BBpress.php(538): register_widget('bbld_widget')\n#3 /wordpress/wp-includes/class-wp-hook.php(324): bbld_add_widget('')\n#4 /wordpress/wp-includes/class-wp-hook.php(348): WP_Hook->apply_filters(NULL, Array)\n#5 /wordpress/wp-includes/plugin.php(517): WP_Hook->do_action(Array)\n#6 /wordpress/wp-includes/widgets.php(1870): do_action('widgets_init')\n#7 /wordpress/wp-includes/class-wp-hook.php(324): wp_widgets_init('')\n#8 /wordpress/wp-includes/class-wp-hook.php(348): WP_Hook->apply_filters(NULL, Array)\n#9 /wordpress/wp-includes/plugin.php(517): WP_Hook->do_action(Array)\n#10 /wordpress/wp-settings.php(727): do_action('init')\n#11 /wordpress/wp-config.php(102): require_once('/wordpress/wp-s...')\n#12 /wordpress/wp-load.php(50): require_once('/wordpress/wp-c...')\n#13 /internal/eval.php(3): require_once('/wordpress/wp-l...')\n#14 {main}\n  thrown in /wordpress/wp-includes/class-wp-widget.php on line 163","log":"/logs/plugins/b/bob-ong-quotes/error.json"}
,
{"message":"Uncaught ArgumentCountError: Too few arguments to function WP_Widget::__construct(), 0 passed in /wordpress/wp-includes/class-wp-widget-factory.php on line 62 and at least 2 expected in /wordpress/wp-includes/class-wp-widget.php:163","level":"FATAL","type":"PHP","test":"asyncify-boot","plugin":"bob-ong-quotes","details":"[30-May-2025 13:16:36 UTC] PHP Fatal error:  Uncaught ArgumentCountError: Too few arguments to function WP_Widget::__construct(), 0 passed in /wordpress/wp-includes/class-wp-widget-factory.php on line 62 and at least 2 expected in /wordpress/wp-includes/class-wp-widget.php:163\nStack trace:\n#0 /wordpress/wp-includes/class-wp-widget-factory.php(62): WP_Widget->__construct()\n#1 /wordpress/wp-includes/widgets.php(123): WP_Widget_Factory->register('bbld_widget')\n#2 /wordpress/wp-content/plugins/bbpress-latest-discussion/BBpress.php(538): register_widget('bbld_widget')\n#3 /wordpress/wp-includes/class-wp-hook.php(324): bbld_add_widget('')\n#4 /wordpress/wp-includes/class-wp-hook.php(348): WP_Hook->apply_filters(NULL, Array)\n#5 /wordpress/wp-includes/plugin.php(517): WP_Hook->do_action(Array)\n#6 /wordpress/wp-includes/widgets.php(1870): do_action('widgets_init')\n#7 /wordpress/wp-includes/class-wp-hook.php(324): wp_widgets_init('')\n#8 /wordpress/wp-includes/class-wp-hook.php(348): WP_Hook->apply_filters(NULL, Array)\n#9 /wordpress/wp-includes/plugin.php(517): WP_Hook->do_action(Array)\n#10 /wordpress/wp-settings.php(727): do_action('init')\n#11 /wordpress/wp-config.php(102): require_once('/wordpress/wp-s...')\n#12 /wordpress/wp-load.php(50): require_once('/wordpress/wp-c...')\n#13 /internal/eval.php(3): require_once('/wordpress/wp-l...')\n#14 {main}\n  thrown in /wordpress/wp-includes/class-wp-widget.php on line 163","log":"/logs/plugins/b/bob-ong-quotes/error.json"}
,
{"message":"Uncaught ArgumentCountError: Too few arguments to function WP_Widget::__construct(), 0 passed in /wordpress/wp-includes/class-wp-widget-factory.php on line 62 and at least 2 expected in /wordpress/wp-includes/class-wp-widget.php:163","level":"FATAL","type":"PHP","test":"asyncify-boot","plugin":"bob-ong-quotes","details":"[30-May-2025 13:16:44 UTC] PHP Fatal error:  Uncaught ArgumentCountError: Too few arguments to function WP_Widget::__construct(), 0 passed in /wordpress/wp-includes/class-wp-widget-factory.php on line 62 and at least 2 expected in /wordpress/wp-includes/class-wp-widget.php:163\nStack trace:\n#0 /wordpress/wp-includes/class-wp-widget-factory.php(62): WP_Widget->__construct()\n#1 /wordpress/wp-includes/widgets.php(123): WP_Widget_Factory->register('bbld_widget')\n#2 /wordpress/wp-content/plugins/bbpress-latest-discussion/BBpress.php(538): register_widget('bbld_widget')\n#3 /wordpress/wp-includes/class-wp-hook.php(324): bbld_add_widget('')\n#4 /wordpress/wp-includes/class-wp-hook.php(348): WP_Hook->apply_filters(NULL, Array)\n#5 /wordpress/wp-includes/plugin.php(517): WP_Hook->do_action(Array)\n#6 /wordpress/wp-includes/widgets.php(1870): do_action('widgets_init')\n#7 /wordpress/wp-includes/class-wp-hook.php(324): wp_widgets_init('')\n#8 /wordpress/wp-includes/class-wp-hook.php(348): WP_Hook->apply_filters(NULL, Array)\n#9 /wordpress/wp-includes/plugin.php(517): WP_Hook->do_action(Array)\n#10 /wordpress/wp-settings.php(727): do_action('init')\n#11 /wordpress/wp-config.php(102): require_once('/wordpress/wp-s...')\n#12 /wordpress/wp-load.php(50): require_once('/wordpress/wp-c...')\n#13 /internal/eval.php(3): require_once('/wordpress/wp-l...')\n#14 {main}\n  thrown in /wordpress/wp-includes/class-wp-widget.php on line 163","log":"/logs/plugins/b/bob-ong-quotes/error.json"}
,
{"message":"Uncaught TypeError: Cannot access offset of type string on string in /wordpress/wp-content/plugins/bootstrap-modal-popup/bootstrap_modal_popup.php:47","level":"FATAL","type":"PHP","test":"asyncify-boot","plugin":"bob-ong-quotes","details":"[30-May-2025 13:17:41 UTC] PHP Fatal error:  Uncaught TypeError: Cannot access offset of type string on string in /wordpress/wp-content/plugins/bootstrap-modal-popup/bootstrap_modal_popup.php:47\nStack trace:\n#0 /wordpress/wp-includes/class-wp-hook.php(324): set_bmp_cookie('')\n#1 /wordpress/wp-includes/class-wp-hook.php(348): WP_Hook->apply_filters(NULL, Array)\n#2 /wordpress/wp-includes/plugin.php(517): WP_Hook->do_action(Array)\n#3 /wordpress/wp-settings.php(727): do_action('init')\n#4 /wordpress/wp-config.php(102): require_once('/wordpress/wp-s...')\n#5 /wordpress/wp-load.php(50): require_once('/wordpress/wp-c...')\n#6 /internal/eval.php(3): require_once('/wordpress/wp-l...')\n#7 {main}\n  thrown in /wordpress/wp-content/plugins/bootstrap-modal-popup/bootstrap_modal_popup.php on line 47","log":"/logs/plugins/b/bob-ong-quotes/error.json"}
,
{"message":"Uncaught TypeError: Cannot access offset of type string on string in /wordpress/wp-content/plugins/bootstrap-modal-popup/bootstrap_modal_popup.php:47","level":"FATAL","type":"PHP","test":"asyncify-boot","plugin":"bob-ong-quotes","details":"[30-May-2025 13:17:50 UTC] PHP Fatal error:  Uncaught TypeError: Cannot access offset of type string on string in /wordpress/wp-content/plugins/bootstrap-modal-popup/bootstrap_modal_popup.php:47\nStack trace:\n#0 /wordpress/wp-includes/class-wp-hook.php(324): set_bmp_cookie('')\n#1 /wordpress/wp-includes/class-wp-hook.php(348): WP_Hook->apply_filters(NULL, Array)\n#2 /wordpress/wp-includes/plugin.php(517): WP_Hook->do_action(Array)\n#3 /wordpress/wp-settings.php(727): do_action('init')\n#4 /wordpress/wp-config.php(102): require_once('/wordpress/wp-s...')\n#5 /wordpress/wp-load.php(50): require_once('/wordpress/wp-c...')\n#6 /internal/eval.php(3): require_once('/wordpress/wp-l...')\n#7 {main}\n  thrown in /wordpress/wp-content/plugins/bootstrap-modal-popup/bootstrap_modal_popup.php on line 47","log":"/logs/plugins/b/bob-ong-quotes/error.json"}
,
{"message":"Uncaught TypeError: Cannot access offset of type string on string in /wordpress/wp-content/plugins/bootstrap-modal-popup/bootstrap_modal_popup.php:47","level":"FATAL","type":"PHP","test":"asyncify-boot","plugin":"bob-ong-quotes","details":"[30-May-2025 13:17:59 UTC] PHP Fatal error:  Uncaught TypeError: Cannot access offset of type string on string in /wordpress/wp-content/plugins/bootstrap-modal-popup/bootstrap_modal_popup.php:47\nStack trace:\n#0 /wordpress/wp-includes/class-wp-hook.php(324): set_bmp_cookie('')\n#1 /wordpress/wp-includes/class-wp-hook.php(348): WP_Hook->apply_filters(NULL, Array)\n#2 /wordpress/wp-includes/plugin.php(517): WP_Hook->do_action(Array)\n#3 /wordpress/wp-settings.php(727): do_action('init')\n#4 /wordpress/wp-config.php(102): require_once('/wordpress/wp-s...')\n#5 /wordpress/wp-load.php(50): require_once('/wordpress/wp-c...')\n#6 /internal/eval.php(3): require_once('/wordpress/wp-l...')\n#7 {main}\n  thrown in /wordpress/wp-content/plugins/bootstrap-modal-popup/bootstrap_modal_popup.php on line 47","log":"/logs/plugins/b/bob-ong-quotes/error.json"}
,
{"message":"Function _load_textdomain_just_in_time was called <strong>incorrectly</strong>. Translation loading for the <code>woocommerce</code> domain was triggered too early. This is usually an indicator for some code in the plugin or theme running too early. Translations should be loaded at the <code>init</code> action or later. Please see <a href=\"https://developer.wordpress.org/advanced-administration/debug/debug-wordpress/\">Debugging in WordPress</a> for more information. (This message was added in version 6.7.0.) in /wordpress/wp-includes/functions.php on line 6121","level":"NOTICE","type":"PHP","test":"asyncify-boot","plugin":"bob-ong-quotes","details":"[30-May-2025 13:19:28 UTC] PHP Notice:  Function _load_textdomain_just_in_time was called <strong>incorrectly</strong>. Translation loading for the <code>woocommerce</code> domain was triggered too early. This is usually an indicator for some code in the plugin or theme running too early. Translations should be loaded at the <code>init</code> action or later. Please see <a href=\"https://developer.wordpress.org/advanced-administration/debug/debug-wordpress/\">Debugging in WordPress</a> for more information. (This message was added in version 6.7.0.) in /wordpress/wp-includes/functions.php on line 6121","log":"/logs/plugins/b/bob-ong-quotes/error.json"}
,
{"message":"Function _load_textdomain_just_in_time was called <strong>incorrectly</strong>. Translation loading for the <code>businessonbot</code> domain was triggered too early. This is usually an indicator for some code in the plugin or theme running too early. Translations should be loaded at the <code>init</code> action or later. Please see <a href=\"https://developer.wordpress.org/advanced-administration/debug/debug-wordpress/\">Debugging in WordPress</a> for more information. (This message was added in version 6.7.0.) in /wordpress/wp-includes/functions.php on line 6121","level":"NOTICE","type":"PHP","test":"asyncify-boot","plugin":"bob-ong-quotes","details":"[30-May-2025 13:19:35 UTC] PHP Notice:  Function _load_textdomain_just_in_time was called <strong>incorrectly</strong>. Translation loading for the <code>businessonbot</code> domain was triggered too early. This is usually an indicator for some code in the plugin or theme running too early. Translations should be loaded at the <code>init</code> action or later. Please see <a href=\"https://developer.wordpress.org/advanced-administration/debug/debug-wordpress/\">Debugging in WordPress</a> for more information. (This message was added in version 6.7.0.) in /wordpress/wp-includes/functions.php on line 6121","log":"/logs/plugins/b/bob-ong-quotes/error.json"}
,
{"message":"Function _load_textdomain_just_in_time was called <strong>incorrectly</strong>. Translation loading for the <code>woocommerce</code> domain was triggered too early. This is usually an indicator for some code in the plugin or theme running too early. Translations should be loaded at the <code>init</code> action or later. Please see <a href=\"https://developer.wordpress.org/advanced-administration/debug/debug-wordpress/\">Debugging in WordPress</a> for more information. (This message was added in version 6.7.0.) in /wordpress/wp-includes/functions.php on line 6121","level":"NOTICE","type":"PHP","test":"asyncify-boot","plugin":"bob-ong-quotes","details":"[30-May-2025 13:20:10 UTC] PHP Notice:  Function _load_textdomain_just_in_time was called <strong>incorrectly</strong>. Translation loading for the <code>woocommerce</code> domain was triggered too early. This is usually an indicator for some code in the plugin or theme running too early. Translations should be loaded at the <code>init</code> action or later. Please see <a href=\"https://developer.wordpress.org/advanced-administration/debug/debug-wordpress/\">Debugging in WordPress</a> for more information. (This message was added in version 6.7.0.) in /wordpress/wp-includes/functions.php on line 6121","log":"/logs/plugins/b/bob-ong-quotes/error.json"}
,
{"message":"Unknown operation: AUTO_INCREMENT.","level":"FATAL","type":"SQL","test":"asyncify-boot","plugin":"bob-ong-quotes","details":"[30-May-2025 13:20:15 UTC] WordPress database error <div style=\"clear:both\">&nbsp;</div>\n<div class=\"queries\" style=\"clear:both;margin-bottom:2px;border:red dotted thin;\">\n<p>MySQL query:</p>\n<p>ALTER TABLE wp_businessonbot_guest_abandoned_cart AUTO_INCREMENT = 63000000;</p>\n<p>Queries made or created this session were:</p>\n<ol>\n<li>Executing: BEGIN | (no parameters)</li>\n<li>Executing: ROLLBACK | (no parameters)</li>\n</ol>\n</div>\n<div style=\"clear:both;margin-bottom:2px;border:red dotted thin;\" class=\"error_message\" style=\"border-bottom:dotted blue thin;\">\nError occurred at line 4117 in Function <code>handle_error</code>. Error message was: Unknown operation: AUTO_INCREMENT.\n</div>\n<p>Backtrace:</p>\n<pre>#0 /internal/shared/sqlite-database-integration/wp-includes/sqlite/class-wp-sqlite-db.php(287): WP_SQLite_Translator->get_error_message()\n#1 /wordpress/wp-content/plugins/businessonbot/businessonbot.php(968): WP_SQLite_DB->query('ALTER TABLE wp_...')\n#2 /wordpress/wp-includes/class-wp-hook.php(324): BusinessOnBot::businessonbot_install_defaults(false)\n#3 /wordpress/wp-includes/class-wp-hook.php(348): WP_Hook->apply_filters('', Array)\n#4 /wordpress/wp-includes/plugin.php(517): WP_Hook->do_action(Array)\n#5 /wordpress/wp-admin/includes/plugin.php(703): do_action('activate_busine...', false)\n#6 /internal/eval.php(20): activate_plugin('businessonbot/b...')\n#7 {main}</pre>\n for query ALTER TABLE wp_businessonbot_guest_abandoned_cart AUTO_INCREMENT = 63000000; made by activate_plugin, do_action('activate_businessonbot/businessonbot.php'), WP_Hook->do_action, WP_Hook->apply_filters, BusinessOnBot::businessonbot_install_defaults, WP_SQLite_DB->query, WP_SQLite_DB->print_error","log":"/logs/plugins/b/bob-ong-quotes/error.json"}
,
{"message":"Unknown operation: AUTO_INCREMENT.","level":"FATAL","type":"SQL","test":"asyncify-boot","plugin":"bob-ong-quotes","details":"[30-May-2025 13:20:15 UTC] WordPress database error <div style=\"clear:both\">&nbsp;</div>\n<div class=\"queries\" style=\"clear:both;margin-bottom:2px;border:red dotted thin;\">\n<p>MySQL query:</p>\n<p>ALTER TABLE wp_businessonbot_guest_abandoned_cart AUTO_INCREMENT = 63000000</p>\n<p>Queries made or created this session were:</p>\n<ol>\n<li>Executing: BEGIN | (no parameters)</li>\n<li>Executing: ROLLBACK | (no parameters)</li>\n</ol>\n</div>\n<div style=\"clear:both;margin-bottom:2px;border:red dotted thin;\" class=\"error_message\" style=\"border-bottom:dotted blue thin;\">\nError occurred at line 4117 in Function <code>handle_error</code>. Error message was: Unknown operation: AUTO_INCREMENT.\n</div>\n<p>Backtrace:</p>\n<pre>#0 /internal/shared/sqlite-database-integration/wp-includes/sqlite/class-wp-sqlite-db.php(287): WP_SQLite_Translator->get_error_message()\n#1 /wordpress/wp-includes/class-wpdb.php(3031): WP_SQLite_DB->query('ALTER TABLE wp_...')\n#2 /wordpress/wp-content/plugins/businessonbot/businessonbot.php(1134): wpdb->get_var('ALTER TABLE wp_...')\n#3 /wordpress/wp-content/plugins/businessonbot/businessonbot.php(1019): BusinessOnBot::check_auto_increment()\n#4 /wordpress/wp-includes/class-wp-hook.php(324): BusinessOnBot::businessonbot_install_defaults(false)\n#5 /wordpress/wp-includes/class-wp-hook.php(348): WP_Hook->apply_filters('', Array)\n#6 /wordpress/wp-includes/plugin.php(517): WP_Hook->do_action(Array)\n#7 /wordpress/wp-admin/includes/plugin.php(703): do_action('activate_busine...', false)\n#8 /internal/eval.php(20): activate_plugin('businessonbot/b...')\n#9 {main}</pre>\n for query ALTER TABLE wp_businessonbot_guest_abandoned_cart AUTO_INCREMENT = 63000000 made by activate_plugin, do_action('activate_businessonbot/businessonbot.php'), WP_Hook->do_action, WP_Hook->apply_filters, BusinessOnBot::businessonbot_install_defaults, BusinessOnBot::check_auto_increment, WP_SQLite_DB->query, WP_SQLite_DB->print_error","log":"/logs/plugins/b/bob-ong-quotes/error.json"}
,
{"message":"Function _load_textdomain_just_in_time was called <strong>incorrectly</strong>. Translation loading for the <code>businessonbot</code> domain was triggered too early. This is usually an indicator for some code in the plugin or theme running too early. Translations should be loaded at the <code>init</code> action or later. Please see <a href=\"https://developer.wordpress.org/advanced-administration/debug/debug-wordpress/\">Debugging in WordPress</a> for more information. (This message was added in version 6.7.0.) in /wordpress/wp-includes/functions.php on line 6121","level":"NOTICE","type":"PHP","test":"asyncify-boot","plugin":"bob-ong-quotes","details":"[30-May-2025 13:20:17 UTC] PHP Notice:  Function _load_textdomain_just_in_time was called <strong>incorrectly</strong>. Translation loading for the <code>businessonbot</code> domain was triggered too early. This is usually an indicator for some code in the plugin or theme running too early. Translations should be loaded at the <code>init</code> action or later. Please see <a href=\"https://developer.wordpress.org/advanced-administration/debug/debug-wordpress/\">Debugging in WordPress</a> for more information. (This message was added in version 6.7.0.) in /wordpress/wp-includes/functions.php on line 6121","log":"/logs/plugins/b/bob-ong-quotes/error.json"}
,
{"message":"Function _load_textdomain_just_in_time was called <strong>incorrectly</strong>. Translation loading for the <code>woocommerce</code> domain was triggered too early. This is usually an indicator for some code in the plugin or theme running too early. Translations should be loaded at the <code>init</code> action or later. Please see <a href=\"https://developer.wordpress.org/advanced-administration/debug/debug-wordpress/\">Debugging in WordPress</a> for more information. (This message was added in version 6.7.0.) in /wordpress/wp-includes/functions.php on line 6121","level":"NOTICE","type":"PHP","test":"asyncify-boot","plugin":"bob-ong-quotes","details":"[30-May-2025 13:20:51 UTC] PHP Notice:  Function _load_textdomain_just_in_time was called <strong>incorrectly</strong>. Translation loading for the <code>woocommerce</code> domain was triggered too early. This is usually an indicator for some code in the plugin or theme running too early. Translations should be loaded at the <code>init</code> action or later. Please see <a href=\"https://developer.wordpress.org/advanced-administration/debug/debug-wordpress/\">Debugging in WordPress</a> for more information. (This message was added in version 6.7.0.) in /wordpress/wp-includes/functions.php on line 6121","log":"/logs/plugins/b/bob-ong-quotes/error.json"}
,
{"message":"Unknown operation: AUTO_INCREMENT.","level":"FATAL","type":"SQL","test":"asyncify-boot","plugin":"bob-ong-quotes","details":"[30-May-2025 13:20:56 UTC] WordPress database error <div style=\"clear:both\">&nbsp;</div>\n<div class=\"queries\" style=\"clear:both;margin-bottom:2px;border:red dotted thin;\">\n<p>MySQL query:</p>\n<p>ALTER TABLE wp_businessonbot_guest_abandoned_cart AUTO_INCREMENT = 63000000;</p>\n<p>Queries made or created this session were:</p>\n<ol>\n<li>Executing: BEGIN | (no parameters)</li>\n<li>Executing: ROLLBACK | (no parameters)</li>\n</ol>\n</div>\n<div style=\"clear:both;margin-bottom:2px;border:red dotted thin;\" class=\"error_message\" style=\"border-bottom:dotted blue thin;\">\nError occurred at line 4117 in Function <code>handle_error</code>. Error message was: Unknown operation: AUTO_INCREMENT.\n</div>\n<p>Backtrace:</p>\n<pre>#0 /internal/shared/sqlite-database-integration/wp-includes/sqlite/class-wp-sqlite-db.php(287): WP_SQLite_Translator->get_error_message()\n#1 /wordpress/wp-content/plugins/businessonbot/businessonbot.php(968): WP_SQLite_DB->query('ALTER TABLE wp_...')\n#2 /wordpress/wp-includes/class-wp-hook.php(324): BusinessOnBot::businessonbot_install_defaults(false)\n#3 /wordpress/wp-includes/class-wp-hook.php(348): WP_Hook->apply_filters('', Array)\n#4 /wordpress/wp-includes/plugin.php(517): WP_Hook->do_action(Array)\n#5 /wordpress/wp-admin/includes/plugin.php(703): do_action('activate_busine...', false)\n#6 /internal/eval.php(20): activate_plugin('businessonbot/b...')\n#7 {main}</pre>\n for query ALTER TABLE wp_businessonbot_guest_abandoned_cart AUTO_INCREMENT = 63000000; made by activate_plugin, do_action('activate_businessonbot/businessonbot.php'), WP_Hook->do_action, WP_Hook->apply_filters, BusinessOnBot::businessonbot_install_defaults, WP_SQLite_DB->query, WP_SQLite_DB->print_error","log":"/logs/plugins/b/bob-ong-quotes/error.json"}
,
{"message":"Unknown operation: AUTO_INCREMENT.","level":"FATAL","type":"SQL","test":"asyncify-boot","plugin":"bob-ong-quotes","details":"[30-May-2025 13:20:56 UTC] WordPress database error <div style=\"clear:both\">&nbsp;</div>\n<div class=\"queries\" style=\"clear:both;margin-bottom:2px;border:red dotted thin;\">\n<p>MySQL query:</p>\n<p>ALTER TABLE wp_businessonbot_guest_abandoned_cart AUTO_INCREMENT = 63000000</p>\n<p>Queries made or created this session were:</p>\n<ol>\n<li>Executing: BEGIN | (no parameters)</li>\n<li>Executing: ROLLBACK | (no parameters)</li>\n</ol>\n</div>\n<div style=\"clear:both;margin-bottom:2px;border:red dotted thin;\" class=\"error_message\" style=\"border-bottom:dotted blue thin;\">\nError occurred at line 4117 in Function <code>handle_error</code>. Error message was: Unknown operation: AUTO_INCREMENT.\n</div>\n<p>Backtrace:</p>\n<pre>#0 /internal/shared/sqlite-database-integration/wp-includes/sqlite/class-wp-sqlite-db.php(287): WP_SQLite_Translator->get_error_message()\n#1 /wordpress/wp-includes/class-wpdb.php(3031): WP_SQLite_DB->query('ALTER TABLE wp_...')\n#2 /wordpress/wp-content/plugins/businessonbot/businessonbot.php(1134): wpdb->get_var('ALTER TABLE wp_...')\n#3 /wordpress/wp-content/plugins/businessonbot/businessonbot.php(1019): BusinessOnBot::check_auto_increment()\n#4 /wordpress/wp-includes/class-wp-hook.php(324): BusinessOnBot::businessonbot_install_defaults(false)\n#5 /wordpress/wp-includes/class-wp-hook.php(348): WP_Hook->apply_filters('', Array)\n#6 /wordpress/wp-includes/plugin.php(517): WP_Hook->do_action(Array)\n#7 /wordpress/wp-admin/includes/plugin.php(703): do_action('activate_busine...', false)\n#8 /internal/eval.php(20): activate_plugin('businessonbot/b...')\n#9 {main}</pre>\n for query ALTER TABLE wp_businessonbot_guest_abandoned_cart AUTO_INCREMENT = 63000000 made by activate_plugin, do_action('activate_businessonbot/businessonbot.php'), WP_Hook->do_action, WP_Hook->apply_filters, BusinessOnBot::businessonbot_install_defaults, BusinessOnBot::check_auto_increment, WP_SQLite_DB->query, WP_SQLite_DB->print_error","log":"/logs/plugins/b/bob-ong-quotes/error.json"}
,
{"message":"Function _load_textdomain_just_in_time was called <strong>incorrectly</strong>. Translation loading for the <code>businessonbot</code> domain was triggered too early. This is usually an indicator for some code in the plugin or theme running too early. Translations should be loaded at the <code>init</code> action or later. Please see <a href=\"https://developer.wordpress.org/advanced-administration/debug/debug-wordpress/\">Debugging in WordPress</a> for more information. (This message was added in version 6.7.0.) in /wordpress/wp-includes/functions.php on line 6121","level":"NOTICE","type":"PHP","test":"asyncify-boot","plugin":"bob-ong-quotes","details":"[30-May-2025 13:20:58 UTC] PHP Notice:  Function _load_textdomain_just_in_time was called <strong>incorrectly</strong>. Translation loading for the <code>businessonbot</code> domain was triggered too early. This is usually an indicator for some code in the plugin or theme running too early. Translations should be loaded at the <code>init</code> action or later. Please see <a href=\"https://developer.wordpress.org/advanced-administration/debug/debug-wordpress/\">Debugging in WordPress</a> for more information. (This message was added in version 6.7.0.) in /wordpress/wp-includes/functions.php on line 6121","log":"/logs/plugins/b/bob-ong-quotes/error.json"}
,
{"message":"Uncaught Error: Call to undefined function create_function() in /wordpress/wp-content/plugins/bibs-twitter-follow-button-reloaded/bibstweezfollowbutton.php:262","level":"FATAL","type":"PHP","test":"asyncify-boot","plugin":"bob-ong-quotes","details":"[30-May-2025 13:21:08 UTC] PHP Fatal error:  Uncaught Error: Call to undefined function create_function() in /wordpress/wp-content/plugins/bibs-twitter-follow-button-reloaded/bibstweezfollowbutton.php:262\nStack trace:\n#0 /wordpress/wp-admin/includes/plugin.php(2387): include_once()\n#1 /wordpress/wp-admin/includes/plugin.php(673): plugin_sandbox_scrape('bibs-twitter-fo...')\n#2 /internal/eval.php(20): activate_plugin('bibs-twitter-fo...')\n#3 {main}\n  thrown in /wordpress/wp-content/plugins/bibs-twitter-follow-button-reloaded/bibstweezfollowbutton.php on line 262","log":"/logs/plugins/b/bob-ong-quotes/error.json"}
,
{"message":"Uncaught Error: Call to undefined function create_function() in /wordpress/wp-content/plugins/bibs-twitter-follow-button-reloaded/bibstweezfollowbutton.php:262","level":"FATAL","type":"PHP","test":"asyncify-boot","plugin":"bob-ong-quotes","details":"[30-May-2025 13:21:16 UTC] PHP Fatal error:  Uncaught Error: Call to undefined function create_function() in /wordpress/wp-content/plugins/bibs-twitter-follow-button-reloaded/bibstweezfollowbutton.php:262\nStack trace:\n#0 /wordpress/wp-admin/includes/plugin.php(2387): include_once()\n#1 /wordpress/wp-admin/includes/plugin.php(673): plugin_sandbox_scrape('bibs-twitter-fo...')\n#2 /internal/eval.php(20): activate_plugin('bibs-twitter-fo...')\n#3 {main}\n  thrown in /wordpress/wp-content/plugins/bibs-twitter-follow-button-reloaded/bibstweezfollowbutton.php on line 262","log":"/logs/plugins/b/bob-ong-quotes/error.json"}
,
{"message":"Uncaught Error: Call to undefined function create_function() in /wordpress/wp-content/plugins/bibs-twitter-follow-button-reloaded/bibstweezfollowbutton.php:262","level":"FATAL","type":"PHP","test":"asyncify-boot","plugin":"bob-ong-quotes","details":"[30-May-2025 13:21:24 UTC] PHP Fatal error:  Uncaught Error: Call to undefined function create_function() in /wordpress/wp-content/plugins/bibs-twitter-follow-button-reloaded/bibstweezfollowbutton.php:262\nStack trace:\n#0 /wordpress/wp-admin/includes/plugin.php(2387): include_once()\n#1 /wordpress/wp-admin/includes/plugin.php(673): plugin_sandbox_scrape('bibs-twitter-fo...')\n#2 /internal/eval.php(20): activate_plugin('bibs-twitter-fo...')\n#3 {main}\n  thrown in /wordpress/wp-content/plugins/bibs-twitter-follow-button-reloaded/bibstweezfollowbutton.php on line 262","log":"/logs/plugins/b/bob-ong-quotes/error.json"}
,
{"message":"Uncaught RuntimeException: <div style=\"clear:both\">&nbsp;</div>","level":"FATAL","type":"PHP","test":"asyncify-boot","plugin":"bob-ong-quotes","details":"[30-May-2025 13:21:34 UTC] PHP Fatal error:  Uncaught RuntimeException: <div style=\"clear:both\">&nbsp;</div>\n<div class=\"queries\" style=\"clear:both;margin-bottom:2px;border:red dotted thin;\">\n<p>MySQL query:</p>\n<p>CREATE TABLE IF NOT EXISTS wp_bit_assist_widget_channels (\n             id BIGINT  UNSIGNED NOT NULL AUTO_INCREMENT\n, widget_id BIGINT(20) UNSIGNED NOT NULL\n, channel_name VARCHAR(255) NOT NULL\n, config LONGTEXT  NULL\n, sequence INTEGER  NULL\n, status BOOLEAN  NOT NULL DEFAULT 1\n, created_at timestamp  NULL DEFAULT NULL\n, updated_at timestamp  NULL DEFAULT NULL,\nPRIMARY KEY (\nid\n), FOREIGN KEY (widget_id) REFERENCES wp_bit_assist_widgets (id) ON DELETE CASCADE\n             ) </p>\n<p>Queries made or created this session were:</p>\n<ol>\n<li>Executing: BEGIN IMMEDIATE | (no parameters)</li>\n<li>Executing: SELECT 1 FROM `_wp_sqlite_mysql_information_schema_tables` WHERE table_schema = ? AND table_name = ? | parameters: database_name_here, wp_bit_assist_widget_channels</li>\n<li>Executing: INSERT INTO `_wp_sqlite_mysql_information_schema_tables` (`t in /wordpress/wp-content/plugins/bit-assist/vendor/bitapps/wp-database/src/Blueprint.php on line 176","log":"/logs/plugins/b/bob-ong-quotes/error.json"}
,
{"message":"Uncaught RuntimeException: <div style=\"clear:both\">&nbsp;</div>","level":"FATAL","type":"PHP","test":"asyncify-boot","plugin":"bob-ong-quotes","details":"[30-May-2025 13:21:44 UTC] PHP Fatal error:  Uncaught RuntimeException: <div style=\"clear:both\">&nbsp;</div>\n<div class=\"queries\" style=\"clear:both;margin-bottom:2px;border:red dotted thin;\">\n<p>MySQL query:</p>\n<p>CREATE TABLE IF NOT EXISTS wp_bit_assist_widget_channels (\n             id BIGINT  UNSIGNED NOT NULL AUTO_INCREMENT\n, widget_id BIGINT(20) UNSIGNED NOT NULL\n, channel_name VARCHAR(255) NOT NULL\n, config LONGTEXT  NULL\n, sequence INTEGER  NULL\n, status BOOLEAN  NOT NULL DEFAULT 1\n, created_at timestamp  NULL DEFAULT NULL\n, updated_at timestamp  NULL DEFAULT NULL,\nPRIMARY KEY (\nid\n), FOREIGN KEY (widget_id) REFERENCES wp_bit_assist_widgets (id) ON DELETE CASCADE\n             ) </p>\n<p>Queries made or created this session were:</p>\n<ol>\n<li>Executing: BEGIN | (no parameters)</li>\n<li>Executing: INSERT INTO _mysql_data_types_cache (`table`, `column_or_index`, `mysql_type`)\n\t\t\t\tVALUES (:table, :column, :datatype)\n\t\t\t\tON CONFLICT(`table`, `column_or_index`) DO UPDATE SET `mysql_type` = :datatype\n\t\t\t | parameters: wp_bit_assist_widget_channels, id,  in /wordpress/wp-content/plugins/bit-assist/vendor/bitapps/wp-database/src/Blueprint.php on line 176","log":"/logs/plugins/b/bob-ong-quotes/error.json"}
,
{"message":"Uncaught RuntimeException: <div style=\"clear:both\">&nbsp;</div>","level":"FATAL","type":"PHP","test":"asyncify-boot","plugin":"bob-ong-quotes","details":"[30-May-2025 13:21:54 UTC] PHP Fatal error:  Uncaught RuntimeException: <div style=\"clear:both\">&nbsp;</div>\n<div class=\"queries\" style=\"clear:both;margin-bottom:2px;border:red dotted thin;\">\n<p>MySQL query:</p>\n<p>CREATE TABLE IF NOT EXISTS wp_bit_assist_widget_channels (\n             id BIGINT  UNSIGNED NOT NULL AUTO_INCREMENT\n, widget_id BIGINT(20) UNSIGNED NOT NULL\n, channel_name VARCHAR(255) NOT NULL\n, config LONGTEXT  NULL\n, sequence INTEGER  NULL\n, status BOOLEAN  NOT NULL DEFAULT 1\n, created_at timestamp  NULL DEFAULT NULL\n, updated_at timestamp  NULL DEFAULT NULL,\nPRIMARY KEY (\nid\n), FOREIGN KEY (widget_id) REFERENCES wp_bit_assist_widgets (id) ON DELETE CASCADE\n             ) </p>\n<p>Queries made or created this session were:</p>\n<ol>\n<li>Executing: BEGIN | (no parameters)</li>\n<li>Executing: INSERT INTO _mysql_data_types_cache (`table`, `column_or_index`, `mysql_type`)\n\t\t\t\tVALUES (:table, :column, :datatype)\n\t\t\t\tON CONFLICT(`table`, `column_or_index`) DO UPDATE SET `mysql_type` = :datatype\n\t\t\t | parameters: wp_bit_assist_widget_channels, id,  in /wordpress/wp-content/plugins/bit-assist/vendor/bitapps/wp-database/src/Blueprint.php on line 176","log":"/logs/plugins/b/bob-ong-quotes/error.json"}
,
{"message":"Array and string offset access syntax with curly braces is no longer supported in /wordpress/wp-content/plugins/blog-templates/gb-blog-templates.php on line 414","level":"FATAL","type":"PHP","test":"asyncify-boot","plugin":"bob-ong-quotes","details":"[30-May-2025 13:23:02 UTC] PHP Fatal error:  Array and string offset access syntax with curly braces is no longer supported in /wordpress/wp-content/plugins/blog-templates/gb-blog-templates.php on line 414","log":"/logs/plugins/b/bob-ong-quotes/error.json"}
,
{"message":"Array and string offset access syntax with curly braces is no longer supported in /wordpress/wp-content/plugins/blog-templates/gb-blog-templates.php on line 414","level":"FATAL","type":"PHP","test":"asyncify-boot","plugin":"bob-ong-quotes","details":"[30-May-2025 13:23:10 UTC] PHP Fatal error:  Array and string offset access syntax with curly braces is no longer supported in /wordpress/wp-content/plugins/blog-templates/gb-blog-templates.php on line 414","log":"/logs/plugins/b/bob-ong-quotes/error.json"}
,
{"message":"Array and string offset access syntax with curly braces is no longer supported in /wordpress/wp-content/plugins/blog-templates/gb-blog-templates.php on line 414","level":"FATAL","type":"PHP","test":"asyncify-boot","plugin":"bob-ong-quotes","details":"[30-May-2025 13:23:19 UTC] PHP Fatal error:  Array and string offset access syntax with curly braces is no longer supported in /wordpress/wp-content/plugins/blog-templates/gb-blog-templates.php on line 414","log":"/logs/plugins/b/bob-ong-quotes/error.json"}
,
{"message":"Cannot combine AUTOINCREMENT and multiple primary keys in SQLite.","level":"FATAL","type":"SQL","test":"asyncify-boot","plugin":"bob-ong-quotes","details":"[30-May-2025 13:23:44 UTC] WordPress database error <div style=\"clear:both\">&nbsp;</div>\n<div class=\"queries\" style=\"clear:both;margin-bottom:2px;border:red dotted thin;\">\n<p>MySQL query:</p>\n<p>CREATE TABLE IF NOT EXISTS wp_BS_Scanner (\n            `ID` int(11) NOT NULL AUTO_INCREMENT,\n            `fileName` varchar(255) NOT NULL,\n            `scanMD5` varchar(50) NOT NULL,\n            `officialMD5` varchar(50) DEFAULT NULL,\n            `updatedMD5` varchar(50) DEFAULT NULL,\n            `fileFound` tinyint(1) NOT NULL DEFAULT 1,\n            `ignoredFile` tinyint(1) NOT NULL DEFAULT 0,\n            `newFile` tinyint(1) NOT NULL DEFAULT 0,\n            `modifiedFile` tinyint(1) NOT NULL DEFAULT 0,\n            `dateFound` datetime NOT NULL,\n            `type` varchar(1) NOT NULL DEFAULT 'N',\n            `slug` varchar(100) NOT NULL,\n            `ver` varchar(20) NOT NULL,\n            PRIMARY KEY (`fileName`),\n            UNIQUE KEY `fileName` (`fileName`),\n            KEY `ID` (`ID`)\n          ) ENGINE=MyISAM DEFAULT CHARSET=latin1;</p>\n<p>Queries made or created this session were:</p>\n<ol>\n<li>Executing: BEGIN | (no parameters)</li>\n<li>Executing: ROLLBACK | (no parameters)</li>\n</ol>\n</div>\n<div style=\"clear:both;margin-bottom:2px;border:red dotted thin;\" class=\"error_message\" style=\"border-bottom:dotted blue thin;\">\nError occurred at line 4117 in Function <code>handle_error</code>. Error message was: Cannot combine AUTOINCREMENT and multiple primary keys in SQLite.\n</div>\n<p>Backtrace:</p>\n<pre>#0 /internal/shared/sqlite-database-integration/wp-includes/sqlite/class-wp-sqlite-db.php(287): WP_SQLite_Translator->get_error_message()\n#1 /wordpress/wp-content/plugins/blogsafe-scanner/includes/class-blogsafe-scanner-plus-activator.php(45): WP_SQLite_DB->query('CREATE TABLE IF...')\n#2 /wordpress/wp-content/plugins/blogsafe-scanner/blogsafe-scanner-plus.php(89): Blogsafe_Scanner_Plus_Activator::activate(false)\n#3 /wordpress/wp-includes/class-wp-hook.php(324): activate_blogsafe_scanner_plus(false)\n#4 /wordpress/wp-includes/class-wp-hook.php(348): WP_Hook->apply_filters(NULL, Array)\n#5 /wordpress/wp-includes/plugin.php(517): WP_Hook->do_action(Array)\n#6 /wordpress/wp-admin/includes/plugin.php(703): do_action('activate_blogsa...', false)\n#7 /internal/eval.php(20): activate_plugin('blogsafe-scanne...')\n#8 {main}</pre>\n for query CREATE TABLE IF NOT EXISTS wp_BS_Scanner (\n            `ID` int(11) NOT NULL AUTO_INCREMENT,\n            `fileName` varchar(255) NOT NULL,\n            `scanMD5` varchar(50) NOT NULL,\n            `officialMD5` varchar(50) DEFAULT NULL,\n            `updatedMD5` varchar(50) DEFAULT NULL,\n            `fileFound` tinyint(1) NOT NULL DEFAULT 1,\n            `ignoredFile` tinyint(1) NOT NULL DEFAULT 0,\n            `newFile` tinyint(1) NOT NULL DEFAULT 0,\n            `modifiedFile` tinyint(1) NOT NULL DEFAULT 0,\n            `dateFound` datetime NOT NULL,\n            `type` varchar(1) NOT NULL DEFAULT 'N',\n            `slug` varchar(100) NOT NULL,\n            `ver` varchar(20) NOT NULL,\n            PRIMARY KEY (`fileName`),\n            UNIQUE KEY `fileName` (`fileName`),\n            KEY `ID` (`ID`)\n          ) ENGINE=MyISAM DEFAULT CHARSET=latin1; made by activate_plugin, do_action('activate_blogsafe-scanner/blogsafe-scanner-plus.php'), WP_Hook->do_action, WP_Hook->apply_filters, activate_blogsafe_scanner_plus, Blogsafe_Scanner_Plus_Activator::activate, WP_SQLite_DB->query, WP_SQLite_DB->print_error","log":"/logs/plugins/b/bob-ong-quotes/error.json"}
,
{"message":"SQLSTATE[HY000]: General error: 1 no such table: wp_BS_Scanner.","level":"FATAL","type":"SQL","test":"asyncify-boot","plugin":"bob-ong-quotes","details":"[30-May-2025 13:23:45 UTC] WordPress database error <div style=\"clear:both\">&nbsp;</div>\n<div class=\"queries\" style=\"clear:both;margin-bottom:2px;border:red dotted thin;\">\n<p>MySQL query:</p>\n<p>SELECT COUNT(*) from wp_BS_Scanner</p>\n<p>Queries made or created this session were:</p>\n<ol>\n<li>Executing: BEGIN | (no parameters)</li>\n<li>Executing: SELECT COUNT(*) from wp_BS_Scanner | (no parameters)</li>\n<li>Executing: ROLLBACK | (no parameters)</li>\n</ol>\n</div>\n<div style=\"clear:both;margin-bottom:2px;border:red dotted thin;\" class=\"error_message\" style=\"border-bottom:dotted blue thin;\">\nError occurred at line 4117 in Function <code>handle_error</code>. Error message was: SQLSTATE[HY000]: General error: 1 no such table: wp_BS_Scanner.\n</div>\n<p>Backtrace:</p>\n<pre>#0 /internal/shared/sqlite-database-integration/wp-includes/sqlite/class-wp-sqlite-db.php(287): WP_SQLite_Translator->get_error_message()\n#1 /wordpress/wp-includes/class-wpdb.php(3031): WP_SQLite_DB->query('SELECT COUNT(*)...')\n#2 /wordpress/wp-content/plugins/blogsafe-scanner/admin/class-blogsafe-scanner-plus-admin.php(63): wpdb->get_var('SELECT COUNT(*)...')\n#3 /wordpress/wp-includes/class-wp-hook.php(324): Blogsafe_Scanner_Plus_Admin->BSScan_do_output_buffer('')\n#4 /wordpress/wp-includes/class-wp-hook.php(348): WP_Hook->apply_filters(NULL, Array)\n#5 /wordpress/wp-includes/plugin.php(517): WP_Hook->do_action(Array)\n#6 /wordpress/wp-settings.php(727): do_action('init')\n#7 /wordpress/wp-config.php(102): require_once('/wordpress/wp-s...')\n#8 /wordpress/wp-load.php(50): require_once('/wordpress/wp-c...')\n#9 /internal/eval.php(3): require_once('/wordpress/wp-l...')\n#10 {main}</pre>\n for query SELECT COUNT(*) from wp_BS_Scanner made by require_once('wp-load.php'), require_once('wp-config.php'), require_once('wp-settings.php'), do_action('init'), WP_Hook->do_action, WP_Hook->apply_filters, Blogsafe_Scanner_Plus_Admin->BSScan_do_output_buffer, WP_SQLite_DB->query, WP_SQLite_DB->print_error","log":"/logs/plugins/b/bob-ong-quotes/error.json"}
,
{"message":"Cannot combine AUTOINCREMENT and multiple primary keys in SQLite.","level":"FATAL","type":"SQL","test":"asyncify-boot","plugin":"bob-ong-quotes","details":"[30-May-2025 13:23:55 UTC] WordPress database error <div style=\"clear:both\">&nbsp;</div>\n<div class=\"queries\" style=\"clear:both;margin-bottom:2px;border:red dotted thin;\">\n<p>MySQL query:</p>\n<p>CREATE TABLE IF NOT EXISTS wp_BS_Scanner (\n            `ID` int(11) NOT NULL AUTO_INCREMENT,\n            `fileName` varchar(255) NOT NULL,\n            `scanMD5` varchar(50) NOT NULL,\n            `officialMD5` varchar(50) DEFAULT NULL,\n            `updatedMD5` varchar(50) DEFAULT NULL,\n            `fileFound` tinyint(1) NOT NULL DEFAULT 1,\n            `ignoredFile` tinyint(1) NOT NULL DEFAULT 0,\n            `newFile` tinyint(1) NOT NULL DEFAULT 0,\n            `modifiedFile` tinyint(1) NOT NULL DEFAULT 0,\n            `dateFound` datetime NOT NULL,\n            `type` varchar(1) NOT NULL DEFAULT 'N',\n            `slug` varchar(100) NOT NULL,\n            `ver` varchar(20) NOT NULL,\n            PRIMARY KEY (`fileName`),\n            UNIQUE KEY `fileName` (`fileName`),\n            KEY `ID` (`ID`)\n          ) ENGINE=MyISAM DEFAULT CHARSET=latin1;</p>\n<p>Queries made or created this session were:</p>\n<ol>\n<li>Executing: BEGIN | (no parameters)</li>\n<li>Executing: ROLLBACK | (no parameters)</li>\n</ol>\n</div>\n<div style=\"clear:both;margin-bottom:2px;border:red dotted thin;\" class=\"error_message\" style=\"border-bottom:dotted blue thin;\">\nError occurred at line 4117 in Function <code>handle_error</code>. Error message was: Cannot combine AUTOINCREMENT and multiple primary keys in SQLite.\n</div>\n<p>Backtrace:</p>\n<pre>#0 /internal/shared/sqlite-database-integration/wp-includes/sqlite/class-wp-sqlite-db.php(287): WP_SQLite_Translator->get_error_message()\n#1 /wordpress/wp-content/plugins/blogsafe-scanner/includes/class-blogsafe-scanner-plus-activator.php(45): WP_SQLite_DB->query('CREATE TABLE IF...')\n#2 /wordpress/wp-content/plugins/blogsafe-scanner/blogsafe-scanner-plus.php(89): Blogsafe_Scanner_Plus_Activator::activate(false)\n#3 /wordpress/wp-includes/class-wp-hook.php(324): activate_blogsafe_scanner_plus(false)\n#4 /wordpress/wp-includes/class-wp-hook.php(348): WP_Hook->apply_filters(NULL, Array)\n#5 /wordpress/wp-includes/plugin.php(517): WP_Hook->do_action(Array)\n#6 /wordpress/wp-admin/includes/plugin.php(703): do_action('activate_blogsa...', false)\n#7 /internal/eval.php(20): activate_plugin('blogsafe-scanne...')\n#8 {main}</pre>\n for query CREATE TABLE IF NOT EXISTS wp_BS_Scanner (\n            `ID` int(11) NOT NULL AUTO_INCREMENT,\n            `fileName` varchar(255) NOT NULL,\n            `scanMD5` varchar(50) NOT NULL,\n            `officialMD5` varchar(50) DEFAULT NULL,\n            `updatedMD5` varchar(50) DEFAULT NULL,\n            `fileFound` tinyint(1) NOT NULL DEFAULT 1,\n            `ignoredFile` tinyint(1) NOT NULL DEFAULT 0,\n            `newFile` tinyint(1) NOT NULL DEFAULT 0,\n            `modifiedFile` tinyint(1) NOT NULL DEFAULT 0,\n            `dateFound` datetime NOT NULL,\n            `type` varchar(1) NOT NULL DEFAULT 'N',\n            `slug` varchar(100) NOT NULL,\n            `ver` varchar(20) NOT NULL,\n            PRIMARY KEY (`fileName`),\n            UNIQUE KEY `fileName` (`fileName`),\n            KEY `ID` (`ID`)\n          ) ENGINE=MyISAM DEFAULT CHARSET=latin1; made by activate_plugin, do_action('activate_blogsafe-scanner/blogsafe-scanner-plus.php'), WP_Hook->do_action, WP_Hook->apply_filters, activate_blogsafe_scanner_plus, Blogsafe_Scanner_Plus_Activator::activate, WP_SQLite_DB->query, WP_SQLite_DB->print_error","log":"/logs/plugins/b/bob-ong-quotes/error.json"}
,
{"message":"SQLSTATE[HY000]: General error: 1 no such table: wp_BS_Scanner.","level":"FATAL","type":"SQL","test":"asyncify-boot","plugin":"bob-ong-quotes","details":"[30-May-2025 13:23:57 UTC] WordPress database error <div style=\"clear:both\">&nbsp;</div>\n<div class=\"queries\" style=\"clear:both;margin-bottom:2px;border:red dotted thin;\">\n<p>MySQL query:</p>\n<p>SELECT COUNT(*) from wp_BS_Scanner</p>\n<p>Queries made or created this session were:</p>\n<ol>\n<li>Executing: BEGIN | (no parameters)</li>\n<li>Executing: SELECT COUNT(*) from wp_BS_Scanner | (no parameters)</li>\n<li>Executing: ROLLBACK | (no parameters)</li>\n</ol>\n</div>\n<div style=\"clear:both;margin-bottom:2px;border:red dotted thin;\" class=\"error_message\" style=\"border-bottom:dotted blue thin;\">\nError occurred at line 4117 in Function <code>handle_error</code>. Error message was: SQLSTATE[HY000]: General error: 1 no such table: wp_BS_Scanner.\n</div>\n<p>Backtrace:</p>\n<pre>#0 /internal/shared/sqlite-database-integration/wp-includes/sqlite/class-wp-sqlite-db.php(287): WP_SQLite_Translator->get_error_message()\n#1 /wordpress/wp-includes/class-wpdb.php(3031): WP_SQLite_DB->query('SELECT COUNT(*)...')\n#2 /wordpress/wp-content/plugins/blogsafe-scanner/admin/class-blogsafe-scanner-plus-admin.php(63): wpdb->get_var('SELECT COUNT(*)...')\n#3 /wordpress/wp-includes/class-wp-hook.php(324): Blogsafe_Scanner_Plus_Admin->BSScan_do_output_buffer('')\n#4 /wordpress/wp-includes/class-wp-hook.php(348): WP_Hook->apply_filters(NULL, Array)\n#5 /wordpress/wp-includes/plugin.php(517): WP_Hook->do_action(Array)\n#6 /wordpress/wp-settings.php(727): do_action('init')\n#7 /wordpress/wp-config.php(102): require_once('/wordpress/wp-s...')\n#8 /wordpress/wp-load.php(50): require_once('/wordpress/wp-c...')\n#9 /internal/eval.php(3): require_once('/wordpress/wp-l...')\n#10 {main}</pre>\n for query SELECT COUNT(*) from wp_BS_Scanner made by require_once('wp-load.php'), require_once('wp-config.php'), require_once('wp-settings.php'), do_action('init'), WP_Hook->do_action, WP_Hook->apply_filters, Blogsafe_Scanner_Plus_Admin->BSScan_do_output_buffer, WP_SQLite_DB->query, WP_SQLite_DB->print_error\n\n    at Object.onBind (file:///home/runner/work/playground-tester/playground-tester/node_modules/@wp-playground/cli/index.js:237:15)\n    at process.processTicksAndRejections (node:internal/process/task_queues:105:5)\n    at async V (file:///home/runner/work/playground-tester/playground-tester/node_modules/@wp-playground/cli/index.js:64:10)\n    at async ja (file:///home/runner/work/playground-tester/playground-tester/node_modules/@wp-playground/cli/cli.js:8161:12) {\n  [cause]: Error: Error when executing the blueprint step #1 ({\"step\":\"installPlugin\",\"pluginData\":{\"resource\":\"wordpress.org/plugins\",\"slug\":\"bob-ong-quotes\"},\"options\":{\"activate\":true}}) : Could not download \"https://downloads.wordpress.org/plugin/bob-ong-quotes.latest-stable.zip\".\n  \t\t\t\tCheck if the URL is correct and the server is reachable.\n  \t\t\t\tIf it is reachable, the server might be blocking the request.\n  \t\t\t\tCheck the browser console and network tabs for more information.\n  \n  \t\t\t\t## Does the console show the error \"No 'Access-Control-Allow-Origin' header\"?\n  \n  \t\t\t\tThis means the server that hosts your file does not allow requests from other sites\n  \t\t\t\t(cross-origin requests, or CORS).\tYou need to move the asset to a server that allows\n  \t\t\t\tcross-origin file downloads. Learn more about CORS at\n  \t\t\t\thttps://developer.mozilla.org/en-US/docs/Web/HTTP/CORS.\n  \n  \t\t\t\tIf your file is on GitHub, load it from \"raw.githubusercontent.com\".\n  \t\t\t\tHere's how to do that:\n  \n  \t\t\t\t1. Start with the original GitHub URL of the file. For example:\n  \t\t\t\thttps://github.com/username/repository/blob/branch/filename.\n  \t\t\t\t2. Replace \"github.com\" with \"raw.githubusercontent.com\".\n  \t\t\t\t3. Remove the \"/blob/\" part of the URL.\n  \n  \t\t\t\tThe resulting URL should look like this:\n  \t\t\t\thttps://raw.githubusercontent.com/username/repository/branch/filename\n  \n  \t\t\t\tError:\n  \t\t\t\tError: Could not download \"https://downloads.wordpress.org/plugin/bob-ong-quotes.latest-stable.zip\"\n      at Object.run (file:///home/runner/work/playground-tester/playground-tester/node_modules/@wp-playground/blueprints/index.js:12449:19)\n      at process.processTicksAndRejections (node:internal/process/task_queues:105:5)\n      at async ms (file:///home/runner/work/playground-tester/playground-tester/node_modules/@wp-playground/blueprints/index.js:12552:3)\n      at async Object.onBind (file:///home/runner/work/playground-tester/playground-tester/node_modules/@wp-playground/cli/index.js:227:48)\n      at async V (file:///home/runner/work/playground-tester/playground-tester/node_modules/@wp-playground/cli/index.js:64:10)\n      at async ja (file:///home/runner/work/playground-tester/playground-tester/node_modules/@wp-playground/cli/cli.js:8161:12) {\n    [cause]: Error: Could not download \"https://downloads.wordpress.org/plugin/bob-ong-quotes.latest-stable.zip\".\n    \t\t\t\tCheck if the URL is correct and the server is reachable.\n    \t\t\t\tIf it is reachable, the server might be blocking the request.\n    \t\t\t\tCheck the browser console and network tabs for more information.\n    \n    \t\t\t\t## Does the console show the error \"No 'Access-Control-Allow-Origin' header\"?\n    \n    \t\t\t\tThis means the server that hosts your file does not allow requests from other sites\n    \t\t\t\t(cross-origin requests, or CORS).\tYou need to move the asset to a server that allows\n    \t\t\t\tcross-origin file downloads. Learn more about CORS at\n    \t\t\t\thttps://developer.mozilla.org/en-US/docs/Web/HTTP/CORS.\n    \n    \t\t\t\tIf your file is on GitHub, load it from \"raw.githubusercontent.com\".\n    \t\t\t\tHere's how to do that:\n    \n    \t\t\t\t1. Start with the original GitHub URL of the file. For example:\n    \t\t\t\thttps://github.com/username/repository/blob/branch/filename.\n    \t\t\t\t2. Replace \"github.com\" with \"raw.githubusercontent.com\".\n    \t\t\t\t3. Remove the \"/blob/\" part of the URL.\n    \n    \t\t\t\tThe resulting URL should look like this:\n    \t\t\t\thttps://raw.githubusercontent.com/username/repository/branch/filename\n    \n    \t\t\t\tError:\n    \t\t\t\tError: Could not download \"https://downloads.wordpress.org/plugin/bob-ong-quotes.latest-stable.zip\"\n        at Ct.resolve (file:///home/runner/work/playground-tester/playground-tester/node_modules/@wp-playground/blueprints/index.js:1472:13)\n        at process.processTicksAndRejections (node:internal/process/task_queues:105:5)\n        at async _.run (file:///home/runner/work/playground-tester/playground-tester/node_modules/@php-wasm/util/index.js:45:14)\n  }\n}\n\n","log":"/logs/plugins/b/bob-ong-quotes/error.json"}
]
