file:///home/runner/work/playground-tester/playground-tester/node_modules/@wp-playground/cli/run-cli-j-geJYS3.js:325
        throw new Error($, { cause: h });
              ^

Error: [18-Jun-2025 22:51:32 UTC] WordPress database error <div style="clear:both">&nbsp;</div>
<div class="queries" style="clear:both;margin-bottom:2px;border:red dotted thin;">
<p>MySQL query:</p>
<p>SELECT * FROM wp_woocommerce_attribute_taxonomies WHERE attribute_name = "manufacturer"</p>
<p>Queries made or created this session were:</p>
<ol>
<li>Executing: BEGIN IMMEDIATE | (no parameters)</li>
<li>Executing: SELECT * FROM `wp_woocommerce_attribute_taxonomies` WHERE `attribute_name` = 'manufacturer' | (no parameters)</li>
<li>Executing: ROLLBACK | (no parameters)</li>
</ol>
</div>
<div style="clear:both;margin-bottom:2px;border:red dotted thin;" class="error_message" style="border-bottom:dotted blue thin;">
SQLSTATE[HY000]: General error: 1 no such table: wp_woocommerce_attribute_taxonomies
</div>
<p>Backtrace:</p>
<pre>#0 /internal/shared/sqlite-database-integration/wp-includes/sqlite-ast/class-wp-sqlite-driver.php(683): WP_SQLite_Driver->new_driver_exception('SQLSTATE[HY000]...', 'HY000', Object(PDOException))
#1 /internal/shared/sqlite-database-integration/wp-includes/sqlite/class-wp-sqlite-db.php(491): WP_SQLite_Driver->query('SELECT * FROM w...')
#2 /internal/shared/sqlite-database-integration/wp-includes/sqlite/class-wp-sqlite-db.php(432): WP_SQLite_DB->_do_query('SELECT * FROM w...')
#3 /wordpress/wp-includes/class-wpdb.php(3065): WP_SQLite_DB->query('SELECT * FROM w...')
#4 /wordpress/wp-content/plugins/woocommerce-pricefiles/includes/pricefiles.php(475): wpdb->get_row('SELECT * FROM w...')
#5 /wordpress/wp-content/plugins/woocommerce-pricefiles/includes/pricefiles.php(433): WC_Pricefiles->woocomemrce_pricefiles_add_manufacturer_attribute()
#6 /wordpress/wp-content/plugins/woocommerce-pricefiles/includes/pricefiles.php(346): WC_Pricefiles->single_activate()
#7 /wordpress/wp-includes/class-wp-hook.php(324): WC_Pricefiles->activate(false)
#8 /wordpress/wp-includes/class-wp-hook.php(348): WP_Hook->apply_filters('', Array)
#9 /wordpress/wp-includes/plugin.php(517): WP_Hook->do_action(Array)
#10 /wordpress/wp-admin/includes/plugin.php(703): do_action('activate_woocom...', false)
#11 /internal/eval.php(20): activate_plugin('woocommerce-pri...')
#12 {main}</pre>
 for query SELECT * FROM wp_woocommerce_attribute_taxonomies WHERE attribute_name = "manufacturer" made by activate_plugin, do_action('activate_woocommerce-pricefiles/pricefiles.php'), WP_Hook->do_action, WP_Hook->apply_filters, WC_Pricefiles->activate, WC_Pricefiles->single_activate, WC_Pricefiles->woocomemrce_pricefiles_add_manufacturer_attribute, WP_SQLite_DB->query, WP_SQLite_DB->print_error
[18-Jun-2025 22:51:32 UTC] WordPress database error <div style="clear:both">&nbsp;</div>
<div class="queries" style="clear:both;margin-bottom:2px;border:red dotted thin;">
<p>MySQL query:</p>
<p>INSERT INTO `wp_woocommerce_attribute_taxonomies` (`attribute_label`, `attribute_name`, `attribute_type`, `attribute_orderby`) VALUES ('Manufacturer', 'manufacturer', 'select', 'name')</p>
<p>Queries made or created this session were:</p>
<ol>
<li>Executing: BEGIN IMMEDIATE | (no parameters)</li>
<li>Executing: SELECT 1 FROM sqlite_temp_schema WHERE type = 'table' AND name = ? | parameters: wp_woocommerce_attribute_taxonomies</li>
<li>Executing: 
				SELECT column_name, is_nullable, column_default, data_type, extra
				FROM `_wp_sqlite_mysql_information_schema_columns`
				WHERE table_schema = ?
				AND table_name = ?
				ORDER BY ordinal_position
			 | parameters: database_name_here, wp_woocommerce_attribute_taxonomies</li>
<li>Executing: INSERT INTO `wp_woocommerce_attribute_taxonomies` () SELECT  FROM (VALUES ( 'Manufacturer' , 'manufacturer' , 'select' , 'name' )) WHERE true | (no parameters)</li>
<li>Executing: ROLLBACK | (no parameters)</li>
</ol>
</div>
<div style="clear:both;margin-bottom:2px;border:red dotted thin;" class="error_message" style="border-bottom:dotted blue thin;">
SQLSTATE[HY000]: General error: 1 near ")": syntax error
</div>
<p>Backtrace:</p>
<pre>#0 /internal/shared/sqlite-database-integration/wp-includes/sqlite-ast/class-wp-sqlite-driver.php(683): WP_SQLite_Driver->new_driver_exception('SQLSTATE[HY000]...', 'HY000', Object(PDOException))
#1 /internal/shared/sqlite-database-integration/wp-includes/sqlite/class-wp-sqlite-db.php(491): WP_SQLite_Driver->query('INSERT INTO `wp...')
#2 /internal/shared/sqlite-database-integration/wp-includes/sqlite/class-wp-sqlite-db.php(432): WP_SQLite_DB->_do_query('INSERT INTO `wp...')
#3 /wordpress/wp-includes/class-wpdb.php(2614): WP_SQLite_DB->query('INSERT INTO `wp...')
#4 /wordpress/wp-includes/class-wpdb.php(2503): wpdb->_insert_replace_helper('wp_woocommerce_...', Array, NULL, 'INSERT')
#5 /wordpress/wp-content/plugins/woocommerce-pricefiles/includes/pricefiles.php(486): wpdb->insert('wp_woocommerce_...', Array)
#6 /wordpress/wp-content/plugins/woocommerce-pricefiles/includes/pricefiles.php(433): WC_Pricefiles->woocomemrce_pricefiles_add_manufacturer_attribute()
#7 /wordpress/wp-content/plugins/woocommerce-pricefiles/includes/pricefiles.php(346): WC_Pricefiles->single_activate()
#8 /wordpress/wp-includes/class-wp-hook.php(324): WC_Pricefiles->activate(false)
#9 /wordpress/wp-includes/class-wp-hook.php(348): WP_Hook->apply_filters('', Array)
#10 /wordpress/wp-includes/plugin.php(517): WP_Hook->do_action(Array)
#11 /wordpress/wp-admin/includes/plugin.php(703): do_action('activate_woocom...', false)
#12 /internal/eval.php(20): activate_plugin('woocommerce-pri...')
#13 {main}</pre>
 for query INSERT INTO `wp_woocommerce_attribute_taxonomies` (`attribute_label`, `attribute_name`, `attribute_type`, `attribute_orderby`) VALUES ('Manufacturer', 'manufacturer', 'select', 'name') made by activate_plugin, do_action('activate_woocommerce-pricefiles/pricefiles.php'), WP_Hook->do_action, WP_Hook->apply_filters, WC_Pricefiles->activate, WC_Pricefiles->single_activate, WC_Pricefiles->woocomemrce_pricefiles_add_manufacturer_attribute, WP_SQLite_DB->query, WP_SQLite_DB->print_error
[18-Jun-2025 22:51:41 UTC] WordPress database error <div style="clear:both">&nbsp;</div>
<div class="queries" style="clear:both;margin-bottom:2px;border:red dotted thin;">
<p>MySQL query:</p>
<p>SELECT * FROM wp_woocommerce_attribute_taxonomies WHERE attribute_name = "manufacturer"</p>
<p>Queries made or created this session were:</p>
<ol>
<li>Executing: BEGIN IMMEDIATE | (no parameters)</li>
<li>Executing: SELECT * FROM `wp_woocommerce_attribute_taxonomies` WHERE `attribute_name` = 'manufacturer' | (no parameters)</li>
<li>Executing: ROLLBACK | (no parameters)</li>
</ol>
</div>
<div style="clear:both;margin-bottom:2px;border:red dotted thin;" class="error_message" style="border-bottom:dotted blue thin;">
SQLSTATE[HY000]: General error: 1 no such table: wp_woocommerce_attribute_taxonomies
</div>
<p>Backtrace:</p>
<pre>#0 /internal/shared/sqlite-database-integration/wp-includes/sqlite-ast/class-wp-sqlite-driver.php(683): WP_SQLite_Driver->new_driver_exception('SQLSTATE[HY000]...', 'HY000', Object(PDOException))
#1 /internal/shared/sqlite-database-integration/wp-includes/sqlite/class-wp-sqlite-db.php(491): WP_SQLite_Driver->query('SELECT * FROM w...')
#2 /internal/shared/sqlite-database-integration/wp-includes/sqlite/class-wp-sqlite-db.php(432): WP_SQLite_DB->_do_query('SELECT * FROM w...')
#3 /wordpress/wp-includes/class-wpdb.php(3065): WP_SQLite_DB->query('SELECT * FROM w...')
#4 /wordpress/wp-content/plugins/woocommerce-pricefiles/includes/pricefiles.php(475): wpdb->get_row('SELECT * FROM w...')
#5 /wordpress/wp-content/plugins/woocommerce-pricefiles/includes/pricefiles.php(433): WC_Pricefiles->woocomemrce_pricefiles_add_manufacturer_attribute()
#6 /wordpress/wp-content/plugins/woocommerce-pricefiles/includes/pricefiles.php(346): WC_Pricefiles->single_activate()
#7 /wordpress/wp-includes/class-wp-hook.php(324): WC_Pricefiles->activate(false)
#8 /wordpress/wp-includes/class-wp-hook.php(348): WP_Hook->apply_filters('', Array)
#9 /wordpress/wp-includes/plugin.php(517): WP_Hook->do_action(Array)
#10 /wordpress/wp-admin/includes/plugin.php(703): do_action('activate_woocom...', false)
#11 /internal/eval.php(20): activate_plugin('woocommerce-pri...')
#12 {main}</pre>
 for query SELECT * FROM wp_woocommerce_attribute_taxonomies WHERE attribute_name = "manufacturer" made by activate_plugin, do_action('activate_woocommerce-pricefiles/pricefiles.php'), WP_Hook->do_action, WP_Hook->apply_filters, WC_Pricefiles->activate, WC_Pricefiles->single_activate, WC_Pricefiles->woocomemrce_pricefiles_add_manufacturer_attribute, WP_SQLite_DB->query, WP_SQLite_DB->print_error
[18-Jun-2025 22:51:41 UTC] WordPress database error <div style="clear:both">&nbsp;</div>
<div class="queries" style="clear:both;margin-bottom:2px;border:red dotted thin;">
<p>MySQL query:</p>
<p>INSERT INTO `wp_woocommerce_attribute_taxonomies` (`attribute_label`, `attribute_name`, `attribute_type`, `attribute_orderby`) VALUES ('Manufacturer', 'manufacturer', 'select', 'name')</p>
<p>Queries made or created this session were:</p>
<ol>
<li>Executing: BEGIN IMMEDIATE | (no parameters)</li>
<li>Executing: SELECT 1 FROM sqlite_temp_schema WHERE type = 'table' AND name = ? | parameters: wp_woocommerce_attribute_taxonomies</li>
<li>Executing: 
				SELECT column_name, is_nullable, column_default, data_type, extra
				FROM `_wp_sqlite_mysql_information_schema_columns`
				WHERE table_schema = ?
				AND table_name = ?
				ORDER BY ordinal_position
			 | parameters: database_name_here, wp_woocommerce_attribute_taxonomies</li>
<li>Executing: INSERT INTO `wp_woocommerce_attribute_taxonomies` () SELECT  FROM (VALUES ( 'Manufacturer' , 'manufacturer' , 'select' , 'name' )) WHERE true | (no parameters)</li>
<li>Executing: ROLLBACK | (no parameters)</li>
</ol>
</div>
<div style="clear:both;margin-bottom:2px;border:red dotted thin;" class="error_message" style="border-bottom:dotted blue thin;">
SQLSTATE[HY000]: General error: 1 near ")": syntax error
</div>
<p>Backtrace:</p>
<pre>#0 /internal/shared/sqlite-database-integration/wp-includes/sqlite-ast/class-wp-sqlite-driver.php(683): WP_SQLite_Driver->new_driver_exception('SQLSTATE[HY000]...', 'HY000', Object(PDOException))
#1 /internal/shared/sqlite-database-integration/wp-includes/sqlite/class-wp-sqlite-db.php(491): WP_SQLite_Driver->query('INSERT INTO `wp...')
#2 /internal/shared/sqlite-database-integration/wp-includes/sqlite/class-wp-sqlite-db.php(432): WP_SQLite_DB->_do_query('INSERT INTO `wp...')
#3 /wordpress/wp-includes/class-wpdb.php(2614): WP_SQLite_DB->query('INSERT INTO `wp...')
#4 /wordpress/wp-includes/class-wpdb.php(2503): wpdb->_insert_replace_helper('wp_woocommerce_...', Array, NULL, 'INSERT')
#5 /wordpress/wp-content/plugins/woocommerce-pricefiles/includes/pricefiles.php(486): wpdb->insert('wp_woocommerce_...', Array)
#6 /wordpress/wp-content/plugins/woocommerce-pricefiles/includes/pricefiles.php(433): WC_Pricefiles->woocomemrce_pricefiles_add_manufacturer_attribute()
#7 /wordpress/wp-content/plugins/woocommerce-pricefiles/includes/pricefiles.php(346): WC_Pricefiles->single_activate()
#8 /wordpress/wp-includes/class-wp-hook.php(324): WC_Pricefiles->activate(false)
#9 /wordpress/wp-includes/class-wp-hook.php(348): WP_Hook->apply_filters('', Array)
#10 /wordpress/wp-includes/plugin.php(517): WP_Hook->do_action(Array)
#11 /wordpress/wp-admin/includes/plugin.php(703): do_action('activate_woocom...', false)
#12 /internal/eval.php(20): activate_plugin('woocommerce-pri...')
#13 {main}</pre>
 for query INSERT INTO `wp_woocommerce_attribute_taxonomies` (`attribute_label`, `attribute_name`, `attribute_type`, `attribute_orderby`) VALUES ('Manufacturer', 'manufacturer', 'select', 'name') made by activate_plugin, do_action('activate_woocommerce-pricefiles/pricefiles.php'), WP_Hook->do_action, WP_Hook->apply_filters, WC_Pricefiles->activate, WC_Pricefiles->single_activate, WC_Pricefiles->woocomemrce_pricefiles_add_manufacturer_attribute, WP_SQLite_DB->query, WP_SQLite_DB->print_error
[18-Jun-2025 22:51:50 UTC] WordPress database error <div style="clear:both">&nbsp;</div>
<div class="queries" style="clear:both;margin-bottom:2px;border:red dotted thin;">
<p>MySQL query:</p>
<p>SELECT * FROM wp_woocommerce_attribute_taxonomies WHERE attribute_name = "manufacturer"</p>
<p>Queries made or created this session were:</p>
<ol>
<li>Executing: BEGIN IMMEDIATE | (no parameters)</li>
<li>Executing: SELECT * FROM `wp_woocommerce_attribute_taxonomies` WHERE `attribute_name` = 'manufacturer' | (no parameters)</li>
<li>Executing: ROLLBACK | (no parameters)</li>
</ol>
</div>
<div style="clear:both;margin-bottom:2px;border:red dotted thin;" class="error_message" style="border-bottom:dotted blue thin;">
SQLSTATE[HY000]: General error: 1 no such table: wp_woocommerce_attribute_taxonomies
</div>
<p>Backtrace:</p>
<pre>#0 /internal/shared/sqlite-database-integration/wp-includes/sqlite-ast/class-wp-sqlite-driver.php(683): WP_SQLite_Driver->new_driver_exception('SQLSTATE[HY000]...', 'HY000', Object(PDOException))
#1 /internal/shared/sqlite-database-integration/wp-includes/sqlite/class-wp-sqlite-db.php(491): WP_SQLite_Driver->query('SELECT * FROM w...')
#2 /internal/shared/sqlite-database-integration/wp-includes/sqlite/class-wp-sqlite-db.php(432): WP_SQLite_DB->_do_query('SELECT * FROM w...')
#3 /wordpress/wp-includes/class-wpdb.php(3065): WP_SQLite_DB->query('SELECT * FROM w...')
#4 /wordpress/wp-content/plugins/woocommerce-pricefiles/includes/pricefiles.php(475): wpdb->get_row('SELECT * FROM w...')
#5 /wordpress/wp-content/plugins/woocommerce-pricefiles/includes/pricefiles.php(433): WC_Pricefiles->woocomemrce_pricefiles_add_manufacturer_attribute()
#6 /wordpress/wp-content/plugins/woocommerce-pricefiles/includes/pricefiles.php(346): WC_Pricefiles->single_activate()
#7 /wordpress/wp-includes/class-wp-hook.php(324): WC_Pricefiles->activate(false)
#8 /wordpress/wp-includes/class-wp-hook.php(348): WP_Hook->apply_filters('', Array)
#9 /wordpress/wp-includes/plugin.php(517): WP_Hook->do_action(Array)
#10 /wordpress/wp-admin/includes/plugin.php(703): do_action('activate_woocom...', false)
#11 /internal/eval.php(20): activate_plugin('woocommerce-pri...')
#12 {main}</pre>
 for query SELECT * FROM wp_woocommerce_attribute_taxonomies WHERE attribute_name = "manufacturer" made by activate_plugin, do_action('activate_woocommerce-pricefiles/pricefiles.php'), WP_Hook->do_action, WP_Hook->apply_filters, WC_Pricefiles->activate, WC_Pricefiles->single_activate, WC_Pricefiles->woocomemrce_pricefiles_add_manufacturer_attribute, WP_SQLite_DB->query, WP_SQLite_DB->print_error
[18-Jun-2025 22:51:50 UTC] WordPress database error <div style="clear:both">&nbsp;</div>
<div class="queries" style="clear:both;margin-bottom:2px;border:red dotted thin;">
<p>MySQL query:</p>
<p>INSERT INTO `wp_woocommerce_attribute_taxonomies` (`attribute_label`, `attribute_name`, `attribute_type`, `attribute_orderby`) VALUES ('Manufacturer', 'manufacturer', 'select', 'name')</p>
<p>Queries made or created this session were:</p>
<ol>
<li>Executing: BEGIN IMMEDIATE | (no parameters)</li>
<li>Executing: SELECT 1 FROM sqlite_temp_schema WHERE type = 'table' AND name = ? | parameters: wp_woocommerce_attribute_taxonomies</li>
<li>Executing: 
				SELECT column_name, is_nullable, column_default, data_type, extra
				FROM `_wp_sqlite_mysql_information_schema_columns`
				WHERE table_schema = ?
				AND table_name = ?
				ORDER BY ordinal_position
			 | parameters: database_name_here, wp_woocommerce_attribute_taxonomies</li>
<li>Executing: INSERT INTO `wp_woocommerce_attribute_taxonomies` () SELECT  FROM (VALUES ( 'Manufacturer' , 'manufacturer' , 'select' , 'name' )) WHERE true | (no parameters)</li>
<li>Executing: ROLLBACK | (no parameters)</li>
</ol>
</div>
<div style="clear:both;margin-bottom:2px;border:red dotted thin;" class="error_message" style="border-bottom:dotted blue thin;">
SQLSTATE[HY000]: General error: 1 near ")": syntax error
</div>
<p>Backtrace:</p>
<pre>#0 /internal/shared/sqlite-database-integration/wp-includes/sqlite-ast/class-wp-sqlite-driver.php(683): WP_SQLite_Driver->new_driver_exception('SQLSTATE[HY000]...', 'HY000', Object(PDOException))
#1 /internal/shared/sqlite-database-integration/wp-includes/sqlite/class-wp-sqlite-db.php(491): WP_SQLite_Driver->query('INSERT INTO `wp...')
#2 /internal/shared/sqlite-database-integration/wp-includes/sqlite/class-wp-sqlite-db.php(432): WP_SQLite_DB->_do_query('INSERT INTO `wp...')
#3 /wordpress/wp-includes/class-wpdb.php(2614): WP_SQLite_DB->query('INSERT INTO `wp...')
#4 /wordpress/wp-includes/class-wpdb.php(2503): wpdb->_insert_replace_helper('wp_woocommerce_...', Array, NULL, 'INSERT')
#5 /wordpress/wp-content/plugins/woocommerce-pricefiles/includes/pricefiles.php(486): wpdb->insert('wp_woocommerce_...', Array)
#6 /wordpress/wp-content/plugins/woocommerce-pricefiles/includes/pricefiles.php(433): WC_Pricefiles->woocomemrce_pricefiles_add_manufacturer_attribute()
#7 /wordpress/wp-content/plugins/woocommerce-pricefiles/includes/pricefiles.php(346): WC_Pricefiles->single_activate()
#8 /wordpress/wp-includes/class-wp-hook.php(324): WC_Pricefiles->activate(false)
#9 /wordpress/wp-includes/class-wp-hook.php(348): WP_Hook->apply_filters('', Array)
#10 /wordpress/wp-includes/plugin.php(517): WP_Hook->do_action(Array)
#11 /wordpress/wp-admin/includes/plugin.php(703): do_action('activate_woocom...', false)
#12 /internal/eval.php(20): activate_plugin('woocommerce-pri...')
#13 {main}</pre>
 for query INSERT INTO `wp_woocommerce_attribute_taxonomies` (`attribute_label`, `attribute_name`, `attribute_type`, `attribute_orderby`) VALUES ('Manufacturer', 'manufacturer', 'select', 'name') made by activate_plugin, do_action('activate_woocommerce-pricefiles/pricefiles.php'), WP_Hook->do_action, WP_Hook->apply_filters, WC_Pricefiles->activate, WC_Pricefiles->single_activate, WC_Pricefiles->woocomemrce_pricefiles_add_manufacturer_attribute, WP_SQLite_DB->query, WP_SQLite_DB->print_error
[18-Jun-2025 22:52:29 UTC] PHP Deprecated:  iconv_set_encoding(): Use of iconv.internal_encoding is deprecated in /wordpress/wp-content/plugins/wopzen2/vendor/ZF2/library/Zend/Validator/Hostname.php on line 490
[18-Jun-2025 22:52:29 UTC] PHP Deprecated:  iconv_set_encoding(): Use of iconv.internal_encoding is deprecated in /wordpress/wp-content/plugins/wopzen2/vendor/ZF2/library/Zend/Validator/Hostname.php on line 586
[18-Jun-2025 22:52:29 UTC] PHP Fatal error:  Uncaught Zend\Uri\Exception\InvalidUriPartException: Host "example.com:443" is not valid or is not accepted by Zend\Uri\Http in /wordpress/wp-content/plugins/wopzen2/vendor/ZF2/library/Zend/Uri/Uri.php:729
Stack trace:
#0 /wordpress/wp-content/plugins/wopzen2/vendor/ZF2/library/Zend/Http/PhpEnvironment/Request.php(285): Zend\Uri\Uri->setHost('example.com:443')
#1 /wordpress/wp-content/plugins/wopzen2/vendor/ZF2/library/Zend/Http/PhpEnvironment/Request.php(85): Zend\Http\PhpEnvironment\Request->setServer(Object(Zend\Stdlib\Parameters))
#2 /wordpress/wp-content/plugins/wopzen2/vendor/ZF2/library/Zend/Mvc/Application.php(126): Zend\Http\PhpEnvironment\Request->__construct()
#3 /wordpress/wp-content/plugins/wopzen2/vendor/ZF2/library/Zend/Mvc/Service/ApplicationFactory.php(35): Zend\Mvc\Application->__construct(Array, Object(Zend\ServiceManager\ServiceManager))
#4 [internal function]: Zend\Mvc\Service\ApplicationFactory->createService(Object(Zend\ServiceManager\ServiceManager), 'application', 'Application')
#5 /wordpress/wp-content/plugins/wopzen2/vendor/ZF2/library/Zend/ServiceManager/ServiceManager.php(726): call_user_func(Array, Object(Zend\ServiceManager\ServiceManager), 'application', 'Application')
#6 /wordpress/wp-content/plugins/wopzen2/vendor/ZF2/library/Zend/ServiceManager/ServiceManager.php(841): Zend\ServiceManager\ServiceManager->createServiceViaCallback(Array, 'application', 'Application')
#7 /wordpress/wp-content/plugins/wopzen2/vendor/ZF2/library/Zend/ServiceManager/ServiceManager.php(487): Zend\ServiceManager\ServiceManager->createFromFactory('application', 'Application')
#8 /wordpress/wp-content/plugins/wopzen2/vendor/ZF2/library/Zend/ServiceManager/ServiceManager.php(442): Zend\ServiceManager\ServiceManager->create(Array)
#9 /wordpress/wp-content/plugins/wopzen2/wpzf2.php(66): Zend\ServiceManager\ServiceManager->get('Application')
#10 /wordpress/wp-admin/includes/plugin.php(2387): include_once('/wordpress/wp-c...')
#11 /wordpress/wp-admin/includes/plugin.php(673): plugin_sandbox_scrape('wopzen2/wpzf2.p...')
#12 /internal/eval.php(20): activate_plugin('wopzen2/wpzf2.p...')
#13 {main}

Next Zend\ServiceManager\Exception\ServiceNotCreatedException: An exception was raised while creating "Application"; no instance returned in /wordpress/wp-content/plugins/wopzen2/vendor/ZF2/library/Zend/ServiceManager/ServiceManager.php:733
Stack trace:
#0 /wordpress/wp-content/plugins/wopzen2/vendor/ZF2/library/Zend/ServiceManager/ServiceManager.php(841): Zend\ServiceManager\ServiceManager->createServiceViaCallback(Array, 'application', 'Application')
#1 /wordpress/wp-content/plugins/wopzen2/vendor/ZF2/library/Zend/ServiceManager/ServiceManager.php(487): Zend\ServiceManager\ServiceManager->createFromFactory('application', 'Application')
#2 /wordpress/wp-content/plugins/wopzen2/vendor/ZF2/library/Zend/ServiceManager/ServiceManager.php(442): Zend\ServiceManager\ServiceManager->create(Array)
#3 /wordpress/wp-content/plugins/wopzen2/wpzf2.php(66): Zend\ServiceManager\ServiceManager->get('Application')
#4 /wordpress/wp-admin/includes/plugin.php(2387): include_once('/wordpress/wp-c...')
#5 /wordpress/wp-admin/includes/plugin.php(673): plugin_sandbox_scrape('wopzen2/wpzf2.p...')
#6 /internal/eval.php(20): activate_plugin('wopzen2/wpzf2.p...')
#7 {main}
  thrown in /wordpress/wp-content/plugins/wopzen2/vendor/ZF2/library/Zend/ServiceManager/ServiceManager.php on line 733
[18-Jun-2025 22:52:42 UTC] PHP Deprecated:  iconv_set_encoding(): Use of iconv.internal_encoding is deprecated in /wordpress/wp-content/plugins/wopzen2/vendor/ZF2/library/Zend/Validator/Hostname.php on line 490
[18-Jun-2025 22:52:42 UTC] PHP Deprecated:  iconv_set_encoding(): Use of iconv.internal_encoding is deprecated in /wordpress/wp-content/plugins/wopzen2/vendor/ZF2/library/Zend/Validator/Hostname.php on line 586
[18-Jun-2025 22:52:42 UTC] PHP Fatal error:  Uncaught Zend\Uri\Exception\InvalidUriPartException: Host "example.com:443" is not valid or is not accepted by Zend\Uri\Http in /wordpress/wp-content/plugins/wopzen2/vendor/ZF2/library/Zend/Uri/Uri.php:729
Stack trace:
#0 /wordpress/wp-content/plugins/wopzen2/vendor/ZF2/library/Zend/Http/PhpEnvironment/Request.php(285): Zend\Uri\Uri->setHost('example.com:443')
#1 /wordpress/wp-content/plugins/wopzen2/vendor/ZF2/library/Zend/Http/PhpEnvironment/Request.php(85): Zend\Http\PhpEnvironment\Request->setServer(Object(Zend\Stdlib\Parameters))
#2 /wordpress/wp-content/plugins/wopzen2/vendor/ZF2/library/Zend/Mvc/Application.php(126): Zend\Http\PhpEnvironment\Request->__construct()
#3 /wordpress/wp-content/plugins/wopzen2/vendor/ZF2/library/Zend/Mvc/Service/ApplicationFactory.php(35): Zend\Mvc\Application->__construct(Array, Object(Zend\ServiceManager\ServiceManager))
#4 [internal function]: Zend\Mvc\Service\ApplicationFactory->createService(Object(Zend\ServiceManager\ServiceManager), 'application', 'Application')
#5 /wordpress/wp-content/plugins/wopzen2/vendor/ZF2/library/Zend/ServiceManager/ServiceManager.php(726): call_user_func(Array, Object(Zend\ServiceManager\ServiceManager), 'application', 'Application')
#6 /wordpress/wp-content/plugins/wopzen2/vendor/ZF2/library/Zend/ServiceManager/ServiceManager.php(841): Zend\ServiceManager\ServiceManager->createServiceViaCallback(Array, 'application', 'Application')
#7 /wordpress/wp-content/plugins/wopzen2/vendor/ZF2/library/Zend/ServiceManager/ServiceManager.php(487): Zend\ServiceManager\ServiceManager->createFromFactory('application', 'Application')
#8 /wordpress/wp-content/plugins/wopzen2/vendor/ZF2/library/Zend/ServiceManager/ServiceManager.php(442): Zend\ServiceManager\ServiceManager->create(Array)
#9 /wordpress/wp-content/plugins/wopzen2/wpzf2.php(66): Zend\ServiceManager\ServiceManager->get('Application')
#10 /wordpress/wp-admin/includes/plugin.php(2387): include_once('/wordpress/wp-c...')
#11 /wordpress/wp-admin/includes/plugin.php(673): plugin_sandbox_scrape('wopzen2/wpzf2.p...')
#12 /internal/eval.php(20): activate_plugin('wopzen2/wpzf2.p...')
#13 {main}

Next Zend\ServiceManager\Exception\ServiceNotCreatedException: An exception was raised while creating "Application"; no instance returned in /wordpress/wp-content/plugins/wopzen2/vendor/ZF2/library/Zend/ServiceManager/ServiceManager.php:733
Stack trace:
#0 /wordpress/wp-content/plugins/wopzen2/vendor/ZF2/library/Zend/ServiceManager/ServiceManager.php(841): Zend\ServiceManager\ServiceManager->createServiceViaCallback(Array, 'application', 'Application')
#1 /wordpress/wp-content/plugins/wopzen2/vendor/ZF2/library/Zend/ServiceManager/ServiceManager.php(487): Zend\ServiceManager\ServiceManager->createFromFactory('application', 'Application')
#2 /wordpress/wp-content/plugins/wopzen2/vendor/ZF2/library/Zend/ServiceManager/ServiceManager.php(442): Zend\ServiceManager\ServiceManager->create(Array)
#3 /wordpress/wp-content/plugins/wopzen2/wpzf2.php(66): Zend\ServiceManager\ServiceManager->get('Application')
#4 /wordpress/wp-admin/includes/plugin.php(2387): include_once('/wordpress/wp-c...')
#5 /wordpress/wp-admin/includes/plugin.php(673): plugin_sandbox_scrape('wopzen2/wpzf2.p...')
#6 /internal/eval.php(20): activate_plugin('wopzen2/wpzf2.p...')
#7 {main}
  thrown in /wordpress/wp-content/plugins/wopzen2/vendor/ZF2/library/Zend/ServiceManager/ServiceManager.php on line 733
[18-Jun-2025 22:52:54 UTC] PHP Deprecated:  iconv_set_encoding(): Use of iconv.internal_encoding is deprecated in /wordpress/wp-content/plugins/wopzen2/vendor/ZF2/library/Zend/Validator/Hostname.php on line 490
[18-Jun-2025 22:52:54 UTC] PHP Deprecated:  iconv_set_encoding(): Use of iconv.internal_encoding is deprecated in /wordpress/wp-content/plugins/wopzen2/vendor/ZF2/library/Zend/Validator/Hostname.php on line 586
[18-Jun-2025 22:52:54 UTC] PHP Fatal error:  Uncaught Zend\Uri\Exception\InvalidUriPartException: Host "example.com:443" is not valid or is not accepted by Zend\Uri\Http in /wordpress/wp-content/plugins/wopzen2/vendor/ZF2/library/Zend/Uri/Uri.php:729
Stack trace:
#0 /wordpress/wp-content/plugins/wopzen2/vendor/ZF2/library/Zend/Http/PhpEnvironment/Request.php(285): Zend\Uri\Uri->setHost('example.com:443')
#1 /wordpress/wp-content/plugins/wopzen2/vendor/ZF2/library/Zend/Http/PhpEnvironment/Request.php(85): Zend\Http\PhpEnvironment\Request->setServer(Object(Zend\Stdlib\Parameters))
#2 /wordpress/wp-content/plugins/wopzen2/vendor/ZF2/library/Zend/Mvc/Application.php(126): Zend\Http\PhpEnvironment\Request->__construct()
#3 /wordpress/wp-content/plugins/wopzen2/vendor/ZF2/library/Zend/Mvc/Service/ApplicationFactory.php(35): Zend\Mvc\Application->__construct(Array, Object(Zend\ServiceManager\ServiceManager))
#4 [internal function]: Zend\Mvc\Service\ApplicationFactory->createService(Object(Zend\ServiceManager\ServiceManager), 'application', 'Application')
#5 /wordpress/wp-content/plugins/wopzen2/vendor/ZF2/library/Zend/ServiceManager/ServiceManager.php(726): call_user_func(Array, Object(Zend\ServiceManager\ServiceManager), 'application', 'Application')
#6 /wordpress/wp-content/plugins/wopzen2/vendor/ZF2/library/Zend/ServiceManager/ServiceManager.php(841): Zend\ServiceManager\ServiceManager->createServiceViaCallback(Array, 'application', 'Application')
#7 /wordpress/wp-content/plugins/wopzen2/vendor/ZF2/library/Zend/ServiceManager/ServiceManager.php(487): Zend\ServiceManager\ServiceManager->createFromFactory('application', 'Application')
#8 /wordpress/wp-content/plugins/wopzen2/vendor/ZF2/library/Zend/ServiceManager/ServiceManager.php(442): Zend\ServiceManager\ServiceManager->create(Array)
#9 /wordpress/wp-content/plugins/wopzen2/wpzf2.php(66): Zend\ServiceManager\ServiceManager->get('Application')
#10 /wordpress/wp-admin/includes/plugin.php(2387): include_once('/wordpress/wp-c...')
#11 /wordpress/wp-admin/includes/plugin.php(673): plugin_sandbox_scrape('wopzen2/wpzf2.p...')
#12 /internal/eval.php(20): activate_plugin('wopzen2/wpzf2.p...')
#13 {main}

Next Zend\ServiceManager\Exception\ServiceNotCreatedException: An exception was raised while creating "Application"; no instance returned in /wordpress/wp-content/plugins/wopzen2/vendor/ZF2/library/Zend/ServiceManager/ServiceManager.php:733
Stack trace:
#0 /wordpress/wp-content/plugins/wopzen2/vendor/ZF2/library/Zend/ServiceManager/ServiceManager.php(841): Zend\ServiceManager\ServiceManager->createServiceViaCallback(Array, 'application', 'Application')
#1 /wordpress/wp-content/plugins/wopzen2/vendor/ZF2/library/Zend/ServiceManager/ServiceManager.php(487): Zend\ServiceManager\ServiceManager->createFromFactory('application', 'Application')
#2 /wordpress/wp-content/plugins/wopzen2/vendor/ZF2/library/Zend/ServiceManager/ServiceManager.php(442): Zend\ServiceManager\ServiceManager->create(Array)
#3 /wordpress/wp-content/plugins/wopzen2/wpzf2.php(66): Zend\ServiceManager\ServiceManager->get('Application')
#4 /wordpress/wp-admin/includes/plugin.php(2387): include_once('/wordpress/wp-c...')
#5 /wordpress/wp-admin/includes/plugin.php(673): plugin_sandbox_scrape('wopzen2/wpzf2.p...')
#6 /internal/eval.php(20): activate_plugin('wopzen2/wpzf2.p...')
#7 {main}
  thrown in /wordpress/wp-content/plugins/wopzen2/vendor/ZF2/library/Zend/ServiceManager/ServiceManager.php on line 733
[18-Jun-2025 22:53:02 UTC] PHP Warning:  Undefined array key "DATAS" in /wordpress/wp-content/plugins/wordpress-easy-allopass/wp-easy-allopass.php on line 67
[18-Jun-2025 22:53:02 UTC] WordPress database error <div style="clear:both">&nbsp;</div>
<div class="queries" style="clear:both;margin-bottom:2px;border:red dotted thin;">
<p>MySQL query:</p>
<p>SELECT id_prod FROM wp_weallopass_prod LIMIT 1;</p>
<p>Queries made or created this session were:</p>
<ol>
<li>Executing: BEGIN IMMEDIATE | (no parameters)</li>
<li>Executing: SELECT `id_prod` FROM `wp_weallopass_prod` LIMIT 1 | (no parameters)</li>
<li>Executing: ROLLBACK | (no parameters)</li>
</ol>
</div>
<div style="clear:both;margin-bottom:2px;border:red dotted thin;" class="error_message" style="border-bottom:dotted blue thin;">
SQLSTATE[HY000]: General error: 1 no such table: wp_weallopass_prod
</div>
<p>Backtrace:</p>
<pre>#0 /internal/shared/sqlite-database-integration/wp-includes/sqlite-ast/class-wp-sqlite-driver.php(683): WP_SQLite_Driver->new_driver_exception('SQLSTATE[HY000]...', 'HY000', Object(PDOException))
#1 /internal/shared/sqlite-database-integration/wp-includes/sqlite/class-wp-sqlite-db.php(491): WP_SQLite_Driver->query('SELECT id_prod ...')
#2 /internal/shared/sqlite-database-integration/wp-includes/sqlite/class-wp-sqlite-db.php(432): WP_SQLite_DB->_do_query('SELECT id_prod ...')
#3 /wordpress/wp-includes/class-wpdb.php(3031): WP_SQLite_DB->query('SELECT id_prod ...')
#4 /wordpress/wp-content/plugins/wordpress-easy-allopass/wp-easy-allopass.php(112): wpdb->get_var('SELECT id_prod ...')
#5 /wordpress/wp-includes/class-wp-hook.php(324): WEA_init(false)
#6 /wordpress/wp-includes/class-wp-hook.php(348): WP_Hook->apply_filters('', Array)
#7 /wordpress/wp-includes/plugin.php(517): WP_Hook->do_action(Array)
#8 /wordpress/wp-admin/includes/plugin.php(703): do_action('activate_wordpr...', false)
#9 /internal/eval.php(20): activate_plugin('wordpress-easy-...')
#10 {main}</pre>
 for query SELECT id_prod FROM wp_weallopass_prod LIMIT 1; made by activate_plugin, do_action('activate_wordpress-easy-allopass/wp-easy-allopass.php'), WP_Hook->do_action, WP_Hook->apply_filters, WEA_init, WP_SQLite_DB->query, WP_SQLite_DB->print_error
[18-Jun-2025 22:53:03 UTC] PHP Warning:  Undefined array key "DATAS" in /wordpress/wp-content/plugins/wordpress-easy-allopass/wp-easy-allopass.php on line 67
[18-Jun-2025 22:53:11 UTC] PHP Warning:  Undefined array key "DATAS" in /wordpress/wp-content/plugins/wordpress-easy-allopass/wp-easy-allopass.php on line 67
[18-Jun-2025 22:53:11 UTC] WordPress database error <div style="clear:both">&nbsp;</div>
<div class="queries" style="clear:both;margin-bottom:2px;border:red dotted thin;">
<p>MySQL query:</p>
<p>SELECT id_prod FROM wp_weallopass_prod LIMIT 1;</p>
<p>Queries made or created this session were:</p>
<ol>
<li>Executing: BEGIN IMMEDIATE | (no parameters)</li>
<li>Executing: SELECT `id_prod` FROM `wp_weallopass_prod` LIMIT 1 | (no parameters)</li>
<li>Executing: ROLLBACK | (no parameters)</li>
</ol>
</div>
<div style="clear:both;margin-bottom:2px;border:red dotted thin;" class="error_message" style="border-bottom:dotted blue thin;">
SQLSTATE[HY000]: General error: 1 no such table: wp_weallopass_prod
</div>
<p>Backtrace:</p>
<pre>#0 /internal/shared/sqlite-database-integration/wp-includes/sqlite-ast/class-wp-sqlite-driver.php(683): WP_SQLite_Driver->new_driver_exception('SQLSTATE[HY000]...', 'HY000', Object(PDOException))
#1 /internal/shared/sqlite-database-integration/wp-includes/sqlite/class-wp-sqlite-db.php(491): WP_SQLite_Driver->query('SELECT id_prod ...')
#2 /internal/shared/sqlite-database-integration/wp-includes/sqlite/class-wp-sqlite-db.php(432): WP_SQLite_DB->_do_query('SELECT id_prod ...')
#3 /wordpress/wp-includes/class-wpdb.php(3031): WP_SQLite_DB->query('SELECT id_prod ...')
#4 /wordpress/wp-content/plugins/wordpress-easy-allopass/wp-easy-allopass.php(112): wpdb->get_var('SELECT id_prod ...')
#5 /wordpress/wp-includes/class-wp-hook.php(324): WEA_init(false)
#6 /wordpress/wp-includes/class-wp-hook.php(348): WP_Hook->apply_filters('', Array)
#7 /wordpress/wp-includes/plugin.php(517): WP_Hook->do_action(Array)
#8 /wordpress/wp-admin/includes/plugin.php(703): do_action('activate_wordpr...', false)
#9 /internal/eval.php(20): activate_plugin('wordpress-easy-...')
#10 {main}</pre>
 for query SELECT id_prod FROM wp_weallopass_prod LIMIT 1; made by activate_plugin, do_action('activate_wordpress-easy-allopass/wp-easy-allopass.php'), WP_Hook->do_action, WP_Hook->apply_filters, WEA_init, WP_SQLite_DB->query, WP_SQLite_DB->print_error
[18-Jun-2025 22:53:12 UTC] PHP Warning:  Undefined array key "DATAS" in /wordpress/wp-content/plugins/wordpress-easy-allopass/wp-easy-allopass.php on line 67
[18-Jun-2025 22:53:19 UTC] PHP Warning:  Undefined array key "DATAS" in /wordpress/wp-content/plugins/wordpress-easy-allopass/wp-easy-allopass.php on line 67
[18-Jun-2025 22:53:19 UTC] WordPress database error <div style="clear:both">&nbsp;</div>
<div class="queries" style="clear:both;margin-bottom:2px;border:red dotted thin;">
<p>MySQL query:</p>
<p>SELECT id_prod FROM wp_weallopass_prod LIMIT 1;</p>
<p>Queries made or created this session were:</p>
<ol>
<li>Executing: BEGIN IMMEDIATE | (no parameters)</li>
<li>Executing: SELECT `id_prod` FROM `wp_weallopass_prod` LIMIT 1 | (no parameters)</li>
<li>Executing: ROLLBACK | (no parameters)</li>
</ol>
</div>
<div style="clear:both;margin-bottom:2px;border:red dotted thin;" class="error_message" style="border-bottom:dotted blue thin;">
SQLSTATE[HY000]: General error: 1 no such table: wp_weallopass_prod
</div>
<p>Backtrace:</p>
<pre>#0 /internal/shared/sqlite-database-integration/wp-includes/sqlite-ast/class-wp-sqlite-driver.php(683): WP_SQLite_Driver->new_driver_exception('SQLSTATE[HY000]...', 'HY000', Object(PDOException))
#1 /internal/shared/sqlite-database-integration/wp-includes/sqlite/class-wp-sqlite-db.php(491): WP_SQLite_Driver->query('SELECT id_prod ...')
#2 /internal/shared/sqlite-database-integration/wp-includes/sqlite/class-wp-sqlite-db.php(432): WP_SQLite_DB->_do_query('SELECT id_prod ...')
#3 /wordpress/wp-includes/class-wpdb.php(3031): WP_SQLite_DB->query('SELECT id_prod ...')
#4 /wordpress/wp-content/plugins/wordpress-easy-allopass/wp-easy-allopass.php(112): wpdb->get_var('SELECT id_prod ...')
#5 /wordpress/wp-includes/class-wp-hook.php(324): WEA_init(false)
#6 /wordpress/wp-includes/class-wp-hook.php(348): WP_Hook->apply_filters('', Array)
#7 /wordpress/wp-includes/plugin.php(517): WP_Hook->do_action(Array)
#8 /wordpress/wp-admin/includes/plugin.php(703): do_action('activate_wordpr...', false)
#9 /internal/eval.php(20): activate_plugin('wordpress-easy-...')
#10 {main}</pre>
 for query SELECT id_prod FROM wp_weallopass_prod LIMIT 1; made by activate_plugin, do_action('activate_wordpress-easy-allopass/wp-easy-allopass.php'), WP_Hook->do_action, WP_Hook->apply_filters, WEA_init, WP_SQLite_DB->query, WP_SQLite_DB->print_error
[18-Jun-2025 22:53:21 UTC] PHP Warning:  Undefined array key "DATAS" in /wordpress/wp-content/plugins/wordpress-easy-allopass/wp-easy-allopass.php on line 67
[18-Jun-2025 22:53:29 UTC] PHP Fatal error:  Uncaught Error: Undefined constant "WPTEXTMSGFOLDER" in /wordpress/wp-content/plugins/wordpress-text-message/sms-text-message.php:41
Stack trace:
#0 /wordpress/wp-admin/includes/plugin.php(2387): include_once()
#1 /wordpress/wp-admin/includes/plugin.php(673): plugin_sandbox_scrape('wordpress-text-...')
#2 /internal/eval.php(20): activate_plugin('wordpress-text-...')
#3 {main}
  thrown in /wordpress/wp-content/plugins/wordpress-text-message/sms-text-message.php on line 41
[18-Jun-2025 22:53:38 UTC] PHP Fatal error:  Uncaught Error: Undefined constant "WPTEXTMSGFOLDER" in /wordpress/wp-content/plugins/wordpress-text-message/sms-text-message.php:41
Stack trace:
#0 /wordpress/wp-admin/includes/plugin.php(2387): include_once()
#1 /wordpress/wp-admin/includes/plugin.php(673): plugin_sandbox_scrape('wordpress-text-...')
#2 /internal/eval.php(20): activate_plugin('wordpress-text-...')
#3 {main}
  thrown in /wordpress/wp-content/plugins/wordpress-text-message/sms-text-message.php on line 41
[18-Jun-2025 22:53:47 UTC] PHP Fatal error:  Uncaught Error: Undefined constant "WPTEXTMSGFOLDER" in /wordpress/wp-content/plugins/wordpress-text-message/sms-text-message.php:41
Stack trace:
#0 /wordpress/wp-admin/includes/plugin.php(2387): include_once()
#1 /wordpress/wp-admin/includes/plugin.php(673): plugin_sandbox_scrape('wordpress-text-...')
#2 /internal/eval.php(20): activate_plugin('wordpress-text-...')
#3 {main}
  thrown in /wordpress/wp-content/plugins/wordpress-text-message/sms-text-message.php on line 41
[18-Jun-2025 22:54:26 UTC] PHP Warning:  Trying to access array offset on value of type bool in /wordpress/wp-content/plugins/wp-advertize-it/classes/wpai-settings.php on line 113
[18-Jun-2025 22:54:26 UTC] PHP Warning:  Undefined variable $settings in /wordpress/wp-content/plugins/wp-advertize-it/classes/wpai-settings.php on line 127
[18-Jun-2025 22:54:26 UTC] PHP Warning:  Trying to access array offset on value of type bool in /wordpress/wp-content/plugins/wp-advertize-it/classes/wp-advertize-it.php on line 1084
[18-Jun-2025 22:54:26 UTC] PHP Warning:  Trying to access array offset on value of type bool in /wordpress/wp-content/plugins/wp-advertize-it/classes/wp-advertize-it.php on line 1089
[18-Jun-2025 22:54:26 UTC] PHP Warning:  Undefined array key "middle-of-page" in /wordpress/wp-content/plugins/wp-advertize-it/classes/wpai-settings.php on line 180
[18-Jun-2025 22:54:26 UTC] PHP Warning:  Undefined array key "hide-editor-button" in /wordpress/wp-content/plugins/wp-advertize-it/classes/wpai-settings.php on line 239
[18-Jun-2025 22:54:26 UTC] PHP Warning:  Undefined array key "suppress-on-posts" in /wordpress/wp-content/plugins/wp-advertize-it/classes/wpai-settings.php on line 239
[18-Jun-2025 22:54:26 UTC] PHP Warning:  Undefined array key "suppress-on-pages" in /wordpress/wp-content/plugins/wp-advertize-it/classes/wpai-settings.php on line 239
[18-Jun-2025 22:54:26 UTC] PHP Warning:  Undefined array key "suppress-on-attachment" in /wordpress/wp-content/plugins/wp-advertize-it/classes/wpai-settings.php on line 239
[18-Jun-2025 22:54:26 UTC] PHP Warning:  Undefined array key "suppress-on-category" in /wordpress/wp-content/plugins/wp-advertize-it/classes/wpai-settings.php on line 239
[18-Jun-2025 22:54:26 UTC] PHP Warning:  Undefined array key "suppress-on-tag" in /wordpress/wp-content/plugins/wp-advertize-it/classes/wpai-settings.php on line 239
[18-Jun-2025 22:54:26 UTC] PHP Warning:  Undefined array key "suppress-on-home" in /wordpress/wp-content/plugins/wp-advertize-it/classes/wpai-settings.php on line 239
[18-Jun-2025 22:54:26 UTC] PHP Warning:  Undefined array key "suppress-on-front" in /wordpress/wp-content/plugins/wp-advertize-it/classes/wpai-settings.php on line 239
[18-Jun-2025 22:54:26 UTC] PHP Warning:  Undefined array key "suppress-on-author" in /wordpress/wp-content/plugins/wp-advertize-it/classes/wpai-settings.php on line 239
[18-Jun-2025 22:54:26 UTC] PHP Warning:  Undefined array key "suppress-on-archive" in /wordpress/wp-content/plugins/wp-advertize-it/classes/wpai-settings.php on line 239
[18-Jun-2025 22:54:26 UTC] PHP Warning:  Undefined array key "suppress-on-error" in /wordpress/wp-content/plugins/wp-advertize-it/classes/wpai-settings.php on line 239
[18-Jun-2025 22:54:26 UTC] PHP Warning:  Undefined array key "suppress-on-wptouch" in /wordpress/wp-content/plugins/wp-advertize-it/classes/wpai-settings.php on line 239
[18-Jun-2025 22:54:26 UTC] PHP Warning:  Undefined array key "suppress-on-logged-in" in /wordpress/wp-content/plugins/wp-advertize-it/classes/wpai-settings.php on line 239
[18-Jun-2025 22:54:26 UTC] PHP Warning:  Undefined array key "suppress-post-id" in /wordpress/wp-content/plugins/wp-advertize-it/classes/wpai-settings.php on line 239
[18-Jun-2025 22:54:26 UTC] PHP Warning:  Undefined array key "suppress-category" in /wordpress/wp-content/plugins/wp-advertize-it/classes/wpai-settings.php on line 239
[18-Jun-2025 22:54:26 UTC] PHP Warning:  Undefined array key "suppress-tag" in /wordpress/wp-content/plugins/wp-advertize-it/classes/wpai-settings.php on line 239
[18-Jun-2025 22:54:26 UTC] PHP Warning:  Undefined array key "suppress-user" in /wordpress/wp-content/plugins/wp-advertize-it/classes/wpai-settings.php on line 239
[18-Jun-2025 22:54:26 UTC] PHP Warning:  Undefined array key "suppress-format" in /wordpress/wp-content/plugins/wp-advertize-it/classes/wpai-settings.php on line 239
[18-Jun-2025 22:54:26 UTC] PHP Warning:  Undefined array key "suppress-post-type" in /wordpress/wp-content/plugins/wp-advertize-it/classes/wpai-settings.php on line 239
[18-Jun-2025 22:54:26 UTC] PHP Warning:  Undefined array key "suppress-language" in /wordpress/wp-content/plugins/wp-advertize-it/classes/wpai-settings.php on line 239
[18-Jun-2025 22:54:26 UTC] PHP Warning:  Undefined array key "suppress-url" in /wordpress/wp-content/plugins/wp-advertize-it/classes/wpai-settings.php on line 239
[18-Jun-2025 22:54:26 UTC] PHP Warning:  Undefined array key "suppress-referrer" in /wordpress/wp-content/plugins/wp-advertize-it/classes/wpai-settings.php on line 239
[18-Jun-2025 22:54:26 UTC] PHP Warning:  Undefined array key "suppress-ipaddress" in /wordpress/wp-content/plugins/wp-advertize-it/classes/wpai-settings.php on line 239
[18-Jun-2025 22:54:26 UTC] PHP Warning:  Trying to access array offset on value of type bool in /wordpress/wp-content/plugins/wp-advertize-it/classes/wp-advertize-it.php on line 1089
[18-Jun-2025 22:54:37 UTC] PHP Warning:  Trying to access array offset on value of type bool in /wordpress/wp-content/plugins/wp-advertize-it/classes/wpai-settings.php on line 113
[18-Jun-2025 22:54:37 UTC] PHP Warning:  Undefined variable $settings in /wordpress/wp-content/plugins/wp-advertize-it/classes/wpai-settings.php on line 127
[18-Jun-2025 22:54:37 UTC] PHP Warning:  Trying to access array offset on value of type bool in /wordpress/wp-content/plugins/wp-advertize-it/classes/wp-advertize-it.php on line 1084
[18-Jun-2025 22:54:37 UTC] PHP Warning:  Trying to access array offset on value of type bool in /wordpress/wp-content/plugins/wp-advertize-it/classes/wp-advertize-it.php on line 1089
[18-Jun-2025 22:54:37 UTC] PHP Warning:  Undefined array key "middle-of-page" in /wordpress/wp-content/plugins/wp-advertize-it/classes/wpai-settings.php on line 180
[18-Jun-2025 22:54:37 UTC] PHP Warning:  Undefined array key "hide-editor-button" in /wordpress/wp-content/plugins/wp-advertize-it/classes/wpai-settings.php on line 239
[18-Jun-2025 22:54:37 UTC] PHP Warning:  Undefined array key "suppress-on-posts" in /wordpress/wp-content/plugins/wp-advertize-it/classes/wpai-settings.php on line 239
[18-Jun-2025 22:54:37 UTC] PHP Warning:  Undefined array key "suppress-on-pages" in /wordpress/wp-content/plugins/wp-advertize-it/classes/wpai-settings.php on line 239
[18-Jun-2025 22:54:37 UTC] PHP Warning:  Undefined array key "suppress-on-attachment" in /wordpress/wp-content/plugins/wp-advertize-it/classes/wpai-settings.php on line 239
[18-Jun-2025 22:54:37 UTC] PHP Warning:  Undefined array key "suppress-on-category" in /wordpress/wp-content/plugins/wp-advertize-it/classes/wpai-settings.php on line 239
[18-Jun-2025 22:54:37 UTC] PHP Warning:  Undefined array key "suppress-on-tag" in /wordpress/wp-content/plugins/wp-advertize-it/classes/wpai-settings.php on line 239
[18-Jun-2025 22:54:37 UTC] PHP Warning:  Undefined array key "suppress-on-home" in /wordpress/wp-content/plugins/wp-advertize-it/classes/wpai-settings.php on line 239
[18-Jun-2025 22:54:37 UTC] PHP Warning:  Undefined array key "suppress-on-front" in /wordpress/wp-content/plugins/wp-advertize-it/classes/wpai-settings.php on line 239
[18-Jun-2025 22:54:37 UTC] PHP Warning:  Undefined array key "suppress-on-author" in /wordpress/wp-content/plugins/wp-advertize-it/classes/wpai-settings.php on line 239
[18-Jun-2025 22:54:37 UTC] PHP Warning:  Undefined array key "suppress-on-archive" in /wordpress/wp-content/plugins/wp-advertize-it/classes/wpai-settings.php on line 239
[18-Jun-2025 22:54:37 UTC] PHP Warning:  Undefined array key "suppress-on-error" in /wordpress/wp-content/plugins/wp-advertize-it/classes/wpai-settings.php on line 239
[18-Jun-2025 22:54:37 UTC] PHP Warning:  Undefined array key "suppress-on-wptouch" in /wordpress/wp-content/plugins/wp-advertize-it/classes/wpai-settings.php on line 239
[18-Jun-2025 22:54:37 UTC] PHP Warning:  Undefined array key "suppress-on-logged-in" in /wordpress/wp-content/plugins/wp-advertize-it/classes/wpai-settings.php on line 239
[18-Jun-2025 22:54:37 UTC] PHP Warning:  Undefined array key "suppress-post-id" in /wordpress/wp-content/plugins/wp-advertize-it/classes/wpai-settings.php on line 239
[18-Jun-2025 22:54:37 UTC] PHP Warning:  Undefined array key "suppress-category" in /wordpress/wp-content/plugins/wp-advertize-it/classes/wpai-settings.php on line 239
[18-Jun-2025 22:54:37 UTC] PHP Warning:  Undefined array key "suppress-tag" in /wordpress/wp-content/plugins/wp-advertize-it/classes/wpai-settings.php on line 239
[18-Jun-2025 22:54:37 UTC] PHP Warning:  Undefined array key "suppress-user" in /wordpress/wp-content/plugins/wp-advertize-it/classes/wpai-settings.php on line 239
[18-Jun-2025 22:54:37 UTC] PHP Warning:  Undefined array key "suppress-format" in /wordpress/wp-content/plugins/wp-advertize-it/classes/wpai-settings.php on line 239
[18-Jun-2025 22:54:37 UTC] PHP Warning:  Undefined array key "suppress-post-type" in /wordpress/wp-content/plugins/wp-advertize-it/classes/wpai-settings.php on line 239
[18-Jun-2025 22:54:37 UTC] PHP Warning:  Undefined array key "suppress-language" in /wordpress/wp-content/plugins/wp-advertize-it/classes/wpai-settings.php on line 239
[18-Jun-2025 22:54:37 UTC] PHP Warning:  Undefined array key "suppress-url" in /wordpress/wp-content/plugins/wp-advertize-it/classes/wpai-settings.php on line 239
[18-Jun-2025 22:54:37 UTC] PHP Warning:  Undefined array key "suppress-referrer" in /wordpress/wp-content/plugins/wp-advertize-it/classes/wpai-settings.php on line 239
[18-Jun-2025 22:54:37 UTC] PHP Warning:  Undefined array key "suppress-ipaddress" in /wordpress/wp-content/plugins/wp-advertize-it/classes/wpai-settings.php on line 239
[18-Jun-2025 22:54:37 UTC] PHP Warning:  Trying to access array offset on value of type bool in /wordpress/wp-content/plugins/wp-advertize-it/classes/wp-advertize-it.php on line 1089
[18-Jun-2025 22:54:48 UTC] PHP Warning:  Trying to access array offset on value of type bool in /wordpress/wp-content/plugins/wp-advertize-it/classes/wpai-settings.php on line 113
[18-Jun-2025 22:54:48 UTC] PHP Warning:  Undefined variable $settings in /wordpress/wp-content/plugins/wp-advertize-it/classes/wpai-settings.php on line 127
[18-Jun-2025 22:54:48 UTC] PHP Warning:  Trying to access array offset on value of type bool in /wordpress/wp-content/plugins/wp-advertize-it/classes/wp-advertize-it.php on line 1084
[18-Jun-2025 22:54:48 UTC] PHP Warning:  Trying to access array offset on value of type bool in /wordpress/wp-content/plugins/wp-advertize-it/classes/wp-advertize-it.php on line 1089
[18-Jun-2025 22:54:48 UTC] PHP Warning:  Undefined array key "middle-of-page" in /wordpress/wp-content/plugins/wp-advertize-it/classes/wpai-settings.php on line 180
[18-Jun-2025 22:54:48 UTC] PHP Warning:  Undefined array key "hide-editor-button" in /wordpress/wp-content/plugins/wp-advertize-it/classes/wpai-settings.php on line 239
[18-Jun-2025 22:54:48 UTC] PHP Warning:  Undefined array key "suppress-on-posts" in /wordpress/wp-content/plugins/wp-advertize-it/classes/wpai-settings.php on line 239
[18-Jun-2025 22:54:48 UTC] PHP Warning:  Undefined array key "suppress-on-pages" in /wordpress/wp-content/plugins/wp-advertize-it/classes/wpai-settings.php on line 239
[18-Jun-2025 22:54:48 UTC] PHP Warning:  Undefined array key "suppress-on-attachment" in /wordpress/wp-content/plugins/wp-advertize-it/classes/wpai-settings.php on line 239
[18-Jun-2025 22:54:48 UTC] PHP Warning:  Undefined array key "suppress-on-category" in /wordpress/wp-content/plugins/wp-advertize-it/classes/wpai-settings.php on line 239
[18-Jun-2025 22:54:48 UTC] PHP Warning:  Undefined array key "suppress-on-tag" in /wordpress/wp-content/plugins/wp-advertize-it/classes/wpai-settings.php on line 239
[18-Jun-2025 22:54:48 UTC] PHP Warning:  Undefined array key "suppress-on-home" in /wordpress/wp-content/plugins/wp-advertize-it/classes/wpai-settings.php on line 239
[18-Jun-2025 22:54:48 UTC] PHP Warning:  Undefined array key "suppress-on-front" in /wordpress/wp-content/plugins/wp-advertize-it/classes/wpai-settings.php on line 239
[18-Jun-2025 22:54:48 UTC] PHP Warning:  Undefined array key "suppress-on-author" in /wordpress/wp-content/plugins/wp-advertize-it/classes/wpai-settings.php on line 239
[18-Jun-2025 22:54:48 UTC] PHP Warning:  Undefined array key "suppress-on-archive" in /wordpress/wp-content/plugins/wp-advertize-it/classes/wpai-settings.php on line 239
[18-Jun-2025 22:54:48 UTC] PHP Warning:  Undefined array key "suppress-on-error" in /wordpress/wp-content/plugins/wp-advertize-it/classes/wpai-settings.php on line 239
[18-Jun-2025 22:54:48 UTC] PHP Warning:  Undefined array key "suppress-on-wptouch" in /wordpress/wp-content/plugins/wp-advertize-it/classes/wpai-settings.php on line 239
[18-Jun-2025 22:54:48 UTC] PHP Warning:  Undefined array key "suppress-on-logged-in" in /wordpress/wp-content/plugins/wp-advertize-it/classes/wpai-settings.php on line 239
[18-Jun-2025 22:54:48 UTC] PHP Warning:  Undefined array key "suppress-post-id" in /wordpress/wp-content/plugins/wp-advertize-it/classes/wpai-settings.php on line 239
[18-Jun-2025 22:54:48 UTC] PHP Warning:  Undefined array key "suppress-category" in /wordpress/wp-content/plugins/wp-advertize-it/classes/wpai-settings.php on line 239
[18-Jun-2025 22:54:48 UTC] PHP Warning:  Undefined array key "suppress-tag" in /wordpress/wp-content/plugins/wp-advertize-it/classes/wpai-settings.php on line 239
[18-Jun-2025 22:54:48 UTC] PHP Warning:  Undefined array key "suppress-user" in /wordpress/wp-content/plugins/wp-advertize-it/classes/wpai-settings.php on line 239
[18-Jun-2025 22:54:48 UTC] PHP Warning:  Undefined array key "suppress-format" in /wordpress/wp-content/plugins/wp-advertize-it/classes/wpai-settings.php on line 239
[18-Jun-2025 22:54:48 UTC] PHP Warning:  Undefined array key "suppress-post-type" in /wordpress/wp-content/plugins/wp-advertize-it/classes/wpai-settings.php on line 239
[18-Jun-2025 22:54:48 UTC] PHP Warning:  Undefined array key "suppress-language" in /wordpress/wp-content/plugins/wp-advertize-it/classes/wpai-settings.php on line 239
[18-Jun-2025 22:54:48 UTC] PHP Warning:  Undefined array key "suppress-url" in /wordpress/wp-content/plugins/wp-advertize-it/classes/wpai-settings.php on line 239
[18-Jun-2025 22:54:48 UTC] PHP Warning:  Undefined array key "suppress-referrer" in /wordpress/wp-content/plugins/wp-advertize-it/classes/wpai-settings.php on line 239
[18-Jun-2025 22:54:48 UTC] PHP Warning:  Undefined array key "suppress-ipaddress" in /wordpress/wp-content/plugins/wp-advertize-it/classes/wpai-settings.php on line 239
[18-Jun-2025 22:54:48 UTC] PHP Warning:  Trying to access array offset on value of type bool in /wordpress/wp-content/plugins/wp-advertize-it/classes/wp-advertize-it.php on line 1089

    at Object.onBind (file:///home/runner/work/playground-tester/playground-tester/node_modules/@wp-playground/cli/run-cli-j-geJYS3.js:325:15)
    at process.processTicksAndRejections (node:internal/process/task_queues:105:5)
    at async re (file:///home/runner/work/playground-tester/playground-tester/node_modules/@wp-playground/cli/run-cli-j-geJYS3.js:149:10) {
  [cause]: Error: Error when executing the blueprint step #5 ({"step":"installPlugin","pluginData":{"resource":"wordpress.org/plugins","slug":"wc-autolynk-export-import"},"options":{"activate":true}}) : Plugin /wordpress/wp-content/plugins/wc-autolynk-export-import could not be activated – WordPress exited with no error. Sometimes, when $_SERVER or site options are not configured correctly, WordPress exits early with a 301 redirect. Inspect the "debug" logs in the console for more details.
      at Object.run (file:///home/runner/work/playground-tester/playground-tester/node_modules/@wp-playground/blueprints/index.js:12093:19)
      at process.processTicksAndRejections (node:internal/process/task_queues:105:5)
      at async ys (file:///home/runner/work/playground-tester/playground-tester/node_modules/@wp-playground/blueprints/index.js:12196:3)
      at async Object.onBind (file:///home/runner/work/playground-tester/playground-tester/node_modules/@wp-playground/cli/run-cli-j-geJYS3.js:315:48)
      at async re (file:///home/runner/work/playground-tester/playground-tester/node_modules/@wp-playground/cli/run-cli-j-geJYS3.js:149:10) {
    [cause]: Error: Plugin /wordpress/wp-content/plugins/wc-autolynk-export-import could not be activated – WordPress exited with no error. Sometimes, when $_SERVER or site options are not configured correctly, WordPress exits early with a 301 redirect. Inspect the "debug" logs in the console for more details.
        at wr (file:///home/runner/work/playground-tester/playground-tester/node_modules/@wp-playground/blueprints/index.js:120:51)
        at process.processTicksAndRejections (node:internal/process/task_queues:105:5)
        at async Object.gt [as installPlugin] (file:///home/runner/work/playground-tester/playground-tester/node_modules/@wp-playground/blueprints/index.js:631:42)
        at async g (file:///home/runner/work/playground-tester/playground-tester/node_modules/@wp-playground/blueprints/index.js:12161:30)
        at async Object.run (file:///home/runner/work/playground-tester/playground-tester/node_modules/@wp-playground/blueprints/index.js:12090:23)
        at async ys (file:///home/runner/work/playground-tester/playground-tester/node_modules/@wp-playground/blueprints/index.js:12196:3)
        at async Object.onBind (file:///home/runner/work/playground-tester/playground-tester/node_modules/@wp-playground/cli/run-cli-j-geJYS3.js:315:48)
        at async re (file:///home/runner/work/playground-tester/playground-tester/node_modules/@wp-playground/cli/run-cli-j-geJYS3.js:149:10)
  }
}

Node.js v23.11.0
