file:///home/runner/work/playground-tester/playground-tester/node_modules/@wp-playground/cli/index.js:237
        throw new Error(y, { cause: u });
              ^

Error: [08-May-2025 18:56:54 UTC] PHP Deprecated:  Function register_sidebar_widget is <strong>deprecated</strong> since version 2.8.0! Use wp_register_sidebar_widget() instead. in /wordpress/wp-includes/functions.php on line 6121
[08-May-2025 18:56:54 UTC] PHP Deprecated:  Function register_widget_control is <strong>deprecated</strong> since version 2.8.0! Use wp_register_widget_control() instead. in /wordpress/wp-includes/functions.php on line 6121
[08-May-2025 18:57:02 UTC] PHP Deprecated:  Function register_sidebar_widget is <strong>deprecated</strong> since version 2.8.0! Use wp_register_sidebar_widget() instead. in /wordpress/wp-includes/functions.php on line 6121
[08-May-2025 18:57:02 UTC] PHP Deprecated:  Function register_widget_control is <strong>deprecated</strong> since version 2.8.0! Use wp_register_widget_control() instead. in /wordpress/wp-includes/functions.php on line 6121
[08-May-2025 18:57:11 UTC] PHP Deprecated:  Function register_sidebar_widget is <strong>deprecated</strong> since version 2.8.0! Use wp_register_sidebar_widget() instead. in /wordpress/wp-includes/functions.php on line 6121
[08-May-2025 18:57:11 UTC] PHP Deprecated:  Function register_widget_control is <strong>deprecated</strong> since version 2.8.0! Use wp_register_widget_control() instead. in /wordpress/wp-includes/functions.php on line 6121
[08-May-2025 18:59:54 UTC] PHP Notice:  Function wp_register_style was called <strong>incorrectly</strong>. Scripts and styles should not be registered or enqueued until the <code>wp_enqueue_scripts</code>, <code>admin_enqueue_scripts</code>, or <code>login_enqueue_scripts</code> hooks. This notice was triggered by the <code>k1_list_page</code> handle. Please see <a href="https://developer.wordpress.org/advanced-administration/debug/debug-wordpress/">Debugging in WordPress</a> for more information. (This message was added in version 3.3.0.) in /wordpress/wp-includes/functions.php on line 6121
[08-May-2025 18:59:54 UTC] PHP Notice:  Function is_feed was called <strong>incorrectly</strong>. Conditional query tags do not work before the query is run. Before then, they always return false. Please see <a href="https://developer.wordpress.org/advanced-administration/debug/debug-wordpress/">Debugging in WordPress</a> for more information. (This message was added in version 3.1.0.) in /wordpress/wp-includes/functions.php on line 6121
[08-May-2025 18:59:54 UTC] PHP Notice:  Function wp_enqueue_style was called <strong>incorrectly</strong>. Scripts and styles should not be registered or enqueued until the <code>wp_enqueue_scripts</code>, <code>admin_enqueue_scripts</code>, or <code>login_enqueue_scripts</code> hooks. This notice was triggered by the <code>k1_list_page</code> handle. Please see <a href="https://developer.wordpress.org/advanced-administration/debug/debug-wordpress/">Debugging in WordPress</a> for more information. (This message was added in version 3.3.0.) in /wordpress/wp-includes/functions.php on line 6121
[08-May-2025 19:00:03 UTC] PHP Notice:  Function wp_register_style was called <strong>incorrectly</strong>. Scripts and styles should not be registered or enqueued until the <code>wp_enqueue_scripts</code>, <code>admin_enqueue_scripts</code>, or <code>login_enqueue_scripts</code> hooks. This notice was triggered by the <code>k1_list_page</code> handle. Please see <a href="https://developer.wordpress.org/advanced-administration/debug/debug-wordpress/">Debugging in WordPress</a> for more information. (This message was added in version 3.3.0.) in /wordpress/wp-includes/functions.php on line 6121
[08-May-2025 19:00:03 UTC] PHP Notice:  Function is_feed was called <strong>incorrectly</strong>. Conditional query tags do not work before the query is run. Before then, they always return false. Please see <a href="https://developer.wordpress.org/advanced-administration/debug/debug-wordpress/">Debugging in WordPress</a> for more information. (This message was added in version 3.1.0.) in /wordpress/wp-includes/functions.php on line 6121
[08-May-2025 19:00:03 UTC] PHP Notice:  Function wp_enqueue_style was called <strong>incorrectly</strong>. Scripts and styles should not be registered or enqueued until the <code>wp_enqueue_scripts</code>, <code>admin_enqueue_scripts</code>, or <code>login_enqueue_scripts</code> hooks. This notice was triggered by the <code>k1_list_page</code> handle. Please see <a href="https://developer.wordpress.org/advanced-administration/debug/debug-wordpress/">Debugging in WordPress</a> for more information. (This message was added in version 3.3.0.) in /wordpress/wp-includes/functions.php on line 6121
[08-May-2025 19:00:12 UTC] PHP Notice:  Function wp_register_style was called <strong>incorrectly</strong>. Scripts and styles should not be registered or enqueued until the <code>wp_enqueue_scripts</code>, <code>admin_enqueue_scripts</code>, or <code>login_enqueue_scripts</code> hooks. This notice was triggered by the <code>k1_list_page</code> handle. Please see <a href="https://developer.wordpress.org/advanced-administration/debug/debug-wordpress/">Debugging in WordPress</a> for more information. (This message was added in version 3.3.0.) in /wordpress/wp-includes/functions.php on line 6121
[08-May-2025 19:00:12 UTC] PHP Notice:  Function is_feed was called <strong>incorrectly</strong>. Conditional query tags do not work before the query is run. Before then, they always return false. Please see <a href="https://developer.wordpress.org/advanced-administration/debug/debug-wordpress/">Debugging in WordPress</a> for more information. (This message was added in version 3.1.0.) in /wordpress/wp-includes/functions.php on line 6121
[08-May-2025 19:00:12 UTC] PHP Notice:  Function wp_enqueue_style was called <strong>incorrectly</strong>. Scripts and styles should not be registered or enqueued until the <code>wp_enqueue_scripts</code>, <code>admin_enqueue_scripts</code>, or <code>login_enqueue_scripts</code> hooks. This notice was triggered by the <code>k1_list_page</code> handle. Please see <a href="https://developer.wordpress.org/advanced-administration/debug/debug-wordpress/">Debugging in WordPress</a> for more information. (This message was added in version 3.3.0.) in /wordpress/wp-includes/functions.php on line 6121
[08-May-2025 19:01:20 UTC] PHP Notice:  Function _load_textdomain_just_in_time was called <strong>incorrectly</strong>. Translation loading for the <code>kafkai</code> domain was triggered too early. This is usually an indicator for some code in the plugin or theme running too early. Translations should be loaded at the <code>init</code> action or later. Please see <a href="https://developer.wordpress.org/advanced-administration/debug/debug-wordpress/">Debugging in WordPress</a> for more information. (This message was added in version 6.7.0.) in /wordpress/wp-includes/functions.php on line 6121
[08-May-2025 19:01:29 UTC] PHP Notice:  Function _load_textdomain_just_in_time was called <strong>incorrectly</strong>. Translation loading for the <code>kafkai</code> domain was triggered too early. This is usually an indicator for some code in the plugin or theme running too early. Translations should be loaded at the <code>init</code> action or later. Please see <a href="https://developer.wordpress.org/advanced-administration/debug/debug-wordpress/">Debugging in WordPress</a> for more information. (This message was added in version 6.7.0.) in /wordpress/wp-includes/functions.php on line 6121
[08-May-2025 19:01:39 UTC] PHP Notice:  Function _load_textdomain_just_in_time was called <strong>incorrectly</strong>. Translation loading for the <code>kafkai</code> domain was triggered too early. This is usually an indicator for some code in the plugin or theme running too early. Translations should be loaded at the <code>init</code> action or later. Please see <a href="https://developer.wordpress.org/advanced-administration/debug/debug-wordpress/">Debugging in WordPress</a> for more information. (This message was added in version 6.7.0.) in /wordpress/wp-includes/functions.php on line 6121
[08-May-2025 19:01:49 UTC] PHP Fatal error:  Uncaught PDOException: SQLSTATE[HY000] [2002] Address family not supported by protocol in /wordpress/wp-content/plugins/kahanit-wp-fw/library/Zend/Db/Adapter/Pdo/Abstract.php:128
Stack trace:
#0 /wordpress/wp-content/plugins/kahanit-wp-fw/library/Zend/Db/Adapter/Pdo/Abstract.php(128): PDO->__construct('mysql:host=loca...', 'username_here', 'password_here', Array)
#1 /wordpress/wp-content/plugins/kahanit-wp-fw/library/Zend/Db/Adapter/Pdo/Mysql.php(109): Zend_Db_Adapter_Pdo_Abstract->_connect()
#2 /wordpress/wp-content/plugins/kahanit-wp-fw/library/Zend/Db/Adapter/Abstract.php(459): Zend_Db_Adapter_Pdo_Mysql->_connect()
#3 /wordpress/wp-content/plugins/kahanit-wp-fw/library/Zend/Db/Adapter/Pdo/Abstract.php(238): Zend_Db_Adapter_Abstract->query('\r\nCREATE TABLE ...', Array)
#4 /wordpress/wp-content/plugins/kahanit-wp-fw/kahanit-wp-fw.php(181): Zend_Db_Adapter_Pdo_Abstract->query('\r\nCREATE TABLE ...')
#5 /wordpress/wp-content/plugins/kahanit-wp-fw/kahanit-wp-fw.php(94): Kahanit_WP_FW_Admin->install()
#6 /wordpress/wp-content/plugins/kahanit-wp-fw/kahanit-wp-fw.php(217): Kahanit_WP_FW_Admin->__construct()
#7 /wordpress/wp-admin/includes/plugin.php(2387): include_once('/wordpress/wp-c...')
#8 /wordpress/wp-admin/includes/plugin.php(673): plugin_sandbox_scrape('kahanit-wp-fw/k...')
#9 /internal/eval.php(20): activate_plugin('kahanit-wp-fw/k...')
#10 {main}

Next Zend_Db_Adapter_Exception: SQLSTATE[HY000] [2002] Address family not supported by protocol in /wordpress/wp-content/plugins/kahanit-wp-fw/library/Zend/Db/Adapter/Pdo/Abstract.php:144
Stack trace:
#0 /wordpress/wp-content/plugins/kahanit-wp-fw/library/Zend/Db/Adapter/Pdo/Mysql.php(109): Zend_Db_Adapter_Pdo_Abstract->_connect()
#1 /wordpress/wp-content/plugins/kahanit-wp-fw/library/Zend/Db/Adapter/Abstract.php(459): Zend_Db_Adapter_Pdo_Mysql->_connect()
#2 /wordpress/wp-content/plugins/kahanit-wp-fw/library/Zend/Db/Adapter/Pdo/Abstract.php(238): Zend_Db_Adapter_Abstract->query('\r\nCREATE TABLE ...', Array)
#3 /wordpress/wp-content/plugins/kahanit-wp-fw/kahanit-wp-fw.php(181): Zend_Db_Adapter_Pdo_Abstract->query('\r\nCREATE TABLE ...')
#4 /wordpress/wp-content/plugins/kahanit-wp-fw/kahanit-wp-fw.php(94): Kahanit_WP_FW_Admin->install()
#5 /wordpress/wp-content/plugins/kahanit-wp-fw/kahanit-wp-fw.php(217): Kahanit_WP_FW_Admin->__construct()
#6 /wordpress/wp-admin/includes/plugin.php(2387): include_once('/wordpress/wp-c...')
#7 /wordpress/wp-admin/includes/plugin.php(673): plugin_sandbox_scrape('kahanit-wp-fw/k...')
#8 /internal/eval.php(20): activate_plugin('kahanit-wp-fw/k...')
#9 {main}
  thrown in /wordpress/wp-content/plugins/kahanit-wp-fw/library/Zend/Db/Adapter/Pdo/Abstract.php on line 144
[08-May-2025 19:02:00 UTC] PHP Fatal error:  Uncaught PDOException: SQLSTATE[HY000] [2002] Address family not supported by protocol in /wordpress/wp-content/plugins/kahanit-wp-fw/library/Zend/Db/Adapter/Pdo/Abstract.php:128
Stack trace:
#0 /wordpress/wp-content/plugins/kahanit-wp-fw/library/Zend/Db/Adapter/Pdo/Abstract.php(128): PDO->__construct('mysql:host=loca...', 'username_here', 'password_here', Array)
#1 /wordpress/wp-content/plugins/kahanit-wp-fw/library/Zend/Db/Adapter/Pdo/Mysql.php(109): Zend_Db_Adapter_Pdo_Abstract->_connect()
#2 /wordpress/wp-content/plugins/kahanit-wp-fw/library/Zend/Db/Adapter/Abstract.php(459): Zend_Db_Adapter_Pdo_Mysql->_connect()
#3 /wordpress/wp-content/plugins/kahanit-wp-fw/library/Zend/Db/Adapter/Pdo/Abstract.php(238): Zend_Db_Adapter_Abstract->query('\r\nCREATE TABLE ...', Array)
#4 /wordpress/wp-content/plugins/kahanit-wp-fw/kahanit-wp-fw.php(181): Zend_Db_Adapter_Pdo_Abstract->query('\r\nCREATE TABLE ...')
#5 /wordpress/wp-content/plugins/kahanit-wp-fw/kahanit-wp-fw.php(94): Kahanit_WP_FW_Admin->install()
#6 /wordpress/wp-content/plugins/kahanit-wp-fw/kahanit-wp-fw.php(217): Kahanit_WP_FW_Admin->__construct()
#7 /wordpress/wp-admin/includes/plugin.php(2387): include_once('/wordpress/wp-c...')
#8 /wordpress/wp-admin/includes/plugin.php(673): plugin_sandbox_scrape('kahanit-wp-fw/k...')
#9 /internal/eval.php(20): activate_plugin('kahanit-wp-fw/k...')
#10 {main}

Next Zend_Db_Adapter_Exception: SQLSTATE[HY000] [2002] Address family not supported by protocol in /wordpress/wp-content/plugins/kahanit-wp-fw/library/Zend/Db/Adapter/Pdo/Abstract.php:144
Stack trace:
#0 /wordpress/wp-content/plugins/kahanit-wp-fw/library/Zend/Db/Adapter/Pdo/Mysql.php(109): Zend_Db_Adapter_Pdo_Abstract->_connect()
#1 /wordpress/wp-content/plugins/kahanit-wp-fw/library/Zend/Db/Adapter/Abstract.php(459): Zend_Db_Adapter_Pdo_Mysql->_connect()
#2 /wordpress/wp-content/plugins/kahanit-wp-fw/library/Zend/Db/Adapter/Pdo/Abstract.php(238): Zend_Db_Adapter_Abstract->query('\r\nCREATE TABLE ...', Array)
#3 /wordpress/wp-content/plugins/kahanit-wp-fw/kahanit-wp-fw.php(181): Zend_Db_Adapter_Pdo_Abstract->query('\r\nCREATE TABLE ...')
#4 /wordpress/wp-content/plugins/kahanit-wp-fw/kahanit-wp-fw.php(94): Kahanit_WP_FW_Admin->install()
#5 /wordpress/wp-content/plugins/kahanit-wp-fw/kahanit-wp-fw.php(217): Kahanit_WP_FW_Admin->__construct()
#6 /wordpress/wp-admin/includes/plugin.php(2387): include_once('/wordpress/wp-c...')
#7 /wordpress/wp-admin/includes/plugin.php(673): plugin_sandbox_scrape('kahanit-wp-fw/k...')
#8 /internal/eval.php(20): activate_plugin('kahanit-wp-fw/k...')
#9 {main}
  thrown in /wordpress/wp-content/plugins/kahanit-wp-fw/library/Zend/Db/Adapter/Pdo/Abstract.php on line 144
[08-May-2025 19:02:10 UTC] PHP Fatal error:  Uncaught PDOException: SQLSTATE[HY000] [2002] Address family not supported by protocol in /wordpress/wp-content/plugins/kahanit-wp-fw/library/Zend/Db/Adapter/Pdo/Abstract.php:128
Stack trace:
#0 /wordpress/wp-content/plugins/kahanit-wp-fw/library/Zend/Db/Adapter/Pdo/Abstract.php(128): PDO->__construct('mysql:host=loca...', 'username_here', 'password_here', Array)
#1 /wordpress/wp-content/plugins/kahanit-wp-fw/library/Zend/Db/Adapter/Pdo/Mysql.php(109): Zend_Db_Adapter_Pdo_Abstract->_connect()
#2 /wordpress/wp-content/plugins/kahanit-wp-fw/library/Zend/Db/Adapter/Abstract.php(459): Zend_Db_Adapter_Pdo_Mysql->_connect()
#3 /wordpress/wp-content/plugins/kahanit-wp-fw/library/Zend/Db/Adapter/Pdo/Abstract.php(238): Zend_Db_Adapter_Abstract->query('\r\nCREATE TABLE ...', Array)
#4 /wordpress/wp-content/plugins/kahanit-wp-fw/kahanit-wp-fw.php(181): Zend_Db_Adapter_Pdo_Abstract->query('\r\nCREATE TABLE ...')
#5 /wordpress/wp-content/plugins/kahanit-wp-fw/kahanit-wp-fw.php(94): Kahanit_WP_FW_Admin->install()
#6 /wordpress/wp-content/plugins/kahanit-wp-fw/kahanit-wp-fw.php(217): Kahanit_WP_FW_Admin->__construct()
#7 /wordpress/wp-admin/includes/plugin.php(2387): include_once('/wordpress/wp-c...')
#8 /wordpress/wp-admin/includes/plugin.php(673): plugin_sandbox_scrape('kahanit-wp-fw/k...')
#9 /internal/eval.php(20): activate_plugin('kahanit-wp-fw/k...')
#10 {main}

Next Zend_Db_Adapter_Exception: SQLSTATE[HY000] [2002] Address family not supported by protocol in /wordpress/wp-content/plugins/kahanit-wp-fw/library/Zend/Db/Adapter/Pdo/Abstract.php:144
Stack trace:
#0 /wordpress/wp-content/plugins/kahanit-wp-fw/library/Zend/Db/Adapter/Pdo/Mysql.php(109): Zend_Db_Adapter_Pdo_Abstract->_connect()
#1 /wordpress/wp-content/plugins/kahanit-wp-fw/library/Zend/Db/Adapter/Abstract.php(459): Zend_Db_Adapter_Pdo_Mysql->_connect()
#2 /wordpress/wp-content/plugins/kahanit-wp-fw/library/Zend/Db/Adapter/Pdo/Abstract.php(238): Zend_Db_Adapter_Abstract->query('\r\nCREATE TABLE ...', Array)
#3 /wordpress/wp-content/plugins/kahanit-wp-fw/kahanit-wp-fw.php(181): Zend_Db_Adapter_Pdo_Abstract->query('\r\nCREATE TABLE ...')
#4 /wordpress/wp-content/plugins/kahanit-wp-fw/kahanit-wp-fw.php(94): Kahanit_WP_FW_Admin->install()
#5 /wordpress/wp-content/plugins/kahanit-wp-fw/kahanit-wp-fw.php(217): Kahanit_WP_FW_Admin->__construct()
#6 /wordpress/wp-admin/includes/plugin.php(2387): include_once('/wordpress/wp-c...')
#7 /wordpress/wp-admin/includes/plugin.php(673): plugin_sandbox_scrape('kahanit-wp-fw/k...')
#8 /internal/eval.php(20): activate_plugin('kahanit-wp-fw/k...')
#9 {main}
  thrown in /wordpress/wp-content/plugins/kahanit-wp-fw/library/Zend/Db/Adapter/Pdo/Abstract.php on line 144
[08-May-2025 19:03:45 UTC] PHP Fatal error:  Uncaught Error: Call to undefined function create_function() in /wordpress/wp-content/plugins/kalins-post-list/kalins-post-list.php:711
Stack trace:
#0 /wordpress/wp-admin/includes/plugin.php(2387): include_once()
#1 /wordpress/wp-admin/includes/plugin.php(673): plugin_sandbox_scrape('kalins-post-lis...')
#2 /internal/eval.php(20): activate_plugin('kalins-post-lis...')
#3 {main}
  thrown in /wordpress/wp-content/plugins/kalins-post-list/kalins-post-list.php on line 711
[08-May-2025 19:03:52 UTC] PHP Fatal error:  Uncaught Error: Call to undefined function create_function() in /wordpress/wp-content/plugins/kalins-post-list/kalins-post-list.php:711
Stack trace:
#0 /wordpress/wp-admin/includes/plugin.php(2387): include_once()
#1 /wordpress/wp-admin/includes/plugin.php(673): plugin_sandbox_scrape('kalins-post-lis...')
#2 /internal/eval.php(20): activate_plugin('kalins-post-lis...')
#3 {main}
  thrown in /wordpress/wp-content/plugins/kalins-post-list/kalins-post-list.php on line 711
[08-May-2025 19:04:00 UTC] PHP Fatal error:  Uncaught Error: Call to undefined function create_function() in /wordpress/wp-content/plugins/kalins-post-list/kalins-post-list.php:711
Stack trace:
#0 /wordpress/wp-admin/includes/plugin.php(2387): include_once()
#1 /wordpress/wp-admin/includes/plugin.php(673): plugin_sandbox_scrape('kalins-post-lis...')
#2 /internal/eval.php(20): activate_plugin('kalins-post-lis...')
#3 {main}
  thrown in /wordpress/wp-content/plugins/kalins-post-list/kalins-post-list.php on line 711
[08-May-2025 19:04:38 UTC] PHP Notice:  Function _load_textdomain_just_in_time was called <strong>incorrectly</strong>. Translation loading for the <code>kanban</code> domain was triggered too early. This is usually an indicator for some code in the plugin or theme running too early. Translations should be loaded at the <code>init</code> action or later. Please see <a href="https://developer.wordpress.org/advanced-administration/debug/debug-wordpress/">Debugging in WordPress</a> for more information. (This message was added in version 6.7.0.) in /wordpress/wp-includes/functions.php on line 6121
[08-May-2025 19:04:47 UTC] PHP Notice:  Function _load_textdomain_just_in_time was called <strong>incorrectly</strong>. Translation loading for the <code>kanban</code> domain was triggered too early. This is usually an indicator for some code in the plugin or theme running too early. Translations should be loaded at the <code>init</code> action or later. Please see <a href="https://developer.wordpress.org/advanced-administration/debug/debug-wordpress/">Debugging in WordPress</a> for more information. (This message was added in version 6.7.0.) in /wordpress/wp-includes/functions.php on line 6121
[08-May-2025 19:04:56 UTC] PHP Notice:  Function _load_textdomain_just_in_time was called <strong>incorrectly</strong>. Translation loading for the <code>kanban</code> domain was triggered too early. This is usually an indicator for some code in the plugin or theme running too early. Translations should be loaded at the <code>init</code> action or later. Please see <a href="https://developer.wordpress.org/advanced-administration/debug/debug-wordpress/">Debugging in WordPress</a> for more information. (This message was added in version 6.7.0.) in /wordpress/wp-includes/functions.php on line 6121

    at Object.onBind (file:///home/runner/work/playground-tester/playground-tester/node_modules/@wp-playground/cli/index.js:237:15)
    at process.processTicksAndRejections (node:internal/process/task_queues:105:5)
    at async V (file:///home/runner/work/playground-tester/playground-tester/node_modules/@wp-playground/cli/index.js:64:10)
    at async ja (file:///home/runner/work/playground-tester/playground-tester/node_modules/@wp-playground/cli/cli.js:8161:12) {
  [cause]: Error: Error when executing the blueprint step #5 ({"step":"installPlugin","pluginData":{"resource":"wordpress.org/plugins","slug":"kankod-do-a-barrel-roll"},"options":{"activate":true}}) : Could not download "https://downloads.wordpress.org/plugin/kankod-do-a-barrel-roll.latest-stable.zip".
  				Check if the URL is correct and the server is reachable.
  				If it is reachable, the server might be blocking the request.
  				Check the browser console and network tabs for more information.
  
  				## Does the console show the error "No 'Access-Control-Allow-Origin' header"?
  
  				This means the server that hosts your file does not allow requests from other sites
  				(cross-origin requests, or CORS).	You need to move the asset to a server that allows
  				cross-origin file downloads. Learn more about CORS at
  				https://developer.mozilla.org/en-US/docs/Web/HTTP/CORS.
  
  				If your file is on GitHub, load it from "raw.githubusercontent.com".
  				Here's how to do that:
  
  				1. Start with the original GitHub URL of the file. For example:
  				https://github.com/username/repository/blob/branch/filename.
  				2. Replace "github.com" with "raw.githubusercontent.com".
  				3. Remove the "/blob/" part of the URL.
  
  				The resulting URL should look like this:
  				https://raw.githubusercontent.com/username/repository/branch/filename
  
  				Error:
  				Error: Could not download "https://downloads.wordpress.org/plugin/kankod-do-a-barrel-roll.latest-stable.zip"
      at Object.run (file:///home/runner/work/playground-tester/playground-tester/node_modules/@wp-playground/blueprints/index.js:12449:19)
      at process.processTicksAndRejections (node:internal/process/task_queues:105:5)
      at async ms (file:///home/runner/work/playground-tester/playground-tester/node_modules/@wp-playground/blueprints/index.js:12552:3)
      at async Object.onBind (file:///home/runner/work/playground-tester/playground-tester/node_modules/@wp-playground/cli/index.js:227:48)
      at async V (file:///home/runner/work/playground-tester/playground-tester/node_modules/@wp-playground/cli/index.js:64:10)
      at async ja (file:///home/runner/work/playground-tester/playground-tester/node_modules/@wp-playground/cli/cli.js:8161:12) {
    [cause]: Error: Could not download "https://downloads.wordpress.org/plugin/kankod-do-a-barrel-roll.latest-stable.zip".
    				Check if the URL is correct and the server is reachable.
    				If it is reachable, the server might be blocking the request.
    				Check the browser console and network tabs for more information.
    
    				## Does the console show the error "No 'Access-Control-Allow-Origin' header"?
    
    				This means the server that hosts your file does not allow requests from other sites
    				(cross-origin requests, or CORS).	You need to move the asset to a server that allows
    				cross-origin file downloads. Learn more about CORS at
    				https://developer.mozilla.org/en-US/docs/Web/HTTP/CORS.
    
    				If your file is on GitHub, load it from "raw.githubusercontent.com".
    				Here's how to do that:
    
    				1. Start with the original GitHub URL of the file. For example:
    				https://github.com/username/repository/blob/branch/filename.
    				2. Replace "github.com" with "raw.githubusercontent.com".
    				3. Remove the "/blob/" part of the URL.
    
    				The resulting URL should look like this:
    				https://raw.githubusercontent.com/username/repository/branch/filename
    
    				Error:
    				Error: Could not download "https://downloads.wordpress.org/plugin/kankod-do-a-barrel-roll.latest-stable.zip"
        at Ct.resolve (file:///home/runner/work/playground-tester/playground-tester/node_modules/@wp-playground/blueprints/index.js:1472:13)
        at process.processTicksAndRejections (node:internal/process/task_queues:105:5)
        at async _.run (file:///home/runner/work/playground-tester/playground-tester/node_modules/@php-wasm/util/index.js:45:14)
  }
}

Node.js v23.11.0
