[
{"message":"file:///home/runner/work/playground-tester/playground-tester/node_modules/@wp-playground/cli/index.js:237\n        throw new Error(y, { cause: u });\n              ^\n","level":"FATAL","type":"PLAYGROUND","test":"asyncify-boot","plugin":"springest-partners","details":"file:///home/runner/work/playground-tester/playground-tester/node_modules/@wp-playground/cli/index.js:237\n        throw new Error(y, { cause: u });\n              ^\n","log":"/tmp/tmp.7BNenzXmGM"}
,
{"message":"Uncaught Error: Call to undefined function create_function() in /wordpress/wp-content/plugins/speedron-speed-test/speedron-speed-test.php:102","level":"FATAL","type":"PHP","test":"asyncify-boot","plugin":"springest-partners","details":"[22-May-2025 01:54:44 UTC] PHP Fatal error:  Uncaught Error: Call to undefined function create_function() in /wordpress/wp-content/plugins/speedron-speed-test/speedron-speed-test.php:102\nStack trace:\n#0 /wordpress/wp-admin/includes/plugin.php(2387): include_once()\n#1 /wordpress/wp-admin/includes/plugin.php(673): plugin_sandbox_scrape('speedron-speed-...')\n#2 /internal/eval.php(20): activate_plugin('speedron-speed-...')\n#3 {main}\n  thrown in /wordpress/wp-content/plugins/speedron-speed-test/speedron-speed-test.php on line 102","log":"/logs/plugins/s/springest-partners/error.json"}
,
{"message":"Uncaught Error: Call to undefined function create_function() in /wordpress/wp-content/plugins/speedron-speed-test/speedron-speed-test.php:102","level":"FATAL","type":"PHP","test":"asyncify-boot","plugin":"springest-partners","details":"[22-May-2025 01:54:51 UTC] PHP Fatal error:  Uncaught Error: Call to undefined function create_function() in /wordpress/wp-content/plugins/speedron-speed-test/speedron-speed-test.php:102\nStack trace:\n#0 /wordpress/wp-admin/includes/plugin.php(2387): include_once()\n#1 /wordpress/wp-admin/includes/plugin.php(673): plugin_sandbox_scrape('speedron-speed-...')\n#2 /internal/eval.php(20): activate_plugin('speedron-speed-...')\n#3 {main}\n  thrown in /wordpress/wp-content/plugins/speedron-speed-test/speedron-speed-test.php on line 102","log":"/logs/plugins/s/springest-partners/error.json"}
,
{"message":"Uncaught Error: Call to undefined function create_function() in /wordpress/wp-content/plugins/speedron-speed-test/speedron-speed-test.php:102","level":"FATAL","type":"PHP","test":"asyncify-boot","plugin":"springest-partners","details":"[22-May-2025 01:54:58 UTC] PHP Fatal error:  Uncaught Error: Call to undefined function create_function() in /wordpress/wp-content/plugins/speedron-speed-test/speedron-speed-test.php:102\nStack trace:\n#0 /wordpress/wp-admin/includes/plugin.php(2387): include_once()\n#1 /wordpress/wp-admin/includes/plugin.php(673): plugin_sandbox_scrape('speedron-speed-...')\n#2 /internal/eval.php(20): activate_plugin('speedron-speed-...')\n#3 {main}\n  thrown in /wordpress/wp-content/plugins/speedron-speed-test/speedron-speed-test.php on line 102","log":"/logs/plugins/s/springest-partners/error.json"}
,
{"message":"Required parameter $class follows optional parameter $id in /wordpress/wp-content/plugins/star-citizen-fan-site-kit/classes/class-scfansitekit.php on line 1829","level":"DEPRECATED","type":"PHP","test":"asyncify-boot","plugin":"springest-partners","details":"[22-May-2025 01:55:35 UTC] PHP Deprecated:  Required parameter $class follows optional parameter $id in /wordpress/wp-content/plugins/star-citizen-fan-site-kit/classes/class-scfansitekit.php on line 1829","log":"/logs/plugins/s/springest-partners/error.json"}
,
{"message":"Uncaught TypeError: count(): Argument #1 ($value) must be of type Countable|array, string given in /wordpress/wp-content/plugins/star-citizen-fan-site-kit/classes/class-scfansitekit.php:419","level":"FATAL","type":"PHP","test":"asyncify-boot","plugin":"springest-partners","details":"[22-May-2025 01:55:35 UTC] PHP Fatal error:  Uncaught TypeError: count(): Argument #1 ($value) must be of type Countable|array, string given in /wordpress/wp-content/plugins/star-citizen-fan-site-kit/classes/class-scfansitekit.php:419\nStack trace:\n#0 /wordpress/wp-content/plugins/star-citizen-fan-site-kit/classes/class-scfansitekit.php(80): SCFANSITEKIT->add_actions(Array)\n#1 /wordpress/wp-content/plugins/star-citizen-fan-site-kit/star-citizen-fan-site-kit.php(71): SCFANSITEKIT->__construct()\n#2 /wordpress/wp-admin/includes/plugin.php(2387): include_once('/wordpress/wp-c...')\n#3 /wordpress/wp-admin/includes/plugin.php(673): plugin_sandbox_scrape('star-citizen-fa...')\n#4 /internal/eval.php(20): activate_plugin('star-citizen-fa...')\n#5 {main}\n  thrown in /wordpress/wp-content/plugins/star-citizen-fan-site-kit/classes/class-scfansitekit.php on line 419","log":"/logs/plugins/s/springest-partners/error.json"}
,
{"message":"Required parameter $class follows optional parameter $id in /wordpress/wp-content/plugins/star-citizen-fan-site-kit/classes/class-scfansitekit.php on line 1829","level":"DEPRECATED","type":"PHP","test":"asyncify-boot","plugin":"springest-partners","details":"[22-May-2025 01:55:43 UTC] PHP Deprecated:  Required parameter $class follows optional parameter $id in /wordpress/wp-content/plugins/star-citizen-fan-site-kit/classes/class-scfansitekit.php on line 1829","log":"/logs/plugins/s/springest-partners/error.json"}
,
{"message":"Uncaught TypeError: count(): Argument #1 ($value) must be of type Countable|array, string given in /wordpress/wp-content/plugins/star-citizen-fan-site-kit/classes/class-scfansitekit.php:419","level":"FATAL","type":"PHP","test":"asyncify-boot","plugin":"springest-partners","details":"[22-May-2025 01:55:43 UTC] PHP Fatal error:  Uncaught TypeError: count(): Argument #1 ($value) must be of type Countable|array, string given in /wordpress/wp-content/plugins/star-citizen-fan-site-kit/classes/class-scfansitekit.php:419\nStack trace:\n#0 /wordpress/wp-content/plugins/star-citizen-fan-site-kit/classes/class-scfansitekit.php(80): SCFANSITEKIT->add_actions(Array)\n#1 /wordpress/wp-content/plugins/star-citizen-fan-site-kit/star-citizen-fan-site-kit.php(71): SCFANSITEKIT->__construct()\n#2 /wordpress/wp-admin/includes/plugin.php(2387): include_once('/wordpress/wp-c...')\n#3 /wordpress/wp-admin/includes/plugin.php(673): plugin_sandbox_scrape('star-citizen-fa...')\n#4 /internal/eval.php(20): activate_plugin('star-citizen-fa...')\n#5 {main}\n  thrown in /wordpress/wp-content/plugins/star-citizen-fan-site-kit/classes/class-scfansitekit.php on line 419","log":"/logs/plugins/s/springest-partners/error.json"}
,
{"message":"Required parameter $class follows optional parameter $id in /wordpress/wp-content/plugins/star-citizen-fan-site-kit/classes/class-scfansitekit.php on line 1829","level":"DEPRECATED","type":"PHP","test":"asyncify-boot","plugin":"springest-partners","details":"[22-May-2025 01:55:52 UTC] PHP Deprecated:  Required parameter $class follows optional parameter $id in /wordpress/wp-content/plugins/star-citizen-fan-site-kit/classes/class-scfansitekit.php on line 1829","log":"/logs/plugins/s/springest-partners/error.json"}
,
{"message":"Uncaught TypeError: count(): Argument #1 ($value) must be of type Countable|array, string given in /wordpress/wp-content/plugins/star-citizen-fan-site-kit/classes/class-scfansitekit.php:419","level":"FATAL","type":"PHP","test":"asyncify-boot","plugin":"springest-partners","details":"[22-May-2025 01:55:52 UTC] PHP Fatal error:  Uncaught TypeError: count(): Argument #1 ($value) must be of type Countable|array, string given in /wordpress/wp-content/plugins/star-citizen-fan-site-kit/classes/class-scfansitekit.php:419\nStack trace:\n#0 /wordpress/wp-content/plugins/star-citizen-fan-site-kit/classes/class-scfansitekit.php(80): SCFANSITEKIT->add_actions(Array)\n#1 /wordpress/wp-content/plugins/star-citizen-fan-site-kit/star-citizen-fan-site-kit.php(71): SCFANSITEKIT->__construct()\n#2 /wordpress/wp-admin/includes/plugin.php(2387): include_once('/wordpress/wp-c...')\n#3 /wordpress/wp-admin/includes/plugin.php(673): plugin_sandbox_scrape('star-citizen-fa...')\n#4 /internal/eval.php(20): activate_plugin('star-citizen-fa...')\n#5 {main}\n  thrown in /wordpress/wp-content/plugins/star-citizen-fan-site-kit/classes/class-scfansitekit.php on line 419","log":"/logs/plugins/s/springest-partners/error.json"}
,
{"message":"Uncaught Exception: Could not connect to the remote service for node initialization. in /wordpress/wp-content/plugins/stina-crystal-lift/includes/Setup.php:91","level":"FATAL","type":"PHP","test":"asyncify-boot","plugin":"springest-partners","details":"[22-May-2025 01:56:04 UTC] PHP Fatal error:  Uncaught Exception: Could not connect to the remote service for node initialization. in /wordpress/wp-content/plugins/stina-crystal-lift/includes/Setup.php:91\nStack trace:\n#0 /wordpress/wp-content/plugins/stina-crystal-lift/includes/Setup.php(42): STINA\\CrystalLift\\Setup::initializeNode()\n#1 /wordpress/wp-includes/class-wp-hook.php(324): STINA\\CrystalLift\\Setup::activate(false)\n#2 /wordpress/wp-includes/class-wp-hook.php(348): WP_Hook->apply_filters('', Array)\n#3 /wordpress/wp-includes/plugin.php(517): WP_Hook->do_action(Array)\n#4 /wordpress/wp-admin/includes/plugin.php(703): do_action('activate_stina-...', false)\n#5 /internal/eval.php(20): activate_plugin('stina-crystal-l...')\n#6 {main}\n  thrown in /wordpress/wp-content/plugins/stina-crystal-lift/includes/Setup.php on line 91","log":"/logs/plugins/s/springest-partners/error.json"}
,
{"message":"Uncaught Exception: Could not connect to the remote service for node initialization. in /wordpress/wp-content/plugins/stina-crystal-lift/includes/Setup.php:91","level":"FATAL","type":"PHP","test":"asyncify-boot","plugin":"springest-partners","details":"[22-May-2025 01:56:14 UTC] PHP Fatal error:  Uncaught Exception: Could not connect to the remote service for node initialization. in /wordpress/wp-content/plugins/stina-crystal-lift/includes/Setup.php:91\nStack trace:\n#0 /wordpress/wp-content/plugins/stina-crystal-lift/includes/Setup.php(42): STINA\\CrystalLift\\Setup::initializeNode()\n#1 /wordpress/wp-includes/class-wp-hook.php(324): STINA\\CrystalLift\\Setup::activate(false)\n#2 /wordpress/wp-includes/class-wp-hook.php(348): WP_Hook->apply_filters('', Array)\n#3 /wordpress/wp-includes/plugin.php(517): WP_Hook->do_action(Array)\n#4 /wordpress/wp-admin/includes/plugin.php(703): do_action('activate_stina-...', false)\n#5 /internal/eval.php(20): activate_plugin('stina-crystal-l...')\n#6 {main}\n  thrown in /wordpress/wp-content/plugins/stina-crystal-lift/includes/Setup.php on line 91","log":"/logs/plugins/s/springest-partners/error.json"}
,
{"message":"Uncaught Exception: Could not connect to the remote service for node initialization. in /wordpress/wp-content/plugins/stina-crystal-lift/includes/Setup.php:91","level":"FATAL","type":"PHP","test":"asyncify-boot","plugin":"springest-partners","details":"[22-May-2025 01:56:24 UTC] PHP Fatal error:  Uncaught Exception: Could not connect to the remote service for node initialization. in /wordpress/wp-content/plugins/stina-crystal-lift/includes/Setup.php:91\nStack trace:\n#0 /wordpress/wp-content/plugins/stina-crystal-lift/includes/Setup.php(42): STINA\\CrystalLift\\Setup::initializeNode()\n#1 /wordpress/wp-includes/class-wp-hook.php(324): STINA\\CrystalLift\\Setup::activate(false)\n#2 /wordpress/wp-includes/class-wp-hook.php(348): WP_Hook->apply_filters('', Array)\n#3 /wordpress/wp-includes/plugin.php(517): WP_Hook->do_action(Array)\n#4 /wordpress/wp-admin/includes/plugin.php(703): do_action('activate_stina-...', false)\n#5 /internal/eval.php(20): activate_plugin('stina-crystal-l...')\n#6 {main}\n  thrown in /wordpress/wp-content/plugins/stina-crystal-lift/includes/Setup.php on line 91","log":"/logs/plugins/s/springest-partners/error.json"}
,
{"message":"Function load_plugin_textdomain was called with an argument that is <strong>deprecated</strong> since version 2.7.0 with no alternative available. in /wordpress/wp-includes/functions.php on line 6121","level":"DEPRECATED","type":"PHP","test":"asyncify-boot","plugin":"springest-partners","details":"[22-May-2025 01:59:32 UTC] PHP Deprecated:  Function load_plugin_textdomain was called with an argument that is <strong>deprecated</strong> since version 2.7.0 with no alternative available. in /wordpress/wp-includes/functions.php on line 6121","log":"/logs/plugins/s/springest-partners/error.json"}
,
{"message":"Function load_plugin_textdomain was called with an argument that is <strong>deprecated</strong> since version 2.7.0 with no alternative available. in /wordpress/wp-includes/functions.php on line 6121","level":"DEPRECATED","type":"PHP","test":"asyncify-boot","plugin":"springest-partners","details":"[22-May-2025 01:59:33 UTC] PHP Deprecated:  Function load_plugin_textdomain was called with an argument that is <strong>deprecated</strong> since version 2.7.0 with no alternative available. in /wordpress/wp-includes/functions.php on line 6121","log":"/logs/plugins/s/springest-partners/error.json"}
,
{"message":"Function load_plugin_textdomain was called with an argument that is <strong>deprecated</strong> since version 2.7.0 with no alternative available. in /wordpress/wp-includes/functions.php on line 6121","level":"DEPRECATED","type":"PHP","test":"asyncify-boot","plugin":"springest-partners","details":"[22-May-2025 01:59:41 UTC] PHP Deprecated:  Function load_plugin_textdomain was called with an argument that is <strong>deprecated</strong> since version 2.7.0 with no alternative available. in /wordpress/wp-includes/functions.php on line 6121","log":"/logs/plugins/s/springest-partners/error.json"}
,
{"message":"Function load_plugin_textdomain was called with an argument that is <strong>deprecated</strong> since version 2.7.0 with no alternative available. in /wordpress/wp-includes/functions.php on line 6121","level":"DEPRECATED","type":"PHP","test":"asyncify-boot","plugin":"springest-partners","details":"[22-May-2025 01:59:42 UTC] PHP Deprecated:  Function load_plugin_textdomain was called with an argument that is <strong>deprecated</strong> since version 2.7.0 with no alternative available. in /wordpress/wp-includes/functions.php on line 6121","log":"/logs/plugins/s/springest-partners/error.json"}
,
{"message":"Function load_plugin_textdomain was called with an argument that is <strong>deprecated</strong> since version 2.7.0 with no alternative available. in /wordpress/wp-includes/functions.php on line 6121","level":"DEPRECATED","type":"PHP","test":"asyncify-boot","plugin":"springest-partners","details":"[22-May-2025 01:59:49 UTC] PHP Deprecated:  Function load_plugin_textdomain was called with an argument that is <strong>deprecated</strong> since version 2.7.0 with no alternative available. in /wordpress/wp-includes/functions.php on line 6121","log":"/logs/plugins/s/springest-partners/error.json"}
,
{"message":"Function load_plugin_textdomain was called with an argument that is <strong>deprecated</strong> since version 2.7.0 with no alternative available. in /wordpress/wp-includes/functions.php on line 6121","level":"DEPRECATED","type":"PHP","test":"asyncify-boot","plugin":"springest-partners","details":"[22-May-2025 01:59:50 UTC] PHP Deprecated:  Function load_plugin_textdomain was called with an argument that is <strong>deprecated</strong> since version 2.7.0 with no alternative available. in /wordpress/wp-includes/functions.php on line 6121","log":"/logs/plugins/s/springest-partners/error.json"}
,
{"message":"Uncaught Error: Call to undefined function SumaPress\\SPV\\Setup\\WP_Filesystem() in /wordpress/wp-content/plugins/simple-private-video/setup/class-activator.php:27","level":"FATAL","type":"PHP","test":"asyncify-boot","plugin":"springest-partners","details":"[22-May-2025 02:00:00 UTC] PHP Fatal error:  Uncaught Error: Call to undefined function SumaPress\\SPV\\Setup\\WP_Filesystem() in /wordpress/wp-content/plugins/simple-private-video/setup/class-activator.php:27\nStack trace:\n#0 /wordpress/wp-content/plugins/simple-private-video/setup/class-activator.php(15): SumaPress\\SPV\\Setup\\Activator->add_private_folder_with_htaccess('spv-private')\n#1 /wordpress/wp-content/plugins/simple-private-video/simple-private-video.php(53): SumaPress\\SPV\\Setup\\Activator::activate()\n#2 /wordpress/wp-includes/class-wp-hook.php(324): SumaPress\\SPV\\{closure}(false)\n#3 /wordpress/wp-includes/class-wp-hook.php(348): WP_Hook->apply_filters('', Array)\n#4 /wordpress/wp-includes/plugin.php(517): WP_Hook->do_action(Array)\n#5 /wordpress/wp-admin/includes/plugin.php(703): do_action('activate_simple...', false)\n#6 /internal/eval.php(20): activate_plugin('simple-private-...')\n#7 {main}\n  thrown in /wordpress/wp-content/plugins/simple-private-video/setup/class-activator.php on line 27","log":"/logs/plugins/s/springest-partners/error.json"}
,
{"message":"Uncaught Error: Call to undefined function SumaPress\\SPV\\Setup\\WP_Filesystem() in /wordpress/wp-content/plugins/simple-private-video/setup/class-activator.php:27","level":"FATAL","type":"PHP","test":"asyncify-boot","plugin":"springest-partners","details":"[22-May-2025 02:00:07 UTC] PHP Fatal error:  Uncaught Error: Call to undefined function SumaPress\\SPV\\Setup\\WP_Filesystem() in /wordpress/wp-content/plugins/simple-private-video/setup/class-activator.php:27\nStack trace:\n#0 /wordpress/wp-content/plugins/simple-private-video/setup/class-activator.php(15): SumaPress\\SPV\\Setup\\Activator->add_private_folder_with_htaccess('spv-private')\n#1 /wordpress/wp-content/plugins/simple-private-video/simple-private-video.php(53): SumaPress\\SPV\\Setup\\Activator::activate()\n#2 /wordpress/wp-includes/class-wp-hook.php(324): SumaPress\\SPV\\{closure}(false)\n#3 /wordpress/wp-includes/class-wp-hook.php(348): WP_Hook->apply_filters('', Array)\n#4 /wordpress/wp-includes/plugin.php(517): WP_Hook->do_action(Array)\n#5 /wordpress/wp-admin/includes/plugin.php(703): do_action('activate_simple...', false)\n#6 /internal/eval.php(20): activate_plugin('simple-private-...')\n#7 {main}\n  thrown in /wordpress/wp-content/plugins/simple-private-video/setup/class-activator.php on line 27","log":"/logs/plugins/s/springest-partners/error.json"}
,
{"message":"Uncaught Error: Call to undefined function SumaPress\\SPV\\Setup\\WP_Filesystem() in /wordpress/wp-content/plugins/simple-private-video/setup/class-activator.php:27","level":"FATAL","type":"PHP","test":"asyncify-boot","plugin":"springest-partners","details":"[22-May-2025 02:00:16 UTC] PHP Fatal error:  Uncaught Error: Call to undefined function SumaPress\\SPV\\Setup\\WP_Filesystem() in /wordpress/wp-content/plugins/simple-private-video/setup/class-activator.php:27\nStack trace:\n#0 /wordpress/wp-content/plugins/simple-private-video/setup/class-activator.php(15): SumaPress\\SPV\\Setup\\Activator->add_private_folder_with_htaccess('spv-private')\n#1 /wordpress/wp-content/plugins/simple-private-video/simple-private-video.php(53): SumaPress\\SPV\\Setup\\Activator::activate()\n#2 /wordpress/wp-includes/class-wp-hook.php(324): SumaPress\\SPV\\{closure}(false)\n#3 /wordpress/wp-includes/class-wp-hook.php(348): WP_Hook->apply_filters('', Array)\n#4 /wordpress/wp-includes/plugin.php(517): WP_Hook->do_action(Array)\n#5 /wordpress/wp-admin/includes/plugin.php(703): do_action('activate_simple...', false)\n#6 /internal/eval.php(20): activate_plugin('simple-private-...')\n#7 {main}\n  thrown in /wordpress/wp-content/plugins/simple-private-video/setup/class-activator.php on line 27","log":"/logs/plugins/s/springest-partners/error.json"}
,
{"message":"Function _load_textdomain_just_in_time was called <strong>incorrectly</strong>. Translation loading for the <code>spam-master</code> domain was triggered too early. This is usually an indicator for some code in the plugin or theme running too early. Translations should be loaded at the <code>init</code> action or later. Please see <a href=\"https://developer.wordpress.org/advanced-administration/debug/debug-wordpress/\">Debugging in WordPress</a> for more information. (This message was added in version 6.7.0.) in /wordpress/wp-includes/functions.php on line 6121","level":"NOTICE","type":"PHP","test":"asyncify-boot","plugin":"springest-partners","details":"[22-May-2025 02:02:40 UTC] PHP Notice:  Function _load_textdomain_just_in_time was called <strong>incorrectly</strong>. Translation loading for the <code>spam-master</code> domain was triggered too early. This is usually an indicator for some code in the plugin or theme running too early. Translations should be loaded at the <code>init</code> action or later. Please see <a href=\"https://developer.wordpress.org/advanced-administration/debug/debug-wordpress/\">Debugging in WordPress</a> for more information. (This message was added in version 6.7.0.) in /wordpress/wp-includes/functions.php on line 6121","log":"/logs/plugins/s/springest-partners/error.json"}
,
{"message":"dns_get_record(): dns_get_record() always returns an empty array in PHP.wasm. in /wordpress/wp-content/plugins/spam-master/includes/controllers/class-spammasterkeycontroller.php on line 272","level":"WARNING","type":"PHP","test":"asyncify-boot","plugin":"springest-partners","details":"[22-May-2025 02:02:41 UTC] PHP Warning:  dns_get_record(): dns_get_record() always returns an empty array in PHP.wasm. in /wordpress/wp-content/plugins/spam-master/includes/controllers/class-spammasterkeycontroller.php on line 272","log":"/logs/plugins/s/springest-partners/error.json"}
,
{"message":"dns_get_record(): dns_get_record() always returns an empty array in PHP.wasm. in /wordpress/wp-content/plugins/spam-master/includes/admin/upgrade/spam-master-admin-upgrade-to-6-7-0.php on line 599","level":"WARNING","type":"PHP","test":"asyncify-boot","plugin":"springest-partners","details":"[22-May-2025 02:02:43 UTC] PHP Warning:  dns_get_record(): dns_get_record() always returns an empty array in PHP.wasm. in /wordpress/wp-content/plugins/spam-master/includes/admin/upgrade/spam-master-admin-upgrade-to-6-7-0.php on line 599","log":"/logs/plugins/s/springest-partners/error.json"}
,
{"message":"dns_get_record(): dns_get_record() always returns an empty array in PHP.wasm. in /wordpress/wp-content/plugins/spam-master/includes/admin/spam-master-admin-connection-sender.php on line 125","level":"WARNING","type":"PHP","test":"asyncify-boot","plugin":"springest-partners","details":"[22-May-2025 02:02:45 UTC] PHP Warning:  dns_get_record(): dns_get_record() always returns an empty array in PHP.wasm. in /wordpress/wp-content/plugins/spam-master/includes/admin/spam-master-admin-connection-sender.php on line 125","log":"/logs/plugins/s/springest-partners/error.json"}
,
{"message":"Undefined array key 0 in /wordpress/wp-content/plugins/spam-master/includes/admin/spam-master-admin-connection-sender.php on line 126","level":"WARNING","type":"PHP","test":"asyncify-boot","plugin":"springest-partners","details":"[22-May-2025 02:02:45 UTC] PHP Warning:  Undefined array key 0 in /wordpress/wp-content/plugins/spam-master/includes/admin/spam-master-admin-connection-sender.php on line 126","log":"/logs/plugins/s/springest-partners/error.json"}
,
{"message":"Trying to access array offset on value of type null in /wordpress/wp-content/plugins/spam-master/includes/admin/spam-master-admin-connection-sender.php on line 126","level":"WARNING","type":"PHP","test":"asyncify-boot","plugin":"springest-partners","details":"[22-May-2025 02:02:45 UTC] PHP Warning:  Trying to access array offset on value of type null in /wordpress/wp-content/plugins/spam-master/includes/admin/spam-master-admin-connection-sender.php on line 126","log":"/logs/plugins/s/springest-partners/error.json"}
,
{"message":"dns_get_record(): dns_get_record() always returns an empty array in PHP.wasm. in /wordpress/wp-content/plugins/spam-master/includes/admin/spam-master-admin-connection-sender.php on line 135","level":"WARNING","type":"PHP","test":"asyncify-boot","plugin":"springest-partners","details":"[22-May-2025 02:02:45 UTC] PHP Warning:  dns_get_record(): dns_get_record() always returns an empty array in PHP.wasm. in /wordpress/wp-content/plugins/spam-master/includes/admin/spam-master-admin-connection-sender.php on line 135","log":"/logs/plugins/s/springest-partners/error.json"}
,
{"message":"Undefined array key 0 in /wordpress/wp-content/plugins/spam-master/includes/admin/spam-master-admin-connection-sender.php on line 136","level":"WARNING","type":"PHP","test":"asyncify-boot","plugin":"springest-partners","details":"[22-May-2025 02:02:45 UTC] PHP Warning:  Undefined array key 0 in /wordpress/wp-content/plugins/spam-master/includes/admin/spam-master-admin-connection-sender.php on line 136","log":"/logs/plugins/s/springest-partners/error.json"}
,
{"message":"Trying to access array offset on value of type null in /wordpress/wp-content/plugins/spam-master/includes/admin/spam-master-admin-connection-sender.php on line 136","level":"WARNING","type":"PHP","test":"asyncify-boot","plugin":"springest-partners","details":"[22-May-2025 02:02:45 UTC] PHP Warning:  Trying to access array offset on value of type null in /wordpress/wp-content/plugins/spam-master/includes/admin/spam-master-admin-connection-sender.php on line 136","log":"/logs/plugins/s/springest-partners/error.json"}
,
{"message":"Function wpdb::prepare was called <strong>incorrectly</strong>. Unsupported value type (array). Please see <a href=\"https://developer.wordpress.org/advanced-administration/debug/debug-wordpress/\">Debugging in WordPress</a> for more information. (This message was added in version 4.8.2.) in /wordpress/wp-includes/functions.php on line 6121","level":"NOTICE","type":"PHP","test":"asyncify-boot","plugin":"springest-partners","details":"[22-May-2025 02:02:47 UTC] PHP Notice:  Function wpdb::prepare was called <strong>incorrectly</strong>. Unsupported value type (array). Please see <a href=\"https://developer.wordpress.org/advanced-administration/debug/debug-wordpress/\">Debugging in WordPress</a> for more information. (This message was added in version 4.8.2.) in /wordpress/wp-includes/functions.php on line 6121","log":"/logs/plugins/s/springest-partners/error.json"}
,
{"message":"Function _load_textdomain_just_in_time was called <strong>incorrectly</strong>. Translation loading for the <code>spam-master</code> domain was triggered too early. This is usually an indicator for some code in the plugin or theme running too early. Translations should be loaded at the <code>init</code> action or later. Please see <a href=\"https://developer.wordpress.org/advanced-administration/debug/debug-wordpress/\">Debugging in WordPress</a> for more information. (This message was added in version 6.7.0.) in /wordpress/wp-includes/functions.php on line 6121","level":"NOTICE","type":"PHP","test":"asyncify-boot","plugin":"springest-partners","details":"[22-May-2025 02:02:57 UTC] PHP Notice:  Function _load_textdomain_just_in_time was called <strong>incorrectly</strong>. Translation loading for the <code>spam-master</code> domain was triggered too early. This is usually an indicator for some code in the plugin or theme running too early. Translations should be loaded at the <code>init</code> action or later. Please see <a href=\"https://developer.wordpress.org/advanced-administration/debug/debug-wordpress/\">Debugging in WordPress</a> for more information. (This message was added in version 6.7.0.) in /wordpress/wp-includes/functions.php on line 6121","log":"/logs/plugins/s/springest-partners/error.json"}
,
{"message":"dns_get_record(): dns_get_record() always returns an empty array in PHP.wasm. in /wordpress/wp-content/plugins/spam-master/includes/controllers/class-spammasterkeycontroller.php on line 272","level":"WARNING","type":"PHP","test":"asyncify-boot","plugin":"springest-partners","details":"[22-May-2025 02:02:57 UTC] PHP Warning:  dns_get_record(): dns_get_record() always returns an empty array in PHP.wasm. in /wordpress/wp-content/plugins/spam-master/includes/controllers/class-spammasterkeycontroller.php on line 272","log":"/logs/plugins/s/springest-partners/error.json"}
,
{"message":"SQLSTATE[HY000]: General error: 1 near \",\": syntax error.","level":"FATAL","type":"SQL","test":"asyncify-boot","plugin":"springest-partners","details":"[22-May-2025 02:02:58 UTC] WordPress database error <div style=\"clear:both\">&nbsp;</div>\n<div class=\"queries\" style=\"clear:both;margin-bottom:2px;border:red dotted thin;\">\n<p>MySQL query:</p>\n<p>delete from t1, t2\n\t\t\t\t\t\t\t\t\t\tusing wp_options t1\n\t\t\t\t\t\t\t\t\t\tjoin wp_options t2 on t2.option_name = replace(t1.option_name, '_timeout', '')\n\t\t\t\t\t\t\t\t\t\twhere (t1.option_name like '\\_transient\\_timeout\\_spam_master_firewall_ip%' or t1.option_name like '\\_site\\_transient\\_timeout\\_spam_master_firewall_ip%');</p>\n<p>Queries made or created this session were:</p>\n<ol>\n<li>Executing: BEGIN | (no parameters)</li>\n<li>Executing: delete from t1, t2\n\t\t\t\t\t\t\t\t\t\tusing wp_options t1\n\t\t\t\t\t\t\t\t\t\tjoin wp_options t2 on t2.option_name = replace(t1.option_name, :param0 , :param1 )\n\t\t\t\t\t\t\t\t\t\twhere (t1.option_name like :param2  ESCAPE '\u001a'  or t1.option_name like :param3  ESCAPE '\u001a' ); | parameters: _timeout, , \u001a_transient\u001a_timeout\u001a_spam_master_firewall_ip%, \u001a_site\u001a_transient\u001a_timeout\u001a_spam_master_firewall_ip%</li>\n<li>Executing: ROLLBACK | (no parameters)</li>\n</ol>\n</div>\n<div style=\"clear:both;margin-bottom:2px;border:red dotted thin;\" class=\"error_message\" style=\"border-bottom:dotted blue thin;\">\nError occurred at line 4117 in Function <code>handle_error</code>. Error message was: SQLSTATE[HY000]: General error: 1 near \",\": syntax error.\n</div>\n<p>Backtrace:</p>\n<pre>#0 /internal/shared/sqlite-database-integration/wp-includes/sqlite/class-wp-sqlite-db.php(287): WP_SQLite_Translator->get_error_message()\n#1 /wordpress/wp-content/plugins/spam-master/includes/admin/upgrade/spam-master-admin-upgrade-to-6.php(60): WP_SQLite_DB->query('delete from t1,...')\n#2 /wordpress/wp-content/plugins/spam-master/class-spammaster.php(333): require_once('/wordpress/wp-c...')\n#3 /wordpress/wp-includes/class-wp-hook.php(324): spam_master_activate_upgrade('')\n#4 /wordpress/wp-includes/class-wp-hook.php(348): WP_Hook->apply_filters(NULL, Array)\n#5 /wordpress/wp-includes/plugin.php(517): WP_Hook->do_action(Array)\n#6 /wordpress/wp-settings.php(578): do_action('plugins_loaded')\n#7 /wordpress/wp-config.php(102): require_once('/wordpress/wp-s...')\n#8 /wordpress/wp-load.php(50): require_once('/wordpress/wp-c...')\n#9 /internal/eval.php(3): require_once('/wordpress/wp-l...')\n#10 {main}</pre>\n for query delete from t1, t2\n\t\t\t\t\t\t\t\t\t\tusing wp_options t1\n\t\t\t\t\t\t\t\t\t\tjoin wp_options t2 on t2.option_name = replace(t1.option_name, '_timeout', '')\n\t\t\t\t\t\t\t\t\t\twhere (t1.option_name like '\\_transient\\_timeout\\_spam_master_firewall_ip%' or t1.option_name like '\\_site\\_transient\\_timeout\\_spam_master_firewall_ip%'); made by require_once('wp-load.php'), require_once('wp-config.php'), require_once('wp-settings.php'), do_action('plugins_loaded'), WP_Hook->do_action, WP_Hook->apply_filters, spam_master_activate_upgrade, require_once('/plugins/spam-master/includes/admin/upgrade/spam-master-admin-upgrade-to-6.php'), WP_SQLite_DB->query, WP_SQLite_DB->print_error","log":"/logs/plugins/s/springest-partners/error.json"}
,
{"message":"SQLSTATE[HY000]: General error: 1 near \",\": syntax error.","level":"FATAL","type":"SQL","test":"asyncify-boot","plugin":"springest-partners","details":"[22-May-2025 02:02:58 UTC] WordPress database error <div style=\"clear:both\">&nbsp;</div>\n<div class=\"queries\" style=\"clear:both;margin-bottom:2px;border:red dotted thin;\">\n<p>MySQL query:</p>\n<p>delete from t1, t2\n\t\t\t\t\t\t\t\t\t\tusing wp_options t1\n\t\t\t\t\t\t\t\t\t\tjoin wp_options t2 on t2.option_name = replace(t1.option_name, '_timeout', '')\n\t\t\t\t\t\t\t\t\t\twhere (t1.option_name like '\\_transient\\_timeout\\_spam_master_invalid_email%' or t1.option_name like '\\_site\\_transient\\_timeout\\_spam_master_invalid_email%');</p>\n<p>Queries made or created this session were:</p>\n<ol>\n<li>Executing: BEGIN | (no parameters)</li>\n<li>Executing: delete from t1, t2\n\t\t\t\t\t\t\t\t\t\tusing wp_options t1\n\t\t\t\t\t\t\t\t\t\tjoin wp_options t2 on t2.option_name = replace(t1.option_name, :param0 , :param1 )\n\t\t\t\t\t\t\t\t\t\twhere (t1.option_name like :param2  ESCAPE '\u001a'  or t1.option_name like :param3  ESCAPE '\u001a' ); | parameters: _timeout, , \u001a_transient\u001a_timeout\u001a_spam_master_invalid_email%, \u001a_site\u001a_transient\u001a_timeout\u001a_spam_master_invalid_email%</li>\n<li>Executing: ROLLBACK | (no parameters)</li>\n</ol>\n</div>\n<div style=\"clear:both;margin-bottom:2px;border:red dotted thin;\" class=\"error_message\" style=\"border-bottom:dotted blue thin;\">\nError occurred at line 4117 in Function <code>handle_error</code>. Error message was: SQLSTATE[HY000]: General error: 1 near \",\": syntax error.\n</div>\n<p>Backtrace:</p>\n<pre>#0 /internal/shared/sqlite-database-integration/wp-includes/sqlite/class-wp-sqlite-db.php(287): WP_SQLite_Translator->get_error_message()\n#1 /wordpress/wp-content/plugins/spam-master/includes/admin/upgrade/spam-master-admin-upgrade-to-6.php(75): WP_SQLite_DB->query('delete from t1,...')\n#2 /wordpress/wp-content/plugins/spam-master/class-spammaster.php(333): require_once('/wordpress/wp-c...')\n#3 /wordpress/wp-includes/class-wp-hook.php(324): spam_master_activate_upgrade('')\n#4 /wordpress/wp-includes/class-wp-hook.php(348): WP_Hook->apply_filters(NULL, Array)\n#5 /wordpress/wp-includes/plugin.php(517): WP_Hook->do_action(Array)\n#6 /wordpress/wp-settings.php(578): do_action('plugins_loaded')\n#7 /wordpress/wp-config.php(102): require_once('/wordpress/wp-s...')\n#8 /wordpress/wp-load.php(50): require_once('/wordpress/wp-c...')\n#9 /internal/eval.php(3): require_once('/wordpress/wp-l...')\n#10 {main}</pre>\n for query delete from t1, t2\n\t\t\t\t\t\t\t\t\t\tusing wp_options t1\n\t\t\t\t\t\t\t\t\t\tjoin wp_options t2 on t2.option_name = replace(t1.option_name, '_timeout', '')\n\t\t\t\t\t\t\t\t\t\twhere (t1.option_name like '\\_transient\\_timeout\\_spam_master_invalid_email%' or t1.option_name like '\\_site\\_transient\\_timeout\\_spam_master_invalid_email%'); made by require_once('wp-load.php'), require_once('wp-config.php'), require_once('wp-settings.php'), do_action('plugins_loaded'), WP_Hook->do_action, WP_Hook->apply_filters, spam_master_activate_upgrade, require_once('/plugins/spam-master/includes/admin/upgrade/spam-master-admin-upgrade-to-6.php'), WP_SQLite_DB->query, WP_SQLite_DB->print_error","log":"/logs/plugins/s/springest-partners/error.json"}
,
{"message":"SQLSTATE[HY000]: General error: 1 near \"EXISTS\": syntax error.","level":"FATAL","type":"SQL","test":"asyncify-boot","plugin":"springest-partners","details":"[22-May-2025 02:02:59 UTC] WordPress database error <div style=\"clear:both\">&nbsp;</div>\n<div class=\"queries\" style=\"clear:both;margin-bottom:2px;border:red dotted thin;\">\n<p>MySQL query:</p>\n<p>ALTER TABLE wp_spam_master_keys DROP COLUMN IF EXISTS spamip</p>\n<p>Queries made or created this session were:</p>\n<ol>\n<li>Executing: BEGIN | (no parameters)</li>\n<li>Executing: ALTER TABLE wp_spam_master_keys DROP COLUMN IF EXISTS spamip | (no parameters)</li>\n<li>Executing: ROLLBACK | (no parameters)</li>\n</ol>\n</div>\n<div style=\"clear:both;margin-bottom:2px;border:red dotted thin;\" class=\"error_message\" style=\"border-bottom:dotted blue thin;\">\nError occurred at line 4117 in Function <code>handle_error</code>. Error message was: SQLSTATE[HY000]: General error: 1 near \"EXISTS\": syntax error.\n</div>\n<p>Backtrace:</p>\n<pre>#0 /internal/shared/sqlite-database-integration/wp-includes/sqlite/class-wp-sqlite-db.php(287): WP_SQLite_Translator->get_error_message()\n#1 /wordpress/wp-content/plugins/spam-master/includes/admin/upgrade/spam-master-admin-upgrade-to-6-6-1.php(89): WP_SQLite_DB->query('ALTER TABLE wp_...')\n#2 /wordpress/wp-content/plugins/spam-master/class-spammaster.php(340): require_once('/wordpress/wp-c...')\n#3 /wordpress/wp-includes/class-wp-hook.php(324): spam_master_activate_upgrade('')\n#4 /wordpress/wp-includes/class-wp-hook.php(348): WP_Hook->apply_filters(NULL, Array)\n#5 /wordpress/wp-includes/plugin.php(517): WP_Hook->do_action(Array)\n#6 /wordpress/wp-settings.php(578): do_action('plugins_loaded')\n#7 /wordpress/wp-config.php(102): require_once('/wordpress/wp-s...')\n#8 /wordpress/wp-load.php(50): require_once('/wordpress/wp-c...')\n#9 /internal/eval.php(3): require_once('/wordpress/wp-l...')\n#10 {main}</pre>\n for query ALTER TABLE wp_spam_master_keys DROP COLUMN IF EXISTS spamip made by require_once('wp-load.php'), require_once('wp-config.php'), require_once('wp-settings.php'), do_action('plugins_loaded'), WP_Hook->do_action, WP_Hook->apply_filters, spam_master_activate_upgrade, require_once('/plugins/spam-master/includes/admin/upgrade/spam-master-admin-upgrade-to-6-6-1.php'), WP_SQLite_DB->query, WP_SQLite_DB->print_error","log":"/logs/plugins/s/springest-partners/error.json"}
,
{"message":"SQLSTATE[HY000]: General error: 1 near \"EXISTS\": syntax error.","level":"FATAL","type":"SQL","test":"asyncify-boot","plugin":"springest-partners","details":"[22-May-2025 02:02:59 UTC] WordPress database error <div style=\"clear:both\">&nbsp;</div>\n<div class=\"queries\" style=\"clear:both;margin-bottom:2px;border:red dotted thin;\">\n<p>MySQL query:</p>\n<p>ALTER TABLE wp_spam_master_keys DROP COLUMN IF EXISTS spamco</p>\n<p>Queries made or created this session were:</p>\n<ol>\n<li>Executing: BEGIN | (no parameters)</li>\n<li>Executing: ALTER TABLE wp_spam_master_keys DROP COLUMN IF EXISTS spamco | (no parameters)</li>\n<li>Executing: ROLLBACK | (no parameters)</li>\n</ol>\n</div>\n<div style=\"clear:both;margin-bottom:2px;border:red dotted thin;\" class=\"error_message\" style=\"border-bottom:dotted blue thin;\">\nError occurred at line 4117 in Function <code>handle_error</code>. Error message was: SQLSTATE[HY000]: General error: 1 near \"EXISTS\": syntax error.\n</div>\n<p>Backtrace:</p>\n<pre>#0 /internal/shared/sqlite-database-integration/wp-includes/sqlite/class-wp-sqlite-db.php(287): WP_SQLite_Translator->get_error_message()\n#1 /wordpress/wp-content/plugins/spam-master/includes/admin/upgrade/spam-master-admin-upgrade-to-6-6-1.php(91): WP_SQLite_DB->query('ALTER TABLE wp_...')\n#2 /wordpress/wp-content/plugins/spam-master/class-spammaster.php(340): require_once('/wordpress/wp-c...')\n#3 /wordpress/wp-includes/class-wp-hook.php(324): spam_master_activate_upgrade('')\n#4 /wordpress/wp-includes/class-wp-hook.php(348): WP_Hook->apply_filters(NULL, Array)\n#5 /wordpress/wp-includes/plugin.php(517): WP_Hook->do_action(Array)\n#6 /wordpress/wp-settings.php(578): do_action('plugins_loaded')\n#7 /wordpress/wp-config.php(102): require_once('/wordpress/wp-s...')\n#8 /wordpress/wp-load.php(50): require_once('/wordpress/wp-c...')\n#9 /internal/eval.php(3): require_once('/wordpress/wp-l...')\n#10 {main}</pre>\n for query ALTER TABLE wp_spam_master_keys DROP COLUMN IF EXISTS spamco made by require_once('wp-load.php'), require_once('wp-config.php'), require_once('wp-settings.php'), do_action('plugins_loaded'), WP_Hook->do_action, WP_Hook->apply_filters, spam_master_activate_upgrade, require_once('/plugins/spam-master/includes/admin/upgrade/spam-master-admin-upgrade-to-6-6-1.php'), WP_SQLite_DB->query, WP_SQLite_DB->print_error","log":"/logs/plugins/s/springest-partners/error.json"}
,
{"message":"SQLSTATE[HY000]: General error: 1 near \"EXISTS\": syntax error.","level":"FATAL","type":"SQL","test":"asyncify-boot","plugin":"springest-partners","details":"[22-May-2025 02:02:59 UTC] WordPress database error <div style=\"clear:both\">&nbsp;</div>\n<div class=\"queries\" style=\"clear:both;margin-bottom:2px;border:red dotted thin;\">\n<p>MySQL query:</p>\n<p>ALTER TABLE wp_spam_master_keys DROP COLUMN IF EXISTS spamco</p>\n<p>Queries made or created this session were:</p>\n<ol>\n<li>Executing: BEGIN | (no parameters)</li>\n<li>Executing: ALTER TABLE wp_spam_master_keys DROP COLUMN IF EXISTS spamco | (no parameters)</li>\n<li>Executing: ROLLBACK | (no parameters)</li>\n</ol>\n</div>\n<div style=\"clear:both;margin-bottom:2px;border:red dotted thin;\" class=\"error_message\" style=\"border-bottom:dotted blue thin;\">\nError occurred at line 4117 in Function <code>handle_error</code>. Error message was: SQLSTATE[HY000]: General error: 1 near \"EXISTS\": syntax error.\n</div>\n<p>Backtrace:</p>\n<pre>#0 /internal/shared/sqlite-database-integration/wp-includes/sqlite/class-wp-sqlite-db.php(287): WP_SQLite_Translator->get_error_message()\n#1 /wordpress/wp-content/plugins/spam-master/includes/admin/upgrade/spam-master-admin-upgrade-to-6-6-1.php(93): WP_SQLite_DB->query('ALTER TABLE wp_...')\n#2 /wordpress/wp-content/plugins/spam-master/class-spammaster.php(340): require_once('/wordpress/wp-c...')\n#3 /wordpress/wp-includes/class-wp-hook.php(324): spam_master_activate_upgrade('')\n#4 /wordpress/wp-includes/class-wp-hook.php(348): WP_Hook->apply_filters(NULL, Array)\n#5 /wordpress/wp-includes/plugin.php(517): WP_Hook->do_action(Array)\n#6 /wordpress/wp-settings.php(578): do_action('plugins_loaded')\n#7 /wordpress/wp-config.php(102): require_once('/wordpress/wp-s...')\n#8 /wordpress/wp-load.php(50): require_once('/wordpress/wp-c...')\n#9 /internal/eval.php(3): require_once('/wordpress/wp-l...')\n#10 {main}</pre>\n for query ALTER TABLE wp_spam_master_keys DROP COLUMN IF EXISTS spamco made by require_once('wp-load.php'), require_once('wp-config.php'), require_once('wp-settings.php'), do_action('plugins_loaded'), WP_Hook->do_action, WP_Hook->apply_filters, spam_master_activate_upgrade, require_once('/plugins/spam-master/includes/admin/upgrade/spam-master-admin-upgrade-to-6-6-1.php'), WP_SQLite_DB->query, WP_SQLite_DB->print_error","log":"/logs/plugins/s/springest-partners/error.json"}
,
{"message":"SQLSTATE[HY000]: General error: 1 near \"EXISTS\": syntax error.","level":"FATAL","type":"SQL","test":"asyncify-boot","plugin":"springest-partners","details":"[22-May-2025 02:02:59 UTC] WordPress database error <div style=\"clear:both\">&nbsp;</div>\n<div class=\"queries\" style=\"clear:both;margin-bottom:2px;border:red dotted thin;\">\n<p>MySQL query:</p>\n<p>ALTER TABLE wp_spam_master_keys DROP COLUMN IF EXISTS spamcou</p>\n<p>Queries made or created this session were:</p>\n<ol>\n<li>Executing: BEGIN | (no parameters)</li>\n<li>Executing: ALTER TABLE wp_spam_master_keys DROP COLUMN IF EXISTS spamcou | (no parameters)</li>\n<li>Executing: ROLLBACK | (no parameters)</li>\n</ol>\n</div>\n<div style=\"clear:both;margin-bottom:2px;border:red dotted thin;\" class=\"error_message\" style=\"border-bottom:dotted blue thin;\">\nError occurred at line 4117 in Function <code>handle_error</code>. Error message was: SQLSTATE[HY000]: General error: 1 near \"EXISTS\": syntax error.\n</div>\n<p>Backtrace:</p>\n<pre>#0 /internal/shared/sqlite-database-integration/wp-includes/sqlite/class-wp-sqlite-db.php(287): WP_SQLite_Translator->get_error_message()\n#1 /wordpress/wp-content/plugins/spam-master/includes/admin/upgrade/spam-master-admin-upgrade-to-6-6-1.php(95): WP_SQLite_DB->query('ALTER TABLE wp_...')\n#2 /wordpress/wp-content/plugins/spam-master/class-spammaster.php(340): require_once('/wordpress/wp-c...')\n#3 /wordpress/wp-includes/class-wp-hook.php(324): spam_master_activate_upgrade('')\n#4 /wordpress/wp-includes/class-wp-hook.php(348): WP_Hook->apply_filters(NULL, Array)\n#5 /wordpress/wp-includes/plugin.php(517): WP_Hook->do_action(Array)\n#6 /wordpress/wp-settings.php(578): do_action('plugins_loaded')\n#7 /wordpress/wp-config.php(102): require_once('/wordpress/wp-s...')\n#8 /wordpress/wp-load.php(50): require_once('/wordpress/wp-c...')\n#9 /internal/eval.php(3): require_once('/wordpress/wp-l...')\n#10 {main}</pre>\n for query ALTER TABLE wp_spam_master_keys DROP COLUMN IF EXISTS spamcou made by require_once('wp-load.php'), require_once('wp-config.php'), require_once('wp-settings.php'), do_action('plugins_loaded'), WP_Hook->do_action, WP_Hook->apply_filters, spam_master_activate_upgrade, require_once('/plugins/spam-master/includes/admin/upgrade/spam-master-admin-upgrade-to-6-6-1.php'), WP_SQLite_DB->query, WP_SQLite_DB->print_error","log":"/logs/plugins/s/springest-partners/error.json"}
,
{"message":"SQLSTATE[HY000]: General error: 1 near \"EXISTS\": syntax error.","level":"FATAL","type":"SQL","test":"asyncify-boot","plugin":"springest-partners","details":"[22-May-2025 02:02:59 UTC] WordPress database error <div style=\"clear:both\">&nbsp;</div>\n<div class=\"queries\" style=\"clear:both;margin-bottom:2px;border:red dotted thin;\">\n<p>MySQL query:</p>\n<p>ALTER TABLE wp_spam_master_keys DROP COLUMN IF EXISTS spamrefe</p>\n<p>Queries made or created this session were:</p>\n<ol>\n<li>Executing: BEGIN | (no parameters)</li>\n<li>Executing: ALTER TABLE wp_spam_master_keys DROP COLUMN IF EXISTS spamrefe | (no parameters)</li>\n<li>Executing: ROLLBACK | (no parameters)</li>\n</ol>\n</div>\n<div style=\"clear:both;margin-bottom:2px;border:red dotted thin;\" class=\"error_message\" style=\"border-bottom:dotted blue thin;\">\nError occurred at line 4117 in Function <code>handle_error</code>. Error message was: SQLSTATE[HY000]: General error: 1 near \"EXISTS\": syntax error.\n</div>\n<p>Backtrace:</p>\n<pre>#0 /internal/shared/sqlite-database-integration/wp-includes/sqlite/class-wp-sqlite-db.php(287): WP_SQLite_Translator->get_error_message()\n#1 /wordpress/wp-content/plugins/spam-master/includes/admin/upgrade/spam-master-admin-upgrade-to-6-6-1.php(97): WP_SQLite_DB->query('ALTER TABLE wp_...')\n#2 /wordpress/wp-content/plugins/spam-master/class-spammaster.php(340): require_once('/wordpress/wp-c...')\n#3 /wordpress/wp-includes/class-wp-hook.php(324): spam_master_activate_upgrade('')\n#4 /wordpress/wp-includes/class-wp-hook.php(348): WP_Hook->apply_filters(NULL, Array)\n#5 /wordpress/wp-includes/plugin.php(517): WP_Hook->do_action(Array)\n#6 /wordpress/wp-settings.php(578): do_action('plugins_loaded')\n#7 /wordpress/wp-config.php(102): require_once('/wordpress/wp-s...')\n#8 /wordpress/wp-load.php(50): require_once('/wordpress/wp-c...')\n#9 /internal/eval.php(3): require_once('/wordpress/wp-l...')\n#10 {main}</pre>\n for query ALTER TABLE wp_spam_master_keys DROP COLUMN IF EXISTS spamrefe made by require_once('wp-load.php'), require_once('wp-config.php'), require_once('wp-settings.php'), do_action('plugins_loaded'), WP_Hook->do_action, WP_Hook->apply_filters, spam_master_activate_upgrade, require_once('/plugins/spam-master/includes/admin/upgrade/spam-master-admin-upgrade-to-6-6-1.php'), WP_SQLite_DB->query, WP_SQLite_DB->print_error","log":"/logs/plugins/s/springest-partners/error.json"}
,
{"message":"SQLSTATE[HY000]: General error: 1 near \"EXISTS\": syntax error.","level":"FATAL","type":"SQL","test":"asyncify-boot","plugin":"springest-partners","details":"[22-May-2025 02:02:59 UTC] WordPress database error <div style=\"clear:both\">&nbsp;</div>\n<div class=\"queries\" style=\"clear:both;margin-bottom:2px;border:red dotted thin;\">\n<p>MySQL query:</p>\n<p>ALTER TABLE wp_spam_master_keys DROP COLUMN IF EXISTS spamdest</p>\n<p>Queries made or created this session were:</p>\n<ol>\n<li>Executing: BEGIN | (no parameters)</li>\n<li>Executing: ALTER TABLE wp_spam_master_keys DROP COLUMN IF EXISTS spamdest | (no parameters)</li>\n<li>Executing: ROLLBACK | (no parameters)</li>\n</ol>\n</div>\n<div style=\"clear:both;margin-bottom:2px;border:red dotted thin;\" class=\"error_message\" style=\"border-bottom:dotted blue thin;\">\nError occurred at line 4117 in Function <code>handle_error</code>. Error message was: SQLSTATE[HY000]: General error: 1 near \"EXISTS\": syntax error.\n</div>\n<p>Backtrace:</p>\n<pre>#0 /internal/shared/sqlite-database-integration/wp-includes/sqlite/class-wp-sqlite-db.php(287): WP_SQLite_Translator->get_error_message()\n#1 /wordpress/wp-content/plugins/spam-master/includes/admin/upgrade/spam-master-admin-upgrade-to-6-6-1.php(99): WP_SQLite_DB->query('ALTER TABLE wp_...')\n#2 /wordpress/wp-content/plugins/spam-master/class-spammaster.php(340): require_once('/wordpress/wp-c...')\n#3 /wordpress/wp-includes/class-wp-hook.php(324): spam_master_activate_upgrade('')\n#4 /wordpress/wp-includes/class-wp-hook.php(348): WP_Hook->apply_filters(NULL, Array)\n#5 /wordpress/wp-includes/plugin.php(517): WP_Hook->do_action(Array)\n#6 /wordpress/wp-settings.php(578): do_action('plugins_loaded')\n#7 /wordpress/wp-config.php(102): require_once('/wordpress/wp-s...')\n#8 /wordpress/wp-load.php(50): require_once('/wordpress/wp-c...')\n#9 /internal/eval.php(3): require_once('/wordpress/wp-l...')\n#10 {main}</pre>\n for query ALTER TABLE wp_spam_master_keys DROP COLUMN IF EXISTS spamdest made by require_once('wp-load.php'), require_once('wp-config.php'), require_once('wp-settings.php'), do_action('plugins_loaded'), WP_Hook->do_action, WP_Hook->apply_filters, spam_master_activate_upgrade, require_once('/plugins/spam-master/includes/admin/upgrade/spam-master-admin-upgrade-to-6-6-1.php'), WP_SQLite_DB->query, WP_SQLite_DB->print_error","log":"/logs/plugins/s/springest-partners/error.json"}
,
{"message":"SQLSTATE[HY000]: General error: 1 near \"EXISTS\": syntax error.","level":"FATAL","type":"SQL","test":"asyncify-boot","plugin":"springest-partners","details":"[22-May-2025 02:02:59 UTC] WordPress database error <div style=\"clear:both\">&nbsp;</div>\n<div class=\"queries\" style=\"clear:both;margin-bottom:2px;border:red dotted thin;\">\n<p>MySQL query:</p>\n<p>ALTER TABLE wp_spam_master_keys DROP COLUMN IF EXISTS spamagen</p>\n<p>Queries made or created this session were:</p>\n<ol>\n<li>Executing: BEGIN | (no parameters)</li>\n<li>Executing: ALTER TABLE wp_spam_master_keys DROP COLUMN IF EXISTS spamagen | (no parameters)</li>\n<li>Executing: ROLLBACK | (no parameters)</li>\n</ol>\n</div>\n<div style=\"clear:both;margin-bottom:2px;border:red dotted thin;\" class=\"error_message\" style=\"border-bottom:dotted blue thin;\">\nError occurred at line 4117 in Function <code>handle_error</code>. Error message was: SQLSTATE[HY000]: General error: 1 near \"EXISTS\": syntax error.\n</div>\n<p>Backtrace:</p>\n<pre>#0 /internal/shared/sqlite-database-integration/wp-includes/sqlite/class-wp-sqlite-db.php(287): WP_SQLite_Translator->get_error_message()\n#1 /wordpress/wp-content/plugins/spam-master/includes/admin/upgrade/spam-master-admin-upgrade-to-6-6-1.php(101): WP_SQLite_DB->query('ALTER TABLE wp_...')\n#2 /wordpress/wp-content/plugins/spam-master/class-spammaster.php(340): require_once('/wordpress/wp-c...')\n#3 /wordpress/wp-includes/class-wp-hook.php(324): spam_master_activate_upgrade('')\n#4 /wordpress/wp-includes/class-wp-hook.php(348): WP_Hook->apply_filters(NULL, Array)\n#5 /wordpress/wp-includes/plugin.php(517): WP_Hook->do_action(Array)\n#6 /wordpress/wp-settings.php(578): do_action('plugins_loaded')\n#7 /wordpress/wp-config.php(102): require_once('/wordpress/wp-s...')\n#8 /wordpress/wp-load.php(50): require_once('/wordpress/wp-c...')\n#9 /internal/eval.php(3): require_once('/wordpress/wp-l...')\n#10 {main}</pre>\n for query ALTER TABLE wp_spam_master_keys DROP COLUMN IF EXISTS spamagen made by require_once('wp-load.php'), require_once('wp-config.php'), require_once('wp-settings.php'), do_action('plugins_loaded'), WP_Hook->do_action, WP_Hook->apply_filters, spam_master_activate_upgrade, require_once('/plugins/spam-master/includes/admin/upgrade/spam-master-admin-upgrade-to-6-6-1.php'), WP_SQLite_DB->query, WP_SQLite_DB->print_error","log":"/logs/plugins/s/springest-partners/error.json"}
,
{"message":"SQLSTATE[HY000]: General error: 1 near \"EXISTS\": syntax error.","level":"FATAL","type":"SQL","test":"asyncify-boot","plugin":"springest-partners","details":"[22-May-2025 02:02:59 UTC] WordPress database error <div style=\"clear:both\">&nbsp;</div>\n<div class=\"queries\" style=\"clear:both;margin-bottom:2px;border:red dotted thin;\">\n<p>MySQL query:</p>\n<p>ALTER TABLE wp_spam_master_keys DROP COLUMN IF EXISTS spamuser</p>\n<p>Queries made or created this session were:</p>\n<ol>\n<li>Executing: BEGIN | (no parameters)</li>\n<li>Executing: ALTER TABLE wp_spam_master_keys DROP COLUMN IF EXISTS spamuser | (no parameters)</li>\n<li>Executing: ROLLBACK | (no parameters)</li>\n</ol>\n</div>\n<div style=\"clear:both;margin-bottom:2px;border:red dotted thin;\" class=\"error_message\" style=\"border-bottom:dotted blue thin;\">\nError occurred at line 4117 in Function <code>handle_error</code>. Error message was: SQLSTATE[HY000]: General error: 1 near \"EXISTS\": syntax error.\n</div>\n<p>Backtrace:</p>\n<pre>#0 /internal/shared/sqlite-database-integration/wp-includes/sqlite/class-wp-sqlite-db.php(287): WP_SQLite_Translator->get_error_message()\n#1 /wordpress/wp-content/plugins/spam-master/includes/admin/upgrade/spam-master-admin-upgrade-to-6-6-1.php(103): WP_SQLite_DB->query('ALTER TABLE wp_...')\n#2 /wordpress/wp-content/plugins/spam-master/class-spammaster.php(340): require_once('/wordpress/wp-c...')\n#3 /wordpress/wp-includes/class-wp-hook.php(324): spam_master_activate_upgrade('')\n#4 /wordpress/wp-includes/class-wp-hook.php(348): WP_Hook->apply_filters(NULL, Array)\n#5 /wordpress/wp-includes/plugin.php(517): WP_Hook->do_action(Array)\n#6 /wordpress/wp-settings.php(578): do_action('plugins_loaded')\n#7 /wordpress/wp-config.php(102): require_once('/wordpress/wp-s...')\n#8 /wordpress/wp-load.php(50): require_once('/wordpress/wp-c...')\n#9 /internal/eval.php(3): require_once('/wordpress/wp-l...')\n#10 {main}</pre>\n for query ALTER TABLE wp_spam_master_keys DROP COLUMN IF EXISTS spamuser made by require_once('wp-load.php'), require_once('wp-config.php'), require_once('wp-settings.php'), do_action('plugins_loaded'), WP_Hook->do_action, WP_Hook->apply_filters, spam_master_activate_upgrade, require_once('/plugins/spam-master/includes/admin/upgrade/spam-master-admin-upgrade-to-6-6-1.php'), WP_SQLite_DB->query, WP_SQLite_DB->print_error","log":"/logs/plugins/s/springest-partners/error.json"}
,
{"message":"Unknown operation: MODIFY.","level":"FATAL","type":"SQL","test":"asyncify-boot","plugin":"springest-partners","details":"[22-May-2025 02:02:59 UTC] WordPress database error <div style=\"clear:both\">&nbsp;</div>\n<div class=\"queries\" style=\"clear:both;margin-bottom:2px;border:red dotted thin;\">\n<p>MySQL query:</p>\n<p>ALTER TABLE wp_spam_master_keys MODIFY spamvalue LONGTEXT NOT NULL AFTER spamy</p>\n<p>Queries made or created this session were:</p>\n<ol>\n<li>Executing: BEGIN | (no parameters)</li>\n<li>Executing: ROLLBACK | (no parameters)</li>\n</ol>\n</div>\n<div style=\"clear:both;margin-bottom:2px;border:red dotted thin;\" class=\"error_message\" style=\"border-bottom:dotted blue thin;\">\nError occurred at line 4117 in Function <code>handle_error</code>. Error message was: Unknown operation: MODIFY.\n</div>\n<p>Backtrace:</p>\n<pre>#0 /internal/shared/sqlite-database-integration/wp-includes/sqlite/class-wp-sqlite-db.php(287): WP_SQLite_Translator->get_error_message()\n#1 /wordpress/wp-content/plugins/spam-master/includes/admin/upgrade/spam-master-admin-upgrade-to-6-6-1.php(105): WP_SQLite_DB->query('ALTER TABLE wp_...')\n#2 /wordpress/wp-content/plugins/spam-master/class-spammaster.php(340): require_once('/wordpress/wp-c...')\n#3 /wordpress/wp-includes/class-wp-hook.php(324): spam_master_activate_upgrade('')\n#4 /wordpress/wp-includes/class-wp-hook.php(348): WP_Hook->apply_filters(NULL, Array)\n#5 /wordpress/wp-includes/plugin.php(517): WP_Hook->do_action(Array)\n#6 /wordpress/wp-settings.php(578): do_action('plugins_loaded')\n#7 /wordpress/wp-config.php(102): require_once('/wordpress/wp-s...')\n#8 /wordpress/wp-load.php(50): require_once('/wordpress/wp-c...')\n#9 /internal/eval.php(3): require_once('/wordpress/wp-l...')\n#10 {main}</pre>\n for query ALTER TABLE wp_spam_master_keys MODIFY spamvalue LONGTEXT NOT NULL AFTER spamy made by require_once('wp-load.php'), require_once('wp-config.php'), require_once('wp-settings.php'), do_action('plugins_loaded'), WP_Hook->do_action, WP_Hook->apply_filters, spam_master_activate_upgrade, require_once('/plugins/spam-master/includes/admin/upgrade/spam-master-admin-upgrade-to-6-6-1.php'), WP_SQLite_DB->query, WP_SQLite_DB->print_error","log":"/logs/plugins/s/springest-partners/error.json"}
,
{"message":"dns_get_record(): dns_get_record() always returns an empty array in PHP.wasm. in /wordpress/wp-content/plugins/spam-master/includes/admin/upgrade/spam-master-admin-upgrade-to-6-7-0.php on line 599","level":"WARNING","type":"PHP","test":"asyncify-boot","plugin":"springest-partners","details":"[22-May-2025 02:03:00 UTC] PHP Warning:  dns_get_record(): dns_get_record() always returns an empty array in PHP.wasm. in /wordpress/wp-content/plugins/spam-master/includes/admin/upgrade/spam-master-admin-upgrade-to-6-7-0.php on line 599","log":"/logs/plugins/s/springest-partners/error.json"}
,
{"message":"dns_get_record(): dns_get_record() always returns an empty array in PHP.wasm. in /wordpress/wp-content/plugins/spam-master/includes/admin/spam-master-admin-connection-sender.php on line 125","level":"WARNING","type":"PHP","test":"asyncify-boot","plugin":"springest-partners","details":"[22-May-2025 02:03:01 UTC] PHP Warning:  dns_get_record(): dns_get_record() always returns an empty array in PHP.wasm. in /wordpress/wp-content/plugins/spam-master/includes/admin/spam-master-admin-connection-sender.php on line 125","log":"/logs/plugins/s/springest-partners/error.json"}
,
{"message":"Undefined array key 0 in /wordpress/wp-content/plugins/spam-master/includes/admin/spam-master-admin-connection-sender.php on line 126","level":"WARNING","type":"PHP","test":"asyncify-boot","plugin":"springest-partners","details":"[22-May-2025 02:03:01 UTC] PHP Warning:  Undefined array key 0 in /wordpress/wp-content/plugins/spam-master/includes/admin/spam-master-admin-connection-sender.php on line 126","log":"/logs/plugins/s/springest-partners/error.json"}
,
{"message":"Trying to access array offset on value of type null in /wordpress/wp-content/plugins/spam-master/includes/admin/spam-master-admin-connection-sender.php on line 126","level":"WARNING","type":"PHP","test":"asyncify-boot","plugin":"springest-partners","details":"[22-May-2025 02:03:01 UTC] PHP Warning:  Trying to access array offset on value of type null in /wordpress/wp-content/plugins/spam-master/includes/admin/spam-master-admin-connection-sender.php on line 126","log":"/logs/plugins/s/springest-partners/error.json"}
,
{"message":"dns_get_record(): dns_get_record() always returns an empty array in PHP.wasm. in /wordpress/wp-content/plugins/spam-master/includes/admin/spam-master-admin-connection-sender.php on line 135","level":"WARNING","type":"PHP","test":"asyncify-boot","plugin":"springest-partners","details":"[22-May-2025 02:03:01 UTC] PHP Warning:  dns_get_record(): dns_get_record() always returns an empty array in PHP.wasm. in /wordpress/wp-content/plugins/spam-master/includes/admin/spam-master-admin-connection-sender.php on line 135","log":"/logs/plugins/s/springest-partners/error.json"}
,
{"message":"Undefined array key 0 in /wordpress/wp-content/plugins/spam-master/includes/admin/spam-master-admin-connection-sender.php on line 136","level":"WARNING","type":"PHP","test":"asyncify-boot","plugin":"springest-partners","details":"[22-May-2025 02:03:01 UTC] PHP Warning:  Undefined array key 0 in /wordpress/wp-content/plugins/spam-master/includes/admin/spam-master-admin-connection-sender.php on line 136","log":"/logs/plugins/s/springest-partners/error.json"}
,
{"message":"Trying to access array offset on value of type null in /wordpress/wp-content/plugins/spam-master/includes/admin/spam-master-admin-connection-sender.php on line 136","level":"WARNING","type":"PHP","test":"asyncify-boot","plugin":"springest-partners","details":"[22-May-2025 02:03:01 UTC] PHP Warning:  Trying to access array offset on value of type null in /wordpress/wp-content/plugins/spam-master/includes/admin/spam-master-admin-connection-sender.php on line 136","log":"/logs/plugins/s/springest-partners/error.json"}
,
{"message":"Function wpdb::prepare was called <strong>incorrectly</strong>. Unsupported value type (array). Please see <a href=\"https://developer.wordpress.org/advanced-administration/debug/debug-wordpress/\">Debugging in WordPress</a> for more information. (This message was added in version 4.8.2.) in /wordpress/wp-includes/functions.php on line 6121","level":"NOTICE","type":"PHP","test":"asyncify-boot","plugin":"springest-partners","details":"[22-May-2025 02:03:02 UTC] PHP Notice:  Function wpdb::prepare was called <strong>incorrectly</strong>. Unsupported value type (array). Please see <a href=\"https://developer.wordpress.org/advanced-administration/debug/debug-wordpress/\">Debugging in WordPress</a> for more information. (This message was added in version 4.8.2.) in /wordpress/wp-includes/functions.php on line 6121","log":"/logs/plugins/s/springest-partners/error.json"}
,
{"message":"Function _load_textdomain_just_in_time was called <strong>incorrectly</strong>. Translation loading for the <code>spam-master</code> domain was triggered too early. This is usually an indicator for some code in the plugin or theme running too early. Translations should be loaded at the <code>init</code> action or later. Please see <a href=\"https://developer.wordpress.org/advanced-administration/debug/debug-wordpress/\">Debugging in WordPress</a> for more information. (This message was added in version 6.7.0.) in /wordpress/wp-includes/functions.php on line 6121","level":"NOTICE","type":"PHP","test":"asyncify-boot","plugin":"springest-partners","details":"[22-May-2025 02:03:12 UTC] PHP Notice:  Function _load_textdomain_just_in_time was called <strong>incorrectly</strong>. Translation loading for the <code>spam-master</code> domain was triggered too early. This is usually an indicator for some code in the plugin or theme running too early. Translations should be loaded at the <code>init</code> action or later. Please see <a href=\"https://developer.wordpress.org/advanced-administration/debug/debug-wordpress/\">Debugging in WordPress</a> for more information. (This message was added in version 6.7.0.) in /wordpress/wp-includes/functions.php on line 6121","log":"/logs/plugins/s/springest-partners/error.json"}
,
{"message":"dns_get_record(): dns_get_record() always returns an empty array in PHP.wasm. in /wordpress/wp-content/plugins/spam-master/includes/controllers/class-spammasterkeycontroller.php on line 272","level":"WARNING","type":"PHP","test":"asyncify-boot","plugin":"springest-partners","details":"[22-May-2025 02:03:12 UTC] PHP Warning:  dns_get_record(): dns_get_record() always returns an empty array in PHP.wasm. in /wordpress/wp-content/plugins/spam-master/includes/controllers/class-spammasterkeycontroller.php on line 272","log":"/logs/plugins/s/springest-partners/error.json"}
,
{"message":"SQLSTATE[HY000]: General error: 1 near \",\": syntax error.","level":"FATAL","type":"SQL","test":"asyncify-boot","plugin":"springest-partners","details":"[22-May-2025 02:03:12 UTC] WordPress database error <div style=\"clear:both\">&nbsp;</div>\n<div class=\"queries\" style=\"clear:both;margin-bottom:2px;border:red dotted thin;\">\n<p>MySQL query:</p>\n<p>delete from t1, t2\n\t\t\t\t\t\t\t\t\t\tusing wp_options t1\n\t\t\t\t\t\t\t\t\t\tjoin wp_options t2 on t2.option_name = replace(t1.option_name, '_timeout', '')\n\t\t\t\t\t\t\t\t\t\twhere (t1.option_name like '\\_transient\\_timeout\\_spam_master_firewall_ip%' or t1.option_name like '\\_site\\_transient\\_timeout\\_spam_master_firewall_ip%');</p>\n<p>Queries made or created this session were:</p>\n<ol>\n<li>Executing: BEGIN | (no parameters)</li>\n<li>Executing: delete from t1, t2\n\t\t\t\t\t\t\t\t\t\tusing wp_options t1\n\t\t\t\t\t\t\t\t\t\tjoin wp_options t2 on t2.option_name = replace(t1.option_name, :param0 , :param1 )\n\t\t\t\t\t\t\t\t\t\twhere (t1.option_name like :param2  ESCAPE '\u001a'  or t1.option_name like :param3  ESCAPE '\u001a' ); | parameters: _timeout, , \u001a_transient\u001a_timeout\u001a_spam_master_firewall_ip%, \u001a_site\u001a_transient\u001a_timeout\u001a_spam_master_firewall_ip%</li>\n<li>Executing: ROLLBACK | (no parameters)</li>\n</ol>\n</div>\n<div style=\"clear:both;margin-bottom:2px;border:red dotted thin;\" class=\"error_message\" style=\"border-bottom:dotted blue thin;\">\nError occurred at line 4117 in Function <code>handle_error</code>. Error message was: SQLSTATE[HY000]: General error: 1 near \",\": syntax error.\n</div>\n<p>Backtrace:</p>\n<pre>#0 /internal/shared/sqlite-database-integration/wp-includes/sqlite/class-wp-sqlite-db.php(287): WP_SQLite_Translator->get_error_message()\n#1 /wordpress/wp-content/plugins/spam-master/includes/admin/upgrade/spam-master-admin-upgrade-to-6.php(60): WP_SQLite_DB->query('delete from t1,...')\n#2 /wordpress/wp-content/plugins/spam-master/class-spammaster.php(333): require_once('/wordpress/wp-c...')\n#3 /wordpress/wp-includes/class-wp-hook.php(324): spam_master_activate_upgrade('')\n#4 /wordpress/wp-includes/class-wp-hook.php(348): WP_Hook->apply_filters(NULL, Array)\n#5 /wordpress/wp-includes/plugin.php(517): WP_Hook->do_action(Array)\n#6 /wordpress/wp-settings.php(578): do_action('plugins_loaded')\n#7 /wordpress/wp-config.php(102): require_once('/wordpress/wp-s...')\n#8 /wordpress/wp-load.php(50): require_once('/wordpress/wp-c...')\n#9 /internal/eval.php(3): require_once('/wordpress/wp-l...')\n#10 {main}</pre>\n for query delete from t1, t2\n\t\t\t\t\t\t\t\t\t\tusing wp_options t1\n\t\t\t\t\t\t\t\t\t\tjoin wp_options t2 on t2.option_name = replace(t1.option_name, '_timeout', '')\n\t\t\t\t\t\t\t\t\t\twhere (t1.option_name like '\\_transient\\_timeout\\_spam_master_firewall_ip%' or t1.option_name like '\\_site\\_transient\\_timeout\\_spam_master_firewall_ip%'); made by require_once('wp-load.php'), require_once('wp-config.php'), require_once('wp-settings.php'), do_action('plugins_loaded'), WP_Hook->do_action, WP_Hook->apply_filters, spam_master_activate_upgrade, require_once('/plugins/spam-master/includes/admin/upgrade/spam-master-admin-upgrade-to-6.php'), WP_SQLite_DB->query, WP_SQLite_DB->print_error","log":"/logs/plugins/s/springest-partners/error.json"}
,
{"message":"SQLSTATE[HY000]: General error: 1 near \",\": syntax error.","level":"FATAL","type":"SQL","test":"asyncify-boot","plugin":"springest-partners","details":"[22-May-2025 02:03:13 UTC] WordPress database error <div style=\"clear:both\">&nbsp;</div>\n<div class=\"queries\" style=\"clear:both;margin-bottom:2px;border:red dotted thin;\">\n<p>MySQL query:</p>\n<p>delete from t1, t2\n\t\t\t\t\t\t\t\t\t\tusing wp_options t1\n\t\t\t\t\t\t\t\t\t\tjoin wp_options t2 on t2.option_name = replace(t1.option_name, '_timeout', '')\n\t\t\t\t\t\t\t\t\t\twhere (t1.option_name like '\\_transient\\_timeout\\_spam_master_invalid_email%' or t1.option_name like '\\_site\\_transient\\_timeout\\_spam_master_invalid_email%');</p>\n<p>Queries made or created this session were:</p>\n<ol>\n<li>Executing: BEGIN | (no parameters)</li>\n<li>Executing: delete from t1, t2\n\t\t\t\t\t\t\t\t\t\tusing wp_options t1\n\t\t\t\t\t\t\t\t\t\tjoin wp_options t2 on t2.option_name = replace(t1.option_name, :param0 , :param1 )\n\t\t\t\t\t\t\t\t\t\twhere (t1.option_name like :param2  ESCAPE '\u001a'  or t1.option_name like :param3  ESCAPE '\u001a' ); | parameters: _timeout, , \u001a_transient\u001a_timeout\u001a_spam_master_invalid_email%, \u001a_site\u001a_transient\u001a_timeout\u001a_spam_master_invalid_email%</li>\n<li>Executing: ROLLBACK | (no parameters)</li>\n</ol>\n</div>\n<div style=\"clear:both;margin-bottom:2px;border:red dotted thin;\" class=\"error_message\" style=\"border-bottom:dotted blue thin;\">\nError occurred at line 4117 in Function <code>handle_error</code>. Error message was: SQLSTATE[HY000]: General error: 1 near \",\": syntax error.\n</div>\n<p>Backtrace:</p>\n<pre>#0 /internal/shared/sqlite-database-integration/wp-includes/sqlite/class-wp-sqlite-db.php(287): WP_SQLite_Translator->get_error_message()\n#1 /wordpress/wp-content/plugins/spam-master/includes/admin/upgrade/spam-master-admin-upgrade-to-6.php(75): WP_SQLite_DB->query('delete from t1,...')\n#2 /wordpress/wp-content/plugins/spam-master/class-spammaster.php(333): require_once('/wordpress/wp-c...')\n#3 /wordpress/wp-includes/class-wp-hook.php(324): sp\n","log":"/logs/plugins/s/springest-partners/error.json"}
]
