[
{"message":"file:///home/runner/work/playground-tester/playground-tester/node_modules/@wp-playground/cli/index.js:237\n        throw new Error(y, { cause: u });\n              ^\n","level":"FATAL","type":"PLAYGROUND","test":"ast-sqlite-boot","plugin":"ruven-themes-post-formats-ui","details":"file:///home/runner/work/playground-tester/playground-tester/node_modules/@wp-playground/cli/index.js:237\n        throw new Error(y, { cause: u });\n              ^\n","log":"/tmp/tmp.E5oJ6MdaiL"}
,
{"message":"file_get_contents(/wordpress/.htaccess): Failed to open stream: No such file or directory in /wordpress/wp-content/plugins/rest-cache/includes/class.rewrite-rule.php on line 22","level":"WARNING","type":"PHP","test":"ast-sqlite-boot","plugin":"ruven-themes-post-formats-ui","details":"[07-May-2025 18:55:30 UTC] PHP Warning:  file_get_contents(/wordpress/.htaccess): Failed to open stream: No such file or directory in /wordpress/wp-content/plugins/rest-cache/includes/class.rewrite-rule.php on line 22","log":"/logs/plugins/r/ruven-themes-post-formats-ui/error.json"}
,
{"message":"Undefined array key \"DOCUMENT_ROOT\" in /wordpress/wp-content/plugins/rest-cache/includes/class.rewrite-rule.php on line 44","level":"WARNING","type":"PHP","test":"ast-sqlite-boot","plugin":"ruven-themes-post-formats-ui","details":"[07-May-2025 18:55:30 UTC] PHP Warning:  Undefined array key \"DOCUMENT_ROOT\" in /wordpress/wp-content/plugins/rest-cache/includes/class.rewrite-rule.php on line 44","log":"/logs/plugins/r/ruven-themes-post-formats-ui/error.json"}
,
{"message":"file_get_contents(/wordpress/.htaccess): Failed to open stream: No such file or directory in /wordpress/wp-content/plugins/rest-cache/includes/class.rewrite-rule.php on line 61","level":"WARNING","type":"PHP","test":"ast-sqlite-boot","plugin":"ruven-themes-post-formats-ui","details":"[07-May-2025 18:55:30 UTC] PHP Warning:  file_get_contents(/wordpress/.htaccess): Failed to open stream: No such file or directory in /wordpress/wp-content/plugins/rest-cache/includes/class.rewrite-rule.php on line 61","log":"/logs/plugins/r/ruven-themes-post-formats-ui/error.json"}
,
{"message":"Uncaught GuzzleHttp\\Exception\\ClientException: Client error: `GET http://127.0.0.1:9404/wp-content/plugins/rest-cache/service/public/api/install` resulted in a `404 Not Found` response:","level":"FATAL","type":"PHP","test":"ast-sqlite-boot","plugin":"ruven-themes-post-formats-ui","details":"[07-May-2025 18:55:33 UTC] PHP Fatal error:  Uncaught GuzzleHttp\\Exception\\ClientException: Client error: `GET http://127.0.0.1:9404/wp-content/plugins/rest-cache/service/public/api/install` resulted in a `404 Not Found` response:\n<!DOCTYPE html>\n<html lang=\"en-US\">\n<head>\n\t<meta charset=\"UTF-8\" />\n\t<meta name=\"viewport\" content=\"width=device-width, (truncated...)\n in /wordpress/wp-content/plugins/rest-cache/vendor/guzzlehttp/guzzle/src/Exception/RequestException.php:111\nStack trace:\n#0 /wordpress/wp-content/plugins/rest-cache/vendor/guzzlehttp/guzzle/src/Middleware.php(66): GuzzleHttp\\Exception\\RequestException::create(Object(GuzzleHttp\\Psr7\\Request), Object(GuzzleHttp\\Psr7\\Response))\n#1 /wordpress/wp-content/plugins/rest-cache/vendor/guzzlehttp/promises/src/Promise.php(203): GuzzleHttp\\Middleware::GuzzleHttp\\{closure}(Object(GuzzleHttp\\Psr7\\Response))\n#2 /wordpress/wp-content/plugins/rest-cache/vendor/guzzlehttp/promises/src/Promise.php(156): GuzzleHttp\\Promise\\Promise::callHandler(1, Object(GuzzleHttp\\Psr7\\Response), Array)\n#3 /wordpress/wp-content/plugins/rest-cache/vendor/guzzlehttp/promises/src/TaskQueue.php(47): GuzzleHttp\\Promise\\Promise::GuzzleHttp\\Promise\\{closure}()\n#4 /wordpress/wp-content/plugins/rest-cache/vendor/guzzlehttp/promises/src/Promise.php(246): GuzzleHttp\\Promise\\TaskQueue->run(true)\n#5 /wordpress/wp-content/plugins/rest-cache/vendor/guzzlehttp/promises/src/Promise.php(223): GuzzleHttp\\Promise\\Promise->invokeWaitFn()\n#6 /wordpress/wp-content/plugins/rest-cache/vendor/guzzlehttp/promises/src/Promise.php(267): GuzzleHttp\\Promise\\Promise->waitIfPending()\n#7 /wordpress/wp-content/plugins/rest-cache/vendor/guzzlehttp/promises/src/Promise.php(225): GuzzleHttp\\Promise\\Promise->invokeWaitList()\n#8 /wordpress/wp-content/plugins/rest-cache/vendor/guzzlehttp/promises/src/Promise.php(62): GuzzleHttp\\Promise\\Promise->waitIfPending()\n#9 /wordpress/wp-content/plugins/rest-cache/vendor/guzzlehttp/guzzle/src/Client.php(181): GuzzleHttp\\Promise\\Promise->wait()\n#10 /wordpress/wp-content/plugins/rest-cache/includes/class.plugin.php(94): GuzzleHttp\\Client->request('GET', 'http://127.0.0....', Array)\n#11 /wordpress/wp-includes/class-wp-hook.php(324): PerryRylance\\WordPress\\RESTCache\\Plugin->onActivate(false)\n#12 /wordpress/wp-includes/class-wp-hook.php(348): WP_Hook->apply_filters('', Array)\n#13 /wordpress/wp-includes/plugin.php(517): WP_Hook->do_action(Array)\n#14 /wordpress/wp-admin/includes/plugin.php(703): do_action('activate_rest-c...', false)\n#15 /internal/eval.php(20): activate_plugin('rest-cache/rest...')\n#16 {main}\n  thrown in /wordpress/wp-content/plugins/rest-cache/vendor/guzzlehttp/guzzle/src/Exception/RequestException.php on line 111","log":"/logs/plugins/r/ruven-themes-post-formats-ui/error.json"}
,
{"message":"Uncaught GuzzleHttp\\Exception\\ClientException: Client error: `GET http://127.0.0.1:9404/wp-content/plugins/rest-cache/service/public/api/install` resulted in a `404 Not Found` response:","level":"FATAL","type":"PHP","test":"ast-sqlite-boot","plugin":"ruven-themes-post-formats-ui","details":"[07-May-2025 18:55:58 UTC] PHP Fatal error:  Uncaught GuzzleHttp\\Exception\\ClientException: Client error: `GET http://127.0.0.1:9404/wp-content/plugins/rest-cache/service/public/api/install` resulted in a `404 Not Found` response:\n<!DOCTYPE html>\n<html lang=\"en-US\">\n<head>\n\t<meta charset=\"UTF-8\" />\n\t<meta name=\"viewport\" content=\"width=device-width, (truncated...)\n in /wordpress/wp-content/plugins/rest-cache/vendor/guzzlehttp/guzzle/src/Exception/RequestException.php:111\nStack trace:\n#0 /wordpress/wp-content/plugins/rest-cache/vendor/guzzlehttp/guzzle/src/Middleware.php(66): GuzzleHttp\\Exception\\RequestException::create(Object(GuzzleHttp\\Psr7\\Request), Object(GuzzleHttp\\Psr7\\Response))\n#1 /wordpress/wp-content/plugins/rest-cache/vendor/guzzlehttp/promises/src/Promise.php(203): GuzzleHttp\\Middleware::GuzzleHttp\\{closure}(Object(GuzzleHttp\\Psr7\\Response))\n#2 /wordpress/wp-content/plugins/rest-cache/vendor/guzzlehttp/promises/src/Promise.php(156): GuzzleHttp\\Promise\\Promise::callHandler(1, Object(GuzzleHttp\\Psr7\\Response), Array)\n#3 /wordpress/wp-content/plugins/rest-cache/vendor/guzzlehttp/promises/src/TaskQueue.php(47): GuzzleHttp\\Promise\\Promise::GuzzleHttp\\Promise\\{closure}()\n#4 /wordpress/wp-content/plugins/rest-cache/vendor/guzzlehttp/promises/src/Promise.php(246): GuzzleHttp\\Promise\\TaskQueue->run(true)\n#5 /wordpress/wp-content/plugins/rest-cache/vendor/guzzlehttp/promises/src/Promise.php(223): GuzzleHttp\\Promise\\Promise->invokeWaitFn()\n#6 /wordpress/wp-content/plugins/rest-cache/vendor/guzzlehttp/promises/src/Promise.php(267): GuzzleHttp\\Promise\\Promise->waitIfPending()\n#7 /wordpress/wp-content/plugins/rest-cache/vendor/guzzlehttp/promises/src/Promise.php(225): GuzzleHttp\\Promise\\Promise->invokeWaitList()\n#8 /wordpress/wp-content/plugins/rest-cache/vendor/guzzlehttp/promises/src/Promise.php(62): GuzzleHttp\\Promise\\Promise->waitIfPending()\n#9 /wordpress/wp-content/plugins/rest-cache/vendor/guzzlehttp/guzzle/src/Client.php(181): GuzzleHttp\\Promise\\Promise->wait()\n#10 /wordpress/wp-content/plugins/rest-cache/includes/class.plugin.php(94): GuzzleHttp\\Client->request('GET', 'http://127.0.0....', Array)\n#11 /wordpress/wp-includes/class-wp-hook.php(324): PerryRylance\\WordPress\\RESTCache\\Plugin->onActivate(false)\n#12 /wordpress/wp-includes/class-wp-hook.php(348): WP_Hook->apply_filters('', Array)\n#13 /wordpress/wp-includes/plugin.php(517): WP_Hook->do_action(Array)\n#14 /wordpress/wp-admin/includes/plugin.php(703): do_action('activate_rest-c...', false)\n#15 /internal/eval.php(20): activate_plugin('rest-cache/rest...')\n#16 {main}\n  thrown in /wordpress/wp-content/plugins/rest-cache/vendor/guzzlehttp/guzzle/src/Exception/RequestException.php on line 111","log":"/logs/plugins/r/ruven-themes-post-formats-ui/error.json"}
,
{"message":"Uncaught GuzzleHttp\\Exception\\ClientException: Client error: `GET http://127.0.0.1:9404/wp-content/plugins/rest-cache/service/public/api/install` resulted in a `404 Not Found` response:","level":"FATAL","type":"PHP","test":"ast-sqlite-boot","plugin":"ruven-themes-post-formats-ui","details":"[07-May-2025 18:56:24 UTC] PHP Fatal error:  Uncaught GuzzleHttp\\Exception\\ClientException: Client error: `GET http://127.0.0.1:9404/wp-content/plugins/rest-cache/service/public/api/install` resulted in a `404 Not Found` response:\n<!DOCTYPE html>\n<html lang=\"en-US\">\n<head>\n\t<meta charset=\"UTF-8\" />\n\t<meta name=\"viewport\" content=\"width=device-width, (truncated...)\n in /wordpress/wp-content/plugins/rest-cache/vendor/guzzlehttp/guzzle/src/Exception/RequestException.php:111\nStack trace:\n#0 /wordpress/wp-content/plugins/rest-cache/vendor/guzzlehttp/guzzle/src/Middleware.php(66): GuzzleHttp\\Exception\\RequestException::create(Object(GuzzleHttp\\Psr7\\Request), Object(GuzzleHttp\\Psr7\\Response))\n#1 /wordpress/wp-content/plugins/rest-cache/vendor/guzzlehttp/promises/src/Promise.php(203): GuzzleHttp\\Middleware::GuzzleHttp\\{closure}(Object(GuzzleHttp\\Psr7\\Response))\n#2 /wordpress/wp-content/plugins/rest-cache/vendor/guzzlehttp/promises/src/Promise.php(156): GuzzleHttp\\Promise\\Promise::callHandler(1, Object(GuzzleHttp\\Psr7\\Response), Array)\n#3 /wordpress/wp-content/plugins/rest-cache/vendor/guzzlehttp/promises/src/TaskQueue.php(47): GuzzleHttp\\Promise\\Promise::GuzzleHttp\\Promise\\{closure}()\n#4 /wordpress/wp-content/plugins/rest-cache/vendor/guzzlehttp/promises/src/Promise.php(246): GuzzleHttp\\Promise\\TaskQueue->run(true)\n#5 /wordpress/wp-content/plugins/rest-cache/vendor/guzzlehttp/promises/src/Promise.php(223): GuzzleHttp\\Promise\\Promise->invokeWaitFn()\n#6 /wordpress/wp-content/plugins/rest-cache/vendor/guzzlehttp/promises/src/Promise.php(267): GuzzleHttp\\Promise\\Promise->waitIfPending()\n#7 /wordpress/wp-content/plugins/rest-cache/vendor/guzzlehttp/promises/src/Promise.php(225): GuzzleHttp\\Promise\\Promise->invokeWaitList()\n#8 /wordpress/wp-content/plugins/rest-cache/vendor/guzzlehttp/promises/src/Promise.php(62): GuzzleHttp\\Promise\\Promise->waitIfPending()\n#9 /wordpress/wp-content/plugins/rest-cache/vendor/guzzlehttp/guzzle/src/Client.php(181): GuzzleHttp\\Promise\\Promise->wait()\n#10 /wordpress/wp-content/plugins/rest-cache/includes/class.plugin.php(94): GuzzleHttp\\Client->request('GET', 'http://127.0.0....', Array)\n#11 /wordpress/wp-includes/class-wp-hook.php(324): PerryRylance\\WordPress\\RESTCache\\Plugin->onActivate(false)\n#12 /wordpress/wp-includes/class-wp-hook.php(348): WP_Hook->apply_filters('', Array)\n#13 /wordpress/wp-includes/plugin.php(517): WP_Hook->do_action(Array)\n#14 /wordpress/wp-admin/includes/plugin.php(703): do_action('activate_rest-c...', false)\n#15 /internal/eval.php(20): activate_plugin('rest-cache/rest...')\n#16 {main}\n  thrown in /wordpress/wp-content/plugins/rest-cache/vendor/guzzlehttp/guzzle/src/Exception/RequestException.php on line 111","log":"/logs/plugins/r/ruven-themes-post-formats-ui/error.json"}
,
{"message":"Undefined variable $rvrf_famems_db_version in /wordpress/wp-content/plugins/reviewroll-free/reviewroll.php on line 37","level":"WARNING","type":"PHP","test":"ast-sqlite-boot","plugin":"ruven-themes-post-formats-ui","details":"[07-May-2025 18:56:33 UTC] PHP Warning:  Undefined variable $rvrf_famems_db_version in /wordpress/wp-content/plugins/reviewroll-free/reviewroll.php on line 37","log":"/logs/plugins/r/ruven-themes-post-formats-ui/error.json"}
,
{"message":"Undefined variable $rvrf_famems_db_version in /wordpress/wp-content/plugins/reviewroll-free/reviewroll.php on line 37","level":"WARNING","type":"PHP","test":"ast-sqlite-boot","plugin":"ruven-themes-post-formats-ui","details":"[07-May-2025 18:56:41 UTC] PHP Warning:  Undefined variable $rvrf_famems_db_version in /wordpress/wp-content/plugins/reviewroll-free/reviewroll.php on line 37","log":"/logs/plugins/r/ruven-themes-post-formats-ui/error.json"}
,
{"message":"Undefined variable $rvrf_famems_db_version in /wordpress/wp-content/plugins/reviewroll-free/reviewroll.php on line 37","level":"WARNING","type":"PHP","test":"ast-sqlite-boot","plugin":"ruven-themes-post-formats-ui","details":"[07-May-2025 18:56:51 UTC] PHP Warning:  Undefined variable $rvrf_famems_db_version in /wordpress/wp-content/plugins/reviewroll-free/reviewroll.php on line 37","log":"/logs/plugins/r/ruven-themes-post-formats-ui/error.json"}
,
{"message":"require(/wordpress/wp-content/plugins/rotem-products-shortcodes/includes/class-rotem-Products-shortcodes.php): Failed to open stream: No such file or directory in /wordpress/wp-content/plugins/rotem-products-shortcodes/rotem-products-shortcodes.php on line 65","level":"WARNING","type":"PHP","test":"ast-sqlite-boot","plugin":"ruven-themes-post-formats-ui","details":"[07-May-2025 18:57:01 UTC] PHP Warning:  require(/wordpress/wp-content/plugins/rotem-products-shortcodes/includes/class-rotem-Products-shortcodes.php): Failed to open stream: No such file or directory in /wordpress/wp-content/plugins/rotem-products-shortcodes/rotem-products-shortcodes.php on line 65","log":"/logs/plugins/r/ruven-themes-post-formats-ui/error.json"}
,
{"message":"Uncaught Error: Failed opening required '/wordpress/wp-content/plugins/rotem-products-shortcodes/includes/class-rotem-Products-shortcodes.php' (include_path='.:') in /wordpress/wp-content/plugins/rotem-products-shortcodes/rotem-products-shortcodes.php:65","level":"FATAL","type":"PHP","test":"ast-sqlite-boot","plugin":"ruven-themes-post-formats-ui","details":"[07-May-2025 18:57:01 UTC] PHP Fatal error:  Uncaught Error: Failed opening required '/wordpress/wp-content/plugins/rotem-products-shortcodes/includes/class-rotem-Products-shortcodes.php' (include_path='.:') in /wordpress/wp-content/plugins/rotem-products-shortcodes/rotem-products-shortcodes.php:65\nStack trace:\n#0 /wordpress/wp-admin/includes/plugin.php(2387): include_once()\n#1 /wordpress/wp-admin/includes/plugin.php(673): plugin_sandbox_scrape('rotem-products-...')\n#2 /internal/eval.php(20): activate_plugin('rotem-products-...')\n#3 {main}\n  thrown in /wordpress/wp-content/plugins/rotem-products-shortcodes/rotem-products-shortcodes.php on line 65","log":"/logs/plugins/r/ruven-themes-post-formats-ui/error.json"}
,
{"message":"require(/wordpress/wp-content/plugins/rotem-products-shortcodes/includes/class-rotem-Products-shortcodes.php): Failed to open stream: No such file or directory in /wordpress/wp-content/plugins/rotem-products-shortcodes/rotem-products-shortcodes.php on line 65","level":"WARNING","type":"PHP","test":"ast-sqlite-boot","plugin":"ruven-themes-post-formats-ui","details":"[07-May-2025 18:57:08 UTC] PHP Warning:  require(/wordpress/wp-content/plugins/rotem-products-shortcodes/includes/class-rotem-Products-shortcodes.php): Failed to open stream: No such file or directory in /wordpress/wp-content/plugins/rotem-products-shortcodes/rotem-products-shortcodes.php on line 65","log":"/logs/plugins/r/ruven-themes-post-formats-ui/error.json"}
,
{"message":"Uncaught Error: Failed opening required '/wordpress/wp-content/plugins/rotem-products-shortcodes/includes/class-rotem-Products-shortcodes.php' (include_path='.:') in /wordpress/wp-content/plugins/rotem-products-shortcodes/rotem-products-shortcodes.php:65","level":"FATAL","type":"PHP","test":"ast-sqlite-boot","plugin":"ruven-themes-post-formats-ui","details":"[07-May-2025 18:57:08 UTC] PHP Fatal error:  Uncaught Error: Failed opening required '/wordpress/wp-content/plugins/rotem-products-shortcodes/includes/class-rotem-Products-shortcodes.php' (include_path='.:') in /wordpress/wp-content/plugins/rotem-products-shortcodes/rotem-products-shortcodes.php:65\nStack trace:\n#0 /wordpress/wp-admin/includes/plugin.php(2387): include_once()\n#1 /wordpress/wp-admin/includes/plugin.php(673): plugin_sandbox_scrape('rotem-products-...')\n#2 /internal/eval.php(20): activate_plugin('rotem-products-...')\n#3 {main}\n  thrown in /wordpress/wp-content/plugins/rotem-products-shortcodes/rotem-products-shortcodes.php on line 65","log":"/logs/plugins/r/ruven-themes-post-formats-ui/error.json"}
,
{"message":"require(/wordpress/wp-content/plugins/rotem-products-shortcodes/includes/class-rotem-Products-shortcodes.php): Failed to open stream: No such file or directory in /wordpress/wp-content/plugins/rotem-products-shortcodes/rotem-products-shortcodes.php on line 65","level":"WARNING","type":"PHP","test":"ast-sqlite-boot","plugin":"ruven-themes-post-formats-ui","details":"[07-May-2025 18:57:16 UTC] PHP Warning:  require(/wordpress/wp-content/plugins/rotem-products-shortcodes/includes/class-rotem-Products-shortcodes.php): Failed to open stream: No such file or directory in /wordpress/wp-content/plugins/rotem-products-shortcodes/rotem-products-shortcodes.php on line 65","log":"/logs/plugins/r/ruven-themes-post-formats-ui/error.json"}
,
{"message":"Uncaught Error: Failed opening required '/wordpress/wp-content/plugins/rotem-products-shortcodes/includes/class-rotem-Products-shortcodes.php' (include_path='.:') in /wordpress/wp-content/plugins/rotem-products-shortcodes/rotem-products-shortcodes.php:65","level":"FATAL","type":"PHP","test":"ast-sqlite-boot","plugin":"ruven-themes-post-formats-ui","details":"[07-May-2025 18:57:16 UTC] PHP Fatal error:  Uncaught Error: Failed opening required '/wordpress/wp-content/plugins/rotem-products-shortcodes/includes/class-rotem-Products-shortcodes.php' (include_path='.:') in /wordpress/wp-content/plugins/rotem-products-shortcodes/rotem-products-shortcodes.php:65\nStack trace:\n#0 /wordpress/wp-admin/includes/plugin.php(2387): include_once()\n#1 /wordpress/wp-admin/includes/plugin.php(673): plugin_sandbox_scrape('rotem-products-...')\n#2 /internal/eval.php(20): activate_plugin('rotem-products-...')\n#3 {main}\n  thrown in /wordpress/wp-content/plugins/rotem-products-shortcodes/rotem-products-shortcodes.php on line 65","log":"/logs/plugins/r/ruven-themes-post-formats-ui/error.json"}
,
{"message":"Uncaught TypeError: count(): Argument #1 ($value) must be of type Countable|array, bool given in /wordpress/wp-content/plugins/ruven-themes-post-formats-ui/includes/cmb/init.php:746","level":"FATAL","type":"PHP","test":"ast-sqlite-boot","plugin":"ruven-themes-post-formats-ui","details":"[07-May-2025 18:57:25 UTC] PHP Fatal error:  Uncaught TypeError: count(): Argument #1 ($value) must be of type Countable|array, bool given in /wordpress/wp-content/plugins/ruven-themes-post-formats-ui/includes/cmb/init.php:746\nStack trace:\n#0 /wordpress/wp-content/plugins/ruven-themes-post-formats-ui/includes/cmb/init.php(162): cmb_Meta_Box::set_mb_type(Array)\n#1 /wordpress/wp-content/plugins/ruven-themes-post-formats-ui/includes/cmb/init.php(43): cmb_Meta_Box->__construct(Array)\n#2 /wordpress/wp-content/plugins/ruven-themes-post-formats-ui/ruven-themes-post-formats-ui.php(57): require_once('/wordpress/wp-c...')\n#3 /wordpress/wp-includes/class-wp-hook.php(324): rt_post_formats_ui->init_cmb('')\n#4 /wordpress/wp-includes/class-wp-hook.php(348): WP_Hook->apply_filters(NULL, Array)\n#5 /wordpress/wp-includes/plugin.php(517): WP_Hook->do_action(Array)\n#6 /wordpress/wp-settings.php(727): do_action('init')\n#7 /wordpress/wp-config.php(102): require_once('/wordpress/wp-s...')\n#8 /wordpress/wp-load.php(50): require_once('/wordpress/wp-c...')\n#9 /internal/eval.php(3): require_once('/wordpress/wp-l...')\n#10 {main}\n  thrown in /wordpress/wp-content/plugins/ruven-themes-post-formats-ui/includes/cmb/init.php on line 746\n\n    at Object.onBind (file:///home/runner/work/playground-tester/playground-tester/node_modules/@wp-playground/cli/index.js:237:15)\n    at process.processTicksAndRejections (node:internal/process/task_queues:105:5)\n    at async V (file:///home/runner/work/playground-tester/playground-tester/node_modules/@wp-playground/cli/index.js:64:10)\n    at async ja (file:///home/runner/work/playground-tester/playground-tester/node_modules/@wp-playground/cli/cli.js:8161:12) {\n  [cause]: Error: Error when executing the blueprint step #5 ({\"step\":\"installPlugin\",\"pluginData\":{\"resource\":\"wordpress.org/plugins\",\"slug\":\"ruven-themes-post-formats-ui\"},\"options\":{\"activate\":true}}) : PHP.run() failed with exit code 255 and the following output: \n      at Object.run (file:///home/runner/work/playground-tester/playground-tester/node_modules/@wp-playground/blueprints/index.js:12449:19)\n      at process.processTicksAndRejections (node:internal/process/task_queues:105:5)\n      at async ms (file:///home/runner/work/playground-tester/playground-tester/node_modules/@wp-playground/blueprints/index.js:12552:3)\n      ... 2 lines matching cause stack trace ...\n      at async ja (file:///home/runner/work/playground-tester/playground-tester/node_modules/@wp-playground/cli/cli.js:8161:12) {\n    [cause]: PHPExecutionFailureError: PHP.run() failed with exit code 255 and the following output: \n        at PHP.run (file:///home/runner/work/playground-tester/playground-tester/node_modules/@php-wasm/universal/index.js:987:19)\n        at process.processTicksAndRejections (node:internal/process/task_queues:105:5)\n        at async wr (file:///home/runner/work/playground-tester/playground-tester/node_modules/@wp-playground/blueprints/index.js:73:13)\n        at async Object.gt [as installPlugin] (file:///home/runner/work/playground-tester/playground-tester/node_modules/@wp-playground/blueprints/index.js:974:42)\n        at async g (file:///home/runner/work/playground-tester/playground-tester/node_modules/@wp-playground/blueprints/index.js:12517:30)\n        at async Object.run (file:///home/runner/work/playground-tester/playground-tester/node_modules/@wp-playground/blueprints/index.js:12446:23)\n        at async ms (file:///home/runner/work/playground-tester/playground-tester/node_modules/@wp-playground/blueprints/index.js:12552:3)\n        at async Object.onBind (file:///home/runner/work/playground-tester/playground-tester/node_modules/@wp-playground/cli/index.js:227:48)\n        at async V (file:///home/runner/work/playground-tester/playground-tester/node_modules/@wp-playground/cli/index.js:64:10)\n        at async ja (file:///home/runner/work/playground-tester/playground-tester/node_modules/@wp-playground/cli/cli.js:8161:12) {\n      response: PHPResponse {\n        httpStatusCode: 500,\n        headers: {\n          'x-powered-by': [ 'PHP/8.0.30-dev' ],\n          'content-type': [ 'text/html; charset=UTF-8' ],\n          expires: [ 'Wed, 11 Jan 1984 05:00:00 GMT' ],\n          'cache-control': [ 'no-cache, must-revalidate, max-age=0, no-store, private' ]\n        },\n        bytes: Uint8Array(2653) [\n           60,  33,  68,  79,  67,  84,  89,  80,  69,  32, 104, 116,\n          109, 108,  62,  10,  60, 104, 116, 109, 108,  32, 108,  97,\n          110, 103,  61,  34, 101, 110,  45,  85,  83,  34,  62,  10,\n           60, 104, 101,  97, 100,  62,  10,   9,  60, 109, 101, 116,\n           97,  32, 104, 116, 116, 112,  45, 101, 113, 117, 105, 118,\n           61,  34,  67, 111, 110, 116, 101, 110, 116,  45,  84, 121,\n          112, 101,  34,  32,  99, 111, 110, 116, 101, 110, 116,  61,\n           34, 116, 101, 120, 116,  47, 104, 116, 109, 108,  59,  32,\n           99, 104,  97, 114,\n          ... 2553 more items\n        ],\n        exitCode: 255,\n        errors: ''\n      },\n      source: 'request'\n    }\n  }\n}\n\n","log":"/logs/plugins/r/ruven-themes-post-formats-ui/error.json"}
]
