[
{"message":"file:///home/runner/work/playground-tester/playground-tester/node_modules/@wp-playground/cli/index.js:237\n        throw new Error(y, { cause: u });\n              ^\n","level":"FATAL","type":"PLAYGROUND","test":"jspi-boot","plugin":"twitter-wings","details":"file:///home/runner/work/playground-tester/playground-tester/node_modules/@wp-playground/cli/index.js:237\n        throw new Error(y, { cause: u });\n              ^\n","log":"/tmp/tmp.TBanxWMLLg"}
,
{"message":"syntax error, unexpected token \"|\", expecting \"]\" in /wordpress/wp-content/plugins/total-security/total-security.php on line 129","level":"PARSE","type":"PHP","test":"jspi-boot","plugin":"twitter-wings","details":"[31-May-2025 12:46:33 UTC] PHP Parse error:  syntax error, unexpected token \"|\", expecting \"]\" in /wordpress/wp-content/plugins/total-security/total-security.php on line 129","log":"/logs/plugins/t/twitter-wings/error.json"}
,
{"message":"syntax error, unexpected token \"|\", expecting \"]\" in /wordpress/wp-content/plugins/total-security/total-security.php on line 129","level":"PARSE","type":"PHP","test":"jspi-boot","plugin":"twitter-wings","details":"[31-May-2025 12:46:41 UTC] PHP Parse error:  syntax error, unexpected token \"|\", expecting \"]\" in /wordpress/wp-content/plugins/total-security/total-security.php on line 129","log":"/logs/plugins/t/twitter-wings/error.json"}
,
{"message":"syntax error, unexpected token \"|\", expecting \"]\" in /wordpress/wp-content/plugins/total-security/total-security.php on line 129","level":"PARSE","type":"PHP","test":"jspi-boot","plugin":"twitter-wings","details":"[31-May-2025 12:46:48 UTC] PHP Parse error:  syntax error, unexpected token \"|\", expecting \"]\" in /wordpress/wp-content/plugins/total-security/total-security.php on line 129","log":"/logs/plugins/t/twitter-wings/error.json"}
,
{"message":"Uncaught Error: Call to undefined function create_function() in /wordpress/wp-content/plugins/total-user-registered/total-user-registered.php:54","level":"FATAL","type":"PHP","test":"jspi-boot","plugin":"twitter-wings","details":"[31-May-2025 12:46:57 UTC] PHP Fatal error:  Uncaught Error: Call to undefined function create_function() in /wordpress/wp-content/plugins/total-user-registered/total-user-registered.php:54\nStack trace:\n#0 /wordpress/wp-admin/includes/plugin.php(2387): include_once()\n#1 /wordpress/wp-admin/includes/plugin.php(673): plugin_sandbox_scrape('total-user-regi...')\n#2 /internal/eval.php(20): activate_plugin('total-user-regi...')\n#3 {main}\n  thrown in /wordpress/wp-content/plugins/total-user-registered/total-user-registered.php on line 54","log":"/logs/plugins/t/twitter-wings/error.json"}
,
{"message":"Uncaught Error: Call to undefined function create_function() in /wordpress/wp-content/plugins/total-user-registered/total-user-registered.php:54","level":"FATAL","type":"PHP","test":"jspi-boot","plugin":"twitter-wings","details":"[31-May-2025 12:47:04 UTC] PHP Fatal error:  Uncaught Error: Call to undefined function create_function() in /wordpress/wp-content/plugins/total-user-registered/total-user-registered.php:54\nStack trace:\n#0 /wordpress/wp-admin/includes/plugin.php(2387): include_once()\n#1 /wordpress/wp-admin/includes/plugin.php(673): plugin_sandbox_scrape('total-user-regi...')\n#2 /internal/eval.php(20): activate_plugin('total-user-regi...')\n#3 {main}\n  thrown in /wordpress/wp-content/plugins/total-user-registered/total-user-registered.php on line 54","log":"/logs/plugins/t/twitter-wings/error.json"}
,
{"message":"Uncaught Error: Call to undefined function create_function() in /wordpress/wp-content/plugins/total-user-registered/total-user-registered.php:54","level":"FATAL","type":"PHP","test":"jspi-boot","plugin":"twitter-wings","details":"[31-May-2025 12:47:12 UTC] PHP Fatal error:  Uncaught Error: Call to undefined function create_function() in /wordpress/wp-content/plugins/total-user-registered/total-user-registered.php:54\nStack trace:\n#0 /wordpress/wp-admin/includes/plugin.php(2387): include_once()\n#1 /wordpress/wp-admin/includes/plugin.php(673): plugin_sandbox_scrape('total-user-regi...')\n#2 /internal/eval.php(20): activate_plugin('total-user-regi...')\n#3 {main}\n  thrown in /wordpress/wp-content/plugins/total-user-registered/total-user-registered.php on line 54","log":"/logs/plugins/t/twitter-wings/error.json"}
,
{"message":"Undefined variable $plugins in /wordpress/wp-content/plugins/tour-operator-vehicles/classes/class-lsx-to-vehicles.php on line 185","level":"WARNING","type":"PHP","test":"jspi-boot","plugin":"twitter-wings","details":"[31-May-2025 12:47:46 UTC] PHP Warning:  Undefined variable $plugins in /wordpress/wp-content/plugins/tour-operator-vehicles/classes/class-lsx-to-vehicles.php on line 185","log":"/logs/plugins/t/twitter-wings/error.json"}
,
{"message":"Function _load_textdomain_just_in_time was called <strong>incorrectly</strong>. Translation loading for the <code>to-vehicles</code> domain was triggered too early. This is usually an indicator for some code in the plugin or theme running too early. Translations should be loaded at the <code>init</code> action or later. Please see <a href=\"https://developer.wordpress.org/advanced-administration/debug/debug-wordpress/\">Debugging in WordPress</a> for more information. (This message was added in version 6.7.0.) in /wordpress/wp-includes/functions.php on line 6121","level":"NOTICE","type":"PHP","test":"jspi-boot","plugin":"twitter-wings","details":"[31-May-2025 12:47:47 UTC] PHP Notice:  Function _load_textdomain_just_in_time was called <strong>incorrectly</strong>. Translation loading for the <code>to-vehicles</code> domain was triggered too early. This is usually an indicator for some code in the plugin or theme running too early. Translations should be loaded at the <code>init</code> action or later. Please see <a href=\"https://developer.wordpress.org/advanced-administration/debug/debug-wordpress/\">Debugging in WordPress</a> for more information. (This message was added in version 6.7.0.) in /wordpress/wp-includes/functions.php on line 6121","log":"/logs/plugins/t/twitter-wings/error.json"}
,
{"message":"Undefined variable $plugins in /wordpress/wp-content/plugins/tour-operator-vehicles/classes/class-lsx-to-vehicles.php on line 185","level":"WARNING","type":"PHP","test":"jspi-boot","plugin":"twitter-wings","details":"[31-May-2025 12:47:54 UTC] PHP Warning:  Undefined variable $plugins in /wordpress/wp-content/plugins/tour-operator-vehicles/classes/class-lsx-to-vehicles.php on line 185","log":"/logs/plugins/t/twitter-wings/error.json"}
,
{"message":"Function _load_textdomain_just_in_time was called <strong>incorrectly</strong>. Translation loading for the <code>to-vehicles</code> domain was triggered too early. This is usually an indicator for some code in the plugin or theme running too early. Translations should be loaded at the <code>init</code> action or later. Please see <a href=\"https://developer.wordpress.org/advanced-administration/debug/debug-wordpress/\">Debugging in WordPress</a> for more information. (This message was added in version 6.7.0.) in /wordpress/wp-includes/functions.php on line 6121","level":"NOTICE","type":"PHP","test":"jspi-boot","plugin":"twitter-wings","details":"[31-May-2025 12:47:55 UTC] PHP Notice:  Function _load_textdomain_just_in_time was called <strong>incorrectly</strong>. Translation loading for the <code>to-vehicles</code> domain was triggered too early. This is usually an indicator for some code in the plugin or theme running too early. Translations should be loaded at the <code>init</code> action or later. Please see <a href=\"https://developer.wordpress.org/advanced-administration/debug/debug-wordpress/\">Debugging in WordPress</a> for more information. (This message was added in version 6.7.0.) in /wordpress/wp-includes/functions.php on line 6121","log":"/logs/plugins/t/twitter-wings/error.json"}
,
{"message":"Undefined variable $plugins in /wordpress/wp-content/plugins/tour-operator-vehicles/classes/class-lsx-to-vehicles.php on line 185","level":"WARNING","type":"PHP","test":"jspi-boot","plugin":"twitter-wings","details":"[31-May-2025 12:48:02 UTC] PHP Warning:  Undefined variable $plugins in /wordpress/wp-content/plugins/tour-operator-vehicles/classes/class-lsx-to-vehicles.php on line 185","log":"/logs/plugins/t/twitter-wings/error.json"}
,
{"message":"Function _load_textdomain_just_in_time was called <strong>incorrectly</strong>. Translation loading for the <code>to-vehicles</code> domain was triggered too early. This is usually an indicator for some code in the plugin or theme running too early. Translations should be loaded at the <code>init</code> action or later. Please see <a href=\"https://developer.wordpress.org/advanced-administration/debug/debug-wordpress/\">Debugging in WordPress</a> for more information. (This message was added in version 6.7.0.) in /wordpress/wp-includes/functions.php on line 6121","level":"NOTICE","type":"PHP","test":"jspi-boot","plugin":"twitter-wings","details":"[31-May-2025 12:48:03 UTC] PHP Notice:  Function _load_textdomain_just_in_time was called <strong>incorrectly</strong>. Translation loading for the <code>to-vehicles</code> domain was triggered too early. This is usually an indicator for some code in the plugin or theme running too early. Translations should be loaded at the <code>init</code> action or later. Please see <a href=\"https://developer.wordpress.org/advanced-administration/debug/debug-wordpress/\">Debugging in WordPress</a> for more information. (This message was added in version 6.7.0.) in /wordpress/wp-includes/functions.php on line 6121","log":"/logs/plugins/t/twitter-wings/error.json"}
,
{"message":"Uncaught Error: Call to undefined function create_function() in /wordpress/wp-content/plugins/tr-cache-and-security/admin/init.php:5","level":"FATAL","type":"PHP","test":"jspi-boot","plugin":"twitter-wings","details":"[31-May-2025 12:49:05 UTC] PHP Fatal error:  Uncaught Error: Call to undefined function create_function() in /wordpress/wp-content/plugins/tr-cache-and-security/admin/init.php:5\nStack trace:\n#0 /wordpress/wp-content/plugins/tr-cache-and-security/plug.php(20): include_once()\n#1 /wordpress/wp-admin/includes/plugin.php(2387): include_once('/wordpress/wp-c...')\n#2 /wordpress/wp-admin/includes/plugin.php(673): plugin_sandbox_scrape('tr-cache-and-se...')\n#3 /internal/eval.php(20): activate_plugin('tr-cache-and-se...')\n#4 {main}\n  thrown in /wordpress/wp-content/plugins/tr-cache-and-security/admin/init.php on line 5","log":"/logs/plugins/t/twitter-wings/error.json"}
,
{"message":"Uncaught Error: Call to undefined function create_function() in /wordpress/wp-content/plugins/tr-cache-and-security/admin/init.php:5","level":"FATAL","type":"PHP","test":"jspi-boot","plugin":"twitter-wings","details":"[31-May-2025 12:49:13 UTC] PHP Fatal error:  Uncaught Error: Call to undefined function create_function() in /wordpress/wp-content/plugins/tr-cache-and-security/admin/init.php:5\nStack trace:\n#0 /wordpress/wp-content/plugins/tr-cache-and-security/plug.php(20): include_once()\n#1 /wordpress/wp-admin/includes/plugin.php(2387): include_once('/wordpress/wp-c...')\n#2 /wordpress/wp-admin/includes/plugin.php(673): plugin_sandbox_scrape('tr-cache-and-se...')\n#3 /internal/eval.php(20): activate_plugin('tr-cache-and-se...')\n#4 {main}\n  thrown in /wordpress/wp-content/plugins/tr-cache-and-security/admin/init.php on line 5","log":"/logs/plugins/t/twitter-wings/error.json"}
,
{"message":"Uncaught Error: Call to undefined function create_function() in /wordpress/wp-content/plugins/tr-cache-and-security/admin/init.php:5","level":"FATAL","type":"PHP","test":"jspi-boot","plugin":"twitter-wings","details":"[31-May-2025 12:49:21 UTC] PHP Fatal error:  Uncaught Error: Call to undefined function create_function() in /wordpress/wp-content/plugins/tr-cache-and-security/admin/init.php:5\nStack trace:\n#0 /wordpress/wp-content/plugins/tr-cache-and-security/plug.php(20): include_once()\n#1 /wordpress/wp-admin/includes/plugin.php(2387): include_once('/wordpress/wp-c...')\n#2 /wordpress/wp-admin/includes/plugin.php(673): plugin_sandbox_scrape('tr-cache-and-se...')\n#3 /internal/eval.php(20): activate_plugin('tr-cache-and-se...')\n#4 {main}\n  thrown in /wordpress/wp-content/plugins/tr-cache-and-security/admin/init.php on line 5","log":"/logs/plugins/t/twitter-wings/error.json"}
,
{"message":"Undefined array key \"page\" in /wordpress/wp-content/plugins/tweetpost/tweetpost.php on line 106","level":"WARNING","type":"PHP","test":"jspi-boot","plugin":"twitter-wings","details":"[31-May-2025 12:49:48 UTC] PHP Warning:  Undefined array key \"page\" in /wordpress/wp-content/plugins/tweetpost/tweetpost.php on line 106","log":"/logs/plugins/t/twitter-wings/error.json"}
,
{"message":"Undefined array key \"page\" in /wordpress/wp-content/plugins/tweetpost/tweetpost.php on line 109","level":"WARNING","type":"PHP","test":"jspi-boot","plugin":"twitter-wings","details":"[31-May-2025 12:49:48 UTC] PHP Warning:  Undefined array key \"page\" in /wordpress/wp-content/plugins/tweetpost/tweetpost.php on line 109","log":"/logs/plugins/t/twitter-wings/error.json"}
,
{"message":"Trying to access array offset on value of type bool in /wordpress/wp-content/plugins/tweetpost/tweetpost.php on line 36","level":"WARNING","type":"PHP","test":"jspi-boot","plugin":"twitter-wings","details":"[31-May-2025 12:49:48 UTC] PHP Warning:  Trying to access array offset on value of type bool in /wordpress/wp-content/plugins/tweetpost/tweetpost.php on line 36","log":"/logs/plugins/t/twitter-wings/error.json"}
,
{"message":"Undefined array key \"shortener\" in /wordpress/wp-content/plugins/tweetpost/tweetpost.php on line 48","level":"WARNING","type":"PHP","test":"jspi-boot","plugin":"twitter-wings","details":"[31-May-2025 12:49:48 UTC] PHP Warning:  Undefined array key \"shortener\" in /wordpress/wp-content/plugins/tweetpost/tweetpost.php on line 48","log":"/logs/plugins/t/twitter-wings/error.json"}
,
{"message":"Undefined array key \"introtext\" in /wordpress/wp-content/plugins/tweetpost/tweetpost.php on line 49","level":"WARNING","type":"PHP","test":"jspi-boot","plugin":"twitter-wings","details":"[31-May-2025 12:49:48 UTC] PHP Warning:  Undefined array key \"introtext\" in /wordpress/wp-content/plugins/tweetpost/tweetpost.php on line 49","log":"/logs/plugins/t/twitter-wings/error.json"}
,
{"message":"Undefined array key \"page\" in /wordpress/wp-content/plugins/tweetpost/tweetpost.php on line 106","level":"WARNING","type":"PHP","test":"jspi-boot","plugin":"twitter-wings","details":"[31-May-2025 12:49:57 UTC] PHP Warning:  Undefined array key \"page\" in /wordpress/wp-content/plugins/tweetpost/tweetpost.php on line 106","log":"/logs/plugins/t/twitter-wings/error.json"}
,
{"message":"Undefined array key \"page\" in /wordpress/wp-content/plugins/tweetpost/tweetpost.php on line 109","level":"WARNING","type":"PHP","test":"jspi-boot","plugin":"twitter-wings","details":"[31-May-2025 12:49:57 UTC] PHP Warning:  Undefined array key \"page\" in /wordpress/wp-content/plugins/tweetpost/tweetpost.php on line 109","log":"/logs/plugins/t/twitter-wings/error.json"}
,
{"message":"Trying to access array offset on value of type bool in /wordpress/wp-content/plugins/tweetpost/tweetpost.php on line 36","level":"WARNING","type":"PHP","test":"jspi-boot","plugin":"twitter-wings","details":"[31-May-2025 12:49:57 UTC] PHP Warning:  Trying to access array offset on value of type bool in /wordpress/wp-content/plugins/tweetpost/tweetpost.php on line 36","log":"/logs/plugins/t/twitter-wings/error.json"}
,
{"message":"Undefined array key \"shortener\" in /wordpress/wp-content/plugins/tweetpost/tweetpost.php on line 48","level":"WARNING","type":"PHP","test":"jspi-boot","plugin":"twitter-wings","details":"[31-May-2025 12:49:57 UTC] PHP Warning:  Undefined array key \"shortener\" in /wordpress/wp-content/plugins/tweetpost/tweetpost.php on line 48","log":"/logs/plugins/t/twitter-wings/error.json"}
,
{"message":"Undefined array key \"introtext\" in /wordpress/wp-content/plugins/tweetpost/tweetpost.php on line 49","level":"WARNING","type":"PHP","test":"jspi-boot","plugin":"twitter-wings","details":"[31-May-2025 12:49:57 UTC] PHP Warning:  Undefined array key \"introtext\" in /wordpress/wp-content/plugins/tweetpost/tweetpost.php on line 49","log":"/logs/plugins/t/twitter-wings/error.json"}
,
{"message":"Undefined array key \"page\" in /wordpress/wp-content/plugins/tweetpost/tweetpost.php on line 106","level":"WARNING","type":"PHP","test":"jspi-boot","plugin":"twitter-wings","details":"[31-May-2025 12:50:05 UTC] PHP Warning:  Undefined array key \"page\" in /wordpress/wp-content/plugins/tweetpost/tweetpost.php on line 106","log":"/logs/plugins/t/twitter-wings/error.json"}
,
{"message":"Undefined array key \"page\" in /wordpress/wp-content/plugins/tweetpost/tweetpost.php on line 109","level":"WARNING","type":"PHP","test":"jspi-boot","plugin":"twitter-wings","details":"[31-May-2025 12:50:05 UTC] PHP Warning:  Undefined array key \"page\" in /wordpress/wp-content/plugins/tweetpost/tweetpost.php on line 109","log":"/logs/plugins/t/twitter-wings/error.json"}
,
{"message":"Trying to access array offset on value of type bool in /wordpress/wp-content/plugins/tweetpost/tweetpost.php on line 36","level":"WARNING","type":"PHP","test":"jspi-boot","plugin":"twitter-wings","details":"[31-May-2025 12:50:05 UTC] PHP Warning:  Trying to access array offset on value of type bool in /wordpress/wp-content/plugins/tweetpost/tweetpost.php on line 36","log":"/logs/plugins/t/twitter-wings/error.json"}
,
{"message":"Undefined array key \"shortener\" in /wordpress/wp-content/plugins/tweetpost/tweetpost.php on line 48","level":"WARNING","type":"PHP","test":"jspi-boot","plugin":"twitter-wings","details":"[31-May-2025 12:50:06 UTC] PHP Warning:  Undefined array key \"shortener\" in /wordpress/wp-content/plugins/tweetpost/tweetpost.php on line 48","log":"/logs/plugins/t/twitter-wings/error.json"}
,
{"message":"Undefined array key \"introtext\" in /wordpress/wp-content/plugins/tweetpost/tweetpost.php on line 49","level":"WARNING","type":"PHP","test":"jspi-boot","plugin":"twitter-wings","details":"[31-May-2025 12:50:06 UTC] PHP Warning:  Undefined array key \"introtext\" in /wordpress/wp-content/plugins/tweetpost/tweetpost.php on line 49","log":"/logs/plugins/t/twitter-wings/error.json"}
,
{"message":"[31-May-2025 12:50:43 UTC] OpenSSL SSL_connect: SSL_ERROR_SYSCALL in connection to app.thevoicedesigner.com:443 ","level":"INFO","type":"OTHER","test":"jspi-boot","plugin":"twitter-wings","details":"[31-May-2025 12:50:43 UTC] OpenSSL SSL_connect: SSL_ERROR_SYSCALL in connection to app.thevoicedesigner.com:443 ","log":"/logs/plugins/t/twitter-wings/error.json"}
,
{"message":"Uncaught Httpful\\Exception\\ConnectionErrorException: Unable to connect to \"https://app.thevoicedesigner.com/api/apps\": 35 OpenSSL SSL_connect: SSL_ERROR_SYSCALL in connection to app.thevoicedesigner.com:443  in /wordpress/wp-content/plugins/the-voice-designer-by-data-driven-design/vendor/nategood/httpful/src/Httpful/Request.php:1028","level":"FATAL","type":"PHP","test":"jspi-boot","plugin":"twitter-wings","details":"[31-May-2025 12:50:43 UTC] PHP Fatal error:  Uncaught Httpful\\Exception\\ConnectionErrorException: Unable to connect to \"https://app.thevoicedesigner.com/api/apps\": 35 OpenSSL SSL_connect: SSL_ERROR_SYSCALL in connection to app.thevoicedesigner.com:443  in /wordpress/wp-content/plugins/the-voice-designer-by-data-driven-design/vendor/nategood/httpful/src/Httpful/Request.php:1028\nStack trace:\n#0 /wordpress/wp-content/plugins/the-voice-designer-by-data-driven-design/vendor/nategood/httpful/src/Httpful/Request.php(204): Httpful\\Request->buildResponse(false)\n#1 /wordpress/wp-content/plugins/the-voice-designer-by-data-driven-design/src/BackendApi.php(53): Httpful\\Request->send()\n#2 /wordpress/wp-content/plugins/the-voice-designer-by-data-driven-design/src/BackendApi.php(32): DataDrivenDesign\\VoiceDesigner\\BackendApi->makeRequest(Object(Httpful\\Request))\n#3 /wordpress/wp-content/plugins/the-voice-designer-by-data-driven-design/src/Plugin.php(16): DataDrivenDesign\\VoiceDesigner\\BackendApi->createApp()\n#4 /wordpress/wp-includes/class-wp-hook.php(324): DataDrivenD in /wordpress/wp-content/plugins/the-voice-designer-by-data-driven-design/vendor/nategood/httpful/src/Httpful/Request.php on line 1028","log":"/logs/plugins/t/twitter-wings/error.json"}
,
{"message":"[31-May-2025 12:50:52 UTC] OpenSSL SSL_connect: SSL_ERROR_SYSCALL in connection to app.thevoicedesigner.com:443 ","level":"INFO","type":"OTHER","test":"jspi-boot","plugin":"twitter-wings","details":"[31-May-2025 12:50:52 UTC] OpenSSL SSL_connect: SSL_ERROR_SYSCALL in connection to app.thevoicedesigner.com:443 ","log":"/logs/plugins/t/twitter-wings/error.json"}
,
{"message":"Uncaught Httpful\\Exception\\ConnectionErrorException: Unable to connect to \"https://app.thevoicedesigner.com/api/apps\": 35 OpenSSL SSL_connect: SSL_ERROR_SYSCALL in connection to app.thevoicedesigner.com:443  in /wordpress/wp-content/plugins/the-voice-designer-by-data-driven-design/vendor/nategood/httpful/src/Httpful/Request.php:1028","level":"FATAL","type":"PHP","test":"jspi-boot","plugin":"twitter-wings","details":"[31-May-2025 12:50:52 UTC] PHP Fatal error:  Uncaught Httpful\\Exception\\ConnectionErrorException: Unable to connect to \"https://app.thevoicedesigner.com/api/apps\": 35 OpenSSL SSL_connect: SSL_ERROR_SYSCALL in connection to app.thevoicedesigner.com:443  in /wordpress/wp-content/plugins/the-voice-designer-by-data-driven-design/vendor/nategood/httpful/src/Httpful/Request.php:1028\nStack trace:\n#0 /wordpress/wp-content/plugins/the-voice-designer-by-data-driven-design/vendor/nategood/httpful/src/Httpful/Request.php(204): Httpful\\Request->buildResponse(false)\n#1 /wordpress/wp-content/plugins/the-voice-designer-by-data-driven-design/src/BackendApi.php(53): Httpful\\Request->send()\n#2 /wordpress/wp-content/plugins/the-voice-designer-by-data-driven-design/src/BackendApi.php(32): DataDrivenDesign\\VoiceDesigner\\BackendApi->makeRequest(Object(Httpful\\Request))\n#3 /wordpress/wp-content/plugins/the-voice-designer-by-data-driven-design/src/Plugin.php(16): DataDrivenDesign\\VoiceDesigner\\BackendApi->createApp()\n#4 /wordpress/wp-includes/class-wp-hook.php(324): DataDrivenD in /wordpress/wp-content/plugins/the-voice-designer-by-data-driven-design/vendor/nategood/httpful/src/Httpful/Request.php on line 1028","log":"/logs/plugins/t/twitter-wings/error.json"}
,
{"message":"[31-May-2025 12:51:00 UTC] OpenSSL SSL_connect: SSL_ERROR_SYSCALL in connection to app.thevoicedesigner.com:443 ","level":"INFO","type":"OTHER","test":"jspi-boot","plugin":"twitter-wings","details":"[31-May-2025 12:51:00 UTC] OpenSSL SSL_connect: SSL_ERROR_SYSCALL in connection to app.thevoicedesigner.com:443 ","log":"/logs/plugins/t/twitter-wings/error.json"}
,
{"message":"Uncaught Httpful\\Exception\\ConnectionErrorException: Unable to connect to \"https://app.thevoicedesigner.com/api/apps\": 35 OpenSSL SSL_connect: SSL_ERROR_SYSCALL in connection to app.thevoicedesigner.com:443  in /wordpress/wp-content/plugins/the-voice-designer-by-data-driven-design/vendor/nategood/httpful/src/Httpful/Request.php:1028","level":"FATAL","type":"PHP","test":"jspi-boot","plugin":"twitter-wings","details":"[31-May-2025 12:51:00 UTC] PHP Fatal error:  Uncaught Httpful\\Exception\\ConnectionErrorException: Unable to connect to \"https://app.thevoicedesigner.com/api/apps\": 35 OpenSSL SSL_connect: SSL_ERROR_SYSCALL in connection to app.thevoicedesigner.com:443  in /wordpress/wp-content/plugins/the-voice-designer-by-data-driven-design/vendor/nategood/httpful/src/Httpful/Request.php:1028\nStack trace:\n#0 /wordpress/wp-content/plugins/the-voice-designer-by-data-driven-design/vendor/nategood/httpful/src/Httpful/Request.php(204): Httpful\\Request->buildResponse(false)\n#1 /wordpress/wp-content/plugins/the-voice-designer-by-data-driven-design/src/BackendApi.php(53): Httpful\\Request->send()\n#2 /wordpress/wp-content/plugins/the-voice-designer-by-data-driven-design/src/BackendApi.php(32): DataDrivenDesign\\VoiceDesigner\\BackendApi->makeRequest(Object(Httpful\\Request))\n#3 /wordpress/wp-content/plugins/the-voice-designer-by-data-driven-design/src/Plugin.php(16): DataDrivenDesign\\VoiceDesigner\\BackendApi->createApp()\n#4 /wordpress/wp-includes/class-wp-hook.php(324): DataDrivenD in /wordpress/wp-content/plugins/the-voice-designer-by-data-driven-design/vendor/nategood/httpful/src/Httpful/Request.php on line 1028","log":"/logs/plugins/t/twitter-wings/error.json"}
,
{"message":"Uncaught TypeError: call_user_func_array(): Argument #1 ($callback) must be a valid callback, function \"activation\" not found or invalid function name in /wordpress/wp-includes/class-wp-hook.php:324","level":"FATAL","type":"PHP","test":"jspi-boot","plugin":"twitter-wings","details":"[31-May-2025 12:52:31 UTC] PHP Fatal error:  Uncaught TypeError: call_user_func_array(): Argument #1 ($callback) must be a valid callback, function \"activation\" not found or invalid function name in /wordpress/wp-includes/class-wp-hook.php:324\nStack trace:\n#0 /wordpress/wp-includes/class-wp-hook.php(348): WP_Hook->apply_filters('', Array)\n#1 /wordpress/wp-includes/plugin.php(517): WP_Hook->do_action(Array)\n#2 /wordpress/wp-admin/includes/plugin.php(703): do_action('activate_theme-...', false)\n#3 /internal/eval.php(20): activate_plugin('theme-junkie-fe...')\n#4 {main}\n  thrown in /wordpress/wp-includes/class-wp-hook.php on line 324","log":"/logs/plugins/t/twitter-wings/error.json"}
,
{"message":"Uncaught TypeError: call_user_func_array(): Argument #1 ($callback) must be a valid callback, function \"activation\" not found or invalid function name in /wordpress/wp-includes/class-wp-hook.php:324","level":"FATAL","type":"PHP","test":"jspi-boot","plugin":"twitter-wings","details":"[31-May-2025 12:52:40 UTC] PHP Fatal error:  Uncaught TypeError: call_user_func_array(): Argument #1 ($callback) must be a valid callback, function \"activation\" not found or invalid function name in /wordpress/wp-includes/class-wp-hook.php:324\nStack trace:\n#0 /wordpress/wp-includes/class-wp-hook.php(348): WP_Hook->apply_filters('', Array)\n#1 /wordpress/wp-includes/plugin.php(517): WP_Hook->do_action(Array)\n#2 /wordpress/wp-admin/includes/plugin.php(703): do_action('activate_theme-...', false)\n#3 /internal/eval.php(20): activate_plugin('theme-junkie-fe...')\n#4 {main}\n  thrown in /wordpress/wp-includes/class-wp-hook.php on line 324","log":"/logs/plugins/t/twitter-wings/error.json"}
,
{"message":"Uncaught TypeError: call_user_func_array(): Argument #1 ($callback) must be a valid callback, function \"activation\" not found or invalid function name in /wordpress/wp-includes/class-wp-hook.php:324","level":"FATAL","type":"PHP","test":"jspi-boot","plugin":"twitter-wings","details":"[31-May-2025 12:52:47 UTC] PHP Fatal error:  Uncaught TypeError: call_user_func_array(): Argument #1 ($callback) must be a valid callback, function \"activation\" not found or invalid function name in /wordpress/wp-includes/class-wp-hook.php:324\nStack trace:\n#0 /wordpress/wp-includes/class-wp-hook.php(348): WP_Hook->apply_filters('', Array)\n#1 /wordpress/wp-includes/plugin.php(517): WP_Hook->do_action(Array)\n#2 /wordpress/wp-admin/includes/plugin.php(703): do_action('activate_theme-...', false)\n#3 /internal/eval.php(20): activate_plugin('theme-junkie-fe...')\n#4 {main}\n  thrown in /wordpress/wp-includes/class-wp-hook.php on line 324","log":"/logs/plugins/t/twitter-wings/error.json"}
,
{"message":"syntax error, unexpected token \"new\" in /wordpress/wp-content/plugins/theme-my-profile/theme-my-profile.php on line 526","level":"PARSE","type":"PHP","test":"jspi-boot","plugin":"twitter-wings","details":"[31-May-2025 12:52:56 UTC] PHP Parse error:  syntax error, unexpected token \"new\" in /wordpress/wp-content/plugins/theme-my-profile/theme-my-profile.php on line 526","log":"/logs/plugins/t/twitter-wings/error.json"}
,
{"message":"syntax error, unexpected token \"new\" in /wordpress/wp-content/plugins/theme-my-profile/theme-my-profile.php on line 526","level":"PARSE","type":"PHP","test":"jspi-boot","plugin":"twitter-wings","details":"[31-May-2025 12:53:04 UTC] PHP Parse error:  syntax error, unexpected token \"new\" in /wordpress/wp-content/plugins/theme-my-profile/theme-my-profile.php on line 526","log":"/logs/plugins/t/twitter-wings/error.json"}
,
{"message":"syntax error, unexpected token \"new\" in /wordpress/wp-content/plugins/theme-my-profile/theme-my-profile.php on line 526","level":"PARSE","type":"PHP","test":"jspi-boot","plugin":"twitter-wings","details":"[31-May-2025 12:53:12 UTC] PHP Parse error:  syntax error, unexpected token \"new\" in /wordpress/wp-content/plugins/theme-my-profile/theme-my-profile.php on line 526","log":"/logs/plugins/t/twitter-wings/error.json"}
,
{"message":"Uncaught TypeError: call_user_func_array(): Argument #1 ($callback) must be a valid callback, non-static method TwitterWings::register() cannot be called statically in /wordpress/wp-includes/class-wp-hook.php:324","level":"FATAL","type":"PHP","test":"jspi-boot","plugin":"twitter-wings","details":"[31-May-2025 12:54:41 UTC] PHP Fatal error:  Uncaught TypeError: call_user_func_array(): Argument #1 ($callback) must be a valid callback, non-static method TwitterWings::register() cannot be called statically in /wordpress/wp-includes/class-wp-hook.php:324\nStack trace:\n#0 /wordpress/wp-includes/class-wp-hook.php(348): WP_Hook->apply_filters(NULL, Array)\n#1 /wordpress/wp-includes/plugin.php(517): WP_Hook->do_action(Array)\n#2 /wordpress/wp-includes/widgets.php(1870): do_action('widgets_init')\n#3 /wordpress/wp-includes/class-wp-hook.php(324): wp_widgets_init('')\n#4 /wordpress/wp-includes/class-wp-hook.php(348): WP_Hook->apply_filters(NULL, Array)\n#5 /wordpress/wp-includes/plugin.php(517): WP_Hook->do_action(Array)\n#6 /wordpress/wp-settings.php(727): do_action('init')\n#7 /wordpress/wp-config.php(102): require_once('/wordpress/wp-s...')\n#8 /wordpress/wp-load.php(50): require_once('/wordpress/wp-c...')\n#9 /internal/eval.php(3): require_once('/wordpress/wp-l...')\n#10 {main}\n  thrown in /wordpress/wp-includes/class-wp-hook.php on line 324","log":"/logs/plugins/t/twitter-wings/error.json"}
,
{"message":"Uncaught TypeError: call_user_func_array(): Argument #1 ($callback) must be a valid callback, non-static method TwitterWings::register() cannot be called statically in /wordpress/wp-includes/class-wp-hook.php:324","level":"FATAL","type":"PHP","test":"jspi-boot","plugin":"twitter-wings","details":"[31-May-2025 12:54:51 UTC] PHP Fatal error:  Uncaught TypeError: call_user_func_array(): Argument #1 ($callback) must be a valid callback, non-static method TwitterWings::register() cannot be called statically in /wordpress/wp-includes/class-wp-hook.php:324\nStack trace:\n#0 /wordpress/wp-includes/class-wp-hook.php(348): WP_Hook->apply_filters(NULL, Array)\n#1 /wordpress/wp-includes/plugin.php(517): WP_Hook->do_action(Array)\n#2 /wordpress/wp-includes/widgets.php(1870): do_action('widgets_init')\n#3 /wordpress/wp-includes/class-wp-hook.php(324): wp_widgets_init('')\n#4 /wordpress/wp-includes/class-wp-hook.php(348): WP_Hook->apply_filters(NULL, Array)\n#5 /wordpress/wp-includes/plugin.php(517): WP_Hook->do_action(Array)\n#6 /wordpress/wp-settings.php(727): do_action('init')\n#7 /wordpress/wp-config.php(102): require_once('/wordpress/wp-s...')\n#8 /wordpress/wp-load.php(50): require_once('/wordpress/wp-c...')\n#9 /internal/eval.php(3): require_once('/wordpress/wp-l...')\n#10 {main}\n  thrown in /wordpress/wp-includes/class-wp-hook.php on line 324","log":"/logs/plugins/t/twitter-wings/error.json"}
,
{"message":"Uncaught TypeError: call_user_func_array(): Argument #1 ($callback) must be a valid callback, non-static method TwitterWings::register() cannot be called statically in /wordpress/wp-includes/class-wp-hook.php:324","level":"FATAL","type":"PHP","test":"jspi-boot","plugin":"twitter-wings","details":"[31-May-2025 12:55:00 UTC] PHP Fatal error:  Uncaught TypeError: call_user_func_array(): Argument #1 ($callback) must be a valid callback, non-static method TwitterWings::register() cannot be called statically in /wordpress/wp-includes/class-wp-hook.php:324\nStack trace:\n#0 /wordpress/wp-includes/class-wp-hook.php(348): WP_Hook->apply_filters(NULL, Array)\n#1 /wordpress/wp-includes/plugin.php(517): WP_Hook->do_action(Array)\n#2 /wordpress/wp-includes/widgets.php(1870): do_action('widgets_init')\n#3 /wordpress/wp-includes/class-wp-hook.php(324): wp_widgets_init('')\n#4 /wordpress/wp-includes/class-wp-hook.php(348): WP_Hook->apply_filters(NULL, Array)\n#5 /wordpress/wp-includes/plugin.php(517): WP_Hook->do_action(Array)\n#6 /wordpress/wp-settings.php(727): do_action('init')\n#7 /wordpress/wp-config.php(102): require_once('/wordpress/wp-s...')\n#8 /wordpress/wp-load.php(50): require_once('/wordpress/wp-c...')\n#9 /internal/eval.php(3): require_once('/wordpress/wp-l...')\n#10 {main}\n  thrown in /wordpress/wp-includes/class-wp-hook.php on line 324\n\n    at Object.onBind (file:///home/runner/work/playground-tester/playground-tester/node_modules/@wp-playground/cli/index.js:237:15)\n    at process.processTicksAndRejections (node:internal/process/task_queues:105:5)\n    at async V (file:///home/runner/work/playground-tester/playground-tester/node_modules/@wp-playground/cli/index.js:64:10)\n    at async ja (file:///home/runner/work/playground-tester/playground-tester/node_modules/@wp-playground/cli/cli.js:8161:12) {\n  [cause]: Error: Error when executing the blueprint step #1 ({\"step\":\"installPlugin\",\"pluginData\":{\"resource\":\"wordpress.org/plugins\",\"slug\":\"twitter-wings\"},\"options\":{\"activate\":true}}) : PHP.run() failed with exit code 255 and the following output: \n      at Object.run (file:///home/runner/work/playground-tester/playground-tester/node_modules/@wp-playground/blueprints/index.js:12449:19)\n      at process.processTicksAndRejections (node:internal/process/task_queues:105:5)\n      at async ms (file:///home/runner/work/playground-tester/playground-tester/node_modules/@wp-playground/blueprints/index.js:12552:3)\n      ... 2 lines matching cause stack trace ...\n      at async ja (file:///home/runner/work/playground-tester/playground-tester/node_modules/@wp-playground/cli/cli.js:8161:12) {\n    [cause]: PHPExecutionFailureError: PHP.run() failed with exit code 255 and the following output: \n        at PHP.run (file:///home/runner/work/playground-tester/playground-tester/node_modules/@php-wasm/universal/index.js:987:19)\n        at process.processTicksAndRejections (node:internal/process/task_queues:105:5)\n        at async wr (file:///home/runner/work/playground-tester/playground-tester/node_modules/@wp-playground/blueprints/index.js:73:13)\n        at async Object.gt [as installPlugin] (file:///home/runner/work/playground-tester/playground-tester/node_modules/@wp-playground/blueprints/index.js:974:42)\n        at async g (file:///home/runner/work/playground-tester/playground-tester/node_modules/@wp-playground/blueprints/index.js:12517:30)\n        at async Object.run (file:///home/runner/work/playground-tester/playground-tester/node_modules/@wp-playground/blueprints/index.js:12446:23)\n        at async ms (file:///home/runner/work/playground-tester/playground-tester/node_modules/@wp-playground/blueprints/index.js:12552:3)\n        at async Object.onBind (file:///home/runner/work/playground-tester/playground-tester/node_modules/@wp-playground/cli/index.js:227:48)\n        at async V (file:///home/runner/work/playground-tester/playground-tester/node_modules/@wp-playground/cli/index.js:64:10)\n        at async ja (file:///home/runner/work/playground-tester/playground-tester/node_modules/@wp-playground/cli/cli.js:8161:12) {\n      response: PHPResponse {\n        httpStatusCode: 500,\n        headers: {\n          'x-powered-by': [ 'PHP/8.0.30-dev' ],\n          'content-type': [ 'text/html; charset=UTF-8' ],\n          expires: [ 'Wed, 11 Jan 1984 05:00:00 GMT' ],\n          'cache-control': [ 'no-cache, must-revalidate, max-age=0, no-store, private' ]\n        },\n        bytes: Uint8Array(2653) [\n           60,  33,  68,  79,  67,  84,  89,  80,  69,  32, 104, 116,\n          109, 108,  62,  10,  60, 104, 116, 109, 108,  32, 108,  97,\n          110, 103,  61,  34, 101, 110,  45,  85,  83,  34,  62,  10,\n           60, 104, 101,  97, 100,  62,  10,   9,  60, 109, 101, 116,\n           97,  32, 104, 116, 116, 112,  45, 101, 113, 117, 105, 118,\n           61,  34,  67, 111, 110, 116, 101, 110, 116,  45,  84, 121,\n          112, 101,  34,  32,  99, 111, 110, 116, 101, 110, 116,  61,\n           34, 116, 101, 120, 116,  47, 104, 116, 109, 108,  59,  32,\n           99, 104,  97, 114,\n          ... 2553 more items\n        ],\n        exitCode: 255,\n        errors: ''\n      },\n      source: 'request'\n    }\n  }\n}\n\n","log":"/logs/plugins/t/twitter-wings/error.json"}
]
