[
  {
    "message": "file:///home/runner/work/playground-tester/playground-tester/node_modules/@wp-playground/cli/run-cli-j-geJYS3.js:325\n        throw new Error($, { cause: h });\n              ^\n",
    "level": "FATAL",
    "type": "PLAYGROUND",
    "test": "ast-sqlite-boot",
    "plugin": "post-type-slider-widget",
    "details": "file:///home/runner/work/playground-tester/playground-tester/node_modules/@wp-playground/cli/run-cli-j-geJYS3.js:325\n        throw new Error($, { cause: h });\n              ^\n",
    "log": "/tmp/tmp.hTHSzSHSQv"
  },
  {
    "message": "Function _load_textdomain_just_in_time was called <strong>incorrectly</strong>. Translation loading for the <code>newstatpress</code> domain was triggered too early. This is usually an indicator for some code in the plugin or theme running too early. Translations should be loaded at the <code>init</code> action or later. Please see <a href=\"https://developer.wordpress.org/advanced-administration/debug/debug-wordpress/\">Debugging in WordPress</a> for more information. (This message was added in version 6.7.0.) in /wordpress/wp-includes/functions.php on line 6121",
    "level": "NOTICE",
    "type": "PHP",
    "test": "ast-sqlite-boot",
    "plugin": "post-type-slider-widget",
    "details": "[16-Jun-2025 07:29:16 UTC] PHP Notice:  Function _load_textdomain_just_in_time was called <strong>incorrectly</strong>. Translation loading for the <code>newstatpress</code> domain was triggered too early. This is usually an indicator for some code in the plugin or theme running too early. Translations should be loaded at the <code>init</code> action or later. Please see <a href=\"https://developer.wordpress.org/advanced-administration/debug/debug-wordpress/\">Debugging in WordPress</a> for more information. (This message was added in version 6.7.0.) in /wordpress/wp-includes/functions.php on line 6121",
    "log": "/logs/plugins/p/post-type-slider-widget/error.json"
  },
  {
    "message": "Function _load_textdomain_just_in_time was called <strong>incorrectly</strong>. Translation loading for the <code>newstatpress</code> domain was triggered too early. This is usually an indicator for some code in the plugin or theme running too early. Translations should be loaded at the <code>init</code> action or later. Please see <a href=\"https://developer.wordpress.org/advanced-administration/debug/debug-wordpress/\">Debugging in WordPress</a> for more information. (This message was added in version 6.7.0.) in /wordpress/wp-includes/functions.php on line 6121",
    "level": "NOTICE",
    "type": "PHP",
    "test": "ast-sqlite-boot",
    "plugin": "post-type-slider-widget",
    "details": "[16-Jun-2025 07:29:27 UTC] PHP Notice:  Function _load_textdomain_just_in_time was called <strong>incorrectly</strong>. Translation loading for the <code>newstatpress</code> domain was triggered too early. This is usually an indicator for some code in the plugin or theme running too early. Translations should be loaded at the <code>init</code> action or later. Please see <a href=\"https://developer.wordpress.org/advanced-administration/debug/debug-wordpress/\">Debugging in WordPress</a> for more information. (This message was added in version 6.7.0.) in /wordpress/wp-includes/functions.php on line 6121",
    "log": "/logs/plugins/p/post-type-slider-widget/error.json"
  },
  {
    "message": "Function _load_textdomain_just_in_time was called <strong>incorrectly</strong>. Translation loading for the <code>newstatpress</code> domain was triggered too early. This is usually an indicator for some code in the plugin or theme running too early. Translations should be loaded at the <code>init</code> action or later. Please see <a href=\"https://developer.wordpress.org/advanced-administration/debug/debug-wordpress/\">Debugging in WordPress</a> for more information. (This message was added in version 6.7.0.) in /wordpress/wp-includes/functions.php on line 6121",
    "level": "NOTICE",
    "type": "PHP",
    "test": "ast-sqlite-boot",
    "plugin": "post-type-slider-widget",
    "details": "[16-Jun-2025 07:29:38 UTC] PHP Notice:  Function _load_textdomain_just_in_time was called <strong>incorrectly</strong>. Translation loading for the <code>newstatpress</code> domain was triggered too early. This is usually an indicator for some code in the plugin or theme running too early. Translations should be loaded at the <code>init</code> action or later. Please see <a href=\"https://developer.wordpress.org/advanced-administration/debug/debug-wordpress/\">Debugging in WordPress</a> for more information. (This message was added in version 6.7.0.) in /wordpress/wp-includes/functions.php on line 6121",
    "log": "/logs/plugins/p/post-type-slider-widget/error.json"
  },
  {
    "message": "Uncaught Exception: The WooCommerce is not activated. in /wordpress/wp-content/plugins/payfull/payfull.php:23",
    "level": "FATAL",
    "type": "PHP",
    "test": "ast-sqlite-boot",
    "plugin": "post-type-slider-widget",
    "details": "[16-Jun-2025 07:31:35 UTC] PHP Fatal error:  Uncaught Exception: The WooCommerce is not activated. in /wordpress/wp-content/plugins/payfull/payfull.php:23\nStack trace:\n#0 /wordpress/wp-includes/class-wp-hook.php(324): payfull_init('')\n#1 /wordpress/wp-includes/class-wp-hook.php(348): WP_Hook->apply_filters(NULL, Array)\n#2 /wordpress/wp-includes/plugin.php(517): WP_Hook->do_action(Array)\n#3 /wordpress/wp-settings.php(727): do_action('init')\n#4 /wordpress/wp-config.php(102): require_once('/wordpress/wp-s...')\n#5 /wordpress/wp-load.php(50): require_once('/wordpress/wp-c...')\n#6 /internal/eval.php(3): require_once('/wordpress/wp-l...')\n#7 {main}\n  thrown in /wordpress/wp-content/plugins/payfull/payfull.php on line 23",
    "log": "/logs/plugins/p/post-type-slider-widget/error.json"
  },
  {
    "message": "Uncaught Exception: The WooCommerce is not activated. in /wordpress/wp-content/plugins/payfull/payfull.php:23",
    "level": "FATAL",
    "type": "PHP",
    "test": "ast-sqlite-boot",
    "plugin": "post-type-slider-widget",
    "details": "[16-Jun-2025 07:31:45 UTC] PHP Fatal error:  Uncaught Exception: The WooCommerce is not activated. in /wordpress/wp-content/plugins/payfull/payfull.php:23\nStack trace:\n#0 /wordpress/wp-includes/class-wp-hook.php(324): payfull_init('')\n#1 /wordpress/wp-includes/class-wp-hook.php(348): WP_Hook->apply_filters(NULL, Array)\n#2 /wordpress/wp-includes/plugin.php(517): WP_Hook->do_action(Array)\n#3 /wordpress/wp-settings.php(727): do_action('init')\n#4 /wordpress/wp-config.php(102): require_once('/wordpress/wp-s...')\n#5 /wordpress/wp-load.php(50): require_once('/wordpress/wp-c...')\n#6 /internal/eval.php(3): require_once('/wordpress/wp-l...')\n#7 {main}\n  thrown in /wordpress/wp-content/plugins/payfull/payfull.php on line 23",
    "log": "/logs/plugins/p/post-type-slider-widget/error.json"
  },
  {
    "message": "Uncaught Exception: The WooCommerce is not activated. in /wordpress/wp-content/plugins/payfull/payfull.php:23",
    "level": "FATAL",
    "type": "PHP",
    "test": "ast-sqlite-boot",
    "plugin": "post-type-slider-widget",
    "details": "[16-Jun-2025 07:31:55 UTC] PHP Fatal error:  Uncaught Exception: The WooCommerce is not activated. in /wordpress/wp-content/plugins/payfull/payfull.php:23\nStack trace:\n#0 /wordpress/wp-includes/class-wp-hook.php(324): payfull_init('')\n#1 /wordpress/wp-includes/class-wp-hook.php(348): WP_Hook->apply_filters(NULL, Array)\n#2 /wordpress/wp-includes/plugin.php(517): WP_Hook->do_action(Array)\n#3 /wordpress/wp-settings.php(727): do_action('init')\n#4 /wordpress/wp-config.php(102): require_once('/wordpress/wp-s...')\n#5 /wordpress/wp-load.php(50): require_once('/wordpress/wp-c...')\n#6 /internal/eval.php(3): require_once('/wordpress/wp-l...')\n#7 {main}\n  thrown in /wordpress/wp-content/plugins/payfull/payfull.php on line 23",
    "log": "/logs/plugins/p/post-type-slider-widget/error.json"
  },
  {
    "message": "Trying to access array offset on value of type null in /wordpress/wp-content/plugins/post-avatar/gkl-postavatar.php on line 522",
    "level": "WARNING",
    "type": "PHP",
    "test": "ast-sqlite-boot",
    "plugin": "post-type-slider-widget",
    "details": "[16-Jun-2025 07:35:12 UTC] PHP Warning:  Trying to access array offset on value of type null in /wordpress/wp-content/plugins/post-avatar/gkl-postavatar.php on line 522",
    "log": "/logs/plugins/p/post-type-slider-widget/error.json"
  },
  {
    "message": "Trying to access array offset on value of type null in /wordpress/wp-content/plugins/post-avatar/gkl-postavatar.php on line 524",
    "level": "WARNING",
    "type": "PHP",
    "test": "ast-sqlite-boot",
    "plugin": "post-type-slider-widget",
    "details": "[16-Jun-2025 07:35:12 UTC] PHP Warning:  Trying to access array offset on value of type null in /wordpress/wp-content/plugins/post-avatar/gkl-postavatar.php on line 524",
    "log": "/logs/plugins/p/post-type-slider-widget/error.json"
  },
  {
    "message": "Trying to access array offset on value of type null in /wordpress/wp-content/plugins/post-avatar/gkl-postavatar.php on line 522",
    "level": "WARNING",
    "type": "PHP",
    "test": "ast-sqlite-boot",
    "plugin": "post-type-slider-widget",
    "details": "[16-Jun-2025 07:35:12 UTC] PHP Warning:  Trying to access array offset on value of type null in /wordpress/wp-content/plugins/post-avatar/gkl-postavatar.php on line 522",
    "log": "/logs/plugins/p/post-type-slider-widget/error.json"
  },
  {
    "message": "Trying to access array offset on value of type null in /wordpress/wp-content/plugins/post-avatar/gkl-postavatar.php on line 524",
    "level": "WARNING",
    "type": "PHP",
    "test": "ast-sqlite-boot",
    "plugin": "post-type-slider-widget",
    "details": "[16-Jun-2025 07:35:12 UTC] PHP Warning:  Trying to access array offset on value of type null in /wordpress/wp-content/plugins/post-avatar/gkl-postavatar.php on line 524",
    "log": "/logs/plugins/p/post-type-slider-widget/error.json"
  },
  {
    "message": "Trying to access array offset on value of type null in /wordpress/wp-content/plugins/post-avatar/gkl-postavatar.php on line 522",
    "level": "WARNING",
    "type": "PHP",
    "test": "ast-sqlite-boot",
    "plugin": "post-type-slider-widget",
    "details": "[16-Jun-2025 07:35:20 UTC] PHP Warning:  Trying to access array offset on value of type null in /wordpress/wp-content/plugins/post-avatar/gkl-postavatar.php on line 522",
    "log": "/logs/plugins/p/post-type-slider-widget/error.json"
  },
  {
    "message": "Trying to access array offset on value of type null in /wordpress/wp-content/plugins/post-avatar/gkl-postavatar.php on line 524",
    "level": "WARNING",
    "type": "PHP",
    "test": "ast-sqlite-boot",
    "plugin": "post-type-slider-widget",
    "details": "[16-Jun-2025 07:35:20 UTC] PHP Warning:  Trying to access array offset on value of type null in /wordpress/wp-content/plugins/post-avatar/gkl-postavatar.php on line 524",
    "log": "/logs/plugins/p/post-type-slider-widget/error.json"
  },
  {
    "message": "Trying to access array offset on value of type null in /wordpress/wp-content/plugins/post-avatar/gkl-postavatar.php on line 522",
    "level": "WARNING",
    "type": "PHP",
    "test": "ast-sqlite-boot",
    "plugin": "post-type-slider-widget",
    "details": "[16-Jun-2025 07:35:21 UTC] PHP Warning:  Trying to access array offset on value of type null in /wordpress/wp-content/plugins/post-avatar/gkl-postavatar.php on line 522",
    "log": "/logs/plugins/p/post-type-slider-widget/error.json"
  },
  {
    "message": "Trying to access array offset on value of type null in /wordpress/wp-content/plugins/post-avatar/gkl-postavatar.php on line 524",
    "level": "WARNING",
    "type": "PHP",
    "test": "ast-sqlite-boot",
    "plugin": "post-type-slider-widget",
    "details": "[16-Jun-2025 07:35:21 UTC] PHP Warning:  Trying to access array offset on value of type null in /wordpress/wp-content/plugins/post-avatar/gkl-postavatar.php on line 524",
    "log": "/logs/plugins/p/post-type-slider-widget/error.json"
  },
  {
    "message": "Trying to access array offset on value of type null in /wordpress/wp-content/plugins/post-avatar/gkl-postavatar.php on line 522",
    "level": "WARNING",
    "type": "PHP",
    "test": "ast-sqlite-boot",
    "plugin": "post-type-slider-widget",
    "details": "[16-Jun-2025 07:35:30 UTC] PHP Warning:  Trying to access array offset on value of type null in /wordpress/wp-content/plugins/post-avatar/gkl-postavatar.php on line 522",
    "log": "/logs/plugins/p/post-type-slider-widget/error.json"
  },
  {
    "message": "Trying to access array offset on value of type null in /wordpress/wp-content/plugins/post-avatar/gkl-postavatar.php on line 524",
    "level": "WARNING",
    "type": "PHP",
    "test": "ast-sqlite-boot",
    "plugin": "post-type-slider-widget",
    "details": "[16-Jun-2025 07:35:30 UTC] PHP Warning:  Trying to access array offset on value of type null in /wordpress/wp-content/plugins/post-avatar/gkl-postavatar.php on line 524",
    "log": "/logs/plugins/p/post-type-slider-widget/error.json"
  },
  {
    "message": "Trying to access array offset on value of type null in /wordpress/wp-content/plugins/post-avatar/gkl-postavatar.php on line 522",
    "level": "WARNING",
    "type": "PHP",
    "test": "ast-sqlite-boot",
    "plugin": "post-type-slider-widget",
    "details": "[16-Jun-2025 07:35:31 UTC] PHP Warning:  Trying to access array offset on value of type null in /wordpress/wp-content/plugins/post-avatar/gkl-postavatar.php on line 522",
    "log": "/logs/plugins/p/post-type-slider-widget/error.json"
  },
  {
    "message": "Trying to access array offset on value of type null in /wordpress/wp-content/plugins/post-avatar/gkl-postavatar.php on line 524",
    "level": "WARNING",
    "type": "PHP",
    "test": "ast-sqlite-boot",
    "plugin": "post-type-slider-widget",
    "details": "[16-Jun-2025 07:35:31 UTC] PHP Warning:  Trying to access array offset on value of type null in /wordpress/wp-content/plugins/post-avatar/gkl-postavatar.php on line 524",
    "log": "/logs/plugins/p/post-type-slider-widget/error.json"
  },
  {
    "message": "Uncaught Error: Call to undefined function create_function() in /wordpress/wp-content/plugins/post-type-slider-widget/post-type-slider-widget.php:147",
    "level": "FATAL",
    "type": "PHP",
    "test": "ast-sqlite-boot",
    "plugin": "post-type-slider-widget",
    "details": "[16-Jun-2025 07:37:08 UTC] PHP Fatal error:  Uncaught Error: Call to undefined function create_function() in /wordpress/wp-content/plugins/post-type-slider-widget/post-type-slider-widget.php:147\nStack trace:\n#0 /wordpress/wp-admin/includes/plugin.php(2387): include_once()\n#1 /wordpress/wp-admin/includes/plugin.php(673): plugin_sandbox_scrape('post-type-slide...')\n#2 /internal/eval.php(20): activate_plugin('post-type-slide...')\n#3 {main}\n  thrown in /wordpress/wp-content/plugins/post-type-slider-widget/post-type-slider-widget.php on line 147\n\n    at Object.onBind (file:///home/runner/work/playground-tester/playground-tester/node_modules/@wp-playground/cli/run-cli-j-geJYS3.js:325:15)\n    at process.processTicksAndRejections (node:internal/process/task_queues:105:5)\n    at async re (file:///home/runner/work/playground-tester/playground-tester/node_modules/@wp-playground/cli/run-cli-j-geJYS3.js:149:10) {\n  [cause]: Error: Error when executing the blueprint step #5 ({\"step\":\"installPlugin\",\"pluginData\":{\"resource\":\"wordpress.org/plugins\",\"slug\":\"post-type-slider-widget\"},\"options\":{\"activate\":true}}) : PHP.run() failed with exit code 255 and the following output: \n      at Object.run (file:///home/runner/work/playground-tester/playground-tester/node_modules/@wp-playground/blueprints/index.js:12093:19)\n      at process.processTicksAndRejections (node:internal/process/task_queues:105:5)\n      at async ys (file:///home/runner/work/playground-tester/playground-tester/node_modules/@wp-playground/blueprints/index.js:12196:3)\n      at async Object.onBind (file:///home/runner/work/playground-tester/playground-tester/node_modules/@wp-playground/cli/run-cli-j-geJYS3.js:315:48)\n      at async re (file:///home/runner/work/playground-tester/playground-tester/node_modules/@wp-playground/cli/run-cli-j-geJYS3.js:149:10) {\n    [cause]: PHPExecutionFailureError: PHP.run() failed with exit code 255 and the following output: \n        at PHP.run (file:///home/runner/work/playground-tester/playground-tester/node_modules/@php-wasm/universal/index.js:1034:19)\n        at process.processTicksAndRejections (node:internal/process/task_queues:105:5)\n        at async wr (file:///home/runner/work/playground-tester/playground-tester/node_modules/@wp-playground/blueprints/index.js:34:39)\n        at async Object.gt [as installPlugin] (file:///home/runner/work/playground-tester/playground-tester/node_modules/@wp-playground/blueprints/index.js:631:42)\n        at async g (file:///home/runner/work/playground-tester/playground-tester/node_modules/@wp-playground/blueprints/index.js:12161:30)\n        at async Object.run (file:///home/runner/work/playground-tester/playground-tester/node_modules/@wp-playground/blueprints/index.js:12090:23)\n        at async ys (file:///home/runner/work/playground-tester/playground-tester/node_modules/@wp-playground/blueprints/index.js:12196:3)\n        at async Object.onBind (file:///home/runner/work/playground-tester/playground-tester/node_modules/@wp-playground/cli/run-cli-j-geJYS3.js:315:48)\n        at async re (file:///home/runner/work/playground-tester/playground-tester/node_modules/@wp-playground/cli/run-cli-j-geJYS3.js:149:10) {\n      response: PHPResponse {\n        httpStatusCode: 500,\n        headers: {\n          'x-powered-by': [ 'PHP/8.0.30-dev' ],\n          'content-type': [ 'text/html; charset=UTF-8' ]\n        },\n        bytes: Uint8Array(0) [],\n        exitCode: 255,\n        errors: ''\n      },\n      source: 'request'\n    }\n  }\n}\n\n",
    "log": "/logs/plugins/p/post-type-slider-widget/error.json"
  },
  {
    "message": "file:///home/runner/work/playground-tester/playground-tester/node_modules/@wp-playground/cli/run-cli-j-geJYS3.js:325\n        throw new Error($, { cause: h });\n              ^\n",
    "level": "FATAL",
    "type": "PLAYGROUND",
    "test": "asyncify-boot",
    "plugin": "post-type-slider-widget",
    "details": "file:///home/runner/work/playground-tester/playground-tester/node_modules/@wp-playground/cli/run-cli-j-geJYS3.js:325\n        throw new Error($, { cause: h });\n              ^\n",
    "log": "/tmp/tmp.lYwRXfIs0I"
  },
  {
    "message": "Function _load_textdomain_just_in_time was called <strong>incorrectly</strong>. Translation loading for the <code>newstatpress</code> domain was triggered too early. This is usually an indicator for some code in the plugin or theme running too early. Translations should be loaded at the <code>init</code> action or later. Please see <a href=\"https://developer.wordpress.org/advanced-administration/debug/debug-wordpress/\">Debugging in WordPress</a> for more information. (This message was added in version 6.7.0.) in /wordpress/wp-includes/functions.php on line 6121",
    "level": "NOTICE",
    "type": "PHP",
    "test": "asyncify-boot",
    "plugin": "post-type-slider-widget",
    "details": "[16-Jun-2025 07:29:16 UTC] PHP Notice:  Function _load_textdomain_just_in_time was called <strong>incorrectly</strong>. Translation loading for the <code>newstatpress</code> domain was triggered too early. This is usually an indicator for some code in the plugin or theme running too early. Translations should be loaded at the <code>init</code> action or later. Please see <a href=\"https://developer.wordpress.org/advanced-administration/debug/debug-wordpress/\">Debugging in WordPress</a> for more information. (This message was added in version 6.7.0.) in /wordpress/wp-includes/functions.php on line 6121",
    "log": "/logs/plugins/p/post-type-slider-widget/error.json"
  },
  {
    "message": "Function _load_textdomain_just_in_time was called <strong>incorrectly</strong>. Translation loading for the <code>newstatpress</code> domain was triggered too early. This is usually an indicator for some code in the plugin or theme running too early. Translations should be loaded at the <code>init</code> action or later. Please see <a href=\"https://developer.wordpress.org/advanced-administration/debug/debug-wordpress/\">Debugging in WordPress</a> for more information. (This message was added in version 6.7.0.) in /wordpress/wp-includes/functions.php on line 6121",
    "level": "NOTICE",
    "type": "PHP",
    "test": "asyncify-boot",
    "plugin": "post-type-slider-widget",
    "details": "[16-Jun-2025 07:29:27 UTC] PHP Notice:  Function _load_textdomain_just_in_time was called <strong>incorrectly</strong>. Translation loading for the <code>newstatpress</code> domain was triggered too early. This is usually an indicator for some code in the plugin or theme running too early. Translations should be loaded at the <code>init</code> action or later. Please see <a href=\"https://developer.wordpress.org/advanced-administration/debug/debug-wordpress/\">Debugging in WordPress</a> for more information. (This message was added in version 6.7.0.) in /wordpress/wp-includes/functions.php on line 6121",
    "log": "/logs/plugins/p/post-type-slider-widget/error.json"
  },
  {
    "message": "Function _load_textdomain_just_in_time was called <strong>incorrectly</strong>. Translation loading for the <code>newstatpress</code> domain was triggered too early. This is usually an indicator for some code in the plugin or theme running too early. Translations should be loaded at the <code>init</code> action or later. Please see <a href=\"https://developer.wordpress.org/advanced-administration/debug/debug-wordpress/\">Debugging in WordPress</a> for more information. (This message was added in version 6.7.0.) in /wordpress/wp-includes/functions.php on line 6121",
    "level": "NOTICE",
    "type": "PHP",
    "test": "asyncify-boot",
    "plugin": "post-type-slider-widget",
    "details": "[16-Jun-2025 07:29:38 UTC] PHP Notice:  Function _load_textdomain_just_in_time was called <strong>incorrectly</strong>. Translation loading for the <code>newstatpress</code> domain was triggered too early. This is usually an indicator for some code in the plugin or theme running too early. Translations should be loaded at the <code>init</code> action or later. Please see <a href=\"https://developer.wordpress.org/advanced-administration/debug/debug-wordpress/\">Debugging in WordPress</a> for more information. (This message was added in version 6.7.0.) in /wordpress/wp-includes/functions.php on line 6121",
    "log": "/logs/plugins/p/post-type-slider-widget/error.json"
  },
  {
    "message": "Uncaught Exception: The WooCommerce is not activated. in /wordpress/wp-content/plugins/payfull/payfull.php:23",
    "level": "FATAL",
    "type": "PHP",
    "test": "asyncify-boot",
    "plugin": "post-type-slider-widget",
    "details": "[16-Jun-2025 07:31:35 UTC] PHP Fatal error:  Uncaught Exception: The WooCommerce is not activated. in /wordpress/wp-content/plugins/payfull/payfull.php:23\nStack trace:\n#0 /wordpress/wp-includes/class-wp-hook.php(324): payfull_init('')\n#1 /wordpress/wp-includes/class-wp-hook.php(348): WP_Hook->apply_filters(NULL, Array)\n#2 /wordpress/wp-includes/plugin.php(517): WP_Hook->do_action(Array)\n#3 /wordpress/wp-settings.php(727): do_action('init')\n#4 /wordpress/wp-config.php(102): require_once('/wordpress/wp-s...')\n#5 /wordpress/wp-load.php(50): require_once('/wordpress/wp-c...')\n#6 /internal/eval.php(3): require_once('/wordpress/wp-l...')\n#7 {main}\n  thrown in /wordpress/wp-content/plugins/payfull/payfull.php on line 23",
    "log": "/logs/plugins/p/post-type-slider-widget/error.json"
  },
  {
    "message": "Uncaught Exception: The WooCommerce is not activated. in /wordpress/wp-content/plugins/payfull/payfull.php:23",
    "level": "FATAL",
    "type": "PHP",
    "test": "asyncify-boot",
    "plugin": "post-type-slider-widget",
    "details": "[16-Jun-2025 07:31:45 UTC] PHP Fatal error:  Uncaught Exception: The WooCommerce is not activated. in /wordpress/wp-content/plugins/payfull/payfull.php:23\nStack trace:\n#0 /wordpress/wp-includes/class-wp-hook.php(324): payfull_init('')\n#1 /wordpress/wp-includes/class-wp-hook.php(348): WP_Hook->apply_filters(NULL, Array)\n#2 /wordpress/wp-includes/plugin.php(517): WP_Hook->do_action(Array)\n#3 /wordpress/wp-settings.php(727): do_action('init')\n#4 /wordpress/wp-config.php(102): require_once('/wordpress/wp-s...')\n#5 /wordpress/wp-load.php(50): require_once('/wordpress/wp-c...')\n#6 /internal/eval.php(3): require_once('/wordpress/wp-l...')\n#7 {main}\n  thrown in /wordpress/wp-content/plugins/payfull/payfull.php on line 23",
    "log": "/logs/plugins/p/post-type-slider-widget/error.json"
  },
  {
    "message": "Uncaught Exception: The WooCommerce is not activated. in /wordpress/wp-content/plugins/payfull/payfull.php:23",
    "level": "FATAL",
    "type": "PHP",
    "test": "asyncify-boot",
    "plugin": "post-type-slider-widget",
    "details": "[16-Jun-2025 07:31:55 UTC] PHP Fatal error:  Uncaught Exception: The WooCommerce is not activated. in /wordpress/wp-content/plugins/payfull/payfull.php:23\nStack trace:\n#0 /wordpress/wp-includes/class-wp-hook.php(324): payfull_init('')\n#1 /wordpress/wp-includes/class-wp-hook.php(348): WP_Hook->apply_filters(NULL, Array)\n#2 /wordpress/wp-includes/plugin.php(517): WP_Hook->do_action(Array)\n#3 /wordpress/wp-settings.php(727): do_action('init')\n#4 /wordpress/wp-config.php(102): require_once('/wordpress/wp-s...')\n#5 /wordpress/wp-load.php(50): require_once('/wordpress/wp-c...')\n#6 /internal/eval.php(3): require_once('/wordpress/wp-l...')\n#7 {main}\n  thrown in /wordpress/wp-content/plugins/payfull/payfull.php on line 23",
    "log": "/logs/plugins/p/post-type-slider-widget/error.json"
  },
  {
    "message": "Trying to access array offset on value of type null in /wordpress/wp-content/plugins/post-avatar/gkl-postavatar.php on line 522",
    "level": "WARNING",
    "type": "PHP",
    "test": "asyncify-boot",
    "plugin": "post-type-slider-widget",
    "details": "[16-Jun-2025 07:35:12 UTC] PHP Warning:  Trying to access array offset on value of type null in /wordpress/wp-content/plugins/post-avatar/gkl-postavatar.php on line 522",
    "log": "/logs/plugins/p/post-type-slider-widget/error.json"
  },
  {
    "message": "Trying to access array offset on value of type null in /wordpress/wp-content/plugins/post-avatar/gkl-postavatar.php on line 524",
    "level": "WARNING",
    "type": "PHP",
    "test": "asyncify-boot",
    "plugin": "post-type-slider-widget",
    "details": "[16-Jun-2025 07:35:12 UTC] PHP Warning:  Trying to access array offset on value of type null in /wordpress/wp-content/plugins/post-avatar/gkl-postavatar.php on line 524",
    "log": "/logs/plugins/p/post-type-slider-widget/error.json"
  },
  {
    "message": "Trying to access array offset on value of type null in /wordpress/wp-content/plugins/post-avatar/gkl-postavatar.php on line 522",
    "level": "WARNING",
    "type": "PHP",
    "test": "asyncify-boot",
    "plugin": "post-type-slider-widget",
    "details": "[16-Jun-2025 07:35:12 UTC] PHP Warning:  Trying to access array offset on value of type null in /wordpress/wp-content/plugins/post-avatar/gkl-postavatar.php on line 522",
    "log": "/logs/plugins/p/post-type-slider-widget/error.json"
  },
  {
    "message": "Trying to access array offset on value of type null in /wordpress/wp-content/plugins/post-avatar/gkl-postavatar.php on line 524",
    "level": "WARNING",
    "type": "PHP",
    "test": "asyncify-boot",
    "plugin": "post-type-slider-widget",
    "details": "[16-Jun-2025 07:35:12 UTC] PHP Warning:  Trying to access array offset on value of type null in /wordpress/wp-content/plugins/post-avatar/gkl-postavatar.php on line 524",
    "log": "/logs/plugins/p/post-type-slider-widget/error.json"
  },
  {
    "message": "Trying to access array offset on value of type null in /wordpress/wp-content/plugins/post-avatar/gkl-postavatar.php on line 522",
    "level": "WARNING",
    "type": "PHP",
    "test": "asyncify-boot",
    "plugin": "post-type-slider-widget",
    "details": "[16-Jun-2025 07:35:20 UTC] PHP Warning:  Trying to access array offset on value of type null in /wordpress/wp-content/plugins/post-avatar/gkl-postavatar.php on line 522",
    "log": "/logs/plugins/p/post-type-slider-widget/error.json"
  },
  {
    "message": "Trying to access array offset on value of type null in /wordpress/wp-content/plugins/post-avatar/gkl-postavatar.php on line 524",
    "level": "WARNING",
    "type": "PHP",
    "test": "asyncify-boot",
    "plugin": "post-type-slider-widget",
    "details": "[16-Jun-2025 07:35:20 UTC] PHP Warning:  Trying to access array offset on value of type null in /wordpress/wp-content/plugins/post-avatar/gkl-postavatar.php on line 524",
    "log": "/logs/plugins/p/post-type-slider-widget/error.json"
  },
  {
    "message": "Trying to access array offset on value of type null in /wordpress/wp-content/plugins/post-avatar/gkl-postavatar.php on line 522",
    "level": "WARNING",
    "type": "PHP",
    "test": "asyncify-boot",
    "plugin": "post-type-slider-widget",
    "details": "[16-Jun-2025 07:35:21 UTC] PHP Warning:  Trying to access array offset on value of type null in /wordpress/wp-content/plugins/post-avatar/gkl-postavatar.php on line 522",
    "log": "/logs/plugins/p/post-type-slider-widget/error.json"
  },
  {
    "message": "Trying to access array offset on value of type null in /wordpress/wp-content/plugins/post-avatar/gkl-postavatar.php on line 524",
    "level": "WARNING",
    "type": "PHP",
    "test": "asyncify-boot",
    "plugin": "post-type-slider-widget",
    "details": "[16-Jun-2025 07:35:21 UTC] PHP Warning:  Trying to access array offset on value of type null in /wordpress/wp-content/plugins/post-avatar/gkl-postavatar.php on line 524",
    "log": "/logs/plugins/p/post-type-slider-widget/error.json"
  },
  {
    "message": "Trying to access array offset on value of type null in /wordpress/wp-content/plugins/post-avatar/gkl-postavatar.php on line 522",
    "level": "WARNING",
    "type": "PHP",
    "test": "asyncify-boot",
    "plugin": "post-type-slider-widget",
    "details": "[16-Jun-2025 07:35:30 UTC] PHP Warning:  Trying to access array offset on value of type null in /wordpress/wp-content/plugins/post-avatar/gkl-postavatar.php on line 522",
    "log": "/logs/plugins/p/post-type-slider-widget/error.json"
  },
  {
    "message": "Trying to access array offset on value of type null in /wordpress/wp-content/plugins/post-avatar/gkl-postavatar.php on line 524",
    "level": "WARNING",
    "type": "PHP",
    "test": "asyncify-boot",
    "plugin": "post-type-slider-widget",
    "details": "[16-Jun-2025 07:35:30 UTC] PHP Warning:  Trying to access array offset on value of type null in /wordpress/wp-content/plugins/post-avatar/gkl-postavatar.php on line 524",
    "log": "/logs/plugins/p/post-type-slider-widget/error.json"
  },
  {
    "message": "Trying to access array offset on value of type null in /wordpress/wp-content/plugins/post-avatar/gkl-postavatar.php on line 522",
    "level": "WARNING",
    "type": "PHP",
    "test": "asyncify-boot",
    "plugin": "post-type-slider-widget",
    "details": "[16-Jun-2025 07:35:31 UTC] PHP Warning:  Trying to access array offset on value of type null in /wordpress/wp-content/plugins/post-avatar/gkl-postavatar.php on line 522",
    "log": "/logs/plugins/p/post-type-slider-widget/error.json"
  },
  {
    "message": "Trying to access array offset on value of type null in /wordpress/wp-content/plugins/post-avatar/gkl-postavatar.php on line 524",
    "level": "WARNING",
    "type": "PHP",
    "test": "asyncify-boot",
    "plugin": "post-type-slider-widget",
    "details": "[16-Jun-2025 07:35:31 UTC] PHP Warning:  Trying to access array offset on value of type null in /wordpress/wp-content/plugins/post-avatar/gkl-postavatar.php on line 524",
    "log": "/logs/plugins/p/post-type-slider-widget/error.json"
  },
  {
    "message": "Uncaught Error: Call to undefined function create_function() in /wordpress/wp-content/plugins/post-type-slider-widget/post-type-slider-widget.php:147",
    "level": "FATAL",
    "type": "PHP",
    "test": "asyncify-boot",
    "plugin": "post-type-slider-widget",
    "details": "[16-Jun-2025 07:37:08 UTC] PHP Fatal error:  Uncaught Error: Call to undefined function create_function() in /wordpress/wp-content/plugins/post-type-slider-widget/post-type-slider-widget.php:147\nStack trace:\n#0 /wordpress/wp-admin/includes/plugin.php(2387): include_once()\n#1 /wordpress/wp-admin/includes/plugin.php(673): plugin_sandbox_scrape('post-type-slide...')\n#2 /internal/eval.php(20): activate_plugin('post-type-slide...')\n#3 {main}\n  thrown in /wordpress/wp-content/plugins/post-type-slider-widget/post-type-slider-widget.php on line 147",
    "log": "/logs/plugins/p/post-type-slider-widget/error.json"
  },
  {
    "message": "Uncaught Error: Call to undefined function create_function() in /wordpress/wp-content/plugins/post-type-slider-widget/post-type-slider-widget.php:147",
    "level": "FATAL",
    "type": "PHP",
    "test": "asyncify-boot",
    "plugin": "post-type-slider-widget",
    "details": "[16-Jun-2025 07:37:17 UTC] PHP Fatal error:  Uncaught Error: Call to undefined function create_function() in /wordpress/wp-content/plugins/post-type-slider-widget/post-type-slider-widget.php:147\nStack trace:\n#0 /wordpress/wp-admin/includes/plugin.php(2387): include_once()\n#1 /wordpress/wp-admin/includes/plugin.php(673): plugin_sandbox_scrape('post-type-slide...')\n#2 /internal/eval.php(20): activate_plugin('post-type-slide...')\n#3 {main}\n  thrown in /wordpress/wp-content/plugins/post-type-slider-widget/post-type-slider-widget.php on line 147\n\n    at Object.onBind (file:///home/runner/work/playground-tester/playground-tester/node_modules/@wp-playground/cli/run-cli-j-geJYS3.js:325:15)\n    at process.processTicksAndRejections (node:internal/process/task_queues:105:5)\n    at async re (file:///home/runner/work/playground-tester/playground-tester/node_modules/@wp-playground/cli/run-cli-j-geJYS3.js:149:10) {\n  [cause]: Error: Error when executing the blueprint step #1 ({\"step\":\"installPlugin\",\"pluginData\":{\"resource\":\"wordpress.org/plugins\",\"slug\":\"post-type-slider-widget\"},\"options\":{\"activate\":true}}) : PHP.run() failed with exit code 255 and the following output: \n      at Object.run (file:///home/runner/work/playground-tester/playground-tester/node_modules/@wp-playground/blueprints/index.js:12093:19)\n      at process.processTicksAndRejections (node:internal/process/task_queues:105:5)\n      at async ys (file:///home/runner/work/playground-tester/playground-tester/node_modules/@wp-playground/blueprints/index.js:12196:3)\n      at async Object.onBind (file:///home/runner/work/playground-tester/playground-tester/node_modules/@wp-playground/cli/run-cli-j-geJYS3.js:315:48)\n      at async re (file:///home/runner/work/playground-tester/playground-tester/node_modules/@wp-playground/cli/run-cli-j-geJYS3.js:149:10) {\n    [cause]: PHPExecutionFailureError: PHP.run() failed with exit code 255 and the following output: \n        at PHP.run (file:///home/runner/work/playground-tester/playground-tester/node_modules/@php-wasm/universal/index.js:1034:19)\n        at process.processTicksAndRejections (node:internal/process/task_queues:105:5)\n        at async wr (file:///home/runner/work/playground-tester/playground-tester/node_modules/@wp-playground/blueprints/index.js:34:39)\n        at async Object.gt [as installPlugin] (file:///home/runner/work/playground-tester/playground-tester/node_modules/@wp-playground/blueprints/index.js:631:42)\n        at async g (file:///home/runner/work/playground-tester/playground-tester/node_modules/@wp-playground/blueprints/index.js:12161:30)\n        at async Object.run (file:///home/runner/work/playground-tester/playground-tester/node_modules/@wp-playground/blueprints/index.js:12090:23)\n        at async ys (file:///home/runner/work/playground-tester/playground-tester/node_modules/@wp-playground/blueprints/index.js:12196:3)\n        at async Object.onBind (file:///home/runner/work/playground-tester/playground-tester/node_modules/@wp-playground/cli/run-cli-j-geJYS3.js:315:48)\n        at async re (file:///home/runner/work/playground-tester/playground-tester/node_modules/@wp-playground/cli/run-cli-j-geJYS3.js:149:10) {\n      response: PHPResponse {\n        httpStatusCode: 500,\n        headers: {\n          'x-powered-by': [ 'PHP/8.0.30-dev' ],\n          'content-type': [ 'text/html; charset=UTF-8' ]\n        },\n        bytes: Uint8Array(0) [],\n        exitCode: 255,\n        errors: ''\n      },\n      source: 'request'\n    }\n  }\n}\n\n",
    "log": "/logs/plugins/p/post-type-slider-widget/error.json"
  },
  {
    "message": "file:///home/runner/work/playground-tester/playground-tester/node_modules/@wp-playground/cli/run-cli-j-geJYS3.js:325\n        throw new Error($, { cause: h });\n              ^\n",
    "level": "FATAL",
    "type": "PLAYGROUND",
    "test": "jspi-boot",
    "plugin": "post-type-slider-widget",
    "details": "file:///home/runner/work/playground-tester/playground-tester/node_modules/@wp-playground/cli/run-cli-j-geJYS3.js:325\n        throw new Error($, { cause: h });\n              ^\n",
    "log": "/tmp/tmp.lpbERg4lmE"
  },
  {
    "message": "Function _load_textdomain_just_in_time was called <strong>incorrectly</strong>. Translation loading for the <code>newstatpress</code> domain was triggered too early. This is usually an indicator for some code in the plugin or theme running too early. Translations should be loaded at the <code>init</code> action or later. Please see <a href=\"https://developer.wordpress.org/advanced-administration/debug/debug-wordpress/\">Debugging in WordPress</a> for more information. (This message was added in version 6.7.0.) in /wordpress/wp-includes/functions.php on line 6121",
    "level": "NOTICE",
    "type": "PHP",
    "test": "jspi-boot",
    "plugin": "post-type-slider-widget",
    "details": "[16-Jun-2025 07:29:16 UTC] PHP Notice:  Function _load_textdomain_just_in_time was called <strong>incorrectly</strong>. Translation loading for the <code>newstatpress</code> domain was triggered too early. This is usually an indicator for some code in the plugin or theme running too early. Translations should be loaded at the <code>init</code> action or later. Please see <a href=\"https://developer.wordpress.org/advanced-administration/debug/debug-wordpress/\">Debugging in WordPress</a> for more information. (This message was added in version 6.7.0.) in /wordpress/wp-includes/functions.php on line 6121",
    "log": "/logs/plugins/p/post-type-slider-widget/error.json"
  },
  {
    "message": "Function _load_textdomain_just_in_time was called <strong>incorrectly</strong>. Translation loading for the <code>newstatpress</code> domain was triggered too early. This is usually an indicator for some code in the plugin or theme running too early. Translations should be loaded at the <code>init</code> action or later. Please see <a href=\"https://developer.wordpress.org/advanced-administration/debug/debug-wordpress/\">Debugging in WordPress</a> for more information. (This message was added in version 6.7.0.) in /wordpress/wp-includes/functions.php on line 6121",
    "level": "NOTICE",
    "type": "PHP",
    "test": "jspi-boot",
    "plugin": "post-type-slider-widget",
    "details": "[16-Jun-2025 07:29:27 UTC] PHP Notice:  Function _load_textdomain_just_in_time was called <strong>incorrectly</strong>. Translation loading for the <code>newstatpress</code> domain was triggered too early. This is usually an indicator for some code in the plugin or theme running too early. Translations should be loaded at the <code>init</code> action or later. Please see <a href=\"https://developer.wordpress.org/advanced-administration/debug/debug-wordpress/\">Debugging in WordPress</a> for more information. (This message was added in version 6.7.0.) in /wordpress/wp-includes/functions.php on line 6121",
    "log": "/logs/plugins/p/post-type-slider-widget/error.json"
  },
  {
    "message": "Function _load_textdomain_just_in_time was called <strong>incorrectly</strong>. Translation loading for the <code>newstatpress</code> domain was triggered too early. This is usually an indicator for some code in the plugin or theme running too early. Translations should be loaded at the <code>init</code> action or later. Please see <a href=\"https://developer.wordpress.org/advanced-administration/debug/debug-wordpress/\">Debugging in WordPress</a> for more information. (This message was added in version 6.7.0.) in /wordpress/wp-includes/functions.php on line 6121",
    "level": "NOTICE",
    "type": "PHP",
    "test": "jspi-boot",
    "plugin": "post-type-slider-widget",
    "details": "[16-Jun-2025 07:29:38 UTC] PHP Notice:  Function _load_textdomain_just_in_time was called <strong>incorrectly</strong>. Translation loading for the <code>newstatpress</code> domain was triggered too early. This is usually an indicator for some code in the plugin or theme running too early. Translations should be loaded at the <code>init</code> action or later. Please see <a href=\"https://developer.wordpress.org/advanced-administration/debug/debug-wordpress/\">Debugging in WordPress</a> for more information. (This message was added in version 6.7.0.) in /wordpress/wp-includes/functions.php on line 6121",
    "log": "/logs/plugins/p/post-type-slider-widget/error.json"
  },
  {
    "message": "Uncaught Exception: The WooCommerce is not activated. in /wordpress/wp-content/plugins/payfull/payfull.php:23",
    "level": "FATAL",
    "type": "PHP",
    "test": "jspi-boot",
    "plugin": "post-type-slider-widget",
    "details": "[16-Jun-2025 07:31:35 UTC] PHP Fatal error:  Uncaught Exception: The WooCommerce is not activated. in /wordpress/wp-content/plugins/payfull/payfull.php:23\nStack trace:\n#0 /wordpress/wp-includes/class-wp-hook.php(324): payfull_init('')\n#1 /wordpress/wp-includes/class-wp-hook.php(348): WP_Hook->apply_filters(NULL, Array)\n#2 /wordpress/wp-includes/plugin.php(517): WP_Hook->do_action(Array)\n#3 /wordpress/wp-settings.php(727): do_action('init')\n#4 /wordpress/wp-config.php(102): require_once('/wordpress/wp-s...')\n#5 /wordpress/wp-load.php(50): require_once('/wordpress/wp-c...')\n#6 /internal/eval.php(3): require_once('/wordpress/wp-l...')\n#7 {main}\n  thrown in /wordpress/wp-content/plugins/payfull/payfull.php on line 23",
    "log": "/logs/plugins/p/post-type-slider-widget/error.json"
  },
  {
    "message": "Uncaught Exception: The WooCommerce is not activated. in /wordpress/wp-content/plugins/payfull/payfull.php:23",
    "level": "FATAL",
    "type": "PHP",
    "test": "jspi-boot",
    "plugin": "post-type-slider-widget",
    "details": "[16-Jun-2025 07:31:45 UTC] PHP Fatal error:  Uncaught Exception: The WooCommerce is not activated. in /wordpress/wp-content/plugins/payfull/payfull.php:23\nStack trace:\n#0 /wordpress/wp-includes/class-wp-hook.php(324): payfull_init('')\n#1 /wordpress/wp-includes/class-wp-hook.php(348): WP_Hook->apply_filters(NULL, Array)\n#2 /wordpress/wp-includes/plugin.php(517): WP_Hook->do_action(Array)\n#3 /wordpress/wp-settings.php(727): do_action('init')\n#4 /wordpress/wp-config.php(102): require_once('/wordpress/wp-s...')\n#5 /wordpress/wp-load.php(50): require_once('/wordpress/wp-c...')\n#6 /internal/eval.php(3): require_once('/wordpress/wp-l...')\n#7 {main}\n  thrown in /wordpress/wp-content/plugins/payfull/payfull.php on line 23",
    "log": "/logs/plugins/p/post-type-slider-widget/error.json"
  },
  {
    "message": "Uncaught Exception: The WooCommerce is not activated. in /wordpress/wp-content/plugins/payfull/payfull.php:23",
    "level": "FATAL",
    "type": "PHP",
    "test": "jspi-boot",
    "plugin": "post-type-slider-widget",
    "details": "[16-Jun-2025 07:31:55 UTC] PHP Fatal error:  Uncaught Exception: The WooCommerce is not activated. in /wordpress/wp-content/plugins/payfull/payfull.php:23\nStack trace:\n#0 /wordpress/wp-includes/class-wp-hook.php(324): payfull_init('')\n#1 /wordpress/wp-includes/class-wp-hook.php(348): WP_Hook->apply_filters(NULL, Array)\n#2 /wordpress/wp-includes/plugin.php(517): WP_Hook->do_action(Array)\n#3 /wordpress/wp-settings.php(727): do_action('init')\n#4 /wordpress/wp-config.php(102): require_once('/wordpress/wp-s...')\n#5 /wordpress/wp-load.php(50): require_once('/wordpress/wp-c...')\n#6 /internal/eval.php(3): require_once('/wordpress/wp-l...')\n#7 {main}\n  thrown in /wordpress/wp-content/plugins/payfull/payfull.php on line 23",
    "log": "/logs/plugins/p/post-type-slider-widget/error.json"
  },
  {
    "message": "Trying to access array offset on value of type null in /wordpress/wp-content/plugins/post-avatar/gkl-postavatar.php on line 522",
    "level": "WARNING",
    "type": "PHP",
    "test": "jspi-boot",
    "plugin": "post-type-slider-widget",
    "details": "[16-Jun-2025 07:35:12 UTC] PHP Warning:  Trying to access array offset on value of type null in /wordpress/wp-content/plugins/post-avatar/gkl-postavatar.php on line 522",
    "log": "/logs/plugins/p/post-type-slider-widget/error.json"
  },
  {
    "message": "Trying to access array offset on value of type null in /wordpress/wp-content/plugins/post-avatar/gkl-postavatar.php on line 524",
    "level": "WARNING",
    "type": "PHP",
    "test": "jspi-boot",
    "plugin": "post-type-slider-widget",
    "details": "[16-Jun-2025 07:35:12 UTC] PHP Warning:  Trying to access array offset on value of type null in /wordpress/wp-content/plugins/post-avatar/gkl-postavatar.php on line 524",
    "log": "/logs/plugins/p/post-type-slider-widget/error.json"
  },
  {
    "message": "Trying to access array offset on value of type null in /wordpress/wp-content/plugins/post-avatar/gkl-postavatar.php on line 522",
    "level": "WARNING",
    "type": "PHP",
    "test": "jspi-boot",
    "plugin": "post-type-slider-widget",
    "details": "[16-Jun-2025 07:35:12 UTC] PHP Warning:  Trying to access array offset on value of type null in /wordpress/wp-content/plugins/post-avatar/gkl-postavatar.php on line 522",
    "log": "/logs/plugins/p/post-type-slider-widget/error.json"
  },
  {
    "message": "Trying to access array offset on value of type null in /wordpress/wp-content/plugins/post-avatar/gkl-postavatar.php on line 524",
    "level": "WARNING",
    "type": "PHP",
    "test": "jspi-boot",
    "plugin": "post-type-slider-widget",
    "details": "[16-Jun-2025 07:35:12 UTC] PHP Warning:  Trying to access array offset on value of type null in /wordpress/wp-content/plugins/post-avatar/gkl-postavatar.php on line 524",
    "log": "/logs/plugins/p/post-type-slider-widget/error.json"
  },
  {
    "message": "Trying to access array offset on value of type null in /wordpress/wp-content/plugins/post-avatar/gkl-postavatar.php on line 522",
    "level": "WARNING",
    "type": "PHP",
    "test": "jspi-boot",
    "plugin": "post-type-slider-widget",
    "details": "[16-Jun-2025 07:35:20 UTC] PHP Warning:  Trying to access array offset on value of type null in /wordpress/wp-content/plugins/post-avatar/gkl-postavatar.php on line 522",
    "log": "/logs/plugins/p/post-type-slider-widget/error.json"
  },
  {
    "message": "Trying to access array offset on value of type null in /wordpress/wp-content/plugins/post-avatar/gkl-postavatar.php on line 524",
    "level": "WARNING",
    "type": "PHP",
    "test": "jspi-boot",
    "plugin": "post-type-slider-widget",
    "details": "[16-Jun-2025 07:35:20 UTC] PHP Warning:  Trying to access array offset on value of type null in /wordpress/wp-content/plugins/post-avatar/gkl-postavatar.php on line 524",
    "log": "/logs/plugins/p/post-type-slider-widget/error.json"
  },
  {
    "message": "Trying to access array offset on value of type null in /wordpress/wp-content/plugins/post-avatar/gkl-postavatar.php on line 522",
    "level": "WARNING",
    "type": "PHP",
    "test": "jspi-boot",
    "plugin": "post-type-slider-widget",
    "details": "[16-Jun-2025 07:35:21 UTC] PHP Warning:  Trying to access array offset on value of type null in /wordpress/wp-content/plugins/post-avatar/gkl-postavatar.php on line 522",
    "log": "/logs/plugins/p/post-type-slider-widget/error.json"
  },
  {
    "message": "Trying to access array offset on value of type null in /wordpress/wp-content/plugins/post-avatar/gkl-postavatar.php on line 524",
    "level": "WARNING",
    "type": "PHP",
    "test": "jspi-boot",
    "plugin": "post-type-slider-widget",
    "details": "[16-Jun-2025 07:35:21 UTC] PHP Warning:  Trying to access array offset on value of type null in /wordpress/wp-content/plugins/post-avatar/gkl-postavatar.php on line 524",
    "log": "/logs/plugins/p/post-type-slider-widget/error.json"
  },
  {
    "message": "Trying to access array offset on value of type null in /wordpress/wp-content/plugins/post-avatar/gkl-postavatar.php on line 522",
    "level": "WARNING",
    "type": "PHP",
    "test": "jspi-boot",
    "plugin": "post-type-slider-widget",
    "details": "[16-Jun-2025 07:35:30 UTC] PHP Warning:  Trying to access array offset on value of type null in /wordpress/wp-content/plugins/post-avatar/gkl-postavatar.php on line 522",
    "log": "/logs/plugins/p/post-type-slider-widget/error.json"
  },
  {
    "message": "Trying to access array offset on value of type null in /wordpress/wp-content/plugins/post-avatar/gkl-postavatar.php on line 524",
    "level": "WARNING",
    "type": "PHP",
    "test": "jspi-boot",
    "plugin": "post-type-slider-widget",
    "details": "[16-Jun-2025 07:35:30 UTC] PHP Warning:  Trying to access array offset on value of type null in /wordpress/wp-content/plugins/post-avatar/gkl-postavatar.php on line 524",
    "log": "/logs/plugins/p/post-type-slider-widget/error.json"
  },
  {
    "message": "Trying to access array offset on value of type null in /wordpress/wp-content/plugins/post-avatar/gkl-postavatar.php on line 522",
    "level": "WARNING",
    "type": "PHP",
    "test": "jspi-boot",
    "plugin": "post-type-slider-widget",
    "details": "[16-Jun-2025 07:35:31 UTC] PHP Warning:  Trying to access array offset on value of type null in /wordpress/wp-content/plugins/post-avatar/gkl-postavatar.php on line 522",
    "log": "/logs/plugins/p/post-type-slider-widget/error.json"
  },
  {
    "message": "Trying to access array offset on value of type null in /wordpress/wp-content/plugins/post-avatar/gkl-postavatar.php on line 524",
    "level": "WARNING",
    "type": "PHP",
    "test": "jspi-boot",
    "plugin": "post-type-slider-widget",
    "details": "[16-Jun-2025 07:35:31 UTC] PHP Warning:  Trying to access array offset on value of type null in /wordpress/wp-content/plugins/post-avatar/gkl-postavatar.php on line 524",
    "log": "/logs/plugins/p/post-type-slider-widget/error.json"
  },
  {
    "message": "Uncaught Error: Call to undefined function create_function() in /wordpress/wp-content/plugins/post-type-slider-widget/post-type-slider-widget.php:147",
    "level": "FATAL",
    "type": "PHP",
    "test": "jspi-boot",
    "plugin": "post-type-slider-widget",
    "details": "[16-Jun-2025 07:37:08 UTC] PHP Fatal error:  Uncaught Error: Call to undefined function create_function() in /wordpress/wp-content/plugins/post-type-slider-widget/post-type-slider-widget.php:147\nStack trace:\n#0 /wordpress/wp-admin/includes/plugin.php(2387): include_once()\n#1 /wordpress/wp-admin/includes/plugin.php(673): plugin_sandbox_scrape('post-type-slide...')\n#2 /internal/eval.php(20): activate_plugin('post-type-slide...')\n#3 {main}\n  thrown in /wordpress/wp-content/plugins/post-type-slider-widget/post-type-slider-widget.php on line 147",
    "log": "/logs/plugins/p/post-type-slider-widget/error.json"
  },
  {
    "message": "Uncaught Error: Call to undefined function create_function() in /wordpress/wp-content/plugins/post-type-slider-widget/post-type-slider-widget.php:147",
    "level": "FATAL",
    "type": "PHP",
    "test": "jspi-boot",
    "plugin": "post-type-slider-widget",
    "details": "[16-Jun-2025 07:37:17 UTC] PHP Fatal error:  Uncaught Error: Call to undefined function create_function() in /wordpress/wp-content/plugins/post-type-slider-widget/post-type-slider-widget.php:147\nStack trace:\n#0 /wordpress/wp-admin/includes/plugin.php(2387): include_once()\n#1 /wordpress/wp-admin/includes/plugin.php(673): plugin_sandbox_scrape('post-type-slide...')\n#2 /internal/eval.php(20): activate_plugin('post-type-slide...')\n#3 {main}\n  thrown in /wordpress/wp-content/plugins/post-type-slider-widget/post-type-slider-widget.php on line 147",
    "log": "/logs/plugins/p/post-type-slider-widget/error.json"
  },
  {
    "message": "Uncaught Error: Call to undefined function create_function() in /wordpress/wp-content/plugins/post-type-slider-widget/post-type-slider-widget.php:147",
    "level": "FATAL",
    "type": "PHP",
    "test": "jspi-boot",
    "plugin": "post-type-slider-widget",
    "details": "[16-Jun-2025 07:37:24 UTC] PHP Fatal error:  Uncaught Error: Call to undefined function create_function() in /wordpress/wp-content/plugins/post-type-slider-widget/post-type-slider-widget.php:147\nStack trace:\n#0 /wordpress/wp-admin/includes/plugin.php(2387): include_once()\n#1 /wordpress/wp-admin/includes/plugin.php(673): plugin_sandbox_scrape('post-type-slide...')\n#2 /internal/eval.php(20): activate_plugin('post-type-slide...')\n#3 {main}\n  thrown in /wordpress/wp-content/plugins/post-type-slider-widget/post-type-slider-widget.php on line 147\n\n    at Object.onBind (file:///home/runner/work/playground-tester/playground-tester/node_modules/@wp-playground/cli/run-cli-j-geJYS3.js:325:15)\n    at process.processTicksAndRejections (node:internal/process/task_queues:105:5)\n    at async re (file:///home/runner/work/playground-tester/playground-tester/node_modules/@wp-playground/cli/run-cli-j-geJYS3.js:149:10) {\n  [cause]: Error: Error when executing the blueprint step #1 ({\"step\":\"installPlugin\",\"pluginData\":{\"resource\":\"wordpress.org/plugins\",\"slug\":\"post-type-slider-widget\"},\"options\":{\"activate\":true}}) : PHP.run() failed with exit code 255 and the following output: \n      at Object.run (file:///home/runner/work/playground-tester/playground-tester/node_modules/@wp-playground/blueprints/index.js:12093:19)\n      at process.processTicksAndRejections (node:internal/process/task_queues:105:5)\n      at async ys (file:///home/runner/work/playground-tester/playground-tester/node_modules/@wp-playground/blueprints/index.js:12196:3)\n      at async Object.onBind (file:///home/runner/work/playground-tester/playground-tester/node_modules/@wp-playground/cli/run-cli-j-geJYS3.js:315:48)\n      at async re (file:///home/runner/work/playground-tester/playground-tester/node_modules/@wp-playground/cli/run-cli-j-geJYS3.js:149:10) {\n    [cause]: PHPExecutionFailureError: PHP.run() failed with exit code 255 and the following output: \n        at PHP.run (file:///home/runner/work/playground-tester/playground-tester/node_modules/@php-wasm/universal/index.js:1034:19)\n        at process.processTicksAndRejections (node:internal/process/task_queues:105:5)\n        at async wr (file:///home/runner/work/playground-tester/playground-tester/node_modules/@wp-playground/blueprints/index.js:34:39)\n        at async Object.gt [as installPlugin] (file:///home/runner/work/playground-tester/playground-tester/node_modules/@wp-playground/blueprints/index.js:631:42)\n        at async g (file:///home/runner/work/playground-tester/playground-tester/node_modules/@wp-playground/blueprints/index.js:12161:30)\n        at async Object.run (file:///home/runner/work/playground-tester/playground-tester/node_modules/@wp-playground/blueprints/index.js:12090:23)\n        at async ys (file:///home/runner/work/playground-tester/playground-tester/node_modules/@wp-playground/blueprints/index.js:12196:3)\n        at async Object.onBind (file:///home/runner/work/playground-tester/playground-tester/node_modules/@wp-playground/cli/run-cli-j-geJYS3.js:315:48)\n        at async re (file:///home/runner/work/playground-tester/playground-tester/node_modules/@wp-playground/cli/run-cli-j-geJYS3.js:149:10) {\n      response: PHPResponse {\n        httpStatusCode: 500,\n        headers: {\n          'x-powered-by': [ 'PHP/8.0.30-dev' ],\n          'content-type': [ 'text/html; charset=UTF-8' ]\n        },\n        bytes: Uint8Array(0) [],\n        exitCode: 255,\n        errors: ''\n      },\n      source: 'request'\n    }\n  }\n}\n\n",
    "log": "/logs/plugins/p/post-type-slider-widget/error.json"
  }
]
