[
{"message":"file:///home/runner/work/playground-tester/playground-tester/node_modules/@wp-playground/cli/run-cli-j-geJYS3.js:325\n        throw new Error($, { cause: h });\n              ^\n","level":"FATAL","type":"PLAYGROUND","test":"ast-sqlite-boot","plugin":"ajax-category-dropdown","details":"file:///home/runner/work/playground-tester/playground-tester/node_modules/@wp-playground/cli/run-cli-j-geJYS3.js:325\n        throw new Error($, { cause: h });\n              ^\n","log":"/tmp/tmp.Ieyn5MNgM4"}
,
{"message":"Uncaught Error: Call to undefined function create_function() in /wordpress/wp-content/plugins/bysms/bysms.php:41","level":"FATAL","type":"PHP","test":"ast-sqlite-boot","plugin":"ajax-category-dropdown","details":"[11-Jun-2025 03:42:28 UTC] PHP Fatal error:  Uncaught Error: Call to undefined function create_function() in /wordpress/wp-content/plugins/bysms/bysms.php:41\nStack trace:\n#0 /wordpress/wp-admin/includes/plugin.php(2387): include_once()\n#1 /wordpress/wp-admin/includes/plugin.php(673): plugin_sandbox_scrape('bysms/bysms.php')\n#2 /internal/eval.php(20): activate_plugin('bysms/bysms.php')\n#3 {main}\n  thrown in /wordpress/wp-content/plugins/bysms/bysms.php on line 41","log":"/logs/plugins/a/ajax-category-dropdown/error.json"}
,
{"message":"Uncaught Error: Call to undefined function create_function() in /wordpress/wp-content/plugins/bysms/bysms.php:41","level":"FATAL","type":"PHP","test":"ast-sqlite-boot","plugin":"ajax-category-dropdown","details":"[11-Jun-2025 03:42:37 UTC] PHP Fatal error:  Uncaught Error: Call to undefined function create_function() in /wordpress/wp-content/plugins/bysms/bysms.php:41\nStack trace:\n#0 /wordpress/wp-admin/includes/plugin.php(2387): include_once()\n#1 /wordpress/wp-admin/includes/plugin.php(673): plugin_sandbox_scrape('bysms/bysms.php')\n#2 /internal/eval.php(20): activate_plugin('bysms/bysms.php')\n#3 {main}\n  thrown in /wordpress/wp-content/plugins/bysms/bysms.php on line 41","log":"/logs/plugins/a/ajax-category-dropdown/error.json"}
,
{"message":"Uncaught Error: Call to undefined function create_function() in /wordpress/wp-content/plugins/bysms/bysms.php:41","level":"FATAL","type":"PHP","test":"ast-sqlite-boot","plugin":"ajax-category-dropdown","details":"[11-Jun-2025 03:42:44 UTC] PHP Fatal error:  Uncaught Error: Call to undefined function create_function() in /wordpress/wp-content/plugins/bysms/bysms.php:41\nStack trace:\n#0 /wordpress/wp-admin/includes/plugin.php(2387): include_once()\n#1 /wordpress/wp-admin/includes/plugin.php(673): plugin_sandbox_scrape('bysms/bysms.php')\n#2 /internal/eval.php(20): activate_plugin('bysms/bysms.php')\n#3 {main}\n  thrown in /wordpress/wp-content/plugins/bysms/bysms.php on line 41","log":"/logs/plugins/a/ajax-category-dropdown/error.json"}
,
{"message":"Unparenthesized `a ? b : c ? d : e` is not supported. Use either `(a ? b : c) ? d : e` or `a ? b : (c ? d : e)` in /wordpress/wp-content/plugins/all-new-blogroll/multi-keyword-statistics.php on line 822","level":"FATAL","type":"PHP","test":"ast-sqlite-boot","plugin":"ajax-category-dropdown","details":"[11-Jun-2025 03:46:08 UTC] PHP Fatal error:  Unparenthesized `a ? b : c ? d : e` is not supported. Use either `(a ? b : c) ? d : e` or `a ? b : (c ? d : e)` in /wordpress/wp-content/plugins/all-new-blogroll/multi-keyword-statistics.php on line 822","log":"/logs/plugins/a/ajax-category-dropdown/error.json"}
,
{"message":"Unparenthesized `a ? b : c ? d : e` is not supported. Use either `(a ? b : c) ? d : e` or `a ? b : (c ? d : e)` in /wordpress/wp-content/plugins/all-new-blogroll/multi-keyword-statistics.php on line 822","level":"FATAL","type":"PHP","test":"ast-sqlite-boot","plugin":"ajax-category-dropdown","details":"[11-Jun-2025 03:46:16 UTC] PHP Fatal error:  Unparenthesized `a ? b : c ? d : e` is not supported. Use either `(a ? b : c) ? d : e` or `a ? b : (c ? d : e)` in /wordpress/wp-content/plugins/all-new-blogroll/multi-keyword-statistics.php on line 822","log":"/logs/plugins/a/ajax-category-dropdown/error.json"}
,
{"message":"Unparenthesized `a ? b : c ? d : e` is not supported. Use either `(a ? b : c) ? d : e` or `a ? b : (c ? d : e)` in /wordpress/wp-content/plugins/all-new-blogroll/multi-keyword-statistics.php on line 822","level":"FATAL","type":"PHP","test":"ast-sqlite-boot","plugin":"ajax-category-dropdown","details":"[11-Jun-2025 03:46:25 UTC] PHP Fatal error:  Unparenthesized `a ? b : c ? d : e` is not supported. Use either `(a ? b : c) ? d : e` or `a ? b : (c ? d : e)` in /wordpress/wp-content/plugins/all-new-blogroll/multi-keyword-statistics.php on line 822","log":"/logs/plugins/a/ajax-category-dropdown/error.json"}
,
{"message":"Uncaught Exception: ошибка в запросе: INSERT INTO `wp_asc_log` (`time`, `error`, `success`, `info`, `supplier_id`) VALUES ('2025-06-11 03:48:55', 'ошибка в запросе: CREATE TABLE IF NOT EXISTS `wp_asc_currencies` (\r","level":"FATAL","type":"PHP","test":"ast-sqlite-boot","plugin":"ajax-category-dropdown","details":"[11-Jun-2025 03:48:55 UTC] PHP Fatal error:  Uncaught Exception: ошибка в запросе: INSERT INTO `wp_asc_log` (`time`, `error`, `success`, `info`, `supplier_id`) VALUES ('2025-06-11 03:48:55', 'ошибка в запросе: CREATE TABLE IF NOT EXISTS `wp_asc_currencies` (\r\n  \t\t\t\t`supplier_id` int(10) UNSIGNED NOT NULL,\r\n  \t\t\t\t`name` varchar(3) COLLATE utf8mb4_unicode_ci NOT NULL,\r\n  \t\t\t\t`rate` float NOT NULL,\r\n  \t\t\t\tUNIQUE KEY `supplier_id` (`supplier_id`,`name`),\r\n  \t\t\t\tCONSTRAINT `wp_asc_currencies_ibfk_1` FOREIGN KEY (`supplier_id`) REFERENCES `wp_asc_suppliers` (`supplier_id`) ON DELETE CASCADE                                             \r\n\t\t\t) ENGINE=InnoDB DEFAULT CHARSET=utf8mb4 COLLATE=utf8mb4_unicode_ci;', '', '', NULL) in /wordpress/wp-content/plugins/advanced-store-control-for-woocommerce/traits/model.php:63\nStack trace:\n#0 /wordpress/wp-content/plugins/advanced-store-control-for-woocommerce/models/log.php(39): ASC\\Models\\Model_Log->query('INSERT INTO `wp...')\n#1 /wordpress/wp-content/plugins/advanced-store-control-for-woocommerce/controllers/log.php(84): ASC\\Models\\Model_Log->create('2025-06-11 03:4...', 'NULL', Array)\n#2 /wordpress/wp-content/plugins/advanced-store-control-for-woocommerce/controllers/log.php(126): ASC\\Controllers\\Controller_Log->save(Array)\n#3 /wordpress/wp-content/plugins/advanced-store-control-for-woocommerce/controllers/log.php(105): ASC\\Controllers\\Controller_Log->set_error('\\xD0\\xBE\\xD1\\x88\\xD0\\xB8\\xD0\\xB1\\xD0\\xBA\\xD0\\xB0 \\xD0\\xB2...')\n#4 [internal function]: ASC\\Controllers\\Controller_Log::exception(Object(Exception))\n#5 {main}\n  thrown in /wordpress/wp-content/plugins/advanced-store-control-for-woocommerce/traits/model.php on line 63","log":"/logs/plugins/a/ajax-category-dropdown/error.json"}
,
{"message":"Uncaught Exception: ошибка в запросе: INSERT INTO `wp_asc_log` (`time`, `error`, `success`, `info`, `supplier_id`) VALUES ('2025-06-11 03:49:03', 'ошибка в запросе: CREATE TABLE IF NOT EXISTS `wp_asc_currencies` (\r","level":"FATAL","type":"PHP","test":"ast-sqlite-boot","plugin":"ajax-category-dropdown","details":"[11-Jun-2025 03:49:03 UTC] PHP Fatal error:  Uncaught Exception: ошибка в запросе: INSERT INTO `wp_asc_log` (`time`, `error`, `success`, `info`, `supplier_id`) VALUES ('2025-06-11 03:49:03', 'ошибка в запросе: CREATE TABLE IF NOT EXISTS `wp_asc_currencies` (\r\n  \t\t\t\t`supplier_id` int(10) UNSIGNED NOT NULL,\r\n  \t\t\t\t`name` varchar(3) COLLATE utf8mb4_unicode_ci NOT NULL,\r\n  \t\t\t\t`rate` float NOT NULL,\r\n  \t\t\t\tUNIQUE KEY `supplier_id` (`supplier_id`,`name`),\r\n  \t\t\t\tCONSTRAINT `wp_asc_currencies_ibfk_1` FOREIGN KEY (`supplier_id`) REFERENCES `wp_asc_suppliers` (`supplier_id`) ON DELETE CASCADE                                             \r\n\t\t\t) ENGINE=InnoDB DEFAULT CHARSET=utf8mb4 COLLATE=utf8mb4_unicode_ci;', '', '', NULL) in /wordpress/wp-content/plugins/advanced-store-control-for-woocommerce/traits/model.php:63\nStack trace:\n#0 /wordpress/wp-content/plugins/advanced-store-control-for-woocommerce/models/log.php(39): ASC\\Models\\Model_Log->query('INSERT INTO `wp...')\n#1 /wordpress/wp-content/plugins/advanced-store-control-for-woocommerce/controllers/log.php(84): ASC\\Models\\Model_Log->create('2025-06-11 03:4...', 'NULL', Array)\n#2 /wordpress/wp-content/plugins/advanced-store-control-for-woocommerce/controllers/log.php(126): ASC\\Controllers\\Controller_Log->save(Array)\n#3 /wordpress/wp-content/plugins/advanced-store-control-for-woocommerce/controllers/log.php(105): ASC\\Controllers\\Controller_Log->set_error('\\xD0\\xBE\\xD1\\x88\\xD0\\xB8\\xD0\\xB1\\xD0\\xBA\\xD0\\xB0 \\xD0\\xB2...')\n#4 [internal function]: ASC\\Controllers\\Controller_Log::exception(Object(Exception))\n#5 {main}\n  thrown in /wordpress/wp-content/plugins/advanced-store-control-for-woocommerce/traits/model.php on line 63","log":"/logs/plugins/a/ajax-category-dropdown/error.json"}
,
{"message":"Uncaught Exception: ошибка в запросе: INSERT INTO `wp_asc_log` (`time`, `error`, `success`, `info`, `supplier_id`) VALUES ('2025-06-11 03:49:12', 'ошибка в запросе: CREATE TABLE IF NOT EXISTS `wp_asc_currencies` (\r","level":"FATAL","type":"PHP","test":"ast-sqlite-boot","plugin":"ajax-category-dropdown","details":"[11-Jun-2025 03:49:12 UTC] PHP Fatal error:  Uncaught Exception: ошибка в запросе: INSERT INTO `wp_asc_log` (`time`, `error`, `success`, `info`, `supplier_id`) VALUES ('2025-06-11 03:49:12', 'ошибка в запросе: CREATE TABLE IF NOT EXISTS `wp_asc_currencies` (\r\n  \t\t\t\t`supplier_id` int(10) UNSIGNED NOT NULL,\r\n  \t\t\t\t`name` varchar(3) COLLATE utf8mb4_unicode_ci NOT NULL,\r\n  \t\t\t\t`rate` float NOT NULL,\r\n  \t\t\t\tUNIQUE KEY `supplier_id` (`supplier_id`,`name`),\r\n  \t\t\t\tCONSTRAINT `wp_asc_currencies_ibfk_1` FOREIGN KEY (`supplier_id`) REFERENCES `wp_asc_suppliers` (`supplier_id`) ON DELETE CASCADE                                             \r\n\t\t\t) ENGINE=InnoDB DEFAULT CHARSET=utf8mb4 COLLATE=utf8mb4_unicode_ci;', '', '', NULL) in /wordpress/wp-content/plugins/advanced-store-control-for-woocommerce/traits/model.php:63\nStack trace:\n#0 /wordpress/wp-content/plugins/advanced-store-control-for-woocommerce/models/log.php(39): ASC\\Models\\Model_Log->query('INSERT INTO `wp...')\n#1 /wordpress/wp-content/plugins/advanced-store-control-for-woocommerce/controllers/log.php(84): ASC\\Models\\Model_Log->create('2025-06-11 03:4...', 'NULL', Array)\n#2 /wordpress/wp-content/plugins/advanced-store-control-for-woocommerce/controllers/log.php(126): ASC\\Controllers\\Controller_Log->save(Array)\n#3 /wordpress/wp-content/plugins/advanced-store-control-for-woocommerce/controllers/log.php(105): ASC\\Controllers\\Controller_Log->set_error('\\xD0\\xBE\\xD1\\x88\\xD0\\xB8\\xD0\\xB1\\xD0\\xBA\\xD0\\xB0 \\xD0\\xB2...')\n#4 [internal function]: ASC\\Controllers\\Controller_Log::exception(Object(Exception))\n#5 {main}\n  thrown in /wordpress/wp-content/plugins/advanced-store-control-for-woocommerce/traits/model.php on line 63","log":"/logs/plugins/a/ajax-category-dropdown/error.json"}
,
{"message":"Uncaught Error: Undefined constant \"DACD_FOLDER\" in /wordpress/wp-content/plugins/ajax-category-dropdown/dhat-ajax-cat-dropdown.php:42","level":"FATAL","type":"PHP","test":"ast-sqlite-boot","plugin":"ajax-category-dropdown","details":"[11-Jun-2025 03:49:21 UTC] PHP Fatal error:  Uncaught Error: Undefined constant \"DACD_FOLDER\" in /wordpress/wp-content/plugins/ajax-category-dropdown/dhat-ajax-cat-dropdown.php:42\nStack trace:\n#0 /wordpress/wp-admin/includes/plugin.php(2387): include_once()\n#1 /wordpress/wp-admin/includes/plugin.php(673): plugin_sandbox_scrape('ajax-category-d...')\n#2 /internal/eval.php(20): activate_plugin('ajax-category-d...')\n#3 {main}\n  thrown in /wordpress/wp-content/plugins/ajax-category-dropdown/dhat-ajax-cat-dropdown.php on line 42\n\n    at Object.onBind (file:///home/runner/work/playground-tester/playground-tester/node_modules/@wp-playground/cli/run-cli-j-geJYS3.js:325:15)\n    at process.processTicksAndRejections (node:internal/process/task_queues:105:5)\n    at async re (file:///home/runner/work/playground-tester/playground-tester/node_modules/@wp-playground/cli/run-cli-j-geJYS3.js:149:10) {\n  [cause]: Error: Error when executing the blueprint step #5 ({\"step\":\"installPlugin\",\"pluginData\":{\"resource\":\"wordpress.org/plugins\",\"slug\":\"ajax-category-dropdown\"},\"options\":{\"activate\":true}}) : PHP.run() failed with exit code 255 and the following output: \n      at Object.run (file:///home/runner/work/playground-tester/playground-tester/node_modules/@wp-playground/blueprints/index.js:12093:19)\n      at process.processTicksAndRejections (node:internal/process/task_queues:105:5)\n      at async ys (file:///home/runner/work/playground-tester/playground-tester/node_modules/@wp-playground/blueprints/index.js:12196:3)\n      at async Object.onBind (file:///home/runner/work/playground-tester/playground-tester/node_modules/@wp-playground/cli/run-cli-j-geJYS3.js:315:48)\n      at async re (file:///home/runner/work/playground-tester/playground-tester/node_modules/@wp-playground/cli/run-cli-j-geJYS3.js:149:10) {\n    [cause]: PHPExecutionFailureError: PHP.run() failed with exit code 255 and the following output: \n        at PHP.run (file:///home/runner/work/playground-tester/playground-tester/node_modules/@php-wasm/universal/index.js:1034:19)\n        at process.processTicksAndRejections (node:internal/process/task_queues:105:5)\n        at async wr (file:///home/runner/work/playground-tester/playground-tester/node_modules/@wp-playground/blueprints/index.js:34:39)\n        at async Object.gt [as installPlugin] (file:///home/runner/work/playground-tester/playground-tester/node_modules/@wp-playground/blueprints/index.js:631:42)\n        at async g (file:///home/runner/work/playground-tester/playground-tester/node_modules/@wp-playground/blueprints/index.js:12161:30)\n        at async Object.run (file:///home/runner/work/playground-tester/playground-tester/node_modules/@wp-playground/blueprints/index.js:12090:23)\n        at async ys (file:///home/runner/work/playground-tester/playground-tester/node_modules/@wp-playground/blueprints/index.js:12196:3)\n        at async Object.onBind (file:///home/runner/work/playground-tester/playground-tester/node_modules/@wp-playground/cli/run-cli-j-geJYS3.js:315:48)\n        at async re (file:///home/runner/work/playground-tester/playground-tester/node_modules/@wp-playground/cli/run-cli-j-geJYS3.js:149:10) {\n      response: PHPResponse {\n        httpStatusCode: 500,\n        headers: {\n          'x-powered-by': [ 'PHP/8.0.30-dev' ],\n          'content-type': [ 'text/html; charset=UTF-8' ]\n        },\n        bytes: Uint8Array(0) [],\n        exitCode: 255,\n        errors: ''\n      },\n      source: 'request'\n    }\n  }\n}\n\n","log":"/logs/plugins/a/ajax-category-dropdown/error.json"}
]
