[
{"message":"file:///home/runner/work/playground-tester/playground-tester/node_modules/@wp-playground/cli/run-cli-j-geJYS3.js:325\n        throw new Error($, { cause: h });\n              ^\n","level":"FATAL","type":"PLAYGROUND","test":"jspi-boot","plugin":"customer-download-manager","details":"file:///home/runner/work/playground-tester/playground-tester/node_modules/@wp-playground/cli/run-cli-j-geJYS3.js:325\n        throw new Error($, { cause: h });\n              ^\n","log":"/tmp/tmp.9qoeuZ5kES"}
,
{"message":"Uncaught ArgumentCountError: Too few arguments to function WP_Widget::__construct(), 0 passed in /wordpress/wp-includes/class-wp-widget-factory.php on line 62 and at least 2 expected in /wordpress/wp-includes/class-wp-widget.php:163","level":"FATAL","type":"PHP","test":"jspi-boot","plugin":"customer-download-manager","details":"[17-Jun-2025 02:32:14 UTC] PHP Fatal error:  Uncaught ArgumentCountError: Too few arguments to function WP_Widget::__construct(), 0 passed in /wordpress/wp-includes/class-wp-widget-factory.php on line 62 and at least 2 expected in /wordpress/wp-includes/class-wp-widget.php:163\nStack trace:\n#0 /wordpress/wp-includes/class-wp-widget-factory.php(62): WP_Widget->__construct()\n#1 /wordpress/wp-includes/widgets.php(123): WP_Widget_Factory->register('tags_Widget')\n#2 /wordpress/wp-content/plugins/custom-tag-widget/widget_28.php(8): register_widget('tags_Widget')\n#3 /wordpress/wp-includes/class-wp-hook.php(324): tags_load('')\n#4 /wordpress/wp-includes/class-wp-hook.php(348): WP_Hook->apply_filters(NULL, Array)\n#5 /wordpress/wp-includes/plugin.php(517): WP_Hook->do_action(Array)\n#6 /wordpress/wp-includes/widgets.php(1870): do_action('widgets_init')\n#7 /wordpress/wp-includes/class-wp-hook.php(324): wp_widgets_init('')\n#8 /wordpress/wp-includes/class-wp-hook.php(348): WP_Hook->apply_filters(NULL, Array)\n#9 /wordpress/wp-includes/plugin.php(517): WP_Hook->do_action(Array)\n#10 /wordpress/wp-settings.php(727): do_action('init')\n#11 /wordpress/wp-config.php(102): require_once('/wordpress/wp-s...')\n#12 /wordpress/wp-load.php(50): require_once('/wordpress/wp-c...')\n#13 /internal/eval.php(3): require_once('/wordpress/wp-l...')\n#14 {main}\n  thrown in /wordpress/wp-includes/class-wp-widget.php on line 163","log":"/logs/plugins/c/customer-download-manager/error.json"}
,
{"message":"Uncaught ArgumentCountError: Too few arguments to function WP_Widget::__construct(), 0 passed in /wordpress/wp-includes/class-wp-widget-factory.php on line 62 and at least 2 expected in /wordpress/wp-includes/class-wp-widget.php:163","level":"FATAL","type":"PHP","test":"jspi-boot","plugin":"customer-download-manager","details":"[17-Jun-2025 02:32:24 UTC] PHP Fatal error:  Uncaught ArgumentCountError: Too few arguments to function WP_Widget::__construct(), 0 passed in /wordpress/wp-includes/class-wp-widget-factory.php on line 62 and at least 2 expected in /wordpress/wp-includes/class-wp-widget.php:163\nStack trace:\n#0 /wordpress/wp-includes/class-wp-widget-factory.php(62): WP_Widget->__construct()\n#1 /wordpress/wp-includes/widgets.php(123): WP_Widget_Factory->register('tags_Widget')\n#2 /wordpress/wp-content/plugins/custom-tag-widget/widget_28.php(8): register_widget('tags_Widget')\n#3 /wordpress/wp-includes/class-wp-hook.php(324): tags_load('')\n#4 /wordpress/wp-includes/class-wp-hook.php(348): WP_Hook->apply_filters(NULL, Array)\n#5 /wordpress/wp-includes/plugin.php(517): WP_Hook->do_action(Array)\n#6 /wordpress/wp-includes/widgets.php(1870): do_action('widgets_init')\n#7 /wordpress/wp-includes/class-wp-hook.php(324): wp_widgets_init('')\n#8 /wordpress/wp-includes/class-wp-hook.php(348): WP_Hook->apply_filters(NULL, Array)\n#9 /wordpress/wp-includes/plugin.php(517): WP_Hook->do_action(Array)\n#10 /wordpress/wp-settings.php(727): do_action('init')\n#11 /wordpress/wp-config.php(102): require_once('/wordpress/wp-s...')\n#12 /wordpress/wp-load.php(50): require_once('/wordpress/wp-c...')\n#13 /internal/eval.php(3): require_once('/wordpress/wp-l...')\n#14 {main}\n  thrown in /wordpress/wp-includes/class-wp-widget.php on line 163","log":"/logs/plugins/c/customer-download-manager/error.json"}
,
{"message":"Uncaught ArgumentCountError: Too few arguments to function WP_Widget::__construct(), 0 passed in /wordpress/wp-includes/class-wp-widget-factory.php on line 62 and at least 2 expected in /wordpress/wp-includes/class-wp-widget.php:163","level":"FATAL","type":"PHP","test":"jspi-boot","plugin":"customer-download-manager","details":"[17-Jun-2025 02:32:34 UTC] PHP Fatal error:  Uncaught ArgumentCountError: Too few arguments to function WP_Widget::__construct(), 0 passed in /wordpress/wp-includes/class-wp-widget-factory.php on line 62 and at least 2 expected in /wordpress/wp-includes/class-wp-widget.php:163\nStack trace:\n#0 /wordpress/wp-includes/class-wp-widget-factory.php(62): WP_Widget->__construct()\n#1 /wordpress/wp-includes/widgets.php(123): WP_Widget_Factory->register('tags_Widget')\n#2 /wordpress/wp-content/plugins/custom-tag-widget/widget_28.php(8): register_widget('tags_Widget')\n#3 /wordpress/wp-includes/class-wp-hook.php(324): tags_load('')\n#4 /wordpress/wp-includes/class-wp-hook.php(348): WP_Hook->apply_filters(NULL, Array)\n#5 /wordpress/wp-includes/plugin.php(517): WP_Hook->do_action(Array)\n#6 /wordpress/wp-includes/widgets.php(1870): do_action('widgets_init')\n#7 /wordpress/wp-includes/class-wp-hook.php(324): wp_widgets_init('')\n#8 /wordpress/wp-includes/class-wp-hook.php(348): WP_Hook->apply_filters(NULL, Array)\n#9 /wordpress/wp-includes/plugin.php(517): WP_Hook->do_action(Array)\n#10 /wordpress/wp-settings.php(727): do_action('init')\n#11 /wordpress/wp-config.php(102): require_once('/wordpress/wp-s...')\n#12 /wordpress/wp-load.php(50): require_once('/wordpress/wp-c...')\n#13 /internal/eval.php(3): require_once('/wordpress/wp-l...')\n#14 {main}\n  thrown in /wordpress/wp-includes/class-wp-widget.php on line 163","log":"/logs/plugins/c/customer-download-manager/error.json"}
,
{"message":"Trying to access array offset on value of type bool in /wordpress/wp-content/plugins/canvaspop-photo-printing-api/canvaspop-photo-printing-api.php on line 364","level":"WARNING","type":"PHP","test":"jspi-boot","plugin":"customer-download-manager","details":"[17-Jun-2025 02:33:05 UTC] PHP Warning:  Trying to access array offset on value of type bool in /wordpress/wp-content/plugins/canvaspop-photo-printing-api/canvaspop-photo-printing-api.php on line 364","log":"/logs/plugins/c/customer-download-manager/error.json"}
,
{"message":"Trying to access array offset on value of type bool in /wordpress/wp-content/plugins/canvaspop-photo-printing-api/canvaspop-photo-printing-api.php on line 364","level":"WARNING","type":"PHP","test":"jspi-boot","plugin":"customer-download-manager","details":"[17-Jun-2025 02:33:15 UTC] PHP Warning:  Trying to access array offset on value of type bool in /wordpress/wp-content/plugins/canvaspop-photo-printing-api/canvaspop-photo-printing-api.php on line 364","log":"/logs/plugins/c/customer-download-manager/error.json"}
,
{"message":"Trying to access array offset on value of type bool in /wordpress/wp-content/plugins/canvaspop-photo-printing-api/canvaspop-photo-printing-api.php on line 364","level":"WARNING","type":"PHP","test":"jspi-boot","plugin":"customer-download-manager","details":"[17-Jun-2025 02:33:25 UTC] PHP Warning:  Trying to access array offset on value of type bool in /wordpress/wp-content/plugins/canvaspop-photo-printing-api/canvaspop-photo-printing-api.php on line 364","log":"/logs/plugins/c/customer-download-manager/error.json"}
,
{"message":"Array to string conversion in /wordpress/wp-includes/functions.wp-scripts.php on line 60","level":"WARNING","type":"PHP","test":"jspi-boot","plugin":"customer-download-manager","details":"[17-Jun-2025 02:33:36 UTC] PHP Warning:  Array to string conversion in /wordpress/wp-includes/functions.wp-scripts.php on line 60","log":"/logs/plugins/c/customer-download-manager/error.json"}
,
{"message":"Function wp_enqueue_script was called <strong>incorrectly</strong>. Scripts and styles should not be registered or enqueued until the <code>wp_enqueue_scripts</code>, <code>admin_enqueue_scripts</code>, or <code>login_enqueue_scripts</code> hooks. This notice was triggered by the <code>Array</code> handle. Please see <a href=\"https://developer.wordpress.org/advanced-administration/debug/debug-wordpress/\">Debugging in WordPress</a> for more information. (This message was added in version 3.3.0.) in /wordpress/wp-includes/functions.php on line 6121","level":"NOTICE","type":"PHP","test":"jspi-boot","plugin":"customer-download-manager","details":"[17-Jun-2025 02:33:36 UTC] PHP Notice:  Function wp_enqueue_script was called <strong>incorrectly</strong>. Scripts and styles should not be registered or enqueued until the <code>wp_enqueue_scripts</code>, <code>admin_enqueue_scripts</code>, or <code>login_enqueue_scripts</code> hooks. This notice was triggered by the <code>Array</code> handle. Please see <a href=\"https://developer.wordpress.org/advanced-administration/debug/debug-wordpress/\">Debugging in WordPress</a> for more information. (This message was added in version 3.3.0.) in /wordpress/wp-includes/functions.php on line 6121","log":"/logs/plugins/c/customer-download-manager/error.json"}
,
{"message":"Function wp_enqueue_script was called <strong>incorrectly</strong>. Scripts and styles should not be registered or enqueued until the <code>wp_enqueue_scripts</code>, <code>admin_enqueue_scripts</code>, or <code>login_enqueue_scripts</code> hooks. This notice was triggered by the <code>Leaflet</code> handle. Please see <a href=\"https://developer.wordpress.org/advanced-administration/debug/debug-wordpress/\">Debugging in WordPress</a> for more information. (This message was added in version 3.3.0.) in /wordpress/wp-includes/functions.php on line 6121","level":"NOTICE","type":"PHP","test":"jspi-boot","plugin":"customer-download-manager","details":"[17-Jun-2025 02:33:36 UTC] PHP Notice:  Function wp_enqueue_script was called <strong>incorrectly</strong>. Scripts and styles should not be registered or enqueued until the <code>wp_enqueue_scripts</code>, <code>admin_enqueue_scripts</code>, or <code>login_enqueue_scripts</code> hooks. This notice was triggered by the <code>Leaflet</code> handle. Please see <a href=\"https://developer.wordpress.org/advanced-administration/debug/debug-wordpress/\">Debugging in WordPress</a> for more information. (This message was added in version 3.3.0.) in /wordpress/wp-includes/functions.php on line 6121","log":"/logs/plugins/c/customer-download-manager/error.json"}
,
{"message":"Function wp_enqueue_style was called <strong>incorrectly</strong>. Scripts and styles should not be registered or enqueued until the <code>wp_enqueue_scripts</code>, <code>admin_enqueue_scripts</code>, or <code>login_enqueue_scripts</code> hooks. This notice was triggered by the <code>LeafletCSS</code> handle. Please see <a href=\"https://developer.wordpress.org/advanced-administration/debug/debug-wordpress/\">Debugging in WordPress</a> for more information. (This message was added in version 3.3.0.) in /wordpress/wp-includes/functions.php on line 6121","level":"NOTICE","type":"PHP","test":"jspi-boot","plugin":"customer-download-manager","details":"[17-Jun-2025 02:33:36 UTC] PHP Notice:  Function wp_enqueue_style was called <strong>incorrectly</strong>. Scripts and styles should not be registered or enqueued until the <code>wp_enqueue_scripts</code>, <code>admin_enqueue_scripts</code>, or <code>login_enqueue_scripts</code> hooks. This notice was triggered by the <code>LeafletCSS</code> handle. Please see <a href=\"https://developer.wordpress.org/advanced-administration/debug/debug-wordpress/\">Debugging in WordPress</a> for more information. (This message was added in version 3.3.0.) in /wordpress/wp-includes/functions.php on line 6121","log":"/logs/plugins/c/customer-download-manager/error.json"}
,
{"message":"Function is_feed was called <strong>incorrectly</strong>. Conditional query tags do not work before the query is run. Before then, they always return false. Please see <a href=\"https://developer.wordpress.org/advanced-administration/debug/debug-wordpress/\">Debugging in WordPress</a> for more information. (This message was added in version 3.1.0.) in /wordpress/wp-includes/functions.php on line 6121","level":"NOTICE","type":"PHP","test":"jspi-boot","plugin":"customer-download-manager","details":"[17-Jun-2025 02:33:36 UTC] PHP Notice:  Function is_feed was called <strong>incorrectly</strong>. Conditional query tags do not work before the query is run. Before then, they always return false. Please see <a href=\"https://developer.wordpress.org/advanced-administration/debug/debug-wordpress/\">Debugging in WordPress</a> for more information. (This message was added in version 3.1.0.) in /wordpress/wp-includes/functions.php on line 6121","log":"/logs/plugins/c/customer-download-manager/error.json"}
,
{"message":"Function wp_enqueue_style was called <strong>incorrectly</strong>. Scripts and styles should not be registered or enqueued until the <code>wp_enqueue_scripts</code>, <code>admin_enqueue_scripts</code>, or <code>login_enqueue_scripts</code> hooks. This notice was triggered by the <code>CartogiraffeCSS</code> handle. Please see <a href=\"https://developer.wordpress.org/advanced-administration/debug/debug-wordpress/\">Debugging in WordPress</a> for more information. (This message was added in version 3.3.0.) in /wordpress/wp-includes/functions.php on line 6121","level":"NOTICE","type":"PHP","test":"jspi-boot","plugin":"customer-download-manager","details":"[17-Jun-2025 02:33:36 UTC] PHP Notice:  Function wp_enqueue_style was called <strong>incorrectly</strong>. Scripts and styles should not be registered or enqueued until the <code>wp_enqueue_scripts</code>, <code>admin_enqueue_scripts</code>, or <code>login_enqueue_scripts</code> hooks. This notice was triggered by the <code>CartogiraffeCSS</code> handle. Please see <a href=\"https://developer.wordpress.org/advanced-administration/debug/debug-wordpress/\">Debugging in WordPress</a> for more information. (This message was added in version 3.3.0.) in /wordpress/wp-includes/functions.php on line 6121","log":"/logs/plugins/c/customer-download-manager/error.json"}
,
{"message":"Array to string conversion in /wordpress/wp-includes/functions.wp-scripts.php on line 60","level":"WARNING","type":"PHP","test":"jspi-boot","plugin":"customer-download-manager","details":"[17-Jun-2025 02:33:45 UTC] PHP Warning:  Array to string conversion in /wordpress/wp-includes/functions.wp-scripts.php on line 60","log":"/logs/plugins/c/customer-download-manager/error.json"}
,
{"message":"Function wp_enqueue_script was called <strong>incorrectly</strong>. Scripts and styles should not be registered or enqueued until the <code>wp_enqueue_scripts</code>, <code>admin_enqueue_scripts</code>, or <code>login_enqueue_scripts</code> hooks. This notice was triggered by the <code>Array</code> handle. Please see <a href=\"https://developer.wordpress.org/advanced-administration/debug/debug-wordpress/\">Debugging in WordPress</a> for more information. (This message was added in version 3.3.0.) in /wordpress/wp-includes/functions.php on line 6121","level":"NOTICE","type":"PHP","test":"jspi-boot","plugin":"customer-download-manager","details":"[17-Jun-2025 02:33:45 UTC] PHP Notice:  Function wp_enqueue_script was called <strong>incorrectly</strong>. Scripts and styles should not be registered or enqueued until the <code>wp_enqueue_scripts</code>, <code>admin_enqueue_scripts</code>, or <code>login_enqueue_scripts</code> hooks. This notice was triggered by the <code>Array</code> handle. Please see <a href=\"https://developer.wordpress.org/advanced-administration/debug/debug-wordpress/\">Debugging in WordPress</a> for more information. (This message was added in version 3.3.0.) in /wordpress/wp-includes/functions.php on line 6121","log":"/logs/plugins/c/customer-download-manager/error.json"}
,
{"message":"Function wp_enqueue_script was called <strong>incorrectly</strong>. Scripts and styles should not be registered or enqueued until the <code>wp_enqueue_scripts</code>, <code>admin_enqueue_scripts</code>, or <code>login_enqueue_scripts</code> hooks. This notice was triggered by the <code>Leaflet</code> handle. Please see <a href=\"https://developer.wordpress.org/advanced-administration/debug/debug-wordpress/\">Debugging in WordPress</a> for more information. (This message was added in version 3.3.0.) in /wordpress/wp-includes/functions.php on line 6121","level":"NOTICE","type":"PHP","test":"jspi-boot","plugin":"customer-download-manager","details":"[17-Jun-2025 02:33:45 UTC] PHP Notice:  Function wp_enqueue_script was called <strong>incorrectly</strong>. Scripts and styles should not be registered or enqueued until the <code>wp_enqueue_scripts</code>, <code>admin_enqueue_scripts</code>, or <code>login_enqueue_scripts</code> hooks. This notice was triggered by the <code>Leaflet</code> handle. Please see <a href=\"https://developer.wordpress.org/advanced-administration/debug/debug-wordpress/\">Debugging in WordPress</a> for more information. (This message was added in version 3.3.0.) in /wordpress/wp-includes/functions.php on line 6121","log":"/logs/plugins/c/customer-download-manager/error.json"}
,
{"message":"Function wp_enqueue_style was called <strong>incorrectly</strong>. Scripts and styles should not be registered or enqueued until the <code>wp_enqueue_scripts</code>, <code>admin_enqueue_scripts</code>, or <code>login_enqueue_scripts</code> hooks. This notice was triggered by the <code>LeafletCSS</code> handle. Please see <a href=\"https://developer.wordpress.org/advanced-administration/debug/debug-wordpress/\">Debugging in WordPress</a> for more information. (This message was added in version 3.3.0.) in /wordpress/wp-includes/functions.php on line 6121","level":"NOTICE","type":"PHP","test":"jspi-boot","plugin":"customer-download-manager","details":"[17-Jun-2025 02:33:45 UTC] PHP Notice:  Function wp_enqueue_style was called <strong>incorrectly</strong>. Scripts and styles should not be registered or enqueued until the <code>wp_enqueue_scripts</code>, <code>admin_enqueue_scripts</code>, or <code>login_enqueue_scripts</code> hooks. This notice was triggered by the <code>LeafletCSS</code> handle. Please see <a href=\"https://developer.wordpress.org/advanced-administration/debug/debug-wordpress/\">Debugging in WordPress</a> for more information. (This message was added in version 3.3.0.) in /wordpress/wp-includes/functions.php on line 6121","log":"/logs/plugins/c/customer-download-manager/error.json"}
,
{"message":"Function is_feed was called <strong>incorrectly</strong>. Conditional query tags do not work before the query is run. Before then, they always return false. Please see <a href=\"https://developer.wordpress.org/advanced-administration/debug/debug-wordpress/\">Debugging in WordPress</a> for more information. (This message was added in version 3.1.0.) in /wordpress/wp-includes/functions.php on line 6121","level":"NOTICE","type":"PHP","test":"jspi-boot","plugin":"customer-download-manager","details":"[17-Jun-2025 02:33:45 UTC] PHP Notice:  Function is_feed was called <strong>incorrectly</strong>. Conditional query tags do not work before the query is run. Before then, they always return false. Please see <a href=\"https://developer.wordpress.org/advanced-administration/debug/debug-wordpress/\">Debugging in WordPress</a> for more information. (This message was added in version 3.1.0.) in /wordpress/wp-includes/functions.php on line 6121","log":"/logs/plugins/c/customer-download-manager/error.json"}
,
{"message":"Function wp_enqueue_style was called <strong>incorrectly</strong>. Scripts and styles should not be registered or enqueued until the <code>wp_enqueue_scripts</code>, <code>admin_enqueue_scripts</code>, or <code>login_enqueue_scripts</code> hooks. This notice was triggered by the <code>CartogiraffeCSS</code> handle. Please see <a href=\"https://developer.wordpress.org/advanced-administration/debug/debug-wordpress/\">Debugging in WordPress</a> for more information. (This message was added in version 3.3.0.) in /wordpress/wp-includes/functions.php on line 6121","level":"NOTICE","type":"PHP","test":"jspi-boot","plugin":"customer-download-manager","details":"[17-Jun-2025 02:33:45 UTC] PHP Notice:  Function wp_enqueue_style was called <strong>incorrectly</strong>. Scripts and styles should not be registered or enqueued until the <code>wp_enqueue_scripts</code>, <code>admin_enqueue_scripts</code>, or <code>login_enqueue_scripts</code> hooks. This notice was triggered by the <code>CartogiraffeCSS</code> handle. Please see <a href=\"https://developer.wordpress.org/advanced-administration/debug/debug-wordpress/\">Debugging in WordPress</a> for more information. (This message was added in version 3.3.0.) in /wordpress/wp-includes/functions.php on line 6121","log":"/logs/plugins/c/customer-download-manager/error.json"}
,
{"message":"Array to string conversion in /wordpress/wp-includes/functions.wp-scripts.php on line 60","level":"WARNING","type":"PHP","test":"jspi-boot","plugin":"customer-download-manager","details":"[17-Jun-2025 02:33:55 UTC] PHP Warning:  Array to string conversion in /wordpress/wp-includes/functions.wp-scripts.php on line 60","log":"/logs/plugins/c/customer-download-manager/error.json"}
,
{"message":"Function wp_enqueue_script was called <strong>incorrectly</strong>. Scripts and styles should not be registered or enqueued until the <code>wp_enqueue_scripts</code>, <code>admin_enqueue_scripts</code>, or <code>login_enqueue_scripts</code> hooks. This notice was triggered by the <code>Array</code> handle. Please see <a href=\"https://developer.wordpress.org/advanced-administration/debug/debug-wordpress/\">Debugging in WordPress</a> for more information. (This message was added in version 3.3.0.) in /wordpress/wp-includes/functions.php on line 6121","level":"NOTICE","type":"PHP","test":"jspi-boot","plugin":"customer-download-manager","details":"[17-Jun-2025 02:33:55 UTC] PHP Notice:  Function wp_enqueue_script was called <strong>incorrectly</strong>. Scripts and styles should not be registered or enqueued until the <code>wp_enqueue_scripts</code>, <code>admin_enqueue_scripts</code>, or <code>login_enqueue_scripts</code> hooks. This notice was triggered by the <code>Array</code> handle. Please see <a href=\"https://developer.wordpress.org/advanced-administration/debug/debug-wordpress/\">Debugging in WordPress</a> for more information. (This message was added in version 3.3.0.) in /wordpress/wp-includes/functions.php on line 6121","log":"/logs/plugins/c/customer-download-manager/error.json"}
,
{"message":"Function wp_enqueue_script was called <strong>incorrectly</strong>. Scripts and styles should not be registered or enqueued until the <code>wp_enqueue_scripts</code>, <code>admin_enqueue_scripts</code>, or <code>login_enqueue_scripts</code> hooks. This notice was triggered by the <code>Leaflet</code> handle. Please see <a href=\"https://developer.wordpress.org/advanced-administration/debug/debug-wordpress/\">Debugging in WordPress</a> for more information. (This message was added in version 3.3.0.) in /wordpress/wp-includes/functions.php on line 6121","level":"NOTICE","type":"PHP","test":"jspi-boot","plugin":"customer-download-manager","details":"[17-Jun-2025 02:33:55 UTC] PHP Notice:  Function wp_enqueue_script was called <strong>incorrectly</strong>. Scripts and styles should not be registered or enqueued until the <code>wp_enqueue_scripts</code>, <code>admin_enqueue_scripts</code>, or <code>login_enqueue_scripts</code> hooks. This notice was triggered by the <code>Leaflet</code> handle. Please see <a href=\"https://developer.wordpress.org/advanced-administration/debug/debug-wordpress/\">Debugging in WordPress</a> for more information. (This message was added in version 3.3.0.) in /wordpress/wp-includes/functions.php on line 6121","log":"/logs/plugins/c/customer-download-manager/error.json"}
,
{"message":"Function wp_enqueue_style was called <strong>incorrectly</strong>. Scripts and styles should not be registered or enqueued until the <code>wp_enqueue_scripts</code>, <code>admin_enqueue_scripts</code>, or <code>login_enqueue_scripts</code> hooks. This notice was triggered by the <code>LeafletCSS</code> handle. Please see <a href=\"https://developer.wordpress.org/advanced-administration/debug/debug-wordpress/\">Debugging in WordPress</a> for more information. (This message was added in version 3.3.0.) in /wordpress/wp-includes/functions.php on line 6121","level":"NOTICE","type":"PHP","test":"jspi-boot","plugin":"customer-download-manager","details":"[17-Jun-2025 02:33:55 UTC] PHP Notice:  Function wp_enqueue_style was called <strong>incorrectly</strong>. Scripts and styles should not be registered or enqueued until the <code>wp_enqueue_scripts</code>, <code>admin_enqueue_scripts</code>, or <code>login_enqueue_scripts</code> hooks. This notice was triggered by the <code>LeafletCSS</code> handle. Please see <a href=\"https://developer.wordpress.org/advanced-administration/debug/debug-wordpress/\">Debugging in WordPress</a> for more information. (This message was added in version 3.3.0.) in /wordpress/wp-includes/functions.php on line 6121","log":"/logs/plugins/c/customer-download-manager/error.json"}
,
{"message":"Function is_feed was called <strong>incorrectly</strong>. Conditional query tags do not work before the query is run. Before then, they always return false. Please see <a href=\"https://developer.wordpress.org/advanced-administration/debug/debug-wordpress/\">Debugging in WordPress</a> for more information. (This message was added in version 3.1.0.) in /wordpress/wp-includes/functions.php on line 6121","level":"NOTICE","type":"PHP","test":"jspi-boot","plugin":"customer-download-manager","details":"[17-Jun-2025 02:33:55 UTC] PHP Notice:  Function is_feed was called <strong>incorrectly</strong>. Conditional query tags do not work before the query is run. Before then, they always return false. Please see <a href=\"https://developer.wordpress.org/advanced-administration/debug/debug-wordpress/\">Debugging in WordPress</a> for more information. (This message was added in version 3.1.0.) in /wordpress/wp-includes/functions.php on line 6121","log":"/logs/plugins/c/customer-download-manager/error.json"}
,
{"message":"Function wp_enqueue_style was called <strong>incorrectly</strong>. Scripts and styles should not be registered or enqueued until the <code>wp_enqueue_scripts</code>, <code>admin_enqueue_scripts</code>, or <code>login_enqueue_scripts</code> hooks. This notice was triggered by the <code>CartogiraffeCSS</code> handle. Please see <a href=\"https://developer.wordpress.org/advanced-administration/debug/debug-wordpress/\">Debugging in WordPress</a> for more information. (This message was added in version 3.3.0.) in /wordpress/wp-includes/functions.php on line 6121","level":"NOTICE","type":"PHP","test":"jspi-boot","plugin":"customer-download-manager","details":"[17-Jun-2025 02:33:55 UTC] PHP Notice:  Function wp_enqueue_style was called <strong>incorrectly</strong>. Scripts and styles should not be registered or enqueued until the <code>wp_enqueue_scripts</code>, <code>admin_enqueue_scripts</code>, or <code>login_enqueue_scripts</code> hooks. This notice was triggered by the <code>CartogiraffeCSS</code> handle. Please see <a href=\"https://developer.wordpress.org/advanced-administration/debug/debug-wordpress/\">Debugging in WordPress</a> for more information. (This message was added in version 3.3.0.) in /wordpress/wp-includes/functions.php on line 6121","log":"/logs/plugins/c/customer-download-manager/error.json"}
,
{"message":"Function _load_textdomain_just_in_time was called <strong>incorrectly</strong>. Translation loading for the <code>woocommerce</code> domain was triggered too early. This is usually an indicator for some code in the plugin or theme running too early. Translations should be loaded at the <code>init</code> action or later. Please see <a href=\"https://developer.wordpress.org/advanced-administration/debug/debug-wordpress/\">Debugging in WordPress</a> for more information. (This message was added in version 6.7.0.) in /wordpress/wp-includes/functions.php on line 6121","level":"NOTICE","type":"PHP","test":"jspi-boot","plugin":"customer-download-manager","details":"[17-Jun-2025 02:35:53 UTC] PHP Notice:  Function _load_textdomain_just_in_time was called <strong>incorrectly</strong>. Translation loading for the <code>woocommerce</code> domain was triggered too early. This is usually an indicator for some code in the plugin or theme running too early. Translations should be loaded at the <code>init</code> action or later. Please see <a href=\"https://developer.wordpress.org/advanced-administration/debug/debug-wordpress/\">Debugging in WordPress</a> for more information. (This message was added in version 6.7.0.) in /wordpress/wp-includes/functions.php on line 6121","log":"/logs/plugins/c/customer-download-manager/error.json"}
,
{"message":"Function _load_textdomain_just_in_time was called <strong>incorrectly</strong>. Translation loading for the <code>woocommerce</code> domain was triggered too early. This is usually an indicator for some code in the plugin or theme running too early. Translations should be loaded at the <code>init</code> action or later. Please see <a href=\"https://developer.wordpress.org/advanced-administration/debug/debug-wordpress/\">Debugging in WordPress</a> for more information. (This message was added in version 6.7.0.) in /wordpress/wp-includes/functions.php on line 6121","level":"NOTICE","type":"PHP","test":"jspi-boot","plugin":"customer-download-manager","details":"[17-Jun-2025 02:36:34 UTC] PHP Notice:  Function _load_textdomain_just_in_time was called <strong>incorrectly</strong>. Translation loading for the <code>woocommerce</code> domain was triggered too early. This is usually an indicator for some code in the plugin or theme running too early. Translations should be loaded at the <code>init</code> action or later. Please see <a href=\"https://developer.wordpress.org/advanced-administration/debug/debug-wordpress/\">Debugging in WordPress</a> for more information. (This message was added in version 6.7.0.) in /wordpress/wp-includes/functions.php on line 6121","log":"/logs/plugins/c/customer-download-manager/error.json"}
,
{"message":"Function _load_textdomain_just_in_time was called <strong>incorrectly</strong>. Translation loading for the <code>woocommerce</code> domain was triggered too early. This is usually an indicator for some code in the plugin or theme running too early. Translations should be loaded at the <code>init</code> action or later. Please see <a href=\"https://developer.wordpress.org/advanced-administration/debug/debug-wordpress/\">Debugging in WordPress</a> for more information. (This message was added in version 6.7.0.) in /wordpress/wp-includes/functions.php on line 6121","level":"NOTICE","type":"PHP","test":"jspi-boot","plugin":"customer-download-manager","details":"[17-Jun-2025 02:37:17 UTC] PHP Notice:  Function _load_textdomain_just_in_time was called <strong>incorrectly</strong>. Translation loading for the <code>woocommerce</code> domain was triggered too early. This is usually an indicator for some code in the plugin or theme running too early. Translations should be loaded at the <code>init</code> action or later. Please see <a href=\"https://developer.wordpress.org/advanced-administration/debug/debug-wordpress/\">Debugging in WordPress</a> for more information. (This message was added in version 6.7.0.) in /wordpress/wp-includes/functions.php on line 6121","log":"/logs/plugins/c/customer-download-manager/error.json"}
,
{"message":"Uncaught ArgumentCountError: Too few arguments to function WP_Widget::__construct(), 0 passed in /wordpress/wp-includes/class-wp-widget-factory.php on line 62 and at least 2 expected in /wordpress/wp-includes/class-wp-widget.php:163","level":"FATAL","type":"PHP","test":"jspi-boot","plugin":"customer-download-manager","details":"[17-Jun-2025 02:39:31 UTC] PHP Fatal error:  Uncaught ArgumentCountError: Too few arguments to function WP_Widget::__construct(), 0 passed in /wordpress/wp-includes/class-wp-widget-factory.php on line 62 and at least 2 expected in /wordpress/wp-includes/class-wp-widget.php:163\nStack trace:\n#0 /wordpress/wp-includes/class-wp-widget-factory.php(62): WP_Widget->__construct()\n#1 /wordpress/wp-includes/widgets.php(123): WP_Widget_Factory->register('ConstantContact...')\n#2 /wordpress/wp-content/plugins/constant-contact-signup-form-widget/constant_contact.php(34): register_widget('ConstantContact...')\n#3 /wordpress/wp-includes/class-wp-hook.php(324): load_constant_contact_widget('')\n#4 /wordpress/wp-includes/class-wp-hook.php(348): WP_Hook->apply_filters(NULL, Array)\n#5 /wordpress/wp-includes/plugin.php(517): WP_Hook->do_action(Array)\n#6 /wordpress/wp-includes/widgets.php(1870): do_action('widgets_init')\n#7 /wordpress/wp-includes/class-wp-hook.php(324): wp_widgets_init('')\n#8 /wordpress/wp-includes/class-wp-hook.php(348): WP_Hook->apply_filters(NULL, Array)\n#9 /wordpress/wp-includes/plugin.php(517): WP_Hook->do_action(Array)\n#10 /wordpress/wp-settings.php(727): do_action('init')\n#11 /wordpress/wp-config.php(102): require_once('/wordpress/wp-s...')\n#12 /wordpress/wp-load.php(50): require_once('/wordpress/wp-c...')\n#13 /internal/eval.php(3): require_once('/wordpress/wp-l...')\n#14 {main}\n  thrown in /wordpress/wp-includes/class-wp-widget.php on line 163","log":"/logs/plugins/c/customer-download-manager/error.json"}
,
{"message":"Uncaught ArgumentCountError: Too few arguments to function WP_Widget::__construct(), 0 passed in /wordpress/wp-includes/class-wp-widget-factory.php on line 62 and at least 2 expected in /wordpress/wp-includes/class-wp-widget.php:163","level":"FATAL","type":"PHP","test":"jspi-boot","plugin":"customer-download-manager","details":"[17-Jun-2025 02:39:39 UTC] PHP Fatal error:  Uncaught ArgumentCountError: Too few arguments to function WP_Widget::__construct(), 0 passed in /wordpress/wp-includes/class-wp-widget-factory.php on line 62 and at least 2 expected in /wordpress/wp-includes/class-wp-widget.php:163\nStack trace:\n#0 /wordpress/wp-includes/class-wp-widget-factory.php(62): WP_Widget->__construct()\n#1 /wordpress/wp-includes/widgets.php(123): WP_Widget_Factory->register('ConstantContact...')\n#2 /wordpress/wp-content/plugins/constant-contact-signup-form-widget/constant_contact.php(34): register_widget('ConstantContact...')\n#3 /wordpress/wp-includes/class-wp-hook.php(324): load_constant_contact_widget('')\n#4 /wordpress/wp-includes/class-wp-hook.php(348): WP_Hook->apply_filters(NULL, Array)\n#5 /wordpress/wp-includes/plugin.php(517): WP_Hook->do_action(Array)\n#6 /wordpress/wp-includes/widgets.php(1870): do_action('widgets_init')\n#7 /wordpress/wp-includes/class-wp-hook.php(324): wp_widgets_init('')\n#8 /wordpress/wp-includes/class-wp-hook.php(348): WP_Hook->apply_filters(NULL, Array)\n#9 /wordpress/wp-includes/plugin.php(517): WP_Hook->do_action(Array)\n#10 /wordpress/wp-settings.php(727): do_action('init')\n#11 /wordpress/wp-config.php(102): require_once('/wordpress/wp-s...')\n#12 /wordpress/wp-load.php(50): require_once('/wordpress/wp-c...')\n#13 /internal/eval.php(3): require_once('/wordpress/wp-l...')\n#14 {main}\n  thrown in /wordpress/wp-includes/class-wp-widget.php on line 163","log":"/logs/plugins/c/customer-download-manager/error.json"}
,
{"message":"Uncaught ArgumentCountError: Too few arguments to function WP_Widget::__construct(), 0 passed in /wordpress/wp-includes/class-wp-widget-factory.php on line 62 and at least 2 expected in /wordpress/wp-includes/class-wp-widget.php:163","level":"FATAL","type":"PHP","test":"jspi-boot","plugin":"customer-download-manager","details":"[17-Jun-2025 02:39:49 UTC] PHP Fatal error:  Uncaught ArgumentCountError: Too few arguments to function WP_Widget::__construct(), 0 passed in /wordpress/wp-includes/class-wp-widget-factory.php on line 62 and at least 2 expected in /wordpress/wp-includes/class-wp-widget.php:163\nStack trace:\n#0 /wordpress/wp-includes/class-wp-widget-factory.php(62): WP_Widget->__construct()\n#1 /wordpress/wp-includes/widgets.php(123): WP_Widget_Factory->register('ConstantContact...')\n#2 /wordpress/wp-content/plugins/constant-contact-signup-form-widget/constant_contact.php(34): register_widget('ConstantContact...')\n#3 /wordpress/wp-includes/class-wp-hook.php(324): load_constant_contact_widget('')\n#4 /wordpress/wp-includes/class-wp-hook.php(348): WP_Hook->apply_filters(NULL, Array)\n#5 /wordpress/wp-includes/plugin.php(517): WP_Hook->do_action(Array)\n#6 /wordpress/wp-includes/widgets.php(1870): do_action('widgets_init')\n#7 /wordpress/wp-includes/class-wp-hook.php(324): wp_widgets_init('')\n#8 /wordpress/wp-includes/class-wp-hook.php(348): WP_Hook->apply_filters(NULL, Array)\n#9 /wordpress/wp-includes/plugin.php(517): WP_Hook->do_action(Array)\n#10 /wordpress/wp-settings.php(727): do_action('init')\n#11 /wordpress/wp-config.php(102): require_once('/wordpress/wp-s...')\n#12 /wordpress/wp-load.php(50): require_once('/wordpress/wp-c...')\n#13 /internal/eval.php(3): require_once('/wordpress/wp-l...')\n#14 {main}\n  thrown in /wordpress/wp-includes/class-wp-widget.php on line 163","log":"/logs/plugins/c/customer-download-manager/error.json"}
,
{"message":"Undefined array key \"SERVER_ADDR\" in /wordpress/wp-content/plugins/crm-for-woocommerce-by-getscorecard/_config.php on line 9","level":"WARNING","type":"PHP","test":"jspi-boot","plugin":"customer-download-manager","details":"[17-Jun-2025 02:41:37 UTC] PHP Warning:  Undefined array key \"SERVER_ADDR\" in /wordpress/wp-content/plugins/crm-for-woocommerce-by-getscorecard/_config.php on line 9","log":"/logs/plugins/c/customer-download-manager/error.json"}
,
{"message":"Undefined array key \"SERVER_ADDR\" in /wordpress/wp-content/plugins/crm-for-woocommerce-by-getscorecard/_config.php on line 9","level":"WARNING","type":"PHP","test":"jspi-boot","plugin":"customer-download-manager","details":"[17-Jun-2025 02:41:37 UTC] PHP Warning:  Undefined array key \"SERVER_ADDR\" in /wordpress/wp-content/plugins/crm-for-woocommerce-by-getscorecard/_config.php on line 9","log":"/logs/plugins/c/customer-download-manager/error.json"}
,
{"message":"Undefined array key \"SERVER_ADDR\" in /wordpress/wp-content/plugins/crm-for-woocommerce-by-getscorecard/_config.php on line 9","level":"WARNING","type":"PHP","test":"jspi-boot","plugin":"customer-download-manager","details":"[17-Jun-2025 02:41:45 UTC] PHP Warning:  Undefined array key \"SERVER_ADDR\" in /wordpress/wp-content/plugins/crm-for-woocommerce-by-getscorecard/_config.php on line 9","log":"/logs/plugins/c/customer-download-manager/error.json"}
,
{"message":"Undefined array key \"SERVER_ADDR\" in /wordpress/wp-content/plugins/crm-for-woocommerce-by-getscorecard/_config.php on line 9","level":"WARNING","type":"PHP","test":"jspi-boot","plugin":"customer-download-manager","details":"[17-Jun-2025 02:41:46 UTC] PHP Warning:  Undefined array key \"SERVER_ADDR\" in /wordpress/wp-content/plugins/crm-for-woocommerce-by-getscorecard/_config.php on line 9","log":"/logs/plugins/c/customer-download-manager/error.json"}
,
{"message":"Undefined array key \"SERVER_ADDR\" in /wordpress/wp-content/plugins/crm-for-woocommerce-by-getscorecard/_config.php on line 9","level":"WARNING","type":"PHP","test":"jspi-boot","plugin":"customer-download-manager","details":"[17-Jun-2025 02:41:54 UTC] PHP Warning:  Undefined array key \"SERVER_ADDR\" in /wordpress/wp-content/plugins/crm-for-woocommerce-by-getscorecard/_config.php on line 9","log":"/logs/plugins/c/customer-download-manager/error.json"}
,
{"message":"Undefined array key \"SERVER_ADDR\" in /wordpress/wp-content/plugins/crm-for-woocommerce-by-getscorecard/_config.php on line 9","level":"WARNING","type":"PHP","test":"jspi-boot","plugin":"customer-download-manager","details":"[17-Jun-2025 02:41:55 UTC] PHP Warning:  Undefined array key \"SERVER_ADDR\" in /wordpress/wp-content/plugins/crm-for-woocommerce-by-getscorecard/_config.php on line 9","log":"/logs/plugins/c/customer-download-manager/error.json"}
,
{"message":"Trying to access array offset on value of type null in /wordpress/wp-content/plugins/cross-promotion-content-recommendations/engageya.php on line 128","level":"WARNING","type":"PHP","test":"jspi-boot","plugin":"customer-download-manager","details":"[17-Jun-2025 02:42:06 UTC] PHP Warning:  Trying to access array offset on value of type null in /wordpress/wp-content/plugins/cross-promotion-content-recommendations/engageya.php on line 128","log":"/logs/plugins/c/customer-download-manager/error.json"}
,
{"message":"Trying to access array offset on value of type null in /wordpress/wp-content/plugins/cross-promotion-content-recommendations/engageya.php on line 129","level":"WARNING","type":"PHP","test":"jspi-boot","plugin":"customer-download-manager","details":"[17-Jun-2025 02:42:06 UTC] PHP Warning:  Trying to access array offset on value of type null in /wordpress/wp-content/plugins/cross-promotion-content-recommendations/engageya.php on line 129","log":"/logs/plugins/c/customer-download-manager/error.json"}
,
{"message":"Trying to access array offset on value of type null in /wordpress/wp-content/plugins/cross-promotion-content-recommendations/engageya.php on line 130","level":"WARNING","type":"PHP","test":"jspi-boot","plugin":"customer-download-manager","details":"[17-Jun-2025 02:42:06 UTC] PHP Warning:  Trying to access array offset on value of type null in /wordpress/wp-content/plugins/cross-promotion-content-recommendations/engageya.php on line 130","log":"/logs/plugins/c/customer-download-manager/error.json"}
,
{"message":"Trying to access array offset on value of type null in /wordpress/wp-content/plugins/cross-promotion-content-recommendations/engageya.php on line 128","level":"WARNING","type":"PHP","test":"jspi-boot","plugin":"customer-download-manager","details":"[17-Jun-2025 02:42:15 UTC] PHP Warning:  Trying to access array offset on value of type null in /wordpress/wp-content/plugins/cross-promotion-content-recommendations/engageya.php on line 128","log":"/logs/plugins/c/customer-download-manager/error.json"}
,
{"message":"Trying to access array offset on value of type null in /wordpress/wp-content/plugins/cross-promotion-content-recommendations/engageya.php on line 129","level":"WARNING","type":"PHP","test":"jspi-boot","plugin":"customer-download-manager","details":"[17-Jun-2025 02:42:15 UTC] PHP Warning:  Trying to access array offset on value of type null in /wordpress/wp-content/plugins/cross-promotion-content-recommendations/engageya.php on line 129","log":"/logs/plugins/c/customer-download-manager/error.json"}
,
{"message":"Trying to access array offset on value of type null in /wordpress/wp-content/plugins/cross-promotion-content-recommendations/engageya.php on line 130","level":"WARNING","type":"PHP","test":"jspi-boot","plugin":"customer-download-manager","details":"[17-Jun-2025 02:42:15 UTC] PHP Warning:  Trying to access array offset on value of type null in /wordpress/wp-content/plugins/cross-promotion-content-recommendations/engageya.php on line 130","log":"/logs/plugins/c/customer-download-manager/error.json"}
,
{"message":"Trying to access array offset on value of type null in /wordpress/wp-content/plugins/cross-promotion-content-recommendations/engageya.php on line 128","level":"WARNING","type":"PHP","test":"jspi-boot","plugin":"customer-download-manager","details":"[17-Jun-2025 02:42:24 UTC] PHP Warning:  Trying to access array offset on value of type null in /wordpress/wp-content/plugins/cross-promotion-content-recommendations/engageya.php on line 128","log":"/logs/plugins/c/customer-download-manager/error.json"}
,
{"message":"Trying to access array offset on value of type null in /wordpress/wp-content/plugins/cross-promotion-content-recommendations/engageya.php on line 129","level":"WARNING","type":"PHP","test":"jspi-boot","plugin":"customer-download-manager","details":"[17-Jun-2025 02:42:24 UTC] PHP Warning:  Trying to access array offset on value of type null in /wordpress/wp-content/plugins/cross-promotion-content-recommendations/engageya.php on line 129","log":"/logs/plugins/c/customer-download-manager/error.json"}
,
{"message":"Trying to access array offset on value of type null in /wordpress/wp-content/plugins/cross-promotion-content-recommendations/engageya.php on line 130","level":"WARNING","type":"PHP","test":"jspi-boot","plugin":"customer-download-manager","details":"[17-Jun-2025 02:42:24 UTC] PHP Warning:  Trying to access array offset on value of type null in /wordpress/wp-content/plugins/cross-promotion-content-recommendations/engageya.php on line 130","log":"/logs/plugins/c/customer-download-manager/error.json"}
,
{"message":"Uncaught Exception: Unable to set up the private key. error:0200102C:system library:fopen:No such file or directory. Please try activating the plugin again! in /wordpress/wp-content/plugins/cryptocurrency-donation-box/includes/Api.php:100","level":"FATAL","type":"PHP","test":"jspi-boot","plugin":"customer-download-manager","details":"[17-Jun-2025 02:42:34 UTC] PHP Fatal error:  Uncaught Exception: Unable to set up the private key. error:0200102C:system library:fopen:No such file or directory. Please try activating the plugin again! in /wordpress/wp-content/plugins/cryptocurrency-donation-box/includes/Api.php:100\nStack trace:\n#0 /wordpress/wp-content/plugins/cryptocurrency-donation-box/cryptocurrency-donation-box.php(247): CdbbcMetaApi::setupKeypair()\n#1 /wordpress/wp-includes/class-wp-hook.php(324): Cryptocurrency_Donation_Box::activate(false)\n#2 /wordpress/wp-includes/class-wp-hook.php(348): WP_Hook->apply_filters('', Array)\n#3 /wordpress/wp-includes/plugin.php(517): WP_Hook->do_action(Array)\n#4 /wordpress/wp-admin/includes/plugin.php(703): do_action('activate_crypto...', false)\n#5 /internal/eval.php(20): activate_plugin('cryptocurrency-...')\n#6 {main}\n  thrown in /wordpress/wp-content/plugins/cryptocurrency-donation-box/includes/Api.php on line 100","log":"/logs/plugins/c/customer-download-manager/error.json"}
,
{"message":"Uncaught Exception: Unable to set up the private key. error:0200102C:system library:fopen:No such file or directory. Please try activating the plugin again! in /wordpress/wp-content/plugins/cryptocurrency-donation-box/includes/Api.php:100","level":"FATAL","type":"PHP","test":"jspi-boot","plugin":"customer-download-manager","details":"[17-Jun-2025 02:42:44 UTC] PHP Fatal error:  Uncaught Exception: Unable to set up the private key. error:0200102C:system library:fopen:No such file or directory. Please try activating the plugin again! in /wordpress/wp-content/plugins/cryptocurrency-donation-box/includes/Api.php:100\nStack trace:\n#0 /wordpress/wp-content/plugins/cryptocurrency-donation-box/cryptocurrency-donation-box.php(247): CdbbcMetaApi::setupKeypair()\n#1 /wordpress/wp-includes/class-wp-hook.php(324): Cryptocurrency_Donation_Box::activate(false)\n#2 /wordpress/wp-includes/class-wp-hook.php(348): WP_Hook->apply_filters('', Array)\n#3 /wordpress/wp-includes/plugin.php(517): WP_Hook->do_action(Array)\n#4 /wordpress/wp-admin/includes/plugin.php(703): do_action('activate_crypto...', false)\n#5 /internal/eval.php(20): activate_plugin('cryptocurrency-...')\n#6 {main}\n  thrown in /wordpress/wp-content/plugins/cryptocurrency-donation-box/includes/Api.php on line 100","log":"/logs/plugins/c/customer-download-manager/error.json"}
,
{"message":"Uncaught Exception: Unable to set up the private key. error:0200102C:system library:fopen:No such file or directory. Please try activating the plugin again! in /wordpress/wp-content/plugins/cryptocurrency-donation-box/includes/Api.php:100","level":"FATAL","type":"PHP","test":"jspi-boot","plugin":"customer-download-manager","details":"[17-Jun-2025 02:42:53 UTC] PHP Fatal error:  Uncaught Exception: Unable to set up the private key. error:0200102C:system library:fopen:No such file or directory. Please try activating the plugin again! in /wordpress/wp-content/plugins/cryptocurrency-donation-box/includes/Api.php:100\nStack trace:\n#0 /wordpress/wp-content/plugins/cryptocurrency-donation-box/cryptocurrency-donation-box.php(247): CdbbcMetaApi::setupKeypair()\n#1 /wordpress/wp-includes/class-wp-hook.php(324): Cryptocurrency_Donation_Box::activate(false)\n#2 /wordpress/wp-includes/class-wp-hook.php(348): WP_Hook->apply_filters('', Array)\n#3 /wordpress/wp-includes/plugin.php(517): WP_Hook->do_action(Array)\n#4 /wordpress/wp-admin/includes/plugin.php(703): do_action('activate_crypto...', false)\n#5 /internal/eval.php(20): activate_plugin('cryptocurrency-...')\n#6 {main}\n  thrown in /wordpress/wp-content/plugins/cryptocurrency-donation-box/includes/Api.php on line 100\n\n    at Object.onBind (file:///home/runner/work/playground-tester/playground-tester/node_modules/@wp-playground/cli/run-cli-j-geJYS3.js:325:15)\n    at process.processTicksAndRejections (node:internal/process/task_queues:105:5)\n    at async re (file:///home/runner/work/playground-tester/playground-tester/node_modules/@wp-playground/cli/run-cli-j-geJYS3.js:149:10) {\n  [cause]: Error: Error when executing the blueprint step #1 ({\"step\":\"installPlugin\",\"pluginData\":{\"resource\":\"wordpress.org/plugins\",\"slug\":\"customer-download-manager\"},\"options\":{\"activate\":true}}) : Could not download \"https://downloads.wordpress.org/plugin/customer-download-manager.latest-stable.zip\".\n  \t\t\t\tCheck if the URL is correct and the server is reachable.\n  \t\t\t\tIf it is reachable, the server might be blocking the request.\n  \t\t\t\tCheck the browser console and network tabs for more information.\n  \n  \t\t\t\t## Does the console show the error \"No 'Access-Control-Allow-Origin' header\"?\n  \n  \t\t\t\tThis means the server that hosts your file does not allow requests from other sites\n  \t\t\t\t(cross-origin requests, or CORS).\tYou need to move the asset to a server that allows\n  \t\t\t\tcross-origin file downloads. Learn more about CORS at\n  \t\t\t\thttps://developer.mozilla.org/en-US/docs/Web/HTTP/CORS.\n  \n  \t\t\t\tIf your file is on GitHub, load it from \"raw.githubusercontent.com\".\n  \t\t\t\tHere's how to do that:\n  \n  \t\t\t\t1. Start with the original GitHub URL of the file. For example:\n  \t\t\t\thttps://github.com/username/repository/blob/branch/filename.\n  \t\t\t\t2. Replace \"github.com\" with \"raw.githubusercontent.com\".\n  \t\t\t\t3. Remove the \"/blob/\" part of the URL.\n  \n  \t\t\t\tThe resulting URL should look like this:\n  \t\t\t\thttps://raw.githubusercontent.com/username/repository/branch/filename\n  \n  \t\t\t\tError:\n  \t\t\t\tError: Could not download \"https://downloads.wordpress.org/plugin/customer-download-manager.latest-stable.zip\"\n      at Object.run (file:///home/runner/work/playground-tester/playground-tester/node_modules/@wp-playground/blueprints/index.js:12093:19)\n      at process.processTicksAndRejections (node:internal/process/task_queues:105:5)\n      at async ys (file:///home/runner/work/playground-tester/playground-tester/node_modules/@wp-playground/blueprints/index.js:12196:3)\n      at async Object.onBind (file:///home/runner/work/playground-tester/playground-tester/node_modules/@wp-playground/cli/run-cli-j-geJYS3.js:315:48)\n      at async re (file:///home/runner/work/playground-tester/playground-tester/node_modules/@wp-playground/cli/run-cli-j-geJYS3.js:149:10) {\n    [cause]: Error: Could not download \"https://downloads.wordpress.org/plugin/customer-download-manager.latest-stable.zip\".\n    \t\t\t\tCheck if the URL is correct and the server is reachable.\n    \t\t\t\tIf it is reachable, the server might be blocking the request.\n    \t\t\t\tCheck the browser console and network tabs for more information.\n    \n    \t\t\t\t## Does the console show the error \"No 'Access-Control-Allow-Origin' header\"?\n    \n    \t\t\t\tThis means the server that hosts your file does not allow requests from other sites\n    \t\t\t\t(cross-origin requests, or CORS).\tYou need to move the asset to a server that allows\n    \t\t\t\tcross-origin file downloads. Learn more about CORS at\n    \t\t\t\thttps://developer.mozilla.org/en-US/docs/Web/HTTP/CORS.\n    \n    \t\t\t\tIf your file is on GitHub, load it from \"raw.githubusercontent.com\".\n    \t\t\t\tHere's how to do that:\n    \n    \t\t\t\t1. Start with the original GitHub URL of the file. For example:\n    \t\t\t\thttps://github.com/username/repository/blob/branch/filename.\n    \t\t\t\t2. Replace \"github.com\" with \"raw.githubusercontent.com\".\n    \t\t\t\t3. Remove the \"/blob/\" part of the URL.\n    \n    \t\t\t\tThe resulting URL should look like this:\n    \t\t\t\thttps://raw.githubusercontent.com/username/repository/branch/filename\n    \n    \t\t\t\tError:\n    \t\t\t\tError: Could not download \"https://downloads.wordpress.org/plugin/customer-download-manager.latest-stable.zip\"\n        at Ct.resolve (file:///home/runner/work/playground-tester/playground-tester/node_modules/@wp-playground/blueprints/index.js:1129:13)\n        at process.processTicksAndRejections (node:internal/process/task_queues:105:5)\n        at async _.run (file:///home/runner/work/playground-tester/playground-tester/node_modules/@php-wasm/util/index.js:45:14)\n  }\n}\n\n","log":"/logs/plugins/c/customer-download-manager/error.json"}
]
