file:///home/runner/work/playground-tester/playground-tester/node_modules/@wp-playground/cli/index.js:237
        throw new Error(y, { cause: u });
              ^

Error: [11-Apr-2025 13:52:12 UTC] WordPress database error <div style="clear:both">&nbsp;</div>
<div class="queries" style="clear:both;margin-bottom:2px;border:red dotted thin;">
<p>MySQL query:</p>
<p>INSERT INTO wp_article_analytics_config SET config_item='article_analytics_user_logon', config_value='all'</p>
<p>Queries made or created this session were:</p>
<ol>
<li>Executing: BEGIN | (no parameters)</li>
<li>Executing: INSERT INTO `wp_article_analytics_config` SET `config_item` = 'article_analytics_user_logon' , `config_value` = 'all' | (no parameters)</li>
<li>Executing: ROLLBACK | (no parameters)</li>
</ol>
</div>
<div style="clear:both;margin-bottom:2px;border:red dotted thin;" class="error_message" style="border-bottom:dotted blue thin;">
SQLSTATE[HY000]: General error: 1 near "SET": syntax error
</div>
<p>Backtrace:</p>
<pre>#0 /internal/shared/sqlite-database-integration/wp-includes/sqlite-ast/class-wp-sqlite-driver.php(690): WP_SQLite_Driver->new_driver_exception('SQLSTATE[HY000]...', 0, Object(PDOException))
#1 /internal/shared/sqlite-database-integration/wp-includes/sqlite/class-wp-sqlite-db.php(472): WP_SQLite_Driver->query('INSERT INTO wp_...')
#2 /internal/shared/sqlite-database-integration/wp-includes/sqlite/class-wp-sqlite-db.php(413): WP_SQLite_DB->_do_query('INSERT INTO wp_...')
#3 /wordpress/wp-includes/class-wpdb.php(3142): WP_SQLite_DB->query('INSERT INTO wp_...')
#4 /wordpress/wp-content/plugins/article-analytics/article-analytics.php(55): wpdb->get_results('INSERT INTO wp_...')
#5 /wordpress/wp-content/plugins/article-analytics/article-analytics.php(20): check_article_analitics()
#6 /wordpress/wp-admin/includes/plugin.php(2387): include_once('/wordpress/wp-c...')
#7 /wordpress/wp-admin/includes/plugin.php(673): plugin_sandbox_scrape('article-analyti...')
#8 /internal/eval.php(20): activate_plugin('article-analyti...')
#9 {main}</pre>
 for query INSERT INTO wp_article_analytics_config SET config_item='article_analytics_user_logon', config_value='all' made by activate_plugin, plugin_sandbox_scrape, include_once('/plugins/article-analytics/article-analytics.php'), check_article_analitics, WP_SQLite_DB->query, WP_SQLite_DB->print_error
[11-Apr-2025 13:52:12 UTC] WordPress database error <div style="clear:both">&nbsp;</div>
<div class="queries" style="clear:both;margin-bottom:2px;border:red dotted thin;">
<p>MySQL query:</p>
<p>INSERT INTO wp_article_analytics_config SET config_item='article_analytics_statistic_period', config_value='7'</p>
<p>Queries made or created this session were:</p>
<ol>
<li>Executing: BEGIN | (no parameters)</li>
<li>Executing: INSERT INTO `wp_article_analytics_config` SET `config_item` = 'article_analytics_statistic_period' , `config_value` = '7' | (no parameters)</li>
<li>Executing: ROLLBACK | (no parameters)</li>
</ol>
</div>
<div style="clear:both;margin-bottom:2px;border:red dotted thin;" class="error_message" style="border-bottom:dotted blue thin;">
SQLSTATE[HY000]: General error: 1 near "SET": syntax error
</div>
<p>Backtrace:</p>
<pre>#0 /internal/shared/sqlite-database-integration/wp-includes/sqlite-ast/class-wp-sqlite-driver.php(690): WP_SQLite_Driver->new_driver_exception('SQLSTATE[HY000]...', 0, Object(PDOException))
#1 /internal/shared/sqlite-database-integration/wp-includes/sqlite/class-wp-sqlite-db.php(472): WP_SQLite_Driver->query('INSERT INTO wp_...')
#2 /internal/shared/sqlite-database-integration/wp-includes/sqlite/class-wp-sqlite-db.php(413): WP_SQLite_DB->_do_query('INSERT INTO wp_...')
#3 /wordpress/wp-includes/class-wpdb.php(3142): WP_SQLite_DB->query('INSERT INTO wp_...')
#4 /wordpress/wp-content/plugins/article-analytics/article-analytics.php(57): wpdb->get_results('INSERT INTO wp_...')
#5 /wordpress/wp-content/plugins/article-analytics/article-analytics.php(20): check_article_analitics()
#6 /wordpress/wp-admin/includes/plugin.php(2387): include_once('/wordpress/wp-c...')
#7 /wordpress/wp-admin/includes/plugin.php(673): plugin_sandbox_scrape('article-analyti...')
#8 /internal/eval.php(20): activate_plugin('article-analyti...')
#9 {main}</pre>
 for query INSERT INTO wp_article_analytics_config SET config_item='article_analytics_statistic_period', config_value='7' made by activate_plugin, plugin_sandbox_scrape, include_once('/plugins/article-analytics/article-analytics.php'), check_article_analitics, WP_SQLite_DB->query, WP_SQLite_DB->print_error
[11-Apr-2025 13:52:12 UTC] WordPress database error <div style="clear:both">&nbsp;</div>
<div class="queries" style="clear:both;margin-bottom:2px;border:red dotted thin;">
<p>MySQL query:</p>
<p>INSERT INTO wp_article_analytics_config SET config_item='article_analytics_include_owner_visit', config_value='1'</p>
<p>Queries made or created this session were:</p>
<ol>
<li>Executing: BEGIN | (no parameters)</li>
<li>Executing: INSERT INTO `wp_article_analytics_config` SET `config_item` = 'article_analytics_include_owner_visit' , `config_value` = '1' | (no parameters)</li>
<li>Executing: ROLLBACK | (no parameters)</li>
</ol>
</div>
<div style="clear:both;margin-bottom:2px;border:red dotted thin;" class="error_message" style="border-bottom:dotted blue thin;">
SQLSTATE[HY000]: General error: 1 near "SET": syntax error
</div>
<p>Backtrace:</p>
<pre>#0 /internal/shared/sqlite-database-integration/wp-includes/sqlite-ast/class-wp-sqlite-driver.php(690): WP_SQLite_Driver->new_driver_exception('SQLSTATE[HY000]...', 0, Object(PDOException))
#1 /internal/shared/sqlite-database-integration/wp-includes/sqlite/class-wp-sqlite-db.php(472): WP_SQLite_Driver->query('INSERT INTO wp_...')
#2 /internal/shared/sqlite-database-integration/wp-includes/sqlite/class-wp-sqlite-db.php(413): WP_SQLite_DB->_do_query('INSERT INTO wp_...')
#3 /wordpress/wp-includes/class-wpdb.php(3142): WP_SQLite_DB->query('INSERT INTO wp_...')
#4 /wordpress/wp-content/plugins/article-analytics/article-analytics.php(59): wpdb->get_results('INSERT INTO wp_...')
#5 /wordpress/wp-content/plugins/article-analytics/article-analytics.php(20): check_article_analitics()
#6 /wordpress/wp-admin/includes/plugin.php(2387): include_once('/wordpress/wp-c...')
#7 /wordpress/wp-admin/includes/plugin.php(673): plugin_sandbox_scrape('article-analyti...')
#8 /internal/eval.php(20): activate_plugin('article-analyti...')
#9 {main}</pre>
 for query INSERT INTO wp_article_analytics_config SET config_item='article_analytics_include_owner_visit', config_value='1' made by activate_plugin, plugin_sandbox_scrape, include_once('/plugins/article-analytics/article-analytics.php'), check_article_analitics, WP_SQLite_DB->query, WP_SQLite_DB->print_error
[11-Apr-2025 13:52:13 UTC] PHP Notice:  Function wp_register_style was called <strong>incorrectly</strong>. Scripts and styles should not be registered or enqueued until the <code>wp_enqueue_scripts</code>, <code>admin_enqueue_scripts</code>, or <code>login_enqueue_scripts</code> hooks. This notice was triggered by the <code>style</code> handle. Please see <a href="https://developer.wordpress.org/advanced-administration/debug/debug-wordpress/">Debugging in WordPress</a> for more information. (This message was added in version 3.3.0.) in /wordpress/wp-includes/functions.php on line 6114
[11-Apr-2025 13:52:13 UTC] PHP Notice:  Function is_feed was called <strong>incorrectly</strong>. Conditional query tags do not work before the query is run. Before then, they always return false. Please see <a href="https://developer.wordpress.org/advanced-administration/debug/debug-wordpress/">Debugging in WordPress</a> for more information. (This message was added in version 3.1.0.) in /wordpress/wp-includes/functions.php on line 6114
[11-Apr-2025 13:52:21 UTC] WordPress database error <div style="clear:both">&nbsp;</div>
<div class="queries" style="clear:both;margin-bottom:2px;border:red dotted thin;">
<p>MySQL query:</p>
<p>INSERT INTO wp_article_analytics_config SET config_item='article_analytics_user_logon', config_value='all'</p>
<p>Queries made or created this session were:</p>
<ol>
<li>Executing: BEGIN | (no parameters)</li>
<li>Executing: INSERT INTO wp_article_analytics_config SET config_item=:param0 , config_value=:param1  | parameters: article_analytics_user_logon, all</li>
<li>Executing: ROLLBACK | (no parameters)</li>
</ol>
</div>
<div style="clear:both;margin-bottom:2px;border:red dotted thin;" class="error_message" style="border-bottom:dotted blue thin;">
Error occurred at line 4117 in Function <code>handle_error</code>. Error message was: SQLSTATE[HY000]: General error: 1 near "SET": syntax error.
</div>
<p>Backtrace:</p>
<pre>#0 /internal/shared/sqlite-database-integration/wp-includes/sqlite/class-wp-sqlite-db.php(287): WP_SQLite_Translator->get_error_message()
#1 /wordpress/wp-includes/class-wpdb.php(3142): WP_SQLite_DB->query('INSERT INTO wp_...')
#2 /wordpress/wp-content/plugins/article-analytics/article-analytics.php(55): wpdb->get_results('INSERT INTO wp_...')
#3 /wordpress/wp-content/plugins/article-analytics/article-analytics.php(20): check_article_analitics()
#4 /wordpress/wp-admin/includes/plugin.php(2387): include_once('/wordpress/wp-c...')
#5 /wordpress/wp-admin/includes/plugin.php(673): plugin_sandbox_scrape('article-analyti...')
#6 /internal/eval.php(20): activate_plugin('article-analyti...')
#7 {main}</pre>
 for query INSERT INTO wp_article_analytics_config SET config_item='article_analytics_user_logon', config_value='all' made by activate_plugin, plugin_sandbox_scrape, include_once('/plugins/article-analytics/article-analytics.php'), check_article_analitics, WP_SQLite_DB->query, WP_SQLite_DB->print_error
[11-Apr-2025 13:52:21 UTC] WordPress database error <div style="clear:both">&nbsp;</div>
<div class="queries" style="clear:both;margin-bottom:2px;border:red dotted thin;">
<p>MySQL query:</p>
<p>INSERT INTO wp_article_analytics_config SET config_item='article_analytics_statistic_period', config_value='7'</p>
<p>Queries made or created this session were:</p>
<ol>
<li>Executing: BEGIN | (no parameters)</li>
<li>Executing: INSERT INTO wp_article_analytics_config SET config_item=:param0 , config_value=:param1  | parameters: article_analytics_statistic_period, 7</li>
<li>Executing: ROLLBACK | (no parameters)</li>
</ol>
</div>
<div style="clear:both;margin-bottom:2px;border:red dotted thin;" class="error_message" style="border-bottom:dotted blue thin;">
Error occurred at line 4117 in Function <code>handle_error</code>. Error message was: SQLSTATE[HY000]: General error: 1 near "SET": syntax error.
</div>
<p>Backtrace:</p>
<pre>#0 /internal/shared/sqlite-database-integration/wp-includes/sqlite/class-wp-sqlite-db.php(287): WP_SQLite_Translator->get_error_message()
#1 /wordpress/wp-includes/class-wpdb.php(3142): WP_SQLite_DB->query('INSERT INTO wp_...')
#2 /wordpress/wp-content/plugins/article-analytics/article-analytics.php(57): wpdb->get_results('INSERT INTO wp_...')
#3 /wordpress/wp-content/plugins/article-analytics/article-analytics.php(20): check_article_analitics()
#4 /wordpress/wp-admin/includes/plugin.php(2387): include_once('/wordpress/wp-c...')
#5 /wordpress/wp-admin/includes/plugin.php(673): plugin_sandbox_scrape('article-analyti...')
#6 /internal/eval.php(20): activate_plugin('article-analyti...')
#7 {main}</pre>
 for query INSERT INTO wp_article_analytics_config SET config_item='article_analytics_statistic_period', config_value='7' made by activate_plugin, plugin_sandbox_scrape, include_once('/plugins/article-analytics/article-analytics.php'), check_article_analitics, WP_SQLite_DB->query, WP_SQLite_DB->print_error
[11-Apr-2025 13:52:21 UTC] WordPress database error <div style="clear:both">&nbsp;</div>
<div class="queries" style="clear:both;margin-bottom:2px;border:red dotted thin;">
<p>MySQL query:</p>
<p>INSERT INTO wp_article_analytics_config SET config_item='article_analytics_include_owner_visit', config_value='1'</p>
<p>Queries made or created this session were:</p>
<ol>
<li>Executing: BEGIN | (no parameters)</li>
<li>Executing: INSERT INTO wp_article_analytics_config SET config_item=:param0 , config_value=:param1  | parameters: article_analytics_include_owner_visit, 1</li>
<li>Executing: ROLLBACK | (no parameters)</li>
</ol>
</div>
<div style="clear:both;margin-bottom:2px;border:red dotted thin;" class="error_message" style="border-bottom:dotted blue thin;">
Error occurred at line 4117 in Function <code>handle_error</code>. Error message was: SQLSTATE[HY000]: General error: 1 near "SET": syntax error.
</div>
<p>Backtrace:</p>
<pre>#0 /internal/shared/sqlite-database-integration/wp-includes/sqlite/class-wp-sqlite-db.php(287): WP_SQLite_Translator->get_error_message()
#1 /wordpress/wp-includes/class-wpdb.php(3142): WP_SQLite_DB->query('INSERT INTO wp_...')
#2 /wordpress/wp-content/plugins/article-analytics/article-analytics.php(59): wpdb->get_results('INSERT INTO wp_...')
#3 /wordpress/wp-content/plugins/article-analytics/article-analytics.php(20): check_article_analitics()
#4 /wordpress/wp-admin/includes/plugin.php(2387): include_once('/wordpress/wp-c...')
#5 /wordpress/wp-admin/includes/plugin.php(673): plugin_sandbox_scrape('article-analyti...')
#6 /internal/eval.php(20): activate_plugin('article-analyti...')
#7 {main}</pre>
 for query INSERT INTO wp_article_analytics_config SET config_item='article_analytics_include_owner_visit', config_value='1' made by activate_plugin, plugin_sandbox_scrape, include_once('/plugins/article-analytics/article-analytics.php'), check_article_analitics, WP_SQLite_DB->query, WP_SQLite_DB->print_error
[11-Apr-2025 13:52:22 UTC] PHP Notice:  Function wp_register_style was called <strong>incorrectly</strong>. Scripts and styles should not be registered or enqueued until the <code>wp_enqueue_scripts</code>, <code>admin_enqueue_scripts</code>, or <code>login_enqueue_scripts</code> hooks. This notice was triggered by the <code>style</code> handle. Please see <a href="https://developer.wordpress.org/advanced-administration/debug/debug-wordpress/">Debugging in WordPress</a> for more information. (This message was added in version 3.3.0.) in /wordpress/wp-includes/functions.php on line 6114
[11-Apr-2025 13:52:22 UTC] PHP Notice:  Function is_feed was called <strong>incorrectly</strong>. Conditional query tags do not work before the query is run. Before then, they always return false. Please see <a href="https://developer.wordpress.org/advanced-administration/debug/debug-wordpress/">Debugging in WordPress</a> for more information. (This message was added in version 3.1.0.) in /wordpress/wp-includes/functions.php on line 6114
[11-Apr-2025 13:52:30 UTC] WordPress database error <div style="clear:both">&nbsp;</div>
<div class="queries" style="clear:both;margin-bottom:2px;border:red dotted thin;">
<p>MySQL query:</p>
<p>INSERT INTO wp_article_analytics_config SET config_item='article_analytics_user_logon', config_value='all'</p>
<p>Queries made or created this session were:</p>
<ol>
<li>Executing: BEGIN | (no parameters)</li>
<li>Executing: INSERT INTO wp_article_analytics_config SET config_item=:param0 , config_value=:param1  | parameters: article_analytics_user_logon, all</li>
<li>Executing: ROLLBACK | (no parameters)</li>
</ol>
</div>
<div style="clear:both;margin-bottom:2px;border:red dotted thin;" class="error_message" style="border-bottom:dotted blue thin;">
Error occurred at line 4117 in Function <code>handle_error</code>. Error message was: SQLSTATE[HY000]: General error: 1 near "SET": syntax error.
</div>
<p>Backtrace:</p>
<pre>#0 /internal/shared/sqlite-database-integration/wp-includes/sqlite/class-wp-sqlite-db.php(287): WP_SQLite_Translator->get_error_message()
#1 /wordpress/wp-includes/class-wpdb.php(3142): WP_SQLite_DB->query('INSERT INTO wp_...')
#2 /wordpress/wp-content/plugins/article-analytics/article-analytics.php(55): wpdb->get_results('INSERT INTO wp_...')
#3 /wordpress/wp-content/plugins/article-analytics/article-analytics.php(20): check_article_analitics()
#4 /wordpress/wp-admin/includes/plugin.php(2387): include_once('/wordpress/wp-c...')
#5 /wordpress/wp-admin/includes/plugin.php(673): plugin_sandbox_scrape('article-analyti...')
#6 /internal/eval.php(20): activate_plugin('article-analyti...')
#7 {main}</pre>
 for query INSERT INTO wp_article_analytics_config SET config_item='article_analytics_user_logon', config_value='all' made by activate_plugin, plugin_sandbox_scrape, include_once('/plugins/article-analytics/article-analytics.php'), check_article_analitics, WP_SQLite_DB->query, WP_SQLite_DB->print_error
[11-Apr-2025 13:52:30 UTC] WordPress database error <div style="clear:both">&nbsp;</div>
<div class="queries" style="clear:both;margin-bottom:2px;border:red dotted thin;">
<p>MySQL query:</p>
<p>INSERT INTO wp_article_analytics_config SET config_item='article_analytics_statistic_period', config_value='7'</p>
<p>Queries made or created this session were:</p>
<ol>
<li>Executing: BEGIN | (no parameters)</li>
<li>Executing: INSERT INTO wp_article_analytics_config SET config_item=:param0 , config_value=:param1  | parameters: article_analytics_statistic_period, 7</li>
<li>Executing: ROLLBACK | (no parameters)</li>
</ol>
</div>
<div style="clear:both;margin-bottom:2px;border:red dotted thin;" class="error_message" style="border-bottom:dotted blue thin;">
Error occurred at line 4117 in Function <code>handle_error</code>. Error message was: SQLSTATE[HY000]: General error: 1 near "SET": syntax error.
</div>
<p>Backtrace:</p>
<pre>#0 /internal/shared/sqlite-database-integration/wp-includes/sqlite/class-wp-sqlite-db.php(287): WP_SQLite_Translator->get_error_message()
#1 /wordpress/wp-includes/class-wpdb.php(3142): WP_SQLite_DB->query('INSERT INTO wp_...')
#2 /wordpress/wp-content/plugins/article-analytics/article-analytics.php(57): wpdb->get_results('INSERT INTO wp_...')
#3 /wordpress/wp-content/plugins/article-analytics/article-analytics.php(20): check_article_analitics()
#4 /wordpress/wp-admin/includes/plugin.php(2387): include_once('/wordpress/wp-c...')
#5 /wordpress/wp-admin/includes/plugin.php(673): plugin_sandbox_scrape('article-analyti...')
#6 /internal/eval.php(20): activate_plugin('article-analyti...')
#7 {main}</pre>
 for query INSERT INTO wp_article_analytics_config SET config_item='article_analytics_statistic_period', config_value='7' made by activate_plugin, plugin_sandbox_scrape, include_once('/plugins/article-analytics/article-analytics.php'), check_article_analitics, WP_SQLite_DB->query, WP_SQLite_DB->print_error
[11-Apr-2025 13:52:30 UTC] WordPress database error <div style="clear:both">&nbsp;</div>
<div class="queries" style="clear:both;margin-bottom:2px;border:red dotted thin;">
<p>MySQL query:</p>
<p>INSERT INTO wp_article_analytics_config SET config_item='article_analytics_include_owner_visit', config_value='1'</p>
<p>Queries made or created this session were:</p>
<ol>
<li>Executing: BEGIN | (no parameters)</li>
<li>Executing: INSERT INTO wp_article_analytics_config SET config_item=:param0 , config_value=:param1  | parameters: article_analytics_include_owner_visit, 1</li>
<li>Executing: ROLLBACK | (no parameters)</li>
</ol>
</div>
<div style="clear:both;margin-bottom:2px;border:red dotted thin;" class="error_message" style="border-bottom:dotted blue thin;">
Error occurred at line 4117 in Function <code>handle_error</code>. Error message was: SQLSTATE[HY000]: General error: 1 near "SET": syntax error.
</div>
<p>Backtrace:</p>
<pre>#0 /internal/shared/sqlite-database-integration/wp-includes/sqlite/class-wp-sqlite-db.php(287): WP_SQLite_Translator->get_error_message()
#1 /wordpress/wp-includes/class-wpdb.php(3142): WP_SQLite_DB->query('INSERT INTO wp_...')
#2 /wordpress/wp-content/plugins/article-analytics/article-analytics.php(59): wpdb->get_results('INSERT INTO wp_...')
#3 /wordpress/wp-content/plugins/article-analytics/article-analytics.php(20): check_article_analitics()
#4 /wordpress/wp-admin/includes/plugin.php(2387): include_once('/wordpress/wp-c...')
#5 /wordpress/wp-admin/includes/plugin.php(673): plugin_sandbox_scrape('article-analyti...')
#6 /internal/eval.php(20): activate_plugin('article-analyti...')
#7 {main}</pre>
 for query INSERT INTO wp_article_analytics_config SET config_item='article_analytics_include_owner_visit', config_value='1' made by activate_plugin, plugin_sandbox_scrape, include_once('/plugins/article-analytics/article-analytics.php'), check_article_analitics, WP_SQLite_DB->query, WP_SQLite_DB->print_error
[11-Apr-2025 13:52:31 UTC] PHP Notice:  Function wp_register_style was called <strong>incorrectly</strong>. Scripts and styles should not be registered or enqueued until the <code>wp_enqueue_scripts</code>, <code>admin_enqueue_scripts</code>, or <code>login_enqueue_scripts</code> hooks. This notice was triggered by the <code>style</code> handle. Please see <a href="https://developer.wordpress.org/advanced-administration/debug/debug-wordpress/">Debugging in WordPress</a> for more information. (This message was added in version 3.3.0.) in /wordpress/wp-includes/functions.php on line 6114
[11-Apr-2025 13:52:31 UTC] PHP Notice:  Function is_feed was called <strong>incorrectly</strong>. Conditional query tags do not work before the query is run. Before then, they always return false. Please see <a href="https://developer.wordpress.org/advanced-administration/debug/debug-wordpress/">Debugging in WordPress</a> for more information. (This message was added in version 3.1.0.) in /wordpress/wp-includes/functions.php on line 6114
[11-Apr-2025 13:54:55 UTC] PHP Deprecated:  Function get_currentuserinfo is <strong>deprecated</strong> since version 4.5.0! Use wp_get_current_user() instead. in /wordpress/wp-includes/functions.php on line 6114
[11-Apr-2025 13:55:04 UTC] PHP Deprecated:  Function get_currentuserinfo is <strong>deprecated</strong> since version 4.5.0! Use wp_get_current_user() instead. in /wordpress/wp-includes/functions.php on line 6114
[11-Apr-2025 13:55:13 UTC] PHP Deprecated:  Function get_currentuserinfo is <strong>deprecated</strong> since version 4.5.0! Use wp_get_current_user() instead. in /wordpress/wp-includes/functions.php on line 6114
[11-Apr-2025 13:55:24 UTC] PHP Deprecated:  Function register_sidebar_widget is <strong>deprecated</strong> since version 2.8.0! Use wp_register_sidebar_widget() instead. in /wordpress/wp-includes/functions.php on line 6114
[11-Apr-2025 13:55:24 UTC] PHP Deprecated:  Function register_widget_control is <strong>deprecated</strong> since version 2.8.0! Use wp_register_widget_control() instead. in /wordpress/wp-includes/functions.php on line 6114
[11-Apr-2025 13:55:32 UTC] PHP Deprecated:  Function register_sidebar_widget is <strong>deprecated</strong> since version 2.8.0! Use wp_register_sidebar_widget() instead. in /wordpress/wp-includes/functions.php on line 6114
[11-Apr-2025 13:55:32 UTC] PHP Deprecated:  Function register_widget_control is <strong>deprecated</strong> since version 2.8.0! Use wp_register_widget_control() instead. in /wordpress/wp-includes/functions.php on line 6114
[11-Apr-2025 13:55:41 UTC] PHP Deprecated:  Function register_sidebar_widget is <strong>deprecated</strong> since version 2.8.0! Use wp_register_sidebar_widget() instead. in /wordpress/wp-includes/functions.php on line 6114
[11-Apr-2025 13:55:41 UTC] PHP Deprecated:  Function register_widget_control is <strong>deprecated</strong> since version 2.8.0! Use wp_register_widget_control() instead. in /wordpress/wp-includes/functions.php on line 6114
[11-Apr-2025 13:57:05 UTC] PHP Warning:  file_get_contents(): SSL: No error information in /wordpress/wp-content/plugins/adtoniq-express/adtoniq.php on line 510
[11-Apr-2025 13:57:05 UTC] PHP Warning:  file_get_contents(): Failed to enable crypto in /wordpress/wp-content/plugins/adtoniq-express/adtoniq.php on line 510
[11-Apr-2025 13:57:05 UTC] PHP Warning:  file_get_contents(https://integration.adtoniq.com/api/v1): Failed to open stream: operation failed in /wordpress/wp-content/plugins/adtoniq-express/adtoniq.php on line 510
[11-Apr-2025 13:57:05 UTC] PHP Warning:  file_get_contents(): SSL: No error information in /wordpress/wp-content/plugins/adtoniq-express/adtoniq.php on line 510
[11-Apr-2025 13:57:05 UTC] PHP Warning:  file_get_contents(): Failed to enable crypto in /wordpress/wp-content/plugins/adtoniq-express/adtoniq.php on line 510
[11-Apr-2025 13:57:05 UTC] PHP Warning:  file_get_contents(https://integration.adtoniq.com/api/v1): Failed to open stream: operation failed in /wordpress/wp-content/plugins/adtoniq-express/adtoniq.php on line 510
[11-Apr-2025 13:57:14 UTC] PHP Warning:  file_get_contents(): SSL: No error information in /wordpress/wp-content/plugins/adtoniq-express/adtoniq.php on line 510
[11-Apr-2025 13:57:14 UTC] PHP Warning:  file_get_contents(): Failed to enable crypto in /wordpress/wp-content/plugins/adtoniq-express/adtoniq.php on line 510
[11-Apr-2025 13:57:14 UTC] PHP Warning:  file_get_contents(https://integration.adtoniq.com/api/v1): Failed to open stream: operation failed in /wordpress/wp-content/plugins/adtoniq-express/adtoniq.php on line 510
[11-Apr-2025 13:57:14 UTC] PHP Warning:  file_get_contents(): SSL: No error information in /wordpress/wp-content/plugins/adtoniq-express/adtoniq.php on line 510
[11-Apr-2025 13:57:14 UTC] PHP Warning:  file_get_contents(): Failed to enable crypto in /wordpress/wp-content/plugins/adtoniq-express/adtoniq.php on line 510
[11-Apr-2025 13:57:14 UTC] PHP Warning:  file_get_contents(https://integration.adtoniq.com/api/v1): Failed to open stream: operation failed in /wordpress/wp-content/plugins/adtoniq-express/adtoniq.php on line 510
[11-Apr-2025 13:57:23 UTC] PHP Warning:  file_get_contents(): SSL: No error information in /wordpress/wp-content/plugins/adtoniq-express/adtoniq.php on line 510
[11-Apr-2025 13:57:23 UTC] PHP Warning:  file_get_contents(): Failed to enable crypto in /wordpress/wp-content/plugins/adtoniq-express/adtoniq.php on line 510
[11-Apr-2025 13:57:23 UTC] PHP Warning:  file_get_contents(https://integration.adtoniq.com/api/v1): Failed to open stream: operation failed in /wordpress/wp-content/plugins/adtoniq-express/adtoniq.php on line 510
[11-Apr-2025 13:57:23 UTC] PHP Warning:  file_get_contents(): SSL: No error information in /wordpress/wp-content/plugins/adtoniq-express/adtoniq.php on line 510
[11-Apr-2025 13:57:23 UTC] PHP Warning:  file_get_contents(): Failed to enable crypto in /wordpress/wp-content/plugins/adtoniq-express/adtoniq.php on line 510
[11-Apr-2025 13:57:23 UTC] PHP Warning:  file_get_contents(https://integration.adtoniq.com/api/v1): Failed to open stream: operation failed in /wordpress/wp-content/plugins/adtoniq-express/adtoniq.php on line 510
[11-Apr-2025 13:58:01 UTC] WordPress database error <div style="clear:both">&nbsp;</div>
<div class="queries" style="clear:both;margin-bottom:2px;border:red dotted thin;">
<p>MySQL query:</p>
<p>CREATE TABLE IF NOT EXISTS `wp_asc_currencies` (
  				`supplier_id` int(10) UNSIGNED NOT NULL,
  				`name` varchar(3) COLLATE utf8mb4_unicode_ci NOT NULL,
  				`rate` float NOT NULL,
  				UNIQUE KEY `supplier_id` (`supplier_id`,`name`),
  				CONSTRAINT `wp_asc_currencies_ibfk_1` FOREIGN KEY (`supplier_id`) REFERENCES `wp_asc_suppliers` (`supplier_id`) ON DELETE CASCADE                                             
			) ENGINE=InnoDB DEFAULT CHARSET=utf8mb4 COLLATE=utf8mb4_unicode_ci;</p>
<p>Queries made or created this session were:</p>
<ol>
<li>Executing: BEGIN | (no parameters)</li>
<li>Executing: SELECT 1 FROM _wp_sqlite_mysql_information_schema_tables WHERE table_schema = ? AND table_name = ? | parameters: database_name_here, wp_asc_currencies</li>
<li>Executing: 
				INSERT INTO _wp_sqlite_mysql_information_schema_tables (table_schema, table_name, table_type, engine, row_format, table_collation)
				VALUES (?, ?, ?, ?, ?, ?)
			 | parameters: database_name_here, wp_asc_currencies, BASE TABLE, InnoDB, Dynamic, utf8mb4_unicode_ci</li>
<li>Executing: 
				INSERT INTO _wp_sqlite_mysql_information_schema_columns (table_schema, table_name, column_name, ordinal_position, column_default, is_nullable, data_type, character_maximum_length, character_octet_length, numeric_precision, numeric_scale, datetime_precision, character_set_name, collation_name, column_type, column_key, extra, privileges, column_comment, generation_expression, srs_id)
				VALUES (?, ?, ?, ?, ?, ?, ?, ?, ?, ?, ?, ?, ?, ?, ?, ?, ?, ?, ?, ?, ?)
			 | parameters: database_name_here, wp_asc_currencies, supplier_id, 1, , NO, int, , , 10, 0, , , , int(10) unsigned, , , select,insert,update,references, , , </li>
<li>Executing: 
				INSERT INTO _wp_sqlite_mysql_information_schema_columns (table_schema, table_name, column_name, ordinal_position, column_default, is_nullable, data_type, character_maximum_length, character_octet_length, numeric_precision, numeric_scale, datetime_precision, character_set_name, collation_name, column_type, column_key, extra, privileges, column_comment, generation_expression, srs_id)
				VALUES (?, ?, ?, ?, ?, ?, ?, ?, ?, ?, ?, ?, ?, ?, ?, ?, ?, ?, ?, ?, ?)
			 | parameters: database_name_here, wp_asc_currencies, name, 2, , NO, varchar, 3, 12, , , , utf8mb4, utf8mb4_unicode_ci, varchar(3), , , select,insert,update,references, , , </li>
<li>Executing: 
				INSERT INTO _wp_sqlite_mysql_information_schema_columns (table_schema, table_name, column_name, ordinal_position, column_default, is_nullable, data_type, character_maximum_length, character_octet_length, numeric_precision, numeric_scale, datetime_precision, character_set_name, collation_name, column_type, column_key, extra, privileges, column_comment, generation_expression, srs_id)
				VALUES (?, ?, ?, ?, ?, ?, ?, ?, ?, ?, ?, ?, ?, ?, ?, ?, ?, ?, ?, ?, ?)
			 | parameters: database_name_here, wp_asc_currencies, rate, 3, , NO, float, , , 12, , , , , float, , , select,insert,update,references, , , </li>
<li>Executing: 
					SELECT column_name, data_type, is_nullable, character_maximum_length
					FROM _wp_sqlite_mysql_information_schema_columns
					WHERE table_schema = ?
					AND table_name = ?
					AND column_name IN (?,?)
				 | parameters: database_name_here, wp_asc_currencies, supplier_id, name</li>
<li>Executing: 
				INSERT INTO _wp_sqlite_mysql_information_schema_statistics (table_schema, table_name, non_unique, index_schema, index_name, seq_in_index, column_name, collation, cardinality, sub_part, packed, nullable, index_type, comment, index_comment, is_visible, expression)
				VALUES (?, ?, ?, ?, ?, ?, ?, ?, ?, ?, ?, ?, ?, ?, ?, ?, ?)
			 | parameters: database_name_here, wp_asc_currencies, 0, database_name_here, supplier_id, 1, supplier_id, A, 0, , , , BTREE, , , YES, </li>
<li>Executing: 
				INSERT INTO _wp_sqlite_mysql_information_schema_statistics (table_schema, table_name, non_unique, index_schema, index_name, seq_in_index, column_name, collation, cardinality, sub_part, packed, nullable, index_type, comment, index_comment, is_visible, expression)
				VALUES (?, ?, ?, ?, ?, ?, ?, ?, ?, ?, ?, ?, ?, ?, ?, ?, ?)
			 | parameters: database_name_here, wp_asc_currencies, 0, database_name_here, supplier_id, 2, name, A, 0, , , , BTREE, , , YES, </li>
<li>Executing: 
				WITH s AS (
					SELECT
						column_name,
						CASE
							WHEN MAX(index_name = 'PRIMARY') THEN 'PRI'
							WHEN MAX(non_unique = 0 AND seq_in_index = 1) THEN 'UNI'
							WHEN MAX(seq_in_index = 1) THEN 'MUL'
							ELSE ''
						END AS column_key
					FROM _wp_sqlite_mysql_information_schema_statistics
					WHERE table_schema = ?
					AND table_name = ?
					GROUP BY column_name
				)
				UPDATE _wp_sqlite_mysql_information_schema_columns AS c
				SET
					column_key = s.column_key,
					is_nullable = IIF(s.column_key = 'PRI', 'NO', c.is_nullable)
			    FROM s
			    WHERE c.table_schema = ?
			    AND c.table_name = ?
				AND s.column_name = c.column_name
			 | parameters: database_name_here, wp_asc_currencies, database_name_here, wp_asc_currencies</li>
<li>Executing: ROLLBACK | (no parameters)</li>
</ol>
</div>
<div style="clear:both;margin-bottom:2px;border:red dotted thin;" class="error_message" style="border-bottom:dotted blue thin;">
FOREIGN KEY and CHECK constraints are not supported yet.
</div>
<p>Backtrace:</p>
<pre>#0 /internal/shared/sqlite-database-integration/wp-includes/sqlite-ast/class-wp-sqlite-driver.php(690): WP_SQLite_Driver->new_driver_exception('FOREIGN KEY and...', 0, Object(Exception))
#1 /internal/shared/sqlite-database-integration/wp-includes/sqlite/class-wp-sqlite-db.php(472): WP_SQLite_Driver->query('CREATE TABLE IF...')
#2 /internal/shared/sqlite-database-integration/wp-includes/sqlite/class-wp-sqlite-db.php(413): WP_SQLite_DB->_do_query('CREATE TABLE IF...')
#3 /wordpress/wp-content/plugins/advanced-store-control-for-woocommerce/traits/model.php(57): WP_SQLite_DB->query('CREATE TABLE IF...')
#4 /wordpress/wp-content/plugins/advanced-store-control-for-woocommerce/models/tables.php(96): ASC\Models\Model_Tables->query('CREATE TABLE IF...')
#5 /wordpress/wp-content/plugins/advanced-store-control-for-woocommerce/controllers/hooks.php(52): ASC\Models\Model_Tables->create()
#6 /wordpress/wp-includes/class-wp-hook.php(324): ASC\Controllers\Controller_Hooks->activate(false)
#7 /wordpress/wp-includes/class-wp-hook.php(348): WP_Hook->apply_filters('', Array)
#8 /wordpress/wp-includes/plugin.php(517): WP_Hook->do_action(Array)
#9 /wordpress/wp-admin/includes/plugin.php(703): do_action('activate_advanc...', false)
#10 /internal/eval.php(20): activate_plugin('advanced-store-...')
#11 {main}</pre>
 for query CREATE TABLE IF NOT EXISTS `wp_asc_currencies` (
  				`supplier_id` int(10) UNSIGNED NOT NULL,
  				`name` varchar(3) COLLATE utf8mb4_unicode_ci NOT NULL,
  				`rate` float NOT NULL,
  				UNIQUE KEY `supplier_id` (`supplier_id`,`name`),
  				CONSTRAINT `wp_asc_currencies_ibfk_1` FOREIGN KEY (`supplier_id`) REFERENCES `wp_asc_suppliers` (`supplier_id`) ON DELETE CASCADE                                             
			) ENGINE=InnoDB DEFAULT CHARSET=utf8mb4 COLLATE=utf8mb4_unicode_ci; made by activate_plugin, do_action('activate_advanced-store-control-for-woocommerce/advanced-store-control.php'), WP_Hook->do_action, WP_Hook->apply_filters, ASC\Controllers\Controller_Hooks->activate, ASC\Models\Model_Tables->create, ASC\Models\Model_Tables->query, WP_SQLite_DB->query, WP_SQLite_DB->print_error
[11-Apr-2025 13:58:01 UTC] WordPress database error <div style="clear:both">&nbsp;</div>
<div class="queries" style="clear:both;margin-bottom:2px;border:red dotted thin;">
<p>MySQL query:</p>
<p>INSERT INTO `wp_asc_log` (`time`, `error`, `success`, `info`, `supplier_id`) VALUES ('2025-04-11 13:58:01', 'ошибка в запросе: CREATE TABLE IF NOT EXISTS `wp_asc_currencies` (
  				`supplier_id` int(10) UNSIGNED NOT NULL,
  				`name` varchar(3) COLLATE utf8mb4_unicode_ci NOT NULL,
  				`rate` float NOT NULL,
  				UNIQUE KEY `supplier_id` (`supplier_id`,`name`),
  				CONSTRAINT `wp_asc_currencies_ibfk_1` FOREIGN KEY (`supplier_id`) REFERENCES `wp_asc_suppliers` (`supplier_id`) ON DELETE CASCADE                                             
			) ENGINE=InnoDB DEFAULT CHARSET=utf8mb4 COLLATE=utf8mb4_unicode_ci;', '', '', NULL)</p>
<p>Queries made or created this session were:</p>
<ol>
<li>Executing: BEGIN | (no parameters)</li>
<li>Executing: SELECT 1 FROM sqlite_temp_schema WHERE type = 'table' AND name = ? | parameters: wp_asc_log</li>
<li>Executing: 
				SELECT column_name, is_nullable, column_default, data_type, extra
				FROM _wp_sqlite_mysql_information_schema_columns
				WHERE table_schema = ?
				AND table_name = ?
				ORDER BY ordinal_position
			 | parameters: database_name_here, wp_asc_log</li>
<li>Executing: INSERT INTO `wp_asc_log` () SELECT  FROM (VALUES ( '2025-04-11 13:58:01' , 'ошибка в запросе: CREATE TABLE IF NOT EXISTS `wp_asc_currencies` (
  				`supplier_id` int(10) UNSIGNED NOT NULL,
  				`name` varchar(3) COLLATE utf8mb4_unicode_ci NOT NULL,
  				`rate` float NOT NULL,
  				UNIQUE KEY `supplier_id` (`supplier_id`,`name`),
  				CONSTRAINT `wp_asc_currencies_ibfk_1` FOREIGN KEY (`supplier_id`) REFERENCES `wp_asc_suppliers` (`supplier_id`) ON DELETE CASCADE                                             
			) ENGINE=InnoDB DEFAULT CHARSET=utf8mb4 COLLATE=utf8mb4_unicode_ci;' , '' , '' , NULL )) WHERE true | (no parameters)</li>
<li>Executing: ROLLBACK | (no parameters)</li>
</ol>
</div>
<div style="clear:both;margin-bottom:2px;border:red dotted thin;" class="error_message" style="border-bottom:dotted blue thin;">
SQLSTATE[HY000]: General error: 1 near ")": syntax error
</div>
<p>Backtrace:</p>
<pre>#0 /internal/shared/sqlite-database-integration/wp-includes/sqlite-ast/class-wp-sqlite-driver.php(690): WP_SQLite_Driver->new_driver_exception('SQLSTATE[HY000]...', 0, Object(PDOException))
#1 /internal/shared/sqlite-database-integration/wp-includes/sqlite/class-wp-sqlite-db.php(472): WP_SQLite_Driver->query('INSERT INTO `wp...')
#2 /internal/shared/sqlite-database-integration/wp-includes/sqlite/class-wp-sqlite-db.php(413): WP_SQLite_DB->_do_query('INSERT INTO `wp...')
#3 /wordpress/wp-content/plugins/advanced-store-control-for-woocommerce/traits/model.php(57): WP_SQLite_DB->query('INSERT INTO `wp...')
#4 /wordpress/wp-content/plugins/advanced-store-control-for-woocommerce/models/log.php(39): ASC\Models\Model_Log->query('INSERT INTO `wp...')
#5 /wordpress/wp-content/plugins/advanced-store-control-for-woocommerce/controllers/log.php(84): ASC\Models\Model_Log->create('2025-04-11 13:5...', 'NULL', Array)
#6 /wordpress/wp-content/plugins/advanced-store-control-for-woocommerce/controllers/log.php(126): ASC\Controllers\Controller_Log->save(Array)
#7 /wordpress/wp-content/plugins/advanced-store-control-for-woocommerce/controllers/log.php(105): ASC\Controllers\Controller_Log->set_error('\xD0\xBE\xD1\x88\xD0\xB8\xD0\xB1\xD0\xBA\xD0\xB0 \xD0\xB2...')
#8 [internal function]: ASC\Controllers\Controller_Log::exception(Object(Exception))
#9 {main}</pre>
 for query INSERT INTO `wp_asc_log` (`time`, `error`, `success`, `info`, `supplier_id`) VALUES ('2025-04-11 13:58:01', 'ошибка в запросе: CREATE TABLE IF NOT EXISTS `wp_asc_currencies` (
  				`supplier_id` int(10) UNSIGNED NOT NULL,
  				`name` varchar(3) COLLATE utf8mb4_unicode_ci NOT NULL,
  				`rate` float NOT NULL,
  				UNIQUE KEY `supplier_id` (`supplier_id`,`name`),
  				CONSTRAINT `wp_asc_currencies_ibfk_1` FOREIGN KEY (`supplier_id`) REFERENCES `wp_asc_suppliers` (`supplier_id`) ON DELETE CASCADE                                             
			) ENGINE=InnoDB DEFAULT CHARSET=utf8mb4 COLLATE=utf8mb4_unicode_ci;', '', '', NULL) made by ASC\Controllers\Controller_Log::exception, ASC\Controllers\Controller_Log->set_error, ASC\Controllers\Controller_Log->save, ASC\Models\Model_Log->create, ASC\Models\Model_Log->query, WP_SQLite_DB->query, WP_SQLite_DB->print_error
[11-Apr-2025 13:58:01 UTC] PHP Fatal error:  Uncaught Exception: ошибка в запросе: INSERT INTO `wp_asc_log` (`time`, `error`, `success`, `info`, `supplier_id`) VALUES ('2025-04-11 13:58:01', 'ошибка в запросе: CREATE TABLE IF NOT EXISTS `wp_asc_currencies` (
  				`supplier_id` int(10) UNSIGNED NOT NULL,
  				`name` varchar(3) COLLATE utf8mb4_unicode_ci NOT NULL,
  				`rate` float NOT NULL,
  				UNIQUE KEY `supplier_id` (`supplier_id`,`name`),
  				CONSTRAINT `wp_asc_currencies_ibfk_1` FOREIGN KEY (`supplier_id`) REFERENCES `wp_asc_suppliers` (`supplier_id`) ON DELETE CASCADE                                             
			) ENGINE=InnoDB DEFAULT CHARSET=utf8mb4 COLLATE=utf8mb4_unicode_ci;', '', '', NULL) in /wordpress/wp-content/plugins/advanced-store-control-for-woocommerce/traits/model.php:63
Stack trace:
#0 /wordpress/wp-content/plugins/advanced-store-control-for-woocommerce/models/log.php(39): ASC\Models\Model_Log->query('INSERT INTO `wp...')
#1 /wordpress/wp-content/plugins/advanced-store-control-for-woocommerce/controllers/log.php(84): ASC\Models\Model_Log->create('2025-04-11 13:5...', 'NULL', Array)
#2 /wordpress/wp-content/plugins/advanced-store-control-for-woocommerce/controllers/log.php(126): ASC\Controllers\Controller_Log->save(Array)
#3 /wordpress/wp-content/plugins/advanced-store-control-for-woocommerce/controllers/log.php(105): ASC\Controllers\Controller_Log->set_error('\xD0\xBE\xD1\x88\xD0\xB8\xD0\xB1\xD0\xBA\xD0\xB0 \xD0\xB2...')
#4 [internal function]: ASC\Controllers\Controller_Log::exception(Object(Exception))
#5 {main}
  thrown in /wordpress/wp-content/plugins/advanced-store-control-for-woocommerce/traits/model.php on line 63
[11-Apr-2025 13:58:09 UTC] WordPress database error <div style="clear:both">&nbsp;</div>
<div class="queries" style="clear:both;margin-bottom:2px;border:red dotted thin;">
<p>MySQL query:</p>
<p>CREATE TABLE IF NOT EXISTS `wp_asc_currencies` (
  				`supplier_id` int(10) UNSIGNED NOT NULL,
  				`name` varchar(3) COLLATE utf8mb4_unicode_ci NOT NULL,
  				`rate` float NOT NULL,
  				UNIQUE KEY `supplier_id` (`supplier_id`,`name`),
  				CONSTRAINT `wp_asc_currencies_ibfk_1` FOREIGN KEY (`supplier_id`) REFERENCES `wp_asc_suppliers` (`supplier_id`) ON DELETE CASCADE                                             
			) ENGINE=InnoDB DEFAULT CHARSET=utf8mb4 COLLATE=utf8mb4_unicode_ci;</p>
<p>Queries made or created this session were:</p>
<ol>
<li>Executing: BEGIN | (no parameters)</li>
<li>Executing: INSERT INTO _mysql_data_types_cache (`table`, `column_or_index`, `mysql_type`)
				VALUES (:table, :column, :datatype)
				ON CONFLICT(`table`, `column_or_index`) DO UPDATE SET `mysql_type` = :datatype
			 | parameters: wp_asc_currencies, supplier_id, int(10) UNSIGNED</li>
<li>Executing: INSERT INTO _mysql_data_types_cache (`table`, `column_or_index`, `mysql_type`)
				VALUES (:table, :column, :datatype)
				ON CONFLICT(`table`, `column_or_index`) DO UPDATE SET `mysql_type` = :datatype
			 | parameters: wp_asc_currencies, name, varchar(3)</li>
<li>Executing: INSERT INTO _mysql_data_types_cache (`table`, `column_or_index`, `mysql_type`)
				VALUES (:table, :column, :datatype)
				ON CONFLICT(`table`, `column_or_index`) DO UPDATE SET `mysql_type` = :datatype
			 | parameters: wp_asc_currencies, rate, float</li>
<li>Executing: CREATE TABLE IF NOT EXISTS &quot;wp_asc_currencies&quot; (
&quot;supplier_id&quot; integer NOT NULL ON CONFLICT REPLACE DEFAULT 0,
&quot;name&quot; text NOT NULL ON CONFLICT REPLACE DEFAULT '' COLLATE NOCASE,
&quot;rate&quot; real NOT NULL ON CONFLICT REPLACE DEFAULT 0) | (no parameters)</li>
<li>Executing: CREATE UNIQUE  INDEX IF NOT EXISTS &quot;wp_asc_currencies__supplier_id&quot; ON &quot;wp_asc_currencies&quot; (&quot;supplier_id&quot;, &quot;name&quot;) | (no parameters)</li>
<li>Executing: INSERT INTO _mysql_data_types_cache (`table`, `column_or_index`, `mysql_type`)
				VALUES (:table, :column, :datatype)
				ON CONFLICT(`table`, `column_or_index`) DO UPDATE SET `mysql_type` = :datatype
			 | parameters: wp_asc_currencies, wp_asc_currencies__supplier_id, UNIQUE</li>
<li>Executing: CREATE  INDEX IF NOT EXISTS &quot;wp_asc_currencies__&quot; ON &quot;wp_asc_currencies&quot; (&quot;&quot;) | (no parameters)</li>
<li>Executing: INSERT INTO _mysql_data_types_cache (`table`, `column_or_index`, `mysql_type`)
				VALUES (:table, :column, :datatype)
				ON CONFLICT(`table`, `column_or_index`) DO UPDATE SET `mysql_type` = :datatype
			 | parameters: wp_asc_currencies, wp_asc_currencies__, </li>
<li>Executing: ROLLBACK | (no parameters)</li>
</ol>
</div>
<div style="clear:both;margin-bottom:2px;border:red dotted thin;" class="error_message" style="border-bottom:dotted blue thin;">
Error occurred at line 4117 in Function <code>handle_error</code>. Error message was: SQLSTATE[23000]: Integrity constraint violation: 19 NOT NULL constraint failed: _mysql_data_types_cache.mysql_type.
</div>
<p>Backtrace:</p>
<pre>#0 /internal/shared/sqlite-database-integration/wp-includes/sqlite/class-wp-sqlite-db.php(287): WP_SQLite_Translator->get_error_message()
#1 /wordpress/wp-content/plugins/advanced-store-control-for-woocommerce/traits/model.php(57): WP_SQLite_DB->query('CREATE TABLE IF...')
#2 /wordpress/wp-content/plugins/advanced-store-control-for-woocommerce/models/tables.php(96): ASC\Models\Model_Tables->query('CREATE TABLE IF...')
#3 /wordpress/wp-content/plugins/advanced-store-control-for-woocommerce/controllers/hooks.php(52): ASC\Models\Model_Tables->create()
#4 /wordpress/wp-includes/class-wp-hook.php(324): ASC\Controllers\Controller_Hooks->activate(false)
#5 /wordpress/wp-includes/class-wp-hook.php(348): WP_Hook->apply_filters('', Array)
#6 /wordpress/wp-includes/plugin.php(517): WP_Hook->do_action(Array)
#7 /wordpress/wp-admin/includes/plugin.php(703): do_action('activate_advanc...', false)
#8 /internal/eval.php(20): activate_plugin('advanced-store-...')
#9 {main}</pre>
 for query CREATE TABLE IF NOT EXISTS `wp_asc_currencies` (
  				`supplier_id` int(10) UNSIGNED NOT NULL,
  				`name` varchar(3) COLLATE utf8mb4_unicode_ci NOT NULL,
  				`rate` float NOT NULL,
  				UNIQUE KEY `supplier_id` (`supplier_id`,`name`),
  				CONSTRAINT `wp_asc_currencies_ibfk_1` FOREIGN KEY (`supplier_id`) REFERENCES `wp_asc_suppliers` (`supplier_id`) ON DELETE CASCADE                                             
			) ENGINE=InnoDB DEFAULT CHARSET=utf8mb4 COLLATE=utf8mb4_unicode_ci; made by activate_plugin, do_action('activate_advanced-store-control-for-woocommerce/advanced-store-control.php'), WP_Hook->do_action, WP_Hook->apply_filters, ASC\Controllers\Controller_Hooks->activate, ASC\Models\Model_Tables->create, ASC\Models\Model_Tables->query, WP_SQLite_DB->query, WP_SQLite_DB->print_error
[11-Apr-2025 13:58:09 UTC] WordPress database error <div style="clear:both">&nbsp;</div>
<div class="queries" style="clear:both;margin-bottom:2px;border:red dotted thin;">
<p>MySQL query:</p>
<p>INSERT INTO `wp_asc_log` (`time`, `error`, `success`, `info`, `supplier_id`) VALUES ('2025-04-11 13:58:09', 'ошибка в запросе: CREATE TABLE IF NOT EXISTS `wp_asc_currencies` (
  				`supplier_id` int(10) UNSIGNED NOT NULL,
  				`name` varchar(3) COLLATE utf8mb4_unicode_ci NOT NULL,
  				`rate` float NOT NULL,
  				UNIQUE KEY `supplier_id` (`supplier_id`,`name`),
  				CONSTRAINT `wp_asc_currencies_ibfk_1` FOREIGN KEY (`supplier_id`) REFERENCES `wp_asc_suppliers` (`supplier_id`) ON DELETE CASCADE                                             
			) ENGINE=InnoDB DEFAULT CHARSET=utf8mb4 COLLATE=utf8mb4_unicode_ci;', '', '', NULL)</p>
<p>Queries made or created this session were:</p>
<ol>
<li>Executing: BEGIN | (no parameters)</li>
<li>Executing: INSERT INTO `wp_asc_log` (`time`, `error`, `success`, `info`, `supplier_id`) VALUES (:param0 , :param1 , :param2 , :param3 , NULL) | parameters: 2025-04-11 13:58:09, ошибка в запросе: CREATE TABLE IF NOT EXISTS `wp_asc_currencies` (
  				`supplier_id` int(10) UNSIGNED NOT NULL,
  				`name` varchar(3) COLLATE utf8mb4_unicode_ci NOT NULL,
  				`rate` float NOT NULL,
  				UNIQUE KEY `supplier_id` (`supplier_id`,`name`),
  				CONSTRAINT `wp_asc_currencies_ibfk_1` FOREIGN KEY (`supplier_id`) REFERENCES `wp_asc_suppliers` (`supplier_id`) ON DELETE CASCADE                                             
			) ENGINE=InnoDB DEFAULT CHARSET=utf8mb4 COLLATE=utf8mb4_unicode_ci;, , </li>
<li>Executing: ROLLBACK | (no parameters)</li>
</ol>
</div>
<div style="clear:both;margin-bottom:2px;border:red dotted thin;" class="error_message" style="border-bottom:dotted blue thin;">
Error occurred at line 4117 in Function <code>handle_error</code>. Error message was: SQLSTATE[HY000]: General error: 1 no such table: wp_asc_log.
</div>
<p>Backtrace:</p>
<pre>#0 /internal/shared/sqlite-database-integration/wp-includes/sqlite/class-wp-sqlite-db.php(287): WP_SQLite_Translator->get_error_message()
#1 /wordpress/wp-content/plugins/advanced-store-control-for-woocommerce/traits/model.php(57): WP_SQLite_DB->query('INSERT INTO `wp...')
#2 /wordpress/wp-content/plugins/advanced-store-control-for-woocommerce/models/log.php(39): ASC\Models\Model_Log->query('INSERT INTO `wp...')
#3 /wordpress/wp-content/plugins/advanced-store-control-for-woocommerce/controllers/log.php(84): ASC\Models\Model_Log->create('2025-04-11 13:5...', 'NULL', Array)
#4 /wordpress/wp-content/plugins/advanced-store-control-for-woocommerce/controllers/log.php(126): ASC\Controllers\Controller_Log->save(Array)
#5 /wordpress/wp-content/plugins/advanced-store-control-for-woocommerce/controllers/log.php(105): ASC\Controllers\Controller_Log->set_error('\xD0\xBE\xD1\x88\xD0\xB8\xD0\xB1\xD0\xBA\xD0\xB0 \xD0\xB2...')
#6 [internal function]: ASC\Controllers\Controller_Log::exception(Object(Exception))
#7 {main}</pre>
 for query INSERT INTO `wp_asc_log` (`time`, `error`, `success`, `info`, `supplier_id`) VALUES ('2025-04-11 13:58:09', 'ошибка в запросе: CREATE TABLE IF NOT EXISTS `wp_asc_currencies` (
  				`supplier_id` int(10) UNSIGNED NOT NULL,
  				`name` varchar(3) COLLATE utf8mb4_unicode_ci NOT NULL,
  				`rate` float NOT NULL,
  				UNIQUE KEY `supplier_id` (`supplier_id`,`name`),
  				CONSTRAINT `wp_asc_currencies_ibfk_1` FOREIGN KEY (`supplier_id`) REFERENCES `wp_asc_suppliers` (`supplier_id`) ON DELETE CASCADE                                             
			) ENGINE=InnoDB DEFAULT CHARSET=utf8mb4 COLLATE=utf8mb4_unicode_ci;', '', '', NULL) made by ASC\Controllers\Controller_Log::exception, ASC\Controllers\Controller_Log->set_error, ASC\Controllers\Controller_Log->save, ASC\Models\Model_Log->create, ASC\Models\Model_Log->query, WP_SQLite_DB->query, WP_SQLite_DB->print_error
[11-Apr-2025 13:58:09 UTC] PHP Fatal error:  Uncaught Exception: ошибка в запросе: INSERT INTO `wp_asc_log` (`time`, `error`, `success`, `info`, `supplier_id`) VALUES ('2025-04-11 13:58:09', 'ошибка в запросе: CREATE TABLE IF NOT EXISTS `wp_asc_currencies` (
  				`supplier_id` int(10) UNSIGNED NOT NULL,
  				`name` varchar(3) COLLATE utf8mb4_unicode_ci NOT NULL,
  				`rate` float NOT NULL,
  				UNIQUE KEY `supplier_id` (`supplier_id`,`name`),
  				CONSTRAINT `wp_asc_currencies_ibfk_1` FOREIGN KEY (`supplier_id`) REFERENCES `wp_asc_suppliers` (`supplier_id`) ON DELETE CASCADE                                             
			) ENGINE=InnoDB DEFAULT CHARSET=utf8mb4 COLLATE=utf8mb4_unicode_ci;', '', '', NULL) in /wordpress/wp-content/plugins/advanced-store-control-for-woocommerce/traits/model.php:63
Stack trace:
#0 /wordpress/wp-content/plugins/advanced-store-control-for-woocommerce/models/log.php(39): ASC\Models\Model_Log->query('INSERT INTO `wp...')
#1 /wordpress/wp-content/plugins/advanced-store-control-for-woocommerce/controllers/log.php(84): ASC\Models\Model_Log->create('2025-04-11 13:5...', 'NULL', Array)
#2 /wordpress/wp-content/plugins/advanced-store-control-for-woocommerce/controllers/log.php(126): ASC\Controllers\Controller_Log->save(Array)
#3 /wordpress/wp-content/plugins/advanced-store-control-for-woocommerce/controllers/log.php(105): ASC\Controllers\Controller_Log->set_error('\xD0\xBE\xD1\x88\xD0\xB8\xD0\xB1\xD0\xBA\xD0\xB0 \xD0\xB2...')
#4 [internal function]: ASC\Controllers\Controller_Log::exception(Object(Exception))
#5 {main}
  thrown in /wordpress/wp-content/plugins/advanced-store-control-for-woocommerce/traits/model.php on line 63
[11-Apr-2025 13:58:17 UTC] WordPress database error <div style="clear:both">&nbsp;</div>
<div class="queries" style="clear:both;margin-bottom:2px;border:red dotted thin;">
<p>MySQL query:</p>
<p>CREATE TABLE IF NOT EXISTS `wp_asc_currencies` (
  				`supplier_id` int(10) UNSIGNED NOT NULL,
  				`name` varchar(3) COLLATE utf8mb4_unicode_ci NOT NULL,
  				`rate` float NOT NULL,
  				UNIQUE KEY `supplier_id` (`supplier_id`,`name`),
  				CONSTRAINT `wp_asc_currencies_ibfk_1` FOREIGN KEY (`supplier_id`) REFERENCES `wp_asc_suppliers` (`supplier_id`) ON DELETE CASCADE                                             
			) ENGINE=InnoDB DEFAULT CHARSET=utf8mb4 COLLATE=utf8mb4_unicode_ci;</p>
<p>Queries made or created this session were:</p>
<ol>
<li>Executing: BEGIN | (no parameters)</li>
<li>Executing: INSERT INTO _mysql_data_types_cache (`table`, `column_or_index`, `mysql_type`)
				VALUES (:table, :column, :datatype)
				ON CONFLICT(`table`, `column_or_index`) DO UPDATE SET `mysql_type` = :datatype
			 | parameters: wp_asc_currencies, supplier_id, int(10) UNSIGNED</li>
<li>Executing: INSERT INTO _mysql_data_types_cache (`table`, `column_or_index`, `mysql_type`)
				VALUES (:table, :column, :datatype)
				ON CONFLICT(`table`, `column_or_index`) DO UPDATE SET `mysql_type` = :datatype
			 | parameters: wp_asc_currencies, name, varchar(3)</li>
<li>Executing: INSERT INTO _mysql_data_types_cache (`table`, `column_or_index`, `mysql_type`)
				VALUES (:table, :column, :datatype)
				ON CONFLICT(`table`, `column_or_index`) DO UPDATE SET `mysql_type` = :datatype
			 | parameters: wp_asc_currencies, rate, float</li>
<li>Executing: CREATE TABLE IF NOT EXISTS &quot;wp_asc_currencies&quot; (
&quot;supplier_id&quot; integer NOT NULL ON CONFLICT REPLACE DEFAULT 0,
&quot;name&quot; text NOT NULL ON CONFLICT REPLACE DEFAULT '' COLLATE NOCASE,
&quot;rate&quot; real NOT NULL ON CONFLICT REPLACE DEFAULT 0) | (no parameters)</li>
<li>Executing: CREATE UNIQUE  INDEX IF NOT EXISTS &quot;wp_asc_currencies__supplier_id&quot; ON &quot;wp_asc_currencies&quot; (&quot;supplier_id&quot;, &quot;name&quot;) | (no parameters)</li>
<li>Executing: INSERT INTO _mysql_data_types_cache (`table`, `column_or_index`, `mysql_type`)
				VALUES (:table, :column, :datatype)
				ON CONFLICT(`table`, `column_or_index`) DO UPDATE SET `mysql_type` = :datatype
			 | parameters: wp_asc_currencies, wp_asc_currencies__supplier_id, UNIQUE</li>
<li>Executing: CREATE  INDEX IF NOT EXISTS &quot;wp_asc_currencies__&quot; ON &quot;wp_asc_currencies&quot; (&quot;&quot;) | (no parameters)</li>
<li>Executing: INSERT INTO _mysql_data_types_cache (`table`, `column_or_index`, `mysql_type`)
				VALUES (:table, :column, :datatype)
				ON CONFLICT(`table`, `column_or_index`) DO UPDATE SET `mysql_type` = :datatype
			 | parameters: wp_asc_currencies, wp_asc_currencies__, </li>
<li>Executing: ROLLBACK | (no parameters)</li>
</ol>
</div>
<div style="clear:both;margin-bottom:2px;border:red dotted thin;" class="error_message" style="border-bottom:dotted blue thin;">
Error occurred at line 4117 in Function <code>handle_error</code>. Error message was: SQLSTATE[23000]: Integrity constraint violation: 19 NOT NULL constraint failed: _mysql_data_types_cache.mysql_type.
</div>
<p>Backtrace:</p>
<pre>#0 /internal/shared/sqlite-database-integration/wp-includes/sqlite/class-wp-sqlite-db.php(287): WP_SQLite_Translator->get_error_message()
#1 /wordpress/wp-content/plugins/advanced-store-control-for-woocommerce/traits/model.php(57): WP_SQLite_DB->query('CREATE TABLE IF...')
#2 /wordpress/wp-content/plugins/advanced-store-control-for-woocommerce/models/tables.php(96): ASC\Models\Model_Tables->query('CREATE TABLE IF...')
#3 /wordpress/wp-content/plugins/advanced-store-control-for-woocommerce/controllers/hooks.php(52): ASC\Models\Model_Tables->create()
#4 /wordpress/wp-includes/class-wp-hook.php(324): ASC\Controllers\Controller_Hooks->activate(false)
#5 /wordpress/wp-includes/class-wp-hook.php(348): WP_Hook->apply_filters('', Array)
#6 /wordpress/wp-includes/plugin.php(517): WP_Hook->do_action(Array)
#7 /wordpress/wp-admin/includes/plugin.php(703): do_action('activate_advanc...', false)
#8 /internal/eval.php(20): activate_plugin('advanced-store-...')
#9 {main}</pre>
 for query CREATE TABLE IF NOT EXISTS `wp_asc_currencies` (
  				`supplier_id` int(10) UNSIGNED NOT NULL,
  				`name` varchar(3) COLLATE utf8mb4_unicode_ci NOT NULL,
  				`rate` float NOT NULL,
  				UNIQUE KEY `supplier_id` (`supplier_id`,`name`),
  				CONSTRAINT `wp_asc_currencies_ibfk_1` FOREIGN KEY (`supplier_id`) REFERENCES `wp_asc_suppliers` (`supplier_id`) ON DELETE CASCADE                                             
			) ENGINE=InnoDB DEFAULT CHARSET=utf8mb4 COLLATE=utf8mb4_unicode_ci; made by activate_plugin, do_action('activate_advanced-store-control-for-woocommerce/advanced-store-control.php'), WP_Hook->do_action, WP_Hook->apply_filters, ASC\Controllers\Controller_Hooks->activate, ASC\Models\Model_Tables->create, ASC\Models\Model_Tables->query, WP_SQLite_DB->query, WP_SQLite_DB->print_error
[11-Apr-2025 13:58:17 UTC] WordPress database error <div style="clear:both">&nbsp;</div>
<div class="queries" style="clear:both;margin-bottom:2px;border:red dotted thin;">
<p>MySQL query:</p>
<p>INSERT INTO `wp_asc_log` (`time`, `error`, `success`, `info`, `supplier_id`) VALUES ('2025-04-11 13:58:17', 'ошибка в запросе: CREATE TABLE IF NOT EXISTS `wp_asc_currencies` (
  				`supplier_id` int(10) UNSIGNED NOT NULL,
  				`name` varchar(3) COLLATE utf8mb4_unicode_ci NOT NULL,
  				`rate` float NOT NULL,
  				UNIQUE KEY `supplier_id` (`supplier_id`,`name`),
  				CONSTRAINT `wp_asc_currencies_ibfk_1` FOREIGN KEY (`supplier_id`) REFERENCES `wp_asc_suppliers` (`supplier_id`) ON DELETE CASCADE                                             
			) ENGINE=InnoDB DEFAULT CHARSET=utf8mb4 COLLATE=utf8mb4_unicode_ci;', '', '', NULL)</p>
<p>Queries made or created this session were:</p>
<ol>
<li>Executing: BEGIN | (no parameters)</li>
<li>Executing: INSERT INTO `wp_asc_log` (`time`, `error`, `success`, `info`, `supplier_id`) VALUES (:param0 , :param1 , :param2 , :param3 , NULL) | parameters: 2025-04-11 13:58:17, ошибка в запросе: CREATE TABLE IF NOT EXISTS `wp_asc_currencies` (
  				`supplier_id` int(10) UNSIGNED NOT NULL,
  				`name` varchar(3) COLLATE utf8mb4_unicode_ci NOT NULL,
  				`rate` float NOT NULL,
  				UNIQUE KEY `supplier_id` (`supplier_id`,`name`),
  				CONSTRAINT `wp_asc_currencies_ibfk_1` FOREIGN KEY (`supplier_id`) REFERENCES `wp_asc_suppliers` (`supplier_id`) ON DELETE CASCADE                                             
			) ENGINE=InnoDB DEFAULT CHARSET=utf8mb4 COLLATE=utf8mb4_unicode_ci;, , </li>
<li>Executing: ROLLBACK | (no parameters)</li>
</ol>
</div>
<div style="clear:both;margin-bottom:2px;border:red dotted thin;" class="error_message" style="border-bottom:dotted blue thin;">
Error occurred at line 4117 in Function <code>handle_error</code>. Error message was: SQLSTATE[HY000]: General error: 1 no such table: wp_asc_log.
</div>
<p>Backtrace:</p>
<pre>#0 /internal/shared/sqlite-database-integration/wp-includes/sqlite/class-wp-sqlite-db.php(287): WP_SQLite_Translator->get_error_message()
#1 /wordpress/wp-content/plugins/advanced-store-control-for-woocommerce/traits/model.php(57): WP_SQLite_DB->query('INSERT INTO `wp...')
#2 /wordpress/wp-content/plugins/advanced-store-control-for-woocommerce/models/log.php(39): ASC\Models\Model_Log->query('INSERT INTO `wp...')
#3 /wordpress/wp-content/plugins/advanced-store-control-for-woocommerce/controllers/log.php(84): ASC\Models\Model_Log->create('2025-04-11 13:5...', 'NULL', Array)
#4 /wordpress/wp-content/plugins/advanced-store-control-for-woocommerce/controllers/log.php(126): ASC\Controllers\Controller_Log->save(Array)
#5 /wordpress/wp-content/plugins/advanced-store-control-for-woocommerce/controllers/log.php(105): ASC\Controllers\Controller_Log->set_error('\xD0\xBE\xD1\x88\xD0\xB8\xD0\xB1\xD0\xBA\xD0\xB0 \xD0\xB2...')
#6 [internal function]: ASC\Controllers\Controller_Log::exception(Object(Exception))
#7 {main}</pre>
 for query INSERT INTO `wp_asc_log` (`time`, `error`, `success`, `info`, `supplier_id`) VALUES ('2025-04-11 13:58:17', 'ошибка в запросе: CREATE TABLE IF NOT EXISTS `wp_asc_currencies` (
  				`supplier_id` int(10) UNSIGNED NOT NULL,
  				`name` varchar(3) COLLATE utf8mb4_unicode_ci NOT NULL,
  				`rate` float NOT NULL,
  				UNIQUE KEY `supplier_id` (`supplier_id`,`name`),
  				CONSTRAINT `wp_asc_currencies_ibfk_1` FOREIGN KEY (`supplier_id`) REFERENCES `wp_asc_suppliers` (`supplier_id`) ON DELETE CASCADE                                             
			) ENGINE=InnoDB DEFAULT CHARSET=utf8mb4 COLLATE=utf8mb4_unicode_ci;', '', '', NULL) made by ASC\Controllers\Controller_Log::exception, ASC\Controllers\Controller_Log->set_error, ASC\Controllers\Controller_Log->save, ASC\Models\Model_Log->create, ASC\Models\Model_Log->query, WP_SQLite_DB->query, WP_SQLite_DB->print_error
[11-Apr-2025 13:58:17 UTC] PHP Fatal error:  Uncaught Exception: ошибка в запросе: INSERT INTO `wp_asc_log` (`time`, `error`, `success`, `info`, `supplier_id`) VALUES ('2025-04-11 13:58:17', 'ошибка в запросе: CREATE TABLE IF NOT EXISTS `wp_asc_currencies` (
  				`supplier_id` int(10) UNSIGNED NOT NULL,
  				`name` varchar(3) COLLATE utf8mb4_unicode_ci NOT NULL,
  				`rate` float NOT NULL,
  				UNIQUE KEY `supplier_id` (`supplier_id`,`name`),
  				CONSTRAINT `wp_asc_currencies_ibfk_1` FOREIGN KEY (`supplier_id`) REFERENCES `wp_asc_suppliers` (`supplier_id`) ON DELETE CASCADE                                             
			) ENGINE=InnoDB DEFAULT CHARSET=utf8mb4 COLLATE=utf8mb4_unicode_ci;', '', '', NULL) in /wordpress/wp-content/plugins/advanced-store-control-for-woocommerce/traits/model.php:63
Stack trace:
#0 /wordpress/wp-content/plugins/advanced-store-control-for-woocommerce/models/log.php(39): ASC\Models\Model_Log->query('INSERT INTO `wp...')
#1 /wordpress/wp-content/plugins/advanced-store-control-for-woocommerce/controllers/log.php(84): ASC\Models\Model_Log->create('2025-04-11 13:5...', 'NULL', Array)
#2 /wordpress/wp-content/plugins/advanced-store-control-for-woocommerce/controllers/log.php(126): ASC\Controllers\Controller_Log->save(Array)
#3 /wordpress/wp-content/plugins/advanced-store-control-for-woocommerce/controllers/log.php(105): ASC\Controllers\Controller_Log->set_error('\xD0\xBE\xD1\x88\xD0\xB8\xD0\xB1\xD0\xBA\xD0\xB0 \xD0\xB2...')
#4 [internal function]: ASC\Controllers\Controller_Log::exception(Object(Exception))
#5 {main}
  thrown in /wordpress/wp-content/plugins/advanced-store-control-for-woocommerce/traits/model.php on line 63

    at Object.onBind (file:///home/runner/work/playground-tester/playground-tester/node_modules/@wp-playground/cli/index.js:237:15)
    at process.processTicksAndRejections (node:internal/process/task_queues:105:5)
    at async V (file:///home/runner/work/playground-tester/playground-tester/node_modules/@wp-playground/cli/index.js:64:10)
    at async ja (file:///home/runner/work/playground-tester/playground-tester/node_modules/@wp-playground/cli/cli.js:8161:12) {
  [cause]: Error: Error when executing the blueprint step #1 ({"step":"installPlugin","pluginData":{"resource":"wordpress.org/plugins","slug":"advanced-store-control-for-woocommerce"},"options":{"activate":true}}) : PHP.run() failed with exit code 255 and the following output: 
      at Object.run (file:///home/runner/work/playground-tester/playground-tester/node_modules/@wp-playground/blueprints/index.js:12449:19)
      at process.processTicksAndRejections (node:internal/process/task_queues:105:5)
      at async ms (file:///home/runner/work/playground-tester/playground-tester/node_modules/@wp-playground/blueprints/index.js:12552:3)
      ... 2 lines matching cause stack trace ...
      at async ja (file:///home/runner/work/playground-tester/playground-tester/node_modules/@wp-playground/cli/cli.js:8161:12) {
    [cause]: PHPExecutionFailureError: PHP.run() failed with exit code 255 and the following output: 
        at PHP.run (file:///home/runner/work/playground-tester/playground-tester/node_modules/@php-wasm/universal/index.js:987:19)
        at process.processTicksAndRejections (node:internal/process/task_queues:105:5)
        at async wr (file:///home/runner/work/playground-tester/playground-tester/node_modules/@wp-playground/blueprints/index.js:33:39)
        at async Object.gt [as installPlugin] (file:///home/runner/work/playground-tester/playground-tester/node_modules/@wp-playground/blueprints/index.js:974:42)
        at async g (file:///home/runner/work/playground-tester/playground-tester/node_modules/@wp-playground/blueprints/index.js:12517:30)
        at async Object.run (file:///home/runner/work/playground-tester/playground-tester/node_modules/@wp-playground/blueprints/index.js:12446:23)
        at async ms (file:///home/runner/work/playground-tester/playground-tester/node_modules/@wp-playground/blueprints/index.js:12552:3)
        at async Object.onBind (file:///home/runner/work/playground-tester/playground-tester/node_modules/@wp-playground/cli/index.js:227:48)
        at async V (file:///home/runner/work/playground-tester/playground-tester/node_modules/@wp-playground/cli/index.js:64:10)
        at async ja (file:///home/runner/work/playground-tester/playground-tester/node_modules/@wp-playground/cli/cli.js:8161:12) {
      response: PHPResponse {
        httpStatusCode: 500,
        headers: {
          'x-powered-by': [ 'PHP/8.0.30-dev' ],
          'content-type': [ 'text/html; charset=UTF-8' ]
        },
        bytes: Uint8Array(0) [],
        exitCode: 255,
        errors: ''
      },
      source: 'request'
    }
  }
}

Node.js v23.11.0
