[
  {
    "message": "file:///home/runner/work/playground-tester/playground-tester/node_modules/@wp-playground/cli/index.js:237\n        throw new Error(y, { cause: u });\n              ^\n",
    "level": "FATAL",
    "type": "PLAYGROUND",
    "test": "ast-sqlite-boot",
    "plugin": "editable-table",
    "details": "file:///home/runner/work/playground-tester/playground-tester/node_modules/@wp-playground/cli/index.js:237\n        throw new Error(y, { cause: u });\n              ^\n",
    "log": "/tmp/tmp.Vl4KrfxlsO"
  },
  {
    "message": "Trying to access array offset on value of type bool in /wordpress/wp-content/plugins/ez-emails/ezemails.php on line 190",
    "level": "WARNING",
    "type": "PHP",
    "test": "ast-sqlite-boot",
    "plugin": "editable-table",
    "details": "[08-May-2025 12:51:03 UTC] PHP Warning:  Trying to access array offset on value of type bool in /wordpress/wp-content/plugins/ez-emails/ezemails.php on line 190",
    "log": "/logs/plugins/e/editable-table/error.json"
  },
  {
    "message": "Function get_settings is <strong>deprecated</strong> since version 2.1.0! Use get_option() instead. in /wordpress/wp-includes/functions.php on line 6121",
    "level": "DEPRECATED",
    "type": "PHP",
    "test": "ast-sqlite-boot",
    "plugin": "editable-table",
    "details": "[08-May-2025 12:51:03 UTC] PHP Deprecated:  Function get_settings is <strong>deprecated</strong> since version 2.1.0! Use get_option() instead. in /wordpress/wp-includes/functions.php on line 6121",
    "log": "/logs/plugins/e/editable-table/error.json"
  },
  {
    "message": "Trying to access array offset on value of type bool in /wordpress/wp-content/plugins/ez-emails/ezemails.php on line 190",
    "level": "WARNING",
    "type": "PHP",
    "test": "ast-sqlite-boot",
    "plugin": "editable-table",
    "details": "[08-May-2025 12:51:13 UTC] PHP Warning:  Trying to access array offset on value of type bool in /wordpress/wp-content/plugins/ez-emails/ezemails.php on line 190",
    "log": "/logs/plugins/e/editable-table/error.json"
  },
  {
    "message": "Function get_settings is <strong>deprecated</strong> since version 2.1.0! Use get_option() instead. in /wordpress/wp-includes/functions.php on line 6121",
    "level": "DEPRECATED",
    "type": "PHP",
    "test": "ast-sqlite-boot",
    "plugin": "editable-table",
    "details": "[08-May-2025 12:51:13 UTC] PHP Deprecated:  Function get_settings is <strong>deprecated</strong> since version 2.1.0! Use get_option() instead. in /wordpress/wp-includes/functions.php on line 6121",
    "log": "/logs/plugins/e/editable-table/error.json"
  },
  {
    "message": "Trying to access array offset on value of type bool in /wordpress/wp-content/plugins/ez-emails/ezemails.php on line 190",
    "level": "WARNING",
    "type": "PHP",
    "test": "ast-sqlite-boot",
    "plugin": "editable-table",
    "details": "[08-May-2025 12:51:23 UTC] PHP Warning:  Trying to access array offset on value of type bool in /wordpress/wp-content/plugins/ez-emails/ezemails.php on line 190",
    "log": "/logs/plugins/e/editable-table/error.json"
  },
  {
    "message": "Function get_settings is <strong>deprecated</strong> since version 2.1.0! Use get_option() instead. in /wordpress/wp-includes/functions.php on line 6121",
    "level": "DEPRECATED",
    "type": "PHP",
    "test": "ast-sqlite-boot",
    "plugin": "editable-table",
    "details": "[08-May-2025 12:51:23 UTC] PHP Deprecated:  Function get_settings is <strong>deprecated</strong> since version 2.1.0! Use get_option() instead. in /wordpress/wp-includes/functions.php on line 6121",
    "log": "/logs/plugins/e/editable-table/error.json"
  },
  {
    "message": "Uncaught Error: Undefined constant \"ver\" in /wordpress/wp-content/plugins/easy-gallery-slider/easy-gallery-slider.php:271",
    "level": "FATAL",
    "type": "PHP",
    "test": "ast-sqlite-boot",
    "plugin": "editable-table",
    "details": "[08-May-2025 12:53:23 UTC] PHP Fatal error:  Uncaught Error: Undefined constant \"ver\" in /wordpress/wp-content/plugins/easy-gallery-slider/easy-gallery-slider.php:271\nStack trace:\n#0 /wordpress/wp-content/plugins/easy-gallery-slider/easy-gallery-slider.php(309): easygalleryslider_defaults(false)\n#1 /wordpress/wp-content/plugins/easy-gallery-slider/easy-gallery-slider.php(234): easygalleryslider_activate()\n#2 /wordpress/wp-includes/class-wp-hook.php(324): easygalleryslider_activator(false)\n#3 /wordpress/wp-includes/class-wp-hook.php(348): WP_Hook->apply_filters('', Array)\n#4 /wordpress/wp-includes/plugin.php(517): WP_Hook->do_action(Array)\n#5 /wordpress/wp-admin/includes/plugin.php(703): do_action('activate_easy-g...', false)\n#6 /internal/eval.php(20): activate_plugin('easy-gallery-sl...')\n#7 {main}\n  thrown in /wordpress/wp-content/plugins/easy-gallery-slider/easy-gallery-slider.php on line 271",
    "log": "/logs/plugins/e/editable-table/error.json"
  },
  {
    "message": "Uncaught Error: Undefined constant \"ver\" in /wordpress/wp-content/plugins/easy-gallery-slider/easy-gallery-slider.php:271",
    "level": "FATAL",
    "type": "PHP",
    "test": "ast-sqlite-boot",
    "plugin": "editable-table",
    "details": "[08-May-2025 12:53:31 UTC] PHP Fatal error:  Uncaught Error: Undefined constant \"ver\" in /wordpress/wp-content/plugins/easy-gallery-slider/easy-gallery-slider.php:271\nStack trace:\n#0 /wordpress/wp-content/plugins/easy-gallery-slider/easy-gallery-slider.php(309): easygalleryslider_defaults(false)\n#1 /wordpress/wp-content/plugins/easy-gallery-slider/easy-gallery-slider.php(234): easygalleryslider_activate()\n#2 /wordpress/wp-includes/class-wp-hook.php(324): easygalleryslider_activator(false)\n#3 /wordpress/wp-includes/class-wp-hook.php(348): WP_Hook->apply_filters('', Array)\n#4 /wordpress/wp-includes/plugin.php(517): WP_Hook->do_action(Array)\n#5 /wordpress/wp-admin/includes/plugin.php(703): do_action('activate_easy-g...', false)\n#6 /internal/eval.php(20): activate_plugin('easy-gallery-sl...')\n#7 {main}\n  thrown in /wordpress/wp-content/plugins/easy-gallery-slider/easy-gallery-slider.php on line 271",
    "log": "/logs/plugins/e/editable-table/error.json"
  },
  {
    "message": "Uncaught Error: Undefined constant \"ver\" in /wordpress/wp-content/plugins/easy-gallery-slider/easy-gallery-slider.php:271",
    "level": "FATAL",
    "type": "PHP",
    "test": "ast-sqlite-boot",
    "plugin": "editable-table",
    "details": "[08-May-2025 12:53:39 UTC] PHP Fatal error:  Uncaught Error: Undefined constant \"ver\" in /wordpress/wp-content/plugins/easy-gallery-slider/easy-gallery-slider.php:271\nStack trace:\n#0 /wordpress/wp-content/plugins/easy-gallery-slider/easy-gallery-slider.php(309): easygalleryslider_defaults(false)\n#1 /wordpress/wp-content/plugins/easy-gallery-slider/easy-gallery-slider.php(234): easygalleryslider_activate()\n#2 /wordpress/wp-includes/class-wp-hook.php(324): easygalleryslider_activator(false)\n#3 /wordpress/wp-includes/class-wp-hook.php(348): WP_Hook->apply_filters('', Array)\n#4 /wordpress/wp-includes/plugin.php(517): WP_Hook->do_action(Array)\n#5 /wordpress/wp-admin/includes/plugin.php(703): do_action('activate_easy-g...', false)\n#6 /internal/eval.php(20): activate_plugin('easy-gallery-sl...')\n#7 {main}\n  thrown in /wordpress/wp-content/plugins/easy-gallery-slider/easy-gallery-slider.php on line 271",
    "log": "/logs/plugins/e/editable-table/error.json"
  },
  {
    "message": "Uncaught TypeError: call_user_func_array(): Argument #1 ($callback) must be a valid callback, non-static method easyLangSwitcher::activate() cannot be called statically in /wordpress/wp-includes/class-wp-hook.php:324",
    "level": "FATAL",
    "type": "PHP",
    "test": "ast-sqlite-boot",
    "plugin": "editable-table",
    "details": "[08-May-2025 12:53:47 UTC] PHP Fatal error:  Uncaught TypeError: call_user_func_array(): Argument #1 ($callback) must be a valid callback, non-static method easyLangSwitcher::activate() cannot be called statically in /wordpress/wp-includes/class-wp-hook.php:324\nStack trace:\n#0 /wordpress/wp-includes/class-wp-hook.php(348): WP_Hook->apply_filters('', Array)\n#1 /wordpress/wp-includes/plugin.php(517): WP_Hook->do_action(Array)\n#2 /wordpress/wp-admin/includes/plugin.php(703): do_action('activate_easy-l...', false)\n#3 /internal/eval.php(20): activate_plugin('easy-language-s...')\n#4 {main}\n  thrown in /wordpress/wp-includes/class-wp-hook.php on line 324",
    "log": "/logs/plugins/e/editable-table/error.json"
  },
  {
    "message": "Uncaught TypeError: call_user_func_array(): Argument #1 ($callback) must be a valid callback, non-static method easyLangSwitcher::activate() cannot be called statically in /wordpress/wp-includes/class-wp-hook.php:324",
    "level": "FATAL",
    "type": "PHP",
    "test": "ast-sqlite-boot",
    "plugin": "editable-table",
    "details": "[08-May-2025 12:53:54 UTC] PHP Fatal error:  Uncaught TypeError: call_user_func_array(): Argument #1 ($callback) must be a valid callback, non-static method easyLangSwitcher::activate() cannot be called statically in /wordpress/wp-includes/class-wp-hook.php:324\nStack trace:\n#0 /wordpress/wp-includes/class-wp-hook.php(348): WP_Hook->apply_filters('', Array)\n#1 /wordpress/wp-includes/plugin.php(517): WP_Hook->do_action(Array)\n#2 /wordpress/wp-admin/includes/plugin.php(703): do_action('activate_easy-l...', false)\n#3 /internal/eval.php(20): activate_plugin('easy-language-s...')\n#4 {main}\n  thrown in /wordpress/wp-includes/class-wp-hook.php on line 324",
    "log": "/logs/plugins/e/editable-table/error.json"
  },
  {
    "message": "Uncaught TypeError: call_user_func_array(): Argument #1 ($callback) must be a valid callback, non-static method easyLangSwitcher::activate() cannot be called statically in /wordpress/wp-includes/class-wp-hook.php:324",
    "level": "FATAL",
    "type": "PHP",
    "test": "ast-sqlite-boot",
    "plugin": "editable-table",
    "details": "[08-May-2025 12:54:02 UTC] PHP Fatal error:  Uncaught TypeError: call_user_func_array(): Argument #1 ($callback) must be a valid callback, non-static method easyLangSwitcher::activate() cannot be called statically in /wordpress/wp-includes/class-wp-hook.php:324\nStack trace:\n#0 /wordpress/wp-includes/class-wp-hook.php(348): WP_Hook->apply_filters('', Array)\n#1 /wordpress/wp-includes/plugin.php(517): WP_Hook->do_action(Array)\n#2 /wordpress/wp-admin/includes/plugin.php(703): do_action('activate_easy-l...', false)\n#3 /internal/eval.php(20): activate_plugin('easy-language-s...')\n#4 {main}\n  thrown in /wordpress/wp-includes/class-wp-hook.php on line 324",
    "log": "/logs/plugins/e/editable-table/error.json"
  },
  {
    "message": "Uncaught ArgumentCountError: Too few arguments to function WP_Widget::__construct(), 0 passed in /wordpress/wp-includes/class-wp-widget-factory.php on line 62 and at least 2 expected in /wordpress/wp-includes/class-wp-widget.php:163",
    "level": "FATAL",
    "type": "PHP",
    "test": "ast-sqlite-boot",
    "plugin": "editable-table",
    "details": "[08-May-2025 12:54:12 UTC] PHP Fatal error:  Uncaught ArgumentCountError: Too few arguments to function WP_Widget::__construct(), 0 passed in /wordpress/wp-includes/class-wp-widget-factory.php on line 62 and at least 2 expected in /wordpress/wp-includes/class-wp-widget.php:163\nStack trace:\n#0 /wordpress/wp-includes/class-wp-widget-factory.php(62): WP_Widget->__construct()\n#1 /wordpress/wp-includes/widgets.php(123): WP_Widget_Factory->register('thissimyurl_Eas...')\n#2 /wordpress/wp-content/plugins/easy-similar-posts/easy-similar-posts.php(242): register_widget('thissimyurl_Eas...')\n#3 /wordpress/wp-includes/class-wp-hook.php(324): thissimyurl_EasySimilarPosts->widget_init('')\n#4 /wordpress/wp-includes/class-wp-hook.php(348): WP_Hook->apply_filters(NULL, Array)\n#5 /wordpress/wp-includes/plugin.php(517): WP_Hook->do_action(Array)\n#6 /wordpress/wp-includes/widgets.php(1870): do_action('widgets_init')\n#7 /wordpress/wp-includes/class-wp-hook.php(324): wp_widgets_init('')\n#8 /wordpress/wp-includes/class-wp-hook.php(348): WP_Hook->apply_filters(NULL, Array)\n#9 /wordpress/wp-includes/plugin.php(517): WP_Hook->do_action(Array)\n#10 /wordpress/wp-settings.php(727): do_action('init')\n#11 /wordpress/wp-config.php(102): require_once('/wordpress/wp-s...')\n#12 /wordpress/wp-load.php(50): require_once('/wordpress/wp-c...')\n#13 /internal/eval.php(3): require_once('/wordpress/wp-l...')\n#14 {main}\n  thrown in /wordpress/wp-includes/class-wp-widget.php on line 163",
    "log": "/logs/plugins/e/editable-table/error.json"
  },
  {
    "message": "Uncaught ArgumentCountError: Too few arguments to function WP_Widget::__construct(), 0 passed in /wordpress/wp-includes/class-wp-widget-factory.php on line 62 and at least 2 expected in /wordpress/wp-includes/class-wp-widget.php:163",
    "level": "FATAL",
    "type": "PHP",
    "test": "ast-sqlite-boot",
    "plugin": "editable-table",
    "details": "[08-May-2025 12:54:21 UTC] PHP Fatal error:  Uncaught ArgumentCountError: Too few arguments to function WP_Widget::__construct(), 0 passed in /wordpress/wp-includes/class-wp-widget-factory.php on line 62 and at least 2 expected in /wordpress/wp-includes/class-wp-widget.php:163\nStack trace:\n#0 /wordpress/wp-includes/class-wp-widget-factory.php(62): WP_Widget->__construct()\n#1 /wordpress/wp-includes/widgets.php(123): WP_Widget_Factory->register('thissimyurl_Eas...')\n#2 /wordpress/wp-content/plugins/easy-similar-posts/easy-similar-posts.php(242): register_widget('thissimyurl_Eas...')\n#3 /wordpress/wp-includes/class-wp-hook.php(324): thissimyurl_EasySimilarPosts->widget_init('')\n#4 /wordpress/wp-includes/class-wp-hook.php(348): WP_Hook->apply_filters(NULL, Array)\n#5 /wordpress/wp-includes/plugin.php(517): WP_Hook->do_action(Array)\n#6 /wordpress/wp-includes/widgets.php(1870): do_action('widgets_init')\n#7 /wordpress/wp-includes/class-wp-hook.php(324): wp_widgets_init('')\n#8 /wordpress/wp-includes/class-wp-hook.php(348): WP_Hook->apply_filters(NULL, Array)\n#9 /wordpress/wp-includes/plugin.php(517): WP_Hook->do_action(Array)\n#10 /wordpress/wp-settings.php(727): do_action('init')\n#11 /wordpress/wp-config.php(102): require_once('/wordpress/wp-s...')\n#12 /wordpress/wp-load.php(50): require_once('/wordpress/wp-c...')\n#13 /internal/eval.php(3): require_once('/wordpress/wp-l...')\n#14 {main}\n  thrown in /wordpress/wp-includes/class-wp-widget.php on line 163",
    "log": "/logs/plugins/e/editable-table/error.json"
  },
  {
    "message": "Uncaught ArgumentCountError: Too few arguments to function WP_Widget::__construct(), 0 passed in /wordpress/wp-includes/class-wp-widget-factory.php on line 62 and at least 2 expected in /wordpress/wp-includes/class-wp-widget.php:163",
    "level": "FATAL",
    "type": "PHP",
    "test": "ast-sqlite-boot",
    "plugin": "editable-table",
    "details": "[08-May-2025 12:54:30 UTC] PHP Fatal error:  Uncaught ArgumentCountError: Too few arguments to function WP_Widget::__construct(), 0 passed in /wordpress/wp-includes/class-wp-widget-factory.php on line 62 and at least 2 expected in /wordpress/wp-includes/class-wp-widget.php:163\nStack trace:\n#0 /wordpress/wp-includes/class-wp-widget-factory.php(62): WP_Widget->__construct()\n#1 /wordpress/wp-includes/widgets.php(123): WP_Widget_Factory->register('thissimyurl_Eas...')\n#2 /wordpress/wp-content/plugins/easy-similar-posts/easy-similar-posts.php(242): register_widget('thissimyurl_Eas...')\n#3 /wordpress/wp-includes/class-wp-hook.php(324): thissimyurl_EasySimilarPosts->widget_init('')\n#4 /wordpress/wp-includes/class-wp-hook.php(348): WP_Hook->apply_filters(NULL, Array)\n#5 /wordpress/wp-includes/plugin.php(517): WP_Hook->do_action(Array)\n#6 /wordpress/wp-includes/widgets.php(1870): do_action('widgets_init')\n#7 /wordpress/wp-includes/class-wp-hook.php(324): wp_widgets_init('')\n#8 /wordpress/wp-includes/class-wp-hook.php(348): WP_Hook->apply_filters(NULL, Array)\n#9 /wordpress/wp-includes/plugin.php(517): WP_Hook->do_action(Array)\n#10 /wordpress/wp-settings.php(727): do_action('init')\n#11 /wordpress/wp-config.php(102): require_once('/wordpress/wp-s...')\n#12 /wordpress/wp-load.php(50): require_once('/wordpress/wp-c...')\n#13 /internal/eval.php(3): require_once('/wordpress/wp-l...')\n#14 {main}\n  thrown in /wordpress/wp-includes/class-wp-widget.php on line 163",
    "log": "/logs/plugins/e/editable-table/error.json"
  },
  {
    "message": "Uncaught Error: Call to undefined function create_function() in /wordpress/wp-content/plugins/enl-newsletter/enl_newsletter.php:155",
    "level": "FATAL",
    "type": "PHP",
    "test": "ast-sqlite-boot",
    "plugin": "editable-table",
    "details": "[08-May-2025 12:58:14 UTC] PHP Fatal error:  Uncaught Error: Call to undefined function create_function() in /wordpress/wp-content/plugins/enl-newsletter/enl_newsletter.php:155\nStack trace:\n#0 /wordpress/wp-includes/class-wp-hook.php(324): enl_newsletter_setup('')\n#1 /wordpress/wp-includes/class-wp-hook.php(348): WP_Hook->apply_filters(NULL, Array)\n#2 /wordpress/wp-includes/plugin.php(517): WP_Hook->do_action(Array)\n#3 /wordpress/wp-settings.php(578): do_action('plugins_loaded')\n#4 /wordpress/wp-config.php(102): require_once('/wordpress/wp-s...')\n#5 /wordpress/wp-load.php(50): require_once('/wordpress/wp-c...')\n#6 /internal/eval.php(3): require_once('/wordpress/wp-l...')\n#7 {main}\n  thrown in /wordpress/wp-content/plugins/enl-newsletter/enl_newsletter.php on line 155",
    "log": "/logs/plugins/e/editable-table/error.json"
  },
  {
    "message": "Uncaught Error: Call to undefined function create_function() in /wordpress/wp-content/plugins/enl-newsletter/enl_newsletter.php:155",
    "level": "FATAL",
    "type": "PHP",
    "test": "ast-sqlite-boot",
    "plugin": "editable-table",
    "details": "[08-May-2025 12:58:23 UTC] PHP Fatal error:  Uncaught Error: Call to undefined function create_function() in /wordpress/wp-content/plugins/enl-newsletter/enl_newsletter.php:155\nStack trace:\n#0 /wordpress/wp-includes/class-wp-hook.php(324): enl_newsletter_setup('')\n#1 /wordpress/wp-includes/class-wp-hook.php(348): WP_Hook->apply_filters(NULL, Array)\n#2 /wordpress/wp-includes/plugin.php(517): WP_Hook->do_action(Array)\n#3 /wordpress/wp-settings.php(578): do_action('plugins_loaded')\n#4 /wordpress/wp-config.php(102): require_once('/wordpress/wp-s...')\n#5 /wordpress/wp-load.php(50): require_once('/wordpress/wp-c...')\n#6 /internal/eval.php(3): require_once('/wordpress/wp-l...')\n#7 {main}\n  thrown in /wordpress/wp-content/plugins/enl-newsletter/enl_newsletter.php on line 155",
    "log": "/logs/plugins/e/editable-table/error.json"
  },
  {
    "message": "Uncaught Error: Call to undefined function create_function() in /wordpress/wp-content/plugins/enl-newsletter/enl_newsletter.php:155",
    "level": "FATAL",
    "type": "PHP",
    "test": "ast-sqlite-boot",
    "plugin": "editable-table",
    "details": "[08-May-2025 12:58:31 UTC] PHP Fatal error:  Uncaught Error: Call to undefined function create_function() in /wordpress/wp-content/plugins/enl-newsletter/enl_newsletter.php:155\nStack trace:\n#0 /wordpress/wp-includes/class-wp-hook.php(324): enl_newsletter_setup('')\n#1 /wordpress/wp-includes/class-wp-hook.php(348): WP_Hook->apply_filters(NULL, Array)\n#2 /wordpress/wp-includes/plugin.php(517): WP_Hook->do_action(Array)\n#3 /wordpress/wp-settings.php(578): do_action('plugins_loaded')\n#4 /wordpress/wp-config.php(102): require_once('/wordpress/wp-s...')\n#5 /wordpress/wp-load.php(50): require_once('/wordpress/wp-c...')\n#6 /internal/eval.php(3): require_once('/wordpress/wp-l...')\n#7 {main}\n  thrown in /wordpress/wp-content/plugins/enl-newsletter/enl_newsletter.php on line 155",
    "log": "/logs/plugins/e/editable-table/error.json"
  },
  {
    "message": "Uncaught TypeError: call_user_func_array(): Argument #1 ($callback) must be a valid callback, non-static method enviteActivated::plugin_activate() cannot be called statically in /wordpress/wp-includes/class-wp-hook.php:324",
    "level": "FATAL",
    "type": "PHP",
    "test": "ast-sqlite-boot",
    "plugin": "editable-table",
    "details": "[08-May-2025 12:59:07 UTC] PHP Fatal error:  Uncaught TypeError: call_user_func_array(): Argument #1 ($callback) must be a valid callback, non-static method enviteActivated::plugin_activate() cannot be called statically in /wordpress/wp-includes/class-wp-hook.php:324\nStack trace:\n#0 /wordpress/wp-includes/class-wp-hook.php(348): WP_Hook->apply_filters('', Array)\n#1 /wordpress/wp-includes/plugin.php(517): WP_Hook->do_action(Array)\n#2 /wordpress/wp-admin/includes/plugin.php(703): do_action('activate_envite...', false)\n#3 /internal/eval.php(20): activate_plugin('envite/envite-i...')\n#4 {main}\n  thrown in /wordpress/wp-includes/class-wp-hook.php on line 324",
    "log": "/logs/plugins/e/editable-table/error.json"
  },
  {
    "message": "Uncaught TypeError: call_user_func_array(): Argument #1 ($callback) must be a valid callback, non-static method enviteActivated::plugin_activate() cannot be called statically in /wordpress/wp-includes/class-wp-hook.php:324",
    "level": "FATAL",
    "type": "PHP",
    "test": "ast-sqlite-boot",
    "plugin": "editable-table",
    "details": "[08-May-2025 12:59:15 UTC] PHP Fatal error:  Uncaught TypeError: call_user_func_array(): Argument #1 ($callback) must be a valid callback, non-static method enviteActivated::plugin_activate() cannot be called statically in /wordpress/wp-includes/class-wp-hook.php:324\nStack trace:\n#0 /wordpress/wp-includes/class-wp-hook.php(348): WP_Hook->apply_filters('', Array)\n#1 /wordpress/wp-includes/plugin.php(517): WP_Hook->do_action(Array)\n#2 /wordpress/wp-admin/includes/plugin.php(703): do_action('activate_envite...', false)\n#3 /internal/eval.php(20): activate_plugin('envite/envite-i...')\n#4 {main}\n  thrown in /wordpress/wp-includes/class-wp-hook.php on line 324",
    "log": "/logs/plugins/e/editable-table/error.json"
  },
  {
    "message": "Uncaught TypeError: call_user_func_array(): Argument #1 ($callback) must be a valid callback, non-static method enviteActivated::plugin_activate() cannot be called statically in /wordpress/wp-includes/class-wp-hook.php:324",
    "level": "FATAL",
    "type": "PHP",
    "test": "ast-sqlite-boot",
    "plugin": "editable-table",
    "details": "[08-May-2025 12:59:23 UTC] PHP Fatal error:  Uncaught TypeError: call_user_func_array(): Argument #1 ($callback) must be a valid callback, non-static method enviteActivated::plugin_activate() cannot be called statically in /wordpress/wp-includes/class-wp-hook.php:324\nStack trace:\n#0 /wordpress/wp-includes/class-wp-hook.php(348): WP_Hook->apply_filters('', Array)\n#1 /wordpress/wp-includes/plugin.php(517): WP_Hook->do_action(Array)\n#2 /wordpress/wp-admin/includes/plugin.php(703): do_action('activate_envite...', false)\n#3 /internal/eval.php(20): activate_plugin('envite/envite-i...')\n#4 {main}\n  thrown in /wordpress/wp-includes/class-wp-hook.php on line 324",
    "log": "/logs/plugins/e/editable-table/error.json"
  },
  {
    "message": "Function _load_textdomain_just_in_time was called <strong>incorrectly</strong>. Translation loading for the <code>ep4-more-embeds</code> domain was triggered too early. This is usually an indicator for some code in the plugin or theme running too early. Translations should be loaded at the <code>init</code> action or later. Please see <a href=\"https://developer.wordpress.org/advanced-administration/debug/debug-wordpress/\">Debugging in WordPress</a> for more information. (This message was added in version 6.7.0.) in /wordpress/wp-includes/functions.php on line 6121",
    "level": "NOTICE",
    "type": "PHP",
    "test": "ast-sqlite-boot",
    "plugin": "editable-table",
    "details": "[08-May-2025 12:59:33 UTC] PHP Notice:  Function _load_textdomain_just_in_time was called <strong>incorrectly</strong>. Translation loading for the <code>ep4-more-embeds</code> domain was triggered too early. This is usually an indicator for some code in the plugin or theme running too early. Translations should be loaded at the <code>init</code> action or later. Please see <a href=\"https://developer.wordpress.org/advanced-administration/debug/debug-wordpress/\">Debugging in WordPress</a> for more information. (This message was added in version 6.7.0.) in /wordpress/wp-includes/functions.php on line 6121",
    "log": "/logs/plugins/e/editable-table/error.json"
  },
  {
    "message": "Function _load_textdomain_just_in_time was called <strong>incorrectly</strong>. Translation loading for the <code>ep4-more-embeds</code> domain was triggered too early. This is usually an indicator for some code in the plugin or theme running too early. Translations should be loaded at the <code>init</code> action or later. Please see <a href=\"https://developer.wordpress.org/advanced-administration/debug/debug-wordpress/\">Debugging in WordPress</a> for more information. (This message was added in version 6.7.0.) in /wordpress/wp-includes/functions.php on line 6121",
    "level": "NOTICE",
    "type": "PHP",
    "test": "ast-sqlite-boot",
    "plugin": "editable-table",
    "details": "[08-May-2025 12:59:42 UTC] PHP Notice:  Function _load_textdomain_just_in_time was called <strong>incorrectly</strong>. Translation loading for the <code>ep4-more-embeds</code> domain was triggered too early. This is usually an indicator for some code in the plugin or theme running too early. Translations should be loaded at the <code>init</code> action or later. Please see <a href=\"https://developer.wordpress.org/advanced-administration/debug/debug-wordpress/\">Debugging in WordPress</a> for more information. (This message was added in version 6.7.0.) in /wordpress/wp-includes/functions.php on line 6121",
    "log": "/logs/plugins/e/editable-table/error.json"
  },
  {
    "message": "Function _load_textdomain_just_in_time was called <strong>incorrectly</strong>. Translation loading for the <code>ep4-more-embeds</code> domain was triggered too early. This is usually an indicator for some code in the plugin or theme running too early. Translations should be loaded at the <code>init</code> action or later. Please see <a href=\"https://developer.wordpress.org/advanced-administration/debug/debug-wordpress/\">Debugging in WordPress</a> for more information. (This message was added in version 6.7.0.) in /wordpress/wp-includes/functions.php on line 6121",
    "level": "NOTICE",
    "type": "PHP",
    "test": "ast-sqlite-boot",
    "plugin": "editable-table",
    "details": "[08-May-2025 12:59:51 UTC] PHP Notice:  Function _load_textdomain_just_in_time was called <strong>incorrectly</strong>. Translation loading for the <code>ep4-more-embeds</code> domain was triggered too early. This is usually an indicator for some code in the plugin or theme running too early. Translations should be loaded at the <code>init</code> action or later. Please see <a href=\"https://developer.wordpress.org/advanced-administration/debug/debug-wordpress/\">Debugging in WordPress</a> for more information. (This message was added in version 6.7.0.) in /wordpress/wp-includes/functions.php on line 6121",
    "log": "/logs/plugins/e/editable-table/error.json"
  },
  {
    "message": "Uncaught PDOException: SQLSTATE[HY000] [2002] Address family not supported by protocol in /wordpress/wp-content/plugins/editable-table/edtb.php:32",
    "level": "FATAL",
    "type": "PHP",
    "test": "ast-sqlite-boot",
    "plugin": "editable-table",
    "details": "[08-May-2025 13:00:01 UTC] PHP Fatal error:  Uncaught PDOException: SQLSTATE[HY000] [2002] Address family not supported by protocol in /wordpress/wp-content/plugins/editable-table/edtb.php:32\nStack trace:\n#0 /wordpress/wp-content/plugins/editable-table/edtb.php(32): PDO->__construct('mysql:host=loca...', 'username_here', 'password_here')\n#1 /wordpress/wp-content/plugins/editable-table/edtb.php(382): edtb->__construct()\n#2 /wordpress/wp-admin/includes/plugin.php(2387): include_once('/wordpress/wp-c...')\n#3 /wordpress/wp-admin/includes/plugin.php(673): plugin_sandbox_scrape('editable-table/...')\n#4 /internal/eval.php(20): activate_plugin('editable-table/...')\n#5 {main}\n  thrown in /wordpress/wp-content/plugins/editable-table/edtb.php on line 32\n\n    at Object.onBind (file:///home/runner/work/playground-tester/playground-tester/node_modules/@wp-playground/cli/index.js:237:15)\n    at process.processTicksAndRejections (node:internal/process/task_queues:105:5)\n    at async V (file:///home/runner/work/playground-tester/playground-tester/node_modules/@wp-playground/cli/index.js:64:10)\n    at async ja (file:///home/runner/work/playground-tester/playground-tester/node_modules/@wp-playground/cli/cli.js:8161:12) {\n  [cause]: Error: Error when executing the blueprint step #5 ({\"step\":\"installPlugin\",\"pluginData\":{\"resource\":\"wordpress.org/plugins\",\"slug\":\"editable-table\"},\"options\":{\"activate\":true}}) : PHP.run() failed with exit code 255 and the following output: \n      at Object.run (file:///home/runner/work/playground-tester/playground-tester/node_modules/@wp-playground/blueprints/index.js:12449:19)\n      at process.processTicksAndRejections (node:internal/process/task_queues:105:5)\n      at async ms (file:///home/runner/work/playground-tester/playground-tester/node_modules/@wp-playground/blueprints/index.js:12552:3)\n      ... 2 lines matching cause stack trace ...\n      at async ja (file:///home/runner/work/playground-tester/playground-tester/node_modules/@wp-playground/cli/cli.js:8161:12) {\n    [cause]: PHPExecutionFailureError: PHP.run() failed with exit code 255 and the following output: \n        at PHP.run (file:///home/runner/work/playground-tester/playground-tester/node_modules/@php-wasm/universal/index.js:987:19)\n        at process.processTicksAndRejections (node:internal/process/task_queues:105:5)\n        at async wr (file:///home/runner/work/playground-tester/playground-tester/node_modules/@wp-playground/blueprints/index.js:33:39)\n        at async Object.gt [as installPlugin] (file:///home/runner/work/playground-tester/playground-tester/node_modules/@wp-playground/blueprints/index.js:974:42)\n        at async g (file:///home/runner/work/playground-tester/playground-tester/node_modules/@wp-playground/blueprints/index.js:12517:30)\n        at async Object.run (file:///home/runner/work/playground-tester/playground-tester/node_modules/@wp-playground/blueprints/index.js:12446:23)\n        at async ms (file:///home/runner/work/playground-tester/playground-tester/node_modules/@wp-playground/blueprints/index.js:12552:3)\n        at async Object.onBind (file:///home/runner/work/playground-tester/playground-tester/node_modules/@wp-playground/cli/index.js:227:48)\n        at async V (file:///home/runner/work/playground-tester/playground-tester/node_modules/@wp-playground/cli/index.js:64:10)\n        at async ja (file:///home/runner/work/playground-tester/playground-tester/node_modules/@wp-playground/cli/cli.js:8161:12) {\n      response: PHPResponse {\n        httpStatusCode: 500,\n        headers: {\n          'x-powered-by': [ 'PHP/8.0.30-dev' ],\n          'content-type': [ 'text/html; charset=UTF-8' ]\n        },\n        bytes: Uint8Array(0) [],\n        exitCode: 255,\n        errors: ''\n      },\n      source: 'request'\n    }\n  }\n}\n\n",
    "log": "/logs/plugins/e/editable-table/error.json"
  },
  {
    "message": "file:///home/runner/work/playground-tester/playground-tester/node_modules/@wp-playground/cli/index.js:237\n        throw new Error(y, { cause: u });\n              ^\n",
    "level": "FATAL",
    "type": "PLAYGROUND",
    "test": "asyncify-boot",
    "plugin": "editable-table",
    "details": "file:///home/runner/work/playground-tester/playground-tester/node_modules/@wp-playground/cli/index.js:237\n        throw new Error(y, { cause: u });\n              ^\n",
    "log": "/tmp/tmp.j5OX4Q3MWK"
  },
  {
    "message": "Trying to access array offset on value of type bool in /wordpress/wp-content/plugins/ez-emails/ezemails.php on line 190",
    "level": "WARNING",
    "type": "PHP",
    "test": "asyncify-boot",
    "plugin": "editable-table",
    "details": "[08-May-2025 12:51:03 UTC] PHP Warning:  Trying to access array offset on value of type bool in /wordpress/wp-content/plugins/ez-emails/ezemails.php on line 190",
    "log": "/logs/plugins/e/editable-table/error.json"
  },
  {
    "message": "Function get_settings is <strong>deprecated</strong> since version 2.1.0! Use get_option() instead. in /wordpress/wp-includes/functions.php on line 6121",
    "level": "DEPRECATED",
    "type": "PHP",
    "test": "asyncify-boot",
    "plugin": "editable-table",
    "details": "[08-May-2025 12:51:03 UTC] PHP Deprecated:  Function get_settings is <strong>deprecated</strong> since version 2.1.0! Use get_option() instead. in /wordpress/wp-includes/functions.php on line 6121",
    "log": "/logs/plugins/e/editable-table/error.json"
  },
  {
    "message": "Trying to access array offset on value of type bool in /wordpress/wp-content/plugins/ez-emails/ezemails.php on line 190",
    "level": "WARNING",
    "type": "PHP",
    "test": "asyncify-boot",
    "plugin": "editable-table",
    "details": "[08-May-2025 12:51:13 UTC] PHP Warning:  Trying to access array offset on value of type bool in /wordpress/wp-content/plugins/ez-emails/ezemails.php on line 190",
    "log": "/logs/plugins/e/editable-table/error.json"
  },
  {
    "message": "Function get_settings is <strong>deprecated</strong> since version 2.1.0! Use get_option() instead. in /wordpress/wp-includes/functions.php on line 6121",
    "level": "DEPRECATED",
    "type": "PHP",
    "test": "asyncify-boot",
    "plugin": "editable-table",
    "details": "[08-May-2025 12:51:13 UTC] PHP Deprecated:  Function get_settings is <strong>deprecated</strong> since version 2.1.0! Use get_option() instead. in /wordpress/wp-includes/functions.php on line 6121",
    "log": "/logs/plugins/e/editable-table/error.json"
  },
  {
    "message": "Trying to access array offset on value of type bool in /wordpress/wp-content/plugins/ez-emails/ezemails.php on line 190",
    "level": "WARNING",
    "type": "PHP",
    "test": "asyncify-boot",
    "plugin": "editable-table",
    "details": "[08-May-2025 12:51:23 UTC] PHP Warning:  Trying to access array offset on value of type bool in /wordpress/wp-content/plugins/ez-emails/ezemails.php on line 190",
    "log": "/logs/plugins/e/editable-table/error.json"
  },
  {
    "message": "Function get_settings is <strong>deprecated</strong> since version 2.1.0! Use get_option() instead. in /wordpress/wp-includes/functions.php on line 6121",
    "level": "DEPRECATED",
    "type": "PHP",
    "test": "asyncify-boot",
    "plugin": "editable-table",
    "details": "[08-May-2025 12:51:23 UTC] PHP Deprecated:  Function get_settings is <strong>deprecated</strong> since version 2.1.0! Use get_option() instead. in /wordpress/wp-includes/functions.php on line 6121",
    "log": "/logs/plugins/e/editable-table/error.json"
  },
  {
    "message": "Uncaught Error: Undefined constant \"ver\" in /wordpress/wp-content/plugins/easy-gallery-slider/easy-gallery-slider.php:271",
    "level": "FATAL",
    "type": "PHP",
    "test": "asyncify-boot",
    "plugin": "editable-table",
    "details": "[08-May-2025 12:53:23 UTC] PHP Fatal error:  Uncaught Error: Undefined constant \"ver\" in /wordpress/wp-content/plugins/easy-gallery-slider/easy-gallery-slider.php:271\nStack trace:\n#0 /wordpress/wp-content/plugins/easy-gallery-slider/easy-gallery-slider.php(309): easygalleryslider_defaults(false)\n#1 /wordpress/wp-content/plugins/easy-gallery-slider/easy-gallery-slider.php(234): easygalleryslider_activate()\n#2 /wordpress/wp-includes/class-wp-hook.php(324): easygalleryslider_activator(false)\n#3 /wordpress/wp-includes/class-wp-hook.php(348): WP_Hook->apply_filters('', Array)\n#4 /wordpress/wp-includes/plugin.php(517): WP_Hook->do_action(Array)\n#5 /wordpress/wp-admin/includes/plugin.php(703): do_action('activate_easy-g...', false)\n#6 /internal/eval.php(20): activate_plugin('easy-gallery-sl...')\n#7 {main}\n  thrown in /wordpress/wp-content/plugins/easy-gallery-slider/easy-gallery-slider.php on line 271",
    "log": "/logs/plugins/e/editable-table/error.json"
  },
  {
    "message": "Uncaught Error: Undefined constant \"ver\" in /wordpress/wp-content/plugins/easy-gallery-slider/easy-gallery-slider.php:271",
    "level": "FATAL",
    "type": "PHP",
    "test": "asyncify-boot",
    "plugin": "editable-table",
    "details": "[08-May-2025 12:53:31 UTC] PHP Fatal error:  Uncaught Error: Undefined constant \"ver\" in /wordpress/wp-content/plugins/easy-gallery-slider/easy-gallery-slider.php:271\nStack trace:\n#0 /wordpress/wp-content/plugins/easy-gallery-slider/easy-gallery-slider.php(309): easygalleryslider_defaults(false)\n#1 /wordpress/wp-content/plugins/easy-gallery-slider/easy-gallery-slider.php(234): easygalleryslider_activate()\n#2 /wordpress/wp-includes/class-wp-hook.php(324): easygalleryslider_activator(false)\n#3 /wordpress/wp-includes/class-wp-hook.php(348): WP_Hook->apply_filters('', Array)\n#4 /wordpress/wp-includes/plugin.php(517): WP_Hook->do_action(Array)\n#5 /wordpress/wp-admin/includes/plugin.php(703): do_action('activate_easy-g...', false)\n#6 /internal/eval.php(20): activate_plugin('easy-gallery-sl...')\n#7 {main}\n  thrown in /wordpress/wp-content/plugins/easy-gallery-slider/easy-gallery-slider.php on line 271",
    "log": "/logs/plugins/e/editable-table/error.json"
  },
  {
    "message": "Uncaught Error: Undefined constant \"ver\" in /wordpress/wp-content/plugins/easy-gallery-slider/easy-gallery-slider.php:271",
    "level": "FATAL",
    "type": "PHP",
    "test": "asyncify-boot",
    "plugin": "editable-table",
    "details": "[08-May-2025 12:53:39 UTC] PHP Fatal error:  Uncaught Error: Undefined constant \"ver\" in /wordpress/wp-content/plugins/easy-gallery-slider/easy-gallery-slider.php:271\nStack trace:\n#0 /wordpress/wp-content/plugins/easy-gallery-slider/easy-gallery-slider.php(309): easygalleryslider_defaults(false)\n#1 /wordpress/wp-content/plugins/easy-gallery-slider/easy-gallery-slider.php(234): easygalleryslider_activate()\n#2 /wordpress/wp-includes/class-wp-hook.php(324): easygalleryslider_activator(false)\n#3 /wordpress/wp-includes/class-wp-hook.php(348): WP_Hook->apply_filters('', Array)\n#4 /wordpress/wp-includes/plugin.php(517): WP_Hook->do_action(Array)\n#5 /wordpress/wp-admin/includes/plugin.php(703): do_action('activate_easy-g...', false)\n#6 /internal/eval.php(20): activate_plugin('easy-gallery-sl...')\n#7 {main}\n  thrown in /wordpress/wp-content/plugins/easy-gallery-slider/easy-gallery-slider.php on line 271",
    "log": "/logs/plugins/e/editable-table/error.json"
  },
  {
    "message": "Uncaught TypeError: call_user_func_array(): Argument #1 ($callback) must be a valid callback, non-static method easyLangSwitcher::activate() cannot be called statically in /wordpress/wp-includes/class-wp-hook.php:324",
    "level": "FATAL",
    "type": "PHP",
    "test": "asyncify-boot",
    "plugin": "editable-table",
    "details": "[08-May-2025 12:53:47 UTC] PHP Fatal error:  Uncaught TypeError: call_user_func_array(): Argument #1 ($callback) must be a valid callback, non-static method easyLangSwitcher::activate() cannot be called statically in /wordpress/wp-includes/class-wp-hook.php:324\nStack trace:\n#0 /wordpress/wp-includes/class-wp-hook.php(348): WP_Hook->apply_filters('', Array)\n#1 /wordpress/wp-includes/plugin.php(517): WP_Hook->do_action(Array)\n#2 /wordpress/wp-admin/includes/plugin.php(703): do_action('activate_easy-l...', false)\n#3 /internal/eval.php(20): activate_plugin('easy-language-s...')\n#4 {main}\n  thrown in /wordpress/wp-includes/class-wp-hook.php on line 324",
    "log": "/logs/plugins/e/editable-table/error.json"
  },
  {
    "message": "Uncaught TypeError: call_user_func_array(): Argument #1 ($callback) must be a valid callback, non-static method easyLangSwitcher::activate() cannot be called statically in /wordpress/wp-includes/class-wp-hook.php:324",
    "level": "FATAL",
    "type": "PHP",
    "test": "asyncify-boot",
    "plugin": "editable-table",
    "details": "[08-May-2025 12:53:54 UTC] PHP Fatal error:  Uncaught TypeError: call_user_func_array(): Argument #1 ($callback) must be a valid callback, non-static method easyLangSwitcher::activate() cannot be called statically in /wordpress/wp-includes/class-wp-hook.php:324\nStack trace:\n#0 /wordpress/wp-includes/class-wp-hook.php(348): WP_Hook->apply_filters('', Array)\n#1 /wordpress/wp-includes/plugin.php(517): WP_Hook->do_action(Array)\n#2 /wordpress/wp-admin/includes/plugin.php(703): do_action('activate_easy-l...', false)\n#3 /internal/eval.php(20): activate_plugin('easy-language-s...')\n#4 {main}\n  thrown in /wordpress/wp-includes/class-wp-hook.php on line 324",
    "log": "/logs/plugins/e/editable-table/error.json"
  },
  {
    "message": "Uncaught TypeError: call_user_func_array(): Argument #1 ($callback) must be a valid callback, non-static method easyLangSwitcher::activate() cannot be called statically in /wordpress/wp-includes/class-wp-hook.php:324",
    "level": "FATAL",
    "type": "PHP",
    "test": "asyncify-boot",
    "plugin": "editable-table",
    "details": "[08-May-2025 12:54:02 UTC] PHP Fatal error:  Uncaught TypeError: call_user_func_array(): Argument #1 ($callback) must be a valid callback, non-static method easyLangSwitcher::activate() cannot be called statically in /wordpress/wp-includes/class-wp-hook.php:324\nStack trace:\n#0 /wordpress/wp-includes/class-wp-hook.php(348): WP_Hook->apply_filters('', Array)\n#1 /wordpress/wp-includes/plugin.php(517): WP_Hook->do_action(Array)\n#2 /wordpress/wp-admin/includes/plugin.php(703): do_action('activate_easy-l...', false)\n#3 /internal/eval.php(20): activate_plugin('easy-language-s...')\n#4 {main}\n  thrown in /wordpress/wp-includes/class-wp-hook.php on line 324",
    "log": "/logs/plugins/e/editable-table/error.json"
  },
  {
    "message": "Uncaught ArgumentCountError: Too few arguments to function WP_Widget::__construct(), 0 passed in /wordpress/wp-includes/class-wp-widget-factory.php on line 62 and at least 2 expected in /wordpress/wp-includes/class-wp-widget.php:163",
    "level": "FATAL",
    "type": "PHP",
    "test": "asyncify-boot",
    "plugin": "editable-table",
    "details": "[08-May-2025 12:54:12 UTC] PHP Fatal error:  Uncaught ArgumentCountError: Too few arguments to function WP_Widget::__construct(), 0 passed in /wordpress/wp-includes/class-wp-widget-factory.php on line 62 and at least 2 expected in /wordpress/wp-includes/class-wp-widget.php:163\nStack trace:\n#0 /wordpress/wp-includes/class-wp-widget-factory.php(62): WP_Widget->__construct()\n#1 /wordpress/wp-includes/widgets.php(123): WP_Widget_Factory->register('thissimyurl_Eas...')\n#2 /wordpress/wp-content/plugins/easy-similar-posts/easy-similar-posts.php(242): register_widget('thissimyurl_Eas...')\n#3 /wordpress/wp-includes/class-wp-hook.php(324): thissimyurl_EasySimilarPosts->widget_init('')\n#4 /wordpress/wp-includes/class-wp-hook.php(348): WP_Hook->apply_filters(NULL, Array)\n#5 /wordpress/wp-includes/plugin.php(517): WP_Hook->do_action(Array)\n#6 /wordpress/wp-includes/widgets.php(1870): do_action('widgets_init')\n#7 /wordpress/wp-includes/class-wp-hook.php(324): wp_widgets_init('')\n#8 /wordpress/wp-includes/class-wp-hook.php(348): WP_Hook->apply_filters(NULL, Array)\n#9 /wordpress/wp-includes/plugin.php(517): WP_Hook->do_action(Array)\n#10 /wordpress/wp-settings.php(727): do_action('init')\n#11 /wordpress/wp-config.php(102): require_once('/wordpress/wp-s...')\n#12 /wordpress/wp-load.php(50): require_once('/wordpress/wp-c...')\n#13 /internal/eval.php(3): require_once('/wordpress/wp-l...')\n#14 {main}\n  thrown in /wordpress/wp-includes/class-wp-widget.php on line 163",
    "log": "/logs/plugins/e/editable-table/error.json"
  },
  {
    "message": "Uncaught ArgumentCountError: Too few arguments to function WP_Widget::__construct(), 0 passed in /wordpress/wp-includes/class-wp-widget-factory.php on line 62 and at least 2 expected in /wordpress/wp-includes/class-wp-widget.php:163",
    "level": "FATAL",
    "type": "PHP",
    "test": "asyncify-boot",
    "plugin": "editable-table",
    "details": "[08-May-2025 12:54:21 UTC] PHP Fatal error:  Uncaught ArgumentCountError: Too few arguments to function WP_Widget::__construct(), 0 passed in /wordpress/wp-includes/class-wp-widget-factory.php on line 62 and at least 2 expected in /wordpress/wp-includes/class-wp-widget.php:163\nStack trace:\n#0 /wordpress/wp-includes/class-wp-widget-factory.php(62): WP_Widget->__construct()\n#1 /wordpress/wp-includes/widgets.php(123): WP_Widget_Factory->register('thissimyurl_Eas...')\n#2 /wordpress/wp-content/plugins/easy-similar-posts/easy-similar-posts.php(242): register_widget('thissimyurl_Eas...')\n#3 /wordpress/wp-includes/class-wp-hook.php(324): thissimyurl_EasySimilarPosts->widget_init('')\n#4 /wordpress/wp-includes/class-wp-hook.php(348): WP_Hook->apply_filters(NULL, Array)\n#5 /wordpress/wp-includes/plugin.php(517): WP_Hook->do_action(Array)\n#6 /wordpress/wp-includes/widgets.php(1870): do_action('widgets_init')\n#7 /wordpress/wp-includes/class-wp-hook.php(324): wp_widgets_init('')\n#8 /wordpress/wp-includes/class-wp-hook.php(348): WP_Hook->apply_filters(NULL, Array)\n#9 /wordpress/wp-includes/plugin.php(517): WP_Hook->do_action(Array)\n#10 /wordpress/wp-settings.php(727): do_action('init')\n#11 /wordpress/wp-config.php(102): require_once('/wordpress/wp-s...')\n#12 /wordpress/wp-load.php(50): require_once('/wordpress/wp-c...')\n#13 /internal/eval.php(3): require_once('/wordpress/wp-l...')\n#14 {main}\n  thrown in /wordpress/wp-includes/class-wp-widget.php on line 163",
    "log": "/logs/plugins/e/editable-table/error.json"
  },
  {
    "message": "Uncaught ArgumentCountError: Too few arguments to function WP_Widget::__construct(), 0 passed in /wordpress/wp-includes/class-wp-widget-factory.php on line 62 and at least 2 expected in /wordpress/wp-includes/class-wp-widget.php:163",
    "level": "FATAL",
    "type": "PHP",
    "test": "asyncify-boot",
    "plugin": "editable-table",
    "details": "[08-May-2025 12:54:30 UTC] PHP Fatal error:  Uncaught ArgumentCountError: Too few arguments to function WP_Widget::__construct(), 0 passed in /wordpress/wp-includes/class-wp-widget-factory.php on line 62 and at least 2 expected in /wordpress/wp-includes/class-wp-widget.php:163\nStack trace:\n#0 /wordpress/wp-includes/class-wp-widget-factory.php(62): WP_Widget->__construct()\n#1 /wordpress/wp-includes/widgets.php(123): WP_Widget_Factory->register('thissimyurl_Eas...')\n#2 /wordpress/wp-content/plugins/easy-similar-posts/easy-similar-posts.php(242): register_widget('thissimyurl_Eas...')\n#3 /wordpress/wp-includes/class-wp-hook.php(324): thissimyurl_EasySimilarPosts->widget_init('')\n#4 /wordpress/wp-includes/class-wp-hook.php(348): WP_Hook->apply_filters(NULL, Array)\n#5 /wordpress/wp-includes/plugin.php(517): WP_Hook->do_action(Array)\n#6 /wordpress/wp-includes/widgets.php(1870): do_action('widgets_init')\n#7 /wordpress/wp-includes/class-wp-hook.php(324): wp_widgets_init('')\n#8 /wordpress/wp-includes/class-wp-hook.php(348): WP_Hook->apply_filters(NULL, Array)\n#9 /wordpress/wp-includes/plugin.php(517): WP_Hook->do_action(Array)\n#10 /wordpress/wp-settings.php(727): do_action('init')\n#11 /wordpress/wp-config.php(102): require_once('/wordpress/wp-s...')\n#12 /wordpress/wp-load.php(50): require_once('/wordpress/wp-c...')\n#13 /internal/eval.php(3): require_once('/wordpress/wp-l...')\n#14 {main}\n  thrown in /wordpress/wp-includes/class-wp-widget.php on line 163",
    "log": "/logs/plugins/e/editable-table/error.json"
  },
  {
    "message": "Uncaught Error: Call to undefined function create_function() in /wordpress/wp-content/plugins/enl-newsletter/enl_newsletter.php:155",
    "level": "FATAL",
    "type": "PHP",
    "test": "asyncify-boot",
    "plugin": "editable-table",
    "details": "[08-May-2025 12:58:14 UTC] PHP Fatal error:  Uncaught Error: Call to undefined function create_function() in /wordpress/wp-content/plugins/enl-newsletter/enl_newsletter.php:155\nStack trace:\n#0 /wordpress/wp-includes/class-wp-hook.php(324): enl_newsletter_setup('')\n#1 /wordpress/wp-includes/class-wp-hook.php(348): WP_Hook->apply_filters(NULL, Array)\n#2 /wordpress/wp-includes/plugin.php(517): WP_Hook->do_action(Array)\n#3 /wordpress/wp-settings.php(578): do_action('plugins_loaded')\n#4 /wordpress/wp-config.php(102): require_once('/wordpress/wp-s...')\n#5 /wordpress/wp-load.php(50): require_once('/wordpress/wp-c...')\n#6 /internal/eval.php(3): require_once('/wordpress/wp-l...')\n#7 {main}\n  thrown in /wordpress/wp-content/plugins/enl-newsletter/enl_newsletter.php on line 155",
    "log": "/logs/plugins/e/editable-table/error.json"
  },
  {
    "message": "Uncaught Error: Call to undefined function create_function() in /wordpress/wp-content/plugins/enl-newsletter/enl_newsletter.php:155",
    "level": "FATAL",
    "type": "PHP",
    "test": "asyncify-boot",
    "plugin": "editable-table",
    "details": "[08-May-2025 12:58:23 UTC] PHP Fatal error:  Uncaught Error: Call to undefined function create_function() in /wordpress/wp-content/plugins/enl-newsletter/enl_newsletter.php:155\nStack trace:\n#0 /wordpress/wp-includes/class-wp-hook.php(324): enl_newsletter_setup('')\n#1 /wordpress/wp-includes/class-wp-hook.php(348): WP_Hook->apply_filters(NULL, Array)\n#2 /wordpress/wp-includes/plugin.php(517): WP_Hook->do_action(Array)\n#3 /wordpress/wp-settings.php(578): do_action('plugins_loaded')\n#4 /wordpress/wp-config.php(102): require_once('/wordpress/wp-s...')\n#5 /wordpress/wp-load.php(50): require_once('/wordpress/wp-c...')\n#6 /internal/eval.php(3): require_once('/wordpress/wp-l...')\n#7 {main}\n  thrown in /wordpress/wp-content/plugins/enl-newsletter/enl_newsletter.php on line 155",
    "log": "/logs/plugins/e/editable-table/error.json"
  },
  {
    "message": "Uncaught Error: Call to undefined function create_function() in /wordpress/wp-content/plugins/enl-newsletter/enl_newsletter.php:155",
    "level": "FATAL",
    "type": "PHP",
    "test": "asyncify-boot",
    "plugin": "editable-table",
    "details": "[08-May-2025 12:58:31 UTC] PHP Fatal error:  Uncaught Error: Call to undefined function create_function() in /wordpress/wp-content/plugins/enl-newsletter/enl_newsletter.php:155\nStack trace:\n#0 /wordpress/wp-includes/class-wp-hook.php(324): enl_newsletter_setup('')\n#1 /wordpress/wp-includes/class-wp-hook.php(348): WP_Hook->apply_filters(NULL, Array)\n#2 /wordpress/wp-includes/plugin.php(517): WP_Hook->do_action(Array)\n#3 /wordpress/wp-settings.php(578): do_action('plugins_loaded')\n#4 /wordpress/wp-config.php(102): require_once('/wordpress/wp-s...')\n#5 /wordpress/wp-load.php(50): require_once('/wordpress/wp-c...')\n#6 /internal/eval.php(3): require_once('/wordpress/wp-l...')\n#7 {main}\n  thrown in /wordpress/wp-content/plugins/enl-newsletter/enl_newsletter.php on line 155",
    "log": "/logs/plugins/e/editable-table/error.json"
  },
  {
    "message": "Uncaught TypeError: call_user_func_array(): Argument #1 ($callback) must be a valid callback, non-static method enviteActivated::plugin_activate() cannot be called statically in /wordpress/wp-includes/class-wp-hook.php:324",
    "level": "FATAL",
    "type": "PHP",
    "test": "asyncify-boot",
    "plugin": "editable-table",
    "details": "[08-May-2025 12:59:07 UTC] PHP Fatal error:  Uncaught TypeError: call_user_func_array(): Argument #1 ($callback) must be a valid callback, non-static method enviteActivated::plugin_activate() cannot be called statically in /wordpress/wp-includes/class-wp-hook.php:324\nStack trace:\n#0 /wordpress/wp-includes/class-wp-hook.php(348): WP_Hook->apply_filters('', Array)\n#1 /wordpress/wp-includes/plugin.php(517): WP_Hook->do_action(Array)\n#2 /wordpress/wp-admin/includes/plugin.php(703): do_action('activate_envite...', false)\n#3 /internal/eval.php(20): activate_plugin('envite/envite-i...')\n#4 {main}\n  thrown in /wordpress/wp-includes/class-wp-hook.php on line 324",
    "log": "/logs/plugins/e/editable-table/error.json"
  },
  {
    "message": "Uncaught TypeError: call_user_func_array(): Argument #1 ($callback) must be a valid callback, non-static method enviteActivated::plugin_activate() cannot be called statically in /wordpress/wp-includes/class-wp-hook.php:324",
    "level": "FATAL",
    "type": "PHP",
    "test": "asyncify-boot",
    "plugin": "editable-table",
    "details": "[08-May-2025 12:59:15 UTC] PHP Fatal error:  Uncaught TypeError: call_user_func_array(): Argument #1 ($callback) must be a valid callback, non-static method enviteActivated::plugin_activate() cannot be called statically in /wordpress/wp-includes/class-wp-hook.php:324\nStack trace:\n#0 /wordpress/wp-includes/class-wp-hook.php(348): WP_Hook->apply_filters('', Array)\n#1 /wordpress/wp-includes/plugin.php(517): WP_Hook->do_action(Array)\n#2 /wordpress/wp-admin/includes/plugin.php(703): do_action('activate_envite...', false)\n#3 /internal/eval.php(20): activate_plugin('envite/envite-i...')\n#4 {main}\n  thrown in /wordpress/wp-includes/class-wp-hook.php on line 324",
    "log": "/logs/plugins/e/editable-table/error.json"
  },
  {
    "message": "Uncaught TypeError: call_user_func_array(): Argument #1 ($callback) must be a valid callback, non-static method enviteActivated::plugin_activate() cannot be called statically in /wordpress/wp-includes/class-wp-hook.php:324",
    "level": "FATAL",
    "type": "PHP",
    "test": "asyncify-boot",
    "plugin": "editable-table",
    "details": "[08-May-2025 12:59:23 UTC] PHP Fatal error:  Uncaught TypeError: call_user_func_array(): Argument #1 ($callback) must be a valid callback, non-static method enviteActivated::plugin_activate() cannot be called statically in /wordpress/wp-includes/class-wp-hook.php:324\nStack trace:\n#0 /wordpress/wp-includes/class-wp-hook.php(348): WP_Hook->apply_filters('', Array)\n#1 /wordpress/wp-includes/plugin.php(517): WP_Hook->do_action(Array)\n#2 /wordpress/wp-admin/includes/plugin.php(703): do_action('activate_envite...', false)\n#3 /internal/eval.php(20): activate_plugin('envite/envite-i...')\n#4 {main}\n  thrown in /wordpress/wp-includes/class-wp-hook.php on line 324",
    "log": "/logs/plugins/e/editable-table/error.json"
  },
  {
    "message": "Function _load_textdomain_just_in_time was called <strong>incorrectly</strong>. Translation loading for the <code>ep4-more-embeds</code> domain was triggered too early. This is usually an indicator for some code in the plugin or theme running too early. Translations should be loaded at the <code>init</code> action or later. Please see <a href=\"https://developer.wordpress.org/advanced-administration/debug/debug-wordpress/\">Debugging in WordPress</a> for more information. (This message was added in version 6.7.0.) in /wordpress/wp-includes/functions.php on line 6121",
    "level": "NOTICE",
    "type": "PHP",
    "test": "asyncify-boot",
    "plugin": "editable-table",
    "details": "[08-May-2025 12:59:33 UTC] PHP Notice:  Function _load_textdomain_just_in_time was called <strong>incorrectly</strong>. Translation loading for the <code>ep4-more-embeds</code> domain was triggered too early. This is usually an indicator for some code in the plugin or theme running too early. Translations should be loaded at the <code>init</code> action or later. Please see <a href=\"https://developer.wordpress.org/advanced-administration/debug/debug-wordpress/\">Debugging in WordPress</a> for more information. (This message was added in version 6.7.0.) in /wordpress/wp-includes/functions.php on line 6121",
    "log": "/logs/plugins/e/editable-table/error.json"
  },
  {
    "message": "Function _load_textdomain_just_in_time was called <strong>incorrectly</strong>. Translation loading for the <code>ep4-more-embeds</code> domain was triggered too early. This is usually an indicator for some code in the plugin or theme running too early. Translations should be loaded at the <code>init</code> action or later. Please see <a href=\"https://developer.wordpress.org/advanced-administration/debug/debug-wordpress/\">Debugging in WordPress</a> for more information. (This message was added in version 6.7.0.) in /wordpress/wp-includes/functions.php on line 6121",
    "level": "NOTICE",
    "type": "PHP",
    "test": "asyncify-boot",
    "plugin": "editable-table",
    "details": "[08-May-2025 12:59:42 UTC] PHP Notice:  Function _load_textdomain_just_in_time was called <strong>incorrectly</strong>. Translation loading for the <code>ep4-more-embeds</code> domain was triggered too early. This is usually an indicator for some code in the plugin or theme running too early. Translations should be loaded at the <code>init</code> action or later. Please see <a href=\"https://developer.wordpress.org/advanced-administration/debug/debug-wordpress/\">Debugging in WordPress</a> for more information. (This message was added in version 6.7.0.) in /wordpress/wp-includes/functions.php on line 6121",
    "log": "/logs/plugins/e/editable-table/error.json"
  },
  {
    "message": "Function _load_textdomain_just_in_time was called <strong>incorrectly</strong>. Translation loading for the <code>ep4-more-embeds</code> domain was triggered too early. This is usually an indicator for some code in the plugin or theme running too early. Translations should be loaded at the <code>init</code> action or later. Please see <a href=\"https://developer.wordpress.org/advanced-administration/debug/debug-wordpress/\">Debugging in WordPress</a> for more information. (This message was added in version 6.7.0.) in /wordpress/wp-includes/functions.php on line 6121",
    "level": "NOTICE",
    "type": "PHP",
    "test": "asyncify-boot",
    "plugin": "editable-table",
    "details": "[08-May-2025 12:59:51 UTC] PHP Notice:  Function _load_textdomain_just_in_time was called <strong>incorrectly</strong>. Translation loading for the <code>ep4-more-embeds</code> domain was triggered too early. This is usually an indicator for some code in the plugin or theme running too early. Translations should be loaded at the <code>init</code> action or later. Please see <a href=\"https://developer.wordpress.org/advanced-administration/debug/debug-wordpress/\">Debugging in WordPress</a> for more information. (This message was added in version 6.7.0.) in /wordpress/wp-includes/functions.php on line 6121",
    "log": "/logs/plugins/e/editable-table/error.json"
  },
  {
    "message": "Uncaught PDOException: SQLSTATE[HY000] [2002] Address family not supported by protocol in /wordpress/wp-content/plugins/editable-table/edtb.php:32",
    "level": "FATAL",
    "type": "PHP",
    "test": "asyncify-boot",
    "plugin": "editable-table",
    "details": "[08-May-2025 13:00:01 UTC] PHP Fatal error:  Uncaught PDOException: SQLSTATE[HY000] [2002] Address family not supported by protocol in /wordpress/wp-content/plugins/editable-table/edtb.php:32\nStack trace:\n#0 /wordpress/wp-content/plugins/editable-table/edtb.php(32): PDO->__construct('mysql:host=loca...', 'username_here', 'password_here')\n#1 /wordpress/wp-content/plugins/editable-table/edtb.php(382): edtb->__construct()\n#2 /wordpress/wp-admin/includes/plugin.php(2387): include_once('/wordpress/wp-c...')\n#3 /wordpress/wp-admin/includes/plugin.php(673): plugin_sandbox_scrape('editable-table/...')\n#4 /internal/eval.php(20): activate_plugin('editable-table/...')\n#5 {main}\n  thrown in /wordpress/wp-content/plugins/editable-table/edtb.php on line 32",
    "log": "/logs/plugins/e/editable-table/error.json"
  },
  {
    "message": "Uncaught PDOException: SQLSTATE[HY000] [2002] Address family not supported by protocol in /wordpress/wp-content/plugins/editable-table/edtb.php:32",
    "level": "FATAL",
    "type": "PHP",
    "test": "asyncify-boot",
    "plugin": "editable-table",
    "details": "[08-May-2025 13:00:09 UTC] PHP Fatal error:  Uncaught PDOException: SQLSTATE[HY000] [2002] Address family not supported by protocol in /wordpress/wp-content/plugins/editable-table/edtb.php:32\nStack trace:\n#0 /wordpress/wp-content/plugins/editable-table/edtb.php(32): PDO->__construct('mysql:host=loca...', 'username_here', 'password_here')\n#1 /wordpress/wp-content/plugins/editable-table/edtb.php(382): edtb->__construct()\n#2 /wordpress/wp-admin/includes/plugin.php(2387): include_once('/wordpress/wp-c...')\n#3 /wordpress/wp-admin/includes/plugin.php(673): plugin_sandbox_scrape('editable-table/...')\n#4 /internal/eval.php(20): activate_plugin('editable-table/...')\n#5 {main}\n  thrown in /wordpress/wp-content/plugins/editable-table/edtb.php on line 32\n\n    at Object.onBind (file:///home/runner/work/playground-tester/playground-tester/node_modules/@wp-playground/cli/index.js:237:15)\n    at process.processTicksAndRejections (node:internal/process/task_queues:105:5)\n    at async V (file:///home/runner/work/playground-tester/playground-tester/node_modules/@wp-playground/cli/index.js:64:10)\n    at async ja (file:///home/runner/work/playground-tester/playground-tester/node_modules/@wp-playground/cli/cli.js:8161:12) {\n  [cause]: Error: Error when executing the blueprint step #1 ({\"step\":\"installPlugin\",\"pluginData\":{\"resource\":\"wordpress.org/plugins\",\"slug\":\"editable-table\"},\"options\":{\"activate\":true}}) : PHP.run() failed with exit code 255 and the following output: \n      at Object.run (file:///home/runner/work/playground-tester/playground-tester/node_modules/@wp-playground/blueprints/index.js:12449:19)\n      at process.processTicksAndRejections (node:internal/process/task_queues:105:5)\n      at async ms (file:///home/runner/work/playground-tester/playground-tester/node_modules/@wp-playground/blueprints/index.js:12552:3)\n      ... 2 lines matching cause stack trace ...\n      at async ja (file:///home/runner/work/playground-tester/playground-tester/node_modules/@wp-playground/cli/cli.js:8161:12) {\n    [cause]: PHPExecutionFailureError: PHP.run() failed with exit code 255 and the following output: \n        at PHP.run (file:///home/runner/work/playground-tester/playground-tester/node_modules/@php-wasm/universal/index.js:987:19)\n        at process.processTicksAndRejections (node:internal/process/task_queues:105:5)\n        at async wr (file:///home/runner/work/playground-tester/playground-tester/node_modules/@wp-playground/blueprints/index.js:33:39)\n        at async Object.gt [as installPlugin] (file:///home/runner/work/playground-tester/playground-tester/node_modules/@wp-playground/blueprints/index.js:974:42)\n        at async g (file:///home/runner/work/playground-tester/playground-tester/node_modules/@wp-playground/blueprints/index.js:12517:30)\n        at async Object.run (file:///home/runner/work/playground-tester/playground-tester/node_modules/@wp-playground/blueprints/index.js:12446:23)\n        at async ms (file:///home/runner/work/playground-tester/playground-tester/node_modules/@wp-playground/blueprints/index.js:12552:3)\n        at async Object.onBind (file:///home/runner/work/playground-tester/playground-tester/node_modules/@wp-playground/cli/index.js:227:48)\n        at async V (file:///home/runner/work/playground-tester/playground-tester/node_modules/@wp-playground/cli/index.js:64:10)\n        at async ja (file:///home/runner/work/playground-tester/playground-tester/node_modules/@wp-playground/cli/cli.js:8161:12) {\n      response: PHPResponse {\n        httpStatusCode: 500,\n        headers: {\n          'x-powered-by': [ 'PHP/8.0.30-dev' ],\n          'content-type': [ 'text/html; charset=UTF-8' ]\n        },\n        bytes: Uint8Array(0) [],\n        exitCode: 255,\n        errors: ''\n      },\n      source: 'request'\n    }\n  }\n}\n\n",
    "log": "/logs/plugins/e/editable-table/error.json"
  },
  {
    "message": "file:///home/runner/work/playground-tester/playground-tester/node_modules/@wp-playground/cli/index.js:237\n        throw new Error(y, { cause: u });\n              ^\n",
    "level": "FATAL",
    "type": "PLAYGROUND",
    "test": "jspi-boot",
    "plugin": "editable-table",
    "details": "file:///home/runner/work/playground-tester/playground-tester/node_modules/@wp-playground/cli/index.js:237\n        throw new Error(y, { cause: u });\n              ^\n",
    "log": "/tmp/tmp.iRxOOMqtqI"
  },
  {
    "message": "Trying to access array offset on value of type bool in /wordpress/wp-content/plugins/ez-emails/ezemails.php on line 190",
    "level": "WARNING",
    "type": "PHP",
    "test": "jspi-boot",
    "plugin": "editable-table",
    "details": "[08-May-2025 12:51:03 UTC] PHP Warning:  Trying to access array offset on value of type bool in /wordpress/wp-content/plugins/ez-emails/ezemails.php on line 190",
    "log": "/logs/plugins/e/editable-table/error.json"
  },
  {
    "message": "Function get_settings is <strong>deprecated</strong> since version 2.1.0! Use get_option() instead. in /wordpress/wp-includes/functions.php on line 6121",
    "level": "DEPRECATED",
    "type": "PHP",
    "test": "jspi-boot",
    "plugin": "editable-table",
    "details": "[08-May-2025 12:51:03 UTC] PHP Deprecated:  Function get_settings is <strong>deprecated</strong> since version 2.1.0! Use get_option() instead. in /wordpress/wp-includes/functions.php on line 6121",
    "log": "/logs/plugins/e/editable-table/error.json"
  },
  {
    "message": "Trying to access array offset on value of type bool in /wordpress/wp-content/plugins/ez-emails/ezemails.php on line 190",
    "level": "WARNING",
    "type": "PHP",
    "test": "jspi-boot",
    "plugin": "editable-table",
    "details": "[08-May-2025 12:51:13 UTC] PHP Warning:  Trying to access array offset on value of type bool in /wordpress/wp-content/plugins/ez-emails/ezemails.php on line 190",
    "log": "/logs/plugins/e/editable-table/error.json"
  },
  {
    "message": "Function get_settings is <strong>deprecated</strong> since version 2.1.0! Use get_option() instead. in /wordpress/wp-includes/functions.php on line 6121",
    "level": "DEPRECATED",
    "type": "PHP",
    "test": "jspi-boot",
    "plugin": "editable-table",
    "details": "[08-May-2025 12:51:13 UTC] PHP Deprecated:  Function get_settings is <strong>deprecated</strong> since version 2.1.0! Use get_option() instead. in /wordpress/wp-includes/functions.php on line 6121",
    "log": "/logs/plugins/e/editable-table/error.json"
  },
  {
    "message": "Trying to access array offset on value of type bool in /wordpress/wp-content/plugins/ez-emails/ezemails.php on line 190",
    "level": "WARNING",
    "type": "PHP",
    "test": "jspi-boot",
    "plugin": "editable-table",
    "details": "[08-May-2025 12:51:23 UTC] PHP Warning:  Trying to access array offset on value of type bool in /wordpress/wp-content/plugins/ez-emails/ezemails.php on line 190",
    "log": "/logs/plugins/e/editable-table/error.json"
  },
  {
    "message": "Function get_settings is <strong>deprecated</strong> since version 2.1.0! Use get_option() instead. in /wordpress/wp-includes/functions.php on line 6121",
    "level": "DEPRECATED",
    "type": "PHP",
    "test": "jspi-boot",
    "plugin": "editable-table",
    "details": "[08-May-2025 12:51:23 UTC] PHP Deprecated:  Function get_settings is <strong>deprecated</strong> since version 2.1.0! Use get_option() instead. in /wordpress/wp-includes/functions.php on line 6121",
    "log": "/logs/plugins/e/editable-table/error.json"
  },
  {
    "message": "Uncaught Error: Undefined constant \"ver\" in /wordpress/wp-content/plugins/easy-gallery-slider/easy-gallery-slider.php:271",
    "level": "FATAL",
    "type": "PHP",
    "test": "jspi-boot",
    "plugin": "editable-table",
    "details": "[08-May-2025 12:53:23 UTC] PHP Fatal error:  Uncaught Error: Undefined constant \"ver\" in /wordpress/wp-content/plugins/easy-gallery-slider/easy-gallery-slider.php:271\nStack trace:\n#0 /wordpress/wp-content/plugins/easy-gallery-slider/easy-gallery-slider.php(309): easygalleryslider_defaults(false)\n#1 /wordpress/wp-content/plugins/easy-gallery-slider/easy-gallery-slider.php(234): easygalleryslider_activate()\n#2 /wordpress/wp-includes/class-wp-hook.php(324): easygalleryslider_activator(false)\n#3 /wordpress/wp-includes/class-wp-hook.php(348): WP_Hook->apply_filters('', Array)\n#4 /wordpress/wp-includes/plugin.php(517): WP_Hook->do_action(Array)\n#5 /wordpress/wp-admin/includes/plugin.php(703): do_action('activate_easy-g...', false)\n#6 /internal/eval.php(20): activate_plugin('easy-gallery-sl...')\n#7 {main}\n  thrown in /wordpress/wp-content/plugins/easy-gallery-slider/easy-gallery-slider.php on line 271",
    "log": "/logs/plugins/e/editable-table/error.json"
  },
  {
    "message": "Uncaught Error: Undefined constant \"ver\" in /wordpress/wp-content/plugins/easy-gallery-slider/easy-gallery-slider.php:271",
    "level": "FATAL",
    "type": "PHP",
    "test": "jspi-boot",
    "plugin": "editable-table",
    "details": "[08-May-2025 12:53:31 UTC] PHP Fatal error:  Uncaught Error: Undefined constant \"ver\" in /wordpress/wp-content/plugins/easy-gallery-slider/easy-gallery-slider.php:271\nStack trace:\n#0 /wordpress/wp-content/plugins/easy-gallery-slider/easy-gallery-slider.php(309): easygalleryslider_defaults(false)\n#1 /wordpress/wp-content/plugins/easy-gallery-slider/easy-gallery-slider.php(234): easygalleryslider_activate()\n#2 /wordpress/wp-includes/class-wp-hook.php(324): easygalleryslider_activator(false)\n#3 /wordpress/wp-includes/class-wp-hook.php(348): WP_Hook->apply_filters('', Array)\n#4 /wordpress/wp-includes/plugin.php(517): WP_Hook->do_action(Array)\n#5 /wordpress/wp-admin/includes/plugin.php(703): do_action('activate_easy-g...', false)\n#6 /internal/eval.php(20): activate_plugin('easy-gallery-sl...')\n#7 {main}\n  thrown in /wordpress/wp-content/plugins/easy-gallery-slider/easy-gallery-slider.php on line 271",
    "log": "/logs/plugins/e/editable-table/error.json"
  },
  {
    "message": "Uncaught Error: Undefined constant \"ver\" in /wordpress/wp-content/plugins/easy-gallery-slider/easy-gallery-slider.php:271",
    "level": "FATAL",
    "type": "PHP",
    "test": "jspi-boot",
    "plugin": "editable-table",
    "details": "[08-May-2025 12:53:39 UTC] PHP Fatal error:  Uncaught Error: Undefined constant \"ver\" in /wordpress/wp-content/plugins/easy-gallery-slider/easy-gallery-slider.php:271\nStack trace:\n#0 /wordpress/wp-content/plugins/easy-gallery-slider/easy-gallery-slider.php(309): easygalleryslider_defaults(false)\n#1 /wordpress/wp-content/plugins/easy-gallery-slider/easy-gallery-slider.php(234): easygalleryslider_activate()\n#2 /wordpress/wp-includes/class-wp-hook.php(324): easygalleryslider_activator(false)\n#3 /wordpress/wp-includes/class-wp-hook.php(348): WP_Hook->apply_filters('', Array)\n#4 /wordpress/wp-includes/plugin.php(517): WP_Hook->do_action(Array)\n#5 /wordpress/wp-admin/includes/plugin.php(703): do_action('activate_easy-g...', false)\n#6 /internal/eval.php(20): activate_plugin('easy-gallery-sl...')\n#7 {main}\n  thrown in /wordpress/wp-content/plugins/easy-gallery-slider/easy-gallery-slider.php on line 271",
    "log": "/logs/plugins/e/editable-table/error.json"
  },
  {
    "message": "Uncaught TypeError: call_user_func_array(): Argument #1 ($callback) must be a valid callback, non-static method easyLangSwitcher::activate() cannot be called statically in /wordpress/wp-includes/class-wp-hook.php:324",
    "level": "FATAL",
    "type": "PHP",
    "test": "jspi-boot",
    "plugin": "editable-table",
    "details": "[08-May-2025 12:53:47 UTC] PHP Fatal error:  Uncaught TypeError: call_user_func_array(): Argument #1 ($callback) must be a valid callback, non-static method easyLangSwitcher::activate() cannot be called statically in /wordpress/wp-includes/class-wp-hook.php:324\nStack trace:\n#0 /wordpress/wp-includes/class-wp-hook.php(348): WP_Hook->apply_filters('', Array)\n#1 /wordpress/wp-includes/plugin.php(517): WP_Hook->do_action(Array)\n#2 /wordpress/wp-admin/includes/plugin.php(703): do_action('activate_easy-l...', false)\n#3 /internal/eval.php(20): activate_plugin('easy-language-s...')\n#4 {main}\n  thrown in /wordpress/wp-includes/class-wp-hook.php on line 324",
    "log": "/logs/plugins/e/editable-table/error.json"
  },
  {
    "message": "Uncaught TypeError: call_user_func_array(): Argument #1 ($callback) must be a valid callback, non-static method easyLangSwitcher::activate() cannot be called statically in /wordpress/wp-includes/class-wp-hook.php:324",
    "level": "FATAL",
    "type": "PHP",
    "test": "jspi-boot",
    "plugin": "editable-table",
    "details": "[08-May-2025 12:53:54 UTC] PHP Fatal error:  Uncaught TypeError: call_user_func_array(): Argument #1 ($callback) must be a valid callback, non-static method easyLangSwitcher::activate() cannot be called statically in /wordpress/wp-includes/class-wp-hook.php:324\nStack trace:\n#0 /wordpress/wp-includes/class-wp-hook.php(348): WP_Hook->apply_filters('', Array)\n#1 /wordpress/wp-includes/plugin.php(517): WP_Hook->do_action(Array)\n#2 /wordpress/wp-admin/includes/plugin.php(703): do_action('activate_easy-l...', false)\n#3 /internal/eval.php(20): activate_plugin('easy-language-s...')\n#4 {main}\n  thrown in /wordpress/wp-includes/class-wp-hook.php on line 324",
    "log": "/logs/plugins/e/editable-table/error.json"
  },
  {
    "message": "Uncaught TypeError: call_user_func_array(): Argument #1 ($callback) must be a valid callback, non-static method easyLangSwitcher::activate() cannot be called statically in /wordpress/wp-includes/class-wp-hook.php:324",
    "level": "FATAL",
    "type": "PHP",
    "test": "jspi-boot",
    "plugin": "editable-table",
    "details": "[08-May-2025 12:54:02 UTC] PHP Fatal error:  Uncaught TypeError: call_user_func_array(): Argument #1 ($callback) must be a valid callback, non-static method easyLangSwitcher::activate() cannot be called statically in /wordpress/wp-includes/class-wp-hook.php:324\nStack trace:\n#0 /wordpress/wp-includes/class-wp-hook.php(348): WP_Hook->apply_filters('', Array)\n#1 /wordpress/wp-includes/plugin.php(517): WP_Hook->do_action(Array)\n#2 /wordpress/wp-admin/includes/plugin.php(703): do_action('activate_easy-l...', false)\n#3 /internal/eval.php(20): activate_plugin('easy-language-s...')\n#4 {main}\n  thrown in /wordpress/wp-includes/class-wp-hook.php on line 324",
    "log": "/logs/plugins/e/editable-table/error.json"
  },
  {
    "message": "Uncaught ArgumentCountError: Too few arguments to function WP_Widget::__construct(), 0 passed in /wordpress/wp-includes/class-wp-widget-factory.php on line 62 and at least 2 expected in /wordpress/wp-includes/class-wp-widget.php:163",
    "level": "FATAL",
    "type": "PHP",
    "test": "jspi-boot",
    "plugin": "editable-table",
    "details": "[08-May-2025 12:54:12 UTC] PHP Fatal error:  Uncaught ArgumentCountError: Too few arguments to function WP_Widget::__construct(), 0 passed in /wordpress/wp-includes/class-wp-widget-factory.php on line 62 and at least 2 expected in /wordpress/wp-includes/class-wp-widget.php:163\nStack trace:\n#0 /wordpress/wp-includes/class-wp-widget-factory.php(62): WP_Widget->__construct()\n#1 /wordpress/wp-includes/widgets.php(123): WP_Widget_Factory->register('thissimyurl_Eas...')\n#2 /wordpress/wp-content/plugins/easy-similar-posts/easy-similar-posts.php(242): register_widget('thissimyurl_Eas...')\n#3 /wordpress/wp-includes/class-wp-hook.php(324): thissimyurl_EasySimilarPosts->widget_init('')\n#4 /wordpress/wp-includes/class-wp-hook.php(348): WP_Hook->apply_filters(NULL, Array)\n#5 /wordpress/wp-includes/plugin.php(517): WP_Hook->do_action(Array)\n#6 /wordpress/wp-includes/widgets.php(1870): do_action('widgets_init')\n#7 /wordpress/wp-includes/class-wp-hook.php(324): wp_widgets_init('')\n#8 /wordpress/wp-includes/class-wp-hook.php(348): WP_Hook->apply_filters(NULL, Array)\n#9 /wordpress/wp-includes/plugin.php(517): WP_Hook->do_action(Array)\n#10 /wordpress/wp-settings.php(727): do_action('init')\n#11 /wordpress/wp-config.php(102): require_once('/wordpress/wp-s...')\n#12 /wordpress/wp-load.php(50): require_once('/wordpress/wp-c...')\n#13 /internal/eval.php(3): require_once('/wordpress/wp-l...')\n#14 {main}\n  thrown in /wordpress/wp-includes/class-wp-widget.php on line 163",
    "log": "/logs/plugins/e/editable-table/error.json"
  },
  {
    "message": "Uncaught ArgumentCountError: Too few arguments to function WP_Widget::__construct(), 0 passed in /wordpress/wp-includes/class-wp-widget-factory.php on line 62 and at least 2 expected in /wordpress/wp-includes/class-wp-widget.php:163",
    "level": "FATAL",
    "type": "PHP",
    "test": "jspi-boot",
    "plugin": "editable-table",
    "details": "[08-May-2025 12:54:21 UTC] PHP Fatal error:  Uncaught ArgumentCountError: Too few arguments to function WP_Widget::__construct(), 0 passed in /wordpress/wp-includes/class-wp-widget-factory.php on line 62 and at least 2 expected in /wordpress/wp-includes/class-wp-widget.php:163\nStack trace:\n#0 /wordpress/wp-includes/class-wp-widget-factory.php(62): WP_Widget->__construct()\n#1 /wordpress/wp-includes/widgets.php(123): WP_Widget_Factory->register('thissimyurl_Eas...')\n#2 /wordpress/wp-content/plugins/easy-similar-posts/easy-similar-posts.php(242): register_widget('thissimyurl_Eas...')\n#3 /wordpress/wp-includes/class-wp-hook.php(324): thissimyurl_EasySimilarPosts->widget_init('')\n#4 /wordpress/wp-includes/class-wp-hook.php(348): WP_Hook->apply_filters(NULL, Array)\n#5 /wordpress/wp-includes/plugin.php(517): WP_Hook->do_action(Array)\n#6 /wordpress/wp-includes/widgets.php(1870): do_action('widgets_init')\n#7 /wordpress/wp-includes/class-wp-hook.php(324): wp_widgets_init('')\n#8 /wordpress/wp-includes/class-wp-hook.php(348): WP_Hook->apply_filters(NULL, Array)\n#9 /wordpress/wp-includes/plugin.php(517): WP_Hook->do_action(Array)\n#10 /wordpress/wp-settings.php(727): do_action('init')\n#11 /wordpress/wp-config.php(102): require_once('/wordpress/wp-s...')\n#12 /wordpress/wp-load.php(50): require_once('/wordpress/wp-c...')\n#13 /internal/eval.php(3): require_once('/wordpress/wp-l...')\n#14 {main}\n  thrown in /wordpress/wp-includes/class-wp-widget.php on line 163",
    "log": "/logs/plugins/e/editable-table/error.json"
  },
  {
    "message": "Uncaught ArgumentCountError: Too few arguments to function WP_Widget::__construct(), 0 passed in /wordpress/wp-includes/class-wp-widget-factory.php on line 62 and at least 2 expected in /wordpress/wp-includes/class-wp-widget.php:163",
    "level": "FATAL",
    "type": "PHP",
    "test": "jspi-boot",
    "plugin": "editable-table",
    "details": "[08-May-2025 12:54:30 UTC] PHP Fatal error:  Uncaught ArgumentCountError: Too few arguments to function WP_Widget::__construct(), 0 passed in /wordpress/wp-includes/class-wp-widget-factory.php on line 62 and at least 2 expected in /wordpress/wp-includes/class-wp-widget.php:163\nStack trace:\n#0 /wordpress/wp-includes/class-wp-widget-factory.php(62): WP_Widget->__construct()\n#1 /wordpress/wp-includes/widgets.php(123): WP_Widget_Factory->register('thissimyurl_Eas...')\n#2 /wordpress/wp-content/plugins/easy-similar-posts/easy-similar-posts.php(242): register_widget('thissimyurl_Eas...')\n#3 /wordpress/wp-includes/class-wp-hook.php(324): thissimyurl_EasySimilarPosts->widget_init('')\n#4 /wordpress/wp-includes/class-wp-hook.php(348): WP_Hook->apply_filters(NULL, Array)\n#5 /wordpress/wp-includes/plugin.php(517): WP_Hook->do_action(Array)\n#6 /wordpress/wp-includes/widgets.php(1870): do_action('widgets_init')\n#7 /wordpress/wp-includes/class-wp-hook.php(324): wp_widgets_init('')\n#8 /wordpress/wp-includes/class-wp-hook.php(348): WP_Hook->apply_filters(NULL, Array)\n#9 /wordpress/wp-includes/plugin.php(517): WP_Hook->do_action(Array)\n#10 /wordpress/wp-settings.php(727): do_action('init')\n#11 /wordpress/wp-config.php(102): require_once('/wordpress/wp-s...')\n#12 /wordpress/wp-load.php(50): require_once('/wordpress/wp-c...')\n#13 /internal/eval.php(3): require_once('/wordpress/wp-l...')\n#14 {main}\n  thrown in /wordpress/wp-includes/class-wp-widget.php on line 163",
    "log": "/logs/plugins/e/editable-table/error.json"
  },
  {
    "message": "Uncaught Error: Call to undefined function create_function() in /wordpress/wp-content/plugins/enl-newsletter/enl_newsletter.php:155",
    "level": "FATAL",
    "type": "PHP",
    "test": "jspi-boot",
    "plugin": "editable-table",
    "details": "[08-May-2025 12:58:14 UTC] PHP Fatal error:  Uncaught Error: Call to undefined function create_function() in /wordpress/wp-content/plugins/enl-newsletter/enl_newsletter.php:155\nStack trace:\n#0 /wordpress/wp-includes/class-wp-hook.php(324): enl_newsletter_setup('')\n#1 /wordpress/wp-includes/class-wp-hook.php(348): WP_Hook->apply_filters(NULL, Array)\n#2 /wordpress/wp-includes/plugin.php(517): WP_Hook->do_action(Array)\n#3 /wordpress/wp-settings.php(578): do_action('plugins_loaded')\n#4 /wordpress/wp-config.php(102): require_once('/wordpress/wp-s...')\n#5 /wordpress/wp-load.php(50): require_once('/wordpress/wp-c...')\n#6 /internal/eval.php(3): require_once('/wordpress/wp-l...')\n#7 {main}\n  thrown in /wordpress/wp-content/plugins/enl-newsletter/enl_newsletter.php on line 155",
    "log": "/logs/plugins/e/editable-table/error.json"
  },
  {
    "message": "Uncaught Error: Call to undefined function create_function() in /wordpress/wp-content/plugins/enl-newsletter/enl_newsletter.php:155",
    "level": "FATAL",
    "type": "PHP",
    "test": "jspi-boot",
    "plugin": "editable-table",
    "details": "[08-May-2025 12:58:23 UTC] PHP Fatal error:  Uncaught Error: Call to undefined function create_function() in /wordpress/wp-content/plugins/enl-newsletter/enl_newsletter.php:155\nStack trace:\n#0 /wordpress/wp-includes/class-wp-hook.php(324): enl_newsletter_setup('')\n#1 /wordpress/wp-includes/class-wp-hook.php(348): WP_Hook->apply_filters(NULL, Array)\n#2 /wordpress/wp-includes/plugin.php(517): WP_Hook->do_action(Array)\n#3 /wordpress/wp-settings.php(578): do_action('plugins_loaded')\n#4 /wordpress/wp-config.php(102): require_once('/wordpress/wp-s...')\n#5 /wordpress/wp-load.php(50): require_once('/wordpress/wp-c...')\n#6 /internal/eval.php(3): require_once('/wordpress/wp-l...')\n#7 {main}\n  thrown in /wordpress/wp-content/plugins/enl-newsletter/enl_newsletter.php on line 155",
    "log": "/logs/plugins/e/editable-table/error.json"
  },
  {
    "message": "Uncaught Error: Call to undefined function create_function() in /wordpress/wp-content/plugins/enl-newsletter/enl_newsletter.php:155",
    "level": "FATAL",
    "type": "PHP",
    "test": "jspi-boot",
    "plugin": "editable-table",
    "details": "[08-May-2025 12:58:31 UTC] PHP Fatal error:  Uncaught Error: Call to undefined function create_function() in /wordpress/wp-content/plugins/enl-newsletter/enl_newsletter.php:155\nStack trace:\n#0 /wordpress/wp-includes/class-wp-hook.php(324): enl_newsletter_setup('')\n#1 /wordpress/wp-includes/class-wp-hook.php(348): WP_Hook->apply_filters(NULL, Array)\n#2 /wordpress/wp-includes/plugin.php(517): WP_Hook->do_action(Array)\n#3 /wordpress/wp-settings.php(578): do_action('plugins_loaded')\n#4 /wordpress/wp-config.php(102): require_once('/wordpress/wp-s...')\n#5 /wordpress/wp-load.php(50): require_once('/wordpress/wp-c...')\n#6 /internal/eval.php(3): require_once('/wordpress/wp-l...')\n#7 {main}\n  thrown in /wordpress/wp-content/plugins/enl-newsletter/enl_newsletter.php on line 155",
    "log": "/logs/plugins/e/editable-table/error.json"
  },
  {
    "message": "Uncaught TypeError: call_user_func_array(): Argument #1 ($callback) must be a valid callback, non-static method enviteActivated::plugin_activate() cannot be called statically in /wordpress/wp-includes/class-wp-hook.php:324",
    "level": "FATAL",
    "type": "PHP",
    "test": "jspi-boot",
    "plugin": "editable-table",
    "details": "[08-May-2025 12:59:07 UTC] PHP Fatal error:  Uncaught TypeError: call_user_func_array(): Argument #1 ($callback) must be a valid callback, non-static method enviteActivated::plugin_activate() cannot be called statically in /wordpress/wp-includes/class-wp-hook.php:324\nStack trace:\n#0 /wordpress/wp-includes/class-wp-hook.php(348): WP_Hook->apply_filters('', Array)\n#1 /wordpress/wp-includes/plugin.php(517): WP_Hook->do_action(Array)\n#2 /wordpress/wp-admin/includes/plugin.php(703): do_action('activate_envite...', false)\n#3 /internal/eval.php(20): activate_plugin('envite/envite-i...')\n#4 {main}\n  thrown in /wordpress/wp-includes/class-wp-hook.php on line 324",
    "log": "/logs/plugins/e/editable-table/error.json"
  },
  {
    "message": "Uncaught TypeError: call_user_func_array(): Argument #1 ($callback) must be a valid callback, non-static method enviteActivated::plugin_activate() cannot be called statically in /wordpress/wp-includes/class-wp-hook.php:324",
    "level": "FATAL",
    "type": "PHP",
    "test": "jspi-boot",
    "plugin": "editable-table",
    "details": "[08-May-2025 12:59:15 UTC] PHP Fatal error:  Uncaught TypeError: call_user_func_array(): Argument #1 ($callback) must be a valid callback, non-static method enviteActivated::plugin_activate() cannot be called statically in /wordpress/wp-includes/class-wp-hook.php:324\nStack trace:\n#0 /wordpress/wp-includes/class-wp-hook.php(348): WP_Hook->apply_filters('', Array)\n#1 /wordpress/wp-includes/plugin.php(517): WP_Hook->do_action(Array)\n#2 /wordpress/wp-admin/includes/plugin.php(703): do_action('activate_envite...', false)\n#3 /internal/eval.php(20): activate_plugin('envite/envite-i...')\n#4 {main}\n  thrown in /wordpress/wp-includes/class-wp-hook.php on line 324",
    "log": "/logs/plugins/e/editable-table/error.json"
  },
  {
    "message": "Uncaught TypeError: call_user_func_array(): Argument #1 ($callback) must be a valid callback, non-static method enviteActivated::plugin_activate() cannot be called statically in /wordpress/wp-includes/class-wp-hook.php:324",
    "level": "FATAL",
    "type": "PHP",
    "test": "jspi-boot",
    "plugin": "editable-table",
    "details": "[08-May-2025 12:59:23 UTC] PHP Fatal error:  Uncaught TypeError: call_user_func_array(): Argument #1 ($callback) must be a valid callback, non-static method enviteActivated::plugin_activate() cannot be called statically in /wordpress/wp-includes/class-wp-hook.php:324\nStack trace:\n#0 /wordpress/wp-includes/class-wp-hook.php(348): WP_Hook->apply_filters('', Array)\n#1 /wordpress/wp-includes/plugin.php(517): WP_Hook->do_action(Array)\n#2 /wordpress/wp-admin/includes/plugin.php(703): do_action('activate_envite...', false)\n#3 /internal/eval.php(20): activate_plugin('envite/envite-i...')\n#4 {main}\n  thrown in /wordpress/wp-includes/class-wp-hook.php on line 324",
    "log": "/logs/plugins/e/editable-table/error.json"
  },
  {
    "message": "Function _load_textdomain_just_in_time was called <strong>incorrectly</strong>. Translation loading for the <code>ep4-more-embeds</code> domain was triggered too early. This is usually an indicator for some code in the plugin or theme running too early. Translations should be loaded at the <code>init</code> action or later. Please see <a href=\"https://developer.wordpress.org/advanced-administration/debug/debug-wordpress/\">Debugging in WordPress</a> for more information. (This message was added in version 6.7.0.) in /wordpress/wp-includes/functions.php on line 6121",
    "level": "NOTICE",
    "type": "PHP",
    "test": "jspi-boot",
    "plugin": "editable-table",
    "details": "[08-May-2025 12:59:33 UTC] PHP Notice:  Function _load_textdomain_just_in_time was called <strong>incorrectly</strong>. Translation loading for the <code>ep4-more-embeds</code> domain was triggered too early. This is usually an indicator for some code in the plugin or theme running too early. Translations should be loaded at the <code>init</code> action or later. Please see <a href=\"https://developer.wordpress.org/advanced-administration/debug/debug-wordpress/\">Debugging in WordPress</a> for more information. (This message was added in version 6.7.0.) in /wordpress/wp-includes/functions.php on line 6121",
    "log": "/logs/plugins/e/editable-table/error.json"
  },
  {
    "message": "Function _load_textdomain_just_in_time was called <strong>incorrectly</strong>. Translation loading for the <code>ep4-more-embeds</code> domain was triggered too early. This is usually an indicator for some code in the plugin or theme running too early. Translations should be loaded at the <code>init</code> action or later. Please see <a href=\"https://developer.wordpress.org/advanced-administration/debug/debug-wordpress/\">Debugging in WordPress</a> for more information. (This message was added in version 6.7.0.) in /wordpress/wp-includes/functions.php on line 6121",
    "level": "NOTICE",
    "type": "PHP",
    "test": "jspi-boot",
    "plugin": "editable-table",
    "details": "[08-May-2025 12:59:42 UTC] PHP Notice:  Function _load_textdomain_just_in_time was called <strong>incorrectly</strong>. Translation loading for the <code>ep4-more-embeds</code> domain was triggered too early. This is usually an indicator for some code in the plugin or theme running too early. Translations should be loaded at the <code>init</code> action or later. Please see <a href=\"https://developer.wordpress.org/advanced-administration/debug/debug-wordpress/\">Debugging in WordPress</a> for more information. (This message was added in version 6.7.0.) in /wordpress/wp-includes/functions.php on line 6121",
    "log": "/logs/plugins/e/editable-table/error.json"
  },
  {
    "message": "Function _load_textdomain_just_in_time was called <strong>incorrectly</strong>. Translation loading for the <code>ep4-more-embeds</code> domain was triggered too early. This is usually an indicator for some code in the plugin or theme running too early. Translations should be loaded at the <code>init</code> action or later. Please see <a href=\"https://developer.wordpress.org/advanced-administration/debug/debug-wordpress/\">Debugging in WordPress</a> for more information. (This message was added in version 6.7.0.) in /wordpress/wp-includes/functions.php on line 6121",
    "level": "NOTICE",
    "type": "PHP",
    "test": "jspi-boot",
    "plugin": "editable-table",
    "details": "[08-May-2025 12:59:51 UTC] PHP Notice:  Function _load_textdomain_just_in_time was called <strong>incorrectly</strong>. Translation loading for the <code>ep4-more-embeds</code> domain was triggered too early. This is usually an indicator for some code in the plugin or theme running too early. Translations should be loaded at the <code>init</code> action or later. Please see <a href=\"https://developer.wordpress.org/advanced-administration/debug/debug-wordpress/\">Debugging in WordPress</a> for more information. (This message was added in version 6.7.0.) in /wordpress/wp-includes/functions.php on line 6121",
    "log": "/logs/plugins/e/editable-table/error.json"
  },
  {
    "message": "Uncaught PDOException: SQLSTATE[HY000] [2002] Address family not supported by protocol in /wordpress/wp-content/plugins/editable-table/edtb.php:32",
    "level": "FATAL",
    "type": "PHP",
    "test": "jspi-boot",
    "plugin": "editable-table",
    "details": "[08-May-2025 13:00:01 UTC] PHP Fatal error:  Uncaught PDOException: SQLSTATE[HY000] [2002] Address family not supported by protocol in /wordpress/wp-content/plugins/editable-table/edtb.php:32\nStack trace:\n#0 /wordpress/wp-content/plugins/editable-table/edtb.php(32): PDO->__construct('mysql:host=loca...', 'username_here', 'password_here')\n#1 /wordpress/wp-content/plugins/editable-table/edtb.php(382): edtb->__construct()\n#2 /wordpress/wp-admin/includes/plugin.php(2387): include_once('/wordpress/wp-c...')\n#3 /wordpress/wp-admin/includes/plugin.php(673): plugin_sandbox_scrape('editable-table/...')\n#4 /internal/eval.php(20): activate_plugin('editable-table/...')\n#5 {main}\n  thrown in /wordpress/wp-content/plugins/editable-table/edtb.php on line 32",
    "log": "/logs/plugins/e/editable-table/error.json"
  },
  {
    "message": "Uncaught PDOException: SQLSTATE[HY000] [2002] Address family not supported by protocol in /wordpress/wp-content/plugins/editable-table/edtb.php:32",
    "level": "FATAL",
    "type": "PHP",
    "test": "jspi-boot",
    "plugin": "editable-table",
    "details": "[08-May-2025 13:00:09 UTC] PHP Fatal error:  Uncaught PDOException: SQLSTATE[HY000] [2002] Address family not supported by protocol in /wordpress/wp-content/plugins/editable-table/edtb.php:32\nStack trace:\n#0 /wordpress/wp-content/plugins/editable-table/edtb.php(32): PDO->__construct('mysql:host=loca...', 'username_here', 'password_here')\n#1 /wordpress/wp-content/plugins/editable-table/edtb.php(382): edtb->__construct()\n#2 /wordpress/wp-admin/includes/plugin.php(2387): include_once('/wordpress/wp-c...')\n#3 /wordpress/wp-admin/includes/plugin.php(673): plugin_sandbox_scrape('editable-table/...')\n#4 /internal/eval.php(20): activate_plugin('editable-table/...')\n#5 {main}\n  thrown in /wordpress/wp-content/plugins/editable-table/edtb.php on line 32",
    "log": "/logs/plugins/e/editable-table/error.json"
  },
  {
    "message": "Uncaught PDOException: SQLSTATE[HY000] [2002] Address family not supported by protocol in /wordpress/wp-content/plugins/editable-table/edtb.php:32",
    "level": "FATAL",
    "type": "PHP",
    "test": "jspi-boot",
    "plugin": "editable-table",
    "details": "[08-May-2025 13:00:17 UTC] PHP Fatal error:  Uncaught PDOException: SQLSTATE[HY000] [2002] Address family not supported by protocol in /wordpress/wp-content/plugins/editable-table/edtb.php:32\nStack trace:\n#0 /wordpress/wp-content/plugins/editable-table/edtb.php(32): PDO->__construct('mysql:host=loca...', 'username_here', 'password_here')\n#1 /wordpress/wp-content/plugins/editable-table/edtb.php(382): edtb->__construct()\n#2 /wordpress/wp-admin/includes/plugin.php(2387): include_once('/wordpress/wp-c...')\n#3 /wordpress/wp-admin/includes/plugin.php(673): plugin_sandbox_scrape('editable-table/...')\n#4 /internal/eval.php(20): activate_plugin('editable-table/...')\n#5 {main}\n  thrown in /wordpress/wp-content/plugins/editable-table/edtb.php on line 32\n\n    at Object.onBind (file:///home/runner/work/playground-tester/playground-tester/node_modules/@wp-playground/cli/index.js:237:15)\n    at process.processTicksAndRejections (node:internal/process/task_queues:105:5)\n    at async V (file:///home/runner/work/playground-tester/playground-tester/node_modules/@wp-playground/cli/index.js:64:10)\n    at async ja (file:///home/runner/work/playground-tester/playground-tester/node_modules/@wp-playground/cli/cli.js:8161:12) {\n  [cause]: Error: Error when executing the blueprint step #1 ({\"step\":\"installPlugin\",\"pluginData\":{\"resource\":\"wordpress.org/plugins\",\"slug\":\"editable-table\"},\"options\":{\"activate\":true}}) : PHP.run() failed with exit code 255 and the following output: \n      at Object.run (file:///home/runner/work/playground-tester/playground-tester/node_modules/@wp-playground/blueprints/index.js:12449:19)\n      at process.processTicksAndRejections (node:internal/process/task_queues:105:5)\n      at async ms (file:///home/runner/work/playground-tester/playground-tester/node_modules/@wp-playground/blueprints/index.js:12552:3)\n      ... 2 lines matching cause stack trace ...\n      at async ja (file:///home/runner/work/playground-tester/playground-tester/node_modules/@wp-playground/cli/cli.js:8161:12) {\n    [cause]: PHPExecutionFailureError: PHP.run() failed with exit code 255 and the following output: \n        at PHP.run (file:///home/runner/work/playground-tester/playground-tester/node_modules/@php-wasm/universal/index.js:987:19)\n        at process.processTicksAndRejections (node:internal/process/task_queues:105:5)\n        at async wr (file:///home/runner/work/playground-tester/playground-tester/node_modules/@wp-playground/blueprints/index.js:33:39)\n        at async Object.gt [as installPlugin] (file:///home/runner/work/playground-tester/playground-tester/node_modules/@wp-playground/blueprints/index.js:974:42)\n        at async g (file:///home/runner/work/playground-tester/playground-tester/node_modules/@wp-playground/blueprints/index.js:12517:30)\n        at async Object.run (file:///home/runner/work/playground-tester/playground-tester/node_modules/@wp-playground/blueprints/index.js:12446:23)\n        at async ms (file:///home/runner/work/playground-tester/playground-tester/node_modules/@wp-playground/blueprints/index.js:12552:3)\n        at async Object.onBind (file:///home/runner/work/playground-tester/playground-tester/node_modules/@wp-playground/cli/index.js:227:48)\n        at async V (file:///home/runner/work/playground-tester/playground-tester/node_modules/@wp-playground/cli/index.js:64:10)\n        at async ja (file:///home/runner/work/playground-tester/playground-tester/node_modules/@wp-playground/cli/cli.js:8161:12) {\n      response: PHPResponse {\n        httpStatusCode: 500,\n        headers: {\n          'x-powered-by': [ 'PHP/8.0.30-dev' ],\n          'content-type': [ 'text/html; charset=UTF-8' ]\n        },\n        bytes: Uint8Array(0) [],\n        exitCode: 255,\n        errors: ''\n      },\n      source: 'request'\n    }\n  }\n}\n\n",
    "log": "/logs/plugins/e/editable-table/error.json"
  }
]
