file:///home/runner/work/playground-tester/playground-tester/node_modules/@wp-playground/cli/index.js:237
        throw new Error(y, { cause: u });
              ^

Error: [30-May-2025 13:15:15 UTC] PHP Deprecated:  Function add_option was called with an argument that is <strong>deprecated</strong> since version 2.3.0 with no alternative available. in /wordpress/wp-includes/functions.php on line 6121
[30-May-2025 13:15:15 UTC] PHP Fatal error:  Uncaught Error: Attempt to assign property "tinytoc_settings_enabled" on null in /wordpress/wp-content/plugins/tiny-table-of-contents-tinytoc/classes/config.php:183
Stack trace:
#0 /wordpress/wp-content/plugins/tiny-table-of-contents-tinytoc/classes/config.php(243): tinyConfig->_updateOrAdd('tinytoc_setting...', '1')
#1 /wordpress/wp-content/plugins/tiny-table-of-contents-tinytoc/installTinyTOC.php(122): tinyConfig->create(Array, Array, Array, 'no')
#2 /wordpress/wp-content/plugins/tiny-table-of-contents-tinytoc/tiny-table-of-contents-tinytoc.php(44): require_once('/wordpress/wp-c...')
#3 /wordpress/wp-admin/includes/plugin.php(2387): include_once('/wordpress/wp-c...')
#4 /wordpress/wp-admin/includes/plugin.php(673): plugin_sandbox_scrape('tiny-table-of-c...')
#5 /internal/eval.php(20): activate_plugin('tiny-table-of-c...')
#6 {main}
  thrown in /wordpress/wp-content/plugins/tiny-table-of-contents-tinytoc/classes/config.php on line 183
[30-May-2025 13:15:23 UTC] PHP Deprecated:  Function add_option was called with an argument that is <strong>deprecated</strong> since version 2.3.0 with no alternative available. in /wordpress/wp-includes/functions.php on line 6121
[30-May-2025 13:15:23 UTC] PHP Fatal error:  Uncaught Error: Attempt to assign property "tinytoc_settings_enabled" on null in /wordpress/wp-content/plugins/tiny-table-of-contents-tinytoc/classes/config.php:183
Stack trace:
#0 /wordpress/wp-content/plugins/tiny-table-of-contents-tinytoc/classes/config.php(243): tinyConfig->_updateOrAdd('tinytoc_setting...', '1')
#1 /wordpress/wp-content/plugins/tiny-table-of-contents-tinytoc/installTinyTOC.php(122): tinyConfig->create(Array, Array, Array, 'no')
#2 /wordpress/wp-content/plugins/tiny-table-of-contents-tinytoc/tiny-table-of-contents-tinytoc.php(44): require_once('/wordpress/wp-c...')
#3 /wordpress/wp-admin/includes/plugin.php(2387): include_once('/wordpress/wp-c...')
#4 /wordpress/wp-admin/includes/plugin.php(673): plugin_sandbox_scrape('tiny-table-of-c...')
#5 /internal/eval.php(20): activate_plugin('tiny-table-of-c...')
#6 {main}
  thrown in /wordpress/wp-content/plugins/tiny-table-of-contents-tinytoc/classes/config.php on line 183
[30-May-2025 13:15:32 UTC] PHP Deprecated:  Function add_option was called with an argument that is <strong>deprecated</strong> since version 2.3.0 with no alternative available. in /wordpress/wp-includes/functions.php on line 6121
[30-May-2025 13:15:32 UTC] PHP Fatal error:  Uncaught Error: Attempt to assign property "tinytoc_settings_enabled" on null in /wordpress/wp-content/plugins/tiny-table-of-contents-tinytoc/classes/config.php:183
Stack trace:
#0 /wordpress/wp-content/plugins/tiny-table-of-contents-tinytoc/classes/config.php(243): tinyConfig->_updateOrAdd('tinytoc_setting...', '1')
#1 /wordpress/wp-content/plugins/tiny-table-of-contents-tinytoc/installTinyTOC.php(122): tinyConfig->create(Array, Array, Array, 'no')
#2 /wordpress/wp-content/plugins/tiny-table-of-contents-tinytoc/tiny-table-of-contents-tinytoc.php(44): require_once('/wordpress/wp-c...')
#3 /wordpress/wp-admin/includes/plugin.php(2387): include_once('/wordpress/wp-c...')
#4 /wordpress/wp-admin/includes/plugin.php(673): plugin_sandbox_scrape('tiny-table-of-c...')
#5 /internal/eval.php(20): activate_plugin('tiny-table-of-c...')
#6 {main}
  thrown in /wordpress/wp-content/plugins/tiny-table-of-contents-tinytoc/classes/config.php on line 183
[30-May-2025 13:16:09 UTC] PHP Notice:  Function _load_textdomain_just_in_time was called <strong>incorrectly</strong>. Translation loading for the <code>tinymce-custom-styles</code> domain was triggered too early. This is usually an indicator for some code in the plugin or theme running too early. Translations should be loaded at the <code>init</code> action or later. Please see <a href="https://developer.wordpress.org/advanced-administration/debug/debug-wordpress/">Debugging in WordPress</a> for more information. (This message was added in version 6.7.0.) in /wordpress/wp-includes/functions.php on line 6121
[30-May-2025 13:16:18 UTC] PHP Notice:  Function _load_textdomain_just_in_time was called <strong>incorrectly</strong>. Translation loading for the <code>tinymce-custom-styles</code> domain was triggered too early. This is usually an indicator for some code in the plugin or theme running too early. Translations should be loaded at the <code>init</code> action or later. Please see <a href="https://developer.wordpress.org/advanced-administration/debug/debug-wordpress/">Debugging in WordPress</a> for more information. (This message was added in version 6.7.0.) in /wordpress/wp-includes/functions.php on line 6121
[30-May-2025 13:16:28 UTC] PHP Notice:  Function _load_textdomain_just_in_time was called <strong>incorrectly</strong>. Translation loading for the <code>tinymce-custom-styles</code> domain was triggered too early. This is usually an indicator for some code in the plugin or theme running too early. Translations should be loaded at the <code>init</code> action or later. Please see <a href="https://developer.wordpress.org/advanced-administration/debug/debug-wordpress/">Debugging in WordPress</a> for more information. (This message was added in version 6.7.0.) in /wordpress/wp-includes/functions.php on line 6121
[30-May-2025 13:18:02 UTC] PHP Warning:  Undefined variable $pagenow in /wordpress/wp-content/plugins/transmit-sms-two-factor-authentication/transmitsms.php on line 321
[30-May-2025 13:18:13 UTC] PHP Warning:  Undefined variable $pagenow in /wordpress/wp-content/plugins/transmit-sms-two-factor-authentication/transmitsms.php on line 321
[30-May-2025 13:18:23 UTC] PHP Warning:  Undefined variable $pagenow in /wordpress/wp-content/plugins/transmit-sms-two-factor-authentication/transmitsms.php on line 321
[30-May-2025 13:19:06 UTC] PHP Fatal error:  Uncaught Exception: GMP extension seems not to be installed in /wordpress/wp-content/plugins/trezor-connect-plugin/BitcoinECDSA.php:11
Stack trace:
#0 /wordpress/wp-content/plugins/trezor-connect-plugin/WPTrezorPlugin.php(28): require()
#1 /wordpress/wp-admin/includes/plugin.php(2387): include_once('/wordpress/wp-c...')
#2 /wordpress/wp-admin/includes/plugin.php(673): plugin_sandbox_scrape('trezor-connect-...')
#3 /internal/eval.php(20): activate_plugin('trezor-connect-...')
#4 {main}
  thrown in /wordpress/wp-content/plugins/trezor-connect-plugin/BitcoinECDSA.php on line 11
[30-May-2025 13:19:14 UTC] PHP Fatal error:  Uncaught Exception: GMP extension seems not to be installed in /wordpress/wp-content/plugins/trezor-connect-plugin/BitcoinECDSA.php:11
Stack trace:
#0 /wordpress/wp-content/plugins/trezor-connect-plugin/WPTrezorPlugin.php(28): require()
#1 /wordpress/wp-admin/includes/plugin.php(2387): include_once('/wordpress/wp-c...')
#2 /wordpress/wp-admin/includes/plugin.php(673): plugin_sandbox_scrape('trezor-connect-...')
#3 /internal/eval.php(20): activate_plugin('trezor-connect-...')
#4 {main}
  thrown in /wordpress/wp-content/plugins/trezor-connect-plugin/BitcoinECDSA.php on line 11
[30-May-2025 13:19:23 UTC] PHP Fatal error:  Uncaught Exception: GMP extension seems not to be installed in /wordpress/wp-content/plugins/trezor-connect-plugin/BitcoinECDSA.php:11
Stack trace:
#0 /wordpress/wp-content/plugins/trezor-connect-plugin/WPTrezorPlugin.php(28): require()
#1 /wordpress/wp-admin/includes/plugin.php(2387): include_once('/wordpress/wp-c...')
#2 /wordpress/wp-admin/includes/plugin.php(673): plugin_sandbox_scrape('trezor-connect-...')
#3 /internal/eval.php(20): activate_plugin('trezor-connect-...')
#4 {main}
  thrown in /wordpress/wp-content/plugins/trezor-connect-plugin/BitcoinECDSA.php on line 11
[30-May-2025 13:19:32 UTC] PHP Warning:  Undefined array key "HTTP_USER_AGENT" in /wordpress/wp-content/plugins/triggered-messaging-solution-for-e-commerce/core/Helper.php on line 67
[30-May-2025 13:19:32 UTC] PHP Fatal error:  Uncaught Error: Call to undefined function create_function() in /wordpress/wp-content/plugins/triggered-messaging-solution-for-e-commerce/index.php:222
Stack trace:
#0 /wordpress/wp-admin/includes/plugin.php(2387): include_once()
#1 /wordpress/wp-admin/includes/plugin.php(673): plugin_sandbox_scrape('triggered-messa...')
#2 /internal/eval.php(20): activate_plugin('triggered-messa...')
#3 {main}
  thrown in /wordpress/wp-content/plugins/triggered-messaging-solution-for-e-commerce/index.php on line 222
[30-May-2025 13:19:39 UTC] PHP Warning:  Undefined array key "HTTP_USER_AGENT" in /wordpress/wp-content/plugins/triggered-messaging-solution-for-e-commerce/core/Helper.php on line 67
[30-May-2025 13:19:39 UTC] PHP Fatal error:  Uncaught Error: Call to undefined function create_function() in /wordpress/wp-content/plugins/triggered-messaging-solution-for-e-commerce/index.php:222
Stack trace:
#0 /wordpress/wp-admin/includes/plugin.php(2387): include_once()
#1 /wordpress/wp-admin/includes/plugin.php(673): plugin_sandbox_scrape('triggered-messa...')
#2 /internal/eval.php(20): activate_plugin('triggered-messa...')
#3 {main}
  thrown in /wordpress/wp-content/plugins/triggered-messaging-solution-for-e-commerce/index.php on line 222
[30-May-2025 13:19:47 UTC] PHP Warning:  Undefined array key "HTTP_USER_AGENT" in /wordpress/wp-content/plugins/triggered-messaging-solution-for-e-commerce/core/Helper.php on line 67
[30-May-2025 13:19:47 UTC] PHP Fatal error:  Uncaught Error: Call to undefined function create_function() in /wordpress/wp-content/plugins/triggered-messaging-solution-for-e-commerce/index.php:222
Stack trace:
#0 /wordpress/wp-admin/includes/plugin.php(2387): include_once()
#1 /wordpress/wp-admin/includes/plugin.php(673): plugin_sandbox_scrape('triggered-messa...')
#2 /internal/eval.php(20): activate_plugin('triggered-messa...')
#3 {main}
  thrown in /wordpress/wp-content/plugins/triggered-messaging-solution-for-e-commerce/index.php on line 222
[30-May-2025 13:20:23 UTC] PHP Fatal error:  Uncaught Error: Undefined constant "THISPLUGINID" in /wordpress/wp-content/plugins/tweetonpost/TweetOnPost.php:29
Stack trace:
#0 /wordpress/wp-admin/includes/plugin.php(2387): include_once()
#1 /wordpress/wp-admin/includes/plugin.php(673): plugin_sandbox_scrape('tweetonpost/Twe...')
#2 /internal/eval.php(20): activate_plugin('tweetonpost/Twe...')
#3 {main}
  thrown in /wordpress/wp-content/plugins/tweetonpost/TweetOnPost.php on line 29
[30-May-2025 13:20:31 UTC] PHP Fatal error:  Uncaught Error: Undefined constant "THISPLUGINID" in /wordpress/wp-content/plugins/tweetonpost/TweetOnPost.php:29
Stack trace:
#0 /wordpress/wp-admin/includes/plugin.php(2387): include_once()
#1 /wordpress/wp-admin/includes/plugin.php(673): plugin_sandbox_scrape('tweetonpost/Twe...')
#2 /internal/eval.php(20): activate_plugin('tweetonpost/Twe...')
#3 {main}
  thrown in /wordpress/wp-content/plugins/tweetonpost/TweetOnPost.php on line 29
[30-May-2025 13:20:39 UTC] PHP Fatal error:  Uncaught Error: Undefined constant "THISPLUGINID" in /wordpress/wp-content/plugins/tweetonpost/TweetOnPost.php:29
Stack trace:
#0 /wordpress/wp-admin/includes/plugin.php(2387): include_once()
#1 /wordpress/wp-admin/includes/plugin.php(673): plugin_sandbox_scrape('tweetonpost/Twe...')
#2 /internal/eval.php(20): activate_plugin('tweetonpost/Twe...')
#3 {main}
  thrown in /wordpress/wp-content/plugins/tweetonpost/TweetOnPost.php on line 29
[30-May-2025 13:20:48 UTC] PHP Fatal error:  Uncaught Error: Call to undefined function create_function() in /wordpress/wp-content/plugins/twitter-facebook-google-yahoo-all-inclusive/ui.php:184
Stack trace:
#0 /wordpress/wp-content/plugins/twitter-facebook-google-yahoo-all-inclusive/all-inclusive.php(83): require_once()
#1 /wordpress/wp-admin/includes/plugin.php(2387): include_once('/wordpress/wp-c...')
#2 /wordpress/wp-admin/includes/plugin.php(673): plugin_sandbox_scrape('twitter-faceboo...')
#3 /internal/eval.php(20): activate_plugin('twitter-faceboo...')
#4 {main}
  thrown in /wordpress/wp-content/plugins/twitter-facebook-google-yahoo-all-inclusive/ui.php on line 184
[30-May-2025 13:20:56 UTC] PHP Fatal error:  Uncaught Error: Call to undefined function create_function() in /wordpress/wp-content/plugins/twitter-facebook-google-yahoo-all-inclusive/ui.php:184
Stack trace:
#0 /wordpress/wp-content/plugins/twitter-facebook-google-yahoo-all-inclusive/all-inclusive.php(83): require_once()
#1 /wordpress/wp-admin/includes/plugin.php(2387): include_once('/wordpress/wp-c...')
#2 /wordpress/wp-admin/includes/plugin.php(673): plugin_sandbox_scrape('twitter-faceboo...')
#3 /internal/eval.php(20): activate_plugin('twitter-faceboo...')
#4 {main}
  thrown in /wordpress/wp-content/plugins/twitter-facebook-google-yahoo-all-inclusive/ui.php on line 184
[30-May-2025 13:21:05 UTC] PHP Fatal error:  Uncaught Error: Call to undefined function create_function() in /wordpress/wp-content/plugins/twitter-facebook-google-yahoo-all-inclusive/ui.php:184
Stack trace:
#0 /wordpress/wp-content/plugins/twitter-facebook-google-yahoo-all-inclusive/all-inclusive.php(83): require_once()
#1 /wordpress/wp-admin/includes/plugin.php(2387): include_once('/wordpress/wp-c...')
#2 /wordpress/wp-admin/includes/plugin.php(673): plugin_sandbox_scrape('twitter-faceboo...')
#3 /internal/eval.php(20): activate_plugin('twitter-faceboo...')
#4 {main}
  thrown in /wordpress/wp-content/plugins/twitter-facebook-google-yahoo-all-inclusive/ui.php on line 184
[30-May-2025 13:21:14 UTC] PHP Notice:  Function wp_enqueue_script was called <strong>incorrectly</strong>. Scripts and styles should not be registered or enqueued until the <code>wp_enqueue_scripts</code>, <code>admin_enqueue_scripts</code>, or <code>login_enqueue_scripts</code> hooks. This notice was triggered by the <code>twitter_list</code> handle. Please see <a href="https://developer.wordpress.org/advanced-administration/debug/debug-wordpress/">Debugging in WordPress</a> for more information. (This message was added in version 3.3.0.) in /wordpress/wp-includes/functions.php on line 6121
[30-May-2025 13:21:14 UTC] PHP Notice:  Function wp_enqueue_style was called <strong>incorrectly</strong>. Scripts and styles should not be registered or enqueued until the <code>wp_enqueue_scripts</code>, <code>admin_enqueue_scripts</code>, or <code>login_enqueue_scripts</code> hooks. This notice was triggered by the <code>twitter_list</code> handle. Please see <a href="https://developer.wordpress.org/advanced-administration/debug/debug-wordpress/">Debugging in WordPress</a> for more information. (This message was added in version 3.3.0.) in /wordpress/wp-includes/functions.php on line 6121
[30-May-2025 13:21:14 UTC] PHP Notice:  Function is_feed was called <strong>incorrectly</strong>. Conditional query tags do not work before the query is run. Before then, they always return false. Please see <a href="https://developer.wordpress.org/advanced-administration/debug/debug-wordpress/">Debugging in WordPress</a> for more information. (This message was added in version 3.1.0.) in /wordpress/wp-includes/functions.php on line 6121
[30-May-2025 13:21:22 UTC] PHP Notice:  Function wp_enqueue_script was called <strong>incorrectly</strong>. Scripts and styles should not be registered or enqueued until the <code>wp_enqueue_scripts</code>, <code>admin_enqueue_scripts</code>, or <code>login_enqueue_scripts</code> hooks. This notice was triggered by the <code>twitter_list</code> handle. Please see <a href="https://developer.wordpress.org/advanced-administration/debug/debug-wordpress/">Debugging in WordPress</a> for more information. (This message was added in version 3.3.0.) in /wordpress/wp-includes/functions.php on line 6121
[30-May-2025 13:21:22 UTC] PHP Notice:  Function wp_enqueue_style was called <strong>incorrectly</strong>. Scripts and styles should not be registered or enqueued until the <code>wp_enqueue_scripts</code>, <code>admin_enqueue_scripts</code>, or <code>login_enqueue_scripts</code> hooks. This notice was triggered by the <code>twitter_list</code> handle. Please see <a href="https://developer.wordpress.org/advanced-administration/debug/debug-wordpress/">Debugging in WordPress</a> for more information. (This message was added in version 3.3.0.) in /wordpress/wp-includes/functions.php on line 6121
[30-May-2025 13:21:22 UTC] PHP Notice:  Function is_feed was called <strong>incorrectly</strong>. Conditional query tags do not work before the query is run. Before then, they always return false. Please see <a href="https://developer.wordpress.org/advanced-administration/debug/debug-wordpress/">Debugging in WordPress</a> for more information. (This message was added in version 3.1.0.) in /wordpress/wp-includes/functions.php on line 6121
[30-May-2025 13:21:31 UTC] PHP Notice:  Function wp_enqueue_script was called <strong>incorrectly</strong>. Scripts and styles should not be registered or enqueued until the <code>wp_enqueue_scripts</code>, <code>admin_enqueue_scripts</code>, or <code>login_enqueue_scripts</code> hooks. This notice was triggered by the <code>twitter_list</code> handle. Please see <a href="https://developer.wordpress.org/advanced-administration/debug/debug-wordpress/">Debugging in WordPress</a> for more information. (This message was added in version 3.3.0.) in /wordpress/wp-includes/functions.php on line 6121
[30-May-2025 13:21:31 UTC] PHP Notice:  Function wp_enqueue_style was called <strong>incorrectly</strong>. Scripts and styles should not be registered or enqueued until the <code>wp_enqueue_scripts</code>, <code>admin_enqueue_scripts</code>, or <code>login_enqueue_scripts</code> hooks. This notice was triggered by the <code>twitter_list</code> handle. Please see <a href="https://developer.wordpress.org/advanced-administration/debug/debug-wordpress/">Debugging in WordPress</a> for more information. (This message was added in version 3.3.0.) in /wordpress/wp-includes/functions.php on line 6121
[30-May-2025 13:21:31 UTC] PHP Notice:  Function is_feed was called <strong>incorrectly</strong>. Conditional query tags do not work before the query is run. Before then, they always return false. Please see <a href="https://developer.wordpress.org/advanced-administration/debug/debug-wordpress/">Debugging in WordPress</a> for more information. (This message was added in version 3.1.0.) in /wordpress/wp-includes/functions.php on line 6121

    at Object.onBind (file:///home/runner/work/playground-tester/playground-tester/node_modules/@wp-playground/cli/index.js:237:15)
    at process.processTicksAndRejections (node:internal/process/task_queues:105:5)
    at async V (file:///home/runner/work/playground-tester/playground-tester/node_modules/@wp-playground/cli/index.js:64:10)
    at async ja (file:///home/runner/work/playground-tester/playground-tester/node_modules/@wp-playground/cli/cli.js:8161:12) {
  [cause]: Error: Error when executing the blueprint step #1 ({"step":"installPlugin","pluginData":{"resource":"wordpress.org/plugins","slug":"two-factor-auth"},"options":{"activate":true}}) : Plugin /wordpress/wp-content/plugins/two-factor-auth could not be activated – WordPress exited with no error. Sometimes, when $_SERVER or site options are not configured correctly, WordPress exits early with a 301 redirect. Inspect the "debug" logs in the console for more details.
      at Object.run (file:///home/runner/work/playground-tester/playground-tester/node_modules/@wp-playground/blueprints/index.js:12449:19)
      at process.processTicksAndRejections (node:internal/process/task_queues:105:5)
      at async ms (file:///home/runner/work/playground-tester/playground-tester/node_modules/@wp-playground/blueprints/index.js:12552:3)
      ... 2 lines matching cause stack trace ...
      at async ja (file:///home/runner/work/playground-tester/playground-tester/node_modules/@wp-playground/cli/cli.js:8161:12) {
    [cause]: Error: Plugin /wordpress/wp-content/plugins/two-factor-auth could not be activated – WordPress exited with no error. Sometimes, when $_SERVER or site options are not configured correctly, WordPress exits early with a 301 redirect. Inspect the "debug" logs in the console for more details.
        at wr (file:///home/runner/work/playground-tester/playground-tester/node_modules/@wp-playground/blueprints/index.js:119:51)
        at process.processTicksAndRejections (node:internal/process/task_queues:105:5)
        at async Object.gt [as installPlugin] (file:///home/runner/work/playground-tester/playground-tester/node_modules/@wp-playground/blueprints/index.js:974:42)
        at async g (file:///home/runner/work/playground-tester/playground-tester/node_modules/@wp-playground/blueprints/index.js:12517:30)
        at async Object.run (file:///home/runner/work/playground-tester/playground-tester/node_modules/@wp-playground/blueprints/index.js:12446:23)
        at async ms (file:///home/runner/work/playground-tester/playground-tester/node_modules/@wp-playground/blueprints/index.js:12552:3)
        at async Object.onBind (file:///home/runner/work/playground-tester/playground-tester/node_modules/@wp-playground/cli/index.js:227:48)
        at async V (file:///home/runner/work/playground-tester/playground-tester/node_modules/@wp-playground/cli/index.js:64:10)
        at async ja (file:///home/runner/work/playground-tester/playground-tester/node_modules/@wp-playground/cli/cli.js:8161:12)
  }
}

Node.js v23.11.0
