[
  {
    "message": "file:///home/runner/work/playground-tester/playground-tester/node_modules/@wp-playground/cli/run-cli-j-geJYS3.js:325\n        throw new Error($, { cause: h });\n              ^\n",
    "level": "FATAL",
    "type": "PLAYGROUND",
    "test": "ast-sqlite-boot",
    "plugin": "random-posts-thumbnails",
    "details": "file:///home/runner/work/playground-tester/playground-tester/node_modules/@wp-playground/cli/run-cli-j-geJYS3.js:325\n        throw new Error($, { cause: h });\n              ^\n",
    "log": "/tmp/tmp.TNeIYeRIA7"
  },
  {
    "message": "Uncaught Error: Call to undefined function get_home_path() in /wordpress/wp-content/plugins/seahorse-gdpr-data-manager/classes/shgdprdm_gdprdatamanager.class.php:1821",
    "level": "FATAL",
    "type": "PHP",
    "test": "ast-sqlite-boot",
    "plugin": "random-posts-thumbnails",
    "details": "[28-Jun-2025 18:36:43 UTC] PHP Fatal error:  Uncaught Error: Call to undefined function get_home_path() in /wordpress/wp-content/plugins/seahorse-gdpr-data-manager/classes/shgdprdm_gdprdatamanager.class.php:1821\nStack trace:\n#0 /wordpress/wp-includes/class-wp-hook.php(324): SHGdprdm_GdprDataManager->shgdprdm_activate(false)\n#1 /wordpress/wp-includes/class-wp-hook.php(348): WP_Hook->apply_filters('', Array)\n#2 /wordpress/wp-includes/plugin.php(517): WP_Hook->do_action(Array)\n#3 /wordpress/wp-admin/includes/plugin.php(703): do_action('activate_seahor...', false)\n#4 /internal/eval.php(20): activate_plugin('seahorse-gdpr-d...')\n#5 {main}\n  thrown in /wordpress/wp-content/plugins/seahorse-gdpr-data-manager/classes/shgdprdm_gdprdatamanager.class.php on line 1821",
    "log": "/logs/plugins/r/random-posts-thumbnails/error.json"
  },
  {
    "message": "Uncaught Error: Call to undefined function get_home_path() in /wordpress/wp-content/plugins/seahorse-gdpr-data-manager/classes/shgdprdm_gdprdatamanager.class.php:1821",
    "level": "FATAL",
    "type": "PHP",
    "test": "ast-sqlite-boot",
    "plugin": "random-posts-thumbnails",
    "details": "[28-Jun-2025 18:36:53 UTC] PHP Fatal error:  Uncaught Error: Call to undefined function get_home_path() in /wordpress/wp-content/plugins/seahorse-gdpr-data-manager/classes/shgdprdm_gdprdatamanager.class.php:1821\nStack trace:\n#0 /wordpress/wp-includes/class-wp-hook.php(324): SHGdprdm_GdprDataManager->shgdprdm_activate(false)\n#1 /wordpress/wp-includes/class-wp-hook.php(348): WP_Hook->apply_filters('', Array)\n#2 /wordpress/wp-includes/plugin.php(517): WP_Hook->do_action(Array)\n#3 /wordpress/wp-admin/includes/plugin.php(703): do_action('activate_seahor...', false)\n#4 /internal/eval.php(20): activate_plugin('seahorse-gdpr-d...')\n#5 {main}\n  thrown in /wordpress/wp-content/plugins/seahorse-gdpr-data-manager/classes/shgdprdm_gdprdatamanager.class.php on line 1821",
    "log": "/logs/plugins/r/random-posts-thumbnails/error.json"
  },
  {
    "message": "Uncaught Error: Call to undefined function get_home_path() in /wordpress/wp-content/plugins/seahorse-gdpr-data-manager/classes/shgdprdm_gdprdatamanager.class.php:1821",
    "level": "FATAL",
    "type": "PHP",
    "test": "ast-sqlite-boot",
    "plugin": "random-posts-thumbnails",
    "details": "[28-Jun-2025 18:37:03 UTC] PHP Fatal error:  Uncaught Error: Call to undefined function get_home_path() in /wordpress/wp-content/plugins/seahorse-gdpr-data-manager/classes/shgdprdm_gdprdatamanager.class.php:1821\nStack trace:\n#0 /wordpress/wp-includes/class-wp-hook.php(324): SHGdprdm_GdprDataManager->shgdprdm_activate(false)\n#1 /wordpress/wp-includes/class-wp-hook.php(348): WP_Hook->apply_filters('', Array)\n#2 /wordpress/wp-includes/plugin.php(517): WP_Hook->do_action(Array)\n#3 /wordpress/wp-admin/includes/plugin.php(703): do_action('activate_seahor...', false)\n#4 /internal/eval.php(20): activate_plugin('seahorse-gdpr-d...')\n#5 {main}\n  thrown in /wordpress/wp-content/plugins/seahorse-gdpr-data-manager/classes/shgdprdm_gdprdatamanager.class.php on line 1821",
    "log": "/logs/plugins/r/random-posts-thumbnails/error.json"
  },
  {
    "message": "Function _load_textdomain_just_in_time was called <strong>incorrectly</strong>. Translation loading for the <code>sheet-to-wp-table-for-google-sheet</code> domain was triggered too early. This is usually an indicator for some code in the plugin or theme running too early. Translations should be loaded at the <code>init</code> action or later. Please see <a href=\"https://developer.wordpress.org/advanced-administration/debug/debug-wordpress/\">Debugging in WordPress</a> for more information. (This message was added in version 6.7.0.) in /wordpress/wp-includes/functions.php on line 6121",
    "level": "NOTICE",
    "type": "PHP",
    "test": "ast-sqlite-boot",
    "plugin": "random-posts-thumbnails",
    "details": "[28-Jun-2025 18:37:47 UTC] PHP Notice:  Function _load_textdomain_just_in_time was called <strong>incorrectly</strong>. Translation loading for the <code>sheet-to-wp-table-for-google-sheet</code> domain was triggered too early. This is usually an indicator for some code in the plugin or theme running too early. Translations should be loaded at the <code>init</code> action or later. Please see <a href=\"https://developer.wordpress.org/advanced-administration/debug/debug-wordpress/\">Debugging in WordPress</a> for more information. (This message was added in version 6.7.0.) in /wordpress/wp-includes/functions.php on line 6121",
    "log": "/logs/plugins/r/random-posts-thumbnails/error.json"
  },
  {
    "message": "Function _load_textdomain_just_in_time was called <strong>incorrectly</strong>. Translation loading for the <code>sheet-to-wp-table-for-google-sheet</code> domain was triggered too early. This is usually an indicator for some code in the plugin or theme running too early. Translations should be loaded at the <code>init</code> action or later. Please see <a href=\"https://developer.wordpress.org/advanced-administration/debug/debug-wordpress/\">Debugging in WordPress</a> for more information. (This message was added in version 6.7.0.) in /wordpress/wp-includes/functions.php on line 6121",
    "level": "NOTICE",
    "type": "PHP",
    "test": "ast-sqlite-boot",
    "plugin": "random-posts-thumbnails",
    "details": "[28-Jun-2025 18:37:56 UTC] PHP Notice:  Function _load_textdomain_just_in_time was called <strong>incorrectly</strong>. Translation loading for the <code>sheet-to-wp-table-for-google-sheet</code> domain was triggered too early. This is usually an indicator for some code in the plugin or theme running too early. Translations should be loaded at the <code>init</code> action or later. Please see <a href=\"https://developer.wordpress.org/advanced-administration/debug/debug-wordpress/\">Debugging in WordPress</a> for more information. (This message was added in version 6.7.0.) in /wordpress/wp-includes/functions.php on line 6121",
    "log": "/logs/plugins/r/random-posts-thumbnails/error.json"
  },
  {
    "message": "Function _load_textdomain_just_in_time was called <strong>incorrectly</strong>. Translation loading for the <code>sheet-to-wp-table-for-google-sheet</code> domain was triggered too early. This is usually an indicator for some code in the plugin or theme running too early. Translations should be loaded at the <code>init</code> action or later. Please see <a href=\"https://developer.wordpress.org/advanced-administration/debug/debug-wordpress/\">Debugging in WordPress</a> for more information. (This message was added in version 6.7.0.) in /wordpress/wp-includes/functions.php on line 6121",
    "level": "NOTICE",
    "type": "PHP",
    "test": "ast-sqlite-boot",
    "plugin": "random-posts-thumbnails",
    "details": "[28-Jun-2025 18:38:06 UTC] PHP Notice:  Function _load_textdomain_just_in_time was called <strong>incorrectly</strong>. Translation loading for the <code>sheet-to-wp-table-for-google-sheet</code> domain was triggered too early. This is usually an indicator for some code in the plugin or theme running too early. Translations should be loaded at the <code>init</code> action or later. Please see <a href=\"https://developer.wordpress.org/advanced-administration/debug/debug-wordpress/\">Debugging in WordPress</a> for more information. (This message was added in version 6.7.0.) in /wordpress/wp-includes/functions.php on line 6121",
    "log": "/logs/plugins/r/random-posts-thumbnails/error.json"
  },
  {
    "message": "Declaration of SimpleLatestPostsWidget::update($new_instance) must be compatible with WP_Widget::update($new_instance, $old_instance) in /wordpress/wp-content/plugins/simple-latest-posts-including-custom-posttypes-widget/simple-latest-posts-including-custom-posttypes.php on line 33",
    "level": "FATAL",
    "type": "PHP",
    "test": "ast-sqlite-boot",
    "plugin": "random-posts-thumbnails",
    "details": "[28-Jun-2025 18:38:16 UTC] PHP Fatal error:  Declaration of SimpleLatestPostsWidget::update($new_instance) must be compatible with WP_Widget::update($new_instance, $old_instance) in /wordpress/wp-content/plugins/simple-latest-posts-including-custom-posttypes-widget/simple-latest-posts-including-custom-posttypes.php on line 33",
    "log": "/logs/plugins/r/random-posts-thumbnails/error.json"
  },
  {
    "message": "Declaration of SimpleLatestPostsWidget::update($new_instance) must be compatible with WP_Widget::update($new_instance, $old_instance) in /wordpress/wp-content/plugins/simple-latest-posts-including-custom-posttypes-widget/simple-latest-posts-including-custom-posttypes.php on line 33",
    "level": "FATAL",
    "type": "PHP",
    "test": "ast-sqlite-boot",
    "plugin": "random-posts-thumbnails",
    "details": "[28-Jun-2025 18:38:24 UTC] PHP Fatal error:  Declaration of SimpleLatestPostsWidget::update($new_instance) must be compatible with WP_Widget::update($new_instance, $old_instance) in /wordpress/wp-content/plugins/simple-latest-posts-including-custom-posttypes-widget/simple-latest-posts-including-custom-posttypes.php on line 33",
    "log": "/logs/plugins/r/random-posts-thumbnails/error.json"
  },
  {
    "message": "Declaration of SimpleLatestPostsWidget::update($new_instance) must be compatible with WP_Widget::update($new_instance, $old_instance) in /wordpress/wp-content/plugins/simple-latest-posts-including-custom-posttypes-widget/simple-latest-posts-including-custom-posttypes.php on line 33",
    "level": "FATAL",
    "type": "PHP",
    "test": "ast-sqlite-boot",
    "plugin": "random-posts-thumbnails",
    "details": "[28-Jun-2025 18:38:33 UTC] PHP Fatal error:  Declaration of SimpleLatestPostsWidget::update($new_instance) must be compatible with WP_Widget::update($new_instance, $old_instance) in /wordpress/wp-content/plugins/simple-latest-posts-including-custom-posttypes-widget/simple-latest-posts-including-custom-posttypes.php on line 33",
    "log": "/logs/plugins/r/random-posts-thumbnails/error.json"
  },
  {
    "message": "Undefined array key \"action\" in /wordpress/wp-content/plugins/simple-optimizer/simple-optimizer-loader.php on line 28",
    "level": "WARNING",
    "type": "PHP",
    "test": "ast-sqlite-boot",
    "plugin": "random-posts-thumbnails",
    "details": "[28-Jun-2025 18:38:43 UTC] PHP Warning:  Undefined array key \"action\" in /wordpress/wp-content/plugins/simple-optimizer/simple-optimizer-loader.php on line 28",
    "log": "/logs/plugins/r/random-posts-thumbnails/error.json"
  },
  {
    "message": "Trying to access array offset on value of type bool in /wordpress/wp-content/plugins/simple-optimizer/simple-optimizer-plugin.php on line 85",
    "level": "WARNING",
    "type": "PHP",
    "test": "ast-sqlite-boot",
    "plugin": "random-posts-thumbnails",
    "details": "[28-Jun-2025 18:38:44 UTC] PHP Warning:  Trying to access array offset on value of type bool in /wordpress/wp-content/plugins/simple-optimizer/simple-optimizer-plugin.php on line 85",
    "log": "/logs/plugins/r/random-posts-thumbnails/error.json"
  },
  {
    "message": "Trying to access array offset on value of type null in /wordpress/wp-content/plugins/simple-optimizer/simple-optimizer-plugin.php on line 85",
    "level": "WARNING",
    "type": "PHP",
    "test": "ast-sqlite-boot",
    "plugin": "random-posts-thumbnails",
    "details": "[28-Jun-2025 18:38:44 UTC] PHP Warning:  Trying to access array offset on value of type null in /wordpress/wp-content/plugins/simple-optimizer/simple-optimizer-plugin.php on line 85",
    "log": "/logs/plugins/r/random-posts-thumbnails/error.json"
  },
  {
    "message": "Undefined array key \"action\" in /wordpress/wp-content/plugins/simple-optimizer/simple-optimizer-loader.php on line 28",
    "level": "WARNING",
    "type": "PHP",
    "test": "ast-sqlite-boot",
    "plugin": "random-posts-thumbnails",
    "details": "[28-Jun-2025 18:38:53 UTC] PHP Warning:  Undefined array key \"action\" in /wordpress/wp-content/plugins/simple-optimizer/simple-optimizer-loader.php on line 28",
    "log": "/logs/plugins/r/random-posts-thumbnails/error.json"
  },
  {
    "message": "Trying to access array offset on value of type bool in /wordpress/wp-content/plugins/simple-optimizer/simple-optimizer-plugin.php on line 85",
    "level": "WARNING",
    "type": "PHP",
    "test": "ast-sqlite-boot",
    "plugin": "random-posts-thumbnails",
    "details": "[28-Jun-2025 18:38:54 UTC] PHP Warning:  Trying to access array offset on value of type bool in /wordpress/wp-content/plugins/simple-optimizer/simple-optimizer-plugin.php on line 85",
    "log": "/logs/plugins/r/random-posts-thumbnails/error.json"
  },
  {
    "message": "Trying to access array offset on value of type null in /wordpress/wp-content/plugins/simple-optimizer/simple-optimizer-plugin.php on line 85",
    "level": "WARNING",
    "type": "PHP",
    "test": "ast-sqlite-boot",
    "plugin": "random-posts-thumbnails",
    "details": "[28-Jun-2025 18:38:54 UTC] PHP Warning:  Trying to access array offset on value of type null in /wordpress/wp-content/plugins/simple-optimizer/simple-optimizer-plugin.php on line 85",
    "log": "/logs/plugins/r/random-posts-thumbnails/error.json"
  },
  {
    "message": "Undefined array key \"action\" in /wordpress/wp-content/plugins/simple-optimizer/simple-optimizer-loader.php on line 28",
    "level": "WARNING",
    "type": "PHP",
    "test": "ast-sqlite-boot",
    "plugin": "random-posts-thumbnails",
    "details": "[28-Jun-2025 18:39:03 UTC] PHP Warning:  Undefined array key \"action\" in /wordpress/wp-content/plugins/simple-optimizer/simple-optimizer-loader.php on line 28",
    "log": "/logs/plugins/r/random-posts-thumbnails/error.json"
  },
  {
    "message": "Trying to access array offset on value of type bool in /wordpress/wp-content/plugins/simple-optimizer/simple-optimizer-plugin.php on line 85",
    "level": "WARNING",
    "type": "PHP",
    "test": "ast-sqlite-boot",
    "plugin": "random-posts-thumbnails",
    "details": "[28-Jun-2025 18:39:04 UTC] PHP Warning:  Trying to access array offset on value of type bool in /wordpress/wp-content/plugins/simple-optimizer/simple-optimizer-plugin.php on line 85",
    "log": "/logs/plugins/r/random-posts-thumbnails/error.json"
  },
  {
    "message": "Trying to access array offset on value of type null in /wordpress/wp-content/plugins/simple-optimizer/simple-optimizer-plugin.php on line 85",
    "level": "WARNING",
    "type": "PHP",
    "test": "ast-sqlite-boot",
    "plugin": "random-posts-thumbnails",
    "details": "[28-Jun-2025 18:39:04 UTC] PHP Warning:  Trying to access array offset on value of type null in /wordpress/wp-content/plugins/simple-optimizer/simple-optimizer-plugin.php on line 85",
    "log": "/logs/plugins/r/random-posts-thumbnails/error.json"
  },
  {
    "message": "File class-phpmailer.php is <strong>deprecated</strong> since version 5.5.0! Use wp-includes/PHPMailer/PHPMailer.php instead. The PHPMailer class has been moved to wp-includes/PHPMailer subdirectory and now uses the PHPMailer\\PHPMailer namespace. in /wordpress/wp-includes/functions.php on line 6121",
    "level": "DEPRECATED",
    "type": "PHP",
    "test": "ast-sqlite-boot",
    "plugin": "random-posts-thumbnails",
    "details": "[28-Jun-2025 18:40:14 UTC] PHP Deprecated:  File class-phpmailer.php is <strong>deprecated</strong> since version 5.5.0! Use wp-includes/PHPMailer/PHPMailer.php instead. The PHPMailer class has been moved to wp-includes/PHPMailer subdirectory and now uses the PHPMailer\\PHPMailer namespace. in /wordpress/wp-includes/functions.php on line 6121",
    "log": "/logs/plugins/r/random-posts-thumbnails/error.json"
  },
  {
    "message": "File class-phpmailer.php is <strong>deprecated</strong> since version 5.5.0! Use wp-includes/PHPMailer/PHPMailer.php instead. The PHPMailer class has been moved to wp-includes/PHPMailer subdirectory and now uses the PHPMailer\\PHPMailer namespace. in /wordpress/wp-includes/functions.php on line 6121",
    "level": "DEPRECATED",
    "type": "PHP",
    "test": "ast-sqlite-boot",
    "plugin": "random-posts-thumbnails",
    "details": "[28-Jun-2025 18:40:15 UTC] PHP Deprecated:  File class-phpmailer.php is <strong>deprecated</strong> since version 5.5.0! Use wp-includes/PHPMailer/PHPMailer.php instead. The PHPMailer class has been moved to wp-includes/PHPMailer subdirectory and now uses the PHPMailer\\PHPMailer namespace. in /wordpress/wp-includes/functions.php on line 6121",
    "log": "/logs/plugins/r/random-posts-thumbnails/error.json"
  },
  {
    "message": "File class-phpmailer.php is <strong>deprecated</strong> since version 5.5.0! Use wp-includes/PHPMailer/PHPMailer.php instead. The PHPMailer class has been moved to wp-includes/PHPMailer subdirectory and now uses the PHPMailer\\PHPMailer namespace. in /wordpress/wp-includes/functions.php on line 6121",
    "level": "DEPRECATED",
    "type": "PHP",
    "test": "ast-sqlite-boot",
    "plugin": "random-posts-thumbnails",
    "details": "[28-Jun-2025 18:40:24 UTC] PHP Deprecated:  File class-phpmailer.php is <strong>deprecated</strong> since version 5.5.0! Use wp-includes/PHPMailer/PHPMailer.php instead. The PHPMailer class has been moved to wp-includes/PHPMailer subdirectory and now uses the PHPMailer\\PHPMailer namespace. in /wordpress/wp-includes/functions.php on line 6121",
    "log": "/logs/plugins/r/random-posts-thumbnails/error.json"
  },
  {
    "message": "File class-phpmailer.php is <strong>deprecated</strong> since version 5.5.0! Use wp-includes/PHPMailer/PHPMailer.php instead. The PHPMailer class has been moved to wp-includes/PHPMailer subdirectory and now uses the PHPMailer\\PHPMailer namespace. in /wordpress/wp-includes/functions.php on line 6121",
    "level": "DEPRECATED",
    "type": "PHP",
    "test": "ast-sqlite-boot",
    "plugin": "random-posts-thumbnails",
    "details": "[28-Jun-2025 18:40:25 UTC] PHP Deprecated:  File class-phpmailer.php is <strong>deprecated</strong> since version 5.5.0! Use wp-includes/PHPMailer/PHPMailer.php instead. The PHPMailer class has been moved to wp-includes/PHPMailer subdirectory and now uses the PHPMailer\\PHPMailer namespace. in /wordpress/wp-includes/functions.php on line 6121",
    "log": "/logs/plugins/r/random-posts-thumbnails/error.json"
  },
  {
    "message": "File class-phpmailer.php is <strong>deprecated</strong> since version 5.5.0! Use wp-includes/PHPMailer/PHPMailer.php instead. The PHPMailer class has been moved to wp-includes/PHPMailer subdirectory and now uses the PHPMailer\\PHPMailer namespace. in /wordpress/wp-includes/functions.php on line 6121",
    "level": "DEPRECATED",
    "type": "PHP",
    "test": "ast-sqlite-boot",
    "plugin": "random-posts-thumbnails",
    "details": "[28-Jun-2025 18:40:34 UTC] PHP Deprecated:  File class-phpmailer.php is <strong>deprecated</strong> since version 5.5.0! Use wp-includes/PHPMailer/PHPMailer.php instead. The PHPMailer class has been moved to wp-includes/PHPMailer subdirectory and now uses the PHPMailer\\PHPMailer namespace. in /wordpress/wp-includes/functions.php on line 6121",
    "log": "/logs/plugins/r/random-posts-thumbnails/error.json"
  },
  {
    "message": "File class-phpmailer.php is <strong>deprecated</strong> since version 5.5.0! Use wp-includes/PHPMailer/PHPMailer.php instead. The PHPMailer class has been moved to wp-includes/PHPMailer subdirectory and now uses the PHPMailer\\PHPMailer namespace. in /wordpress/wp-includes/functions.php on line 6121",
    "level": "DEPRECATED",
    "type": "PHP",
    "test": "ast-sqlite-boot",
    "plugin": "random-posts-thumbnails",
    "details": "[28-Jun-2025 18:40:35 UTC] PHP Deprecated:  File class-phpmailer.php is <strong>deprecated</strong> since version 5.5.0! Use wp-includes/PHPMailer/PHPMailer.php instead. The PHPMailer class has been moved to wp-includes/PHPMailer subdirectory and now uses the PHPMailer\\PHPMailer namespace. in /wordpress/wp-includes/functions.php on line 6121",
    "log": "/logs/plugins/r/random-posts-thumbnails/error.json"
  },
  {
    "message": "Uncaught Error: Call to undefined function create_function() in /wordpress/wp-content/plugins/strx-youtube-widget/strx-widget.php:33",
    "level": "FATAL",
    "type": "PHP",
    "test": "ast-sqlite-boot",
    "plugin": "random-posts-thumbnails",
    "details": "[28-Jun-2025 18:42:44 UTC] PHP Fatal error:  Uncaught Error: Call to undefined function create_function() in /wordpress/wp-content/plugins/strx-youtube-widget/strx-widget.php:33\nStack trace:\n#0 /wordpress/wp-content/plugins/strx-youtube-widget/strx-youtube-embed-urls-widget.php(57): Strx_Widget::w_init('StrxYoutubeEmbe...')\n#1 /wordpress/wp-content/plugins/strx-youtube-widget/strx-youtube-embed-widget.php(12): require_once('/wordpress/wp-c...')\n#2 /wordpress/wp-admin/includes/plugin.php(2387): include_once('/wordpress/wp-c...')\n#3 /wordpress/wp-admin/includes/plugin.php(673): plugin_sandbox_scrape('strx-youtube-wi...')\n#4 /internal/eval.php(20): activate_plugin('strx-youtube-wi...')\n#5 {main}\n  thrown in /wordpress/wp-content/plugins/strx-youtube-widget/strx-widget.php on line 33",
    "log": "/logs/plugins/r/random-posts-thumbnails/error.json"
  },
  {
    "message": "Uncaught Error: Call to undefined function create_function() in /wordpress/wp-content/plugins/strx-youtube-widget/strx-widget.php:33",
    "level": "FATAL",
    "type": "PHP",
    "test": "ast-sqlite-boot",
    "plugin": "random-posts-thumbnails",
    "details": "[28-Jun-2025 18:42:53 UTC] PHP Fatal error:  Uncaught Error: Call to undefined function create_function() in /wordpress/wp-content/plugins/strx-youtube-widget/strx-widget.php:33\nStack trace:\n#0 /wordpress/wp-content/plugins/strx-youtube-widget/strx-youtube-embed-urls-widget.php(57): Strx_Widget::w_init('StrxYoutubeEmbe...')\n#1 /wordpress/wp-content/plugins/strx-youtube-widget/strx-youtube-embed-widget.php(12): require_once('/wordpress/wp-c...')\n#2 /wordpress/wp-admin/includes/plugin.php(2387): include_once('/wordpress/wp-c...')\n#3 /wordpress/wp-admin/includes/plugin.php(673): plugin_sandbox_scrape('strx-youtube-wi...')\n#4 /internal/eval.php(20): activate_plugin('strx-youtube-wi...')\n#5 {main}\n  thrown in /wordpress/wp-content/plugins/strx-youtube-widget/strx-widget.php on line 33",
    "log": "/logs/plugins/r/random-posts-thumbnails/error.json"
  },
  {
    "message": "Uncaught Error: Call to undefined function create_function() in /wordpress/wp-content/plugins/strx-youtube-widget/strx-widget.php:33",
    "level": "FATAL",
    "type": "PHP",
    "test": "ast-sqlite-boot",
    "plugin": "random-posts-thumbnails",
    "details": "[28-Jun-2025 18:43:02 UTC] PHP Fatal error:  Uncaught Error: Call to undefined function create_function() in /wordpress/wp-content/plugins/strx-youtube-widget/strx-widget.php:33\nStack trace:\n#0 /wordpress/wp-content/plugins/strx-youtube-widget/strx-youtube-embed-urls-widget.php(57): Strx_Widget::w_init('StrxYoutubeEmbe...')\n#1 /wordpress/wp-content/plugins/strx-youtube-widget/strx-youtube-embed-widget.php(12): require_once('/wordpress/wp-c...')\n#2 /wordpress/wp-admin/includes/plugin.php(2387): include_once('/wordpress/wp-c...')\n#3 /wordpress/wp-admin/includes/plugin.php(673): plugin_sandbox_scrape('strx-youtube-wi...')\n#4 /internal/eval.php(20): activate_plugin('strx-youtube-wi...')\n#5 {main}\n  thrown in /wordpress/wp-content/plugins/strx-youtube-widget/strx-widget.php on line 33",
    "log": "/logs/plugins/r/random-posts-thumbnails/error.json"
  },
  {
    "message": "Function add_option was called with an argument that is <strong>deprecated</strong> since version 2.3.0 with no alternative available. in /wordpress/wp-includes/functions.php on line 6121",
    "level": "DEPRECATED",
    "type": "PHP",
    "test": "ast-sqlite-boot",
    "plugin": "random-posts-thumbnails",
    "details": "[28-Jun-2025 18:43:11 UTC] PHP Deprecated:  Function add_option was called with an argument that is <strong>deprecated</strong> since version 2.3.0 with no alternative available. in /wordpress/wp-includes/functions.php on line 6121",
    "log": "/logs/plugins/r/random-posts-thumbnails/error.json"
  },
  {
    "message": "Function add_option was called with an argument that is <strong>deprecated</strong> since version 2.3.0 with no alternative available. in /wordpress/wp-includes/functions.php on line 6121",
    "level": "DEPRECATED",
    "type": "PHP",
    "test": "ast-sqlite-boot",
    "plugin": "random-posts-thumbnails",
    "details": "[28-Jun-2025 18:43:20 UTC] PHP Deprecated:  Function add_option was called with an argument that is <strong>deprecated</strong> since version 2.3.0 with no alternative available. in /wordpress/wp-includes/functions.php on line 6121",
    "log": "/logs/plugins/r/random-posts-thumbnails/error.json"
  },
  {
    "message": "Function add_option was called with an argument that is <strong>deprecated</strong> since version 2.3.0 with no alternative available. in /wordpress/wp-includes/functions.php on line 6121",
    "level": "DEPRECATED",
    "type": "PHP",
    "test": "ast-sqlite-boot",
    "plugin": "random-posts-thumbnails",
    "details": "[28-Jun-2025 18:43:31 UTC] PHP Deprecated:  Function add_option was called with an argument that is <strong>deprecated</strong> since version 2.3.0 with no alternative available. in /wordpress/wp-includes/functions.php on line 6121",
    "log": "/logs/plugins/r/random-posts-thumbnails/error.json"
  },
  {
    "message": "Uncaught PDOException: SQLSTATE[HY000] [2002] Address family not supported by protocol in /wordpress/wp-content/plugins/rise-hotel-booking/rise-hotel-booking.php:167",
    "level": "FATAL",
    "type": "PHP",
    "test": "ast-sqlite-boot",
    "plugin": "random-posts-thumbnails",
    "details": "[28-Jun-2025 18:45:14 UTC] PHP Fatal error:  Uncaught PDOException: SQLSTATE[HY000] [2002] Address family not supported by protocol in /wordpress/wp-content/plugins/rise-hotel-booking/rise-hotel-booking.php:167\nStack trace:\n#0 /wordpress/wp-content/plugins/rise-hotel-booking/rise-hotel-booking.php(167): PDO->__construct('mysql:host=loca...', 'username_here', 'password_here')\n#1 /wordpress/wp-includes/class-wp-hook.php(324): RISE->createTables(false)\n#2 /wordpress/wp-includes/class-wp-hook.php(348): WP_Hook->apply_filters('', Array)\n#3 /wordpress/wp-includes/plugin.php(517): WP_Hook->do_action(Array)\n#4 /wordpress/wp-admin/includes/plugin.php(703): do_action('activate_rise-h...', false)\n#5 /internal/eval.php(20): activate_plugin('rise-hotel-book...')\n#6 {main}\n  thrown in /wordpress/wp-content/plugins/rise-hotel-booking/rise-hotel-booking.php on line 167",
    "log": "/logs/plugins/r/random-posts-thumbnails/error.json"
  },
  {
    "message": "Uncaught PDOException: SQLSTATE[HY000] [2002] Address family not supported by protocol in /wordpress/wp-content/plugins/rise-hotel-booking/rise-hotel-booking.php:167",
    "level": "FATAL",
    "type": "PHP",
    "test": "ast-sqlite-boot",
    "plugin": "random-posts-thumbnails",
    "details": "[28-Jun-2025 18:45:25 UTC] PHP Fatal error:  Uncaught PDOException: SQLSTATE[HY000] [2002] Address family not supported by protocol in /wordpress/wp-content/plugins/rise-hotel-booking/rise-hotel-booking.php:167\nStack trace:\n#0 /wordpress/wp-content/plugins/rise-hotel-booking/rise-hotel-booking.php(167): PDO->__construct('mysql:host=loca...', 'username_here', 'password_here')\n#1 /wordpress/wp-includes/class-wp-hook.php(324): RISE->createTables(false)\n#2 /wordpress/wp-includes/class-wp-hook.php(348): WP_Hook->apply_filters('', Array)\n#3 /wordpress/wp-includes/plugin.php(517): WP_Hook->do_action(Array)\n#4 /wordpress/wp-admin/includes/plugin.php(703): do_action('activate_rise-h...', false)\n#5 /internal/eval.php(20): activate_plugin('rise-hotel-book...')\n#6 {main}\n  thrown in /wordpress/wp-content/plugins/rise-hotel-booking/rise-hotel-booking.php on line 167",
    "log": "/logs/plugins/r/random-posts-thumbnails/error.json"
  },
  {
    "message": "Uncaught PDOException: SQLSTATE[HY000] [2002] Address family not supported by protocol in /wordpress/wp-content/plugins/rise-hotel-booking/rise-hotel-booking.php:167",
    "level": "FATAL",
    "type": "PHP",
    "test": "ast-sqlite-boot",
    "plugin": "random-posts-thumbnails",
    "details": "[28-Jun-2025 18:45:36 UTC] PHP Fatal error:  Uncaught PDOException: SQLSTATE[HY000] [2002] Address family not supported by protocol in /wordpress/wp-content/plugins/rise-hotel-booking/rise-hotel-booking.php:167\nStack trace:\n#0 /wordpress/wp-content/plugins/rise-hotel-booking/rise-hotel-booking.php(167): PDO->__construct('mysql:host=loca...', 'username_here', 'password_here')\n#1 /wordpress/wp-includes/class-wp-hook.php(324): RISE->createTables(false)\n#2 /wordpress/wp-includes/class-wp-hook.php(348): WP_Hook->apply_filters('', Array)\n#3 /wordpress/wp-includes/plugin.php(517): WP_Hook->do_action(Array)\n#4 /wordpress/wp-admin/includes/plugin.php(703): do_action('activate_rise-h...', false)\n#5 /internal/eval.php(20): activate_plugin('rise-hotel-book...')\n#6 {main}\n  thrown in /wordpress/wp-content/plugins/rise-hotel-booking/rise-hotel-booking.php on line 167",
    "log": "/logs/plugins/r/random-posts-thumbnails/error.json"
  },
  {
    "message": "Required parameter $wrapper follows optional parameter $type in /wordpress/wp-content/plugins/rw-divi-unite-gallery/freemius/includes/class-fs-logger.php on line 145",
    "level": "DEPRECATED",
    "type": "PHP",
    "test": "ast-sqlite-boot",
    "plugin": "random-posts-thumbnails",
    "details": "[28-Jun-2025 18:45:46 UTC] PHP Deprecated:  Required parameter $wrapper follows optional parameter $type in /wordpress/wp-content/plugins/rw-divi-unite-gallery/freemius/includes/class-fs-logger.php on line 145",
    "log": "/logs/plugins/r/random-posts-thumbnails/error.json"
  },
  {
    "message": "Required parameter $function_name follows optional parameter $content in /wordpress/wp-content/plugins/rw-divi-unite-gallery/custom-modules/divi-unite-gallery.php on line 269",
    "level": "DEPRECATED",
    "type": "PHP",
    "test": "ast-sqlite-boot",
    "plugin": "random-posts-thumbnails",
    "details": "[28-Jun-2025 18:45:46 UTC] PHP Deprecated:  Required parameter $function_name follows optional parameter $content in /wordpress/wp-content/plugins/rw-divi-unite-gallery/custom-modules/divi-unite-gallery.php on line 269",
    "log": "/logs/plugins/r/random-posts-thumbnails/error.json"
  },
  {
    "message": "Required parameter $wrapper follows optional parameter $type in /wordpress/wp-content/plugins/rw-divi-unite-gallery/freemius/includes/class-fs-logger.php on line 145",
    "level": "DEPRECATED",
    "type": "PHP",
    "test": "ast-sqlite-boot",
    "plugin": "random-posts-thumbnails",
    "details": "[28-Jun-2025 18:45:48 UTC] PHP Deprecated:  Required parameter $wrapper follows optional parameter $type in /wordpress/wp-content/plugins/rw-divi-unite-gallery/freemius/includes/class-fs-logger.php on line 145",
    "log": "/logs/plugins/r/random-posts-thumbnails/error.json"
  },
  {
    "message": "Required parameter $function_name follows optional parameter $content in /wordpress/wp-content/plugins/rw-divi-unite-gallery/custom-modules/divi-unite-gallery.php on line 269",
    "level": "DEPRECATED",
    "type": "PHP",
    "test": "ast-sqlite-boot",
    "plugin": "random-posts-thumbnails",
    "details": "[28-Jun-2025 18:45:48 UTC] PHP Deprecated:  Required parameter $function_name follows optional parameter $content in /wordpress/wp-content/plugins/rw-divi-unite-gallery/custom-modules/divi-unite-gallery.php on line 269",
    "log": "/logs/plugins/r/random-posts-thumbnails/error.json"
  },
  {
    "message": "Required parameter $wrapper follows optional parameter $type in /wordpress/wp-content/plugins/rw-divi-unite-gallery/freemius/includes/class-fs-logger.php on line 145",
    "level": "DEPRECATED",
    "type": "PHP",
    "test": "ast-sqlite-boot",
    "plugin": "random-posts-thumbnails",
    "details": "[28-Jun-2025 18:45:57 UTC] PHP Deprecated:  Required parameter $wrapper follows optional parameter $type in /wordpress/wp-content/plugins/rw-divi-unite-gallery/freemius/includes/class-fs-logger.php on line 145",
    "log": "/logs/plugins/r/random-posts-thumbnails/error.json"
  },
  {
    "message": "Required parameter $function_name follows optional parameter $content in /wordpress/wp-content/plugins/rw-divi-unite-gallery/custom-modules/divi-unite-gallery.php on line 269",
    "level": "DEPRECATED",
    "type": "PHP",
    "test": "ast-sqlite-boot",
    "plugin": "random-posts-thumbnails",
    "details": "[28-Jun-2025 18:45:58 UTC] PHP Deprecated:  Required parameter $function_name follows optional parameter $content in /wordpress/wp-content/plugins/rw-divi-unite-gallery/custom-modules/divi-unite-gallery.php on line 269",
    "log": "/logs/plugins/r/random-posts-thumbnails/error.json"
  },
  {
    "message": "Required parameter $wrapper follows optional parameter $type in /wordpress/wp-content/plugins/rw-divi-unite-gallery/freemius/includes/class-fs-logger.php on line 145",
    "level": "DEPRECATED",
    "type": "PHP",
    "test": "ast-sqlite-boot",
    "plugin": "random-posts-thumbnails",
    "details": "[28-Jun-2025 18:45:59 UTC] PHP Deprecated:  Required parameter $wrapper follows optional parameter $type in /wordpress/wp-content/plugins/rw-divi-unite-gallery/freemius/includes/class-fs-logger.php on line 145",
    "log": "/logs/plugins/r/random-posts-thumbnails/error.json"
  },
  {
    "message": "Required parameter $function_name follows optional parameter $content in /wordpress/wp-content/plugins/rw-divi-unite-gallery/custom-modules/divi-unite-gallery.php on line 269",
    "level": "DEPRECATED",
    "type": "PHP",
    "test": "ast-sqlite-boot",
    "plugin": "random-posts-thumbnails",
    "details": "[28-Jun-2025 18:45:59 UTC] PHP Deprecated:  Required parameter $function_name follows optional parameter $content in /wordpress/wp-content/plugins/rw-divi-unite-gallery/custom-modules/divi-unite-gallery.php on line 269",
    "log": "/logs/plugins/r/random-posts-thumbnails/error.json"
  },
  {
    "message": "Required parameter $wrapper follows optional parameter $type in /wordpress/wp-content/plugins/rw-divi-unite-gallery/freemius/includes/class-fs-logger.php on line 145",
    "level": "DEPRECATED",
    "type": "PHP",
    "test": "ast-sqlite-boot",
    "plugin": "random-posts-thumbnails",
    "details": "[28-Jun-2025 18:46:09 UTC] PHP Deprecated:  Required parameter $wrapper follows optional parameter $type in /wordpress/wp-content/plugins/rw-divi-unite-gallery/freemius/includes/class-fs-logger.php on line 145",
    "log": "/logs/plugins/r/random-posts-thumbnails/error.json"
  },
  {
    "message": "Required parameter $function_name follows optional parameter $content in /wordpress/wp-content/plugins/rw-divi-unite-gallery/custom-modules/divi-unite-gallery.php on line 269",
    "level": "DEPRECATED",
    "type": "PHP",
    "test": "ast-sqlite-boot",
    "plugin": "random-posts-thumbnails",
    "details": "[28-Jun-2025 18:46:09 UTC] PHP Deprecated:  Required parameter $function_name follows optional parameter $content in /wordpress/wp-content/plugins/rw-divi-unite-gallery/custom-modules/divi-unite-gallery.php on line 269",
    "log": "/logs/plugins/r/random-posts-thumbnails/error.json"
  },
  {
    "message": "Required parameter $wrapper follows optional parameter $type in /wordpress/wp-content/plugins/rw-divi-unite-gallery/freemius/includes/class-fs-logger.php on line 145",
    "level": "DEPRECATED",
    "type": "PHP",
    "test": "ast-sqlite-boot",
    "plugin": "random-posts-thumbnails",
    "details": "[28-Jun-2025 18:46:10 UTC] PHP Deprecated:  Required parameter $wrapper follows optional parameter $type in /wordpress/wp-content/plugins/rw-divi-unite-gallery/freemius/includes/class-fs-logger.php on line 145",
    "log": "/logs/plugins/r/random-posts-thumbnails/error.json"
  },
  {
    "message": "Required parameter $function_name follows optional parameter $content in /wordpress/wp-content/plugins/rw-divi-unite-gallery/custom-modules/divi-unite-gallery.php on line 269",
    "level": "DEPRECATED",
    "type": "PHP",
    "test": "ast-sqlite-boot",
    "plugin": "random-posts-thumbnails",
    "details": "[28-Jun-2025 18:46:10 UTC] PHP Deprecated:  Required parameter $function_name follows optional parameter $content in /wordpress/wp-content/plugins/rw-divi-unite-gallery/custom-modules/divi-unite-gallery.php on line 269",
    "log": "/logs/plugins/r/random-posts-thumbnails/error.json"
  },
  {
    "message": "Uncaught Error: Call to undefined function create_function() in /wordpress/wp-content/plugins/random-excerpts-fader/RandomExcerptsFader.php:262",
    "level": "FATAL",
    "type": "PHP",
    "test": "ast-sqlite-boot",
    "plugin": "random-posts-thumbnails",
    "details": "[28-Jun-2025 18:46:20 UTC] PHP Fatal error:  Uncaught Error: Call to undefined function create_function() in /wordpress/wp-content/plugins/random-excerpts-fader/RandomExcerptsFader.php:262\nStack trace:\n#0 /wordpress/wp-admin/includes/plugin.php(2387): include_once()\n#1 /wordpress/wp-admin/includes/plugin.php(673): plugin_sandbox_scrape('random-excerpts...')\n#2 /internal/eval.php(20): activate_plugin('random-excerpts...')\n#3 {main}\n  thrown in /wordpress/wp-content/plugins/random-excerpts-fader/RandomExcerptsFader.php on line 262",
    "log": "/logs/plugins/r/random-posts-thumbnails/error.json"
  },
  {
    "message": "Uncaught Error: Call to undefined function create_function() in /wordpress/wp-content/plugins/random-excerpts-fader/RandomExcerptsFader.php:262",
    "level": "FATAL",
    "type": "PHP",
    "test": "ast-sqlite-boot",
    "plugin": "random-posts-thumbnails",
    "details": "[28-Jun-2025 18:46:28 UTC] PHP Fatal error:  Uncaught Error: Call to undefined function create_function() in /wordpress/wp-content/plugins/random-excerpts-fader/RandomExcerptsFader.php:262\nStack trace:\n#0 /wordpress/wp-admin/includes/plugin.php(2387): include_once()\n#1 /wordpress/wp-admin/includes/plugin.php(673): plugin_sandbox_scrape('random-excerpts...')\n#2 /internal/eval.php(20): activate_plugin('random-excerpts...')\n#3 {main}\n  thrown in /wordpress/wp-content/plugins/random-excerpts-fader/RandomExcerptsFader.php on line 262",
    "log": "/logs/plugins/r/random-posts-thumbnails/error.json"
  },
  {
    "message": "Uncaught Error: Call to undefined function create_function() in /wordpress/wp-content/plugins/random-excerpts-fader/RandomExcerptsFader.php:262",
    "level": "FATAL",
    "type": "PHP",
    "test": "ast-sqlite-boot",
    "plugin": "random-posts-thumbnails",
    "details": "[28-Jun-2025 18:46:37 UTC] PHP Fatal error:  Uncaught Error: Call to undefined function create_function() in /wordpress/wp-content/plugins/random-excerpts-fader/RandomExcerptsFader.php:262\nStack trace:\n#0 /wordpress/wp-admin/includes/plugin.php(2387): include_once()\n#1 /wordpress/wp-admin/includes/plugin.php(673): plugin_sandbox_scrape('random-excerpts...')\n#2 /internal/eval.php(20): activate_plugin('random-excerpts...')\n#3 {main}\n  thrown in /wordpress/wp-content/plugins/random-excerpts-fader/RandomExcerptsFader.php on line 262\n\n    at Object.onBind (file:///home/runner/work/playground-tester/playground-tester/node_modules/@wp-playground/cli/run-cli-j-geJYS3.js:325:15)\n    at process.processTicksAndRejections (node:internal/process/task_queues:105:5)\n    at async re (file:///home/runner/work/playground-tester/playground-tester/node_modules/@wp-playground/cli/run-cli-j-geJYS3.js:149:10) {\n  [cause]: Error: Error when executing the blueprint step #5 ({\"step\":\"installPlugin\",\"pluginData\":{\"resource\":\"wordpress.org/plugins\",\"slug\":\"random-posts-thumbnails\"},\"options\":{\"activate\":true}}) : Could not download \"https://downloads.wordpress.org/plugin/random-posts-thumbnails.latest-stable.zip\".\n  \t\t\t\tCheck if the URL is correct and the server is reachable.\n  \t\t\t\tIf it is reachable, the server might be blocking the request.\n  \t\t\t\tCheck the browser console and network tabs for more information.\n  \n  \t\t\t\t## Does the console show the error \"No 'Access-Control-Allow-Origin' header\"?\n  \n  \t\t\t\tThis means the server that hosts your file does not allow requests from other sites\n  \t\t\t\t(cross-origin requests, or CORS).\tYou need to move the asset to a server that allows\n  \t\t\t\tcross-origin file downloads. Learn more about CORS at\n  \t\t\t\thttps://developer.mozilla.org/en-US/docs/Web/HTTP/CORS.\n  \n  \t\t\t\tIf your file is on GitHub, load it from \"raw.githubusercontent.com\".\n  \t\t\t\tHere's how to do that:\n  \n  \t\t\t\t1. Start with the original GitHub URL of the file. For example:\n  \t\t\t\thttps://github.com/username/repository/blob/branch/filename.\n  \t\t\t\t2. Replace \"github.com\" with \"raw.githubusercontent.com\".\n  \t\t\t\t3. Remove the \"/blob/\" part of the URL.\n  \n  \t\t\t\tThe resulting URL should look like this:\n  \t\t\t\thttps://raw.githubusercontent.com/username/repository/branch/filename\n  \n  \t\t\t\tError:\n  \t\t\t\tError: Could not download \"https://downloads.wordpress.org/plugin/random-posts-thumbnails.latest-stable.zip\"\n      at Object.run (file:///home/runner/work/playground-tester/playground-tester/node_modules/@wp-playground/blueprints/index.js:12093:19)\n      at process.processTicksAndRejections (node:internal/process/task_queues:105:5)\n      at async ys (file:///home/runner/work/playground-tester/playground-tester/node_modules/@wp-playground/blueprints/index.js:12196:3)\n      at async Object.onBind (file:///home/runner/work/playground-tester/playground-tester/node_modules/@wp-playground/cli/run-cli-j-geJYS3.js:315:48)\n      at async re (file:///home/runner/work/playground-tester/playground-tester/node_modules/@wp-playground/cli/run-cli-j-geJYS3.js:149:10) {\n    [cause]: Error: Could not download \"https://downloads.wordpress.org/plugin/random-posts-thumbnails.latest-stable.zip\".\n    \t\t\t\tCheck if the URL is correct and the server is reachable.\n    \t\t\t\tIf it is reachable, the server might be blocking the request.\n    \t\t\t\tCheck the browser console and network tabs for more information.\n    \n    \t\t\t\t## Does the console show the error \"No 'Access-Control-Allow-Origin' header\"?\n    \n    \t\t\t\tThis means the server that hosts your file does not allow requests from other sites\n    \t\t\t\t(cross-origin requests, or CORS).\tYou need to move the asset to a server that allows\n    \t\t\t\tcross-origin file downloads. Learn more about CORS at\n    \t\t\t\thttps://developer.mozilla.org/en-US/docs/Web/HTTP/CORS.\n    \n    \t\t\t\tIf your file is on GitHub, load it from \"raw.githubusercontent.com\".\n    \t\t\t\tHere's how to do that:\n    \n    \t\t\t\t1. Start with the original GitHub URL of the file. For example:\n    \t\t\t\thttps://github.com/username/repository/blob/branch/filename.\n    \t\t\t\t2. Replace \"github.com\" with \"raw.githubusercontent.com\".\n    \t\t\t\t3. Remove the \"/blob/\" part of the URL.\n    \n    \t\t\t\tThe resulting URL should look like this:\n    \t\t\t\thttps://raw.githubusercontent.com/username/repository/branch/filename\n    \n    \t\t\t\tError:\n    \t\t\t\tError: Could not download \"https://downloads.wordpress.org/plugin/random-posts-thumbnails.latest-stable.zip\"\n        at Ct.resolve (file:///home/runner/work/playground-tester/playground-tester/node_modules/@wp-playground/blueprints/index.js:1129:13)\n        at process.processTicksAndRejections (node:internal/process/task_queues:105:5)\n        at async _.run (file:///home/runner/work/playground-tester/playground-tester/node_modules/@php-wasm/util/index.js:45:14)\n  }\n}\n\n",
    "log": "/logs/plugins/r/random-posts-thumbnails/error.json"
  },
  {
    "message": "file:///home/runner/work/playground-tester/playground-tester/node_modules/@wp-playground/cli/run-cli-j-geJYS3.js:325\n        throw new Error($, { cause: h });\n              ^\n",
    "level": "FATAL",
    "type": "PLAYGROUND",
    "test": "asyncify-boot",
    "plugin": "random-posts-thumbnails",
    "details": "file:///home/runner/work/playground-tester/playground-tester/node_modules/@wp-playground/cli/run-cli-j-geJYS3.js:325\n        throw new Error($, { cause: h });\n              ^\n",
    "log": "/tmp/tmp.fNzxTGubMU"
  },
  {
    "message": "Uncaught Error: Call to undefined function get_home_path() in /wordpress/wp-content/plugins/seahorse-gdpr-data-manager/classes/shgdprdm_gdprdatamanager.class.php:1821",
    "level": "FATAL",
    "type": "PHP",
    "test": "asyncify-boot",
    "plugin": "random-posts-thumbnails",
    "details": "[28-Jun-2025 18:36:43 UTC] PHP Fatal error:  Uncaught Error: Call to undefined function get_home_path() in /wordpress/wp-content/plugins/seahorse-gdpr-data-manager/classes/shgdprdm_gdprdatamanager.class.php:1821\nStack trace:\n#0 /wordpress/wp-includes/class-wp-hook.php(324): SHGdprdm_GdprDataManager->shgdprdm_activate(false)\n#1 /wordpress/wp-includes/class-wp-hook.php(348): WP_Hook->apply_filters('', Array)\n#2 /wordpress/wp-includes/plugin.php(517): WP_Hook->do_action(Array)\n#3 /wordpress/wp-admin/includes/plugin.php(703): do_action('activate_seahor...', false)\n#4 /internal/eval.php(20): activate_plugin('seahorse-gdpr-d...')\n#5 {main}\n  thrown in /wordpress/wp-content/plugins/seahorse-gdpr-data-manager/classes/shgdprdm_gdprdatamanager.class.php on line 1821",
    "log": "/logs/plugins/r/random-posts-thumbnails/error.json"
  },
  {
    "message": "Uncaught Error: Call to undefined function get_home_path() in /wordpress/wp-content/plugins/seahorse-gdpr-data-manager/classes/shgdprdm_gdprdatamanager.class.php:1821",
    "level": "FATAL",
    "type": "PHP",
    "test": "asyncify-boot",
    "plugin": "random-posts-thumbnails",
    "details": "[28-Jun-2025 18:36:53 UTC] PHP Fatal error:  Uncaught Error: Call to undefined function get_home_path() in /wordpress/wp-content/plugins/seahorse-gdpr-data-manager/classes/shgdprdm_gdprdatamanager.class.php:1821\nStack trace:\n#0 /wordpress/wp-includes/class-wp-hook.php(324): SHGdprdm_GdprDataManager->shgdprdm_activate(false)\n#1 /wordpress/wp-includes/class-wp-hook.php(348): WP_Hook->apply_filters('', Array)\n#2 /wordpress/wp-includes/plugin.php(517): WP_Hook->do_action(Array)\n#3 /wordpress/wp-admin/includes/plugin.php(703): do_action('activate_seahor...', false)\n#4 /internal/eval.php(20): activate_plugin('seahorse-gdpr-d...')\n#5 {main}\n  thrown in /wordpress/wp-content/plugins/seahorse-gdpr-data-manager/classes/shgdprdm_gdprdatamanager.class.php on line 1821",
    "log": "/logs/plugins/r/random-posts-thumbnails/error.json"
  },
  {
    "message": "Uncaught Error: Call to undefined function get_home_path() in /wordpress/wp-content/plugins/seahorse-gdpr-data-manager/classes/shgdprdm_gdprdatamanager.class.php:1821",
    "level": "FATAL",
    "type": "PHP",
    "test": "asyncify-boot",
    "plugin": "random-posts-thumbnails",
    "details": "[28-Jun-2025 18:37:03 UTC] PHP Fatal error:  Uncaught Error: Call to undefined function get_home_path() in /wordpress/wp-content/plugins/seahorse-gdpr-data-manager/classes/shgdprdm_gdprdatamanager.class.php:1821\nStack trace:\n#0 /wordpress/wp-includes/class-wp-hook.php(324): SHGdprdm_GdprDataManager->shgdprdm_activate(false)\n#1 /wordpress/wp-includes/class-wp-hook.php(348): WP_Hook->apply_filters('', Array)\n#2 /wordpress/wp-includes/plugin.php(517): WP_Hook->do_action(Array)\n#3 /wordpress/wp-admin/includes/plugin.php(703): do_action('activate_seahor...', false)\n#4 /internal/eval.php(20): activate_plugin('seahorse-gdpr-d...')\n#5 {main}\n  thrown in /wordpress/wp-content/plugins/seahorse-gdpr-data-manager/classes/shgdprdm_gdprdatamanager.class.php on line 1821",
    "log": "/logs/plugins/r/random-posts-thumbnails/error.json"
  },
  {
    "message": "Function _load_textdomain_just_in_time was called <strong>incorrectly</strong>. Translation loading for the <code>sheet-to-wp-table-for-google-sheet</code> domain was triggered too early. This is usually an indicator for some code in the plugin or theme running too early. Translations should be loaded at the <code>init</code> action or later. Please see <a href=\"https://developer.wordpress.org/advanced-administration/debug/debug-wordpress/\">Debugging in WordPress</a> for more information. (This message was added in version 6.7.0.) in /wordpress/wp-includes/functions.php on line 6121",
    "level": "NOTICE",
    "type": "PHP",
    "test": "asyncify-boot",
    "plugin": "random-posts-thumbnails",
    "details": "[28-Jun-2025 18:37:47 UTC] PHP Notice:  Function _load_textdomain_just_in_time was called <strong>incorrectly</strong>. Translation loading for the <code>sheet-to-wp-table-for-google-sheet</code> domain was triggered too early. This is usually an indicator for some code in the plugin or theme running too early. Translations should be loaded at the <code>init</code> action or later. Please see <a href=\"https://developer.wordpress.org/advanced-administration/debug/debug-wordpress/\">Debugging in WordPress</a> for more information. (This message was added in version 6.7.0.) in /wordpress/wp-includes/functions.php on line 6121",
    "log": "/logs/plugins/r/random-posts-thumbnails/error.json"
  },
  {
    "message": "Function _load_textdomain_just_in_time was called <strong>incorrectly</strong>. Translation loading for the <code>sheet-to-wp-table-for-google-sheet</code> domain was triggered too early. This is usually an indicator for some code in the plugin or theme running too early. Translations should be loaded at the <code>init</code> action or later. Please see <a href=\"https://developer.wordpress.org/advanced-administration/debug/debug-wordpress/\">Debugging in WordPress</a> for more information. (This message was added in version 6.7.0.) in /wordpress/wp-includes/functions.php on line 6121",
    "level": "NOTICE",
    "type": "PHP",
    "test": "asyncify-boot",
    "plugin": "random-posts-thumbnails",
    "details": "[28-Jun-2025 18:37:56 UTC] PHP Notice:  Function _load_textdomain_just_in_time was called <strong>incorrectly</strong>. Translation loading for the <code>sheet-to-wp-table-for-google-sheet</code> domain was triggered too early. This is usually an indicator for some code in the plugin or theme running too early. Translations should be loaded at the <code>init</code> action or later. Please see <a href=\"https://developer.wordpress.org/advanced-administration/debug/debug-wordpress/\">Debugging in WordPress</a> for more information. (This message was added in version 6.7.0.) in /wordpress/wp-includes/functions.php on line 6121",
    "log": "/logs/plugins/r/random-posts-thumbnails/error.json"
  },
  {
    "message": "Function _load_textdomain_just_in_time was called <strong>incorrectly</strong>. Translation loading for the <code>sheet-to-wp-table-for-google-sheet</code> domain was triggered too early. This is usually an indicator for some code in the plugin or theme running too early. Translations should be loaded at the <code>init</code> action or later. Please see <a href=\"https://developer.wordpress.org/advanced-administration/debug/debug-wordpress/\">Debugging in WordPress</a> for more information. (This message was added in version 6.7.0.) in /wordpress/wp-includes/functions.php on line 6121",
    "level": "NOTICE",
    "type": "PHP",
    "test": "asyncify-boot",
    "plugin": "random-posts-thumbnails",
    "details": "[28-Jun-2025 18:38:06 UTC] PHP Notice:  Function _load_textdomain_just_in_time was called <strong>incorrectly</strong>. Translation loading for the <code>sheet-to-wp-table-for-google-sheet</code> domain was triggered too early. This is usually an indicator for some code in the plugin or theme running too early. Translations should be loaded at the <code>init</code> action or later. Please see <a href=\"https://developer.wordpress.org/advanced-administration/debug/debug-wordpress/\">Debugging in WordPress</a> for more information. (This message was added in version 6.7.0.) in /wordpress/wp-includes/functions.php on line 6121",
    "log": "/logs/plugins/r/random-posts-thumbnails/error.json"
  },
  {
    "message": "Declaration of SimpleLatestPostsWidget::update($new_instance) must be compatible with WP_Widget::update($new_instance, $old_instance) in /wordpress/wp-content/plugins/simple-latest-posts-including-custom-posttypes-widget/simple-latest-posts-including-custom-posttypes.php on line 33",
    "level": "FATAL",
    "type": "PHP",
    "test": "asyncify-boot",
    "plugin": "random-posts-thumbnails",
    "details": "[28-Jun-2025 18:38:16 UTC] PHP Fatal error:  Declaration of SimpleLatestPostsWidget::update($new_instance) must be compatible with WP_Widget::update($new_instance, $old_instance) in /wordpress/wp-content/plugins/simple-latest-posts-including-custom-posttypes-widget/simple-latest-posts-including-custom-posttypes.php on line 33",
    "log": "/logs/plugins/r/random-posts-thumbnails/error.json"
  },
  {
    "message": "Declaration of SimpleLatestPostsWidget::update($new_instance) must be compatible with WP_Widget::update($new_instance, $old_instance) in /wordpress/wp-content/plugins/simple-latest-posts-including-custom-posttypes-widget/simple-latest-posts-including-custom-posttypes.php on line 33",
    "level": "FATAL",
    "type": "PHP",
    "test": "asyncify-boot",
    "plugin": "random-posts-thumbnails",
    "details": "[28-Jun-2025 18:38:24 UTC] PHP Fatal error:  Declaration of SimpleLatestPostsWidget::update($new_instance) must be compatible with WP_Widget::update($new_instance, $old_instance) in /wordpress/wp-content/plugins/simple-latest-posts-including-custom-posttypes-widget/simple-latest-posts-including-custom-posttypes.php on line 33",
    "log": "/logs/plugins/r/random-posts-thumbnails/error.json"
  },
  {
    "message": "Declaration of SimpleLatestPostsWidget::update($new_instance) must be compatible with WP_Widget::update($new_instance, $old_instance) in /wordpress/wp-content/plugins/simple-latest-posts-including-custom-posttypes-widget/simple-latest-posts-including-custom-posttypes.php on line 33",
    "level": "FATAL",
    "type": "PHP",
    "test": "asyncify-boot",
    "plugin": "random-posts-thumbnails",
    "details": "[28-Jun-2025 18:38:33 UTC] PHP Fatal error:  Declaration of SimpleLatestPostsWidget::update($new_instance) must be compatible with WP_Widget::update($new_instance, $old_instance) in /wordpress/wp-content/plugins/simple-latest-posts-including-custom-posttypes-widget/simple-latest-posts-including-custom-posttypes.php on line 33",
    "log": "/logs/plugins/r/random-posts-thumbnails/error.json"
  },
  {
    "message": "Undefined array key \"action\" in /wordpress/wp-content/plugins/simple-optimizer/simple-optimizer-loader.php on line 28",
    "level": "WARNING",
    "type": "PHP",
    "test": "asyncify-boot",
    "plugin": "random-posts-thumbnails",
    "details": "[28-Jun-2025 18:38:43 UTC] PHP Warning:  Undefined array key \"action\" in /wordpress/wp-content/plugins/simple-optimizer/simple-optimizer-loader.php on line 28",
    "log": "/logs/plugins/r/random-posts-thumbnails/error.json"
  },
  {
    "message": "Trying to access array offset on value of type bool in /wordpress/wp-content/plugins/simple-optimizer/simple-optimizer-plugin.php on line 85",
    "level": "WARNING",
    "type": "PHP",
    "test": "asyncify-boot",
    "plugin": "random-posts-thumbnails",
    "details": "[28-Jun-2025 18:38:44 UTC] PHP Warning:  Trying to access array offset on value of type bool in /wordpress/wp-content/plugins/simple-optimizer/simple-optimizer-plugin.php on line 85",
    "log": "/logs/plugins/r/random-posts-thumbnails/error.json"
  },
  {
    "message": "Trying to access array offset on value of type null in /wordpress/wp-content/plugins/simple-optimizer/simple-optimizer-plugin.php on line 85",
    "level": "WARNING",
    "type": "PHP",
    "test": "asyncify-boot",
    "plugin": "random-posts-thumbnails",
    "details": "[28-Jun-2025 18:38:44 UTC] PHP Warning:  Trying to access array offset on value of type null in /wordpress/wp-content/plugins/simple-optimizer/simple-optimizer-plugin.php on line 85",
    "log": "/logs/plugins/r/random-posts-thumbnails/error.json"
  },
  {
    "message": "Undefined array key \"action\" in /wordpress/wp-content/plugins/simple-optimizer/simple-optimizer-loader.php on line 28",
    "level": "WARNING",
    "type": "PHP",
    "test": "asyncify-boot",
    "plugin": "random-posts-thumbnails",
    "details": "[28-Jun-2025 18:38:53 UTC] PHP Warning:  Undefined array key \"action\" in /wordpress/wp-content/plugins/simple-optimizer/simple-optimizer-loader.php on line 28",
    "log": "/logs/plugins/r/random-posts-thumbnails/error.json"
  },
  {
    "message": "Trying to access array offset on value of type bool in /wordpress/wp-content/plugins/simple-optimizer/simple-optimizer-plugin.php on line 85",
    "level": "WARNING",
    "type": "PHP",
    "test": "asyncify-boot",
    "plugin": "random-posts-thumbnails",
    "details": "[28-Jun-2025 18:38:54 UTC] PHP Warning:  Trying to access array offset on value of type bool in /wordpress/wp-content/plugins/simple-optimizer/simple-optimizer-plugin.php on line 85",
    "log": "/logs/plugins/r/random-posts-thumbnails/error.json"
  },
  {
    "message": "Trying to access array offset on value of type null in /wordpress/wp-content/plugins/simple-optimizer/simple-optimizer-plugin.php on line 85",
    "level": "WARNING",
    "type": "PHP",
    "test": "asyncify-boot",
    "plugin": "random-posts-thumbnails",
    "details": "[28-Jun-2025 18:38:54 UTC] PHP Warning:  Trying to access array offset on value of type null in /wordpress/wp-content/plugins/simple-optimizer/simple-optimizer-plugin.php on line 85",
    "log": "/logs/plugins/r/random-posts-thumbnails/error.json"
  },
  {
    "message": "Undefined array key \"action\" in /wordpress/wp-content/plugins/simple-optimizer/simple-optimizer-loader.php on line 28",
    "level": "WARNING",
    "type": "PHP",
    "test": "asyncify-boot",
    "plugin": "random-posts-thumbnails",
    "details": "[28-Jun-2025 18:39:03 UTC] PHP Warning:  Undefined array key \"action\" in /wordpress/wp-content/plugins/simple-optimizer/simple-optimizer-loader.php on line 28",
    "log": "/logs/plugins/r/random-posts-thumbnails/error.json"
  },
  {
    "message": "Trying to access array offset on value of type bool in /wordpress/wp-content/plugins/simple-optimizer/simple-optimizer-plugin.php on line 85",
    "level": "WARNING",
    "type": "PHP",
    "test": "asyncify-boot",
    "plugin": "random-posts-thumbnails",
    "details": "[28-Jun-2025 18:39:04 UTC] PHP Warning:  Trying to access array offset on value of type bool in /wordpress/wp-content/plugins/simple-optimizer/simple-optimizer-plugin.php on line 85",
    "log": "/logs/plugins/r/random-posts-thumbnails/error.json"
  },
  {
    "message": "Trying to access array offset on value of type null in /wordpress/wp-content/plugins/simple-optimizer/simple-optimizer-plugin.php on line 85",
    "level": "WARNING",
    "type": "PHP",
    "test": "asyncify-boot",
    "plugin": "random-posts-thumbnails",
    "details": "[28-Jun-2025 18:39:04 UTC] PHP Warning:  Trying to access array offset on value of type null in /wordpress/wp-content/plugins/simple-optimizer/simple-optimizer-plugin.php on line 85",
    "log": "/logs/plugins/r/random-posts-thumbnails/error.json"
  },
  {
    "message": "File class-phpmailer.php is <strong>deprecated</strong> since version 5.5.0! Use wp-includes/PHPMailer/PHPMailer.php instead. The PHPMailer class has been moved to wp-includes/PHPMailer subdirectory and now uses the PHPMailer\\PHPMailer namespace. in /wordpress/wp-includes/functions.php on line 6121",
    "level": "DEPRECATED",
    "type": "PHP",
    "test": "asyncify-boot",
    "plugin": "random-posts-thumbnails",
    "details": "[28-Jun-2025 18:40:14 UTC] PHP Deprecated:  File class-phpmailer.php is <strong>deprecated</strong> since version 5.5.0! Use wp-includes/PHPMailer/PHPMailer.php instead. The PHPMailer class has been moved to wp-includes/PHPMailer subdirectory and now uses the PHPMailer\\PHPMailer namespace. in /wordpress/wp-includes/functions.php on line 6121",
    "log": "/logs/plugins/r/random-posts-thumbnails/error.json"
  },
  {
    "message": "File class-phpmailer.php is <strong>deprecated</strong> since version 5.5.0! Use wp-includes/PHPMailer/PHPMailer.php instead. The PHPMailer class has been moved to wp-includes/PHPMailer subdirectory and now uses the PHPMailer\\PHPMailer namespace. in /wordpress/wp-includes/functions.php on line 6121",
    "level": "DEPRECATED",
    "type": "PHP",
    "test": "asyncify-boot",
    "plugin": "random-posts-thumbnails",
    "details": "[28-Jun-2025 18:40:15 UTC] PHP Deprecated:  File class-phpmailer.php is <strong>deprecated</strong> since version 5.5.0! Use wp-includes/PHPMailer/PHPMailer.php instead. The PHPMailer class has been moved to wp-includes/PHPMailer subdirectory and now uses the PHPMailer\\PHPMailer namespace. in /wordpress/wp-includes/functions.php on line 6121",
    "log": "/logs/plugins/r/random-posts-thumbnails/error.json"
  },
  {
    "message": "File class-phpmailer.php is <strong>deprecated</strong> since version 5.5.0! Use wp-includes/PHPMailer/PHPMailer.php instead. The PHPMailer class has been moved to wp-includes/PHPMailer subdirectory and now uses the PHPMailer\\PHPMailer namespace. in /wordpress/wp-includes/functions.php on line 6121",
    "level": "DEPRECATED",
    "type": "PHP",
    "test": "asyncify-boot",
    "plugin": "random-posts-thumbnails",
    "details": "[28-Jun-2025 18:40:24 UTC] PHP Deprecated:  File class-phpmailer.php is <strong>deprecated</strong> since version 5.5.0! Use wp-includes/PHPMailer/PHPMailer.php instead. The PHPMailer class has been moved to wp-includes/PHPMailer subdirectory and now uses the PHPMailer\\PHPMailer namespace. in /wordpress/wp-includes/functions.php on line 6121",
    "log": "/logs/plugins/r/random-posts-thumbnails/error.json"
  },
  {
    "message": "File class-phpmailer.php is <strong>deprecated</strong> since version 5.5.0! Use wp-includes/PHPMailer/PHPMailer.php instead. The PHPMailer class has been moved to wp-includes/PHPMailer subdirectory and now uses the PHPMailer\\PHPMailer namespace. in /wordpress/wp-includes/functions.php on line 6121",
    "level": "DEPRECATED",
    "type": "PHP",
    "test": "asyncify-boot",
    "plugin": "random-posts-thumbnails",
    "details": "[28-Jun-2025 18:40:25 UTC] PHP Deprecated:  File class-phpmailer.php is <strong>deprecated</strong> since version 5.5.0! Use wp-includes/PHPMailer/PHPMailer.php instead. The PHPMailer class has been moved to wp-includes/PHPMailer subdirectory and now uses the PHPMailer\\PHPMailer namespace. in /wordpress/wp-includes/functions.php on line 6121",
    "log": "/logs/plugins/r/random-posts-thumbnails/error.json"
  },
  {
    "message": "File class-phpmailer.php is <strong>deprecated</strong> since version 5.5.0! Use wp-includes/PHPMailer/PHPMailer.php instead. The PHPMailer class has been moved to wp-includes/PHPMailer subdirectory and now uses the PHPMailer\\PHPMailer namespace. in /wordpress/wp-includes/functions.php on line 6121",
    "level": "DEPRECATED",
    "type": "PHP",
    "test": "asyncify-boot",
    "plugin": "random-posts-thumbnails",
    "details": "[28-Jun-2025 18:40:34 UTC] PHP Deprecated:  File class-phpmailer.php is <strong>deprecated</strong> since version 5.5.0! Use wp-includes/PHPMailer/PHPMailer.php instead. The PHPMailer class has been moved to wp-includes/PHPMailer subdirectory and now uses the PHPMailer\\PHPMailer namespace. in /wordpress/wp-includes/functions.php on line 6121",
    "log": "/logs/plugins/r/random-posts-thumbnails/error.json"
  },
  {
    "message": "File class-phpmailer.php is <strong>deprecated</strong> since version 5.5.0! Use wp-includes/PHPMailer/PHPMailer.php instead. The PHPMailer class has been moved to wp-includes/PHPMailer subdirectory and now uses the PHPMailer\\PHPMailer namespace. in /wordpress/wp-includes/functions.php on line 6121",
    "level": "DEPRECATED",
    "type": "PHP",
    "test": "asyncify-boot",
    "plugin": "random-posts-thumbnails",
    "details": "[28-Jun-2025 18:40:35 UTC] PHP Deprecated:  File class-phpmailer.php is <strong>deprecated</strong> since version 5.5.0! Use wp-includes/PHPMailer/PHPMailer.php instead. The PHPMailer class has been moved to wp-includes/PHPMailer subdirectory and now uses the PHPMailer\\PHPMailer namespace. in /wordpress/wp-includes/functions.php on line 6121",
    "log": "/logs/plugins/r/random-posts-thumbnails/error.json"
  },
  {
    "message": "Uncaught Error: Call to undefined function create_function() in /wordpress/wp-content/plugins/strx-youtube-widget/strx-widget.php:33",
    "level": "FATAL",
    "type": "PHP",
    "test": "asyncify-boot",
    "plugin": "random-posts-thumbnails",
    "details": "[28-Jun-2025 18:42:44 UTC] PHP Fatal error:  Uncaught Error: Call to undefined function create_function() in /wordpress/wp-content/plugins/strx-youtube-widget/strx-widget.php:33\nStack trace:\n#0 /wordpress/wp-content/plugins/strx-youtube-widget/strx-youtube-embed-urls-widget.php(57): Strx_Widget::w_init('StrxYoutubeEmbe...')\n#1 /wordpress/wp-content/plugins/strx-youtube-widget/strx-youtube-embed-widget.php(12): require_once('/wordpress/wp-c...')\n#2 /wordpress/wp-admin/includes/plugin.php(2387): include_once('/wordpress/wp-c...')\n#3 /wordpress/wp-admin/includes/plugin.php(673): plugin_sandbox_scrape('strx-youtube-wi...')\n#4 /internal/eval.php(20): activate_plugin('strx-youtube-wi...')\n#5 {main}\n  thrown in /wordpress/wp-content/plugins/strx-youtube-widget/strx-widget.php on line 33",
    "log": "/logs/plugins/r/random-posts-thumbnails/error.json"
  },
  {
    "message": "Uncaught Error: Call to undefined function create_function() in /wordpress/wp-content/plugins/strx-youtube-widget/strx-widget.php:33",
    "level": "FATAL",
    "type": "PHP",
    "test": "asyncify-boot",
    "plugin": "random-posts-thumbnails",
    "details": "[28-Jun-2025 18:42:53 UTC] PHP Fatal error:  Uncaught Error: Call to undefined function create_function() in /wordpress/wp-content/plugins/strx-youtube-widget/strx-widget.php:33\nStack trace:\n#0 /wordpress/wp-content/plugins/strx-youtube-widget/strx-youtube-embed-urls-widget.php(57): Strx_Widget::w_init('StrxYoutubeEmbe...')\n#1 /wordpress/wp-content/plugins/strx-youtube-widget/strx-youtube-embed-widget.php(12): require_once('/wordpress/wp-c...')\n#2 /wordpress/wp-admin/includes/plugin.php(2387): include_once('/wordpress/wp-c...')\n#3 /wordpress/wp-admin/includes/plugin.php(673): plugin_sandbox_scrape('strx-youtube-wi...')\n#4 /internal/eval.php(20): activate_plugin('strx-youtube-wi...')\n#5 {main}\n  thrown in /wordpress/wp-content/plugins/strx-youtube-widget/strx-widget.php on line 33",
    "log": "/logs/plugins/r/random-posts-thumbnails/error.json"
  },
  {
    "message": "Uncaught Error: Call to undefined function create_function() in /wordpress/wp-content/plugins/strx-youtube-widget/strx-widget.php:33",
    "level": "FATAL",
    "type": "PHP",
    "test": "asyncify-boot",
    "plugin": "random-posts-thumbnails",
    "details": "[28-Jun-2025 18:43:02 UTC] PHP Fatal error:  Uncaught Error: Call to undefined function create_function() in /wordpress/wp-content/plugins/strx-youtube-widget/strx-widget.php:33\nStack trace:\n#0 /wordpress/wp-content/plugins/strx-youtube-widget/strx-youtube-embed-urls-widget.php(57): Strx_Widget::w_init('StrxYoutubeEmbe...')\n#1 /wordpress/wp-content/plugins/strx-youtube-widget/strx-youtube-embed-widget.php(12): require_once('/wordpress/wp-c...')\n#2 /wordpress/wp-admin/includes/plugin.php(2387): include_once('/wordpress/wp-c...')\n#3 /wordpress/wp-admin/includes/plugin.php(673): plugin_sandbox_scrape('strx-youtube-wi...')\n#4 /internal/eval.php(20): activate_plugin('strx-youtube-wi...')\n#5 {main}\n  thrown in /wordpress/wp-content/plugins/strx-youtube-widget/strx-widget.php on line 33",
    "log": "/logs/plugins/r/random-posts-thumbnails/error.json"
  },
  {
    "message": "Function add_option was called with an argument that is <strong>deprecated</strong> since version 2.3.0 with no alternative available. in /wordpress/wp-includes/functions.php on line 6121",
    "level": "DEPRECATED",
    "type": "PHP",
    "test": "asyncify-boot",
    "plugin": "random-posts-thumbnails",
    "details": "[28-Jun-2025 18:43:11 UTC] PHP Deprecated:  Function add_option was called with an argument that is <strong>deprecated</strong> since version 2.3.0 with no alternative available. in /wordpress/wp-includes/functions.php on line 6121",
    "log": "/logs/plugins/r/random-posts-thumbnails/error.json"
  },
  {
    "message": "Function add_option was called with an argument that is <strong>deprecated</strong> since version 2.3.0 with no alternative available. in /wordpress/wp-includes/functions.php on line 6121",
    "level": "DEPRECATED",
    "type": "PHP",
    "test": "asyncify-boot",
    "plugin": "random-posts-thumbnails",
    "details": "[28-Jun-2025 18:43:20 UTC] PHP Deprecated:  Function add_option was called with an argument that is <strong>deprecated</strong> since version 2.3.0 with no alternative available. in /wordpress/wp-includes/functions.php on line 6121",
    "log": "/logs/plugins/r/random-posts-thumbnails/error.json"
  },
  {
    "message": "Function add_option was called with an argument that is <strong>deprecated</strong> since version 2.3.0 with no alternative available. in /wordpress/wp-includes/functions.php on line 6121",
    "level": "DEPRECATED",
    "type": "PHP",
    "test": "asyncify-boot",
    "plugin": "random-posts-thumbnails",
    "details": "[28-Jun-2025 18:43:31 UTC] PHP Deprecated:  Function add_option was called with an argument that is <strong>deprecated</strong> since version 2.3.0 with no alternative available. in /wordpress/wp-includes/functions.php on line 6121",
    "log": "/logs/plugins/r/random-posts-thumbnails/error.json"
  },
  {
    "message": "Uncaught PDOException: SQLSTATE[HY000] [2002] Address family not supported by protocol in /wordpress/wp-content/plugins/rise-hotel-booking/rise-hotel-booking.php:167",
    "level": "FATAL",
    "type": "PHP",
    "test": "asyncify-boot",
    "plugin": "random-posts-thumbnails",
    "details": "[28-Jun-2025 18:45:14 UTC] PHP Fatal error:  Uncaught PDOException: SQLSTATE[HY000] [2002] Address family not supported by protocol in /wordpress/wp-content/plugins/rise-hotel-booking/rise-hotel-booking.php:167\nStack trace:\n#0 /wordpress/wp-content/plugins/rise-hotel-booking/rise-hotel-booking.php(167): PDO->__construct('mysql:host=loca...', 'username_here', 'password_here')\n#1 /wordpress/wp-includes/class-wp-hook.php(324): RISE->createTables(false)\n#2 /wordpress/wp-includes/class-wp-hook.php(348): WP_Hook->apply_filters('', Array)\n#3 /wordpress/wp-includes/plugin.php(517): WP_Hook->do_action(Array)\n#4 /wordpress/wp-admin/includes/plugin.php(703): do_action('activate_rise-h...', false)\n#5 /internal/eval.php(20): activate_plugin('rise-hotel-book...')\n#6 {main}\n  thrown in /wordpress/wp-content/plugins/rise-hotel-booking/rise-hotel-booking.php on line 167",
    "log": "/logs/plugins/r/random-posts-thumbnails/error.json"
  },
  {
    "message": "Uncaught PDOException: SQLSTATE[HY000] [2002] Address family not supported by protocol in /wordpress/wp-content/plugins/rise-hotel-booking/rise-hotel-booking.php:167",
    "level": "FATAL",
    "type": "PHP",
    "test": "asyncify-boot",
    "plugin": "random-posts-thumbnails",
    "details": "[28-Jun-2025 18:45:25 UTC] PHP Fatal error:  Uncaught PDOException: SQLSTATE[HY000] [2002] Address family not supported by protocol in /wordpress/wp-content/plugins/rise-hotel-booking/rise-hotel-booking.php:167\nStack trace:\n#0 /wordpress/wp-content/plugins/rise-hotel-booking/rise-hotel-booking.php(167): PDO->__construct('mysql:host=loca...', 'username_here', 'password_here')\n#1 /wordpress/wp-includes/class-wp-hook.php(324): RISE->createTables(false)\n#2 /wordpress/wp-includes/class-wp-hook.php(348): WP_Hook->apply_filters('', Array)\n#3 /wordpress/wp-includes/plugin.php(517): WP_Hook->do_action(Array)\n#4 /wordpress/wp-admin/includes/plugin.php(703): do_action('activate_rise-h...', false)\n#5 /internal/eval.php(20): activate_plugin('rise-hotel-book...')\n#6 {main}\n  thrown in /wordpress/wp-content/plugins/rise-hotel-booking/rise-hotel-booking.php on line 167",
    "log": "/logs/plugins/r/random-posts-thumbnails/error.json"
  },
  {
    "message": "Uncaught PDOException: SQLSTATE[HY000] [2002] Address family not supported by protocol in /wordpress/wp-content/plugins/rise-hotel-booking/rise-hotel-booking.php:167",
    "level": "FATAL",
    "type": "PHP",
    "test": "asyncify-boot",
    "plugin": "random-posts-thumbnails",
    "details": "[28-Jun-2025 18:45:36 UTC] PHP Fatal error:  Uncaught PDOException: SQLSTATE[HY000] [2002] Address family not supported by protocol in /wordpress/wp-content/plugins/rise-hotel-booking/rise-hotel-booking.php:167\nStack trace:\n#0 /wordpress/wp-content/plugins/rise-hotel-booking/rise-hotel-booking.php(167): PDO->__construct('mysql:host=loca...', 'username_here', 'password_here')\n#1 /wordpress/wp-includes/class-wp-hook.php(324): RISE->createTables(false)\n#2 /wordpress/wp-includes/class-wp-hook.php(348): WP_Hook->apply_filters('', Array)\n#3 /wordpress/wp-includes/plugin.php(517): WP_Hook->do_action(Array)\n#4 /wordpress/wp-admin/includes/plugin.php(703): do_action('activate_rise-h...', false)\n#5 /internal/eval.php(20): activate_plugin('rise-hotel-book...')\n#6 {main}\n  thrown in /wordpress/wp-content/plugins/rise-hotel-booking/rise-hotel-booking.php on line 167",
    "log": "/logs/plugins/r/random-posts-thumbnails/error.json"
  },
  {
    "message": "Required parameter $wrapper follows optional parameter $type in /wordpress/wp-content/plugins/rw-divi-unite-gallery/freemius/includes/class-fs-logger.php on line 145",
    "level": "DEPRECATED",
    "type": "PHP",
    "test": "asyncify-boot",
    "plugin": "random-posts-thumbnails",
    "details": "[28-Jun-2025 18:45:46 UTC] PHP Deprecated:  Required parameter $wrapper follows optional parameter $type in /wordpress/wp-content/plugins/rw-divi-unite-gallery/freemius/includes/class-fs-logger.php on line 145",
    "log": "/logs/plugins/r/random-posts-thumbnails/error.json"
  },
  {
    "message": "Required parameter $function_name follows optional parameter $content in /wordpress/wp-content/plugins/rw-divi-unite-gallery/custom-modules/divi-unite-gallery.php on line 269",
    "level": "DEPRECATED",
    "type": "PHP",
    "test": "asyncify-boot",
    "plugin": "random-posts-thumbnails",
    "details": "[28-Jun-2025 18:45:46 UTC] PHP Deprecated:  Required parameter $function_name follows optional parameter $content in /wordpress/wp-content/plugins/rw-divi-unite-gallery/custom-modules/divi-unite-gallery.php on line 269",
    "log": "/logs/plugins/r/random-posts-thumbnails/error.json"
  },
  {
    "message": "Required parameter $wrapper follows optional parameter $type in /wordpress/wp-content/plugins/rw-divi-unite-gallery/freemius/includes/class-fs-logger.php on line 145",
    "level": "DEPRECATED",
    "type": "PHP",
    "test": "asyncify-boot",
    "plugin": "random-posts-thumbnails",
    "details": "[28-Jun-2025 18:45:48 UTC] PHP Deprecated:  Required parameter $wrapper follows optional parameter $type in /wordpress/wp-content/plugins/rw-divi-unite-gallery/freemius/includes/class-fs-logger.php on line 145",
    "log": "/logs/plugins/r/random-posts-thumbnails/error.json"
  },
  {
    "message": "Required parameter $function_name follows optional parameter $content in /wordpress/wp-content/plugins/rw-divi-unite-gallery/custom-modules/divi-unite-gallery.php on line 269",
    "level": "DEPRECATED",
    "type": "PHP",
    "test": "asyncify-boot",
    "plugin": "random-posts-thumbnails",
    "details": "[28-Jun-2025 18:45:48 UTC] PHP Deprecated:  Required parameter $function_name follows optional parameter $content in /wordpress/wp-content/plugins/rw-divi-unite-gallery/custom-modules/divi-unite-gallery.php on line 269",
    "log": "/logs/plugins/r/random-posts-thumbnails/error.json"
  },
  {
    "message": "Required parameter $wrapper follows optional parameter $type in /wordpress/wp-content/plugins/rw-divi-unite-gallery/freemius/includes/class-fs-logger.php on line 145",
    "level": "DEPRECATED",
    "type": "PHP",
    "test": "asyncify-boot",
    "plugin": "random-posts-thumbnails",
    "details": "[28-Jun-2025 18:45:57 UTC] PHP Deprecated:  Required parameter $wrapper follows optional parameter $type in /wordpress/wp-content/plugins/rw-divi-unite-gallery/freemius/includes/class-fs-logger.php on line 145",
    "log": "/logs/plugins/r/random-posts-thumbnails/error.json"
  },
  {
    "message": "Required parameter $function_name follows optional parameter $content in /wordpress/wp-content/plugins/rw-divi-unite-gallery/custom-modules/divi-unite-gallery.php on line 269",
    "level": "DEPRECATED",
    "type": "PHP",
    "test": "asyncify-boot",
    "plugin": "random-posts-thumbnails",
    "details": "[28-Jun-2025 18:45:58 UTC] PHP Deprecated:  Required parameter $function_name follows optional parameter $content in /wordpress/wp-content/plugins/rw-divi-unite-gallery/custom-modules/divi-unite-gallery.php on line 269",
    "log": "/logs/plugins/r/random-posts-thumbnails/error.json"
  },
  {
    "message": "Required parameter $wrapper follows optional parameter $type in /wordpress/wp-content/plugins/rw-divi-unite-gallery/freemius/includes/class-fs-logger.php on line 145",
    "level": "DEPRECATED",
    "type": "PHP",
    "test": "asyncify-boot",
    "plugin": "random-posts-thumbnails",
    "details": "[28-Jun-2025 18:45:59 UTC] PHP Deprecated:  Required parameter $wrapper follows optional parameter $type in /wordpress/wp-content/plugins/rw-divi-unite-gallery/freemius/includes/class-fs-logger.php on line 145",
    "log": "/logs/plugins/r/random-posts-thumbnails/error.json"
  },
  {
    "message": "Required parameter $function_name follows optional parameter $content in /wordpress/wp-content/plugins/rw-divi-unite-gallery/custom-modules/divi-unite-gallery.php on line 269",
    "level": "DEPRECATED",
    "type": "PHP",
    "test": "asyncify-boot",
    "plugin": "random-posts-thumbnails",
    "details": "[28-Jun-2025 18:45:59 UTC] PHP Deprecated:  Required parameter $function_name follows optional parameter $content in /wordpress/wp-content/plugins/rw-divi-unite-gallery/custom-modules/divi-unite-gallery.php on line 269",
    "log": "/logs/plugins/r/random-posts-thumbnails/error.json"
  },
  {
    "message": "Required parameter $wrapper follows optional parameter $type in /wordpress/wp-content/plugins/rw-divi-unite-gallery/freemius/includes/class-fs-logger.php on line 145",
    "level": "DEPRECATED",
    "type": "PHP",
    "test": "asyncify-boot",
    "plugin": "random-posts-thumbnails",
    "details": "[28-Jun-2025 18:46:09 UTC] PHP Deprecated:  Required parameter $wrapper follows optional parameter $type in /wordpress/wp-content/plugins/rw-divi-unite-gallery/freemius/includes/class-fs-logger.php on line 145",
    "log": "/logs/plugins/r/random-posts-thumbnails/error.json"
  },
  {
    "message": "Required parameter $function_name follows optional parameter $content in /wordpress/wp-content/plugins/rw-divi-unite-gallery/custom-modules/divi-unite-gallery.php on line 269",
    "level": "DEPRECATED",
    "type": "PHP",
    "test": "asyncify-boot",
    "plugin": "random-posts-thumbnails",
    "details": "[28-Jun-2025 18:46:09 UTC] PHP Deprecated:  Required parameter $function_name follows optional parameter $content in /wordpress/wp-content/plugins/rw-divi-unite-gallery/custom-modules/divi-unite-gallery.php on line 269",
    "log": "/logs/plugins/r/random-posts-thumbnails/error.json"
  },
  {
    "message": "Required parameter $wrapper follows optional parameter $type in /wordpress/wp-content/plugins/rw-divi-unite-gallery/freemius/includes/class-fs-logger.php on line 145",
    "level": "DEPRECATED",
    "type": "PHP",
    "test": "asyncify-boot",
    "plugin": "random-posts-thumbnails",
    "details": "[28-Jun-2025 18:46:10 UTC] PHP Deprecated:  Required parameter $wrapper follows optional parameter $type in /wordpress/wp-content/plugins/rw-divi-unite-gallery/freemius/includes/class-fs-logger.php on line 145",
    "log": "/logs/plugins/r/random-posts-thumbnails/error.json"
  },
  {
    "message": "Required parameter $function_name follows optional parameter $content in /wordpress/wp-content/plugins/rw-divi-unite-gallery/custom-modules/divi-unite-gallery.php on line 269",
    "level": "DEPRECATED",
    "type": "PHP",
    "test": "asyncify-boot",
    "plugin": "random-posts-thumbnails",
    "details": "[28-Jun-2025 18:46:10 UTC] PHP Deprecated:  Required parameter $function_name follows optional parameter $content in /wordpress/wp-content/plugins/rw-divi-unite-gallery/custom-modules/divi-unite-gallery.php on line 269",
    "log": "/logs/plugins/r/random-posts-thumbnails/error.json"
  },
  {
    "message": "Uncaught Error: Call to undefined function create_function() in /wordpress/wp-content/plugins/random-excerpts-fader/RandomExcerptsFader.php:262",
    "level": "FATAL",
    "type": "PHP",
    "test": "asyncify-boot",
    "plugin": "random-posts-thumbnails",
    "details": "[28-Jun-2025 18:46:20 UTC] PHP Fatal error:  Uncaught Error: Call to undefined function create_function() in /wordpress/wp-content/plugins/random-excerpts-fader/RandomExcerptsFader.php:262\nStack trace:\n#0 /wordpress/wp-admin/includes/plugin.php(2387): include_once()\n#1 /wordpress/wp-admin/includes/plugin.php(673): plugin_sandbox_scrape('random-excerpts...')\n#2 /internal/eval.php(20): activate_plugin('random-excerpts...')\n#3 {main}\n  thrown in /wordpress/wp-content/plugins/random-excerpts-fader/RandomExcerptsFader.php on line 262",
    "log": "/logs/plugins/r/random-posts-thumbnails/error.json"
  },
  {
    "message": "Uncaught Error: Call to undefined function create_function() in /wordpress/wp-content/plugins/random-excerpts-fader/RandomExcerptsFader.php:262",
    "level": "FATAL",
    "type": "PHP",
    "test": "asyncify-boot",
    "plugin": "random-posts-thumbnails",
    "details": "[28-Jun-2025 18:46:28 UTC] PHP Fatal error:  Uncaught Error: Call to undefined function create_function() in /wordpress/wp-content/plugins/random-excerpts-fader/RandomExcerptsFader.php:262\nStack trace:\n#0 /wordpress/wp-admin/includes/plugin.php(2387): include_once()\n#1 /wordpress/wp-admin/includes/plugin.php(673): plugin_sandbox_scrape('random-excerpts...')\n#2 /internal/eval.php(20): activate_plugin('random-excerpts...')\n#3 {main}\n  thrown in /wordpress/wp-content/plugins/random-excerpts-fader/RandomExcerptsFader.php on line 262",
    "log": "/logs/plugins/r/random-posts-thumbnails/error.json"
  },
  {
    "message": "Uncaught Error: Call to undefined function create_function() in /wordpress/wp-content/plugins/random-excerpts-fader/RandomExcerptsFader.php:262",
    "level": "FATAL",
    "type": "PHP",
    "test": "asyncify-boot",
    "plugin": "random-posts-thumbnails",
    "details": "[28-Jun-2025 18:46:37 UTC] PHP Fatal error:  Uncaught Error: Call to undefined function create_function() in /wordpress/wp-content/plugins/random-excerpts-fader/RandomExcerptsFader.php:262\nStack trace:\n#0 /wordpress/wp-admin/includes/plugin.php(2387): include_once()\n#1 /wordpress/wp-admin/includes/plugin.php(673): plugin_sandbox_scrape('random-excerpts...')\n#2 /internal/eval.php(20): activate_plugin('random-excerpts...')\n#3 {main}\n  thrown in /wordpress/wp-content/plugins/random-excerpts-fader/RandomExcerptsFader.php on line 262\n\n    at Object.onBind (file:///home/runner/work/playground-tester/playground-tester/node_modules/@wp-playground/cli/run-cli-j-geJYS3.js:325:15)\n    at process.processTicksAndRejections (node:internal/process/task_queues:105:5)\n    at async re (file:///home/runner/work/playground-tester/playground-tester/node_modules/@wp-playground/cli/run-cli-j-geJYS3.js:149:10) {\n  [cause]: Error: Error when executing the blueprint step #1 ({\"step\":\"installPlugin\",\"pluginData\":{\"resource\":\"wordpress.org/plugins\",\"slug\":\"random-posts-thumbnails\"},\"options\":{\"activate\":true}}) : Could not download \"https://downloads.wordpress.org/plugin/random-posts-thumbnails.latest-stable.zip\".\n  \t\t\t\tCheck if the URL is correct and the server is reachable.\n  \t\t\t\tIf it is reachable, the server might be blocking the request.\n  \t\t\t\tCheck the browser console and network tabs for more information.\n  \n  \t\t\t\t## Does the console show the error \"No 'Access-Control-Allow-Origin' header\"?\n  \n  \t\t\t\tThis means the server that hosts your file does not allow requests from other sites\n  \t\t\t\t(cross-origin requests, or CORS).\tYou need to move the asset to a server that allows\n  \t\t\t\tcross-origin file downloads. Learn more about CORS at\n  \t\t\t\thttps://developer.mozilla.org/en-US/docs/Web/HTTP/CORS.\n  \n  \t\t\t\tIf your file is on GitHub, load it from \"raw.githubusercontent.com\".\n  \t\t\t\tHere's how to do that:\n  \n  \t\t\t\t1. Start with the original GitHub URL of the file. For example:\n  \t\t\t\thttps://github.com/username/repository/blob/branch/filename.\n  \t\t\t\t2. Replace \"github.com\" with \"raw.githubusercontent.com\".\n  \t\t\t\t3. Remove the \"/blob/\" part of the URL.\n  \n  \t\t\t\tThe resulting URL should look like this:\n  \t\t\t\thttps://raw.githubusercontent.com/username/repository/branch/filename\n  \n  \t\t\t\tError:\n  \t\t\t\tError: Could not download \"https://downloads.wordpress.org/plugin/random-posts-thumbnails.latest-stable.zip\"\n      at Object.run (file:///home/runner/work/playground-tester/playground-tester/node_modules/@wp-playground/blueprints/index.js:12093:19)\n      at process.processTicksAndRejections (node:internal/process/task_queues:105:5)\n      at async ys (file:///home/runner/work/playground-tester/playground-tester/node_modules/@wp-playground/blueprints/index.js:12196:3)\n      at async Object.onBind (file:///home/runner/work/playground-tester/playground-tester/node_modules/@wp-playground/cli/run-cli-j-geJYS3.js:315:48)\n      at async re (file:///home/runner/work/playground-tester/playground-tester/node_modules/@wp-playground/cli/run-cli-j-geJYS3.js:149:10) {\n    [cause]: Error: Could not download \"https://downloads.wordpress.org/plugin/random-posts-thumbnails.latest-stable.zip\".\n    \t\t\t\tCheck if the URL is correct and the server is reachable.\n    \t\t\t\tIf it is reachable, the server might be blocking the request.\n    \t\t\t\tCheck the browser console and network tabs for more information.\n    \n    \t\t\t\t## Does the console show the error \"No 'Access-Control-Allow-Origin' header\"?\n    \n    \t\t\t\tThis means the server that hosts your file does not allow requests from other sites\n    \t\t\t\t(cross-origin requests, or CORS).\tYou need to move the asset to a server that allows\n    \t\t\t\tcross-origin file downloads. Learn more about CORS at\n    \t\t\t\thttps://developer.mozilla.org/en-US/docs/Web/HTTP/CORS.\n    \n    \t\t\t\tIf your file is on GitHub, load it from \"raw.githubusercontent.com\".\n    \t\t\t\tHere's how to do that:\n    \n    \t\t\t\t1. Start with the original GitHub URL of the file. For example:\n    \t\t\t\thttps://github.com/username/repository/blob/branch/filename.\n    \t\t\t\t2. Replace \"github.com\" with \"raw.githubusercontent.com\".\n    \t\t\t\t3. Remove the \"/blob/\" part of the URL.\n    \n    \t\t\t\tThe resulting URL should look like this:\n    \t\t\t\thttps://raw.githubusercontent.com/username/repository/branch/filename\n    \n    \t\t\t\tError:\n    \t\t\t\tError: Could not download \"https://downloads.wordpress.org/plugin/random-posts-thumbnails.latest-stable.zip\"\n        at Ct.resolve (file:///home/runner/work/playground-tester/playground-tester/node_modules/@wp-playground/blueprints/index.js:1129:13)\n        at process.processTicksAndRejections (node:internal/process/task_queues:105:5)\n        at async _.run (file:///home/runner/work/playground-tester/playground-tester/node_modules/@php-wasm/util/index.js:45:14)\n  }\n}\n\n",
    "log": "/logs/plugins/r/random-posts-thumbnails/error.json"
  },
  {
    "message": "file:///home/runner/work/playground-tester/playground-tester/node_modules/@wp-playground/cli/run-cli-j-geJYS3.js:325\n        throw new Error($, { cause: h });\n              ^\n",
    "level": "FATAL",
    "type": "PLAYGROUND",
    "test": "jspi-boot",
    "plugin": "random-posts-thumbnails",
    "details": "file:///home/runner/work/playground-tester/playground-tester/node_modules/@wp-playground/cli/run-cli-j-geJYS3.js:325\n        throw new Error($, { cause: h });\n              ^\n",
    "log": "/tmp/tmp.201U0OB17K"
  },
  {
    "message": "Uncaught Error: Call to undefined function get_home_path() in /wordpress/wp-content/plugins/seahorse-gdpr-data-manager/classes/shgdprdm_gdprdatamanager.class.php:1821",
    "level": "FATAL",
    "type": "PHP",
    "test": "jspi-boot",
    "plugin": "random-posts-thumbnails",
    "details": "[28-Jun-2025 18:36:43 UTC] PHP Fatal error:  Uncaught Error: Call to undefined function get_home_path() in /wordpress/wp-content/plugins/seahorse-gdpr-data-manager/classes/shgdprdm_gdprdatamanager.class.php:1821\nStack trace:\n#0 /wordpress/wp-includes/class-wp-hook.php(324): SHGdprdm_GdprDataManager->shgdprdm_activate(false)\n#1 /wordpress/wp-includes/class-wp-hook.php(348): WP_Hook->apply_filters('', Array)\n#2 /wordpress/wp-includes/plugin.php(517): WP_Hook->do_action(Array)\n#3 /wordpress/wp-admin/includes/plugin.php(703): do_action('activate_seahor...', false)\n#4 /internal/eval.php(20): activate_plugin('seahorse-gdpr-d...')\n#5 {main}\n  thrown in /wordpress/wp-content/plugins/seahorse-gdpr-data-manager/classes/shgdprdm_gdprdatamanager.class.php on line 1821",
    "log": "/logs/plugins/r/random-posts-thumbnails/error.json"
  },
  {
    "message": "Uncaught Error: Call to undefined function get_home_path() in /wordpress/wp-content/plugins/seahorse-gdpr-data-manager/classes/shgdprdm_gdprdatamanager.class.php:1821",
    "level": "FATAL",
    "type": "PHP",
    "test": "jspi-boot",
    "plugin": "random-posts-thumbnails",
    "details": "[28-Jun-2025 18:36:53 UTC] PHP Fatal error:  Uncaught Error: Call to undefined function get_home_path() in /wordpress/wp-content/plugins/seahorse-gdpr-data-manager/classes/shgdprdm_gdprdatamanager.class.php:1821\nStack trace:\n#0 /wordpress/wp-includes/class-wp-hook.php(324): SHGdprdm_GdprDataManager->shgdprdm_activate(false)\n#1 /wordpress/wp-includes/class-wp-hook.php(348): WP_Hook->apply_filters('', Array)\n#2 /wordpress/wp-includes/plugin.php(517): WP_Hook->do_action(Array)\n#3 /wordpress/wp-admin/includes/plugin.php(703): do_action('activate_seahor...', false)\n#4 /internal/eval.php(20): activate_plugin('seahorse-gdpr-d...')\n#5 {main}\n  thrown in /wordpress/wp-content/plugins/seahorse-gdpr-data-manager/classes/shgdprdm_gdprdatamanager.class.php on line 1821",
    "log": "/logs/plugins/r/random-posts-thumbnails/error.json"
  },
  {
    "message": "Uncaught Error: Call to undefined function get_home_path() in /wordpress/wp-content/plugins/seahorse-gdpr-data-manager/classes/shgdprdm_gdprdatamanager.class.php:1821",
    "level": "FATAL",
    "type": "PHP",
    "test": "jspi-boot",
    "plugin": "random-posts-thumbnails",
    "details": "[28-Jun-2025 18:37:03 UTC] PHP Fatal error:  Uncaught Error: Call to undefined function get_home_path() in /wordpress/wp-content/plugins/seahorse-gdpr-data-manager/classes/shgdprdm_gdprdatamanager.class.php:1821\nStack trace:\n#0 /wordpress/wp-includes/class-wp-hook.php(324): SHGdprdm_GdprDataManager->shgdprdm_activate(false)\n#1 /wordpress/wp-includes/class-wp-hook.php(348): WP_Hook->apply_filters('', Array)\n#2 /wordpress/wp-includes/plugin.php(517): WP_Hook->do_action(Array)\n#3 /wordpress/wp-admin/includes/plugin.php(703): do_action('activate_seahor...', false)\n#4 /internal/eval.php(20): activate_plugin('seahorse-gdpr-d...')\n#5 {main}\n  thrown in /wordpress/wp-content/plugins/seahorse-gdpr-data-manager/classes/shgdprdm_gdprdatamanager.class.php on line 1821",
    "log": "/logs/plugins/r/random-posts-thumbnails/error.json"
  },
  {
    "message": "Function _load_textdomain_just_in_time was called <strong>incorrectly</strong>. Translation loading for the <code>sheet-to-wp-table-for-google-sheet</code> domain was triggered too early. This is usually an indicator for some code in the plugin or theme running too early. Translations should be loaded at the <code>init</code> action or later. Please see <a href=\"https://developer.wordpress.org/advanced-administration/debug/debug-wordpress/\">Debugging in WordPress</a> for more information. (This message was added in version 6.7.0.) in /wordpress/wp-includes/functions.php on line 6121",
    "level": "NOTICE",
    "type": "PHP",
    "test": "jspi-boot",
    "plugin": "random-posts-thumbnails",
    "details": "[28-Jun-2025 18:37:47 UTC] PHP Notice:  Function _load_textdomain_just_in_time was called <strong>incorrectly</strong>. Translation loading for the <code>sheet-to-wp-table-for-google-sheet</code> domain was triggered too early. This is usually an indicator for some code in the plugin or theme running too early. Translations should be loaded at the <code>init</code> action or later. Please see <a href=\"https://developer.wordpress.org/advanced-administration/debug/debug-wordpress/\">Debugging in WordPress</a> for more information. (This message was added in version 6.7.0.) in /wordpress/wp-includes/functions.php on line 6121",
    "log": "/logs/plugins/r/random-posts-thumbnails/error.json"
  },
  {
    "message": "Function _load_textdomain_just_in_time was called <strong>incorrectly</strong>. Translation loading for the <code>sheet-to-wp-table-for-google-sheet</code> domain was triggered too early. This is usually an indicator for some code in the plugin or theme running too early. Translations should be loaded at the <code>init</code> action or later. Please see <a href=\"https://developer.wordpress.org/advanced-administration/debug/debug-wordpress/\">Debugging in WordPress</a> for more information. (This message was added in version 6.7.0.) in /wordpress/wp-includes/functions.php on line 6121",
    "level": "NOTICE",
    "type": "PHP",
    "test": "jspi-boot",
    "plugin": "random-posts-thumbnails",
    "details": "[28-Jun-2025 18:37:56 UTC] PHP Notice:  Function _load_textdomain_just_in_time was called <strong>incorrectly</strong>. Translation loading for the <code>sheet-to-wp-table-for-google-sheet</code> domain was triggered too early. This is usually an indicator for some code in the plugin or theme running too early. Translations should be loaded at the <code>init</code> action or later. Please see <a href=\"https://developer.wordpress.org/advanced-administration/debug/debug-wordpress/\">Debugging in WordPress</a> for more information. (This message was added in version 6.7.0.) in /wordpress/wp-includes/functions.php on line 6121",
    "log": "/logs/plugins/r/random-posts-thumbnails/error.json"
  },
  {
    "message": "Function _load_textdomain_just_in_time was called <strong>incorrectly</strong>. Translation loading for the <code>sheet-to-wp-table-for-google-sheet</code> domain was triggered too early. This is usually an indicator for some code in the plugin or theme running too early. Translations should be loaded at the <code>init</code> action or later. Please see <a href=\"https://developer.wordpress.org/advanced-administration/debug/debug-wordpress/\">Debugging in WordPress</a> for more information. (This message was added in version 6.7.0.) in /wordpress/wp-includes/functions.php on line 6121",
    "level": "NOTICE",
    "type": "PHP",
    "test": "jspi-boot",
    "plugin": "random-posts-thumbnails",
    "details": "[28-Jun-2025 18:38:06 UTC] PHP Notice:  Function _load_textdomain_just_in_time was called <strong>incorrectly</strong>. Translation loading for the <code>sheet-to-wp-table-for-google-sheet</code> domain was triggered too early. This is usually an indicator for some code in the plugin or theme running too early. Translations should be loaded at the <code>init</code> action or later. Please see <a href=\"https://developer.wordpress.org/advanced-administration/debug/debug-wordpress/\">Debugging in WordPress</a> for more information. (This message was added in version 6.7.0.) in /wordpress/wp-includes/functions.php on line 6121",
    "log": "/logs/plugins/r/random-posts-thumbnails/error.json"
  },
  {
    "message": "Declaration of SimpleLatestPostsWidget::update($new_instance) must be compatible with WP_Widget::update($new_instance, $old_instance) in /wordpress/wp-content/plugins/simple-latest-posts-including-custom-posttypes-widget/simple-latest-posts-including-custom-posttypes.php on line 33",
    "level": "FATAL",
    "type": "PHP",
    "test": "jspi-boot",
    "plugin": "random-posts-thumbnails",
    "details": "[28-Jun-2025 18:38:16 UTC] PHP Fatal error:  Declaration of SimpleLatestPostsWidget::update($new_instance) must be compatible with WP_Widget::update($new_instance, $old_instance) in /wordpress/wp-content/plugins/simple-latest-posts-including-custom-posttypes-widget/simple-latest-posts-including-custom-posttypes.php on line 33",
    "log": "/logs/plugins/r/random-posts-thumbnails/error.json"
  },
  {
    "message": "Declaration of SimpleLatestPostsWidget::update($new_instance) must be compatible with WP_Widget::update($new_instance, $old_instance) in /wordpress/wp-content/plugins/simple-latest-posts-including-custom-posttypes-widget/simple-latest-posts-including-custom-posttypes.php on line 33",
    "level": "FATAL",
    "type": "PHP",
    "test": "jspi-boot",
    "plugin": "random-posts-thumbnails",
    "details": "[28-Jun-2025 18:38:24 UTC] PHP Fatal error:  Declaration of SimpleLatestPostsWidget::update($new_instance) must be compatible with WP_Widget::update($new_instance, $old_instance) in /wordpress/wp-content/plugins/simple-latest-posts-including-custom-posttypes-widget/simple-latest-posts-including-custom-posttypes.php on line 33",
    "log": "/logs/plugins/r/random-posts-thumbnails/error.json"
  },
  {
    "message": "Declaration of SimpleLatestPostsWidget::update($new_instance) must be compatible with WP_Widget::update($new_instance, $old_instance) in /wordpress/wp-content/plugins/simple-latest-posts-including-custom-posttypes-widget/simple-latest-posts-including-custom-posttypes.php on line 33",
    "level": "FATAL",
    "type": "PHP",
    "test": "jspi-boot",
    "plugin": "random-posts-thumbnails",
    "details": "[28-Jun-2025 18:38:33 UTC] PHP Fatal error:  Declaration of SimpleLatestPostsWidget::update($new_instance) must be compatible with WP_Widget::update($new_instance, $old_instance) in /wordpress/wp-content/plugins/simple-latest-posts-including-custom-posttypes-widget/simple-latest-posts-including-custom-posttypes.php on line 33",
    "log": "/logs/plugins/r/random-posts-thumbnails/error.json"
  },
  {
    "message": "Undefined array key \"action\" in /wordpress/wp-content/plugins/simple-optimizer/simple-optimizer-loader.php on line 28",
    "level": "WARNING",
    "type": "PHP",
    "test": "jspi-boot",
    "plugin": "random-posts-thumbnails",
    "details": "[28-Jun-2025 18:38:43 UTC] PHP Warning:  Undefined array key \"action\" in /wordpress/wp-content/plugins/simple-optimizer/simple-optimizer-loader.php on line 28",
    "log": "/logs/plugins/r/random-posts-thumbnails/error.json"
  },
  {
    "message": "Trying to access array offset on value of type bool in /wordpress/wp-content/plugins/simple-optimizer/simple-optimizer-plugin.php on line 85",
    "level": "WARNING",
    "type": "PHP",
    "test": "jspi-boot",
    "plugin": "random-posts-thumbnails",
    "details": "[28-Jun-2025 18:38:44 UTC] PHP Warning:  Trying to access array offset on value of type bool in /wordpress/wp-content/plugins/simple-optimizer/simple-optimizer-plugin.php on line 85",
    "log": "/logs/plugins/r/random-posts-thumbnails/error.json"
  },
  {
    "message": "Trying to access array offset on value of type null in /wordpress/wp-content/plugins/simple-optimizer/simple-optimizer-plugin.php on line 85",
    "level": "WARNING",
    "type": "PHP",
    "test": "jspi-boot",
    "plugin": "random-posts-thumbnails",
    "details": "[28-Jun-2025 18:38:44 UTC] PHP Warning:  Trying to access array offset on value of type null in /wordpress/wp-content/plugins/simple-optimizer/simple-optimizer-plugin.php on line 85",
    "log": "/logs/plugins/r/random-posts-thumbnails/error.json"
  },
  {
    "message": "Undefined array key \"action\" in /wordpress/wp-content/plugins/simple-optimizer/simple-optimizer-loader.php on line 28",
    "level": "WARNING",
    "type": "PHP",
    "test": "jspi-boot",
    "plugin": "random-posts-thumbnails",
    "details": "[28-Jun-2025 18:38:53 UTC] PHP Warning:  Undefined array key \"action\" in /wordpress/wp-content/plugins/simple-optimizer/simple-optimizer-loader.php on line 28",
    "log": "/logs/plugins/r/random-posts-thumbnails/error.json"
  },
  {
    "message": "Trying to access array offset on value of type bool in /wordpress/wp-content/plugins/simple-optimizer/simple-optimizer-plugin.php on line 85",
    "level": "WARNING",
    "type": "PHP",
    "test": "jspi-boot",
    "plugin": "random-posts-thumbnails",
    "details": "[28-Jun-2025 18:38:54 UTC] PHP Warning:  Trying to access array offset on value of type bool in /wordpress/wp-content/plugins/simple-optimizer/simple-optimizer-plugin.php on line 85",
    "log": "/logs/plugins/r/random-posts-thumbnails/error.json"
  },
  {
    "message": "Trying to access array offset on value of type null in /wordpress/wp-content/plugins/simple-optimizer/simple-optimizer-plugin.php on line 85",
    "level": "WARNING",
    "type": "PHP",
    "test": "jspi-boot",
    "plugin": "random-posts-thumbnails",
    "details": "[28-Jun-2025 18:38:54 UTC] PHP Warning:  Trying to access array offset on value of type null in /wordpress/wp-content/plugins/simple-optimizer/simple-optimizer-plugin.php on line 85",
    "log": "/logs/plugins/r/random-posts-thumbnails/error.json"
  },
  {
    "message": "Undefined array key \"action\" in /wordpress/wp-content/plugins/simple-optimizer/simple-optimizer-loader.php on line 28",
    "level": "WARNING",
    "type": "PHP",
    "test": "jspi-boot",
    "plugin": "random-posts-thumbnails",
    "details": "[28-Jun-2025 18:39:03 UTC] PHP Warning:  Undefined array key \"action\" in /wordpress/wp-content/plugins/simple-optimizer/simple-optimizer-loader.php on line 28",
    "log": "/logs/plugins/r/random-posts-thumbnails/error.json"
  },
  {
    "message": "Trying to access array offset on value of type bool in /wordpress/wp-content/plugins/simple-optimizer/simple-optimizer-plugin.php on line 85",
    "level": "WARNING",
    "type": "PHP",
    "test": "jspi-boot",
    "plugin": "random-posts-thumbnails",
    "details": "[28-Jun-2025 18:39:04 UTC] PHP Warning:  Trying to access array offset on value of type bool in /wordpress/wp-content/plugins/simple-optimizer/simple-optimizer-plugin.php on line 85",
    "log": "/logs/plugins/r/random-posts-thumbnails/error.json"
  },
  {
    "message": "Trying to access array offset on value of type null in /wordpress/wp-content/plugins/simple-optimizer/simple-optimizer-plugin.php on line 85",
    "level": "WARNING",
    "type": "PHP",
    "test": "jspi-boot",
    "plugin": "random-posts-thumbnails",
    "details": "[28-Jun-2025 18:39:04 UTC] PHP Warning:  Trying to access array offset on value of type null in /wordpress/wp-content/plugins/simple-optimizer/simple-optimizer-plugin.php on line 85",
    "log": "/logs/plugins/r/random-posts-thumbnails/error.json"
  },
  {
    "message": "File class-phpmailer.php is <strong>deprecated</strong> since version 5.5.0! Use wp-includes/PHPMailer/PHPMailer.php instead. The PHPMailer class has been moved to wp-includes/PHPMailer subdirectory and now uses the PHPMailer\\PHPMailer namespace. in /wordpress/wp-includes/functions.php on line 6121",
    "level": "DEPRECATED",
    "type": "PHP",
    "test": "jspi-boot",
    "plugin": "random-posts-thumbnails",
    "details": "[28-Jun-2025 18:40:14 UTC] PHP Deprecated:  File class-phpmailer.php is <strong>deprecated</strong> since version 5.5.0! Use wp-includes/PHPMailer/PHPMailer.php instead. The PHPMailer class has been moved to wp-includes/PHPMailer subdirectory and now uses the PHPMailer\\PHPMailer namespace. in /wordpress/wp-includes/functions.php on line 6121",
    "log": "/logs/plugins/r/random-posts-thumbnails/error.json"
  },
  {
    "message": "File class-phpmailer.php is <strong>deprecated</strong> since version 5.5.0! Use wp-includes/PHPMailer/PHPMailer.php instead. The PHPMailer class has been moved to wp-includes/PHPMailer subdirectory and now uses the PHPMailer\\PHPMailer namespace. in /wordpress/wp-includes/functions.php on line 6121",
    "level": "DEPRECATED",
    "type": "PHP",
    "test": "jspi-boot",
    "plugin": "random-posts-thumbnails",
    "details": "[28-Jun-2025 18:40:15 UTC] PHP Deprecated:  File class-phpmailer.php is <strong>deprecated</strong> since version 5.5.0! Use wp-includes/PHPMailer/PHPMailer.php instead. The PHPMailer class has been moved to wp-includes/PHPMailer subdirectory and now uses the PHPMailer\\PHPMailer namespace. in /wordpress/wp-includes/functions.php on line 6121",
    "log": "/logs/plugins/r/random-posts-thumbnails/error.json"
  },
  {
    "message": "File class-phpmailer.php is <strong>deprecated</strong> since version 5.5.0! Use wp-includes/PHPMailer/PHPMailer.php instead. The PHPMailer class has been moved to wp-includes/PHPMailer subdirectory and now uses the PHPMailer\\PHPMailer namespace. in /wordpress/wp-includes/functions.php on line 6121",
    "level": "DEPRECATED",
    "type": "PHP",
    "test": "jspi-boot",
    "plugin": "random-posts-thumbnails",
    "details": "[28-Jun-2025 18:40:24 UTC] PHP Deprecated:  File class-phpmailer.php is <strong>deprecated</strong> since version 5.5.0! Use wp-includes/PHPMailer/PHPMailer.php instead. The PHPMailer class has been moved to wp-includes/PHPMailer subdirectory and now uses the PHPMailer\\PHPMailer namespace. in /wordpress/wp-includes/functions.php on line 6121",
    "log": "/logs/plugins/r/random-posts-thumbnails/error.json"
  },
  {
    "message": "File class-phpmailer.php is <strong>deprecated</strong> since version 5.5.0! Use wp-includes/PHPMailer/PHPMailer.php instead. The PHPMailer class has been moved to wp-includes/PHPMailer subdirectory and now uses the PHPMailer\\PHPMailer namespace. in /wordpress/wp-includes/functions.php on line 6121",
    "level": "DEPRECATED",
    "type": "PHP",
    "test": "jspi-boot",
    "plugin": "random-posts-thumbnails",
    "details": "[28-Jun-2025 18:40:25 UTC] PHP Deprecated:  File class-phpmailer.php is <strong>deprecated</strong> since version 5.5.0! Use wp-includes/PHPMailer/PHPMailer.php instead. The PHPMailer class has been moved to wp-includes/PHPMailer subdirectory and now uses the PHPMailer\\PHPMailer namespace. in /wordpress/wp-includes/functions.php on line 6121",
    "log": "/logs/plugins/r/random-posts-thumbnails/error.json"
  },
  {
    "message": "File class-phpmailer.php is <strong>deprecated</strong> since version 5.5.0! Use wp-includes/PHPMailer/PHPMailer.php instead. The PHPMailer class has been moved to wp-includes/PHPMailer subdirectory and now uses the PHPMailer\\PHPMailer namespace. in /wordpress/wp-includes/functions.php on line 6121",
    "level": "DEPRECATED",
    "type": "PHP",
    "test": "jspi-boot",
    "plugin": "random-posts-thumbnails",
    "details": "[28-Jun-2025 18:40:34 UTC] PHP Deprecated:  File class-phpmailer.php is <strong>deprecated</strong> since version 5.5.0! Use wp-includes/PHPMailer/PHPMailer.php instead. The PHPMailer class has been moved to wp-includes/PHPMailer subdirectory and now uses the PHPMailer\\PHPMailer namespace. in /wordpress/wp-includes/functions.php on line 6121",
    "log": "/logs/plugins/r/random-posts-thumbnails/error.json"
  },
  {
    "message": "File class-phpmailer.php is <strong>deprecated</strong> since version 5.5.0! Use wp-includes/PHPMailer/PHPMailer.php instead. The PHPMailer class has been moved to wp-includes/PHPMailer subdirectory and now uses the PHPMailer\\PHPMailer namespace. in /wordpress/wp-includes/functions.php on line 6121",
    "level": "DEPRECATED",
    "type": "PHP",
    "test": "jspi-boot",
    "plugin": "random-posts-thumbnails",
    "details": "[28-Jun-2025 18:40:35 UTC] PHP Deprecated:  File class-phpmailer.php is <strong>deprecated</strong> since version 5.5.0! Use wp-includes/PHPMailer/PHPMailer.php instead. The PHPMailer class has been moved to wp-includes/PHPMailer subdirectory and now uses the PHPMailer\\PHPMailer namespace. in /wordpress/wp-includes/functions.php on line 6121",
    "log": "/logs/plugins/r/random-posts-thumbnails/error.json"
  },
  {
    "message": "Uncaught Error: Call to undefined function create_function() in /wordpress/wp-content/plugins/strx-youtube-widget/strx-widget.php:33",
    "level": "FATAL",
    "type": "PHP",
    "test": "jspi-boot",
    "plugin": "random-posts-thumbnails",
    "details": "[28-Jun-2025 18:42:44 UTC] PHP Fatal error:  Uncaught Error: Call to undefined function create_function() in /wordpress/wp-content/plugins/strx-youtube-widget/strx-widget.php:33\nStack trace:\n#0 /wordpress/wp-content/plugins/strx-youtube-widget/strx-youtube-embed-urls-widget.php(57): Strx_Widget::w_init('StrxYoutubeEmbe...')\n#1 /wordpress/wp-content/plugins/strx-youtube-widget/strx-youtube-embed-widget.php(12): require_once('/wordpress/wp-c...')\n#2 /wordpress/wp-admin/includes/plugin.php(2387): include_once('/wordpress/wp-c...')\n#3 /wordpress/wp-admin/includes/plugin.php(673): plugin_sandbox_scrape('strx-youtube-wi...')\n#4 /internal/eval.php(20): activate_plugin('strx-youtube-wi...')\n#5 {main}\n  thrown in /wordpress/wp-content/plugins/strx-youtube-widget/strx-widget.php on line 33",
    "log": "/logs/plugins/r/random-posts-thumbnails/error.json"
  },
  {
    "message": "Uncaught Error: Call to undefined function create_function() in /wordpress/wp-content/plugins/strx-youtube-widget/strx-widget.php:33",
    "level": "FATAL",
    "type": "PHP",
    "test": "jspi-boot",
    "plugin": "random-posts-thumbnails",
    "details": "[28-Jun-2025 18:42:53 UTC] PHP Fatal error:  Uncaught Error: Call to undefined function create_function() in /wordpress/wp-content/plugins/strx-youtube-widget/strx-widget.php:33\nStack trace:\n#0 /wordpress/wp-content/plugins/strx-youtube-widget/strx-youtube-embed-urls-widget.php(57): Strx_Widget::w_init('StrxYoutubeEmbe...')\n#1 /wordpress/wp-content/plugins/strx-youtube-widget/strx-youtube-embed-widget.php(12): require_once('/wordpress/wp-c...')\n#2 /wordpress/wp-admin/includes/plugin.php(2387): include_once('/wordpress/wp-c...')\n#3 /wordpress/wp-admin/includes/plugin.php(673): plugin_sandbox_scrape('strx-youtube-wi...')\n#4 /internal/eval.php(20): activate_plugin('strx-youtube-wi...')\n#5 {main}\n  thrown in /wordpress/wp-content/plugins/strx-youtube-widget/strx-widget.php on line 33",
    "log": "/logs/plugins/r/random-posts-thumbnails/error.json"
  },
  {
    "message": "Uncaught Error: Call to undefined function create_function() in /wordpress/wp-content/plugins/strx-youtube-widget/strx-widget.php:33",
    "level": "FATAL",
    "type": "PHP",
    "test": "jspi-boot",
    "plugin": "random-posts-thumbnails",
    "details": "[28-Jun-2025 18:43:02 UTC] PHP Fatal error:  Uncaught Error: Call to undefined function create_function() in /wordpress/wp-content/plugins/strx-youtube-widget/strx-widget.php:33\nStack trace:\n#0 /wordpress/wp-content/plugins/strx-youtube-widget/strx-youtube-embed-urls-widget.php(57): Strx_Widget::w_init('StrxYoutubeEmbe...')\n#1 /wordpress/wp-content/plugins/strx-youtube-widget/strx-youtube-embed-widget.php(12): require_once('/wordpress/wp-c...')\n#2 /wordpress/wp-admin/includes/plugin.php(2387): include_once('/wordpress/wp-c...')\n#3 /wordpress/wp-admin/includes/plugin.php(673): plugin_sandbox_scrape('strx-youtube-wi...')\n#4 /internal/eval.php(20): activate_plugin('strx-youtube-wi...')\n#5 {main}\n  thrown in /wordpress/wp-content/plugins/strx-youtube-widget/strx-widget.php on line 33",
    "log": "/logs/plugins/r/random-posts-thumbnails/error.json"
  },
  {
    "message": "Function add_option was called with an argument that is <strong>deprecated</strong> since version 2.3.0 with no alternative available. in /wordpress/wp-includes/functions.php on line 6121",
    "level": "DEPRECATED",
    "type": "PHP",
    "test": "jspi-boot",
    "plugin": "random-posts-thumbnails",
    "details": "[28-Jun-2025 18:43:11 UTC] PHP Deprecated:  Function add_option was called with an argument that is <strong>deprecated</strong> since version 2.3.0 with no alternative available. in /wordpress/wp-includes/functions.php on line 6121",
    "log": "/logs/plugins/r/random-posts-thumbnails/error.json"
  },
  {
    "message": "Function add_option was called with an argument that is <strong>deprecated</strong> since version 2.3.0 with no alternative available. in /wordpress/wp-includes/functions.php on line 6121",
    "level": "DEPRECATED",
    "type": "PHP",
    "test": "jspi-boot",
    "plugin": "random-posts-thumbnails",
    "details": "[28-Jun-2025 18:43:20 UTC] PHP Deprecated:  Function add_option was called with an argument that is <strong>deprecated</strong> since version 2.3.0 with no alternative available. in /wordpress/wp-includes/functions.php on line 6121",
    "log": "/logs/plugins/r/random-posts-thumbnails/error.json"
  },
  {
    "message": "Function add_option was called with an argument that is <strong>deprecated</strong> since version 2.3.0 with no alternative available. in /wordpress/wp-includes/functions.php on line 6121",
    "level": "DEPRECATED",
    "type": "PHP",
    "test": "jspi-boot",
    "plugin": "random-posts-thumbnails",
    "details": "[28-Jun-2025 18:43:31 UTC] PHP Deprecated:  Function add_option was called with an argument that is <strong>deprecated</strong> since version 2.3.0 with no alternative available. in /wordpress/wp-includes/functions.php on line 6121",
    "log": "/logs/plugins/r/random-posts-thumbnails/error.json"
  },
  {
    "message": "Uncaught PDOException: SQLSTATE[HY000] [2002] Address family not supported by protocol in /wordpress/wp-content/plugins/rise-hotel-booking/rise-hotel-booking.php:167",
    "level": "FATAL",
    "type": "PHP",
    "test": "jspi-boot",
    "plugin": "random-posts-thumbnails",
    "details": "[28-Jun-2025 18:45:14 UTC] PHP Fatal error:  Uncaught PDOException: SQLSTATE[HY000] [2002] Address family not supported by protocol in /wordpress/wp-content/plugins/rise-hotel-booking/rise-hotel-booking.php:167\nStack trace:\n#0 /wordpress/wp-content/plugins/rise-hotel-booking/rise-hotel-booking.php(167): PDO->__construct('mysql:host=loca...', 'username_here', 'password_here')\n#1 /wordpress/wp-includes/class-wp-hook.php(324): RISE->createTables(false)\n#2 /wordpress/wp-includes/class-wp-hook.php(348): WP_Hook->apply_filters('', Array)\n#3 /wordpress/wp-includes/plugin.php(517): WP_Hook->do_action(Array)\n#4 /wordpress/wp-admin/includes/plugin.php(703): do_action('activate_rise-h...', false)\n#5 /internal/eval.php(20): activate_plugin('rise-hotel-book...')\n#6 {main}\n  thrown in /wordpress/wp-content/plugins/rise-hotel-booking/rise-hotel-booking.php on line 167",
    "log": "/logs/plugins/r/random-posts-thumbnails/error.json"
  },
  {
    "message": "Uncaught PDOException: SQLSTATE[HY000] [2002] Address family not supported by protocol in /wordpress/wp-content/plugins/rise-hotel-booking/rise-hotel-booking.php:167",
    "level": "FATAL",
    "type": "PHP",
    "test": "jspi-boot",
    "plugin": "random-posts-thumbnails",
    "details": "[28-Jun-2025 18:45:25 UTC] PHP Fatal error:  Uncaught PDOException: SQLSTATE[HY000] [2002] Address family not supported by protocol in /wordpress/wp-content/plugins/rise-hotel-booking/rise-hotel-booking.php:167\nStack trace:\n#0 /wordpress/wp-content/plugins/rise-hotel-booking/rise-hotel-booking.php(167): PDO->__construct('mysql:host=loca...', 'username_here', 'password_here')\n#1 /wordpress/wp-includes/class-wp-hook.php(324): RISE->createTables(false)\n#2 /wordpress/wp-includes/class-wp-hook.php(348): WP_Hook->apply_filters('', Array)\n#3 /wordpress/wp-includes/plugin.php(517): WP_Hook->do_action(Array)\n#4 /wordpress/wp-admin/includes/plugin.php(703): do_action('activate_rise-h...', false)\n#5 /internal/eval.php(20): activate_plugin('rise-hotel-book...')\n#6 {main}\n  thrown in /wordpress/wp-content/plugins/rise-hotel-booking/rise-hotel-booking.php on line 167",
    "log": "/logs/plugins/r/random-posts-thumbnails/error.json"
  },
  {
    "message": "Uncaught PDOException: SQLSTATE[HY000] [2002] Address family not supported by protocol in /wordpress/wp-content/plugins/rise-hotel-booking/rise-hotel-booking.php:167",
    "level": "FATAL",
    "type": "PHP",
    "test": "jspi-boot",
    "plugin": "random-posts-thumbnails",
    "details": "[28-Jun-2025 18:45:36 UTC] PHP Fatal error:  Uncaught PDOException: SQLSTATE[HY000] [2002] Address family not supported by protocol in /wordpress/wp-content/plugins/rise-hotel-booking/rise-hotel-booking.php:167\nStack trace:\n#0 /wordpress/wp-content/plugins/rise-hotel-booking/rise-hotel-booking.php(167): PDO->__construct('mysql:host=loca...', 'username_here', 'password_here')\n#1 /wordpress/wp-includes/class-wp-hook.php(324): RISE->createTables(false)\n#2 /wordpress/wp-includes/class-wp-hook.php(348): WP_Hook->apply_filters('', Array)\n#3 /wordpress/wp-includes/plugin.php(517): WP_Hook->do_action(Array)\n#4 /wordpress/wp-admin/includes/plugin.php(703): do_action('activate_rise-h...', false)\n#5 /internal/eval.php(20): activate_plugin('rise-hotel-book...')\n#6 {main}\n  thrown in /wordpress/wp-content/plugins/rise-hotel-booking/rise-hotel-booking.php on line 167",
    "log": "/logs/plugins/r/random-posts-thumbnails/error.json"
  },
  {
    "message": "Required parameter $wrapper follows optional parameter $type in /wordpress/wp-content/plugins/rw-divi-unite-gallery/freemius/includes/class-fs-logger.php on line 145",
    "level": "DEPRECATED",
    "type": "PHP",
    "test": "jspi-boot",
    "plugin": "random-posts-thumbnails",
    "details": "[28-Jun-2025 18:45:46 UTC] PHP Deprecated:  Required parameter $wrapper follows optional parameter $type in /wordpress/wp-content/plugins/rw-divi-unite-gallery/freemius/includes/class-fs-logger.php on line 145",
    "log": "/logs/plugins/r/random-posts-thumbnails/error.json"
  },
  {
    "message": "Required parameter $function_name follows optional parameter $content in /wordpress/wp-content/plugins/rw-divi-unite-gallery/custom-modules/divi-unite-gallery.php on line 269",
    "level": "DEPRECATED",
    "type": "PHP",
    "test": "jspi-boot",
    "plugin": "random-posts-thumbnails",
    "details": "[28-Jun-2025 18:45:46 UTC] PHP Deprecated:  Required parameter $function_name follows optional parameter $content in /wordpress/wp-content/plugins/rw-divi-unite-gallery/custom-modules/divi-unite-gallery.php on line 269",
    "log": "/logs/plugins/r/random-posts-thumbnails/error.json"
  },
  {
    "message": "Required parameter $wrapper follows optional parameter $type in /wordpress/wp-content/plugins/rw-divi-unite-gallery/freemius/includes/class-fs-logger.php on line 145",
    "level": "DEPRECATED",
    "type": "PHP",
    "test": "jspi-boot",
    "plugin": "random-posts-thumbnails",
    "details": "[28-Jun-2025 18:45:48 UTC] PHP Deprecated:  Required parameter $wrapper follows optional parameter $type in /wordpress/wp-content/plugins/rw-divi-unite-gallery/freemius/includes/class-fs-logger.php on line 145",
    "log": "/logs/plugins/r/random-posts-thumbnails/error.json"
  },
  {
    "message": "Required parameter $function_name follows optional parameter $content in /wordpress/wp-content/plugins/rw-divi-unite-gallery/custom-modules/divi-unite-gallery.php on line 269",
    "level": "DEPRECATED",
    "type": "PHP",
    "test": "jspi-boot",
    "plugin": "random-posts-thumbnails",
    "details": "[28-Jun-2025 18:45:48 UTC] PHP Deprecated:  Required parameter $function_name follows optional parameter $content in /wordpress/wp-content/plugins/rw-divi-unite-gallery/custom-modules/divi-unite-gallery.php on line 269",
    "log": "/logs/plugins/r/random-posts-thumbnails/error.json"
  },
  {
    "message": "Required parameter $wrapper follows optional parameter $type in /wordpress/wp-content/plugins/rw-divi-unite-gallery/freemius/includes/class-fs-logger.php on line 145",
    "level": "DEPRECATED",
    "type": "PHP",
    "test": "jspi-boot",
    "plugin": "random-posts-thumbnails",
    "details": "[28-Jun-2025 18:45:57 UTC] PHP Deprecated:  Required parameter $wrapper follows optional parameter $type in /wordpress/wp-content/plugins/rw-divi-unite-gallery/freemius/includes/class-fs-logger.php on line 145",
    "log": "/logs/plugins/r/random-posts-thumbnails/error.json"
  },
  {
    "message": "Required parameter $function_name follows optional parameter $content in /wordpress/wp-content/plugins/rw-divi-unite-gallery/custom-modules/divi-unite-gallery.php on line 269",
    "level": "DEPRECATED",
    "type": "PHP",
    "test": "jspi-boot",
    "plugin": "random-posts-thumbnails",
    "details": "[28-Jun-2025 18:45:58 UTC] PHP Deprecated:  Required parameter $function_name follows optional parameter $content in /wordpress/wp-content/plugins/rw-divi-unite-gallery/custom-modules/divi-unite-gallery.php on line 269",
    "log": "/logs/plugins/r/random-posts-thumbnails/error.json"
  },
  {
    "message": "Required parameter $wrapper follows optional parameter $type in /wordpress/wp-content/plugins/rw-divi-unite-gallery/freemius/includes/class-fs-logger.php on line 145",
    "level": "DEPRECATED",
    "type": "PHP",
    "test": "jspi-boot",
    "plugin": "random-posts-thumbnails",
    "details": "[28-Jun-2025 18:45:59 UTC] PHP Deprecated:  Required parameter $wrapper follows optional parameter $type in /wordpress/wp-content/plugins/rw-divi-unite-gallery/freemius/includes/class-fs-logger.php on line 145",
    "log": "/logs/plugins/r/random-posts-thumbnails/error.json"
  },
  {
    "message": "Required parameter $function_name follows optional parameter $content in /wordpress/wp-content/plugins/rw-divi-unite-gallery/custom-modules/divi-unite-gallery.php on line 269",
    "level": "DEPRECATED",
    "type": "PHP",
    "test": "jspi-boot",
    "plugin": "random-posts-thumbnails",
    "details": "[28-Jun-2025 18:45:59 UTC] PHP Deprecated:  Required parameter $function_name follows optional parameter $content in /wordpress/wp-content/plugins/rw-divi-unite-gallery/custom-modules/divi-unite-gallery.php on line 269",
    "log": "/logs/plugins/r/random-posts-thumbnails/error.json"
  },
  {
    "message": "Required parameter $wrapper follows optional parameter $type in /wordpress/wp-content/plugins/rw-divi-unite-gallery/freemius/includes/class-fs-logger.php on line 145",
    "level": "DEPRECATED",
    "type": "PHP",
    "test": "jspi-boot",
    "plugin": "random-posts-thumbnails",
    "details": "[28-Jun-2025 18:46:09 UTC] PHP Deprecated:  Required parameter $wrapper follows optional parameter $type in /wordpress/wp-content/plugins/rw-divi-unite-gallery/freemius/includes/class-fs-logger.php on line 145",
    "log": "/logs/plugins/r/random-posts-thumbnails/error.json"
  },
  {
    "message": "Required parameter $function_name follows optional parameter $content in /wordpress/wp-content/plugins/rw-divi-unite-gallery/custom-modules/divi-unite-gallery.php on line 269",
    "level": "DEPRECATED",
    "type": "PHP",
    "test": "jspi-boot",
    "plugin": "random-posts-thumbnails",
    "details": "[28-Jun-2025 18:46:09 UTC] PHP Deprecated:  Required parameter $function_name follows optional parameter $content in /wordpress/wp-content/plugins/rw-divi-unite-gallery/custom-modules/divi-unite-gallery.php on line 269",
    "log": "/logs/plugins/r/random-posts-thumbnails/error.json"
  },
  {
    "message": "Required parameter $wrapper follows optional parameter $type in /wordpress/wp-content/plugins/rw-divi-unite-gallery/freemius/includes/class-fs-logger.php on line 145",
    "level": "DEPRECATED",
    "type": "PHP",
    "test": "jspi-boot",
    "plugin": "random-posts-thumbnails",
    "details": "[28-Jun-2025 18:46:10 UTC] PHP Deprecated:  Required parameter $wrapper follows optional parameter $type in /wordpress/wp-content/plugins/rw-divi-unite-gallery/freemius/includes/class-fs-logger.php on line 145",
    "log": "/logs/plugins/r/random-posts-thumbnails/error.json"
  },
  {
    "message": "Required parameter $function_name follows optional parameter $content in /wordpress/wp-content/plugins/rw-divi-unite-gallery/custom-modules/divi-unite-gallery.php on line 269",
    "level": "DEPRECATED",
    "type": "PHP",
    "test": "jspi-boot",
    "plugin": "random-posts-thumbnails",
    "details": "[28-Jun-2025 18:46:10 UTC] PHP Deprecated:  Required parameter $function_name follows optional parameter $content in /wordpress/wp-content/plugins/rw-divi-unite-gallery/custom-modules/divi-unite-gallery.php on line 269",
    "log": "/logs/plugins/r/random-posts-thumbnails/error.json"
  },
  {
    "message": "Uncaught Error: Call to undefined function create_function() in /wordpress/wp-content/plugins/random-excerpts-fader/RandomExcerptsFader.php:262",
    "level": "FATAL",
    "type": "PHP",
    "test": "jspi-boot",
    "plugin": "random-posts-thumbnails",
    "details": "[28-Jun-2025 18:46:20 UTC] PHP Fatal error:  Uncaught Error: Call to undefined function create_function() in /wordpress/wp-content/plugins/random-excerpts-fader/RandomExcerptsFader.php:262\nStack trace:\n#0 /wordpress/wp-admin/includes/plugin.php(2387): include_once()\n#1 /wordpress/wp-admin/includes/plugin.php(673): plugin_sandbox_scrape('random-excerpts...')\n#2 /internal/eval.php(20): activate_plugin('random-excerpts...')\n#3 {main}\n  thrown in /wordpress/wp-content/plugins/random-excerpts-fader/RandomExcerptsFader.php on line 262",
    "log": "/logs/plugins/r/random-posts-thumbnails/error.json"
  },
  {
    "message": "Uncaught Error: Call to undefined function create_function() in /wordpress/wp-content/plugins/random-excerpts-fader/RandomExcerptsFader.php:262",
    "level": "FATAL",
    "type": "PHP",
    "test": "jspi-boot",
    "plugin": "random-posts-thumbnails",
    "details": "[28-Jun-2025 18:46:28 UTC] PHP Fatal error:  Uncaught Error: Call to undefined function create_function() in /wordpress/wp-content/plugins/random-excerpts-fader/RandomExcerptsFader.php:262\nStack trace:\n#0 /wordpress/wp-admin/includes/plugin.php(2387): include_once()\n#1 /wordpress/wp-admin/includes/plugin.php(673): plugin_sandbox_scrape('random-excerpts...')\n#2 /internal/eval.php(20): activate_plugin('random-excerpts...')\n#3 {main}\n  thrown in /wordpress/wp-content/plugins/random-excerpts-fader/RandomExcerptsFader.php on line 262",
    "log": "/logs/plugins/r/random-posts-thumbnails/error.json"
  },
  {
    "message": "Uncaught Error: Call to undefined function create_function() in /wordpress/wp-content/plugins/random-excerpts-fader/RandomExcerptsFader.php:262",
    "level": "FATAL",
    "type": "PHP",
    "test": "jspi-boot",
    "plugin": "random-posts-thumbnails",
    "details": "[28-Jun-2025 18:46:37 UTC] PHP Fatal error:  Uncaught Error: Call to undefined function create_function() in /wordpress/wp-content/plugins/random-excerpts-fader/RandomExcerptsFader.php:262\nStack trace:\n#0 /wordpress/wp-admin/includes/plugin.php(2387): include_once()\n#1 /wordpress/wp-admin/includes/plugin.php(673): plugin_sandbox_scrape('random-excerpts...')\n#2 /internal/eval.php(20): activate_plugin('random-excerpts...')\n#3 {main}\n  thrown in /wordpress/wp-content/plugins/random-excerpts-fader/RandomExcerptsFader.php on line 262\n\n    at Object.onBind (file:///home/runner/work/playground-tester/playground-tester/node_modules/@wp-playground/cli/run-cli-j-geJYS3.js:325:15)\n    at process.processTicksAndRejections (node:internal/process/task_queues:105:5)\n    at async re (file:///home/runner/work/playground-tester/playground-tester/node_modules/@wp-playground/cli/run-cli-j-geJYS3.js:149:10) {\n  [cause]: Error: Error when executing the blueprint step #1 ({\"step\":\"installPlugin\",\"pluginData\":{\"resource\":\"wordpress.org/plugins\",\"slug\":\"random-posts-thumbnails\"},\"options\":{\"activate\":true}}) : Could not download \"https://downloads.wordpress.org/plugin/random-posts-thumbnails.latest-stable.zip\".\n  \t\t\t\tCheck if the URL is correct and the server is reachable.\n  \t\t\t\tIf it is reachable, the server might be blocking the request.\n  \t\t\t\tCheck the browser console and network tabs for more information.\n  \n  \t\t\t\t## Does the console show the error \"No 'Access-Control-Allow-Origin' header\"?\n  \n  \t\t\t\tThis means the server that hosts your file does not allow requests from other sites\n  \t\t\t\t(cross-origin requests, or CORS).\tYou need to move the asset to a server that allows\n  \t\t\t\tcross-origin file downloads. Learn more about CORS at\n  \t\t\t\thttps://developer.mozilla.org/en-US/docs/Web/HTTP/CORS.\n  \n  \t\t\t\tIf your file is on GitHub, load it from \"raw.githubusercontent.com\".\n  \t\t\t\tHere's how to do that:\n  \n  \t\t\t\t1. Start with the original GitHub URL of the file. For example:\n  \t\t\t\thttps://github.com/username/repository/blob/branch/filename.\n  \t\t\t\t2. Replace \"github.com\" with \"raw.githubusercontent.com\".\n  \t\t\t\t3. Remove the \"/blob/\" part of the URL.\n  \n  \t\t\t\tThe resulting URL should look like this:\n  \t\t\t\thttps://raw.githubusercontent.com/username/repository/branch/filename\n  \n  \t\t\t\tError:\n  \t\t\t\tError: Could not download \"https://downloads.wordpress.org/plugin/random-posts-thumbnails.latest-stable.zip\"\n      at Object.run (file:///home/runner/work/playground-tester/playground-tester/node_modules/@wp-playground/blueprints/index.js:12093:19)\n      at process.processTicksAndRejections (node:internal/process/task_queues:105:5)\n      at async ys (file:///home/runner/work/playground-tester/playground-tester/node_modules/@wp-playground/blueprints/index.js:12196:3)\n      at async Object.onBind (file:///home/runner/work/playground-tester/playground-tester/node_modules/@wp-playground/cli/run-cli-j-geJYS3.js:315:48)\n      at async re (file:///home/runner/work/playground-tester/playground-tester/node_modules/@wp-playground/cli/run-cli-j-geJYS3.js:149:10) {\n    [cause]: Error: Could not download \"https://downloads.wordpress.org/plugin/random-posts-thumbnails.latest-stable.zip\".\n    \t\t\t\tCheck if the URL is correct and the server is reachable.\n    \t\t\t\tIf it is reachable, the server might be blocking the request.\n    \t\t\t\tCheck the browser console and network tabs for more information.\n    \n    \t\t\t\t## Does the console show the error \"No 'Access-Control-Allow-Origin' header\"?\n    \n    \t\t\t\tThis means the server that hosts your file does not allow requests from other sites\n    \t\t\t\t(cross-origin requests, or CORS).\tYou need to move the asset to a server that allows\n    \t\t\t\tcross-origin file downloads. Learn more about CORS at\n    \t\t\t\thttps://developer.mozilla.org/en-US/docs/Web/HTTP/CORS.\n    \n    \t\t\t\tIf your file is on GitHub, load it from \"raw.githubusercontent.com\".\n    \t\t\t\tHere's how to do that:\n    \n    \t\t\t\t1. Start with the original GitHub URL of the file. For example:\n    \t\t\t\thttps://github.com/username/repository/blob/branch/filename.\n    \t\t\t\t2. Replace \"github.com\" with \"raw.githubusercontent.com\".\n    \t\t\t\t3. Remove the \"/blob/\" part of the URL.\n    \n    \t\t\t\tThe resulting URL should look like this:\n    \t\t\t\thttps://raw.githubusercontent.com/username/repository/branch/filename\n    \n    \t\t\t\tError:\n    \t\t\t\tError: Could not download \"https://downloads.wordpress.org/plugin/random-posts-thumbnails.latest-stable.zip\"\n        at Ct.resolve (file:///home/runner/work/playground-tester/playground-tester/node_modules/@wp-playground/blueprints/index.js:1129:13)\n        at process.processTicksAndRejections (node:internal/process/task_queues:105:5)\n        at async _.run (file:///home/runner/work/playground-tester/playground-tester/node_modules/@php-wasm/util/index.js:45:14)\n  }\n}\n\n",
    "log": "/logs/plugins/r/random-posts-thumbnails/error.json"
  }
]
