[
  {
    "message": "file:///home/runner/work/playground-tester/playground-tester/node_modules/@wp-playground/cli/index.js:237\n        throw new Error(y, { cause: u });\n              ^\n",
    "level": "FATAL",
    "type": "PLAYGROUND",
    "test": "ast-sqlite-boot",
    "plugin": "original-css3-image-hover-effects",
    "details": "file:///home/runner/work/playground-tester/playground-tester/node_modules/@wp-playground/cli/index.js:237\n        throw new Error(y, { cause: u });\n              ^\n",
    "log": "/tmp/tmp.YWNJpezN08"
  },
  {
    "message": "Declaration of WP_Search_Posts::bulk_actions() must be compatible with WP_List_Table::bulk_actions($which = '') in /wordpress/wp-content/plugins/omnisearch/wp-admin/includes/class-wp-search-posts.php on line 101",
    "level": "FATAL",
    "type": "PHP",
    "test": "ast-sqlite-boot",
    "plugin": "original-css3-image-hover-effects",
    "details": "[10-May-2025 17:27:42 UTC] PHP Fatal error:  Declaration of WP_Search_Posts::bulk_actions() must be compatible with WP_List_Table::bulk_actions($which = '') in /wordpress/wp-content/plugins/omnisearch/wp-admin/includes/class-wp-search-posts.php on line 101",
    "log": "/logs/plugins/o/original-css3-image-hover-effects/error.json"
  },
  {
    "message": "Declaration of WP_Search_Posts::bulk_actions() must be compatible with WP_List_Table::bulk_actions($which = '') in /wordpress/wp-content/plugins/omnisearch/wp-admin/includes/class-wp-search-posts.php on line 101",
    "level": "FATAL",
    "type": "PHP",
    "test": "ast-sqlite-boot",
    "plugin": "original-css3-image-hover-effects",
    "details": "[10-May-2025 17:27:50 UTC] PHP Fatal error:  Declaration of WP_Search_Posts::bulk_actions() must be compatible with WP_List_Table::bulk_actions($which = '') in /wordpress/wp-content/plugins/omnisearch/wp-admin/includes/class-wp-search-posts.php on line 101",
    "log": "/logs/plugins/o/original-css3-image-hover-effects/error.json"
  },
  {
    "message": "Declaration of WP_Search_Posts::bulk_actions() must be compatible with WP_List_Table::bulk_actions($which = '') in /wordpress/wp-content/plugins/omnisearch/wp-admin/includes/class-wp-search-posts.php on line 101",
    "level": "FATAL",
    "type": "PHP",
    "test": "ast-sqlite-boot",
    "plugin": "original-css3-image-hover-effects",
    "details": "[10-May-2025 17:27:57 UTC] PHP Fatal error:  Declaration of WP_Search_Posts::bulk_actions() must be compatible with WP_List_Table::bulk_actions($which = '') in /wordpress/wp-content/plugins/omnisearch/wp-admin/includes/class-wp-search-posts.php on line 101",
    "log": "/logs/plugins/o/original-css3-image-hover-effects/error.json"
  },
  {
    "message": "Function _load_textdomain_just_in_time was called <strong>incorrectly</strong>. Translation loading for the <code>onecom-migrator</code> domain was triggered too early. This is usually an indicator for some code in the plugin or theme running too early. Translations should be loaded at the <code>init</code> action or later. Please see <a href=\"https://developer.wordpress.org/advanced-administration/debug/debug-wordpress/\">Debugging in WordPress</a> for more information. (This message was added in version 6.7.0.) in /wordpress/wp-includes/functions.php on line 6121",
    "level": "NOTICE",
    "type": "PHP",
    "test": "ast-sqlite-boot",
    "plugin": "original-css3-image-hover-effects",
    "details": "[10-May-2025 17:29:46 UTC] PHP Notice:  Function _load_textdomain_just_in_time was called <strong>incorrectly</strong>. Translation loading for the <code>onecom-migrator</code> domain was triggered too early. This is usually an indicator for some code in the plugin or theme running too early. Translations should be loaded at the <code>init</code> action or later. Please see <a href=\"https://developer.wordpress.org/advanced-administration/debug/debug-wordpress/\">Debugging in WordPress</a> for more information. (This message was added in version 6.7.0.) in /wordpress/wp-includes/functions.php on line 6121",
    "log": "/logs/plugins/o/original-css3-image-hover-effects/error.json"
  },
  {
    "message": "Function _load_textdomain_just_in_time was called <strong>incorrectly</strong>. Translation loading for the <code>onecom-migrator</code> domain was triggered too early. This is usually an indicator for some code in the plugin or theme running too early. Translations should be loaded at the <code>init</code> action or later. Please see <a href=\"https://developer.wordpress.org/advanced-administration/debug/debug-wordpress/\">Debugging in WordPress</a> for more information. (This message was added in version 6.7.0.) in /wordpress/wp-includes/functions.php on line 6121",
    "level": "NOTICE",
    "type": "PHP",
    "test": "ast-sqlite-boot",
    "plugin": "original-css3-image-hover-effects",
    "details": "[10-May-2025 17:29:55 UTC] PHP Notice:  Function _load_textdomain_just_in_time was called <strong>incorrectly</strong>. Translation loading for the <code>onecom-migrator</code> domain was triggered too early. This is usually an indicator for some code in the plugin or theme running too early. Translations should be loaded at the <code>init</code> action or later. Please see <a href=\"https://developer.wordpress.org/advanced-administration/debug/debug-wordpress/\">Debugging in WordPress</a> for more information. (This message was added in version 6.7.0.) in /wordpress/wp-includes/functions.php on line 6121",
    "log": "/logs/plugins/o/original-css3-image-hover-effects/error.json"
  },
  {
    "message": "Function _load_textdomain_just_in_time was called <strong>incorrectly</strong>. Translation loading for the <code>onecom-migrator</code> domain was triggered too early. This is usually an indicator for some code in the plugin or theme running too early. Translations should be loaded at the <code>init</code> action or later. Please see <a href=\"https://developer.wordpress.org/advanced-administration/debug/debug-wordpress/\">Debugging in WordPress</a> for more information. (This message was added in version 6.7.0.) in /wordpress/wp-includes/functions.php on line 6121",
    "level": "NOTICE",
    "type": "PHP",
    "test": "ast-sqlite-boot",
    "plugin": "original-css3-image-hover-effects",
    "details": "[10-May-2025 17:30:04 UTC] PHP Notice:  Function _load_textdomain_just_in_time was called <strong>incorrectly</strong>. Translation loading for the <code>onecom-migrator</code> domain was triggered too early. This is usually an indicator for some code in the plugin or theme running too early. Translations should be loaded at the <code>init</code> action or later. Please see <a href=\"https://developer.wordpress.org/advanced-administration/debug/debug-wordpress/\">Debugging in WordPress</a> for more information. (This message was added in version 6.7.0.) in /wordpress/wp-includes/functions.php on line 6121",
    "log": "/logs/plugins/o/original-css3-image-hover-effects/error.json"
  },
  {
    "message": "[10-May-2025 17:32:51 UTC] [ERROR] Please configure Openpublishing plugin with API Host and Realm ID and Brand name",
    "level": "INFO",
    "type": "OTHER",
    "test": "ast-sqlite-boot",
    "plugin": "original-css3-image-hover-effects",
    "details": "[10-May-2025 17:32:51 UTC] [ERROR] Please configure Openpublishing plugin with API Host and Realm ID and Brand name",
    "log": "/logs/plugins/o/original-css3-image-hover-effects/error.json"
  },
  {
    "message": "[10-May-2025 17:32:52 UTC] [ERROR] Please configure Openpublishing plugin with API Host and Realm ID and Brand name",
    "level": "INFO",
    "type": "OTHER",
    "test": "ast-sqlite-boot",
    "plugin": "original-css3-image-hover-effects",
    "details": "[10-May-2025 17:32:52 UTC] [ERROR] Please configure Openpublishing plugin with API Host and Realm ID and Brand name",
    "log": "/logs/plugins/o/original-css3-image-hover-effects/error.json"
  },
  {
    "message": "[10-May-2025 17:33:00 UTC] [ERROR] Please configure Openpublishing plugin with API Host and Realm ID and Brand name",
    "level": "INFO",
    "type": "OTHER",
    "test": "ast-sqlite-boot",
    "plugin": "original-css3-image-hover-effects",
    "details": "[10-May-2025 17:33:00 UTC] [ERROR] Please configure Openpublishing plugin with API Host and Realm ID and Brand name",
    "log": "/logs/plugins/o/original-css3-image-hover-effects/error.json"
  },
  {
    "message": "[10-May-2025 17:33:01 UTC] [ERROR] Please configure Openpublishing plugin with API Host and Realm ID and Brand name",
    "level": "INFO",
    "type": "OTHER",
    "test": "ast-sqlite-boot",
    "plugin": "original-css3-image-hover-effects",
    "details": "[10-May-2025 17:33:01 UTC] [ERROR] Please configure Openpublishing plugin with API Host and Realm ID and Brand name",
    "log": "/logs/plugins/o/original-css3-image-hover-effects/error.json"
  },
  {
    "message": "[10-May-2025 17:33:08 UTC] [ERROR] Please configure Openpublishing plugin with API Host and Realm ID and Brand name",
    "level": "INFO",
    "type": "OTHER",
    "test": "ast-sqlite-boot",
    "plugin": "original-css3-image-hover-effects",
    "details": "[10-May-2025 17:33:08 UTC] [ERROR] Please configure Openpublishing plugin with API Host and Realm ID and Brand name",
    "log": "/logs/plugins/o/original-css3-image-hover-effects/error.json"
  },
  {
    "message": "[10-May-2025 17:33:09 UTC] [ERROR] Please configure Openpublishing plugin with API Host and Realm ID and Brand name",
    "level": "INFO",
    "type": "OTHER",
    "test": "ast-sqlite-boot",
    "plugin": "original-css3-image-hover-effects",
    "details": "[10-May-2025 17:33:09 UTC] [ERROR] Please configure Openpublishing plugin with API Host and Realm ID and Brand name",
    "log": "/logs/plugins/o/original-css3-image-hover-effects/error.json"
  },
  {
    "message": "Function _load_textdomain_just_in_time was called <strong>incorrectly</strong>. Translation loading for the <code>woocommerce</code> domain was triggered too early. This is usually an indicator for some code in the plugin or theme running too early. Translations should be loaded at the <code>init</code> action or later. Please see <a href=\"https://developer.wordpress.org/advanced-administration/debug/debug-wordpress/\">Debugging in WordPress</a> for more information. (This message was added in version 6.7.0.) in /wordpress/wp-includes/functions.php on line 6121",
    "level": "NOTICE",
    "type": "PHP",
    "test": "ast-sqlite-boot",
    "plugin": "original-css3-image-hover-effects",
    "details": "[10-May-2025 17:33:41 UTC] PHP Notice:  Function _load_textdomain_just_in_time was called <strong>incorrectly</strong>. Translation loading for the <code>woocommerce</code> domain was triggered too early. This is usually an indicator for some code in the plugin or theme running too early. Translations should be loaded at the <code>init</code> action or later. Please see <a href=\"https://developer.wordpress.org/advanced-administration/debug/debug-wordpress/\">Debugging in WordPress</a> for more information. (This message was added in version 6.7.0.) in /wordpress/wp-includes/functions.php on line 6121",
    "log": "/logs/plugins/o/original-css3-image-hover-effects/error.json"
  },
  {
    "message": "Function _load_textdomain_just_in_time was called <strong>incorrectly</strong>. Translation loading for the <code>woocommerce</code> domain was triggered too early. This is usually an indicator for some code in the plugin or theme running too early. Translations should be loaded at the <code>init</code> action or later. Please see <a href=\"https://developer.wordpress.org/advanced-administration/debug/debug-wordpress/\">Debugging in WordPress</a> for more information. (This message was added in version 6.7.0.) in /wordpress/wp-includes/functions.php on line 6121",
    "level": "NOTICE",
    "type": "PHP",
    "test": "ast-sqlite-boot",
    "plugin": "original-css3-image-hover-effects",
    "details": "[10-May-2025 17:34:20 UTC] PHP Notice:  Function _load_textdomain_just_in_time was called <strong>incorrectly</strong>. Translation loading for the <code>woocommerce</code> domain was triggered too early. This is usually an indicator for some code in the plugin or theme running too early. Translations should be loaded at the <code>init</code> action or later. Please see <a href=\"https://developer.wordpress.org/advanced-administration/debug/debug-wordpress/\">Debugging in WordPress</a> for more information. (This message was added in version 6.7.0.) in /wordpress/wp-includes/functions.php on line 6121",
    "log": "/logs/plugins/o/original-css3-image-hover-effects/error.json"
  },
  {
    "message": "Function _load_textdomain_just_in_time was called <strong>incorrectly</strong>. Translation loading for the <code>woocommerce</code> domain was triggered too early. This is usually an indicator for some code in the plugin or theme running too early. Translations should be loaded at the <code>init</code> action or later. Please see <a href=\"https://developer.wordpress.org/advanced-administration/debug/debug-wordpress/\">Debugging in WordPress</a> for more information. (This message was added in version 6.7.0.) in /wordpress/wp-includes/functions.php on line 6121",
    "level": "NOTICE",
    "type": "PHP",
    "test": "ast-sqlite-boot",
    "plugin": "original-css3-image-hover-effects",
    "details": "[10-May-2025 17:34:59 UTC] PHP Notice:  Function _load_textdomain_just_in_time was called <strong>incorrectly</strong>. Translation loading for the <code>woocommerce</code> domain was triggered too early. This is usually an indicator for some code in the plugin or theme running too early. Translations should be loaded at the <code>init</code> action or later. Please see <a href=\"https://developer.wordpress.org/advanced-administration/debug/debug-wordpress/\">Debugging in WordPress</a> for more information. (This message was added in version 6.7.0.) in /wordpress/wp-includes/functions.php on line 6121",
    "log": "/logs/plugins/o/original-css3-image-hover-effects/error.json"
  },
  {
    "message": "Required parameter $namespace follows optional parameter $directories in /wordpress/wp-content/plugins/original-css3-image-hover-effects/framework/autoload.php on line 163",
    "level": "DEPRECATED",
    "type": "PHP",
    "test": "ast-sqlite-boot",
    "plugin": "original-css3-image-hover-effects",
    "details": "[10-May-2025 17:35:17 UTC] PHP Deprecated:  Required parameter $namespace follows optional parameter $directories in /wordpress/wp-content/plugins/original-css3-image-hover-effects/framework/autoload.php on line 163",
    "log": "/logs/plugins/o/original-css3-image-hover-effects/error.json"
  },
  {
    "message": "Uncaught Error: Cannot call constructor in /wordpress/wp-content/plugins/original-css3-image-hover-effects/framework/classes/metabox.php:30",
    "level": "FATAL",
    "type": "PHP",
    "test": "ast-sqlite-boot",
    "plugin": "original-css3-image-hover-effects",
    "details": "[10-May-2025 17:35:17 UTC] PHP Fatal error:  Uncaught Error: Cannot call constructor in /wordpress/wp-content/plugins/original-css3-image-hover-effects/framework/classes/metabox.php:30\nStack trace:\n#0 /wordpress/wp-content/plugins/original-css3-image-hover-effects/orginal-hover-effects.php(90): VP_Metabox->__construct(Array)\n#1 /wordpress/wp-admin/includes/plugin.php(2387): include_once('/wordpress/wp-c...')\n#2 /wordpress/wp-admin/includes/plugin.php(673): plugin_sandbox_scrape('original-css3-i...')\n#3 /internal/eval.php(20): activate_plugin('original-css3-i...')\n#4 {main}\n  thrown in /wordpress/wp-content/plugins/original-css3-image-hover-effects/framework/classes/metabox.php on line 30\n\n    at Object.onBind (file:///home/runner/work/playground-tester/playground-tester/node_modules/@wp-playground/cli/index.js:237:15)\n    at process.processTicksAndRejections (node:internal/process/task_queues:105:5)\n    at async V (file:///home/runner/work/playground-tester/playground-tester/node_modules/@wp-playground/cli/index.js:64:10)\n    at async ja (file:///home/runner/work/playground-tester/playground-tester/node_modules/@wp-playground/cli/cli.js:8161:12) {\n  [cause]: Error: Error when executing the blueprint step #5 ({\"step\":\"installPlugin\",\"pluginData\":{\"resource\":\"wordpress.org/plugins\",\"slug\":\"original-css3-image-hover-effects\"},\"options\":{\"activate\":true}}) : PHP.run() failed with exit code 255 and the following output: \n      at Object.run (file:///home/runner/work/playground-tester/playground-tester/node_modules/@wp-playground/blueprints/index.js:12449:19)\n      at process.processTicksAndRejections (node:internal/process/task_queues:105:5)\n      at async ms (file:///home/runner/work/playground-tester/playground-tester/node_modules/@wp-playground/blueprints/index.js:12552:3)\n      ... 2 lines matching cause stack trace ...\n      at async ja (file:///home/runner/work/playground-tester/playground-tester/node_modules/@wp-playground/cli/cli.js:8161:12) {\n    [cause]: PHPExecutionFailureError: PHP.run() failed with exit code 255 and the following output: \n        at PHP.run (file:///home/runner/work/playground-tester/playground-tester/node_modules/@php-wasm/universal/index.js:987:19)\n        at process.processTicksAndRejections (node:internal/process/task_queues:105:5)\n        at async wr (file:///home/runner/work/playground-tester/playground-tester/node_modules/@wp-playground/blueprints/index.js:33:39)\n        at async Object.gt [as installPlugin] (file:///home/runner/work/playground-tester/playground-tester/node_modules/@wp-playground/blueprints/index.js:974:42)\n        at async g (file:///home/runner/work/playground-tester/playground-tester/node_modules/@wp-playground/blueprints/index.js:12517:30)\n        at async Object.run (file:///home/runner/work/playground-tester/playground-tester/node_modules/@wp-playground/blueprints/index.js:12446:23)\n        at async ms (file:///home/runner/work/playground-tester/playground-tester/node_modules/@wp-playground/blueprints/index.js:12552:3)\n        at async Object.onBind (file:///home/runner/work/playground-tester/playground-tester/node_modules/@wp-playground/cli/index.js:227:48)\n        at async V (file:///home/runner/work/playground-tester/playground-tester/node_modules/@wp-playground/cli/index.js:64:10)\n        at async ja (file:///home/runner/work/playground-tester/playground-tester/node_modules/@wp-playground/cli/cli.js:8161:12) {\n      response: PHPResponse {\n        httpStatusCode: 500,\n        headers: {\n          'x-powered-by': [ 'PHP/8.0.30-dev' ],\n          'content-type': [ 'text/html; charset=UTF-8' ]\n        },\n        bytes: Uint8Array(0) [],\n        exitCode: 255,\n        errors: ''\n      },\n      source: 'request'\n    }\n  }\n}\n\n",
    "log": "/logs/plugins/o/original-css3-image-hover-effects/error.json"
  },
  {
    "message": "file:///home/runner/work/playground-tester/playground-tester/node_modules/@wp-playground/cli/index.js:237\n        throw new Error(y, { cause: u });\n              ^\n",
    "level": "FATAL",
    "type": "PLAYGROUND",
    "test": "asyncify-boot",
    "plugin": "original-css3-image-hover-effects",
    "details": "file:///home/runner/work/playground-tester/playground-tester/node_modules/@wp-playground/cli/index.js:237\n        throw new Error(y, { cause: u });\n              ^\n",
    "log": "/tmp/tmp.P5rOZWriry"
  },
  {
    "message": "Declaration of WP_Search_Posts::bulk_actions() must be compatible with WP_List_Table::bulk_actions($which = '') in /wordpress/wp-content/plugins/omnisearch/wp-admin/includes/class-wp-search-posts.php on line 101",
    "level": "FATAL",
    "type": "PHP",
    "test": "asyncify-boot",
    "plugin": "original-css3-image-hover-effects",
    "details": "[10-May-2025 17:27:42 UTC] PHP Fatal error:  Declaration of WP_Search_Posts::bulk_actions() must be compatible with WP_List_Table::bulk_actions($which = '') in /wordpress/wp-content/plugins/omnisearch/wp-admin/includes/class-wp-search-posts.php on line 101",
    "log": "/logs/plugins/o/original-css3-image-hover-effects/error.json"
  },
  {
    "message": "Declaration of WP_Search_Posts::bulk_actions() must be compatible with WP_List_Table::bulk_actions($which = '') in /wordpress/wp-content/plugins/omnisearch/wp-admin/includes/class-wp-search-posts.php on line 101",
    "level": "FATAL",
    "type": "PHP",
    "test": "asyncify-boot",
    "plugin": "original-css3-image-hover-effects",
    "details": "[10-May-2025 17:27:50 UTC] PHP Fatal error:  Declaration of WP_Search_Posts::bulk_actions() must be compatible with WP_List_Table::bulk_actions($which = '') in /wordpress/wp-content/plugins/omnisearch/wp-admin/includes/class-wp-search-posts.php on line 101",
    "log": "/logs/plugins/o/original-css3-image-hover-effects/error.json"
  },
  {
    "message": "Declaration of WP_Search_Posts::bulk_actions() must be compatible with WP_List_Table::bulk_actions($which = '') in /wordpress/wp-content/plugins/omnisearch/wp-admin/includes/class-wp-search-posts.php on line 101",
    "level": "FATAL",
    "type": "PHP",
    "test": "asyncify-boot",
    "plugin": "original-css3-image-hover-effects",
    "details": "[10-May-2025 17:27:57 UTC] PHP Fatal error:  Declaration of WP_Search_Posts::bulk_actions() must be compatible with WP_List_Table::bulk_actions($which = '') in /wordpress/wp-content/plugins/omnisearch/wp-admin/includes/class-wp-search-posts.php on line 101",
    "log": "/logs/plugins/o/original-css3-image-hover-effects/error.json"
  },
  {
    "message": "Function _load_textdomain_just_in_time was called <strong>incorrectly</strong>. Translation loading for the <code>onecom-migrator</code> domain was triggered too early. This is usually an indicator for some code in the plugin or theme running too early. Translations should be loaded at the <code>init</code> action or later. Please see <a href=\"https://developer.wordpress.org/advanced-administration/debug/debug-wordpress/\">Debugging in WordPress</a> for more information. (This message was added in version 6.7.0.) in /wordpress/wp-includes/functions.php on line 6121",
    "level": "NOTICE",
    "type": "PHP",
    "test": "asyncify-boot",
    "plugin": "original-css3-image-hover-effects",
    "details": "[10-May-2025 17:29:46 UTC] PHP Notice:  Function _load_textdomain_just_in_time was called <strong>incorrectly</strong>. Translation loading for the <code>onecom-migrator</code> domain was triggered too early. This is usually an indicator for some code in the plugin or theme running too early. Translations should be loaded at the <code>init</code> action or later. Please see <a href=\"https://developer.wordpress.org/advanced-administration/debug/debug-wordpress/\">Debugging in WordPress</a> for more information. (This message was added in version 6.7.0.) in /wordpress/wp-includes/functions.php on line 6121",
    "log": "/logs/plugins/o/original-css3-image-hover-effects/error.json"
  },
  {
    "message": "Function _load_textdomain_just_in_time was called <strong>incorrectly</strong>. Translation loading for the <code>onecom-migrator</code> domain was triggered too early. This is usually an indicator for some code in the plugin or theme running too early. Translations should be loaded at the <code>init</code> action or later. Please see <a href=\"https://developer.wordpress.org/advanced-administration/debug/debug-wordpress/\">Debugging in WordPress</a> for more information. (This message was added in version 6.7.0.) in /wordpress/wp-includes/functions.php on line 6121",
    "level": "NOTICE",
    "type": "PHP",
    "test": "asyncify-boot",
    "plugin": "original-css3-image-hover-effects",
    "details": "[10-May-2025 17:29:55 UTC] PHP Notice:  Function _load_textdomain_just_in_time was called <strong>incorrectly</strong>. Translation loading for the <code>onecom-migrator</code> domain was triggered too early. This is usually an indicator for some code in the plugin or theme running too early. Translations should be loaded at the <code>init</code> action or later. Please see <a href=\"https://developer.wordpress.org/advanced-administration/debug/debug-wordpress/\">Debugging in WordPress</a> for more information. (This message was added in version 6.7.0.) in /wordpress/wp-includes/functions.php on line 6121",
    "log": "/logs/plugins/o/original-css3-image-hover-effects/error.json"
  },
  {
    "message": "Function _load_textdomain_just_in_time was called <strong>incorrectly</strong>. Translation loading for the <code>onecom-migrator</code> domain was triggered too early. This is usually an indicator for some code in the plugin or theme running too early. Translations should be loaded at the <code>init</code> action or later. Please see <a href=\"https://developer.wordpress.org/advanced-administration/debug/debug-wordpress/\">Debugging in WordPress</a> for more information. (This message was added in version 6.7.0.) in /wordpress/wp-includes/functions.php on line 6121",
    "level": "NOTICE",
    "type": "PHP",
    "test": "asyncify-boot",
    "plugin": "original-css3-image-hover-effects",
    "details": "[10-May-2025 17:30:04 UTC] PHP Notice:  Function _load_textdomain_just_in_time was called <strong>incorrectly</strong>. Translation loading for the <code>onecom-migrator</code> domain was triggered too early. This is usually an indicator for some code in the plugin or theme running too early. Translations should be loaded at the <code>init</code> action or later. Please see <a href=\"https://developer.wordpress.org/advanced-administration/debug/debug-wordpress/\">Debugging in WordPress</a> for more information. (This message was added in version 6.7.0.) in /wordpress/wp-includes/functions.php on line 6121",
    "log": "/logs/plugins/o/original-css3-image-hover-effects/error.json"
  },
  {
    "message": "[10-May-2025 17:32:51 UTC] [ERROR] Please configure Openpublishing plugin with API Host and Realm ID and Brand name",
    "level": "INFO",
    "type": "OTHER",
    "test": "asyncify-boot",
    "plugin": "original-css3-image-hover-effects",
    "details": "[10-May-2025 17:32:51 UTC] [ERROR] Please configure Openpublishing plugin with API Host and Realm ID and Brand name",
    "log": "/logs/plugins/o/original-css3-image-hover-effects/error.json"
  },
  {
    "message": "[10-May-2025 17:32:52 UTC] [ERROR] Please configure Openpublishing plugin with API Host and Realm ID and Brand name",
    "level": "INFO",
    "type": "OTHER",
    "test": "asyncify-boot",
    "plugin": "original-css3-image-hover-effects",
    "details": "[10-May-2025 17:32:52 UTC] [ERROR] Please configure Openpublishing plugin with API Host and Realm ID and Brand name",
    "log": "/logs/plugins/o/original-css3-image-hover-effects/error.json"
  },
  {
    "message": "[10-May-2025 17:33:00 UTC] [ERROR] Please configure Openpublishing plugin with API Host and Realm ID and Brand name",
    "level": "INFO",
    "type": "OTHER",
    "test": "asyncify-boot",
    "plugin": "original-css3-image-hover-effects",
    "details": "[10-May-2025 17:33:00 UTC] [ERROR] Please configure Openpublishing plugin with API Host and Realm ID and Brand name",
    "log": "/logs/plugins/o/original-css3-image-hover-effects/error.json"
  },
  {
    "message": "[10-May-2025 17:33:01 UTC] [ERROR] Please configure Openpublishing plugin with API Host and Realm ID and Brand name",
    "level": "INFO",
    "type": "OTHER",
    "test": "asyncify-boot",
    "plugin": "original-css3-image-hover-effects",
    "details": "[10-May-2025 17:33:01 UTC] [ERROR] Please configure Openpublishing plugin with API Host and Realm ID and Brand name",
    "log": "/logs/plugins/o/original-css3-image-hover-effects/error.json"
  },
  {
    "message": "[10-May-2025 17:33:08 UTC] [ERROR] Please configure Openpublishing plugin with API Host and Realm ID and Brand name",
    "level": "INFO",
    "type": "OTHER",
    "test": "asyncify-boot",
    "plugin": "original-css3-image-hover-effects",
    "details": "[10-May-2025 17:33:08 UTC] [ERROR] Please configure Openpublishing plugin with API Host and Realm ID and Brand name",
    "log": "/logs/plugins/o/original-css3-image-hover-effects/error.json"
  },
  {
    "message": "[10-May-2025 17:33:09 UTC] [ERROR] Please configure Openpublishing plugin with API Host and Realm ID and Brand name",
    "level": "INFO",
    "type": "OTHER",
    "test": "asyncify-boot",
    "plugin": "original-css3-image-hover-effects",
    "details": "[10-May-2025 17:33:09 UTC] [ERROR] Please configure Openpublishing plugin with API Host and Realm ID and Brand name",
    "log": "/logs/plugins/o/original-css3-image-hover-effects/error.json"
  },
  {
    "message": "Function _load_textdomain_just_in_time was called <strong>incorrectly</strong>. Translation loading for the <code>woocommerce</code> domain was triggered too early. This is usually an indicator for some code in the plugin or theme running too early. Translations should be loaded at the <code>init</code> action or later. Please see <a href=\"https://developer.wordpress.org/advanced-administration/debug/debug-wordpress/\">Debugging in WordPress</a> for more information. (This message was added in version 6.7.0.) in /wordpress/wp-includes/functions.php on line 6121",
    "level": "NOTICE",
    "type": "PHP",
    "test": "asyncify-boot",
    "plugin": "original-css3-image-hover-effects",
    "details": "[10-May-2025 17:33:41 UTC] PHP Notice:  Function _load_textdomain_just_in_time was called <strong>incorrectly</strong>. Translation loading for the <code>woocommerce</code> domain was triggered too early. This is usually an indicator for some code in the plugin or theme running too early. Translations should be loaded at the <code>init</code> action or later. Please see <a href=\"https://developer.wordpress.org/advanced-administration/debug/debug-wordpress/\">Debugging in WordPress</a> for more information. (This message was added in version 6.7.0.) in /wordpress/wp-includes/functions.php on line 6121",
    "log": "/logs/plugins/o/original-css3-image-hover-effects/error.json"
  },
  {
    "message": "Function _load_textdomain_just_in_time was called <strong>incorrectly</strong>. Translation loading for the <code>woocommerce</code> domain was triggered too early. This is usually an indicator for some code in the plugin or theme running too early. Translations should be loaded at the <code>init</code> action or later. Please see <a href=\"https://developer.wordpress.org/advanced-administration/debug/debug-wordpress/\">Debugging in WordPress</a> for more information. (This message was added in version 6.7.0.) in /wordpress/wp-includes/functions.php on line 6121",
    "level": "NOTICE",
    "type": "PHP",
    "test": "asyncify-boot",
    "plugin": "original-css3-image-hover-effects",
    "details": "[10-May-2025 17:34:20 UTC] PHP Notice:  Function _load_textdomain_just_in_time was called <strong>incorrectly</strong>. Translation loading for the <code>woocommerce</code> domain was triggered too early. This is usually an indicator for some code in the plugin or theme running too early. Translations should be loaded at the <code>init</code> action or later. Please see <a href=\"https://developer.wordpress.org/advanced-administration/debug/debug-wordpress/\">Debugging in WordPress</a> for more information. (This message was added in version 6.7.0.) in /wordpress/wp-includes/functions.php on line 6121",
    "log": "/logs/plugins/o/original-css3-image-hover-effects/error.json"
  },
  {
    "message": "Function _load_textdomain_just_in_time was called <strong>incorrectly</strong>. Translation loading for the <code>woocommerce</code> domain was triggered too early. This is usually an indicator for some code in the plugin or theme running too early. Translations should be loaded at the <code>init</code> action or later. Please see <a href=\"https://developer.wordpress.org/advanced-administration/debug/debug-wordpress/\">Debugging in WordPress</a> for more information. (This message was added in version 6.7.0.) in /wordpress/wp-includes/functions.php on line 6121",
    "level": "NOTICE",
    "type": "PHP",
    "test": "asyncify-boot",
    "plugin": "original-css3-image-hover-effects",
    "details": "[10-May-2025 17:34:59 UTC] PHP Notice:  Function _load_textdomain_just_in_time was called <strong>incorrectly</strong>. Translation loading for the <code>woocommerce</code> domain was triggered too early. This is usually an indicator for some code in the plugin or theme running too early. Translations should be loaded at the <code>init</code> action or later. Please see <a href=\"https://developer.wordpress.org/advanced-administration/debug/debug-wordpress/\">Debugging in WordPress</a> for more information. (This message was added in version 6.7.0.) in /wordpress/wp-includes/functions.php on line 6121",
    "log": "/logs/plugins/o/original-css3-image-hover-effects/error.json"
  },
  {
    "message": "Required parameter $namespace follows optional parameter $directories in /wordpress/wp-content/plugins/original-css3-image-hover-effects/framework/autoload.php on line 163",
    "level": "DEPRECATED",
    "type": "PHP",
    "test": "asyncify-boot",
    "plugin": "original-css3-image-hover-effects",
    "details": "[10-May-2025 17:35:17 UTC] PHP Deprecated:  Required parameter $namespace follows optional parameter $directories in /wordpress/wp-content/plugins/original-css3-image-hover-effects/framework/autoload.php on line 163",
    "log": "/logs/plugins/o/original-css3-image-hover-effects/error.json"
  },
  {
    "message": "Uncaught Error: Cannot call constructor in /wordpress/wp-content/plugins/original-css3-image-hover-effects/framework/classes/metabox.php:30",
    "level": "FATAL",
    "type": "PHP",
    "test": "asyncify-boot",
    "plugin": "original-css3-image-hover-effects",
    "details": "[10-May-2025 17:35:17 UTC] PHP Fatal error:  Uncaught Error: Cannot call constructor in /wordpress/wp-content/plugins/original-css3-image-hover-effects/framework/classes/metabox.php:30\nStack trace:\n#0 /wordpress/wp-content/plugins/original-css3-image-hover-effects/orginal-hover-effects.php(90): VP_Metabox->__construct(Array)\n#1 /wordpress/wp-admin/includes/plugin.php(2387): include_once('/wordpress/wp-c...')\n#2 /wordpress/wp-admin/includes/plugin.php(673): plugin_sandbox_scrape('original-css3-i...')\n#3 /internal/eval.php(20): activate_plugin('original-css3-i...')\n#4 {main}\n  thrown in /wordpress/wp-content/plugins/original-css3-image-hover-effects/framework/classes/metabox.php on line 30",
    "log": "/logs/plugins/o/original-css3-image-hover-effects/error.json"
  },
  {
    "message": "Required parameter $namespace follows optional parameter $directories in /wordpress/wp-content/plugins/original-css3-image-hover-effects/framework/autoload.php on line 163",
    "level": "DEPRECATED",
    "type": "PHP",
    "test": "asyncify-boot",
    "plugin": "original-css3-image-hover-effects",
    "details": "[10-May-2025 17:35:25 UTC] PHP Deprecated:  Required parameter $namespace follows optional parameter $directories in /wordpress/wp-content/plugins/original-css3-image-hover-effects/framework/autoload.php on line 163",
    "log": "/logs/plugins/o/original-css3-image-hover-effects/error.json"
  },
  {
    "message": "Uncaught Error: Cannot call constructor in /wordpress/wp-content/plugins/original-css3-image-hover-effects/framework/classes/metabox.php:30",
    "level": "FATAL",
    "type": "PHP",
    "test": "asyncify-boot",
    "plugin": "original-css3-image-hover-effects",
    "details": "[10-May-2025 17:35:25 UTC] PHP Fatal error:  Uncaught Error: Cannot call constructor in /wordpress/wp-content/plugins/original-css3-image-hover-effects/framework/classes/metabox.php:30\nStack trace:\n#0 /wordpress/wp-content/plugins/original-css3-image-hover-effects/orginal-hover-effects.php(90): VP_Metabox->__construct(Array)\n#1 /wordpress/wp-admin/includes/plugin.php(2387): include_once('/wordpress/wp-c...')\n#2 /wordpress/wp-admin/includes/plugin.php(673): plugin_sandbox_scrape('original-css3-i...')\n#3 /internal/eval.php(20): activate_plugin('original-css3-i...')\n#4 {main}\n  thrown in /wordpress/wp-content/plugins/original-css3-image-hover-effects/framework/classes/metabox.php on line 30\n\n    at Object.onBind (file:///home/runner/work/playground-tester/playground-tester/node_modules/@wp-playground/cli/index.js:237:15)\n    at process.processTicksAndRejections (node:internal/process/task_queues:105:5)\n    at async V (file:///home/runner/work/playground-tester/playground-tester/node_modules/@wp-playground/cli/index.js:64:10)\n    at async ja (file:///home/runner/work/playground-tester/playground-tester/node_modules/@wp-playground/cli/cli.js:8161:12) {\n  [cause]: Error: Error when executing the blueprint step #1 ({\"step\":\"installPlugin\",\"pluginData\":{\"resource\":\"wordpress.org/plugins\",\"slug\":\"original-css3-image-hover-effects\"},\"options\":{\"activate\":true}}) : PHP.run() failed with exit code 255 and the following output: \n      at Object.run (file:///home/runner/work/playground-tester/playground-tester/node_modules/@wp-playground/blueprints/index.js:12449:19)\n      at process.processTicksAndRejections (node:internal/process/task_queues:105:5)\n      at async ms (file:///home/runner/work/playground-tester/playground-tester/node_modules/@wp-playground/blueprints/index.js:12552:3)\n      ... 2 lines matching cause stack trace ...\n      at async ja (file:///home/runner/work/playground-tester/playground-tester/node_modules/@wp-playground/cli/cli.js:8161:12) {\n    [cause]: PHPExecutionFailureError: PHP.run() failed with exit code 255 and the following output: \n        at PHP.run (file:///home/runner/work/playground-tester/playground-tester/node_modules/@php-wasm/universal/index.js:987:19)\n        at process.processTicksAndRejections (node:internal/process/task_queues:105:5)\n        at async wr (file:///home/runner/work/playground-tester/playground-tester/node_modules/@wp-playground/blueprints/index.js:33:39)\n        at async Object.gt [as installPlugin] (file:///home/runner/work/playground-tester/playground-tester/node_modules/@wp-playground/blueprints/index.js:974:42)\n        at async g (file:///home/runner/work/playground-tester/playground-tester/node_modules/@wp-playground/blueprints/index.js:12517:30)\n        at async Object.run (file:///home/runner/work/playground-tester/playground-tester/node_modules/@wp-playground/blueprints/index.js:12446:23)\n        at async ms (file:///home/runner/work/playground-tester/playground-tester/node_modules/@wp-playground/blueprints/index.js:12552:3)\n        at async Object.onBind (file:///home/runner/work/playground-tester/playground-tester/node_modules/@wp-playground/cli/index.js:227:48)\n        at async V (file:///home/runner/work/playground-tester/playground-tester/node_modules/@wp-playground/cli/index.js:64:10)\n        at async ja (file:///home/runner/work/playground-tester/playground-tester/node_modules/@wp-playground/cli/cli.js:8161:12) {\n      response: PHPResponse {\n        httpStatusCode: 500,\n        headers: {\n          'x-powered-by': [ 'PHP/8.0.30-dev' ],\n          'content-type': [ 'text/html; charset=UTF-8' ]\n        },\n        bytes: Uint8Array(0) [],\n        exitCode: 255,\n        errors: ''\n      },\n      source: 'request'\n    }\n  }\n}\n\n",
    "log": "/logs/plugins/o/original-css3-image-hover-effects/error.json"
  },
  {
    "message": "file:///home/runner/work/playground-tester/playground-tester/node_modules/@wp-playground/cli/index.js:237\n        throw new Error(y, { cause: u });\n              ^\n",
    "level": "FATAL",
    "type": "PLAYGROUND",
    "test": "jspi-boot",
    "plugin": "original-css3-image-hover-effects",
    "details": "file:///home/runner/work/playground-tester/playground-tester/node_modules/@wp-playground/cli/index.js:237\n        throw new Error(y, { cause: u });\n              ^\n",
    "log": "/tmp/tmp.PkZhqmWKHO"
  },
  {
    "message": "Declaration of WP_Search_Posts::bulk_actions() must be compatible with WP_List_Table::bulk_actions($which = '') in /wordpress/wp-content/plugins/omnisearch/wp-admin/includes/class-wp-search-posts.php on line 101",
    "level": "FATAL",
    "type": "PHP",
    "test": "jspi-boot",
    "plugin": "original-css3-image-hover-effects",
    "details": "[10-May-2025 17:27:42 UTC] PHP Fatal error:  Declaration of WP_Search_Posts::bulk_actions() must be compatible with WP_List_Table::bulk_actions($which = '') in /wordpress/wp-content/plugins/omnisearch/wp-admin/includes/class-wp-search-posts.php on line 101",
    "log": "/logs/plugins/o/original-css3-image-hover-effects/error.json"
  },
  {
    "message": "Declaration of WP_Search_Posts::bulk_actions() must be compatible with WP_List_Table::bulk_actions($which = '') in /wordpress/wp-content/plugins/omnisearch/wp-admin/includes/class-wp-search-posts.php on line 101",
    "level": "FATAL",
    "type": "PHP",
    "test": "jspi-boot",
    "plugin": "original-css3-image-hover-effects",
    "details": "[10-May-2025 17:27:50 UTC] PHP Fatal error:  Declaration of WP_Search_Posts::bulk_actions() must be compatible with WP_List_Table::bulk_actions($which = '') in /wordpress/wp-content/plugins/omnisearch/wp-admin/includes/class-wp-search-posts.php on line 101",
    "log": "/logs/plugins/o/original-css3-image-hover-effects/error.json"
  },
  {
    "message": "Declaration of WP_Search_Posts::bulk_actions() must be compatible with WP_List_Table::bulk_actions($which = '') in /wordpress/wp-content/plugins/omnisearch/wp-admin/includes/class-wp-search-posts.php on line 101",
    "level": "FATAL",
    "type": "PHP",
    "test": "jspi-boot",
    "plugin": "original-css3-image-hover-effects",
    "details": "[10-May-2025 17:27:57 UTC] PHP Fatal error:  Declaration of WP_Search_Posts::bulk_actions() must be compatible with WP_List_Table::bulk_actions($which = '') in /wordpress/wp-content/plugins/omnisearch/wp-admin/includes/class-wp-search-posts.php on line 101",
    "log": "/logs/plugins/o/original-css3-image-hover-effects/error.json"
  },
  {
    "message": "Function _load_textdomain_just_in_time was called <strong>incorrectly</strong>. Translation loading for the <code>onecom-migrator</code> domain was triggered too early. This is usually an indicator for some code in the plugin or theme running too early. Translations should be loaded at the <code>init</code> action or later. Please see <a href=\"https://developer.wordpress.org/advanced-administration/debug/debug-wordpress/\">Debugging in WordPress</a> for more information. (This message was added in version 6.7.0.) in /wordpress/wp-includes/functions.php on line 6121",
    "level": "NOTICE",
    "type": "PHP",
    "test": "jspi-boot",
    "plugin": "original-css3-image-hover-effects",
    "details": "[10-May-2025 17:29:46 UTC] PHP Notice:  Function _load_textdomain_just_in_time was called <strong>incorrectly</strong>. Translation loading for the <code>onecom-migrator</code> domain was triggered too early. This is usually an indicator for some code in the plugin or theme running too early. Translations should be loaded at the <code>init</code> action or later. Please see <a href=\"https://developer.wordpress.org/advanced-administration/debug/debug-wordpress/\">Debugging in WordPress</a> for more information. (This message was added in version 6.7.0.) in /wordpress/wp-includes/functions.php on line 6121",
    "log": "/logs/plugins/o/original-css3-image-hover-effects/error.json"
  },
  {
    "message": "Function _load_textdomain_just_in_time was called <strong>incorrectly</strong>. Translation loading for the <code>onecom-migrator</code> domain was triggered too early. This is usually an indicator for some code in the plugin or theme running too early. Translations should be loaded at the <code>init</code> action or later. Please see <a href=\"https://developer.wordpress.org/advanced-administration/debug/debug-wordpress/\">Debugging in WordPress</a> for more information. (This message was added in version 6.7.0.) in /wordpress/wp-includes/functions.php on line 6121",
    "level": "NOTICE",
    "type": "PHP",
    "test": "jspi-boot",
    "plugin": "original-css3-image-hover-effects",
    "details": "[10-May-2025 17:29:55 UTC] PHP Notice:  Function _load_textdomain_just_in_time was called <strong>incorrectly</strong>. Translation loading for the <code>onecom-migrator</code> domain was triggered too early. This is usually an indicator for some code in the plugin or theme running too early. Translations should be loaded at the <code>init</code> action or later. Please see <a href=\"https://developer.wordpress.org/advanced-administration/debug/debug-wordpress/\">Debugging in WordPress</a> for more information. (This message was added in version 6.7.0.) in /wordpress/wp-includes/functions.php on line 6121",
    "log": "/logs/plugins/o/original-css3-image-hover-effects/error.json"
  },
  {
    "message": "Function _load_textdomain_just_in_time was called <strong>incorrectly</strong>. Translation loading for the <code>onecom-migrator</code> domain was triggered too early. This is usually an indicator for some code in the plugin or theme running too early. Translations should be loaded at the <code>init</code> action or later. Please see <a href=\"https://developer.wordpress.org/advanced-administration/debug/debug-wordpress/\">Debugging in WordPress</a> for more information. (This message was added in version 6.7.0.) in /wordpress/wp-includes/functions.php on line 6121",
    "level": "NOTICE",
    "type": "PHP",
    "test": "jspi-boot",
    "plugin": "original-css3-image-hover-effects",
    "details": "[10-May-2025 17:30:04 UTC] PHP Notice:  Function _load_textdomain_just_in_time was called <strong>incorrectly</strong>. Translation loading for the <code>onecom-migrator</code> domain was triggered too early. This is usually an indicator for some code in the plugin or theme running too early. Translations should be loaded at the <code>init</code> action or later. Please see <a href=\"https://developer.wordpress.org/advanced-administration/debug/debug-wordpress/\">Debugging in WordPress</a> for more information. (This message was added in version 6.7.0.) in /wordpress/wp-includes/functions.php on line 6121",
    "log": "/logs/plugins/o/original-css3-image-hover-effects/error.json"
  },
  {
    "message": "[10-May-2025 17:32:51 UTC] [ERROR] Please configure Openpublishing plugin with API Host and Realm ID and Brand name",
    "level": "INFO",
    "type": "OTHER",
    "test": "jspi-boot",
    "plugin": "original-css3-image-hover-effects",
    "details": "[10-May-2025 17:32:51 UTC] [ERROR] Please configure Openpublishing plugin with API Host and Realm ID and Brand name",
    "log": "/logs/plugins/o/original-css3-image-hover-effects/error.json"
  },
  {
    "message": "[10-May-2025 17:32:52 UTC] [ERROR] Please configure Openpublishing plugin with API Host and Realm ID and Brand name",
    "level": "INFO",
    "type": "OTHER",
    "test": "jspi-boot",
    "plugin": "original-css3-image-hover-effects",
    "details": "[10-May-2025 17:32:52 UTC] [ERROR] Please configure Openpublishing plugin with API Host and Realm ID and Brand name",
    "log": "/logs/plugins/o/original-css3-image-hover-effects/error.json"
  },
  {
    "message": "[10-May-2025 17:33:00 UTC] [ERROR] Please configure Openpublishing plugin with API Host and Realm ID and Brand name",
    "level": "INFO",
    "type": "OTHER",
    "test": "jspi-boot",
    "plugin": "original-css3-image-hover-effects",
    "details": "[10-May-2025 17:33:00 UTC] [ERROR] Please configure Openpublishing plugin with API Host and Realm ID and Brand name",
    "log": "/logs/plugins/o/original-css3-image-hover-effects/error.json"
  },
  {
    "message": "[10-May-2025 17:33:01 UTC] [ERROR] Please configure Openpublishing plugin with API Host and Realm ID and Brand name",
    "level": "INFO",
    "type": "OTHER",
    "test": "jspi-boot",
    "plugin": "original-css3-image-hover-effects",
    "details": "[10-May-2025 17:33:01 UTC] [ERROR] Please configure Openpublishing plugin with API Host and Realm ID and Brand name",
    "log": "/logs/plugins/o/original-css3-image-hover-effects/error.json"
  },
  {
    "message": "[10-May-2025 17:33:08 UTC] [ERROR] Please configure Openpublishing plugin with API Host and Realm ID and Brand name",
    "level": "INFO",
    "type": "OTHER",
    "test": "jspi-boot",
    "plugin": "original-css3-image-hover-effects",
    "details": "[10-May-2025 17:33:08 UTC] [ERROR] Please configure Openpublishing plugin with API Host and Realm ID and Brand name",
    "log": "/logs/plugins/o/original-css3-image-hover-effects/error.json"
  },
  {
    "message": "[10-May-2025 17:33:09 UTC] [ERROR] Please configure Openpublishing plugin with API Host and Realm ID and Brand name",
    "level": "INFO",
    "type": "OTHER",
    "test": "jspi-boot",
    "plugin": "original-css3-image-hover-effects",
    "details": "[10-May-2025 17:33:09 UTC] [ERROR] Please configure Openpublishing plugin with API Host and Realm ID and Brand name",
    "log": "/logs/plugins/o/original-css3-image-hover-effects/error.json"
  },
  {
    "message": "Function _load_textdomain_just_in_time was called <strong>incorrectly</strong>. Translation loading for the <code>woocommerce</code> domain was triggered too early. This is usually an indicator for some code in the plugin or theme running too early. Translations should be loaded at the <code>init</code> action or later. Please see <a href=\"https://developer.wordpress.org/advanced-administration/debug/debug-wordpress/\">Debugging in WordPress</a> for more information. (This message was added in version 6.7.0.) in /wordpress/wp-includes/functions.php on line 6121",
    "level": "NOTICE",
    "type": "PHP",
    "test": "jspi-boot",
    "plugin": "original-css3-image-hover-effects",
    "details": "[10-May-2025 17:33:41 UTC] PHP Notice:  Function _load_textdomain_just_in_time was called <strong>incorrectly</strong>. Translation loading for the <code>woocommerce</code> domain was triggered too early. This is usually an indicator for some code in the plugin or theme running too early. Translations should be loaded at the <code>init</code> action or later. Please see <a href=\"https://developer.wordpress.org/advanced-administration/debug/debug-wordpress/\">Debugging in WordPress</a> for more information. (This message was added in version 6.7.0.) in /wordpress/wp-includes/functions.php on line 6121",
    "log": "/logs/plugins/o/original-css3-image-hover-effects/error.json"
  },
  {
    "message": "Function _load_textdomain_just_in_time was called <strong>incorrectly</strong>. Translation loading for the <code>woocommerce</code> domain was triggered too early. This is usually an indicator for some code in the plugin or theme running too early. Translations should be loaded at the <code>init</code> action or later. Please see <a href=\"https://developer.wordpress.org/advanced-administration/debug/debug-wordpress/\">Debugging in WordPress</a> for more information. (This message was added in version 6.7.0.) in /wordpress/wp-includes/functions.php on line 6121",
    "level": "NOTICE",
    "type": "PHP",
    "test": "jspi-boot",
    "plugin": "original-css3-image-hover-effects",
    "details": "[10-May-2025 17:34:20 UTC] PHP Notice:  Function _load_textdomain_just_in_time was called <strong>incorrectly</strong>. Translation loading for the <code>woocommerce</code> domain was triggered too early. This is usually an indicator for some code in the plugin or theme running too early. Translations should be loaded at the <code>init</code> action or later. Please see <a href=\"https://developer.wordpress.org/advanced-administration/debug/debug-wordpress/\">Debugging in WordPress</a> for more information. (This message was added in version 6.7.0.) in /wordpress/wp-includes/functions.php on line 6121",
    "log": "/logs/plugins/o/original-css3-image-hover-effects/error.json"
  },
  {
    "message": "Function _load_textdomain_just_in_time was called <strong>incorrectly</strong>. Translation loading for the <code>woocommerce</code> domain was triggered too early. This is usually an indicator for some code in the plugin or theme running too early. Translations should be loaded at the <code>init</code> action or later. Please see <a href=\"https://developer.wordpress.org/advanced-administration/debug/debug-wordpress/\">Debugging in WordPress</a> for more information. (This message was added in version 6.7.0.) in /wordpress/wp-includes/functions.php on line 6121",
    "level": "NOTICE",
    "type": "PHP",
    "test": "jspi-boot",
    "plugin": "original-css3-image-hover-effects",
    "details": "[10-May-2025 17:34:59 UTC] PHP Notice:  Function _load_textdomain_just_in_time was called <strong>incorrectly</strong>. Translation loading for the <code>woocommerce</code> domain was triggered too early. This is usually an indicator for some code in the plugin or theme running too early. Translations should be loaded at the <code>init</code> action or later. Please see <a href=\"https://developer.wordpress.org/advanced-administration/debug/debug-wordpress/\">Debugging in WordPress</a> for more information. (This message was added in version 6.7.0.) in /wordpress/wp-includes/functions.php on line 6121",
    "log": "/logs/plugins/o/original-css3-image-hover-effects/error.json"
  },
  {
    "message": "Required parameter $namespace follows optional parameter $directories in /wordpress/wp-content/plugins/original-css3-image-hover-effects/framework/autoload.php on line 163",
    "level": "DEPRECATED",
    "type": "PHP",
    "test": "jspi-boot",
    "plugin": "original-css3-image-hover-effects",
    "details": "[10-May-2025 17:35:17 UTC] PHP Deprecated:  Required parameter $namespace follows optional parameter $directories in /wordpress/wp-content/plugins/original-css3-image-hover-effects/framework/autoload.php on line 163",
    "log": "/logs/plugins/o/original-css3-image-hover-effects/error.json"
  },
  {
    "message": "Uncaught Error: Cannot call constructor in /wordpress/wp-content/plugins/original-css3-image-hover-effects/framework/classes/metabox.php:30",
    "level": "FATAL",
    "type": "PHP",
    "test": "jspi-boot",
    "plugin": "original-css3-image-hover-effects",
    "details": "[10-May-2025 17:35:17 UTC] PHP Fatal error:  Uncaught Error: Cannot call constructor in /wordpress/wp-content/plugins/original-css3-image-hover-effects/framework/classes/metabox.php:30\nStack trace:\n#0 /wordpress/wp-content/plugins/original-css3-image-hover-effects/orginal-hover-effects.php(90): VP_Metabox->__construct(Array)\n#1 /wordpress/wp-admin/includes/plugin.php(2387): include_once('/wordpress/wp-c...')\n#2 /wordpress/wp-admin/includes/plugin.php(673): plugin_sandbox_scrape('original-css3-i...')\n#3 /internal/eval.php(20): activate_plugin('original-css3-i...')\n#4 {main}\n  thrown in /wordpress/wp-content/plugins/original-css3-image-hover-effects/framework/classes/metabox.php on line 30",
    "log": "/logs/plugins/o/original-css3-image-hover-effects/error.json"
  },
  {
    "message": "Required parameter $namespace follows optional parameter $directories in /wordpress/wp-content/plugins/original-css3-image-hover-effects/framework/autoload.php on line 163",
    "level": "DEPRECATED",
    "type": "PHP",
    "test": "jspi-boot",
    "plugin": "original-css3-image-hover-effects",
    "details": "[10-May-2025 17:35:25 UTC] PHP Deprecated:  Required parameter $namespace follows optional parameter $directories in /wordpress/wp-content/plugins/original-css3-image-hover-effects/framework/autoload.php on line 163",
    "log": "/logs/plugins/o/original-css3-image-hover-effects/error.json"
  },
  {
    "message": "Uncaught Error: Cannot call constructor in /wordpress/wp-content/plugins/original-css3-image-hover-effects/framework/classes/metabox.php:30",
    "level": "FATAL",
    "type": "PHP",
    "test": "jspi-boot",
    "plugin": "original-css3-image-hover-effects",
    "details": "[10-May-2025 17:35:25 UTC] PHP Fatal error:  Uncaught Error: Cannot call constructor in /wordpress/wp-content/plugins/original-css3-image-hover-effects/framework/classes/metabox.php:30\nStack trace:\n#0 /wordpress/wp-content/plugins/original-css3-image-hover-effects/orginal-hover-effects.php(90): VP_Metabox->__construct(Array)\n#1 /wordpress/wp-admin/includes/plugin.php(2387): include_once('/wordpress/wp-c...')\n#2 /wordpress/wp-admin/includes/plugin.php(673): plugin_sandbox_scrape('original-css3-i...')\n#3 /internal/eval.php(20): activate_plugin('original-css3-i...')\n#4 {main}\n  thrown in /wordpress/wp-content/plugins/original-css3-image-hover-effects/framework/classes/metabox.php on line 30",
    "log": "/logs/plugins/o/original-css3-image-hover-effects/error.json"
  },
  {
    "message": "Required parameter $namespace follows optional parameter $directories in /wordpress/wp-content/plugins/original-css3-image-hover-effects/framework/autoload.php on line 163",
    "level": "DEPRECATED",
    "type": "PHP",
    "test": "jspi-boot",
    "plugin": "original-css3-image-hover-effects",
    "details": "[10-May-2025 17:35:32 UTC] PHP Deprecated:  Required parameter $namespace follows optional parameter $directories in /wordpress/wp-content/plugins/original-css3-image-hover-effects/framework/autoload.php on line 163",
    "log": "/logs/plugins/o/original-css3-image-hover-effects/error.json"
  },
  {
    "message": "Uncaught Error: Cannot call constructor in /wordpress/wp-content/plugins/original-css3-image-hover-effects/framework/classes/metabox.php:30",
    "level": "FATAL",
    "type": "PHP",
    "test": "jspi-boot",
    "plugin": "original-css3-image-hover-effects",
    "details": "[10-May-2025 17:35:32 UTC] PHP Fatal error:  Uncaught Error: Cannot call constructor in /wordpress/wp-content/plugins/original-css3-image-hover-effects/framework/classes/metabox.php:30\nStack trace:\n#0 /wordpress/wp-content/plugins/original-css3-image-hover-effects/orginal-hover-effects.php(90): VP_Metabox->__construct(Array)\n#1 /wordpress/wp-admin/includes/plugin.php(2387): include_once('/wordpress/wp-c...')\n#2 /wordpress/wp-admin/includes/plugin.php(673): plugin_sandbox_scrape('original-css3-i...')\n#3 /internal/eval.php(20): activate_plugin('original-css3-i...')\n#4 {main}\n  thrown in /wordpress/wp-content/plugins/original-css3-image-hover-effects/framework/classes/metabox.php on line 30\n\n    at Object.onBind (file:///home/runner/work/playground-tester/playground-tester/node_modules/@wp-playground/cli/index.js:237:15)\n    at process.processTicksAndRejections (node:internal/process/task_queues:105:5)\n    at async V (file:///home/runner/work/playground-tester/playground-tester/node_modules/@wp-playground/cli/index.js:64:10)\n    at async ja (file:///home/runner/work/playground-tester/playground-tester/node_modules/@wp-playground/cli/cli.js:8161:12) {\n  [cause]: Error: Error when executing the blueprint step #1 ({\"step\":\"installPlugin\",\"pluginData\":{\"resource\":\"wordpress.org/plugins\",\"slug\":\"original-css3-image-hover-effects\"},\"options\":{\"activate\":true}}) : PHP.run() failed with exit code 255 and the following output: \n      at Object.run (file:///home/runner/work/playground-tester/playground-tester/node_modules/@wp-playground/blueprints/index.js:12449:19)\n      at process.processTicksAndRejections (node:internal/process/task_queues:105:5)\n      at async ms (file:///home/runner/work/playground-tester/playground-tester/node_modules/@wp-playground/blueprints/index.js:12552:3)\n      ... 2 lines matching cause stack trace ...\n      at async ja (file:///home/runner/work/playground-tester/playground-tester/node_modules/@wp-playground/cli/cli.js:8161:12) {\n    [cause]: PHPExecutionFailureError: PHP.run() failed with exit code 255 and the following output: \n        at PHP.run (file:///home/runner/work/playground-tester/playground-tester/node_modules/@php-wasm/universal/index.js:987:19)\n        at process.processTicksAndRejections (node:internal/process/task_queues:105:5)\n        at async wr (file:///home/runner/work/playground-tester/playground-tester/node_modules/@wp-playground/blueprints/index.js:33:39)\n        at async Object.gt [as installPlugin] (file:///home/runner/work/playground-tester/playground-tester/node_modules/@wp-playground/blueprints/index.js:974:42)\n        at async g (file:///home/runner/work/playground-tester/playground-tester/node_modules/@wp-playground/blueprints/index.js:12517:30)\n        at async Object.run (file:///home/runner/work/playground-tester/playground-tester/node_modules/@wp-playground/blueprints/index.js:12446:23)\n        at async ms (file:///home/runner/work/playground-tester/playground-tester/node_modules/@wp-playground/blueprints/index.js:12552:3)\n        at async Object.onBind (file:///home/runner/work/playground-tester/playground-tester/node_modules/@wp-playground/cli/index.js:227:48)\n        at async V (file:///home/runner/work/playground-tester/playground-tester/node_modules/@wp-playground/cli/index.js:64:10)\n        at async ja (file:///home/runner/work/playground-tester/playground-tester/node_modules/@wp-playground/cli/cli.js:8161:12) {\n      response: PHPResponse {\n        httpStatusCode: 500,\n        headers: {\n          'x-powered-by': [ 'PHP/8.0.30-dev' ],\n          'content-type': [ 'text/html; charset=UTF-8' ]\n        },\n        bytes: Uint8Array(0) [],\n        exitCode: 255,\n        errors: ''\n      },\n      source: 'request'\n    }\n  }\n}\n\n",
    "log": "/logs/plugins/o/original-css3-image-hover-effects/error.json"
  }
]
