[
{"message":"file:///home/runner/work/playground-tester/playground-tester/node_modules/@wp-playground/cli/index.js:237\n        throw new Error(y, { cause: u });\n              ^\n","level":"FATAL","type":"PLAYGROUND","test":"asyncify-boot","plugin":"blaze-slide-show-for-wordpress","details":"file:///home/runner/work/playground-tester/playground-tester/node_modules/@wp-playground/cli/index.js:237\n        throw new Error(y, { cause: u });\n              ^\n","log":"/tmp/tmp.59OAI5wfvD"}
,
{"message":"Function _load_textdomain_just_in_time was called <strong>incorrectly</strong>. Translation loading for the <code>bgallery</code> domain was triggered too early. This is usually an indicator for some code in the plugin or theme running too early. Translations should be loaded at the <code>init</code> action or later. Please see <a href=\"https://developer.wordpress.org/advanced-administration/debug/debug-wordpress/\">Debugging in WordPress</a> for more information. (This message was added in version 6.7.0.) in /wordpress/wp-includes/functions.php on line 6121","level":"NOTICE","type":"PHP","test":"asyncify-boot","plugin":"blaze-slide-show-for-wordpress","details":"[04-May-2025 21:48:03 UTC] PHP Notice:  Function _load_textdomain_just_in_time was called <strong>incorrectly</strong>. Translation loading for the <code>bgallery</code> domain was triggered too early. This is usually an indicator for some code in the plugin or theme running too early. Translations should be loaded at the <code>init</code> action or later. Please see <a href=\"https://developer.wordpress.org/advanced-administration/debug/debug-wordpress/\">Debugging in WordPress</a> for more information. (This message was added in version 6.7.0.) in /wordpress/wp-includes/functions.php on line 6121","log":"/logs/plugins/b/blaze-slide-show-for-wordpress/error.json"}
,
{"message":"Function _load_textdomain_just_in_time was called <strong>incorrectly</strong>. Translation loading for the <code>bgallery</code> domain was triggered too early. This is usually an indicator for some code in the plugin or theme running too early. Translations should be loaded at the <code>init</code> action or later. Please see <a href=\"https://developer.wordpress.org/advanced-administration/debug/debug-wordpress/\">Debugging in WordPress</a> for more information. (This message was added in version 6.7.0.) in /wordpress/wp-includes/functions.php on line 6121","level":"NOTICE","type":"PHP","test":"asyncify-boot","plugin":"blaze-slide-show-for-wordpress","details":"[04-May-2025 21:48:14 UTC] PHP Notice:  Function _load_textdomain_just_in_time was called <strong>incorrectly</strong>. Translation loading for the <code>bgallery</code> domain was triggered too early. This is usually an indicator for some code in the plugin or theme running too early. Translations should be loaded at the <code>init</code> action or later. Please see <a href=\"https://developer.wordpress.org/advanced-administration/debug/debug-wordpress/\">Debugging in WordPress</a> for more information. (This message was added in version 6.7.0.) in /wordpress/wp-includes/functions.php on line 6121","log":"/logs/plugins/b/blaze-slide-show-for-wordpress/error.json"}
,
{"message":"Function _load_textdomain_just_in_time was called <strong>incorrectly</strong>. Translation loading for the <code>bgallery</code> domain was triggered too early. This is usually an indicator for some code in the plugin or theme running too early. Translations should be loaded at the <code>init</code> action or later. Please see <a href=\"https://developer.wordpress.org/advanced-administration/debug/debug-wordpress/\">Debugging in WordPress</a> for more information. (This message was added in version 6.7.0.) in /wordpress/wp-includes/functions.php on line 6121","level":"NOTICE","type":"PHP","test":"asyncify-boot","plugin":"blaze-slide-show-for-wordpress","details":"[04-May-2025 21:48:23 UTC] PHP Notice:  Function _load_textdomain_just_in_time was called <strong>incorrectly</strong>. Translation loading for the <code>bgallery</code> domain was triggered too early. This is usually an indicator for some code in the plugin or theme running too early. Translations should be loaded at the <code>init</code> action or later. Please see <a href=\"https://developer.wordpress.org/advanced-administration/debug/debug-wordpress/\">Debugging in WordPress</a> for more information. (This message was added in version 6.7.0.) in /wordpress/wp-includes/functions.php on line 6121","log":"/logs/plugins/b/blaze-slide-show-for-wordpress/error.json"}
,
{"message":"Array and string offset access syntax with curly braces is no longer supported in /wordpress/wp-content/plugins/beeketing-for-woocommerce/vendor/sentry/sentry/lib/Raven/Client.php on line 326","level":"FATAL","type":"PHP","test":"asyncify-boot","plugin":"blaze-slide-show-for-wordpress","details":"[04-May-2025 21:49:59 UTC] PHP Fatal error:  Array and string offset access syntax with curly braces is no longer supported in /wordpress/wp-content/plugins/beeketing-for-woocommerce/vendor/sentry/sentry/lib/Raven/Client.php on line 326","log":"/logs/plugins/b/blaze-slide-show-for-wordpress/error.json"}
,
{"message":"Array and string offset access syntax with curly braces is no longer supported in /wordpress/wp-content/plugins/beeketing-for-woocommerce/vendor/sentry/sentry/lib/Raven/Client.php on line 326","level":"FATAL","type":"PHP","test":"asyncify-boot","plugin":"blaze-slide-show-for-wordpress","details":"[04-May-2025 21:50:07 UTC] PHP Fatal error:  Array and string offset access syntax with curly braces is no longer supported in /wordpress/wp-content/plugins/beeketing-for-woocommerce/vendor/sentry/sentry/lib/Raven/Client.php on line 326","log":"/logs/plugins/b/blaze-slide-show-for-wordpress/error.json"}
,
{"message":"Array and string offset access syntax with curly braces is no longer supported in /wordpress/wp-content/plugins/beeketing-for-woocommerce/vendor/sentry/sentry/lib/Raven/Client.php on line 326","level":"FATAL","type":"PHP","test":"asyncify-boot","plugin":"blaze-slide-show-for-wordpress","details":"[04-May-2025 21:50:17 UTC] PHP Fatal error:  Array and string offset access syntax with curly braces is no longer supported in /wordpress/wp-content/plugins/beeketing-for-woocommerce/vendor/sentry/sentry/lib/Raven/Client.php on line 326","log":"/logs/plugins/b/blaze-slide-show-for-wordpress/error.json"}
,
{"message":"Function register_sidebar_widget is <strong>deprecated</strong> since version 2.8.0! Use wp_register_sidebar_widget() instead. in /wordpress/wp-includes/functions.php on line 6121","level":"DEPRECATED","type":"PHP","test":"asyncify-boot","plugin":"blaze-slide-show-for-wordpress","details":"[04-May-2025 21:50:26 UTC] PHP Deprecated:  Function register_sidebar_widget is <strong>deprecated</strong> since version 2.8.0! Use wp_register_sidebar_widget() instead. in /wordpress/wp-includes/functions.php on line 6121","log":"/logs/plugins/b/blaze-slide-show-for-wordpress/error.json"}
,
{"message":"Function register_widget_control is <strong>deprecated</strong> since version 2.8.0! Use wp_register_widget_control() instead. in /wordpress/wp-includes/functions.php on line 6121","level":"DEPRECATED","type":"PHP","test":"asyncify-boot","plugin":"blaze-slide-show-for-wordpress","details":"[04-May-2025 21:50:26 UTC] PHP Deprecated:  Function register_widget_control is <strong>deprecated</strong> since version 2.8.0! Use wp_register_widget_control() instead. in /wordpress/wp-includes/functions.php on line 6121","log":"/logs/plugins/b/blaze-slide-show-for-wordpress/error.json"}
,
{"message":"Function register_sidebar_widget is <strong>deprecated</strong> since version 2.8.0! Use wp_register_sidebar_widget() instead. in /wordpress/wp-includes/functions.php on line 6121","level":"DEPRECATED","type":"PHP","test":"asyncify-boot","plugin":"blaze-slide-show-for-wordpress","details":"[04-May-2025 21:50:35 UTC] PHP Deprecated:  Function register_sidebar_widget is <strong>deprecated</strong> since version 2.8.0! Use wp_register_sidebar_widget() instead. in /wordpress/wp-includes/functions.php on line 6121","log":"/logs/plugins/b/blaze-slide-show-for-wordpress/error.json"}
,
{"message":"Function register_widget_control is <strong>deprecated</strong> since version 2.8.0! Use wp_register_widget_control() instead. in /wordpress/wp-includes/functions.php on line 6121","level":"DEPRECATED","type":"PHP","test":"asyncify-boot","plugin":"blaze-slide-show-for-wordpress","details":"[04-May-2025 21:50:35 UTC] PHP Deprecated:  Function register_widget_control is <strong>deprecated</strong> since version 2.8.0! Use wp_register_widget_control() instead. in /wordpress/wp-includes/functions.php on line 6121","log":"/logs/plugins/b/blaze-slide-show-for-wordpress/error.json"}
,
{"message":"Function register_sidebar_widget is <strong>deprecated</strong> since version 2.8.0! Use wp_register_sidebar_widget() instead. in /wordpress/wp-includes/functions.php on line 6121","level":"DEPRECATED","type":"PHP","test":"asyncify-boot","plugin":"blaze-slide-show-for-wordpress","details":"[04-May-2025 21:50:44 UTC] PHP Deprecated:  Function register_sidebar_widget is <strong>deprecated</strong> since version 2.8.0! Use wp_register_sidebar_widget() instead. in /wordpress/wp-includes/functions.php on line 6121","log":"/logs/plugins/b/blaze-slide-show-for-wordpress/error.json"}
,
{"message":"Function register_widget_control is <strong>deprecated</strong> since version 2.8.0! Use wp_register_widget_control() instead. in /wordpress/wp-includes/functions.php on line 6121","level":"DEPRECATED","type":"PHP","test":"asyncify-boot","plugin":"blaze-slide-show-for-wordpress","details":"[04-May-2025 21:50:44 UTC] PHP Deprecated:  Function register_widget_control is <strong>deprecated</strong> since version 2.8.0! Use wp_register_widget_control() instead. in /wordpress/wp-includes/functions.php on line 6121","log":"/logs/plugins/b/blaze-slide-show-for-wordpress/error.json"}
,
{"message":"Uncaught Symfony\\Component\\Cache\\Exception\\InvalidArgumentException: Namespace contains \":\" but only characters in [-+_.A-Za-z0-9] are allowed. in /wordpress/wp-content/plugins/biblica-online-bible/vendor/symfony/cache/Traits/FilesystemCommonTrait.php:35","level":"FATAL","type":"PHP","test":"asyncify-boot","plugin":"blaze-slide-show-for-wordpress","details":"[04-May-2025 21:51:35 UTC] PHP Fatal error:  Uncaught Symfony\\Component\\Cache\\Exception\\InvalidArgumentException: Namespace contains \":\" but only characters in [-+_.A-Za-z0-9] are allowed. in /wordpress/wp-content/plugins/biblica-online-bible/vendor/symfony/cache/Traits/FilesystemCommonTrait.php:35\nStack trace:\n#0 /wordpress/wp-content/plugins/biblica-online-bible/vendor/symfony/cache/Adapter/FilesystemAdapter.php(27): Symfony\\Component\\Cache\\Adapter\\FilesystemAdapter->init('127.0.0.1:9401', '/wordpress/wp-c...')\n#1 /wordpress/wp-content/plugins/biblica-online-bible/src/Biblica/Util/FileSystemCache.php(27): Symfony\\Component\\Cache\\Adapter\\FilesystemAdapter->__construct('127.0.0.1:9401', 0, '/wordpress/wp-c...')\n#2 /wordpress/wp-content/plugins/biblica-online-bible/src/Biblica/WordPress/Plugin/OnlineBible/OnlineBiblePlugin.php(143): Biblica\\Util\\FileSystemCache->__construct('http://127.0.0....', '/wordpress/wp-c...', 604800)\n#3 /wordpress/wp-content/plugins/biblica-online-bible/vendor/pimple/pimple/src/Pimple/Container.php(122): Biblica\\WordPress\\Plugin\\OnlineBible\\OnlineBiblePlugin->Biblica\\WordPress\\Plugin\\OnlineBible\\{closure}(Object(Pimple\\Container))\n#4 /wordpress/wp-content/plugins/biblica-online-bible/src/Biblica/WordPress/Plugin/OnlineBible/OnlineBiblePlugin.php(163): Pimple\\Container->offsetGet('cache')\n#5 /wordpress/wp-includes/class-wp-hook.php(324): Biblica\\WordPress\\Plugin\\OnlineBible\\OnlineBiblePlugin->onPluginsLoaded('')\n#6 /wordpress/wp-includes/class-wp-hook.php(348): WP_Hook->apply_filters(NULL, Array)\n#7 /wordpress/wp-includes/plugin.php(517): WP_Hook->do_action(Array)\n#8 /wordpress/wp-settings.php(578): do_action('plugins_loaded')\n#9 /wordpress/wp-config.php(102): require_once('/wordpress/wp-s...')\n#10 /wordpress/wp-load.php(50): require_once('/wordpress/wp-c...')\n#11 /internal/eval.php(3): require_once('/wordpress/wp-l...')\n#12 {main}\n  thrown in /wordpress/wp-content/plugins/biblica-online-bible/vendor/symfony/cache/Traits/FilesystemCommonTrait.php on line 35","log":"/logs/plugins/b/blaze-slide-show-for-wordpress/error.json"}
,
{"message":"Uncaught Symfony\\Component\\Cache\\Exception\\InvalidArgumentException: Namespace contains \":\" but only characters in [-+_.A-Za-z0-9] are allowed. in /wordpress/wp-content/plugins/biblica-online-bible/vendor/symfony/cache/Traits/FilesystemCommonTrait.php:35","level":"FATAL","type":"PHP","test":"asyncify-boot","plugin":"blaze-slide-show-for-wordpress","details":"[04-May-2025 21:51:46 UTC] PHP Fatal error:  Uncaught Symfony\\Component\\Cache\\Exception\\InvalidArgumentException: Namespace contains \":\" but only characters in [-+_.A-Za-z0-9] are allowed. in /wordpress/wp-content/plugins/biblica-online-bible/vendor/symfony/cache/Traits/FilesystemCommonTrait.php:35\nStack trace:\n#0 /wordpress/wp-content/plugins/biblica-online-bible/vendor/symfony/cache/Adapter/FilesystemAdapter.php(27): Symfony\\Component\\Cache\\Adapter\\FilesystemAdapter->init('127.0.0.1:9401', '/wordpress/wp-c...')\n#1 /wordpress/wp-content/plugins/biblica-online-bible/src/Biblica/Util/FileSystemCache.php(27): Symfony\\Component\\Cache\\Adapter\\FilesystemAdapter->__construct('127.0.0.1:9401', 0, '/wordpress/wp-c...')\n#2 /wordpress/wp-content/plugins/biblica-online-bible/src/Biblica/WordPress/Plugin/OnlineBible/OnlineBiblePlugin.php(143): Biblica\\Util\\FileSystemCache->__construct('http://127.0.0....', '/wordpress/wp-c...', 604800)\n#3 /wordpress/wp-content/plugins/biblica-online-bible/vendor/pimple/pimple/src/Pimple/Container.php(122): Biblica\\WordPress\\Plugin\\OnlineBible\\OnlineBiblePlugin->Biblica\\WordPress\\Plugin\\OnlineBible\\{closure}(Object(Pimple\\Container))\n#4 /wordpress/wp-content/plugins/biblica-online-bible/src/Biblica/WordPress/Plugin/OnlineBible/OnlineBiblePlugin.php(163): Pimple\\Container->offsetGet('cache')\n#5 /wordpress/wp-includes/class-wp-hook.php(324): Biblica\\WordPress\\Plugin\\OnlineBible\\OnlineBiblePlugin->onPluginsLoaded('')\n#6 /wordpress/wp-includes/class-wp-hook.php(348): WP_Hook->apply_filters(NULL, Array)\n#7 /wordpress/wp-includes/plugin.php(517): WP_Hook->do_action(Array)\n#8 /wordpress/wp-settings.php(578): do_action('plugins_loaded')\n#9 /wordpress/wp-config.php(102): require_once('/wordpress/wp-s...')\n#10 /wordpress/wp-load.php(50): require_once('/wordpress/wp-c...')\n#11 /internal/eval.php(3): require_once('/wordpress/wp-l...')\n#12 {main}\n  thrown in /wordpress/wp-content/plugins/biblica-online-bible/vendor/symfony/cache/Traits/FilesystemCommonTrait.php on line 35","log":"/logs/plugins/b/blaze-slide-show-for-wordpress/error.json"}
,
{"message":"Uncaught Symfony\\Component\\Cache\\Exception\\InvalidArgumentException: Namespace contains \":\" but only characters in [-+_.A-Za-z0-9] are allowed. in /wordpress/wp-content/plugins/biblica-online-bible/vendor/symfony/cache/Traits/FilesystemCommonTrait.php:35","level":"FATAL","type":"PHP","test":"asyncify-boot","plugin":"blaze-slide-show-for-wordpress","details":"[04-May-2025 21:51:58 UTC] PHP Fatal error:  Uncaught Symfony\\Component\\Cache\\Exception\\InvalidArgumentException: Namespace contains \":\" but only characters in [-+_.A-Za-z0-9] are allowed. in /wordpress/wp-content/plugins/biblica-online-bible/vendor/symfony/cache/Traits/FilesystemCommonTrait.php:35\nStack trace:\n#0 /wordpress/wp-content/plugins/biblica-online-bible/vendor/symfony/cache/Adapter/FilesystemAdapter.php(27): Symfony\\Component\\Cache\\Adapter\\FilesystemAdapter->init('127.0.0.1:9401', '/wordpress/wp-c...')\n#1 /wordpress/wp-content/plugins/biblica-online-bible/src/Biblica/Util/FileSystemCache.php(27): Symfony\\Component\\Cache\\Adapter\\FilesystemAdapter->__construct('127.0.0.1:9401', 0, '/wordpress/wp-c...')\n#2 /wordpress/wp-content/plugins/biblica-online-bible/src/Biblica/WordPress/Plugin/OnlineBible/OnlineBiblePlugin.php(143): Biblica\\Util\\FileSystemCache->__construct('http://127.0.0....', '/wordpress/wp-c...', 604800)\n#3 /wordpress/wp-content/plugins/biblica-online-bible/vendor/pimple/pimple/src/Pimple/Container.php(122): Biblica\\WordPress\\Plugin\\OnlineBible\\OnlineBiblePlugin->Biblica\\WordPress\\Plugin\\OnlineBible\\{closure}(Object(Pimple\\Container))\n#4 /wordpress/wp-content/plugins/biblica-online-bible/src/Biblica/WordPress/Plugin/OnlineBible/OnlineBiblePlugin.php(163): Pimple\\Container->offsetGet('cache')\n#5 /wordpress/wp-includes/class-wp-hook.php(324): Biblica\\WordPress\\Plugin\\OnlineBible\\OnlineBiblePlugin->onPluginsLoaded('')\n#6 /wordpress/wp-includes/class-wp-hook.php(348): WP_Hook->apply_filters(NULL, Array)\n#7 /wordpress/wp-includes/plugin.php(517): WP_Hook->do_action(Array)\n#8 /wordpress/wp-settings.php(578): do_action('plugins_loaded')\n#9 /wordpress/wp-config.php(102): require_once('/wordpress/wp-s...')\n#10 /wordpress/wp-load.php(50): require_once('/wordpress/wp-c...')\n#11 /internal/eval.php(3): require_once('/wordpress/wp-l...')\n#12 {main}\n  thrown in /wordpress/wp-content/plugins/biblica-online-bible/vendor/symfony/cache/Traits/FilesystemCommonTrait.php on line 35","log":"/logs/plugins/b/blaze-slide-show-for-wordpress/error.json"}
,
{"message":"Undefined array key \"code\" in /wordpress/wp-content/plugins/buddyinsta/buddyinsta.php on line 29","level":"WARNING","type":"PHP","test":"asyncify-boot","plugin":"blaze-slide-show-for-wordpress","details":"[04-May-2025 21:52:07 UTC] PHP Warning:  Undefined array key \"code\" in /wordpress/wp-content/plugins/buddyinsta/buddyinsta.php on line 29","log":"/logs/plugins/b/blaze-slide-show-for-wordpress/error.json"}
,
{"message":"Undefined array key \"code\" in /wordpress/wp-content/plugins/buddyinsta/buddyinsta.php on line 29","level":"WARNING","type":"PHP","test":"asyncify-boot","plugin":"blaze-slide-show-for-wordpress","details":"[04-May-2025 21:52:15 UTC] PHP Warning:  Undefined array key \"code\" in /wordpress/wp-content/plugins/buddyinsta/buddyinsta.php on line 29","log":"/logs/plugins/b/blaze-slide-show-for-wordpress/error.json"}
,
{"message":"Undefined array key \"code\" in /wordpress/wp-content/plugins/buddyinsta/buddyinsta.php on line 29","level":"WARNING","type":"PHP","test":"asyncify-boot","plugin":"blaze-slide-show-for-wordpress","details":"[04-May-2025 21:52:24 UTC] PHP Warning:  Undefined array key \"code\" in /wordpress/wp-content/plugins/buddyinsta/buddyinsta.php on line 29","log":"/logs/plugins/b/blaze-slide-show-for-wordpress/error.json"}
,
{"message":"Trying to access array offset on value of type bool in /wordpress/wp-content/plugins/billbrd-io/class.billbrd-admin.php on line 56","level":"WARNING","type":"PHP","test":"asyncify-boot","plugin":"blaze-slide-show-for-wordpress","details":"[04-May-2025 21:54:02 UTC] PHP Warning:  Trying to access array offset on value of type bool in /wordpress/wp-content/plugins/billbrd-io/class.billbrd-admin.php on line 56","log":"/logs/plugins/b/blaze-slide-show-for-wordpress/error.json"}
,
{"message":"Trying to access array offset on value of type bool in /wordpress/wp-content/plugins/billbrd-io/class.billbrd-admin.php on line 394","level":"WARNING","type":"PHP","test":"asyncify-boot","plugin":"blaze-slide-show-for-wordpress","details":"[04-May-2025 21:54:02 UTC] PHP Warning:  Trying to access array offset on value of type bool in /wordpress/wp-content/plugins/billbrd-io/class.billbrd-admin.php on line 394","log":"/logs/plugins/b/blaze-slide-show-for-wordpress/error.json"}
,
{"message":"Trying to access array offset on value of type bool in /wordpress/wp-content/plugins/billbrd-io/class.billbrd-admin.php on line 56","level":"WARNING","type":"PHP","test":"asyncify-boot","plugin":"blaze-slide-show-for-wordpress","details":"[04-May-2025 21:54:11 UTC] PHP Warning:  Trying to access array offset on value of type bool in /wordpress/wp-content/plugins/billbrd-io/class.billbrd-admin.php on line 56","log":"/logs/plugins/b/blaze-slide-show-for-wordpress/error.json"}
,
{"message":"Trying to access array offset on value of type bool in /wordpress/wp-content/plugins/billbrd-io/class.billbrd-admin.php on line 394","level":"WARNING","type":"PHP","test":"asyncify-boot","plugin":"blaze-slide-show-for-wordpress","details":"[04-May-2025 21:54:11 UTC] PHP Warning:  Trying to access array offset on value of type bool in /wordpress/wp-content/plugins/billbrd-io/class.billbrd-admin.php on line 394","log":"/logs/plugins/b/blaze-slide-show-for-wordpress/error.json"}
,
{"message":"Trying to access array offset on value of type bool in /wordpress/wp-content/plugins/billbrd-io/class.billbrd-admin.php on line 56","level":"WARNING","type":"PHP","test":"asyncify-boot","plugin":"blaze-slide-show-for-wordpress","details":"[04-May-2025 21:54:19 UTC] PHP Warning:  Trying to access array offset on value of type bool in /wordpress/wp-content/plugins/billbrd-io/class.billbrd-admin.php on line 56","log":"/logs/plugins/b/blaze-slide-show-for-wordpress/error.json"}
,
{"message":"Trying to access array offset on value of type bool in /wordpress/wp-content/plugins/billbrd-io/class.billbrd-admin.php on line 394","level":"WARNING","type":"PHP","test":"asyncify-boot","plugin":"blaze-slide-show-for-wordpress","details":"[04-May-2025 21:54:19 UTC] PHP Warning:  Trying to access array offset on value of type bool in /wordpress/wp-content/plugins/billbrd-io/class.billbrd-admin.php on line 394","log":"/logs/plugins/b/blaze-slide-show-for-wordpress/error.json"}
,
{"message":"Array and string offset access syntax with curly braces is no longer supported in /wordpress/wp-content/plugins/blaze-slide-show-for-wordpress/blaze.php on line 761","level":"FATAL","type":"PHP","test":"asyncify-boot","plugin":"blaze-slide-show-for-wordpress","details":"[04-May-2025 21:54:58 UTC] PHP Fatal error:  Array and string offset access syntax with curly braces is no longer supported in /wordpress/wp-content/plugins/blaze-slide-show-for-wordpress/blaze.php on line 761","log":"/logs/plugins/b/blaze-slide-show-for-wordpress/error.json"}
,
{"message":"Array and string offset access syntax with curly braces is no longer supported in /wordpress/wp-content/plugins/blaze-slide-show-for-wordpress/blaze.php on line 761","level":"FATAL","type":"PHP","test":"asyncify-boot","plugin":"blaze-slide-show-for-wordpress","details":"[04-May-2025 21:55:07 UTC] PHP Fatal error:  Array and string offset access syntax with curly braces is no longer supported in /wordpress/wp-content/plugins/blaze-slide-show-for-wordpress/blaze.php on line 761\n\n    at Object.onBind (file:///home/runner/work/playground-tester/playground-tester/node_modules/@wp-playground/cli/index.js:237:15)\n    at process.processTicksAndRejections (node:internal/process/task_queues:105:5)\n    at async V (file:///home/runner/work/playground-tester/playground-tester/node_modules/@wp-playground/cli/index.js:64:10)\n    at async ja (file:///home/runner/work/playground-tester/playground-tester/node_modules/@wp-playground/cli/cli.js:8161:12) {\n  [cause]: Error: Error when executing the blueprint step #1 ({\"step\":\"installPlugin\",\"pluginData\":{\"resource\":\"wordpress.org/plugins\",\"slug\":\"blaze-slide-show-for-wordpress\"},\"options\":{\"activate\":true}}) : PHP.run() failed with exit code 255 and the following output: \n      at Object.run (file:///home/runner/work/playground-tester/playground-tester/node_modules/@wp-playground/blueprints/index.js:12449:19)\n      at process.processTicksAndRejections (node:internal/process/task_queues:105:5)\n      at async ms (file:///home/runner/work/playground-tester/playground-tester/node_modules/@wp-playground/blueprints/index.js:12552:3)\n      ... 2 lines matching cause stack trace ...\n      at async ja (file:///home/runner/work/playground-tester/playground-tester/node_modules/@wp-playground/cli/cli.js:8161:12) {\n    [cause]: PHPExecutionFailureError: PHP.run() failed with exit code 255 and the following output: \n        at PHP.run (file:///home/runner/work/playground-tester/playground-tester/node_modules/@php-wasm/universal/index.js:987:19)\n        at process.processTicksAndRejections (node:internal/process/task_queues:105:5)\n        at async wr (file:///home/runner/work/playground-tester/playground-tester/node_modules/@wp-playground/blueprints/index.js:33:39)\n        at async Object.gt [as installPlugin] (file:///home/runner/work/playground-tester/playground-tester/node_modules/@wp-playground/blueprints/index.js:974:42)\n        at async g (file:///home/runner/work/playground-tester/playground-tester/node_modules/@wp-playground/blueprints/index.js:12517:30)\n        at async Object.run (file:///home/runner/work/playground-tester/playground-tester/node_modules/@wp-playground/blueprints/index.js:12446:23)\n        at async ms (file:///home/runner/work/playground-tester/playground-tester/node_modules/@wp-playground/blueprints/index.js:12552:3)\n        at async Object.onBind (file:///home/runner/work/playground-tester/playground-tester/node_modules/@wp-playground/cli/index.js:227:48)\n        at async V (file:///home/runner/work/playground-tester/playground-tester/node_modules/@wp-playground/cli/index.js:64:10)\n        at async ja (file:///home/runner/work/playground-tester/playground-tester/node_modules/@wp-playground/cli/cli.js:8161:12) {\n      response: PHPResponse {\n        httpStatusCode: 500,\n        headers: {\n          'x-powered-by': [ 'PHP/8.0.30-dev' ],\n          'content-type': [ 'text/html; charset=UTF-8' ]\n        },\n        bytes: Uint8Array(0) [],\n        exitCode: 255,\n        errors: ''\n      },\n      source: 'request'\n    }\n  }\n}\n\n","log":"/logs/plugins/b/blaze-slide-show-for-wordpress/error.json"}
]
