file:///home/runner/work/playground-tester/playground-tester/node_modules/@wp-playground/cli/run-cli-j-geJYS3.js:325
        throw new Error($, { cause: h });
              ^

Error: [08-Jul-2025 21:49:35 UTC] PHP Deprecated:  Required parameter $package follows optional parameter $data in /wordpress/wp-content/plugins/woocommerce-safircod/safircod.php on line 235
[08-Jul-2025 21:49:36 UTC] PHP Deprecated:  Required parameter $package follows optional parameter $data in /wordpress/wp-content/plugins/woocommerce-safircod/safircod.php on line 235
[08-Jul-2025 21:49:45 UTC] PHP Deprecated:  Required parameter $package follows optional parameter $data in /wordpress/wp-content/plugins/woocommerce-safircod/safircod.php on line 235
[08-Jul-2025 21:49:46 UTC] PHP Deprecated:  Required parameter $package follows optional parameter $data in /wordpress/wp-content/plugins/woocommerce-safircod/safircod.php on line 235
[08-Jul-2025 21:49:54 UTC] PHP Deprecated:  Required parameter $package follows optional parameter $data in /wordpress/wp-content/plugins/woocommerce-safircod/safircod.php on line 235
[08-Jul-2025 21:49:55 UTC] PHP Deprecated:  Required parameter $package follows optional parameter $data in /wordpress/wp-content/plugins/woocommerce-safircod/safircod.php on line 235
[08-Jul-2025 21:50:26 UTC] PHP Parse error:  syntax error, unexpected token "new" in /wordpress/wp-content/plugins/woopaymu-woocommerce-ipaymu-gateway/index.php on line 148
[08-Jul-2025 21:50:34 UTC] PHP Parse error:  syntax error, unexpected token "new" in /wordpress/wp-content/plugins/woopaymu-woocommerce-ipaymu-gateway/index.php on line 148
[08-Jul-2025 21:50:43 UTC] PHP Parse error:  syntax error, unexpected token "new" in /wordpress/wp-content/plugins/woopaymu-woocommerce-ipaymu-gateway/index.php on line 148
[08-Jul-2025 21:53:35 UTC] PHP Fatal error:  Uncaught Error: Undefined constant "IMG_CACHE_PATH" in /wordpress/wp-content/plugins/wpvn-thumbnailer/wpvn-thumbnailer.php:38
Stack trace:
#0 /wordpress/wp-admin/includes/plugin.php(2387): include_once()
#1 /wordpress/wp-admin/includes/plugin.php(673): plugin_sandbox_scrape('wpvn-thumbnaile...')
#2 /internal/eval.php(20): activate_plugin('wpvn-thumbnaile...')
#3 {main}
  thrown in /wordpress/wp-content/plugins/wpvn-thumbnailer/wpvn-thumbnailer.php on line 38
[08-Jul-2025 21:53:43 UTC] PHP Fatal error:  Uncaught Error: Undefined constant "IMG_CACHE_PATH" in /wordpress/wp-content/plugins/wpvn-thumbnailer/wpvn-thumbnailer.php:38
Stack trace:
#0 /wordpress/wp-admin/includes/plugin.php(2387): include_once()
#1 /wordpress/wp-admin/includes/plugin.php(673): plugin_sandbox_scrape('wpvn-thumbnaile...')
#2 /internal/eval.php(20): activate_plugin('wpvn-thumbnaile...')
#3 {main}
  thrown in /wordpress/wp-content/plugins/wpvn-thumbnailer/wpvn-thumbnailer.php on line 38
[08-Jul-2025 21:53:51 UTC] PHP Fatal error:  Uncaught Error: Undefined constant "IMG_CACHE_PATH" in /wordpress/wp-content/plugins/wpvn-thumbnailer/wpvn-thumbnailer.php:38
Stack trace:
#0 /wordpress/wp-admin/includes/plugin.php(2387): include_once()
#1 /wordpress/wp-admin/includes/plugin.php(673): plugin_sandbox_scrape('wpvn-thumbnaile...')
#2 /internal/eval.php(20): activate_plugin('wpvn-thumbnaile...')
#3 {main}
  thrown in /wordpress/wp-content/plugins/wpvn-thumbnailer/wpvn-thumbnailer.php on line 38
[08-Jul-2025 21:55:37 UTC] PHP Warning:  Undefined array key "action" in /wordpress/wp-content/plugins/wordpress-thread-comment/wp-thread-comment.php on line 372
[08-Jul-2025 21:55:38 UTC] PHP Warning:  Undefined array key "action" in /wordpress/wp-content/plugins/wordpress-thread-comment/wp-thread-comment.php on line 372
[08-Jul-2025 21:55:45 UTC] PHP Warning:  Undefined array key "action" in /wordpress/wp-content/plugins/wordpress-thread-comment/wp-thread-comment.php on line 372
[08-Jul-2025 21:55:47 UTC] PHP Warning:  Undefined array key "action" in /wordpress/wp-content/plugins/wordpress-thread-comment/wp-thread-comment.php on line 372
[08-Jul-2025 21:55:55 UTC] PHP Warning:  Undefined array key "action" in /wordpress/wp-content/plugins/wordpress-thread-comment/wp-thread-comment.php on line 372
[08-Jul-2025 21:55:56 UTC] PHP Warning:  Undefined array key "action" in /wordpress/wp-content/plugins/wordpress-thread-comment/wp-thread-comment.php on line 372
[08-Jul-2025 21:57:04 UTC] PHP Warning:  Undefined variable $Base_name in /wordpress/wp-content/plugins/wp-auto-backup/Data.php on line 47
[08-Jul-2025 21:57:05 UTC] PHP Fatal error:  Uncaught PDOException: SQLSTATE[HY000] [2002] Address family not supported by protocol in /wordpress/wp-content/plugins/wp-auto-backup/Store.class.php:16
Stack trace:
#0 /wordpress/wp-content/plugins/wp-auto-backup/Store.class.php(16): PDO->__construct('mysql:host=;dbn...', '', '')
#1 /wordpress/wp-content/plugins/wp-auto-backup/Store.class.php(44): dj_store->Open_DataBase()
#2 /wordpress/wp-content/plugins/wp-auto-backup/Database_Backup.php(361): dj_store->Sql_Operation_WR('\nCREATE TABLE I...')
#3 /wordpress/wp-content/plugins/wp-auto-backup/Main.php(61): dj_operation->Create_BackUp_Table()
#4 /wordpress/wp-includes/class-wp-hook.php(324): dj_databases_backup->create_options_table('')
#5 /wordpress/wp-includes/class-wp-hook.php(348): WP_Hook->apply_filters(NULL, Array)
#6 /wordpress/wp-includes/plugin.php(517): WP_Hook->do_action(Array)
#7 /wordpress/wp-settings.php(727): do_action('init')
#8 /wordpress/wp-config.php(102): require_once('/wordpress/wp-s...')
#9 /wordpress/wp-load.php(50): require_once('/wordpress/wp-c...')
#10 /internal/eval.php(3): require_once('/wordpress/wp-l...')
#11 {main}
  thrown in /wordpress/wp-content/plugins/wp-auto-backup/Store.class.php on line 16
[08-Jul-2025 21:57:14 UTC] PHP Warning:  Undefined variable $Base_name in /wordpress/wp-content/plugins/wp-auto-backup/Data.php on line 47
[08-Jul-2025 21:57:15 UTC] PHP Fatal error:  Uncaught PDOException: SQLSTATE[HY000] [2002] Address family not supported by protocol in /wordpress/wp-content/plugins/wp-auto-backup/Store.class.php:16
Stack trace:
#0 /wordpress/wp-content/plugins/wp-auto-backup/Store.class.php(16): PDO->__construct('mysql:host=;dbn...', '', '')
#1 /wordpress/wp-content/plugins/wp-auto-backup/Store.class.php(44): dj_store->Open_DataBase()
#2 /wordpress/wp-content/plugins/wp-auto-backup/Database_Backup.php(361): dj_store->Sql_Operation_WR('\nCREATE TABLE I...')
#3 /wordpress/wp-content/plugins/wp-auto-backup/Main.php(61): dj_operation->Create_BackUp_Table()
#4 /wordpress/wp-includes/class-wp-hook.php(324): dj_databases_backup->create_options_table('')
#5 /wordpress/wp-includes/class-wp-hook.php(348): WP_Hook->apply_filters(NULL, Array)
#6 /wordpress/wp-includes/plugin.php(517): WP_Hook->do_action(Array)
#7 /wordpress/wp-settings.php(727): do_action('init')
#8 /wordpress/wp-config.php(102): require_once('/wordpress/wp-s...')
#9 /wordpress/wp-load.php(50): require_once('/wordpress/wp-c...')
#10 /internal/eval.php(3): require_once('/wordpress/wp-l...')
#11 {main}
  thrown in /wordpress/wp-content/plugins/wp-auto-backup/Store.class.php on line 16
[08-Jul-2025 21:57:24 UTC] PHP Warning:  Undefined variable $Base_name in /wordpress/wp-content/plugins/wp-auto-backup/Data.php on line 47
[08-Jul-2025 21:57:25 UTC] PHP Fatal error:  Uncaught PDOException: SQLSTATE[HY000] [2002] Address family not supported by protocol in /wordpress/wp-content/plugins/wp-auto-backup/Store.class.php:16
Stack trace:
#0 /wordpress/wp-content/plugins/wp-auto-backup/Store.class.php(16): PDO->__construct('mysql:host=;dbn...', '', '')
#1 /wordpress/wp-content/plugins/wp-auto-backup/Store.class.php(44): dj_store->Open_DataBase()
#2 /wordpress/wp-content/plugins/wp-auto-backup/Database_Backup.php(361): dj_store->Sql_Operation_WR('\nCREATE TABLE I...')
#3 /wordpress/wp-content/plugins/wp-auto-backup/Main.php(61): dj_operation->Create_BackUp_Table()
#4 /wordpress/wp-includes/class-wp-hook.php(324): dj_databases_backup->create_options_table('')
#5 /wordpress/wp-includes/class-wp-hook.php(348): WP_Hook->apply_filters(NULL, Array)
#6 /wordpress/wp-includes/plugin.php(517): WP_Hook->do_action(Array)
#7 /wordpress/wp-settings.php(727): do_action('init')
#8 /wordpress/wp-config.php(102): require_once('/wordpress/wp-s...')
#9 /wordpress/wp-load.php(50): require_once('/wordpress/wp-c...')
#10 /internal/eval.php(3): require_once('/wordpress/wp-l...')
#11 {main}
  thrown in /wordpress/wp-content/plugins/wp-auto-backup/Store.class.php on line 16
[08-Jul-2025 21:57:59 UTC] PHP Warning:  Undefined array key "activate" in /wordpress/wp-content/plugins/wp-email-logs/wp_mail_code.php on line 4
[08-Jul-2025 21:58:07 UTC] PHP Warning:  Undefined array key "activate" in /wordpress/wp-content/plugins/wp-email-logs/wp_mail_code.php on line 4
[08-Jul-2025 21:58:15 UTC] PHP Warning:  Undefined array key "activate" in /wordpress/wp-content/plugins/wp-email-logs/wp_mail_code.php on line 4
[08-Jul-2025 21:58:23 UTC] PHP Fatal error:  Uncaught Error: Call to undefined function set_magic_quotes_runtime() in /wordpress/wp-content/plugins/wp-etiketter-for-bloggar/wp-etiketter-for-bloggar.php:71
Stack trace:
#0 /wordpress/wp-admin/includes/plugin.php(2387): include_once()
#1 /wordpress/wp-admin/includes/plugin.php(673): plugin_sandbox_scrape('wp-etiketter-fo...')
#2 /internal/eval.php(20): activate_plugin('wp-etiketter-fo...')
#3 {main}
  thrown in /wordpress/wp-content/plugins/wp-etiketter-for-bloggar/wp-etiketter-for-bloggar.php on line 71
[08-Jul-2025 21:58:31 UTC] PHP Fatal error:  Uncaught Error: Call to undefined function set_magic_quotes_runtime() in /wordpress/wp-content/plugins/wp-etiketter-for-bloggar/wp-etiketter-for-bloggar.php:71
Stack trace:
#0 /wordpress/wp-admin/includes/plugin.php(2387): include_once()
#1 /wordpress/wp-admin/includes/plugin.php(673): plugin_sandbox_scrape('wp-etiketter-fo...')
#2 /internal/eval.php(20): activate_plugin('wp-etiketter-fo...')
#3 {main}
  thrown in /wordpress/wp-content/plugins/wp-etiketter-for-bloggar/wp-etiketter-for-bloggar.php on line 71
[08-Jul-2025 21:58:40 UTC] PHP Fatal error:  Uncaught Error: Call to undefined function set_magic_quotes_runtime() in /wordpress/wp-content/plugins/wp-etiketter-for-bloggar/wp-etiketter-for-bloggar.php:71
Stack trace:
#0 /wordpress/wp-admin/includes/plugin.php(2387): include_once()
#1 /wordpress/wp-admin/includes/plugin.php(673): plugin_sandbox_scrape('wp-etiketter-fo...')
#2 /internal/eval.php(20): activate_plugin('wp-etiketter-fo...')
#3 {main}
  thrown in /wordpress/wp-content/plugins/wp-etiketter-for-bloggar/wp-etiketter-for-bloggar.php on line 71
[08-Jul-2025 21:58:47 UTC] PHP Warning:  Undefined array key "action" in /wordpress/wp-content/plugins/wp-export-users-plus/wp_export_users_plus.php on line 12
[08-Jul-2025 21:58:47 UTC] PHP Warning:  Undefined array key "action" in /wordpress/wp-content/plugins/wp-export-users-plus/wp_export_users_plus.php on line 14
[08-Jul-2025 21:58:48 UTC] PHP Warning:  Undefined array key "action" in /wordpress/wp-content/plugins/wp-export-users-plus/wp_export_users_plus.php on line 12
[08-Jul-2025 21:58:48 UTC] PHP Warning:  Undefined array key "action" in /wordpress/wp-content/plugins/wp-export-users-plus/wp_export_users_plus.php on line 14
[08-Jul-2025 21:58:55 UTC] PHP Warning:  Undefined array key "action" in /wordpress/wp-content/plugins/wp-export-users-plus/wp_export_users_plus.php on line 12
[08-Jul-2025 21:58:55 UTC] PHP Warning:  Undefined array key "action" in /wordpress/wp-content/plugins/wp-export-users-plus/wp_export_users_plus.php on line 14
[08-Jul-2025 21:58:56 UTC] PHP Warning:  Undefined array key "action" in /wordpress/wp-content/plugins/wp-export-users-plus/wp_export_users_plus.php on line 12
[08-Jul-2025 21:58:56 UTC] PHP Warning:  Undefined array key "action" in /wordpress/wp-content/plugins/wp-export-users-plus/wp_export_users_plus.php on line 14
[08-Jul-2025 21:59:03 UTC] PHP Warning:  Undefined array key "action" in /wordpress/wp-content/plugins/wp-export-users-plus/wp_export_users_plus.php on line 12
[08-Jul-2025 21:59:03 UTC] PHP Warning:  Undefined array key "action" in /wordpress/wp-content/plugins/wp-export-users-plus/wp_export_users_plus.php on line 14
[08-Jul-2025 21:59:04 UTC] PHP Warning:  Undefined array key "action" in /wordpress/wp-content/plugins/wp-export-users-plus/wp_export_users_plus.php on line 12
[08-Jul-2025 21:59:04 UTC] PHP Warning:  Undefined array key "action" in /wordpress/wp-content/plugins/wp-export-users-plus/wp_export_users_plus.php on line 14
[08-Jul-2025 21:59:11 UTC] PHP Warning:  Trying to access array offset on value of type bool in /wordpress/wp-content/plugins/wp-facebook-recommendations-bar/wp-facebook-recommendations-bar.php on line 337
[08-Jul-2025 21:59:11 UTC] PHP Warning:  Trying to access array offset on value of type bool in /wordpress/wp-content/plugins/wp-facebook-recommendations-bar/wp-facebook-recommendations-bar.php on line 50
[08-Jul-2025 21:59:20 UTC] PHP Warning:  Trying to access array offset on value of type bool in /wordpress/wp-content/plugins/wp-facebook-recommendations-bar/wp-facebook-recommendations-bar.php on line 337
[08-Jul-2025 21:59:20 UTC] PHP Warning:  Trying to access array offset on value of type bool in /wordpress/wp-content/plugins/wp-facebook-recommendations-bar/wp-facebook-recommendations-bar.php on line 50
[08-Jul-2025 21:59:27 UTC] PHP Warning:  Trying to access array offset on value of type bool in /wordpress/wp-content/plugins/wp-facebook-recommendations-bar/wp-facebook-recommendations-bar.php on line 337
[08-Jul-2025 21:59:27 UTC] PHP Warning:  Trying to access array offset on value of type bool in /wordpress/wp-content/plugins/wp-facebook-recommendations-bar/wp-facebook-recommendations-bar.php on line 50

    at Object.onBind (file:///home/runner/work/playground-tester/playground-tester/node_modules/@wp-playground/cli/run-cli-j-geJYS3.js:325:15)
    at process.processTicksAndRejections (node:internal/process/task_queues:105:5)
    at async re (file:///home/runner/work/playground-tester/playground-tester/node_modules/@wp-playground/cli/run-cli-j-geJYS3.js:149:10) {
  [cause]: Error: Error when executing the blueprint step #1 ({"step":"installPlugin","pluginData":{"resource":"wordpress.org/plugins","slug":"wp-fbupdater"},"options":{"activate":true}}) : Could not download "https://downloads.wordpress.org/plugin/wp-fbupdater.latest-stable.zip".
  				Check if the URL is correct and the server is reachable.
  				If it is reachable, the server might be blocking the request.
  				Check the browser console and network tabs for more information.
  
  				## Does the console show the error "No 'Access-Control-Allow-Origin' header"?
  
  				This means the server that hosts your file does not allow requests from other sites
  				(cross-origin requests, or CORS).	You need to move the asset to a server that allows
  				cross-origin file downloads. Learn more about CORS at
  				https://developer.mozilla.org/en-US/docs/Web/HTTP/CORS.
  
  				If your file is on GitHub, load it from "raw.githubusercontent.com".
  				Here's how to do that:
  
  				1. Start with the original GitHub URL of the file. For example:
  				https://github.com/username/repository/blob/branch/filename.
  				2. Replace "github.com" with "raw.githubusercontent.com".
  				3. Remove the "/blob/" part of the URL.
  
  				The resulting URL should look like this:
  				https://raw.githubusercontent.com/username/repository/branch/filename
  
  				Error:
  				Error: Could not download "https://downloads.wordpress.org/plugin/wp-fbupdater.latest-stable.zip"
      at Object.run (file:///home/runner/work/playground-tester/playground-tester/node_modules/@wp-playground/blueprints/index.js:12093:19)
      at process.processTicksAndRejections (node:internal/process/task_queues:105:5)
      at async ys (file:///home/runner/work/playground-tester/playground-tester/node_modules/@wp-playground/blueprints/index.js:12196:3)
      at async Object.onBind (file:///home/runner/work/playground-tester/playground-tester/node_modules/@wp-playground/cli/run-cli-j-geJYS3.js:315:48)
      at async re (file:///home/runner/work/playground-tester/playground-tester/node_modules/@wp-playground/cli/run-cli-j-geJYS3.js:149:10) {
    [cause]: Error: Could not download "https://downloads.wordpress.org/plugin/wp-fbupdater.latest-stable.zip".
    				Check if the URL is correct and the server is reachable.
    				If it is reachable, the server might be blocking the request.
    				Check the browser console and network tabs for more information.
    
    				## Does the console show the error "No 'Access-Control-Allow-Origin' header"?
    
    				This means the server that hosts your file does not allow requests from other sites
    				(cross-origin requests, or CORS).	You need to move the asset to a server that allows
    				cross-origin file downloads. Learn more about CORS at
    				https://developer.mozilla.org/en-US/docs/Web/HTTP/CORS.
    
    				If your file is on GitHub, load it from "raw.githubusercontent.com".
    				Here's how to do that:
    
    				1. Start with the original GitHub URL of the file. For example:
    				https://github.com/username/repository/blob/branch/filename.
    				2. Replace "github.com" with "raw.githubusercontent.com".
    				3. Remove the "/blob/" part of the URL.
    
    				The resulting URL should look like this:
    				https://raw.githubusercontent.com/username/repository/branch/filename
    
    				Error:
    				Error: Could not download "https://downloads.wordpress.org/plugin/wp-fbupdater.latest-stable.zip"
        at Ct.resolve (file:///home/runner/work/playground-tester/playground-tester/node_modules/@wp-playground/blueprints/index.js:1129:13)
        at process.processTicksAndRejections (node:internal/process/task_queues:105:5)
        at async _.run (file:///home/runner/work/playground-tester/playground-tester/node_modules/@php-wasm/util/index.js:45:14)
  }
}

Node.js v23.11.0
