[
{"message":"file:///home/runner/work/playground-tester/playground-tester/node_modules/@wp-playground/cli/index.js:237\n        throw new Error(y, { cause: u });\n              ^\n","level":"FATAL","type":"PLAYGROUND","test":"ast-sqlite-boot","plugin":"rotor-signup-code","details":"file:///home/runner/work/playground-tester/playground-tester/node_modules/@wp-playground/cli/index.js:237\n        throw new Error(y, { cause: u });\n              ^\n","log":"/tmp/tmp.muXs7gr6vQ"}
,
{"message":"Uncaught Error: Call to undefined function create_function() in /wordpress/wp-content/plugins/press-about-us/pressaboutus-widget.php:283","level":"FATAL","type":"PHP","test":"ast-sqlite-boot","plugin":"rotor-signup-code","details":"[21-Apr-2025 19:45:05 UTC] PHP Fatal error:  Uncaught Error: Call to undefined function create_function() in /wordpress/wp-content/plugins/press-about-us/pressaboutus-widget.php:283\nStack trace:\n#0 /wordpress/wp-admin/includes/plugin.php(2387): include_once()\n#1 /wordpress/wp-admin/includes/plugin.php(673): plugin_sandbox_scrape('press-about-us/...')\n#2 /internal/eval.php(20): activate_plugin('press-about-us/...')\n#3 {main}\n  thrown in /wordpress/wp-content/plugins/press-about-us/pressaboutus-widget.php on line 283","log":"/logs/plugins/r/rotor-signup-code/error.json"}
,
{"message":"Uncaught Error: Call to undefined function create_function() in /wordpress/wp-content/plugins/press-about-us/pressaboutus-widget.php:283","level":"FATAL","type":"PHP","test":"ast-sqlite-boot","plugin":"rotor-signup-code","details":"[21-Apr-2025 19:45:13 UTC] PHP Fatal error:  Uncaught Error: Call to undefined function create_function() in /wordpress/wp-content/plugins/press-about-us/pressaboutus-widget.php:283\nStack trace:\n#0 /wordpress/wp-admin/includes/plugin.php(2387): include_once()\n#1 /wordpress/wp-admin/includes/plugin.php(673): plugin_sandbox_scrape('press-about-us/...')\n#2 /internal/eval.php(20): activate_plugin('press-about-us/...')\n#3 {main}\n  thrown in /wordpress/wp-content/plugins/press-about-us/pressaboutus-widget.php on line 283","log":"/logs/plugins/r/rotor-signup-code/error.json"}
,
{"message":"Uncaught Error: Call to undefined function create_function() in /wordpress/wp-content/plugins/press-about-us/pressaboutus-widget.php:283","level":"FATAL","type":"PHP","test":"ast-sqlite-boot","plugin":"rotor-signup-code","details":"[21-Apr-2025 19:45:21 UTC] PHP Fatal error:  Uncaught Error: Call to undefined function create_function() in /wordpress/wp-content/plugins/press-about-us/pressaboutus-widget.php:283\nStack trace:\n#0 /wordpress/wp-admin/includes/plugin.php(2387): include_once()\n#1 /wordpress/wp-admin/includes/plugin.php(673): plugin_sandbox_scrape('press-about-us/...')\n#2 /internal/eval.php(20): activate_plugin('press-about-us/...')\n#3 {main}\n  thrown in /wordpress/wp-content/plugins/press-about-us/pressaboutus-widget.php on line 283","log":"/logs/plugins/r/rotor-signup-code/error.json"}
,
{"message":"Required parameter $wrapper follows optional parameter $type in /wordpress/wp-content/plugins/pro-links-maintainer-dev/freemius/includes/class-fs-logger.php on line 145","level":"DEPRECATED","type":"PHP","test":"ast-sqlite-boot","plugin":"rotor-signup-code","details":"[21-Apr-2025 19:46:17 UTC] PHP Deprecated:  Required parameter $wrapper follows optional parameter $type in /wordpress/wp-content/plugins/pro-links-maintainer-dev/freemius/includes/class-fs-logger.php on line 145","log":"/logs/plugins/r/rotor-signup-code/error.json"}
,
{"message":"Required parameter $wrapper follows optional parameter $type in /wordpress/wp-content/plugins/pro-links-maintainer-dev/freemius/includes/class-fs-logger.php on line 145","level":"DEPRECATED","type":"PHP","test":"ast-sqlite-boot","plugin":"rotor-signup-code","details":"[21-Apr-2025 19:46:20 UTC] PHP Deprecated:  Required parameter $wrapper follows optional parameter $type in /wordpress/wp-content/plugins/pro-links-maintainer-dev/freemius/includes/class-fs-logger.php on line 145","log":"/logs/plugins/r/rotor-signup-code/error.json"}
,
{"message":"Required parameter $wrapper follows optional parameter $type in /wordpress/wp-content/plugins/pro-links-maintainer-dev/freemius/includes/class-fs-logger.php on line 145","level":"DEPRECATED","type":"PHP","test":"ast-sqlite-boot","plugin":"rotor-signup-code","details":"[21-Apr-2025 19:46:29 UTC] PHP Deprecated:  Required parameter $wrapper follows optional parameter $type in /wordpress/wp-content/plugins/pro-links-maintainer-dev/freemius/includes/class-fs-logger.php on line 145","log":"/logs/plugins/r/rotor-signup-code/error.json"}
,
{"message":"Required parameter $wrapper follows optional parameter $type in /wordpress/wp-content/plugins/pro-links-maintainer-dev/freemius/includes/class-fs-logger.php on line 145","level":"DEPRECATED","type":"PHP","test":"ast-sqlite-boot","plugin":"rotor-signup-code","details":"[21-Apr-2025 19:46:31 UTC] PHP Deprecated:  Required parameter $wrapper follows optional parameter $type in /wordpress/wp-content/plugins/pro-links-maintainer-dev/freemius/includes/class-fs-logger.php on line 145","log":"/logs/plugins/r/rotor-signup-code/error.json"}
,
{"message":"Required parameter $wrapper follows optional parameter $type in /wordpress/wp-content/plugins/pro-links-maintainer-dev/freemius/includes/class-fs-logger.php on line 145","level":"DEPRECATED","type":"PHP","test":"ast-sqlite-boot","plugin":"rotor-signup-code","details":"[21-Apr-2025 19:46:39 UTC] PHP Deprecated:  Required parameter $wrapper follows optional parameter $type in /wordpress/wp-content/plugins/pro-links-maintainer-dev/freemius/includes/class-fs-logger.php on line 145","log":"/logs/plugins/r/rotor-signup-code/error.json"}
,
{"message":"Required parameter $wrapper follows optional parameter $type in /wordpress/wp-content/plugins/pro-links-maintainer-dev/freemius/includes/class-fs-logger.php on line 145","level":"DEPRECATED","type":"PHP","test":"ast-sqlite-boot","plugin":"rotor-signup-code","details":"[21-Apr-2025 19:46:41 UTC] PHP Deprecated:  Required parameter $wrapper follows optional parameter $type in /wordpress/wp-content/plugins/pro-links-maintainer-dev/freemius/includes/class-fs-logger.php on line 145","log":"/logs/plugins/r/rotor-signup-code/error.json"}
,
{"message":"Required parameter $type follows optional parameter $userid in /wordpress/wp-content/plugins/profilepress/includes/meta.php on line 263","level":"DEPRECATED","type":"PHP","test":"ast-sqlite-boot","plugin":"rotor-signup-code","details":"[21-Apr-2025 19:47:17 UTC] PHP Deprecated:  Required parameter $type follows optional parameter $userid in /wordpress/wp-content/plugins/profilepress/includes/meta.php on line 263","log":"/logs/plugins/r/rotor-signup-code/error.json"}
,
{"message":"Uncaught Error: Undefined constant \"PROFILE_DB_VERSION\" in /wordpress/wp-content/plugins/profilepress/includes/activate.php:65","level":"FATAL","type":"PHP","test":"ast-sqlite-boot","plugin":"rotor-signup-code","details":"[21-Apr-2025 19:47:17 UTC] PHP Fatal error:  Uncaught Error: Undefined constant \"PROFILE_DB_VERSION\" in /wordpress/wp-content/plugins/profilepress/includes/activate.php:65\nStack trace:\n#0 /wordpress/wp-includes/class-wp-hook.php(324): pp_activate(false)\n#1 /wordpress/wp-includes/class-wp-hook.php(348): WP_Hook->apply_filters('', Array)\n#2 /wordpress/wp-includes/plugin.php(517): WP_Hook->do_action(Array)\n#3 /wordpress/wp-admin/includes/plugin.php(703): do_action('activate_profil...', false)\n#4 /internal/eval.php(20): activate_plugin('profilepress/pr...')\n#5 {main}\n  thrown in /wordpress/wp-content/plugins/profilepress/includes/activate.php on line 65","log":"/logs/plugins/r/rotor-signup-code/error.json"}
,
{"message":"Required parameter $type follows optional parameter $userid in /wordpress/wp-content/plugins/profilepress/includes/meta.php on line 263","level":"DEPRECATED","type":"PHP","test":"ast-sqlite-boot","plugin":"rotor-signup-code","details":"[21-Apr-2025 19:47:25 UTC] PHP Deprecated:  Required parameter $type follows optional parameter $userid in /wordpress/wp-content/plugins/profilepress/includes/meta.php on line 263","log":"/logs/plugins/r/rotor-signup-code/error.json"}
,
{"message":"Uncaught Error: Undefined constant \"PROFILE_DB_VERSION\" in /wordpress/wp-content/plugins/profilepress/includes/activate.php:65","level":"FATAL","type":"PHP","test":"ast-sqlite-boot","plugin":"rotor-signup-code","details":"[21-Apr-2025 19:47:25 UTC] PHP Fatal error:  Uncaught Error: Undefined constant \"PROFILE_DB_VERSION\" in /wordpress/wp-content/plugins/profilepress/includes/activate.php:65\nStack trace:\n#0 /wordpress/wp-includes/class-wp-hook.php(324): pp_activate(false)\n#1 /wordpress/wp-includes/class-wp-hook.php(348): WP_Hook->apply_filters('', Array)\n#2 /wordpress/wp-includes/plugin.php(517): WP_Hook->do_action(Array)\n#3 /wordpress/wp-admin/includes/plugin.php(703): do_action('activate_profil...', false)\n#4 /internal/eval.php(20): activate_plugin('profilepress/pr...')\n#5 {main}\n  thrown in /wordpress/wp-content/plugins/profilepress/includes/activate.php on line 65","log":"/logs/plugins/r/rotor-signup-code/error.json"}
,
{"message":"Required parameter $type follows optional parameter $userid in /wordpress/wp-content/plugins/profilepress/includes/meta.php on line 263","level":"DEPRECATED","type":"PHP","test":"ast-sqlite-boot","plugin":"rotor-signup-code","details":"[21-Apr-2025 19:47:33 UTC] PHP Deprecated:  Required parameter $type follows optional parameter $userid in /wordpress/wp-content/plugins/profilepress/includes/meta.php on line 263","log":"/logs/plugins/r/rotor-signup-code/error.json"}
,
{"message":"Uncaught Error: Undefined constant \"PROFILE_DB_VERSION\" in /wordpress/wp-content/plugins/profilepress/includes/activate.php:65","level":"FATAL","type":"PHP","test":"ast-sqlite-boot","plugin":"rotor-signup-code","details":"[21-Apr-2025 19:47:33 UTC] PHP Fatal error:  Uncaught Error: Undefined constant \"PROFILE_DB_VERSION\" in /wordpress/wp-content/plugins/profilepress/includes/activate.php:65\nStack trace:\n#0 /wordpress/wp-includes/class-wp-hook.php(324): pp_activate(false)\n#1 /wordpress/wp-includes/class-wp-hook.php(348): WP_Hook->apply_filters('', Array)\n#2 /wordpress/wp-includes/plugin.php(517): WP_Hook->do_action(Array)\n#3 /wordpress/wp-admin/includes/plugin.php(703): do_action('activate_profil...', false)\n#4 /internal/eval.php(20): activate_plugin('profilepress/pr...')\n#5 {main}\n  thrown in /wordpress/wp-content/plugins/profilepress/includes/activate.php on line 65","log":"/logs/plugins/r/rotor-signup-code/error.json"}
,
{"message":"Uncaught Error: Call to undefined function create_function() in /wordpress/wp-content/plugins/prophoto3-theme-compatibility-patches/p3-compatibility-patches.php:150","level":"FATAL","type":"PHP","test":"ast-sqlite-boot","plugin":"rotor-signup-code","details":"[21-Apr-2025 19:47:41 UTC] PHP Fatal error:  Uncaught Error: Call to undefined function create_function() in /wordpress/wp-content/plugins/prophoto3-theme-compatibility-patches/p3-compatibility-patches.php:150\nStack trace:\n#0 /wordpress/wp-admin/includes/plugin.php(2387): include_once()\n#1 /wordpress/wp-admin/includes/plugin.php(673): plugin_sandbox_scrape('prophoto3-theme...')\n#2 /internal/eval.php(20): activate_plugin('prophoto3-theme...')\n#3 {main}\n  thrown in /wordpress/wp-content/plugins/prophoto3-theme-compatibility-patches/p3-compatibility-patches.php on line 150","log":"/logs/plugins/r/rotor-signup-code/error.json"}
,
{"message":"Uncaught Error: Call to undefined function create_function() in /wordpress/wp-content/plugins/prophoto3-theme-compatibility-patches/p3-compatibility-patches.php:150","level":"FATAL","type":"PHP","test":"ast-sqlite-boot","plugin":"rotor-signup-code","details":"[21-Apr-2025 19:47:49 UTC] PHP Fatal error:  Uncaught Error: Call to undefined function create_function() in /wordpress/wp-content/plugins/prophoto3-theme-compatibility-patches/p3-compatibility-patches.php:150\nStack trace:\n#0 /wordpress/wp-admin/includes/plugin.php(2387): include_once()\n#1 /wordpress/wp-admin/includes/plugin.php(673): plugin_sandbox_scrape('prophoto3-theme...')\n#2 /internal/eval.php(20): activate_plugin('prophoto3-theme...')\n#3 {main}\n  thrown in /wordpress/wp-content/plugins/prophoto3-theme-compatibility-patches/p3-compatibility-patches.php on line 150","log":"/logs/plugins/r/rotor-signup-code/error.json"}
,
{"message":"Uncaught Error: Call to undefined function create_function() in /wordpress/wp-content/plugins/prophoto3-theme-compatibility-patches/p3-compatibility-patches.php:150","level":"FATAL","type":"PHP","test":"ast-sqlite-boot","plugin":"rotor-signup-code","details":"[21-Apr-2025 19:47:57 UTC] PHP Fatal error:  Uncaught Error: Call to undefined function create_function() in /wordpress/wp-content/plugins/prophoto3-theme-compatibility-patches/p3-compatibility-patches.php:150\nStack trace:\n#0 /wordpress/wp-admin/includes/plugin.php(2387): include_once()\n#1 /wordpress/wp-admin/includes/plugin.php(673): plugin_sandbox_scrape('prophoto3-theme...')\n#2 /internal/eval.php(20): activate_plugin('prophoto3-theme...')\n#3 {main}\n  thrown in /wordpress/wp-content/plugins/prophoto3-theme-compatibility-patches/p3-compatibility-patches.php on line 150","log":"/logs/plugins/r/rotor-signup-code/error.json"}
,
{"message":"Function _load_textdomain_just_in_time was called <strong>incorrectly</strong>. Translation loading for the <code>woocommerce</code> domain was triggered too early. This is usually an indicator for some code in the plugin or theme running too early. Translations should be loaded at the <code>init</code> action or later. Please see <a href=\"https://developer.wordpress.org/advanced-administration/debug/debug-wordpress/\">Debugging in WordPress</a> for more information. (This message was added in version 6.7.0.) in /wordpress/wp-includes/functions.php on line 6121","level":"NOTICE","type":"PHP","test":"ast-sqlite-boot","plugin":"rotor-signup-code","details":"[21-Apr-2025 19:49:55 UTC] PHP Notice:  Function _load_textdomain_just_in_time was called <strong>incorrectly</strong>. Translation loading for the <code>woocommerce</code> domain was triggered too early. This is usually an indicator for some code in the plugin or theme running too early. Translations should be loaded at the <code>init</code> action or later. Please see <a href=\"https://developer.wordpress.org/advanced-administration/debug/debug-wordpress/\">Debugging in WordPress</a> for more information. (This message was added in version 6.7.0.) in /wordpress/wp-includes/functions.php on line 6121","log":"/logs/plugins/r/rotor-signup-code/error.json"}
,
{"message":"Trying to access array offset on value of type bool in /wordpress/wp-content/plugins/paytiko/includes/PaytikoPayouts.php on line 60","level":"WARNING","type":"PHP","test":"ast-sqlite-boot","plugin":"rotor-signup-code","details":"[21-Apr-2025 19:50:02 UTC] PHP Warning:  Trying to access array offset on value of type bool in /wordpress/wp-content/plugins/paytiko/includes/PaytikoPayouts.php on line 60","log":"/logs/plugins/r/rotor-signup-code/error.json"}
,
{"message":"Trying to access array offset on value of type bool in /wordpress/wp-content/plugins/paytiko/includes/PaytikoAutoCleaner.php on line 26","level":"WARNING","type":"PHP","test":"ast-sqlite-boot","plugin":"rotor-signup-code","details":"[21-Apr-2025 19:50:02 UTC] PHP Warning:  Trying to access array offset on value of type bool in /wordpress/wp-content/plugins/paytiko/includes/PaytikoAutoCleaner.php on line 26","log":"/logs/plugins/r/rotor-signup-code/error.json"}
,
{"message":"Function _load_textdomain_just_in_time was called <strong>incorrectly</strong>. Translation loading for the <code>woocommerce</code> domain was triggered too early. This is usually an indicator for some code in the plugin or theme running too early. Translations should be loaded at the <code>init</code> action or later. Please see <a href=\"https://developer.wordpress.org/advanced-administration/debug/debug-wordpress/\">Debugging in WordPress</a> for more information. (This message was added in version 6.7.0.) in /wordpress/wp-includes/functions.php on line 6121","level":"NOTICE","type":"PHP","test":"ast-sqlite-boot","plugin":"rotor-signup-code","details":"[21-Apr-2025 19:50:39 UTC] PHP Notice:  Function _load_textdomain_just_in_time was called <strong>incorrectly</strong>. Translation loading for the <code>woocommerce</code> domain was triggered too early. This is usually an indicator for some code in the plugin or theme running too early. Translations should be loaded at the <code>init</code> action or later. Please see <a href=\"https://developer.wordpress.org/advanced-administration/debug/debug-wordpress/\">Debugging in WordPress</a> for more information. (This message was added in version 6.7.0.) in /wordpress/wp-includes/functions.php on line 6121","log":"/logs/plugins/r/rotor-signup-code/error.json"}
,
{"message":"Trying to access array offset on value of type bool in /wordpress/wp-content/plugins/paytiko/includes/PaytikoPayouts.php on line 60","level":"WARNING","type":"PHP","test":"ast-sqlite-boot","plugin":"rotor-signup-code","details":"[21-Apr-2025 19:50:46 UTC] PHP Warning:  Trying to access array offset on value of type bool in /wordpress/wp-content/plugins/paytiko/includes/PaytikoPayouts.php on line 60","log":"/logs/plugins/r/rotor-signup-code/error.json"}
,
{"message":"Trying to access array offset on value of type bool in /wordpress/wp-content/plugins/paytiko/includes/PaytikoAutoCleaner.php on line 26","level":"WARNING","type":"PHP","test":"ast-sqlite-boot","plugin":"rotor-signup-code","details":"[21-Apr-2025 19:50:46 UTC] PHP Warning:  Trying to access array offset on value of type bool in /wordpress/wp-content/plugins/paytiko/includes/PaytikoAutoCleaner.php on line 26","log":"/logs/plugins/r/rotor-signup-code/error.json"}
,
{"message":"Function _load_textdomain_just_in_time was called <strong>incorrectly</strong>. Translation loading for the <code>woocommerce</code> domain was triggered too early. This is usually an indicator for some code in the plugin or theme running too early. Translations should be loaded at the <code>init</code> action or later. Please see <a href=\"https://developer.wordpress.org/advanced-administration/debug/debug-wordpress/\">Debugging in WordPress</a> for more information. (This message was added in version 6.7.0.) in /wordpress/wp-includes/functions.php on line 6121","level":"NOTICE","type":"PHP","test":"ast-sqlite-boot","plugin":"rotor-signup-code","details":"[21-Apr-2025 19:51:22 UTC] PHP Notice:  Function _load_textdomain_just_in_time was called <strong>incorrectly</strong>. Translation loading for the <code>woocommerce</code> domain was triggered too early. This is usually an indicator for some code in the plugin or theme running too early. Translations should be loaded at the <code>init</code> action or later. Please see <a href=\"https://developer.wordpress.org/advanced-administration/debug/debug-wordpress/\">Debugging in WordPress</a> for more information. (This message was added in version 6.7.0.) in /wordpress/wp-includes/functions.php on line 6121","log":"/logs/plugins/r/rotor-signup-code/error.json"}
,
{"message":"Trying to access array offset on value of type bool in /wordpress/wp-content/plugins/paytiko/includes/PaytikoPayouts.php on line 60","level":"WARNING","type":"PHP","test":"ast-sqlite-boot","plugin":"rotor-signup-code","details":"[21-Apr-2025 19:51:28 UTC] PHP Warning:  Trying to access array offset on value of type bool in /wordpress/wp-content/plugins/paytiko/includes/PaytikoPayouts.php on line 60","log":"/logs/plugins/r/rotor-signup-code/error.json"}
,
{"message":"Trying to access array offset on value of type bool in /wordpress/wp-content/plugins/paytiko/includes/PaytikoAutoCleaner.php on line 26","level":"WARNING","type":"PHP","test":"ast-sqlite-boot","plugin":"rotor-signup-code","details":"[21-Apr-2025 19:51:28 UTC] PHP Warning:  Trying to access array offset on value of type bool in /wordpress/wp-content/plugins/paytiko/includes/PaytikoAutoCleaner.php on line 26","log":"/logs/plugins/r/rotor-signup-code/error.json"}
,
{"message":"Undefined array key \"request_io\" in /wordpress/wp-content/plugins/request-io/request-io.php on line 277","level":"WARNING","type":"PHP","test":"ast-sqlite-boot","plugin":"rotor-signup-code","details":"[21-Apr-2025 19:51:39 UTC] PHP Warning:  Undefined array key \"request_io\" in /wordpress/wp-content/plugins/request-io/request-io.php on line 277","log":"/logs/plugins/r/rotor-signup-code/error.json"}
,
{"message":"Undefined array key \"wordpress_requestio\" in /wordpress/wp-content/plugins/request-io/request-io.php on line 297","level":"WARNING","type":"PHP","test":"ast-sqlite-boot","plugin":"rotor-signup-code","details":"[21-Apr-2025 19:51:39 UTC] PHP Warning:  Undefined array key \"wordpress_requestio\" in /wordpress/wp-content/plugins/request-io/request-io.php on line 297","log":"/logs/plugins/r/rotor-signup-code/error.json"}
,
{"message":"Undefined array key \"request_io\" in /wordpress/wp-content/plugins/request-io/request-io.php on line 277","level":"WARNING","type":"PHP","test":"ast-sqlite-boot","plugin":"rotor-signup-code","details":"[21-Apr-2025 19:51:48 UTC] PHP Warning:  Undefined array key \"request_io\" in /wordpress/wp-content/plugins/request-io/request-io.php on line 277","log":"/logs/plugins/r/rotor-signup-code/error.json"}
,
{"message":"Undefined array key \"wordpress_requestio\" in /wordpress/wp-content/plugins/request-io/request-io.php on line 297","level":"WARNING","type":"PHP","test":"ast-sqlite-boot","plugin":"rotor-signup-code","details":"[21-Apr-2025 19:51:48 UTC] PHP Warning:  Undefined array key \"wordpress_requestio\" in /wordpress/wp-content/plugins/request-io/request-io.php on line 297","log":"/logs/plugins/r/rotor-signup-code/error.json"}
,
{"message":"Undefined array key \"request_io\" in /wordpress/wp-content/plugins/request-io/request-io.php on line 277","level":"WARNING","type":"PHP","test":"ast-sqlite-boot","plugin":"rotor-signup-code","details":"[21-Apr-2025 19:51:57 UTC] PHP Warning:  Undefined array key \"request_io\" in /wordpress/wp-content/plugins/request-io/request-io.php on line 277","log":"/logs/plugins/r/rotor-signup-code/error.json"}
,
{"message":"Undefined array key \"wordpress_requestio\" in /wordpress/wp-content/plugins/request-io/request-io.php on line 297","level":"WARNING","type":"PHP","test":"ast-sqlite-boot","plugin":"rotor-signup-code","details":"[21-Apr-2025 19:51:57 UTC] PHP Warning:  Undefined array key \"wordpress_requestio\" in /wordpress/wp-content/plugins/request-io/request-io.php on line 297","log":"/logs/plugins/r/rotor-signup-code/error.json"}
,
{"message":"Function wp_enqueue_script was called <strong>incorrectly</strong>. Scripts and styles should not be registered or enqueued until the <code>wp_enqueue_scripts</code>, <code>admin_enqueue_scripts</code>, or <code>login_enqueue_scripts</code> hooks. This notice was triggered by the <code>thickbox</code> handle. Please see <a href=\"https://developer.wordpress.org/advanced-administration/debug/debug-wordpress/\">Debugging in WordPress</a> for more information. (This message was added in version 3.3.0.) in /wordpress/wp-includes/functions.php on line 6121","level":"NOTICE","type":"PHP","test":"ast-sqlite-boot","plugin":"rotor-signup-code","details":"[21-Apr-2025 19:52:34 UTC] PHP Notice:  Function wp_enqueue_script was called <strong>incorrectly</strong>. Scripts and styles should not be registered or enqueued until the <code>wp_enqueue_scripts</code>, <code>admin_enqueue_scripts</code>, or <code>login_enqueue_scripts</code> hooks. This notice was triggered by the <code>thickbox</code> handle. Please see <a href=\"https://developer.wordpress.org/advanced-administration/debug/debug-wordpress/\">Debugging in WordPress</a> for more information. (This message was added in version 3.3.0.) in /wordpress/wp-includes/functions.php on line 6121","log":"/logs/plugins/r/rotor-signup-code/error.json"}
,
{"message":"Function wp_enqueue_style was called <strong>incorrectly</strong>. Scripts and styles should not be registered or enqueued until the <code>wp_enqueue_scripts</code>, <code>admin_enqueue_scripts</code>, or <code>login_enqueue_scripts</code> hooks. This notice was triggered by the <code>thickbox</code> handle. Please see <a href=\"https://developer.wordpress.org/advanced-administration/debug/debug-wordpress/\">Debugging in WordPress</a> for more information. (This message was added in version 3.3.0.) in /wordpress/wp-includes/functions.php on line 6121","level":"NOTICE","type":"PHP","test":"ast-sqlite-boot","plugin":"rotor-signup-code","details":"[21-Apr-2025 19:52:34 UTC] PHP Notice:  Function wp_enqueue_style was called <strong>incorrectly</strong>. Scripts and styles should not be registered or enqueued until the <code>wp_enqueue_scripts</code>, <code>admin_enqueue_scripts</code>, or <code>login_enqueue_scripts</code> hooks. This notice was triggered by the <code>thickbox</code> handle. Please see <a href=\"https://developer.wordpress.org/advanced-administration/debug/debug-wordpress/\">Debugging in WordPress</a> for more information. (This message was added in version 3.3.0.) in /wordpress/wp-includes/functions.php on line 6121","log":"/logs/plugins/r/rotor-signup-code/error.json"}
,
{"message":"Function is_feed was called <strong>incorrectly</strong>. Conditional query tags do not work before the query is run. Before then, they always return false. Please see <a href=\"https://developer.wordpress.org/advanced-administration/debug/debug-wordpress/\">Debugging in WordPress</a> for more information. (This message was added in version 3.1.0.) in /wordpress/wp-includes/functions.php on line 6121","level":"NOTICE","type":"PHP","test":"ast-sqlite-boot","plugin":"rotor-signup-code","details":"[21-Apr-2025 19:52:34 UTC] PHP Notice:  Function is_feed was called <strong>incorrectly</strong>. Conditional query tags do not work before the query is run. Before then, they always return false. Please see <a href=\"https://developer.wordpress.org/advanced-administration/debug/debug-wordpress/\">Debugging in WordPress</a> for more information. (This message was added in version 3.1.0.) in /wordpress/wp-includes/functions.php on line 6121","log":"/logs/plugins/r/rotor-signup-code/error.json"}
,
{"message":"Function wp_enqueue_script was called <strong>incorrectly</strong>. Scripts and styles should not be registered or enqueued until the <code>wp_enqueue_scripts</code>, <code>admin_enqueue_scripts</code>, or <code>login_enqueue_scripts</code> hooks. This notice was triggered by the <code>thickbox</code> handle. Please see <a href=\"https://developer.wordpress.org/advanced-administration/debug/debug-wordpress/\">Debugging in WordPress</a> for more information. (This message was added in version 3.3.0.) in /wordpress/wp-includes/functions.php on line 6121","level":"NOTICE","type":"PHP","test":"ast-sqlite-boot","plugin":"rotor-signup-code","details":"[21-Apr-2025 19:52:44 UTC] PHP Notice:  Function wp_enqueue_script was called <strong>incorrectly</strong>. Scripts and styles should not be registered or enqueued until the <code>wp_enqueue_scripts</code>, <code>admin_enqueue_scripts</code>, or <code>login_enqueue_scripts</code> hooks. This notice was triggered by the <code>thickbox</code> handle. Please see <a href=\"https://developer.wordpress.org/advanced-administration/debug/debug-wordpress/\">Debugging in WordPress</a> for more information. (This message was added in version 3.3.0.) in /wordpress/wp-includes/functions.php on line 6121","log":"/logs/plugins/r/rotor-signup-code/error.json"}
,
{"message":"Function wp_enqueue_style was called <strong>incorrectly</strong>. Scripts and styles should not be registered or enqueued until the <code>wp_enqueue_scripts</code>, <code>admin_enqueue_scripts</code>, or <code>login_enqueue_scripts</code> hooks. This notice was triggered by the <code>thickbox</code> handle. Please see <a href=\"https://developer.wordpress.org/advanced-administration/debug/debug-wordpress/\">Debugging in WordPress</a> for more information. (This message was added in version 3.3.0.) in /wordpress/wp-includes/functions.php on line 6121","level":"NOTICE","type":"PHP","test":"ast-sqlite-boot","plugin":"rotor-signup-code","details":"[21-Apr-2025 19:52:44 UTC] PHP Notice:  Function wp_enqueue_style was called <strong>incorrectly</strong>. Scripts and styles should not be registered or enqueued until the <code>wp_enqueue_scripts</code>, <code>admin_enqueue_scripts</code>, or <code>login_enqueue_scripts</code> hooks. This notice was triggered by the <code>thickbox</code> handle. Please see <a href=\"https://developer.wordpress.org/advanced-administration/debug/debug-wordpress/\">Debugging in WordPress</a> for more information. (This message was added in version 3.3.0.) in /wordpress/wp-includes/functions.php on line 6121","log":"/logs/plugins/r/rotor-signup-code/error.json"}
,
{"message":"Function is_feed was called <strong>incorrectly</strong>. Conditional query tags do not work before the query is run. Before then, they always return false. Please see <a href=\"https://developer.wordpress.org/advanced-administration/debug/debug-wordpress/\">Debugging in WordPress</a> for more information. (This message was added in version 3.1.0.) in /wordpress/wp-includes/functions.php on line 6121","level":"NOTICE","type":"PHP","test":"ast-sqlite-boot","plugin":"rotor-signup-code","details":"[21-Apr-2025 19:52:44 UTC] PHP Notice:  Function is_feed was called <strong>incorrectly</strong>. Conditional query tags do not work before the query is run. Before then, they always return false. Please see <a href=\"https://developer.wordpress.org/advanced-administration/debug/debug-wordpress/\">Debugging in WordPress</a> for more information. (This message was added in version 3.1.0.) in /wordpress/wp-includes/functions.php on line 6121","log":"/logs/plugins/r/rotor-signup-code/error.json"}
,
{"message":"Function wp_enqueue_script was called <strong>incorrectly</strong>. Scripts and styles should not be registered or enqueued until the <code>wp_enqueue_scripts</code>, <code>admin_enqueue_scripts</code>, or <code>login_enqueue_scripts</code> hooks. This notice was triggered by the <code>thickbox</code> handle. Please see <a href=\"https://developer.wordpress.org/advanced-administration/debug/debug-wordpress/\">Debugging in WordPress</a> for more information. (This message was added in version 3.3.0.) in /wordpress/wp-includes/functions.php on line 6121","level":"NOTICE","type":"PHP","test":"ast-sqlite-boot","plugin":"rotor-signup-code","details":"[21-Apr-2025 19:52:53 UTC] PHP Notice:  Function wp_enqueue_script was called <strong>incorrectly</strong>. Scripts and styles should not be registered or enqueued until the <code>wp_enqueue_scripts</code>, <code>admin_enqueue_scripts</code>, or <code>login_enqueue_scripts</code> hooks. This notice was triggered by the <code>thickbox</code> handle. Please see <a href=\"https://developer.wordpress.org/advanced-administration/debug/debug-wordpress/\">Debugging in WordPress</a> for more information. (This message was added in version 3.3.0.) in /wordpress/wp-includes/functions.php on line 6121","log":"/logs/plugins/r/rotor-signup-code/error.json"}
,
{"message":"Function wp_enqueue_style was called <strong>incorrectly</strong>. Scripts and styles should not be registered or enqueued until the <code>wp_enqueue_scripts</code>, <code>admin_enqueue_scripts</code>, or <code>login_enqueue_scripts</code> hooks. This notice was triggered by the <code>thickbox</code> handle. Please see <a href=\"https://developer.wordpress.org/advanced-administration/debug/debug-wordpress/\">Debugging in WordPress</a> for more information. (This message was added in version 3.3.0.) in /wordpress/wp-includes/functions.php on line 6121","level":"NOTICE","type":"PHP","test":"ast-sqlite-boot","plugin":"rotor-signup-code","details":"[21-Apr-2025 19:52:53 UTC] PHP Notice:  Function wp_enqueue_style was called <strong>incorrectly</strong>. Scripts and styles should not be registered or enqueued until the <code>wp_enqueue_scripts</code>, <code>admin_enqueue_scripts</code>, or <code>login_enqueue_scripts</code> hooks. This notice was triggered by the <code>thickbox</code> handle. Please see <a href=\"https://developer.wordpress.org/advanced-administration/debug/debug-wordpress/\">Debugging in WordPress</a> for more information. (This message was added in version 3.3.0.) in /wordpress/wp-includes/functions.php on line 6121","log":"/logs/plugins/r/rotor-signup-code/error.json"}
,
{"message":"Function is_feed was called <strong>incorrectly</strong>. Conditional query tags do not work before the query is run. Before then, they always return false. Please see <a href=\"https://developer.wordpress.org/advanced-administration/debug/debug-wordpress/\">Debugging in WordPress</a> for more information. (This message was added in version 3.1.0.) in /wordpress/wp-includes/functions.php on line 6121","level":"NOTICE","type":"PHP","test":"ast-sqlite-boot","plugin":"rotor-signup-code","details":"[21-Apr-2025 19:52:53 UTC] PHP Notice:  Function is_feed was called <strong>incorrectly</strong>. Conditional query tags do not work before the query is run. Before then, they always return false. Please see <a href=\"https://developer.wordpress.org/advanced-administration/debug/debug-wordpress/\">Debugging in WordPress</a> for more information. (This message was added in version 3.1.0.) in /wordpress/wp-includes/functions.php on line 6121","log":"/logs/plugins/r/rotor-signup-code/error.json"}
,
{"message":"WP_SQLite_Driver::recreate_table_from_information_schema(): Implicitly marking parameter $column_map as nullable is deprecated, the explicit nullable type must be used instead in /internal/shared/sqlite-database-integration/wp-includes/sqlite-ast/class-wp-sqlite-driver.php on line 2783","level":"DEPRECATED","type":"PHP","test":"ast-sqlite-boot","plugin":"rotor-signup-code","details":"[21-Apr-2025 19:53:29 UTC] PHP Deprecated:  WP_SQLite_Driver::recreate_table_from_information_schema(): Implicitly marking parameter $column_map as nullable is deprecated, the explicit nullable type must be used instead in /internal/shared/sqlite-database-integration/wp-includes/sqlite-ast/class-wp-sqlite-driver.php on line 2783","log":"/logs/plugins/r/rotor-signup-code/error.json"}
,
{"message":"WP_SQLite_Driver::set_result_from_affected_rows(): Implicitly marking parameter $override as nullable is deprecated, the explicit nullable type must be used instead in /internal/shared/sqlite-database-integration/wp-includes/sqlite-ast/class-wp-sqlite-driver.php on line 3541","level":"DEPRECATED","type":"PHP","test":"ast-sqlite-boot","plugin":"rotor-signup-code","details":"[21-Apr-2025 19:53:29 UTC] PHP Deprecated:  WP_SQLite_Driver::set_result_from_affected_rows(): Implicitly marking parameter $override as nullable is deprecated, the explicit nullable type must be used instead in /internal/shared/sqlite-database-integration/wp-includes/sqlite-ast/class-wp-sqlite-driver.php on line 3541","log":"/logs/plugins/r/rotor-signup-code/error.json"}
,
{"message":"WP_SQLite_Driver::new_driver_exception(): Implicitly marking parameter $previous as nullable is deprecated, the explicit nullable type must be used instead in /internal/shared/sqlite-database-integration/wp-includes/sqlite-ast/class-wp-sqlite-driver.php on line 3564","level":"DEPRECATED","type":"PHP","test":"ast-sqlite-boot","plugin":"rotor-signup-code","details":"[21-Apr-2025 19:53:29 UTC] PHP Deprecated:  WP_SQLite_Driver::new_driver_exception(): Implicitly marking parameter $previous as nullable is deprecated, the explicit nullable type must be used instead in /internal/shared/sqlite-database-integration/wp-includes/sqlite-ast/class-wp-sqlite-driver.php on line 3564","log":"/logs/plugins/r/rotor-signup-code/error.json"}
,
{"message":"WP_SQLite_Driver_Exception::__construct(): Implicitly marking parameter $previous as nullable is deprecated, the explicit nullable type must be used instead in /internal/shared/sqlite-database-integration/wp-includes/sqlite-ast/class-wp-sqlite-driver-exception.php on line 19","level":"DEPRECATED","type":"PHP","test":"ast-sqlite-boot","plugin":"rotor-signup-code","details":"[21-Apr-2025 19:53:29 UTC] PHP Deprecated:  WP_SQLite_Driver_Exception::__construct(): Implicitly marking parameter $previous as nullable is deprecated, the explicit nullable type must be used instead in /internal/shared/sqlite-database-integration/wp-includes/sqlite-ast/class-wp-sqlite-driver-exception.php on line 19","log":"/logs/plugins/r/rotor-signup-code/error.json"}
,
{"message":"WP_SQLite_Driver::recreate_table_from_information_schema(): Implicitly marking parameter $column_map as nullable is deprecated, the explicit nullable type must be used instead in /internal/shared/sqlite-database-integration/wp-includes/sqlite-ast/class-wp-sqlite-driver.php on line 2783","level":"DEPRECATED","type":"PHP","test":"ast-sqlite-boot","plugin":"rotor-signup-code","details":"[21-Apr-2025 19:53:31 UTC] PHP Deprecated:  WP_SQLite_Driver::recreate_table_from_information_schema(): Implicitly marking parameter $column_map as nullable is deprecated, the explicit nullable type must be used instead in /internal/shared/sqlite-database-integration/wp-includes/sqlite-ast/class-wp-sqlite-driver.php on line 2783","log":"/logs/plugins/r/rotor-signup-code/error.json"}
,
{"message":"WP_SQLite_Driver::set_result_from_affected_rows(): Implicitly marking parameter $override as nullable is deprecated, the explicit nullable type must be used instead in /internal/shared/sqlite-database-integration/wp-includes/sqlite-ast/class-wp-sqlite-driver.php on line 3541","level":"DEPRECATED","type":"PHP","test":"ast-sqlite-boot","plugin":"rotor-signup-code","details":"[21-Apr-2025 19:53:31 UTC] PHP Deprecated:  WP_SQLite_Driver::set_result_from_affected_rows(): Implicitly marking parameter $override as nullable is deprecated, the explicit nullable type must be used instead in /internal/shared/sqlite-database-integration/wp-includes/sqlite-ast/class-wp-sqlite-driver.php on line 3541","log":"/logs/plugins/r/rotor-signup-code/error.json"}
,
{"message":"WP_SQLite_Driver::new_driver_exception(): Implicitly marking parameter $previous as nullable is deprecated, the explicit nullable type must be used instead in /internal/shared/sqlite-database-integration/wp-includes/sqlite-ast/class-wp-sqlite-driver.php on line 3564","level":"DEPRECATED","type":"PHP","test":"ast-sqlite-boot","plugin":"rotor-signup-code","details":"[21-Apr-2025 19:53:31 UTC] PHP Deprecated:  WP_SQLite_Driver::new_driver_exception(): Implicitly marking parameter $previous as nullable is deprecated, the explicit nullable type must be used instead in /internal/shared/sqlite-database-integration/wp-includes/sqlite-ast/class-wp-sqlite-driver.php on line 3564","log":"/logs/plugins/r/rotor-signup-code/error.json"}
,
{"message":"WP_SQLite_Driver_Exception::__construct(): Implicitly marking parameter $previous as nullable is deprecated, the explicit nullable type must be used instead in /internal/shared/sqlite-database-integration/wp-includes/sqlite-ast/class-wp-sqlite-driver-exception.php on line 19","level":"DEPRECATED","type":"PHP","test":"ast-sqlite-boot","plugin":"rotor-signup-code","details":"[21-Apr-2025 19:53:31 UTC] PHP Deprecated:  WP_SQLite_Driver_Exception::__construct(): Implicitly marking parameter $previous as nullable is deprecated, the explicit nullable type must be used instead in /internal/shared/sqlite-database-integration/wp-includes/sqlite-ast/class-wp-sqlite-driver-exception.php on line 19","log":"/logs/plugins/r/rotor-signup-code/error.json"}
,
{"message":"WP_SQLite_Driver::recreate_table_from_information_schema(): Implicitly marking parameter $column_map as nullable is deprecated, the explicit nullable type must be used instead in /internal/shared/sqlite-database-integration/wp-includes/sqlite-ast/class-wp-sqlite-driver.php on line 2783","level":"DEPRECATED","type":"PHP","test":"ast-sqlite-boot","plugin":"rotor-signup-code","details":"[21-Apr-2025 19:53:33 UTC] PHP Deprecated:  WP_SQLite_Driver::recreate_table_from_information_schema(): Implicitly marking parameter $column_map as nullable is deprecated, the explicit nullable type must be used instead in /internal/shared/sqlite-database-integration/wp-includes/sqlite-ast/class-wp-sqlite-driver.php on line 2783","log":"/logs/plugins/r/rotor-signup-code/error.json"}
,
{"message":"WP_SQLite_Driver::set_result_from_affected_rows(): Implicitly marking parameter $override as nullable is deprecated, the explicit nullable type must be used instead in /internal/shared/sqlite-database-integration/wp-includes/sqlite-ast/class-wp-sqlite-driver.php on line 3541","level":"DEPRECATED","type":"PHP","test":"ast-sqlite-boot","plugin":"rotor-signup-code","details":"[21-Apr-2025 19:53:33 UTC] PHP Deprecated:  WP_SQLite_Driver::set_result_from_affected_rows(): Implicitly marking parameter $override as nullable is deprecated, the explicit nullable type must be used instead in /internal/shared/sqlite-database-integration/wp-includes/sqlite-ast/class-wp-sqlite-driver.php on line 3541","log":"/logs/plugins/r/rotor-signup-code/error.json"}
,
{"message":"WP_SQLite_Driver::new_driver_exception(): Implicitly marking parameter $previous as nullable is deprecated, the explicit nullable type must be used instead in /internal/shared/sqlite-database-integration/wp-includes/sqlite-ast/class-wp-sqlite-driver.php on line 3564","level":"DEPRECATED","type":"PHP","test":"ast-sqlite-boot","plugin":"rotor-signup-code","details":"[21-Apr-2025 19:53:33 UTC] PHP Deprecated:  WP_SQLite_Driver::new_driver_exception(): Implicitly marking parameter $previous as nullable is deprecated, the explicit nullable type must be used instead in /internal/shared/sqlite-database-integration/wp-includes/sqlite-ast/class-wp-sqlite-driver.php on line 3564","log":"/logs/plugins/r/rotor-signup-code/error.json"}
,
{"message":"WP_SQLite_Driver_Exception::__construct(): Implicitly marking parameter $previous as nullable is deprecated, the explicit nullable type must be used instead in /internal/shared/sqlite-database-integration/wp-includes/sqlite-ast/class-wp-sqlite-driver-exception.php on line 19","level":"DEPRECATED","type":"PHP","test":"ast-sqlite-boot","plugin":"rotor-signup-code","details":"[21-Apr-2025 19:53:33 UTC] PHP Deprecated:  WP_SQLite_Driver_Exception::__construct(): Implicitly marking parameter $previous as nullable is deprecated, the explicit nullable type must be used instead in /internal/shared/sqlite-database-integration/wp-includes/sqlite-ast/class-wp-sqlite-driver-exception.php on line 19","log":"/logs/plugins/r/rotor-signup-code/error.json"}
,
{"message":"SQLSTATE[HY000]: General error: 1 duplicate column name: highlight.","level":"FATAL","type":"SQL","test":"ast-sqlite-boot","plugin":"rotor-signup-code","details":"[21-Apr-2025 19:53:47 UTC] WordPress database error <div style=\"clear:both\">&nbsp;</div>\n<div class=\"queries\" style=\"clear:both;margin-bottom:2px;border:red dotted thin;\">\n<p>MySQL query:</p>\n<p>ALTER TABLE `wp_trustindex_foursquare_reviews` ADD highlight VARCHAR(11) NULL AFTER rating</p>\n<p>Queries made or created this session were:</p>\n<ol>\n<li>Executing: BEGIN | (no parameters)</li>\n<li>Executing: INSERT INTO _mysql_data_types_cache (`table`, `column_or_index`, `mysql_type`)\n\t\t\t\tVALUES (:table, :column, :datatype)\n\t\t\t\tON CONFLICT(`table`, `column_or_index`) DO UPDATE SET `mysql_type` = :datatype\n\t\t\t | parameters: wp_trustindex_foursquare_reviews, HIGHLIGHT, varchar(11)</li>\n<li>Executing: ALTER TABLE wp_trustindex_foursquare_reviews ADD highlight text NULL   | (no parameters)</li>\n<li>Executing: ROLLBACK | (no parameters)</li>\n</ol>\n</div>\n<div style=\"clear:both;margin-bottom:2px;border:red dotted thin;\" class=\"error_message\" style=\"border-bottom:dotted blue thin;\">\nError occurred at line 4117 in Function <code>handle_error</code>. Error message was: SQLSTATE[HY000]: General error: 1 duplicate column name: highlight.\n</div>\n<p>Backtrace:</p>\n<pre>#0 /internal/shared/sqlite-database-integration/wp-includes/sqlite/class-wp-sqlite-db.php(287): WP_SQLite_Translator->get_error_message()\n#1 /wordpress/wp-content/plugins/review-widgets-for-foursquare/include/update.php(10): WP_SQLite_DB->query('ALTER TABLE `wp...')\n#2 /wordpress/wp-content/plugins/review-widgets-for-foursquare/trustindex-plugin.class.php(224): include('/wordpress/wp-c...')\n#3 /wordpress/wp-includes/class-wp-hook.php(324): TrustindexPlugin_foursquare->load('')\n#4 /wordpress/wp-includes/class-wp-hook.php(348): WP_Hook->apply_filters(NULL, Array)\n#5 /wordpress/wp-includes/plugin.php(517): WP_Hook->do_action(Array)\n#6 /wordpress/wp-settings.php(578): do_action('plugins_loaded')\n#7 /wordpress/wp-config.php(102): require_once('/wordpress/wp-s...')\n#8 /wordpress/wp-load.php(50): require_once('/wordpress/wp-c...')\n#9 /internal/eval.php(3): require_once('/wordpress/wp-l...')\n#10 {main}</pre>\n for query ALTER TABLE `wp_trustindex_foursquare_reviews` ADD highlight VARCHAR(11) NULL AFTER rating made by require_once('wp-load.php'), require_once('wp-config.php'), require_once('wp-settings.php'), do_action('plugins_loaded'), WP_Hook->do_action, WP_Hook->apply_filters, TrustindexPlugin_foursquare->load, include('/plugins/review-widgets-for-foursquare/include/update.php'), WP_SQLite_DB->query, WP_SQLite_DB->print_error","log":"/logs/plugins/r/rotor-signup-code/error.json"}
,
{"message":"SQLSTATE[HY000]: General error: 1 near \"SET\": syntax error.","level":"FATAL","type":"SQL","test":"ast-sqlite-boot","plugin":"rotor-signup-code","details":"[21-Apr-2025 19:53:47 UTC] WordPress database error <div style=\"clear:both\">&nbsp;</div>\n<div class=\"queries\" style=\"clear:both;margin-bottom:2px;border:red dotted thin;\">\n<p>MySQL query:</p>\n<p>ALTER TABLE `wp_trustindex_foursquare_reviews` ADD reply TEXT CHARACTER SET utf8mb4 COLLATE utf8mb4_general_ci NULL AFTER date</p>\n<p>Queries made or created this session were:</p>\n<ol>\n<li>Executing: BEGIN | (no parameters)</li>\n<li>Executing: INSERT INTO _mysql_data_types_cache (`table`, `column_or_index`, `mysql_type`)\n\t\t\t\tVALUES (:table, :column, :datatype)\n\t\t\t\tON CONFLICT(`table`, `column_or_index`) DO UPDATE SET `mysql_type` = :datatype\n\t\t\t | parameters: wp_trustindex_foursquare_reviews, REPLY, text</li>\n<li>Executing: ALTER TABLE wp_trustindex_foursquare_reviews ADD reply text CHARACTER SET utf8mb4 COLLATE utf8mb4_general_ci NULL   | (no parameters)</li>\n<li>Executing: ROLLBACK | (no parameters)</li>\n</ol>\n</div>\n<div style=\"clear:both;margin-bottom:2px;border:red dotted thin;\" class=\"error_message\" style=\"border-bottom:dotted blue thin;\">\nError occurred at line 4117 in Function <code>handle_error</code>. Error message was: SQLSTATE[HY000]: General error: 1 near \"SET\": syntax error.\n</div>\n<p>Backtrace:</p>\n<pre>#0 /internal/shared/sqlite-database-integration/wp-includes/sqlite/class-wp-sqlite-db.php(287): WP_SQLite_Translator->get_error_message()\n#1 /wordpress/wp-content/plugins/review-widgets-for-foursquare/include/update.php(14): WP_SQLite_DB->query('ALTER TABLE `wp...')\n#2 /wordpress/wp-content/plugins/review-widgets-for-foursquare/trustindex-plugin.class.php(224): include('/wordpress/wp-c...')\n#3 /wordpress/wp-includes/class-wp-hook.php(324): TrustindexPlugin_foursquare->load('')\n#4 /wordpress/wp-includes/class-wp-hook.php(348): WP_Hook->apply_filters(NULL, Array)\n#5 /wordpress/wp-includes/plugin.php(517): WP_Hook->do_action(Array)\n#6 /wordpress/wp-settings.php(578): do_action('plugins_loaded')\n#7 /wordpress/wp-config.php(102): require_once('/wordpress/wp-s...')\n#8 /wordpress/wp-load.php(50): require_once('/wordpress/wp-c...')\n#9 /internal/eval.php(3): require_once('/wordpress/wp-l...')\n#10 {main}</pre>\n for query ALTER TABLE `wp_trustindex_foursquare_reviews` ADD reply TEXT CHARACTER SET utf8mb4 COLLATE utf8mb4_general_ci NULL AFTER date made by require_once('wp-load.php'), require_once('wp-config.php'), require_once('wp-settings.php'), do_action('plugins_loaded'), WP_Hook->do_action, WP_Hook->apply_filters, TrustindexPlugin_foursquare->load, include('/plugins/review-widgets-for-foursquare/include/update.php'), WP_SQLite_DB->query, WP_SQLite_DB->print_error","log":"/logs/plugins/r/rotor-signup-code/error.json"}
,
{"message":"SQLSTATE[HY000]: General error: 1 duplicate column name: reviewId.","level":"FATAL","type":"SQL","test":"ast-sqlite-boot","plugin":"rotor-signup-code","details":"[21-Apr-2025 19:53:47 UTC] WordPress database error <div style=\"clear:both\">&nbsp;</div>\n<div class=\"queries\" style=\"clear:both;margin-bottom:2px;border:red dotted thin;\">\n<p>MySQL query:</p>\n<p>ALTER TABLE `wp_trustindex_foursquare_reviews` ADD reviewId TEXT NULL AFTER date</p>\n<p>Queries made or created this session were:</p>\n<ol>\n<li>Executing: BEGIN | (no parameters)</li>\n<li>Executing: INSERT INTO _mysql_data_types_cache (`table`, `column_or_index`, `mysql_type`)\n\t\t\t\tVALUES (:table, :column, :datatype)\n\t\t\t\tON CONFLICT(`table`, `column_or_index`) DO UPDATE SET `mysql_type` = :datatype\n\t\t\t | parameters: wp_trustindex_foursquare_reviews, REVIEWID, text</li>\n<li>Executing: ALTER TABLE wp_trustindex_foursquare_reviews ADD reviewId text NULL   | (no parameters)</li>\n<li>Executing: ROLLBACK | (no parameters)</li>\n</ol>\n</div>\n<div style=\"clear:both;margin-bottom:2px;border:red dotted thin;\" class=\"error_message\" style=\"border-bottom:dotted blue thin;\">\nError occurred at line 4117 in Function <code>handle_error</code>. Error message was: SQLSTATE[HY000]: General error: 1 duplicate column name: reviewId.\n</div>\n<p>Backtrace:</p>\n<pre>#0 /internal/shared/sqlite-database-integration/wp-includes/sqlite/class-wp-sqlite-db.php(287): WP_SQLite_Translator->get_error_message()\n#1 /wordpress/wp-content/plugins/review-widgets-for-foursquare/include/update.php(20): WP_SQLite_DB->query('ALTER TABLE `wp...')\n#2 /wordpress/wp-content/plugins/review-widgets-for-foursquare/trustindex-plugin.class.php(224): include('/wordpress/wp-c...')\n#3 /wordpress/wp-includes/class-wp-hook.php(324): TrustindexPlugin_foursquare->load('')\n#4 /wordpress/wp-includes/class-wp-hook.php(348): WP_Hook->apply_filters(NULL, Array)\n#5 /wordpress/wp-includes/plugin.php(517): WP_Hook->do_action(Array)\n#6 /wordpress/wp-settings.php(578): do_action('plugins_loaded')\n#7 /wordpress/wp-config.php(102): require_once('/wordpress/wp-s...')\n#8 /wordpress/wp-load.php(50): require_once('/wordpress/wp-c...')\n#9 /internal/eval.php(3): require_once('/wordpress/wp-l...')\n#10 {main}</pre>\n for query ALTER TABLE `wp_trustindex_foursquare_reviews` ADD reviewId TEXT NULL AFTER date made by require_once('wp-load.php'), require_once('wp-config.php'), require_once('wp-settings.php'), do_action('plugins_loaded'), WP_Hook->do_action, WP_Hook->apply_filters, TrustindexPlugin_foursquare->load, include('/plugins/review-widgets-for-foursquare/include/update.php'), WP_SQLite_DB->query, WP_SQLite_DB->print_error","log":"/logs/plugins/r/rotor-signup-code/error.json"}
,
{"message":"SQLSTATE[HY000]: General error: 1 duplicate column name: hidden.","level":"FATAL","type":"SQL","test":"ast-sqlite-boot","plugin":"rotor-signup-code","details":"[21-Apr-2025 19:53:47 UTC] WordPress database error <div style=\"clear:both\">&nbsp;</div>\n<div class=\"queries\" style=\"clear:both;margin-bottom:2px;border:red dotted thin;\">\n<p>MySQL query:</p>\n<p>ALTER TABLE `wp_trustindex_foursquare_reviews` ADD hidden TINYINT(1) NOT NULL DEFAULT 0 AFTER id</p>\n<p>Queries made or created this session were:</p>\n<ol>\n<li>Executing: BEGIN | (no parameters)</li>\n<li>Executing: INSERT INTO _mysql_data_types_cache (`table`, `column_or_index`, `mysql_type`)\n\t\t\t\tVALUES (:table, :column, :datatype)\n\t\t\t\tON CONFLICT(`table`, `column_or_index`) DO UPDATE SET `mysql_type` = :datatype\n\t\t\t | parameters: wp_trustindex_foursquare_reviews, HIDDEN, tinyint(1)</li>\n<li>Executing: ALTER TABLE wp_trustindex_foursquare_reviews ADD hidden integer NOT NULL DEFAULT 0   | (no parameters)</li>\n<li>Executing: ROLLBACK | (no parameters)</li>\n</ol>\n</div>\n<div style=\"clear:both;margin-bottom:2px;border:red dotted thin;\" class=\"error_message\" style=\"border-bottom:dotted blue thin;\">\nError occurred at line 4117 in Function <code>handle_error</code>. Error message was: SQLSTATE[HY000]: General error: 1 duplicate column name: hidden.\n</div>\n<p>Backtrace:</p>\n<pre>#0 /internal/shared/sqlite-database-integration/wp-includes/sqlite/class-wp-sqlite-db.php(287): WP_SQLite_Translator->get_error_message()\n#1 /wordpress/wp-content/plugins/review-widgets-for-foursquare/include/update.php(24): WP_SQLite_DB->query('ALTER TABLE `wp...')\n#2 /wordpress/wp-content/plugins/review-widgets-for-foursquare/trustindex-plugin.class.php(224): include('/wordpress/wp-c...')\n#3 /wordpress/wp-includes/class-wp-hook.php(324): TrustindexPlugin_foursquare->load('')\n#4 /wordpress/wp-includes/class-wp-hook.php(348): WP_Hook->apply_filters(NULL, Array)\n#5 /wordpress/wp-includes/plugin.php(517): WP_Hook->do_action(Array)\n#6 /wordpress/wp-settings.php(578): do_action('plugins_loaded')\n#7 /wordpress/wp-config.php(102): require_once('/wordpress/wp-s...')\n#8 /wordpress/wp-load.php(50): require_once('/wordpress/wp-c...')\n#9 /internal/eval.php(3): require_once('/wordpress/wp-l...')\n#10 {main}</pre>\n for query ALTER TABLE `wp_trustindex_foursquare_reviews` ADD hidden TINYINT(1) NOT NULL DEFAULT 0 AFTER id made by require_once('wp-load.php'), require_once('wp-config.php'), require_once('wp-settings.php'), do_action('plugins_loaded'), WP_Hook->do_action, WP_Hook->apply_filters, TrustindexPlugin_foursquare->load, include('/plugins/review-widgets-for-foursquare/include/update.php'), WP_SQLite_DB->query, WP_SQLite_DB->print_error","log":"/logs/plugins/r/rotor-signup-code/error.json"}
,
{"message":"SQLSTATE[HY000]: General error: 1 duplicate column name: highlight.","level":"FATAL","type":"SQL","test":"ast-sqlite-boot","plugin":"rotor-signup-code","details":"[21-Apr-2025 19:53:59 UTC] WordPress database error <div style=\"clear:both\">&nbsp;</div>\n<div class=\"queries\" style=\"clear:both;margin-bottom:2px;border:red dotted thin;\">\n<p>MySQL query:</p>\n<p>ALTER TABLE `wp_trustindex_foursquare_reviews` ADD highlight VARCHAR(11) NULL AFTER rating</p>\n<p>Queries made or created this session were:</p>\n<ol>\n<li>Executing: BEGIN | (no parameters)</li>\n<li>Executing: INSERT INTO _mysql_data_types_cache (`table`, `column_or_index`, `mysql_type`)\n\t\t\t\tVALUES (:table, :column, :datatype)\n\t\t\t\tON CONFLICT(`table`, `column_or_index`) DO UPDATE SET `mysql_type` = :datatype\n\t\t\t | parameters: wp_trustindex_foursquare_reviews, HIGHLIGHT, varchar(11)</li>\n<li>Executing: ALTER TABLE wp_trustindex_foursquare_reviews ADD highlight text NULL   | (no parameters)</li>\n<li>Executing: ROLLBACK | (no parameters)</li>\n</ol>\n</div>\n<div style=\"clear:both;margin-bottom:2px;border:red dotted thin;\" class=\"error_message\" style=\"border-bottom:dotted blue thin;\">\nError occurred at line 4117 in Function <code>handle_error</code>. Error message was: SQLSTATE[HY000]: General error: 1 duplicate column name: highlight.\n</div>\n<p>Backtrace:</p>\n<pre>#0 /internal/shared/sqlite-database-integration/wp-includes/sqlite/class-wp-sqlite-db.php(287): WP_SQLite_Translator->get_error_message()\n#1 /wordpress/wp-content/plugins/review-widgets-for-foursquare/include/update.php(10): WP_SQLite_DB->query('ALTER TABLE `wp...')\n#2 /wordpress/wp-content/plugins/review-widgets-for-foursquare/trustindex-plugin.class.php(224): include('/wordpress/wp-c...')\n#3 /wordpress/wp-includes/class-wp-hook.php(324): TrustindexPlugin_foursquare->load('')\n#4 /wordpress/wp-includes/class-wp-hook.php(348): WP_Hook->apply_filters(NULL, Array)\n#5 /wordpress/wp-includes/plugin.php(517): WP_Hook->do_action(Array)\n#6 /wordpress/wp-settings.php(578): do_action('plugins_loaded')\n#7 /wordpress/wp-config.php(102): require_once('/wordpress/wp-s...')\n#8 /wordpress/wp-load.php(50): require_once('/wordpress/wp-c...')\n#9 /internal/eval.php(3): require_once('/wordpress/wp-l...')\n#10 {main}</pre>\n for query ALTER TABLE `wp_trustindex_foursquare_reviews` ADD highlight VARCHAR(11) NULL AFTER rating made by require_once('wp-load.php'), require_once('wp-config.php'), require_once('wp-settings.php'), do_action('plugins_loaded'), WP_Hook->do_action, WP_Hook->apply_filters, TrustindexPlugin_foursquare->load, include('/plugins/review-widgets-for-foursquare/include/update.php'), WP_SQLite_DB->query, WP_SQLite_DB->print_error","log":"/logs/plugins/r/rotor-signup-code/error.json"}
,
{"message":"SQLSTATE[HY000]: General error: 1 near \"SET\": syntax error.","level":"FATAL","type":"SQL","test":"ast-sqlite-boot","plugin":"rotor-signup-code","details":"[21-Apr-2025 19:53:59 UTC] WordPress database error <div style=\"clear:both\">&nbsp;</div>\n<div class=\"queries\" style=\"clear:both;margin-bottom:2px;border:red dotted thin;\">\n<p>MySQL query:</p>\n<p>ALTER TABLE `wp_trustindex_foursquare_reviews` ADD reply TEXT CHARACTER SET utf8mb4 COLLATE utf8mb4_general_ci NULL AFTER date</p>\n<p>Queries made or created this session were:</p>\n<ol>\n<li>Executing: BEGIN | (no parameters)</li>\n<li>Executing: INSERT INTO _mysql_data_types_cache (`table`, `column_or_index`, `mysql_type`)\n\t\t\t\tVALUES (:table, :column, :datatype)\n\t\t\t\tON CONFLICT(`table`, `column_or_index`) DO UPDATE SET `mysql_type` = :datatype\n\t\t\t | parameters: wp_trustindex_foursquare_reviews, REPLY, text</li>\n<li>Executing: ALTER TABLE wp_trustindex_foursquare_reviews ADD reply text CHARACTER SET utf8mb4 COLLATE utf8mb4_general_ci NULL   | (no parameters)</li>\n<li>Executing: ROLLBACK | (no parameters)</li>\n</ol>\n</div>\n<div style=\"clear:both;margin-bottom:2px;border:red dotted thin;\" class=\"error_message\" style=\"border-bottom:dotted blue thin;\">\nError occurred at line 4117 in Function <code>handle_error</code>. Error message was: SQLSTATE[HY000]: General error: 1 near \"SET\": syntax error.\n</div>\n<p>Backtrace:</p>\n<pre>#0 /internal/shared/sqlite-database-integration/wp-includes/sqlite/class-wp-sqlite-db.php(287): WP_SQLite_Translator->get_error_message()\n#1 /wordpress/wp-content/plugins/review-widgets-for-foursquare/include/update.php(14): WP_SQLite_DB->query('ALTER TABLE `wp...')\n#2 /wordpress/wp-content/plugins/review-widgets-for-foursquare/trustindex-plugin.class.php(224): include('/wordpress/wp-c...')\n#3 /wordpress/wp-includes/class-wp-hook.php(324): TrustindexPlugin_foursquare->load('')\n#4 /wordpress/wp-includes/class-wp-hook.php(348): WP_Hook->apply_filters(NULL, Array)\n#5 /wordpress/wp-includes/plugin.php(517): WP_Hook->do_action(Array)\n#6 /wordpress/wp-settings.php(578): do_action('plugins_loaded')\n#7 /wordpress/wp-config.php(102): require_once('/wordpress/wp-s...')\n#8 /wordpress/wp-load.php(50): require_once('/wordpress/wp-c...')\n#9 /internal/eval.php(3): require_once('/wordpress/wp-l...')\n#10 {main}</pre>\n for query ALTER TABLE `wp_trustindex_foursquare_reviews` ADD reply TEXT CHARACTER SET utf8mb4 COLLATE utf8mb4_general_ci NULL AFTER date made by require_once('wp-load.php'), require_once('wp-config.php'), require_once('wp-settings.php'), do_action('plugins_loaded'), WP_Hook->do_action, WP_Hook->apply_filters, TrustindexPlugin_foursquare->load, include('/plugins/review-widgets-for-foursquare/include/update.php'), WP_SQLite_DB->query, WP_SQLite_DB->print_error","log":"/logs/plugins/r/rotor-signup-code/error.json"}
,
{"message":"SQLSTATE[HY000]: General error: 1 duplicate column name: reviewId.","level":"FATAL","type":"SQL","test":"ast-sqlite-boot","plugin":"rotor-signup-code","details":"[21-Apr-2025 19:53:59 UTC] WordPress database error <div style=\"clear:both\">&nbsp;</div>\n<div class=\"queries\" style=\"clear:both;margin-bottom:2px;border:red dotted thin;\">\n<p>MySQL query:</p>\n<p>ALTER TABLE `wp_trustindex_foursquare_reviews` ADD reviewId TEXT NULL AFTER date</p>\n<p>Queries made or created this session were:</p>\n<ol>\n<li>Executing: BEGIN | (no parameters)</li>\n<li>Executing: INSERT INTO _mysql_data_types_cache (`table`, `column_or_index`, `mysql_type`)\n\t\t\t\tVALUES (:table, :column, :datatype)\n\t\t\t\tON CONFLICT(`table`, `column_or_index`) DO UPDATE SET `mysql_type` = :datatype\n\t\t\t | parameters: wp_trustindex_foursquare_reviews, REVIEWID, text</li>\n<li>Executing: ALTER TABLE wp_trustindex_foursquare_reviews ADD reviewId text NULL   | (no parameters)</li>\n<li>Executing: ROLLBACK | (no parameters)</li>\n</ol>\n</div>\n<div style=\"clear:both;margin-bottom:2px;border:red dotted thin;\" class=\"error_message\" style=\"border-bottom:dotted blue thin;\">\nError occurred at line 4117 in Function <code>handle_error</code>. Error message was: SQLSTATE[HY000]: General error: 1 duplicate column name: reviewId.\n</div>\n<p>Backtrace:</p>\n<pre>#0 /internal/shared/sqlite-database-integration/wp-includes/sqlite/class-wp-sqlite-db.php(287): WP_SQLite_Translator->get_error_message()\n#1 /wordpress/wp-content/plugins/review-widgets-for-foursquare/include/update.php(20): WP_SQLite_DB->query('ALTER TABLE `wp...')\n#2 /wordpress/wp-content/plugins/review-widgets-for-foursquare/trustindex-plugin.class.php(224): include('/wordpress/wp-c...')\n#3 /wordpress/wp-includes/class-wp-hook.php(324): TrustindexPlugin_foursquare->load('')\n#4 /wordpress/wp-includes/class-wp-hook.php(348): WP_Hook->apply_filters(NULL, Array)\n#5 /wordpress/wp-includes/plugin.php(517): WP_Hook->do_action(Array)\n#6 /wordpress/wp-settings.php(578): do_action('plugins_loaded')\n#7 /wordpress/wp-config.php(102): require_once('/wordpress/wp-s...')\n#8 /wordpress/wp-load.php(50): require_once('/wordpress/wp-c...')\n#9 /internal/eval.php(3): require_once('/wordpress/wp-l...')\n#10 {main}</pre>\n for query ALTER TABLE `wp_trustindex_foursquare_reviews` ADD reviewId TEXT NULL AFTER date made by require_once('wp-load.php'), require_once('wp-config.php'), require_once('wp-settings.php'), do_action('plugins_loaded'), WP_Hook->do_action, WP_Hook->apply_filters, TrustindexPlugin_foursquare->load, include('/plugins/review-widgets-for-foursquare/include/update.php'), WP_SQLite_DB->query, WP_SQLite_DB->print_error","log":"/logs/plugins/r/rotor-signup-code/error.json"}
,
{"message":"SQLSTATE[HY000]: General error: 1 duplicate column name: hidden.","level":"FATAL","type":"SQL","test":"ast-sqlite-boot","plugin":"rotor-signup-code","details":"[21-Apr-2025 19:53:59 UTC] WordPress database error <div style=\"clear:both\">&nbsp;</div>\n<div class=\"queries\" style=\"clear:both;margin-bottom:2px;border:red dotted thin;\">\n<p>MySQL query:</p>\n<p>ALTER TABLE `wp_trustindex_foursquare_reviews` ADD hidden TINYINT(1) NOT NULL DEFAULT 0 AFTER id</p>\n<p>Queries made or created this session were:</p>\n<ol>\n<li>Executing: BEGIN | (no parameters)</li>\n<li>Executing: INSERT INTO _mysql_data_types_cache (`table`, `column_or_index`, `mysql_type`)\n\t\t\t\tVALUES (:table, :column, :datatype)\n\t\t\t\tON CONFLICT(`table`, `column_or_index`) DO UPDATE SET `mysql_type` = :datatype\n\t\t\t | parameters: wp_trustindex_foursquare_reviews, HIDDEN, tinyint(1)</li>\n<li>Executing: ALTER TABLE wp_trustindex_foursquare_reviews ADD hidden integer NOT NULL DEFAULT 0   | (no parameters)</li>\n<li>Executing: ROLLBACK | (no parameters)</li>\n</ol>\n</div>\n<div style=\"clear:both;margin-bottom:2px;border:red dotted thin;\" class=\"error_message\" style=\"border-bottom:dotted blue thin;\">\nError occurred at line 4117 in Function <code>handle_error</code>. Error message was: SQLSTATE[HY000]: General error: 1 duplicate column name: hidden.\n</div>\n<p>Backtrace:</p>\n<pre>#0 /internal/shared/sqlite-database-integration/wp-includes/sqlite/class-wp-sqlite-db.php(287): WP_SQLite_Translator->get_error_message()\n#1 /wordpress/wp-content/plugins/review-widgets-for-foursquare/include/update.php(24): WP_SQLite_DB->query('ALTER TABLE `wp...')\n#2 /wordpress/wp-content/plugins/review-widgets-for-foursquare/trustindex-plugin.class.php(224): include('/wordpress/wp-c...')\n#3 /wordpress/wp-includes/class-wp-hook.php(324): TrustindexPlugin_foursquare->load('')\n#4 /wordpress/wp-includes/class-wp-hook.php(348): WP_Hook->apply_filters(NULL, Array)\n#5 /wordpress/wp-includes/plugin.php(517): WP_Hook->do_action(Array)\n#6 /wordpress/wp-settings.php(578): do_action('plugins_loaded')\n#7 /wordpress/wp-config.php(102): require_once('/wordpress/wp-s...')\n#8 /wordpress/wp-load.php(50): require_once('/wordpress/wp-c...')\n#9 /internal/eval.php(3): require_once('/wordpress/wp-l...')\n#10 {main}</pre>\n for query ALTER TABLE `wp_trustindex_foursquare_reviews` ADD hidden TINYINT(1) NOT NULL DEFAULT 0 AFTER id made by require_once('wp-load.php'), require_once('wp-config.php'), require_once('wp-settings.php'), do_action('plugins_loaded'), WP_Hook->do_action, WP_Hook->apply_filters, TrustindexPlugin_foursquare->load, include('/plugins/review-widgets-for-foursquare/include/update.php'), WP_SQLite_DB->query, WP_SQLite_DB->print_error","log":"/logs/plugins/r/rotor-signup-code/error.json"}
,
{"message":"Uncaught PDOException: SQLSTATE[HY000] [2002] Address family not supported by protocol in /wordpress/wp-content/plugins/rise-hotel-booking/rise-hotel-booking.php:167","level":"FATAL","type":"PHP","test":"ast-sqlite-boot","plugin":"rotor-signup-code","details":"[21-Apr-2025 19:54:10 UTC] PHP Fatal error:  Uncaught PDOException: SQLSTATE[HY000] [2002] Address family not supported by protocol in /wordpress/wp-content/plugins/rise-hotel-booking/rise-hotel-booking.php:167\nStack trace:\n#0 /wordpress/wp-content/plugins/rise-hotel-booking/rise-hotel-booking.php(167): PDO->__construct('mysql:host=loca...', 'username_here', 'password_here')\n#1 /wordpress/wp-includes/class-wp-hook.php(324): RISE->createTables(false)\n#2 /wordpress/wp-includes/class-wp-hook.php(348): WP_Hook->apply_filters('', Array)\n#3 /wordpress/wp-includes/plugin.php(517): WP_Hook->do_action(Array)\n#4 /wordpress/wp-admin/includes/plugin.php(703): do_action('activate_rise-h...', false)\n#5 /internal/eval.php(20): activate_plugin('rise-hotel-book...')\n#6 {main}\n  thrown in /wordpress/wp-content/plugins/rise-hotel-booking/rise-hotel-booking.php on line 167","log":"/logs/plugins/r/rotor-signup-code/error.json"}
,
{"message":"Uncaught PDOException: SQLSTATE[HY000] [2002] Address family not supported by protocol in /wordpress/wp-content/plugins/rise-hotel-booking/rise-hotel-booking.php:167","level":"FATAL","type":"PHP","test":"ast-sqlite-boot","plugin":"rotor-signup-code","details":"[21-Apr-2025 19:54:20 UTC] PHP Fatal error:  Uncaught PDOException: SQLSTATE[HY000] [2002] Address family not supported by protocol in /wordpress/wp-content/plugins/rise-hotel-booking/rise-hotel-booking.php:167\nStack trace:\n#0 /wordpress/wp-content/plugins/rise-hotel-booking/rise-hotel-booking.php(167): PDO->__construct('mysql:host=loca...', 'username_here', 'password_here')\n#1 /wordpress/wp-includes/class-wp-hook.php(324): RISE->createTables(false)\n#2 /wordpress/wp-includes/class-wp-hook.php(348): WP_Hook->apply_filters('', Array)\n#3 /wordpress/wp-includes/plugin.php(517): WP_Hook->do_action(Array)\n#4 /wordpress/wp-admin/includes/plugin.php(703): do_action('activate_rise-h...', false)\n#5 /internal/eval.php(20): activate_plugin('rise-hotel-book...')\n#6 {main}\n  thrown in /wordpress/wp-content/plugins/rise-hotel-booking/rise-hotel-booking.php on line 167","log":"/logs/plugins/r/rotor-signup-code/error.json"}
,
{"message":"Uncaught PDOException: SQLSTATE[HY000] [2002] Address family not supported by protocol in /wordpress/wp-content/plugins/rise-hotel-booking/rise-hotel-booking.php:167","level":"FATAL","type":"PHP","test":"ast-sqlite-boot","plugin":"rotor-signup-code","details":"[21-Apr-2025 19:54:30 UTC] PHP Fatal error:  Uncaught PDOException: SQLSTATE[HY000] [2002] Address family not supported by protocol in /wordpress/wp-content/plugins/rise-hotel-booking/rise-hotel-booking.php:167\nStack trace:\n#0 /wordpress/wp-content/plugins/rise-hotel-booking/rise-hotel-booking.php(167): PDO->__construct('mysql:host=loca...', 'username_here', 'password_here')\n#1 /wordpress/wp-includes/class-wp-hook.php(324): RISE->createTables(false)\n#2 /wordpress/wp-includes/class-wp-hook.php(348): WP_Hook->apply_filters('', Array)\n#3 /wordpress/wp-includes/plugin.php(517): WP_Hook->do_action(Array)\n#4 /wordpress/wp-admin/includes/plugin.php(703): do_action('activate_rise-h...', false)\n#5 /internal/eval.php(20): activate_plugin('rise-hotel-book...')\n#6 {main}\n  thrown in /wordpress/wp-content/plugins/rise-hotel-booking/rise-hotel-booking.php on line 167\n\n    at Object.onBind (file:///home/runner/work/playground-tester/playground-tester/node_modules/@wp-playground/cli/index.js:237:15)\n    at process.processTicksAndRejections (node:internal/process/task_queues:105:5)\n    at async V (file:///home/runner/work/playground-tester/playground-tester/node_modules/@wp-playground/cli/index.js:64:10)\n    at async ja (file:///home/runner/work/playground-tester/playground-tester/node_modules/@wp-playground/cli/cli.js:8161:12) {\n  [cause]: Error: Error when executing the blueprint step #5 ({\"step\":\"installPlugin\",\"pluginData\":{\"resource\":\"wordpress.org/plugins\",\"slug\":\"rotor-signup-code\"},\"options\":{\"activate\":true}}) : Could not download \"https://downloads.wordpress.org/plugin/rotor-signup-code.latest-stable.zip\".\n  \t\t\t\tCheck if the URL is correct and the server is reachable.\n  \t\t\t\tIf it is reachable, the server might be blocking the request.\n  \t\t\t\tCheck the browser console and network tabs for more information.\n  \n  \t\t\t\t## Does the console show the error \"No 'Access-Control-Allow-Origin' header\"?\n  \n  \t\t\t\tThis means the server that hosts your file does not allow requests from other sites\n  \t\t\t\t(cross-origin requests, or CORS).\tYou need to move the asset to a server that allows\n  \t\t\t\tcross-origin file downloads. Learn more about CORS at\n  \t\t\t\thttps://developer.mozilla.org/en-US/docs/Web/HTTP/CORS.\n  \n  \t\t\t\tIf your file is on GitHub, load it from \"raw.githubusercontent.com\".\n  \t\t\t\tHere's how to do that:\n  \n  \t\t\t\t1. Start with the original GitHub URL of the file. For example:\n  \t\t\t\thttps://github.com/username/repository/blob/branch/filename.\n  \t\t\t\t2. Replace \"github.com\" with \"raw.githubusercontent.com\".\n  \t\t\t\t3. Remove the \"/blob/\" part of the URL.\n  \n  \t\t\t\tThe resulting URL should look like this:\n  \t\t\t\thttps://raw.githubusercontent.com/username/repository/branch/filename\n  \n  \t\t\t\tError:\n  \t\t\t\tError: Could not download \"https://downloads.wordpress.org/plugin/rotor-signup-code.latest-stable.zip\"\n      at Object.run (file:///home/runner/work/playground-tester/playground-tester/node_modules/@wp-playground/blueprints/index.js:12449:19)\n      at process.processTicksAndRejections (node:internal/process/task_queues:105:5)\n      at async ms (file:///home/runner/work/playground-tester/playground-tester/node_modules/@wp-playground/blueprints/index.js:12552:3)\n      at async Object.onBind (file:///home/runner/work/playground-tester/playground-tester/node_modules/@wp-playground/cli/index.js:227:48)\n      at async V (file:///home/runner/work/playground-tester/playground-tester/node_modules/@wp-playground/cli/index.js:64:10)\n      at async ja (file:///home/runner/work/playground-tester/playground-tester/node_modules/@wp-playground/cli/cli.js:8161:12) {\n    [cause]: Error: Could not download \"https://downloads.wordpress.org/plugin/rotor-signup-code.latest-stable.zip\".\n    \t\t\t\tCheck if the URL is correct and the server is reachable.\n    \t\t\t\tIf it is reachable, the server might be blocking the request.\n    \t\t\t\tCheck the browser console and network tabs for more information.\n    \n    \t\t\t\t## Does the console show the error \"No 'Access-Control-Allow-Origin' header\"?\n    \n    \t\t\t\tThis means the server that hosts your file does not allow requests from other sites\n    \t\t\t\t(cross-origin requests, or CORS).\tYou need to move the asset to a server that allows\n    \t\t\t\tcross-origin file downloads. Learn more about CORS at\n    \t\t\t\thttps://developer.mozilla.org/en-US/docs/Web/HTTP/CORS.\n    \n    \t\t\t\tIf your file is on GitHub, load it from \"raw.githubusercontent.com\".\n    \t\t\t\tHere's how to do that:\n    \n    \t\t\t\t1. Start with the original GitHub URL of the file. For example:\n    \t\t\t\thttps://github.com/username/repository/blob/branch/filename.\n    \t\t\t\t2. Replace \"github.com\" with \"raw.githubusercontent.com\".\n    \t\t\t\t3. Remove the \"/blob/\" part of the URL.\n    \n    \t\t\t\tThe resulting URL should look like this:\n    \t\t\t\thttps://raw.githubusercontent.com/username/repository/branch/filename\n    \n    \t\t\t\tError:\n    \t\t\t\tError: Could not download \"https://downloads.wordpress.org/plugin/rotor-signup-code.latest-stable.zip\"\n        at Ct.resolve (file:///home/runner/work/playground-tester/playground-tester/node_modules/@wp-playground/blueprints/index.js:1472:13)\n        at process.processTicksAndRejections (node:internal/process/task_queues:105:5)\n        at async _.run (file:///home/runner/work/playground-tester/playground-tester/node_modules/@php-wasm/util/index.js:45:14)\n  }\n}\n\n","log":"/logs/plugins/r/rotor-signup-code/error.json"}
]
