file:///home/runner/work/playground-tester/playground-tester/node_modules/@wp-playground/cli/index.js:237
        throw new Error(y, { cause: u });
              ^

Error: [01-May-2025 11:46:37 UTC] PHP Notice:  Function wp_enqueue_script was called <strong>incorrectly</strong>. Scripts and styles should not be registered or enqueued until the <code>wp_enqueue_scripts</code>, <code>admin_enqueue_scripts</code>, or <code>login_enqueue_scripts</code> hooks. This notice was triggered by the <code>thickbox</code> handle. Please see <a href="https://developer.wordpress.org/advanced-administration/debug/debug-wordpress/">Debugging in WordPress</a> for more information. (This message was added in version 3.3.0.) in /wordpress/wp-includes/functions.php on line 6121
[01-May-2025 11:46:37 UTC] PHP Notice:  Function wp_enqueue_style was called <strong>incorrectly</strong>. Scripts and styles should not be registered or enqueued until the <code>wp_enqueue_scripts</code>, <code>admin_enqueue_scripts</code>, or <code>login_enqueue_scripts</code> hooks. This notice was triggered by the <code>thickbox</code> handle. Please see <a href="https://developer.wordpress.org/advanced-administration/debug/debug-wordpress/">Debugging in WordPress</a> for more information. (This message was added in version 3.3.0.) in /wordpress/wp-includes/functions.php on line 6121
[01-May-2025 11:46:37 UTC] PHP Notice:  Function is_feed was called <strong>incorrectly</strong>. Conditional query tags do not work before the query is run. Before then, they always return false. Please see <a href="https://developer.wordpress.org/advanced-administration/debug/debug-wordpress/">Debugging in WordPress</a> for more information. (This message was added in version 3.1.0.) in /wordpress/wp-includes/functions.php on line 6121
[01-May-2025 11:46:46 UTC] PHP Notice:  Function wp_enqueue_script was called <strong>incorrectly</strong>. Scripts and styles should not be registered or enqueued until the <code>wp_enqueue_scripts</code>, <code>admin_enqueue_scripts</code>, or <code>login_enqueue_scripts</code> hooks. This notice was triggered by the <code>thickbox</code> handle. Please see <a href="https://developer.wordpress.org/advanced-administration/debug/debug-wordpress/">Debugging in WordPress</a> for more information. (This message was added in version 3.3.0.) in /wordpress/wp-includes/functions.php on line 6121
[01-May-2025 11:46:46 UTC] PHP Notice:  Function wp_enqueue_style was called <strong>incorrectly</strong>. Scripts and styles should not be registered or enqueued until the <code>wp_enqueue_scripts</code>, <code>admin_enqueue_scripts</code>, or <code>login_enqueue_scripts</code> hooks. This notice was triggered by the <code>thickbox</code> handle. Please see <a href="https://developer.wordpress.org/advanced-administration/debug/debug-wordpress/">Debugging in WordPress</a> for more information. (This message was added in version 3.3.0.) in /wordpress/wp-includes/functions.php on line 6121
[01-May-2025 11:46:46 UTC] PHP Notice:  Function is_feed was called <strong>incorrectly</strong>. Conditional query tags do not work before the query is run. Before then, they always return false. Please see <a href="https://developer.wordpress.org/advanced-administration/debug/debug-wordpress/">Debugging in WordPress</a> for more information. (This message was added in version 3.1.0.) in /wordpress/wp-includes/functions.php on line 6121
[01-May-2025 11:46:55 UTC] PHP Notice:  Function wp_enqueue_script was called <strong>incorrectly</strong>. Scripts and styles should not be registered or enqueued until the <code>wp_enqueue_scripts</code>, <code>admin_enqueue_scripts</code>, or <code>login_enqueue_scripts</code> hooks. This notice was triggered by the <code>thickbox</code> handle. Please see <a href="https://developer.wordpress.org/advanced-administration/debug/debug-wordpress/">Debugging in WordPress</a> for more information. (This message was added in version 3.3.0.) in /wordpress/wp-includes/functions.php on line 6121
[01-May-2025 11:46:55 UTC] PHP Notice:  Function wp_enqueue_style was called <strong>incorrectly</strong>. Scripts and styles should not be registered or enqueued until the <code>wp_enqueue_scripts</code>, <code>admin_enqueue_scripts</code>, or <code>login_enqueue_scripts</code> hooks. This notice was triggered by the <code>thickbox</code> handle. Please see <a href="https://developer.wordpress.org/advanced-administration/debug/debug-wordpress/">Debugging in WordPress</a> for more information. (This message was added in version 3.3.0.) in /wordpress/wp-includes/functions.php on line 6121
[01-May-2025 11:46:55 UTC] PHP Notice:  Function is_feed was called <strong>incorrectly</strong>. Conditional query tags do not work before the query is run. Before then, they always return false. Please see <a href="https://developer.wordpress.org/advanced-administration/debug/debug-wordpress/">Debugging in WordPress</a> for more information. (This message was added in version 3.1.0.) in /wordpress/wp-includes/functions.php on line 6121
[01-May-2025 11:47:07 UTC] WordPress database error <div style="clear:both">&nbsp;</div>
<div class="queries" style="clear:both;margin-bottom:2px;border:red dotted thin;">
<p>MySQL query:</p>
<p>
				SELECT
				ID
				FROM wp_posts
				WHERE ( ( post_date > 0 && post_date <= '2025-05-01 11:47:07' ) )
				AND post_status = 'future'
				AND post_type = 'captivate_podcast'
				LIMIT 0, 5
			</p>
<p>Queries made or created this session were:</p>
<ol>
<li>Executing: BEGIN | (no parameters)</li>
<li>Executing: SELECT `ID` FROM `wp_posts` WHERE ( ( `post_date` &gt; 0 &amp;&amp; `post_date` &lt;= '2025-05-01 11:47:07' ) ) AND `post_status` = 'future' AND `post_type` = 'captivate_podcast' LIMIT 0 , 5 | (no parameters)</li>
<li>Executing: ROLLBACK | (no parameters)</li>
</ol>
</div>
<div style="clear:both;margin-bottom:2px;border:red dotted thin;" class="error_message" style="border-bottom:dotted blue thin;">
SQLSTATE[HY000]: General error: 1 near "&": syntax error
</div>
<p>Backtrace:</p>
<pre>#0 /internal/shared/sqlite-database-integration/wp-includes/sqlite-ast/class-wp-sqlite-driver.php(690): WP_SQLite_Driver->new_driver_exception('SQLSTATE[HY000]...', 0, Object(PDOException))
#1 /internal/shared/sqlite-database-integration/wp-includes/sqlite/class-wp-sqlite-db.php(472): WP_SQLite_Driver->query('\n\t\t\t\tSELECT\n\t\t\t...')
#2 /internal/shared/sqlite-database-integration/wp-includes/sqlite/class-wp-sqlite-db.php(413): WP_SQLite_DB->_do_query('\n\t\t\t\tSELECT\n\t\t\t...')
#3 /wordpress/wp-includes/class-wpdb.php(3107): WP_SQLite_DB->query('\n\t\t\t\tSELECT\n\t\t\t...')
#4 /wordpress/wp-content/plugins/captivatesync-trade/captivate-sync.php(453): wpdb->get_col('\n\t\t\t\tSELECT\n\t\t\t...')
#5 /wordpress/wp-includes/class-wp-hook.php(324): CFM_Hosting::publish_missed_scheduled('')
#6 /wordpress/wp-includes/class-wp-hook.php(348): WP_Hook->apply_filters(NULL, Array)
#7 /wordpress/wp-includes/plugin.php(517): WP_Hook->do_action(Array)
#8 /wordpress/wp-settings.php(727): do_action('init')
#9 /wordpress/wp-config.php(102): require_once('/wordpress/wp-s...')
#10 /wordpress/wp-load.php(50): require_once('/wordpress/wp-c...')
#11 /internal/eval.php(3): require_once('/wordpress/wp-l...')
#12 {main}</pre>
 for query 
				SELECT
				ID
				FROM wp_posts
				WHERE ( ( post_date > 0 && post_date <= '2025-05-01 11:47:07' ) )
				AND post_status = 'future'
				AND post_type = 'captivate_podcast'
				LIMIT 0, 5
			 made by require_once('wp-load.php'), require_once('wp-config.php'), require_once('wp-settings.php'), do_action('init'), WP_Hook->do_action, WP_Hook->apply_filters, CFM_Hosting::publish_missed_scheduled, WP_SQLite_DB->query, WP_SQLite_DB->print_error
[01-May-2025 11:47:17 UTC] WordPress database error <div style="clear:both">&nbsp;</div>
<div class="queries" style="clear:both;margin-bottom:2px;border:red dotted thin;">
<p>MySQL query:</p>
<p>ALTER TABLE wp_cfm_shows CONVERT TO CHARACTER SET utf8mb4 COLLATE utf8mb4_unicode_520_ci</p>
<p>Queries made or created this session were:</p>
<ol>
<li>Executing: BEGIN | (no parameters)</li>
<li>Executing: ROLLBACK | (no parameters)</li>
</ol>
</div>
<div style="clear:both;margin-bottom:2px;border:red dotted thin;" class="error_message" style="border-bottom:dotted blue thin;">
Error occurred at line 4117 in Function <code>handle_error</code>. Error message was: Unknown operation: CONVERT.
</div>
<p>Backtrace:</p>
<pre>#0 /internal/shared/sqlite-database-integration/wp-includes/sqlite/class-wp-sqlite-db.php(287): WP_SQLite_Translator->get_error_message()
#1 /wordpress/wp-content/plugins/captivatesync-trade/captivate-sync.php(171): WP_SQLite_DB->query('ALTER TABLE wp_...')
#2 /wordpress/wp-includes/class-wp-hook.php(324): CFM_Hosting::_install(false)
#3 /wordpress/wp-includes/class-wp-hook.php(348): WP_Hook->apply_filters('', Array)
#4 /wordpress/wp-includes/plugin.php(517): WP_Hook->do_action(Array)
#5 /wordpress/wp-admin/includes/plugin.php(703): do_action('activate_captiv...', false)
#6 /internal/eval.php(20): activate_plugin('captivatesync-t...')
#7 {main}</pre>
 for query ALTER TABLE wp_cfm_shows CONVERT TO CHARACTER SET utf8mb4 COLLATE utf8mb4_unicode_520_ci made by activate_plugin, do_action('activate_captivatesync-trade/captivate-sync.php'), WP_Hook->do_action, WP_Hook->apply_filters, CFM_Hosting::_install, WP_SQLite_DB->query, WP_SQLite_DB->print_error
[01-May-2025 11:47:18 UTC] WordPress database error <div style="clear:both">&nbsp;</div>
<div class="queries" style="clear:both;margin-bottom:2px;border:red dotted thin;">
<p>MySQL query:</p>
<p>
				SELECT
				ID
				FROM wp_posts
				WHERE ( ( post_date > 0 && post_date <= '2025-05-01 11:47:18' ) )
				AND post_status = 'future'
				AND post_type = 'captivate_podcast'
				LIMIT 0, 5
			</p>
<p>Queries made or created this session were:</p>
<ol>
<li>Executing: BEGIN | (no parameters)</li>
<li>Executing: 
				SELECT
				ID
				FROM wp_posts
				WHERE ( ( post_date &gt; 0 &amp;&amp; post_date &lt;= :param0  ) )
				AND post_status = :param1 
				AND post_type = :param2 
				LIMIT 0, 5
			 | parameters: 2025-05-01 11:47:18, future, captivate_podcast</li>
<li>Executing: ROLLBACK | (no parameters)</li>
</ol>
</div>
<div style="clear:both;margin-bottom:2px;border:red dotted thin;" class="error_message" style="border-bottom:dotted blue thin;">
Error occurred at line 4117 in Function <code>handle_error</code>. Error message was: SQLSTATE[HY000]: General error: 1 near "&": syntax error.
</div>
<p>Backtrace:</p>
<pre>#0 /internal/shared/sqlite-database-integration/wp-includes/sqlite/class-wp-sqlite-db.php(287): WP_SQLite_Translator->get_error_message()
#1 /wordpress/wp-includes/class-wpdb.php(3107): WP_SQLite_DB->query('\n\t\t\t\tSELECT\n\t\t\t...')
#2 /wordpress/wp-content/plugins/captivatesync-trade/captivate-sync.php(453): wpdb->get_col('\n\t\t\t\tSELECT\n\t\t\t...')
#3 /wordpress/wp-includes/class-wp-hook.php(324): CFM_Hosting::publish_missed_scheduled('')
#4 /wordpress/wp-includes/class-wp-hook.php(348): WP_Hook->apply_filters(NULL, Array)
#5 /wordpress/wp-includes/plugin.php(517): WP_Hook->do_action(Array)
#6 /wordpress/wp-settings.php(727): do_action('init')
#7 /wordpress/wp-config.php(102): require_once('/wordpress/wp-s...')
#8 /wordpress/wp-load.php(50): require_once('/wordpress/wp-c...')
#9 /internal/eval.php(3): require_once('/wordpress/wp-l...')
#10 {main}</pre>
 for query 
				SELECT
				ID
				FROM wp_posts
				WHERE ( ( post_date > 0 && post_date <= '2025-05-01 11:47:18' ) )
				AND post_status = 'future'
				AND post_type = 'captivate_podcast'
				LIMIT 0, 5
			 made by require_once('wp-load.php'), require_once('wp-config.php'), require_once('wp-settings.php'), do_action('init'), WP_Hook->do_action, WP_Hook->apply_filters, CFM_Hosting::publish_missed_scheduled, WP_SQLite_DB->query, WP_SQLite_DB->print_error
[01-May-2025 11:47:28 UTC] WordPress database error <div style="clear:both">&nbsp;</div>
<div class="queries" style="clear:both;margin-bottom:2px;border:red dotted thin;">
<p>MySQL query:</p>
<p>ALTER TABLE wp_cfm_shows CONVERT TO CHARACTER SET utf8mb4 COLLATE utf8mb4_unicode_520_ci</p>
<p>Queries made or created this session were:</p>
<ol>
<li>Executing: BEGIN | (no parameters)</li>
<li>Executing: ROLLBACK | (no parameters)</li>
</ol>
</div>
<div style="clear:both;margin-bottom:2px;border:red dotted thin;" class="error_message" style="border-bottom:dotted blue thin;">
Error occurred at line 4117 in Function <code>handle_error</code>. Error message was: Unknown operation: CONVERT.
</div>
<p>Backtrace:</p>
<pre>#0 /internal/shared/sqlite-database-integration/wp-includes/sqlite/class-wp-sqlite-db.php(287): WP_SQLite_Translator->get_error_message()
#1 /wordpress/wp-content/plugins/captivatesync-trade/captivate-sync.php(171): WP_SQLite_DB->query('ALTER TABLE wp_...')
#2 /wordpress/wp-includes/class-wp-hook.php(324): CFM_Hosting::_install(false)
#3 /wordpress/wp-includes/class-wp-hook.php(348): WP_Hook->apply_filters('', Array)
#4 /wordpress/wp-includes/plugin.php(517): WP_Hook->do_action(Array)
#5 /wordpress/wp-admin/includes/plugin.php(703): do_action('activate_captiv...', false)
#6 /internal/eval.php(20): activate_plugin('captivatesync-t...')
#7 {main}</pre>
 for query ALTER TABLE wp_cfm_shows CONVERT TO CHARACTER SET utf8mb4 COLLATE utf8mb4_unicode_520_ci made by activate_plugin, do_action('activate_captivatesync-trade/captivate-sync.php'), WP_Hook->do_action, WP_Hook->apply_filters, CFM_Hosting::_install, WP_SQLite_DB->query, WP_SQLite_DB->print_error
[01-May-2025 11:47:30 UTC] WordPress database error <div style="clear:both">&nbsp;</div>
<div class="queries" style="clear:both;margin-bottom:2px;border:red dotted thin;">
<p>MySQL query:</p>
<p>
				SELECT
				ID
				FROM wp_posts
				WHERE ( ( post_date > 0 && post_date <= '2025-05-01 11:47:30' ) )
				AND post_status = 'future'
				AND post_type = 'captivate_podcast'
				LIMIT 0, 5
			</p>
<p>Queries made or created this session were:</p>
<ol>
<li>Executing: BEGIN | (no parameters)</li>
<li>Executing: 
				SELECT
				ID
				FROM wp_posts
				WHERE ( ( post_date &gt; 0 &amp;&amp; post_date &lt;= :param0  ) )
				AND post_status = :param1 
				AND post_type = :param2 
				LIMIT 0, 5
			 | parameters: 2025-05-01 11:47:30, future, captivate_podcast</li>
<li>Executing: ROLLBACK | (no parameters)</li>
</ol>
</div>
<div style="clear:both;margin-bottom:2px;border:red dotted thin;" class="error_message" style="border-bottom:dotted blue thin;">
Error occurred at line 4117 in Function <code>handle_error</code>. Error message was: SQLSTATE[HY000]: General error: 1 near "&": syntax error.
</div>
<p>Backtrace:</p>
<pre>#0 /internal/shared/sqlite-database-integration/wp-includes/sqlite/class-wp-sqlite-db.php(287): WP_SQLite_Translator->get_error_message()
#1 /wordpress/wp-includes/class-wpdb.php(3107): WP_SQLite_DB->query('\n\t\t\t\tSELECT\n\t\t\t...')
#2 /wordpress/wp-content/plugins/captivatesync-trade/captivate-sync.php(453): wpdb->get_col('\n\t\t\t\tSELECT\n\t\t\t...')
#3 /wordpress/wp-includes/class-wp-hook.php(324): CFM_Hosting::publish_missed_scheduled('')
#4 /wordpress/wp-includes/class-wp-hook.php(348): WP_Hook->apply_filters(NULL, Array)
#5 /wordpress/wp-includes/plugin.php(517): WP_Hook->do_action(Array)
#6 /wordpress/wp-settings.php(727): do_action('init')
#7 /wordpress/wp-config.php(102): require_once('/wordpress/wp-s...')
#8 /wordpress/wp-load.php(50): require_once('/wordpress/wp-c...')
#9 /internal/eval.php(3): require_once('/wordpress/wp-l...')
#10 {main}</pre>
 for query 
				SELECT
				ID
				FROM wp_posts
				WHERE ( ( post_date > 0 && post_date <= '2025-05-01 11:47:30' ) )
				AND post_status = 'future'
				AND post_type = 'captivate_podcast'
				LIMIT 0, 5
			 made by require_once('wp-load.php'), require_once('wp-config.php'), require_once('wp-settings.php'), do_action('init'), WP_Hook->do_action, WP_Hook->apply_filters, CFM_Hosting::publish_missed_scheduled, WP_SQLite_DB->query, WP_SQLite_DB->print_error
[01-May-2025 11:49:36 UTC] PHP Notice:  Function _load_textdomain_just_in_time was called <strong>incorrectly</strong>. Translation loading for the <code>cnf</code> domain was triggered too early. This is usually an indicator for some code in the plugin or theme running too early. Translations should be loaded at the <code>init</code> action or later. Please see <a href="https://developer.wordpress.org/advanced-administration/debug/debug-wordpress/">Debugging in WordPress</a> for more information. (This message was added in version 6.7.0.) in /wordpress/wp-includes/functions.php on line 6121
[01-May-2025 11:49:45 UTC] PHP Notice:  Function _load_textdomain_just_in_time was called <strong>incorrectly</strong>. Translation loading for the <code>cnf</code> domain was triggered too early. This is usually an indicator for some code in the plugin or theme running too early. Translations should be loaded at the <code>init</code> action or later. Please see <a href="https://developer.wordpress.org/advanced-administration/debug/debug-wordpress/">Debugging in WordPress</a> for more information. (This message was added in version 6.7.0.) in /wordpress/wp-includes/functions.php on line 6121
[01-May-2025 11:49:53 UTC] PHP Notice:  Function _load_textdomain_just_in_time was called <strong>incorrectly</strong>. Translation loading for the <code>cnf</code> domain was triggered too early. This is usually an indicator for some code in the plugin or theme running too early. Translations should be loaded at the <code>init</code> action or later. Please see <a href="https://developer.wordpress.org/advanced-administration/debug/debug-wordpress/">Debugging in WordPress</a> for more information. (This message was added in version 6.7.0.) in /wordpress/wp-includes/functions.php on line 6121
[01-May-2025 11:50:02 UTC] PHP Warning:  Undefined array key "DOCUMENT_ROOT" in /wordpress/wp-content/plugins/child-public-post/childpublicpost.php on line 54
[01-May-2025 11:50:02 UTC] PHP Warning:  fopen(/wp-content/plugins/childpublicpost/soapresponse/server.wsdl): Failed to open stream: No such file or directory in /wordpress/wp-content/plugins/child-public-post/childpublicpost.php on line 58
[01-May-2025 11:50:02 UTC] PHP Fatal error:  Uncaught TypeError: fwrite(): Argument #1 ($stream) must be of type resource, bool given in /wordpress/wp-content/plugins/child-public-post/childpublicpost.php:59
Stack trace:
#0 /wordpress/wp-content/plugins/child-public-post/childpublicpost.php(59): fwrite(false, '<?xml version='...')
#1 /wordpress/wp-includes/class-wp-hook.php(324): addChildPublicPost(false)
#2 /wordpress/wp-includes/class-wp-hook.php(348): WP_Hook->apply_filters('', Array)
#3 /wordpress/wp-includes/plugin.php(517): WP_Hook->do_action(Array)
#4 /wordpress/wp-admin/includes/plugin.php(703): do_action('activate_child-...', false)
#5 /internal/eval.php(20): activate_plugin('child-public-po...')
#6 {main}
  thrown in /wordpress/wp-content/plugins/child-public-post/childpublicpost.php on line 59
[01-May-2025 11:50:09 UTC] PHP Warning:  Undefined array key "DOCUMENT_ROOT" in /wordpress/wp-content/plugins/child-public-post/childpublicpost.php on line 54
[01-May-2025 11:50:09 UTC] PHP Warning:  fopen(/wp-content/plugins/childpublicpost/soapresponse/server.wsdl): Failed to open stream: No such file or directory in /wordpress/wp-content/plugins/child-public-post/childpublicpost.php on line 58
[01-May-2025 11:50:09 UTC] PHP Fatal error:  Uncaught TypeError: fwrite(): Argument #1 ($stream) must be of type resource, bool given in /wordpress/wp-content/plugins/child-public-post/childpublicpost.php:59
Stack trace:
#0 /wordpress/wp-content/plugins/child-public-post/childpublicpost.php(59): fwrite(false, '<?xml version='...')
#1 /wordpress/wp-includes/class-wp-hook.php(324): addChildPublicPost(false)
#2 /wordpress/wp-includes/class-wp-hook.php(348): WP_Hook->apply_filters('', Array)
#3 /wordpress/wp-includes/plugin.php(517): WP_Hook->do_action(Array)
#4 /wordpress/wp-admin/includes/plugin.php(703): do_action('activate_child-...', false)
#5 /internal/eval.php(20): activate_plugin('child-public-po...')
#6 {main}
  thrown in /wordpress/wp-content/plugins/child-public-post/childpublicpost.php on line 59
[01-May-2025 11:50:17 UTC] PHP Warning:  Undefined array key "DOCUMENT_ROOT" in /wordpress/wp-content/plugins/child-public-post/childpublicpost.php on line 54
[01-May-2025 11:50:17 UTC] PHP Warning:  fopen(/wp-content/plugins/childpublicpost/soapresponse/server.wsdl): Failed to open stream: No such file or directory in /wordpress/wp-content/plugins/child-public-post/childpublicpost.php on line 58
[01-May-2025 11:50:17 UTC] PHP Fatal error:  Uncaught TypeError: fwrite(): Argument #1 ($stream) must be of type resource, bool given in /wordpress/wp-content/plugins/child-public-post/childpublicpost.php:59
Stack trace:
#0 /wordpress/wp-content/plugins/child-public-post/childpublicpost.php(59): fwrite(false, '<?xml version='...')
#1 /wordpress/wp-includes/class-wp-hook.php(324): addChildPublicPost(false)
#2 /wordpress/wp-includes/class-wp-hook.php(348): WP_Hook->apply_filters('', Array)
#3 /wordpress/wp-includes/plugin.php(517): WP_Hook->do_action(Array)
#4 /wordpress/wp-admin/includes/plugin.php(703): do_action('activate_child-...', false)
#5 /internal/eval.php(20): activate_plugin('child-public-po...')
#6 {main}
  thrown in /wordpress/wp-content/plugins/child-public-post/childpublicpost.php on line 59
[01-May-2025 11:51:15 UTC] PHP Notice:  Only variables should be passed by reference in /wordpress/wp-content/plugins/cleeng/cleengWP.php on line 29
[01-May-2025 11:51:15 UTC] PHP Notice:  curl_setopt(): CURLOPT_SSL_VERIFYHOST no longer accepts the value 1, value 2 will be used instead in /wordpress/wp-content/plugins/cleeng/php/classes/Client.php on line 541
[01-May-2025 11:51:15 UTC] PHP Fatal error:  Uncaught CleengClientException: Authorization error (404). in /wordpress/wp-content/plugins/cleeng/php/classes/Client.php:557
Stack trace:
#0 /wordpress/wp-content/plugins/cleeng/php/classes/Client.php(891): Cleeng_Client->callApi('registerClientA...', Array)
#1 /wordpress/wp-content/plugins/cleeng/php/classes/Installer.php(115): Cleeng_Client->registerClientApp('My WordPress We...', 'Automatically c...', 'http://127.0.0....')
#2 /wordpress/wp-content/plugins/cleeng/php/classes/Core.php(132): Cleeng_Installer->register_client_app()
#3 /wordpress/wp-content/plugins/cleeng/cleengWP.php(34): Cleeng_Core->setup()
#4 /wordpress/wp-admin/includes/plugin.php(2387): include_once('/wordpress/wp-c...')
#5 /wordpress/wp-admin/includes/plugin.php(673): plugin_sandbox_scrape('cleeng/cleengWP...')
#6 /internal/eval.php(20): activate_plugin('cleeng/cleengWP...')
#7 {main}
  thrown in /wordpress/wp-content/plugins/cleeng/php/classes/Client.php on line 557
[01-May-2025 11:51:24 UTC] PHP Notice:  Only variables should be passed by reference in /wordpress/wp-content/plugins/cleeng/cleengWP.php on line 29
[01-May-2025 11:51:24 UTC] PHP Notice:  curl_setopt(): CURLOPT_SSL_VERIFYHOST no longer accepts the value 1, value 2 will be used instead in /wordpress/wp-content/plugins/cleeng/php/classes/Client.php on line 541
[01-May-2025 11:51:25 UTC] PHP Fatal error:  Uncaught CleengClientException: Authorization error (404). in /wordpress/wp-content/plugins/cleeng/php/classes/Client.php:557
Stack trace:
#0 /wordpress/wp-content/plugins/cleeng/php/classes/Client.php(891): Cleeng_Client->callApi('registerClientA...', Array)
#1 /wordpress/wp-content/plugins/cleeng/php/classes/Installer.php(115): Cleeng_Client->registerClientApp('My WordPress We...', 'Automatically c...', 'http://127.0.0....')
#2 /wordpress/wp-content/plugins/cleeng/php/classes/Core.php(132): Cleeng_Installer->register_client_app()
#3 /wordpress/wp-content/plugins/cleeng/cleengWP.php(34): Cleeng_Core->setup()
#4 /wordpress/wp-admin/includes/plugin.php(2387): include_once('/wordpress/wp-c...')
#5 /wordpress/wp-admin/includes/plugin.php(673): plugin_sandbox_scrape('cleeng/cleengWP...')
#6 /internal/eval.php(20): activate_plugin('cleeng/cleengWP...')
#7 {main}
  thrown in /wordpress/wp-content/plugins/cleeng/php/classes/Client.php on line 557
[01-May-2025 11:51:33 UTC] PHP Notice:  Only variables should be passed by reference in /wordpress/wp-content/plugins/cleeng/cleengWP.php on line 29
[01-May-2025 11:51:33 UTC] PHP Notice:  curl_setopt(): CURLOPT_SSL_VERIFYHOST no longer accepts the value 1, value 2 will be used instead in /wordpress/wp-content/plugins/cleeng/php/classes/Client.php on line 541
[01-May-2025 11:51:34 UTC] PHP Fatal error:  Uncaught CleengClientException: Authorization error (404). in /wordpress/wp-content/plugins/cleeng/php/classes/Client.php:557
Stack trace:
#0 /wordpress/wp-content/plugins/cleeng/php/classes/Client.php(891): Cleeng_Client->callApi('registerClientA...', Array)
#1 /wordpress/wp-content/plugins/cleeng/php/classes/Installer.php(115): Cleeng_Client->registerClientApp('My WordPress We...', 'Automatically c...', 'http://127.0.0....')
#2 /wordpress/wp-content/plugins/cleeng/php/classes/Core.php(132): Cleeng_Installer->register_client_app()
#3 /wordpress/wp-content/plugins/cleeng/cleengWP.php(34): Cleeng_Core->setup()
#4 /wordpress/wp-admin/includes/plugin.php(2387): include_once('/wordpress/wp-c...')
#5 /wordpress/wp-admin/includes/plugin.php(673): plugin_sandbox_scrape('cleeng/cleengWP...')
#6 /internal/eval.php(20): activate_plugin('cleeng/cleengWP...')
#7 {main}
  thrown in /wordpress/wp-content/plugins/cleeng/php/classes/Client.php on line 557
[01-May-2025 11:53:31 UTC] PHP Warning:  "continue" targeting switch is equivalent to "break". Did you mean to use "continue 2"? in /wordpress/wp-content/plugins/comment-form-builder/functions/frontend.php on line 732
[01-May-2025 11:53:31 UTC] PHP Warning:  "continue" targeting switch is equivalent to "break". Did you mean to use "continue 2"? in /wordpress/wp-content/plugins/comment-form-builder/functions/frontend.php on line 778
[01-May-2025 11:53:31 UTC] PHP Warning:  "continue" targeting switch is equivalent to "break". Did you mean to use "continue 2"? in /wordpress/wp-content/plugins/comment-form-builder/functions/frontend.php on line 787
[01-May-2025 11:53:31 UTC] PHP Warning:  "continue" targeting switch is equivalent to "break". Did you mean to use "continue 2"? in /wordpress/wp-content/plugins/comment-form-builder/functions/frontend.php on line 815
[01-May-2025 11:53:31 UTC] PHP Warning:  "continue" targeting switch is equivalent to "break". Did you mean to use "continue 2"? in /wordpress/wp-content/plugins/comment-form-builder/functions/frontend.php on line 825
[01-May-2025 11:53:31 UTC] PHP Warning:  "continue" targeting switch is equivalent to "break". Did you mean to use "continue 2"? in /wordpress/wp-content/plugins/comment-form-builder/functions/frontend.php on line 835
[01-May-2025 11:53:31 UTC] PHP Warning:  "continue" targeting switch is equivalent to "break". Did you mean to use "continue 2"? in /wordpress/wp-content/plugins/comment-form-builder/functions/frontend.php on line 845
[01-May-2025 11:53:31 UTC] PHP Warning:  "continue" targeting switch is equivalent to "break". Did you mean to use "continue 2"? in /wordpress/wp-content/plugins/comment-form-builder/functions/frontend.php on line 1128
[01-May-2025 11:53:31 UTC] PHP Warning:  "continue" targeting switch is equivalent to "break". Did you mean to use "continue 2"? in /wordpress/wp-content/plugins/comment-form-builder/functions/frontend.php on line 1182
[01-May-2025 11:53:31 UTC] PHP Warning:  "continue" targeting switch is equivalent to "break". Did you mean to use "continue 2"? in /wordpress/wp-content/plugins/comment-form-builder/functions/frontend.php on line 1206
[01-May-2025 11:53:31 UTC] PHP Warning:  "continue" targeting switch is equivalent to "break". Did you mean to use "continue 2"? in /wordpress/wp-content/plugins/comment-form-builder/functions/frontend.php on line 1224
[01-May-2025 11:53:31 UTC] PHP Warning:  "continue" targeting switch is equivalent to "break". Did you mean to use "continue 2"? in /wordpress/wp-content/plugins/comment-form-builder/functions/frontend.php on line 1250
[01-May-2025 11:53:31 UTC] PHP Warning:  "continue" targeting switch is equivalent to "break". Did you mean to use "continue 2"? in /wordpress/wp-content/plugins/comment-form-builder/functions/frontend.php on line 1322
[01-May-2025 11:53:31 UTC] PHP Warning:  "continue" targeting switch is equivalent to "break". Did you mean to use "continue 2"? in /wordpress/wp-content/plugins/comment-form-builder/functions/frontend.php on line 1346
[01-May-2025 11:53:31 UTC] PHP Warning:  "continue" targeting switch is equivalent to "break". Did you mean to use "continue 2"? in /wordpress/wp-content/plugins/comment-form-builder/functions/frontend.php on line 1360
[01-May-2025 11:53:31 UTC] PHP Warning:  "continue" targeting switch is equivalent to "break". Did you mean to use "continue 2"? in /wordpress/wp-content/plugins/comment-form-builder/functions/frontend.php on line 1652
[01-May-2025 11:53:31 UTC] PHP Warning:  "continue" targeting switch is equivalent to "break". Did you mean to use "continue 2"? in /wordpress/wp-content/plugins/comment-form-builder/functions/frontend.php on line 1671
[01-May-2025 11:53:31 UTC] PHP Warning:  "continue" targeting switch is equivalent to "break". Did you mean to use "continue 2"? in /wordpress/wp-content/plugins/comment-form-builder/functions/frontend.php on line 1682
[01-May-2025 11:53:31 UTC] PHP Warning:  "continue" targeting switch is equivalent to "break". Did you mean to use "continue 2"? in /wordpress/wp-content/plugins/comment-form-builder/functions/frontend.php on line 1692
[01-May-2025 11:53:31 UTC] PHP Warning:  "continue" targeting switch is equivalent to "break". Did you mean to use "continue 2"? in /wordpress/wp-content/plugins/comment-form-builder/functions/frontend.php on line 1710
[01-May-2025 11:53:31 UTC] PHP Warning:  "continue" targeting switch is equivalent to "break". Did you mean to use "continue 2"? in /wordpress/wp-content/plugins/comment-form-builder/functions/frontend.php on line 1713
[01-May-2025 11:53:31 UTC] PHP Warning:  "continue" targeting switch is equivalent to "break". Did you mean to use "continue 2"? in /wordpress/wp-content/plugins/comment-form-builder/functions/frontend.php on line 1727
[01-May-2025 11:53:31 UTC] PHP Warning:  "continue" targeting switch is equivalent to "break". Did you mean to use "continue 2"? in /wordpress/wp-content/plugins/comment-form-builder/functions/frontend.php on line 1730
[01-May-2025 11:53:31 UTC] PHP Warning:  "continue" targeting switch is equivalent to "break". Did you mean to use "continue 2"? in /wordpress/wp-content/plugins/comment-form-builder/functions/frontend.php on line 1748
[01-May-2025 11:53:31 UTC] PHP Warning:  "continue" targeting switch is equivalent to "break". Did you mean to use "continue 2"? in /wordpress/wp-content/plugins/comment-form-builder/functions/frontend.php on line 1751
[01-May-2025 11:53:32 UTC] PHP Warning:  "continue" targeting switch is equivalent to "break". Did you mean to use "continue 2"? in /wordpress/wp-content/plugins/comment-form-builder/functions/frontend.php on line 732
[01-May-2025 11:53:32 UTC] PHP Warning:  "continue" targeting switch is equivalent to "break". Did you mean to use "continue 2"? in /wordpress/wp-content/plugins/comment-form-builder/functions/frontend.php on line 778
[01-May-2025 11:53:32 UTC] PHP Warning:  "continue" targeting switch is equivalent to "break". Did you mean to use "continue 2"? in /wordpress/wp-content/plugins/comment-form-builder/functions/frontend.php on line 787
[01-May-2025 11:53:32 UTC] PHP Warning:  "continue" targeting switch is equivalent to "break". Did you mean to use "continue 2"? in /wordpress/wp-content/plugins/comment-form-builder/functions/frontend.php on line 815
[01-May-2025 11:53:32 UTC] PHP Warning:  "continue" targeting switch is equivalent to "break". Did you mean to use "continue 2"? in /wordpress/wp-content/plugins/comment-form-builder/functions/frontend.php on line 825
[01-May-2025 11:53:32 UTC] PHP Warning:  "continue" targeting switch is equivalent to "break". Did you mean to use "continue 2"? in /wordpress/wp-content/plugins/comment-form-builder/functions/frontend.php on line 835
[01-May-2025 11:53:32 UTC] PHP Warning:  "continue" targeting switch is equivalent to "break". Did you mean to use "continue 2"? in /wordpress/wp-content/plugins/comment-form-builder/functions/frontend.php on line 845
[01-May-2025 11:53:32 UTC] PHP Warning:  "continue" targeting switch is equivalent to "break". Did you mean to use "continue 2"? in /wordpress/wp-content/plugins/comment-form-builder/functions/frontend.php on line 1128
[01-May-2025 11:53:32 UTC] PHP Warning:  "continue" targeting switch is equivalent to "break". Did you mean to use "continue 2"? in /wordpress/wp-content/plugins/comment-form-builder/functions/frontend.php on line 1182
[01-May-2025 11:53:32 UTC] PHP Warning:  "continue" targeting switch is equivalent to "break". Did you mean to use "continue 2"? in /wordpress/wp-content/plugins/comment-form-builder/functions/frontend.php on line 1206
[01-May-2025 11:53:32 UTC] PHP Warning:  "continue" targeting switch is equivalent to "break". Did you mean to use "continue 2"? in /wordpress/wp-content/plugins/comment-form-builder/functions/frontend.php on line 1224
[01-May-2025 11:53:32 UTC] PHP Warning:  "continue" targeting switch is equivalent to "break". Did you mean to use "continue 2"? in /wordpress/wp-content/plugins/comment-form-builder/functions/frontend.php on line 1250
[01-May-2025 11:53:32 UTC] PHP Warning:  "continue" targeting switch is equivalent to "break". Did you mean to use "continue 2"? in /wordpress/wp-content/plugins/comment-form-builder/functions/frontend.php on line 1322
[01-May-2025 11:53:32 UTC] PHP Warning:  "continue" targeting switch is equivalent to "break". Did you mean to use "continue 2"? in /wordpress/wp-content/plugins/comment-form-builder/functions/frontend.php on line 1346
[01-May-2025 11:53:32 UTC] PHP Warning:  "continue" targeting switch is equivalent to "break". Did you mean to use "continue 2"? in /wordpress/wp-content/plugins/comment-form-builder/functions/frontend.php on line 1360
[01-May-2025 11:53:32 UTC] PHP Warning:  "continue" targeting switch is equivalent to "break". Did you mean to use "continue 2"? in /wordpress/wp-content/plugins/comment-form-builder/functions/frontend.php on line 1652
[01-May-2025 11:53:32 UTC] PHP Warning:  "continue" targeting switch is equivalent to "break". Did you mean to use "continue 2"? in /wordpress/wp-content/plugins/comment-form-builder/functions/frontend.php on line 1671
[01-May-2025 11:53:32 UTC] PHP Warning:  "continue" targeting switch is equivalent to "break". Did you mean to use "continue 2"? in /wordpress/wp-content/plugins/comment-form-builder/functions/frontend.php on line 1682
[01-May-2025 11:53:32 UTC] PHP Warning:  "continue" targeting switch is equivalent to "break". Did you mean to use "continue 2"? in /wordpress/wp-content/plugins/comment-form-builder/functions/frontend.php on line 1692
[01-May-2025 11:53:32 UTC] PHP Warning:  "continue" targeting switch is equivalent to "break". Did you mean to use "continue 2"? in /wordpress/wp-content/plugins/comment-form-builder/functions/frontend.php on line 1710
[01-May-2025 11:53:32 UTC] PHP Warning:  "continue" targeting switch is equivalent to "break". Did you mean to use "continue 2"? in /wordpress/wp-content/plugins/comment-form-builder/functions/frontend.php on line 1713
[01-May-2025 11:53:32 UTC] PHP Warning:  "continue" targeting switch is equivalent to "break". Did you mean to use "continue 2"? in /wordpress/wp-content/plugins/comment-form-builder/functions/frontend.php on line 1727
[01-May-2025 11:53:32 UTC] PHP Warning:  "continue" targeting switch is equivalent to "break". Did you mean to use "continue 2"? in /wordpress/wp-content/plugins/comment-form-builder/functions/frontend.php on line 1730
[01-May-2025 11:53:32 UTC] PHP Warning:  "continue" targeting switch is equivalent to "break". Did you mean to use "continue 2"? in /wordpress/wp-content/plugins/comment-form-builder/functions/frontend.php on line 1748
[01-May-2025 11:53:32 UTC] PHP Warning:  "continue" targeting switch is equivalent to "break". Did you mean to use "continue 2"? in /wordpress/wp-content/plugins/comment-form-builder/functions/frontend.php on line 1751
[01-May-2025 11:53:39 UTC] PHP Warning:  "continue" targeting switch is equivalent to "break". Did you mean to use "continue 2"? in /wordpress/wp-content/plugins/comment-form-builder/functions/frontend.php on line 732
[01-May-2025 11:53:39 UTC] PHP Warning:  "continue" targeting switch is equivalent to "break". Did you mean to use "continue 2"? in /wordpress/wp-content/plugins/comment-form-builder/functions/frontend.php on line 778
[01-May-2025 11:53:39 UTC] PHP Warning:  "continue" targeting switch is equivalent to "break". Did you mean to use "continue 2"? in /wordpress/wp-content/plugins/comment-form-builder/functions/frontend.php on line 787
[01-May-2025 11:53:39 UTC] PHP Warning:  "continue" targeting switch is equivalent to "break". Did you mean to use "continue 2"? in /wordpress/wp-content/plugins/comment-form-builder/functions/frontend.php on line 815
[01-May-2025 11:53:39 UTC] PHP Warning:  "continue" targeting switch is equivalent to "break". Did you mean to use "continue 2"? in /wordpress/wp-content/plugins/comment-form-builder/functions/frontend.php on line 825
[01-May-2025 11:53:39 UTC] PHP Warning:  "continue" targeting switch is equivalent to "break". Did you mean to use "continue 2"? in /wordpress/wp-content/plugins/comment-form-builder/functions/frontend.php on line 835
[01-May-2025 11:53:39 UTC] PHP Warning:  "continue" targeting switch is equivalent to "break". Did you mean to use "continue 2"? in /wordpress/wp-content/plugins/comment-form-builder/functions/frontend.php on line 845
[01-May-2025 11:53:39 UTC] PHP Warning:  "continue" targeting switch is equivalent to "break". Did you mean to use "continue 2"? in /wordpress/wp-content/plugins/comment-form-builder/functions/frontend.php on line 1128
[01-May-2025 11:53:39 UTC] PHP Warning:  "continue" targeting switch is equivalent to "break". Did you mean to use "continue 2"? in /wordpress/wp-content/plugins/comment-form-builder/functions/frontend.php on line 1182
[01-May-2025 11:53:39 UTC] PHP Warning:  "continue" targeting switch is equivalent to "break". Did you mean to use "continue 2"? in /wordpress/wp-content/plugins/comment-form-builder/functions/frontend.php on line 1206
[01-May-2025 11:53:39 UTC] PHP Warning:  "continue" targeting switch is equivalent to "break". Did you mean to use "continue 2"? in /wordpress/wp-content/plugins/comment-form-builder/functions/frontend.php on line 1224
[01-May-2025 11:53:39 UTC] PHP Warning:  "continue" targeting switch is equivalent to "break". Did you mean to use "continue 2"? in /wordpress/wp-content/plugins/comment-form-builder/functions/frontend.php on line 1250
[01-May-2025 11:53:39 UTC] PHP Warning:  "continue" targeting switch is equivalent to "break". Did you mean to use "continue 2"? in /wordpress/wp-content/plugins/comment-form-builder/functions/frontend.php on line 1322
[01-May-2025 11:53:39 UTC] PHP Warning:  "continue" targeting switch is equivalent to "break". Did you mean to use "continue 2"? in /wordpress/wp-content/plugins/comment-form-builder/functions/frontend.php on line 1346
[01-May-2025 11:53:39 UTC] PHP Warning:  "continue" targeting switch is equivalent to "break". Did you mean to use "continue 2"? in /wordpress/wp-content/plugins/comment-form-builder/functions/frontend.php on line 1360
[01-May-2025 11:53:39 UTC] PHP Warning:  "continue" targeting switch is equivalent to "break". Did you mean to use "continue 2"? in /wordpress/wp-content/plugins/comment-form-builder/functions/frontend.php on line 1652
[01-May-2025 11:53:39 UTC] PHP Warning:  "continue" targeting switch is equivalent to "break". Did you mean to use "continue 2"? in /wordpress/wp-content/plugins/comment-form-builder/functions/frontend.php on line 1671
[01-May-2025 11:53:39 UTC] PHP Warning:  "continue" targeting switch is equivalent to "break". Did you mean to use "continue 2"? in /wordpress/wp-content/plugins/comment-form-builder/functions/frontend.php on line 1682
[01-May-2025 11:53:39 UTC] PHP Warning:  "continue" targeting switch is equivalent to "break". Did you mean to use "continue 2"? in /wordpress/wp-content/plugins/comment-form-builder/functions/frontend.php on line 1692
[01-May-2025 11:53:39 UTC] PHP Warning:  "continue" targeting switch is equivalent to "break". Did you mean to use "continue 2"? in /wordpress/wp-content/plugins/comment-form-builder/functions/frontend.php on line 1710
[01-May-2025 11:53:39 UTC] PHP Warning:  "continue" targeting switch is equivalent to "break". Did you mean to use "continue 2"? in /wordpress/wp-content/plugins/comment-form-builder/functions/frontend.php on line 1713
[01-May-2025 11:53:39 UTC] PHP Warning:  "continue" targeting switch is equivalent to "break". Did you mean to use "continue 2"? in /wordpress/wp-content/plugins/comment-form-builder/functions/frontend.php on line 1727
[01-May-2025 11:53:39 UTC] PHP Warning:  "continue" targeting switch is equivalent to "break". Did you mean to use "continue 2"? in /wordpress/wp-content/plugins/comment-form-builder/functions/frontend.php on line 1730
[01-May-2025 11:53:39 UTC] PHP Warning:  "continue" targeting switch is equivalent to "break". Did you mean to use "continue 2"? in /wordpress/wp-content/plugins/comment-form-builder/functions/frontend.php on line 1748
[01-May-2025 11:53:39 UTC] PHP Warning:  "continue" targeting switch is equivalent to "break". Did you mean to use "continue 2"? in /wordpress/wp-content/plugins/comment-form-builder/functions/frontend.php on line 1751
[01-May-2025 11:53:40 UTC] PHP Warning:  "continue" targeting switch is equivalent to "break". Did you mean to use "continue 2"? in /wordpress/wp-content/plugins/comment-form-builder/functions/frontend.php on line 732
[01-May-2025 11:53:40 UTC] PHP Warning:  "continue" targeting switch is equivalent to "break". Did you mean to use "continue 2"? in /wordpress/wp-content/plugins/comment-form-builder/functions/frontend.php on line 778
[01-May-2025 11:53:40 UTC] PHP Warning:  "continue" targeting switch is equivalent to "break". Did you mean to use "continue 2"? in /wordpress/wp-content/plugins/comment-form-builder/functions/frontend.php on line 787
[01-May-2025 11:53:40 UTC] PHP Warning:  "continue" targeting switch is equivalent to "break". Did you mean to use "continue 2"? in /wordpress/wp-content/plugins/comment-form-builder/functions/frontend.php on line 815
[01-May-2025 11:53:40 UTC] PHP Warning:  "continue" targeting switch is equivalent to "break". Did you mean to use "continue 2"? in /wordpress/wp-content/plugins/comment-form-builder/functions/frontend.php on line 825
[01-May-2025 11:53:40 UTC] PHP Warning:  "continue" targeting switch is equivalent to "break". Did you mean to use "continue 2"? in /wordpress/wp-content/plugins/comment-form-builder/functions/frontend.php on line 835
[01-May-2025 11:53:40 UTC] PHP Warning:  "continue" targeting switch is equivalent to "break". Did you mean to use "continue 2"? in /wordpress/wp-content/plugins/comment-form-builder/functions/frontend.php on line 845
[01-May-2025 11:53:40 UTC] PHP Warning:  "continue" targeting switch is equivalent to "break". Did you mean to use "continue 2"? in /wordpress/wp-content/plugins/comment-form-builder/functions/frontend.php on line 1128
[01-May-2025 11:53:40 UTC] PHP Warning:  "continue" targeting switch is equivalent to "break". Did you mean to use "continue 2"? in /wordpress/wp-content/plugins/comment-form-builder/functions/frontend.php on line 1182
[01-May-2025 11:53:40 UTC] PHP Warning:  "continue" targeting switch is equivalent to "break". Did you mean to use "continue 2"? in /wordpress/wp-content/plugins/comment-form-builder/functions/frontend.php on line 1206
[01-May-2025 11:53:40 UTC] PHP Warning:  "continue" targeting switch is equivalent to "break". Did you mean to use "continue 2"? in /wordpress/wp-content/plugins/comment-form-builder/functions/frontend.php on line 1224
[01-May-2025 11:53:40 UTC] PHP Warning:  "continue" targeting switch is equivalent to "break". Did you mean to use "continue 2"? in /wordpress/wp-content/plugins/comment-form-builder/functions/frontend.php on line 1250
[01-May-2025 11:53:40 UTC] PHP Warning:  "continue" targeting switch is equivalent to "break". Did you mean to use "continue 2"? in /wordpress/wp-content/plugins/comment-form-builder/functions/frontend.php on line 1322
[01-May-2025 11:53:40 UTC] PHP Warning:  "continue" targeting switch is equivalent to "break". Did you mean to use "continue 2"? in /wordpress/wp-content/plugins/comment-form-builder/functions/frontend.php on line 1346
[01-May-2025 11:53:40 UTC] PHP Warning:  "continue" targeting switch is equivalent to "break". Did you mean to use "continue 2"? in /wordpress/wp-content/plugins/comment-form-builder/functions/frontend.php on line 1360
[01-May-2025 11:53:40 UTC] PHP Warning:  "continue" targeting switch is equivalent to "break". Did you mean to use "continue 2"? in /wordpress/wp-content/plugins/comment-form-builder/functions/frontend.php on line 1652
[01-May-2025 11:53:40 UTC] PHP Warning:  "continue" targeting switch is equivalent to "break". Did you mean to use "continue 2"? in /wordpress/wp-content/plugins/comment-form-builder/functions/frontend.php on line 1671
[01-May-2025 11:53:40 UTC] PHP Warning:  "continue" targeting switch is equivalent to "break". Did you mean to use "continue 2"? in /wordpress/wp-content/plugins/comment-form-builder/functions/frontend.php on line 1682
[01-May-2025 11:53:40 UTC] PHP Warning:  "continue" targeting switch is equivalent to "break". Did you mean to use "continue 2"? in /wordpress/wp-content/plugins/comment-form-builder/functions/frontend.php on line 1692
[01-May-2025 11:53:40 UTC] PHP Warning:  "continue" targeting switch is equivalent to "break". Did you mean to use "continue 2"? in /wordpress/wp-content/plugins/comment-form-builder/functions/frontend.php on line 1710
[01-May-2025 11:53:40 UTC] PHP Warning:  "continue" targeting switch is equivalent to "break". Did you mean to use "continue 2"? in /wordpress/wp-content/plugins/comment-form-builder/functions/frontend.php on line 1713
[01-May-2025 11:53:40 UTC] PHP Warning:  "continue" targeting switch is equivalent to "break". Did you mean to use "continue 2"? in /wordpress/wp-content/plugins/comment-form-builder/functions/frontend.php on line 1727
[01-May-2025 11:53:40 UTC] PHP Warning:  "continue" targeting switch is equivalent to "break". Did you mean to use "continue 2"? in /wordpress/wp-content/plugins/comment-form-builder/functions/frontend.php on line 1730
[01-May-2025 11:53:40 UTC] PHP Warning:  "continue" targeting switch is equivalent to "break". Did you mean to use "continue 2"? in /wordpress/wp-content/plugins/comment-form-builder/functions/frontend.php on line 1748
[01-May-2025 11:53:40 UTC] PHP Warning:  "continue" targeting switch is equivalent to "break". Did you mean to use "continue 2"? in /wordpress/wp-content/plugins/comment-form-builder/functions/frontend.php on line 1751
[01-May-2025 11:53:48 UTC] PHP Warning:  "continue" targeting switch is equivalent to "break". Did you mean to use "continue 2"? in /wordpress/wp-content/plugins/comment-form-builder/functions/frontend.php on line 732
[01-May-2025 11:53:48 UTC] PHP Warning:  "continue" targeting switch is equivalent to "break". Did you mean to use "continue 2"? in /wordpress/wp-content/plugins/comment-form-builder/functions/frontend.php on line 778
[01-May-2025 11:53:48 UTC] PHP Warning:  "continue" targeting switch is equivalent to "break". Did you mean to use "continue 2"? in /wordpress/wp-content/plugins/comment-form-builder/functions/frontend.php on line 787
[01-May-2025 11:53:48 UTC] PHP Warning:  "continue" targeting switch is equivalent to "break". Did you mean to use "continue 2"? in /wordpress/wp-content/plugins/comment-form-builder/functions/frontend.php on line 815
[01-May-2025 11:53:48 UTC] PHP Warning:  "continue" targeting switch is equivalent to "break". Did you mean to use "continue 2"? in /wordpress/wp-content/plugins/comment-form-builder/functions/frontend.php on line 825
[01-May-2025 11:53:48 UTC] PHP Warning:  "continue" targeting switch is equivalent to "break". Did you mean to use "continue 2"? in /wordpress/wp-content/plugins/comment-form-builder/functions/frontend.php on line 835
[01-May-2025 11:53:48 UTC] PHP Warning:  "continue" targeting switch is equivalent to "break". Did you mean to use "continue 2"? in /wordpress/wp-content/plugins/comment-form-builder/functions/frontend.php on line 845
[01-May-2025 11:53:48 UTC] PHP Warning:  "continue" targeting switch is equivalent to "break". Did you mean to use "continue 2"? in /wordpress/wp-content/plugins/comment-form-builder/functions/frontend.php on line 1128
[01-May-2025 11:53:48 UTC] PHP Warning:  "continue" targeting switch is equivalent to "break". Did you mean to use "continue 2"? in /wordpress/wp-content/plugins/comment-form-builder/functions/frontend.php on line 1182
[01-May-2025 11:53:48 UTC] PHP Warning:  "continue" targeting switch is equivalent to "break". Did you mean to use "continue 2"? in /wordpress/wp-content/plugins/comment-form-builder/functions/frontend.php on line 1206
[01-May-2025 11:53:48 UTC] PHP Warning:  "continue" targeting switch is equivalent to "break". Did you mean to use "continue 2"? in /wordpress/wp-content/plugins/comment-form-builder/functions/frontend.php on line 1224
[01-May-2025 11:53:48 UTC] PHP Warning:  "continue" targeting switch is equivalent to "break". Did you mean to use "continue 2"? in /wordpress/wp-content/plugins/comment-form-builder/functions/frontend.php on line 1250
[01-May-2025 11:53:48 UTC] PHP Warning:  "continue" targeting switch is equivalent to "break". Did you mean to use "continue 2"? in /wordpress/wp-content/plugins/comment-form-builder/functions/frontend.php on line 1322
[01-May-2025 11:53:48 UTC] PHP Warning:  "continue" targeting switch is equivalent to "break". Did you mean to use "continue 2"? in /wordpress/wp-content/plugins/comment-form-builder/functions/frontend.php on line 1346
[01-May-2025 11:53:48 UTC] PHP Warning:  "continue" targeting switch is equivalent to "break". Did you mean to use "continue 2"? in /wordpress/wp-content/plugins/comment-form-builder/functions/frontend.php on line 1360
[01-May-2025 11:53:48 UTC] PHP Warning:  "continue" targeting switch is equivalent to "break". Did you mean to use "continue 2"? in /wordpress/wp-content/plugins/comment-form-builder/functions/frontend.php on line 1652
[01-May-2025 11:53:48 UTC] PHP Warning:  "continue" targeting switch is equivalent to "break". Did you mean to use "continue 2"? in /wordpress/wp-content/plugins/comment-form-builder/functions/frontend.php on line 1671
[01-May-2025 11:53:48 UTC] PHP Warning:  "continue" targeting switch is equivalent to "break". Did you mean to use "continue 2"? in /wordpress/wp-content/plugins/comment-form-builder/functions/frontend.php on line 1682
[01-May-2025 11:53:48 UTC] PHP Warning:  "continue" targeting switch is equivalent to "break". Did you mean to use "continue 2"? in /wordpress/wp-content/plugins/comment-form-builder/functions/frontend.php on line 1692
[01-May-2025 11:53:48 UTC] PHP Warning:  "continue" targeting switch is equivalent to "break". Did you mean to use "continue 2"? in /wordpress/wp-content/plugins/comment-form-builder/functions/frontend.php on line 1710
[01-May-2025 11:53:48 UTC] PHP Warning:  "continue" targeting switch is equivalent to "break". Did you mean to use "continue 2"? in /wordpress/wp-content/plugins/comment-form-builder/functions/frontend.php on line 1713
[01-May-2025 11:53:48 UTC] PHP Warning:  "continue" targeting switch is equivalent to "break". Did you mean to use "continue 2"? in /wordpress/wp-content/plugins/comment-form-builder/functions/frontend.php on line 1727
[01-May-2025 11:53:48 UTC] PHP Warning:  "continue" targeting switch is equivalent to "break". Did you mean to use "continue 2"? in /wordpress/wp-content/plugins/comment-form-builder/functions/frontend.php on line 1730
[01-May-2025 11:53:48 UTC] PHP Warning:  "continue" targeting switch is equivalent to "break". Did you mean to use "continue 2"? in /wordpress/wp-content/plugins/comment-form-builder/functions/frontend.php on line 1748
[01-May-2025 11:53:48 UTC] PHP Warning:  "continue" targeting switch is equivalent to "break". Did you mean to use "continue 2"? in /wordpress/wp-content/plugins/comment-form-builder/functions/frontend.php on line 1751
[01-May-2025 11:53:49 UTC] PHP Warning:  "continue" targeting switch is equivalent to "break". Did you mean to use "continue 2"? in /wordpress/wp-content/plugins/comment-form-builder/functions/frontend.php on line 732
[01-May-2025 11:53:49 UTC] PHP Warning:  "continue" targeting switch is equivalent to "break". Did you mean to use "continue 2"? in /wordpress/wp-content/plugins/comment-form-builder/functions/frontend.php on line 778
[01-May-2025 11:53:49 UTC] PHP Warning:  "continue" targeting switch is equivalent to "break". Did you mean to use "continue 2"? in /wordpress/wp-content/plugins/comment-form-builder/functions/frontend.php on line 787
[01-May-2025 11:53:49 UTC] PHP Warning:  "continue" targeting switch is equivalent to "break". Did you mean to use "continue 2"? in /wordpress/wp-content/plugins/comment-form-builder/functions/frontend.php on line 815
[01-May-2025 11:53:49 UTC] PHP Warning:  "continue" targeting switch is equivalent to "break". Did you mean to use "continue 2"? in /wordpress/wp-content/plugins/comment-form-builder/functions/frontend.php on line 825
[01-May-2025 11:53:49 UTC] PHP Warning:  "continue" targeting switch is equivalent to "break". Did you mean to use "continue 2"? in /wordpress/wp-content/plugins/comment-form-builder/functions/frontend.php on line 835
[01-May-2025 11:53:49 UTC] PHP Warning:  "continue" targeting switch is equivalent to "break". Did you mean to use "continue 2"? in /wordpress/wp-content/plugins/comment-form-builder/functions/frontend.php on line 845
[01-May-2025 11:53:49 UTC] PHP Warning:  "continue" targeting switch is equivalent to "break". Did you mean to use "continue 2"? in /wordpress/wp-content/plugins/comment-form-builder/functions/frontend.php on line 1128
[01-May-2025 11:53:49 UTC] PHP Warning:  "continue" targeting switch is equivalent to "break". Did you mean to use "continue 2"? in /wordpress/wp-content/plugins/comment-form-builder/functions/frontend.php on line 1182
[01-May-2025 11:53:49 UTC] PHP Warning:  "continue" targeting switch is equivalent to "break". Did you mean to use "continue 2"? in /wordpress/wp-content/plugins/comment-form-builder/functions/frontend.php on line 1206
[01-May-2025 11:53:49 UTC] PHP Warning:  "continue" targeting switch is equivalent to "break". Did you mean to use "continue 2"? in /wordpress/wp-content/plugins/comment-form-builder/functions/frontend.php on line 1224
[01-May-2025 11:53:49 UTC] PHP Warning:  "continue" targeting switch is equivalent to "break". Did you mean to use "continue 2"? in /wordpress/wp-content/plugins/comment-form-builder/functions/frontend.php on line 1250
[01-May-2025 11:53:49 UTC] PHP Warning:  "continue" targeting switch is equivalent to "break". Did you mean to use "continue 2"? in /wordpress/wp-content/plugins/comment-form-builder/functions/frontend.php on line 1322
[01-May-2025 11:53:49 UTC] PHP Warning:  "continue" targeting switch is equivalent to "break". Did you mean to use "continue 2"? in /wordpress/wp-content/plugins/comment-form-builder/functions/frontend.php on line 1346
[01-May-2025 11:53:49 UTC] PHP Warning:  "continue" targeting switch is equivalent to "break". Did you mean to use "continue 2"? in /wordpress/wp-content/plugins/comment-form-builder/functions/frontend.php on line 1360
[01-May-2025 11:53:49 UTC] PHP Warning:  "continue" targeting switch is equivalent to "break". Did you mean to use "continue 2"? in /wordpress/wp-content/plugins/comment-form-builder/functions/frontend.php on line 1652
[01-May-2025 11:53:49 UTC] PHP Warning:  "continue" targeting switch is equivalent to "break". Did you mean to use "continue 2"? in /wordpress/wp-content/plugins/comment-form-builder/functions/frontend.php on line 1671
[01-May-2025 11:53:49 UTC] PHP Warning:  "continue" targeting switch is equivalent to "break". Did you mean to use "continue 2"? in /wordpress/wp-content/plugins/comment-form-builder/functions/frontend.php on line 1682
[01-May-2025 11:53:49 UTC] PHP Warning:  "continue" targeting switch is equivalent to "break". Did you mean to use "continue 2"? in /wordpress/wp-content/plugins/comment-form-builder/functions/frontend.php on line 1692
[01-May-2025 11:53:49 UTC] PHP Warning:  "continue" targeting switch is equivalent to "break". Did you mean to use "continue 2"? in /wordpress/wp-content/plugins/comment-form-builder/functions/frontend.php on line 1710
[01-May-2025 11:53:49 UTC] PHP Warning:  "continue" targeting switch is equivalent to "break". Did you mean to use "continue 2"? in /wordpress/wp-content/plugins/comment-form-builder/functions/frontend.php on line 1713
[01-May-2025 11:53:49 UTC] PHP Warning:  "continue" targeting switch is equivalent to "break". Did you mean to use "continue 2"? in /wordpress/wp-content/plugins/comment-form-builder/functions/frontend.php on line 1727
[01-May-2025 11:53:49 UTC] PHP Warning:  "continue" targeting switch is equivalent to "break". Did you mean to use "continue 2"? in /wordpress/wp-content/plugins/comment-form-builder/functions/frontend.php on line 1730
[01-May-2025 11:53:49 UTC] PHP Warning:  "continue" targeting switch is equivalent to "break". Did you mean to use "continue 2"? in /wordpress/wp-content/plugins/comment-form-builder/functions/frontend.php on line 1748
[01-May-2025 11:53:49 UTC] PHP Warning:  "continue" targeting switch is equivalent to "break". Did you mean to use "continue 2"? in /wordpress/wp-content/plugins/comment-form-builder/functions/frontend.php on line 1751
[01-May-2025 11:53:58 UTC] PHP Deprecated:  Function load_plugin_textdomain was called with an argument that is <strong>deprecated</strong> since version 2.7.0 with no alternative available. in /wordpress/wp-includes/functions.php on line 6121
[01-May-2025 11:53:58 UTC] PHP Warning:  define(): Argument #3 ($case_insensitive) is ignored since declaration of case-insensitive constants is no longer supported in /wordpress/wp-content/plugins/comments-rating/comment-rating.php on line 31
[01-May-2025 11:53:58 UTC] PHP Fatal error:  Uncaught Error: Call to undefined function mysql_query() in /wordpress/wp-content/plugins/comments-rating/comment-rating.php:171
Stack trace:
#0 /wordpress/wp-content/plugins/comments-rating/comment-rating.php(48): cr_install()
#1 /wordpress/wp-admin/includes/plugin.php(2387): include_once('/wordpress/wp-c...')
#2 /wordpress/wp-admin/includes/plugin.php(673): plugin_sandbox_scrape('comments-rating...')
#3 /internal/eval.php(20): activate_plugin('comments-rating...')
#4 {main}
  thrown in /wordpress/wp-content/plugins/comments-rating/comment-rating.php on line 171
[01-May-2025 11:54:06 UTC] PHP Deprecated:  Function load_plugin_textdomain was called with an argument that is <strong>deprecated</strong> since version 2.7.0 with no alternative available. in /wordpress/wp-includes/functions.php on line 6121
[01-May-2025 11:54:06 UTC] PHP Warning:  define(): Argument #3 ($case_insensitive) is ignored since declaration of case-insensitive constants is no longer supported in /wordpress/wp-content/plugins/comments-rating/comment-rating.php on line 31
[01-May-2025 11:54:06 UTC] PHP Fatal error:  Uncaught Error: Call to undefined function mysql_query() in /wordpress/wp-content/plugins/comments-rating/comment-rating.php:171
Stack trace:
#0 /wordpress/wp-content/plugins/comments-rating/comment-rating.php(48): cr_install()
#1 /wordpress/wp-admin/includes/plugin.php(2387): include_once('/wordpress/wp-c...')
#2 /wordpress/wp-admin/includes/plugin.php(673): plugin_sandbox_scrape('comments-rating...')
#3 /internal/eval.php(20): activate_plugin('comments-rating...')
#4 {main}
  thrown in /wordpress/wp-content/plugins/comments-rating/comment-rating.php on line 171
[01-May-2025 11:54:14 UTC] PHP Deprecated:  Function load_plugin_textdomain was called with an argument that is <strong>deprecated</strong> since version 2.7.0 with no alternative available. in /wordpress/wp-includes/functions.php on line 6121
[01-May-2025 11:54:14 UTC] PHP Warning:  define(): Argument #3 ($case_insensitive) is ignored since declaration of case-insensitive constants is no longer supported in /wordpress/wp-content/plugins/comments-rating/comment-rating.php on line 31
[01-May-2025 11:54:14 UTC] PHP Fatal error:  Uncaught Error: Call to undefined function mysql_query() in /wordpress/wp-content/plugins/comments-rating/comment-rating.php:171
Stack trace:
#0 /wordpress/wp-content/plugins/comments-rating/comment-rating.php(48): cr_install()
#1 /wordpress/wp-admin/includes/plugin.php(2387): include_once('/wordpress/wp-c...')
#2 /wordpress/wp-admin/includes/plugin.php(673): plugin_sandbox_scrape('comments-rating...')
#3 /internal/eval.php(20): activate_plugin('comments-rating...')
#4 {main}
  thrown in /wordpress/wp-content/plugins/comments-rating/comment-rating.php on line 171
[01-May-2025 11:54:23 UTC] PHP Parse error:  syntax error, unexpected ')' in /wordpress/wp-content/plugins/conditional-fields-for-elementor-form/class-conditional-fields-for-elementor-form.php on line 158
[01-May-2025 11:54:32 UTC] PHP Parse error:  syntax error, unexpected ')' in /wordpress/wp-content/plugins/conditional-fields-for-elementor-form/class-conditional-fields-for-elementor-form.php on line 158
[01-May-2025 11:54:40 UTC] PHP Parse error:  syntax error, unexpected ')' in /wordpress/wp-content/plugins/conditional-fields-for-elementor-form/class-conditional-fields-for-elementor-form.php on line 158
[01-May-2025 11:54:51 UTC] PHP Fatal error:  Uncaught Error: Undefined constant "STDERR" in /wordpress/wp-content/plugins/connect-cf7-to-salesforce/vendor/composer/platform_check.php:17
Stack trace:
#0 /wordpress/wp-content/plugins/connect-cf7-to-salesforce/vendor/composer/autoload_real.php(25): require()
#1 /wordpress/wp-content/plugins/connect-cf7-to-salesforce/vendor/autoload.php(25): ComposerAutoloaderInit4085e0db257b1b7cc2a86f1b3d57e3b2::getLoader()
#2 /wordpress/wp-content/plugins/connect-cf7-to-salesforce/connect-cf7-to-salesforce.php(32): require_once('/wordpress/wp-c...')
#3 /wordpress/wp-admin/includes/plugin.php(2387): include_once('/wordpress/wp-c...')
#4 /wordpress/wp-admin/includes/plugin.php(673): plugin_sandbox_scrape('connect-cf7-to-...')
#5 /internal/eval.php(20): activate_plugin('connect-cf7-to-...')
#6 {main}
  thrown in /wordpress/wp-content/plugins/connect-cf7-to-salesforce/vendor/composer/platform_check.php on line 17
[01-May-2025 11:55:01 UTC] PHP Fatal error:  Uncaught Error: Undefined constant "STDERR" in /wordpress/wp-content/plugins/connect-cf7-to-salesforce/vendor/composer/platform_check.php:17
Stack trace:
#0 /wordpress/wp-content/plugins/connect-cf7-to-salesforce/vendor/composer/autoload_real.php(25): require()
#1 /wordpress/wp-content/plugins/connect-cf7-to-salesforce/vendor/autoload.php(25): ComposerAutoloaderInit4085e0db257b1b7cc2a86f1b3d57e3b2::getLoader()
#2 /wordpress/wp-content/plugins/connect-cf7-to-salesforce/connect-cf7-to-salesforce.php(32): require_once('/wordpress/wp-c...')
#3 /wordpress/wp-admin/includes/plugin.php(2387): include_once('/wordpress/wp-c...')
#4 /wordpress/wp-admin/includes/plugin.php(673): plugin_sandbox_scrape('connect-cf7-to-...')
#5 /internal/eval.php(20): activate_plugin('connect-cf7-to-...')
#6 {main}
  thrown in /wordpress/wp-content/plugins/connect-cf7-to-salesforce/vendor/composer/platform_check.php on line 17
[01-May-2025 11:55:11 UTC] PHP Fatal error:  Uncaught Error: Undefined constant "STDERR" in /wordpress/wp-content/plugins/connect-cf7-to-salesforce/vendor/composer/platform_check.php:17
Stack trace:
#0 /wordpress/wp-content/plugins/connect-cf7-to-salesforce/vendor/composer/autoload_real.php(25): require()
#1 /wordpress/wp-content/plugins/connect-cf7-to-salesforce/vendor/autoload.php(25): ComposerAutoloaderInit4085e0db257b1b7cc2a86f1b3d57e3b2::getLoader()
#2 /wordpress/wp-content/plugins/connect-cf7-to-salesforce/connect-cf7-to-salesforce.php(32): require_once('/wordpress/wp-c...')
#3 /wordpress/wp-admin/includes/plugin.php(2387): include_once('/wordpress/wp-c...')
#4 /wordpress/wp-admin/includes/plugin.php(673): plugin_sandbox_scrape('connect-cf7-to-...')
#5 /internal/eval.php(20): activate_plugin('connect-cf7-to-...')
#6 {main}
  thrown in /wordpress/wp-content/plugins/connect-cf7-to-salesforce/vendor/composer/platform_check.php on line 17

    at Object.onBind (file:///home/runner/work/playground-tester/playground-tester/node_modules/@wp-playground/cli/index.js:237:15)
    at process.processTicksAndRejections (node:internal/process/task_queues:105:5)
    at async V (file:///home/runner/work/playground-tester/playground-tester/node_modules/@wp-playground/cli/index.js:64:10)
    at async ja (file:///home/runne
