file:///home/runner/work/playground-tester/playground-tester/node_modules/@wp-playground/cli/index.js:237
        throw new Error(y, { cause: u });
              ^

Error: [14-Apr-2025 11:24:02 UTC] PHP Warning:  Trying to access array offset on value of type bool in /wordpress/wp-content/plugins/hubspot/hubspot.php on line 151
[14-Apr-2025 11:24:11 UTC] PHP Warning:  Trying to access array offset on value of type bool in /wordpress/wp-content/plugins/hubspot/hubspot.php on line 151
[14-Apr-2025 11:24:19 UTC] PHP Warning:  Trying to access array offset on value of type bool in /wordpress/wp-content/plugins/hubspot/hubspot.php on line 151
[14-Apr-2025 11:24:28 UTC] PHP Fatal error:  Uncaught Error: Call to undefined function create_function() in /wordpress/wp-content/plugins/hw-yahoo-skype-status-pro/includes/hwyk-widget.php:598
Stack trace:
#0 /wordpress/wp-content/plugins/hw-yahoo-skype-status-pro/yahooskype.php(54): include_once()
#1 /wordpress/wp-admin/includes/plugin.php(2387): include_once('/wordpress/wp-c...')
#2 /wordpress/wp-admin/includes/plugin.php(673): plugin_sandbox_scrape('hw-yahoo-skype-...')
#3 /internal/eval.php(20): activate_plugin('hw-yahoo-skype-...')
#4 {main}
  thrown in /wordpress/wp-content/plugins/hw-yahoo-skype-status-pro/includes/hwyk-widget.php on line 598
[14-Apr-2025 11:24:36 UTC] PHP Fatal error:  Uncaught Error: Call to undefined function create_function() in /wordpress/wp-content/plugins/hw-yahoo-skype-status-pro/includes/hwyk-widget.php:598
Stack trace:
#0 /wordpress/wp-content/plugins/hw-yahoo-skype-status-pro/yahooskype.php(54): include_once()
#1 /wordpress/wp-admin/includes/plugin.php(2387): include_once('/wordpress/wp-c...')
#2 /wordpress/wp-admin/includes/plugin.php(673): plugin_sandbox_scrape('hw-yahoo-skype-...')
#3 /internal/eval.php(20): activate_plugin('hw-yahoo-skype-...')
#4 {main}
  thrown in /wordpress/wp-content/plugins/hw-yahoo-skype-status-pro/includes/hwyk-widget.php on line 598
[14-Apr-2025 11:24:44 UTC] PHP Fatal error:  Uncaught Error: Call to undefined function create_function() in /wordpress/wp-content/plugins/hw-yahoo-skype-status-pro/includes/hwyk-widget.php:598
Stack trace:
#0 /wordpress/wp-content/plugins/hw-yahoo-skype-status-pro/yahooskype.php(54): include_once()
#1 /wordpress/wp-admin/includes/plugin.php(2387): include_once('/wordpress/wp-c...')
#2 /wordpress/wp-admin/includes/plugin.php(673): plugin_sandbox_scrape('hw-yahoo-skype-...')
#3 /internal/eval.php(20): activate_plugin('hw-yahoo-skype-...')
#4 {main}
  thrown in /wordpress/wp-content/plugins/hw-yahoo-skype-status-pro/includes/hwyk-widget.php on line 598
[14-Apr-2025 11:28:18 UTC] PHP Notice:  Trying to access array offset on value of type bool in /wordpress/wp-content/plugins/holiday-notifications/wp-holiday-notifications.php on line 42
[14-Apr-2025 11:28:28 UTC] PHP Notice:  Trying to access array offset on value of type bool in /wordpress/wp-content/plugins/holiday-notifications/wp-holiday-notifications.php on line 42
[14-Apr-2025 11:28:37 UTC] PHP Notice:  Trying to access array offset on value of type bool in /wordpress/wp-content/plugins/holiday-notifications/wp-holiday-notifications.php on line 42
[14-Apr-2025 11:28:47 UTC] PHP Notice:  Function _load_textdomain_just_in_time was called <strong>incorrectly</strong>. Translation loading for the <code>horizontal-scroll-image-slideshow</code> domain was triggered too early. This is usually an indicator for some code in the plugin or theme running too early. Translations should be loaded at the <code>init</code> action or later. Please see <a href="https://developer.wordpress.org/advanced-administration/debug/debug-wordpress/">Debugging in WordPress</a> for more information. (This message was added in version 6.7.0.) in /wordpress/wp-includes/functions.php on line 6114
[14-Apr-2025 11:28:56 UTC] PHP Notice:  Function _load_textdomain_just_in_time was called <strong>incorrectly</strong>. Translation loading for the <code>horizontal-scroll-image-slideshow</code> domain was triggered too early. This is usually an indicator for some code in the plugin or theme running too early. Translations should be loaded at the <code>init</code> action or later. Please see <a href="https://developer.wordpress.org/advanced-administration/debug/debug-wordpress/">Debugging in WordPress</a> for more information. (This message was added in version 6.7.0.) in /wordpress/wp-includes/functions.php on line 6114
[14-Apr-2025 11:29:05 UTC] PHP Notice:  Function _load_textdomain_just_in_time was called <strong>incorrectly</strong>. Translation loading for the <code>horizontal-scroll-image-slideshow</code> domain was triggered too early. This is usually an indicator for some code in the plugin or theme running too early. Translations should be loaded at the <code>init</code> action or later. Please see <a href="https://developer.wordpress.org/advanced-administration/debug/debug-wordpress/">Debugging in WordPress</a> for more information. (This message was added in version 6.7.0.) in /wordpress/wp-includes/functions.php on line 6114
[14-Apr-2025 11:29:42 UTC] PHP Fatal error:  Uncaught PDOException: SQLSTATE[HY000] [2002] Address family not supported by protocol in /wordpress/wp-content/plugins/hrefprompt/lib/db.class.php:25
Stack trace:
#0 /wordpress/wp-content/plugins/hrefprompt/lib/db.class.php(25): PDO->__construct('mysql:host=loca...', 'username_here', 'password_here')
#1 /wordpress/wp-content/plugins/hrefprompt/hrefprompt.php(54): hrefp_db->__construct()
#2 /wordpress/wp-admin/includes/plugin.php(2387): include_once('/wordpress/wp-c...')
#3 /wordpress/wp-admin/includes/plugin.php(673): plugin_sandbox_scrape('hrefprompt/href...')
#4 /internal/eval.php(20): activate_plugin('hrefprompt/href...')
#5 {main}
  thrown in /wordpress/wp-content/plugins/hrefprompt/lib/db.class.php on line 25
[14-Apr-2025 11:29:50 UTC] PHP Fatal error:  Uncaught PDOException: SQLSTATE[HY000] [2002] Address family not supported by protocol in /wordpress/wp-content/plugins/hrefprompt/lib/db.class.php:25
Stack trace:
#0 /wordpress/wp-content/plugins/hrefprompt/lib/db.class.php(25): PDO->__construct('mysql:host=loca...', 'username_here', 'password_here')
#1 /wordpress/wp-content/plugins/hrefprompt/hrefprompt.php(54): hrefp_db->__construct()
#2 /wordpress/wp-admin/includes/plugin.php(2387): include_once('/wordpress/wp-c...')
#3 /wordpress/wp-admin/includes/plugin.php(673): plugin_sandbox_scrape('hrefprompt/href...')
#4 /internal/eval.php(20): activate_plugin('hrefprompt/href...')
#5 {main}
  thrown in /wordpress/wp-content/plugins/hrefprompt/lib/db.class.php on line 25

    at Object.onBind (file:///home/runner/work/playground-tester/playground-tester/node_modules/@wp-playground/cli/index.js:237:15)
    at process.processTicksAndRejections (node:internal/process/task_queues:105:5)
    at async V (file:///home/runner/work/playground-tester/playground-tester/node_modules/@wp-playground/cli/index.js:64:10)
    at async ja (file:///home/runner/work/playground-tester/playground-tester/node_modules/@wp-playground/cli/cli.js:8161:12) {
  [cause]: Error: Error when executing the blueprint step #1 ({"step":"installPlugin","pluginData":{"resource":"wordpress.org/plugins","slug":"hrefprompt"},"options":{"activate":true}}) : PHP.run() failed with exit code 255 and the following output: 
      at Object.run (file:///home/runner/work/playground-tester/playground-tester/node_modules/@wp-playground/blueprints/index.js:12449:19)
      at process.processTicksAndRejections (node:internal/process/task_queues:105:5)
      at async ms (file:///home/runner/work/playground-tester/playground-tester/node_modules/@wp-playground/blueprints/index.js:12552:3)
      ... 2 lines matching cause stack trace ...
      at async ja (file:///home/runner/work/playground-tester/playground-tester/node_modules/@wp-playground/cli/cli.js:8161:12) {
    [cause]: PHPExecutionFailureError: PHP.run() failed with exit code 255 and the following output: 
        at PHP.run (file:///home/runner/work/playground-tester/playground-tester/node_modules/@php-wasm/universal/index.js:987:19)
        at process.processTicksAndRejections (node:internal/process/task_queues:105:5)
        at async wr (file:///home/runner/work/playground-tester/playground-tester/node_modules/@wp-playground/blueprints/index.js:33:39)
        at async Object.gt [as installPlugin] (file:///home/runner/work/playground-tester/playground-tester/node_modules/@wp-playground/blueprints/index.js:974:42)
        at async g (file:///home/runner/work/playground-tester/playground-tester/node_modules/@wp-playground/blueprints/index.js:12517:30)
        at async Object.run (file:///home/runner/work/playground-tester/playground-tester/node_modules/@wp-playground/blueprints/index.js:12446:23)
        at async ms (file:///home/runner/work/playground-tester/playground-tester/node_modules/@wp-playground/blueprints/index.js:12552:3)
        at async Object.onBind (file:///home/runner/work/playground-tester/playground-tester/node_modules/@wp-playground/cli/index.js:227:48)
        at async V (file:///home/runner/work/playground-tester/playground-tester/node_modules/@wp-playground/cli/index.js:64:10)
        at async ja (file:///home/runner/work/playground-tester/playground-tester/node_modules/@wp-playground/cli/cli.js:8161:12) {
      response: PHPResponse {
        httpStatusCode: 500,
        headers: {
          'x-powered-by': [ 'PHP/8.0.30-dev' ],
          'content-type': [ 'text/html; charset=UTF-8' ]
        },
        bytes: Uint8Array(0) [],
        exitCode: 255,
        errors: ''
      },
      source: 'request'
    }
  }
}

Node.js v23.11.0
