file:///home/runner/work/playground-tester/playground-tester/node_modules/@wp-playground/cli/index.js:237
        throw new Error(y, { cause: u });
              ^

Error: [12-May-2025 04:33:16 UTC] PHP Fatal error:  Uncaught Exception: Плагин Woocommerce неактивен. Активируйте его и повторите активацию плагина Yml Export in /wordpress/wp-content/plugins/woo-yml-exporter/includes/class-yml-exporter-activator.php:30
Stack trace:
#0 /wordpress/wp-content/plugins/woo-yml-exporter/yml-exporter.php(32): Yml_Exporter_Activator::activate()
#1 /wordpress/wp-includes/class-wp-hook.php(324): activate_yml_exporter(false)
#2 /wordpress/wp-includes/class-wp-hook.php(348): WP_Hook->apply_filters('', Array)
#3 /wordpress/wp-includes/plugin.php(517): WP_Hook->do_action(Array)
#4 /wordpress/wp-admin/includes/plugin.php(703): do_action('activate_woo-ym...', false)
#5 /internal/eval.php(20): activate_plugin('woo-yml-exporte...')
#6 {main}
  thrown in /wordpress/wp-content/plugins/woo-yml-exporter/includes/class-yml-exporter-activator.php on line 30
[12-May-2025 04:33:24 UTC] PHP Fatal error:  Uncaught Exception: Плагин Woocommerce неактивен. Активируйте его и повторите активацию плагина Yml Export in /wordpress/wp-content/plugins/woo-yml-exporter/includes/class-yml-exporter-activator.php:30
Stack trace:
#0 /wordpress/wp-content/plugins/woo-yml-exporter/yml-exporter.php(32): Yml_Exporter_Activator::activate()
#1 /wordpress/wp-includes/class-wp-hook.php(324): activate_yml_exporter(false)
#2 /wordpress/wp-includes/class-wp-hook.php(348): WP_Hook->apply_filters('', Array)
#3 /wordpress/wp-includes/plugin.php(517): WP_Hook->do_action(Array)
#4 /wordpress/wp-admin/includes/plugin.php(703): do_action('activate_woo-ym...', false)
#5 /internal/eval.php(20): activate_plugin('woo-yml-exporte...')
#6 {main}
  thrown in /wordpress/wp-content/plugins/woo-yml-exporter/includes/class-yml-exporter-activator.php on line 30
[12-May-2025 04:33:32 UTC] PHP Fatal error:  Uncaught Exception: Плагин Woocommerce неактивен. Активируйте его и повторите активацию плагина Yml Export in /wordpress/wp-content/plugins/woo-yml-exporter/includes/class-yml-exporter-activator.php:30
Stack trace:
#0 /wordpress/wp-content/plugins/woo-yml-exporter/yml-exporter.php(32): Yml_Exporter_Activator::activate()
#1 /wordpress/wp-includes/class-wp-hook.php(324): activate_yml_exporter(false)
#2 /wordpress/wp-includes/class-wp-hook.php(348): WP_Hook->apply_filters('', Array)
#3 /wordpress/wp-includes/plugin.php(517): WP_Hook->do_action(Array)
#4 /wordpress/wp-admin/includes/plugin.php(703): do_action('activate_woo-ym...', false)
#5 /internal/eval.php(20): activate_plugin('woo-yml-exporte...')
#6 {main}
  thrown in /wordpress/wp-content/plugins/woo-yml-exporter/includes/class-yml-exporter-activator.php on line 30
[12-May-2025 04:34:34 UTC] WordPress database error <div style="clear:both">&nbsp;</div>
<div class="queries" style="clear:both;margin-bottom:2px;border:red dotted thin;">
<p>MySQL query:</p>
<p>SELECT COLUMN_NAME FROM INFORMATION_SCHEMA.COLUMNS
    WHERE table_name = wp_paytm_donation AND column_name = 'pan_no'</p>
<p>Queries made or created this session were:</p>
<ol>
<li>Executing: BEGIN | (no parameters)</li>
<li>Executing: SELECT `COLUMN_NAME` FROM _wp_sqlite_mysql_information_schema_COLUMNS WHERE `table_name` = `wp_paytm_donation` AND `column_name` = 'pan_no' | (no parameters)</li>
<li>Executing: ROLLBACK | (no parameters)</li>
</ol>
</div>
<div style="clear:both;margin-bottom:2px;border:red dotted thin;" class="error_message" style="border-bottom:dotted blue thin;">
SQLSTATE[HY000]: General error: 1 no such column: wp_paytm_donation
</div>
<p>Backtrace:</p>
<pre>#0 /internal/shared/sqlite-database-integration/wp-includes/sqlite-ast/class-wp-sqlite-driver.php(683): WP_SQLite_Driver->new_driver_exception('SQLSTATE[HY000]...', 'HY000', Object(PDOException))
#1 /internal/shared/sqlite-database-integration/wp-includes/sqlite/class-wp-sqlite-db.php(491): WP_SQLite_Driver->query('SELECT COLUMN_N...')
#2 /internal/shared/sqlite-database-integration/wp-includes/sqlite/class-wp-sqlite-db.php(432): WP_SQLite_DB->_do_query('SELECT COLUMN_N...')
#3 /wordpress/wp-includes/class-wpdb.php(3146): WP_SQLite_DB->query('SELECT COLUMN_N...')
#4 /wordpress/wp-content/plugins/wp-paytm-pay/wp-paytm-pay.php(42): wpdb->get_results('SELECT COLUMN_N...')
#5 /wordpress/wp-content/plugins/wp-paytm-pay/wp-paytm-pay.php(32): paytm_update()
#6 /wordpress/wp-includes/class-wp-hook.php(324): paytm_update_db_check('')
#7 /wordpress/wp-includes/class-wp-hook.php(348): WP_Hook->apply_filters(NULL, Array)
#8 /wordpress/wp-includes/plugin.php(517): WP_Hook->do_action(Array)
#9 /wordpress/wp-settings.php(727): do_action('init')
#10 /wordpress/wp-config.php(102): require_once('/wordpress/wp-s...')
#11 /wordpress/wp-load.php(50): require_once('/wordpress/wp-c...')
#12 /internal/eval.php(3): require_once('/wordpress/wp-l...')
#13 {main}</pre>
 for query SELECT COLUMN_NAME FROM INFORMATION_SCHEMA.COLUMNS
    WHERE table_name = wp_paytm_donation AND column_name = 'pan_no' made by require_once('wp-load.php'), require_once('wp-config.php'), require_once('wp-settings.php'), do_action('init'), WP_Hook->do_action, WP_Hook->apply_filters, paytm_update_db_check, paytm_update, WP_SQLite_DB->query, WP_SQLite_DB->print_error
[12-May-2025 04:35:28 UTC] PHP Warning:  Undefined array key "member_0_0_0_0" in /wordpress/wp-content/plugins/wp-promo-emails/wppe.php on line 166
[12-May-2025 04:35:28 UTC] PHP Warning:  Undefined array key "member_0_0_0_0" in /wordpress/wp-content/plugins/wp-promo-emails/wppe.php on line 166
[12-May-2025 04:35:37 UTC] PHP Warning:  Undefined array key "member_0_0_0_0" in /wordpress/wp-content/plugins/wp-promo-emails/wppe.php on line 166
[12-May-2025 04:35:38 UTC] PHP Warning:  Undefined array key "member_0_0_0_0" in /wordpress/wp-content/plugins/wp-promo-emails/wppe.php on line 166
[12-May-2025 04:35:46 UTC] PHP Warning:  Undefined array key "member_0_0_0_0" in /wordpress/wp-content/plugins/wp-promo-emails/wppe.php on line 166
[12-May-2025 04:35:47 UTC] PHP Warning:  Undefined array key "member_0_0_0_0" in /wordpress/wp-content/plugins/wp-promo-emails/wppe.php on line 166
[12-May-2025 04:39:53 UTC] PHP Notice:  Function _load_textdomain_just_in_time was called <strong>incorrectly</strong>. Translation loading for the <code>tide-plugin</code> domain was triggered too early. This is usually an indicator for some code in the plugin or theme running too early. Translations should be loaded at the <code>init</code> action or later. Please see <a href="https://developer.wordpress.org/advanced-administration/debug/debug-wordpress/">Debugging in WordPress</a> for more information. (This message was added in version 6.7.0.) in /wordpress/wp-includes/functions.php on line 6121
[12-May-2025 04:40:02 UTC] PHP Notice:  Function _load_textdomain_just_in_time was called <strong>incorrectly</strong>. Translation loading for the <code>tide-plugin</code> domain was triggered too early. This is usually an indicator for some code in the plugin or theme running too early. Translations should be loaded at the <code>init</code> action or later. Please see <a href="https://developer.wordpress.org/advanced-administration/debug/debug-wordpress/">Debugging in WordPress</a> for more information. (This message was added in version 6.7.0.) in /wordpress/wp-includes/functions.php on line 6121
[12-May-2025 04:40:12 UTC] PHP Notice:  Function _load_textdomain_just_in_time was called <strong>incorrectly</strong>. Translation loading for the <code>tide-plugin</code> domain was triggered too early. This is usually an indicator for some code in the plugin or theme running too early. Translations should be loaded at the <code>init</code> action or later. Please see <a href="https://developer.wordpress.org/advanced-administration/debug/debug-wordpress/">Debugging in WordPress</a> for more information. (This message was added in version 6.7.0.) in /wordpress/wp-includes/functions.php on line 6121
[12-May-2025 04:41:17 UTC] PHP Deprecated:  Function register_sidebar_widget is <strong>deprecated</strong> since version 2.8.0! Use wp_register_sidebar_widget() instead. in /wordpress/wp-includes/functions.php on line 6121
[12-May-2025 04:41:26 UTC] PHP Deprecated:  Function register_sidebar_widget is <strong>deprecated</strong> since version 2.8.0! Use wp_register_sidebar_widget() instead. in /wordpress/wp-includes/functions.php on line 6121
[12-May-2025 04:41:34 UTC] PHP Deprecated:  Function register_sidebar_widget is <strong>deprecated</strong> since version 2.8.0! Use wp_register_sidebar_widget() instead. in /wordpress/wp-includes/functions.php on line 6121

    at Object.onBind (file:///home/runner/work/playground-tester/playground-tester/node_modules/@wp-playground/cli/index.js:237:15)
    at process.processTicksAndRejections (node:internal/process/task_queues:105:5)
    at async V (file:///home/runner/work/playground-tester/playground-tester/node_modules/@wp-playground/cli/index.js:64:10)
    at async ja (file:///home/runner/work/playground-tester/playground-tester/node_modules/@wp-playground/cli/cli.js:8161:12) {
  [cause]: Error: Error when executing the blueprint step #5 ({"step":"installPlugin","pluginData":{"resource":"wordpress.org/plugins","slug":"wesbenson"},"options":{"activate":true}}) : Could not download "https://downloads.wordpress.org/plugin/wesbenson.latest-stable.zip".
  				Check if the URL is correct and the server is reachable.
  				If it is reachable, the server might be blocking the request.
  				Check the browser console and network tabs for more information.
  
  				## Does the console show the error "No 'Access-Control-Allow-Origin' header"?
  
  				This means the server that hosts your file does not allow requests from other sites
  				(cross-origin requests, or CORS).	You need to move the asset to a server that allows
  				cross-origin file downloads. Learn more about CORS at
  				https://developer.mozilla.org/en-US/docs/Web/HTTP/CORS.
  
  				If your file is on GitHub, load it from "raw.githubusercontent.com".
  				Here's how to do that:
  
  				1. Start with the original GitHub URL of the file. For example:
  				https://github.com/username/repository/blob/branch/filename.
  				2. Replace "github.com" with "raw.githubusercontent.com".
  				3. Remove the "/blob/" part of the URL.
  
  				The resulting URL should look like this:
  				https://raw.githubusercontent.com/username/repository/branch/filename
  
  				Error:
  				Error: Could not download "https://downloads.wordpress.org/plugin/wesbenson.latest-stable.zip"
      at Object.run (file:///home/runner/work/playground-tester/playground-tester/node_modules/@wp-playground/blueprints/index.js:12449:19)
      at process.processTicksAndRejections (node:internal/process/task_queues:105:5)
      at async ms (file:///home/runner/work/playground-tester/playground-tester/node_modules/@wp-playground/blueprints/index.js:12552:3)
      at async Object.onBind (file:///home/runner/work/playground-tester/playground-tester/node_modules/@wp-playground/cli/index.js:227:48)
      at async V (file:///home/runner/work/playground-tester/playground-tester/node_modules/@wp-playground/cli/index.js:64:10)
      at async ja (file:///home/runner/work/playground-tester/playground-tester/node_modules/@wp-playground/cli/cli.js:8161:12) {
    [cause]: Error: Could not download "https://downloads.wordpress.org/plugin/wesbenson.latest-stable.zip".
    				Check if the URL is correct and the server is reachable.
    				If it is reachable, the server might be blocking the request.
    				Check the browser console and network tabs for more information.
    
    				## Does the console show the error "No 'Access-Control-Allow-Origin' header"?
    
    				This means the server that hosts your file does not allow requests from other sites
    				(cross-origin requests, or CORS).	You need to move the asset to a server that allows
    				cross-origin file downloads. Learn more about CORS at
    				https://developer.mozilla.org/en-US/docs/Web/HTTP/CORS.
    
    				If your file is on GitHub, load it from "raw.githubusercontent.com".
    				Here's how to do that:
    
    				1. Start with the original GitHub URL of the file. For example:
    				https://github.com/username/repository/blob/branch/filename.
    				2. Replace "github.com" with "raw.githubusercontent.com".
    				3. Remove the "/blob/" part of the URL.
    
    				The resulting URL should look like this:
    				https://raw.githubusercontent.com/username/repository/branch/filename
    
    				Error:
    				Error: Could not download "https://downloads.wordpress.org/plugin/wesbenson.latest-stable.zip"
        at Ct.resolve (file:///home/runner/work/playground-tester/playground-tester/node_modules/@wp-playground/blueprints/index.js:1472:13)
        at process.processTicksAndRejections (node:internal/process/task_queues:105:5)
        at async _.run (file:///home/runner/work/playground-tester/playground-tester/node_modules/@php-wasm/util/index.js:45:14)
  }
}

Node.js v23.11.0
