file:///home/runner/work/playground-tester/playground-tester/node_modules/@wp-playground/cli/run-cli-j-geJYS3.js:325
        throw new Error($, { cause: h });
              ^

Error: [14-Jun-2025 02:27:00 UTC] PHP Parse error:  syntax error, unexpected token "new" in /wordpress/wp-content/plugins/themekit/class-themekitforwp.php on line 198
[14-Jun-2025 02:27:09 UTC] PHP Parse error:  syntax error, unexpected token "new" in /wordpress/wp-content/plugins/themekit/class-themekitforwp.php on line 198
[14-Jun-2025 02:27:18 UTC] PHP Parse error:  syntax error, unexpected token "new" in /wordpress/wp-content/plugins/themekit/class-themekitforwp.php on line 198
[14-Jun-2025 02:27:29 UTC] PHP Fatal error:  Uncaught Exception: Broadcast requires a Wordpress network install. It does not support single installs. in /wordpress/wp-content/plugins/threewp-broadcast/src/ThreeWP_Broadcast.php:236
Stack trace:
#0 /wordpress/wp-content/plugins/threewp-broadcast/src/sdk/wordpress/base.php(204): threewp_broadcast\ThreeWP_Broadcast->activate()
#1 /wordpress/wp-includes/class-wp-hook.php(324): plainview\sdk_broadcast\wordpress\base->activate_internal(false)
#2 /wordpress/wp-includes/class-wp-hook.php(348): WP_Hook->apply_filters('', Array)
#3 /wordpress/wp-includes/plugin.php(517): WP_Hook->do_action(Array)
#4 /wordpress/wp-admin/includes/plugin.php(703): do_action('activate_threew...', false)
#5 /internal/eval.php(20): activate_plugin('threewp-broadca...')
#6 {main}
  thrown in /wordpress/wp-content/plugins/threewp-broadcast/src/ThreeWP_Broadcast.php on line 236
[14-Jun-2025 02:27:40 UTC] PHP Fatal error:  Uncaught Exception: Broadcast requires a Wordpress network install. It does not support single installs. in /wordpress/wp-content/plugins/threewp-broadcast/src/ThreeWP_Broadcast.php:236
Stack trace:
#0 /wordpress/wp-content/plugins/threewp-broadcast/src/sdk/wordpress/base.php(204): threewp_broadcast\ThreeWP_Broadcast->activate()
#1 /wordpress/wp-includes/class-wp-hook.php(324): plainview\sdk_broadcast\wordpress\base->activate_internal(false)
#2 /wordpress/wp-includes/class-wp-hook.php(348): WP_Hook->apply_filters('', Array)
#3 /wordpress/wp-includes/plugin.php(517): WP_Hook->do_action(Array)
#4 /wordpress/wp-admin/includes/plugin.php(703): do_action('activate_threew...', false)
#5 /internal/eval.php(20): activate_plugin('threewp-broadca...')
#6 {main}
  thrown in /wordpress/wp-content/plugins/threewp-broadcast/src/ThreeWP_Broadcast.php on line 236
[14-Jun-2025 02:27:50 UTC] PHP Fatal error:  Uncaught Exception: Broadcast requires a Wordpress network install. It does not support single installs. in /wordpress/wp-content/plugins/threewp-broadcast/src/ThreeWP_Broadcast.php:236
Stack trace:
#0 /wordpress/wp-content/plugins/threewp-broadcast/src/sdk/wordpress/base.php(204): threewp_broadcast\ThreeWP_Broadcast->activate()
#1 /wordpress/wp-includes/class-wp-hook.php(324): plainview\sdk_broadcast\wordpress\base->activate_internal(false)
#2 /wordpress/wp-includes/class-wp-hook.php(348): WP_Hook->apply_filters('', Array)
#3 /wordpress/wp-includes/plugin.php(517): WP_Hook->do_action(Array)
#4 /wordpress/wp-admin/includes/plugin.php(703): do_action('activate_threew...', false)
#5 /internal/eval.php(20): activate_plugin('threewp-broadca...')
#6 {main}
  thrown in /wordpress/wp-content/plugins/threewp-broadcast/src/ThreeWP_Broadcast.php on line 236
[14-Jun-2025 02:27:59 UTC] PHP Warning:  Constant DS already defined in /wordpress/wp-content/plugins/thumbshots/thumbshots.php on line 18
[14-Jun-2025 02:28:01 UTC] PHP Warning:  Constant DS already defined in /wordpress/wp-content/plugins/thumbshots/thumbshots.php on line 18
[14-Jun-2025 02:28:08 UTC] PHP Warning:  Constant DS already defined in /wordpress/wp-content/plugins/thumbshots/thumbshots.php on line 18
[14-Jun-2025 02:28:10 UTC] PHP Warning:  Constant DS already defined in /wordpress/wp-content/plugins/thumbshots/thumbshots.php on line 18
[14-Jun-2025 02:28:17 UTC] PHP Warning:  Constant DS already defined in /wordpress/wp-content/plugins/thumbshots/thumbshots.php on line 18
[14-Jun-2025 02:28:19 UTC] PHP Warning:  Constant DS already defined in /wordpress/wp-content/plugins/thumbshots/thumbshots.php on line 18
[14-Jun-2025 02:32:28 UTC] WordPress database error <div style="clear:both">&nbsp;</div>
<div class="queries" style="clear:both;margin-bottom:2px;border:red dotted thin;">
<p>MySQL query:</p>
<p>CREATE TABLE IF NOT EXISTS `wp_tapsocial_cache` (
			`id` int(15) NOT NULL AUTO_INCREMENT,
			`key` varchar(100) NOT NULL,
			`data` mediumtext,
			`expires` datetime NOT NULL,
			PRIMARY KEY (`id`,`key`,`expires`)
		  )</p>
<p>Queries made or created this session were:</p>
<ol>
<li>Executing: BEGIN IMMEDIATE | (no parameters)</li>
<li>Executing: SELECT 1 FROM `_wp_sqlite_mysql_information_schema_tables` WHERE table_schema = ? AND table_name = ? | parameters: database_name_here, wp_tapsocial_cache</li>
<li>Executing: INSERT INTO `_wp_sqlite_mysql_information_schema_tables` (`table_schema`, `table_name`, `table_type`, `engine`, `row_format`, `table_collation`, `table_comment`) VALUES (?, ?, ?, ?, ?, ?, ?) | parameters: database_name_here, wp_tapsocial_cache, BASE TABLE, InnoDB, Dynamic, utf8mb4_general_ci, </li>
<li>Executing: INSERT INTO `_wp_sqlite_mysql_information_schema_columns` (`table_schema`, `table_name`, `column_name`, `ordinal_position`, `column_default`, `is_nullable`, `data_type`, `character_maximum_length`, `character_octet_length`, `numeric_precision`, `numeric_scale`, `datetime_precision`, `character_set_name`, `collation_name`, `column_type`, `column_key`, `extra`, `privileges`, `column_comment`, `generation_expression`, `srs_id`) VALUES (?, ?, ?, ?, ?, ?, ?, ?, ?, ?, ?, ?, ?, ?, ?, ?, ?, ?, ?, ?, ?) | parameters: database_name_here, wp_tapsocial_cache, id, 1, , NO, int, , , 10, 0, , , , int(15), , auto_increment, select,insert,update,references, , , </li>
<li>Executing: INSERT INTO `_wp_sqlite_mysql_information_schema_columns` (`table_schema`, `table_name`, `column_name`, `ordinal_position`, `column_default`, `is_nullable`, `data_type`, `character_maximum_length`, `character_octet_length`, `numeric_precision`, `numeric_scale`, `datetime_precision`, `character_set_name`, `collation_name`, `column_type`, `column_key`, `extra`, `privileges`, `column_comment`, `generation_expression`, `srs_id`) VALUES (?, ?, ?, ?, ?, ?, ?, ?, ?, ?, ?, ?, ?, ?, ?, ?, ?, ?, ?, ?, ?) | parameters: database_name_here, wp_tapsocial_cache, key, 2, , NO, varchar, 100, 400, , , , utf8mb4, utf8mb4_general_ci, varchar(100), , , select,insert,update,references, , , </li>
<li>Executing: INSERT INTO `_wp_sqlite_mysql_information_schema_columns` (`table_schema`, `table_name`, `column_name`, `ordinal_position`, `column_default`, `is_nullable`, `data_type`, `character_maximum_length`, `character_octet_length`, `numeric_precision`, `numeric_scale`, `datetime_precision`, `character_set_name`, `collation_name`, `column_type`, `column_key`, `extra`, `privileges`, `column_comment`, `generation_expression`, `srs_id`) VALUES (?, ?, ?, ?, ?, ?, ?, ?, ?, ?, ?, ?, ?, ?, ?, ?, ?, ?, ?, ?, ?) | parameters: database_name_here, wp_tapsocial_cache, data, 3, , YES, mediumtext, 16777215, 16777215, , , , utf8mb4, utf8mb4_general_ci, mediumtext, , , select,insert,update,references, , , </li>
<li>Executing: INSERT INTO `_wp_sqlite_mysql_information_schema_columns` (`table_schema`, `table_name`, `column_name`, `ordinal_position`, `column_default`, `is_nullable`, `data_type`, `character_maximum_length`, `character_octet_length`, `numeric_precision`, `numeric_scale`, `datetime_precision`, `character_set_name`, `collation_name`, `column_type`, `column_key`, `extra`, `privileges`, `column_comment`, `generation_expression`, `srs_id`) VALUES (?, ?, ?, ?, ?, ?, ?, ?, ?, ?, ?, ?, ?, ?, ?, ?, ?, ?, ?, ?, ?) | parameters: database_name_here, wp_tapsocial_cache, expires, 4, , NO, datetime, , , , , 0, , , datetime, , , select,insert,update,references, , , </li>
<li>Executing: 
					SELECT column_name, data_type, is_nullable, character_maximum_length
					FROM `_wp_sqlite_mysql_information_schema_columns`
					WHERE table_schema = ?
					AND table_name = ?
					AND column_name IN (?,?,?)
				 | parameters: database_name_here, wp_tapsocial_cache, id, key, expires</li>
<li>Executing: INSERT INTO `_wp_sqlite_mysql_information_schema_statistics` (`table_schema`, `table_name`, `non_unique`, `index_schema`, `index_name`, `seq_in_index`, `column_name`, `collation`, `cardinality`, `sub_part`, `packed`, `nullable`, `index_type`, `comment`, `index_comment`, `is_visible`, `expression`) VALUES (?, ?, ?, ?, ?, ?, ?, ?, ?, ?, ?, ?, ?, ?, ?, ?, ?) | parameters: database_name_here, wp_tapsocial_cache, 0, database_name_here, PRIMARY, 1, id, A, 0, , , , BTREE, , , YES, </li>
<li>Executing: INSERT INTO `_wp_sqlite_mysql_information_schema_statistics` (`table_schema`, `table_name`, `non_unique`, `index_schema`, `index_name`, `seq_in_index`, `column_name`, `collation`, `cardinality`, `sub_part`, `packed`, `nullable`, `index_type`, `comment`, `index_comment`, `is_visible`, `expression`) VALUES (?, ?, ?, ?, ?, ?, ?, ?, ?, ?, ?, ?, ?, ?, ?, ?, ?) | parameters: database_name_here, wp_tapsocial_cache, 0, database_name_here, PRIMARY, 2, key, A, 0, , , , BTREE, , , YES, </li>
<li>Executing: INSERT INTO `_wp_sqlite_mysql_information_schema_statistics` (`table_schema`, `table_name`, `non_unique`, `index_schema`, `index_name`, `seq_in_index`, `column_name`, `collation`, `cardinality`, `sub_part`, `packed`, `nullable`, `index_type`, `comment`, `index_comment`, `is_visible`, `expression`) VALUES (?, ?, ?, ?, ?, ?, ?, ?, ?, ?, ?, ?, ?, ?, ?, ?, ?) | parameters: database_name_here, wp_tapsocial_cache, 0, database_name_here, PRIMARY, 3, expires, A, 0, , , , BTREE, , , YES, </li>
<li>Executing: INSERT INTO `_wp_sqlite_mysql_information_schema_table_constraints` (`table_schema`, `table_name`, `constraint_schema`, `constraint_name`, `constraint_type`) VALUES (?, ?, ?, ?, ?) | parameters: database_name_here, wp_tapsocial_cache, database_name_here, PRIMARY, PRIMARY KEY</li>
<li>Executing: 
				UPDATE `_wp_sqlite_mysql_information_schema_columns` AS c
				SET (column_key, is_nullable) = (
					SELECT
						CASE
							WHEN MAX(s.index_name = 'PRIMARY') THEN 'PRI'
							WHEN MAX(s.non_unique = 0 AND s.seq_in_index = 1) THEN 'UNI'
							WHEN MAX(s.seq_in_index = 1) THEN 'MUL'
							ELSE ''
						END,
						CASE
							WHEN MAX(s.index_name = 'PRIMARY') THEN 'NO'
							ELSE c.is_nullable
						END
					FROM `_wp_sqlite_mysql_information_schema_statistics` AS s
					WHERE s.table_schema = c.table_schema
					AND s.table_name = c.table_name
					AND s.column_name = c.column_name
				)
			    WHERE c.table_schema = ?
			    AND c.table_name = ?
			 | parameters: database_name_here, wp_tapsocial_cache</li>
<li>Executing: 
				SELECT *
				FROM `_wp_sqlite_mysql_information_schema_tables`
				WHERE table_type = 'BASE TABLE'
				AND table_schema = ?
				AND table_name = ?
			 | parameters: database_name_here, wp_tapsocial_cache</li>
<li>Executing: SELECT * FROM `_wp_sqlite_mysql_information_schema_columns` WHERE table_schema = ? AND table_name = ? ORDER BY ordinal_position | parameters: database_name_here, wp_tapsocial_cache</li>
<li>Executing: 
					SELECT *
					FROM `_wp_sqlite_mysql_information_schema_statistics`
					WHERE table_schema = ?
					AND table_name = ?
					ORDER BY
						INDEX_NAME = 'PRIMARY' DESC,
						NON_UNIQUE = '0' DESC,
						INDEX_TYPE = 'SPATIAL' DESC,
						INDEX_TYPE = 'BTREE' DESC,
						INDEX_TYPE = 'FULLTEXT' DESC,
						ROWID,
						SEQ_IN_INDEX
				 | parameters: database_name_here, wp_tapsocial_cache</li>
<li>Executing: ROLLBACK | (no parameters)</li>
</ol>
</div>
<div style="clear:both;margin-bottom:2px;border:red dotted thin;" class="error_message" style="border-bottom:dotted blue thin;">
Cannot combine AUTOINCREMENT and multiple primary keys in SQLite
</div>
<p>Backtrace:</p>
<pre>#0 /internal/shared/sqlite-database-integration/wp-includes/sqlite-ast/class-wp-sqlite-driver.php(3407): WP_SQLite_Driver->new_driver_exception('Cannot combine ...')
#1 /internal/shared/sqlite-database-integration/wp-includes/sqlite-ast/class-wp-sqlite-driver.php(1300): WP_SQLite_Driver->get_sqlite_create_table_statement(false, 'wp_tapsocial_ca...')
#2 /internal/shared/sqlite-database-integration/wp-includes/sqlite-ast/class-wp-sqlite-driver.php(878): WP_SQLite_Driver->execute_create_table_statement(Object(WP_Parser_Node))
#3 /internal/shared/sqlite-database-integration/wp-includes/sqlite-ast/class-wp-sqlite-driver.php(669): WP_SQLite_Driver->execute_mysql_query(Object(WP_Parser_Node))
#4 /internal/shared/sqlite-database-integration/wp-includes/sqlite/class-wp-sqlite-db.php(491): WP_SQLite_Driver->query('CREATE TABLE IF...')
#5 /internal/shared/sqlite-database-integration/wp-includes/sqlite/class-wp-sqlite-db.php(432): WP_SQLite_DB->_do_query('CREATE TABLE IF...')
#6 /wordpress/wp-content/plugins/tapsocial/tapsocial.php(144): WP_SQLite_DB->query('CREATE TABLE IF...')
#7 /wordpress/wp-content/plugins/tapsocial/tapsocial.php(28): tapsocial->createDB()
#8 /wordpress/wp-content/plugins/tapsocial/tapsocial.php(1709): tapsocial->__construct()
#9 /wordpress/wp-admin/includes/plugin.php(2387): include_once('/wordpress/wp-c...')
#10 /wordpress/wp-admin/includes/plugin.php(673): plugin_sandbox_scrape('tapsocial/tapso...')
#11 /internal/eval.php(20): activate_plugin('tapsocial/tapso...')
#12 {main}</pre>
 for query CREATE TABLE IF NOT EXISTS `wp_tapsocial_cache` (
			`id` int(15) NOT NULL AUTO_INCREMENT,
			`key` varchar(100) NOT NULL,
			`data` mediumtext,
			`expires` datetime NOT NULL,
			PRIMARY KEY (`id`,`key`,`expires`)
		  ) made by activate_plugin, plugin_sandbox_scrape, include_once('/plugins/tapsocial/tapsocial.php'), tapsocial->__construct, tapsocial->createDB, WP_SQLite_DB->query, WP_SQLite_DB->print_error
[14-Jun-2025 02:32:29 UTC] PHP Warning:  file_get_contents(http://www.tapsocial.net/social-authorize/index.php?ts_uuid={8A487879-C0C8-74A2-62FF-AB630B26692A}&amp;ts_register=1&amp;callback_url=aHR0cDovLzEyNy4wLjAuMTo5NDAy): Failed to open stream: HTTP request failed! in /wordpress/wp-content/plugins/tapsocial/tapsocial.php on line 77
[14-Jun-2025 02:32:29 UTC] PHP Warning:  Attempt to read property "secret" on null in /wordpress/wp-content/plugins/tapsocial/tapsocial.php on line 78
[14-Jun-2025 02:32:38 UTC] WordPress database error <div style="clear:both">&nbsp;</div>
<div class="queries" style="clear:both;margin-bottom:2px;border:red dotted thin;">
<p>MySQL query:</p>
<p>CREATE TABLE IF NOT EXISTS `wp_tapsocial_cache` (
			`id` int(15) NOT NULL AUTO_INCREMENT,
			`key` varchar(100) NOT NULL,
			`data` mediumtext,
			`expires` datetime NOT NULL,
			PRIMARY KEY (`id`,`key`,`expires`)
		  )</p>
<p>Queries made or created this session were:</p>
<ol>
<li>Executing: BEGIN IMMEDIATE | (no parameters)</li>
<li>Executing: SELECT 1 FROM `_wp_sqlite_mysql_information_schema_tables` WHERE table_schema = ? AND table_name = ? | parameters: database_name_here, wp_tapsocial_cache</li>
<li>Executing: INSERT INTO `_wp_sqlite_mysql_information_schema_tables` (`table_schema`, `table_name`, `table_type`, `engine`, `row_format`, `table_collation`, `table_comment`) VALUES (?, ?, ?, ?, ?, ?, ?) | parameters: database_name_here, wp_tapsocial_cache, BASE TABLE, InnoDB, Dynamic, utf8mb4_general_ci, </li>
<li>Executing: INSERT INTO `_wp_sqlite_mysql_information_schema_columns` (`table_schema`, `table_name`, `column_name`, `ordinal_position`, `column_default`, `is_nullable`, `data_type`, `character_maximum_length`, `character_octet_length`, `numeric_precision`, `numeric_scale`, `datetime_precision`, `character_set_name`, `collation_name`, `column_type`, `column_key`, `extra`, `privileges`, `column_comment`, `generation_expression`, `srs_id`) VALUES (?, ?, ?, ?, ?, ?, ?, ?, ?, ?, ?, ?, ?, ?, ?, ?, ?, ?, ?, ?, ?) | parameters: database_name_here, wp_tapsocial_cache, id, 1, , NO, int, , , 10, 0, , , , int(15), , auto_increment, select,insert,update,references, , , </li>
<li>Executing: INSERT INTO `_wp_sqlite_mysql_information_schema_columns` (`table_schema`, `table_name`, `column_name`, `ordinal_position`, `column_default`, `is_nullable`, `data_type`, `character_maximum_length`, `character_octet_length`, `numeric_precision`, `numeric_scale`, `datetime_precision`, `character_set_name`, `collation_name`, `column_type`, `column_key`, `extra`, `privileges`, `column_comment`, `generation_expression`, `srs_id`) VALUES (?, ?, ?, ?, ?, ?, ?, ?, ?, ?, ?, ?, ?, ?, ?, ?, ?, ?, ?, ?, ?) | parameters: database_name_here, wp_tapsocial_cache, key, 2, , NO, varchar, 100, 400, , , , utf8mb4, utf8mb4_general_ci, varchar(100), , , select,insert,update,references, , , </li>
<li>Executing: INSERT INTO `_wp_sqlite_mysql_information_schema_columns` (`table_schema`, `table_name`, `column_name`, `ordinal_position`, `column_default`, `is_nullable`, `data_type`, `character_maximum_length`, `character_octet_length`, `numeric_precision`, `numeric_scale`, `datetime_precision`, `character_set_name`, `collation_name`, `column_type`, `column_key`, `extra`, `privileges`, `column_comment`, `generation_expression`, `srs_id`) VALUES (?, ?, ?, ?, ?, ?, ?, ?, ?, ?, ?, ?, ?, ?, ?, ?, ?, ?, ?, ?, ?) | parameters: database_name_here, wp_tapsocial_cache, data, 3, , YES, mediumtext, 16777215, 16777215, , , , utf8mb4, utf8mb4_general_ci, mediumtext, , , select,insert,update,references, , , </li>
<li>Executing: INSERT INTO `_wp_sqlite_mysql_information_schema_columns` (`table_schema`, `table_name`, `column_name`, `ordinal_position`, `column_default`, `is_nullable`, `data_type`, `character_maximum_length`, `character_octet_length`, `numeric_precision`, `numeric_scale`, `datetime_precision`, `character_set_name`, `collation_name`, `column_type`, `column_key`, `extra`, `privileges`, `column_comment`, `generation_expression`, `srs_id`) VALUES (?, ?, ?, ?, ?, ?, ?, ?, ?, ?, ?, ?, ?, ?, ?, ?, ?, ?, ?, ?, ?) | parameters: database_name_here, wp_tapsocial_cache, expires, 4, , NO, datetime, , , , , 0, , , datetime, , , select,insert,update,references, , , </li>
<li>Executing: 
					SELECT column_name, data_type, is_nullable, character_maximum_length
					FROM `_wp_sqlite_mysql_information_schema_columns`
					WHERE table_schema = ?
					AND table_name = ?
					AND column_name IN (?,?,?)
				 | parameters: database_name_here, wp_tapsocial_cache, id, key, expires</li>
<li>Executing: INSERT INTO `_wp_sqlite_mysql_information_schema_statistics` (`table_schema`, `table_name`, `non_unique`, `index_schema`, `index_name`, `seq_in_index`, `column_name`, `collation`, `cardinality`, `sub_part`, `packed`, `nullable`, `index_type`, `comment`, `index_comment`, `is_visible`, `expression`) VALUES (?, ?, ?, ?, ?, ?, ?, ?, ?, ?, ?, ?, ?, ?, ?, ?, ?) | parameters: database_name_here, wp_tapsocial_cache, 0, database_name_here, PRIMARY, 1, id, A, 0, , , , BTREE, , , YES, </li>
<li>Executing: INSERT INTO `_wp_sqlite_mysql_information_schema_statistics` (`table_schema`, `table_name`, `non_unique`, `index_schema`, `index_name`, `seq_in_index`, `column_name`, `collation`, `cardinality`, `sub_part`, `packed`, `nullable`, `index_type`, `comment`, `index_comment`, `is_visible`, `expression`) VALUES (?, ?, ?, ?, ?, ?, ?, ?, ?, ?, ?, ?, ?, ?, ?, ?, ?) | parameters: database_name_here, wp_tapsocial_cache, 0, database_name_here, PRIMARY, 2, key, A, 0, , , , BTREE, , , YES, </li>
<li>Executing: INSERT INTO `_wp_sqlite_mysql_information_schema_statistics` (`table_schema`, `table_name`, `non_unique`, `index_schema`, `index_name`, `seq_in_index`, `column_name`, `collation`, `cardinality`, `sub_part`, `packed`, `nullable`, `index_type`, `comment`, `index_comment`, `is_visible`, `expression`) VALUES (?, ?, ?, ?, ?, ?, ?, ?, ?, ?, ?, ?, ?, ?, ?, ?, ?) | parameters: database_name_here, wp_tapsocial_cache, 0, database_name_here, PRIMARY, 3, expires, A, 0, , , , BTREE, , , YES, </li>
<li>Executing: INSERT INTO `_wp_sqlite_mysql_information_schema_table_constraints` (`table_schema`, `table_name`, `constraint_schema`, `constraint_name`, `constraint_type`) VALUES (?, ?, ?, ?, ?) | parameters: database_name_here, wp_tapsocial_cache, database_name_here, PRIMARY, PRIMARY KEY</li>
<li>Executing: 
				UPDATE `_wp_sqlite_mysql_information_schema_columns` AS c
				SET (column_key, is_nullable) = (
					SELECT
						CASE
							WHEN MAX(s.index_name = 'PRIMARY') THEN 'PRI'
							WHEN MAX(s.non_unique = 0 AND s.seq_in_index = 1) THEN 'UNI'
							WHEN MAX(s.seq_in_index = 1) THEN 'MUL'
							ELSE ''
						END,
						CASE
							WHEN MAX(s.index_name = 'PRIMARY') THEN 'NO'
							ELSE c.is_nullable
						END
					FROM `_wp_sqlite_mysql_information_schema_statistics` AS s
					WHERE s.table_schema = c.table_schema
					AND s.table_name = c.table_name
					AND s.column_name = c.column_name
				)
			    WHERE c.table_schema = ?
			    AND c.table_name = ?
			 | parameters: database_name_here, wp_tapsocial_cache</li>
<li>Executing: 
				SELECT *
				FROM `_wp_sqlite_mysql_information_schema_tables`
				WHERE table_type = 'BASE TABLE'
				AND table_schema = ?
				AND table_name = ?
			 | parameters: database_name_here, wp_tapsocial_cache</li>
<li>Executing: SELECT * FROM `_wp_sqlite_mysql_information_schema_columns` WHERE table_schema = ? AND table_name = ? ORDER BY ordinal_position | parameters: database_name_here, wp_tapsocial_cache</li>
<li>Executing: 
					SELECT *
					FROM `_wp_sqlite_mysql_information_schema_statistics`
					WHERE table_schema = ?
					AND table_name = ?
					ORDER BY
						INDEX_NAME = 'PRIMARY' DESC,
						NON_UNIQUE = '0' DESC,
						INDEX_TYPE = 'SPATIAL' DESC,
						INDEX_TYPE = 'BTREE' DESC,
						INDEX_TYPE = 'FULLTEXT' DESC,
						ROWID,
						SEQ_IN_INDEX
				 | parameters: database_name_here, wp_tapsocial_cache</li>
<li>Executing: ROLLBACK | (no parameters)</li>
</ol>
</div>
<div style="clear:both;margin-bottom:2px;border:red dotted thin;" class="error_message" style="border-bottom:dotted blue thin;">
Cannot combine AUTOINCREMENT and multiple primary keys in SQLite
</div>
<p>Backtrace:</p>
<pre>#0 /internal/shared/sqlite-database-integration/wp-includes/sqlite-ast/class-wp-sqlite-driver.php(3407): WP_SQLite_Driver->new_driver_exception('Cannot combine ...')
#1 /internal/shared/sqlite-database-integration/wp-includes/sqlite-ast/class-wp-sqlite-driver.php(1300): WP_SQLite_Driver->get_sqlite_create_table_statement(false, 'wp_tapsocial_ca...')
#2 /internal/shared/sqlite-database-integration/wp-includes/sqlite-ast/class-wp-sqlite-driver.php(878): WP_SQLite_Driver->execute_create_table_statement(Object(WP_Parser_Node))
#3 /internal/shared/sqlite-database-integration/wp-includes/sqlite-ast/class-wp-sqlite-driver.php(669): WP_SQLite_Driver->execute_mysql_query(Object(WP_Parser_Node))
#4 /internal/shared/sqlite-database-integration/wp-includes/sqlite/class-wp-sqlite-db.php(491): WP_SQLite_Driver->query('CREATE TABLE IF...')
#5 /internal/shared/sqlite-database-integration/wp-includes/sqlite/class-wp-sqlite-db.php(432): WP_SQLite_DB->_do_query('CREATE TABLE IF...')
#6 /wordpress/wp-content/plugins/tapsocial/tapsocial.php(144): WP_SQLite_DB->query('CREATE TABLE IF...')
#7 /wordpress/wp-content/plugins/tapsocial/tapsocial.php(28): tapsocial->createDB()
#8 /wordpress/wp-content/plugins/tapsocial/tapsocial.php(1709): tapsocial->__construct()
#9 /wordpress/wp-admin/includes/plugin.php(2387): include_once('/wordpress/wp-c...')
#10 /wordpress/wp-admin/includes/plugin.php(673): plugin_sandbox_scrape('tapsocial/tapso...')
#11 /internal/eval.php(20): activate_plugin('tapsocial/tapso...')
#12 {main}</pre>
 for query CREATE TABLE IF NOT EXISTS `wp_tapsocial_cache` (
			`id` int(15) NOT NULL AUTO_INCREMENT,
			`key` varchar(100) NOT NULL,
			`data` mediumtext,
			`expires` datetime NOT NULL,
			PRIMARY KEY (`id`,`key`,`expires`)
		  ) made by activate_plugin, plugin_sandbox_scrape, include_once('/plugins/tapsocial/tapsocial.php'), tapsocial->__construct, tapsocial->createDB, WP_SQLite_DB->query, WP_SQLite_DB->print_error
[14-Jun-2025 02:32:40 UTC] PHP Warning:  file_get_contents(http://www.tapsocial.net/social-authorize/index.php?ts_uuid={85B90BE7-68F3-6B96-105C-B0021AF00062}&amp;ts_register=1&amp;callback_url=aHR0cDovLzEyNy4wLjAuMTo5NDAy): Failed to open stream: HTTP request failed! in /wordpress/wp-content/plugins/tapsocial/tapsocial.php on line 77
[14-Jun-2025 02:32:40 UTC] PHP Warning:  Attempt to read property "secret" on null in /wordpress/wp-content/plugins/tapsocial/tapsocial.php on line 78
[14-Jun-2025 02:32:48 UTC] WordPress database error <div style="clear:both">&nbsp;</div>
<div class="queries" style="clear:both;margin-bottom:2px;border:red dotted thin;">
<p>MySQL query:</p>
<p>CREATE TABLE IF NOT EXISTS `wp_tapsocial_cache` (
			`id` int(15) NOT NULL AUTO_INCREMENT,
			`key` varchar(100) NOT NULL,
			`data` mediumtext,
			`expires` datetime NOT NULL,
			PRIMARY KEY (`id`,`key`,`expires`)
		  )</p>
<p>Queries made or created this session were:</p>
<ol>
<li>Executing: BEGIN IMMEDIATE | (no parameters)</li>
<li>Executing: SELECT 1 FROM `_wp_sqlite_mysql_information_schema_tables` WHERE table_schema = ? AND table_name = ? | parameters: database_name_here, wp_tapsocial_cache</li>
<li>Executing: INSERT INTO `_wp_sqlite_mysql_information_schema_tables` (`table_schema`, `table_name`, `table_type`, `engine`, `row_format`, `table_collation`, `table_comment`) VALUES (?, ?, ?, ?, ?, ?, ?) | parameters: database_name_here, wp_tapsocial_cache, BASE TABLE, InnoDB, Dynamic, utf8mb4_general_ci, </li>
<li>Executing: INSERT INTO `_wp_sqlite_mysql_information_schema_columns` (`table_schema`, `table_name`, `column_name`, `ordinal_position`, `column_default`, `is_nullable`, `data_type`, `character_maximum_length`, `character_octet_length`, `numeric_precision`, `numeric_scale`, `datetime_precision`, `character_set_name`, `collation_name`, `column_type`, `column_key`, `extra`, `privileges`, `column_comment`, `generation_expression`, `srs_id`) VALUES (?, ?, ?, ?, ?, ?, ?, ?, ?, ?, ?, ?, ?, ?, ?, ?, ?, ?, ?, ?, ?) | parameters: database_name_here, wp_tapsocial_cache, id, 1, , NO, int, , , 10, 0, , , , int(15), , auto_increment, select,insert,update,references, , , </li>
<li>Executing: INSERT INTO `_wp_sqlite_mysql_information_schema_columns` (`table_schema`, `table_name`, `column_name`, `ordinal_position`, `column_default`, `is_nullable`, `data_type`, `character_maximum_length`, `character_octet_length`, `numeric_precision`, `numeric_scale`, `datetime_precision`, `character_set_name`, `collation_name`, `column_type`, `column_key`, `extra`, `privileges`, `column_comment`, `generation_expression`, `srs_id`) VALUES (?, ?, ?, ?, ?, ?, ?, ?, ?, ?, ?, ?, ?, ?, ?, ?, ?, ?, ?, ?, ?) | parameters: database_name_here, wp_tapsocial_cache, key, 2, , NO, varchar, 100, 400, , , , utf8mb4, utf8mb4_general_ci, varchar(100), , , select,insert,update,references, , , </li>
<li>Executing: INSERT INTO `_wp_sqlite_mysql_information_schema_columns` (`table_schema`, `table_name`, `column_name`, `ordinal_position`, `column_default`, `is_nullable`, `data_type`, `character_maximum_length`, `character_octet_length`, `numeric_precision`, `numeric_scale`, `datetime_precision`, `character_set_name`, `collation_name`, `column_type`, `column_key`, `extra`, `privileges`, `column_comment`, `generation_expression`, `srs_id`) VALUES (?, ?, ?, ?, ?, ?, ?, ?, ?, ?, ?, ?, ?, ?, ?, ?, ?, ?, ?, ?, ?) | parameters: database_name_here, wp_tapsocial_cache, data, 3, , YES, mediumtext, 16777215, 16777215, , , , utf8mb4, utf8mb4_general_ci, mediumtext, , , select,insert,update,references, , , </li>
<li>Executing: INSERT INTO `_wp_sqlite_mysql_information_schema_columns` (`table_schema`, `table_name`, `column_name`, `ordinal_position`, `column_default`, `is_nullable`, `data_type`, `character_maximum_length`, `character_octet_length`, `numeric_precision`, `numeric_scale`, `datetime_precision`, `character_set_name`, `collation_name`, `column_type`, `column_key`, `extra`, `privileges`, `column_comment`, `generation_expression`, `srs_id`) VALUES (?, ?, ?, ?, ?, ?, ?, ?, ?, ?, ?, ?, ?, ?, ?, ?, ?, ?, ?, ?, ?) | parameters: database_name_here, wp_tapsocial_cache, expires, 4, , NO, datetime, , , , , 0, , , datetime, , , select,insert,update,references, , , </li>
<li>Executing: 
					SELECT column_name, data_type, is_nullable, character_maximum_length
					FROM `_wp_sqlite_mysql_information_schema_columns`
					WHERE table_schema = ?
					AND table_name = ?
					AND column_name IN (?,?,?)
				 | parameters: database_name_here, wp_tapsocial_cache, id, key, expires</li>
<li>Executing: INSERT INTO `_wp_sqlite_mysql_information_schema_statistics` (`table_schema`, `table_name`, `non_unique`, `index_schema`, `index_name`, `seq_in_index`, `column_name`, `collation`, `cardinality`, `sub_part`, `packed`, `nullable`, `index_type`, `comment`, `index_comment`, `is_visible`, `expression`) VALUES (?, ?, ?, ?, ?, ?, ?, ?, ?, ?, ?, ?, ?, ?, ?, ?, ?) | parameters: database_name_here, wp_tapsocial_cache, 0, database_name_here, PRIMARY, 1, id, A, 0, , , , BTREE, , , YES, </li>
<li>Executing: INSERT INTO `_wp_sqlite_mysql_information_schema_statistics` (`table_schema`, `table_name`, `non_unique`, `index_schema`, `index_name`, `seq_in_index`, `column_name`, `collation`, `cardinality`, `sub_part`, `packed`, `nullable`, `index_type`, `comment`, `index_comment`, `is_visible`, `expression`) VALUES (?, ?, ?, ?, ?, ?, ?, ?, ?, ?, ?, ?, ?, ?, ?, ?, ?) | parameters: database_name_here, wp_tapsocial_cache, 0, database_name_here, PRIMARY, 2, key, A, 0, , , , BTREE, , , YES, </li>
<li>Executing: INSERT INTO `_wp_sqlite_mysql_information_schema_statistics` (`table_schema`, `table_name`, `non_unique`, `index_schema`, `index_name`, `seq_in_index`, `column_name`, `collation`, `cardinality`, `sub_part`, `packed`, `nullable`, `index_type`, `comment`, `index_comment`, `is_visible`, `expression`) VALUES (?, ?, ?, ?, ?, ?, ?, ?, ?, ?, ?, ?, ?, ?, ?, ?, ?) | parameters: database_name_here, wp_tapsocial_cache, 0, database_name_here, PRIMARY, 3, expires, A, 0, , , , BTREE, , , YES, </li>
<li>Executing: INSERT INTO `_wp_sqlite_mysql_information_schema_table_constraints` (`table_schema`, `table_name`, `constraint_schema`, `constraint_name`, `constraint_type`) VALUES (?, ?, ?, ?, ?) | parameters: database_name_here, wp_tapsocial_cache, database_name_here, PRIMARY, PRIMARY KEY</li>
<li>Executing: 
				UPDATE `_wp_sqlite_mysql_information_schema_columns` AS c
				SET (column_key, is_nullable) = (
					SELECT
						CASE
							WHEN MAX(s.index_name = 'PRIMARY') THEN 'PRI'
							WHEN MAX(s.non_unique = 0 AND s.seq_in_index = 1) THEN 'UNI'
							WHEN MAX(s.seq_in_index = 1) THEN 'MUL'
							ELSE ''
						END,
						CASE
							WHEN MAX(s.index_name = 'PRIMARY') THEN 'NO'
							ELSE c.is_nullable
						END
					FROM `_wp_sqlite_mysql_information_schema_statistics` AS s
					WHERE s.table_schema = c.table_schema
					AND s.table_name = c.table_name
					AND s.column_name = c.column_name
				)
			    WHERE c.table_schema = ?
			    AND c.table_name = ?
			 | parameters: database_name_here, wp_tapsocial_cache</li>
<li>Executing: 
				SELECT *
				FROM `_wp_sqlite_mysql_information_schema_tables`
				WHERE table_type = 'BASE TABLE'
				AND table_schema = ?
				AND table_name = ?
			 | parameters: database_name_here, wp_tapsocial_cache</li>
<li>Executing: SELECT * FROM `_wp_sqlite_mysql_information_schema_columns` WHERE table_schema = ? AND table_name = ? ORDER BY ordinal_position | parameters: database_name_here, wp_tapsocial_cache</li>
<li>Executing: 
					SELECT *
					FROM `_wp_sqlite_mysql_information_schema_statistics`
					WHERE table_schema = ?
					AND table_name = ?
					ORDER BY
						INDEX_NAME = 'PRIMARY' DESC,
						NON_UNIQUE = '0' DESC,
						INDEX_TYPE = 'SPATIAL' DESC,
						INDEX_TYPE = 'BTREE' DESC,
						INDEX_TYPE = 'FULLTEXT' DESC,
						ROWID,
						SEQ_IN_INDEX
				 | parameters: database_name_here, wp_tapsocial_cache</li>
<li>Executing: ROLLBACK | (no parameters)</li>
</ol>
</div>
<div style="clear:both;margin-bottom:2px;border:red dotted thin;" class="error_message" style="border-bottom:dotted blue thin;">
Cannot combine AUTOINCREMENT and multiple primary keys in SQLite
</div>
<p>Backtrace:</p>
<pre>#0 /internal/shared/sqlite-database-integration/wp-includes/sqlite-ast/class-wp-sqlite-driver.php(3407): WP_SQLite_Driver->new_driver_exception('Cannot combine ...')
#1 /internal/shared/sqlite-database-integration/wp-includes/sqlite-ast/class-wp-sqlite-driver.php(1300): WP_SQLite_Driver->get_sqlite_create_table_statement(false, 'wp_tapsocial_ca...')
#2 /internal/shared/sqlite-database-integration/wp-includes/sqlite-ast/class-wp-sqlite-driver.php(878): WP_SQLite_Driver->execute_create_table_statement(Object(WP_Parser_Node))
#3 /internal/shared/sqlite-database-integration/wp-includes/sqlite-ast/class-wp-sqlite-driver.php(669): WP_SQLite_Driver->execute_mysql_query(Object(WP_Parser_Node))
#4 /internal/shared/sqlite-database-integration/wp-includes/sqlite/class-wp-sqlite-db.php(491): WP_SQLite_Driver->query('CREATE TABLE IF...')
#5 /internal/shared/sqlite-database-integration/wp-includes/sqlite/class-wp-sqlite-db.php(432): WP_SQLite_DB->_do_query('CREATE TABLE IF...')
#6 /wordpress/wp-content/plugins/tapsocial/tapsocial.php(144): WP_SQLite_DB->query('CREATE TABLE IF...')
#7 /wordpress/wp-content/plugins/tapsocial/tapsocial.php(28): tapsocial->createDB()
#8 /wordpress/wp-content/plugins/tapsocial/tapsocial.php(1709): tapsocial->__construct()
#9 /wordpress/wp-admin/includes/plugin.php(2387): include_once('/wordpress/wp-c...')
#10 /wordpress/wp-admin/includes/plugin.php(673): plugin_sandbox_scrape('tapsocial/tapso...')
#11 /internal/eval.php(20): activate_plugin('tapsocial/tapso...')
#12 {main}</pre>
 for query CREATE TABLE IF NOT EXISTS `wp_tapsocial_cache` (
			`id` int(15) NOT NULL AUTO_INCREMENT,
			`key` varchar(100) NOT NULL,
			`data` mediumtext,
			`expires` datetime NOT NULL,
			PRIMARY KEY (`id`,`key`,`expires`)
		  ) made by activate_plugin, plugin_sandbox_scrape, include_once('/plugins/tapsocial/tapsocial.php'), tapsocial->__construct, tapsocial->createDB, WP_SQLite_DB->query, WP_SQLite_DB->print_error
[14-Jun-2025 02:32:50 UTC] PHP Warning:  file_get_contents(http://www.tapsocial.net/social-authorize/index.php?ts_uuid={F6474D69-C2C8-FB6E-7B64-1E91BABEDFBC}&amp;ts_register=1&amp;callback_url=aHR0cDovLzEyNy4wLjAuMTo5NDAy): Failed to open stream: HTTP request failed! in /wordpress/wp-content/plugins/tapsocial/tapsocial.php on line 77
[14-Jun-2025 02:32:50 UTC] PHP Warning:  Attempt to read property "secret" on null in /wordpress/wp-content/plugins/tapsocial/tapsocial.php on line 78
[14-Jun-2025 02:35:01 UTC] PHP Deprecated:  Required parameter $page_name follows optional parameter $order_array in /wordpress/wp-content/plugins/tom-m8te/tom-m8te.php on line 442
[14-Jun-2025 02:35:01 UTC] PHP Deprecated:  Required parameter $container_element follows optional parameter $field_attributes in /wordpress/wp-content/plugins/tom-m8te/tom-m8te.php on line 829
[14-Jun-2025 02:35:01 UTC] PHP Deprecated:  Required parameter $container_element follows optional parameter $field_attributes in /wordpress/wp-content/plugins/tom-m8te/tom-m8te.php on line 982
[14-Jun-2025 02:35:01 UTC] PHP Deprecated:  File class-phpmailer.php is <strong>deprecated</strong> since version 5.5.0! Use wp-includes/PHPMailer/PHPMailer.php instead. The PHPMailer class has been moved to wp-includes/PHPMailer subdirectory and now uses the PHPMailer\PHPMailer namespace. in /wordpress/wp-includes/functions.php on line 6121
[14-Jun-2025 02:35:02 UTC] PHP Deprecated:  Required parameter $page_name follows optional parameter $order_array in /wordpress/wp-content/plugins/tom-m8te/tom-m8te.php on line 442
[14-Jun-2025 02:35:02 UTC] PHP Deprecated:  Required parameter $container_element follows optional parameter $field_attributes in /wordpress/wp-content/plugins/tom-m8te/tom-m8te.php on line 829
[14-Jun-2025 02:35:02 UTC] PHP Deprecated:  Required parameter $container_element follows optional parameter $field_attributes in /wordpress/wp-content/plugins/tom-m8te/tom-m8te.php on line 982
[14-Jun-2025 02:35:03 UTC] PHP Deprecated:  File class-phpmailer.php is <strong>deprecated</strong> since version 5.5.0! Use wp-includes/PHPMailer/PHPMailer.php instead. The PHPMailer class has been moved to wp-includes/PHPMailer subdirectory and now uses the PHPMailer\PHPMailer namespace. in /wordpress/wp-includes/functions.php on line 6121
[14-Jun-2025 02:35:12 UTC] PHP Deprecated:  Required parameter $page_name follows optional parameter $order_array in /wordpress/wp-content/plugins/tom-m8te/tom-m8te.php on line 442
[14-Jun-2025 02:35:12 UTC] PHP Deprecated:  Required parameter $container_element follows optional parameter $field_attributes in /wordpress/wp-content/plugins/tom-m8te/tom-m8te.php on line 829
[14-Jun-2025 02:35:12 UTC] PHP Deprecated:  Required parameter $container_element follows optional parameter $field_attributes in /wordpress/wp-content/plugins/tom-m8te/tom-m8te.php on line 982
[14-Jun-2025 02:35:12 UTC] PHP Deprecated:  File class-phpmailer.php is <strong>deprecated</strong> since version 5.5.0! Use wp-includes/PHPMailer/PHPMailer.php instead. The PHPMailer class has been moved to wp-includes/PHPMailer subdirectory and now uses the PHPMailer\PHPMailer namespace. in /wordpress/wp-includes/functions.php on line 6121
[14-Jun-2025 02:35:13 UTC] PHP Deprecated:  Required parameter $page_name follows optional parameter $order_array in /wordpress/wp-content/plugins/tom-m8te/tom-m8te.php on line 442
[14-Jun-2025 02:35:13 UTC] PHP Deprecated:  Required parameter $container_element follows optional parameter $field_attributes in /wordpress/wp-content/plugins/tom-m8te/tom-m8te.php on line 829
[14-Jun-2025 02:35:13 UTC] PHP Deprecated:  Required parameter $container_element follows optional parameter $field_attributes in /wordpress/wp-content/plugins/tom-m8te/tom-m8te.php on line 982
[14-Jun-2025 02:35:13 UTC] PHP Deprecated:  File class-phpmailer.php is <strong>deprecated</strong> since version 5.5.0! Use wp-includes/PHPMailer/PHPMailer.php instead. The PHPMailer class has been moved to wp-includes/PHPMailer subdirectory and now uses the PHPMailer\PHPMailer namespace. in /wordpress/wp-includes/functions.php on line 6121
[14-Jun-2025 02:35:23 UTC] PHP Deprecated:  Required parameter $page_name follows optional parameter $order_array in /wordpress/wp-content/plugins/tom-m8te/tom-m8te.php on line 442
[14-Jun-2025 02:35:23 UTC] PHP Deprecated:  Required parameter $container_element follows optional parameter $field_attributes in /wordpress/wp-content/plugins/tom-m8te/tom-m8te.php on line 829
[14-Jun-2025 02:35:23 UTC] PHP Deprecated:  Required parameter $container_element follows optional parameter $field_attributes in /wordpress/wp-content/plugins/tom-m8te/tom-m8te.php on line 982
[14-Jun-2025 02:35:23 UTC] PHP Deprecated:  File class-phpmailer.php is <strong>deprecated</strong> since version 5.5.0! Use wp-includes/PHPMailer/PHPMailer.php instead. The PHPMailer class has been moved to wp-includes/PHPMailer subdirectory and now uses the PHPMailer\PHPMailer namespace. in /wordpress/wp-includes/functions.php on line 6121
[14-Jun-2025 02:35:24 UTC] PHP Deprecated:  Required parameter $page_name follows optional parameter $order_array in /wordpress/wp-content/plugins/tom-m8te/tom-m8te.php on line 442
[14-Jun-2025 02:35:24 UTC] PHP Deprecated:  Required parameter $container_element follows optional parameter $field_attributes in /wordpress/wp-content/plugins/tom-m8te/tom-m8te.php on line 829
[14-Jun-2025 02:35:24 UTC] PHP Deprecated:  Required parameter $container_element follows optional parameter $field_attributes in /wordpress/wp-content/plugins/tom-m8te/tom-m8te.php on line 982
[14-Jun-2025 02:35:24 UTC] PHP Deprecated:  File class-phpmailer.php is <strong>deprecated</strong> since version 5.5.0! Use wp-includes/PHPMailer/PHPMailer.php instead. The PHPMailer class has been moved to wp-includes/PHPMailer subdirectory and now uses the PHPMailer\PHPMailer namespace. in /wordpress/wp-includes/functions.php on line 6121
[14-Jun-2025 02:35:34 UTC] PHP Fatal error:  Uncaught Error: Call to undefined function create_function() in /wordpress/wp-content/plugins/zazzle-widget/zazzle_widget.php:390
Stack trace:
#0 /wordpress/wp-admin/includes/plugin.php(2387): include_once()
#1 /wordpress/wp-admin/includes/plugin.php(673): plugin_sandbox_scrape('zazzle-widget/z...')
#2 /internal/eval.php(20): activate_plugin('zazzle-widget/z...')
#3 {main}
  thrown in /wordpress/wp-content/plugins/zazzle-widget/zazzle_widget.php on line 390

    at Object.onBind (file:///home/runner/work/playground-tester/playground-tester/node_modules/@wp-playground/cli/run-cli-j-geJYS3.js:325:15)
    at process.processTicksAndRejections (node:internal/process/task_queues:105:5)
    at async re (file:///home/runner/work/playground-tester/playground-tester/node_modules/@wp-playground/cli/run-cli-j-geJYS3.js:149:10) {
  [cause]: Error: Error when executing the blueprint step #5 ({"step":"installPlugin","pluginData":{"resource":"wordpress.org/plugins","slug":"zazzle-widget"},"options":{"activate":true}}) : PHP.run() failed with exit code 255 and the following output: 
      at Object.run (file:///home/runner/work/playground-tester/playground-tester/node_modules/@wp-playground/blueprints/index.js:12093:19)
      at process.processTicksAndRejections (node:internal/process/task_queues:105:5)
      at async ys (file:///home/runner/work/playground-tester/playground-tester/node_modules/@wp-playground/blueprints/index.js:12196:3)
      at async Object.onBind (file:///home/runner/work/playground-tester/playground-tester/node_modules/@wp-playground/cli/run-cli-j-geJYS3.js:315:48)
      at async re (file:///home/runner/work/playground-tester/playground-tester/node_modules/@wp-playground/cli/run-cli-j-geJYS3.js:149:10) {
    [cause]: PHPExecutionFailureError: PHP.run() failed with exit code 255 and the following output: 
        at PHP.run (file:///home/runner/work/playground-tester/playground-tester/node_modules/@php-wasm/universal/index.js:1034:19)
        at process.processTicksAndRejections (node:internal/process/task_queues:105:5)
        at async wr (file:///home/runner/work/playground-tester/playground-tester/node_modules/@wp-playground/blueprints/index.js:34:39)
        at async Object.gt [as installPlugin] (file:///home/runner/work/playground-tester/playground-tester/node_modules/@wp-playground/blueprints/index.js:631:42)
        at async g (file:///home/runner/work/playground-tester/playground-tester/node_modules/@wp-playground/blueprints/index.js:12161:30)
        at async Object.run (file:///home/runner/work/playground-tester/playground-tester/node_modules/@wp-playground/blueprints/index.js:12090:23)
        at async ys (file:///home/runner/work/playground-tester/playground-tester/node_modules/@wp-playground/blueprints/index.js:12196:3)
        at async Object.onBind (file:///home/runner/work/playground-tester/playground-tester/node_modules/@wp-playground/cli/run-cli-j-geJYS3.js:315:48)
        at async re (file:///home/runner/work/playground-tester/playground-tester/node_modules/@wp-playground/cli/run-cli-j-geJYS3.js:149:10) {
      response: PHPResponse {
        httpStatusCode: 500,
        headers: {
          'x-powered-by': [ 'PHP/8.0.30-dev' ],
          'content-type': [ 'text/html; charset=UTF-8' ]
        },
        bytes: Uint8Array(0) [],
        exitCode: 255,
        errors: ''
      },
      source: 'request'
    }
  }
}

Node.js v23.11.0
