[
{"message":"file:///home/runner/work/playground-tester/playground-tester/node_modules/@wp-playground/cli/run-cli-j-geJYS3.js:325\n        throw new Error($, { cause: h });\n              ^\n","level":"FATAL","type":"PLAYGROUND","test":"ast-sqlite-boot","plugin":"mdwcpt","details":"file:///home/runner/work/playground-tester/playground-tester/node_modules/@wp-playground/cli/run-cli-j-geJYS3.js:325\n        throw new Error($, { cause: h });\n              ^\n","log":"/tmp/tmp.w92mTm1hKI"}
,
{"message":"Function _load_textdomain_just_in_time was called <strong>incorrectly</strong>. Translation loading for the <code>twentytwentyfive</code> domain was triggered too early. This is usually an indicator for some code in the plugin or theme running too early. Translations should be loaded at the <code>init</code> action or later. Please see <a href=\"https://developer.wordpress.org/advanced-administration/debug/debug-wordpress/\">Debugging in WordPress</a> for more information. (This message was added in version 6.7.0.) in /wordpress/wp-includes/functions.php on line 6121","level":"NOTICE","type":"PHP","test":"ast-sqlite-boot","plugin":"mdwcpt","details":"[07-Jun-2025 16:33:01 UTC] PHP Notice:  Function _load_textdomain_just_in_time was called <strong>incorrectly</strong>. Translation loading for the <code>twentytwentyfive</code> domain was triggered too early. This is usually an indicator for some code in the plugin or theme running too early. Translations should be loaded at the <code>init</code> action or later. Please see <a href=\"https://developer.wordpress.org/advanced-administration/debug/debug-wordpress/\">Debugging in WordPress</a> for more information. (This message was added in version 6.7.0.) in /wordpress/wp-includes/functions.php on line 6121","log":"/logs/plugins/m/mdwcpt/error.json"}
,
{"message":"\"continue\" targeting switch is equivalent to \"break\". Did you mean to use \"continue 2\"? in /wordpress/wp-content/plugins/master-bar/admin/redux-framework/ReduxCore/extensions/customizer/extension_customizer.php on line 312","level":"WARNING","type":"PHP","test":"ast-sqlite-boot","plugin":"mdwcpt","details":"[07-Jun-2025 16:33:01 UTC] PHP Warning:  \"continue\" targeting switch is equivalent to \"break\". Did you mean to use \"continue 2\"? in /wordpress/wp-content/plugins/master-bar/admin/redux-framework/ReduxCore/extensions/customizer/extension_customizer.php on line 312","log":"/logs/plugins/m/mdwcpt/error.json"}
,
{"message":"\"continue\" targeting switch is equivalent to \"break\". Did you mean to use \"continue 2\"? in /wordpress/wp-content/plugins/master-bar/admin/redux-framework/ReduxCore/extensions/customizer/extension_customizer.php on line 325","level":"WARNING","type":"PHP","test":"ast-sqlite-boot","plugin":"mdwcpt","details":"[07-Jun-2025 16:33:01 UTC] PHP Warning:  \"continue\" targeting switch is equivalent to \"break\". Did you mean to use \"continue 2\"? in /wordpress/wp-content/plugins/master-bar/admin/redux-framework/ReduxCore/extensions/customizer/extension_customizer.php on line 325","log":"/logs/plugins/m/mdwcpt/error.json"}
,
{"message":"\"continue\" targeting switch is equivalent to \"break\". Did you mean to use \"continue 2\"? in /wordpress/wp-content/plugins/master-bar/admin/redux-framework/ReduxCore/extensions/customizer/extension_customizer.php on line 351","level":"WARNING","type":"PHP","test":"ast-sqlite-boot","plugin":"mdwcpt","details":"[07-Jun-2025 16:33:01 UTC] PHP Warning:  \"continue\" targeting switch is equivalent to \"break\". Did you mean to use \"continue 2\"? in /wordpress/wp-content/plugins/master-bar/admin/redux-framework/ReduxCore/extensions/customizer/extension_customizer.php on line 351","log":"/logs/plugins/m/mdwcpt/error.json"}
,
{"message":"\"continue\" targeting switch is equivalent to \"break\". Did you mean to use \"continue 2\"? in /wordpress/wp-content/plugins/master-bar/admin/redux-framework/ReduxCore/extensions/customizer/extension_customizer.php on line 363","level":"WARNING","type":"PHP","test":"ast-sqlite-boot","plugin":"mdwcpt","details":"[07-Jun-2025 16:33:01 UTC] PHP Warning:  \"continue\" targeting switch is equivalent to \"break\". Did you mean to use \"continue 2\"? in /wordpress/wp-content/plugins/master-bar/admin/redux-framework/ReduxCore/extensions/customizer/extension_customizer.php on line 363","log":"/logs/plugins/m/mdwcpt/error.json"}
,
{"message":"\"continue\" targeting switch is equivalent to \"break\". Did you mean to use \"continue 2\"? in /wordpress/wp-content/plugins/master-bar/admin/redux-framework/ReduxCore/extensions/customizer/extension_customizer.php on line 382","level":"WARNING","type":"PHP","test":"ast-sqlite-boot","plugin":"mdwcpt","details":"[07-Jun-2025 16:33:01 UTC] PHP Warning:  \"continue\" targeting switch is equivalent to \"break\". Did you mean to use \"continue 2\"? in /wordpress/wp-content/plugins/master-bar/admin/redux-framework/ReduxCore/extensions/customizer/extension_customizer.php on line 382","log":"/logs/plugins/m/mdwcpt/error.json"}
,
{"message":"Undefined array key \"REMOTE_ADDR\" in /wordpress/wp-content/plugins/master-bar/admin/redux-framework/ReduxCore/inc/tracking.php on line 66","level":"WARNING","type":"PHP","test":"ast-sqlite-boot","plugin":"mdwcpt","details":"[07-Jun-2025 16:33:01 UTC] PHP Warning:  Undefined array key \"REMOTE_ADDR\" in /wordpress/wp-content/plugins/master-bar/admin/redux-framework/ReduxCore/inc/tracking.php on line 66","log":"/logs/plugins/m/mdwcpt/error.json"}
,
{"message":"Function _load_textdomain_just_in_time was called <strong>incorrectly</strong>. Translation loading for the <code>twentytwentyfive</code> domain was triggered too early. This is usually an indicator for some code in the plugin or theme running too early. Translations should be loaded at the <code>init</code> action or later. Please see <a href=\"https://developer.wordpress.org/advanced-administration/debug/debug-wordpress/\">Debugging in WordPress</a> for more information. (This message was added in version 6.7.0.) in /wordpress/wp-includes/functions.php on line 6121","level":"NOTICE","type":"PHP","test":"ast-sqlite-boot","plugin":"mdwcpt","details":"[07-Jun-2025 16:33:12 UTC] PHP Notice:  Function _load_textdomain_just_in_time was called <strong>incorrectly</strong>. Translation loading for the <code>twentytwentyfive</code> domain was triggered too early. This is usually an indicator for some code in the plugin or theme running too early. Translations should be loaded at the <code>init</code> action or later. Please see <a href=\"https://developer.wordpress.org/advanced-administration/debug/debug-wordpress/\">Debugging in WordPress</a> for more information. (This message was added in version 6.7.0.) in /wordpress/wp-includes/functions.php on line 6121","log":"/logs/plugins/m/mdwcpt/error.json"}
,
{"message":"\"continue\" targeting switch is equivalent to \"break\". Did you mean to use \"continue 2\"? in /wordpress/wp-content/plugins/master-bar/admin/redux-framework/ReduxCore/extensions/customizer/extension_customizer.php on line 312","level":"WARNING","type":"PHP","test":"ast-sqlite-boot","plugin":"mdwcpt","details":"[07-Jun-2025 16:33:12 UTC] PHP Warning:  \"continue\" targeting switch is equivalent to \"break\". Did you mean to use \"continue 2\"? in /wordpress/wp-content/plugins/master-bar/admin/redux-framework/ReduxCore/extensions/customizer/extension_customizer.php on line 312","log":"/logs/plugins/m/mdwcpt/error.json"}
,
{"message":"\"continue\" targeting switch is equivalent to \"break\". Did you mean to use \"continue 2\"? in /wordpress/wp-content/plugins/master-bar/admin/redux-framework/ReduxCore/extensions/customizer/extension_customizer.php on line 325","level":"WARNING","type":"PHP","test":"ast-sqlite-boot","plugin":"mdwcpt","details":"[07-Jun-2025 16:33:12 UTC] PHP Warning:  \"continue\" targeting switch is equivalent to \"break\". Did you mean to use \"continue 2\"? in /wordpress/wp-content/plugins/master-bar/admin/redux-framework/ReduxCore/extensions/customizer/extension_customizer.php on line 325","log":"/logs/plugins/m/mdwcpt/error.json"}
,
{"message":"\"continue\" targeting switch is equivalent to \"break\". Did you mean to use \"continue 2\"? in /wordpress/wp-content/plugins/master-bar/admin/redux-framework/ReduxCore/extensions/customizer/extension_customizer.php on line 351","level":"WARNING","type":"PHP","test":"ast-sqlite-boot","plugin":"mdwcpt","details":"[07-Jun-2025 16:33:12 UTC] PHP Warning:  \"continue\" targeting switch is equivalent to \"break\". Did you mean to use \"continue 2\"? in /wordpress/wp-content/plugins/master-bar/admin/redux-framework/ReduxCore/extensions/customizer/extension_customizer.php on line 351","log":"/logs/plugins/m/mdwcpt/error.json"}
,
{"message":"\"continue\" targeting switch is equivalent to \"break\". Did you mean to use \"continue 2\"? in /wordpress/wp-content/plugins/master-bar/admin/redux-framework/ReduxCore/extensions/customizer/extension_customizer.php on line 363","level":"WARNING","type":"PHP","test":"ast-sqlite-boot","plugin":"mdwcpt","details":"[07-Jun-2025 16:33:12 UTC] PHP Warning:  \"continue\" targeting switch is equivalent to \"break\". Did you mean to use \"continue 2\"? in /wordpress/wp-content/plugins/master-bar/admin/redux-framework/ReduxCore/extensions/customizer/extension_customizer.php on line 363","log":"/logs/plugins/m/mdwcpt/error.json"}
,
{"message":"\"continue\" targeting switch is equivalent to \"break\". Did you mean to use \"continue 2\"? in /wordpress/wp-content/plugins/master-bar/admin/redux-framework/ReduxCore/extensions/customizer/extension_customizer.php on line 382","level":"WARNING","type":"PHP","test":"ast-sqlite-boot","plugin":"mdwcpt","details":"[07-Jun-2025 16:33:12 UTC] PHP Warning:  \"continue\" targeting switch is equivalent to \"break\". Did you mean to use \"continue 2\"? in /wordpress/wp-content/plugins/master-bar/admin/redux-framework/ReduxCore/extensions/customizer/extension_customizer.php on line 382","log":"/logs/plugins/m/mdwcpt/error.json"}
,
{"message":"Undefined array key \"REMOTE_ADDR\" in /wordpress/wp-content/plugins/master-bar/admin/redux-framework/ReduxCore/inc/tracking.php on line 66","level":"WARNING","type":"PHP","test":"ast-sqlite-boot","plugin":"mdwcpt","details":"[07-Jun-2025 16:33:12 UTC] PHP Warning:  Undefined array key \"REMOTE_ADDR\" in /wordpress/wp-content/plugins/master-bar/admin/redux-framework/ReduxCore/inc/tracking.php on line 66","log":"/logs/plugins/m/mdwcpt/error.json"}
,
{"message":"Function _load_textdomain_just_in_time was called <strong>incorrectly</strong>. Translation loading for the <code>twentytwentyfive</code> domain was triggered too early. This is usually an indicator for some code in the plugin or theme running too early. Translations should be loaded at the <code>init</code> action or later. Please see <a href=\"https://developer.wordpress.org/advanced-administration/debug/debug-wordpress/\">Debugging in WordPress</a> for more information. (This message was added in version 6.7.0.) in /wordpress/wp-includes/functions.php on line 6121","level":"NOTICE","type":"PHP","test":"ast-sqlite-boot","plugin":"mdwcpt","details":"[07-Jun-2025 16:33:22 UTC] PHP Notice:  Function _load_textdomain_just_in_time was called <strong>incorrectly</strong>. Translation loading for the <code>twentytwentyfive</code> domain was triggered too early. This is usually an indicator for some code in the plugin or theme running too early. Translations should be loaded at the <code>init</code> action or later. Please see <a href=\"https://developer.wordpress.org/advanced-administration/debug/debug-wordpress/\">Debugging in WordPress</a> for more information. (This message was added in version 6.7.0.) in /wordpress/wp-includes/functions.php on line 6121","log":"/logs/plugins/m/mdwcpt/error.json"}
,
{"message":"\"continue\" targeting switch is equivalent to \"break\". Did you mean to use \"continue 2\"? in /wordpress/wp-content/plugins/master-bar/admin/redux-framework/ReduxCore/extensions/customizer/extension_customizer.php on line 312","level":"WARNING","type":"PHP","test":"ast-sqlite-boot","plugin":"mdwcpt","details":"[07-Jun-2025 16:33:22 UTC] PHP Warning:  \"continue\" targeting switch is equivalent to \"break\". Did you mean to use \"continue 2\"? in /wordpress/wp-content/plugins/master-bar/admin/redux-framework/ReduxCore/extensions/customizer/extension_customizer.php on line 312","log":"/logs/plugins/m/mdwcpt/error.json"}
,
{"message":"\"continue\" targeting switch is equivalent to \"break\". Did you mean to use \"continue 2\"? in /wordpress/wp-content/plugins/master-bar/admin/redux-framework/ReduxCore/extensions/customizer/extension_customizer.php on line 325","level":"WARNING","type":"PHP","test":"ast-sqlite-boot","plugin":"mdwcpt","details":"[07-Jun-2025 16:33:22 UTC] PHP Warning:  \"continue\" targeting switch is equivalent to \"break\". Did you mean to use \"continue 2\"? in /wordpress/wp-content/plugins/master-bar/admin/redux-framework/ReduxCore/extensions/customizer/extension_customizer.php on line 325","log":"/logs/plugins/m/mdwcpt/error.json"}
,
{"message":"\"continue\" targeting switch is equivalent to \"break\". Did you mean to use \"continue 2\"? in /wordpress/wp-content/plugins/master-bar/admin/redux-framework/ReduxCore/extensions/customizer/extension_customizer.php on line 351","level":"WARNING","type":"PHP","test":"ast-sqlite-boot","plugin":"mdwcpt","details":"[07-Jun-2025 16:33:22 UTC] PHP Warning:  \"continue\" targeting switch is equivalent to \"break\". Did you mean to use \"continue 2\"? in /wordpress/wp-content/plugins/master-bar/admin/redux-framework/ReduxCore/extensions/customizer/extension_customizer.php on line 351","log":"/logs/plugins/m/mdwcpt/error.json"}
,
{"message":"\"continue\" targeting switch is equivalent to \"break\". Did you mean to use \"continue 2\"? in /wordpress/wp-content/plugins/master-bar/admin/redux-framework/ReduxCore/extensions/customizer/extension_customizer.php on line 363","level":"WARNING","type":"PHP","test":"ast-sqlite-boot","plugin":"mdwcpt","details":"[07-Jun-2025 16:33:22 UTC] PHP Warning:  \"continue\" targeting switch is equivalent to \"break\". Did you mean to use \"continue 2\"? in /wordpress/wp-content/plugins/master-bar/admin/redux-framework/ReduxCore/extensions/customizer/extension_customizer.php on line 363","log":"/logs/plugins/m/mdwcpt/error.json"}
,
{"message":"\"continue\" targeting switch is equivalent to \"break\". Did you mean to use \"continue 2\"? in /wordpress/wp-content/plugins/master-bar/admin/redux-framework/ReduxCore/extensions/customizer/extension_customizer.php on line 382","level":"WARNING","type":"PHP","test":"ast-sqlite-boot","plugin":"mdwcpt","details":"[07-Jun-2025 16:33:22 UTC] PHP Warning:  \"continue\" targeting switch is equivalent to \"break\". Did you mean to use \"continue 2\"? in /wordpress/wp-content/plugins/master-bar/admin/redux-framework/ReduxCore/extensions/customizer/extension_customizer.php on line 382","log":"/logs/plugins/m/mdwcpt/error.json"}
,
{"message":"Undefined array key \"REMOTE_ADDR\" in /wordpress/wp-content/plugins/master-bar/admin/redux-framework/ReduxCore/inc/tracking.php on line 66","level":"WARNING","type":"PHP","test":"ast-sqlite-boot","plugin":"mdwcpt","details":"[07-Jun-2025 16:33:22 UTC] PHP Warning:  Undefined array key \"REMOTE_ADDR\" in /wordpress/wp-content/plugins/master-bar/admin/redux-framework/ReduxCore/inc/tracking.php on line 66","log":"/logs/plugins/m/mdwcpt/error.json"}
,
{"message":"Uncaught Error: Call to undefined function get_filesystem_method() in /wordpress/wp-content/plugins/materially-flat-admin-theme/materially-flat-admin-theme.php:98","level":"FATAL","type":"PHP","test":"ast-sqlite-boot","plugin":"mdwcpt","details":"[07-Jun-2025 16:34:29 UTC] PHP Fatal error:  Uncaught Error: Call to undefined function get_filesystem_method() in /wordpress/wp-content/plugins/materially-flat-admin-theme/materially-flat-admin-theme.php:98\nStack trace:\n#0 /wordpress/wp-content/plugins/materially-flat-admin-theme/materially-flat-admin-theme.php(61): mfat_copy_files()\n#1 /wordpress/wp-includes/class-wp-hook.php(324): mfat_install(false)\n#2 /wordpress/wp-includes/class-wp-hook.php(348): WP_Hook->apply_filters('', Array)\n#3 /wordpress/wp-includes/plugin.php(517): WP_Hook->do_action(Array)\n#4 /wordpress/wp-admin/includes/plugin.php(703): do_action('activate_materi...', false)\n#5 /internal/eval.php(20): activate_plugin('materially-flat...')\n#6 {main}\n  thrown in /wordpress/wp-content/plugins/materially-flat-admin-theme/materially-flat-admin-theme.php on line 98","log":"/logs/plugins/m/mdwcpt/error.json"}
,
{"message":"Uncaught Error: Call to undefined function get_filesystem_method() in /wordpress/wp-content/plugins/materially-flat-admin-theme/materially-flat-admin-theme.php:98","level":"FATAL","type":"PHP","test":"ast-sqlite-boot","plugin":"mdwcpt","details":"[07-Jun-2025 16:34:37 UTC] PHP Fatal error:  Uncaught Error: Call to undefined function get_filesystem_method() in /wordpress/wp-content/plugins/materially-flat-admin-theme/materially-flat-admin-theme.php:98\nStack trace:\n#0 /wordpress/wp-content/plugins/materially-flat-admin-theme/materially-flat-admin-theme.php(61): mfat_copy_files()\n#1 /wordpress/wp-includes/class-wp-hook.php(324): mfat_install(false)\n#2 /wordpress/wp-includes/class-wp-hook.php(348): WP_Hook->apply_filters('', Array)\n#3 /wordpress/wp-includes/plugin.php(517): WP_Hook->do_action(Array)\n#4 /wordpress/wp-admin/includes/plugin.php(703): do_action('activate_materi...', false)\n#5 /internal/eval.php(20): activate_plugin('materially-flat...')\n#6 {main}\n  thrown in /wordpress/wp-content/plugins/materially-flat-admin-theme/materially-flat-admin-theme.php on line 98","log":"/logs/plugins/m/mdwcpt/error.json"}
,
{"message":"Uncaught Error: Call to undefined function get_filesystem_method() in /wordpress/wp-content/plugins/materially-flat-admin-theme/materially-flat-admin-theme.php:98","level":"FATAL","type":"PHP","test":"ast-sqlite-boot","plugin":"mdwcpt","details":"[07-Jun-2025 16:34:45 UTC] PHP Fatal error:  Uncaught Error: Call to undefined function get_filesystem_method() in /wordpress/wp-content/plugins/materially-flat-admin-theme/materially-flat-admin-theme.php:98\nStack trace:\n#0 /wordpress/wp-content/plugins/materially-flat-admin-theme/materially-flat-admin-theme.php(61): mfat_copy_files()\n#1 /wordpress/wp-includes/class-wp-hook.php(324): mfat_install(false)\n#2 /wordpress/wp-includes/class-wp-hook.php(348): WP_Hook->apply_filters('', Array)\n#3 /wordpress/wp-includes/plugin.php(517): WP_Hook->do_action(Array)\n#4 /wordpress/wp-admin/includes/plugin.php(703): do_action('activate_materi...', false)\n#5 /internal/eval.php(20): activate_plugin('materially-flat...')\n#6 {main}\n  thrown in /wordpress/wp-content/plugins/materially-flat-admin-theme/materially-flat-admin-theme.php on line 98","log":"/logs/plugins/m/mdwcpt/error.json"}
,
{"message":"Undefined array key \"HTTP_USER_AGENT\" in /wordpress/wp-content/plugins/matrix-quick-view/includes/Helpers/main.php on line 7","level":"WARNING","type":"PHP","test":"ast-sqlite-boot","plugin":"mdwcpt","details":"[07-Jun-2025 16:34:54 UTC] PHP Warning:  Undefined array key \"HTTP_USER_AGENT\" in /wordpress/wp-content/plugins/matrix-quick-view/includes/Helpers/main.php on line 7","log":"/logs/plugins/m/mdwcpt/error.json"}
,
{"message":"Undefined array key \"HTTP_USER_AGENT\" in /wordpress/wp-content/plugins/matrix-quick-view/includes/Helpers/main.php on line 7","level":"WARNING","type":"PHP","test":"ast-sqlite-boot","plugin":"mdwcpt","details":"[07-Jun-2025 16:34:55 UTC] PHP Warning:  Undefined array key \"HTTP_USER_AGENT\" in /wordpress/wp-content/plugins/matrix-quick-view/includes/Helpers/main.php on line 7","log":"/logs/plugins/m/mdwcpt/error.json"}
,
{"message":"Undefined array key \"HTTP_USER_AGENT\" in /wordpress/wp-content/plugins/matrix-quick-view/includes/Helpers/main.php on line 7","level":"WARNING","type":"PHP","test":"ast-sqlite-boot","plugin":"mdwcpt","details":"[07-Jun-2025 16:35:03 UTC] PHP Warning:  Undefined array key \"HTTP_USER_AGENT\" in /wordpress/wp-content/plugins/matrix-quick-view/includes/Helpers/main.php on line 7","log":"/logs/plugins/m/mdwcpt/error.json"}
,
{"message":"Undefined array key \"HTTP_USER_AGENT\" in /wordpress/wp-content/plugins/matrix-quick-view/includes/Helpers/main.php on line 7","level":"WARNING","type":"PHP","test":"ast-sqlite-boot","plugin":"mdwcpt","details":"[07-Jun-2025 16:35:04 UTC] PHP Warning:  Undefined array key \"HTTP_USER_AGENT\" in /wordpress/wp-content/plugins/matrix-quick-view/includes/Helpers/main.php on line 7","log":"/logs/plugins/m/mdwcpt/error.json"}
,
{"message":"Undefined array key \"HTTP_USER_AGENT\" in /wordpress/wp-content/plugins/matrix-quick-view/includes/Helpers/main.php on line 7","level":"WARNING","type":"PHP","test":"ast-sqlite-boot","plugin":"mdwcpt","details":"[07-Jun-2025 16:35:12 UTC] PHP Warning:  Undefined array key \"HTTP_USER_AGENT\" in /wordpress/wp-content/plugins/matrix-quick-view/includes/Helpers/main.php on line 7","log":"/logs/plugins/m/mdwcpt/error.json"}
,
{"message":"Undefined array key \"HTTP_USER_AGENT\" in /wordpress/wp-content/plugins/matrix-quick-view/includes/Helpers/main.php on line 7","level":"WARNING","type":"PHP","test":"ast-sqlite-boot","plugin":"mdwcpt","details":"[07-Jun-2025 16:35:13 UTC] PHP Warning:  Undefined array key \"HTTP_USER_AGENT\" in /wordpress/wp-content/plugins/matrix-quick-view/includes/Helpers/main.php on line 7","log":"/logs/plugins/m/mdwcpt/error.json"}
,
{"message":"Function _load_textdomain_just_in_time was called <strong>incorrectly</strong>. Translation loading for the <code>max-grid</code> domain was triggered too early. This is usually an indicator for some code in the plugin or theme running too early. Translations should be loaded at the <code>init</code> action or later. Please see <a href=\"https://developer.wordpress.org/advanced-administration/debug/debug-wordpress/\">Debugging in WordPress</a> for more information. (This message was added in version 6.7.0.) in /wordpress/wp-includes/functions.php on line 6121","level":"NOTICE","type":"PHP","test":"ast-sqlite-boot","plugin":"mdwcpt","details":"[07-Jun-2025 16:35:24 UTC] PHP Notice:  Function _load_textdomain_just_in_time was called <strong>incorrectly</strong>. Translation loading for the <code>max-grid</code> domain was triggered too early. This is usually an indicator for some code in the plugin or theme running too early. Translations should be loaded at the <code>init</code> action or later. Please see <a href=\"https://developer.wordpress.org/advanced-administration/debug/debug-wordpress/\">Debugging in WordPress</a> for more information. (This message was added in version 6.7.0.) in /wordpress/wp-includes/functions.php on line 6121","log":"/logs/plugins/m/mdwcpt/error.json"}
,
{"message":"Function _load_textdomain_just_in_time was called <strong>incorrectly</strong>. Translation loading for the <code>max-grid</code> domain was triggered too early. This is usually an indicator for some code in the plugin or theme running too early. Translations should be loaded at the <code>init</code> action or later. Please see <a href=\"https://developer.wordpress.org/advanced-administration/debug/debug-wordpress/\">Debugging in WordPress</a> for more information. (This message was added in version 6.7.0.) in /wordpress/wp-includes/functions.php on line 6121","level":"NOTICE","type":"PHP","test":"ast-sqlite-boot","plugin":"mdwcpt","details":"[07-Jun-2025 16:35:36 UTC] PHP Notice:  Function _load_textdomain_just_in_time was called <strong>incorrectly</strong>. Translation loading for the <code>max-grid</code> domain was triggered too early. This is usually an indicator for some code in the plugin or theme running too early. Translations should be loaded at the <code>init</code> action or later. Please see <a href=\"https://developer.wordpress.org/advanced-administration/debug/debug-wordpress/\">Debugging in WordPress</a> for more information. (This message was added in version 6.7.0.) in /wordpress/wp-includes/functions.php on line 6121","log":"/logs/plugins/m/mdwcpt/error.json"}
,
{"message":"Function _load_textdomain_just_in_time was called <strong>incorrectly</strong>. Translation loading for the <code>max-grid</code> domain was triggered too early. This is usually an indicator for some code in the plugin or theme running too early. Translations should be loaded at the <code>init</code> action or later. Please see <a href=\"https://developer.wordpress.org/advanced-administration/debug/debug-wordpress/\">Debugging in WordPress</a> for more information. (This message was added in version 6.7.0.) in /wordpress/wp-includes/functions.php on line 6121","level":"NOTICE","type":"PHP","test":"ast-sqlite-boot","plugin":"mdwcpt","details":"[07-Jun-2025 16:35:46 UTC] PHP Notice:  Function _load_textdomain_just_in_time was called <strong>incorrectly</strong>. Translation loading for the <code>max-grid</code> domain was triggered too early. This is usually an indicator for some code in the plugin or theme running too early. Translations should be loaded at the <code>init</code> action or later. Please see <a href=\"https://developer.wordpress.org/advanced-administration/debug/debug-wordpress/\">Debugging in WordPress</a> for more information. (This message was added in version 6.7.0.) in /wordpress/wp-includes/functions.php on line 6121","log":"/logs/plugins/m/mdwcpt/error.json"}
,
{"message":"Undefined array key \"REMOTE_ADDR\" in /wordpress/wp-content/plugins/magiks-geo-country-lite/magiks_geo_country.php on line 78","level":"WARNING","type":"PHP","test":"ast-sqlite-boot","plugin":"mdwcpt","details":"[07-Jun-2025 16:36:25 UTC] PHP Warning:  Undefined array key \"REMOTE_ADDR\" in /wordpress/wp-content/plugins/magiks-geo-country-lite/magiks_geo_country.php on line 78","log":"/logs/plugins/m/mdwcpt/error.json"}
,
{"message":"Uncaught Exception: Invalid IP address: NULL in /wordpress/wp-content/plugins/magiks-geo-country-lite/GeoIP.php:540","level":"FATAL","type":"PHP","test":"ast-sqlite-boot","plugin":"mdwcpt","details":"[07-Jun-2025 16:36:25 UTC] PHP Fatal error:  Uncaught Exception: Invalid IP address: NULL in /wordpress/wp-content/plugins/magiks-geo-country-lite/GeoIP.php:540\nStack trace:\n#0 /wordpress/wp-content/plugins/magiks-geo-country-lite/GeoIP.php(558): Net_GeoIP->lookupCountryId(NULL)\n#1 /wordpress/wp-content/plugins/magiks-geo-country-lite/magiks_geo_country.php(100): Net_GeoIP->lookupCountryCode(NULL)\n#2 /wordpress/wp-content/plugins/magiks-geo-country-lite/magiks_geo_country.php(46): magiks_geo_country_shortcode_class->magiks_geo_country_init()\n#3 /wordpress/wp-content/plugins/magiks-geo-country-lite/magiks_geo_country.php(149): magiks_geo_country_shortcode_class->__construct()\n#4 /wordpress/wp-admin/includes/plugin.php(2387): include_once('/wordpress/wp-c...')\n#5 /wordpress/wp-admin/includes/plugin.php(673): plugin_sandbox_scrape('magiks-geo-coun...')\n#6 /internal/eval.php(20): activate_plugin('magiks-geo-coun...')\n#7 {main}\n  thrown in /wordpress/wp-content/plugins/magiks-geo-country-lite/GeoIP.php on line 540","log":"/logs/plugins/m/mdwcpt/error.json"}
,
{"message":"Undefined array key \"REMOTE_ADDR\" in /wordpress/wp-content/plugins/magiks-geo-country-lite/magiks_geo_country.php on line 78","level":"WARNING","type":"PHP","test":"ast-sqlite-boot","plugin":"mdwcpt","details":"[07-Jun-2025 16:36:35 UTC] PHP Warning:  Undefined array key \"REMOTE_ADDR\" in /wordpress/wp-content/plugins/magiks-geo-country-lite/magiks_geo_country.php on line 78","log":"/logs/plugins/m/mdwcpt/error.json"}
,
{"message":"Uncaught Exception: Invalid IP address: NULL in /wordpress/wp-content/plugins/magiks-geo-country-lite/GeoIP.php:540","level":"FATAL","type":"PHP","test":"ast-sqlite-boot","plugin":"mdwcpt","details":"[07-Jun-2025 16:36:35 UTC] PHP Fatal error:  Uncaught Exception: Invalid IP address: NULL in /wordpress/wp-content/plugins/magiks-geo-country-lite/GeoIP.php:540\nStack trace:\n#0 /wordpress/wp-content/plugins/magiks-geo-country-lite/GeoIP.php(558): Net_GeoIP->lookupCountryId(NULL)\n#1 /wordpress/wp-content/plugins/magiks-geo-country-lite/magiks_geo_country.php(100): Net_GeoIP->lookupCountryCode(NULL)\n#2 /wordpress/wp-content/plugins/magiks-geo-country-lite/magiks_geo_country.php(46): magiks_geo_country_shortcode_class->magiks_geo_country_init()\n#3 /wordpress/wp-content/plugins/magiks-geo-country-lite/magiks_geo_country.php(149): magiks_geo_country_shortcode_class->__construct()\n#4 /wordpress/wp-admin/includes/plugin.php(2387): include_once('/wordpress/wp-c...')\n#5 /wordpress/wp-admin/includes/plugin.php(673): plugin_sandbox_scrape('magiks-geo-coun...')\n#6 /internal/eval.php(20): activate_plugin('magiks-geo-coun...')\n#7 {main}\n  thrown in /wordpress/wp-content/plugins/magiks-geo-country-lite/GeoIP.php on line 540","log":"/logs/plugins/m/mdwcpt/error.json"}
,
{"message":"Undefined array key \"REMOTE_ADDR\" in /wordpress/wp-content/plugins/magiks-geo-country-lite/magiks_geo_country.php on line 78","level":"WARNING","type":"PHP","test":"ast-sqlite-boot","plugin":"mdwcpt","details":"[07-Jun-2025 16:36:45 UTC] PHP Warning:  Undefined array key \"REMOTE_ADDR\" in /wordpress/wp-content/plugins/magiks-geo-country-lite/magiks_geo_country.php on line 78","log":"/logs/plugins/m/mdwcpt/error.json"}
,
{"message":"Uncaught Exception: Invalid IP address: NULL in /wordpress/wp-content/plugins/magiks-geo-country-lite/GeoIP.php:540","level":"FATAL","type":"PHP","test":"ast-sqlite-boot","plugin":"mdwcpt","details":"[07-Jun-2025 16:36:45 UTC] PHP Fatal error:  Uncaught Exception: Invalid IP address: NULL in /wordpress/wp-content/plugins/magiks-geo-country-lite/GeoIP.php:540\nStack trace:\n#0 /wordpress/wp-content/plugins/magiks-geo-country-lite/GeoIP.php(558): Net_GeoIP->lookupCountryId(NULL)\n#1 /wordpress/wp-content/plugins/magiks-geo-country-lite/magiks_geo_country.php(100): Net_GeoIP->lookupCountryCode(NULL)\n#2 /wordpress/wp-content/plugins/magiks-geo-country-lite/magiks_geo_country.php(46): magiks_geo_country_shortcode_class->magiks_geo_country_init()\n#3 /wordpress/wp-content/plugins/magiks-geo-country-lite/magiks_geo_country.php(149): magiks_geo_country_shortcode_class->__construct()\n#4 /wordpress/wp-admin/includes/plugin.php(2387): include_once('/wordpress/wp-c...')\n#5 /wordpress/wp-admin/includes/plugin.php(673): plugin_sandbox_scrape('magiks-geo-coun...')\n#6 /internal/eval.php(20): activate_plugin('magiks-geo-coun...')\n#7 {main}\n  thrown in /wordpress/wp-content/plugins/magiks-geo-country-lite/GeoIP.php on line 540","log":"/logs/plugins/m/mdwcpt/error.json"}
,
{"message":"file_get_contents(/wordpress/wp-content/plugins/woocommerce/woocommerce.php): Failed to open stream: No such file or directory in /wordpress/wp-includes/functions.php on line 6900","level":"WARNING","type":"PHP","test":"ast-sqlite-boot","plugin":"mdwcpt","details":"[07-Jun-2025 16:41:17 UTC] PHP Warning:  file_get_contents(/wordpress/wp-content/plugins/woocommerce/woocommerce.php): Failed to open stream: No such file or directory in /wordpress/wp-includes/functions.php on line 6900","log":"/logs/plugins/m/mdwcpt/error.json"}
,
{"message":"file_get_contents(/wordpress/wp-content/plugins/woocommerce/woocommerce.php): Failed to open stream: No such file or directory in /wordpress/wp-includes/functions.php on line 6900","level":"WARNING","type":"PHP","test":"ast-sqlite-boot","plugin":"mdwcpt","details":"[07-Jun-2025 16:41:18 UTC] PHP Warning:  file_get_contents(/wordpress/wp-content/plugins/woocommerce/woocommerce.php): Failed to open stream: No such file or directory in /wordpress/wp-includes/functions.php on line 6900","log":"/logs/plugins/m/mdwcpt/error.json"}
,
{"message":"file_get_contents(/wordpress/wp-content/plugins/woocommerce/woocommerce.php): Failed to open stream: No such file or directory in /wordpress/wp-includes/functions.php on line 6900","level":"WARNING","type":"PHP","test":"ast-sqlite-boot","plugin":"mdwcpt","details":"[07-Jun-2025 16:41:26 UTC] PHP Warning:  file_get_contents(/wordpress/wp-content/plugins/woocommerce/woocommerce.php): Failed to open stream: No such file or directory in /wordpress/wp-includes/functions.php on line 6900","log":"/logs/plugins/m/mdwcpt/error.json"}
,
{"message":"file_get_contents(/wordpress/wp-content/plugins/woocommerce/woocommerce.php): Failed to open stream: No such file or directory in /wordpress/wp-includes/functions.php on line 6900","level":"WARNING","type":"PHP","test":"ast-sqlite-boot","plugin":"mdwcpt","details":"[07-Jun-2025 16:41:27 UTC] PHP Warning:  file_get_contents(/wordpress/wp-content/plugins/woocommerce/woocommerce.php): Failed to open stream: No such file or directory in /wordpress/wp-includes/functions.php on line 6900","log":"/logs/plugins/m/mdwcpt/error.json"}
,
{"message":"file_get_contents(/wordpress/wp-content/plugins/woocommerce/woocommerce.php): Failed to open stream: No such file or directory in /wordpress/wp-includes/functions.php on line 6900","level":"WARNING","type":"PHP","test":"ast-sqlite-boot","plugin":"mdwcpt","details":"[07-Jun-2025 16:41:35 UTC] PHP Warning:  file_get_contents(/wordpress/wp-content/plugins/woocommerce/woocommerce.php): Failed to open stream: No such file or directory in /wordpress/wp-includes/functions.php on line 6900","log":"/logs/plugins/m/mdwcpt/error.json"}
,
{"message":"file_get_contents(/wordpress/wp-content/plugins/woocommerce/woocommerce.php): Failed to open stream: No such file or directory in /wordpress/wp-includes/functions.php on line 6900","level":"WARNING","type":"PHP","test":"ast-sqlite-boot","plugin":"mdwcpt","details":"[07-Jun-2025 16:41:36 UTC] PHP Warning:  file_get_contents(/wordpress/wp-content/plugins/woocommerce/woocommerce.php): Failed to open stream: No such file or directory in /wordpress/wp-includes/functions.php on line 6900\n\n    at Object.onBind (file:///home/runner/work/playground-tester/playground-tester/node_modules/@wp-playground/cli/run-cli-j-geJYS3.js:325:15)\n    at process.processTicksAndRejections (node:internal/process/task_queues:105:5)\n    at async re (file:///home/runner/work/playground-tester/playground-tester/node_modules/@wp-playground/cli/run-cli-j-geJYS3.js:149:10) {\n  [cause]: Error: Error when executing the blueprint step #5 ({\"step\":\"installPlugin\",\"pluginData\":{\"resource\":\"wordpress.org/plugins\",\"slug\":\"mdwcpt\"},\"options\":{\"activate\":true}}) : Plugin /wordpress/wp-content/plugins/mdwcpt could not be activated – WordPress exited with no error. Sometimes, when $_SERVER or site options are not configured correctly, WordPress exits early with a 301 redirect. Inspect the \"debug\" logs in the console for more details.\n      at Object.run (file:///home/runner/work/playground-tester/playground-tester/node_modules/@wp-playground/blueprints/index.js:12093:19)\n      at process.processTicksAndRejections (node:internal/process/task_queues:105:5)\n      at async ys (file:///home/runner/work/playground-tester/playground-tester/node_modules/@wp-playground/blueprints/index.js:12196:3)\n      at async Object.onBind (file:///home/runner/work/playground-tester/playground-tester/node_modules/@wp-playground/cli/run-cli-j-geJYS3.js:315:48)\n      at async re (file:///home/runner/work/playground-tester/playground-tester/node_modules/@wp-playground/cli/run-cli-j-geJYS3.js:149:10) {\n    [cause]: Error: Plugin /wordpress/wp-content/plugins/mdwcpt could not be activated – WordPress exited with no error. Sometimes, when $_SERVER or site options are not configured correctly, WordPress exits early with a 301 redirect. Inspect the \"debug\" logs in the console for more details.\n        at wr (file:///home/runner/work/playground-tester/playground-tester/node_modules/@wp-playground/blueprints/index.js:120:51)\n        at process.processTicksAndRejections (node:internal/process/task_queues:105:5)\n        at async Object.gt [as installPlugin] (file:///home/runner/work/playground-tester/playground-tester/node_modules/@wp-playground/blueprints/index.js:631:42)\n        at async g (file:///home/runner/work/playground-tester/playground-tester/node_modules/@wp-playground/blueprints/index.js:12161:30)\n        at async Object.run (file:///home/runner/work/playground-tester/playground-tester/node_modules/@wp-playground/blueprints/index.js:12090:23)\n        at async ys (file:///home/runner/work/playground-tester/playground-tester/node_modules/@wp-playground/blueprints/index.js:12196:3)\n        at async Object.onBind (file:///home/runner/work/playground-tester/playground-tester/node_modules/@wp-playground/cli/run-cli-j-geJYS3.js:315:48)\n        at async re (file:///home/runner/work/playground-tester/playground-tester/node_modules/@wp-playground/cli/run-cli-j-geJYS3.js:149:10)\n  }\n}\n\n","log":"/logs/plugins/m/mdwcpt/error.json"}
]
