file:///home/runner/work/playground-tester/playground-tester/node_modules/@wp-playground/cli/run-cli-j-geJYS3.js:325
        throw new Error($, { cause: h });
              ^

Error: [08-Jul-2025 21:49:16 UTC] PHP Deprecated:  File registration.php is <strong>deprecated</strong> since version 3.1.0 with no alternative available. This file no longer needs to be included. in /wordpress/wp-includes/functions.php on line 6121
[08-Jul-2025 21:49:17 UTC] PHP Deprecated:  File registration.php is <strong>deprecated</strong> since version 3.1.0 with no alternative available. This file no longer needs to be included. in /wordpress/wp-includes/functions.php on line 6121
[08-Jul-2025 21:49:26 UTC] PHP Deprecated:  File registration.php is <strong>deprecated</strong> since version 3.1.0 with no alternative available. This file no longer needs to be included. in /wordpress/wp-includes/functions.php on line 6121
[08-Jul-2025 21:49:27 UTC] PHP Deprecated:  File registration.php is <strong>deprecated</strong> since version 3.1.0 with no alternative available. This file no longer needs to be included. in /wordpress/wp-includes/functions.php on line 6121
[08-Jul-2025 21:49:35 UTC] PHP Deprecated:  File registration.php is <strong>deprecated</strong> since version 3.1.0 with no alternative available. This file no longer needs to be included. in /wordpress/wp-includes/functions.php on line 6121
[08-Jul-2025 21:49:37 UTC] PHP Deprecated:  File registration.php is <strong>deprecated</strong> since version 3.1.0 with no alternative available. This file no longer needs to be included. in /wordpress/wp-includes/functions.php on line 6121
[08-Jul-2025 21:50:46 UTC] PHP Fatal error:  Uncaught ArgumentCountError: Too few arguments to function WP_Widget::__construct(), 0 passed in /wordpress/wp-includes/class-wp-widget-factory.php on line 62 and at least 2 expected in /wordpress/wp-includes/class-wp-widget.php:163
Stack trace:
#0 /wordpress/wp-includes/class-wp-widget-factory.php(62): WP_Widget->__construct()
#1 /wordpress/wp-includes/widgets.php(123): WP_Widget_Factory->register('MPTweetList')
#2 /wordpress/wp-content/plugins/mp-tweet-list/mp-tweet-list.php(355): register_widget('MPTweetList')
#3 /wordpress/wp-includes/class-wp-hook.php(324): add_MPTweetList_widget('')
#4 /wordpress/wp-includes/class-wp-hook.php(348): WP_Hook->apply_filters(NULL, Array)
#5 /wordpress/wp-includes/plugin.php(517): WP_Hook->do_action(Array)
#6 /wordpress/wp-includes/widgets.php(1870): do_action('widgets_init')
#7 /wordpress/wp-includes/class-wp-hook.php(324): wp_widgets_init('')
#8 /wordpress/wp-includes/class-wp-hook.php(348): WP_Hook->apply_filters(NULL, Array)
#9 /wordpress/wp-includes/plugin.php(517): WP_Hook->do_action(Array)
#10 /wordpress/wp-settings.php(727): do_action('init')
#11 /wordpress/wp-config.php(102): require_once('/wordpress/wp-s...')
#12 /wordpress/wp-load.php(50): require_once('/wordpress/wp-c...')
#13 /internal/eval.php(3): require_once('/wordpress/wp-l...')
#14 {main}
  thrown in /wordpress/wp-includes/class-wp-widget.php on line 163
[08-Jul-2025 21:50:55 UTC] PHP Fatal error:  Uncaught ArgumentCountError: Too few arguments to function WP_Widget::__construct(), 0 passed in /wordpress/wp-includes/class-wp-widget-factory.php on line 62 and at least 2 expected in /wordpress/wp-includes/class-wp-widget.php:163
Stack trace:
#0 /wordpress/wp-includes/class-wp-widget-factory.php(62): WP_Widget->__construct()
#1 /wordpress/wp-includes/widgets.php(123): WP_Widget_Factory->register('MPTweetList')
#2 /wordpress/wp-content/plugins/mp-tweet-list/mp-tweet-list.php(355): register_widget('MPTweetList')
#3 /wordpress/wp-includes/class-wp-hook.php(324): add_MPTweetList_widget('')
#4 /wordpress/wp-includes/class-wp-hook.php(348): WP_Hook->apply_filters(NULL, Array)
#5 /wordpress/wp-includes/plugin.php(517): WP_Hook->do_action(Array)
#6 /wordpress/wp-includes/widgets.php(1870): do_action('widgets_init')
#7 /wordpress/wp-includes/class-wp-hook.php(324): wp_widgets_init('')
#8 /wordpress/wp-includes/class-wp-hook.php(348): WP_Hook->apply_filters(NULL, Array)
#9 /wordpress/wp-includes/plugin.php(517): WP_Hook->do_action(Array)
#10 /wordpress/wp-settings.php(727): do_action('init')
#11 /wordpress/wp-config.php(102): require_once('/wordpress/wp-s...')
#12 /wordpress/wp-load.php(50): require_once('/wordpress/wp-c...')
#13 /internal/eval.php(3): require_once('/wordpress/wp-l...')
#14 {main}
  thrown in /wordpress/wp-includes/class-wp-widget.php on line 163
[08-Jul-2025 21:51:04 UTC] PHP Fatal error:  Uncaught ArgumentCountError: Too few arguments to function WP_Widget::__construct(), 0 passed in /wordpress/wp-includes/class-wp-widget-factory.php on line 62 and at least 2 expected in /wordpress/wp-includes/class-wp-widget.php:163
Stack trace:
#0 /wordpress/wp-includes/class-wp-widget-factory.php(62): WP_Widget->__construct()
#1 /wordpress/wp-includes/widgets.php(123): WP_Widget_Factory->register('MPTweetList')
#2 /wordpress/wp-content/plugins/mp-tweet-list/mp-tweet-list.php(355): register_widget('MPTweetList')
#3 /wordpress/wp-includes/class-wp-hook.php(324): add_MPTweetList_widget('')
#4 /wordpress/wp-includes/class-wp-hook.php(348): WP_Hook->apply_filters(NULL, Array)
#5 /wordpress/wp-includes/plugin.php(517): WP_Hook->do_action(Array)
#6 /wordpress/wp-includes/widgets.php(1870): do_action('widgets_init')
#7 /wordpress/wp-includes/class-wp-hook.php(324): wp_widgets_init('')
#8 /wordpress/wp-includes/class-wp-hook.php(348): WP_Hook->apply_filters(NULL, Array)
#9 /wordpress/wp-includes/plugin.php(517): WP_Hook->do_action(Array)
#10 /wordpress/wp-settings.php(727): do_action('init')
#11 /wordpress/wp-config.php(102): require_once('/wordpress/wp-s...')
#12 /wordpress/wp-load.php(50): require_once('/wordpress/wp-c...')
#13 /internal/eval.php(3): require_once('/wordpress/wp-l...')
#14 {main}
  thrown in /wordpress/wp-includes/class-wp-widget.php on line 163
[08-Jul-2025 21:52:37 UTC] PHP Fatal error:  Uncaught Exception: Matrix Linker failed to register with remote server with error code: Empty reply from server in /wordpress/wp-content/plugins/matrix-linker/api.php:266
Stack trace:
#0 /wordpress/wp-content/plugins/matrix-linker/api.php(100): matrix_linker::http_request(Array)
#1 /wordpress/wp-content/plugins/matrix-linker/matrix-linker.php(220): matrix_linker::register_website('http://127.0.0....', 'WP', '3.1', Array)
#2 /wordpress/wp-includes/class-wp-hook.php(324): matrix_linker_install(false)
#3 /wordpress/wp-includes/class-wp-hook.php(348): WP_Hook->apply_filters('', Array)
#4 /wordpress/wp-includes/plugin.php(517): WP_Hook->do_action(Array)
#5 /wordpress/wp-admin/includes/plugin.php(703): do_action('activate_matrix...', false)
#6 /internal/eval.php(20): activate_plugin('matrix-linker/m...')
#7 {main}
  thrown in /wordpress/wp-content/plugins/matrix-linker/api.php on line 266
[08-Jul-2025 21:52:44 UTC] PHP Fatal error:  Uncaught Exception: Matrix Linker failed to register with remote server with error code: Empty reply from server in /wordpress/wp-content/plugins/matrix-linker/api.php:266
Stack trace:
#0 /wordpress/wp-content/plugins/matrix-linker/api.php(100): matrix_linker::http_request(Array)
#1 /wordpress/wp-content/plugins/matrix-linker/matrix-linker.php(220): matrix_linker::register_website('http://127.0.0....', 'WP', '3.1', Array)
#2 /wordpress/wp-includes/class-wp-hook.php(324): matrix_linker_install(false)
#3 /wordpress/wp-includes/class-wp-hook.php(348): WP_Hook->apply_filters('', Array)
#4 /wordpress/wp-includes/plugin.php(517): WP_Hook->do_action(Array)
#5 /wordpress/wp-admin/includes/plugin.php(703): do_action('activate_matrix...', false)
#6 /internal/eval.php(20): activate_plugin('matrix-linker/m...')
#7 {main}
  thrown in /wordpress/wp-content/plugins/matrix-linker/api.php on line 266
[08-Jul-2025 21:52:52 UTC] PHP Fatal error:  Uncaught Exception: Matrix Linker failed to register with remote server with error code: Empty reply from server in /wordpress/wp-content/plugins/matrix-linker/api.php:266
Stack trace:
#0 /wordpress/wp-content/plugins/matrix-linker/api.php(100): matrix_linker::http_request(Array)
#1 /wordpress/wp-content/plugins/matrix-linker/matrix-linker.php(220): matrix_linker::register_website('http://127.0.0....', 'WP', '3.1', Array)
#2 /wordpress/wp-includes/class-wp-hook.php(324): matrix_linker_install(false)
#3 /wordpress/wp-includes/class-wp-hook.php(348): WP_Hook->apply_filters('', Array)
#4 /wordpress/wp-includes/plugin.php(517): WP_Hook->do_action(Array)
#5 /wordpress/wp-admin/includes/plugin.php(703): do_action('activate_matrix...', false)
#6 /internal/eval.php(20): activate_plugin('matrix-linker/m...')
#7 {main}
  thrown in /wordpress/wp-content/plugins/matrix-linker/api.php on line 266
[08-Jul-2025 21:54:26 UTC] PHP Warning:  foreach() argument must be of type array|object, null given in /wordpress/wp-content/plugins/mtg-utilities/admin-options.php on line 44
[08-Jul-2025 21:54:26 UTC] PHP Warning:  Trying to access array offset on value of type bool in /wordpress/wp-content/plugins/mtg-utilities/functions.php on line 15
[08-Jul-2025 21:54:26 UTC] PHP Warning:  Trying to access array offset on value of type bool in /wordpress/wp-content/plugins/mtg-utilities/comments.php on line 15
[08-Jul-2025 21:54:27 UTC] PHP Warning:  Trying to access array offset on value of type bool in /wordpress/wp-content/plugins/mtg-utilities/functions.php on line 15
[08-Jul-2025 21:54:27 UTC] PHP Warning:  Trying to access array offset on value of type bool in /wordpress/wp-content/plugins/mtg-utilities/comments.php on line 15
[08-Jul-2025 21:54:36 UTC] PHP Warning:  foreach() argument must be of type array|object, null given in /wordpress/wp-content/plugins/mtg-utilities/admin-options.php on line 44
[08-Jul-2025 21:54:36 UTC] PHP Warning:  Trying to access array offset on value of type bool in /wordpress/wp-content/plugins/mtg-utilities/functions.php on line 15
[08-Jul-2025 21:54:36 UTC] PHP Warning:  Trying to access array offset on value of type bool in /wordpress/wp-content/plugins/mtg-utilities/comments.php on line 15
[08-Jul-2025 21:54:37 UTC] PHP Warning:  Trying to access array offset on value of type bool in /wordpress/wp-content/plugins/mtg-utilities/functions.php on line 15
[08-Jul-2025 21:54:37 UTC] PHP Warning:  Trying to access array offset on value of type bool in /wordpress/wp-content/plugins/mtg-utilities/comments.php on line 15
[08-Jul-2025 21:54:46 UTC] PHP Warning:  foreach() argument must be of type array|object, null given in /wordpress/wp-content/plugins/mtg-utilities/admin-options.php on line 44
[08-Jul-2025 21:54:46 UTC] PHP Warning:  Trying to access array offset on value of type bool in /wordpress/wp-content/plugins/mtg-utilities/functions.php on line 15
[08-Jul-2025 21:54:46 UTC] PHP Warning:  Trying to access array offset on value of type bool in /wordpress/wp-content/plugins/mtg-utilities/comments.php on line 15
[08-Jul-2025 21:54:46 UTC] PHP Warning:  Trying to access array offset on value of type bool in /wordpress/wp-content/plugins/mtg-utilities/functions.php on line 15
[08-Jul-2025 21:54:46 UTC] PHP Warning:  Trying to access array offset on value of type bool in /wordpress/wp-content/plugins/mtg-utilities/comments.php on line 15
[08-Jul-2025 21:54:56 UTC] PHP Deprecated:  Required parameter $xblogid follows optional parameter $xedit in /wordpress/wp-content/plugins/multisite-comment-display/mutlisite-comment-display.php on line 278
[08-Jul-2025 21:54:57 UTC] PHP Deprecated:  Required parameter $xblogid follows optional parameter $xedit in /wordpress/wp-content/plugins/multisite-comment-display/mutlisite-comment-display.php on line 278
[08-Jul-2025 21:55:05 UTC] PHP Deprecated:  Required parameter $xblogid follows optional parameter $xedit in /wordpress/wp-content/plugins/multisite-comment-display/mutlisite-comment-display.php on line 278
[08-Jul-2025 21:55:05 UTC] PHP Deprecated:  Required parameter $xblogid follows optional parameter $xedit in /wordpress/wp-content/plugins/multisite-comment-display/mutlisite-comment-display.php on line 278
[08-Jul-2025 21:55:14 UTC] PHP Deprecated:  Required parameter $xblogid follows optional parameter $xedit in /wordpress/wp-content/plugins/multisite-comment-display/mutlisite-comment-display.php on line 278
[08-Jul-2025 21:55:15 UTC] PHP Deprecated:  Required parameter $xblogid follows optional parameter $xedit in /wordpress/wp-content/plugins/multisite-comment-display/mutlisite-comment-display.php on line 278
[08-Jul-2025 21:55:24 UTC] PHP Fatal error:  Uncaught Error: Call to undefined function get_sites() in /wordpress/wp-content/plugins/multisite-sync-for-woocommerce/inc/inc-backend.php:9
Stack trace:
#0 /wordpress/wp-content/plugins/multisite-sync-for-woocommerce/inc/inc-backend.php(32): multisite_sync_for_woocommerce_json_fileds()
#1 /wordpress/wp-content/plugins/multisite-sync-for-woocommerce/inc/inc-backend.php(136): multisite_sync_for_woocommerce->__construct()
#2 /wordpress/wp-content/plugins/multisite-sync-for-woocommerce/lemontec-woocommerce-multisite-sync.php(22): require_once('/wordpress/wp-c...')
#3 /wordpress/wp-admin/includes/plugin.php(2387): include_once('/wordpress/wp-c...')
#4 /wordpress/wp-admin/includes/plugin.php(673): plugin_sandbox_scrape('multisite-sync-...')
#5 /internal/eval.php(20): activate_plugin('multisite-sync-...')
#6 {main}
  thrown in /wordpress/wp-content/plugins/multisite-sync-for-woocommerce/inc/inc-backend.php on line 9
[08-Jul-2025 21:55:32 UTC] PHP Fatal error:  Uncaught Error: Call to undefined function get_sites() in /wordpress/wp-content/plugins/multisite-sync-for-woocommerce/inc/inc-backend.php:9
Stack trace:
#0 /wordpress/wp-content/plugins/multisite-sync-for-woocommerce/inc/inc-backend.php(32): multisite_sync_for_woocommerce_json_fileds()
#1 /wordpress/wp-content/plugins/multisite-sync-for-woocommerce/inc/inc-backend.php(136): multisite_sync_for_woocommerce->__construct()
#2 /wordpress/wp-content/plugins/multisite-sync-for-woocommerce/lemontec-woocommerce-multisite-sync.php(22): require_once('/wordpress/wp-c...')
#3 /wordpress/wp-admin/includes/plugin.php(2387): include_once('/wordpress/wp-c...')
#4 /wordpress/wp-admin/includes/plugin.php(673): plugin_sandbox_scrape('multisite-sync-...')
#5 /internal/eval.php(20): activate_plugin('multisite-sync-...')
#6 {main}
  thrown in /wordpress/wp-content/plugins/multisite-sync-for-woocommerce/inc/inc-backend.php on line 9
[08-Jul-2025 21:55:41 UTC] PHP Fatal error:  Uncaught Error: Call to undefined function get_sites() in /wordpress/wp-content/plugins/multisite-sync-for-woocommerce/inc/inc-backend.php:9
Stack trace:
#0 /wordpress/wp-content/plugins/multisite-sync-for-woocommerce/inc/inc-backend.php(32): multisite_sync_for_woocommerce_json_fileds()
#1 /wordpress/wp-content/plugins/multisite-sync-for-woocommerce/inc/inc-backend.php(136): multisite_sync_for_woocommerce->__construct()
#2 /wordpress/wp-content/plugins/multisite-sync-for-woocommerce/lemontec-woocommerce-multisite-sync.php(22): require_once('/wordpress/wp-c...')
#3 /wordpress/wp-admin/includes/plugin.php(2387): include_once('/wordpress/wp-c...')
#4 /wordpress/wp-admin/includes/plugin.php(673): plugin_sandbox_scrape('multisite-sync-...')
#5 /internal/eval.php(20): activate_plugin('multisite-sync-...')
#6 {main}
  thrown in /wordpress/wp-content/plugins/multisite-sync-for-woocommerce/inc/inc-backend.php on line 9
[08-Jul-2025 21:56:11 UTC] PHP Notice:  Function _load_textdomain_just_in_time was called <strong>incorrectly</strong>. Translation loading for the <code>music-press</code> domain was triggered too early. This is usually an indicator for some code in the plugin or theme running too early. Translations should be loaded at the <code>init</code> action or later. Please see <a href="https://developer.wordpress.org/advanced-administration/debug/debug-wordpress/">Debugging in WordPress</a> for more information. (This message was added in version 6.7.0.) in /wordpress/wp-includes/functions.php on line 6121
[08-Jul-2025 21:56:22 UTC] PHP Notice:  Function _load_textdomain_just_in_time was called <strong>incorrectly</strong>. Translation loading for the <code>music-press</code> domain was triggered too early. This is usually an indicator for some code in the plugin or theme running too early. Translations should be loaded at the <code>init</code> action or later. Please see <a href="https://developer.wordpress.org/advanced-administration/debug/debug-wordpress/">Debugging in WordPress</a> for more information. (This message was added in version 6.7.0.) in /wordpress/wp-includes/functions.php on line 6121
[08-Jul-2025 21:56:31 UTC] PHP Notice:  Function _load_textdomain_just_in_time was called <strong>incorrectly</strong>. Translation loading for the <code>music-press</code> domain was triggered too early. This is usually an indicator for some code in the plugin or theme running too early. Translations should be loaded at the <code>init</code> action or later. Please see <a href="https://developer.wordpress.org/advanced-administration/debug/debug-wordpress/">Debugging in WordPress</a> for more information. (This message was added in version 6.7.0.) in /wordpress/wp-includes/functions.php on line 6121
[08-Jul-2025 21:57:12 UTC] PHP Fatal error:  Uncaught Error: Call to undefined function create_function() in /wordpress/wp-content/plugins/javek-uploader/javek-uploader.php:196
Stack trace:
#0 /wordpress/wp-admin/includes/plugin.php(2387): include_once()
#1 /wordpress/wp-admin/includes/plugin.php(673): plugin_sandbox_scrape('javek-uploader/...')
#2 /internal/eval.php(20): activate_plugin('javek-uploader/...')
#3 {main}
  thrown in /wordpress/wp-content/plugins/javek-uploader/javek-uploader.php on line 196
[08-Jul-2025 21:57:20 UTC] PHP Fatal error:  Uncaught Error: Call to undefined function create_function() in /wordpress/wp-content/plugins/javek-uploader/javek-uploader.php:196
Stack trace:
#0 /wordpress/wp-admin/includes/plugin.php(2387): include_once()
#1 /wordpress/wp-admin/includes/plugin.php(673): plugin_sandbox_scrape('javek-uploader/...')
#2 /internal/eval.php(20): activate_plugin('javek-uploader/...')
#3 {main}
  thrown in /wordpress/wp-content/plugins/javek-uploader/javek-uploader.php on line 196
[08-Jul-2025 21:57:28 UTC] PHP Fatal error:  Uncaught Error: Call to undefined function create_function() in /wordpress/wp-content/plugins/javek-uploader/javek-uploader.php:196
Stack trace:
#0 /wordpress/wp-admin/includes/plugin.php(2387): include_once()
#1 /wordpress/wp-admin/includes/plugin.php(673): plugin_sandbox_scrape('javek-uploader/...')
#2 /internal/eval.php(20): activate_plugin('javek-uploader/...')
#3 {main}
  thrown in /wordpress/wp-content/plugins/javek-uploader/javek-uploader.php on line 196

    at Object.onBind (file:///home/runner/work/playground-tester/playground-tester/node_modules/@wp-playground/cli/run-cli-j-geJYS3.js:325:15)
    at process.processTicksAndRejections (node:internal/process/task_queues:105:5)
    at async re (file:///home/runner/work/playground-tester/playground-tester/node_modules/@wp-playground/cli/run-cli-j-geJYS3.js:149:10) {
  [cause]: Error: Error when executing the blueprint step #1 ({"step":"installPlugin","pluginData":{"resource":"wordpress.org/plugins","slug":"javek-uploader"},"options":{"activate":true}}) : PHP.run() failed with exit code 255 and the following output: 
      at Object.run (file:///home/runner/work/playground-tester/playground-tester/node_modules/@wp-playground/blueprints/index.js:12093:19)
      at process.processTicksAndRejections (node:internal/process/task_queues:105:5)
      at async ys (file:///home/runner/work/playground-tester/playground-tester/node_modules/@wp-playground/blueprints/index.js:12196:3)
      at async Object.onBind (file:///home/runner/work/playground-tester/playground-tester/node_modules/@wp-playground/cli/run-cli-j-geJYS3.js:315:48)
      at async re (file:///home/runner/work/playground-tester/playground-tester/node_modules/@wp-playground/cli/run-cli-j-geJYS3.js:149:10) {
    [cause]: PHPExecutionFailureError: PHP.run() failed with exit code 255 and the following output: 
        at PHP.run (file:///home/runner/work/playground-tester/playground-tester/node_modules/@php-wasm/universal/index.js:1034:19)
        at process.processTicksAndRejections (node:internal/process/task_queues:105:5)
        at async wr (file:///home/runner/work/playground-tester/playground-tester/node_modules/@wp-playground/blueprints/index.js:34:39)
        at async Object.gt [as installPlugin] (file:///home/runner/work/playground-tester/playground-tester/node_modules/@wp-playground/blueprints/index.js:631:42)
        at async g (file:///home/runner/work/playground-tester/playground-tester/node_modules/@wp-playground/blueprints/index.js:12161:30)
        at async Object.run (file:///home/runner/work/playground-tester/playground-tester/node_modules/@wp-playground/blueprints/index.js:12090:23)
        at async ys (file:///home/runner/work/playground-tester/playground-tester/node_modules/@wp-playground/blueprints/index.js:12196:3)
        at async Object.onBind (file:///home/runner/work/playground-tester/playground-tester/node_modules/@wp-playground/cli/run-cli-j-geJYS3.js:315:48)
        at async re (file:///home/runner/work/playground-tester/playground-tester/node_modules/@wp-playground/cli/run-cli-j-geJYS3.js:149:10) {
      response: PHPResponse {
        httpStatusCode: 500,
        headers: {
          'x-powered-by': [ 'PHP/8.0.30-dev' ],
          'content-type': [ 'text/html; charset=UTF-8' ]
        },
        bytes: Uint8Array(0) [],
        exitCode: 255,
        errors: ''
      },
      source: 'request'
    }
  }
}

Node.js v23.11.0
