[
  {
    "message": "file:///home/runner/work/playground-tester/playground-tester/node_modules/@wp-playground/cli/index.js:237\n        throw new Error(y, { cause: u });\n              ^\n",
    "level": "FATAL",
    "type": "PLAYGROUND",
    "test": "ast-sqlite-boot",
    "plugin": "wp-order-categories-widget",
    "details": "file:///home/runner/work/playground-tester/playground-tester/node_modules/@wp-playground/cli/index.js:237\n        throw new Error(y, { cause: u });\n              ^\n",
    "log": "/tmp/tmp.Y2zyY2F5h6"
  },
  {
    "message": "Undefined variable $Base_name in /wordpress/wp-content/plugins/wp-auto-backup/Data.php on line 47",
    "level": "WARNING",
    "type": "PHP",
    "test": "ast-sqlite-boot",
    "plugin": "wp-order-categories-widget",
    "details": "[08-May-2025 13:38:09 UTC] PHP Warning:  Undefined variable $Base_name in /wordpress/wp-content/plugins/wp-auto-backup/Data.php on line 47",
    "log": "/logs/plugins/w/wp-order-categories-widget/error.json"
  },
  {
    "message": "Uncaught PDOException: SQLSTATE[HY000] [2002] Address family not supported by protocol in /wordpress/wp-content/plugins/wp-auto-backup/Store.class.php:16",
    "level": "FATAL",
    "type": "PHP",
    "test": "ast-sqlite-boot",
    "plugin": "wp-order-categories-widget",
    "details": "[08-May-2025 13:38:10 UTC] PHP Fatal error:  Uncaught PDOException: SQLSTATE[HY000] [2002] Address family not supported by protocol in /wordpress/wp-content/plugins/wp-auto-backup/Store.class.php:16\nStack trace:\n#0 /wordpress/wp-content/plugins/wp-auto-backup/Store.class.php(16): PDO->__construct('mysql:host=;dbn...', '', '')\n#1 /wordpress/wp-content/plugins/wp-auto-backup/Store.class.php(44): dj_store->Open_DataBase()\n#2 /wordpress/wp-content/plugins/wp-auto-backup/Database_Backup.php(361): dj_store->Sql_Operation_WR('\\nCREATE TABLE I...')\n#3 /wordpress/wp-content/plugins/wp-auto-backup/Main.php(61): dj_operation->Create_BackUp_Table()\n#4 /wordpress/wp-includes/class-wp-hook.php(324): dj_databases_backup->create_options_table('')\n#5 /wordpress/wp-includes/class-wp-hook.php(348): WP_Hook->apply_filters(NULL, Array)\n#6 /wordpress/wp-includes/plugin.php(517): WP_Hook->do_action(Array)\n#7 /wordpress/wp-settings.php(727): do_action('init')\n#8 /wordpress/wp-config.php(102): require_once('/wordpress/wp-s...')\n#9 /wordpress/wp-load.php(50): require_once('/wordpress/wp-c...')\n#10 /internal/eval.php(3): require_once('/wordpress/wp-l...')\n#11 {main}\n  thrown in /wordpress/wp-content/plugins/wp-auto-backup/Store.class.php on line 16",
    "log": "/logs/plugins/w/wp-order-categories-widget/error.json"
  },
  {
    "message": "Undefined variable $Base_name in /wordpress/wp-content/plugins/wp-auto-backup/Data.php on line 47",
    "level": "WARNING",
    "type": "PHP",
    "test": "ast-sqlite-boot",
    "plugin": "wp-order-categories-widget",
    "details": "[08-May-2025 13:38:18 UTC] PHP Warning:  Undefined variable $Base_name in /wordpress/wp-content/plugins/wp-auto-backup/Data.php on line 47",
    "log": "/logs/plugins/w/wp-order-categories-widget/error.json"
  },
  {
    "message": "Uncaught PDOException: SQLSTATE[HY000] [2002] Address family not supported by protocol in /wordpress/wp-content/plugins/wp-auto-backup/Store.class.php:16",
    "level": "FATAL",
    "type": "PHP",
    "test": "ast-sqlite-boot",
    "plugin": "wp-order-categories-widget",
    "details": "[08-May-2025 13:38:20 UTC] PHP Fatal error:  Uncaught PDOException: SQLSTATE[HY000] [2002] Address family not supported by protocol in /wordpress/wp-content/plugins/wp-auto-backup/Store.class.php:16\nStack trace:\n#0 /wordpress/wp-content/plugins/wp-auto-backup/Store.class.php(16): PDO->__construct('mysql:host=;dbn...', '', '')\n#1 /wordpress/wp-content/plugins/wp-auto-backup/Store.class.php(44): dj_store->Open_DataBase()\n#2 /wordpress/wp-content/plugins/wp-auto-backup/Database_Backup.php(361): dj_store->Sql_Operation_WR('\\nCREATE TABLE I...')\n#3 /wordpress/wp-content/plugins/wp-auto-backup/Main.php(61): dj_operation->Create_BackUp_Table()\n#4 /wordpress/wp-includes/class-wp-hook.php(324): dj_databases_backup->create_options_table('')\n#5 /wordpress/wp-includes/class-wp-hook.php(348): WP_Hook->apply_filters(NULL, Array)\n#6 /wordpress/wp-includes/plugin.php(517): WP_Hook->do_action(Array)\n#7 /wordpress/wp-settings.php(727): do_action('init')\n#8 /wordpress/wp-config.php(102): require_once('/wordpress/wp-s...')\n#9 /wordpress/wp-load.php(50): require_once('/wordpress/wp-c...')\n#10 /internal/eval.php(3): require_once('/wordpress/wp-l...')\n#11 {main}\n  thrown in /wordpress/wp-content/plugins/wp-auto-backup/Store.class.php on line 16",
    "log": "/logs/plugins/w/wp-order-categories-widget/error.json"
  },
  {
    "message": "Undefined variable $Base_name in /wordpress/wp-content/plugins/wp-auto-backup/Data.php on line 47",
    "level": "WARNING",
    "type": "PHP",
    "test": "ast-sqlite-boot",
    "plugin": "wp-order-categories-widget",
    "details": "[08-May-2025 13:38:27 UTC] PHP Warning:  Undefined variable $Base_name in /wordpress/wp-content/plugins/wp-auto-backup/Data.php on line 47",
    "log": "/logs/plugins/w/wp-order-categories-widget/error.json"
  },
  {
    "message": "Uncaught PDOException: SQLSTATE[HY000] [2002] Address family not supported by protocol in /wordpress/wp-content/plugins/wp-auto-backup/Store.class.php:16",
    "level": "FATAL",
    "type": "PHP",
    "test": "ast-sqlite-boot",
    "plugin": "wp-order-categories-widget",
    "details": "[08-May-2025 13:38:28 UTC] PHP Fatal error:  Uncaught PDOException: SQLSTATE[HY000] [2002] Address family not supported by protocol in /wordpress/wp-content/plugins/wp-auto-backup/Store.class.php:16\nStack trace:\n#0 /wordpress/wp-content/plugins/wp-auto-backup/Store.class.php(16): PDO->__construct('mysql:host=;dbn...', '', '')\n#1 /wordpress/wp-content/plugins/wp-auto-backup/Store.class.php(44): dj_store->Open_DataBase()\n#2 /wordpress/wp-content/plugins/wp-auto-backup/Database_Backup.php(361): dj_store->Sql_Operation_WR('\\nCREATE TABLE I...')\n#3 /wordpress/wp-content/plugins/wp-auto-backup/Main.php(61): dj_operation->Create_BackUp_Table()\n#4 /wordpress/wp-includes/class-wp-hook.php(324): dj_databases_backup->create_options_table('')\n#5 /wordpress/wp-includes/class-wp-hook.php(348): WP_Hook->apply_filters(NULL, Array)\n#6 /wordpress/wp-includes/plugin.php(517): WP_Hook->do_action(Array)\n#7 /wordpress/wp-settings.php(727): do_action('init')\n#8 /wordpress/wp-config.php(102): require_once('/wordpress/wp-s...')\n#9 /wordpress/wp-load.php(50): require_once('/wordpress/wp-c...')\n#10 /internal/eval.php(3): require_once('/wordpress/wp-l...')\n#11 {main}\n  thrown in /wordpress/wp-content/plugins/wp-auto-backup/Store.class.php on line 16",
    "log": "/logs/plugins/w/wp-order-categories-widget/error.json"
  },
  {
    "message": "Function wp_enqueue_script was called <strong>incorrectly</strong>. Scripts and styles should not be registered or enqueued until the <code>wp_enqueue_scripts</code>, <code>admin_enqueue_scripts</code>, or <code>login_enqueue_scripts</code> hooks. This notice was triggered by the <code>tp-custom-clock-plugin-js</code> handle. Please see <a href=\"https://developer.wordpress.org/advanced-administration/debug/debug-wordpress/\">Debugging in WordPress</a> for more information. (This message was added in version 3.3.0.) in /wordpress/wp-includes/functions.php on line 6121",
    "level": "NOTICE",
    "type": "PHP",
    "test": "ast-sqlite-boot",
    "plugin": "wp-order-categories-widget",
    "details": "[08-May-2025 13:39:05 UTC] PHP Notice:  Function wp_enqueue_script was called <strong>incorrectly</strong>. Scripts and styles should not be registered or enqueued until the <code>wp_enqueue_scripts</code>, <code>admin_enqueue_scripts</code>, or <code>login_enqueue_scripts</code> hooks. This notice was triggered by the <code>tp-custom-clock-plugin-js</code> handle. Please see <a href=\"https://developer.wordpress.org/advanced-administration/debug/debug-wordpress/\">Debugging in WordPress</a> for more information. (This message was added in version 3.3.0.) in /wordpress/wp-includes/functions.php on line 6121",
    "log": "/logs/plugins/w/wp-order-categories-widget/error.json"
  },
  {
    "message": "Function wp_enqueue_style was called <strong>incorrectly</strong>. Scripts and styles should not be registered or enqueued until the <code>wp_enqueue_scripts</code>, <code>admin_enqueue_scripts</code>, or <code>login_enqueue_scripts</code> hooks. This notice was triggered by the <code>tp-custom-clock-plugin-css</code> handle. Please see <a href=\"https://developer.wordpress.org/advanced-administration/debug/debug-wordpress/\">Debugging in WordPress</a> for more information. (This message was added in version 3.3.0.) in /wordpress/wp-includes/functions.php on line 6121",
    "level": "NOTICE",
    "type": "PHP",
    "test": "ast-sqlite-boot",
    "plugin": "wp-order-categories-widget",
    "details": "[08-May-2025 13:39:05 UTC] PHP Notice:  Function wp_enqueue_style was called <strong>incorrectly</strong>. Scripts and styles should not be registered or enqueued until the <code>wp_enqueue_scripts</code>, <code>admin_enqueue_scripts</code>, or <code>login_enqueue_scripts</code> hooks. This notice was triggered by the <code>tp-custom-clock-plugin-css</code> handle. Please see <a href=\"https://developer.wordpress.org/advanced-administration/debug/debug-wordpress/\">Debugging in WordPress</a> for more information. (This message was added in version 3.3.0.) in /wordpress/wp-includes/functions.php on line 6121",
    "log": "/logs/plugins/w/wp-order-categories-widget/error.json"
  },
  {
    "message": "Function is_feed was called <strong>incorrectly</strong>. Conditional query tags do not work before the query is run. Before then, they always return false. Please see <a href=\"https://developer.wordpress.org/advanced-administration/debug/debug-wordpress/\">Debugging in WordPress</a> for more information. (This message was added in version 3.1.0.) in /wordpress/wp-includes/functions.php on line 6121",
    "level": "NOTICE",
    "type": "PHP",
    "test": "ast-sqlite-boot",
    "plugin": "wp-order-categories-widget",
    "details": "[08-May-2025 13:39:05 UTC] PHP Notice:  Function is_feed was called <strong>incorrectly</strong>. Conditional query tags do not work before the query is run. Before then, they always return false. Please see <a href=\"https://developer.wordpress.org/advanced-administration/debug/debug-wordpress/\">Debugging in WordPress</a> for more information. (This message was added in version 3.1.0.) in /wordpress/wp-includes/functions.php on line 6121",
    "log": "/logs/plugins/w/wp-order-categories-widget/error.json"
  },
  {
    "message": "Function wp_enqueue_script was called <strong>incorrectly</strong>. Scripts and styles should not be registered or enqueued until the <code>wp_enqueue_scripts</code>, <code>admin_enqueue_scripts</code>, or <code>login_enqueue_scripts</code> hooks. This notice was triggered by the <code>tp-custom-clock-plugin-js</code> handle. Please see <a href=\"https://developer.wordpress.org/advanced-administration/debug/debug-wordpress/\">Debugging in WordPress</a> for more information. (This message was added in version 3.3.0.) in /wordpress/wp-includes/functions.php on line 6121",
    "level": "NOTICE",
    "type": "PHP",
    "test": "ast-sqlite-boot",
    "plugin": "wp-order-categories-widget",
    "details": "[08-May-2025 13:39:13 UTC] PHP Notice:  Function wp_enqueue_script was called <strong>incorrectly</strong>. Scripts and styles should not be registered or enqueued until the <code>wp_enqueue_scripts</code>, <code>admin_enqueue_scripts</code>, or <code>login_enqueue_scripts</code> hooks. This notice was triggered by the <code>tp-custom-clock-plugin-js</code> handle. Please see <a href=\"https://developer.wordpress.org/advanced-administration/debug/debug-wordpress/\">Debugging in WordPress</a> for more information. (This message was added in version 3.3.0.) in /wordpress/wp-includes/functions.php on line 6121",
    "log": "/logs/plugins/w/wp-order-categories-widget/error.json"
  },
  {
    "message": "Function wp_enqueue_style was called <strong>incorrectly</strong>. Scripts and styles should not be registered or enqueued until the <code>wp_enqueue_scripts</code>, <code>admin_enqueue_scripts</code>, or <code>login_enqueue_scripts</code> hooks. This notice was triggered by the <code>tp-custom-clock-plugin-css</code> handle. Please see <a href=\"https://developer.wordpress.org/advanced-administration/debug/debug-wordpress/\">Debugging in WordPress</a> for more information. (This message was added in version 3.3.0.) in /wordpress/wp-includes/functions.php on line 6121",
    "level": "NOTICE",
    "type": "PHP",
    "test": "ast-sqlite-boot",
    "plugin": "wp-order-categories-widget",
    "details": "[08-May-2025 13:39:13 UTC] PHP Notice:  Function wp_enqueue_style was called <strong>incorrectly</strong>. Scripts and styles should not be registered or enqueued until the <code>wp_enqueue_scripts</code>, <code>admin_enqueue_scripts</code>, or <code>login_enqueue_scripts</code> hooks. This notice was triggered by the <code>tp-custom-clock-plugin-css</code> handle. Please see <a href=\"https://developer.wordpress.org/advanced-administration/debug/debug-wordpress/\">Debugging in WordPress</a> for more information. (This message was added in version 3.3.0.) in /wordpress/wp-includes/functions.php on line 6121",
    "log": "/logs/plugins/w/wp-order-categories-widget/error.json"
  },
  {
    "message": "Function is_feed was called <strong>incorrectly</strong>. Conditional query tags do not work before the query is run. Before then, they always return false. Please see <a href=\"https://developer.wordpress.org/advanced-administration/debug/debug-wordpress/\">Debugging in WordPress</a> for more information. (This message was added in version 3.1.0.) in /wordpress/wp-includes/functions.php on line 6121",
    "level": "NOTICE",
    "type": "PHP",
    "test": "ast-sqlite-boot",
    "plugin": "wp-order-categories-widget",
    "details": "[08-May-2025 13:39:13 UTC] PHP Notice:  Function is_feed was called <strong>incorrectly</strong>. Conditional query tags do not work before the query is run. Before then, they always return false. Please see <a href=\"https://developer.wordpress.org/advanced-administration/debug/debug-wordpress/\">Debugging in WordPress</a> for more information. (This message was added in version 3.1.0.) in /wordpress/wp-includes/functions.php on line 6121",
    "log": "/logs/plugins/w/wp-order-categories-widget/error.json"
  },
  {
    "message": "Function wp_enqueue_script was called <strong>incorrectly</strong>. Scripts and styles should not be registered or enqueued until the <code>wp_enqueue_scripts</code>, <code>admin_enqueue_scripts</code>, or <code>login_enqueue_scripts</code> hooks. This notice was triggered by the <code>tp-custom-clock-plugin-js</code> handle. Please see <a href=\"https://developer.wordpress.org/advanced-administration/debug/debug-wordpress/\">Debugging in WordPress</a> for more information. (This message was added in version 3.3.0.) in /wordpress/wp-includes/functions.php on line 6121",
    "level": "NOTICE",
    "type": "PHP",
    "test": "ast-sqlite-boot",
    "plugin": "wp-order-categories-widget",
    "details": "[08-May-2025 13:39:22 UTC] PHP Notice:  Function wp_enqueue_script was called <strong>incorrectly</strong>. Scripts and styles should not be registered or enqueued until the <code>wp_enqueue_scripts</code>, <code>admin_enqueue_scripts</code>, or <code>login_enqueue_scripts</code> hooks. This notice was triggered by the <code>tp-custom-clock-plugin-js</code> handle. Please see <a href=\"https://developer.wordpress.org/advanced-administration/debug/debug-wordpress/\">Debugging in WordPress</a> for more information. (This message was added in version 3.3.0.) in /wordpress/wp-includes/functions.php on line 6121",
    "log": "/logs/plugins/w/wp-order-categories-widget/error.json"
  },
  {
    "message": "Function wp_enqueue_style was called <strong>incorrectly</strong>. Scripts and styles should not be registered or enqueued until the <code>wp_enqueue_scripts</code>, <code>admin_enqueue_scripts</code>, or <code>login_enqueue_scripts</code> hooks. This notice was triggered by the <code>tp-custom-clock-plugin-css</code> handle. Please see <a href=\"https://developer.wordpress.org/advanced-administration/debug/debug-wordpress/\">Debugging in WordPress</a> for more information. (This message was added in version 3.3.0.) in /wordpress/wp-includes/functions.php on line 6121",
    "level": "NOTICE",
    "type": "PHP",
    "test": "ast-sqlite-boot",
    "plugin": "wp-order-categories-widget",
    "details": "[08-May-2025 13:39:22 UTC] PHP Notice:  Function wp_enqueue_style was called <strong>incorrectly</strong>. Scripts and styles should not be registered or enqueued until the <code>wp_enqueue_scripts</code>, <code>admin_enqueue_scripts</code>, or <code>login_enqueue_scripts</code> hooks. This notice was triggered by the <code>tp-custom-clock-plugin-css</code> handle. Please see <a href=\"https://developer.wordpress.org/advanced-administration/debug/debug-wordpress/\">Debugging in WordPress</a> for more information. (This message was added in version 3.3.0.) in /wordpress/wp-includes/functions.php on line 6121",
    "log": "/logs/plugins/w/wp-order-categories-widget/error.json"
  },
  {
    "message": "Function is_feed was called <strong>incorrectly</strong>. Conditional query tags do not work before the query is run. Before then, they always return false. Please see <a href=\"https://developer.wordpress.org/advanced-administration/debug/debug-wordpress/\">Debugging in WordPress</a> for more information. (This message was added in version 3.1.0.) in /wordpress/wp-includes/functions.php on line 6121",
    "level": "NOTICE",
    "type": "PHP",
    "test": "ast-sqlite-boot",
    "plugin": "wp-order-categories-widget",
    "details": "[08-May-2025 13:39:22 UTC] PHP Notice:  Function is_feed was called <strong>incorrectly</strong>. Conditional query tags do not work before the query is run. Before then, they always return false. Please see <a href=\"https://developer.wordpress.org/advanced-administration/debug/debug-wordpress/\">Debugging in WordPress</a> for more information. (This message was added in version 3.1.0.) in /wordpress/wp-includes/functions.php on line 6121",
    "log": "/logs/plugins/w/wp-order-categories-widget/error.json"
  },
  {
    "message": "\"continue\" targeting switch is equivalent to \"break\". Did you mean to use \"continue 2\"? in /wordpress/wp-content/plugins/wp-ecommerce-compare-products/admin/admin-interface.php on line 243",
    "level": "WARNING",
    "type": "PHP",
    "test": "ast-sqlite-boot",
    "plugin": "wp-order-categories-widget",
    "details": "[08-May-2025 13:40:22 UTC] PHP Warning:  \"continue\" targeting switch is equivalent to \"break\". Did you mean to use \"continue 2\"? in /wordpress/wp-content/plugins/wp-ecommerce-compare-products/admin/admin-interface.php on line 243",
    "log": "/logs/plugins/w/wp-order-categories-widget/error.json"
  },
  {
    "message": "Uncaught Error: Call to undefined function create_function() in /wordpress/wp-content/plugins/wp-ecommerce-compare-products/widget/class-compare_widget.php:6",
    "level": "FATAL",
    "type": "PHP",
    "test": "ast-sqlite-boot",
    "plugin": "wp-order-categories-widget",
    "details": "[08-May-2025 13:40:22 UTC] PHP Fatal error:  Uncaught Error: Call to undefined function create_function() in /wordpress/wp-content/plugins/wp-ecommerce-compare-products/widget/class-compare_widget.php:6\nStack trace:\n#0 /wordpress/wp-content/plugins/wp-ecommerce-compare-products/compare_products.php(66): include()\n#1 /wordpress/wp-admin/includes/plugin.php(2387): include_once('/wordpress/wp-c...')\n#2 /wordpress/wp-admin/includes/plugin.php(673): plugin_sandbox_scrape('wp-ecommerce-co...')\n#3 /internal/eval.php(20): activate_plugin('wp-ecommerce-co...')\n#4 {main}\n  thrown in /wordpress/wp-content/plugins/wp-ecommerce-compare-products/widget/class-compare_widget.php on line 6",
    "log": "/logs/plugins/w/wp-order-categories-widget/error.json"
  },
  {
    "message": "\"continue\" targeting switch is equivalent to \"break\". Did you mean to use \"continue 2\"? in /wordpress/wp-content/plugins/wp-ecommerce-compare-products/admin/admin-interface.php on line 243",
    "level": "WARNING",
    "type": "PHP",
    "test": "ast-sqlite-boot",
    "plugin": "wp-order-categories-widget",
    "details": "[08-May-2025 13:40:30 UTC] PHP Warning:  \"continue\" targeting switch is equivalent to \"break\". Did you mean to use \"continue 2\"? in /wordpress/wp-content/plugins/wp-ecommerce-compare-products/admin/admin-interface.php on line 243",
    "log": "/logs/plugins/w/wp-order-categories-widget/error.json"
  },
  {
    "message": "Uncaught Error: Call to undefined function create_function() in /wordpress/wp-content/plugins/wp-ecommerce-compare-products/widget/class-compare_widget.php:6",
    "level": "FATAL",
    "type": "PHP",
    "test": "ast-sqlite-boot",
    "plugin": "wp-order-categories-widget",
    "details": "[08-May-2025 13:40:30 UTC] PHP Fatal error:  Uncaught Error: Call to undefined function create_function() in /wordpress/wp-content/plugins/wp-ecommerce-compare-products/widget/class-compare_widget.php:6\nStack trace:\n#0 /wordpress/wp-content/plugins/wp-ecommerce-compare-products/compare_products.php(66): include()\n#1 /wordpress/wp-admin/includes/plugin.php(2387): include_once('/wordpress/wp-c...')\n#2 /wordpress/wp-admin/includes/plugin.php(673): plugin_sandbox_scrape('wp-ecommerce-co...')\n#3 /internal/eval.php(20): activate_plugin('wp-ecommerce-co...')\n#4 {main}\n  thrown in /wordpress/wp-content/plugins/wp-ecommerce-compare-products/widget/class-compare_widget.php on line 6",
    "log": "/logs/plugins/w/wp-order-categories-widget/error.json"
  },
  {
    "message": "\"continue\" targeting switch is equivalent to \"break\". Did you mean to use \"continue 2\"? in /wordpress/wp-content/plugins/wp-ecommerce-compare-products/admin/admin-interface.php on line 243",
    "level": "WARNING",
    "type": "PHP",
    "test": "ast-sqlite-boot",
    "plugin": "wp-order-categories-widget",
    "details": "[08-May-2025 13:40:39 UTC] PHP Warning:  \"continue\" targeting switch is equivalent to \"break\". Did you mean to use \"continue 2\"? in /wordpress/wp-content/plugins/wp-ecommerce-compare-products/admin/admin-interface.php on line 243",
    "log": "/logs/plugins/w/wp-order-categories-widget/error.json"
  },
  {
    "message": "Uncaught Error: Call to undefined function create_function() in /wordpress/wp-content/plugins/wp-ecommerce-compare-products/widget/class-compare_widget.php:6",
    "level": "FATAL",
    "type": "PHP",
    "test": "ast-sqlite-boot",
    "plugin": "wp-order-categories-widget",
    "details": "[08-May-2025 13:40:39 UTC] PHP Fatal error:  Uncaught Error: Call to undefined function create_function() in /wordpress/wp-content/plugins/wp-ecommerce-compare-products/widget/class-compare_widget.php:6\nStack trace:\n#0 /wordpress/wp-content/plugins/wp-ecommerce-compare-products/compare_products.php(66): include()\n#1 /wordpress/wp-admin/includes/plugin.php(2387): include_once('/wordpress/wp-c...')\n#2 /wordpress/wp-admin/includes/plugin.php(673): plugin_sandbox_scrape('wp-ecommerce-co...')\n#3 /internal/eval.php(20): activate_plugin('wp-ecommerce-co...')\n#4 {main}\n  thrown in /wordpress/wp-content/plugins/wp-ecommerce-compare-products/widget/class-compare_widget.php on line 6",
    "log": "/logs/plugins/w/wp-order-categories-widget/error.json"
  },
  {
    "message": "Uncaught Error: Undefined constant \"wpgft_eval_PostData\" in /wordpress/wp-content/plugins/wp-gift-cert/wpgft-loader.php:414",
    "level": "FATAL",
    "type": "PHP",
    "test": "ast-sqlite-boot",
    "plugin": "wp-order-categories-widget",
    "details": "[08-May-2025 13:41:21 UTC] PHP Fatal error:  Uncaught Error: Undefined constant \"wpgft_eval_PostData\" in /wordpress/wp-content/plugins/wp-gift-cert/wpgft-loader.php:414\nStack trace:\n#0 /wordpress/wp-content/plugins/wp-gift-cert/wpgft.php(38): require_once()\n#1 /wordpress/wp-admin/includes/plugin.php(2387): include_once('/wordpress/wp-c...')\n#2 /wordpress/wp-admin/includes/plugin.php(673): plugin_sandbox_scrape('wp-gift-cert/wp...')\n#3 /internal/eval.php(20): activate_plugin('wp-gift-cert/wp...')\n#4 {main}\n  thrown in /wordpress/wp-content/plugins/wp-gift-cert/wpgft-loader.php on line 414",
    "log": "/logs/plugins/w/wp-order-categories-widget/error.json"
  },
  {
    "message": "Uncaught Error: Undefined constant \"wpgft_eval_PostData\" in /wordpress/wp-content/plugins/wp-gift-cert/wpgft-loader.php:414",
    "level": "FATAL",
    "type": "PHP",
    "test": "ast-sqlite-boot",
    "plugin": "wp-order-categories-widget",
    "details": "[08-May-2025 13:41:29 UTC] PHP Fatal error:  Uncaught Error: Undefined constant \"wpgft_eval_PostData\" in /wordpress/wp-content/plugins/wp-gift-cert/wpgft-loader.php:414\nStack trace:\n#0 /wordpress/wp-content/plugins/wp-gift-cert/wpgft.php(38): require_once()\n#1 /wordpress/wp-admin/includes/plugin.php(2387): include_once('/wordpress/wp-c...')\n#2 /wordpress/wp-admin/includes/plugin.php(673): plugin_sandbox_scrape('wp-gift-cert/wp...')\n#3 /internal/eval.php(20): activate_plugin('wp-gift-cert/wp...')\n#4 {main}\n  thrown in /wordpress/wp-content/plugins/wp-gift-cert/wpgft-loader.php on line 414",
    "log": "/logs/plugins/w/wp-order-categories-widget/error.json"
  },
  {
    "message": "Uncaught Error: Undefined constant \"wpgft_eval_PostData\" in /wordpress/wp-content/plugins/wp-gift-cert/wpgft-loader.php:414",
    "level": "FATAL",
    "type": "PHP",
    "test": "ast-sqlite-boot",
    "plugin": "wp-order-categories-widget",
    "details": "[08-May-2025 13:41:37 UTC] PHP Fatal error:  Uncaught Error: Undefined constant \"wpgft_eval_PostData\" in /wordpress/wp-content/plugins/wp-gift-cert/wpgft-loader.php:414\nStack trace:\n#0 /wordpress/wp-content/plugins/wp-gift-cert/wpgft.php(38): require_once()\n#1 /wordpress/wp-admin/includes/plugin.php(2387): include_once('/wordpress/wp-c...')\n#2 /wordpress/wp-admin/includes/plugin.php(673): plugin_sandbox_scrape('wp-gift-cert/wp...')\n#3 /internal/eval.php(20): activate_plugin('wp-gift-cert/wp...')\n#4 {main}\n  thrown in /wordpress/wp-content/plugins/wp-gift-cert/wpgft-loader.php on line 414",
    "log": "/logs/plugins/w/wp-order-categories-widget/error.json"
  },
  {
    "message": "Required parameter $file follows optional parameter $hook in /wordpress/wp-content/plugins/wp-hooks-browser/wp-hooks-browser.php on line 364",
    "level": "DEPRECATED",
    "type": "PHP",
    "test": "ast-sqlite-boot",
    "plugin": "wp-order-categories-widget",
    "details": "[08-May-2025 13:41:45 UTC] PHP Deprecated:  Required parameter $file follows optional parameter $hook in /wordpress/wp-content/plugins/wp-hooks-browser/wp-hooks-browser.php on line 364",
    "log": "/logs/plugins/w/wp-order-categories-widget/error.json"
  },
  {
    "message": "Required parameter $pattern follows optional parameter $hook in /wordpress/wp-content/plugins/wp-hooks-browser/wp-hooks-browser.php on line 364",
    "level": "DEPRECATED",
    "type": "PHP",
    "test": "ast-sqlite-boot",
    "plugin": "wp-order-categories-widget",
    "details": "[08-May-2025 13:41:45 UTC] PHP Deprecated:  Required parameter $pattern follows optional parameter $hook in /wordpress/wp-content/plugins/wp-hooks-browser/wp-hooks-browser.php on line 364",
    "log": "/logs/plugins/w/wp-order-categories-widget/error.json"
  },
  {
    "message": "Required parameter $file follows optional parameter $hook in /wordpress/wp-content/plugins/wp-hooks-browser/wp-hooks-browser.php on line 364",
    "level": "DEPRECATED",
    "type": "PHP",
    "test": "ast-sqlite-boot",
    "plugin": "wp-order-categories-widget",
    "details": "[08-May-2025 13:41:46 UTC] PHP Deprecated:  Required parameter $file follows optional parameter $hook in /wordpress/wp-content/plugins/wp-hooks-browser/wp-hooks-browser.php on line 364",
    "log": "/logs/plugins/w/wp-order-categories-widget/error.json"
  },
  {
    "message": "Required parameter $pattern follows optional parameter $hook in /wordpress/wp-content/plugins/wp-hooks-browser/wp-hooks-browser.php on line 364",
    "level": "DEPRECATED",
    "type": "PHP",
    "test": "ast-sqlite-boot",
    "plugin": "wp-order-categories-widget",
    "details": "[08-May-2025 13:41:46 UTC] PHP Deprecated:  Required parameter $pattern follows optional parameter $hook in /wordpress/wp-content/plugins/wp-hooks-browser/wp-hooks-browser.php on line 364",
    "log": "/logs/plugins/w/wp-order-categories-widget/error.json"
  },
  {
    "message": "Required parameter $file follows optional parameter $hook in /wordpress/wp-content/plugins/wp-hooks-browser/wp-hooks-browser.php on line 364",
    "level": "DEPRECATED",
    "type": "PHP",
    "test": "ast-sqlite-boot",
    "plugin": "wp-order-categories-widget",
    "details": "[08-May-2025 13:41:55 UTC] PHP Deprecated:  Required parameter $file follows optional parameter $hook in /wordpress/wp-content/plugins/wp-hooks-browser/wp-hooks-browser.php on line 364",
    "log": "/logs/plugins/w/wp-order-categories-widget/error.json"
  },
  {
    "message": "Required parameter $pattern follows optional parameter $hook in /wordpress/wp-content/plugins/wp-hooks-browser/wp-hooks-browser.php on line 364",
    "level": "DEPRECATED",
    "type": "PHP",
    "test": "ast-sqlite-boot",
    "plugin": "wp-order-categories-widget",
    "details": "[08-May-2025 13:41:55 UTC] PHP Deprecated:  Required parameter $pattern follows optional parameter $hook in /wordpress/wp-content/plugins/wp-hooks-browser/wp-hooks-browser.php on line 364",
    "log": "/logs/plugins/w/wp-order-categories-widget/error.json"
  },
  {
    "message": "Required parameter $file follows optional parameter $hook in /wordpress/wp-content/plugins/wp-hooks-browser/wp-hooks-browser.php on line 364",
    "level": "DEPRECATED",
    "type": "PHP",
    "test": "ast-sqlite-boot",
    "plugin": "wp-order-categories-widget",
    "details": "[08-May-2025 13:41:55 UTC] PHP Deprecated:  Required parameter $file follows optional parameter $hook in /wordpress/wp-content/plugins/wp-hooks-browser/wp-hooks-browser.php on line 364",
    "log": "/logs/plugins/w/wp-order-categories-widget/error.json"
  },
  {
    "message": "Required parameter $pattern follows optional parameter $hook in /wordpress/wp-content/plugins/wp-hooks-browser/wp-hooks-browser.php on line 364",
    "level": "DEPRECATED",
    "type": "PHP",
    "test": "ast-sqlite-boot",
    "plugin": "wp-order-categories-widget",
    "details": "[08-May-2025 13:41:55 UTC] PHP Deprecated:  Required parameter $pattern follows optional parameter $hook in /wordpress/wp-content/plugins/wp-hooks-browser/wp-hooks-browser.php on line 364",
    "log": "/logs/plugins/w/wp-order-categories-widget/error.json"
  },
  {
    "message": "Required parameter $file follows optional parameter $hook in /wordpress/wp-content/plugins/wp-hooks-browser/wp-hooks-browser.php on line 364",
    "level": "DEPRECATED",
    "type": "PHP",
    "test": "ast-sqlite-boot",
    "plugin": "wp-order-categories-widget",
    "details": "[08-May-2025 13:42:03 UTC] PHP Deprecated:  Required parameter $file follows optional parameter $hook in /wordpress/wp-content/plugins/wp-hooks-browser/wp-hooks-browser.php on line 364",
    "log": "/logs/plugins/w/wp-order-categories-widget/error.json"
  },
  {
    "message": "Required parameter $pattern follows optional parameter $hook in /wordpress/wp-content/plugins/wp-hooks-browser/wp-hooks-browser.php on line 364",
    "level": "DEPRECATED",
    "type": "PHP",
    "test": "ast-sqlite-boot",
    "plugin": "wp-order-categories-widget",
    "details": "[08-May-2025 13:42:03 UTC] PHP Deprecated:  Required parameter $pattern follows optional parameter $hook in /wordpress/wp-content/plugins/wp-hooks-browser/wp-hooks-browser.php on line 364",
    "log": "/logs/plugins/w/wp-order-categories-widget/error.json"
  },
  {
    "message": "Required parameter $file follows optional parameter $hook in /wordpress/wp-content/plugins/wp-hooks-browser/wp-hooks-browser.php on line 364",
    "level": "DEPRECATED",
    "type": "PHP",
    "test": "ast-sqlite-boot",
    "plugin": "wp-order-categories-widget",
    "details": "[08-May-2025 13:42:04 UTC] PHP Deprecated:  Required parameter $file follows optional parameter $hook in /wordpress/wp-content/plugins/wp-hooks-browser/wp-hooks-browser.php on line 364",
    "log": "/logs/plugins/w/wp-order-categories-widget/error.json"
  },
  {
    "message": "Required parameter $pattern follows optional parameter $hook in /wordpress/wp-content/plugins/wp-hooks-browser/wp-hooks-browser.php on line 364",
    "level": "DEPRECATED",
    "type": "PHP",
    "test": "ast-sqlite-boot",
    "plugin": "wp-order-categories-widget",
    "details": "[08-May-2025 13:42:04 UTC] PHP Deprecated:  Required parameter $pattern follows optional parameter $hook in /wordpress/wp-content/plugins/wp-hooks-browser/wp-hooks-browser.php on line 364",
    "log": "/logs/plugins/w/wp-order-categories-widget/error.json"
  },
  {
    "message": "Undefined variable $user_setting in /wordpress/wp-content/plugins/wp-imageengine/functions.php on line 245",
    "level": "WARNING",
    "type": "PHP",
    "test": "ast-sqlite-boot",
    "plugin": "wp-order-categories-widget",
    "details": "[08-May-2025 13:42:12 UTC] PHP Warning:  Undefined variable $user_setting in /wordpress/wp-content/plugins/wp-imageengine/functions.php on line 245",
    "log": "/logs/plugins/w/wp-order-categories-widget/error.json"
  },
  {
    "message": "Undefined variable $user_setting in /wordpress/wp-content/plugins/wp-imageengine/functions.php on line 285",
    "level": "WARNING",
    "type": "PHP",
    "test": "ast-sqlite-boot",
    "plugin": "wp-order-categories-widget",
    "details": "[08-May-2025 13:42:12 UTC] PHP Warning:  Undefined variable $user_setting in /wordpress/wp-content/plugins/wp-imageengine/functions.php on line 285",
    "log": "/logs/plugins/w/wp-order-categories-widget/error.json"
  },
  {
    "message": "Undefined variable $user_setting in /wordpress/wp-content/plugins/wp-imageengine/functions.php on line 245",
    "level": "WARNING",
    "type": "PHP",
    "test": "ast-sqlite-boot",
    "plugin": "wp-order-categories-widget",
    "details": "[08-May-2025 13:42:13 UTC] PHP Warning:  Undefined variable $user_setting in /wordpress/wp-content/plugins/wp-imageengine/functions.php on line 245",
    "log": "/logs/plugins/w/wp-order-categories-widget/error.json"
  },
  {
    "message": "Undefined variable $user_setting in /wordpress/wp-content/plugins/wp-imageengine/functions.php on line 285",
    "level": "WARNING",
    "type": "PHP",
    "test": "ast-sqlite-boot",
    "plugin": "wp-order-categories-widget",
    "details": "[08-May-2025 13:42:13 UTC] PHP Warning:  Undefined variable $user_setting in /wordpress/wp-content/plugins/wp-imageengine/functions.php on line 285",
    "log": "/logs/plugins/w/wp-order-categories-widget/error.json"
  },
  {
    "message": "Undefined variable $user_setting in /wordpress/wp-content/plugins/wp-imageengine/functions.php on line 245",
    "level": "WARNING",
    "type": "PHP",
    "test": "ast-sqlite-boot",
    "plugin": "wp-order-categories-widget",
    "details": "[08-May-2025 13:42:21 UTC] PHP Warning:  Undefined variable $user_setting in /wordpress/wp-content/plugins/wp-imageengine/functions.php on line 245",
    "log": "/logs/plugins/w/wp-order-categories-widget/error.json"
  },
  {
    "message": "Undefined variable $user_setting in /wordpress/wp-content/plugins/wp-imageengine/functions.php on line 285",
    "level": "WARNING",
    "type": "PHP",
    "test": "ast-sqlite-boot",
    "plugin": "wp-order-categories-widget",
    "details": "[08-May-2025 13:42:21 UTC] PHP Warning:  Undefined variable $user_setting in /wordpress/wp-content/plugins/wp-imageengine/functions.php on line 285",
    "log": "/logs/plugins/w/wp-order-categories-widget/error.json"
  },
  {
    "message": "Undefined variable $user_setting in /wordpress/wp-content/plugins/wp-imageengine/functions.php on line 245",
    "level": "WARNING",
    "type": "PHP",
    "test": "ast-sqlite-boot",
    "plugin": "wp-order-categories-widget",
    "details": "[08-May-2025 13:42:22 UTC] PHP Warning:  Undefined variable $user_setting in /wordpress/wp-content/plugins/wp-imageengine/functions.php on line 245",
    "log": "/logs/plugins/w/wp-order-categories-widget/error.json"
  },
  {
    "message": "Undefined variable $user_setting in /wordpress/wp-content/plugins/wp-imageengine/functions.php on line 285",
    "level": "WARNING",
    "type": "PHP",
    "test": "ast-sqlite-boot",
    "plugin": "wp-order-categories-widget",
    "details": "[08-May-2025 13:42:22 UTC] PHP Warning:  Undefined variable $user_setting in /wordpress/wp-content/plugins/wp-imageengine/functions.php on line 285",
    "log": "/logs/plugins/w/wp-order-categories-widget/error.json"
  },
  {
    "message": "Undefined variable $user_setting in /wordpress/wp-content/plugins/wp-imageengine/functions.php on line 245",
    "level": "WARNING",
    "type": "PHP",
    "test": "ast-sqlite-boot",
    "plugin": "wp-order-categories-widget",
    "details": "[08-May-2025 13:42:29 UTC] PHP Warning:  Undefined variable $user_setting in /wordpress/wp-content/plugins/wp-imageengine/functions.php on line 245",
    "log": "/logs/plugins/w/wp-order-categories-widget/error.json"
  },
  {
    "message": "Undefined variable $user_setting in /wordpress/wp-content/plugins/wp-imageengine/functions.php on line 285",
    "level": "WARNING",
    "type": "PHP",
    "test": "ast-sqlite-boot",
    "plugin": "wp-order-categories-widget",
    "details": "[08-May-2025 13:42:29 UTC] PHP Warning:  Undefined variable $user_setting in /wordpress/wp-content/plugins/wp-imageengine/functions.php on line 285",
    "log": "/logs/plugins/w/wp-order-categories-widget/error.json"
  },
  {
    "message": "Undefined variable $user_setting in /wordpress/wp-content/plugins/wp-imageengine/functions.php on line 245",
    "level": "WARNING",
    "type": "PHP",
    "test": "ast-sqlite-boot",
    "plugin": "wp-order-categories-widget",
    "details": "[08-May-2025 13:42:30 UTC] PHP Warning:  Undefined variable $user_setting in /wordpress/wp-content/plugins/wp-imageengine/functions.php on line 245",
    "log": "/logs/plugins/w/wp-order-categories-widget/error.json"
  },
  {
    "message": "Undefined variable $user_setting in /wordpress/wp-content/plugins/wp-imageengine/functions.php on line 285",
    "level": "WARNING",
    "type": "PHP",
    "test": "ast-sqlite-boot",
    "plugin": "wp-order-categories-widget",
    "details": "[08-May-2025 13:42:30 UTC] PHP Warning:  Undefined variable $user_setting in /wordpress/wp-content/plugins/wp-imageengine/functions.php on line 285",
    "log": "/logs/plugins/w/wp-order-categories-widget/error.json"
  },
  {
    "message": "Required parameter $attr follows optional parameter $output in /wordpress/wp-content/plugins/wp-media-manager-lite/inc/class/wpmdia-gallery-metadata.php on line 198",
    "level": "DEPRECATED",
    "type": "PHP",
    "test": "ast-sqlite-boot",
    "plugin": "wp-order-categories-widget",
    "details": "[08-May-2025 13:43:08 UTC] PHP Deprecated:  Required parameter $attr follows optional parameter $output in /wordpress/wp-content/plugins/wp-media-manager-lite/inc/class/wpmdia-gallery-metadata.php on line 198",
    "log": "/logs/plugins/w/wp-order-categories-widget/error.json"
  },
  {
    "message": "Required parameter $attr follows optional parameter $output in /wordpress/wp-content/plugins/wp-media-manager-lite/inc/class/wpmdia-gallery-metadata.php on line 198",
    "level": "DEPRECATED",
    "type": "PHP",
    "test": "ast-sqlite-boot",
    "plugin": "wp-order-categories-widget",
    "details": "[08-May-2025 13:43:09 UTC] PHP Deprecated:  Required parameter $attr follows optional parameter $output in /wordpress/wp-content/plugins/wp-media-manager-lite/inc/class/wpmdia-gallery-metadata.php on line 198",
    "log": "/logs/plugins/w/wp-order-categories-widget/error.json"
  },
  {
    "message": "Required parameter $attr follows optional parameter $output in /wordpress/wp-content/plugins/wp-media-manager-lite/inc/class/wpmdia-gallery-metadata.php on line 198",
    "level": "DEPRECATED",
    "type": "PHP",
    "test": "ast-sqlite-boot",
    "plugin": "wp-order-categories-widget",
    "details": "[08-May-2025 13:43:17 UTC] PHP Deprecated:  Required parameter $attr follows optional parameter $output in /wordpress/wp-content/plugins/wp-media-manager-lite/inc/class/wpmdia-gallery-metadata.php on line 198",
    "log": "/logs/plugins/w/wp-order-categories-widget/error.json"
  },
  {
    "message": "Required parameter $attr follows optional parameter $output in /wordpress/wp-content/plugins/wp-media-manager-lite/inc/class/wpmdia-gallery-metadata.php on line 198",
    "level": "DEPRECATED",
    "type": "PHP",
    "test": "ast-sqlite-boot",
    "plugin": "wp-order-categories-widget",
    "details": "[08-May-2025 13:43:18 UTC] PHP Deprecated:  Required parameter $attr follows optional parameter $output in /wordpress/wp-content/plugins/wp-media-manager-lite/inc/class/wpmdia-gallery-metadata.php on line 198",
    "log": "/logs/plugins/w/wp-order-categories-widget/error.json"
  },
  {
    "message": "Required parameter $attr follows optional parameter $output in /wordpress/wp-content/plugins/wp-media-manager-lite/inc/class/wpmdia-gallery-metadata.php on line 198",
    "level": "DEPRECATED",
    "type": "PHP",
    "test": "ast-sqlite-boot",
    "plugin": "wp-order-categories-widget",
    "details": "[08-May-2025 13:43:27 UTC] PHP Deprecated:  Required parameter $attr follows optional parameter $output in /wordpress/wp-content/plugins/wp-media-manager-lite/inc/class/wpmdia-gallery-metadata.php on line 198",
    "log": "/logs/plugins/w/wp-order-categories-widget/error.json"
  },
  {
    "message": "Required parameter $attr follows optional parameter $output in /wordpress/wp-content/plugins/wp-media-manager-lite/inc/class/wpmdia-gallery-metadata.php on line 198",
    "level": "DEPRECATED",
    "type": "PHP",
    "test": "ast-sqlite-boot",
    "plugin": "wp-order-categories-widget",
    "details": "[08-May-2025 13:43:28 UTC] PHP Deprecated:  Required parameter $attr follows optional parameter $output in /wordpress/wp-content/plugins/wp-media-manager-lite/inc/class/wpmdia-gallery-metadata.php on line 198",
    "log": "/logs/plugins/w/wp-order-categories-widget/error.json"
  },
  {
    "message": "Uncaught ArgumentCountError: Too few arguments to function WP_Widget::__construct(), 0 passed in /wordpress/wp-includes/class-wp-widget-factory.php on line 62 and at least 2 expected in /wordpress/wp-includes/class-wp-widget.php:163",
    "level": "FATAL",
    "type": "PHP",
    "test": "ast-sqlite-boot",
    "plugin": "wp-order-categories-widget",
    "details": "[08-May-2025 13:43:37 UTC] PHP Fatal error:  Uncaught ArgumentCountError: Too few arguments to function WP_Widget::__construct(), 0 passed in /wordpress/wp-includes/class-wp-widget-factory.php on line 62 and at least 2 expected in /wordpress/wp-includes/class-wp-widget.php:163\nStack trace:\n#0 /wordpress/wp-includes/class-wp-widget-factory.php(62): WP_Widget->__construct()\n#1 /wordpress/wp-includes/widgets.php(123): WP_Widget_Factory->register('mycategoryorder...')\n#2 /wordpress/wp-content/plugins/wp-order-categories-widget/mycategoryorder.php(464): register_widget('mycategoryorder...')\n#3 /wordpress/wp-includes/class-wp-hook.php(324): mycategoryorder_widgets_init('')\n#4 /wordpress/wp-includes/class-wp-hook.php(348): WP_Hook->apply_filters(NULL, Array)\n#5 /wordpress/wp-includes/plugin.php(517): WP_Hook->do_action(Array)\n#6 /wordpress/wp-includes/widgets.php(1870): do_action('widgets_init')\n#7 /wordpress/wp-includes/class-wp-hook.php(324): wp_widgets_init('')\n#8 /wordpress/wp-includes/class-wp-hook.php(348): WP_Hook->apply_filters(NULL, Array)\n#9 /wordpress/wp-includes/plugin.php(517): WP_Hook->do_action(Array)\n#10 /wordpress/wp-settings.php(727): do_action('init')\n#11 /wordpress/wp-config.php(102): require_once('/wordpress/wp-s...')\n#12 /wordpress/wp-load.php(50): require_once('/wordpress/wp-c...')\n#13 /internal/eval.php(3): require_once('/wordpress/wp-l...')\n#14 {main}\n  thrown in /wordpress/wp-includes/class-wp-widget.php on line 163\n\n    at Object.onBind (file:///home/runner/work/playground-tester/playground-tester/node_modules/@wp-playground/cli/index.js:237:15)\n    at process.processTicksAndRejections (node:internal/process/task_queues:105:5)\n    at async V (file:///home/runner/work/playground-tester/playground-tester/node_modules/@wp-playground/cli/index.js:64:10)\n    at async ja (file:///home/runner/work/playground-tester/playground-tester/node_modules/@wp-playground/cli/cli.js:8161:12) {\n  [cause]: Error: Error when executing the blueprint step #5 ({\"step\":\"installPlugin\",\"pluginData\":{\"resource\":\"wordpress.org/plugins\",\"slug\":\"wp-order-categories-widget\"},\"options\":{\"activate\":true}}) : PHP.run() failed with exit code 255 and the following output: \n      at Object.run (file:///home/runner/work/playground-tester/playground-tester/node_modules/@wp-playground/blueprints/index.js:12449:19)\n      at process.processTicksAndRejections (node:internal/process/task_queues:105:5)\n      at async ms (file:///home/runner/work/playground-tester/playground-tester/node_modules/@wp-playground/blueprints/index.js:12552:3)\n      ... 2 lines matching cause stack trace ...\n      at async ja (file:///home/runner/work/playground-tester/playground-tester/node_modules/@wp-playground/cli/cli.js:8161:12) {\n    [cause]: PHPExecutionFailureError: PHP.run() failed with exit code 255 and the following output: \n        at PHP.run (file:///home/runner/work/playground-tester/playground-tester/node_modules/@php-wasm/universal/index.js:987:19)\n        at process.processTicksAndRejections (node:internal/process/task_queues:105:5)\n        at async wr (file:///home/runner/work/playground-tester/playground-tester/node_modules/@wp-playground/blueprints/index.js:73:13)\n        at async Object.gt [as installPlugin] (file:///home/runner/work/playground-tester/playground-tester/node_modules/@wp-playground/blueprints/index.js:974:42)\n        at async g (file:///home/runner/work/playground-tester/playground-tester/node_modules/@wp-playground/blueprints/index.js:12517:30)\n        at async Object.run (file:///home/runner/work/playground-tester/playground-tester/node_modules/@wp-playground/blueprints/index.js:12446:23)\n        at async ms (file:///home/runner/work/playground-tester/playground-tester/node_modules/@wp-playground/blueprints/index.js:12552:3)\n        at async Object.onBind (file:///home/runner/work/playground-tester/playground-tester/node_modules/@wp-playground/cli/index.js:227:48)\n        at async V (file:///home/runner/work/playground-tester/playground-tester/node_modules/@wp-playground/cli/index.js:64:10)\n        at async ja (file:///home/runner/work/playground-tester/playground-tester/node_modules/@wp-playground/cli/cli.js:8161:12) {\n      response: PHPResponse {\n        httpStatusCode: 500,\n        headers: {\n          'x-powered-by': [ 'PHP/8.0.30-dev' ],\n          'content-type': [ 'text/html; charset=UTF-8' ],\n          expires: [ 'Wed, 11 Jan 1984 05:00:00 GMT' ],\n          'cache-control': [ 'no-cache, must-revalidate, max-age=0, no-store, private' ]\n        },\n        bytes: Uint8Array(2653) [\n           60,  33,  68,  79,  67,  84,  89,  80,  69,  32, 104, 116,\n          109, 108,  62,  10,  60, 104, 116, 109, 108,  32, 108,  97,\n          110, 103,  61,  34, 101, 110,  45,  85,  83,  34,  62,  10,\n           60, 104, 101,  97, 100,  62,  10,   9,  60, 109, 101, 116,\n           97,  32, 104, 116, 116, 112,  45, 101, 113, 117, 105, 118,\n           61,  34,  67, 111, 110, 116, 101, 110, 116,  45,  84, 121,\n          112, 101,  34,  32,  99, 111, 110, 116, 101, 110, 116,  61,\n           34, 116, 101, 120, 116,  47, 104, 116, 109, 108,  59,  32,\n           99, 104,  97, 114,\n          ... 2553 more items\n        ],\n        exitCode: 255,\n        errors: ''\n      },\n      source: 'request'\n    }\n  }\n}\n\n",
    "log": "/logs/plugins/w/wp-order-categories-widget/error.json"
  },
  {
    "message": "file:///home/runner/work/playground-tester/playground-tester/node_modules/@wp-playground/cli/index.js:237\n        throw new Error(y, { cause: u });\n              ^\n",
    "level": "FATAL",
    "type": "PLAYGROUND",
    "test": "asyncify-boot",
    "plugin": "wp-order-categories-widget",
    "details": "file:///home/runner/work/playground-tester/playground-tester/node_modules/@wp-playground/cli/index.js:237\n        throw new Error(y, { cause: u });\n              ^\n",
    "log": "/tmp/tmp.OQOTOV1FkU"
  },
  {
    "message": "Undefined variable $Base_name in /wordpress/wp-content/plugins/wp-auto-backup/Data.php on line 47",
    "level": "WARNING",
    "type": "PHP",
    "test": "asyncify-boot",
    "plugin": "wp-order-categories-widget",
    "details": "[08-May-2025 13:38:09 UTC] PHP Warning:  Undefined variable $Base_name in /wordpress/wp-content/plugins/wp-auto-backup/Data.php on line 47",
    "log": "/logs/plugins/w/wp-order-categories-widget/error.json"
  },
  {
    "message": "Uncaught PDOException: SQLSTATE[HY000] [2002] Address family not supported by protocol in /wordpress/wp-content/plugins/wp-auto-backup/Store.class.php:16",
    "level": "FATAL",
    "type": "PHP",
    "test": "asyncify-boot",
    "plugin": "wp-order-categories-widget",
    "details": "[08-May-2025 13:38:10 UTC] PHP Fatal error:  Uncaught PDOException: SQLSTATE[HY000] [2002] Address family not supported by protocol in /wordpress/wp-content/plugins/wp-auto-backup/Store.class.php:16\nStack trace:\n#0 /wordpress/wp-content/plugins/wp-auto-backup/Store.class.php(16): PDO->__construct('mysql:host=;dbn...', '', '')\n#1 /wordpress/wp-content/plugins/wp-auto-backup/Store.class.php(44): dj_store->Open_DataBase()\n#2 /wordpress/wp-content/plugins/wp-auto-backup/Database_Backup.php(361): dj_store->Sql_Operation_WR('\\nCREATE TABLE I...')\n#3 /wordpress/wp-content/plugins/wp-auto-backup/Main.php(61): dj_operation->Create_BackUp_Table()\n#4 /wordpress/wp-includes/class-wp-hook.php(324): dj_databases_backup->create_options_table('')\n#5 /wordpress/wp-includes/class-wp-hook.php(348): WP_Hook->apply_filters(NULL, Array)\n#6 /wordpress/wp-includes/plugin.php(517): WP_Hook->do_action(Array)\n#7 /wordpress/wp-settings.php(727): do_action('init')\n#8 /wordpress/wp-config.php(102): require_once('/wordpress/wp-s...')\n#9 /wordpress/wp-load.php(50): require_once('/wordpress/wp-c...')\n#10 /internal/eval.php(3): require_once('/wordpress/wp-l...')\n#11 {main}\n  thrown in /wordpress/wp-content/plugins/wp-auto-backup/Store.class.php on line 16",
    "log": "/logs/plugins/w/wp-order-categories-widget/error.json"
  },
  {
    "message": "Undefined variable $Base_name in /wordpress/wp-content/plugins/wp-auto-backup/Data.php on line 47",
    "level": "WARNING",
    "type": "PHP",
    "test": "asyncify-boot",
    "plugin": "wp-order-categories-widget",
    "details": "[08-May-2025 13:38:18 UTC] PHP Warning:  Undefined variable $Base_name in /wordpress/wp-content/plugins/wp-auto-backup/Data.php on line 47",
    "log": "/logs/plugins/w/wp-order-categories-widget/error.json"
  },
  {
    "message": "Uncaught PDOException: SQLSTATE[HY000] [2002] Address family not supported by protocol in /wordpress/wp-content/plugins/wp-auto-backup/Store.class.php:16",
    "level": "FATAL",
    "type": "PHP",
    "test": "asyncify-boot",
    "plugin": "wp-order-categories-widget",
    "details": "[08-May-2025 13:38:20 UTC] PHP Fatal error:  Uncaught PDOException: SQLSTATE[HY000] [2002] Address family not supported by protocol in /wordpress/wp-content/plugins/wp-auto-backup/Store.class.php:16\nStack trace:\n#0 /wordpress/wp-content/plugins/wp-auto-backup/Store.class.php(16): PDO->__construct('mysql:host=;dbn...', '', '')\n#1 /wordpress/wp-content/plugins/wp-auto-backup/Store.class.php(44): dj_store->Open_DataBase()\n#2 /wordpress/wp-content/plugins/wp-auto-backup/Database_Backup.php(361): dj_store->Sql_Operation_WR('\\nCREATE TABLE I...')\n#3 /wordpress/wp-content/plugins/wp-auto-backup/Main.php(61): dj_operation->Create_BackUp_Table()\n#4 /wordpress/wp-includes/class-wp-hook.php(324): dj_databases_backup->create_options_table('')\n#5 /wordpress/wp-includes/class-wp-hook.php(348): WP_Hook->apply_filters(NULL, Array)\n#6 /wordpress/wp-includes/plugin.php(517): WP_Hook->do_action(Array)\n#7 /wordpress/wp-settings.php(727): do_action('init')\n#8 /wordpress/wp-config.php(102): require_once('/wordpress/wp-s...')\n#9 /wordpress/wp-load.php(50): require_once('/wordpress/wp-c...')\n#10 /internal/eval.php(3): require_once('/wordpress/wp-l...')\n#11 {main}\n  thrown in /wordpress/wp-content/plugins/wp-auto-backup/Store.class.php on line 16",
    "log": "/logs/plugins/w/wp-order-categories-widget/error.json"
  },
  {
    "message": "Undefined variable $Base_name in /wordpress/wp-content/plugins/wp-auto-backup/Data.php on line 47",
    "level": "WARNING",
    "type": "PHP",
    "test": "asyncify-boot",
    "plugin": "wp-order-categories-widget",
    "details": "[08-May-2025 13:38:27 UTC] PHP Warning:  Undefined variable $Base_name in /wordpress/wp-content/plugins/wp-auto-backup/Data.php on line 47",
    "log": "/logs/plugins/w/wp-order-categories-widget/error.json"
  },
  {
    "message": "Uncaught PDOException: SQLSTATE[HY000] [2002] Address family not supported by protocol in /wordpress/wp-content/plugins/wp-auto-backup/Store.class.php:16",
    "level": "FATAL",
    "type": "PHP",
    "test": "asyncify-boot",
    "plugin": "wp-order-categories-widget",
    "details": "[08-May-2025 13:38:28 UTC] PHP Fatal error:  Uncaught PDOException: SQLSTATE[HY000] [2002] Address family not supported by protocol in /wordpress/wp-content/plugins/wp-auto-backup/Store.class.php:16\nStack trace:\n#0 /wordpress/wp-content/plugins/wp-auto-backup/Store.class.php(16): PDO->__construct('mysql:host=;dbn...', '', '')\n#1 /wordpress/wp-content/plugins/wp-auto-backup/Store.class.php(44): dj_store->Open_DataBase()\n#2 /wordpress/wp-content/plugins/wp-auto-backup/Database_Backup.php(361): dj_store->Sql_Operation_WR('\\nCREATE TABLE I...')\n#3 /wordpress/wp-content/plugins/wp-auto-backup/Main.php(61): dj_operation->Create_BackUp_Table()\n#4 /wordpress/wp-includes/class-wp-hook.php(324): dj_databases_backup->create_options_table('')\n#5 /wordpress/wp-includes/class-wp-hook.php(348): WP_Hook->apply_filters(NULL, Array)\n#6 /wordpress/wp-includes/plugin.php(517): WP_Hook->do_action(Array)\n#7 /wordpress/wp-settings.php(727): do_action('init')\n#8 /wordpress/wp-config.php(102): require_once('/wordpress/wp-s...')\n#9 /wordpress/wp-load.php(50): require_once('/wordpress/wp-c...')\n#10 /internal/eval.php(3): require_once('/wordpress/wp-l...')\n#11 {main}\n  thrown in /wordpress/wp-content/plugins/wp-auto-backup/Store.class.php on line 16",
    "log": "/logs/plugins/w/wp-order-categories-widget/error.json"
  },
  {
    "message": "Function wp_enqueue_script was called <strong>incorrectly</strong>. Scripts and styles should not be registered or enqueued until the <code>wp_enqueue_scripts</code>, <code>admin_enqueue_scripts</code>, or <code>login_enqueue_scripts</code> hooks. This notice was triggered by the <code>tp-custom-clock-plugin-js</code> handle. Please see <a href=\"https://developer.wordpress.org/advanced-administration/debug/debug-wordpress/\">Debugging in WordPress</a> for more information. (This message was added in version 3.3.0.) in /wordpress/wp-includes/functions.php on line 6121",
    "level": "NOTICE",
    "type": "PHP",
    "test": "asyncify-boot",
    "plugin": "wp-order-categories-widget",
    "details": "[08-May-2025 13:39:05 UTC] PHP Notice:  Function wp_enqueue_script was called <strong>incorrectly</strong>. Scripts and styles should not be registered or enqueued until the <code>wp_enqueue_scripts</code>, <code>admin_enqueue_scripts</code>, or <code>login_enqueue_scripts</code> hooks. This notice was triggered by the <code>tp-custom-clock-plugin-js</code> handle. Please see <a href=\"https://developer.wordpress.org/advanced-administration/debug/debug-wordpress/\">Debugging in WordPress</a> for more information. (This message was added in version 3.3.0.) in /wordpress/wp-includes/functions.php on line 6121",
    "log": "/logs/plugins/w/wp-order-categories-widget/error.json"
  },
  {
    "message": "Function wp_enqueue_style was called <strong>incorrectly</strong>. Scripts and styles should not be registered or enqueued until the <code>wp_enqueue_scripts</code>, <code>admin_enqueue_scripts</code>, or <code>login_enqueue_scripts</code> hooks. This notice was triggered by the <code>tp-custom-clock-plugin-css</code> handle. Please see <a href=\"https://developer.wordpress.org/advanced-administration/debug/debug-wordpress/\">Debugging in WordPress</a> for more information. (This message was added in version 3.3.0.) in /wordpress/wp-includes/functions.php on line 6121",
    "level": "NOTICE",
    "type": "PHP",
    "test": "asyncify-boot",
    "plugin": "wp-order-categories-widget",
    "details": "[08-May-2025 13:39:05 UTC] PHP Notice:  Function wp_enqueue_style was called <strong>incorrectly</strong>. Scripts and styles should not be registered or enqueued until the <code>wp_enqueue_scripts</code>, <code>admin_enqueue_scripts</code>, or <code>login_enqueue_scripts</code> hooks. This notice was triggered by the <code>tp-custom-clock-plugin-css</code> handle. Please see <a href=\"https://developer.wordpress.org/advanced-administration/debug/debug-wordpress/\">Debugging in WordPress</a> for more information. (This message was added in version 3.3.0.) in /wordpress/wp-includes/functions.php on line 6121",
    "log": "/logs/plugins/w/wp-order-categories-widget/error.json"
  },
  {
    "message": "Function is_feed was called <strong>incorrectly</strong>. Conditional query tags do not work before the query is run. Before then, they always return false. Please see <a href=\"https://developer.wordpress.org/advanced-administration/debug/debug-wordpress/\">Debugging in WordPress</a> for more information. (This message was added in version 3.1.0.) in /wordpress/wp-includes/functions.php on line 6121",
    "level": "NOTICE",
    "type": "PHP",
    "test": "asyncify-boot",
    "plugin": "wp-order-categories-widget",
    "details": "[08-May-2025 13:39:05 UTC] PHP Notice:  Function is_feed was called <strong>incorrectly</strong>. Conditional query tags do not work before the query is run. Before then, they always return false. Please see <a href=\"https://developer.wordpress.org/advanced-administration/debug/debug-wordpress/\">Debugging in WordPress</a> for more information. (This message was added in version 3.1.0.) in /wordpress/wp-includes/functions.php on line 6121",
    "log": "/logs/plugins/w/wp-order-categories-widget/error.json"
  },
  {
    "message": "Function wp_enqueue_script was called <strong>incorrectly</strong>. Scripts and styles should not be registered or enqueued until the <code>wp_enqueue_scripts</code>, <code>admin_enqueue_scripts</code>, or <code>login_enqueue_scripts</code> hooks. This notice was triggered by the <code>tp-custom-clock-plugin-js</code> handle. Please see <a href=\"https://developer.wordpress.org/advanced-administration/debug/debug-wordpress/\">Debugging in WordPress</a> for more information. (This message was added in version 3.3.0.) in /wordpress/wp-includes/functions.php on line 6121",
    "level": "NOTICE",
    "type": "PHP",
    "test": "asyncify-boot",
    "plugin": "wp-order-categories-widget",
    "details": "[08-May-2025 13:39:13 UTC] PHP Notice:  Function wp_enqueue_script was called <strong>incorrectly</strong>. Scripts and styles should not be registered or enqueued until the <code>wp_enqueue_scripts</code>, <code>admin_enqueue_scripts</code>, or <code>login_enqueue_scripts</code> hooks. This notice was triggered by the <code>tp-custom-clock-plugin-js</code> handle. Please see <a href=\"https://developer.wordpress.org/advanced-administration/debug/debug-wordpress/\">Debugging in WordPress</a> for more information. (This message was added in version 3.3.0.) in /wordpress/wp-includes/functions.php on line 6121",
    "log": "/logs/plugins/w/wp-order-categories-widget/error.json"
  },
  {
    "message": "Function wp_enqueue_style was called <strong>incorrectly</strong>. Scripts and styles should not be registered or enqueued until the <code>wp_enqueue_scripts</code>, <code>admin_enqueue_scripts</code>, or <code>login_enqueue_scripts</code> hooks. This notice was triggered by the <code>tp-custom-clock-plugin-css</code> handle. Please see <a href=\"https://developer.wordpress.org/advanced-administration/debug/debug-wordpress/\">Debugging in WordPress</a> for more information. (This message was added in version 3.3.0.) in /wordpress/wp-includes/functions.php on line 6121",
    "level": "NOTICE",
    "type": "PHP",
    "test": "asyncify-boot",
    "plugin": "wp-order-categories-widget",
    "details": "[08-May-2025 13:39:13 UTC] PHP Notice:  Function wp_enqueue_style was called <strong>incorrectly</strong>. Scripts and styles should not be registered or enqueued until the <code>wp_enqueue_scripts</code>, <code>admin_enqueue_scripts</code>, or <code>login_enqueue_scripts</code> hooks. This notice was triggered by the <code>tp-custom-clock-plugin-css</code> handle. Please see <a href=\"https://developer.wordpress.org/advanced-administration/debug/debug-wordpress/\">Debugging in WordPress</a> for more information. (This message was added in version 3.3.0.) in /wordpress/wp-includes/functions.php on line 6121",
    "log": "/logs/plugins/w/wp-order-categories-widget/error.json"
  },
  {
    "message": "Function is_feed was called <strong>incorrectly</strong>. Conditional query tags do not work before the query is run. Before then, they always return false. Please see <a href=\"https://developer.wordpress.org/advanced-administration/debug/debug-wordpress/\">Debugging in WordPress</a> for more information. (This message was added in version 3.1.0.) in /wordpress/wp-includes/functions.php on line 6121",
    "level": "NOTICE",
    "type": "PHP",
    "test": "asyncify-boot",
    "plugin": "wp-order-categories-widget",
    "details": "[08-May-2025 13:39:13 UTC] PHP Notice:  Function is_feed was called <strong>incorrectly</strong>. Conditional query tags do not work before the query is run. Before then, they always return false. Please see <a href=\"https://developer.wordpress.org/advanced-administration/debug/debug-wordpress/\">Debugging in WordPress</a> for more information. (This message was added in version 3.1.0.) in /wordpress/wp-includes/functions.php on line 6121",
    "log": "/logs/plugins/w/wp-order-categories-widget/error.json"
  },
  {
    "message": "Function wp_enqueue_script was called <strong>incorrectly</strong>. Scripts and styles should not be registered or enqueued until the <code>wp_enqueue_scripts</code>, <code>admin_enqueue_scripts</code>, or <code>login_enqueue_scripts</code> hooks. This notice was triggered by the <code>tp-custom-clock-plugin-js</code> handle. Please see <a href=\"https://developer.wordpress.org/advanced-administration/debug/debug-wordpress/\">Debugging in WordPress</a> for more information. (This message was added in version 3.3.0.) in /wordpress/wp-includes/functions.php on line 6121",
    "level": "NOTICE",
    "type": "PHP",
    "test": "asyncify-boot",
    "plugin": "wp-order-categories-widget",
    "details": "[08-May-2025 13:39:22 UTC] PHP Notice:  Function wp_enqueue_script was called <strong>incorrectly</strong>. Scripts and styles should not be registered or enqueued until the <code>wp_enqueue_scripts</code>, <code>admin_enqueue_scripts</code>, or <code>login_enqueue_scripts</code> hooks. This notice was triggered by the <code>tp-custom-clock-plugin-js</code> handle. Please see <a href=\"https://developer.wordpress.org/advanced-administration/debug/debug-wordpress/\">Debugging in WordPress</a> for more information. (This message was added in version 3.3.0.) in /wordpress/wp-includes/functions.php on line 6121",
    "log": "/logs/plugins/w/wp-order-categories-widget/error.json"
  },
  {
    "message": "Function wp_enqueue_style was called <strong>incorrectly</strong>. Scripts and styles should not be registered or enqueued until the <code>wp_enqueue_scripts</code>, <code>admin_enqueue_scripts</code>, or <code>login_enqueue_scripts</code> hooks. This notice was triggered by the <code>tp-custom-clock-plugin-css</code> handle. Please see <a href=\"https://developer.wordpress.org/advanced-administration/debug/debug-wordpress/\">Debugging in WordPress</a> for more information. (This message was added in version 3.3.0.) in /wordpress/wp-includes/functions.php on line 6121",
    "level": "NOTICE",
    "type": "PHP",
    "test": "asyncify-boot",
    "plugin": "wp-order-categories-widget",
    "details": "[08-May-2025 13:39:22 UTC] PHP Notice:  Function wp_enqueue_style was called <strong>incorrectly</strong>. Scripts and styles should not be registered or enqueued until the <code>wp_enqueue_scripts</code>, <code>admin_enqueue_scripts</code>, or <code>login_enqueue_scripts</code> hooks. This notice was triggered by the <code>tp-custom-clock-plugin-css</code> handle. Please see <a href=\"https://developer.wordpress.org/advanced-administration/debug/debug-wordpress/\">Debugging in WordPress</a> for more information. (This message was added in version 3.3.0.) in /wordpress/wp-includes/functions.php on line 6121",
    "log": "/logs/plugins/w/wp-order-categories-widget/error.json"
  },
  {
    "message": "Function is_feed was called <strong>incorrectly</strong>. Conditional query tags do not work before the query is run. Before then, they always return false. Please see <a href=\"https://developer.wordpress.org/advanced-administration/debug/debug-wordpress/\">Debugging in WordPress</a> for more information. (This message was added in version 3.1.0.) in /wordpress/wp-includes/functions.php on line 6121",
    "level": "NOTICE",
    "type": "PHP",
    "test": "asyncify-boot",
    "plugin": "wp-order-categories-widget",
    "details": "[08-May-2025 13:39:22 UTC] PHP Notice:  Function is_feed was called <strong>incorrectly</strong>. Conditional query tags do not work before the query is run. Before then, they always return false. Please see <a href=\"https://developer.wordpress.org/advanced-administration/debug/debug-wordpress/\">Debugging in WordPress</a> for more information. (This message was added in version 3.1.0.) in /wordpress/wp-includes/functions.php on line 6121",
    "log": "/logs/plugins/w/wp-order-categories-widget/error.json"
  },
  {
    "message": "\"continue\" targeting switch is equivalent to \"break\". Did you mean to use \"continue 2\"? in /wordpress/wp-content/plugins/wp-ecommerce-compare-products/admin/admin-interface.php on line 243",
    "level": "WARNING",
    "type": "PHP",
    "test": "asyncify-boot",
    "plugin": "wp-order-categories-widget",
    "details": "[08-May-2025 13:40:22 UTC] PHP Warning:  \"continue\" targeting switch is equivalent to \"break\". Did you mean to use \"continue 2\"? in /wordpress/wp-content/plugins/wp-ecommerce-compare-products/admin/admin-interface.php on line 243",
    "log": "/logs/plugins/w/wp-order-categories-widget/error.json"
  },
  {
    "message": "Uncaught Error: Call to undefined function create_function() in /wordpress/wp-content/plugins/wp-ecommerce-compare-products/widget/class-compare_widget.php:6",
    "level": "FATAL",
    "type": "PHP",
    "test": "asyncify-boot",
    "plugin": "wp-order-categories-widget",
    "details": "[08-May-2025 13:40:22 UTC] PHP Fatal error:  Uncaught Error: Call to undefined function create_function() in /wordpress/wp-content/plugins/wp-ecommerce-compare-products/widget/class-compare_widget.php:6\nStack trace:\n#0 /wordpress/wp-content/plugins/wp-ecommerce-compare-products/compare_products.php(66): include()\n#1 /wordpress/wp-admin/includes/plugin.php(2387): include_once('/wordpress/wp-c...')\n#2 /wordpress/wp-admin/includes/plugin.php(673): plugin_sandbox_scrape('wp-ecommerce-co...')\n#3 /internal/eval.php(20): activate_plugin('wp-ecommerce-co...')\n#4 {main}\n  thrown in /wordpress/wp-content/plugins/wp-ecommerce-compare-products/widget/class-compare_widget.php on line 6",
    "log": "/logs/plugins/w/wp-order-categories-widget/error.json"
  },
  {
    "message": "\"continue\" targeting switch is equivalent to \"break\". Did you mean to use \"continue 2\"? in /wordpress/wp-content/plugins/wp-ecommerce-compare-products/admin/admin-interface.php on line 243",
    "level": "WARNING",
    "type": "PHP",
    "test": "asyncify-boot",
    "plugin": "wp-order-categories-widget",
    "details": "[08-May-2025 13:40:30 UTC] PHP Warning:  \"continue\" targeting switch is equivalent to \"break\". Did you mean to use \"continue 2\"? in /wordpress/wp-content/plugins/wp-ecommerce-compare-products/admin/admin-interface.php on line 243",
    "log": "/logs/plugins/w/wp-order-categories-widget/error.json"
  },
  {
    "message": "Uncaught Error: Call to undefined function create_function() in /wordpress/wp-content/plugins/wp-ecommerce-compare-products/widget/class-compare_widget.php:6",
    "level": "FATAL",
    "type": "PHP",
    "test": "asyncify-boot",
    "plugin": "wp-order-categories-widget",
    "details": "[08-May-2025 13:40:30 UTC] PHP Fatal error:  Uncaught Error: Call to undefined function create_function() in /wordpress/wp-content/plugins/wp-ecommerce-compare-products/widget/class-compare_widget.php:6\nStack trace:\n#0 /wordpress/wp-content/plugins/wp-ecommerce-compare-products/compare_products.php(66): include()\n#1 /wordpress/wp-admin/includes/plugin.php(2387): include_once('/wordpress/wp-c...')\n#2 /wordpress/wp-admin/includes/plugin.php(673): plugin_sandbox_scrape('wp-ecommerce-co...')\n#3 /internal/eval.php(20): activate_plugin('wp-ecommerce-co...')\n#4 {main}\n  thrown in /wordpress/wp-content/plugins/wp-ecommerce-compare-products/widget/class-compare_widget.php on line 6",
    "log": "/logs/plugins/w/wp-order-categories-widget/error.json"
  },
  {
    "message": "\"continue\" targeting switch is equivalent to \"break\". Did you mean to use \"continue 2\"? in /wordpress/wp-content/plugins/wp-ecommerce-compare-products/admin/admin-interface.php on line 243",
    "level": "WARNING",
    "type": "PHP",
    "test": "asyncify-boot",
    "plugin": "wp-order-categories-widget",
    "details": "[08-May-2025 13:40:39 UTC] PHP Warning:  \"continue\" targeting switch is equivalent to \"break\". Did you mean to use \"continue 2\"? in /wordpress/wp-content/plugins/wp-ecommerce-compare-products/admin/admin-interface.php on line 243",
    "log": "/logs/plugins/w/wp-order-categories-widget/error.json"
  },
  {
    "message": "Uncaught Error: Call to undefined function create_function() in /wordpress/wp-content/plugins/wp-ecommerce-compare-products/widget/class-compare_widget.php:6",
    "level": "FATAL",
    "type": "PHP",
    "test": "asyncify-boot",
    "plugin": "wp-order-categories-widget",
    "details": "[08-May-2025 13:40:39 UTC] PHP Fatal error:  Uncaught Error: Call to undefined function create_function() in /wordpress/wp-content/plugins/wp-ecommerce-compare-products/widget/class-compare_widget.php:6\nStack trace:\n#0 /wordpress/wp-content/plugins/wp-ecommerce-compare-products/compare_products.php(66): include()\n#1 /wordpress/wp-admin/includes/plugin.php(2387): include_once('/wordpress/wp-c...')\n#2 /wordpress/wp-admin/includes/plugin.php(673): plugin_sandbox_scrape('wp-ecommerce-co...')\n#3 /internal/eval.php(20): activate_plugin('wp-ecommerce-co...')\n#4 {main}\n  thrown in /wordpress/wp-content/plugins/wp-ecommerce-compare-products/widget/class-compare_widget.php on line 6",
    "log": "/logs/plugins/w/wp-order-categories-widget/error.json"
  },
  {
    "message": "Uncaught Error: Undefined constant \"wpgft_eval_PostData\" in /wordpress/wp-content/plugins/wp-gift-cert/wpgft-loader.php:414",
    "level": "FATAL",
    "type": "PHP",
    "test": "asyncify-boot",
    "plugin": "wp-order-categories-widget",
    "details": "[08-May-2025 13:41:21 UTC] PHP Fatal error:  Uncaught Error: Undefined constant \"wpgft_eval_PostData\" in /wordpress/wp-content/plugins/wp-gift-cert/wpgft-loader.php:414\nStack trace:\n#0 /wordpress/wp-content/plugins/wp-gift-cert/wpgft.php(38): require_once()\n#1 /wordpress/wp-admin/includes/plugin.php(2387): include_once('/wordpress/wp-c...')\n#2 /wordpress/wp-admin/includes/plugin.php(673): plugin_sandbox_scrape('wp-gift-cert/wp...')\n#3 /internal/eval.php(20): activate_plugin('wp-gift-cert/wp...')\n#4 {main}\n  thrown in /wordpress/wp-content/plugins/wp-gift-cert/wpgft-loader.php on line 414",
    "log": "/logs/plugins/w/wp-order-categories-widget/error.json"
  },
  {
    "message": "Uncaught Error: Undefined constant \"wpgft_eval_PostData\" in /wordpress/wp-content/plugins/wp-gift-cert/wpgft-loader.php:414",
    "level": "FATAL",
    "type": "PHP",
    "test": "asyncify-boot",
    "plugin": "wp-order-categories-widget",
    "details": "[08-May-2025 13:41:29 UTC] PHP Fatal error:  Uncaught Error: Undefined constant \"wpgft_eval_PostData\" in /wordpress/wp-content/plugins/wp-gift-cert/wpgft-loader.php:414\nStack trace:\n#0 /wordpress/wp-content/plugins/wp-gift-cert/wpgft.php(38): require_once()\n#1 /wordpress/wp-admin/includes/plugin.php(2387): include_once('/wordpress/wp-c...')\n#2 /wordpress/wp-admin/includes/plugin.php(673): plugin_sandbox_scrape('wp-gift-cert/wp...')\n#3 /internal/eval.php(20): activate_plugin('wp-gift-cert/wp...')\n#4 {main}\n  thrown in /wordpress/wp-content/plugins/wp-gift-cert/wpgft-loader.php on line 414",
    "log": "/logs/plugins/w/wp-order-categories-widget/error.json"
  },
  {
    "message": "Uncaught Error: Undefined constant \"wpgft_eval_PostData\" in /wordpress/wp-content/plugins/wp-gift-cert/wpgft-loader.php:414",
    "level": "FATAL",
    "type": "PHP",
    "test": "asyncify-boot",
    "plugin": "wp-order-categories-widget",
    "details": "[08-May-2025 13:41:37 UTC] PHP Fatal error:  Uncaught Error: Undefined constant \"wpgft_eval_PostData\" in /wordpress/wp-content/plugins/wp-gift-cert/wpgft-loader.php:414\nStack trace:\n#0 /wordpress/wp-content/plugins/wp-gift-cert/wpgft.php(38): require_once()\n#1 /wordpress/wp-admin/includes/plugin.php(2387): include_once('/wordpress/wp-c...')\n#2 /wordpress/wp-admin/includes/plugin.php(673): plugin_sandbox_scrape('wp-gift-cert/wp...')\n#3 /internal/eval.php(20): activate_plugin('wp-gift-cert/wp...')\n#4 {main}\n  thrown in /wordpress/wp-content/plugins/wp-gift-cert/wpgft-loader.php on line 414",
    "log": "/logs/plugins/w/wp-order-categories-widget/error.json"
  },
  {
    "message": "Required parameter $file follows optional parameter $hook in /wordpress/wp-content/plugins/wp-hooks-browser/wp-hooks-browser.php on line 364",
    "level": "DEPRECATED",
    "type": "PHP",
    "test": "asyncify-boot",
    "plugin": "wp-order-categories-widget",
    "details": "[08-May-2025 13:41:45 UTC] PHP Deprecated:  Required parameter $file follows optional parameter $hook in /wordpress/wp-content/plugins/wp-hooks-browser/wp-hooks-browser.php on line 364",
    "log": "/logs/plugins/w/wp-order-categories-widget/error.json"
  },
  {
    "message": "Required parameter $pattern follows optional parameter $hook in /wordpress/wp-content/plugins/wp-hooks-browser/wp-hooks-browser.php on line 364",
    "level": "DEPRECATED",
    "type": "PHP",
    "test": "asyncify-boot",
    "plugin": "wp-order-categories-widget",
    "details": "[08-May-2025 13:41:45 UTC] PHP Deprecated:  Required parameter $pattern follows optional parameter $hook in /wordpress/wp-content/plugins/wp-hooks-browser/wp-hooks-browser.php on line 364",
    "log": "/logs/plugins/w/wp-order-categories-widget/error.json"
  },
  {
    "message": "Required parameter $file follows optional parameter $hook in /wordpress/wp-content/plugins/wp-hooks-browser/wp-hooks-browser.php on line 364",
    "level": "DEPRECATED",
    "type": "PHP",
    "test": "asyncify-boot",
    "plugin": "wp-order-categories-widget",
    "details": "[08-May-2025 13:41:46 UTC] PHP Deprecated:  Required parameter $file follows optional parameter $hook in /wordpress/wp-content/plugins/wp-hooks-browser/wp-hooks-browser.php on line 364",
    "log": "/logs/plugins/w/wp-order-categories-widget/error.json"
  },
  {
    "message": "Required parameter $pattern follows optional parameter $hook in /wordpress/wp-content/plugins/wp-hooks-browser/wp-hooks-browser.php on line 364",
    "level": "DEPRECATED",
    "type": "PHP",
    "test": "asyncify-boot",
    "plugin": "wp-order-categories-widget",
    "details": "[08-May-2025 13:41:46 UTC] PHP Deprecated:  Required parameter $pattern follows optional parameter $hook in /wordpress/wp-content/plugins/wp-hooks-browser/wp-hooks-browser.php on line 364",
    "log": "/logs/plugins/w/wp-order-categories-widget/error.json"
  },
  {
    "message": "Required parameter $file follows optional parameter $hook in /wordpress/wp-content/plugins/wp-hooks-browser/wp-hooks-browser.php on line 364",
    "level": "DEPRECATED",
    "type": "PHP",
    "test": "asyncify-boot",
    "plugin": "wp-order-categories-widget",
    "details": "[08-May-2025 13:41:55 UTC] PHP Deprecated:  Required parameter $file follows optional parameter $hook in /wordpress/wp-content/plugins/wp-hooks-browser/wp-hooks-browser.php on line 364",
    "log": "/logs/plugins/w/wp-order-categories-widget/error.json"
  },
  {
    "message": "Required parameter $pattern follows optional parameter $hook in /wordpress/wp-content/plugins/wp-hooks-browser/wp-hooks-browser.php on line 364",
    "level": "DEPRECATED",
    "type": "PHP",
    "test": "asyncify-boot",
    "plugin": "wp-order-categories-widget",
    "details": "[08-May-2025 13:41:55 UTC] PHP Deprecated:  Required parameter $pattern follows optional parameter $hook in /wordpress/wp-content/plugins/wp-hooks-browser/wp-hooks-browser.php on line 364",
    "log": "/logs/plugins/w/wp-order-categories-widget/error.json"
  },
  {
    "message": "Required parameter $file follows optional parameter $hook in /wordpress/wp-content/plugins/wp-hooks-browser/wp-hooks-browser.php on line 364",
    "level": "DEPRECATED",
    "type": "PHP",
    "test": "asyncify-boot",
    "plugin": "wp-order-categories-widget",
    "details": "[08-May-2025 13:41:55 UTC] PHP Deprecated:  Required parameter $file follows optional parameter $hook in /wordpress/wp-content/plugins/wp-hooks-browser/wp-hooks-browser.php on line 364",
    "log": "/logs/plugins/w/wp-order-categories-widget/error.json"
  },
  {
    "message": "Required parameter $pattern follows optional parameter $hook in /wordpress/wp-content/plugins/wp-hooks-browser/wp-hooks-browser.php on line 364",
    "level": "DEPRECATED",
    "type": "PHP",
    "test": "asyncify-boot",
    "plugin": "wp-order-categories-widget",
    "details": "[08-May-2025 13:41:55 UTC] PHP Deprecated:  Required parameter $pattern follows optional parameter $hook in /wordpress/wp-content/plugins/wp-hooks-browser/wp-hooks-browser.php on line 364",
    "log": "/logs/plugins/w/wp-order-categories-widget/error.json"
  },
  {
    "message": "Required parameter $file follows optional parameter $hook in /wordpress/wp-content/plugins/wp-hooks-browser/wp-hooks-browser.php on line 364",
    "level": "DEPRECATED",
    "type": "PHP",
    "test": "asyncify-boot",
    "plugin": "wp-order-categories-widget",
    "details": "[08-May-2025 13:42:03 UTC] PHP Deprecated:  Required parameter $file follows optional parameter $hook in /wordpress/wp-content/plugins/wp-hooks-browser/wp-hooks-browser.php on line 364",
    "log": "/logs/plugins/w/wp-order-categories-widget/error.json"
  },
  {
    "message": "Required parameter $pattern follows optional parameter $hook in /wordpress/wp-content/plugins/wp-hooks-browser/wp-hooks-browser.php on line 364",
    "level": "DEPRECATED",
    "type": "PHP",
    "test": "asyncify-boot",
    "plugin": "wp-order-categories-widget",
    "details": "[08-May-2025 13:42:03 UTC] PHP Deprecated:  Required parameter $pattern follows optional parameter $hook in /wordpress/wp-content/plugins/wp-hooks-browser/wp-hooks-browser.php on line 364",
    "log": "/logs/plugins/w/wp-order-categories-widget/error.json"
  },
  {
    "message": "Required parameter $file follows optional parameter $hook in /wordpress/wp-content/plugins/wp-hooks-browser/wp-hooks-browser.php on line 364",
    "level": "DEPRECATED",
    "type": "PHP",
    "test": "asyncify-boot",
    "plugin": "wp-order-categories-widget",
    "details": "[08-May-2025 13:42:04 UTC] PHP Deprecated:  Required parameter $file follows optional parameter $hook in /wordpress/wp-content/plugins/wp-hooks-browser/wp-hooks-browser.php on line 364",
    "log": "/logs/plugins/w/wp-order-categories-widget/error.json"
  },
  {
    "message": "Required parameter $pattern follows optional parameter $hook in /wordpress/wp-content/plugins/wp-hooks-browser/wp-hooks-browser.php on line 364",
    "level": "DEPRECATED",
    "type": "PHP",
    "test": "asyncify-boot",
    "plugin": "wp-order-categories-widget",
    "details": "[08-May-2025 13:42:04 UTC] PHP Deprecated:  Required parameter $pattern follows optional parameter $hook in /wordpress/wp-content/plugins/wp-hooks-browser/wp-hooks-browser.php on line 364",
    "log": "/logs/plugins/w/wp-order-categories-widget/error.json"
  },
  {
    "message": "Undefined variable $user_setting in /wordpress/wp-content/plugins/wp-imageengine/functions.php on line 245",
    "level": "WARNING",
    "type": "PHP",
    "test": "asyncify-boot",
    "plugin": "wp-order-categories-widget",
    "details": "[08-May-2025 13:42:12 UTC] PHP Warning:  Undefined variable $user_setting in /wordpress/wp-content/plugins/wp-imageengine/functions.php on line 245",
    "log": "/logs/plugins/w/wp-order-categories-widget/error.json"
  },
  {
    "message": "Undefined variable $user_setting in /wordpress/wp-content/plugins/wp-imageengine/functions.php on line 285",
    "level": "WARNING",
    "type": "PHP",
    "test": "asyncify-boot",
    "plugin": "wp-order-categories-widget",
    "details": "[08-May-2025 13:42:12 UTC] PHP Warning:  Undefined variable $user_setting in /wordpress/wp-content/plugins/wp-imageengine/functions.php on line 285",
    "log": "/logs/plugins/w/wp-order-categories-widget/error.json"
  },
  {
    "message": "Undefined variable $user_setting in /wordpress/wp-content/plugins/wp-imageengine/functions.php on line 245",
    "level": "WARNING",
    "type": "PHP",
    "test": "asyncify-boot",
    "plugin": "wp-order-categories-widget",
    "details": "[08-May-2025 13:42:13 UTC] PHP Warning:  Undefined variable $user_setting in /wordpress/wp-content/plugins/wp-imageengine/functions.php on line 245",
    "log": "/logs/plugins/w/wp-order-categories-widget/error.json"
  },
  {
    "message": "Undefined variable $user_setting in /wordpress/wp-content/plugins/wp-imageengine/functions.php on line 285",
    "level": "WARNING",
    "type": "PHP",
    "test": "asyncify-boot",
    "plugin": "wp-order-categories-widget",
    "details": "[08-May-2025 13:42:13 UTC] PHP Warning:  Undefined variable $user_setting in /wordpress/wp-content/plugins/wp-imageengine/functions.php on line 285",
    "log": "/logs/plugins/w/wp-order-categories-widget/error.json"
  },
  {
    "message": "Undefined variable $user_setting in /wordpress/wp-content/plugins/wp-imageengine/functions.php on line 245",
    "level": "WARNING",
    "type": "PHP",
    "test": "asyncify-boot",
    "plugin": "wp-order-categories-widget",
    "details": "[08-May-2025 13:42:21 UTC] PHP Warning:  Undefined variable $user_setting in /wordpress/wp-content/plugins/wp-imageengine/functions.php on line 245",
    "log": "/logs/plugins/w/wp-order-categories-widget/error.json"
  },
  {
    "message": "Undefined variable $user_setting in /wordpress/wp-content/plugins/wp-imageengine/functions.php on line 285",
    "level": "WARNING",
    "type": "PHP",
    "test": "asyncify-boot",
    "plugin": "wp-order-categories-widget",
    "details": "[08-May-2025 13:42:21 UTC] PHP Warning:  Undefined variable $user_setting in /wordpress/wp-content/plugins/wp-imageengine/functions.php on line 285",
    "log": "/logs/plugins/w/wp-order-categories-widget/error.json"
  },
  {
    "message": "Undefined variable $user_setting in /wordpress/wp-content/plugins/wp-imageengine/functions.php on line 245",
    "level": "WARNING",
    "type": "PHP",
    "test": "asyncify-boot",
    "plugin": "wp-order-categories-widget",
    "details": "[08-May-2025 13:42:22 UTC] PHP Warning:  Undefined variable $user_setting in /wordpress/wp-content/plugins/wp-imageengine/functions.php on line 245",
    "log": "/logs/plugins/w/wp-order-categories-widget/error.json"
  },
  {
    "message": "Undefined variable $user_setting in /wordpress/wp-content/plugins/wp-imageengine/functions.php on line 285",
    "level": "WARNING",
    "type": "PHP",
    "test": "asyncify-boot",
    "plugin": "wp-order-categories-widget",
    "details": "[08-May-2025 13:42:22 UTC] PHP Warning:  Undefined variable $user_setting in /wordpress/wp-content/plugins/wp-imageengine/functions.php on line 285",
    "log": "/logs/plugins/w/wp-order-categories-widget/error.json"
  },
  {
    "message": "Undefined variable $user_setting in /wordpress/wp-content/plugins/wp-imageengine/functions.php on line 245",
    "level": "WARNING",
    "type": "PHP",
    "test": "asyncify-boot",
    "plugin": "wp-order-categories-widget",
    "details": "[08-May-2025 13:42:29 UTC] PHP Warning:  Undefined variable $user_setting in /wordpress/wp-content/plugins/wp-imageengine/functions.php on line 245",
    "log": "/logs/plugins/w/wp-order-categories-widget/error.json"
  },
  {
    "message": "Undefined variable $user_setting in /wordpress/wp-content/plugins/wp-imageengine/functions.php on line 285",
    "level": "WARNING",
    "type": "PHP",
    "test": "asyncify-boot",
    "plugin": "wp-order-categories-widget",
    "details": "[08-May-2025 13:42:29 UTC] PHP Warning:  Undefined variable $user_setting in /wordpress/wp-content/plugins/wp-imageengine/functions.php on line 285",
    "log": "/logs/plugins/w/wp-order-categories-widget/error.json"
  },
  {
    "message": "Undefined variable $user_setting in /wordpress/wp-content/plugins/wp-imageengine/functions.php on line 245",
    "level": "WARNING",
    "type": "PHP",
    "test": "asyncify-boot",
    "plugin": "wp-order-categories-widget",
    "details": "[08-May-2025 13:42:30 UTC] PHP Warning:  Undefined variable $user_setting in /wordpress/wp-content/plugins/wp-imageengine/functions.php on line 245",
    "log": "/logs/plugins/w/wp-order-categories-widget/error.json"
  },
  {
    "message": "Undefined variable $user_setting in /wordpress/wp-content/plugins/wp-imageengine/functions.php on line 285",
    "level": "WARNING",
    "type": "PHP",
    "test": "asyncify-boot",
    "plugin": "wp-order-categories-widget",
    "details": "[08-May-2025 13:42:30 UTC] PHP Warning:  Undefined variable $user_setting in /wordpress/wp-content/plugins/wp-imageengine/functions.php on line 285",
    "log": "/logs/plugins/w/wp-order-categories-widget/error.json"
  },
  {
    "message": "Required parameter $attr follows optional parameter $output in /wordpress/wp-content/plugins/wp-media-manager-lite/inc/class/wpmdia-gallery-metadata.php on line 198",
    "level": "DEPRECATED",
    "type": "PHP",
    "test": "asyncify-boot",
    "plugin": "wp-order-categories-widget",
    "details": "[08-May-2025 13:43:08 UTC] PHP Deprecated:  Required parameter $attr follows optional parameter $output in /wordpress/wp-content/plugins/wp-media-manager-lite/inc/class/wpmdia-gallery-metadata.php on line 198",
    "log": "/logs/plugins/w/wp-order-categories-widget/error.json"
  },
  {
    "message": "Required parameter $attr follows optional parameter $output in /wordpress/wp-content/plugins/wp-media-manager-lite/inc/class/wpmdia-gallery-metadata.php on line 198",
    "level": "DEPRECATED",
    "type": "PHP",
    "test": "asyncify-boot",
    "plugin": "wp-order-categories-widget",
    "details": "[08-May-2025 13:43:09 UTC] PHP Deprecated:  Required parameter $attr follows optional parameter $output in /wordpress/wp-content/plugins/wp-media-manager-lite/inc/class/wpmdia-gallery-metadata.php on line 198",
    "log": "/logs/plugins/w/wp-order-categories-widget/error.json"
  },
  {
    "message": "Required parameter $attr follows optional parameter $output in /wordpress/wp-content/plugins/wp-media-manager-lite/inc/class/wpmdia-gallery-metadata.php on line 198",
    "level": "DEPRECATED",
    "type": "PHP",
    "test": "asyncify-boot",
    "plugin": "wp-order-categories-widget",
    "details": "[08-May-2025 13:43:17 UTC] PHP Deprecated:  Required parameter $attr follows optional parameter $output in /wordpress/wp-content/plugins/wp-media-manager-lite/inc/class/wpmdia-gallery-metadata.php on line 198",
    "log": "/logs/plugins/w/wp-order-categories-widget/error.json"
  },
  {
    "message": "Required parameter $attr follows optional parameter $output in /wordpress/wp-content/plugins/wp-media-manager-lite/inc/class/wpmdia-gallery-metadata.php on line 198",
    "level": "DEPRECATED",
    "type": "PHP",
    "test": "asyncify-boot",
    "plugin": "wp-order-categories-widget",
    "details": "[08-May-2025 13:43:18 UTC] PHP Deprecated:  Required parameter $attr follows optional parameter $output in /wordpress/wp-content/plugins/wp-media-manager-lite/inc/class/wpmdia-gallery-metadata.php on line 198",
    "log": "/logs/plugins/w/wp-order-categories-widget/error.json"
  },
  {
    "message": "Required parameter $attr follows optional parameter $output in /wordpress/wp-content/plugins/wp-media-manager-lite/inc/class/wpmdia-gallery-metadata.php on line 198",
    "level": "DEPRECATED",
    "type": "PHP",
    "test": "asyncify-boot",
    "plugin": "wp-order-categories-widget",
    "details": "[08-May-2025 13:43:27 UTC] PHP Deprecated:  Required parameter $attr follows optional parameter $output in /wordpress/wp-content/plugins/wp-media-manager-lite/inc/class/wpmdia-gallery-metadata.php on line 198",
    "log": "/logs/plugins/w/wp-order-categories-widget/error.json"
  },
  {
    "message": "Required parameter $attr follows optional parameter $output in /wordpress/wp-content/plugins/wp-media-manager-lite/inc/class/wpmdia-gallery-metadata.php on line 198",
    "level": "DEPRECATED",
    "type": "PHP",
    "test": "asyncify-boot",
    "plugin": "wp-order-categories-widget",
    "details": "[08-May-2025 13:43:28 UTC] PHP Deprecated:  Required parameter $attr follows optional parameter $output in /wordpress/wp-content/plugins/wp-media-manager-lite/inc/class/wpmdia-gallery-metadata.php on line 198",
    "log": "/logs/plugins/w/wp-order-categories-widget/error.json"
  },
  {
    "message": "Uncaught ArgumentCountError: Too few arguments to function WP_Widget::__construct(), 0 passed in /wordpress/wp-includes/class-wp-widget-factory.php on line 62 and at least 2 expected in /wordpress/wp-includes/class-wp-widget.php:163",
    "level": "FATAL",
    "type": "PHP",
    "test": "asyncify-boot",
    "plugin": "wp-order-categories-widget",
    "details": "[08-May-2025 13:43:37 UTC] PHP Fatal error:  Uncaught ArgumentCountError: Too few arguments to function WP_Widget::__construct(), 0 passed in /wordpress/wp-includes/class-wp-widget-factory.php on line 62 and at least 2 expected in /wordpress/wp-includes/class-wp-widget.php:163\nStack trace:\n#0 /wordpress/wp-includes/class-wp-widget-factory.php(62): WP_Widget->__construct()\n#1 /wordpress/wp-includes/widgets.php(123): WP_Widget_Factory->register('mycategoryorder...')\n#2 /wordpress/wp-content/plugins/wp-order-categories-widget/mycategoryorder.php(464): register_widget('mycategoryorder...')\n#3 /wordpress/wp-includes/class-wp-hook.php(324): mycategoryorder_widgets_init('')\n#4 /wordpress/wp-includes/class-wp-hook.php(348): WP_Hook->apply_filters(NULL, Array)\n#5 /wordpress/wp-includes/plugin.php(517): WP_Hook->do_action(Array)\n#6 /wordpress/wp-includes/widgets.php(1870): do_action('widgets_init')\n#7 /wordpress/wp-includes/class-wp-hook.php(324): wp_widgets_init('')\n#8 /wordpress/wp-includes/class-wp-hook.php(348): WP_Hook->apply_filters(NULL, Array)\n#9 /wordpress/wp-includes/plugin.php(517): WP_Hook->do_action(Array)\n#10 /wordpress/wp-settings.php(727): do_action('init')\n#11 /wordpress/wp-config.php(102): require_once('/wordpress/wp-s...')\n#12 /wordpress/wp-load.php(50): require_once('/wordpress/wp-c...')\n#13 /internal/eval.php(3): require_once('/wordpress/wp-l...')\n#14 {main}\n  thrown in /wordpress/wp-includes/class-wp-widget.php on line 163",
    "log": "/logs/plugins/w/wp-order-categories-widget/error.json"
  },
  {
    "message": "Uncaught ArgumentCountError: Too few arguments to function WP_Widget::__construct(), 0 passed in /wordpress/wp-includes/class-wp-widget-factory.php on line 62 and at least 2 expected in /wordpress/wp-includes/class-wp-widget.php:163",
    "level": "FATAL",
    "type": "PHP",
    "test": "asyncify-boot",
    "plugin": "wp-order-categories-widget",
    "details": "[08-May-2025 13:43:46 UTC] PHP Fatal error:  Uncaught ArgumentCountError: Too few arguments to function WP_Widget::__construct(), 0 passed in /wordpress/wp-includes/class-wp-widget-factory.php on line 62 and at least 2 expected in /wordpress/wp-includes/class-wp-widget.php:163\nStack trace:\n#0 /wordpress/wp-includes/class-wp-widget-factory.php(62): WP_Widget->__construct()\n#1 /wordpress/wp-includes/widgets.php(123): WP_Widget_Factory->register('mycategoryorder...')\n#2 /wordpress/wp-content/plugins/wp-order-categories-widget/mycategoryorder.php(464): register_widget('mycategoryorder...')\n#3 /wordpress/wp-includes/class-wp-hook.php(324): mycategoryorder_widgets_init('')\n#4 /wordpress/wp-includes/class-wp-hook.php(348): WP_Hook->apply_filters(NULL, Array)\n#5 /wordpress/wp-includes/plugin.php(517): WP_Hook->do_action(Array)\n#6 /wordpress/wp-includes/widgets.php(1870): do_action('widgets_init')\n#7 /wordpress/wp-includes/class-wp-hook.php(324): wp_widgets_init('')\n#8 /wordpress/wp-includes/class-wp-hook.php(348): WP_Hook->apply_filters(NULL, Array)\n#9 /wordpress/wp-includes/plugin.php(517): WP_Hook->do_action(Array)\n#10 /wordpress/wp-settings.php(727): do_action('init')\n#11 /wordpress/wp-config.php(102): require_once('/wordpress/wp-s...')\n#12 /wordpress/wp-load.php(50): require_once('/wordpress/wp-c...')\n#13 /internal/eval.php(3): require_once('/wordpress/wp-l...')\n#14 {main}\n  thrown in /wordpress/wp-includes/class-wp-widget.php on line 163\n\n    at Object.onBind (file:///home/runner/work/playground-tester/playground-tester/node_modules/@wp-playground/cli/index.js:237:15)\n    at process.processTicksAndRejections (node:internal/process/task_queues:105:5)\n    at async V (file:///home/runner/work/playground-tester/playground-tester/node_modules/@wp-playground/cli/index.js:64:10)\n    at async ja (file:///home/runner/work/playground-tester/playground-tester/node_modules/@wp-playground/cli/cli.js:8161:12) {\n  [cause]: Error: Error when executing the blueprint step #1 ({\"step\":\"installPlugin\",\"pluginData\":{\"resource\":\"wordpress.org/plugins\",\"slug\":\"wp-order-categories-widget\"},\"options\":{\"activate\":true}}) : PHP.run() failed with exit code 255 and the following output: \n      at Object.run (file:///home/runner/work/playground-tester/playground-tester/node_modules/@wp-playground/blueprints/index.js:12449:19)\n      at process.processTicksAndRejections (node:internal/process/task_queues:105:5)\n      at async ms (file:///home/runner/work/playground-tester/playground-tester/node_modules/@wp-playground/blueprints/index.js:12552:3)\n      ... 2 lines matching cause stack trace ...\n      at async ja (file:///home/runner/work/playground-tester/playground-tester/node_modules/@wp-playground/cli/cli.js:8161:12) {\n    [cause]: PHPExecutionFailureError: PHP.run() failed with exit code 255 and the following output: \n        at PHP.run (file:///home/runner/work/playground-tester/playground-tester/node_modules/@php-wasm/universal/index.js:987:19)\n        at process.processTicksAndRejections (node:internal/process/task_queues:105:5)\n        at async wr (file:///home/runner/work/playground-tester/playground-tester/node_modules/@wp-playground/blueprints/index.js:73:13)\n        at async Object.gt [as installPlugin] (file:///home/runner/work/playground-tester/playground-tester/node_modules/@wp-playground/blueprints/index.js:974:42)\n        at async g (file:///home/runner/work/playground-tester/playground-tester/node_modules/@wp-playground/blueprints/index.js:12517:30)\n        at async Object.run (file:///home/runner/work/playground-tester/playground-tester/node_modules/@wp-playground/blueprints/index.js:12446:23)\n        at async ms (file:///home/runner/work/playground-tester/playground-tester/node_modules/@wp-playground/blueprints/index.js:12552:3)\n        at async Object.onBind (file:///home/runner/work/playground-tester/playground-tester/node_modules/@wp-playground/cli/index.js:227:48)\n        at async V (file:///home/runner/work/playground-tester/playground-tester/node_modules/@wp-playground/cli/index.js:64:10)\n        at async ja (file:///home/runner/work/playground-tester/playground-tester/node_modules/@wp-playground/cli/cli.js:8161:12) {\n      response: PHPResponse {\n        httpStatusCode: 500,\n        headers: {\n          'x-powered-by': [ 'PHP/8.0.30-dev' ],\n          'content-type': [ 'text/html; charset=UTF-8' ],\n          expires: [ 'Wed, 11 Jan 1984 05:00:00 GMT' ],\n          'cache-control': [ 'no-cache, must-revalidate, max-age=0, no-store, private' ]\n        },\n        bytes: Uint8Array(2653) [\n           60,  33,  68,  79,  67,  84,  89,  80,  69,  32, 104, 116,\n          109, 108,  62,  10,  60, 104, 116, 109, 108,  32, 108,  97,\n          110, 103,  61,  34, 101, 110,  45,  85,  83,  34,  62,  10,\n           60, 104, 101,  97, 100,  62,  10,   9,  60, 109, 101, 116,\n           97,  32, 104, 116, 116, 112,  45, 101, 113, 117, 105, 118,\n           61,  34,  67, 111, 110, 116, 101, 110, 116,  45,  84, 121,\n          112, 101,  34,  32,  99, 111, 110, 116, 101, 110, 116,  61,\n           34, 116, 101, 120, 116,  47, 104, 116, 109, 108,  59,  32,\n           99, 104,  97, 114,\n          ... 2553 more items\n        ],\n        exitCode: 255,\n        errors: ''\n      },\n      source: 'request'\n    }\n  }\n}\n\n",
    "log": "/logs/plugins/w/wp-order-categories-widget/error.json"
  },
  {
    "message": "file:///home/runner/work/playground-tester/playground-tester/node_modules/@wp-playground/cli/index.js:237\n        throw new Error(y, { cause: u });\n              ^\n",
    "level": "FATAL",
    "type": "PLAYGROUND",
    "test": "jspi-boot",
    "plugin": "wp-order-categories-widget",
    "details": "file:///home/runner/work/playground-tester/playground-tester/node_modules/@wp-playground/cli/index.js:237\n        throw new Error(y, { cause: u });\n              ^\n",
    "log": "/tmp/tmp.O4zyXL3pLS"
  },
  {
    "message": "Undefined variable $Base_name in /wordpress/wp-content/plugins/wp-auto-backup/Data.php on line 47",
    "level": "WARNING",
    "type": "PHP",
    "test": "jspi-boot",
    "plugin": "wp-order-categories-widget",
    "details": "[08-May-2025 13:38:09 UTC] PHP Warning:  Undefined variable $Base_name in /wordpress/wp-content/plugins/wp-auto-backup/Data.php on line 47",
    "log": "/logs/plugins/w/wp-order-categories-widget/error.json"
  },
  {
    "message": "Uncaught PDOException: SQLSTATE[HY000] [2002] Address family not supported by protocol in /wordpress/wp-content/plugins/wp-auto-backup/Store.class.php:16",
    "level": "FATAL",
    "type": "PHP",
    "test": "jspi-boot",
    "plugin": "wp-order-categories-widget",
    "details": "[08-May-2025 13:38:10 UTC] PHP Fatal error:  Uncaught PDOException: SQLSTATE[HY000] [2002] Address family not supported by protocol in /wordpress/wp-content/plugins/wp-auto-backup/Store.class.php:16\nStack trace:\n#0 /wordpress/wp-content/plugins/wp-auto-backup/Store.class.php(16): PDO->__construct('mysql:host=;dbn...', '', '')\n#1 /wordpress/wp-content/plugins/wp-auto-backup/Store.class.php(44): dj_store->Open_DataBase()\n#2 /wordpress/wp-content/plugins/wp-auto-backup/Database_Backup.php(361): dj_store->Sql_Operation_WR('\\nCREATE TABLE I...')\n#3 /wordpress/wp-content/plugins/wp-auto-backup/Main.php(61): dj_operation->Create_BackUp_Table()\n#4 /wordpress/wp-includes/class-wp-hook.php(324): dj_databases_backup->create_options_table('')\n#5 /wordpress/wp-includes/class-wp-hook.php(348): WP_Hook->apply_filters(NULL, Array)\n#6 /wordpress/wp-includes/plugin.php(517): WP_Hook->do_action(Array)\n#7 /wordpress/wp-settings.php(727): do_action('init')\n#8 /wordpress/wp-config.php(102): require_once('/wordpress/wp-s...')\n#9 /wordpress/wp-load.php(50): require_once('/wordpress/wp-c...')\n#10 /internal/eval.php(3): require_once('/wordpress/wp-l...')\n#11 {main}\n  thrown in /wordpress/wp-content/plugins/wp-auto-backup/Store.class.php on line 16",
    "log": "/logs/plugins/w/wp-order-categories-widget/error.json"
  },
  {
    "message": "Undefined variable $Base_name in /wordpress/wp-content/plugins/wp-auto-backup/Data.php on line 47",
    "level": "WARNING",
    "type": "PHP",
    "test": "jspi-boot",
    "plugin": "wp-order-categories-widget",
    "details": "[08-May-2025 13:38:18 UTC] PHP Warning:  Undefined variable $Base_name in /wordpress/wp-content/plugins/wp-auto-backup/Data.php on line 47",
    "log": "/logs/plugins/w/wp-order-categories-widget/error.json"
  },
  {
    "message": "Uncaught PDOException: SQLSTATE[HY000] [2002] Address family not supported by protocol in /wordpress/wp-content/plugins/wp-auto-backup/Store.class.php:16",
    "level": "FATAL",
    "type": "PHP",
    "test": "jspi-boot",
    "plugin": "wp-order-categories-widget",
    "details": "[08-May-2025 13:38:20 UTC] PHP Fatal error:  Uncaught PDOException: SQLSTATE[HY000] [2002] Address family not supported by protocol in /wordpress/wp-content/plugins/wp-auto-backup/Store.class.php:16\nStack trace:\n#0 /wordpress/wp-content/plugins/wp-auto-backup/Store.class.php(16): PDO->__construct('mysql:host=;dbn...', '', '')\n#1 /wordpress/wp-content/plugins/wp-auto-backup/Store.class.php(44): dj_store->Open_DataBase()\n#2 /wordpress/wp-content/plugins/wp-auto-backup/Database_Backup.php(361): dj_store->Sql_Operation_WR('\\nCREATE TABLE I...')\n#3 /wordpress/wp-content/plugins/wp-auto-backup/Main.php(61): dj_operation->Create_BackUp_Table()\n#4 /wordpress/wp-includes/class-wp-hook.php(324): dj_databases_backup->create_options_table('')\n#5 /wordpress/wp-includes/class-wp-hook.php(348): WP_Hook->apply_filters(NULL, Array)\n#6 /wordpress/wp-includes/plugin.php(517): WP_Hook->do_action(Array)\n#7 /wordpress/wp-settings.php(727): do_action('init')\n#8 /wordpress/wp-config.php(102): require_once('/wordpress/wp-s...')\n#9 /wordpress/wp-load.php(50): require_once('/wordpress/wp-c...')\n#10 /internal/eval.php(3): require_once('/wordpress/wp-l...')\n#11 {main}\n  thrown in /wordpress/wp-content/plugins/wp-auto-backup/Store.class.php on line 16",
    "log": "/logs/plugins/w/wp-order-categories-widget/error.json"
  },
  {
    "message": "Undefined variable $Base_name in /wordpress/wp-content/plugins/wp-auto-backup/Data.php on line 47",
    "level": "WARNING",
    "type": "PHP",
    "test": "jspi-boot",
    "plugin": "wp-order-categories-widget",
    "details": "[08-May-2025 13:38:27 UTC] PHP Warning:  Undefined variable $Base_name in /wordpress/wp-content/plugins/wp-auto-backup/Data.php on line 47",
    "log": "/logs/plugins/w/wp-order-categories-widget/error.json"
  },
  {
    "message": "Uncaught PDOException: SQLSTATE[HY000] [2002] Address family not supported by protocol in /wordpress/wp-content/plugins/wp-auto-backup/Store.class.php:16",
    "level": "FATAL",
    "type": "PHP",
    "test": "jspi-boot",
    "plugin": "wp-order-categories-widget",
    "details": "[08-May-2025 13:38:28 UTC] PHP Fatal error:  Uncaught PDOException: SQLSTATE[HY000] [2002] Address family not supported by protocol in /wordpress/wp-content/plugins/wp-auto-backup/Store.class.php:16\nStack trace:\n#0 /wordpress/wp-content/plugins/wp-auto-backup/Store.class.php(16): PDO->__construct('mysql:host=;dbn...', '', '')\n#1 /wordpress/wp-content/plugins/wp-auto-backup/Store.class.php(44): dj_store->Open_DataBase()\n#2 /wordpress/wp-content/plugins/wp-auto-backup/Database_Backup.php(361): dj_store->Sql_Operation_WR('\\nCREATE TABLE I...')\n#3 /wordpress/wp-content/plugins/wp-auto-backup/Main.php(61): dj_operation->Create_BackUp_Table()\n#4 /wordpress/wp-includes/class-wp-hook.php(324): dj_databases_backup->create_options_table('')\n#5 /wordpress/wp-includes/class-wp-hook.php(348): WP_Hook->apply_filters(NULL, Array)\n#6 /wordpress/wp-includes/plugin.php(517): WP_Hook->do_action(Array)\n#7 /wordpress/wp-settings.php(727): do_action('init')\n#8 /wordpress/wp-config.php(102): require_once('/wordpress/wp-s...')\n#9 /wordpress/wp-load.php(50): require_once('/wordpress/wp-c...')\n#10 /internal/eval.php(3): require_once('/wordpress/wp-l...')\n#11 {main}\n  thrown in /wordpress/wp-content/plugins/wp-auto-backup/Store.class.php on line 16",
    "log": "/logs/plugins/w/wp-order-categories-widget/error.json"
  },
  {
    "message": "Function wp_enqueue_script was called <strong>incorrectly</strong>. Scripts and styles should not be registered or enqueued until the <code>wp_enqueue_scripts</code>, <code>admin_enqueue_scripts</code>, or <code>login_enqueue_scripts</code> hooks. This notice was triggered by the <code>tp-custom-clock-plugin-js</code> handle. Please see <a href=\"https://developer.wordpress.org/advanced-administration/debug/debug-wordpress/\">Debugging in WordPress</a> for more information. (This message was added in version 3.3.0.) in /wordpress/wp-includes/functions.php on line 6121",
    "level": "NOTICE",
    "type": "PHP",
    "test": "jspi-boot",
    "plugin": "wp-order-categories-widget",
    "details": "[08-May-2025 13:39:05 UTC] PHP Notice:  Function wp_enqueue_script was called <strong>incorrectly</strong>. Scripts and styles should not be registered or enqueued until the <code>wp_enqueue_scripts</code>, <code>admin_enqueue_scripts</code>, or <code>login_enqueue_scripts</code> hooks. This notice was triggered by the <code>tp-custom-clock-plugin-js</code> handle. Please see <a href=\"https://developer.wordpress.org/advanced-administration/debug/debug-wordpress/\">Debugging in WordPress</a> for more information. (This message was added in version 3.3.0.) in /wordpress/wp-includes/functions.php on line 6121",
    "log": "/logs/plugins/w/wp-order-categories-widget/error.json"
  },
  {
    "message": "Function wp_enqueue_style was called <strong>incorrectly</strong>. Scripts and styles should not be registered or enqueued until the <code>wp_enqueue_scripts</code>, <code>admin_enqueue_scripts</code>, or <code>login_enqueue_scripts</code> hooks. This notice was triggered by the <code>tp-custom-clock-plugin-css</code> handle. Please see <a href=\"https://developer.wordpress.org/advanced-administration/debug/debug-wordpress/\">Debugging in WordPress</a> for more information. (This message was added in version 3.3.0.) in /wordpress/wp-includes/functions.php on line 6121",
    "level": "NOTICE",
    "type": "PHP",
    "test": "jspi-boot",
    "plugin": "wp-order-categories-widget",
    "details": "[08-May-2025 13:39:05 UTC] PHP Notice:  Function wp_enqueue_style was called <strong>incorrectly</strong>. Scripts and styles should not be registered or enqueued until the <code>wp_enqueue_scripts</code>, <code>admin_enqueue_scripts</code>, or <code>login_enqueue_scripts</code> hooks. This notice was triggered by the <code>tp-custom-clock-plugin-css</code> handle. Please see <a href=\"https://developer.wordpress.org/advanced-administration/debug/debug-wordpress/\">Debugging in WordPress</a> for more information. (This message was added in version 3.3.0.) in /wordpress/wp-includes/functions.php on line 6121",
    "log": "/logs/plugins/w/wp-order-categories-widget/error.json"
  },
  {
    "message": "Function is_feed was called <strong>incorrectly</strong>. Conditional query tags do not work before the query is run. Before then, they always return false. Please see <a href=\"https://developer.wordpress.org/advanced-administration/debug/debug-wordpress/\">Debugging in WordPress</a> for more information. (This message was added in version 3.1.0.) in /wordpress/wp-includes/functions.php on line 6121",
    "level": "NOTICE",
    "type": "PHP",
    "test": "jspi-boot",
    "plugin": "wp-order-categories-widget",
    "details": "[08-May-2025 13:39:05 UTC] PHP Notice:  Function is_feed was called <strong>incorrectly</strong>. Conditional query tags do not work before the query is run. Before then, they always return false. Please see <a href=\"https://developer.wordpress.org/advanced-administration/debug/debug-wordpress/\">Debugging in WordPress</a> for more information. (This message was added in version 3.1.0.) in /wordpress/wp-includes/functions.php on line 6121",
    "log": "/logs/plugins/w/wp-order-categories-widget/error.json"
  },
  {
    "message": "Function wp_enqueue_script was called <strong>incorrectly</strong>. Scripts and styles should not be registered or enqueued until the <code>wp_enqueue_scripts</code>, <code>admin_enqueue_scripts</code>, or <code>login_enqueue_scripts</code> hooks. This notice was triggered by the <code>tp-custom-clock-plugin-js</code> handle. Please see <a href=\"https://developer.wordpress.org/advanced-administration/debug/debug-wordpress/\">Debugging in WordPress</a> for more information. (This message was added in version 3.3.0.) in /wordpress/wp-includes/functions.php on line 6121",
    "level": "NOTICE",
    "type": "PHP",
    "test": "jspi-boot",
    "plugin": "wp-order-categories-widget",
    "details": "[08-May-2025 13:39:13 UTC] PHP Notice:  Function wp_enqueue_script was called <strong>incorrectly</strong>. Scripts and styles should not be registered or enqueued until the <code>wp_enqueue_scripts</code>, <code>admin_enqueue_scripts</code>, or <code>login_enqueue_scripts</code> hooks. This notice was triggered by the <code>tp-custom-clock-plugin-js</code> handle. Please see <a href=\"https://developer.wordpress.org/advanced-administration/debug/debug-wordpress/\">Debugging in WordPress</a> for more information. (This message was added in version 3.3.0.) in /wordpress/wp-includes/functions.php on line 6121",
    "log": "/logs/plugins/w/wp-order-categories-widget/error.json"
  },
  {
    "message": "Function wp_enqueue_style was called <strong>incorrectly</strong>. Scripts and styles should not be registered or enqueued until the <code>wp_enqueue_scripts</code>, <code>admin_enqueue_scripts</code>, or <code>login_enqueue_scripts</code> hooks. This notice was triggered by the <code>tp-custom-clock-plugin-css</code> handle. Please see <a href=\"https://developer.wordpress.org/advanced-administration/debug/debug-wordpress/\">Debugging in WordPress</a> for more information. (This message was added in version 3.3.0.) in /wordpress/wp-includes/functions.php on line 6121",
    "level": "NOTICE",
    "type": "PHP",
    "test": "jspi-boot",
    "plugin": "wp-order-categories-widget",
    "details": "[08-May-2025 13:39:13 UTC] PHP Notice:  Function wp_enqueue_style was called <strong>incorrectly</strong>. Scripts and styles should not be registered or enqueued until the <code>wp_enqueue_scripts</code>, <code>admin_enqueue_scripts</code>, or <code>login_enqueue_scripts</code> hooks. This notice was triggered by the <code>tp-custom-clock-plugin-css</code> handle. Please see <a href=\"https://developer.wordpress.org/advanced-administration/debug/debug-wordpress/\">Debugging in WordPress</a> for more information. (This message was added in version 3.3.0.) in /wordpress/wp-includes/functions.php on line 6121",
    "log": "/logs/plugins/w/wp-order-categories-widget/error.json"
  },
  {
    "message": "Function is_feed was called <strong>incorrectly</strong>. Conditional query tags do not work before the query is run. Before then, they always return false. Please see <a href=\"https://developer.wordpress.org/advanced-administration/debug/debug-wordpress/\">Debugging in WordPress</a> for more information. (This message was added in version 3.1.0.) in /wordpress/wp-includes/functions.php on line 6121",
    "level": "NOTICE",
    "type": "PHP",
    "test": "jspi-boot",
    "plugin": "wp-order-categories-widget",
    "details": "[08-May-2025 13:39:13 UTC] PHP Notice:  Function is_feed was called <strong>incorrectly</strong>. Conditional query tags do not work before the query is run. Before then, they always return false. Please see <a href=\"https://developer.wordpress.org/advanced-administration/debug/debug-wordpress/\">Debugging in WordPress</a> for more information. (This message was added in version 3.1.0.) in /wordpress/wp-includes/functions.php on line 6121",
    "log": "/logs/plugins/w/wp-order-categories-widget/error.json"
  },
  {
    "message": "Function wp_enqueue_script was called <strong>incorrectly</strong>. Scripts and styles should not be registered or enqueued until the <code>wp_enqueue_scripts</code>, <code>admin_enqueue_scripts</code>, or <code>login_enqueue_scripts</code> hooks. This notice was triggered by the <code>tp-custom-clock-plugin-js</code> handle. Please see <a href=\"https://developer.wordpress.org/advanced-administration/debug/debug-wordpress/\">Debugging in WordPress</a> for more information. (This message was added in version 3.3.0.) in /wordpress/wp-includes/functions.php on line 6121",
    "level": "NOTICE",
    "type": "PHP",
    "test": "jspi-boot",
    "plugin": "wp-order-categories-widget",
    "details": "[08-May-2025 13:39:22 UTC] PHP Notice:  Function wp_enqueue_script was called <strong>incorrectly</strong>. Scripts and styles should not be registered or enqueued until the <code>wp_enqueue_scripts</code>, <code>admin_enqueue_scripts</code>, or <code>login_enqueue_scripts</code> hooks. This notice was triggered by the <code>tp-custom-clock-plugin-js</code> handle. Please see <a href=\"https://developer.wordpress.org/advanced-administration/debug/debug-wordpress/\">Debugging in WordPress</a> for more information. (This message was added in version 3.3.0.) in /wordpress/wp-includes/functions.php on line 6121",
    "log": "/logs/plugins/w/wp-order-categories-widget/error.json"
  },
  {
    "message": "Function wp_enqueue_style was called <strong>incorrectly</strong>. Scripts and styles should not be registered or enqueued until the <code>wp_enqueue_scripts</code>, <code>admin_enqueue_scripts</code>, or <code>login_enqueue_scripts</code> hooks. This notice was triggered by the <code>tp-custom-clock-plugin-css</code> handle. Please see <a href=\"https://developer.wordpress.org/advanced-administration/debug/debug-wordpress/\">Debugging in WordPress</a> for more information. (This message was added in version 3.3.0.) in /wordpress/wp-includes/functions.php on line 6121",
    "level": "NOTICE",
    "type": "PHP",
    "test": "jspi-boot",
    "plugin": "wp-order-categories-widget",
    "details": "[08-May-2025 13:39:22 UTC] PHP Notice:  Function wp_enqueue_style was called <strong>incorrectly</strong>. Scripts and styles should not be registered or enqueued until the <code>wp_enqueue_scripts</code>, <code>admin_enqueue_scripts</code>, or <code>login_enqueue_scripts</code> hooks. This notice was triggered by the <code>tp-custom-clock-plugin-css</code> handle. Please see <a href=\"https://developer.wordpress.org/advanced-administration/debug/debug-wordpress/\">Debugging in WordPress</a> for more information. (This message was added in version 3.3.0.) in /wordpress/wp-includes/functions.php on line 6121",
    "log": "/logs/plugins/w/wp-order-categories-widget/error.json"
  },
  {
    "message": "Function is_feed was called <strong>incorrectly</strong>. Conditional query tags do not work before the query is run. Before then, they always return false. Please see <a href=\"https://developer.wordpress.org/advanced-administration/debug/debug-wordpress/\">Debugging in WordPress</a> for more information. (This message was added in version 3.1.0.) in /wordpress/wp-includes/functions.php on line 6121",
    "level": "NOTICE",
    "type": "PHP",
    "test": "jspi-boot",
    "plugin": "wp-order-categories-widget",
    "details": "[08-May-2025 13:39:22 UTC] PHP Notice:  Function is_feed was called <strong>incorrectly</strong>. Conditional query tags do not work before the query is run. Before then, they always return false. Please see <a href=\"https://developer.wordpress.org/advanced-administration/debug/debug-wordpress/\">Debugging in WordPress</a> for more information. (This message was added in version 3.1.0.) in /wordpress/wp-includes/functions.php on line 6121",
    "log": "/logs/plugins/w/wp-order-categories-widget/error.json"
  },
  {
    "message": "\"continue\" targeting switch is equivalent to \"break\". Did you mean to use \"continue 2\"? in /wordpress/wp-content/plugins/wp-ecommerce-compare-products/admin/admin-interface.php on line 243",
    "level": "WARNING",
    "type": "PHP",
    "test": "jspi-boot",
    "plugin": "wp-order-categories-widget",
    "details": "[08-May-2025 13:40:22 UTC] PHP Warning:  \"continue\" targeting switch is equivalent to \"break\". Did you mean to use \"continue 2\"? in /wordpress/wp-content/plugins/wp-ecommerce-compare-products/admin/admin-interface.php on line 243",
    "log": "/logs/plugins/w/wp-order-categories-widget/error.json"
  },
  {
    "message": "Uncaught Error: Call to undefined function create_function() in /wordpress/wp-content/plugins/wp-ecommerce-compare-products/widget/class-compare_widget.php:6",
    "level": "FATAL",
    "type": "PHP",
    "test": "jspi-boot",
    "plugin": "wp-order-categories-widget",
    "details": "[08-May-2025 13:40:22 UTC] PHP Fatal error:  Uncaught Error: Call to undefined function create_function() in /wordpress/wp-content/plugins/wp-ecommerce-compare-products/widget/class-compare_widget.php:6\nStack trace:\n#0 /wordpress/wp-content/plugins/wp-ecommerce-compare-products/compare_products.php(66): include()\n#1 /wordpress/wp-admin/includes/plugin.php(2387): include_once('/wordpress/wp-c...')\n#2 /wordpress/wp-admin/includes/plugin.php(673): plugin_sandbox_scrape('wp-ecommerce-co...')\n#3 /internal/eval.php(20): activate_plugin('wp-ecommerce-co...')\n#4 {main}\n  thrown in /wordpress/wp-content/plugins/wp-ecommerce-compare-products/widget/class-compare_widget.php on line 6",
    "log": "/logs/plugins/w/wp-order-categories-widget/error.json"
  },
  {
    "message": "\"continue\" targeting switch is equivalent to \"break\". Did you mean to use \"continue 2\"? in /wordpress/wp-content/plugins/wp-ecommerce-compare-products/admin/admin-interface.php on line 243",
    "level": "WARNING",
    "type": "PHP",
    "test": "jspi-boot",
    "plugin": "wp-order-categories-widget",
    "details": "[08-May-2025 13:40:30 UTC] PHP Warning:  \"continue\" targeting switch is equivalent to \"break\". Did you mean to use \"continue 2\"? in /wordpress/wp-content/plugins/wp-ecommerce-compare-products/admin/admin-interface.php on line 243",
    "log": "/logs/plugins/w/wp-order-categories-widget/error.json"
  },
  {
    "message": "Uncaught Error: Call to undefined function create_function() in /wordpress/wp-content/plugins/wp-ecommerce-compare-products/widget/class-compare_widget.php:6",
    "level": "FATAL",
    "type": "PHP",
    "test": "jspi-boot",
    "plugin": "wp-order-categories-widget",
    "details": "[08-May-2025 13:40:30 UTC] PHP Fatal error:  Uncaught Error: Call to undefined function create_function() in /wordpress/wp-content/plugins/wp-ecommerce-compare-products/widget/class-compare_widget.php:6\nStack trace:\n#0 /wordpress/wp-content/plugins/wp-ecommerce-compare-products/compare_products.php(66): include()\n#1 /wordpress/wp-admin/includes/plugin.php(2387): include_once('/wordpress/wp-c...')\n#2 /wordpress/wp-admin/includes/plugin.php(673): plugin_sandbox_scrape('wp-ecommerce-co...')\n#3 /internal/eval.php(20): activate_plugin('wp-ecommerce-co...')\n#4 {main}\n  thrown in /wordpress/wp-content/plugins/wp-ecommerce-compare-products/widget/class-compare_widget.php on line 6",
    "log": "/logs/plugins/w/wp-order-categories-widget/error.json"
  },
  {
    "message": "\"continue\" targeting switch is equivalent to \"break\". Did you mean to use \"continue 2\"? in /wordpress/wp-content/plugins/wp-ecommerce-compare-products/admin/admin-interface.php on line 243",
    "level": "WARNING",
    "type": "PHP",
    "test": "jspi-boot",
    "plugin": "wp-order-categories-widget",
    "details": "[08-May-2025 13:40:39 UTC] PHP Warning:  \"continue\" targeting switch is equivalent to \"break\". Did you mean to use \"continue 2\"? in /wordpress/wp-content/plugins/wp-ecommerce-compare-products/admin/admin-interface.php on line 243",
    "log": "/logs/plugins/w/wp-order-categories-widget/error.json"
  },
  {
    "message": "Uncaught Error: Call to undefined function create_function() in /wordpress/wp-content/plugins/wp-ecommerce-compare-products/widget/class-compare_widget.php:6",
    "level": "FATAL",
    "type": "PHP",
    "test": "jspi-boot",
    "plugin": "wp-order-categories-widget",
    "details": "[08-May-2025 13:40:39 UTC] PHP Fatal error:  Uncaught Error: Call to undefined function create_function() in /wordpress/wp-content/plugins/wp-ecommerce-compare-products/widget/class-compare_widget.php:6\nStack trace:\n#0 /wordpress/wp-content/plugins/wp-ecommerce-compare-products/compare_products.php(66): include()\n#1 /wordpress/wp-admin/includes/plugin.php(2387): include_once('/wordpress/wp-c...')\n#2 /wordpress/wp-admin/includes/plugin.php(673): plugin_sandbox_scrape('wp-ecommerce-co...')\n#3 /internal/eval.php(20): activate_plugin('wp-ecommerce-co...')\n#4 {main}\n  thrown in /wordpress/wp-content/plugins/wp-ecommerce-compare-products/widget/class-compare_widget.php on line 6",
    "log": "/logs/plugins/w/wp-order-categories-widget/error.json"
  },
  {
    "message": "Uncaught Error: Undefined constant \"wpgft_eval_PostData\" in /wordpress/wp-content/plugins/wp-gift-cert/wpgft-loader.php:414",
    "level": "FATAL",
    "type": "PHP",
    "test": "jspi-boot",
    "plugin": "wp-order-categories-widget",
    "details": "[08-May-2025 13:41:21 UTC] PHP Fatal error:  Uncaught Error: Undefined constant \"wpgft_eval_PostData\" in /wordpress/wp-content/plugins/wp-gift-cert/wpgft-loader.php:414\nStack trace:\n#0 /wordpress/wp-content/plugins/wp-gift-cert/wpgft.php(38): require_once()\n#1 /wordpress/wp-admin/includes/plugin.php(2387): include_once('/wordpress/wp-c...')\n#2 /wordpress/wp-admin/includes/plugin.php(673): plugin_sandbox_scrape('wp-gift-cert/wp...')\n#3 /internal/eval.php(20): activate_plugin('wp-gift-cert/wp...')\n#4 {main}\n  thrown in /wordpress/wp-content/plugins/wp-gift-cert/wpgft-loader.php on line 414",
    "log": "/logs/plugins/w/wp-order-categories-widget/error.json"
  },
  {
    "message": "Uncaught Error: Undefined constant \"wpgft_eval_PostData\" in /wordpress/wp-content/plugins/wp-gift-cert/wpgft-loader.php:414",
    "level": "FATAL",
    "type": "PHP",
    "test": "jspi-boot",
    "plugin": "wp-order-categories-widget",
    "details": "[08-May-2025 13:41:29 UTC] PHP Fatal error:  Uncaught Error: Undefined constant \"wpgft_eval_PostData\" in /wordpress/wp-content/plugins/wp-gift-cert/wpgft-loader.php:414\nStack trace:\n#0 /wordpress/wp-content/plugins/wp-gift-cert/wpgft.php(38): require_once()\n#1 /wordpress/wp-admin/includes/plugin.php(2387): include_once('/wordpress/wp-c...')\n#2 /wordpress/wp-admin/includes/plugin.php(673): plugin_sandbox_scrape('wp-gift-cert/wp...')\n#3 /internal/eval.php(20): activate_plugin('wp-gift-cert/wp...')\n#4 {main}\n  thrown in /wordpress/wp-content/plugins/wp-gift-cert/wpgft-loader.php on line 414",
    "log": "/logs/plugins/w/wp-order-categories-widget/error.json"
  },
  {
    "message": "Uncaught Error: Undefined constant \"wpgft_eval_PostData\" in /wordpress/wp-content/plugins/wp-gift-cert/wpgft-loader.php:414",
    "level": "FATAL",
    "type": "PHP",
    "test": "jspi-boot",
    "plugin": "wp-order-categories-widget",
    "details": "[08-May-2025 13:41:37 UTC] PHP Fatal error:  Uncaught Error: Undefined constant \"wpgft_eval_PostData\" in /wordpress/wp-content/plugins/wp-gift-cert/wpgft-loader.php:414\nStack trace:\n#0 /wordpress/wp-content/plugins/wp-gift-cert/wpgft.php(38): require_once()\n#1 /wordpress/wp-admin/includes/plugin.php(2387): include_once('/wordpress/wp-c...')\n#2 /wordpress/wp-admin/includes/plugin.php(673): plugin_sandbox_scrape('wp-gift-cert/wp...')\n#3 /internal/eval.php(20): activate_plugin('wp-gift-cert/wp...')\n#4 {main}\n  thrown in /wordpress/wp-content/plugins/wp-gift-cert/wpgft-loader.php on line 414",
    "log": "/logs/plugins/w/wp-order-categories-widget/error.json"
  },
  {
    "message": "Required parameter $file follows optional parameter $hook in /wordpress/wp-content/plugins/wp-hooks-browser/wp-hooks-browser.php on line 364",
    "level": "DEPRECATED",
    "type": "PHP",
    "test": "jspi-boot",
    "plugin": "wp-order-categories-widget",
    "details": "[08-May-2025 13:41:45 UTC] PHP Deprecated:  Required parameter $file follows optional parameter $hook in /wordpress/wp-content/plugins/wp-hooks-browser/wp-hooks-browser.php on line 364",
    "log": "/logs/plugins/w/wp-order-categories-widget/error.json"
  },
  {
    "message": "Required parameter $pattern follows optional parameter $hook in /wordpress/wp-content/plugins/wp-hooks-browser/wp-hooks-browser.php on line 364",
    "level": "DEPRECATED",
    "type": "PHP",
    "test": "jspi-boot",
    "plugin": "wp-order-categories-widget",
    "details": "[08-May-2025 13:41:45 UTC] PHP Deprecated:  Required parameter $pattern follows optional parameter $hook in /wordpress/wp-content/plugins/wp-hooks-browser/wp-hooks-browser.php on line 364",
    "log": "/logs/plugins/w/wp-order-categories-widget/error.json"
  },
  {
    "message": "Required parameter $file follows optional parameter $hook in /wordpress/wp-content/plugins/wp-hooks-browser/wp-hooks-browser.php on line 364",
    "level": "DEPRECATED",
    "type": "PHP",
    "test": "jspi-boot",
    "plugin": "wp-order-categories-widget",
    "details": "[08-May-2025 13:41:46 UTC] PHP Deprecated:  Required parameter $file follows optional parameter $hook in /wordpress/wp-content/plugins/wp-hooks-browser/wp-hooks-browser.php on line 364",
    "log": "/logs/plugins/w/wp-order-categories-widget/error.json"
  },
  {
    "message": "Required parameter $pattern follows optional parameter $hook in /wordpress/wp-content/plugins/wp-hooks-browser/wp-hooks-browser.php on line 364",
    "level": "DEPRECATED",
    "type": "PHP",
    "test": "jspi-boot",
    "plugin": "wp-order-categories-widget",
    "details": "[08-May-2025 13:41:46 UTC] PHP Deprecated:  Required parameter $pattern follows optional parameter $hook in /wordpress/wp-content/plugins/wp-hooks-browser/wp-hooks-browser.php on line 364",
    "log": "/logs/plugins/w/wp-order-categories-widget/error.json"
  },
  {
    "message": "Required parameter $file follows optional parameter $hook in /wordpress/wp-content/plugins/wp-hooks-browser/wp-hooks-browser.php on line 364",
    "level": "DEPRECATED",
    "type": "PHP",
    "test": "jspi-boot",
    "plugin": "wp-order-categories-widget",
    "details": "[08-May-2025 13:41:55 UTC] PHP Deprecated:  Required parameter $file follows optional parameter $hook in /wordpress/wp-content/plugins/wp-hooks-browser/wp-hooks-browser.php on line 364",
    "log": "/logs/plugins/w/wp-order-categories-widget/error.json"
  },
  {
    "message": "Required parameter $pattern follows optional parameter $hook in /wordpress/wp-content/plugins/wp-hooks-browser/wp-hooks-browser.php on line 364",
    "level": "DEPRECATED",
    "type": "PHP",
    "test": "jspi-boot",
    "plugin": "wp-order-categories-widget",
    "details": "[08-May-2025 13:41:55 UTC] PHP Deprecated:  Required parameter $pattern follows optional parameter $hook in /wordpress/wp-content/plugins/wp-hooks-browser/wp-hooks-browser.php on line 364",
    "log": "/logs/plugins/w/wp-order-categories-widget/error.json"
  },
  {
    "message": "Required parameter $file follows optional parameter $hook in /wordpress/wp-content/plugins/wp-hooks-browser/wp-hooks-browser.php on line 364",
    "level": "DEPRECATED",
    "type": "PHP",
    "test": "jspi-boot",
    "plugin": "wp-order-categories-widget",
    "details": "[08-May-2025 13:41:55 UTC] PHP Deprecated:  Required parameter $file follows optional parameter $hook in /wordpress/wp-content/plugins/wp-hooks-browser/wp-hooks-browser.php on line 364",
    "log": "/logs/plugins/w/wp-order-categories-widget/error.json"
  },
  {
    "message": "Required parameter $pattern follows optional parameter $hook in /wordpress/wp-content/plugins/wp-hooks-browser/wp-hooks-browser.php on line 364",
    "level": "DEPRECATED",
    "type": "PHP",
    "test": "jspi-boot",
    "plugin": "wp-order-categories-widget",
    "details": "[08-May-2025 13:41:55 UTC] PHP Deprecated:  Required parameter $pattern follows optional parameter $hook in /wordpress/wp-content/plugins/wp-hooks-browser/wp-hooks-browser.php on line 364",
    "log": "/logs/plugins/w/wp-order-categories-widget/error.json"
  },
  {
    "message": "Required parameter $file follows optional parameter $hook in /wordpress/wp-content/plugins/wp-hooks-browser/wp-hooks-browser.php on line 364",
    "level": "DEPRECATED",
    "type": "PHP",
    "test": "jspi-boot",
    "plugin": "wp-order-categories-widget",
    "details": "[08-May-2025 13:42:03 UTC] PHP Deprecated:  Required parameter $file follows optional parameter $hook in /wordpress/wp-content/plugins/wp-hooks-browser/wp-hooks-browser.php on line 364",
    "log": "/logs/plugins/w/wp-order-categories-widget/error.json"
  },
  {
    "message": "Required parameter $pattern follows optional parameter $hook in /wordpress/wp-content/plugins/wp-hooks-browser/wp-hooks-browser.php on line 364",
    "level": "DEPRECATED",
    "type": "PHP",
    "test": "jspi-boot",
    "plugin": "wp-order-categories-widget",
    "details": "[08-May-2025 13:42:03 UTC] PHP Deprecated:  Required parameter $pattern follows optional parameter $hook in /wordpress/wp-content/plugins/wp-hooks-browser/wp-hooks-browser.php on line 364",
    "log": "/logs/plugins/w/wp-order-categories-widget/error.json"
  },
  {
    "message": "Required parameter $file follows optional parameter $hook in /wordpress/wp-content/plugins/wp-hooks-browser/wp-hooks-browser.php on line 364",
    "level": "DEPRECATED",
    "type": "PHP",
    "test": "jspi-boot",
    "plugin": "wp-order-categories-widget",
    "details": "[08-May-2025 13:42:04 UTC] PHP Deprecated:  Required parameter $file follows optional parameter $hook in /wordpress/wp-content/plugins/wp-hooks-browser/wp-hooks-browser.php on line 364",
    "log": "/logs/plugins/w/wp-order-categories-widget/error.json"
  },
  {
    "message": "Required parameter $pattern follows optional parameter $hook in /wordpress/wp-content/plugins/wp-hooks-browser/wp-hooks-browser.php on line 364",
    "level": "DEPRECATED",
    "type": "PHP",
    "test": "jspi-boot",
    "plugin": "wp-order-categories-widget",
    "details": "[08-May-2025 13:42:04 UTC] PHP Deprecated:  Required parameter $pattern follows optional parameter $hook in /wordpress/wp-content/plugins/wp-hooks-browser/wp-hooks-browser.php on line 364",
    "log": "/logs/plugins/w/wp-order-categories-widget/error.json"
  },
  {
    "message": "Undefined variable $user_setting in /wordpress/wp-content/plugins/wp-imageengine/functions.php on line 245",
    "level": "WARNING",
    "type": "PHP",
    "test": "jspi-boot",
    "plugin": "wp-order-categories-widget",
    "details": "[08-May-2025 13:42:12 UTC] PHP Warning:  Undefined variable $user_setting in /wordpress/wp-content/plugins/wp-imageengine/functions.php on line 245",
    "log": "/logs/plugins/w/wp-order-categories-widget/error.json"
  },
  {
    "message": "Undefined variable $user_setting in /wordpress/wp-content/plugins/wp-imageengine/functions.php on line 285",
    "level": "WARNING",
    "type": "PHP",
    "test": "jspi-boot",
    "plugin": "wp-order-categories-widget",
    "details": "[08-May-2025 13:42:12 UTC] PHP Warning:  Undefined variable $user_setting in /wordpress/wp-content/plugins/wp-imageengine/functions.php on line 285",
    "log": "/logs/plugins/w/wp-order-categories-widget/error.json"
  },
  {
    "message": "Undefined variable $user_setting in /wordpress/wp-content/plugins/wp-imageengine/functions.php on line 245",
    "level": "WARNING",
    "type": "PHP",
    "test": "jspi-boot",
    "plugin": "wp-order-categories-widget",
    "details": "[08-May-2025 13:42:13 UTC] PHP Warning:  Undefined variable $user_setting in /wordpress/wp-content/plugins/wp-imageengine/functions.php on line 245",
    "log": "/logs/plugins/w/wp-order-categories-widget/error.json"
  },
  {
    "message": "Undefined variable $user_setting in /wordpress/wp-content/plugins/wp-imageengine/functions.php on line 285",
    "level": "WARNING",
    "type": "PHP",
    "test": "jspi-boot",
    "plugin": "wp-order-categories-widget",
    "details": "[08-May-2025 13:42:13 UTC] PHP Warning:  Undefined variable $user_setting in /wordpress/wp-content/plugins/wp-imageengine/functions.php on line 285",
    "log": "/logs/plugins/w/wp-order-categories-widget/error.json"
  },
  {
    "message": "Undefined variable $user_setting in /wordpress/wp-content/plugins/wp-imageengine/functions.php on line 245",
    "level": "WARNING",
    "type": "PHP",
    "test": "jspi-boot",
    "plugin": "wp-order-categories-widget",
    "details": "[08-May-2025 13:42:21 UTC] PHP Warning:  Undefined variable $user_setting in /wordpress/wp-content/plugins/wp-imageengine/functions.php on line 245",
    "log": "/logs/plugins/w/wp-order-categories-widget/error.json"
  },
  {
    "message": "Undefined variable $user_setting in /wordpress/wp-content/plugins/wp-imageengine/functions.php on line 285",
    "level": "WARNING",
    "type": "PHP",
    "test": "jspi-boot",
    "plugin": "wp-order-categories-widget",
    "details": "[08-May-2025 13:42:21 UTC] PHP Warning:  Undefined variable $user_setting in /wordpress/wp-content/plugins/wp-imageengine/functions.php on line 285",
    "log": "/logs/plugins/w/wp-order-categories-widget/error.json"
  },
  {
    "message": "Undefined variable $user_setting in /wordpress/wp-content/plugins/wp-imageengine/functions.php on line 245",
    "level": "WARNING",
    "type": "PHP",
    "test": "jspi-boot",
    "plugin": "wp-order-categories-widget",
    "details": "[08-May-2025 13:42:22 UTC] PHP Warning:  Undefined variable $user_setting in /wordpress/wp-content/plugins/wp-imageengine/functions.php on line 245",
    "log": "/logs/plugins/w/wp-order-categories-widget/error.json"
  },
  {
    "message": "Undefined variable $user_setting in /wordpress/wp-content/plugins/wp-imageengine/functions.php on line 285",
    "level": "WARNING",
    "type": "PHP",
    "test": "jspi-boot",
    "plugin": "wp-order-categories-widget",
    "details": "[08-May-2025 13:42:22 UTC] PHP Warning:  Undefined variable $user_setting in /wordpress/wp-content/plugins/wp-imageengine/functions.php on line 285",
    "log": "/logs/plugins/w/wp-order-categories-widget/error.json"
  },
  {
    "message": "Undefined variable $user_setting in /wordpress/wp-content/plugins/wp-imageengine/functions.php on line 245",
    "level": "WARNING",
    "type": "PHP",
    "test": "jspi-boot",
    "plugin": "wp-order-categories-widget",
    "details": "[08-May-2025 13:42:29 UTC] PHP Warning:  Undefined variable $user_setting in /wordpress/wp-content/plugins/wp-imageengine/functions.php on line 245",
    "log": "/logs/plugins/w/wp-order-categories-widget/error.json"
  },
  {
    "message": "Undefined variable $user_setting in /wordpress/wp-content/plugins/wp-imageengine/functions.php on line 285",
    "level": "WARNING",
    "type": "PHP",
    "test": "jspi-boot",
    "plugin": "wp-order-categories-widget",
    "details": "[08-May-2025 13:42:29 UTC] PHP Warning:  Undefined variable $user_setting in /wordpress/wp-content/plugins/wp-imageengine/functions.php on line 285",
    "log": "/logs/plugins/w/wp-order-categories-widget/error.json"
  },
  {
    "message": "Undefined variable $user_setting in /wordpress/wp-content/plugins/wp-imageengine/functions.php on line 245",
    "level": "WARNING",
    "type": "PHP",
    "test": "jspi-boot",
    "plugin": "wp-order-categories-widget",
    "details": "[08-May-2025 13:42:30 UTC] PHP Warning:  Undefined variable $user_setting in /wordpress/wp-content/plugins/wp-imageengine/functions.php on line 245",
    "log": "/logs/plugins/w/wp-order-categories-widget/error.json"
  },
  {
    "message": "Undefined variable $user_setting in /wordpress/wp-content/plugins/wp-imageengine/functions.php on line 285",
    "level": "WARNING",
    "type": "PHP",
    "test": "jspi-boot",
    "plugin": "wp-order-categories-widget",
    "details": "[08-May-2025 13:42:30 UTC] PHP Warning:  Undefined variable $user_setting in /wordpress/wp-content/plugins/wp-imageengine/functions.php on line 285",
    "log": "/logs/plugins/w/wp-order-categories-widget/error.json"
  },
  {
    "message": "Required parameter $attr follows optional parameter $output in /wordpress/wp-content/plugins/wp-media-manager-lite/inc/class/wpmdia-gallery-metadata.php on line 198",
    "level": "DEPRECATED",
    "type": "PHP",
    "test": "jspi-boot",
    "plugin": "wp-order-categories-widget",
    "details": "[08-May-2025 13:43:08 UTC] PHP Deprecated:  Required parameter $attr follows optional parameter $output in /wordpress/wp-content/plugins/wp-media-manager-lite/inc/class/wpmdia-gallery-metadata.php on line 198",
    "log": "/logs/plugins/w/wp-order-categories-widget/error.json"
  },
  {
    "message": "Required parameter $attr follows optional parameter $output in /wordpress/wp-content/plugins/wp-media-manager-lite/inc/class/wpmdia-gallery-metadata.php on line 198",
    "level": "DEPRECATED",
    "type": "PHP",
    "test": "jspi-boot",
    "plugin": "wp-order-categories-widget",
    "details": "[08-May-2025 13:43:09 UTC] PHP Deprecated:  Required parameter $attr follows optional parameter $output in /wordpress/wp-content/plugins/wp-media-manager-lite/inc/class/wpmdia-gallery-metadata.php on line 198",
    "log": "/logs/plugins/w/wp-order-categories-widget/error.json"
  },
  {
    "message": "Required parameter $attr follows optional parameter $output in /wordpress/wp-content/plugins/wp-media-manager-lite/inc/class/wpmdia-gallery-metadata.php on line 198",
    "level": "DEPRECATED",
    "type": "PHP",
    "test": "jspi-boot",
    "plugin": "wp-order-categories-widget",
    "details": "[08-May-2025 13:43:17 UTC] PHP Deprecated:  Required parameter $attr follows optional parameter $output in /wordpress/wp-content/plugins/wp-media-manager-lite/inc/class/wpmdia-gallery-metadata.php on line 198",
    "log": "/logs/plugins/w/wp-order-categories-widget/error.json"
  },
  {
    "message": "Required parameter $attr follows optional parameter $output in /wordpress/wp-content/plugins/wp-media-manager-lite/inc/class/wpmdia-gallery-metadata.php on line 198",
    "level": "DEPRECATED",
    "type": "PHP",
    "test": "jspi-boot",
    "plugin": "wp-order-categories-widget",
    "details": "[08-May-2025 13:43:18 UTC] PHP Deprecated:  Required parameter $attr follows optional parameter $output in /wordpress/wp-content/plugins/wp-media-manager-lite/inc/class/wpmdia-gallery-metadata.php on line 198",
    "log": "/logs/plugins/w/wp-order-categories-widget/error.json"
  },
  {
    "message": "Required parameter $attr follows optional parameter $output in /wordpress/wp-content/plugins/wp-media-manager-lite/inc/class/wpmdia-gallery-metadata.php on line 198",
    "level": "DEPRECATED",
    "type": "PHP",
    "test": "jspi-boot",
    "plugin": "wp-order-categories-widget",
    "details": "[08-May-2025 13:43:27 UTC] PHP Deprecated:  Required parameter $attr follows optional parameter $output in /wordpress/wp-content/plugins/wp-media-manager-lite/inc/class/wpmdia-gallery-metadata.php on line 198",
    "log": "/logs/plugins/w/wp-order-categories-widget/error.json"
  },
  {
    "message": "Required parameter $attr follows optional parameter $output in /wordpress/wp-content/plugins/wp-media-manager-lite/inc/class/wpmdia-gallery-metadata.php on line 198",
    "level": "DEPRECATED",
    "type": "PHP",
    "test": "jspi-boot",
    "plugin": "wp-order-categories-widget",
    "details": "[08-May-2025 13:43:28 UTC] PHP Deprecated:  Required parameter $attr follows optional parameter $output in /wordpress/wp-content/plugins/wp-media-manager-lite/inc/class/wpmdia-gallery-metadata.php on line 198",
    "log": "/logs/plugins/w/wp-order-categories-widget/error.json"
  },
  {
    "message": "Uncaught ArgumentCountError: Too few arguments to function WP_Widget::__construct(), 0 passed in /wordpress/wp-includes/class-wp-widget-factory.php on line 62 and at least 2 expected in /wordpress/wp-includes/class-wp-widget.php:163",
    "level": "FATAL",
    "type": "PHP",
    "test": "jspi-boot",
    "plugin": "wp-order-categories-widget",
    "details": "[08-May-2025 13:43:37 UTC] PHP Fatal error:  Uncaught ArgumentCountError: Too few arguments to function WP_Widget::__construct(), 0 passed in /wordpress/wp-includes/class-wp-widget-factory.php on line 62 and at least 2 expected in /wordpress/wp-includes/class-wp-widget.php:163\nStack trace:\n#0 /wordpress/wp-includes/class-wp-widget-factory.php(62): WP_Widget->__construct()\n#1 /wordpress/wp-includes/widgets.php(123): WP_Widget_Factory->register('mycategoryorder...')\n#2 /wordpress/wp-content/plugins/wp-order-categories-widget/mycategoryorder.php(464): register_widget('mycategoryorder...')\n#3 /wordpress/wp-includes/class-wp-hook.php(324): mycategoryorder_widgets_init('')\n#4 /wordpress/wp-includes/class-wp-hook.php(348): WP_Hook->apply_filters(NULL, Array)\n#5 /wordpress/wp-includes/plugin.php(517): WP_Hook->do_action(Array)\n#6 /wordpress/wp-includes/widgets.php(1870): do_action('widgets_init')\n#7 /wordpress/wp-includes/class-wp-hook.php(324): wp_widgets_init('')\n#8 /wordpress/wp-includes/class-wp-hook.php(348): WP_Hook->apply_filters(NULL, Array)\n#9 /wordpress/wp-includes/plugin.php(517): WP_Hook->do_action(Array)\n#10 /wordpress/wp-settings.php(727): do_action('init')\n#11 /wordpress/wp-config.php(102): require_once('/wordpress/wp-s...')\n#12 /wordpress/wp-load.php(50): require_once('/wordpress/wp-c...')\n#13 /internal/eval.php(3): require_once('/wordpress/wp-l...')\n#14 {main}\n  thrown in /wordpress/wp-includes/class-wp-widget.php on line 163",
    "log": "/logs/plugins/w/wp-order-categories-widget/error.json"
  },
  {
    "message": "Uncaught ArgumentCountError: Too few arguments to function WP_Widget::__construct(), 0 passed in /wordpress/wp-includes/class-wp-widget-factory.php on line 62 and at least 2 expected in /wordpress/wp-includes/class-wp-widget.php:163",
    "level": "FATAL",
    "type": "PHP",
    "test": "jspi-boot",
    "plugin": "wp-order-categories-widget",
    "details": "[08-May-2025 13:43:46 UTC] PHP Fatal error:  Uncaught ArgumentCountError: Too few arguments to function WP_Widget::__construct(), 0 passed in /wordpress/wp-includes/class-wp-widget-factory.php on line 62 and at least 2 expected in /wordpress/wp-includes/class-wp-widget.php:163\nStack trace:\n#0 /wordpress/wp-includes/class-wp-widget-factory.php(62): WP_Widget->__construct()\n#1 /wordpress/wp-includes/widgets.php(123): WP_Widget_Factory->register('mycategoryorder...')\n#2 /wordpress/wp-content/plugins/wp-order-categories-widget/mycategoryorder.php(464): register_widget('mycategoryorder...')\n#3 /wordpress/wp-includes/class-wp-hook.php(324): mycategoryorder_widgets_init('')\n#4 /wordpress/wp-includes/class-wp-hook.php(348): WP_Hook->apply_filters(NULL, Array)\n#5 /wordpress/wp-includes/plugin.php(517): WP_Hook->do_action(Array)\n#6 /wordpress/wp-includes/widgets.php(1870): do_action('widgets_init')\n#7 /wordpress/wp-includes/class-wp-hook.php(324): wp_widgets_init('')\n#8 /wordpress/wp-includes/class-wp-hook.php(348): WP_Hook->apply_filters(NULL, Array)\n#9 /wordpress/wp-includes/plugin.php(517): WP_Hook->do_action(Array)\n#10 /wordpress/wp-settings.php(727): do_action('init')\n#11 /wordpress/wp-config.php(102): require_once('/wordpress/wp-s...')\n#12 /wordpress/wp-load.php(50): require_once('/wordpress/wp-c...')\n#13 /internal/eval.php(3): require_once('/wordpress/wp-l...')\n#14 {main}\n  thrown in /wordpress/wp-includes/class-wp-widget.php on line 163",
    "log": "/logs/plugins/w/wp-order-categories-widget/error.json"
  },
  {
    "message": "Uncaught ArgumentCountError: Too few arguments to function WP_Widget::__construct(), 0 passed in /wordpress/wp-includes/class-wp-widget-factory.php on line 62 and at least 2 expected in /wordpress/wp-includes/class-wp-widget.php:163",
    "level": "FATAL",
    "type": "PHP",
    "test": "jspi-boot",
    "plugin": "wp-order-categories-widget",
    "details": "[08-May-2025 13:43:55 UTC] PHP Fatal error:  Uncaught ArgumentCountError: Too few arguments to function WP_Widget::__construct(), 0 passed in /wordpress/wp-includes/class-wp-widget-factory.php on line 62 and at least 2 expected in /wordpress/wp-includes/class-wp-widget.php:163\nStack trace:\n#0 /wordpress/wp-includes/class-wp-widget-factory.php(62): WP_Widget->__construct()\n#1 /wordpress/wp-includes/widgets.php(123): WP_Widget_Factory->register('mycategoryorder...')\n#2 /wordpress/wp-content/plugins/wp-order-categories-widget/mycategoryorder.php(464): register_widget('mycategoryorder...')\n#3 /wordpress/wp-includes/class-wp-hook.php(324): mycategoryorder_widgets_init('')\n#4 /wordpress/wp-includes/class-wp-hook.php(348): WP_Hook->apply_filters(NULL, Array)\n#5 /wordpress/wp-includes/plugin.php(517): WP_Hook->do_action(Array)\n#6 /wordpress/wp-includes/widgets.php(1870): do_action('widgets_init')\n#7 /wordpress/wp-includes/class-wp-hook.php(324): wp_widgets_init('')\n#8 /wordpress/wp-includes/class-wp-hook.php(348): WP_Hook->apply_filters(NULL, Array)\n#9 /wordpress/wp-includes/plugin.php(517): WP_Hook->do_action(Array)\n#10 /wordpress/wp-settings.php(727): do_action('init')\n#11 /wordpress/wp-config.php(102): require_once('/wordpress/wp-s...')\n#12 /wordpress/wp-load.php(50): require_once('/wordpress/wp-c...')\n#13 /internal/eval.php(3): require_once('/wordpress/wp-l...')\n#14 {main}\n  thrown in /wordpress/wp-includes/class-wp-widget.php on line 163\n\n    at Object.onBind (file:///home/runner/work/playground-tester/playground-tester/node_modules/@wp-playground/cli/index.js:237:15)\n    at process.processTicksAndRejections (node:internal/process/task_queues:105:5)\n    at async V (file:///home/runner/work/playground-tester/playground-tester/node_modules/@wp-playground/cli/index.js:64:10)\n    at async ja (file:///home/runner/work/playground-tester/playground-tester/node_modules/@wp-playground/cli/cli.js:8161:12) {\n  [cause]: Error: Error when executing the blueprint step #1 ({\"step\":\"installPlugin\",\"pluginData\":{\"resource\":\"wordpress.org/plugins\",\"slug\":\"wp-order-categories-widget\"},\"options\":{\"activate\":true}}) : PHP.run() failed with exit code 255 and the following output: \n      at Object.run (file:///home/runner/work/playground-tester/playground-tester/node_modules/@wp-playground/blueprints/index.js:12449:19)\n      at process.processTicksAndRejections (node:internal/process/task_queues:105:5)\n      at async ms (file:///home/runner/work/playground-tester/playground-tester/node_modules/@wp-playground/blueprints/index.js:12552:3)\n      ... 2 lines matching cause stack trace ...\n      at async ja (file:///home/runner/work/playground-tester/playground-tester/node_modules/@wp-playground/cli/cli.js:8161:12) {\n    [cause]: PHPExecutionFailureError: PHP.run() failed with exit code 255 and the following output: \n        at PHP.run (file:///home/runner/work/playground-tester/playground-tester/node_modules/@php-wasm/universal/index.js:987:19)\n        at process.processTicksAndRejections (node:internal/process/task_queues:105:5)\n        at async wr (file:///home/runner/work/playground-tester/playground-tester/node_modules/@wp-playground/blueprints/index.js:73:13)\n        at async Object.gt [as installPlugin] (file:///home/runner/work/playground-tester/playground-tester/node_modules/@wp-playground/blueprints/index.js:974:42)\n        at async g (file:///home/runner/work/playground-tester/playground-tester/node_modules/@wp-playground/blueprints/index.js:12517:30)\n        at async Object.run (file:///home/runner/work/playground-tester/playground-tester/node_modules/@wp-playground/blueprints/index.js:12446:23)\n        at async ms (file:///home/runner/work/playground-tester/playground-tester/node_modules/@wp-playground/blueprints/index.js:12552:3)\n        at async Object.onBind (file:///home/runner/work/playground-tester/playground-tester/node_modules/@wp-playground/cli/index.js:227:48)\n        at async V (file:///home/runner/work/playground-tester/playground-tester/node_modules/@wp-playground/cli/index.js:64:10)\n        at async ja (file:///home/runner/work/playground-tester/playground-tester/node_modules/@wp-playground/cli/cli.js:8161:12) {\n      response: PHPResponse {\n        httpStatusCode: 500,\n        headers: {\n          'x-powered-by': [ 'PHP/8.0.30-dev' ],\n          'content-type': [ 'text/html; charset=UTF-8' ],\n          expires: [ 'Wed, 11 Jan 1984 05:00:00 GMT' ],\n          'cache-control': [ 'no-cache, must-revalidate, max-age=0, no-store, private' ]\n        },\n        bytes: Uint8Array(2653) [\n           60,  33,  68,  79,  67,  84,  89,  80,  69,  32, 104, 116,\n          109, 108,  62,  10,  60, 104, 116, 109, 108,  32, 108,  97,\n          110, 103,  61,  34, 101, 110,  45,  85,  83,  34,  62,  10,\n           60, 104, 101,  97, 100,  62,  10,   9,  60, 109, 101, 116,\n           97,  32, 104, 116, 116, 112,  45, 101, 113, 117, 105, 118,\n           61,  34,  67, 111, 110, 116, 101, 110, 116,  45,  84, 121,\n          112, 101,  34,  32,  99, 111, 110, 116, 101, 110, 116,  61,\n           34, 116, 101, 120, 116,  47, 104, 116, 109, 108,  59,  32,\n           99, 104,  97, 114,\n          ... 2553 more items\n        ],\n        exitCode: 255,\n        errors: ''\n      },\n      source: 'request'\n    }\n  }\n}\n\n",
    "log": "/logs/plugins/w/wp-order-categories-widget/error.json"
  }
]
