[
{"message":"file:///home/runner/work/playground-tester/playground-tester/node_modules/@wp-playground/cli/run-cli-j-geJYS3.js:325\n        throw new Error($, { cause: h });\n              ^\n","level":"FATAL","type":"PLAYGROUND","test":"ast-sqlite-boot","plugin":"eshop-invoice","details":"file:///home/runner/work/playground-tester/playground-tester/node_modules/@wp-playground/cli/run-cli-j-geJYS3.js:325\n        throw new Error($, { cause: h });\n              ^\n","log":"/tmp/tmp.1hDGZv57Ac"}
,
{"message":"Trying to access array offset on value of type bool in /wordpress/wp-content/plugins/ether-mailer/admin/class-ethermailerwp-admin.php on line 289","level":"WARNING","type":"PHP","test":"ast-sqlite-boot","plugin":"eshop-invoice","details":"[22-Jun-2025 07:27:40 UTC] PHP Warning:  Trying to access array offset on value of type bool in /wordpress/wp-content/plugins/ether-mailer/admin/class-ethermailerwp-admin.php on line 289","log":"/logs/plugins/e/eshop-invoice/error.json"}
,
{"message":"Undefined array key \"post\" in /wordpress/wp-content/plugins/ether-mailer/admin/class-ethermailerwp-admin.php on line 352","level":"WARNING","type":"PHP","test":"ast-sqlite-boot","plugin":"eshop-invoice","details":"[22-Jun-2025 07:27:42 UTC] PHP Warning:  Undefined array key \"post\" in /wordpress/wp-content/plugins/ether-mailer/admin/class-ethermailerwp-admin.php on line 352","log":"/logs/plugins/e/eshop-invoice/error.json"}
,
{"message":"Trying to access array offset on value of type bool in /wordpress/wp-content/plugins/ether-mailer/admin/class-ethermailerwp-admin.php on line 289","level":"WARNING","type":"PHP","test":"ast-sqlite-boot","plugin":"eshop-invoice","details":"[22-Jun-2025 07:27:52 UTC] PHP Warning:  Trying to access array offset on value of type bool in /wordpress/wp-content/plugins/ether-mailer/admin/class-ethermailerwp-admin.php on line 289","log":"/logs/plugins/e/eshop-invoice/error.json"}
,
{"message":"Undefined array key \"post\" in /wordpress/wp-content/plugins/ether-mailer/admin/class-ethermailerwp-admin.php on line 352","level":"WARNING","type":"PHP","test":"ast-sqlite-boot","plugin":"eshop-invoice","details":"[22-Jun-2025 07:27:54 UTC] PHP Warning:  Undefined array key \"post\" in /wordpress/wp-content/plugins/ether-mailer/admin/class-ethermailerwp-admin.php on line 352","log":"/logs/plugins/e/eshop-invoice/error.json"}
,
{"message":"Trying to access array offset on value of type bool in /wordpress/wp-content/plugins/ether-mailer/admin/class-ethermailerwp-admin.php on line 289","level":"WARNING","type":"PHP","test":"ast-sqlite-boot","plugin":"eshop-invoice","details":"[22-Jun-2025 07:28:04 UTC] PHP Warning:  Trying to access array offset on value of type bool in /wordpress/wp-content/plugins/ether-mailer/admin/class-ethermailerwp-admin.php on line 289","log":"/logs/plugins/e/eshop-invoice/error.json"}
,
{"message":"Undefined array key \"post\" in /wordpress/wp-content/plugins/ether-mailer/admin/class-ethermailerwp-admin.php on line 352","level":"WARNING","type":"PHP","test":"ast-sqlite-boot","plugin":"eshop-invoice","details":"[22-Jun-2025 07:28:05 UTC] PHP Warning:  Undefined array key \"post\" in /wordpress/wp-content/plugins/ether-mailer/admin/class-ethermailerwp-admin.php on line 352","log":"/logs/plugins/e/eshop-invoice/error.json"}
,
{"message":"Uncaught PDOException: SQLSTATE[HY000] [2002] Address family not supported by protocol in /wordpress/wp-content/plugins/editable-table/edtb.php:32","level":"FATAL","type":"PHP","test":"ast-sqlite-boot","plugin":"eshop-invoice","details":"[22-Jun-2025 07:32:33 UTC] PHP Fatal error:  Uncaught PDOException: SQLSTATE[HY000] [2002] Address family not supported by protocol in /wordpress/wp-content/plugins/editable-table/edtb.php:32\nStack trace:\n#0 /wordpress/wp-content/plugins/editable-table/edtb.php(32): PDO->__construct('mysql:host=loca...', 'username_here', 'password_here')\n#1 /wordpress/wp-content/plugins/editable-table/edtb.php(382): edtb->__construct()\n#2 /wordpress/wp-admin/includes/plugin.php(2387): include_once('/wordpress/wp-c...')\n#3 /wordpress/wp-admin/includes/plugin.php(673): plugin_sandbox_scrape('editable-table/...')\n#4 /internal/eval.php(20): activate_plugin('editable-table/...')\n#5 {main}\n  thrown in /wordpress/wp-content/plugins/editable-table/edtb.php on line 32","log":"/logs/plugins/e/eshop-invoice/error.json"}
,
{"message":"Uncaught PDOException: SQLSTATE[HY000] [2002] Address family not supported by protocol in /wordpress/wp-content/plugins/editable-table/edtb.php:32","level":"FATAL","type":"PHP","test":"ast-sqlite-boot","plugin":"eshop-invoice","details":"[22-Jun-2025 07:32:41 UTC] PHP Fatal error:  Uncaught PDOException: SQLSTATE[HY000] [2002] Address family not supported by protocol in /wordpress/wp-content/plugins/editable-table/edtb.php:32\nStack trace:\n#0 /wordpress/wp-content/plugins/editable-table/edtb.php(32): PDO->__construct('mysql:host=loca...', 'username_here', 'password_here')\n#1 /wordpress/wp-content/plugins/editable-table/edtb.php(382): edtb->__construct()\n#2 /wordpress/wp-admin/includes/plugin.php(2387): include_once('/wordpress/wp-c...')\n#3 /wordpress/wp-admin/includes/plugin.php(673): plugin_sandbox_scrape('editable-table/...')\n#4 /internal/eval.php(20): activate_plugin('editable-table/...')\n#5 {main}\n  thrown in /wordpress/wp-content/plugins/editable-table/edtb.php on line 32","log":"/logs/plugins/e/eshop-invoice/error.json"}
,
{"message":"Uncaught PDOException: SQLSTATE[HY000] [2002] Address family not supported by protocol in /wordpress/wp-content/plugins/editable-table/edtb.php:32","level":"FATAL","type":"PHP","test":"ast-sqlite-boot","plugin":"eshop-invoice","details":"[22-Jun-2025 07:32:50 UTC] PHP Fatal error:  Uncaught PDOException: SQLSTATE[HY000] [2002] Address family not supported by protocol in /wordpress/wp-content/plugins/editable-table/edtb.php:32\nStack trace:\n#0 /wordpress/wp-content/plugins/editable-table/edtb.php(32): PDO->__construct('mysql:host=loca...', 'username_here', 'password_here')\n#1 /wordpress/wp-content/plugins/editable-table/edtb.php(382): edtb->__construct()\n#2 /wordpress/wp-admin/includes/plugin.php(2387): include_once('/wordpress/wp-c...')\n#3 /wordpress/wp-admin/includes/plugin.php(673): plugin_sandbox_scrape('editable-table/...')\n#4 /internal/eval.php(20): activate_plugin('editable-table/...')\n#5 {main}\n  thrown in /wordpress/wp-content/plugins/editable-table/edtb.php on line 32","log":"/logs/plugins/e/eshop-invoice/error.json"}
,
{"message":"count(): Parameter must be an array or an object that implements Countable in /wordpress/wp-content/plugins/edublogify-contact-form/edublogify-contact-form.php on line 145","level":"WARNING","type":"PHP","test":"ast-sqlite-boot","plugin":"eshop-invoice","details":"[22-Jun-2025 07:33:30 UTC] PHP Warning:  count(): Parameter must be an array or an object that implements Countable in /wordpress/wp-content/plugins/edublogify-contact-form/edublogify-contact-form.php on line 145","log":"/logs/plugins/e/eshop-invoice/error.json"}
,
{"message":"count(): Parameter must be an array or an object that implements Countable in /wordpress/wp-content/plugins/edublogify-contact-form/edublogify-contact-form.php on line 145","level":"WARNING","type":"PHP","test":"ast-sqlite-boot","plugin":"eshop-invoice","details":"[22-Jun-2025 07:33:41 UTC] PHP Warning:  count(): Parameter must be an array or an object that implements Countable in /wordpress/wp-content/plugins/edublogify-contact-form/edublogify-contact-form.php on line 145","log":"/logs/plugins/e/eshop-invoice/error.json"}
,
{"message":"count(): Parameter must be an array or an object that implements Countable in /wordpress/wp-content/plugins/edublogify-contact-form/edublogify-contact-form.php on line 145","level":"WARNING","type":"PHP","test":"ast-sqlite-boot","plugin":"eshop-invoice","details":"[22-Jun-2025 07:33:50 UTC] PHP Warning:  count(): Parameter must be an array or an object that implements Countable in /wordpress/wp-content/plugins/edublogify-contact-form/edublogify-contact-form.php on line 145","log":"/logs/plugins/e/eshop-invoice/error.json"}
,
{"message":"Uncaught Error: Call to undefined function create_function() in /wordpress/wp-content/plugins/eshop-invoice/myorder-widget.php:60","level":"FATAL","type":"PHP","test":"ast-sqlite-boot","plugin":"eshop-invoice","details":"[22-Jun-2025 07:36:35 UTC] PHP Fatal error:  Uncaught Error: Call to undefined function create_function() in /wordpress/wp-content/plugins/eshop-invoice/myorder-widget.php:60\nStack trace:\n#0 /wordpress/wp-content/plugins/eshop-invoice/eshop-invoice.php(28): include()\n#1 /wordpress/wp-admin/includes/plugin.php(2387): include_once('/wordpress/wp-c...')\n#2 /wordpress/wp-admin/includes/plugin.php(673): plugin_sandbox_scrape('eshop-invoice/e...')\n#3 /internal/eval.php(20): activate_plugin('eshop-invoice/e...')\n#4 {main}\n  thrown in /wordpress/wp-content/plugins/eshop-invoice/myorder-widget.php on line 60\n\n    at Object.onBind (file:///home/runner/work/playground-tester/playground-tester/node_modules/@wp-playground/cli/run-cli-j-geJYS3.js:325:15)\n    at process.processTicksAndRejections (node:internal/process/task_queues:105:5)\n    at async re (file:///home/runner/work/playground-tester/playground-tester/node_modules/@wp-playground/cli/run-cli-j-geJYS3.js:149:10) {\n  [cause]: Error: Error when executing the blueprint step #5 ({\"step\":\"installPlugin\",\"pluginData\":{\"resource\":\"wordpress.org/plugins\",\"slug\":\"eshop-invoice\"},\"options\":{\"activate\":true}}) : PHP.run() failed with exit code 255 and the following output: \n      at Object.run (file:///home/runner/work/playground-tester/playground-tester/node_modules/@wp-playground/blueprints/index.js:12093:19)\n      at process.processTicksAndRejections (node:internal/process/task_queues:105:5)\n      at async ys (file:///home/runner/work/playground-tester/playground-tester/node_modules/@wp-playground/blueprints/index.js:12196:3)\n      at async Object.onBind (file:///home/runner/work/playground-tester/playground-tester/node_modules/@wp-playground/cli/run-cli-j-geJYS3.js:315:48)\n      at async re (file:///home/runner/work/playground-tester/playground-tester/node_modules/@wp-playground/cli/run-cli-j-geJYS3.js:149:10) {\n    [cause]: PHPExecutionFailureError: PHP.run() failed with exit code 255 and the following output: \n        at PHP.run (file:///home/runner/work/playground-tester/playground-tester/node_modules/@php-wasm/universal/index.js:1034:19)\n        at process.processTicksAndRejections (node:internal/process/task_queues:105:5)\n        at async wr (file:///home/runner/work/playground-tester/playground-tester/node_modules/@wp-playground/blueprints/index.js:34:39)\n        at async Object.gt [as installPlugin] (file:///home/runner/work/playground-tester/playground-tester/node_modules/@wp-playground/blueprints/index.js:631:42)\n        at async g (file:///home/runner/work/playground-tester/playground-tester/node_modules/@wp-playground/blueprints/index.js:12161:30)\n        at async Object.run (file:///home/runner/work/playground-tester/playground-tester/node_modules/@wp-playground/blueprints/index.js:12090:23)\n        at async ys (file:///home/runner/work/playground-tester/playground-tester/node_modules/@wp-playground/blueprints/index.js:12196:3)\n        at async Object.onBind (file:///home/runner/work/playground-tester/playground-tester/node_modules/@wp-playground/cli/run-cli-j-geJYS3.js:315:48)\n        at async re (file:///home/runner/work/playground-tester/playground-tester/node_modules/@wp-playground/cli/run-cli-j-geJYS3.js:149:10) {\n      response: PHPResponse {\n        httpStatusCode: 500,\n        headers: {\n          'x-powered-by': [ 'PHP/8.0.30-dev' ],\n          'content-type': [ 'text/html; charset=UTF-8' ]\n        },\n        bytes: Uint8Array(0) [],\n        exitCode: 255,\n        errors: ''\n      },\n      source: 'request'\n    }\n  }\n}\n\n","log":"/logs/plugins/e/eshop-invoice/error.json"}
]
