file:///home/runner/work/playground-tester/playground-tester/node_modules/@wp-playground/cli/run-cli-j-geJYS3.js:325
        throw new Error($, { cause: h });
              ^

Error: [13-Jun-2025 10:31:10 UTC] PHP Notice:  Function _load_textdomain_just_in_time was called <strong>incorrectly</strong>. Translation loading for the <code>wc-shippo-shipping</code> domain was triggered too early. This is usually an indicator for some code in the plugin or theme running too early. Translations should be loaded at the <code>init</code> action or later. Please see <a href="https://developer.wordpress.org/advanced-administration/debug/debug-wordpress/">Debugging in WordPress</a> for more information. (This message was added in version 6.7.0.) in /wordpress/wp-includes/functions.php on line 6121
[13-Jun-2025 10:31:20 UTC] PHP Notice:  Function _load_textdomain_just_in_time was called <strong>incorrectly</strong>. Translation loading for the <code>wc-shippo-shipping</code> domain was triggered too early. This is usually an indicator for some code in the plugin or theme running too early. Translations should be loaded at the <code>init</code> action or later. Please see <a href="https://developer.wordpress.org/advanced-administration/debug/debug-wordpress/">Debugging in WordPress</a> for more information. (This message was added in version 6.7.0.) in /wordpress/wp-includes/functions.php on line 6121
[13-Jun-2025 10:31:29 UTC] PHP Notice:  Function _load_textdomain_just_in_time was called <strong>incorrectly</strong>. Translation loading for the <code>wc-shippo-shipping</code> domain was triggered too early. This is usually an indicator for some code in the plugin or theme running too early. Translations should be loaded at the <code>init</code> action or later. Please see <a href="https://developer.wordpress.org/advanced-administration/debug/debug-wordpress/">Debugging in WordPress</a> for more information. (This message was added in version 6.7.0.) in /wordpress/wp-includes/functions.php on line 6121
[13-Jun-2025 10:32:37 UTC] PHP Warning:  Trying to access array offset on value of type null in /wordpress/wp-content/plugins/woocommerce-woocart-popup-lite/common/WooCartPopUpFrontendFestiPlugin.php on line 162
[13-Jun-2025 10:32:37 UTC] PHP Fatal error:  Uncaught TypeError: array_key_exists(): Argument #2 ($array) must be of type array, null given in /wordpress/wp-content/plugins/woocommerce-woocart-popup-lite/common/WooCartPopUpFrontendFestiPlugin.php:220
Stack trace:
#0 /wordpress/wp-content/plugins/woocommerce-woocart-popup-lite/common/WooCartPopUpFrontendFestiPlugin.php(208): WooCartPopUpFrontendFestiPlugin->_isEnablePopUpWindow(NULL)
#1 /wordpress/wp-content/plugins/woocommerce-woocart-popup-lite/common/WooCartPopUpFrontendFestiPlugin.php(37): WooCartPopUpFrontendFestiPlugin->appendHiddenPopupContainer(NULL)
#2 /wordpress/wp-content/plugins/woocommerce-woocart-popup-lite/common/FestiPlugin.php(78): WooCartPopUpFrontendFestiPlugin->onInit()
#3 /wordpress/wp-content/plugins/woocommerce-woocart-popup-lite/plugin.php(77): FestiPlugin->__construct('/wordpress/wp-c...')
#4 /wordpress/wp-content/plugins/woocommerce-woocart-popup-lite/common/FestiPlugin.php(110): WooCartPopUpFestiPlugin->onFrontendInit()
#5 /wordpress/wp-content/plugins/woocommerce-woocart-popup-lite/plugin.php(36): FestiPlugin->onInit()
#6 /wordpress/wp-content/plugins/woocommerce-woocart-popup-lite/common/FestiPlugin.php(78): WooCartPopUpFestiPlugin->onInit()
#7 /wordpress/wp-content/plugins/woocommerce-woocart-popup-lite/plugin.php(143): FestiPlugin->__construct('/wordpress/wp-c...')
#8 /wordpress/wp-admin/includes/plugin.php(2387): include_once('/wordpress/wp-c...')
#9 /wordpress/wp-admin/includes/plugin.php(673): plugin_sandbox_scrape('woocommerce-woo...')
#10 /internal/eval.php(20): activate_plugin('woocommerce-woo...')
#11 {main}
  thrown in /wordpress/wp-content/plugins/woocommerce-woocart-popup-lite/common/WooCartPopUpFrontendFestiPlugin.php on line 220
[13-Jun-2025 10:32:47 UTC] PHP Warning:  Trying to access array offset on value of type null in /wordpress/wp-content/plugins/woocommerce-woocart-popup-lite/common/WooCartPopUpFrontendFestiPlugin.php on line 162
[13-Jun-2025 10:32:47 UTC] PHP Fatal error:  Uncaught TypeError: array_key_exists(): Argument #2 ($array) must be of type array, null given in /wordpress/wp-content/plugins/woocommerce-woocart-popup-lite/common/WooCartPopUpFrontendFestiPlugin.php:220
Stack trace:
#0 /wordpress/wp-content/plugins/woocommerce-woocart-popup-lite/common/WooCartPopUpFrontendFestiPlugin.php(208): WooCartPopUpFrontendFestiPlugin->_isEnablePopUpWindow(NULL)
#1 /wordpress/wp-content/plugins/woocommerce-woocart-popup-lite/common/WooCartPopUpFrontendFestiPlugin.php(37): WooCartPopUpFrontendFestiPlugin->appendHiddenPopupContainer(NULL)
#2 /wordpress/wp-content/plugins/woocommerce-woocart-popup-lite/common/FestiPlugin.php(78): WooCartPopUpFrontendFestiPlugin->onInit()
#3 /wordpress/wp-content/plugins/woocommerce-woocart-popup-lite/plugin.php(77): FestiPlugin->__construct('/wordpress/wp-c...')
#4 /wordpress/wp-content/plugins/woocommerce-woocart-popup-lite/common/FestiPlugin.php(110): WooCartPopUpFestiPlugin->onFrontendInit()
#5 /wordpress/wp-content/plugins/woocommerce-woocart-popup-lite/plugin.php(36): FestiPlugin->onInit()
#6 /wordpress/wp-content/plugins/woocommerce-woocart-popup-lite/common/FestiPlugin.php(78): WooCartPopUpFestiPlugin->onInit()
#7 /wordpress/wp-content/plugins/woocommerce-woocart-popup-lite/plugin.php(143): FestiPlugin->__construct('/wordpress/wp-c...')
#8 /wordpress/wp-admin/includes/plugin.php(2387): include_once('/wordpress/wp-c...')
#9 /wordpress/wp-admin/includes/plugin.php(673): plugin_sandbox_scrape('woocommerce-woo...')
#10 /internal/eval.php(20): activate_plugin('woocommerce-woo...')
#11 {main}
  thrown in /wordpress/wp-content/plugins/woocommerce-woocart-popup-lite/common/WooCartPopUpFrontendFestiPlugin.php on line 220
[13-Jun-2025 10:32:55 UTC] PHP Warning:  Trying to access array offset on value of type null in /wordpress/wp-content/plugins/woocommerce-woocart-popup-lite/common/WooCartPopUpFrontendFestiPlugin.php on line 162
[13-Jun-2025 10:32:55 UTC] PHP Fatal error:  Uncaught TypeError: array_key_exists(): Argument #2 ($array) must be of type array, null given in /wordpress/wp-content/plugins/woocommerce-woocart-popup-lite/common/WooCartPopUpFrontendFestiPlugin.php:220
Stack trace:
#0 /wordpress/wp-content/plugins/woocommerce-woocart-popup-lite/common/WooCartPopUpFrontendFestiPlugin.php(208): WooCartPopUpFrontendFestiPlugin->_isEnablePopUpWindow(NULL)
#1 /wordpress/wp-content/plugins/woocommerce-woocart-popup-lite/common/WooCartPopUpFrontendFestiPlugin.php(37): WooCartPopUpFrontendFestiPlugin->appendHiddenPopupContainer(NULL)
#2 /wordpress/wp-content/plugins/woocommerce-woocart-popup-lite/common/FestiPlugin.php(78): WooCartPopUpFrontendFestiPlugin->onInit()
#3 /wordpress/wp-content/plugins/woocommerce-woocart-popup-lite/plugin.php(77): FestiPlugin->__construct('/wordpress/wp-c...')
#4 /wordpress/wp-content/plugins/woocommerce-woocart-popup-lite/common/FestiPlugin.php(110): WooCartPopUpFestiPlugin->onFrontendInit()
#5 /wordpress/wp-content/plugins/woocommerce-woocart-popup-lite/plugin.php(36): FestiPlugin->onInit()
#6 /wordpress/wp-content/plugins/woocommerce-woocart-popup-lite/common/FestiPlugin.php(78): WooCartPopUpFestiPlugin->onInit()
#7 /wordpress/wp-content/plugins/woocommerce-woocart-popup-lite/plugin.php(143): FestiPlugin->__construct('/wordpress/wp-c...')
#8 /wordpress/wp-admin/includes/plugin.php(2387): include_once('/wordpress/wp-c...')
#9 /wordpress/wp-admin/includes/plugin.php(673): plugin_sandbox_scrape('woocommerce-woo...')
#10 /internal/eval.php(20): activate_plugin('woocommerce-woo...')
#11 {main}
  thrown in /wordpress/wp-content/plugins/woocommerce-woocart-popup-lite/common/WooCartPopUpFrontendFestiPlugin.php on line 220
[13-Jun-2025 10:34:35 UTC] PHP Fatal error:  Array and string offset access syntax with curly braces is no longer supported in /wordpress/wp-content/plugins/wordpress-plugin-kickstarter/view/phpQuery/phpQuery/phpQueryObject.php on line 1040
[13-Jun-2025 10:34:44 UTC] PHP Fatal error:  Array and string offset access syntax with curly braces is no longer supported in /wordpress/wp-content/plugins/wordpress-plugin-kickstarter/view/phpQuery/phpQuery/phpQueryObject.php on line 1040
[13-Jun-2025 10:34:52 UTC] PHP Fatal error:  Array and string offset access syntax with curly braces is no longer supported in /wordpress/wp-content/plugins/wordpress-plugin-kickstarter/view/phpQuery/phpQuery/phpQueryObject.php on line 1040
[13-Jun-2025 10:35:02 UTC] PHP Notice:  Function wp_register_style was called <strong>incorrectly</strong>. Scripts and styles should not be registered or enqueued until the <code>wp_enqueue_scripts</code>, <code>admin_enqueue_scripts</code>, or <code>login_enqueue_scripts</code> hooks. This notice was triggered by the <code>wpredditStylesheet</code> handle. Please see <a href="https://developer.wordpress.org/advanced-administration/debug/debug-wordpress/">Debugging in WordPress</a> for more information. (This message was added in version 3.3.0.) in /wordpress/wp-includes/functions.php on line 6121
[13-Jun-2025 10:35:02 UTC] PHP Notice:  Function is_feed was called <strong>incorrectly</strong>. Conditional query tags do not work before the query is run. Before then, they always return false. Please see <a href="https://developer.wordpress.org/advanced-administration/debug/debug-wordpress/">Debugging in WordPress</a> for more information. (This message was added in version 3.1.0.) in /wordpress/wp-includes/functions.php on line 6121
[13-Jun-2025 10:35:02 UTC] PHP Notice:  Function wp_enqueue_style was called <strong>incorrectly</strong>. Scripts and styles should not be registered or enqueued until the <code>wp_enqueue_scripts</code>, <code>admin_enqueue_scripts</code>, or <code>login_enqueue_scripts</code> hooks. This notice was triggered by the <code>wpredditStylesheet</code> handle. Please see <a href="https://developer.wordpress.org/advanced-administration/debug/debug-wordpress/">Debugging in WordPress</a> for more information. (This message was added in version 3.3.0.) in /wordpress/wp-includes/functions.php on line 6121
[13-Jun-2025 10:35:11 UTC] PHP Notice:  Function wp_register_style was called <strong>incorrectly</strong>. Scripts and styles should not be registered or enqueued until the <code>wp_enqueue_scripts</code>, <code>admin_enqueue_scripts</code>, or <code>login_enqueue_scripts</code> hooks. This notice was triggered by the <code>wpredditStylesheet</code> handle. Please see <a href="https://developer.wordpress.org/advanced-administration/debug/debug-wordpress/">Debugging in WordPress</a> for more information. (This message was added in version 3.3.0.) in /wordpress/wp-includes/functions.php on line 6121
[13-Jun-2025 10:35:11 UTC] PHP Notice:  Function is_feed was called <strong>incorrectly</strong>. Conditional query tags do not work before the query is run. Before then, they always return false. Please see <a href="https://developer.wordpress.org/advanced-administration/debug/debug-wordpress/">Debugging in WordPress</a> for more information. (This message was added in version 3.1.0.) in /wordpress/wp-includes/functions.php on line 6121
[13-Jun-2025 10:35:11 UTC] PHP Notice:  Function wp_enqueue_style was called <strong>incorrectly</strong>. Scripts and styles should not be registered or enqueued until the <code>wp_enqueue_scripts</code>, <code>admin_enqueue_scripts</code>, or <code>login_enqueue_scripts</code> hooks. This notice was triggered by the <code>wpredditStylesheet</code> handle. Please see <a href="https://developer.wordpress.org/advanced-administration/debug/debug-wordpress/">Debugging in WordPress</a> for more information. (This message was added in version 3.3.0.) in /wordpress/wp-includes/functions.php on line 6121
[13-Jun-2025 10:35:21 UTC] PHP Notice:  Function wp_register_style was called <strong>incorrectly</strong>. Scripts and styles should not be registered or enqueued until the <code>wp_enqueue_scripts</code>, <code>admin_enqueue_scripts</code>, or <code>login_enqueue_scripts</code> hooks. This notice was triggered by the <code>wpredditStylesheet</code> handle. Please see <a href="https://developer.wordpress.org/advanced-administration/debug/debug-wordpress/">Debugging in WordPress</a> for more information. (This message was added in version 3.3.0.) in /wordpress/wp-includes/functions.php on line 6121
[13-Jun-2025 10:35:21 UTC] PHP Notice:  Function is_feed was called <strong>incorrectly</strong>. Conditional query tags do not work before the query is run. Before then, they always return false. Please see <a href="https://developer.wordpress.org/advanced-administration/debug/debug-wordpress/">Debugging in WordPress</a> for more information. (This message was added in version 3.1.0.) in /wordpress/wp-includes/functions.php on line 6121
[13-Jun-2025 10:35:21 UTC] PHP Notice:  Function wp_enqueue_style was called <strong>incorrectly</strong>. Scripts and styles should not be registered or enqueued until the <code>wp_enqueue_scripts</code>, <code>admin_enqueue_scripts</code>, or <code>login_enqueue_scripts</code> hooks. This notice was triggered by the <code>wpredditStylesheet</code> handle. Please see <a href="https://developer.wordpress.org/advanced-administration/debug/debug-wordpress/">Debugging in WordPress</a> for more information. (This message was added in version 3.3.0.) in /wordpress/wp-includes/functions.php on line 6121
[13-Jun-2025 10:35:29 UTC] PHP Warning:  Trying to access array offset on value of type bool in /wordpress/wp-content/plugins/wp-seo-html-sitemap/sitemap.php on line 34
[13-Jun-2025 10:35:39 UTC] PHP Warning:  Trying to access array offset on value of type bool in /wordpress/wp-content/plugins/wp-seo-html-sitemap/sitemap.php on line 34
[13-Jun-2025 10:35:48 UTC] PHP Warning:  Trying to access array offset on value of type bool in /wordpress/wp-content/plugins/wp-seo-html-sitemap/sitemap.php on line 34
[13-Jun-2025 10:37:16 UTC] PHP Fatal error:  Uncaught Error: Call to undefined function create_function() in /wordpress/wp-content/plugins/wp-woocommerce-redirect/wp-woo-redirect.php:71
Stack trace:
#0 /wordpress/wp-admin/includes/plugin.php(2387): include_once()
#1 /wordpress/wp-admin/includes/plugin.php(673): plugin_sandbox_scrape('wp-woocommerce-...')
#2 /internal/eval.php(20): activate_plugin('wp-woocommerce-...')
#3 {main}
  thrown in /wordpress/wp-content/plugins/wp-woocommerce-redirect/wp-woo-redirect.php on line 71
[13-Jun-2025 10:37:24 UTC] PHP Fatal error:  Uncaught Error: Call to undefined function create_function() in /wordpress/wp-content/plugins/wp-woocommerce-redirect/wp-woo-redirect.php:71
Stack trace:
#0 /wordpress/wp-admin/includes/plugin.php(2387): include_once()
#1 /wordpress/wp-admin/includes/plugin.php(673): plugin_sandbox_scrape('wp-woocommerce-...')
#2 /internal/eval.php(20): activate_plugin('wp-woocommerce-...')
#3 {main}
  thrown in /wordpress/wp-content/plugins/wp-woocommerce-redirect/wp-woo-redirect.php on line 71
[13-Jun-2025 10:37:32 UTC] PHP Fatal error:  Uncaught Error: Call to undefined function create_function() in /wordpress/wp-content/plugins/wp-woocommerce-redirect/wp-woo-redirect.php:71
Stack trace:
#0 /wordpress/wp-admin/includes/plugin.php(2387): include_once()
#1 /wordpress/wp-admin/includes/plugin.php(673): plugin_sandbox_scrape('wp-woocommerce-...')
#2 /internal/eval.php(20): activate_plugin('wp-woocommerce-...')
#3 {main}
  thrown in /wordpress/wp-content/plugins/wp-woocommerce-redirect/wp-woo-redirect.php on line 71
[13-Jun-2025 10:38:10 UTC] PHP Fatal error:  'continue' not in the 'loop' or 'switch' context in /wordpress/wp-content/plugins/wpcues-basic-quiz/common/classes/wpcue_basic_badge.php on line 120
[13-Jun-2025 10:38:19 UTC] PHP Fatal error:  'continue' not in the 'loop' or 'switch' context in /wordpress/wp-content/plugins/wpcues-basic-quiz/common/classes/wpcue_basic_badge.php on line 120
[13-Jun-2025 10:38:27 UTC] PHP Fatal error:  'continue' not in the 'loop' or 'switch' context in /wordpress/wp-content/plugins/wpcues-basic-quiz/common/classes/wpcue_basic_badge.php on line 120
[13-Jun-2025 10:38:36 UTC] PHP Deprecated:  Required parameter $is_cron follows optional parameter $from in /wordpress/wp-content/plugins/wordpress-flash-uploader/inc/wfu-sync.php on line 296
[13-Jun-2025 10:38:36 UTC] PHP Deprecated:  Required parameter $is_cron follows optional parameter $from in /wordpress/wp-content/plugins/wordpress-flash-uploader/inc/wfu-sync.php on line 296
[13-Jun-2025 10:38:45 UTC] PHP Deprecated:  Required parameter $is_cron follows optional parameter $from in /wordpress/wp-content/plugins/wordpress-flash-uploader/inc/wfu-sync.php on line 296
[13-Jun-2025 10:38:46 UTC] PHP Deprecated:  Required parameter $is_cron follows optional parameter $from in /wordpress/wp-content/plugins/wordpress-flash-uploader/inc/wfu-sync.php on line 296
[13-Jun-2025 10:38:54 UTC] PHP Deprecated:  Required parameter $is_cron follows optional parameter $from in /wordpress/wp-content/plugins/wordpress-flash-uploader/inc/wfu-sync.php on line 296
[13-Jun-2025 10:38:55 UTC] PHP Deprecated:  Required parameter $is_cron follows optional parameter $from in /wordpress/wp-content/plugins/wordpress-flash-uploader/inc/wfu-sync.php on line 296
[13-Jun-2025 10:40:23 UTC] PHP Notice:  Function wp_enqueue_script was called <strong>incorrectly</strong>. Scripts and styles should not be registered or enqueued until the <code>wp_enqueue_scripts</code>, <code>admin_enqueue_scripts</code>, or <code>login_enqueue_scripts</code> hooks. This notice was triggered by the <code>jquery</code> handle. Please see <a href="https://developer.wordpress.org/advanced-administration/debug/debug-wordpress/">Debugging in WordPress</a> for more information. (This message was added in version 3.3.0.) in /wordpress/wp-includes/functions.php on line 6121
[13-Jun-2025 10:40:23 UTC] PHP Notice:  Function wp_enqueue_script was called <strong>incorrectly</strong>. Scripts and styles should not be registered or enqueued until the <code>wp_enqueue_scripts</code>, <code>admin_enqueue_scripts</code>, or <code>login_enqueue_scripts</code> hooks. This notice was triggered by the <code>wp-assistance-essential</code> handle. Please see <a href="https://developer.wordpress.org/advanced-administration/debug/debug-wordpress/">Debugging in WordPress</a> for more information. (This message was added in version 3.3.0.) in /wordpress/wp-includes/functions.php on line 6121
[13-Jun-2025 10:40:23 UTC] PHP Notice:  Function wp_enqueue_style was called <strong>incorrectly</strong>. Scripts and styles should not be registered or enqueued until the <code>wp_enqueue_scripts</code>, <code>admin_enqueue_scripts</code>, or <code>login_enqueue_scripts</code> hooks. This notice was triggered by the <code>wp-assistance-main</code> handle. Please see <a href="https://developer.wordpress.org/advanced-administration/debug/debug-wordpress/">Debugging in WordPress</a> for more information. (This message was added in version 3.3.0.) in /wordpress/wp-includes/functions.php on line 6121
[13-Jun-2025 10:40:23 UTC] PHP Notice:  Function is_feed was called <strong>incorrectly</strong>. Conditional query tags do not work before the query is run. Before then, they always return false. Please see <a href="https://developer.wordpress.org/advanced-administration/debug/debug-wordpress/">Debugging in WordPress</a> for more information. (This message was added in version 3.1.0.) in /wordpress/wp-includes/functions.php on line 6121
[13-Jun-2025 10:40:32 UTC] PHP Notice:  Function wp_enqueue_script was called <strong>incorrectly</strong>. Scripts and styles should not be registered or enqueued until the <code>wp_enqueue_scripts</code>, <code>admin_enqueue_scripts</code>, or <code>login_enqueue_scripts</code> hooks. This notice was triggered by the <code>jquery</code> handle. Please see <a href="https://developer.wordpress.org/advanced-administration/debug/debug-wordpress/">Debugging in WordPress</a> for more information. (This message was added in version 3.3.0.) in /wordpress/wp-includes/functions.php on line 6121
[13-Jun-2025 10:40:32 UTC] PHP Notice:  Function wp_enqueue_script was called <strong>incorrectly</strong>. Scripts and styles should not be registered or enqueued until the <code>wp_enqueue_scripts</code>, <code>admin_enqueue_scripts</code>, or <code>login_enqueue_scripts</code> hooks. This notice was triggered by the <code>wp-assistance-essential</code> handle. Please see <a href="https://developer.wordpress.org/advanced-administration/debug/debug-wordpress/">Debugging in WordPress</a> for more information. (This message was added in version 3.3.0.) in /wordpress/wp-includes/functions.php on line 6121
[13-Jun-2025 10:40:32 UTC] PHP Notice:  Function wp_enqueue_style was called <strong>incorrectly</strong>. Scripts and styles should not be registered or enqueued until the <code>wp_enqueue_scripts</code>, <code>admin_enqueue_scripts</code>, or <code>login_enqueue_scripts</code> hooks. This notice was triggered by the <code>wp-assistance-main</code> handle. Please see <a href="https://developer.wordpress.org/advanced-administration/debug/debug-wordpress/">Debugging in WordPress</a> for more information. (This message was added in version 3.3.0.) in /wordpress/wp-includes/functions.php on line 6121
[13-Jun-2025 10:40:32 UTC] PHP Notice:  Function is_feed was called <strong>incorrectly</strong>. Conditional query tags do not work before the query is run. Before then, they always return false. Please see <a href="https://developer.wordpress.org/advanced-administration/debug/debug-wordpress/">Debugging in WordPress</a> for more information. (This message was added in version 3.1.0.) in /wordpress/wp-includes/functions.php on line 6121
[13-Jun-2025 10:40:42 UTC] PHP Notice:  Function wp_enqueue_script was called <strong>incorrectly</strong>. Scripts and styles should not be registered or enqueued until the <code>wp_enqueue_scripts</code>, <code>admin_enqueue_scripts</code>, or <code>login_enqueue_scripts</code> hooks. This notice was triggered by the <code>jquery</code> handle. Please see <a href="https://developer.wordpress.org/advanced-administration/debug/debug-wordpress/">Debugging in WordPress</a> for more information. (This message was added in version 3.3.0.) in /wordpress/wp-includes/functions.php on line 6121
[13-Jun-2025 10:40:42 UTC] PHP Notice:  Function wp_enqueue_script was called <strong>incorrectly</strong>. Scripts and styles should not be registered or enqueued until the <code>wp_enqueue_scripts</code>, <code>admin_enqueue_scripts</code>, or <code>login_enqueue_scripts</code> hooks. This notice was triggered by the <code>wp-assistance-essential</code> handle. Please see <a href="https://developer.wordpress.org/advanced-administration/debug/debug-wordpress/">Debugging in WordPress</a> for more information. (This message was added in version 3.3.0.) in /wordpress/wp-includes/functions.php on line 6121
[13-Jun-2025 10:40:42 UTC] PHP Notice:  Function wp_enqueue_style was called <strong>incorrectly</strong>. Scripts and styles should not be registered or enqueued until the <code>wp_enqueue_scripts</code>, <code>admin_enqueue_scripts</code>, or <code>login_enqueue_scripts</code> hooks. This notice was triggered by the <code>wp-assistance-main</code> handle. Please see <a href="https://developer.wordpress.org/advanced-administration/debug/debug-wordpress/">Debugging in WordPress</a> for more information. (This message was added in version 3.3.0.) in /wordpress/wp-includes/functions.php on line 6121
[13-Jun-2025 10:40:42 UTC] PHP Notice:  Function is_feed was called <strong>incorrectly</strong>. Conditional query tags do not work before the query is run. Before then, they always return false. Please see <a href="https://developer.wordpress.org/advanced-administration/debug/debug-wordpress/">Debugging in WordPress</a> for more information. (This message was added in version 3.1.0.) in /wordpress/wp-includes/functions.php on line 6121
[13-Jun-2025 10:41:48 UTC] PHP Warning:  mysqli::__construct(): (HY000/2002): Address family not supported by protocol in /wordpress/wp-content/plugins/wp-database-session-handler/session_handler.php on line 109
[13-Jun-2025 10:41:48 UTC] PHP Fatal error:  Uncaught Exception: Connect Error (2002) Address family not supported by protocol in /wordpress/wp-content/plugins/wp-database-session-handler/session_handler.php:112
Stack trace:
#0 /wordpress/wp-content/plugins/wp-database-session-handler/session_handler.php(39): SC\WPSH\SC_MySqlSessionHandler::setDbDetails('localhost', 'username_here', 'password_here', 'database_name_h...')
#1 /wordpress/wp-content/plugins/wp-database-session-handler/session_handler.php(29): SC\WPSH\SC_MySqlSessionHandler::activate_session_handler()
#2 /wordpress/wp-content/plugins/wp-database-session-handler/sc-session-handler.php(67): SC\WPSH\SC_MySqlSessionHandler::init()
#3 /wordpress/wp-admin/includes/plugin.php(2387): include_once('/wordpress/wp-c...')
#4 /wordpress/wp-admin/includes/plugin.php(673): plugin_sandbox_scrape('wp-database-ses...')
#5 /internal/eval.php(20): activate_plugin('wp-database-ses...')
#6 {main}
  thrown in /wordpress/wp-content/plugins/wp-database-session-handler/session_handler.php on line 112
[13-Jun-2025 10:41:56 UTC] PHP Warning:  mysqli::__construct(): (HY000/2002): Address family not supported by protocol in /wordpress/wp-content/plugins/wp-database-session-handler/session_handler.php on line 109
[13-Jun-2025 10:41:56 UTC] PHP Fatal error:  Uncaught Exception: Connect Error (2002) Address family not supported by protocol in /wordpress/wp-content/plugins/wp-database-session-handler/session_handler.php:112
Stack trace:
#0 /wordpress/wp-content/plugins/wp-database-session-handler/session_handler.php(39): SC\WPSH\SC_MySqlSessionHandler::setDbDetails('localhost', 'username_here', 'password_here', 'database_name_h...')
#1 /wordpress/wp-content/plugins/wp-database-session-handler/session_handler.php(29): SC\WPSH\SC_MySqlSessionHandler::activate_session_handler()
#2 /wordpress/wp-content/plugins/wp-database-session-handler/sc-session-handler.php(67): SC\WPSH\SC_MySqlSessionHandler::init()
#3 /wordpress/wp-admin/includes/plugin.php(2387): include_once('/wordpress/wp-c...')
#4 /wordpress/wp-admin/includes/plugin.php(673): plugin_sandbox_scrape('wp-database-ses...')
#5 /internal/eval.php(20): activate_plugin('wp-database-ses...')
#6 {main}
  thrown in /wordpress/wp-content/plugins/wp-database-session-handler/session_handler.php on line 112
[13-Jun-2025 10:42:05 UTC] PHP Warning:  mysqli::__construct(): (HY000/2002): Address family not supported by protocol in /wordpress/wp-content/plugins/wp-database-session-handler/session_handler.php on line 109
[13-Jun-2025 10:42:05 UTC] PHP Fatal error:  Uncaught Exception: Connect Error (2002) Address family not supported by protocol in /wordpress/wp-content/plugins/wp-database-session-handler/session_handler.php:112
Stack trace:
#0 /wordpress/wp-content/plugins/wp-database-session-handler/session_handler.php(39): SC\WPSH\SC_MySqlSessionHandler::setDbDetails('localhost', 'username_here', 'password_here', 'database_name_h...')
#1 /wordpress/wp-content/plugins/wp-database-session-handler/session_handler.php(29): SC\WPSH\SC_MySqlSessionHandler::activate_session_handler()
#2 /wordpress/wp-content/plugins/wp-database-session-handler/sc-session-handler.php(67): SC\WPSH\SC_MySqlSessionHandler::init()
#3 /wordpress/wp-admin/includes/plugin.php(2387): include_once('/wordpress/wp-c...')
#4 /wordpress/wp-admin/includes/plugin.php(673): plugin_sandbox_scrape('wp-database-ses...')
#5 /internal/eval.php(20): activate_plugin('wp-database-ses...')
#6 {main}
  thrown in /wordpress/wp-content/plugins/wp-database-session-handler/session_handler.php on line 112

    at Object.onBind (file:///home/runner/work/playground-tester/playground-tester/node_modules/@wp-playground/cli/run-cli-j-geJYS3.js:325:15)
    at process.processTicksAndRejections (node:internal/process/task_queues:105:5)
    at async re (file:///home/runner/work/playground-tester/playground-tester/node_modules/@wp-playground/cli/run-cli-j-geJYS3.js:149:10) {
  [cause]: Error: Error when executing the blueprint step #1 ({"step":"installPlugin","pluginData":{"resource":"wordpress.org/plugins","slug":"wp-disable-block-users"},"options":{"activate":true}}) : Could not download "https://downloads.wordpress.org/plugin/wp-disable-block-users.latest-stable.zip".
  				Check if the URL is correct and the server is reachable.
  				If it is reachable, the server might be blocking the request.
  				Check the browser console and network tabs for more information.
  
  				## Does the console show the error "No 'Access-Control-Allow-Origin' header"?
  
  				This means the server that hosts your file does not allow requests from other sites
  				(cross-origin requests, or CORS).	You need to move the asset to a server that allows
  				cross-origin file downloads. Learn more about CORS at
  				https://developer.mozilla.org/en-US/docs/Web/HTTP/CORS.
  
  				If your file is on GitHub, load it from "raw.githubusercontent.com".
  				Here's how to do that:
  
  				1. Start with the original GitHub URL of the file. For example:
  				https://github.com/username/repository/blob/branch/filename.
  				2. Replace "github.com" with "raw.githubusercontent.com".
  				3. Remove the "/blob/" part of the URL.
  
  				The resulting URL should look like this:
  				https://raw.githubusercontent.com/username/repository/branch/filename
  
  				Error:
  				Error: Could not download "https://downloads.wordpress.org/plugin/wp-disable-block-users.latest-stable.zip"
      at Object.run (file:///home/runner/work/playground-tester/playground-tester/node_modules/@wp-playground/blueprints/index.js:12093:19)
      at process.processTicksAndRejections (node:internal/process/task_queues:105:5)
      at async ys (file:///home/runner/work/playground-tester/playground-tester/node_modules/@wp-playground/blueprints/index.js:12196:3)
      at async Object.onBind (file:///home/runner/work/playground-tester/playground-tester/node_modules/@wp-playground/cli/run-cli-j-geJYS3.js:315:48)
      at async re (file:///home/runner/work/playground-tester/playground-tester/node_modules/@wp-playground/cli/run-cli-j-geJYS3.js:149:10) {
    [cause]: Error: Could not download "https://downloads.wordpress.org/plugin/wp-disable-block-users.latest-stable.zip".
    				Check if the URL is correct and the server is reachable.
    				If it is reachable, the server might be blocking the request.
    				Check the browser console and network tabs for more information.
    
    				## Does the console show the error "No 'Access-Control-Allow-Origin' header"?
    
    				This means the server that hosts your file does not allow requests from other sites
    				(cross-origin requests, or CORS).	You need to move the asset to a server that allows
    				cross-origin file downloads. Learn more about CORS at
    				https://developer.mozilla.org/en-US/docs/Web/HTTP/CORS.
    
    				If your file is on GitHub, load it from "raw.githubusercontent.com".
    				Here's how to do that:
    
    				1. Start with the original GitHub URL of the file. For example:
    				https://github.com/username/repository/blob/branch/filename.
    				2. Replace "github.com" with "raw.githubusercontent.com".
    				3. Remove the "/blob/" part of the URL.
    
    				The resulting URL should look like this:
    				https://raw.githubusercontent.com/username/repository/branch/filename
    
    				Error:
    				Error: Could not download "https://downloads.wordpress.org/plugin/wp-disable-block-users.latest-stable.zip"
        at Ct.resolve (file:///home/runner/work/playground-tester/playground-tester/node_modules/@wp-playground/blueprints/index.js:1129:13)
        at process.processTicksAndRejections (node:internal/process/task_queues:105:5)
        at async _.run (file:///home/runner/work/playground-tester/playground-tester/node_modules/@php-wasm/util/index.js:45:14)
  }
}

Node.js v23.11.0
