[
{"message":"file:///home/runner/work/playground-tester/playground-tester/node_modules/@wp-playground/cli/run-cli-j-geJYS3.js:325\n        throw new Error($, { cause: h });\n              ^\n","level":"FATAL","type":"PLAYGROUND","test":"ast-sqlite-boot","plugin":"cpt-handler","details":"file:///home/runner/work/playground-tester/playground-tester/node_modules/@wp-playground/cli/run-cli-j-geJYS3.js:325\n        throw new Error($, { cause: h });\n              ^\n","log":"/tmp/tmp.fDB2DYU8SE"}
,
{"message":"Uncaught TypeError: call_user_func_array(): Argument #1 ($callback) must be a valid callback, non-static method capa_protect::filter_wpdb_query() cannot be called statically in /wordpress/wp-includes/class-wp-hook.php:324","level":"FATAL","type":"PHP","test":"ast-sqlite-boot","plugin":"cpt-handler","details":"[01-Jul-2025 10:56:12 UTC] PHP Fatal error:  Uncaught TypeError: call_user_func_array(): Argument #1 ($callback) must be a valid callback, non-static method capa_protect::filter_wpdb_query() cannot be called statically in /wordpress/wp-includes/class-wp-hook.php:324\nStack trace:\n#0 /wordpress/wp-includes/plugin.php(205): WP_Hook->apply_filters('INSERT INTO `wp...', Array)\n#1 /internal/shared/sqlite-database-integration/wp-includes/sqlite/class-wp-sqlite-db.php(407): apply_filters('query', 'INSERT INTO `wp...')\n#2 /wordpress/wp-includes/option.php(1143): WP_SQLite_DB->query('INSERT INTO `wp...')\n#3 /wordpress/wp-includes/option.php(930): add_option('capa_protect_sh...', true, '', 'auto')\n#4 /wordpress/wp-content/plugins/capa/capa.php(1580): update_option('capa_protect_sh...', true)\n#5 /wordpress/wp-includes/class-wp-hook.php(324): init_capa(false)\n#6 /wordpress/wp-includes/class-wp-hook.php(348): WP_Hook->apply_filters('', Array)\n#7 /wordpress/wp-includes/plugin.php(517): WP_Hook->do_action(Array)\n#8 /wordpress/wp-admin/includes/plugin.php(703): do_action('activate_capa/c...', false)\n#9 /internal/eval.php(20): activate_plugin('capa/capa.php')\n#10 {main}\n  thrown in /wordpress/wp-includes/class-wp-hook.php on line 324","log":"/logs/plugins/c/cpt-handler/error.json"}
,
{"message":"Uncaught TypeError: call_user_func_array(): Argument #1 ($callback) must be a valid callback, non-static method capa_protect::filter_wpdb_query() cannot be called statically in /wordpress/wp-includes/class-wp-hook.php:324","level":"FATAL","type":"PHP","test":"ast-sqlite-boot","plugin":"cpt-handler","details":"[01-Jul-2025 10:56:18 UTC] PHP Fatal error:  Uncaught TypeError: call_user_func_array(): Argument #1 ($callback) must be a valid callback, non-static method capa_protect::filter_wpdb_query() cannot be called statically in /wordpress/wp-includes/class-wp-hook.php:324\nStack trace:\n#0 /wordpress/wp-includes/plugin.php(205): WP_Hook->apply_filters('INSERT INTO `wp...', Array)\n#1 /internal/shared/sqlite-database-integration/wp-includes/sqlite/class-wp-sqlite-db.php(407): apply_filters('query', 'INSERT INTO `wp...')\n#2 /wordpress/wp-includes/option.php(1143): WP_SQLite_DB->query('INSERT INTO `wp...')\n#3 /wordpress/wp-includes/option.php(930): add_option('capa_protect_sh...', true, '', 'auto')\n#4 /wordpress/wp-content/plugins/capa/capa.php(1580): update_option('capa_protect_sh...', true)\n#5 /wordpress/wp-includes/class-wp-hook.php(324): init_capa(false)\n#6 /wordpress/wp-includes/class-wp-hook.php(348): WP_Hook->apply_filters('', Array)\n#7 /wordpress/wp-includes/plugin.php(517): WP_Hook->do_action(Array)\n#8 /wordpress/wp-admin/includes/plugin.php(703): do_action('activate_capa/c...', false)\n#9 /internal/eval.php(20): activate_plugin('capa/capa.php')\n#10 {main}\n  thrown in /wordpress/wp-includes/class-wp-hook.php on line 324","log":"/logs/plugins/c/cpt-handler/error.json"}
,
{"message":"Uncaught TypeError: call_user_func_array(): Argument #1 ($callback) must be a valid callback, non-static method capa_protect::filter_wpdb_query() cannot be called statically in /wordpress/wp-includes/class-wp-hook.php:324","level":"FATAL","type":"PHP","test":"ast-sqlite-boot","plugin":"cpt-handler","details":"[01-Jul-2025 10:56:21 UTC] PHP Fatal error:  Uncaught TypeError: call_user_func_array(): Argument #1 ($callback) must be a valid callback, non-static method capa_protect::filter_wpdb_query() cannot be called statically in /wordpress/wp-includes/class-wp-hook.php:324\nStack trace:\n#0 /wordpress/wp-includes/plugin.php(205): WP_Hook->apply_filters('INSERT INTO `wp...', Array)\n#1 /internal/shared/sqlite-database-integration/wp-includes/sqlite/class-wp-sqlite-db.php(407): apply_filters('query', 'INSERT INTO `wp...')\n#2 /wordpress/wp-includes/option.php(1143): WP_SQLite_DB->query('INSERT INTO `wp...')\n#3 /wordpress/wp-includes/option.php(930): add_option('capa_protect_sh...', true, '', 'auto')\n#4 /wordpress/wp-content/plugins/capa/capa.php(1580): update_option('capa_protect_sh...', true)\n#5 /wordpress/wp-includes/class-wp-hook.php(324): init_capa(false)\n#6 /wordpress/wp-includes/class-wp-hook.php(348): WP_Hook->apply_filters('', Array)\n#7 /wordpress/wp-includes/plugin.php(517): WP_Hook->do_action(Array)\n#8 /wordpress/wp-admin/includes/plugin.php(703): do_action('activate_capa/c...', false)\n#9 /internal/eval.php(20): activate_plugin('capa/capa.php')\n#10 {main}\n  thrown in /wordpress/wp-includes/class-wp-hook.php on line 324","log":"/logs/plugins/c/cpt-handler/error.json"}
,
{"message":"Uncaught Error: Call to undefined function create_function() in /wordpress/wp-content/plugins/dx-advanced-widgets/dx-advanced-widgets.php:16","level":"FATAL","type":"PHP","test":"ast-sqlite-boot","plugin":"cpt-handler","details":"[01-Jul-2025 10:56:36 UTC] PHP Fatal error:  Uncaught Error: Call to undefined function create_function() in /wordpress/wp-content/plugins/dx-advanced-widgets/dx-advanced-widgets.php:16\nStack trace:\n#0 /wordpress/wp-content/plugins/dx-advanced-widgets/dx-advanced-widgets.php(28): Dx_Advanced_Widgets->__construct()\n#1 /wordpress/wp-admin/includes/plugin.php(2387): include_once('/wordpress/wp-c...')\n#2 /wordpress/wp-admin/includes/plugin.php(673): plugin_sandbox_scrape('dx-advanced-wid...')\n#3 /internal/eval.php(20): activate_plugin('dx-advanced-wid...')\n#4 {main}\n  thrown in /wordpress/wp-content/plugins/dx-advanced-widgets/dx-advanced-widgets.php on line 16","log":"/logs/plugins/c/cpt-handler/error.json"}
,
{"message":"Uncaught Error: Call to undefined function create_function() in /wordpress/wp-content/plugins/dx-advanced-widgets/dx-advanced-widgets.php:16","level":"FATAL","type":"PHP","test":"ast-sqlite-boot","plugin":"cpt-handler","details":"[01-Jul-2025 10:56:39 UTC] PHP Fatal error:  Uncaught Error: Call to undefined function create_function() in /wordpress/wp-content/plugins/dx-advanced-widgets/dx-advanced-widgets.php:16\nStack trace:\n#0 /wordpress/wp-content/plugins/dx-advanced-widgets/dx-advanced-widgets.php(28): Dx_Advanced_Widgets->__construct()\n#1 /wordpress/wp-admin/includes/plugin.php(2387): include_once('/wordpress/wp-c...')\n#2 /wordpress/wp-admin/includes/plugin.php(673): plugin_sandbox_scrape('dx-advanced-wid...')\n#3 /internal/eval.php(20): activate_plugin('dx-advanced-wid...')\n#4 {main}\n  thrown in /wordpress/wp-content/plugins/dx-advanced-widgets/dx-advanced-widgets.php on line 16","log":"/logs/plugins/c/cpt-handler/error.json"}
,
{"message":"Uncaught Error: Call to undefined function create_function() in /wordpress/wp-content/plugins/cnet-api-search/cnet-api-search.php:187","level":"FATAL","type":"PHP","test":"ast-sqlite-boot","plugin":"cpt-handler","details":"[01-Jul-2025 11:01:23 UTC] PHP Fatal error:  Uncaught Error: Call to undefined function create_function() in /wordpress/wp-content/plugins/cnet-api-search/cnet-api-search.php:187\nStack trace:\n#0 /wordpress/wp-admin/includes/plugin.php(2387): include_once()\n#1 /wordpress/wp-admin/includes/plugin.php(673): plugin_sandbox_scrape('cnet-api-search...')\n#2 /internal/eval.php(20): activate_plugin('cnet-api-search...')\n#3 {main}\n  thrown in /wordpress/wp-content/plugins/cnet-api-search/cnet-api-search.php on line 187","log":"/logs/plugins/c/cpt-handler/error.json"}
,
{"message":"Uncaught Error: Call to undefined function create_function() in /wordpress/wp-content/plugins/cnet-api-search/cnet-api-search.php:187","level":"FATAL","type":"PHP","test":"ast-sqlite-boot","plugin":"cpt-handler","details":"[01-Jul-2025 11:01:26 UTC] PHP Fatal error:  Uncaught Error: Call to undefined function create_function() in /wordpress/wp-content/plugins/cnet-api-search/cnet-api-search.php:187\nStack trace:\n#0 /wordpress/wp-admin/includes/plugin.php(2387): include_once()\n#1 /wordpress/wp-admin/includes/plugin.php(673): plugin_sandbox_scrape('cnet-api-search...')\n#2 /internal/eval.php(20): activate_plugin('cnet-api-search...')\n#3 {main}\n  thrown in /wordpress/wp-content/plugins/cnet-api-search/cnet-api-search.php on line 187","log":"/logs/plugins/c/cpt-handler/error.json"}
,
{"message":"Required parameter $cookies follows optional parameter $timeout in /wordpress/wp-content/plugins/comparepress/lib/nusoap.php on line 2620","level":"DEPRECATED","type":"PHP","test":"ast-sqlite-boot","plugin":"cpt-handler","details":"[01-Jul-2025 11:03:19 UTC] PHP Deprecated:  Required parameter $cookies follows optional parameter $timeout in /wordpress/wp-content/plugins/comparepress/lib/nusoap.php on line 2620\n[01-Jul-2025 12:03:19 Europe/London] PHP Warning:  Trying to access array offset on value of type bool in /wordpress/wp-content/plugins/comparepress/admin/utility/utility_functions.php on line 154\n[01-Jul-2025 12:03:19 Europe/London] PHP Warning:  foreach() argument must be of type array|object, null given in /wordpress/wp-content/plugins/comparepress/admin/utility/utility_functions.php on line 154","log":"/logs/plugins/c/cpt-handler/error.json"}
,
{"message":"Required parameter $cookies follows optional parameter $timeout in /wordpress/wp-content/plugins/comparepress/lib/nusoap.php on line 2620","level":"DEPRECATED","type":"PHP","test":"ast-sqlite-boot","plugin":"cpt-handler","details":"[01-Jul-2025 11:03:20 UTC] PHP Deprecated:  Required parameter $cookies follows optional parameter $timeout in /wordpress/wp-content/plugins/comparepress/lib/nusoap.php on line 2620\n[01-Jul-2025 12:03:20 Europe/London] PHP Warning:  Trying to access array offset on value of type bool in /wordpress/wp-content/plugins/comparepress/admin/utility/utility_functions.php on line 154\n[01-Jul-2025 12:03:20 Europe/London] PHP Warning:  foreach() argument must be of type array|object, null given in /wordpress/wp-content/plugins/comparepress/admin/utility/utility_functions.php on line 154\n[01-Jul-2025 12:03:20 Europe/London] PHP Warning:  Trying to access array offset on value of type bool in /wordpress/wp-content/plugins/comparepress/admin/utility/utility_functions.php on line 172\n[01-Jul-2025 12:03:20 Europe/London] PHP Warning:  foreach() argument must be of type array|object, null given in /wordpress/wp-content/plugins/comparepress/admin/utility/utility_functions.php on line 172\n[01-Jul-2025 12:03:20 Europe/London] PHP Warning:  Trying to access array offset on value of type bool in /wordpress/wp-content/plugins/comparepress/admin/utility/enqueue_scripts.php on line 25\n[01-Jul-2025 12:03:20 Europe/London] PHP Warning:  foreach() argument must be of type array|object, null given in /wordpress/wp-content/plugins/comparepress/admin/utility/enqueue_scripts.php on line 25","log":"/logs/plugins/c/cpt-handler/error.json"}
,
{"message":"Required parameter $cookies follows optional parameter $timeout in /wordpress/wp-content/plugins/comparepress/lib/nusoap.php on line 2620","level":"DEPRECATED","type":"PHP","test":"ast-sqlite-boot","plugin":"cpt-handler","details":"[01-Jul-2025 11:03:25 UTC] PHP Deprecated:  Required parameter $cookies follows optional parameter $timeout in /wordpress/wp-content/plugins/comparepress/lib/nusoap.php on line 2620\n[01-Jul-2025 12:03:25 Europe/London] PHP Warning:  Trying to access array offset on value of type bool in /wordpress/wp-content/plugins/comparepress/admin/utility/utility_functions.php on line 154\n[01-Jul-2025 12:03:25 Europe/London] PHP Warning:  foreach() argument must be of type array|object, null given in /wordpress/wp-content/plugins/comparepress/admin/utility/utility_functions.php on line 154","log":"/logs/plugins/c/cpt-handler/error.json"}
,
{"message":"Required parameter $cookies follows optional parameter $timeout in /wordpress/wp-content/plugins/comparepress/lib/nusoap.php on line 2620","level":"DEPRECATED","type":"PHP","test":"ast-sqlite-boot","plugin":"cpt-handler","details":"[01-Jul-2025 11:03:26 UTC] PHP Deprecated:  Required parameter $cookies follows optional parameter $timeout in /wordpress/wp-content/plugins/comparepress/lib/nusoap.php on line 2620\n[01-Jul-2025 12:03:26 Europe/London] PHP Warning:  Trying to access array offset on value of type bool in /wordpress/wp-content/plugins/comparepress/admin/utility/utility_functions.php on line 154\n[01-Jul-2025 12:03:26 Europe/London] PHP Warning:  foreach() argument must be of type array|object, null given in /wordpress/wp-content/plugins/comparepress/admin/utility/utility_functions.php on line 154\n[01-Jul-2025 12:03:26 Europe/London] PHP Warning:  Trying to access array offset on value of type bool in /wordpress/wp-content/plugins/comparepress/admin/utility/utility_functions.php on line 172\n[01-Jul-2025 12:03:26 Europe/London] PHP Warning:  foreach() argument must be of type array|object, null given in /wordpress/wp-content/plugins/comparepress/admin/utility/utility_functions.php on line 172\n[01-Jul-2025 12:03:26 Europe/London] PHP Warning:  Trying to access array offset on value of type bool in /wordpress/wp-content/plugins/comparepress/admin/utility/enqueue_scripts.php on line 25\n[01-Jul-2025 12:03:26 Europe/London] PHP Warning:  foreach() argument must be of type array|object, null given in /wordpress/wp-content/plugins/comparepress/admin/utility/enqueue_scripts.php on line 25","log":"/logs/plugins/c/cpt-handler/error.json"}
,
{"message":"Required parameter $cookies follows optional parameter $timeout in /wordpress/wp-content/plugins/comparepress/lib/nusoap.php on line 2620","level":"DEPRECATED","type":"PHP","test":"ast-sqlite-boot","plugin":"cpt-handler","details":"[01-Jul-2025 11:03:31 UTC] PHP Deprecated:  Required parameter $cookies follows optional parameter $timeout in /wordpress/wp-content/plugins/comparepress/lib/nusoap.php on line 2620\n[01-Jul-2025 12:03:31 Europe/London] PHP Warning:  Trying to access array offset on value of type bool in /wordpress/wp-content/plugins/comparepress/admin/utility/utility_functions.php on line 154\n[01-Jul-2025 12:03:31 Europe/London] PHP Warning:  foreach() argument must be of type array|object, null given in /wordpress/wp-content/plugins/comparepress/admin/utility/utility_functions.php on line 154","log":"/logs/plugins/c/cpt-handler/error.json"}
,
{"message":"Required parameter $cookies follows optional parameter $timeout in /wordpress/wp-content/plugins/comparepress/lib/nusoap.php on line 2620","level":"DEPRECATED","type":"PHP","test":"ast-sqlite-boot","plugin":"cpt-handler","details":"[01-Jul-2025 11:03:31 UTC] PHP Deprecated:  Required parameter $cookies follows optional parameter $timeout in /wordpress/wp-content/plugins/comparepress/lib/nusoap.php on line 2620\n[01-Jul-2025 12:03:31 Europe/London] PHP Warning:  Trying to access array offset on value of type bool in /wordpress/wp-content/plugins/comparepress/admin/utility/utility_functions.php on line 154\n[01-Jul-2025 12:03:31 Europe/London] PHP Warning:  foreach() argument must be of type array|object, null given in /wordpress/wp-content/plugins/comparepress/admin/utility/utility_functions.php on line 154\n[01-Jul-2025 12:03:31 Europe/London] PHP Warning:  Trying to access array offset on value of type bool in /wordpress/wp-content/plugins/comparepress/admin/utility/utility_functions.php on line 172\n[01-Jul-2025 12:03:31 Europe/London] PHP Warning:  foreach() argument must be of type array|object, null given in /wordpress/wp-content/plugins/comparepress/admin/utility/utility_functions.php on line 172\n[01-Jul-2025 12:03:32 Europe/London] PHP Warning:  Trying to access array offset on value of type bool in /wordpress/wp-content/plugins/comparepress/admin/utility/enqueue_scripts.php on line 25\n[01-Jul-2025 12:03:32 Europe/London] PHP Warning:  foreach() argument must be of type array|object, null given in /wordpress/wp-content/plugins/comparepress/admin/utility/enqueue_scripts.php on line 25","log":"/logs/plugins/c/cpt-handler/error.json"}
,
{"message":"Constant MCB_PLUGIN_URL already defined in /wordpress/wp-content/plugins/contact-bot/contactbot.php on line 29","level":"WARNING","type":"PHP","test":"ast-sqlite-boot","plugin":"cpt-handler","details":"[01-Jul-2025 11:03:51 UTC] PHP Warning:  Constant MCB_PLUGIN_URL already defined in /wordpress/wp-content/plugins/contact-bot/contactbot.php on line 29","log":"/logs/plugins/c/cpt-handler/error.json"}
,
{"message":"Constant MCB_PLUGIN_URL already defined in /wordpress/wp-content/plugins/contact-bot/contactbot.php on line 29","level":"WARNING","type":"PHP","test":"ast-sqlite-boot","plugin":"cpt-handler","details":"[01-Jul-2025 11:03:51 UTC] PHP Warning:  Constant MCB_PLUGIN_URL already defined in /wordpress/wp-content/plugins/contact-bot/contactbot.php on line 29","log":"/logs/plugins/c/cpt-handler/error.json"}
,
{"message":"Constant MCB_PLUGIN_URL already defined in /wordpress/wp-content/plugins/contact-bot/contactbot.php on line 29","level":"WARNING","type":"PHP","test":"ast-sqlite-boot","plugin":"cpt-handler","details":"[01-Jul-2025 11:04:00 UTC] PHP Warning:  Constant MCB_PLUGIN_URL already defined in /wordpress/wp-content/plugins/contact-bot/contactbot.php on line 29","log":"/logs/plugins/c/cpt-handler/error.json"}
,
{"message":"Constant MCB_PLUGIN_URL already defined in /wordpress/wp-content/plugins/contact-bot/contactbot.php on line 29","level":"WARNING","type":"PHP","test":"ast-sqlite-boot","plugin":"cpt-handler","details":"[01-Jul-2025 11:04:00 UTC] PHP Warning:  Constant MCB_PLUGIN_URL already defined in /wordpress/wp-content/plugins/contact-bot/contactbot.php on line 29","log":"/logs/plugins/c/cpt-handler/error.json"}
,
{"message":"Undefined array key \"HTTP_USER_AGENT\" in /wordpress/wp-content/plugins/contact-switcheroo/contact-switcheroo.php on line 11","level":"WARNING","type":"PHP","test":"ast-sqlite-boot","plugin":"cpt-handler","details":"[01-Jul-2025 11:05:29 UTC] PHP Warning:  Undefined array key \"HTTP_USER_AGENT\" in /wordpress/wp-content/plugins/contact-switcheroo/contact-switcheroo.php on line 11","log":"/logs/plugins/c/cpt-handler/error.json"}
,
{"message":"Undefined array key \"HTTP_USER_AGENT\" in /wordpress/wp-content/plugins/contact-switcheroo/contact-switcheroo.php on line 11","level":"WARNING","type":"PHP","test":"ast-sqlite-boot","plugin":"cpt-handler","details":"[01-Jul-2025 11:05:29 UTC] PHP Warning:  Undefined array key \"HTTP_USER_AGENT\" in /wordpress/wp-content/plugins/contact-switcheroo/contact-switcheroo.php on line 11","log":"/logs/plugins/c/cpt-handler/error.json"}
,
{"message":"Undefined array key \"HTTP_USER_AGENT\" in /wordpress/wp-content/plugins/contact-switcheroo/contact-switcheroo.php on line 11","level":"WARNING","type":"PHP","test":"ast-sqlite-boot","plugin":"cpt-handler","details":"[01-Jul-2025 11:05:32 UTC] PHP Warning:  Undefined array key \"HTTP_USER_AGENT\" in /wordpress/wp-content/plugins/contact-switcheroo/contact-switcheroo.php on line 11","log":"/logs/plugins/c/cpt-handler/error.json"}
,
{"message":"Undefined array key \"HTTP_USER_AGENT\" in /wordpress/wp-content/plugins/contact-switcheroo/contact-switcheroo.php on line 11","level":"WARNING","type":"PHP","test":"ast-sqlite-boot","plugin":"cpt-handler","details":"[01-Jul-2025 11:05:33 UTC] PHP Warning:  Undefined array key \"HTTP_USER_AGENT\" in /wordpress/wp-content/plugins/contact-switcheroo/contact-switcheroo.php on line 11","log":"/logs/plugins/c/cpt-handler/error.json"}
,
{"message":"Required parameter $convers8_user_id follows optional parameter $status in /wordpress/wp-content/plugins/convers8/connect.php on line 80","level":"DEPRECATED","type":"PHP","test":"ast-sqlite-boot","plugin":"cpt-handler","details":"[01-Jul-2025 11:05:56 UTC] PHP Deprecated:  Required parameter $convers8_user_id follows optional parameter $status in /wordpress/wp-content/plugins/convers8/connect.php on line 80","log":"/logs/plugins/c/cpt-handler/error.json"}
,
{"message":"File registration.php is <strong>deprecated</strong> since version 3.1.0 with no alternative available. This file no longer needs to be included. in /wordpress/wp-includes/functions.php on line 6121","level":"DEPRECATED","type":"PHP","test":"ast-sqlite-boot","plugin":"cpt-handler","details":"[01-Jul-2025 11:05:56 UTC] PHP Deprecated:  File registration.php is <strong>deprecated</strong> since version 3.1.0 with no alternative available. This file no longer needs to be included. in /wordpress/wp-includes/functions.php on line 6121","log":"/logs/plugins/c/cpt-handler/error.json"}
,
{"message":"Uncaught Error: Undefined constant \"CONVERS8_LOGIN_FAILED\" in /wordpress/wp-content/plugins/convers8/connect.php:4","level":"FATAL","type":"PHP","test":"ast-sqlite-boot","plugin":"cpt-handler","details":"[01-Jul-2025 11:05:56 UTC] PHP Fatal error:  Uncaught Error: Undefined constant \"CONVERS8_LOGIN_FAILED\" in /wordpress/wp-content/plugins/convers8/connect.php:4\nStack trace:\n#0 /wordpress/wp-content/plugins/convers8/Convers8.php(20): include_once()\n#1 /wordpress/wp-admin/includes/plugin.php(2387): include_once('/wordpress/wp-c...')\n#2 /wordpress/wp-admin/includes/plugin.php(673): plugin_sandbox_scrape('convers8/Conver...')\n#3 /internal/eval.php(20): activate_plugin('convers8/Conver...')\n#4 {main}\n  thrown in /wordpress/wp-content/plugins/convers8/connect.php on line 4","log":"/logs/plugins/c/cpt-handler/error.json"}
,
{"message":"Required parameter $convers8_user_id follows optional parameter $status in /wordpress/wp-content/plugins/convers8/connect.php on line 80","level":"DEPRECATED","type":"PHP","test":"ast-sqlite-boot","plugin":"cpt-handler","details":"[01-Jul-2025 11:05:59 UTC] PHP Deprecated:  Required parameter $convers8_user_id follows optional parameter $status in /wordpress/wp-content/plugins/convers8/connect.php on line 80","log":"/logs/plugins/c/cpt-handler/error.json"}
,
{"message":"File registration.php is <strong>deprecated</strong> since version 3.1.0 with no alternative available. This file no longer needs to be included. in /wordpress/wp-includes/functions.php on line 6121","level":"DEPRECATED","type":"PHP","test":"ast-sqlite-boot","plugin":"cpt-handler","details":"[01-Jul-2025 11:05:59 UTC] PHP Deprecated:  File registration.php is <strong>deprecated</strong> since version 3.1.0 with no alternative available. This file no longer needs to be included. in /wordpress/wp-includes/functions.php on line 6121","log":"/logs/plugins/c/cpt-handler/error.json"}
,
{"message":"Uncaught Error: Undefined constant \"CONVERS8_LOGIN_FAILED\" in /wordpress/wp-content/plugins/convers8/connect.php:4","level":"FATAL","type":"PHP","test":"ast-sqlite-boot","plugin":"cpt-handler","details":"[01-Jul-2025 11:05:59 UTC] PHP Fatal error:  Uncaught Error: Undefined constant \"CONVERS8_LOGIN_FAILED\" in /wordpress/wp-content/plugins/convers8/connect.php:4\nStack trace:\n#0 /wordpress/wp-content/plugins/convers8/Convers8.php(20): include_once()\n#1 /wordpress/wp-admin/includes/plugin.php(2387): include_once('/wordpress/wp-c...')\n#2 /wordpress/wp-admin/includes/plugin.php(673): plugin_sandbox_scrape('convers8/Conver...')\n#3 /internal/eval.php(20): activate_plugin('convers8/Conver...')\n#4 {main}\n  thrown in /wordpress/wp-content/plugins/convers8/connect.php on line 4","log":"/logs/plugins/c/cpt-handler/error.json"}
,
{"message":"Required parameter $convers8_user_id follows optional parameter $status in /wordpress/wp-content/plugins/convers8/connect.php on line 80","level":"DEPRECATED","type":"PHP","test":"ast-sqlite-boot","plugin":"cpt-handler","details":"[01-Jul-2025 11:06:01 UTC] PHP Deprecated:  Required parameter $convers8_user_id follows optional parameter $status in /wordpress/wp-content/plugins/convers8/connect.php on line 80","log":"/logs/plugins/c/cpt-handler/error.json"}
,
{"message":"File registration.php is <strong>deprecated</strong> since version 3.1.0 with no alternative available. This file no longer needs to be included. in /wordpress/wp-includes/functions.php on line 6121","level":"DEPRECATED","type":"PHP","test":"ast-sqlite-boot","plugin":"cpt-handler","details":"[01-Jul-2025 11:06:01 UTC] PHP Deprecated:  File registration.php is <strong>deprecated</strong> since version 3.1.0 with no alternative available. This file no longer needs to be included. in /wordpress/wp-includes/functions.php on line 6121","log":"/logs/plugins/c/cpt-handler/error.json"}
,
{"message":"Uncaught Error: Undefined constant \"CONVERS8_LOGIN_FAILED\" in /wordpress/wp-content/plugins/convers8/connect.php:4","level":"FATAL","type":"PHP","test":"ast-sqlite-boot","plugin":"cpt-handler","details":"[01-Jul-2025 11:06:01 UTC] PHP Fatal error:  Uncaught Error: Undefined constant \"CONVERS8_LOGIN_FAILED\" in /wordpress/wp-content/plugins/convers8/connect.php:4\nStack trace:\n#0 /wordpress/wp-content/plugins/convers8/Convers8.php(20): include_once()\n#1 /wordpress/wp-admin/includes/plugin.php(2387): include_once('/wordpress/wp-c...')\n#2 /wordpress/wp-admin/includes/plugin.php(673): plugin_sandbox_scrape('convers8/Conver...')\n#3 /internal/eval.php(20): activate_plugin('convers8/Conver...')\n#4 {main}\n  thrown in /wordpress/wp-content/plugins/convers8/connect.php on line 4\n\n    at Object.onBind (file:///home/runner/work/playground-tester/playground-tester/node_modules/@wp-playground/cli/run-cli-j-geJYS3.js:325:15)\n    at process.processTicksAndRejections (node:internal/process/task_queues:105:5)\n    at async re (file:///home/runner/work/playground-tester/playground-tester/node_modules/@wp-playground/cli/run-cli-j-geJYS3.js:149:10) {\n  [cause]: Error: Error when executing the blueprint step #5 ({\"step\":\"installPlugin\",\"pluginData\":{\"resource\":\"wordpress.org/plugins\",\"slug\":\"cpt-handler\"},\"options\":{\"activate\":true}}) : Could not download \"https://downloads.wordpress.org/plugin/cpt-handler.latest-stable.zip\".\n  \t\t\t\tCheck if the URL is correct and the server is reachable.\n  \t\t\t\tIf it is reachable, the server might be blocking the request.\n  \t\t\t\tCheck the browser console and network tabs for more information.\n  \n  \t\t\t\t## Does the console show the error \"No 'Access-Control-Allow-Origin' header\"?\n  \n  \t\t\t\tThis means the server that hosts your file does not allow requests from other sites\n  \t\t\t\t(cross-origin requests, or CORS).\tYou need to move the asset to a server that allows\n  \t\t\t\tcross-origin file downloads. Learn more about CORS at\n  \t\t\t\thttps://developer.mozilla.org/en-US/docs/Web/HTTP/CORS.\n  \n  \t\t\t\tIf your file is on GitHub, load it from \"raw.githubusercontent.com\".\n  \t\t\t\tHere's how to do that:\n  \n  \t\t\t\t1. Start with the original GitHub URL of the file. For example:\n  \t\t\t\thttps://github.com/username/repository/blob/branch/filename.\n  \t\t\t\t2. Replace \"github.com\" with \"raw.githubusercontent.com\".\n  \t\t\t\t3. Remove the \"/blob/\" part of the URL.\n  \n  \t\t\t\tThe resulting URL should look like this:\n  \t\t\t\thttps://raw.githubusercontent.com/username/repository/branch/filename\n  \n  \t\t\t\tError:\n  \t\t\t\tError: Could not download \"https://downloads.wordpress.org/plugin/cpt-handler.latest-stable.zip\"\n      at Object.run (file:///home/runner/work/playground-tester/playground-tester/node_modules/@wp-playground/blueprints/index.js:12093:19)\n      at process.processTicksAndRejections (node:internal/process/task_queues:105:5)\n      at async ys (file:///home/runner/work/playground-tester/playground-tester/node_modules/@wp-playground/blueprints/index.js:12196:3)\n      at async Object.onBind (file:///home/runner/work/playground-tester/playground-tester/node_modules/@wp-playground/cli/run-cli-j-geJYS3.js:315:48)\n      at async re (file:///home/runner/work/playground-tester/playground-tester/node_modules/@wp-playground/cli/run-cli-j-geJYS3.js:149:10) {\n    [cause]: Error: Could not download \"https://downloads.wordpress.org/plugin/cpt-handler.latest-stable.zip\".\n    \t\t\t\tCheck if the URL is correct and the server is reachable.\n    \t\t\t\tIf it is reachable, the server might be blocking the request.\n    \t\t\t\tCheck the browser console and network tabs for more information.\n    \n    \t\t\t\t## Does the console show the error \"No 'Access-Control-Allow-Origin' header\"?\n    \n    \t\t\t\tThis means the server that hosts your file does not allow requests from other sites\n    \t\t\t\t(cross-origin requests, or CORS).\tYou need to move the asset to a server that allows\n    \t\t\t\tcross-origin file downloads. Learn more about CORS at\n    \t\t\t\thttps://developer.mozilla.org/en-US/docs/Web/HTTP/CORS.\n    \n    \t\t\t\tIf your file is on GitHub, load it from \"raw.githubusercontent.com\".\n    \t\t\t\tHere's how to do that:\n    \n    \t\t\t\t1. Start with the original GitHub URL of the file. For example:\n    \t\t\t\thttps://github.com/username/repository/blob/branch/filename.\n    \t\t\t\t2. Replace \"github.com\" with \"raw.githubusercontent.com\".\n    \t\t\t\t3. Remove the \"/blob/\" part of the URL.\n    \n    \t\t\t\tThe resulting URL should look like this:\n    \t\t\t\thttps://raw.githubusercontent.com/username/repository/branch/filename\n    \n    \t\t\t\tError:\n    \t\t\t\tError: Could not download \"https://downloads.wordpress.org/plugin/cpt-handler.latest-stable.zip\"\n        at Ct.resolve (file:///home/runner/work/playground-tester/playground-tester/node_modules/@wp-playground/blueprints/index.js:1129:13)\n        at process.processTicksAndRejections (node:internal/process/task_queues:105:5)\n        at async _.run (file:///home/runner/work/playground-tester/playground-tester/node_modules/@php-wasm/util/index.js:45:14)\n  }\n}\n\n","log":"/logs/plugins/c/cpt-handler/error.json"}
]
