[
{"message":"file:///home/runner/work/playground-tester/playground-tester/node_modules/@wp-playground/cli/index.js:237\n        throw new Error(y, { cause: u });\n              ^\n","level":"FATAL","type":"PLAYGROUND","test":"jspi-boot","plugin":"graphicmail-wp-plugin","details":"file:///home/runner/work/playground-tester/playground-tester/node_modules/@wp-playground/cli/index.js:237\n        throw new Error(y, { cause: u });\n              ^\n","log":"/tmp/tmp.9ATlYyOueH"}
,
{"message":"syntax error, unexpected '=>' (T_DOUBLE_ARROW) in /wordpress/wp-content/plugins/gpt-ai-saas/includes/functions.php on line 39","level":"PARSE","type":"PHP","test":"jspi-boot","plugin":"graphicmail-wp-plugin","details":"[01-May-2025 02:36:22 UTC] PHP Parse error:  syntax error, unexpected '=>' (T_DOUBLE_ARROW) in /wordpress/wp-content/plugins/gpt-ai-saas/includes/functions.php on line 39","log":"/logs/plugins/g/graphicmail-wp-plugin/error.json"}
,
{"message":"syntax error, unexpected '=>' (T_DOUBLE_ARROW) in /wordpress/wp-content/plugins/gpt-ai-saas/includes/functions.php on line 39","level":"PARSE","type":"PHP","test":"jspi-boot","plugin":"graphicmail-wp-plugin","details":"[01-May-2025 02:36:31 UTC] PHP Parse error:  syntax error, unexpected '=>' (T_DOUBLE_ARROW) in /wordpress/wp-content/plugins/gpt-ai-saas/includes/functions.php on line 39","log":"/logs/plugins/g/graphicmail-wp-plugin/error.json"}
,
{"message":"syntax error, unexpected '=>' (T_DOUBLE_ARROW) in /wordpress/wp-content/plugins/gpt-ai-saas/includes/functions.php on line 39","level":"PARSE","type":"PHP","test":"jspi-boot","plugin":"graphicmail-wp-plugin","details":"[01-May-2025 02:36:39 UTC] PHP Parse error:  syntax error, unexpected '=>' (T_DOUBLE_ARROW) in /wordpress/wp-content/plugins/gpt-ai-saas/includes/functions.php on line 39","log":"/logs/plugins/g/graphicmail-wp-plugin/error.json"}
,
{"message":"Function register_sidebar_widget is <strong>deprecated</strong> since version 2.8.0! Use wp_register_sidebar_widget() instead. in /wordpress/wp-includes/functions.php on line 6121","level":"DEPRECATED","type":"PHP","test":"jspi-boot","plugin":"graphicmail-wp-plugin","details":"[01-May-2025 02:37:42 UTC] PHP Deprecated:  Function register_sidebar_widget is <strong>deprecated</strong> since version 2.8.0! Use wp_register_sidebar_widget() instead. in /wordpress/wp-includes/functions.php on line 6121","log":"/logs/plugins/g/graphicmail-wp-plugin/error.json"}
,
{"message":"Uncaught Error: Call to undefined function mysql_query() in /wordpress/wp-content/plugins/game-tabs/my-game-tabs.php:615","level":"FATAL","type":"PHP","test":"jspi-boot","plugin":"graphicmail-wp-plugin","details":"[01-May-2025 02:37:42 UTC] PHP Fatal error:  Uncaught Error: Call to undefined function mysql_query() in /wordpress/wp-content/plugins/game-tabs/my-game-tabs.php:615\nStack trace:\n#0 /wordpress/wp-content/plugins/game-tabs/my-game-tabs.php(574): define_variable()\n#1 /wordpress/wp-includes/class-wp-hook.php(324): myStrommen_init('')\n#2 /wordpress/wp-includes/class-wp-hook.php(348): WP_Hook->apply_filters(NULL, Array)\n#3 /wordpress/wp-includes/plugin.php(517): WP_Hook->do_action(Array)\n#4 /wordpress/wp-settings.php(578): do_action('plugins_loaded')\n#5 /wordpress/wp-config.php(102): require_once('/wordpress/wp-s...')\n#6 /wordpress/wp-load.php(50): require_once('/wordpress/wp-c...')\n#7 /internal/eval.php(3): require_once('/wordpress/wp-l...')\n#8 {main}\n  thrown in /wordpress/wp-content/plugins/game-tabs/my-game-tabs.php on line 615","log":"/logs/plugins/g/graphicmail-wp-plugin/error.json"}
,
{"message":"Function register_sidebar_widget is <strong>deprecated</strong> since version 2.8.0! Use wp_register_sidebar_widget() instead. in /wordpress/wp-includes/functions.php on line 6121","level":"DEPRECATED","type":"PHP","test":"jspi-boot","plugin":"graphicmail-wp-plugin","details":"[01-May-2025 02:37:50 UTC] PHP Deprecated:  Function register_sidebar_widget is <strong>deprecated</strong> since version 2.8.0! Use wp_register_sidebar_widget() instead. in /wordpress/wp-includes/functions.php on line 6121","log":"/logs/plugins/g/graphicmail-wp-plugin/error.json"}
,
{"message":"Uncaught Error: Call to undefined function mysql_query() in /wordpress/wp-content/plugins/game-tabs/my-game-tabs.php:615","level":"FATAL","type":"PHP","test":"jspi-boot","plugin":"graphicmail-wp-plugin","details":"[01-May-2025 02:37:50 UTC] PHP Fatal error:  Uncaught Error: Call to undefined function mysql_query() in /wordpress/wp-content/plugins/game-tabs/my-game-tabs.php:615\nStack trace:\n#0 /wordpress/wp-content/plugins/game-tabs/my-game-tabs.php(574): define_variable()\n#1 /wordpress/wp-includes/class-wp-hook.php(324): myStrommen_init('')\n#2 /wordpress/wp-includes/class-wp-hook.php(348): WP_Hook->apply_filters(NULL, Array)\n#3 /wordpress/wp-includes/plugin.php(517): WP_Hook->do_action(Array)\n#4 /wordpress/wp-settings.php(578): do_action('plugins_loaded')\n#5 /wordpress/wp-config.php(102): require_once('/wordpress/wp-s...')\n#6 /wordpress/wp-load.php(50): require_once('/wordpress/wp-c...')\n#7 /internal/eval.php(3): require_once('/wordpress/wp-l...')\n#8 {main}\n  thrown in /wordpress/wp-content/plugins/game-tabs/my-game-tabs.php on line 615","log":"/logs/plugins/g/graphicmail-wp-plugin/error.json"}
,
{"message":"Function register_sidebar_widget is <strong>deprecated</strong> since version 2.8.0! Use wp_register_sidebar_widget() instead. in /wordpress/wp-includes/functions.php on line 6121","level":"DEPRECATED","type":"PHP","test":"jspi-boot","plugin":"graphicmail-wp-plugin","details":"[01-May-2025 02:37:59 UTC] PHP Deprecated:  Function register_sidebar_widget is <strong>deprecated</strong> since version 2.8.0! Use wp_register_sidebar_widget() instead. in /wordpress/wp-includes/functions.php on line 6121","log":"/logs/plugins/g/graphicmail-wp-plugin/error.json"}
,
{"message":"Uncaught Error: Call to undefined function mysql_query() in /wordpress/wp-content/plugins/game-tabs/my-game-tabs.php:615","level":"FATAL","type":"PHP","test":"jspi-boot","plugin":"graphicmail-wp-plugin","details":"[01-May-2025 02:37:59 UTC] PHP Fatal error:  Uncaught Error: Call to undefined function mysql_query() in /wordpress/wp-content/plugins/game-tabs/my-game-tabs.php:615\nStack trace:\n#0 /wordpress/wp-content/plugins/game-tabs/my-game-tabs.php(574): define_variable()\n#1 /wordpress/wp-includes/class-wp-hook.php(324): myStrommen_init('')\n#2 /wordpress/wp-includes/class-wp-hook.php(348): WP_Hook->apply_filters(NULL, Array)\n#3 /wordpress/wp-includes/plugin.php(517): WP_Hook->do_action(Array)\n#4 /wordpress/wp-settings.php(578): do_action('plugins_loaded')\n#5 /wordpress/wp-config.php(102): require_once('/wordpress/wp-s...')\n#6 /wordpress/wp-load.php(50): require_once('/wordpress/wp-c...')\n#7 /internal/eval.php(3): require_once('/wordpress/wp-l...')\n#8 {main}\n  thrown in /wordpress/wp-content/plugins/game-tabs/my-game-tabs.php on line 615","log":"/logs/plugins/g/graphicmail-wp-plugin/error.json"}
,
{"message":"Uncaught WP_SQLite_Driver_Exception: Failed to parse the MySQL query. in /internal/shared/sqlite-database-integration/wp-includes/sqlite-ast/class-wp-sqlite-driver.php:3569","level":"FATAL","type":"PHP","test":"jspi-boot","plugin":"graphicmail-wp-plugin","details":"[01-May-2025 02:38:34 UTC] PHP Fatal error:  Uncaught WP_SQLite_Driver_Exception: Failed to parse the MySQL query. in /internal/shared/sqlite-database-integration/wp-includes/sqlite-ast/class-wp-sqlite-driver.php:3569\nStack trace:\n#0 /internal/shared/sqlite-database-integration/wp-includes/sqlite-ast/class-wp-sqlite-driver.php(621): WP_SQLite_Driver->new_driver_exception('Failed to parse...')\n#1 /internal/shared/sqlite-database-integration/wp-includes/sqlite/class-wp-sqlite-db.php(118): WP_SQLite_Driver->query('SET SESSION sql...')\n#2 /wordpress/wp-content/plugins/geargag-toolkit/Add_DB_Column.php(18): WP_SQLite_DB->set_sql_mode(Array)\n#3 /wordpress/wp-includes/class-wp-hook.php(324): GearGag_Toolkit\\Add_DB_Column->add_column(false)\n#4 /wordpress/wp-includes/class-wp-hook.php(348): WP_Hook->apply_filters('', Array)\n#5 /wordpress/wp-includes/plugin.php(517): WP_Hook->do_action(Array)\n#6 /wordpress/wp-admin/includes/plugin.php(703): do_action('activate_gearga...', false)\n#7 /internal/eval.php(20): activate_plugin('geargag-toolkit...')\n#8 {main}\n\nNext WP_SQLite_Driver_Exception: Failed to parse the MySQL query. in /internal/shared/sqlite-database-integration/wp-includes/sqlite-ast/class-wp-sqlite-driver.php:3569\nStack trace:\n#0 /internal/shared/sqlite-database-integration/wp-includes/sqlite-ast/class-wp-sqlite-driver.php(690): WP_SQLite_Driver->new_driver_exception('Failed to parse...', 0, Object(WP_SQLite_Driver_Exception))\n#1 /internal/shared/sqlite-database-integration/wp-includes/sqlite/class-wp-sqlite-db.php(118): WP_SQLite_Driver->query('SET SESSION sql...')\n#2 /wordpress/wp-content/plugins/geargag-toolkit/Add_DB_Column.php(18): WP_SQLite_DB->set_sql_mode(Array)\n#3 /wordpress/wp-includes/class-wp-hook.php(324): GearGag_Toolkit\\Add_DB_Column->add_column(false)\n#4 /wordpress/wp-includes/class-wp-hook.php(348): WP_Hook->apply_filters('', Array)\n#5 /wordpress/wp-includes/plugin.php(517): WP_Hook->do_action(Array)\n#6 /wordpress/wp-admin/includes/plugin.php(703): do_action('activate_gearga...', false)\n#7 /internal/eval.php(20): activate_plugin('geargag-toolkit...')\n#8 {main}\n  thrown in /internal/shared/sqlite-database-integration/wp-includes/sqlite-ast/class-wp-sqlite-driver.php on line 3569","log":"/logs/plugins/g/graphicmail-wp-plugin/error.json"}
,
{"message":"Function _load_textdomain_just_in_time was called <strong>incorrectly</strong>. Translation loading for the <code>geargag-toolkit</code> domain was triggered too early. This is usually an indicator for some code in the plugin or theme running too early. Translations should be loaded at the <code>init</code> action or later. Please see <a href=\"https://developer.wordpress.org/advanced-administration/debug/debug-wordpress/\">Debugging in WordPress</a> for more information. (This message was added in version 6.7.0.) in /wordpress/wp-includes/functions.php on line 6121","level":"NOTICE","type":"PHP","test":"jspi-boot","plugin":"graphicmail-wp-plugin","details":"[01-May-2025 02:38:43 UTC] PHP Notice:  Function _load_textdomain_just_in_time was called <strong>incorrectly</strong>. Translation loading for the <code>geargag-toolkit</code> domain was triggered too early. This is usually an indicator for some code in the plugin or theme running too early. Translations should be loaded at the <code>init</code> action or later. Please see <a href=\"https://developer.wordpress.org/advanced-administration/debug/debug-wordpress/\">Debugging in WordPress</a> for more information. (This message was added in version 6.7.0.) in /wordpress/wp-includes/functions.php on line 6121","log":"/logs/plugins/g/graphicmail-wp-plugin/error.json"}
,
{"message":"Function _load_textdomain_just_in_time was called <strong>incorrectly</strong>. Translation loading for the <code>geargag-toolkit</code> domain was triggered too early. This is usually an indicator for some code in the plugin or theme running too early. Translations should be loaded at the <code>init</code> action or later. Please see <a href=\"https://developer.wordpress.org/advanced-administration/debug/debug-wordpress/\">Debugging in WordPress</a> for more information. (This message was added in version 6.7.0.) in /wordpress/wp-includes/functions.php on line 6121","level":"NOTICE","type":"PHP","test":"jspi-boot","plugin":"graphicmail-wp-plugin","details":"[01-May-2025 02:38:52 UTC] PHP Notice:  Function _load_textdomain_just_in_time was called <strong>incorrectly</strong>. Translation loading for the <code>geargag-toolkit</code> domain was triggered too early. This is usually an indicator for some code in the plugin or theme running too early. Translations should be loaded at the <code>init</code> action or later. Please see <a href=\"https://developer.wordpress.org/advanced-administration/debug/debug-wordpress/\">Debugging in WordPress</a> for more information. (This message was added in version 6.7.0.) in /wordpress/wp-includes/functions.php on line 6121","log":"/logs/plugins/g/graphicmail-wp-plugin/error.json"}
,
{"message":"Function get_theme_data is <strong>deprecated</strong> since version 3.4.0! Use wp_get_theme() instead. in /wordpress/wp-includes/functions.php on line 6121","level":"DEPRECATED","type":"PHP","test":"jspi-boot","plugin":"graphicmail-wp-plugin","details":"[01-May-2025 02:39:27 UTC] PHP Deprecated:  Function get_theme_data is <strong>deprecated</strong> since version 3.4.0! Use wp_get_theme() instead. in /wordpress/wp-includes/functions.php on line 6121","log":"/logs/plugins/g/graphicmail-wp-plugin/error.json"}
,
{"message":"Function get_theme_data is <strong>deprecated</strong> since version 3.4.0! Use wp_get_theme() instead. in /wordpress/wp-includes/functions.php on line 6121","level":"DEPRECATED","type":"PHP","test":"jspi-boot","plugin":"graphicmail-wp-plugin","details":"[01-May-2025 02:39:37 UTC] PHP Deprecated:  Function get_theme_data is <strong>deprecated</strong> since version 3.4.0! Use wp_get_theme() instead. in /wordpress/wp-includes/functions.php on line 6121","log":"/logs/plugins/g/graphicmail-wp-plugin/error.json"}
,
{"message":"Function get_theme_data is <strong>deprecated</strong> since version 3.4.0! Use wp_get_theme() instead. in /wordpress/wp-includes/functions.php on line 6121","level":"DEPRECATED","type":"PHP","test":"jspi-boot","plugin":"graphicmail-wp-plugin","details":"[01-May-2025 02:39:46 UTC] PHP Deprecated:  Function get_theme_data is <strong>deprecated</strong> since version 3.4.0! Use wp_get_theme() instead. in /wordpress/wp-includes/functions.php on line 6121","log":"/logs/plugins/g/graphicmail-wp-plugin/error.json"}
,
{"message":"Required parameter $wrapper follows optional parameter $type in /wordpress/wp-content/plugins/geo-request/freemius/includes/class-fs-logger.php on line 145","level":"DEPRECATED","type":"PHP","test":"jspi-boot","plugin":"graphicmail-wp-plugin","details":"[01-May-2025 02:39:56 UTC] PHP Deprecated:  Required parameter $wrapper follows optional parameter $type in /wordpress/wp-content/plugins/geo-request/freemius/includes/class-fs-logger.php on line 145","log":"/logs/plugins/g/graphicmail-wp-plugin/error.json"}
,
{"message":"Required parameter $wrapper follows optional parameter $type in /wordpress/wp-content/plugins/geo-request/freemius/includes/class-fs-logger.php on line 145","level":"DEPRECATED","type":"PHP","test":"jspi-boot","plugin":"graphicmail-wp-plugin","details":"[01-May-2025 02:39:58 UTC] PHP Deprecated:  Required parameter $wrapper follows optional parameter $type in /wordpress/wp-content/plugins/geo-request/freemius/includes/class-fs-logger.php on line 145","log":"/logs/plugins/g/graphicmail-wp-plugin/error.json"}
,
{"message":"Required parameter $wrapper follows optional parameter $type in /wordpress/wp-content/plugins/geo-request/freemius/includes/class-fs-logger.php on line 145","level":"DEPRECATED","type":"PHP","test":"jspi-boot","plugin":"graphicmail-wp-plugin","details":"[01-May-2025 02:40:07 UTC] PHP Deprecated:  Required parameter $wrapper follows optional parameter $type in /wordpress/wp-content/plugins/geo-request/freemius/includes/class-fs-logger.php on line 145","log":"/logs/plugins/g/graphicmail-wp-plugin/error.json"}
,
{"message":"Required parameter $wrapper follows optional parameter $type in /wordpress/wp-content/plugins/geo-request/freemius/includes/class-fs-logger.php on line 145","level":"DEPRECATED","type":"PHP","test":"jspi-boot","plugin":"graphicmail-wp-plugin","details":"[01-May-2025 02:40:10 UTC] PHP Deprecated:  Required parameter $wrapper follows optional parameter $type in /wordpress/wp-content/plugins/geo-request/freemius/includes/class-fs-logger.php on line 145","log":"/logs/plugins/g/graphicmail-wp-plugin/error.json"}
,
{"message":"Required parameter $wrapper follows optional parameter $type in /wordpress/wp-content/plugins/geo-request/freemius/includes/class-fs-logger.php on line 145","level":"DEPRECATED","type":"PHP","test":"jspi-boot","plugin":"graphicmail-wp-plugin","details":"[01-May-2025 02:40:19 UTC] PHP Deprecated:  Required parameter $wrapper follows optional parameter $type in /wordpress/wp-content/plugins/geo-request/freemius/includes/class-fs-logger.php on line 145","log":"/logs/plugins/g/graphicmail-wp-plugin/error.json"}
,
{"message":"Required parameter $wrapper follows optional parameter $type in /wordpress/wp-content/plugins/geo-request/freemius/includes/class-fs-logger.php on line 145","level":"DEPRECATED","type":"PHP","test":"jspi-boot","plugin":"graphicmail-wp-plugin","details":"[01-May-2025 02:40:21 UTC] PHP Deprecated:  Required parameter $wrapper follows optional parameter $type in /wordpress/wp-content/plugins/geo-request/freemius/includes/class-fs-logger.php on line 145","log":"/logs/plugins/g/graphicmail-wp-plugin/error.json"}
,
{"message":"Function _load_textdomain_just_in_time was called <strong>incorrectly</strong>. Translation loading for the <code>get-cash</code> domain was triggered too early. This is usually an indicator for some code in the plugin or theme running too early. Translations should be loaded at the <code>init</code> action or later. Please see <a href=\"https://developer.wordpress.org/advanced-administration/debug/debug-wordpress/\">Debugging in WordPress</a> for more information. (This message was added in version 6.7.0.) in /wordpress/wp-includes/functions.php on line 6121","level":"NOTICE","type":"PHP","test":"jspi-boot","plugin":"graphicmail-wp-plugin","details":"[01-May-2025 02:40:31 UTC] PHP Notice:  Function _load_textdomain_just_in_time was called <strong>incorrectly</strong>. Translation loading for the <code>get-cash</code> domain was triggered too early. This is usually an indicator for some code in the plugin or theme running too early. Translations should be loaded at the <code>init</code> action or later. Please see <a href=\"https://developer.wordpress.org/advanced-administration/debug/debug-wordpress/\">Debugging in WordPress</a> for more information. (This message was added in version 6.7.0.) in /wordpress/wp-includes/functions.php on line 6121","log":"/logs/plugins/g/graphicmail-wp-plugin/error.json"}
,
{"message":"Function _load_textdomain_just_in_time was called <strong>incorrectly</strong>. Translation loading for the <code>get-cash</code> domain was triggered too early. This is usually an indicator for some code in the plugin or theme running too early. Translations should be loaded at the <code>init</code> action or later. Please see <a href=\"https://developer.wordpress.org/advanced-administration/debug/debug-wordpress/\">Debugging in WordPress</a> for more information. (This message was added in version 6.7.0.) in /wordpress/wp-includes/functions.php on line 6121","level":"NOTICE","type":"PHP","test":"jspi-boot","plugin":"graphicmail-wp-plugin","details":"[01-May-2025 02:40:42 UTC] PHP Notice:  Function _load_textdomain_just_in_time was called <strong>incorrectly</strong>. Translation loading for the <code>get-cash</code> domain was triggered too early. This is usually an indicator for some code in the plugin or theme running too early. Translations should be loaded at the <code>init</code> action or later. Please see <a href=\"https://developer.wordpress.org/advanced-administration/debug/debug-wordpress/\">Debugging in WordPress</a> for more information. (This message was added in version 6.7.0.) in /wordpress/wp-includes/functions.php on line 6121","log":"/logs/plugins/g/graphicmail-wp-plugin/error.json"}
,
{"message":"Function _load_textdomain_just_in_time was called <strong>incorrectly</strong>. Translation loading for the <code>get-cash</code> domain was triggered too early. This is usually an indicator for some code in the plugin or theme running too early. Translations should be loaded at the <code>init</code> action or later. Please see <a href=\"https://developer.wordpress.org/advanced-administration/debug/debug-wordpress/\">Debugging in WordPress</a> for more information. (This message was added in version 6.7.0.) in /wordpress/wp-includes/functions.php on line 6121","level":"NOTICE","type":"PHP","test":"jspi-boot","plugin":"graphicmail-wp-plugin","details":"[01-May-2025 02:40:52 UTC] PHP Notice:  Function _load_textdomain_just_in_time was called <strong>incorrectly</strong>. Translation loading for the <code>get-cash</code> domain was triggered too early. This is usually an indicator for some code in the plugin or theme running too early. Translations should be loaded at the <code>init</code> action or later. Please see <a href=\"https://developer.wordpress.org/advanced-administration/debug/debug-wordpress/\">Debugging in WordPress</a> for more information. (This message was added in version 6.7.0.) in /wordpress/wp-includes/functions.php on line 6121","log":"/logs/plugins/g/graphicmail-wp-plugin/error.json"}
,
{"message":"Undefined array key \"REQUEST_SCHEME\" in /wordpress/wp-content/plugins/getlocations-lite/admin/class-getlocations-lite-settings.php on line 39","level":"WARNING","type":"PHP","test":"jspi-boot","plugin":"graphicmail-wp-plugin","details":"[01-May-2025 02:41:03 UTC] PHP Warning:  Undefined array key \"REQUEST_SCHEME\" in /wordpress/wp-content/plugins/getlocations-lite/admin/class-getlocations-lite-settings.php on line 39","log":"/logs/plugins/g/graphicmail-wp-plugin/error.json"}
,
{"message":"Undefined array key \"REQUEST_SCHEME\" in /wordpress/wp-content/plugins/getlocations-lite/admin/class-getlocations-lite-settings.php on line 39","level":"WARNING","type":"PHP","test":"jspi-boot","plugin":"graphicmail-wp-plugin","details":"[01-May-2025 02:41:04 UTC] PHP Warning:  Undefined array key \"REQUEST_SCHEME\" in /wordpress/wp-content/plugins/getlocations-lite/admin/class-getlocations-lite-settings.php on line 39","log":"/logs/plugins/g/graphicmail-wp-plugin/error.json"}
,
{"message":"Function _load_textdomain_just_in_time was called <strong>incorrectly</strong>. Translation loading for the <code>getlocations-lite</code> domain was triggered too early. This is usually an indicator for some code in the plugin or theme running too early. Translations should be loaded at the <code>init</code> action or later. Please see <a href=\"https://developer.wordpress.org/advanced-administration/debug/debug-wordpress/\">Debugging in WordPress</a> for more information. (This message was added in version 6.7.0.) in /wordpress/wp-includes/functions.php on line 6121","level":"NOTICE","type":"PHP","test":"jspi-boot","plugin":"graphicmail-wp-plugin","details":"[01-May-2025 02:41:04 UTC] PHP Notice:  Function _load_textdomain_just_in_time was called <strong>incorrectly</strong>. Translation loading for the <code>getlocations-lite</code> domain was triggered too early. This is usually an indicator for some code in the plugin or theme running too early. Translations should be loaded at the <code>init</code> action or later. Please see <a href=\"https://developer.wordpress.org/advanced-administration/debug/debug-wordpress/\">Debugging in WordPress</a> for more information. (This message was added in version 6.7.0.) in /wordpress/wp-includes/functions.php on line 6121","log":"/logs/plugins/g/graphicmail-wp-plugin/error.json"}
,
{"message":"Undefined array key \"REQUEST_SCHEME\" in /wordpress/wp-content/plugins/getlocations-lite/admin/class-getlocations-lite-settings.php on line 39","level":"WARNING","type":"PHP","test":"jspi-boot","plugin":"graphicmail-wp-plugin","details":"[01-May-2025 02:41:13 UTC] PHP Warning:  Undefined array key \"REQUEST_SCHEME\" in /wordpress/wp-content/plugins/getlocations-lite/admin/class-getlocations-lite-settings.php on line 39","log":"/logs/plugins/g/graphicmail-wp-plugin/error.json"}
,
{"message":"Undefined array key \"REQUEST_SCHEME\" in /wordpress/wp-content/plugins/getlocations-lite/admin/class-getlocations-lite-settings.php on line 39","level":"WARNING","type":"PHP","test":"jspi-boot","plugin":"graphicmail-wp-plugin","details":"[01-May-2025 02:41:14 UTC] PHP Warning:  Undefined array key \"REQUEST_SCHEME\" in /wordpress/wp-content/plugins/getlocations-lite/admin/class-getlocations-lite-settings.php on line 39","log":"/logs/plugins/g/graphicmail-wp-plugin/error.json"}
,
{"message":"Function _load_textdomain_just_in_time was called <strong>incorrectly</strong>. Translation loading for the <code>getlocations-lite</code> domain was triggered too early. This is usually an indicator for some code in the plugin or theme running too early. Translations should be loaded at the <code>init</code> action or later. Please see <a href=\"https://developer.wordpress.org/advanced-administration/debug/debug-wordpress/\">Debugging in WordPress</a> for more information. (This message was added in version 6.7.0.) in /wordpress/wp-includes/functions.php on line 6121","level":"NOTICE","type":"PHP","test":"jspi-boot","plugin":"graphicmail-wp-plugin","details":"[01-May-2025 02:41:14 UTC] PHP Notice:  Function _load_textdomain_just_in_time was called <strong>incorrectly</strong>. Translation loading for the <code>getlocations-lite</code> domain was triggered too early. This is usually an indicator for some code in the plugin or theme running too early. Translations should be loaded at the <code>init</code> action or later. Please see <a href=\"https://developer.wordpress.org/advanced-administration/debug/debug-wordpress/\">Debugging in WordPress</a> for more information. (This message was added in version 6.7.0.) in /wordpress/wp-includes/functions.php on line 6121","log":"/logs/plugins/g/graphicmail-wp-plugin/error.json"}
,
{"message":"Undefined array key \"REQUEST_SCHEME\" in /wordpress/wp-content/plugins/getlocations-lite/admin/class-getlocations-lite-settings.php on line 39","level":"WARNING","type":"PHP","test":"jspi-boot","plugin":"graphicmail-wp-plugin","details":"[01-May-2025 02:41:23 UTC] PHP Warning:  Undefined array key \"REQUEST_SCHEME\" in /wordpress/wp-content/plugins/getlocations-lite/admin/class-getlocations-lite-settings.php on line 39","log":"/logs/plugins/g/graphicmail-wp-plugin/error.json"}
,
{"message":"Undefined array key \"REQUEST_SCHEME\" in /wordpress/wp-content/plugins/getlocations-lite/admin/class-getlocations-lite-settings.php on line 39","level":"WARNING","type":"PHP","test":"jspi-boot","plugin":"graphicmail-wp-plugin","details":"[01-May-2025 02:41:24 UTC] PHP Warning:  Undefined array key \"REQUEST_SCHEME\" in /wordpress/wp-content/plugins/getlocations-lite/admin/class-getlocations-lite-settings.php on line 39","log":"/logs/plugins/g/graphicmail-wp-plugin/error.json"}
,
{"message":"Function _load_textdomain_just_in_time was called <strong>incorrectly</strong>. Translation loading for the <code>getlocations-lite</code> domain was triggered too early. This is usually an indicator for some code in the plugin or theme running too early. Translations should be loaded at the <code>init</code> action or later. Please see <a href=\"https://developer.wordpress.org/advanced-administration/debug/debug-wordpress/\">Debugging in WordPress</a> for more information. (This message was added in version 6.7.0.) in /wordpress/wp-includes/functions.php on line 6121","level":"NOTICE","type":"PHP","test":"jspi-boot","plugin":"graphicmail-wp-plugin","details":"[01-May-2025 02:41:24 UTC] PHP Notice:  Function _load_textdomain_just_in_time was called <strong>incorrectly</strong>. Translation loading for the <code>getlocations-lite</code> domain was triggered too early. This is usually an indicator for some code in the plugin or theme running too early. Translations should be loaded at the <code>init</code> action or later. Please see <a href=\"https://developer.wordpress.org/advanced-administration/debug/debug-wordpress/\">Debugging in WordPress</a> for more information. (This message was added in version 6.7.0.) in /wordpress/wp-includes/functions.php on line 6121","log":"/logs/plugins/g/graphicmail-wp-plugin/error.json"}
,
{"message":"Uncaught ArgumentCountError: Too few arguments to function WP_Widget::__construct(), 0 passed in /wordpress/wp-includes/class-wp-widget-factory.php on line 62 and at least 2 expected in /wordpress/wp-includes/class-wp-widget.php:163","level":"FATAL","type":"PHP","test":"jspi-boot","plugin":"graphicmail-wp-plugin","details":"[01-May-2025 02:42:01 UTC] PHP Fatal error:  Uncaught ArgumentCountError: Too few arguments to function WP_Widget::__construct(), 0 passed in /wordpress/wp-includes/class-wp-widget-factory.php on line 62 and at least 2 expected in /wordpress/wp-includes/class-wp-widget.php:163\nStack trace:\n#0 /wordpress/wp-includes/class-wp-widget-factory.php(62): WP_Widget->__construct()\n#1 /wordpress/wp-includes/widgets.php(123): WP_Widget_Factory->register('G_Widget')\n#2 /wordpress/wp-content/plugins/graphicmail-wp-plugin/graphicmail.php(251): register_widget('G_Widget')\n#3 /wordpress/wp-includes/class-wp-hook.php(324): g_register_widget('')\n#4 /wordpress/wp-includes/class-wp-hook.php(348): WP_Hook->apply_filters(NULL, Array)\n#5 /wordpress/wp-includes/plugin.php(517): WP_Hook->do_action(Array)\n#6 /wordpress/wp-includes/widgets.php(1870): do_action('widgets_init')\n#7 /wordpress/wp-includes/class-wp-hook.php(324): wp_widgets_init('')\n#8 /wordpress/wp-includes/class-wp-hook.php(348): WP_Hook->apply_filters(NULL, Array)\n#9 /wordpress/wp-includes/plugin.php(517): WP_Hook->do_action(Array)\n#10 /wordpress/wp-settings.php(727): do_action('init')\n#11 /wordpress/wp-config.php(102): require_once('/wordpress/wp-s...')\n#12 /wordpress/wp-load.php(50): require_once('/wordpress/wp-c...')\n#13 /internal/eval.php(3): require_once('/wordpress/wp-l...')\n#14 {main}\n  thrown in /wordpress/wp-includes/class-wp-widget.php on line 163","log":"/logs/plugins/g/graphicmail-wp-plugin/error.json"}
,
{"message":"Uncaught ArgumentCountError: Too few arguments to function WP_Widget::__construct(), 0 passed in /wordpress/wp-includes/class-wp-widget-factory.php on line 62 and at least 2 expected in /wordpress/wp-includes/class-wp-widget.php:163","level":"FATAL","type":"PHP","test":"jspi-boot","plugin":"graphicmail-wp-plugin","details":"[01-May-2025 02:42:09 UTC] PHP Fatal error:  Uncaught ArgumentCountError: Too few arguments to function WP_Widget::__construct(), 0 passed in /wordpress/wp-includes/class-wp-widget-factory.php on line 62 and at least 2 expected in /wordpress/wp-includes/class-wp-widget.php:163\nStack trace:\n#0 /wordpress/wp-includes/class-wp-widget-factory.php(62): WP_Widget->__construct()\n#1 /wordpress/wp-includes/widgets.php(123): WP_Widget_Factory->register('G_Widget')\n#2 /wordpress/wp-content/plugins/graphicmail-wp-plugin/graphicmail.php(251): register_widget('G_Widget')\n#3 /wordpress/wp-includes/class-wp-hook.php(324): g_register_widget('')\n#4 /wordpress/wp-includes/class-wp-hook.php(348): WP_Hook->apply_filters(NULL, Array)\n#5 /wordpress/wp-includes/plugin.php(517): WP_Hook->do_action(Array)\n#6 /wordpress/wp-includes/widgets.php(1870): do_action('widgets_init')\n#7 /wordpress/wp-includes/class-wp-hook.php(324): wp_widgets_init('')\n#8 /wordpress/wp-includes/class-wp-hook.php(348): WP_Hook->apply_filters(NULL, Array)\n#9 /wordpress/wp-includes/plugin.php(517): WP_Hook->do_action(Array)\n#10 /wordpress/wp-settings.php(727): do_action('init')\n#11 /wordpress/wp-config.php(102): require_once('/wordpress/wp-s...')\n#12 /wordpress/wp-load.php(50): require_once('/wordpress/wp-c...')\n#13 /internal/eval.php(3): require_once('/wordpress/wp-l...')\n#14 {main}\n  thrown in /wordpress/wp-includes/class-wp-widget.php on line 163","log":"/logs/plugins/g/graphicmail-wp-plugin/error.json"}
,
{"message":"Uncaught ArgumentCountError: Too few arguments to function WP_Widget::__construct(), 0 passed in /wordpress/wp-includes/class-wp-widget-factory.php on line 62 and at least 2 expected in /wordpress/wp-includes/class-wp-widget.php:163","level":"FATAL","type":"PHP","test":"jspi-boot","plugin":"graphicmail-wp-plugin","details":"[01-May-2025 02:42:18 UTC] PHP Fatal error:  Uncaught ArgumentCountError: Too few arguments to function WP_Widget::__construct(), 0 passed in /wordpress/wp-includes/class-wp-widget-factory.php on line 62 and at least 2 expected in /wordpress/wp-includes/class-wp-widget.php:163\nStack trace:\n#0 /wordpress/wp-includes/class-wp-widget-factory.php(62): WP_Widget->__construct()\n#1 /wordpress/wp-includes/widgets.php(123): WP_Widget_Factory->register('G_Widget')\n#2 /wordpress/wp-content/plugins/graphicmail-wp-plugin/graphicmail.php(251): register_widget('G_Widget')\n#3 /wordpress/wp-includes/class-wp-hook.php(324): g_register_widget('')\n#4 /wordpress/wp-includes/class-wp-hook.php(348): WP_Hook->apply_filters(NULL, Array)\n#5 /wordpress/wp-includes/plugin.php(517): WP_Hook->do_action(Array)\n#6 /wordpress/wp-includes/widgets.php(1870): do_action('widgets_init')\n#7 /wordpress/wp-includes/class-wp-hook.php(324): wp_widgets_init('')\n#8 /wordpress/wp-includes/class-wp-hook.php(348): WP_Hook->apply_filters(NULL, Array)\n#9 /wordpress/wp-includes/plugin.php(517): WP_Hook->do_action(Array)\n#10 /wordpress/wp-settings.php(727): do_action('init')\n#11 /wordpress/wp-config.php(102): require_once('/wordpress/wp-s...')\n#12 /wordpress/wp-load.php(50): require_once('/wordpress/wp-c...')\n#13 /internal/eval.php(3): require_once('/wordpress/wp-l...')\n#14 {main}\n  thrown in /wordpress/wp-includes/class-wp-widget.php on line 163\n\n    at Object.onBind (file:///home/runner/work/playground-tester/playground-tester/node_modules/@wp-playground/cli/index.js:237:15)\n    at process.processTicksAndRejections (node:internal/process/task_queues:105:5)\n    at async V (file:///home/runner/work/playground-tester/playground-tester/node_modules/@wp-playground/cli/index.js:64:10)\n    at async ja (file:///home/runner/work/playground-tester/playground-tester/node_modules/@wp-playground/cli/cli.js:8161:12) {\n  [cause]: Error: Error when executing the blueprint step #1 ({\"step\":\"installPlugin\",\"pluginData\":{\"resource\":\"wordpress.org/plugins\",\"slug\":\"graphicmail-wp-plugin\"},\"options\":{\"activate\":true}}) : PHP.run() failed with exit code 255 and the following output: \n      at Object.run (file:///home/runner/work/playground-tester/playground-tester/node_modules/@wp-playground/blueprints/index.js:12449:19)\n      at process.processTicksAndRejections (node:internal/process/task_queues:105:5)\n      at async ms (file:///home/runner/work/playground-tester/playground-tester/node_modules/@wp-playground/blueprints/index.js:12552:3)\n      ... 2 lines matching cause stack trace ...\n      at async ja (file:///home/runner/work/playground-tester/playground-tester/node_modules/@wp-playground/cli/cli.js:8161:12) {\n    [cause]: PHPExecutionFailureError: PHP.run() failed with exit code 255 and the following output: \n        at PHP.run (file:///home/runner/work/playground-tester/playground-tester/node_modules/@php-wasm/universal/index.js:987:19)\n        at process.processTicksAndRejections (node:internal/process/task_queues:105:5)\n        at async wr (file:///home/runner/work/playground-tester/playground-tester/node_modules/@wp-playground/blueprints/index.js:73:13)\n        at async Object.gt [as installPlugin] (file:///home/runner/work/playground-tester/playground-tester/node_modules/@wp-playground/blueprints/index.js:974:42)\n        at async g (file:///home/runner/work/playground-tester/playground-tester/node_modules/@wp-playground/blueprints/index.js:12517:30)\n        at async Object.run (file:///home/runner/work/playground-tester/playground-tester/node_modules/@wp-playground/blueprints/index.js:12446:23)\n        at async ms (file:///home/runner/work/playground-tester/playground-tester/node_modules/@wp-playground/blueprints/index.js:12552:3)\n        at async Object.onBind (file:///home/runner/work/playground-tester/playground-tester/node_modules/@wp-playground/cli/index.js:227:48)\n        at async V (file:///home/runner/work/playground-tester/playground-tester/node_modules/@wp-playground/cli/index.js:64:10)\n        at async ja (file:///home/runner/work/playground-tester/playground-tester/node_modules/@wp-playground/cli/cli.js:8161:12) {\n      response: PHPResponse {\n        httpStatusCode: 500,\n        headers: {\n          'x-powered-by': [ 'PHP/8.0.30-dev' ],\n          'content-type': [ 'text/html; charset=UTF-8' ],\n          expires: [ 'Wed, 11 Jan 1984 05:00:00 GMT' ],\n          'cache-control': [ 'no-cache, must-revalidate, max-age=0, no-store, private' ]\n        },\n        bytes: Uint8Array(2653) [\n           60,  33,  68,  79,  67,  84,  89,  80,  69,  32, 104, 116,\n          109, 108,  62,  10,  60, 104, 116, 109, 108,  32, 108,  97,\n          110, 103,  61,  34, 101, 110,  45,  85,  83,  34,  62,  10,\n           60, 104, 101,  97, 100,  62,  10,   9,  60, 109, 101, 116,\n           97,  32, 104, 116, 116, 112,  45, 101, 113, 117, 105, 118,\n           61,  34,  67, 111, 110, 116, 101, 110, 116,  45,  84, 121,\n          112, 101,  34,  32,  99, 111, 110, 116, 101, 110, 116,  61,\n           34, 116, 101, 120, 116,  47, 104, 116, 109, 108,  59,  32,\n           99, 104,  97, 114,\n          ... 2553 more items\n        ],\n        exitCode: 255,\n        errors: ''\n      },\n      source: 'request'\n    }\n  }\n}\n\n","log":"/logs/plugins/g/graphicmail-wp-plugin/error.json"}
]
