file:///home/runner/work/playground-tester/playground-tester/node_modules/@wp-playground/cli/index.js:237
        throw new Error(y, { cause: u });
              ^

Error: [27-May-2025 10:54:21 UTC] PHP Fatal error:  Uncaught Error: Undefined constant "DANSNET_DMT_DIR" in /wordpress/wp-content/plugins/dansnet-meta-tag/index.php:28
Stack trace:
#0 /wordpress/wp-admin/includes/plugin.php(2387): include_once()
#1 /wordpress/wp-admin/includes/plugin.php(673): plugin_sandbox_scrape('dansnet-meta-ta...')
#2 /internal/eval.php(20): activate_plugin('dansnet-meta-ta...')
#3 {main}
  thrown in /wordpress/wp-content/plugins/dansnet-meta-tag/index.php on line 28
[27-May-2025 10:54:28 UTC] PHP Fatal error:  Uncaught Error: Undefined constant "DANSNET_DMT_DIR" in /wordpress/wp-content/plugins/dansnet-meta-tag/index.php:28
Stack trace:
#0 /wordpress/wp-admin/includes/plugin.php(2387): include_once()
#1 /wordpress/wp-admin/includes/plugin.php(673): plugin_sandbox_scrape('dansnet-meta-ta...')
#2 /internal/eval.php(20): activate_plugin('dansnet-meta-ta...')
#3 {main}
  thrown in /wordpress/wp-content/plugins/dansnet-meta-tag/index.php on line 28
[27-May-2025 10:54:36 UTC] PHP Fatal error:  Uncaught Error: Undefined constant "DANSNET_DMT_DIR" in /wordpress/wp-content/plugins/dansnet-meta-tag/index.php:28
Stack trace:
#0 /wordpress/wp-admin/includes/plugin.php(2387): include_once()
#1 /wordpress/wp-admin/includes/plugin.php(673): plugin_sandbox_scrape('dansnet-meta-ta...')
#2 /internal/eval.php(20): activate_plugin('dansnet-meta-ta...')
#3 {main}
  thrown in /wordpress/wp-content/plugins/dansnet-meta-tag/index.php on line 28
[27-May-2025 10:56:07 UTC] PHP Warning:  Undefined array key "REMOTE_ADDR" in /wordpress/wp-content/plugins/debug-functions-time/index.php on line 39
[27-May-2025 10:56:08 UTC] PHP Warning:  Undefined array key "REMOTE_ADDR" in /wordpress/wp-content/plugins/debug-functions-time/index.php on line 39
[27-May-2025 10:56:16 UTC] PHP Warning:  Undefined array key "REMOTE_ADDR" in /wordpress/wp-content/plugins/debug-functions-time/index.php on line 39
[27-May-2025 10:56:17 UTC] PHP Warning:  Undefined array key "REMOTE_ADDR" in /wordpress/wp-content/plugins/debug-functions-time/index.php on line 39
[27-May-2025 10:56:17 UTC] WordPress database error <div style="clear:both">&nbsp;</div>
<div class="queries" style="clear:both;margin-bottom:2px;border:red dotted thin;">
<p>MySQL query:</p>
<p>DESC `wp_debug_functions_time__errors_log`</p>
<p>Queries made or created this session were:</p>
<ol>
<li>Executing: BEGIN | (no parameters)</li>
<li>Executing: ROLLBACK | (no parameters)</li>
</ol>
</div>
<div style="clear:both;margin-bottom:2px;border:red dotted thin;" class="error_message" style="border-bottom:dotted blue thin;">
Error occurred at line 4117 in Function <code>handle_error</code>. Error message was: Unknown query type: DESC.
</div>
<p>Backtrace:</p>
<pre>#0 /internal/shared/sqlite-database-integration/wp-includes/sqlite/class-wp-sqlite-db.php(287): WP_SQLite_Translator->get_error_message()
#1 /wordpress/wp-includes/class-wpdb.php(3107): WP_SQLite_DB->query('DESC `wp_debug_...')
#2 /wordpress/wp-content/plugins/debug-functions-time/library_wp.php(1103): wpdb->get_col('DESC `wp_debug_...', 0)
#3 /wordpress/wp-content/plugins/debug-functions-time/library_wp.php(1058): Puvox\library_wp->db_table_columns('wp_debug_functi...')
#4 /wordpress/wp-content/plugins/debug-functions-time/library_wp.php(1370): Puvox\library_wp->add_column_my('wp_debug_functi...', 'function_name', 'longtext', 'gmdate')
#5 /wordpress/wp-content/plugins/debug-functions-time/library_wp.php(1712): Puvox\library_wp->create_log_table()
#6 /wordpress/wp-content/plugins/debug-functions-time/library_wp.php(1684): Puvox\wp_plugin->plugin_inits()
#7 /wordpress/wp-content/plugins/debug-functions-time/index.php(615): Puvox\wp_plugin->__construct()
#8 /wordpress/wp-settings.php(545): include_once('/wordpress/wp-c...')
#9 /wordpress/wp-config.php(102): require_once('/wordpress/wp-s...')
#10 /wordpress/wp-load.php(50): require_once('/wordpress/wp-c...')
#11 /internal/eval.php(3): require_once('/wordpress/wp-l...')
#12 {main}</pre>
 for query DESC `wp_debug_functions_time__errors_log` made by require_once('wp-load.php'), require_once('wp-config.php'), require_once('wp-settings.php'), include_once('/plugins/debug-functions-time/index.php'), Puvox\wp_plugin->__construct, Puvox\wp_plugin->plugin_inits, Puvox\library_wp->create_log_table, Puvox\library_wp->add_column_my, Puvox\library_wp->db_table_columns, WP_SQLite_DB->query, WP_SQLite_DB->print_error
[27-May-2025 10:56:17 UTC] WordPress database error <div style="clear:both">&nbsp;</div>
<div class="queries" style="clear:both;margin-bottom:2px;border:red dotted thin;">
<p>MySQL query:</p>
<p>ALTER TABLE `wp_debug_functions_time__errors_log` ADD `function_name` longtext NOT NULL AFTER gmdate</p>
<p>Queries made or created this session were:</p>
<ol>
<li>Executing: BEGIN | (no parameters)</li>
<li>Executing: INSERT INTO _mysql_data_types_cache (`table`, `column_or_index`, `mysql_type`)
				VALUES (:table, :column, :datatype)
				ON CONFLICT(`table`, `column_or_index`) DO UPDATE SET `mysql_type` = :datatype
			 | parameters: wp_debug_functions_time__errors_log, `FUNCTION_NAME`, longtext</li>
<li>Executing: ALTER TABLE wp_debug_functions_time__errors_log ADD `function_name` text NOT NULL   | (no parameters)</li>
<li>Executing: ROLLBACK | (no parameters)</li>
</ol>
</div>
<div style="clear:both;margin-bottom:2px;border:red dotted thin;" class="error_message" style="border-bottom:dotted blue thin;">
Error occurred at line 4117 in Function <code>handle_error</code>. Error message was: SQLSTATE[HY000]: General error: 1 duplicate column name: function_name.
</div>
<p>Backtrace:</p>
<pre>#0 /internal/shared/sqlite-database-integration/wp-includes/sqlite/class-wp-sqlite-db.php(287): WP_SQLite_Translator->get_error_message()
#1 /wordpress/wp-content/plugins/debug-functions-time/library_wp.php(1063): WP_SQLite_DB->query('ALTER TABLE `wp...')
#2 /wordpress/wp-content/plugins/debug-functions-time/library_wp.php(1370): Puvox\library_wp->add_column_my('wp_debug_functi...', 'function_name', 'longtext', 'gmdate')
#3 /wordpress/wp-content/plugins/debug-functions-time/library_wp.php(1712): Puvox\library_wp->create_log_table()
#4 /wordpress/wp-content/plugins/debug-functions-time/library_wp.php(1684): Puvox\wp_plugin->plugin_inits()
#5 /wordpress/wp-content/plugins/debug-functions-time/index.php(615): Puvox\wp_plugin->__construct()
#6 /wordpress/wp-settings.php(545): include_once('/wordpress/wp-c...')
#7 /wordpress/wp-config.php(102): require_once('/wordpress/wp-s...')
#8 /wordpress/wp-load.php(50): require_once('/wordpress/wp-c...')
#9 /internal/eval.php(3): require_once('/wordpress/wp-l...')
#10 {main}</pre>
 for query ALTER TABLE `wp_debug_functions_time__errors_log` ADD `function_name` longtext NOT NULL AFTER gmdate made by require_once('wp-load.php'), require_once('wp-config.php'), require_once('wp-settings.php'), include_once('/plugins/debug-functions-time/index.php'), Puvox\wp_plugin->__construct, Puvox\wp_plugin->plugin_inits, Puvox\library_wp->create_log_table, Puvox\library_wp->add_column_my, WP_SQLite_DB->query, WP_SQLite_DB->print_error
[27-May-2025 10:56:24 UTC] PHP Warning:  Undefined array key "REMOTE_ADDR" in /wordpress/wp-content/plugins/debug-functions-time/index.php on line 39
[27-May-2025 10:56:25 UTC] PHP Warning:  Undefined array key "REMOTE_ADDR" in /wordpress/wp-content/plugins/debug-functions-time/index.php on line 39
[27-May-2025 10:56:25 UTC] WordPress database error <div style="clear:both">&nbsp;</div>
<div class="queries" style="clear:both;margin-bottom:2px;border:red dotted thin;">
<p>MySQL query:</p>
<p>DESC `wp_debug_functions_time__errors_log`</p>
<p>Queries made or created this session were:</p>
<ol>
<li>Executing: BEGIN | (no parameters)</li>
<li>Executing: ROLLBACK | (no parameters)</li>
</ol>
</div>
<div style="clear:both;margin-bottom:2px;border:red dotted thin;" class="error_message" style="border-bottom:dotted blue thin;">
Error occurred at line 4117 in Function <code>handle_error</code>. Error message was: Unknown query type: DESC.
</div>
<p>Backtrace:</p>
<pre>#0 /internal/shared/sqlite-database-integration/wp-includes/sqlite/class-wp-sqlite-db.php(287): WP_SQLite_Translator->get_error_message()
#1 /wordpress/wp-includes/class-wpdb.php(3107): WP_SQLite_DB->query('DESC `wp_debug_...')
#2 /wordpress/wp-content/plugins/debug-functions-time/library_wp.php(1103): wpdb->get_col('DESC `wp_debug_...', 0)
#3 /wordpress/wp-content/plugins/debug-functions-time/library_wp.php(1058): Puvox\library_wp->db_table_columns('wp_debug_functi...')
#4 /wordpress/wp-content/plugins/debug-functions-time/library_wp.php(1370): Puvox\library_wp->add_column_my('wp_debug_functi...', 'function_name', 'longtext', 'gmdate')
#5 /wordpress/wp-content/plugins/debug-functions-time/library_wp.php(1712): Puvox\library_wp->create_log_table()
#6 /wordpress/wp-content/plugins/debug-functions-time/library_wp.php(1684): Puvox\wp_plugin->plugin_inits()
#7 /wordpress/wp-content/plugins/debug-functions-time/index.php(615): Puvox\wp_plugin->__construct()
#8 /wordpress/wp-settings.php(545): include_once('/wordpress/wp-c...')
#9 /wordpress/wp-config.php(102): require_once('/wordpress/wp-s...')
#10 /wordpress/wp-load.php(50): require_once('/wordpress/wp-c...')
#11 /internal/eval.php(3): require_once('/wordpress/wp-l...')
#12 {main}</pre>
 for query DESC `wp_debug_functions_time__errors_log` made by require_once('wp-load.php'), require_once('wp-config.php'), require_once('wp-settings.php'), include_once('/plugins/debug-functions-time/index.php'), Puvox\wp_plugin->__construct, Puvox\wp_plugin->plugin_inits, Puvox\library_wp->create_log_table, Puvox\library_wp->add_column_my, Puvox\library_wp->db_table_columns, WP_SQLite_DB->query, WP_SQLite_DB->print_error
[27-May-2025 10:56:25 UTC] WordPress database error <div style="clear:both">&nbsp;</div>
<div class="queries" style="clear:both;margin-bottom:2px;border:red dotted thin;">
<p>MySQL query:</p>
<p>ALTER TABLE `wp_debug_functions_time__errors_log` ADD `function_name` longtext NOT NULL AFTER gmdate</p>
<p>Queries made or created this session were:</p>
<ol>
<li>Executing: BEGIN | (no parameters)</li>
<li>Executing: INSERT INTO _mysql_data_types_cache (`table`, `column_or_index`, `mysql_type`)
				VALUES (:table, :column, :datatype)
				ON CONFLICT(`table`, `column_or_index`) DO UPDATE SET `mysql_type` = :datatype
			 | parameters: wp_debug_functions_time__errors_log, `FUNCTION_NAME`, longtext</li>
<li>Executing: ALTER TABLE wp_debug_functions_time__errors_log ADD `function_name` text NOT NULL   | (no parameters)</li>
<li>Executing: ROLLBACK | (no parameters)</li>
</ol>
</div>
<div style="clear:both;margin-bottom:2px;border:red dotted thin;" class="error_message" style="border-bottom:dotted blue thin;">
Error occurred at line 4117 in Function <code>handle_error</code>. Error message was: SQLSTATE[HY000]: General error: 1 duplicate column name: function_name.
</div>
<p>Backtrace:</p>
<pre>#0 /internal/shared/sqlite-database-integration/wp-includes/sqlite/class-wp-sqlite-db.php(287): WP_SQLite_Translator->get_error_message()
#1 /wordpress/wp-content/plugins/debug-functions-time/library_wp.php(1063): WP_SQLite_DB->query('ALTER TABLE `wp...')
#2 /wordpress/wp-content/plugins/debug-functions-time/library_wp.php(1370): Puvox\library_wp->add_column_my('wp_debug_functi...', 'function_name', 'longtext', 'gmdate')
#3 /wordpress/wp-content/plugins/debug-functions-time/library_wp.php(1712): Puvox\library_wp->create_log_table()
#4 /wordpress/wp-content/plugins/debug-functions-time/library_wp.php(1684): Puvox\wp_plugin->plugin_inits()
#5 /wordpress/wp-content/plugins/debug-functions-time/index.php(615): Puvox\wp_plugin->__construct()
#6 /wordpress/wp-settings.php(545): include_once('/wordpress/wp-c...')
#7 /wordpress/wp-config.php(102): require_once('/wordpress/wp-s...')
#8 /wordpress/wp-load.php(50): require_once('/wordpress/wp-c...')
#9 /internal/eval.php(3): require_once('/wordpress/wp-l...')
#10 {main}</pre>
 for query ALTER TABLE `wp_debug_functions_time__errors_log` ADD `function_name` longtext NOT NULL AFTER gmdate made by require_once('wp-load.php'), require_once('wp-config.php'), require_once('wp-settings.php'), include_once('/plugins/debug-functions-time/index.php'), Puvox\wp_plugin->__construct, Puvox\wp_plugin->plugin_inits, Puvox\library_wp->create_log_table, Puvox\library_wp->add_column_my, WP_SQLite_DB->query, WP_SQLite_DB->print_error
[27-May-2025 10:56:34 UTC] PHP Warning:  Use of undefined constant STDERR - assumed 'STDERR' (this will throw an Error in a future version of PHP) in /wordpress/wp-content/plugins/delete-all-products/vendor/composer/platform_check.php on line 17
[27-May-2025 10:56:34 UTC] PHP Warning:  fwrite() expects parameter 1 to be resource, string given in /wordpress/wp-content/plugins/delete-all-products/vendor/composer/platform_check.php on line 17
[27-May-2025 10:56:34 UTC] PHP Fatal error:  Composer detected issues in your platform: Your Composer dependencies require a PHP version ">= 7.4.0". You are running 7.2.34-dev. in /wordpress/wp-content/plugins/delete-all-products/vendor/composer/platform_check.php on line 24
[27-May-2025 10:56:42 UTC] PHP Warning:  Use of undefined constant STDERR - assumed 'STDERR' (this will throw an Error in a future version of PHP) in /wordpress/wp-content/plugins/delete-all-products/vendor/composer/platform_check.php on line 17
[27-May-2025 10:56:42 UTC] PHP Warning:  fwrite() expects parameter 1 to be resource, string given in /wordpress/wp-content/plugins/delete-all-products/vendor/composer/platform_check.php on line 17
[27-May-2025 10:56:42 UTC] PHP Fatal error:  Composer detected issues in your platform: Your Composer dependencies require a PHP version ">= 7.4.0". You are running 7.2.34-dev. in /wordpress/wp-content/plugins/delete-all-products/vendor/composer/platform_check.php on line 24
[27-May-2025 10:56:51 UTC] PHP Warning:  Use of undefined constant STDERR - assumed 'STDERR' (this will throw an Error in a future version of PHP) in /wordpress/wp-content/plugins/delete-all-products/vendor/composer/platform_check.php on line 17
[27-May-2025 10:56:51 UTC] PHP Warning:  fwrite() expects parameter 1 to be resource, string given in /wordpress/wp-content/plugins/delete-all-products/vendor/composer/platform_check.php on line 17
[27-May-2025 10:56:51 UTC] PHP Fatal error:  Composer detected issues in your platform: Your Composer dependencies require a PHP version ">= 7.4.0". You are running 7.2.34-dev. in /wordpress/wp-content/plugins/delete-all-products/vendor/composer/platform_check.php on line 24
[27-May-2025 10:57:58 UTC] WordPress database error <div style="clear:both">&nbsp;</div>
<div class="queries" style="clear:both;margin-bottom:2px;border:red dotted thin;">
<p>MySQL query:</p>
<p>SHOW COLUMNS FROM `wp_dbre_redirects` WHERE Field = 'title'</p>
<p>Queries made or created this session were:</p>
<ol>
<li>Executing: BEGIN | (no parameters)</li>
<li>Executing: SELECT 1 FROM sqlite_temp_schema WHERE type = 'table' AND name = ? | parameters: wp_dbre_redirects</li>
<li>Executing: SELECT 1 FROM `_wp_sqlite_mysql_information_schema_tables` WHERE table_schema = ? AND table_name = ? | parameters: database_name_here, wp_dbre_redirects</li>
<li>Executing: SELECT * FROM `_wp_sqlite_mysql_information_schema_columns` WHERE table_schema = ? AND table_name = ? AND `Field` = 'title' ORDER BY ordinal_position | parameters: database_name_here, wp_dbre_redirects</li>
<li>Executing: ROLLBACK | (no parameters)</li>
</ol>
</div>
<div style="clear:both;margin-bottom:2px;border:red dotted thin;" class="error_message" style="border-bottom:dotted blue thin;">
SQLSTATE[HY000]: General error: 1 no such column: Field
</div>
<p>Backtrace:</p>
<pre>#0 /internal/shared/sqlite-database-integration/wp-includes/sqlite-ast/class-wp-sqlite-driver.php(683): WP_SQLite_Driver->new_driver_exception('SQLSTATE[HY000]...', 'HY000', Object(PDOException))
#1 /internal/shared/sqlite-database-integration/wp-includes/sqlite/class-wp-sqlite-db.php(491): WP_SQLite_Driver->query('SHOW COLUMNS FR...')
#2 /internal/shared/sqlite-database-integration/wp-includes/sqlite/class-wp-sqlite-db.php(432): WP_SQLite_DB->_do_query('SHOW COLUMNS FR...')
#3 /wordpress/wp-includes/class-wpdb.php(3146): WP_SQLite_DB->query('SHOW COLUMNS FR...')
#4 /wordpress/wp-content/plugins/device-based-redirect/device-based-redirect.php(64): wpdb->get_results('SHOW COLUMNS FR...')
#5 /wordpress/wp-includes/class-wp-hook.php(324): dbre_check_version('')
#6 /wordpress/wp-includes/class-wp-hook.php(348): WP_Hook->apply_filters(NULL, Array)
#7 /wordpress/wp-includes/plugin.php(517): WP_Hook->do_action(Array)
#8 /wordpress/wp-settings.php(578): do_action('plugins_loaded')
#9 /wordpress/wp-config.php(102): require_once('/wordpress/wp-s...')
#10 /wordpress/wp-load.php(50): require_once('/wordpress/wp-c...')
#11 /internal/eval.php(3): require_once('/wordpress/wp-l...')
#12 {main}</pre>
 for query SHOW COLUMNS FROM `wp_dbre_redirects` WHERE Field = 'title' made by require_once('wp-load.php'), require_once('wp-config.php'), require_once('wp-settings.php'), do_action('plugins_loaded'), WP_Hook->do_action, WP_Hook->apply_filters, dbre_check_version, WP_SQLite_DB->query, WP_SQLite_DB->print_error
[27-May-2025 10:57:58 UTC] WordPress database error <div style="clear:both">&nbsp;</div>
<div class="queries" style="clear:both;margin-bottom:2px;border:red dotted thin;">
<p>MySQL query:</p>
<p>ALTER TABLE `wp_dbre_redirects` ADD COLUMN `title` varchar(191) DEFAULT NULL AFTER `reference_id`</p>
<p>Queries made or created this session were:</p>
<ol>
<li>Executing: BEGIN | (no parameters)</li>
<li>Executing: SELECT 1 FROM sqlite_temp_schema WHERE type = 'table' AND name = ? | parameters: wp_dbre_redirects</li>
<li>Executing: SELECT
					COLUMN_NAME,
					LOWER(COLUMN_NAME) AS COLUMN_NAME_LOWERCASE
				FROM `_wp_sqlite_mysql_information_schema_columns` WHERE table_schema = ? AND table_name = ? | parameters: database_name_here, wp_dbre_redirects</li>
<li>Executing: SELECT 1 FROM sqlite_temp_schema WHERE type = 'table' AND name = ? | parameters: wp_dbre_redirects</li>
<li>Executing: 
				SELECT MAX(ordinal_position)
				FROM `_wp_sqlite_mysql_information_schema_columns`
				WHERE table_schema = ?
				AND table_name = ?
			 | parameters: database_name_here, wp_dbre_redirects</li>
<li>Executing: INSERT INTO `_wp_sqlite_mysql_information_schema_columns` (`table_schema`, `table_name`, `column_name`, `ordinal_position`, `column_default`, `is_nullable`, `data_type`, `character_maximum_length`, `character_octet_length`, `numeric_precision`, `numeric_scale`, `datetime_precision`, `character_set_name`, `collation_name`, `column_type`, `column_key`, `extra`, `privileges`, `column_comment`, `generation_expression`, `srs_id`) VALUES (?, ?, ?, ?, ?, ?, ?, ?, ?, ?, ?, ?, ?, ?, ?, ?, ?, ?, ?, ?, ?) | parameters: database_name_here, wp_dbre_redirects, title, 12, , YES, varchar, 191, 764, , , , utf8mb4, utf8mb4_general_ci, varchar(191), , , select,insert,update,references, , , </li>
<li>Executing: PRAGMA foreign_keys | (no parameters)</li>
<li>Executing: PRAGMA foreign_keys = OFF | (no parameters)</li>
<li>Executing: 
				SELECT *
				FROM `_wp_sqlite_mysql_information_schema_tables`
				WHERE table_type = 'BASE TABLE'
				AND table_schema = ?
				AND table_name = ?
			 | parameters: database_name_here, wp_dbre_redirects</li>
<li>Executing: SELECT * FROM `_wp_sqlite_mysql_information_schema_columns` WHERE table_schema = ? AND table_name = ? ORDER BY ordinal_position | parameters: database_name_here, wp_dbre_redirects</li>
<li>Executing: 
					SELECT *
					FROM `_wp_sqlite_mysql_information_schema_statistics`
					WHERE table_schema = ?
					AND table_name = ?
					ORDER BY
						INDEX_NAME = 'PRIMARY' DESC,
						NON_UNIQUE = '0' DESC,
						INDEX_TYPE = 'SPATIAL' DESC,
						INDEX_TYPE = 'BTREE' DESC,
						INDEX_TYPE = 'FULLTEXT' DESC,
						ROWID,
						SEQ_IN_INDEX
				 | parameters: database_name_here, wp_dbre_redirects</li>
<li>Executing: CREATE TABLE `_wp_sqlite_tmp_wp_dbre_redirects_68359ab67a508` (
  `id` INTEGER NOT NULL PRIMARY KEY AUTOINCREMENT,
  `type` TEXT COLLATE NOCASE NOT NULL,
  `reference_id` TEXT COLLATE NOCASE NOT NULL,
  `title` TEXT COLLATE NOCASE,
  `ios_url` TEXT COLLATE NOCASE,
  `android_url` TEXT COLLATE NOCASE,
  `backup_url` TEXT COLLATE NOCASE,
  `enabled` INTEGER DEFAULT '0',
  `created_at` TEXT COLLATE NOCASE DEFAULT CURRENT_TIMESTAMP,
  `updated_at` TEXT COLLATE NOCASE DEFAULT CURRENT_TIMESTAMP,
  `order` INTEGER DEFAULT '0',
  `title` TEXT COLLATE NOCASE
) STRICT | (no parameters)</li>
<li>Executing: ROLLBACK | (no parameters)</li>
</ol>
</div>
<div style="clear:both;margin-bottom:2px;border:red dotted thin;" class="error_message" style="border-bottom:dotted blue thin;">
SQLSTATE[HY000]: General error: 1 duplicate column name: title
</div>
<p>Backtrace:</p>
<pre>#0 /internal/shared/sqlite-database-integration/wp-includes/sqlite-ast/class-wp-sqlite-driver.php(683): WP_SQLite_Driver->new_driver_exception('SQLSTATE[HY000]...', 'HY000', Object(PDOException))
#1 /internal/shared/sqlite-database-integration/wp-includes/sqlite/class-wp-sqlite-db.php(491): WP_SQLite_Driver->query('ALTER TABLE `wp...')
#2 /internal/shared/sqlite-database-integration/wp-includes/sqlite/class-wp-sqlite-db.php(432): WP_SQLite_DB->_do_query('ALTER TABLE `wp...')
#3 /wordpress/wp-content/plugins/device-based-redirect/device-based-redirect.php(71): WP_SQLite_DB->query('ALTER TABLE `wp...')
#4 /wordpress/wp-includes/class-wp-hook.php(324): dbre_check_version('')
#5 /wordpress/wp-includes/class-wp-hook.php(348): WP_Hook->apply_filters(NULL, Array)
#6 /wordpress/wp-includes/plugin.php(517): WP_Hook->do_action(Array)
#7 /wordpress/wp-settings.php(578): do_action('plugins_loaded')
#8 /wordpress/wp-config.php(102): require_once('/wordpress/wp-s...')
#9 /wordpress/wp-load.php(50): require_once('/wordpress/wp-c...')
#10 /internal/eval.php(3): require_once('/wordpress/wp-l...')
#11 {main}</pre>
 for query ALTER TABLE `wp_dbre_redirects` ADD COLUMN `title` varchar(191) DEFAULT NULL AFTER `reference_id` made by require_once('wp-load.php'), require_once('wp-config.php'), require_once('wp-settings.php'), do_action('plugins_loaded'), WP_Hook->do_action, WP_Hook->apply_filters, dbre_check_version, WP_SQLite_DB->query, WP_SQLite_DB->print_error
[27-May-2025 10:58:07 UTC] WordPress database error <div style="clear:both">&nbsp;</div>
<div class="queries" style="clear:both;margin-bottom:2px;border:red dotted thin;">
<p>MySQL query:</p>
<p>ALTER TABLE `wp_dbre_redirects` ADD COLUMN `title` varchar(191) DEFAULT NULL AFTER `reference_id`</p>
<p>Queries made or created this session were:</p>
<ol>
<li>Executing: BEGIN | (no parameters)</li>
<li>Executing: INSERT INTO _mysql_data_types_cache (`table`, `column_or_index`, `mysql_type`)
				VALUES (:table, :column, :datatype)
				ON CONFLICT(`table`, `column_or_index`) DO UPDATE SET `mysql_type` = :datatype
			 | parameters: wp_dbre_redirects, title, varchar(191)</li>
<li>Executing: ALTER TABLE wp_dbre_redirects ADD COLUMN `title` text DEFAULT NULL   | (no parameters)</li>
<li>Executing: ROLLBACK | (no parameters)</li>
</ol>
</div>
<div style="clear:both;margin-bottom:2px;border:red dotted thin;" class="error_message" style="border-bottom:dotted blue thin;">
Error occurred at line 4117 in Function <code>handle_error</code>. Error message was: SQLSTATE[HY000]: General error: 1 duplicate column name: title.
</div>
<p>Backtrace:</p>
<pre>#0 /internal/shared/sqlite-database-integration/wp-includes/sqlite/class-wp-sqlite-db.php(287): WP_SQLite_Translator->get_error_message()
#1 /wordpress/wp-content/plugins/device-based-redirect/device-based-redirect.php(71): WP_SQLite_DB->query('ALTER TABLE `wp...')
#2 /wordpress/wp-includes/class-wp-hook.php(324): dbre_check_version('')
#3 /wordpress/wp-includes/class-wp-hook.php(348): WP_Hook->apply_filters(NULL, Array)
#4 /wordpress/wp-includes/plugin.php(517): WP_Hook->do_action(Array)
#5 /wordpress/wp-settings.php(578): do_action('plugins_loaded')
#6 /wordpress/wp-config.php(102): require_once('/wordpress/wp-s...')
#7 /wordpress/wp-load.php(50): require_once('/wordpress/wp-c...')
#8 /internal/eval.php(3): require_once('/wordpress/wp-l...')
#9 {main}</pre>
 for query ALTER TABLE `wp_dbre_redirects` ADD COLUMN `title` varchar(191) DEFAULT NULL AFTER `reference_id` made by require_once('wp-load.php'), require_once('wp-config.php'), require_once('wp-settings.php'), do_action('plugins_loaded'), WP_Hook->do_action, WP_Hook->apply_filters, dbre_check_version, WP_SQLite_DB->query, WP_SQLite_DB->print_error
[27-May-2025 10:58:16 UTC] WordPress database error <div style="clear:both">&nbsp;</div>
<div class="queries" style="clear:both;margin-bottom:2px;border:red dotted thin;">
<p>MySQL query:</p>
<p>ALTER TABLE `wp_dbre_redirects` ADD COLUMN `title` varchar(191) DEFAULT NULL AFTER `reference_id`</p>
<p>Queries made or created this session were:</p>
<ol>
<li>Executing: BEGIN | (no parameters)</li>
<li>Executing: INSERT INTO _mysql_data_types_cache (`table`, `column_or_index`, `mysql_type`)
				VALUES (:table, :column, :datatype)
				ON CONFLICT(`table`, `column_or_index`) DO UPDATE SET `mysql_type` = :datatype
			 | parameters: wp_dbre_redirects, title, varchar(191)</li>
<li>Executing: ALTER TABLE wp_dbre_redirects ADD COLUMN `title` text DEFAULT NULL   | (no parameters)</li>
<li>Executing: ROLLBACK | (no parameters)</li>
</ol>
</div>
<div style="clear:both;margin-bottom:2px;border:red dotted thin;" class="error_message" style="border-bottom:dotted blue thin;">
Error occurred at line 4117 in Function <code>handle_error</code>. Error message was: SQLSTATE[HY000]: General error: 1 duplicate column name: title.
</div>
<p>Backtrace:</p>
<pre>#0 /internal/shared/sqlite-database-integration/wp-includes/sqlite/class-wp-sqlite-db.php(287): WP_SQLite_Translator->get_error_message()
#1 /wordpress/wp-content/plugins/device-based-redirect/device-based-redirect.php(71): WP_SQLite_DB->query('ALTER TABLE `wp...')
#2 /wordpress/wp-includes/class-wp-hook.php(324): dbre_check_version('')
#3 /wordpress/wp-includes/class-wp-hook.php(348): WP_Hook->apply_filters(NULL, Array)
#4 /wordpress/wp-includes/plugin.php(517): WP_Hook->do_action(Array)
#5 /wordpress/wp-settings.php(578): do_action('plugins_loaded')
#6 /wordpress/wp-config.php(102): require_once('/wordpress/wp-s...')
#7 /wordpress/wp-load.php(50): require_once('/wordpress/wp-c...')
#8 /internal/eval.php(3): require_once('/wordpress/wp-l...')
#9 {main}</pre>
 for query ALTER TABLE `wp_dbre_redirects` ADD COLUMN `title` varchar(191) DEFAULT NULL AFTER `reference_id` made by require_once('wp-load.php'), require_once('wp-config.php'), require_once('wp-settings.php'), do_action('plugins_loaded'), WP_Hook->do_action, WP_Hook->apply_filters, dbre_check_version, WP_SQLite_DB->query, WP_SQLite_DB->print_error
[27-May-2025 10:58:25 UTC] PHP Fatal error:  Array and string offset access syntax with curly braces is no longer supported in /wordpress/wp-content/plugins/df-fileconf/df_fileconf.php on line 156
[27-May-2025 10:58:33 UTC] PHP Fatal error:  Array and string offset access syntax with curly braces is no longer supported in /wordpress/wp-content/plugins/df-fileconf/df_fileconf.php on line 156
[27-May-2025 10:58:40 UTC] PHP Fatal error:  Array and string offset access syntax with curly braces is no longer supported in /wordpress/wp-content/plugins/df-fileconf/df_fileconf.php on line 156
[27-May-2025 11:00:27 UTC] PHP Deprecated:  Required parameter $nonce follows optional parameter $formdata in /wordpress/wp-content/plugins/directoryengines-counter/framework/Forms.php on line 65
[27-May-2025 11:00:27 UTC] PHP Deprecated:  Required parameter $args follows optional parameter $file in /wordpress/wp-content/plugins/directoryengines-counter/framework/Cron.php on line 24
[27-May-2025 11:00:28 UTC] PHP Deprecated:  Required parameter $nonce follows optional parameter $formdata in /wordpress/wp-content/plugins/directoryengines-counter/framework/Forms.php on line 65
[27-May-2025 11:00:28 UTC] PHP Deprecated:  Required parameter $args follows optional parameter $file in /wordpress/wp-content/plugins/directoryengines-counter/framework/Cron.php on line 24
[27-May-2025 11:00:37 UTC] PHP Deprecated:  Required parameter $nonce follows optional parameter $formdata in /wordpress/wp-content/plugins/directoryengines-counter/framework/Forms.php on line 65
[27-May-2025 11:00:37 UTC] PHP Deprecated:  Required parameter $args follows optional parameter $file in /wordpress/wp-content/plugins/directoryengines-counter/framework/Cron.php on line 24
[27-May-2025 11:00:38 UTC] PHP Deprecated:  Required parameter $nonce follows optional parameter $formdata in /wordpress/wp-content/plugins/directoryengines-counter/framework/Forms.php on line 65
[27-May-2025 11:00:38 UTC] PHP Deprecated:  Required parameter $args follows optional parameter $file in /wordpress/wp-content/plugins/directoryengines-counter/framework/Cron.php on line 24
[27-May-2025 11:00:45 UTC] PHP Deprecated:  Required parameter $nonce follows optional parameter $formdata in /wordpress/wp-content/plugins/directoryengines-counter/framework/Forms.php on line 65
[27-May-2025 11:00:45 UTC] PHP Deprecated:  Required parameter $args follows optional parameter $file in /wordpress/wp-content/plugins/directoryengines-counter/framework/Cron.php on line 24
[27-May-2025 11:00:47 UTC] PHP Deprecated:  Required parameter $nonce follows optional parameter $formdata in /wordpress/wp-content/plugins/directoryengines-counter/framework/Forms.php on line 65
[27-May-2025 11:00:47 UTC] PHP Deprecated:  Required parameter $args follows optional parameter $file in /wordpress/wp-content/plugins/directoryengines-counter/framework/Cron.php on line 24
[27-May-2025 11:02:11 UTC] PHP Warning:  Undefined array key "SERVER_ADDR" in /wordpress/wp-content/plugins/display-live-visitors-counter/display-live-visitors-counter.php on line 79
[27-May-2025 11:02:20 UTC] PHP Warning:  Undefined array key "SERVER_ADDR" in /wordpress/wp-content/plugins/display-live-visitors-counter/display-live-visitors-counter.php on line 79
[27-May-2025 11:02:29 UTC] PHP Warning:  Undefined array key "SERVER_ADDR" in /wordpress/wp-content/plugins/display-live-visitors-counter/display-live-visitors-counter.php on line 79
[27-May-2025 11:03:59 UTC] PHP Warning:  Trying to access array offset on value of type bool in /wordpress/wp-content/plugins/doublewp-tcpdf-wrapper/includes/class-tcpdf-wrapper.php on line 102
[27-May-2025 11:04:00 UTC] PHP Warning:  Trying to access array offset on value of type bool in /wordpress/wp-content/plugins/doublewp-tcpdf-wrapper/includes/class-tcpdf-wrapper.php on line 102
[27-May-2025 11:04:08 UTC] PHP Warning:  Trying to access array offset on value of type bool in /wordpress/wp-content/plugins/doublewp-tcpdf-wrapper/includes/class-tcpdf-wrapper.php on line 102
[27-May-2025 11:04:09 UTC] PHP Warning:  Trying to access array offset on value of type bool in /wordpress/wp-content/plugins/doublewp-tcpdf-wrapper/includes/class-tcpdf-wrapper.php on line 102
[27-May-2025 11:04:19 UTC] PHP Warning:  Trying to access array offset on value of type bool in /wordpress/wp-content/plugins/doublewp-tcpdf-wrapper/includes/class-tcpdf-wrapper.php on line 102
[27-May-2025 11:04:20 UTC] PHP Warning:  Trying to access array offset on value of type bool in /wordpress/wp-content/plugins/doublewp-tcpdf-wrapper/includes/class-tcpdf-wrapper.php on line 102
[27-May-2025 11:04:32 UTC] PHP Notice:  Undefined index: REMOTE_ADDR in /wordpress/wp-content/plugins/dynamic-mailto/admin/field_helpers.php on line 24
[27-May-2025 11:04:32 UTC] PHP Fatal error:  Uncaught Exception: Invalid IP in /wordpress/wp-content/plugins/dynamic-mailto/vendor/murrelljenna/freegeoip-php-wrapper/FreeGeoIp.php:47
Stack trace:
#0 /wordpress/wp-content/plugins/dynamic-mailto/admin/field_helpers.php(42): FreeGeoIp->fetch(NULL)
#1 /wordpress/wp-content/plugins/dynamic-mailto/admin/field_loader.php(42): jmurrell\DynMailto\Field_Helpers::get_user_location()
#2 /wordpress/wp-content/plugins/dynamic-mailto/admin/field_loader.php(98): jmurrell\DynMailto\Field_Loader::init_static_fields()
#3 /wordpress/wp-content/plugins/dynamic-mailto/dyn-mailto-widget.php(50): include_once('/wordpress/wp-c...')
#4 /wordpress/wp-includes/class-wp-widget-factory.php(62): jmurrell\DynMailto\Widget->__construct()
#5 /wordpress/wp-includes/widgets.php(123): WP_Widget_Factory->register('jmurrell\\DynMai...')
#6 /wordpress/wp-content/plugins/dynamic-mailto/dyn-mailto.php(33): register_widget('jmurrell\\DynMai...')
#7 /wordpress/wp-includes/class-wp-hook.php(324): jmurrell\DynMailto\register_dyn_mailto_widget('')
# in /wordpress/wp-content/plugins/dynamic-mailto/vendor/murrelljenna/freegeoip-php-wrapper/FreeGeoIp.php on line 47
[27-May-2025 11:04:43 UTC] PHP Notice:  Undefined index: REMOTE_ADDR in /wordpress/wp-content/plugins/dynamic-mailto/admin/field_helpers.php on line 24
[27-May-2025 11:04:43 UTC] PHP Fatal error:  Uncaught Exception: Invalid IP in /wordpress/wp-content/plugins/dynamic-mailto/vendor/murrelljenna/freegeoip-php-wrapper/FreeGeoIp.php:47
Stack trace:
#0 /wordpress/wp-content/plugins/dynamic-mailto/admin/field_helpers.php(42): FreeGeoIp->fetch(NULL)
#1 /wordpress/wp-content/plugins/dynamic-mailto/admin/field_loader.php(42): jmurrell\DynMailto\Field_Helpers::get_user_location()
#2 /wordpress/wp-content/plugins/dynamic-mailto/admin/field_loader.php(98): jmurrell\DynMailto\Field_Loader::init_static_fields()
#3 /wordpress/wp-content/plugins/dynamic-mailto/dyn-mailto-widget.php(50): include_once('/wordpress/wp-c...')
#4 /wordpress/wp-includes/class-wp-widget-factory.php(62): jmurrell\DynMailto\Widget->__construct()
#5 /wordpress/wp-includes/widgets.php(123): WP_Widget_Factory->register('jmurrell\\DynMai...')
#6 /wordpress/wp-content/plugins/dynamic-mailto/dyn-mailto.php(33): register_widget('jmurrell\\DynMai...')
#7 /wordpress/wp-includes/class-wp-hook.php(324): jmurrell\DynMailto\register_dyn_mailto_widget('')
# in /wordpress/wp-content/plugins/dynamic-mailto/vendor/murrelljenna/freegeoip-php-wrapper/FreeGeoIp.php on line 47
[27-May-2025 11:04:54 UTC] PHP Notice:  Undefined index: REMOTE_ADDR in /wordpress/wp-content/plugins/dynamic-mailto/admin/field_helpers.php on line 24
[27-May-2025 11:04:54 UTC] PHP Fatal error:  Uncaught Exception: Invalid IP in /wordpress/wp-content/plugins/dynamic-mailto/vendor/murrelljenna/freegeoip-php-wrapper/FreeGeoIp.php:47
Stack trace:
#0 /wordpress/wp-content/plugins/dynamic-mailto/admin/field_helpers.php(42): FreeGeoIp->fetch(NULL)
#1 /wordpress/wp-content/plugins/dynamic-mailto/admin/field_loader.php(42): jmurrell\DynMailto\Field_Helpers::get_user_location()
#2 /wordpress/wp-content/plugins/dynamic-mailto/admin/field_loader.php(98): jmurrell\DynMailto\Field_Loader::init_static_fields()
#3 /wordpress/wp-content/plugins/dynamic-mailto/dyn-mailto-widget.php(50): include_once('/wordpress/wp-c...')
#4 /wordpress/wp-includes/class-wp-widget-factory.php(62): jmurrell\DynMailto\Widget->__construct()
#5 /wordpress/wp-includes/widgets.php(123): WP_Widget_Factory->register('jmurrell\\DynMai...')
#6 /wordpress/wp-content/plugins/dynamic-mailto/dyn-mailto.php(33): register_widget('jmurrell\\DynMai...')
#7 /wordpress/wp-includes/class-wp-hook.php(324): jmurrell\DynMailto\register_dyn_mailto_widget('')
# in /wordpress/wp-content/plugins/dynamic-mailto/vendor/murrelljenna/freegeoip-php-wrapper/FreeGeoIp.php on line 47

    at Object.onBind (file:///home/runner/work/playground-tester/playground-tester/node_modules/@wp-playground/cli/index.js:237:15)
    at process.processTicksAndRejections (node:internal/process/task_queues:105:5)
    at async V (file:///home/runner/work/playground-tester/playground-tester/node_modules/@wp-playground/cli/index.js:64:10)
    at async ja (file:///home/runner/work/playground-tester/playground-tester/node_modules/@wp-playground/cli/cli.js:8161:12) {
  [cause]: Error: Error when executing the blueprint step #1 ({"step":"installPlugin","pluginData":{"resource":"wordpress.org/plugins","slug":"dynamic-mailto"},"options":{"activate":true}}) : PHP.run() failed with exit code 255 and the following output: 
      at Object.run (file:///home/runner/work/playground-tester/playground-tester/node_modules/@wp-playground/blueprints/index.js:12449:19)
      at process.processTicksAndRejections (node:internal/process/task_queues:105:5)
      at async ms (file:///home/runner/work/playground-tester/playground-tester/node_modules/@wp-playground/blueprints/index.js:12552:3)
      ... 2 lines matching cause stack trace ...
      at async ja (file:///home/runner/work/playground-tester/playground-tester/node_modules/@wp-playground/cli/cli.js:8161:12) {
    [cause]: PHPExecutionFailureError: PHP.run() failed with exit code 255 and the following output: 
        at PHP.run (file:///home/runner/work/playground-tester/playground-tester/node_modules/@php-wasm/universal/index.js:987:19)
        at process.processTicksAndRejections (node:internal/process/task_queues:105:5)
        at async wr (file:///home/runner/work/playground-tester/playground-tester/node_modules/@wp-playground/blueprints/index.js:73:13)
        at async Object.gt [as installPlugin] (file:///home/runner/work/playground-tester/playground-tester/node_modules/@wp-playground/blueprints/index.js:974:42)
        at async g (file:///home/runner/work/playground-tester/playground-tester/node_modules/@wp-playground/blueprints/index.js:12517:30)
        at async Object.run (file:///home/runner/work/playground-tester/playground-tester/node_modules/@wp-playground/blueprints/index.js:12446:23)
        at async ms (file:///home/runner/work/playground-tester/playground-tester/node_modules/@wp-playground/blueprints/index.js:12552:3)
        at async Object.onBind (file:///home/runner/work/playground-tester/playground-tester/node_modules/@wp-playground/cli/index.js:227:48)
        at async V (file:///home/runner/work/playground-tester/playground-tester/node_modules/@wp-playground/cli/index.js:64:10)
        at async ja (file:///home/runner/work/playground-tester/playground-tester/node_modules/@wp-playground/cli/cli.js:8161:12) {
      response: PHPResponse {
        httpStatusCode: 500,
        headers: {
          'x-powered-by': [ 'PHP/7.2.34-dev' ],
          'content-type': [ 'text/html; charset=UTF-8' ],
          expires: [ 'Wed, 11 Jan 1984 05:00:00 GMT' ],
          'cache-control': [ 'no-cache, must-revalidate, max-age=0, no-store, private' ]
        },
        bytes: Uint8Array(2653) [
           60,  33,  68,  79,  67,  84,  89,  80,  69,  32, 104, 116,
          109, 108,  62,  10,  60, 104, 116, 109, 108,  32, 108,  97,
          110, 103,  61,  34, 101, 110,  45,  85,  83,  34,  62,  10,
           60, 104, 101,  97, 100,  62,  10,   9,  60, 109, 101, 116,
           97,  32, 104, 116, 116, 112,  45, 101, 113, 117, 105, 118,
           61,  34,  67, 111, 110, 116, 101, 110, 116,  45,  84, 121,
          112, 101,  34,  32,  99, 111, 110, 116, 101, 110, 116,  61,
           34, 116, 101, 120, 116,  47, 104, 116, 109, 108,  59,  32,
           99, 104,  97, 114,
          ... 2553 more items
        ],
        exitCode: 255,
        errors: ''
      },
      source: 'request'
    }
  }
}

Node.js v23.11.0
