file:///home/runner/work/playground-tester/playground-tester/node_modules/@wp-playground/cli/run-cli-j-geJYS3.js:325
        throw new Error($, { cause: h });
              ^

Error: [21-Jun-2025 16:54:48 UTC] PHP Deprecated:  Required parameter $is_cron follows optional parameter $from in /wordpress/wp-content/plugins/wordpress-flash-uploader/inc/wfu-sync.php on line 296
[21-Jun-2025 16:54:49 UTC] PHP Deprecated:  Required parameter $is_cron follows optional parameter $from in /wordpress/wp-content/plugins/wordpress-flash-uploader/inc/wfu-sync.php on line 296
[21-Jun-2025 16:54:57 UTC] PHP Deprecated:  Required parameter $is_cron follows optional parameter $from in /wordpress/wp-content/plugins/wordpress-flash-uploader/inc/wfu-sync.php on line 296
[21-Jun-2025 16:54:58 UTC] PHP Deprecated:  Required parameter $is_cron follows optional parameter $from in /wordpress/wp-content/plugins/wordpress-flash-uploader/inc/wfu-sync.php on line 296
[21-Jun-2025 16:55:07 UTC] PHP Deprecated:  Required parameter $is_cron follows optional parameter $from in /wordpress/wp-content/plugins/wordpress-flash-uploader/inc/wfu-sync.php on line 296
[21-Jun-2025 16:55:08 UTC] PHP Deprecated:  Required parameter $is_cron follows optional parameter $from in /wordpress/wp-content/plugins/wordpress-flash-uploader/inc/wfu-sync.php on line 296
[21-Jun-2025 16:58:10 UTC] PHP Warning:  mysqli::__construct(): (HY000/2002): Address family not supported by protocol in /wordpress/wp-content/plugins/wp-database-session-handler/session_handler.php on line 109
[21-Jun-2025 16:58:10 UTC] PHP Fatal error:  Uncaught Exception: Connect Error (2002) Address family not supported by protocol in /wordpress/wp-content/plugins/wp-database-session-handler/session_handler.php:112
Stack trace:
#0 /wordpress/wp-content/plugins/wp-database-session-handler/session_handler.php(39): SC\WPSH\SC_MySqlSessionHandler::setDbDetails('localhost', 'username_here', 'password_here', 'database_name_h...')
#1 /wordpress/wp-content/plugins/wp-database-session-handler/session_handler.php(29): SC\WPSH\SC_MySqlSessionHandler::activate_session_handler()
#2 /wordpress/wp-content/plugins/wp-database-session-handler/sc-session-handler.php(67): SC\WPSH\SC_MySqlSessionHandler::init()
#3 /wordpress/wp-admin/includes/plugin.php(2387): include_once('/wordpress/wp-c...')
#4 /wordpress/wp-admin/includes/plugin.php(673): plugin_sandbox_scrape('wp-database-ses...')
#5 /internal/eval.php(20): activate_plugin('wp-database-ses...')
#6 {main}
  thrown in /wordpress/wp-content/plugins/wp-database-session-handler/session_handler.php on line 112
[21-Jun-2025 16:58:19 UTC] PHP Warning:  mysqli::__construct(): (HY000/2002): Address family not supported by protocol in /wordpress/wp-content/plugins/wp-database-session-handler/session_handler.php on line 109
[21-Jun-2025 16:58:19 UTC] PHP Fatal error:  Uncaught Exception: Connect Error (2002) Address family not supported by protocol in /wordpress/wp-content/plugins/wp-database-session-handler/session_handler.php:112
Stack trace:
#0 /wordpress/wp-content/plugins/wp-database-session-handler/session_handler.php(39): SC\WPSH\SC_MySqlSessionHandler::setDbDetails('localhost', 'username_here', 'password_here', 'database_name_h...')
#1 /wordpress/wp-content/plugins/wp-database-session-handler/session_handler.php(29): SC\WPSH\SC_MySqlSessionHandler::activate_session_handler()
#2 /wordpress/wp-content/plugins/wp-database-session-handler/sc-session-handler.php(67): SC\WPSH\SC_MySqlSessionHandler::init()
#3 /wordpress/wp-admin/includes/plugin.php(2387): include_once('/wordpress/wp-c...')
#4 /wordpress/wp-admin/includes/plugin.php(673): plugin_sandbox_scrape('wp-database-ses...')
#5 /internal/eval.php(20): activate_plugin('wp-database-ses...')
#6 {main}
  thrown in /wordpress/wp-content/plugins/wp-database-session-handler/session_handler.php on line 112
[21-Jun-2025 16:58:28 UTC] PHP Warning:  mysqli::__construct(): (HY000/2002): Address family not supported by protocol in /wordpress/wp-content/plugins/wp-database-session-handler/session_handler.php on line 109
[21-Jun-2025 16:58:28 UTC] PHP Fatal error:  Uncaught Exception: Connect Error (2002) Address family not supported by protocol in /wordpress/wp-content/plugins/wp-database-session-handler/session_handler.php:112
Stack trace:
#0 /wordpress/wp-content/plugins/wp-database-session-handler/session_handler.php(39): SC\WPSH\SC_MySqlSessionHandler::setDbDetails('localhost', 'username_here', 'password_here', 'database_name_h...')
#1 /wordpress/wp-content/plugins/wp-database-session-handler/session_handler.php(29): SC\WPSH\SC_MySqlSessionHandler::activate_session_handler()
#2 /wordpress/wp-content/plugins/wp-database-session-handler/sc-session-handler.php(67): SC\WPSH\SC_MySqlSessionHandler::init()
#3 /wordpress/wp-admin/includes/plugin.php(2387): include_once('/wordpress/wp-c...')
#4 /wordpress/wp-admin/includes/plugin.php(673): plugin_sandbox_scrape('wp-database-ses...')
#5 /internal/eval.php(20): activate_plugin('wp-database-ses...')
#6 {main}
  thrown in /wordpress/wp-content/plugins/wp-database-session-handler/session_handler.php on line 112
[21-Jun-2025 16:59:27 UTC] PHP Fatal error:  Uncaught ArgumentCountError: Too few arguments to function WP_Widget::__construct(), 0 passed in /wordpress/wp-includes/class-wp-widget-factory.php on line 62 and at least 2 expected in /wordpress/wp-includes/class-wp-widget.php:163
Stack trace:
#0 /wordpress/wp-includes/class-wp-widget-factory.php(62): WP_Widget->__construct()
#1 /wordpress/wp-includes/widgets.php(123): WP_Widget_Factory->register('WP_Recent_Views...')
#2 /wordpress/wp-content/plugins/wp-recent-views/wp-recent-views.php(50): register_widget('WP_Recent_Views...')
#3 /wordpress/wp-includes/class-wp-hook.php(324): WP_Recent_Views->register_widget('')
#4 /wordpress/wp-includes/class-wp-hook.php(348): WP_Hook->apply_filters(NULL, Array)
#5 /wordpress/wp-includes/plugin.php(517): WP_Hook->do_action(Array)
#6 /wordpress/wp-includes/widgets.php(1870): do_action('widgets_init')
#7 /wordpress/wp-includes/class-wp-hook.php(324): wp_widgets_init('')
#8 /wordpress/wp-includes/class-wp-hook.php(348): WP_Hook->apply_filters(NULL, Array)
#9 /wordpress/wp-includes/plugin.php(517): WP_Hook->do_action(Array)
#10 /wordpress/wp-settings.php(727): do_action('init')
#11 /wordpress/wp-config.php(102): require_once('/wordpress/wp-s...')
#12 /wordpress/wp-load.php(50): require_once('/wordpress/wp-c...')
#13 /internal/eval.php(3): require_once('/wordpress/wp-l...')
#14 {main}
  thrown in /wordpress/wp-includes/class-wp-widget.php on line 163
[21-Jun-2025 16:59:37 UTC] PHP Fatal error:  Uncaught ArgumentCountError: Too few arguments to function WP_Widget::__construct(), 0 passed in /wordpress/wp-includes/class-wp-widget-factory.php on line 62 and at least 2 expected in /wordpress/wp-includes/class-wp-widget.php:163
Stack trace:
#0 /wordpress/wp-includes/class-wp-widget-factory.php(62): WP_Widget->__construct()
#1 /wordpress/wp-includes/widgets.php(123): WP_Widget_Factory->register('WP_Recent_Views...')
#2 /wordpress/wp-content/plugins/wp-recent-views/wp-recent-views.php(50): register_widget('WP_Recent_Views...')
#3 /wordpress/wp-includes/class-wp-hook.php(324): WP_Recent_Views->register_widget('')
#4 /wordpress/wp-includes/class-wp-hook.php(348): WP_Hook->apply_filters(NULL, Array)
#5 /wordpress/wp-includes/plugin.php(517): WP_Hook->do_action(Array)
#6 /wordpress/wp-includes/widgets.php(1870): do_action('widgets_init')
#7 /wordpress/wp-includes/class-wp-hook.php(324): wp_widgets_init('')
#8 /wordpress/wp-includes/class-wp-hook.php(348): WP_Hook->apply_filters(NULL, Array)
#9 /wordpress/wp-includes/plugin.php(517): WP_Hook->do_action(Array)
#10 /wordpress/wp-settings.php(727): do_action('init')
#11 /wordpress/wp-config.php(102): require_once('/wordpress/wp-s...')
#12 /wordpress/wp-load.php(50): require_once('/wordpress/wp-c...')
#13 /internal/eval.php(3): require_once('/wordpress/wp-l...')
#14 {main}
  thrown in /wordpress/wp-includes/class-wp-widget.php on line 163
[21-Jun-2025 16:59:46 UTC] PHP Fatal error:  Uncaught ArgumentCountError: Too few arguments to function WP_Widget::__construct(), 0 passed in /wordpress/wp-includes/class-wp-widget-factory.php on line 62 and at least 2 expected in /wordpress/wp-includes/class-wp-widget.php:163
Stack trace:
#0 /wordpress/wp-includes/class-wp-widget-factory.php(62): WP_Widget->__construct()
#1 /wordpress/wp-includes/widgets.php(123): WP_Widget_Factory->register('WP_Recent_Views...')
#2 /wordpress/wp-content/plugins/wp-recent-views/wp-recent-views.php(50): register_widget('WP_Recent_Views...')
#3 /wordpress/wp-includes/class-wp-hook.php(324): WP_Recent_Views->register_widget('')
#4 /wordpress/wp-includes/class-wp-hook.php(348): WP_Hook->apply_filters(NULL, Array)
#5 /wordpress/wp-includes/plugin.php(517): WP_Hook->do_action(Array)
#6 /wordpress/wp-includes/widgets.php(1870): do_action('widgets_init')
#7 /wordpress/wp-includes/class-wp-hook.php(324): wp_widgets_init('')
#8 /wordpress/wp-includes/class-wp-hook.php(348): WP_Hook->apply_filters(NULL, Array)
#9 /wordpress/wp-includes/plugin.php(517): WP_Hook->do_action(Array)
#10 /wordpress/wp-settings.php(727): do_action('init')
#11 /wordpress/wp-config.php(102): require_once('/wordpress/wp-s...')
#12 /wordpress/wp-load.php(50): require_once('/wordpress/wp-c...')
#13 /internal/eval.php(3): require_once('/wordpress/wp-l...')
#14 {main}
  thrown in /wordpress/wp-includes/class-wp-widget.php on line 163
[21-Jun-2025 16:59:55 UTC] PHP Warning:  Undefined array key "post_type" in /wordpress/wp-content/plugins/wpi-custom-admin-columns-for-sorting-and-filtering/wpi_custom_filter.php on line 12
[21-Jun-2025 16:59:55 UTC] PHP Warning:  Trying to access array offset on value of type bool in /wordpress/wp-content/plugins/wpi-custom-admin-columns-for-sorting-and-filtering/wpi_custom_filter.php on line 14
[21-Jun-2025 16:59:55 UTC] PHP Warning:  Trying to access array offset on value of type bool in /wordpress/wp-content/plugins/wpi-custom-admin-columns-for-sorting-and-filtering/wpi_custom_filter.php on line 16
[21-Jun-2025 16:59:55 UTC] PHP Warning:  Trying to access array offset on value of type bool in /wordpress/wp-content/plugins/wpi-custom-admin-columns-for-sorting-and-filtering/wpi_custom_filter.php on line 17
[21-Jun-2025 16:59:56 UTC] PHP Warning:  Undefined array key "post_type" in /wordpress/wp-content/plugins/wpi-custom-admin-columns-for-sorting-and-filtering/wpi_custom_filter.php on line 12
[21-Jun-2025 16:59:56 UTC] PHP Warning:  Trying to access array offset on value of type bool in /wordpress/wp-content/plugins/wpi-custom-admin-columns-for-sorting-and-filtering/wpi_custom_filter.php on line 14
[21-Jun-2025 16:59:56 UTC] PHP Warning:  Trying to access array offset on value of type bool in /wordpress/wp-content/plugins/wpi-custom-admin-columns-for-sorting-and-filtering/wpi_custom_filter.php on line 16
[21-Jun-2025 16:59:56 UTC] PHP Warning:  Trying to access array offset on value of type bool in /wordpress/wp-content/plugins/wpi-custom-admin-columns-for-sorting-and-filtering/wpi_custom_filter.php on line 17
[21-Jun-2025 17:00:05 UTC] PHP Warning:  Undefined array key "post_type" in /wordpress/wp-content/plugins/wpi-custom-admin-columns-for-sorting-and-filtering/wpi_custom_filter.php on line 12
[21-Jun-2025 17:00:05 UTC] PHP Warning:  Trying to access array offset on value of type bool in /wordpress/wp-content/plugins/wpi-custom-admin-columns-for-sorting-and-filtering/wpi_custom_filter.php on line 14
[21-Jun-2025 17:00:05 UTC] PHP Warning:  Trying to access array offset on value of type bool in /wordpress/wp-content/plugins/wpi-custom-admin-columns-for-sorting-and-filtering/wpi_custom_filter.php on line 16
[21-Jun-2025 17:00:05 UTC] PHP Warning:  Trying to access array offset on value of type bool in /wordpress/wp-content/plugins/wpi-custom-admin-columns-for-sorting-and-filtering/wpi_custom_filter.php on line 17
[21-Jun-2025 17:00:06 UTC] PHP Warning:  Undefined array key "post_type" in /wordpress/wp-content/plugins/wpi-custom-admin-columns-for-sorting-and-filtering/wpi_custom_filter.php on line 12
[21-Jun-2025 17:00:06 UTC] PHP Warning:  Trying to access array offset on value of type bool in /wordpress/wp-content/plugins/wpi-custom-admin-columns-for-sorting-and-filtering/wpi_custom_filter.php on line 14
[21-Jun-2025 17:00:06 UTC] PHP Warning:  Trying to access array offset on value of type bool in /wordpress/wp-content/plugins/wpi-custom-admin-columns-for-sorting-and-filtering/wpi_custom_filter.php on line 16
[21-Jun-2025 17:00:06 UTC] PHP Warning:  Trying to access array offset on value of type bool in /wordpress/wp-content/plugins/wpi-custom-admin-columns-for-sorting-and-filtering/wpi_custom_filter.php on line 17
[21-Jun-2025 17:00:14 UTC] PHP Warning:  Undefined array key "post_type" in /wordpress/wp-content/plugins/wpi-custom-admin-columns-for-sorting-and-filtering/wpi_custom_filter.php on line 12
[21-Jun-2025 17:00:14 UTC] PHP Warning:  Trying to access array offset on value of type bool in /wordpress/wp-content/plugins/wpi-custom-admin-columns-for-sorting-and-filtering/wpi_custom_filter.php on line 14
[21-Jun-2025 17:00:14 UTC] PHP Warning:  Trying to access array offset on value of type bool in /wordpress/wp-content/plugins/wpi-custom-admin-columns-for-sorting-and-filtering/wpi_custom_filter.php on line 16
[21-Jun-2025 17:00:14 UTC] PHP Warning:  Trying to access array offset on value of type bool in /wordpress/wp-content/plugins/wpi-custom-admin-columns-for-sorting-and-filtering/wpi_custom_filter.php on line 17
[21-Jun-2025 17:00:15 UTC] PHP Warning:  Undefined array key "post_type" in /wordpress/wp-content/plugins/wpi-custom-admin-columns-for-sorting-and-filtering/wpi_custom_filter.php on line 12
[21-Jun-2025 17:00:15 UTC] PHP Warning:  Trying to access array offset on value of type bool in /wordpress/wp-content/plugins/wpi-custom-admin-columns-for-sorting-and-filtering/wpi_custom_filter.php on line 14
[21-Jun-2025 17:00:15 UTC] PHP Warning:  Trying to access array offset on value of type bool in /wordpress/wp-content/plugins/wpi-custom-admin-columns-for-sorting-and-filtering/wpi_custom_filter.php on line 16
[21-Jun-2025 17:00:15 UTC] PHP Warning:  Trying to access array offset on value of type bool in /wordpress/wp-content/plugins/wpi-custom-admin-columns-for-sorting-and-filtering/wpi_custom_filter.php on line 17
[21-Jun-2025 17:00:24 UTC] PHP Deprecated:  Required parameter $title follows optional parameter $editable in /wordpress/wp-content/plugins/wpmu-prefill-post/wpmu-prefill-post.php on line 384
[21-Jun-2025 17:00:25 UTC] PHP Deprecated:  Required parameter $title follows optional parameter $editable in /wordpress/wp-content/plugins/wpmu-prefill-post/wpmu-prefill-post.php on line 384
[21-Jun-2025 17:00:33 UTC] PHP Deprecated:  Required parameter $title follows optional parameter $editable in /wordpress/wp-content/plugins/wpmu-prefill-post/wpmu-prefill-post.php on line 384
[21-Jun-2025 17:00:35 UTC] PHP Deprecated:  Required parameter $title follows optional parameter $editable in /wordpress/wp-content/plugins/wpmu-prefill-post/wpmu-prefill-post.php on line 384
[21-Jun-2025 17:00:43 UTC] PHP Deprecated:  Required parameter $title follows optional parameter $editable in /wordpress/wp-content/plugins/wpmu-prefill-post/wpmu-prefill-post.php on line 384
[21-Jun-2025 17:00:44 UTC] PHP Deprecated:  Required parameter $title follows optional parameter $editable in /wordpress/wp-content/plugins/wpmu-prefill-post/wpmu-prefill-post.php on line 384
[21-Jun-2025 17:02:51 UTC] PHP Warning:  "continue" targeting switch is equivalent to "break". Did you mean to use "continue 2"? in /wordpress/wp-content/plugins/wp-e-commerce-catalog-visibility-and-email-inquiry/admin/admin-interface.php on line 243
[21-Jun-2025 17:02:51 UTC] PHP Warning:  file_get_contents(/wordpress/wp-content/plugins/wp-e-commerce/wp-shopping-cart.php): Failed to open stream: No such file or directory in /wordpress/wp-includes/functions.php on line 6900
[21-Jun-2025 17:02:52 UTC] PHP Fatal error:  Array and string offset access syntax with curly braces is no longer supported in /wordpress/wp-content/plugins/wp-e-commerce-catalog-visibility-and-email-inquiry/admin/less/lib/lessc.inc.php on line 717
[21-Jun-2025 17:03:01 UTC] PHP Warning:  "continue" targeting switch is equivalent to "break". Did you mean to use "continue 2"? in /wordpress/wp-content/plugins/wp-e-commerce-catalog-visibility-and-email-inquiry/admin/admin-interface.php on line 243
[21-Jun-2025 17:03:01 UTC] PHP Warning:  file_get_contents(/wordpress/wp-content/plugins/wp-e-commerce/wp-shopping-cart.php): Failed to open stream: No such file or directory in /wordpress/wp-includes/functions.php on line 6900
[21-Jun-2025 17:03:01 UTC] PHP Fatal error:  Array and string offset access syntax with curly braces is no longer supported in /wordpress/wp-content/plugins/wp-e-commerce-catalog-visibility-and-email-inquiry/admin/less/lib/lessc.inc.php on line 717
[21-Jun-2025 17:03:10 UTC] PHP Warning:  "continue" targeting switch is equivalent to "break". Did you mean to use "continue 2"? in /wordpress/wp-content/plugins/wp-e-commerce-catalog-visibility-and-email-inquiry/admin/admin-interface.php on line 243
[21-Jun-2025 17:03:10 UTC] PHP Warning:  file_get_contents(/wordpress/wp-content/plugins/wp-e-commerce/wp-shopping-cart.php): Failed to open stream: No such file or directory in /wordpress/wp-includes/functions.php on line 6900
[21-Jun-2025 17:03:10 UTC] PHP Fatal error:  Array and string offset access syntax with curly braces is no longer supported in /wordpress/wp-content/plugins/wp-e-commerce-catalog-visibility-and-email-inquiry/admin/less/lib/lessc.inc.php on line 717
[21-Jun-2025 17:03:42 UTC] PHP Parse error:  syntax error, unexpected token "new" in /wordpress/wp-content/plugins/wp-remote-manager-client/includes/class-oauth-provider.php on line 361

    at Object.onBind (file:///home/runner/work/playground-tester/playground-tester/node_modules/@wp-playground/cli/run-cli-j-geJYS3.js:325:15)
    at process.processTicksAndRejections (node:internal/process/task_queues:105:5)
    at async re (file:///home/runner/work/playground-tester/playground-tester/node_modules/@wp-playground/cli/run-cli-j-geJYS3.js:149:10) {
  [cause]: Error: Error when executing the blueprint step #5 ({"step":"installPlugin","pluginData":{"resource":"wordpress.org/plugins","slug":"wp-remote-manager-client"},"options":{"activate":true}}) : PHP.run() failed with exit code 255 and the following output: 
      at Object.run (file:///home/runner/work/playground-tester/playground-tester/node_modules/@wp-playground/blueprints/index.js:12093:19)
      at process.processTicksAndRejections (node:internal/process/task_queues:105:5)
      at async ys (file:///home/runner/work/playground-tester/playground-tester/node_modules/@wp-playground/blueprints/index.js:12196:3)
      at async Object.onBind (file:///home/runner/work/playground-tester/playground-tester/node_modules/@wp-playground/cli/run-cli-j-geJYS3.js:315:48)
      at async re (file:///home/runner/work/playground-tester/playground-tester/node_modules/@wp-playground/cli/run-cli-j-geJYS3.js:149:10) {
    [cause]: PHPExecutionFailureError: PHP.run() failed with exit code 255 and the following output: 
        at PHP.run (file:///home/runner/work/playground-tester/playground-tester/node_modules/@php-wasm/universal/index.js:1034:19)
        at process.processTicksAndRejections (node:internal/process/task_queues:105:5)
        at async wr (file:///home/runner/work/playground-tester/playground-tester/node_modules/@wp-playground/blueprints/index.js:34:39)
        at async Object.gt [as installPlugin] (file:///home/runner/work/playground-tester/playground-tester/node_modules/@wp-playground/blueprints/index.js:631:42)
        at async g (file:///home/runner/work/playground-tester/playground-tester/node_modules/@wp-playground/blueprints/index.js:12161:30)
        at async Object.run (file:///home/runner/work/playground-tester/playground-tester/node_modules/@wp-playground/blueprints/index.js:12090:23)
        at async ys (file:///home/runner/work/playground-tester/playground-tester/node_modules/@wp-playground/blueprints/index.js:12196:3)
        at async Object.onBind (file:///home/runner/work/playground-tester/playground-tester/node_modules/@wp-playground/cli/run-cli-j-geJYS3.js:315:48)
        at async re (file:///home/runner/work/playground-tester/playground-tester/node_modules/@wp-playground/cli/run-cli-j-geJYS3.js:149:10) {
      response: PHPResponse {
        httpStatusCode: 500,
        headers: {
          'x-powered-by': [ 'PHP/8.0.30-dev' ],
          'content-type': [ 'text/html; charset=UTF-8' ]
        },
        bytes: Uint8Array(0) [],
        exitCode: 255,
        errors: ''
      },
      source: 'request'
    }
  }
}

Node.js v23.11.0
