file:///home/runner/work/playground-tester/playground-tester/node_modules/@wp-playground/cli/index.js:237
        throw new Error(y, { cause: u });
              ^

Error: [09-May-2025 08:36:18 UTC] PHP Notice:  Function _load_textdomain_just_in_time was called <strong>incorrectly</strong>. Translation loading for the <code>role-and-customer-based-pricing-for-woocommerce</code> domain was triggered too early. This is usually an indicator for some code in the plugin or theme running too early. Translations should be loaded at the <code>init</code> action or later. Please see <a href="https://developer.wordpress.org/advanced-administration/debug/debug-wordpress/">Debugging in WordPress</a> for more information. (This message was added in version 6.7.0.) in /wordpress/wp-includes/functions.php on line 6121
[09-May-2025 08:36:29 UTC] PHP Notice:  Function _load_textdomain_just_in_time was called <strong>incorrectly</strong>. Translation loading for the <code>role-and-customer-based-pricing-for-woocommerce</code> domain was triggered too early. This is usually an indicator for some code in the plugin or theme running too early. Translations should be loaded at the <code>init</code> action or later. Please see <a href="https://developer.wordpress.org/advanced-administration/debug/debug-wordpress/">Debugging in WordPress</a> for more information. (This message was added in version 6.7.0.) in /wordpress/wp-includes/functions.php on line 6121
[09-May-2025 08:36:40 UTC] PHP Notice:  Function _load_textdomain_just_in_time was called <strong>incorrectly</strong>. Translation loading for the <code>role-and-customer-based-pricing-for-woocommerce</code> domain was triggered too early. This is usually an indicator for some code in the plugin or theme running too early. Translations should be loaded at the <code>init</code> action or later. Please see <a href="https://developer.wordpress.org/advanced-administration/debug/debug-wordpress/">Debugging in WordPress</a> for more information. (This message was added in version 6.7.0.) in /wordpress/wp-includes/functions.php on line 6121
[09-May-2025 08:36:49 UTC] PHP Fatal error:  Declaration of roots_nav_walker::start_el(&$output, $item, $depth, $args) must be compatible with Walker_Nav_Menu::start_el(&$output, $data_object, $depth = 0, $args = null, $current_object_id = 0) in /wordpress/wp-content/plugins/roots-hide-wp/roots-hide-wp.php on line 130
[09-May-2025 08:36:56 UTC] PHP Fatal error:  Declaration of roots_nav_walker::start_el(&$output, $item, $depth, $args) must be compatible with Walker_Nav_Menu::start_el(&$output, $data_object, $depth = 0, $args = null, $current_object_id = 0) in /wordpress/wp-content/plugins/roots-hide-wp/roots-hide-wp.php on line 130
[09-May-2025 08:37:03 UTC] PHP Fatal error:  Declaration of roots_nav_walker::start_el(&$output, $item, $depth, $args) must be compatible with Walker_Nav_Menu::start_el(&$output, $data_object, $depth = 0, $args = null, $current_object_id = 0) in /wordpress/wp-content/plugins/roots-hide-wp/roots-hide-wp.php on line 130
[09-May-2025 08:37:12 UTC] PHP Fatal error:  Uncaught Error: Call to undefined function create_function() in /wordpress/wp-content/plugins/rur-currency-sign/rur.php:50
Stack trace:
#0 /wordpress/wp-admin/includes/plugin.php(2387): include_once()
#1 /wordpress/wp-admin/includes/plugin.php(673): plugin_sandbox_scrape('rur-currency-si...')
#2 /internal/eval.php(20): activate_plugin('rur-currency-si...')
#3 {main}
  thrown in /wordpress/wp-content/plugins/rur-currency-sign/rur.php on line 50
[09-May-2025 08:37:20 UTC] PHP Fatal error:  Uncaught Error: Call to undefined function create_function() in /wordpress/wp-content/plugins/rur-currency-sign/rur.php:50
Stack trace:
#0 /wordpress/wp-admin/includes/plugin.php(2387): include_once()
#1 /wordpress/wp-admin/includes/plugin.php(673): plugin_sandbox_scrape('rur-currency-si...')
#2 /internal/eval.php(20): activate_plugin('rur-currency-si...')
#3 {main}
  thrown in /wordpress/wp-content/plugins/rur-currency-sign/rur.php on line 50
[09-May-2025 08:37:29 UTC] PHP Fatal error:  Uncaught Error: Call to undefined function create_function() in /wordpress/wp-content/plugins/rur-currency-sign/rur.php:50
Stack trace:
#0 /wordpress/wp-admin/includes/plugin.php(2387): include_once()
#1 /wordpress/wp-admin/includes/plugin.php(673): plugin_sandbox_scrape('rur-currency-si...')
#2 /internal/eval.php(20): activate_plugin('rur-currency-si...')
#3 {main}
  thrown in /wordpress/wp-content/plugins/rur-currency-sign/rur.php on line 50
[09-May-2025 08:39:31 UTC] PHP Fatal error:  Uncaught Error: Non-static method jtMainFrame::newInstance() cannot be called statically in /wordpress/wp-content/plugins/remind-me-deep-linking-seo-plugin/remind-me.php:16
Stack trace:
#0 /wordpress/wp-content/plugins/remind-me-deep-linking-seo-plugin/remind-me.php(28): remindMe()
#1 /wordpress/wp-admin/includes/plugin.php(2387): include_once('/wordpress/wp-c...')
#2 /wordpress/wp-admin/includes/plugin.php(673): plugin_sandbox_scrape('remind-me-deep-...')
#3 /internal/eval.php(20): activate_plugin('remind-me-deep-...')
#4 {main}
  thrown in /wordpress/wp-content/plugins/remind-me-deep-linking-seo-plugin/remind-me.php on line 16
[09-May-2025 08:39:39 UTC] PHP Fatal error:  Uncaught Error: Non-static method jtMainFrame::newInstance() cannot be called statically in /wordpress/wp-content/plugins/remind-me-deep-linking-seo-plugin/remind-me.php:16
Stack trace:
#0 /wordpress/wp-content/plugins/remind-me-deep-linking-seo-plugin/remind-me.php(28): remindMe()
#1 /wordpress/wp-admin/includes/plugin.php(2387): include_once('/wordpress/wp-c...')
#2 /wordpress/wp-admin/includes/plugin.php(673): plugin_sandbox_scrape('remind-me-deep-...')
#3 /internal/eval.php(20): activate_plugin('remind-me-deep-...')
#4 {main}
  thrown in /wordpress/wp-content/plugins/remind-me-deep-linking-seo-plugin/remind-me.php on line 16
[09-May-2025 08:39:47 UTC] PHP Fatal error:  Uncaught Error: Non-static method jtMainFrame::newInstance() cannot be called statically in /wordpress/wp-content/plugins/remind-me-deep-linking-seo-plugin/remind-me.php:16
Stack trace:
#0 /wordpress/wp-content/plugins/remind-me-deep-linking-seo-plugin/remind-me.php(28): remindMe()
#1 /wordpress/wp-admin/includes/plugin.php(2387): include_once('/wordpress/wp-c...')
#2 /wordpress/wp-admin/includes/plugin.php(673): plugin_sandbox_scrape('remind-me-deep-...')
#3 /internal/eval.php(20): activate_plugin('remind-me-deep-...')
#4 {main}
  thrown in /wordpress/wp-content/plugins/remind-me-deep-linking-seo-plugin/remind-me.php on line 16
[09-May-2025 08:40:44 UTC] PHP Warning:  Attempt to read property "registered" on null in /wordpress/wp-content/plugins/render-faster/src/Tarosky/RenderFaster/Services/ScriptLoader.php on line 53
[09-May-2025 08:40:44 UTC] PHP Warning:  Trying to access array offset on value of type null in /wordpress/wp-content/plugins/render-faster/src/Tarosky/RenderFaster/Services/ScriptLoader.php on line 53
[09-May-2025 08:40:44 UTC] PHP Warning:  Attempt to read property "ver" on null in /wordpress/wp-content/plugins/render-faster/src/Tarosky/RenderFaster/Services/ScriptLoader.php on line 54
[09-May-2025 08:40:44 UTC] PHP Warning:  Attempt to read property "src" on null in /wordpress/wp-content/plugins/render-faster/src/Tarosky/RenderFaster/Services/ScriptLoader.php on line 55
[09-May-2025 08:40:53 UTC] PHP Warning:  Attempt to read property "registered" on null in /wordpress/wp-content/plugins/render-faster/src/Tarosky/RenderFaster/Services/ScriptLoader.php on line 53
[09-May-2025 08:40:53 UTC] PHP Warning:  Trying to access array offset on value of type null in /wordpress/wp-content/plugins/render-faster/src/Tarosky/RenderFaster/Services/ScriptLoader.php on line 53
[09-May-2025 08:40:53 UTC] PHP Warning:  Attempt to read property "ver" on null in /wordpress/wp-content/plugins/render-faster/src/Tarosky/RenderFaster/Services/ScriptLoader.php on line 54
[09-May-2025 08:40:53 UTC] PHP Warning:  Attempt to read property "src" on null in /wordpress/wp-content/plugins/render-faster/src/Tarosky/RenderFaster/Services/ScriptLoader.php on line 55
[09-May-2025 08:41:02 UTC] PHP Warning:  Attempt to read property "registered" on null in /wordpress/wp-content/plugins/render-faster/src/Tarosky/RenderFaster/Services/ScriptLoader.php on line 53
[09-May-2025 08:41:02 UTC] PHP Warning:  Trying to access array offset on value of type null in /wordpress/wp-content/plugins/render-faster/src/Tarosky/RenderFaster/Services/ScriptLoader.php on line 53
[09-May-2025 08:41:02 UTC] PHP Warning:  Attempt to read property "ver" on null in /wordpress/wp-content/plugins/render-faster/src/Tarosky/RenderFaster/Services/ScriptLoader.php on line 54
[09-May-2025 08:41:02 UTC] PHP Warning:  Attempt to read property "src" on null in /wordpress/wp-content/plugins/render-faster/src/Tarosky/RenderFaster/Services/ScriptLoader.php on line 55
[09-May-2025 08:43:21 UTC] PHP Notice:  curl_setopt(): CURLOPT_SSL_VERIFYHOST no longer accepts the value 1, value 2 will be used instead in /wordpress/wp-content/plugins/paypal-digital-goods-monetization-powered-by-cleeng/php/classes/Client.php on line 541
[09-May-2025 08:43:22 UTC] PHP Fatal error:  Uncaught CleengClientException: Authorization error (404). in /wordpress/wp-content/plugins/paypal-digital-goods-monetization-powered-by-cleeng/php/classes/Client.php:557
Stack trace:
#0 /wordpress/wp-content/plugins/paypal-digital-goods-monetization-powered-by-cleeng/php/classes/Client.php(891): Cleeng_Client->callApi('registerClientA...', Array)
#1 /wordpress/wp-content/plugins/paypal-digital-goods-monetization-powered-by-cleeng/php/classes/Installer.php(115): Cleeng_Client->registerClientApp('My WordPress We...', 'Automatically c...', 'http://127.0.0....')
#2 /wordpress/wp-content/plugins/paypal-digital-goods-monetization-powered-by-cleeng/php/classes/Core.php(126): Cleeng_Installer->register_client_app()
#3 /wordpress/wp-content/plugins/paypal-digital-goods-monetization-powered-by-cleeng/cleengWP.php(28): Cleeng_Core->setup()
#4 /wordpress/wp-admin/includes/plugin.php(2387): include_once('/wordpress/wp-c...')
#5 /wordpress/wp-admin/includes/plugin.php(673): plugin_sandbox_scrape('paypal-digital-...')
#6 /internal/eval.php(20): activate_plugin('paypal-digital-...')
#7 {main}
  thrown in /wordpress/wp-content/plugins/paypal-digital-goods-monetization-powered-by-cleeng/php/classes/Client.php on line 557
[09-May-2025 08:43:30 UTC] PHP Notice:  curl_setopt(): CURLOPT_SSL_VERIFYHOST no longer accepts the value 1, value 2 will be used instead in /wordpress/wp-content/plugins/paypal-digital-goods-monetization-powered-by-cleeng/php/classes/Client.php on line 541
[09-May-2025 08:43:30 UTC] PHP Fatal error:  Uncaught CleengClientException: Authorization error (404). in /wordpress/wp-content/plugins/paypal-digital-goods-monetization-powered-by-cleeng/php/classes/Client.php:557
Stack trace:
#0 /wordpress/wp-content/plugins/paypal-digital-goods-monetization-powered-by-cleeng/php/classes/Client.php(891): Cleeng_Client->callApi('registerClientA...', Array)
#1 /wordpress/wp-content/plugins/paypal-digital-goods-monetization-powered-by-cleeng/php/classes/Installer.php(115): Cleeng_Client->registerClientApp('My WordPress We...', 'Automatically c...', 'http://127.0.0....')
#2 /wordpress/wp-content/plugins/paypal-digital-goods-monetization-powered-by-cleeng/php/classes/Core.php(126): Cleeng_Installer->register_client_app()
#3 /wordpress/wp-content/plugins/paypal-digital-goods-monetization-powered-by-cleeng/cleengWP.php(28): Cleeng_Core->setup()
#4 /wordpress/wp-admin/includes/plugin.php(2387): include_once('/wordpress/wp-c...')
#5 /wordpress/wp-admin/includes/plugin.php(673): plugin_sandbox_scrape('paypal-digital-...')
#6 /internal/eval.php(20): activate_plugin('paypal-digital-...')
#7 {main}
  thrown in /wordpress/wp-content/plugins/paypal-digital-goods-monetization-powered-by-cleeng/php/classes/Client.php on line 557
[09-May-2025 08:43:39 UTC] PHP Notice:  curl_setopt(): CURLOPT_SSL_VERIFYHOST no longer accepts the value 1, value 2 will be used instead in /wordpress/wp-content/plugins/paypal-digital-goods-monetization-powered-by-cleeng/php/classes/Client.php on line 541
[09-May-2025 08:43:40 UTC] PHP Fatal error:  Uncaught CleengClientException: Authorization error (404). in /wordpress/wp-content/plugins/paypal-digital-goods-monetization-powered-by-cleeng/php/classes/Client.php:557
Stack trace:
#0 /wordpress/wp-content/plugins/paypal-digital-goods-monetization-powered-by-cleeng/php/classes/Client.php(891): Cleeng_Client->callApi('registerClientA...', Array)
#1 /wordpress/wp-content/plugins/paypal-digital-goods-monetization-powered-by-cleeng/php/classes/Installer.php(115): Cleeng_Client->registerClientApp('My WordPress We...', 'Automatically c...', 'http://127.0.0....')
#2 /wordpress/wp-content/plugins/paypal-digital-goods-monetization-powered-by-cleeng/php/classes/Core.php(126): Cleeng_Installer->register_client_app()
#3 /wordpress/wp-content/plugins/paypal-digital-goods-monetization-powered-by-cleeng/cleengWP.php(28): Cleeng_Core->setup()
#4 /wordpress/wp-admin/includes/plugin.php(2387): include_once('/wordpress/wp-c...')
#5 /wordpress/wp-admin/includes/plugin.php(673): plugin_sandbox_scrape('paypal-digital-...')
#6 /internal/eval.php(20): activate_plugin('paypal-digital-...')
#7 {main}
  thrown in /wordpress/wp-content/plugins/paypal-digital-goods-monetization-powered-by-cleeng/php/classes/Client.php on line 557

    at Object.onBind (file:///home/runner/work/playground-tester/playground-tester/node_modules/@wp-playground/cli/index.js:237:15)
    at process.processTicksAndRejections (node:internal/process/task_queues:105:5)
    at async V (file:///home/runner/work/playground-tester/playground-tester/node_modules/@wp-playground/cli/index.js:64:10)
    at async ja (file:///home/runner/work/playground-tester/playground-tester/node_modules/@wp-playground/cli/cli.js:8161:12) {
  [cause]: Error: Error when executing the blueprint step #5 ({"step":"installPlugin","pluginData":{"resource":"wordpress.org/plugins","slug":"permalinker"},"options":{"activate":true}}) : Could not download "https://downloads.wordpress.org/plugin/permalinker.latest-stable.zip".
  				Check if the URL is correct and the server is reachable.
  				If it is reachable, the server might be blocking the request.
  				Check the browser console and network tabs for more information.
  
  				## Does the console show the error "No 'Access-Control-Allow-Origin' header"?
  
  				This means the server that hosts your file does not allow requests from other sites
  				(cross-origin requests, or CORS).	You need to move the asset to a server that allows
  				cross-origin file downloads. Learn more about CORS at
  				https://developer.mozilla.org/en-US/docs/Web/HTTP/CORS.
  
  				If your file is on GitHub, load it from "raw.githubusercontent.com".
  				Here's how to do that:
  
  				1. Start with the original GitHub URL of the file. For example:
  				https://github.com/username/repository/blob/branch/filename.
  				2. Replace "github.com" with "raw.githubusercontent.com".
  				3. Remove the "/blob/" part of the URL.
  
  				The resulting URL should look like this:
  				https://raw.githubusercontent.com/username/repository/branch/filename
  
  				Error:
  				Error: Could not download "https://downloads.wordpress.org/plugin/permalinker.latest-stable.zip"
      at Object.run (file:///home/runner/work/playground-tester/playground-tester/node_modules/@wp-playground/blueprints/index.js:12449:19)
      at process.processTicksAndRejections (node:internal/process/task_queues:105:5)
      at async ms (file:///home/runner/work/playground-tester/playground-tester/node_modules/@wp-playground/blueprints/index.js:12552:3)
      at async Object.onBind (file:///home/runner/work/playground-tester/playground-tester/node_modules/@wp-playground/cli/index.js:227:48)
      at async V (file:///home/runner/work/playground-tester/playground-tester/node_modules/@wp-playground/cli/index.js:64:10)
      at async ja (file:///home/runner/work/playground-tester/playground-tester/node_modules/@wp-playground/cli/cli.js:8161:12) {
    [cause]: Error: Could not download "https://downloads.wordpress.org/plugin/permalinker.latest-stable.zip".
    				Check if the URL is correct and the server is reachable.
    				If it is reachable, the server might be blocking the request.
    				Check the browser console and network tabs for more information.
    
    				## Does the console show the error "No 'Access-Control-Allow-Origin' header"?
    
    				This means the server that hosts your file does not allow requests from other sites
    				(cross-origin requests, or CORS).	You need to move the asset to a server that allows
    				cross-origin file downloads. Learn more about CORS at
    				https://developer.mozilla.org/en-US/docs/Web/HTTP/CORS.
    
    				If your file is on GitHub, load it from "raw.githubusercontent.com".
    				Here's how to do that:
    
    				1. Start with the original GitHub URL of the file. For example:
    				https://github.com/username/repository/blob/branch/filename.
    				2. Replace "github.com" with "raw.githubusercontent.com".
    				3. Remove the "/blob/" part of the URL.
    
    				The resulting URL should look like this:
    				https://raw.githubusercontent.com/username/repository/branch/filename
    
    				Error:
    				Error: Could not download "https://downloads.wordpress.org/plugin/permalinker.latest-stable.zip"
        at Ct.resolve (file:///home/runner/work/playground-tester/playground-tester/node_modules/@wp-playground/blueprints/index.js:1472:13)
        at process.processTicksAndRejections (node:internal/process/task_queues:105:5)
        at async _.run (file:///home/runner/work/playground-tester/playground-tester/node_modules/@php-wasm/util/index.js:45:14)
  }
}

Node.js v23.11.0
