file:///home/runner/work/playground-tester/playground-tester/node_modules/@wp-playground/cli/index.js:237
        throw new Error(y, { cause: u });
              ^

Error: [09-May-2025 12:50:21 UTC] PHP Warning:  Undefined array key "DOCUMENT_ROOT" in /wordpress/wp-content/plugins/002-ps-custom-post-type/ps-custom-post_type.php on line 39
[09-May-2025 12:50:21 UTC] PHP Warning:  Undefined array key "DOCUMENT_ROOT" in /wordpress/wp-content/plugins/002-ps-custom-post-type/ps-custom-post_type.php on line 40
[09-May-2025 12:50:22 UTC] PHP Warning:  Undefined array key "DOCUMENT_ROOT" in /wordpress/wp-content/plugins/002-ps-custom-post-type/ps-custom-post_type.php on line 39
[09-May-2025 12:50:22 UTC] PHP Warning:  Undefined array key "DOCUMENT_ROOT" in /wordpress/wp-content/plugins/002-ps-custom-post-type/ps-custom-post_type.php on line 40
[09-May-2025 12:50:22 UTC] PHP Warning:  Attempt to read property "blog_id" on null in /wordpress/wp-content/plugins/002-ps-custom-post-type/ps-custom-post_type.php on line 111
[09-May-2025 12:50:22 UTC] PHP Warning:  Undefined property: stdClass::$wp_user_level in /wordpress/wp-content/plugins/002-ps-custom-post-type/ps-custom-post_type.php on line 117
[09-May-2025 12:50:22 UTC] PHP Warning:  Undefined property: stdClass::$supports in /wordpress/wp-content/plugins/002-ps-custom-post-type/ps-custom-post_type.php on line 183
[09-May-2025 12:50:22 UTC] PHP Warning:  Undefined property: stdClass::$menu_icon in /wordpress/wp-content/plugins/002-ps-custom-post-type/ps-custom-post_type.php on line 203
[09-May-2025 12:50:22 UTC] PHP Warning:  Undefined property: stdClass::$tax_type in /wordpress/wp-content/plugins/002-ps-custom-post-type/ps-custom-post_type.php on line 234
[09-May-2025 12:50:22 UTC] PHP Warning:  Undefined array key "media_genres" in /wordpress/wp-content/plugins/002-ps-custom-post-type/ps-custom-post_type.php on line 387
[09-May-2025 12:50:29 UTC] PHP Warning:  Undefined array key "DOCUMENT_ROOT" in /wordpress/wp-content/plugins/002-ps-custom-post-type/ps-custom-post_type.php on line 39
[09-May-2025 12:50:29 UTC] PHP Warning:  Undefined array key "DOCUMENT_ROOT" in /wordpress/wp-content/plugins/002-ps-custom-post-type/ps-custom-post_type.php on line 40
[09-May-2025 12:50:30 UTC] PHP Warning:  Undefined array key "DOCUMENT_ROOT" in /wordpress/wp-content/plugins/002-ps-custom-post-type/ps-custom-post_type.php on line 39
[09-May-2025 12:50:30 UTC] PHP Warning:  Undefined array key "DOCUMENT_ROOT" in /wordpress/wp-content/plugins/002-ps-custom-post-type/ps-custom-post_type.php on line 40
[09-May-2025 12:50:30 UTC] PHP Warning:  Attempt to read property "blog_id" on null in /wordpress/wp-content/plugins/002-ps-custom-post-type/ps-custom-post_type.php on line 111
[09-May-2025 12:50:30 UTC] PHP Warning:  Undefined property: stdClass::$wp_user_level in /wordpress/wp-content/plugins/002-ps-custom-post-type/ps-custom-post_type.php on line 117
[09-May-2025 12:50:30 UTC] PHP Warning:  Undefined property: stdClass::$supports in /wordpress/wp-content/plugins/002-ps-custom-post-type/ps-custom-post_type.php on line 183
[09-May-2025 12:50:30 UTC] PHP Warning:  Undefined property: stdClass::$menu_icon in /wordpress/wp-content/plugins/002-ps-custom-post-type/ps-custom-post_type.php on line 203
[09-May-2025 12:50:30 UTC] PHP Warning:  Undefined property: stdClass::$tax_type in /wordpress/wp-content/plugins/002-ps-custom-post-type/ps-custom-post_type.php on line 234
[09-May-2025 12:50:30 UTC] PHP Warning:  Undefined array key "media_genres" in /wordpress/wp-content/plugins/002-ps-custom-post-type/ps-custom-post_type.php on line 387
[09-May-2025 12:50:38 UTC] PHP Warning:  Undefined array key "DOCUMENT_ROOT" in /wordpress/wp-content/plugins/002-ps-custom-post-type/ps-custom-post_type.php on line 39
[09-May-2025 12:50:38 UTC] PHP Warning:  Undefined array key "DOCUMENT_ROOT" in /wordpress/wp-content/plugins/002-ps-custom-post-type/ps-custom-post_type.php on line 40
[09-May-2025 12:50:38 UTC] PHP Warning:  Undefined array key "DOCUMENT_ROOT" in /wordpress/wp-content/plugins/002-ps-custom-post-type/ps-custom-post_type.php on line 39
[09-May-2025 12:50:38 UTC] PHP Warning:  Undefined array key "DOCUMENT_ROOT" in /wordpress/wp-content/plugins/002-ps-custom-post-type/ps-custom-post_type.php on line 40
[09-May-2025 12:50:39 UTC] PHP Warning:  Attempt to read property "blog_id" on null in /wordpress/wp-content/plugins/002-ps-custom-post-type/ps-custom-post_type.php on line 111
[09-May-2025 12:50:39 UTC] PHP Warning:  Undefined property: stdClass::$wp_user_level in /wordpress/wp-content/plugins/002-ps-custom-post-type/ps-custom-post_type.php on line 117
[09-May-2025 12:50:39 UTC] PHP Warning:  Undefined property: stdClass::$supports in /wordpress/wp-content/plugins/002-ps-custom-post-type/ps-custom-post_type.php on line 183
[09-May-2025 12:50:39 UTC] PHP Warning:  Undefined property: stdClass::$menu_icon in /wordpress/wp-content/plugins/002-ps-custom-post-type/ps-custom-post_type.php on line 203
[09-May-2025 12:50:39 UTC] PHP Warning:  Undefined property: stdClass::$tax_type in /wordpress/wp-content/plugins/002-ps-custom-post-type/ps-custom-post_type.php on line 234
[09-May-2025 12:50:39 UTC] PHP Warning:  Undefined array key "media_genres" in /wordpress/wp-content/plugins/002-ps-custom-post-type/ps-custom-post_type.php on line 387
[09-May-2025 12:52:05 UTC] PHP Notice:  Function wp_enqueue_script was called <strong>incorrectly</strong>. Scripts and styles should not be registered or enqueued until the <code>wp_enqueue_scripts</code>, <code>admin_enqueue_scripts</code>, or <code>login_enqueue_scripts</code> hooks. This notice was triggered by the <code>jquery</code> handle. Please see <a href="https://developer.wordpress.org/advanced-administration/debug/debug-wordpress/">Debugging in WordPress</a> for more information. (This message was added in version 3.3.0.) in /wordpress/wp-includes/functions.php on line 6121
[09-May-2025 12:52:05 UTC] PHP Notice:  Function wp_enqueue_style was called <strong>incorrectly</strong>. Scripts and styles should not be registered or enqueued until the <code>wp_enqueue_scripts</code>, <code>admin_enqueue_scripts</code>, or <code>login_enqueue_scripts</code> hooks. This notice was triggered by the <code>wp-color-picker</code> handle. Please see <a href="https://developer.wordpress.org/advanced-administration/debug/debug-wordpress/">Debugging in WordPress</a> for more information. (This message was added in version 3.3.0.) in /wordpress/wp-includes/functions.php on line 6121
[09-May-2025 12:52:05 UTC] PHP Notice:  Function is_feed was called <strong>incorrectly</strong>. Conditional query tags do not work before the query is run. Before then, they always return false. Please see <a href="https://developer.wordpress.org/advanced-administration/debug/debug-wordpress/">Debugging in WordPress</a> for more information. (This message was added in version 3.1.0.) in /wordpress/wp-includes/functions.php on line 6121
[09-May-2025 12:52:05 UTC] PHP Notice:  Function wp_enqueue_script was called <strong>incorrectly</strong>. Scripts and styles should not be registered or enqueued until the <code>wp_enqueue_scripts</code>, <code>admin_enqueue_scripts</code>, or <code>login_enqueue_scripts</code> hooks. This notice was triggered by the <code>sl-script-handle</code> handle. Please see <a href="https://developer.wordpress.org/advanced-administration/debug/debug-wordpress/">Debugging in WordPress</a> for more information. (This message was added in version 3.3.0.) in /wordpress/wp-includes/functions.php on line 6121
[09-May-2025 12:52:15 UTC] PHP Notice:  Function wp_enqueue_script was called <strong>incorrectly</strong>. Scripts and styles should not be registered or enqueued until the <code>wp_enqueue_scripts</code>, <code>admin_enqueue_scripts</code>, or <code>login_enqueue_scripts</code> hooks. This notice was triggered by the <code>jquery</code> handle. Please see <a href="https://developer.wordpress.org/advanced-administration/debug/debug-wordpress/">Debugging in WordPress</a> for more information. (This message was added in version 3.3.0.) in /wordpress/wp-includes/functions.php on line 6121
[09-May-2025 12:52:15 UTC] PHP Notice:  Function wp_enqueue_style was called <strong>incorrectly</strong>. Scripts and styles should not be registered or enqueued until the <code>wp_enqueue_scripts</code>, <code>admin_enqueue_scripts</code>, or <code>login_enqueue_scripts</code> hooks. This notice was triggered by the <code>wp-color-picker</code> handle. Please see <a href="https://developer.wordpress.org/advanced-administration/debug/debug-wordpress/">Debugging in WordPress</a> for more information. (This message was added in version 3.3.0.) in /wordpress/wp-includes/functions.php on line 6121
[09-May-2025 12:52:15 UTC] PHP Notice:  Function is_feed was called <strong>incorrectly</strong>. Conditional query tags do not work before the query is run. Before then, they always return false. Please see <a href="https://developer.wordpress.org/advanced-administration/debug/debug-wordpress/">Debugging in WordPress</a> for more information. (This message was added in version 3.1.0.) in /wordpress/wp-includes/functions.php on line 6121
[09-May-2025 12:52:15 UTC] PHP Notice:  Function wp_enqueue_script was called <strong>incorrectly</strong>. Scripts and styles should not be registered or enqueued until the <code>wp_enqueue_scripts</code>, <code>admin_enqueue_scripts</code>, or <code>login_enqueue_scripts</code> hooks. This notice was triggered by the <code>sl-script-handle</code> handle. Please see <a href="https://developer.wordpress.org/advanced-administration/debug/debug-wordpress/">Debugging in WordPress</a> for more information. (This message was added in version 3.3.0.) in /wordpress/wp-includes/functions.php on line 6121
[09-May-2025 12:52:25 UTC] PHP Notice:  Function wp_enqueue_script was called <strong>incorrectly</strong>. Scripts and styles should not be registered or enqueued until the <code>wp_enqueue_scripts</code>, <code>admin_enqueue_scripts</code>, or <code>login_enqueue_scripts</code> hooks. This notice was triggered by the <code>jquery</code> handle. Please see <a href="https://developer.wordpress.org/advanced-administration/debug/debug-wordpress/">Debugging in WordPress</a> for more information. (This message was added in version 3.3.0.) in /wordpress/wp-includes/functions.php on line 6121
[09-May-2025 12:52:25 UTC] PHP Notice:  Function wp_enqueue_style was called <strong>incorrectly</strong>. Scripts and styles should not be registered or enqueued until the <code>wp_enqueue_scripts</code>, <code>admin_enqueue_scripts</code>, or <code>login_enqueue_scripts</code> hooks. This notice was triggered by the <code>wp-color-picker</code> handle. Please see <a href="https://developer.wordpress.org/advanced-administration/debug/debug-wordpress/">Debugging in WordPress</a> for more information. (This message was added in version 3.3.0.) in /wordpress/wp-includes/functions.php on line 6121
[09-May-2025 12:52:25 UTC] PHP Notice:  Function is_feed was called <strong>incorrectly</strong>. Conditional query tags do not work before the query is run. Before then, they always return false. Please see <a href="https://developer.wordpress.org/advanced-administration/debug/debug-wordpress/">Debugging in WordPress</a> for more information. (This message was added in version 3.1.0.) in /wordpress/wp-includes/functions.php on line 6121
[09-May-2025 12:52:25 UTC] PHP Notice:  Function wp_enqueue_script was called <strong>incorrectly</strong>. Scripts and styles should not be registered or enqueued until the <code>wp_enqueue_scripts</code>, <code>admin_enqueue_scripts</code>, or <code>login_enqueue_scripts</code> hooks. This notice was triggered by the <code>sl-script-handle</code> handle. Please see <a href="https://developer.wordpress.org/advanced-administration/debug/debug-wordpress/">Debugging in WordPress</a> for more information. (This message was added in version 3.3.0.) in /wordpress/wp-includes/functions.php on line 6121
[09-May-2025 12:53:53 UTC] [TCS-GCP] [ERROR]   WooCommerce not installed or not active.
[09-May-2025 12:54:02 UTC] [TCS-GCP] [ERROR]   WooCommerce not installed or not active.
[09-May-2025 12:54:11 UTC] [TCS-GCP] [ERROR]   WooCommerce not installed or not active.
[09-May-2025 12:57:44 UTC] PHP Fatal error:  Uncaught Error: Undefined constant "music_bar_1g1g_widget_register" in /wordpress/wp-content/plugins/1g1g-music-bar/1g1g-musicbar-widget.php:184
Stack trace:
#0 /wordpress/wp-admin/includes/plugin.php(2387): include_once()
#1 /wordpress/wp-admin/includes/plugin.php(673): plugin_sandbox_scrape('1g1g-music-bar/...')
#2 /internal/eval.php(20): activate_plugin('1g1g-music-bar/...')
#3 {main}
  thrown in /wordpress/wp-content/plugins/1g1g-music-bar/1g1g-musicbar-widget.php on line 184
[09-May-2025 12:57:51 UTC] PHP Fatal error:  Uncaught Error: Undefined constant "music_bar_1g1g_widget_register" in /wordpress/wp-content/plugins/1g1g-music-bar/1g1g-musicbar-widget.php:184
Stack trace:
#0 /wordpress/wp-admin/includes/plugin.php(2387): include_once()
#1 /wordpress/wp-admin/includes/plugin.php(673): plugin_sandbox_scrape('1g1g-music-bar/...')
#2 /internal/eval.php(20): activate_plugin('1g1g-music-bar/...')
#3 {main}
  thrown in /wordpress/wp-content/plugins/1g1g-music-bar/1g1g-musicbar-widget.php on line 184

    at Object.onBind (file:///home/runner/work/playground-tester/playground-tester/node_modules/@wp-playground/cli/index.js:237:15)
    at process.processTicksAndRejections (node:internal/process/task_queues:105:5)
    at async V (file:///home/runner/work/playground-tester/playground-tester/node_modules/@wp-playground/cli/index.js:64:10)
    at async ja (file:///home/runner/work/playground-tester/playground-tester/node_modules/@wp-playground/cli/cli.js:8161:12) {
  [cause]: Error: Error when executing the blueprint step #1 ({"step":"installPlugin","pluginData":{"resource":"wordpress.org/plugins","slug":"1g1g-music-bar"},"options":{"activate":true}}) : PHP.run() failed with exit code 255 and the following output: 
      at Object.run (file:///home/runner/work/playground-tester/playground-tester/node_modules/@wp-playground/blueprints/index.js:12449:19)
      at process.processTicksAndRejections (node:internal/process/task_queues:105:5)
      at async ms (file:///home/runner/work/playground-tester/playground-tester/node_modules/@wp-playground/blueprints/index.js:12552:3)
      ... 2 lines matching cause stack trace ...
      at async ja (file:///home/runner/work/playground-tester/playground-tester/node_modules/@wp-playground/cli/cli.js:8161:12) {
    [cause]: PHPExecutionFailureError: PHP.run() failed with exit code 255 and the following output: 
        at PHP.run (file:///home/runner/work/playground-tester/playground-tester/node_modules/@php-wasm/universal/index.js:987:19)
        at process.processTicksAndRejections (node:internal/process/task_queues:105:5)
        at async wr (file:///home/runner/work/playground-tester/playground-tester/node_modules/@wp-playground/blueprints/index.js:33:39)
        at async Object.gt [as installPlugin] (file:///home/runner/work/playground-tester/playground-tester/node_modules/@wp-playground/blueprints/index.js:974:42)
        at async g (file:///home/runner/work/playground-tester/playground-tester/node_modules/@wp-playground/blueprints/index.js:12517:30)
        at async Object.run (file:///home/runner/work/playground-tester/playground-tester/node_modules/@wp-playground/blueprints/index.js:12446:23)
        at async ms (file:///home/runner/work/playground-tester/playground-tester/node_modules/@wp-playground/blueprints/index.js:12552:3)
        at async Object.onBind (file:///home/runner/work/playground-tester/playground-tester/node_modules/@wp-playground/cli/index.js:227:48)
        at async V (file:///home/runner/work/playground-tester/playground-tester/node_modules/@wp-playground/cli/index.js:64:10)
        at async ja (file:///home/runner/work/playground-tester/playground-tester/node_modules/@wp-playground/cli/cli.js:8161:12) {
      response: PHPResponse {
        httpStatusCode: 500,
        headers: {
          'x-powered-by': [ 'PHP/8.0.30-dev' ],
          'content-type': [ 'text/html; charset=UTF-8' ]
        },
        bytes: Uint8Array(0) [],
        exitCode: 255,
        errors: ''
      },
      source: 'request'
    }
  }
}

Node.js v23.11.0
