file:///home/runner/work/playground-tester/playground-tester/node_modules/@wp-playground/cli/index.js:237
        throw new Error(y, { cause: u });
              ^

Error: [11-May-2025 21:44:55 UTC] API request failed: A valid URL was not provided.
[11-May-2025 21:45:05 UTC] API request failed: A valid URL was not provided.
[11-May-2025 21:45:14 UTC] API request failed: A valid URL was not provided.
[11-May-2025 21:48:04 UTC] PHP Fatal error:  Uncaught Error: Call to undefined function create_function() in /wordpress/wp-content/plugins/belgo-meteo/belgometeo.php:181
Stack trace:
#0 /wordpress/wp-admin/includes/plugin.php(2387): include_once()
#1 /wordpress/wp-admin/includes/plugin.php(673): plugin_sandbox_scrape('belgo-meteo/bel...')
#2 /internal/eval.php(20): activate_plugin('belgo-meteo/bel...')
#3 {main}
  thrown in /wordpress/wp-content/plugins/belgo-meteo/belgometeo.php on line 181
[11-May-2025 21:48:11 UTC] PHP Fatal error:  Uncaught Error: Call to undefined function create_function() in /wordpress/wp-content/plugins/belgo-meteo/belgometeo.php:181
Stack trace:
#0 /wordpress/wp-admin/includes/plugin.php(2387): include_once()
#1 /wordpress/wp-admin/includes/plugin.php(673): plugin_sandbox_scrape('belgo-meteo/bel...')
#2 /internal/eval.php(20): activate_plugin('belgo-meteo/bel...')
#3 {main}
  thrown in /wordpress/wp-content/plugins/belgo-meteo/belgometeo.php on line 181
[11-May-2025 21:48:20 UTC] PHP Fatal error:  Uncaught Error: Call to undefined function create_function() in /wordpress/wp-content/plugins/belgo-meteo/belgometeo.php:181
Stack trace:
#0 /wordpress/wp-admin/includes/plugin.php(2387): include_once()
#1 /wordpress/wp-admin/includes/plugin.php(673): plugin_sandbox_scrape('belgo-meteo/bel...')
#2 /internal/eval.php(20): activate_plugin('belgo-meteo/bel...')
#3 {main}
  thrown in /wordpress/wp-content/plugins/belgo-meteo/belgometeo.php on line 181
[11-May-2025 21:48:28 UTC] PHP Deprecated:  Function add_option was called with an argument that is <strong>deprecated</strong> since version 2.3.0 with no alternative available. in /wordpress/wp-includes/functions.php on line 6121
[11-May-2025 21:48:38 UTC] PHP Deprecated:  Function add_option was called with an argument that is <strong>deprecated</strong> since version 2.3.0 with no alternative available. in /wordpress/wp-includes/functions.php on line 6121
[11-May-2025 21:48:47 UTC] PHP Deprecated:  Function add_option was called with an argument that is <strong>deprecated</strong> since version 2.3.0 with no alternative available. in /wordpress/wp-includes/functions.php on line 6121
[11-May-2025 21:49:19 UTC] PHP Fatal error:  Uncaught Symfony\Component\Cache\Exception\InvalidArgumentException: Namespace contains ":" but only characters in [-+_.A-Za-z0-9] are allowed. in /wordpress/wp-content/plugins/biblica-online-bible/vendor/symfony/cache/Traits/FilesystemCommonTrait.php:35
Stack trace:
#0 /wordpress/wp-content/plugins/biblica-online-bible/vendor/symfony/cache/Adapter/FilesystemAdapter.php(27): Symfony\Component\Cache\Adapter\FilesystemAdapter->init('127.0.0.1:9407', '/wordpress/wp-c...')
#1 /wordpress/wp-content/plugins/biblica-online-bible/src/Biblica/Util/FileSystemCache.php(27): Symfony\Component\Cache\Adapter\FilesystemAdapter->__construct('127.0.0.1:9407', 0, '/wordpress/wp-c...')
#2 /wordpress/wp-content/plugins/biblica-online-bible/src/Biblica/WordPress/Plugin/OnlineBible/OnlineBiblePlugin.php(143): Biblica\Util\FileSystemCache->__construct('http://127.0.0....', '/wordpress/wp-c...', 604800)
#3 /wordpress/wp-content/plugins/biblica-online-bible/vendor/pimple/pimple/src/Pimple/Container.php(122): Biblica\WordPress\Plugin\OnlineBible\OnlineBiblePlugin->Biblica\WordPress\Plugin\OnlineBible\{closure}(Object(Pimple\Container))
#4 /wordpress/wp-content/plugins/biblica-online-bible/src/Biblica/WordPress/Plugin/OnlineBible/OnlineBiblePlugin.php(163): Pimple\Container->offsetGet('cache')
#5 /wordpress/wp-includes/class-wp-hook.php(324): Biblica\WordPress\Plugin\OnlineBible\OnlineBiblePlugin->onPluginsLoaded('')
#6 /wordpress/wp-includes/class-wp-hook.php(348): WP_Hook->apply_filters(NULL, Array)
#7 /wordpress/wp-includes/plugin.php(517): WP_Hook->do_action(Array)
#8 /wordpress/wp-settings.php(578): do_action('plugins_loaded')
#9 /wordpress/wp-config.php(102): require_once('/wordpress/wp-s...')
#10 /wordpress/wp-load.php(50): require_once('/wordpress/wp-c...')
#11 /internal/eval.php(3): require_once('/wordpress/wp-l...')
#12 {main}
  thrown in /wordpress/wp-content/plugins/biblica-online-bible/vendor/symfony/cache/Traits/FilesystemCommonTrait.php on line 35
[11-May-2025 21:49:31 UTC] PHP Fatal error:  Uncaught Symfony\Component\Cache\Exception\InvalidArgumentException: Namespace contains ":" but only characters in [-+_.A-Za-z0-9] are allowed. in /wordpress/wp-content/plugins/biblica-online-bible/vendor/symfony/cache/Traits/FilesystemCommonTrait.php:35
Stack trace:
#0 /wordpress/wp-content/plugins/biblica-online-bible/vendor/symfony/cache/Adapter/FilesystemAdapter.php(27): Symfony\Component\Cache\Adapter\FilesystemAdapter->init('127.0.0.1:9407', '/wordpress/wp-c...')
#1 /wordpress/wp-content/plugins/biblica-online-bible/src/Biblica/Util/FileSystemCache.php(27): Symfony\Component\Cache\Adapter\FilesystemAdapter->__construct('127.0.0.1:9407', 0, '/wordpress/wp-c...')
#2 /wordpress/wp-content/plugins/biblica-online-bible/src/Biblica/WordPress/Plugin/OnlineBible/OnlineBiblePlugin.php(143): Biblica\Util\FileSystemCache->__construct('http://127.0.0....', '/wordpress/wp-c...', 604800)
#3 /wordpress/wp-content/plugins/biblica-online-bible/vendor/pimple/pimple/src/Pimple/Container.php(122): Biblica\WordPress\Plugin\OnlineBible\OnlineBiblePlugin->Biblica\WordPress\Plugin\OnlineBible\{closure}(Object(Pimple\Container))
#4 /wordpress/wp-content/plugins/biblica-online-bible/src/Biblica/WordPress/Plugin/OnlineBible/OnlineBiblePlugin.php(163): Pimple\Container->offsetGet('cache')
#5 /wordpress/wp-includes/class-wp-hook.php(324): Biblica\WordPress\Plugin\OnlineBible\OnlineBiblePlugin->onPluginsLoaded('')
#6 /wordpress/wp-includes/class-wp-hook.php(348): WP_Hook->apply_filters(NULL, Array)
#7 /wordpress/wp-includes/plugin.php(517): WP_Hook->do_action(Array)
#8 /wordpress/wp-settings.php(578): do_action('plugins_loaded')
#9 /wordpress/wp-config.php(102): require_once('/wordpress/wp-s...')
#10 /wordpress/wp-load.php(50): require_once('/wordpress/wp-c...')
#11 /internal/eval.php(3): require_once('/wordpress/wp-l...')
#12 {main}
  thrown in /wordpress/wp-content/plugins/biblica-online-bible/vendor/symfony/cache/Traits/FilesystemCommonTrait.php on line 35
[11-May-2025 21:49:42 UTC] PHP Fatal error:  Uncaught Symfony\Component\Cache\Exception\InvalidArgumentException: Namespace contains ":" but only characters in [-+_.A-Za-z0-9] are allowed. in /wordpress/wp-content/plugins/biblica-online-bible/vendor/symfony/cache/Traits/FilesystemCommonTrait.php:35
Stack trace:
#0 /wordpress/wp-content/plugins/biblica-online-bible/vendor/symfony/cache/Adapter/FilesystemAdapter.php(27): Symfony\Component\Cache\Adapter\FilesystemAdapter->init('127.0.0.1:9407', '/wordpress/wp-c...')
#1 /wordpress/wp-content/plugins/biblica-online-bible/src/Biblica/Util/FileSystemCache.php(27): Symfony\Component\Cache\Adapter\FilesystemAdapter->__construct('127.0.0.1:9407', 0, '/wordpress/wp-c...')
#2 /wordpress/wp-content/plugins/biblica-online-bible/src/Biblica/WordPress/Plugin/OnlineBible/OnlineBiblePlugin.php(143): Biblica\Util\FileSystemCache->__construct('http://127.0.0....', '/wordpress/wp-c...', 604800)
#3 /wordpress/wp-content/plugins/biblica-online-bible/vendor/pimple/pimple/src/Pimple/Container.php(122): Biblica\WordPress\Plugin\OnlineBible\OnlineBiblePlugin->Biblica\WordPress\Plugin\OnlineBible\{closure}(Object(Pimple\Container))
#4 /wordpress/wp-content/plugins/biblica-online-bible/src/Biblica/WordPress/Plugin/OnlineBible/OnlineBiblePlugin.php(163): Pimple\Container->offsetGet('cache')
#5 /wordpress/wp-includes/class-wp-hook.php(324): Biblica\WordPress\Plugin\OnlineBible\OnlineBiblePlugin->onPluginsLoaded('')
#6 /wordpress/wp-includes/class-wp-hook.php(348): WP_Hook->apply_filters(NULL, Array)
#7 /wordpress/wp-includes/plugin.php(517): WP_Hook->do_action(Array)
#8 /wordpress/wp-settings.php(578): do_action('plugins_loaded')
#9 /wordpress/wp-config.php(102): require_once('/wordpress/wp-s...')
#10 /wordpress/wp-load.php(50): require_once('/wordpress/wp-c...')
#11 /internal/eval.php(3): require_once('/wordpress/wp-l...')
#12 {main}
  thrown in /wordpress/wp-content/plugins/biblica-online-bible/vendor/symfony/cache/Traits/FilesystemCommonTrait.php on line 35

    at Object.onBind (file:///home/runner/work/playground-tester/playground-tester/node_modules/@wp-playground/cli/index.js:237:15)
    at process.processTicksAndRejections (node:internal/process/task_queues:105:5)
    at async V (file:///home/runner/work/playground-tester/playground-tester/node_modules/@wp-playground/cli/index.js:64:10)
    at async ja (file:///home/runner/work/playground-tester/playground-tester/node_modules/@wp-playground/cli/cli.js:8161:12) {
  [cause]: Error: Error when executing the blueprint step #5 ({"step":"installPlugin","pluginData":{"resource":"wordpress.org/plugins","slug":"browscap-to-body"},"options":{"activate":true}}) : Could not download "https://downloads.wordpress.org/plugin/browscap-to-body.latest-stable.zip".
  				Check if the URL is correct and the server is reachable.
  				If it is reachable, the server might be blocking the request.
  				Check the browser console and network tabs for more information.
  
  				## Does the console show the error "No 'Access-Control-Allow-Origin' header"?
  
  				This means the server that hosts your file does not allow requests from other sites
  				(cross-origin requests, or CORS).	You need to move the asset to a server that allows
  				cross-origin file downloads. Learn more about CORS at
  				https://developer.mozilla.org/en-US/docs/Web/HTTP/CORS.
  
  				If your file is on GitHub, load it from "raw.githubusercontent.com".
  				Here's how to do that:
  
  				1. Start with the original GitHub URL of the file. For example:
  				https://github.com/username/repository/blob/branch/filename.
  				2. Replace "github.com" with "raw.githubusercontent.com".
  				3. Remove the "/blob/" part of the URL.
  
  				The resulting URL should look like this:
  				https://raw.githubusercontent.com/username/repository/branch/filename
  
  				Error:
  				Error: Could not download "https://downloads.wordpress.org/plugin/browscap-to-body.latest-stable.zip"
      at Object.run (file:///home/runner/work/playground-tester/playground-tester/node_modules/@wp-playground/blueprints/index.js:12449:19)
      at process.processTicksAndRejections (node:internal/process/task_queues:105:5)
      at async ms (file:///home/runner/work/playground-tester/playground-tester/node_modules/@wp-playground/blueprints/index.js:12552:3)
      at async Object.onBind (file:///home/runner/work/playground-tester/playground-tester/node_modules/@wp-playground/cli/index.js:227:48)
      at async V (file:///home/runner/work/playground-tester/playground-tester/node_modules/@wp-playground/cli/index.js:64:10)
      at async ja (file:///home/runner/work/playground-tester/playground-tester/node_modules/@wp-playground/cli/cli.js:8161:12) {
    [cause]: Error: Could not download "https://downloads.wordpress.org/plugin/browscap-to-body.latest-stable.zip".
    				Check if the URL is correct and the server is reachable.
    				If it is reachable, the server might be blocking the request.
    				Check the browser console and network tabs for more information.
    
    				## Does the console show the error "No 'Access-Control-Allow-Origin' header"?
    
    				This means the server that hosts your file does not allow requests from other sites
    				(cross-origin requests, or CORS).	You need to move the asset to a server that allows
    				cross-origin file downloads. Learn more about CORS at
    				https://developer.mozilla.org/en-US/docs/Web/HTTP/CORS.
    
    				If your file is on GitHub, load it from "raw.githubusercontent.com".
    				Here's how to do that:
    
    				1. Start with the original GitHub URL of the file. For example:
    				https://github.com/username/repository/blob/branch/filename.
    				2. Replace "github.com" with "raw.githubusercontent.com".
    				3. Remove the "/blob/" part of the URL.
    
    				The resulting URL should look like this:
    				https://raw.githubusercontent.com/username/repository/branch/filename
    
    				Error:
    				Error: Could not download "https://downloads.wordpress.org/plugin/browscap-to-body.latest-stable.zip"
        at Ct.resolve (file:///home/runner/work/playground-tester/playground-tester/node_modules/@wp-playground/blueprints/index.js:1472:13)
        at process.processTicksAndRejections (node:internal/process/task_queues:105:5)
        at async _.run (file:///home/runner/work/playground-tester/playground-tester/node_modules/@php-wasm/util/index.js:45:14)
  }
}

Node.js v23.11.0
