[
{"message":"file:///home/runner/work/playground-tester/playground-tester/node_modules/@wp-playground/cli/index.js:237\n        throw new Error(y, { cause: u });\n              ^\n","level":"FATAL","type":"PLAYGROUND","test":"asyncify-boot","plugin":"get-post-meta-multiple","details":"file:///home/runner/work/playground-tester/playground-tester/node_modules/@wp-playground/cli/index.js:237\n        throw new Error(y, { cause: u });\n              ^\n","log":"/tmp/tmp.TxhIdfSLJh"}
,
{"message":"Function _load_textdomain_just_in_time was called <strong>incorrectly</strong>. Translation loading for the <code>gocrypto_pay</code> domain was triggered too early. This is usually an indicator for some code in the plugin or theme running too early. Translations should be loaded at the <code>init</code> action or later. Please see <a href=\"https://developer.wordpress.org/advanced-administration/debug/debug-wordpress/\">Debugging in WordPress</a> for more information. (This message was added in version 6.7.0.) in /wordpress/wp-includes/functions.php on line 6121","level":"NOTICE","type":"PHP","test":"asyncify-boot","plugin":"get-post-meta-multiple","details":"[28-May-2025 02:28:58 UTC] PHP Notice:  Function _load_textdomain_just_in_time was called <strong>incorrectly</strong>. Translation loading for the <code>gocrypto_pay</code> domain was triggered too early. This is usually an indicator for some code in the plugin or theme running too early. Translations should be loaded at the <code>init</code> action or later. Please see <a href=\"https://developer.wordpress.org/advanced-administration/debug/debug-wordpress/\">Debugging in WordPress</a> for more information. (This message was added in version 6.7.0.) in /wordpress/wp-includes/functions.php on line 6121","log":"/logs/plugins/g/get-post-meta-multiple/error.json"}
,
{"message":"Uncaught Error: Class \"WC_Payment_Gateway\" not found in /wordpress/wp-content/plugins/gocrypto-pay/gocrypto-pay.php:42","level":"FATAL","type":"PHP","test":"asyncify-boot","plugin":"get-post-meta-multiple","details":"[28-May-2025 02:28:58 UTC] PHP Fatal error:  Uncaught Error: Class \"WC_Payment_Gateway\" not found in /wordpress/wp-content/plugins/gocrypto-pay/gocrypto-pay.php:42\nStack trace:\n#0 /wordpress/wp-includes/class-wp-hook.php(324): init_goc_pay_class('')\n#1 /wordpress/wp-includes/class-wp-hook.php(348): WP_Hook->apply_filters(NULL, Array)\n#2 /wordpress/wp-includes/plugin.php(517): WP_Hook->do_action(Array)\n#3 /wordpress/wp-settings.php(578): do_action('plugins_loaded')\n#4 /wordpress/wp-config.php(102): require_once('/wordpress/wp-s...')\n#5 /wordpress/wp-load.php(50): require_once('/wordpress/wp-c...')\n#6 /internal/eval.php(3): require_once('/wordpress/wp-l...')\n#7 {main}\n  thrown in /wordpress/wp-content/plugins/gocrypto-pay/gocrypto-pay.php on line 42","log":"/logs/plugins/g/get-post-meta-multiple/error.json"}
,
{"message":"Function _load_textdomain_just_in_time was called <strong>incorrectly</strong>. Translation loading for the <code>gocrypto_pay</code> domain was triggered too early. This is usually an indicator for some code in the plugin or theme running too early. Translations should be loaded at the <code>init</code> action or later. Please see <a href=\"https://developer.wordpress.org/advanced-administration/debug/debug-wordpress/\">Debugging in WordPress</a> for more information. (This message was added in version 6.7.0.) in /wordpress/wp-includes/functions.php on line 6121","level":"NOTICE","type":"PHP","test":"asyncify-boot","plugin":"get-post-meta-multiple","details":"[28-May-2025 02:29:08 UTC] PHP Notice:  Function _load_textdomain_just_in_time was called <strong>incorrectly</strong>. Translation loading for the <code>gocrypto_pay</code> domain was triggered too early. This is usually an indicator for some code in the plugin or theme running too early. Translations should be loaded at the <code>init</code> action or later. Please see <a href=\"https://developer.wordpress.org/advanced-administration/debug/debug-wordpress/\">Debugging in WordPress</a> for more information. (This message was added in version 6.7.0.) in /wordpress/wp-includes/functions.php on line 6121","log":"/logs/plugins/g/get-post-meta-multiple/error.json"}
,
{"message":"Uncaught Error: Class \"WC_Payment_Gateway\" not found in /wordpress/wp-content/plugins/gocrypto-pay/gocrypto-pay.php:42","level":"FATAL","type":"PHP","test":"asyncify-boot","plugin":"get-post-meta-multiple","details":"[28-May-2025 02:29:08 UTC] PHP Fatal error:  Uncaught Error: Class \"WC_Payment_Gateway\" not found in /wordpress/wp-content/plugins/gocrypto-pay/gocrypto-pay.php:42\nStack trace:\n#0 /wordpress/wp-includes/class-wp-hook.php(324): init_goc_pay_class('')\n#1 /wordpress/wp-includes/class-wp-hook.php(348): WP_Hook->apply_filters(NULL, Array)\n#2 /wordpress/wp-includes/plugin.php(517): WP_Hook->do_action(Array)\n#3 /wordpress/wp-settings.php(578): do_action('plugins_loaded')\n#4 /wordpress/wp-config.php(102): require_once('/wordpress/wp-s...')\n#5 /wordpress/wp-load.php(50): require_once('/wordpress/wp-c...')\n#6 /internal/eval.php(3): require_once('/wordpress/wp-l...')\n#7 {main}\n  thrown in /wordpress/wp-content/plugins/gocrypto-pay/gocrypto-pay.php on line 42","log":"/logs/plugins/g/get-post-meta-multiple/error.json"}
,
{"message":"Function _load_textdomain_just_in_time was called <strong>incorrectly</strong>. Translation loading for the <code>gocrypto_pay</code> domain was triggered too early. This is usually an indicator for some code in the plugin or theme running too early. Translations should be loaded at the <code>init</code> action or later. Please see <a href=\"https://developer.wordpress.org/advanced-administration/debug/debug-wordpress/\">Debugging in WordPress</a> for more information. (This message was added in version 6.7.0.) in /wordpress/wp-includes/functions.php on line 6121","level":"NOTICE","type":"PHP","test":"asyncify-boot","plugin":"get-post-meta-multiple","details":"[28-May-2025 02:29:18 UTC] PHP Notice:  Function _load_textdomain_just_in_time was called <strong>incorrectly</strong>. Translation loading for the <code>gocrypto_pay</code> domain was triggered too early. This is usually an indicator for some code in the plugin or theme running too early. Translations should be loaded at the <code>init</code> action or later. Please see <a href=\"https://developer.wordpress.org/advanced-administration/debug/debug-wordpress/\">Debugging in WordPress</a> for more information. (This message was added in version 6.7.0.) in /wordpress/wp-includes/functions.php on line 6121","log":"/logs/plugins/g/get-post-meta-multiple/error.json"}
,
{"message":"Uncaught Error: Class \"WC_Payment_Gateway\" not found in /wordpress/wp-content/plugins/gocrypto-pay/gocrypto-pay.php:42","level":"FATAL","type":"PHP","test":"asyncify-boot","plugin":"get-post-meta-multiple","details":"[28-May-2025 02:29:18 UTC] PHP Fatal error:  Uncaught Error: Class \"WC_Payment_Gateway\" not found in /wordpress/wp-content/plugins/gocrypto-pay/gocrypto-pay.php:42\nStack trace:\n#0 /wordpress/wp-includes/class-wp-hook.php(324): init_goc_pay_class('')\n#1 /wordpress/wp-includes/class-wp-hook.php(348): WP_Hook->apply_filters(NULL, Array)\n#2 /wordpress/wp-includes/plugin.php(517): WP_Hook->do_action(Array)\n#3 /wordpress/wp-settings.php(578): do_action('plugins_loaded')\n#4 /wordpress/wp-config.php(102): require_once('/wordpress/wp-s...')\n#5 /wordpress/wp-load.php(50): require_once('/wordpress/wp-c...')\n#6 /internal/eval.php(3): require_once('/wordpress/wp-l...')\n#7 {main}\n  thrown in /wordpress/wp-content/plugins/gocrypto-pay/gocrypto-pay.php on line 42","log":"/logs/plugins/g/get-post-meta-multiple/error.json"}
,
{"message":"Uncaught TypeError: call_user_func_array(): Argument #1 ($callback) must be a valid callback, class Gameball does not have a method \"activate\" in /wordpress/wp-includes/class-wp-hook.php:324","level":"FATAL","type":"PHP","test":"asyncify-boot","plugin":"get-post-meta-multiple","details":"[28-May-2025 02:31:31 UTC] PHP Fatal error:  Uncaught TypeError: call_user_func_array(): Argument #1 ($callback) must be a valid callback, class Gameball does not have a method \"activate\" in /wordpress/wp-includes/class-wp-hook.php:324\nStack trace:\n#0 /wordpress/wp-includes/class-wp-hook.php(348): WP_Hook->apply_filters(NULL, Array)\n#1 /wordpress/wp-includes/plugin.php(517): WP_Hook->do_action(Array)\n#2 /wordpress/wp-admin/includes/plugin.php(703): do_action('activate_gameba...', false)\n#3 /internal/eval.php(20): activate_plugin('gameball/Gameba...')\n#4 {main}\n  thrown in /wordpress/wp-includes/class-wp-hook.php on line 324","log":"/logs/plugins/g/get-post-meta-multiple/error.json"}
,
{"message":"Uncaught TypeError: call_user_func_array(): Argument #1 ($callback) must be a valid callback, class Gameball does not have a method \"activate\" in /wordpress/wp-includes/class-wp-hook.php:324","level":"FATAL","type":"PHP","test":"asyncify-boot","plugin":"get-post-meta-multiple","details":"[28-May-2025 02:31:38 UTC] PHP Fatal error:  Uncaught TypeError: call_user_func_array(): Argument #1 ($callback) must be a valid callback, class Gameball does not have a method \"activate\" in /wordpress/wp-includes/class-wp-hook.php:324\nStack trace:\n#0 /wordpress/wp-includes/class-wp-hook.php(348): WP_Hook->apply_filters(NULL, Array)\n#1 /wordpress/wp-includes/plugin.php(517): WP_Hook->do_action(Array)\n#2 /wordpress/wp-admin/includes/plugin.php(703): do_action('activate_gameba...', false)\n#3 /internal/eval.php(20): activate_plugin('gameball/Gameba...')\n#4 {main}\n  thrown in /wordpress/wp-includes/class-wp-hook.php on line 324","log":"/logs/plugins/g/get-post-meta-multiple/error.json"}
,
{"message":"Uncaught TypeError: call_user_func_array(): Argument #1 ($callback) must be a valid callback, class Gameball does not have a method \"activate\" in /wordpress/wp-includes/class-wp-hook.php:324","level":"FATAL","type":"PHP","test":"asyncify-boot","plugin":"get-post-meta-multiple","details":"[28-May-2025 02:31:46 UTC] PHP Fatal error:  Uncaught TypeError: call_user_func_array(): Argument #1 ($callback) must be a valid callback, class Gameball does not have a method \"activate\" in /wordpress/wp-includes/class-wp-hook.php:324\nStack trace:\n#0 /wordpress/wp-includes/class-wp-hook.php(348): WP_Hook->apply_filters(NULL, Array)\n#1 /wordpress/wp-includes/plugin.php(517): WP_Hook->do_action(Array)\n#2 /wordpress/wp-admin/includes/plugin.php(703): do_action('activate_gameba...', false)\n#3 /internal/eval.php(20): activate_plugin('gameball/Gameba...')\n#4 {main}\n  thrown in /wordpress/wp-includes/class-wp-hook.php on line 324","log":"/logs/plugins/g/get-post-meta-multiple/error.json"}
,
{"message":"Uncaught WP_SQLite_Driver_Exception: Failed to parse the MySQL query. in /internal/shared/sqlite-database-integration/wp-includes/sqlite-ast/class-wp-sqlite-driver.php:3691","level":"FATAL","type":"PHP","test":"asyncify-boot","plugin":"get-post-meta-multiple","details":"[28-May-2025 02:32:21 UTC] PHP Fatal error:  Uncaught WP_SQLite_Driver_Exception: Failed to parse the MySQL query. in /internal/shared/sqlite-database-integration/wp-includes/sqlite-ast/class-wp-sqlite-driver.php:3691\nStack trace:\n#0 /internal/shared/sqlite-database-integration/wp-includes/sqlite-ast/class-wp-sqlite-driver.php(606): WP_SQLite_Driver->new_driver_exception('Failed to parse...')\n#1 /internal/shared/sqlite-database-integration/wp-includes/sqlite/class-wp-sqlite-db.php(132): WP_SQLite_Driver->query('SET SESSION sql...')\n#2 /wordpress/wp-content/plugins/geargag-toolkit/Add_DB_Column.php(18): WP_SQLite_DB->set_sql_mode(Array)\n#3 /wordpress/wp-includes/class-wp-hook.php(324): GearGag_Toolkit\\Add_DB_Column->add_column(false)\n#4 /wordpress/wp-includes/class-wp-hook.php(348): WP_Hook->apply_filters('', Array)\n#5 /wordpress/wp-includes/plugin.php(517): WP_Hook->do_action(Array)\n#6 /wordpress/wp-admin/includes/plugin.php(703): do_action('activate_gearga...', false)\n#7 /internal/eval.php(20): activate_plugin('geargag-toolkit...')\n#8 {main}\n  thrown in /internal/shared/sqlite-database-integration/wp-includes/sqlite-ast/class-wp-sqlite-driver.php on line 3691","log":"/logs/plugins/g/get-post-meta-multiple/error.json"}
,
{"message":"Function _load_textdomain_just_in_time was called <strong>incorrectly</strong>. Translation loading for the <code>geargag-toolkit</code> domain was triggered too early. This is usually an indicator for some code in the plugin or theme running too early. Translations should be loaded at the <code>init</code> action or later. Please see <a href=\"https://developer.wordpress.org/advanced-administration/debug/debug-wordpress/\">Debugging in WordPress</a> for more information. (This message was added in version 6.7.0.) in /wordpress/wp-includes/functions.php on line 6121","level":"NOTICE","type":"PHP","test":"asyncify-boot","plugin":"get-post-meta-multiple","details":"[28-May-2025 02:32:29 UTC] PHP Notice:  Function _load_textdomain_just_in_time was called <strong>incorrectly</strong>. Translation loading for the <code>geargag-toolkit</code> domain was triggered too early. This is usually an indicator for some code in the plugin or theme running too early. Translations should be loaded at the <code>init</code> action or later. Please see <a href=\"https://developer.wordpress.org/advanced-administration/debug/debug-wordpress/\">Debugging in WordPress</a> for more information. (This message was added in version 6.7.0.) in /wordpress/wp-includes/functions.php on line 6121","log":"/logs/plugins/g/get-post-meta-multiple/error.json"}
,
{"message":"Function _load_textdomain_just_in_time was called <strong>incorrectly</strong>. Translation loading for the <code>geargag-toolkit</code> domain was triggered too early. This is usually an indicator for some code in the plugin or theme running too early. Translations should be loaded at the <code>init</code> action or later. Please see <a href=\"https://developer.wordpress.org/advanced-administration/debug/debug-wordpress/\">Debugging in WordPress</a> for more information. (This message was added in version 6.7.0.) in /wordpress/wp-includes/functions.php on line 6121","level":"NOTICE","type":"PHP","test":"asyncify-boot","plugin":"get-post-meta-multiple","details":"[28-May-2025 02:32:37 UTC] PHP Notice:  Function _load_textdomain_just_in_time was called <strong>incorrectly</strong>. Translation loading for the <code>geargag-toolkit</code> domain was triggered too early. This is usually an indicator for some code in the plugin or theme running too early. Translations should be loaded at the <code>init</code> action or later. Please see <a href=\"https://developer.wordpress.org/advanced-administration/debug/debug-wordpress/\">Debugging in WordPress</a> for more information. (This message was added in version 6.7.0.) in /wordpress/wp-includes/functions.php on line 6121","log":"/logs/plugins/g/get-post-meta-multiple/error.json"}
,
{"message":"Function get_theme_data is <strong>deprecated</strong> since version 3.4.0! Use wp_get_theme() instead. in /wordpress/wp-includes/functions.php on line 6121","level":"DEPRECATED","type":"PHP","test":"asyncify-boot","plugin":"get-post-meta-multiple","details":"[28-May-2025 02:33:12 UTC] PHP Deprecated:  Function get_theme_data is <strong>deprecated</strong> since version 3.4.0! Use wp_get_theme() instead. in /wordpress/wp-includes/functions.php on line 6121","log":"/logs/plugins/g/get-post-meta-multiple/error.json"}
,
{"message":"Function get_theme_data is <strong>deprecated</strong> since version 3.4.0! Use wp_get_theme() instead. in /wordpress/wp-includes/functions.php on line 6121","level":"DEPRECATED","type":"PHP","test":"asyncify-boot","plugin":"get-post-meta-multiple","details":"[28-May-2025 02:33:21 UTC] PHP Deprecated:  Function get_theme_data is <strong>deprecated</strong> since version 3.4.0! Use wp_get_theme() instead. in /wordpress/wp-includes/functions.php on line 6121","log":"/logs/plugins/g/get-post-meta-multiple/error.json"}
,
{"message":"Function get_theme_data is <strong>deprecated</strong> since version 3.4.0! Use wp_get_theme() instead. in /wordpress/wp-includes/functions.php on line 6121","level":"DEPRECATED","type":"PHP","test":"asyncify-boot","plugin":"get-post-meta-multiple","details":"[28-May-2025 02:33:30 UTC] PHP Deprecated:  Function get_theme_data is <strong>deprecated</strong> since version 3.4.0! Use wp_get_theme() instead. in /wordpress/wp-includes/functions.php on line 6121","log":"/logs/plugins/g/get-post-meta-multiple/error.json"}
,
{"message":"Required parameter $wrapper follows optional parameter $type in /wordpress/wp-content/plugins/geo-request/freemius/includes/class-fs-logger.php on line 145","level":"DEPRECATED","type":"PHP","test":"asyncify-boot","plugin":"get-post-meta-multiple","details":"[28-May-2025 02:33:41 UTC] PHP Deprecated:  Required parameter $wrapper follows optional parameter $type in /wordpress/wp-content/plugins/geo-request/freemius/includes/class-fs-logger.php on line 145","log":"/logs/plugins/g/get-post-meta-multiple/error.json"}
,
{"message":"Required parameter $wrapper follows optional parameter $type in /wordpress/wp-content/plugins/geo-request/freemius/includes/class-fs-logger.php on line 145","level":"DEPRECATED","type":"PHP","test":"asyncify-boot","plugin":"get-post-meta-multiple","details":"[28-May-2025 02:33:43 UTC] PHP Deprecated:  Required parameter $wrapper follows optional parameter $type in /wordpress/wp-content/plugins/geo-request/freemius/includes/class-fs-logger.php on line 145","log":"/logs/plugins/g/get-post-meta-multiple/error.json"}
,
{"message":"Required parameter $wrapper follows optional parameter $type in /wordpress/wp-content/plugins/geo-request/freemius/includes/class-fs-logger.php on line 145","level":"DEPRECATED","type":"PHP","test":"asyncify-boot","plugin":"get-post-meta-multiple","details":"[28-May-2025 02:33:51 UTC] PHP Deprecated:  Required parameter $wrapper follows optional parameter $type in /wordpress/wp-content/plugins/geo-request/freemius/includes/class-fs-logger.php on line 145","log":"/logs/plugins/g/get-post-meta-multiple/error.json"}
,
{"message":"Required parameter $wrapper follows optional parameter $type in /wordpress/wp-content/plugins/geo-request/freemius/includes/class-fs-logger.php on line 145","level":"DEPRECATED","type":"PHP","test":"asyncify-boot","plugin":"get-post-meta-multiple","details":"[28-May-2025 02:33:53 UTC] PHP Deprecated:  Required parameter $wrapper follows optional parameter $type in /wordpress/wp-content/plugins/geo-request/freemius/includes/class-fs-logger.php on line 145","log":"/logs/plugins/g/get-post-meta-multiple/error.json"}
,
{"message":"Required parameter $wrapper follows optional parameter $type in /wordpress/wp-content/plugins/geo-request/freemius/includes/class-fs-logger.php on line 145","level":"DEPRECATED","type":"PHP","test":"asyncify-boot","plugin":"get-post-meta-multiple","details":"[28-May-2025 02:34:02 UTC] PHP Deprecated:  Required parameter $wrapper follows optional parameter $type in /wordpress/wp-content/plugins/geo-request/freemius/includes/class-fs-logger.php on line 145","log":"/logs/plugins/g/get-post-meta-multiple/error.json"}
,
{"message":"Required parameter $wrapper follows optional parameter $type in /wordpress/wp-content/plugins/geo-request/freemius/includes/class-fs-logger.php on line 145","level":"DEPRECATED","type":"PHP","test":"asyncify-boot","plugin":"get-post-meta-multiple","details":"[28-May-2025 02:34:04 UTC] PHP Deprecated:  Required parameter $wrapper follows optional parameter $type in /wordpress/wp-content/plugins/geo-request/freemius/includes/class-fs-logger.php on line 145","log":"/logs/plugins/g/get-post-meta-multiple/error.json"}
,
{"message":"Function wp_enqueue_script was called <strong>incorrectly</strong>. Scripts and styles should not be registered or enqueued until the <code>wp_enqueue_scripts</code>, <code>admin_enqueue_scripts</code>, or <code>login_enqueue_scripts</code> hooks. This notice was triggered by the <code>jquery</code> handle. Please see <a href=\"https://developer.wordpress.org/advanced-administration/debug/debug-wordpress/\">Debugging in WordPress</a> for more information. (This message was added in version 3.3.0.) in /wordpress/wp-includes/functions.php on line 6121","level":"NOTICE","type":"PHP","test":"asyncify-boot","plugin":"get-post-meta-multiple","details":"[28-May-2025 02:35:08 UTC] PHP Notice:  Function wp_enqueue_script was called <strong>incorrectly</strong>. Scripts and styles should not be registered or enqueued until the <code>wp_enqueue_scripts</code>, <code>admin_enqueue_scripts</code>, or <code>login_enqueue_scripts</code> hooks. This notice was triggered by the <code>jquery</code> handle. Please see <a href=\"https://developer.wordpress.org/advanced-administration/debug/debug-wordpress/\">Debugging in WordPress</a> for more information. (This message was added in version 3.3.0.) in /wordpress/wp-includes/functions.php on line 6121","log":"/logs/plugins/g/get-post-meta-multiple/error.json"}
,
{"message":"Function wp_enqueue_script was called <strong>incorrectly</strong>. Scripts and styles should not be registered or enqueued until the <code>wp_enqueue_scripts</code>, <code>admin_enqueue_scripts</code>, or <code>login_enqueue_scripts</code> hooks. This notice was triggered by the <code>jquery</code> handle. Please see <a href=\"https://developer.wordpress.org/advanced-administration/debug/debug-wordpress/\">Debugging in WordPress</a> for more information. (This message was added in version 3.3.0.) in /wordpress/wp-includes/functions.php on line 6121","level":"NOTICE","type":"PHP","test":"asyncify-boot","plugin":"get-post-meta-multiple","details":"[28-May-2025 02:35:17 UTC] PHP Notice:  Function wp_enqueue_script was called <strong>incorrectly</strong>. Scripts and styles should not be registered or enqueued until the <code>wp_enqueue_scripts</code>, <code>admin_enqueue_scripts</code>, or <code>login_enqueue_scripts</code> hooks. This notice was triggered by the <code>jquery</code> handle. Please see <a href=\"https://developer.wordpress.org/advanced-administration/debug/debug-wordpress/\">Debugging in WordPress</a> for more information. (This message was added in version 3.3.0.) in /wordpress/wp-includes/functions.php on line 6121","log":"/logs/plugins/g/get-post-meta-multiple/error.json"}
,
{"message":"Function wp_enqueue_script was called <strong>incorrectly</strong>. Scripts and styles should not be registered or enqueued until the <code>wp_enqueue_scripts</code>, <code>admin_enqueue_scripts</code>, or <code>login_enqueue_scripts</code> hooks. This notice was triggered by the <code>jquery</code> handle. Please see <a href=\"https://developer.wordpress.org/advanced-administration/debug/debug-wordpress/\">Debugging in WordPress</a> for more information. (This message was added in version 3.3.0.) in /wordpress/wp-includes/functions.php on line 6121","level":"NOTICE","type":"PHP","test":"asyncify-boot","plugin":"get-post-meta-multiple","details":"[28-May-2025 02:35:25 UTC] PHP Notice:  Function wp_enqueue_script was called <strong>incorrectly</strong>. Scripts and styles should not be registered or enqueued until the <code>wp_enqueue_scripts</code>, <code>admin_enqueue_scripts</code>, or <code>login_enqueue_scripts</code> hooks. This notice was triggered by the <code>jquery</code> handle. Please see <a href=\"https://developer.wordpress.org/advanced-administration/debug/debug-wordpress/\">Debugging in WordPress</a> for more information. (This message was added in version 3.3.0.) in /wordpress/wp-includes/functions.php on line 6121","log":"/logs/plugins/g/get-post-meta-multiple/error.json"}
,
{"message":"Cannot redeclare get_avatar_url() (previously declared in /wordpress/wp-includes/link-template.php:4321) in /wordpress/wp-content/plugins/get-avatar-url/index.php on line 28","level":"FATAL","type":"PHP","test":"asyncify-boot","plugin":"get-post-meta-multiple","details":"[28-May-2025 02:37:23 UTC] PHP Fatal error:  Cannot redeclare get_avatar_url() (previously declared in /wordpress/wp-includes/link-template.php:4321) in /wordpress/wp-content/plugins/get-avatar-url/index.php on line 28","log":"/logs/plugins/g/get-post-meta-multiple/error.json"}
,
{"message":"Cannot redeclare get_avatar_url() (previously declared in /wordpress/wp-includes/link-template.php:4321) in /wordpress/wp-content/plugins/get-avatar-url/index.php on line 28","level":"FATAL","type":"PHP","test":"asyncify-boot","plugin":"get-post-meta-multiple","details":"[28-May-2025 02:37:30 UTC] PHP Fatal error:  Cannot redeclare get_avatar_url() (previously declared in /wordpress/wp-includes/link-template.php:4321) in /wordpress/wp-content/plugins/get-avatar-url/index.php on line 28","log":"/logs/plugins/g/get-post-meta-multiple/error.json"}
,
{"message":"Cannot redeclare get_avatar_url() (previously declared in /wordpress/wp-includes/link-template.php:4321) in /wordpress/wp-content/plugins/get-avatar-url/index.php on line 28","level":"FATAL","type":"PHP","test":"asyncify-boot","plugin":"get-post-meta-multiple","details":"[28-May-2025 02:37:38 UTC] PHP Fatal error:  Cannot redeclare get_avatar_url() (previously declared in /wordpress/wp-includes/link-template.php:4321) in /wordpress/wp-content/plugins/get-avatar-url/index.php on line 28","log":"/logs/plugins/g/get-post-meta-multiple/error.json"}
,
{"message":"Function register_sidebar_widget is <strong>deprecated</strong> since version 2.8.0! Use wp_register_sidebar_widget() instead. in /wordpress/wp-includes/functions.php on line 6121","level":"DEPRECATED","type":"PHP","test":"asyncify-boot","plugin":"get-post-meta-multiple","details":"[28-May-2025 02:37:46 UTC] PHP Deprecated:  Function register_sidebar_widget is <strong>deprecated</strong> since version 2.8.0! Use wp_register_sidebar_widget() instead. in /wordpress/wp-includes/functions.php on line 6121","log":"/logs/plugins/g/get-post-meta-multiple/error.json"}
,
{"message":"Function register_widget_control is <strong>deprecated</strong> since version 2.8.0! Use wp_register_widget_control() instead. in /wordpress/wp-includes/functions.php on line 6121","level":"DEPRECATED","type":"PHP","test":"asyncify-boot","plugin":"get-post-meta-multiple","details":"[28-May-2025 02:37:46 UTC] PHP Deprecated:  Function register_widget_control is <strong>deprecated</strong> since version 2.8.0! Use wp_register_widget_control() instead. in /wordpress/wp-includes/functions.php on line 6121","log":"/logs/plugins/g/get-post-meta-multiple/error.json"}
,
{"message":"Function register_sidebar_widget is <strong>deprecated</strong> since version 2.8.0! Use wp_register_sidebar_widget() instead. in /wordpress/wp-includes/functions.php on line 6121","level":"DEPRECATED","type":"PHP","test":"asyncify-boot","plugin":"get-post-meta-multiple","details":"[28-May-2025 02:37:55 UTC] PHP Deprecated:  Function register_sidebar_widget is <strong>deprecated</strong> since version 2.8.0! Use wp_register_sidebar_widget() instead. in /wordpress/wp-includes/functions.php on line 6121","log":"/logs/plugins/g/get-post-meta-multiple/error.json"}
,
{"message":"Function register_widget_control is <strong>deprecated</strong> since version 2.8.0! Use wp_register_widget_control() instead. in /wordpress/wp-includes/functions.php on line 6121","level":"DEPRECATED","type":"PHP","test":"asyncify-boot","plugin":"get-post-meta-multiple","details":"[28-May-2025 02:37:55 UTC] PHP Deprecated:  Function register_widget_control is <strong>deprecated</strong> since version 2.8.0! Use wp_register_widget_control() instead. in /wordpress/wp-includes/functions.php on line 6121","log":"/logs/plugins/g/get-post-meta-multiple/error.json"}
,
{"message":"Function register_sidebar_widget is <strong>deprecated</strong> since version 2.8.0! Use wp_register_sidebar_widget() instead. in /wordpress/wp-includes/functions.php on line 6121","level":"DEPRECATED","type":"PHP","test":"asyncify-boot","plugin":"get-post-meta-multiple","details":"[28-May-2025 02:38:04 UTC] PHP Deprecated:  Function register_sidebar_widget is <strong>deprecated</strong> since version 2.8.0! Use wp_register_sidebar_widget() instead. in /wordpress/wp-includes/functions.php on line 6121","log":"/logs/plugins/g/get-post-meta-multiple/error.json"}
,
{"message":"Function register_widget_control is <strong>deprecated</strong> since version 2.8.0! Use wp_register_widget_control() instead. in /wordpress/wp-includes/functions.php on line 6121","level":"DEPRECATED","type":"PHP","test":"asyncify-boot","plugin":"get-post-meta-multiple","details":"[28-May-2025 02:38:04 UTC] PHP Deprecated:  Function register_widget_control is <strong>deprecated</strong> since version 2.8.0! Use wp_register_widget_control() instead. in /wordpress/wp-includes/functions.php on line 6121\n\n    at Object.onBind (file:///home/runner/work/playground-tester/playground-tester/node_modules/@wp-playground/cli/index.js:237:15)\n    at process.processTicksAndRejections (node:internal/process/task_queues:105:5)\n    at async V (file:///home/runner/work/playground-tester/playground-tester/node_modules/@wp-playground/cli/index.js:64:10)\n    at async ja (file:///home/runner/work/playground-tester/playground-tester/node_modules/@wp-playground/cli/cli.js:8161:12) {\n  [cause]: Error: Error when executing the blueprint step #1 ({\"step\":\"installPlugin\",\"pluginData\":{\"resource\":\"wordpress.org/plugins\",\"slug\":\"get-post-meta-multiple\"},\"options\":{\"activate\":true}}) : Could not download \"https://downloads.wordpress.org/plugin/get-post-meta-multiple.latest-stable.zip\".\n  \t\t\t\tCheck if the URL is correct and the server is reachable.\n  \t\t\t\tIf it is reachable, the server might be blocking the request.\n  \t\t\t\tCheck the browser console and network tabs for more information.\n  \n  \t\t\t\t## Does the console show the error \"No 'Access-Control-Allow-Origin' header\"?\n  \n  \t\t\t\tThis means the server that hosts your file does not allow requests from other sites\n  \t\t\t\t(cross-origin requests, or CORS).\tYou need to move the asset to a server that allows\n  \t\t\t\tcross-origin file downloads. Learn more about CORS at\n  \t\t\t\thttps://developer.mozilla.org/en-US/docs/Web/HTTP/CORS.\n  \n  \t\t\t\tIf your file is on GitHub, load it from \"raw.githubusercontent.com\".\n  \t\t\t\tHere's how to do that:\n  \n  \t\t\t\t1. Start with the original GitHub URL of the file. For example:\n  \t\t\t\thttps://github.com/username/repository/blob/branch/filename.\n  \t\t\t\t2. Replace \"github.com\" with \"raw.githubusercontent.com\".\n  \t\t\t\t3. Remove the \"/blob/\" part of the URL.\n  \n  \t\t\t\tThe resulting URL should look like this:\n  \t\t\t\thttps://raw.githubusercontent.com/username/repository/branch/filename\n  \n  \t\t\t\tError:\n  \t\t\t\tError: Could not download \"https://downloads.wordpress.org/plugin/get-post-meta-multiple.latest-stable.zip\"\n      at Object.run (file:///home/runner/work/playground-tester/playground-tester/node_modules/@wp-playground/blueprints/index.js:12449:19)\n      at process.processTicksAndRejections (node:internal/process/task_queues:105:5)\n      at async ms (file:///home/runner/work/playground-tester/playground-tester/node_modules/@wp-playground/blueprints/index.js:12552:3)\n      at async Object.onBind (file:///home/runner/work/playground-tester/playground-tester/node_modules/@wp-playground/cli/index.js:227:48)\n      at async V (file:///home/runner/work/playground-tester/playground-tester/node_modules/@wp-playground/cli/index.js:64:10)\n      at async ja (file:///home/runner/work/playground-tester/playground-tester/node_modules/@wp-playground/cli/cli.js:8161:12) {\n    [cause]: Error: Could not download \"https://downloads.wordpress.org/plugin/get-post-meta-multiple.latest-stable.zip\".\n    \t\t\t\tCheck if the URL is correct and the server is reachable.\n    \t\t\t\tIf it is reachable, the server might be blocking the request.\n    \t\t\t\tCheck the browser console and network tabs for more information.\n    \n    \t\t\t\t## Does the console show the error \"No 'Access-Control-Allow-Origin' header\"?\n    \n    \t\t\t\tThis means the server that hosts your file does not allow requests from other sites\n    \t\t\t\t(cross-origin requests, or CORS).\tYou need to move the asset to a server that allows\n    \t\t\t\tcross-origin file downloads. Learn more about CORS at\n    \t\t\t\thttps://developer.mozilla.org/en-US/docs/Web/HTTP/CORS.\n    \n    \t\t\t\tIf your file is on GitHub, load it from \"raw.githubusercontent.com\".\n    \t\t\t\tHere's how to do that:\n    \n    \t\t\t\t1. Start with the original GitHub URL of the file. For example:\n    \t\t\t\thttps://github.com/username/repository/blob/branch/filename.\n    \t\t\t\t2. Replace \"github.com\" with \"raw.githubusercontent.com\".\n    \t\t\t\t3. Remove the \"/blob/\" part of the URL.\n    \n    \t\t\t\tThe resulting URL should look like this:\n    \t\t\t\thttps://raw.githubusercontent.com/username/repository/branch/filename\n    \n    \t\t\t\tError:\n    \t\t\t\tError: Could not download \"https://downloads.wordpress.org/plugin/get-post-meta-multiple.latest-stable.zip\"\n        at Ct.resolve (file:///home/runner/work/playground-tester/playground-tester/node_modules/@wp-playground/blueprints/index.js:1472:13)\n        at process.processTicksAndRejections (node:internal/process/task_queues:105:5)\n        at async _.run (file:///home/runner/work/playground-tester/playground-tester/node_modules/@php-wasm/util/index.js:45:14)\n  }\n}\n\n","log":"/logs/plugins/g/get-post-meta-multiple/error.json"}
]
