[
{"message":"file:///home/runner/work/playground-tester/playground-tester/node_modules/@wp-playground/cli/index.js:237\n        throw new Error(y, { cause: u });\n              ^\n","level":"FATAL","type":"PLAYGROUND","test":"asyncify-boot","plugin":"humantide","details":"file:///home/runner/work/playground-tester/playground-tester/node_modules/@wp-playground/cli/index.js:237\n        throw new Error(y, { cause: u });\n              ^\n","log":"/tmp/tmp.Q73umrt1oz"}
,
{"message":"syntax error, unexpected token \"new\" in /wordpress/wp-content/plugins/happenings/happenings.php on line 47","level":"PARSE","type":"PHP","test":"asyncify-boot","plugin":"humantide","details":"[26-Apr-2025 23:47:00 UTC] PHP Parse error:  syntax error, unexpected token \"new\" in /wordpress/wp-content/plugins/happenings/happenings.php on line 47","log":"/logs/plugins/h/humantide/error.json"}
,
{"message":"syntax error, unexpected token \"new\" in /wordpress/wp-content/plugins/happenings/happenings.php on line 47","level":"PARSE","type":"PHP","test":"asyncify-boot","plugin":"humantide","details":"[26-Apr-2025 23:47:07 UTC] PHP Parse error:  syntax error, unexpected token \"new\" in /wordpress/wp-content/plugins/happenings/happenings.php on line 47","log":"/logs/plugins/h/humantide/error.json"}
,
{"message":"syntax error, unexpected token \"new\" in /wordpress/wp-content/plugins/happenings/happenings.php on line 47","level":"PARSE","type":"PHP","test":"asyncify-boot","plugin":"humantide","details":"[26-Apr-2025 23:47:15 UTC] PHP Parse error:  syntax error, unexpected token \"new\" in /wordpress/wp-content/plugins/happenings/happenings.php on line 47","log":"/logs/plugins/h/humantide/error.json"}
,
{"message":"Uncaught TypeError: call_user_func_array(): Argument #1 ($callback) must be a valid callback, non-static method hCardCommenting::init() cannot be called statically in /wordpress/wp-includes/class-wp-hook.php:324","level":"FATAL","type":"PHP","test":"asyncify-boot","plugin":"humantide","details":"[26-Apr-2025 23:47:52 UTC] PHP Fatal error:  Uncaught TypeError: call_user_func_array(): Argument #1 ($callback) must be a valid callback, non-static method hCardCommenting::init() cannot be called statically in /wordpress/wp-includes/class-wp-hook.php:324\nStack trace:\n#0 /wordpress/wp-includes/class-wp-hook.php(348): WP_Hook->apply_filters(NULL, Array)\n#1 /wordpress/wp-includes/plugin.php(517): WP_Hook->do_action(Array)\n#2 /wordpress/wp-settings.php(727): do_action('init')\n#3 /wordpress/wp-config.php(102): require_once('/wordpress/wp-s...')\n#4 /wordpress/wp-load.php(50): require_once('/wordpress/wp-c...')\n#5 /internal/eval.php(3): require_once('/wordpress/wp-l...')\n#6 {main}\n  thrown in /wordpress/wp-includes/class-wp-hook.php on line 324","log":"/logs/plugins/h/humantide/error.json"}
,
{"message":"Uncaught TypeError: call_user_func_array(): Argument #1 ($callback) must be a valid callback, non-static method hCardCommenting::init() cannot be called statically in /wordpress/wp-includes/class-wp-hook.php:324","level":"FATAL","type":"PHP","test":"asyncify-boot","plugin":"humantide","details":"[26-Apr-2025 23:48:00 UTC] PHP Fatal error:  Uncaught TypeError: call_user_func_array(): Argument #1 ($callback) must be a valid callback, non-static method hCardCommenting::init() cannot be called statically in /wordpress/wp-includes/class-wp-hook.php:324\nStack trace:\n#0 /wordpress/wp-includes/class-wp-hook.php(348): WP_Hook->apply_filters(NULL, Array)\n#1 /wordpress/wp-includes/plugin.php(517): WP_Hook->do_action(Array)\n#2 /wordpress/wp-settings.php(727): do_action('init')\n#3 /wordpress/wp-config.php(102): require_once('/wordpress/wp-s...')\n#4 /wordpress/wp-load.php(50): require_once('/wordpress/wp-c...')\n#5 /internal/eval.php(3): require_once('/wordpress/wp-l...')\n#6 {main}\n  thrown in /wordpress/wp-includes/class-wp-hook.php on line 324","log":"/logs/plugins/h/humantide/error.json"}
,
{"message":"Uncaught TypeError: call_user_func_array(): Argument #1 ($callback) must be a valid callback, non-static method hCardCommenting::init() cannot be called statically in /wordpress/wp-includes/class-wp-hook.php:324","level":"FATAL","type":"PHP","test":"asyncify-boot","plugin":"humantide","details":"[26-Apr-2025 23:48:09 UTC] PHP Fatal error:  Uncaught TypeError: call_user_func_array(): Argument #1 ($callback) must be a valid callback, non-static method hCardCommenting::init() cannot be called statically in /wordpress/wp-includes/class-wp-hook.php:324\nStack trace:\n#0 /wordpress/wp-includes/class-wp-hook.php(348): WP_Hook->apply_filters(NULL, Array)\n#1 /wordpress/wp-includes/plugin.php(517): WP_Hook->do_action(Array)\n#2 /wordpress/wp-settings.php(727): do_action('init')\n#3 /wordpress/wp-config.php(102): require_once('/wordpress/wp-s...')\n#4 /wordpress/wp-load.php(50): require_once('/wordpress/wp-c...')\n#5 /internal/eval.php(3): require_once('/wordpress/wp-l...')\n#6 {main}\n  thrown in /wordpress/wp-includes/class-wp-hook.php on line 324","log":"/logs/plugins/h/humantide/error.json"}
,
{"message":"Uncaught PDOException: SQLSTATE[HY000] [2002] Address family not supported by protocol in /wordpress/wp-content/plugins/hrefprompt/lib/db.class.php:25","level":"FATAL","type":"PHP","test":"asyncify-boot","plugin":"humantide","details":"[26-Apr-2025 23:51:16 UTC] PHP Fatal error:  Uncaught PDOException: SQLSTATE[HY000] [2002] Address family not supported by protocol in /wordpress/wp-content/plugins/hrefprompt/lib/db.class.php:25\nStack trace:\n#0 /wordpress/wp-content/plugins/hrefprompt/lib/db.class.php(25): PDO->__construct('mysql:host=loca...', 'username_here', 'password_here')\n#1 /wordpress/wp-content/plugins/hrefprompt/hrefprompt.php(54): hrefp_db->__construct()\n#2 /wordpress/wp-admin/includes/plugin.php(2387): include_once('/wordpress/wp-c...')\n#3 /wordpress/wp-admin/includes/plugin.php(673): plugin_sandbox_scrape('hrefprompt/href...')\n#4 /internal/eval.php(20): activate_plugin('hrefprompt/href...')\n#5 {main}\n  thrown in /wordpress/wp-content/plugins/hrefprompt/lib/db.class.php on line 25","log":"/logs/plugins/h/humantide/error.json"}
,
{"message":"Uncaught PDOException: SQLSTATE[HY000] [2002] Address family not supported by protocol in /wordpress/wp-content/plugins/hrefprompt/lib/db.class.php:25","level":"FATAL","type":"PHP","test":"asyncify-boot","plugin":"humantide","details":"[26-Apr-2025 23:51:24 UTC] PHP Fatal error:  Uncaught PDOException: SQLSTATE[HY000] [2002] Address family not supported by protocol in /wordpress/wp-content/plugins/hrefprompt/lib/db.class.php:25\nStack trace:\n#0 /wordpress/wp-content/plugins/hrefprompt/lib/db.class.php(25): PDO->__construct('mysql:host=loca...', 'username_here', 'password_here')\n#1 /wordpress/wp-content/plugins/hrefprompt/hrefprompt.php(54): hrefp_db->__construct()\n#2 /wordpress/wp-admin/includes/plugin.php(2387): include_once('/wordpress/wp-c...')\n#3 /wordpress/wp-admin/includes/plugin.php(673): plugin_sandbox_scrape('hrefprompt/href...')\n#4 /internal/eval.php(20): activate_plugin('hrefprompt/href...')\n#5 {main}\n  thrown in /wordpress/wp-content/plugins/hrefprompt/lib/db.class.php on line 25","log":"/logs/plugins/h/humantide/error.json"}
,
{"message":"Uncaught PDOException: SQLSTATE[HY000] [2002] Address family not supported by protocol in /wordpress/wp-content/plugins/hrefprompt/lib/db.class.php:25","level":"FATAL","type":"PHP","test":"asyncify-boot","plugin":"humantide","details":"[26-Apr-2025 23:51:32 UTC] PHP Fatal error:  Uncaught PDOException: SQLSTATE[HY000] [2002] Address family not supported by protocol in /wordpress/wp-content/plugins/hrefprompt/lib/db.class.php:25\nStack trace:\n#0 /wordpress/wp-content/plugins/hrefprompt/lib/db.class.php(25): PDO->__construct('mysql:host=loca...', 'username_here', 'password_here')\n#1 /wordpress/wp-content/plugins/hrefprompt/hrefprompt.php(54): hrefp_db->__construct()\n#2 /wordpress/wp-admin/includes/plugin.php(2387): include_once('/wordpress/wp-c...')\n#3 /wordpress/wp-admin/includes/plugin.php(673): plugin_sandbox_scrape('hrefprompt/href...')\n#4 /internal/eval.php(20): activate_plugin('hrefprompt/href...')\n#5 {main}\n  thrown in /wordpress/wp-content/plugins/hrefprompt/lib/db.class.php on line 25","log":"/logs/plugins/h/humantide/error.json"}
,
{"message":"Function _load_textdomain_just_in_time was called <strong>incorrectly</strong>. Translation loading for the <code>ht-contactform</code> domain was triggered too early. This is usually an indicator for some code in the plugin or theme running too early. Translations should be loaded at the <code>init</code> action or later. Please see <a href=\"https://developer.wordpress.org/advanced-administration/debug/debug-wordpress/\">Debugging in WordPress</a> for more information. (This message was added in version 6.7.0.) in /wordpress/wp-includes/functions.php on line 6121","level":"NOTICE","type":"PHP","test":"asyncify-boot","plugin":"humantide","details":"[26-Apr-2025 23:51:42 UTC] PHP Notice:  Function _load_textdomain_just_in_time was called <strong>incorrectly</strong>. Translation loading for the <code>ht-contactform</code> domain was triggered too early. This is usually an indicator for some code in the plugin or theme running too early. Translations should be loaded at the <code>init</code> action or later. Please see <a href=\"https://developer.wordpress.org/advanced-administration/debug/debug-wordpress/\">Debugging in WordPress</a> for more information. (This message was added in version 6.7.0.) in /wordpress/wp-includes/functions.php on line 6121","log":"/logs/plugins/h/humantide/error.json"}
,
{"message":"Function _load_textdomain_just_in_time was called <strong>incorrectly</strong>. Translation loading for the <code>ht-contactform</code> domain was triggered too early. This is usually an indicator for some code in the plugin or theme running too early. Translations should be loaded at the <code>init</code> action or later. Please see <a href=\"https://developer.wordpress.org/advanced-administration/debug/debug-wordpress/\">Debugging in WordPress</a> for more information. (This message was added in version 6.7.0.) in /wordpress/wp-includes/functions.php on line 6121","level":"NOTICE","type":"PHP","test":"asyncify-boot","plugin":"humantide","details":"[26-Apr-2025 23:51:50 UTC] PHP Notice:  Function _load_textdomain_just_in_time was called <strong>incorrectly</strong>. Translation loading for the <code>ht-contactform</code> domain was triggered too early. This is usually an indicator for some code in the plugin or theme running too early. Translations should be loaded at the <code>init</code> action or later. Please see <a href=\"https://developer.wordpress.org/advanced-administration/debug/debug-wordpress/\">Debugging in WordPress</a> for more information. (This message was added in version 6.7.0.) in /wordpress/wp-includes/functions.php on line 6121","log":"/logs/plugins/h/humantide/error.json"}
,
{"message":"Function _load_textdomain_just_in_time was called <strong>incorrectly</strong>. Translation loading for the <code>ht-contactform</code> domain was triggered too early. This is usually an indicator for some code in the plugin or theme running too early. Translations should be loaded at the <code>init</code> action or later. Please see <a href=\"https://developer.wordpress.org/advanced-administration/debug/debug-wordpress/\">Debugging in WordPress</a> for more information. (This message was added in version 6.7.0.) in /wordpress/wp-includes/functions.php on line 6121","level":"NOTICE","type":"PHP","test":"asyncify-boot","plugin":"humantide","details":"[26-Apr-2025 23:51:59 UTC] PHP Notice:  Function _load_textdomain_just_in_time was called <strong>incorrectly</strong>. Translation loading for the <code>ht-contactform</code> domain was triggered too early. This is usually an indicator for some code in the plugin or theme running too early. Translations should be loaded at the <code>init</code> action or later. Please see <a href=\"https://developer.wordpress.org/advanced-administration/debug/debug-wordpress/\">Debugging in WordPress</a> for more information. (This message was added in version 6.7.0.) in /wordpress/wp-includes/functions.php on line 6121","log":"/logs/plugins/h/humantide/error.json"}
,
{"message":"mysqli::__construct(): Error while reading greeting packet. PID=42 in /wordpress/wp-content/plugins/html-in-url-permalink/index.php on line 27","level":"WARNING","type":"PHP","test":"asyncify-boot","plugin":"humantide","details":"[26-Apr-2025 23:52:08 UTC] PHP Warning:  mysqli::__construct(): Error while reading greeting packet. PID=42 in /wordpress/wp-content/plugins/html-in-url-permalink/index.php on line 27","log":"/logs/plugins/h/humantide/error.json"}
,
{"message":"mysqli::__construct(): (HY000/2006): MySQL server has gone away in /wordpress/wp-content/plugins/html-in-url-permalink/index.php on line 27","level":"WARNING","type":"PHP","test":"asyncify-boot","plugin":"humantide","details":"[26-Apr-2025 23:52:08 UTC] PHP Warning:  mysqli::__construct(): (HY000/2006): MySQL server has gone away in /wordpress/wp-content/plugins/html-in-url-permalink/index.php on line 27","log":"/logs/plugins/h/humantide/error.json"}
,
{"message":"mysqli::__construct(): Error while reading greeting packet. PID=42 in /wordpress/wp-content/plugins/html-in-url-permalink/index.php on line 27","level":"WARNING","type":"PHP","test":"asyncify-boot","plugin":"humantide","details":"[26-Apr-2025 23:52:17 UTC] PHP Warning:  mysqli::__construct(): Error while reading greeting packet. PID=42 in /wordpress/wp-content/plugins/html-in-url-permalink/index.php on line 27","log":"/logs/plugins/h/humantide/error.json"}
,
{"message":"mysqli::__construct(): (HY000/2006): MySQL server has gone away in /wordpress/wp-content/plugins/html-in-url-permalink/index.php on line 27","level":"WARNING","type":"PHP","test":"asyncify-boot","plugin":"humantide","details":"[26-Apr-2025 23:52:17 UTC] PHP Warning:  mysqli::__construct(): (HY000/2006): MySQL server has gone away in /wordpress/wp-content/plugins/html-in-url-permalink/index.php on line 27","log":"/logs/plugins/h/humantide/error.json"}
,
{"message":"mysqli::__construct(): Error while reading greeting packet. PID=42 in /wordpress/wp-content/plugins/html-in-url-permalink/index.php on line 27","level":"WARNING","type":"PHP","test":"asyncify-boot","plugin":"humantide","details":"[26-Apr-2025 23:52:26 UTC] PHP Warning:  mysqli::__construct(): Error while reading greeting packet. PID=42 in /wordpress/wp-content/plugins/html-in-url-permalink/index.php on line 27","log":"/logs/plugins/h/humantide/error.json"}
,
{"message":"mysqli::__construct(): (HY000/2006): MySQL server has gone away in /wordpress/wp-content/plugins/html-in-url-permalink/index.php on line 27","level":"WARNING","type":"PHP","test":"asyncify-boot","plugin":"humantide","details":"[26-Apr-2025 23:52:26 UTC] PHP Warning:  mysqli::__construct(): (HY000/2006): MySQL server has gone away in /wordpress/wp-content/plugins/html-in-url-permalink/index.php on line 27","log":"/logs/plugins/h/humantide/error.json"}
,
{"message":"Uncaught ArgumentCountError: Too few arguments to function WP_Widget::__construct(), 0 passed in /wordpress/wp-content/plugins/humantide/index.php on line 836 and at least 2 expected in /wordpress/wp-includes/class-wp-widget.php:163","level":"FATAL","type":"PHP","test":"asyncify-boot","plugin":"humantide","details":"[26-Apr-2025 23:53:28 UTC] PHP Fatal error:  Uncaught ArgumentCountError: Too few arguments to function WP_Widget::__construct(), 0 passed in /wordpress/wp-content/plugins/humantide/index.php on line 836 and at least 2 expected in /wordpress/wp-includes/class-wp-widget.php:163\nStack trace:\n#0 /wordpress/wp-content/plugins/humantide/index.php(836): WP_Widget->__construct()\n#1 /wordpress/wp-admin/includes/plugin.php(2387): include_once('/wordpress/wp-c...')\n#2 /wordpress/wp-admin/includes/plugin.php(673): plugin_sandbox_scrape('humantide/index...')\n#3 /internal/eval.php(20): activate_plugin('humantide/index...')\n#4 {main}\n  thrown in /wordpress/wp-includes/class-wp-widget.php on line 163","log":"/logs/plugins/h/humantide/error.json"}
,
{"message":"Uncaught ArgumentCountError: Too few arguments to function WP_Widget::__construct(), 0 passed in /wordpress/wp-content/plugins/humantide/index.php on line 836 and at least 2 expected in /wordpress/wp-includes/class-wp-widget.php:163","level":"FATAL","type":"PHP","test":"asyncify-boot","plugin":"humantide","details":"[26-Apr-2025 23:53:36 UTC] PHP Fatal error:  Uncaught ArgumentCountError: Too few arguments to function WP_Widget::__construct(), 0 passed in /wordpress/wp-content/plugins/humantide/index.php on line 836 and at least 2 expected in /wordpress/wp-includes/class-wp-widget.php:163\nStack trace:\n#0 /wordpress/wp-content/plugins/humantide/index.php(836): WP_Widget->__construct()\n#1 /wordpress/wp-admin/includes/plugin.php(2387): include_once('/wordpress/wp-c...')\n#2 /wordpress/wp-admin/includes/plugin.php(673): plugin_sandbox_scrape('humantide/index...')\n#3 /internal/eval.php(20): activate_plugin('humantide/index...')\n#4 {main}\n  thrown in /wordpress/wp-includes/class-wp-widget.php on line 163\n\n    at Object.onBind (file:///home/runner/work/playground-tester/playground-tester/node_modules/@wp-playground/cli/index.js:237:15)\n    at process.processTicksAndRejections (node:internal/process/task_queues:105:5)\n    at async V (file:///home/runner/work/playground-tester/playground-tester/node_modules/@wp-playground/cli/index.js:64:10)\n    at async ja (file:///home/runner/work/playground-tester/playground-tester/node_modules/@wp-playground/cli/cli.js:8161:12) {\n  [cause]: Error: Error when executing the blueprint step #1 ({\"step\":\"installPlugin\",\"pluginData\":{\"resource\":\"wordpress.org/plugins\",\"slug\":\"humantide\"},\"options\":{\"activate\":true}}) : PHP.run() failed with exit code 255 and the following output: \n      at Object.run (file:///home/runner/work/playground-tester/playground-tester/node_modules/@wp-playground/blueprints/index.js:12449:19)\n      at process.processTicksAndRejections (node:internal/process/task_queues:105:5)\n      at async ms (file:///home/runner/work/playground-tester/playground-tester/node_modules/@wp-playground/blueprints/index.js:12552:3)\n      ... 2 lines matching cause stack trace ...\n      at async ja (file:///home/runner/work/playground-tester/playground-tester/node_modules/@wp-playground/cli/cli.js:8161:12) {\n    [cause]: PHPExecutionFailureError: PHP.run() failed with exit code 255 and the following output: \n        at PHP.run (file:///home/runner/work/playground-tester/playground-tester/node_modules/@php-wasm/universal/index.js:987:19)\n        at process.processTicksAndRejections (node:internal/process/task_queues:105:5)\n        at async wr (file:///home/runner/work/playground-tester/playground-tester/node_modules/@wp-playground/blueprints/index.js:33:39)\n        at async Object.gt [as installPlugin] (file:///home/runner/work/playground-tester/playground-tester/node_modules/@wp-playground/blueprints/index.js:974:42)\n        at async g (file:///home/runner/work/playground-tester/playground-tester/node_modules/@wp-playground/blueprints/index.js:12517:30)\n        at async Object.run (file:///home/runner/work/playground-tester/playground-tester/node_modules/@wp-playground/blueprints/index.js:12446:23)\n        at async ms (file:///home/runner/work/playground-tester/playground-tester/node_modules/@wp-playground/blueprints/index.js:12552:3)\n        at async Object.onBind (file:///home/runner/work/playground-tester/playground-tester/node_modules/@wp-playground/cli/index.js:227:48)\n        at async V (file:///home/runner/work/playground-tester/playground-tester/node_modules/@wp-playground/cli/index.js:64:10)\n        at async ja (file:///home/runner/work/playground-tester/playground-tester/node_modules/@wp-playground/cli/cli.js:8161:12) {\n      response: PHPResponse {\n        httpStatusCode: 500,\n        headers: {\n          'x-powered-by': [ 'PHP/8.0.30-dev' ],\n          'content-type': [ 'text/html; charset=UTF-8' ]\n        },\n        bytes: Uint8Array(0) [],\n        exitCode: 255,\n        errors: ''\n      },\n      source: 'request'\n    }\n  }\n}\n\n","log":"/logs/plugins/h/humantide/error.json"}
]
