file:///home/runner/work/playground-tester/playground-tester/node_modules/@wp-playground/cli/run-cli-j-geJYS3.js:325
        throw new Error($, { cause: h });
              ^

Error: [15-Jun-2025 06:58:13 UTC] PHP Fatal error:  Uncaught PDOException: SQLSTATE[HY000] [2002] Address family not supported by protocol in /wordpress/wp-content/plugins/firestudio/shared/init.php:20
Stack trace:
#0 /wordpress/wp-content/plugins/firestudio/shared/init.php(20): PDO->__construct('mysql:host=loca...', 'username_here', 'password_here')
#1 /wordpress/wp-content/plugins/firestudio/shared/autoload.php(42): require_once('/wordpress/wp-c...')
#2 /wordpress/wp-content/plugins/firestudio/plugin.php(48): require_once('/wordpress/wp-c...')
#3 /wordpress/wp-admin/includes/plugin.php(2387): include_once('/wordpress/wp-c...')
#4 /wordpress/wp-admin/includes/plugin.php(673): plugin_sandbox_scrape('firestudio/plug...')
#5 /internal/eval.php(20): activate_plugin('firestudio/plug...')
#6 {main}
  thrown in /wordpress/wp-content/plugins/firestudio/shared/init.php on line 20
[15-Jun-2025 06:58:21 UTC] PHP Fatal error:  Uncaught PDOException: SQLSTATE[HY000] [2002] Address family not supported by protocol in /wordpress/wp-content/plugins/firestudio/shared/init.php:20
Stack trace:
#0 /wordpress/wp-content/plugins/firestudio/shared/init.php(20): PDO->__construct('mysql:host=loca...', 'username_here', 'password_here')
#1 /wordpress/wp-content/plugins/firestudio/shared/autoload.php(42): require_once('/wordpress/wp-c...')
#2 /wordpress/wp-content/plugins/firestudio/plugin.php(48): require_once('/wordpress/wp-c...')
#3 /wordpress/wp-admin/includes/plugin.php(2387): include_once('/wordpress/wp-c...')
#4 /wordpress/wp-admin/includes/plugin.php(673): plugin_sandbox_scrape('firestudio/plug...')
#5 /internal/eval.php(20): activate_plugin('firestudio/plug...')
#6 {main}
  thrown in /wordpress/wp-content/plugins/firestudio/shared/init.php on line 20
[15-Jun-2025 06:58:28 UTC] PHP Fatal error:  Uncaught PDOException: SQLSTATE[HY000] [2002] Address family not supported by protocol in /wordpress/wp-content/plugins/firestudio/shared/init.php:20
Stack trace:
#0 /wordpress/wp-content/plugins/firestudio/shared/init.php(20): PDO->__construct('mysql:host=loca...', 'username_here', 'password_here')
#1 /wordpress/wp-content/plugins/firestudio/shared/autoload.php(42): require_once('/wordpress/wp-c...')
#2 /wordpress/wp-content/plugins/firestudio/plugin.php(48): require_once('/wordpress/wp-c...')
#3 /wordpress/wp-admin/includes/plugin.php(2387): include_once('/wordpress/wp-c...')
#4 /wordpress/wp-admin/includes/plugin.php(673): plugin_sandbox_scrape('firestudio/plug...')
#5 /internal/eval.php(20): activate_plugin('firestudio/plug...')
#6 {main}
  thrown in /wordpress/wp-content/plugins/firestudio/shared/init.php on line 20
[15-Jun-2025 06:59:58 UTC] PHP Fatal error:  Uncaught Error: Call to undefined function create_function() in /wordpress/wp-content/plugins/feedbacq-ad-hook/feedbacq.php:290
Stack trace:
#0 /wordpress/wp-admin/includes/plugin.php(2387): include_once()
#1 /wordpress/wp-admin/includes/plugin.php(673): plugin_sandbox_scrape('feedbacq-ad-hoo...')
#2 /internal/eval.php(20): activate_plugin('feedbacq-ad-hoo...')
#3 {main}
  thrown in /wordpress/wp-content/plugins/feedbacq-ad-hook/feedbacq.php on line 290
[15-Jun-2025 07:00:06 UTC] PHP Fatal error:  Uncaught Error: Call to undefined function create_function() in /wordpress/wp-content/plugins/feedbacq-ad-hook/feedbacq.php:290
Stack trace:
#0 /wordpress/wp-admin/includes/plugin.php(2387): include_once()
#1 /wordpress/wp-admin/includes/plugin.php(673): plugin_sandbox_scrape('feedbacq-ad-hoo...')
#2 /internal/eval.php(20): activate_plugin('feedbacq-ad-hoo...')
#3 {main}
  thrown in /wordpress/wp-content/plugins/feedbacq-ad-hook/feedbacq.php on line 290
[15-Jun-2025 07:00:14 UTC] PHP Fatal error:  Uncaught Error: Call to undefined function create_function() in /wordpress/wp-content/plugins/feedbacq-ad-hook/feedbacq.php:290
Stack trace:
#0 /wordpress/wp-admin/includes/plugin.php(2387): include_once()
#1 /wordpress/wp-admin/includes/plugin.php(673): plugin_sandbox_scrape('feedbacq-ad-hoo...')
#2 /internal/eval.php(20): activate_plugin('feedbacq-ad-hoo...')
#3 {main}
  thrown in /wordpress/wp-content/plugins/feedbacq-ad-hook/feedbacq.php on line 290
[15-Jun-2025 07:00:44 UTC] PHP Warning:  Undefined array key "HTTP_USER_AGENT" in /wordpress/wp-content/plugins/filepress/filepress.php on line 52
[15-Jun-2025 07:00:54 UTC] PHP Warning:  Undefined array key "HTTP_USER_AGENT" in /wordpress/wp-content/plugins/filepress/filepress.php on line 52
[15-Jun-2025 07:01:04 UTC] PHP Warning:  Undefined array key "HTTP_USER_AGENT" in /wordpress/wp-content/plugins/filepress/filepress.php on line 52
[15-Jun-2025 07:04:49 UTC] PHP Warning:  Attempt to read property "Id" on bool in /wordpress/wp-content/plugins/flaming-forms/flaming_forms.php on line 170
[15-Jun-2025 07:04:58 UTC] PHP Warning:  Attempt to read property "Id" on bool in /wordpress/wp-content/plugins/flaming-forms/flaming_forms.php on line 170
[15-Jun-2025 07:05:08 UTC] PHP Warning:  Attempt to read property "Id" on bool in /wordpress/wp-content/plugins/flaming-forms/flaming_forms.php on line 170
[15-Jun-2025 07:05:48 UTC] PHP Fatal error:  Uncaught Error: Call to undefined function create_function() in /wordpress/wp-content/plugins/flash-player-widget/flash_player_widget.php:128
Stack trace:
#0 /wordpress/wp-admin/includes/plugin.php(2387): include_once()
#1 /wordpress/wp-admin/includes/plugin.php(673): plugin_sandbox_scrape('flash-player-wi...')
#2 /internal/eval.php(20): activate_plugin('flash-player-wi...')
#3 {main}
  thrown in /wordpress/wp-content/plugins/flash-player-widget/flash_player_widget.php on line 128
[15-Jun-2025 07:05:56 UTC] PHP Fatal error:  Uncaught Error: Call to undefined function create_function() in /wordpress/wp-content/plugins/flash-player-widget/flash_player_widget.php:128
Stack trace:
#0 /wordpress/wp-admin/includes/plugin.php(2387): include_once()
#1 /wordpress/wp-admin/includes/plugin.php(673): plugin_sandbox_scrape('flash-player-wi...')
#2 /internal/eval.php(20): activate_plugin('flash-player-wi...')
#3 {main}
  thrown in /wordpress/wp-content/plugins/flash-player-widget/flash_player_widget.php on line 128
[15-Jun-2025 07:06:04 UTC] PHP Fatal error:  Uncaught Error: Call to undefined function create_function() in /wordpress/wp-content/plugins/flash-player-widget/flash_player_widget.php:128
Stack trace:
#0 /wordpress/wp-admin/includes/plugin.php(2387): include_once()
#1 /wordpress/wp-admin/includes/plugin.php(673): plugin_sandbox_scrape('flash-player-wi...')
#2 /internal/eval.php(20): activate_plugin('flash-player-wi...')
#3 {main}
  thrown in /wordpress/wp-content/plugins/flash-player-widget/flash_player_widget.php on line 128

    at Object.onBind (file:///home/runner/work/playground-tester/playground-tester/node_modules/@wp-playground/cli/run-cli-j-geJYS3.js:325:15)
    at process.processTicksAndRejections (node:internal/process/task_queues:105:5)
    at async re (file:///home/runner/work/playground-tester/playground-tester/node_modules/@wp-playground/cli/run-cli-j-geJYS3.js:149:10) {
  [cause]: Error: Error when executing the blueprint step #1 ({"step":"installPlugin","pluginData":{"resource":"wordpress.org/plugins","slug":"flash-player-widget"},"options":{"activate":true}}) : PHP.run() failed with exit code 255 and the following output: 
      at Object.run (file:///home/runner/work/playground-tester/playground-tester/node_modules/@wp-playground/blueprints/index.js:12093:19)
      at process.processTicksAndRejections (node:internal/process/task_queues:105:5)
      at async ys (file:///home/runner/work/playground-tester/playground-tester/node_modules/@wp-playground/blueprints/index.js:12196:3)
      at async Object.onBind (file:///home/runner/work/playground-tester/playground-tester/node_modules/@wp-playground/cli/run-cli-j-geJYS3.js:315:48)
      at async re (file:///home/runner/work/playground-tester/playground-tester/node_modules/@wp-playground/cli/run-cli-j-geJYS3.js:149:10) {
    [cause]: PHPExecutionFailureError: PHP.run() failed with exit code 255 and the following output: 
        at PHP.run (file:///home/runner/work/playground-tester/playground-tester/node_modules/@php-wasm/universal/index.js:1034:19)
        at process.processTicksAndRejections (node:internal/process/task_queues:105:5)
        at async wr (file:///home/runner/work/playground-tester/playground-tester/node_modules/@wp-playground/blueprints/index.js:34:39)
        at async Object.gt [as installPlugin] (file:///home/runner/work/playground-tester/playground-tester/node_modules/@wp-playground/blueprints/index.js:631:42)
        at async g (file:///home/runner/work/playground-tester/playground-tester/node_modules/@wp-playground/blueprints/index.js:12161:30)
        at async Object.run (file:///home/runner/work/playground-tester/playground-tester/node_modules/@wp-playground/blueprints/index.js:12090:23)
        at async ys (file:///home/runner/work/playground-tester/playground-tester/node_modules/@wp-playground/blueprints/index.js:12196:3)
        at async Object.onBind (file:///home/runner/work/playground-tester/playground-tester/node_modules/@wp-playground/cli/run-cli-j-geJYS3.js:315:48)
        at async re (file:///home/runner/work/playground-tester/playground-tester/node_modules/@wp-playground/cli/run-cli-j-geJYS3.js:149:10) {
      response: PHPResponse {
        httpStatusCode: 500,
        headers: {
          'x-powered-by': [ 'PHP/8.0.30-dev' ],
          'content-type': [ 'text/html; charset=UTF-8' ]
        },
        bytes: Uint8Array(0) [],
        exitCode: 255,
        errors: ''
      },
      source: 'request'
    }
  }
}

Node.js v23.11.0
