file:///home/runner/work/playground-tester/playground-tester/node_modules/@wp-playground/cli/index.js:237
        throw new Error(y, { cause: u });
              ^

Error: [14-Apr-2025 13:52:49 UTC] PHP Fatal error:  Uncaught TypeError: call_user_func_array(): Argument #1 ($callback) must be a valid callback, non-static method evoca_browser_mic::activate() cannot be called statically in /wordpress/wp-includes/class-wp-hook.php:324
Stack trace:
#0 /wordpress/wp-includes/class-wp-hook.php(348): WP_Hook->apply_filters('', Array)
#1 /wordpress/wp-includes/plugin.php(517): WP_Hook->do_action(Array)
#2 /wordpress/wp-admin/includes/plugin.php(703): do_action('activate_evoca-...', false)
#3 /internal/eval.php(20): activate_plugin('evoca-audio-rec...')
#4 {main}
  thrown in /wordpress/wp-includes/class-wp-hook.php on line 324
[14-Apr-2025 13:52:56 UTC] PHP Fatal error:  Uncaught TypeError: call_user_func_array(): Argument #1 ($callback) must be a valid callback, non-static method evoca_browser_mic::activate() cannot be called statically in /wordpress/wp-includes/class-wp-hook.php:324
Stack trace:
#0 /wordpress/wp-includes/class-wp-hook.php(348): WP_Hook->apply_filters('', Array)
#1 /wordpress/wp-includes/plugin.php(517): WP_Hook->do_action(Array)
#2 /wordpress/wp-admin/includes/plugin.php(703): do_action('activate_evoca-...', false)
#3 /internal/eval.php(20): activate_plugin('evoca-audio-rec...')
#4 {main}
  thrown in /wordpress/wp-includes/class-wp-hook.php on line 324
[14-Apr-2025 13:53:04 UTC] PHP Fatal error:  Uncaught TypeError: call_user_func_array(): Argument #1 ($callback) must be a valid callback, non-static method evoca_browser_mic::activate() cannot be called statically in /wordpress/wp-includes/class-wp-hook.php:324
Stack trace:
#0 /wordpress/wp-includes/class-wp-hook.php(348): WP_Hook->apply_filters('', Array)
#1 /wordpress/wp-includes/plugin.php(517): WP_Hook->do_action(Array)
#2 /wordpress/wp-admin/includes/plugin.php(703): do_action('activate_evoca-...', false)
#3 /internal/eval.php(20): activate_plugin('evoca-audio-rec...')
#4 {main}
  thrown in /wordpress/wp-includes/class-wp-hook.php on line 324
[14-Apr-2025 13:54:11 UTC] PHP Warning:  Trying to access array offset on value of type bool in /wordpress/wp-content/plugins/eventoni-events/eventoni.php on line 268
[14-Apr-2025 13:54:11 UTC] PHP Warning:  Trying to access array offset on value of type bool in /wordpress/wp-content/plugins/eventoni-events/eventoni.php on line 270
[14-Apr-2025 13:54:12 UTC] PHP Warning:  Trying to access array offset on value of type bool in /wordpress/wp-content/plugins/eventoni-events/eventoni.php on line 268
[14-Apr-2025 13:54:12 UTC] PHP Warning:  Trying to access array offset on value of type bool in /wordpress/wp-content/plugins/eventoni-events/eventoni.php on line 270
[14-Apr-2025 13:54:12 UTC] PHP Warning:  Trying to access array offset on value of type bool in /wordpress/wp-content/plugins/eventoni-events/eventoni.php on line 55
[14-Apr-2025 13:54:20 UTC] PHP Warning:  Trying to access array offset on value of type bool in /wordpress/wp-content/plugins/eventoni-events/eventoni.php on line 268
[14-Apr-2025 13:54:20 UTC] PHP Warning:  Trying to access array offset on value of type bool in /wordpress/wp-content/plugins/eventoni-events/eventoni.php on line 270
[14-Apr-2025 13:54:20 UTC] WordPress database error <div style="clear:both">&nbsp;</div>
<div class="queries" style="clear:both;margin-bottom:2px;border:red dotted thin;">
<p>MySQL query:</p>
<p>INSERT INTO wp_options (blog_id, option_name, option_value, autoload) VALUES ('0', 'eventoni_options', 'a:9:{s:8:"bg_color";s:7:"#121E29";s:9:"placement";s:7:"sidebar";s:8:"show_map";s:4:"true";s:12:"event_search";s:4:"true";s:13:"event_suggest";s:4:"true";s:11:"geolocation";s:0:"";s:16:"eventoni_api_key";s:0:"";s:18:"googlemaps_api_key";s:0:"";}', 'no')</p>
<p>Queries made or created this session were:</p>
<ol>
<li>Executing: BEGIN | (no parameters)</li>
<li>Executing: INSERT INTO wp_options (blog_id, option_name, option_value, autoload) VALUES (:param0 , :param1 , :param2 , :param3 ) | parameters: 0, eventoni_options, a:9:{s:8:&quot;bg_color&quot;;s:7:&quot;#121E29&quot;;s:9:&quot;placement&quot;;s:7:&quot;sidebar&quot;;s:8:&quot;show_map&quot;;s:4:&quot;true&quot;;s:12:&quot;event_search&quot;;s:4:&quot;true&quot;;s:13:&quot;event_suggest&quot;;s:4:&quot;true&quot;;s:11:&quot;geolocation&quot;;s:0:&quot;&quot;;s:16:&quot;eventoni_api_key&quot;;s:0:&quot;&quot;;s:18:&quot;googlemaps_api_key&quot;;s:0:&quot;&quot;;}, no</li>
<li>Executing: ROLLBACK | (no parameters)</li>
</ol>
</div>
<div style="clear:both;margin-bottom:2px;border:red dotted thin;" class="error_message" style="border-bottom:dotted blue thin;">
Error occurred at line 4117 in Function <code>handle_error</code>. Error message was: SQLSTATE[HY000]: General error: 1 table wp_options has no column named blog_id.
</div>
<p>Backtrace:</p>
<pre>#0 /internal/shared/sqlite-database-integration/wp-includes/sqlite/class-wp-sqlite-db.php(287): WP_SQLite_Translator->get_error_message()
#1 /wordpress/wp-content/plugins/eventoni-events/eventoni.php(29): WP_SQLite_DB->query('INSERT INTO wp_...')
#2 /wordpress/wp-includes/class-wp-hook.php(324): eventoni_activate(false)
#3 /wordpress/wp-includes/class-wp-hook.php(348): WP_Hook->apply_filters('', Array)
#4 /wordpress/wp-includes/plugin.php(517): WP_Hook->do_action(Array)
#5 /wordpress/wp-admin/includes/plugin.php(703): do_action('activate_evento...', false)
#6 /internal/eval.php(20): activate_plugin('eventoni-events...')
#7 {main}</pre>
 for query INSERT INTO wp_options (blog_id, option_name, option_value, autoload) VALUES ('0', 'eventoni_options', 'a:9:{s:8:"bg_color";s:7:"#121E29";s:9:"placement";s:7:"sidebar";s:8:"show_map";s:4:"true";s:12:"event_search";s:4:"true";s:13:"event_suggest";s:4:"true";s:11:"geolocation";s:0:"";s:16:"eventoni_api_key";s:0:"";s:18:"googlemaps_api_key";s:0:"";}', 'no') made by activate_plugin, do_action('activate_eventoni-events/eventoni.php'), WP_Hook->do_action, WP_Hook->apply_filters, eventoni_activate, WP_SQLite_DB->query, WP_SQLite_DB->print_error
[14-Apr-2025 13:54:20 UTC] PHP Warning:  Trying to access array offset on value of type bool in /wordpress/wp-content/plugins/eventoni-events/eventoni.php on line 268
[14-Apr-2025 13:54:20 UTC] PHP Warning:  Trying to access array offset on value of type bool in /wordpress/wp-content/plugins/eventoni-events/eventoni.php on line 270
[14-Apr-2025 13:54:21 UTC] PHP Warning:  Trying to access array offset on value of type bool in /wordpress/wp-content/plugins/eventoni-events/eventoni.php on line 55
[14-Apr-2025 13:54:28 UTC] PHP Warning:  Trying to access array offset on value of type bool in /wordpress/wp-content/plugins/eventoni-events/eventoni.php on line 268
[14-Apr-2025 13:54:28 UTC] PHP Warning:  Trying to access array offset on value of type bool in /wordpress/wp-content/plugins/eventoni-events/eventoni.php on line 270
[14-Apr-2025 13:54:28 UTC] WordPress database error <div style="clear:both">&nbsp;</div>
<div class="queries" style="clear:both;margin-bottom:2px;border:red dotted thin;">
<p>MySQL query:</p>
<p>INSERT INTO wp_options (blog_id, option_name, option_value, autoload) VALUES ('0', 'eventoni_options', 'a:9:{s:8:"bg_color";s:7:"#121E29";s:9:"placement";s:7:"sidebar";s:8:"show_map";s:4:"true";s:12:"event_search";s:4:"true";s:13:"event_suggest";s:4:"true";s:11:"geolocation";s:0:"";s:16:"eventoni_api_key";s:0:"";s:18:"googlemaps_api_key";s:0:"";}', 'no')</p>
<p>Queries made or created this session were:</p>
<ol>
<li>Executing: BEGIN | (no parameters)</li>
<li>Executing: INSERT INTO wp_options (blog_id, option_name, option_value, autoload) VALUES (:param0 , :param1 , :param2 , :param3 ) | parameters: 0, eventoni_options, a:9:{s:8:&quot;bg_color&quot;;s:7:&quot;#121E29&quot;;s:9:&quot;placement&quot;;s:7:&quot;sidebar&quot;;s:8:&quot;show_map&quot;;s:4:&quot;true&quot;;s:12:&quot;event_search&quot;;s:4:&quot;true&quot;;s:13:&quot;event_suggest&quot;;s:4:&quot;true&quot;;s:11:&quot;geolocation&quot;;s:0:&quot;&quot;;s:16:&quot;eventoni_api_key&quot;;s:0:&quot;&quot;;s:18:&quot;googlemaps_api_key&quot;;s:0:&quot;&quot;;}, no</li>
<li>Executing: ROLLBACK | (no parameters)</li>
</ol>
</div>
<div style="clear:both;margin-bottom:2px;border:red dotted thin;" class="error_message" style="border-bottom:dotted blue thin;">
Error occurred at line 4117 in Function <code>handle_error</code>. Error message was: SQLSTATE[HY000]: General error: 1 table wp_options has no column named blog_id.
</div>
<p>Backtrace:</p>
<pre>#0 /internal/shared/sqlite-database-integration/wp-includes/sqlite/class-wp-sqlite-db.php(287): WP_SQLite_Translator->get_error_message()
#1 /wordpress/wp-content/plugins/eventoni-events/eventoni.php(29): WP_SQLite_DB->query('INSERT INTO wp_...')
#2 /wordpress/wp-includes/class-wp-hook.php(324): eventoni_activate(false)
#3 /wordpress/wp-includes/class-wp-hook.php(348): WP_Hook->apply_filters('', Array)
#4 /wordpress/wp-includes/plugin.php(517): WP_Hook->do_action(Array)
#5 /wordpress/wp-admin/includes/plugin.php(703): do_action('activate_evento...', false)
#6 /internal/eval.php(20): activate_plugin('eventoni-events...')
#7 {main}</pre>
 for query INSERT INTO wp_options (blog_id, option_name, option_value, autoload) VALUES ('0', 'eventoni_options', 'a:9:{s:8:"bg_color";s:7:"#121E29";s:9:"placement";s:7:"sidebar";s:8:"show_map";s:4:"true";s:12:"event_search";s:4:"true";s:13:"event_suggest";s:4:"true";s:11:"geolocation";s:0:"";s:16:"eventoni_api_key";s:0:"";s:18:"googlemaps_api_key";s:0:"";}', 'no') made by activate_plugin, do_action('activate_eventoni-events/eventoni.php'), WP_Hook->do_action, WP_Hook->apply_filters, eventoni_activate, WP_SQLite_DB->query, WP_SQLite_DB->print_error
[14-Apr-2025 13:54:29 UTC] PHP Warning:  Trying to access array offset on value of type bool in /wordpress/wp-content/plugins/eventoni-events/eventoni.php on line 268
[14-Apr-2025 13:54:29 UTC] PHP Warning:  Trying to access array offset on value of type bool in /wordpress/wp-content/plugins/eventoni-events/eventoni.php on line 270
[14-Apr-2025 13:54:29 UTC] PHP Warning:  Trying to access array offset on value of type bool in /wordpress/wp-content/plugins/eventoni-events/eventoni.php on line 55
[14-Apr-2025 13:54:39 UTC] Opening DB connection
[14-Apr-2025 13:54:39 UTC] PHP Fatal error:  Uncaught envoqon\db\DbException: DbConnection failed to open the DB connection: SQLSTATE[HY000] [2002] Address family not supported by protocol in /wordpress/wp-content/plugins/expert-invoice/envoqon/db/DbConnection.php:139
Stack trace:
#0 /wordpress/wp-content/plugins/expert-invoice/envoqon/db/DbConnection.php(112): envoqon\db\DbConnection->open()
#1 /wordpress/wp-content/plugins/expert-invoice/envoqon/db/DbConnection.php(100): envoqon\db\DbConnection->setActive(true)
#2 /wordpress/wp-content/plugins/expert-invoice/envoqon/App.php(325): envoqon\db\DbConnection->init()
#3 /wordpress/wp-content/plugins/expert-invoice/envoqon/App.php(301): envoqon\App::getDb()
#4 /wordpress/wp-content/plugins/expert-invoice/envoqon/App.php(284): envoqon\App->instantiateMigration('m181231_124550_...')
#5 /wordpress/wp-content/plugins/expert-invoice/envoqon/App.php(255): envoqon\App->migrateUpImp('m181231_124550_...')
#6 /wordpress/wp-content/plugins/expert-invoice/expert-invoice.php(27): envoqon\App->migrateUp()
#7 /wordpress/wp-includes/class-wp-hook.php(324): expert_invoice_install(false)
#8 /wordpress/wp-includes/class-wp-hook.php(348): WP_Hook->apply_filters('', Array)
#9 /wordpress/wp-includes/plugin.php(517): WP_Hook->do_action(Array)
#10 /wordpress/wp-admin/includes/plugin.php(703): do_action('activate_expert...', false)
#11 /internal/eval.php(20): activate_plugin('expert-invoice/...')
#12 {main}
  thrown in /wordpress/wp-content/plugins/expert-invoice/envoqon/db/DbConnection.php on line 139
[14-Apr-2025 13:54:49 UTC] Opening DB connection
[14-Apr-2025 13:54:49 UTC] PHP Fatal error:  Uncaught envoqon\db\DbException: DbConnection failed to open the DB connection: SQLSTATE[HY000] [2002] Address family not supported by protocol in /wordpress/wp-content/plugins/expert-invoice/envoqon/db/DbConnection.php:139
Stack trace:
#0 /wordpress/wp-content/plugins/expert-invoice/envoqon/db/DbConnection.php(112): envoqon\db\DbConnection->open()
#1 /wordpress/wp-content/plugins/expert-invoice/envoqon/db/DbConnection.php(100): envoqon\db\DbConnection->setActive(true)
#2 /wordpress/wp-content/plugins/expert-invoice/envoqon/App.php(325): envoqon\db\DbConnection->init()
#3 /wordpress/wp-content/plugins/expert-invoice/envoqon/App.php(301): envoqon\App::getDb()
#4 /wordpress/wp-content/plugins/expert-invoice/envoqon/App.php(284): envoqon\App->instantiateMigration('m181231_124550_...')
#5 /wordpress/wp-content/plugins/expert-invoice/envoqon/App.php(255): envoqon\App->migrateUpImp('m181231_124550_...')
#6 /wordpress/wp-content/plugins/expert-invoice/expert-invoice.php(27): envoqon\App->migrateUp()
#7 /wordpress/wp-includes/class-wp-hook.php(324): expert_invoice_install(false)
#8 /wordpress/wp-includes/class-wp-hook.php(348): WP_Hook->apply_filters('', Array)
#9 /wordpress/wp-includes/plugin.php(517): WP_Hook->do_action(Array)
#10 /wordpress/wp-admin/includes/plugin.php(703): do_action('activate_expert...', false)
#11 /internal/eval.php(20): activate_plugin('expert-invoice/...')
#12 {main}
  thrown in /wordpress/wp-content/plugins/expert-invoice/envoqon/db/DbConnection.php on line 139
[14-Apr-2025 13:54:58 UTC] Opening DB connection
[14-Apr-2025 13:54:58 UTC] PHP Fatal error:  Uncaught envoqon\db\DbException: DbConnection failed to open the DB connection: SQLSTATE[HY000] [2002] Address family not supported by protocol in /wordpress/wp-content/plugins/expert-invoice/envoqon/db/DbConnection.php:139
Stack trace:
#0 /wordpress/wp-content/plugins/expert-invoice/envoqon/db/DbConnection.php(112): envoqon\db\DbConnection->open()
#1 /wordpress/wp-content/plugins/expert-invoice/envoqon/db/DbConnection.php(100): envoqon\db\DbConnection->setActive(true)
#2 /wordpress/wp-content/plugins/expert-invoice/envoqon/App.php(325): envoqon\db\DbConnection->init()
#3 /wordpress/wp-content/plugins/expert-invoice/envoqon/App.php(301): envoqon\App::getDb()
#4 /wordpress/wp-content/plugins/expert-invoice/envoqon/App.php(284): envoqon\App->instantiateMigration('m181231_124550_...')
#5 /wordpress/wp-content/plugins/expert-invoice/envoqon/App.php(255): envoqon\App->migrateUpImp('m181231_124550_...')
#6 /wordpress/wp-content/plugins/expert-invoice/expert-invoice.php(27): envoqon\App->migrateUp()
#7 /wordpress/wp-includes/class-wp-hook.php(324): expert_invoice_install(false)
#8 /wordpress/wp-includes/class-wp-hook.php(348): WP_Hook->apply_filters('', Array)
#9 /wordpress/wp-includes/plugin.php(517): WP_Hook->do_action(Array)
#10 /wordpress/wp-admin/includes/plugin.php(703): do_action('activate_expert...', false)
#11 /internal/eval.php(20): activate_plugin('expert-invoice/...')
#12 {main}
  thrown in /wordpress/wp-content/plugins/expert-invoice/envoqon/db/DbConnection.php on line 139
[14-Apr-2025 13:55:41 UTC] PHP Fatal error:  Cannot use vierbergenlars\LibJs\Object as Object because 'Object' is a special class name in /wordpress/wp-content/plugins/easy-affiliate-cloaker/vendor/vierbergenlars/php-semver/src/vierbergenlars/SemVer/internal.php on line 7
[14-Apr-2025 13:55:56 UTC] PHP Fatal error:  Cannot use vierbergenlars\LibJs\Object as Object because 'Object' is a special class name in /wordpress/wp-content/plugins/easy-affiliate-cloaker/vendor/vierbergenlars/php-semver/src/vierbergenlars/SemVer/internal.php on line 7
[14-Apr-2025 13:56:12 UTC] PHP Fatal error:  Cannot use vierbergenlars\LibJs\Object as Object because 'Object' is a special class name in /wordpress/wp-content/plugins/easy-affiliate-cloaker/vendor/vierbergenlars/php-semver/src/vierbergenlars/SemVer/internal.php on line 7
[14-Apr-2025 13:56:21 UTC] PHP Fatal error:  Uncaught Error: Undefined constant "headerfavicons" in /wordpress/wp-content/plugins/easy-favicon/easy-favicon.php:6231
Stack trace:
#0 /wordpress/wp-admin/includes/plugin.php(2387): include_once()
#1 /wordpress/wp-admin/includes/plugin.php(673): plugin_sandbox_scrape('easy-favicon/ea...')
#2 /internal/eval.php(20): activate_plugin('easy-favicon/ea...')
#3 {main}
  thrown in /wordpress/wp-content/plugins/easy-favicon/easy-favicon.php on line 6231

    at Object.onBind (file:///home/runner/work/playground-tester/playground-tester/node_modules/@wp-playground/cli/index.js:237:15)
    at process.processTicksAndRejections (node:internal/process/task_queues:105:5)
    at async V (file:///home/runner/work/playground-tester/playground-tester/node_modules/@wp-playground/cli/index.js:64:10)
    at async ja (file:///home/runner/work/playground-tester/playground-tester/node_modules/@wp-playground/cli/cli.js:8161:12) {
  [cause]: Error: Error when executing the blueprint step #5 ({"step":"installPlugin","pluginData":{"resource":"wordpress.org/plugins","slug":"easy-favicon"},"options":{"activate":true}}) : PHP.run() failed with exit code 255 and the following output: 
      at Object.run (file:///home/runner/work/playground-tester/playground-tester/node_modules/@wp-playground/blueprints/index.js:12449:19)
      at process.processTicksAndRejections (node:internal/process/task_queues:105:5)
      at async ms (file:///home/runner/work/playground-tester/playground-tester/node_modules/@wp-playground/blueprints/index.js:12552:3)
      ... 2 lines matching cause stack trace ...
      at async ja (file:///home/runner/work/playground-tester/playground-tester/node_modules/@wp-playground/cli/cli.js:8161:12) {
    [cause]: PHPExecutionFailureError: PHP.run() failed with exit code 255 and the following output: 
        at PHP.run (file:///home/runner/work/playground-tester/playground-tester/node_modules/@php-wasm/universal/index.js:987:19)
        at process.processTicksAndRejections (node:internal/process/task_queues:105:5)
        at async wr (file:///home/runner/work/playground-tester/playground-tester/node_modules/@wp-playground/blueprints/index.js:33:39)
        at async Object.gt [as installPlugin] (file:///home/runner/work/playground-tester/playground-tester/node_modules/@wp-playground/blueprints/index.js:974:42)
        at async g (file:///home/runner/work/playground-tester/playground-tester/node_modules/@wp-playground/blueprints/index.js:12517:30)
        at async Object.run (file:///home/runner/work/playground-tester/playground-tester/node_modules/@wp-playground/blueprints/index.js:12446:23)
        at async ms (file:///home/runner/work/playground-tester/playground-tester/node_modules/@wp-playground/blueprints/index.js:12552:3)
        at async Object.onBind (file:///home/runner/work/playground-tester/playground-tester/node_modules/@wp-playground/cli/index.js:227:48)
        at async V (file:///home/runner/work/playground-tester/playground-tester/node_modules/@wp-playground/cli/index.js:64:10)
        at async ja (file:///home/runner/work/playground-tester/playground-tester/node_modules/@wp-playground/cli/cli.js:8161:12) {
      response: PHPResponse {
        httpStatusCode: 500,
        headers: {
          'x-powered-by': [ 'PHP/8.0.30-dev' ],
          'content-type': [ 'text/html; charset=UTF-8' ]
        },
        bytes: Uint8Array(0) [],
        exitCode: 255,
        errors: ''
      },
      source: 'request'
    }
  }
}

Node.js v23.11.0
