file:///home/runner/work/playground-tester/playground-tester/node_modules/@wp-playground/cli/run-cli-j-geJYS3.js:325
        throw new Error($, { cause: h });
              ^

Error: [08-Jul-2025 20:33:56 UTC] WordPress database error <div style="clear:both">&nbsp;</div>
<div class="queries" style="clear:both;margin-bottom:2px;border:red dotted thin;">
<p>MySQL query:</p>
<p>DELETE FROM `wp_accessqontrol` WHERE `duration` >= '1752006836'</p>
<p>Queries made or created this session were:</p>
<ol>
<li>Executing: BEGIN IMMEDIATE | (no parameters)</li>
<li>Executing: DELETE FROM `wp_accessqontrol` WHERE `duration` &gt;= '1752006836' | (no parameters)</li>
<li>Executing: ROLLBACK | (no parameters)</li>
</ol>
</div>
<div style="clear:both;margin-bottom:2px;border:red dotted thin;" class="error_message" style="border-bottom:dotted blue thin;">
SQLSTATE[HY000]: General error: 1 no such table: wp_accessqontrol
</div>
<p>Backtrace:</p>
<pre>#0 /internal/shared/sqlite-database-integration/wp-includes/sqlite-ast/class-wp-sqlite-driver.php(683): WP_SQLite_Driver->new_driver_exception('SQLSTATE[HY000]...', 'HY000', Object(PDOException))
#1 /internal/shared/sqlite-database-integration/wp-includes/sqlite/class-wp-sqlite-db.php(491): WP_SQLite_Driver->query('DELETE FROM `wp...')
#2 /internal/shared/sqlite-database-integration/wp-includes/sqlite/class-wp-sqlite-db.php(432): WP_SQLite_DB->_do_query('DELETE FROM `wp...')
#3 /wordpress/wp-includes/class-wpdb.php(3146): WP_SQLite_DB->query('DELETE FROM `wp...')
#4 /wordpress/wp-content/plugins/accessqontrol/accessqontrol-manage.php(79): wpdb->get_results('DELETE FROM `wp...')
#5 /wordpress/wp-content/plugins/accessqontrol/accessqontrol.php(22): aqontrol_remove_expired()
#6 /wordpress/wp-admin/includes/plugin.php(2387): include_once('/wordpress/wp-c...')
#7 /wordpress/wp-admin/includes/plugin.php(673): plugin_sandbox_scrape('accessqontrol/a...')
#8 /internal/eval.php(20): activate_plugin('accessqontrol/a...')
#9 {main}</pre>
 for query DELETE FROM `wp_accessqontrol` WHERE `duration` >= '1752006836' made by activate_plugin, plugin_sandbox_scrape, include_once('/plugins/accessqontrol/accessqontrol.php'), aqontrol_remove_expired, WP_SQLite_DB->query, WP_SQLite_DB->print_error
[08-Jul-2025 20:33:56 UTC] PHP Warning:  Undefined variable $charset_collate in /wordpress/wp-content/plugins/accessqontrol/accessqontrol-setup.php on line 29
[08-Jul-2025 20:33:56 UTC] PHP Fatal error:  Uncaught Error: Call to undefined function mysql_query() in /wordpress/wp-content/plugins/accessqontrol/accessqontrol-setup.php:31
Stack trace:
#0 /wordpress/wp-includes/class-wp-hook.php(324): aqontrol_activate(false)
#1 /wordpress/wp-includes/class-wp-hook.php(348): WP_Hook->apply_filters('', Array)
#2 /wordpress/wp-includes/plugin.php(517): WP_Hook->do_action(Array)
#3 /wordpress/wp-admin/includes/plugin.php(703): do_action('activate_access...', false)
#4 /internal/eval.php(20): activate_plugin('accessqontrol/a...')
#5 {main}
  thrown in /wordpress/wp-content/plugins/accessqontrol/accessqontrol-setup.php on line 31
[08-Jul-2025 20:34:04 UTC] WordPress database error <div style="clear:both">&nbsp;</div>
<div class="queries" style="clear:both;margin-bottom:2px;border:red dotted thin;">
<p>MySQL query:</p>
<p>DELETE FROM `wp_accessqontrol` WHERE `duration` >= '1752006844'</p>
<p>Queries made or created this session were:</p>
<ol>
<li>Executing: BEGIN IMMEDIATE | (no parameters)</li>
<li>Executing: DELETE FROM `wp_accessqontrol` WHERE `duration` &gt;= '1752006844' | (no parameters)</li>
<li>Executing: ROLLBACK | (no parameters)</li>
</ol>
</div>
<div style="clear:both;margin-bottom:2px;border:red dotted thin;" class="error_message" style="border-bottom:dotted blue thin;">
SQLSTATE[HY000]: General error: 1 no such table: wp_accessqontrol
</div>
<p>Backtrace:</p>
<pre>#0 /internal/shared/sqlite-database-integration/wp-includes/sqlite-ast/class-wp-sqlite-driver.php(683): WP_SQLite_Driver->new_driver_exception('SQLSTATE[HY000]...', 'HY000', Object(PDOException))
#1 /internal/shared/sqlite-database-integration/wp-includes/sqlite/class-wp-sqlite-db.php(491): WP_SQLite_Driver->query('DELETE FROM `wp...')
#2 /internal/shared/sqlite-database-integration/wp-includes/sqlite/class-wp-sqlite-db.php(432): WP_SQLite_DB->_do_query('DELETE FROM `wp...')
#3 /wordpress/wp-includes/class-wpdb.php(3146): WP_SQLite_DB->query('DELETE FROM `wp...')
#4 /wordpress/wp-content/plugins/accessqontrol/accessqontrol-manage.php(79): wpdb->get_results('DELETE FROM `wp...')
#5 /wordpress/wp-content/plugins/accessqontrol/accessqontrol.php(22): aqontrol_remove_expired()
#6 /wordpress/wp-admin/includes/plugin.php(2387): include_once('/wordpress/wp-c...')
#7 /wordpress/wp-admin/includes/plugin.php(673): plugin_sandbox_scrape('accessqontrol/a...')
#8 /internal/eval.php(20): activate_plugin('accessqontrol/a...')
#9 {main}</pre>
 for query DELETE FROM `wp_accessqontrol` WHERE `duration` >= '1752006844' made by activate_plugin, plugin_sandbox_scrape, include_once('/plugins/accessqontrol/accessqontrol.php'), aqontrol_remove_expired, WP_SQLite_DB->query, WP_SQLite_DB->print_error
[08-Jul-2025 20:34:04 UTC] PHP Warning:  Undefined variable $charset_collate in /wordpress/wp-content/plugins/accessqontrol/accessqontrol-setup.php on line 29
[08-Jul-2025 20:34:04 UTC] PHP Fatal error:  Uncaught Error: Call to undefined function mysql_query() in /wordpress/wp-content/plugins/accessqontrol/accessqontrol-setup.php:31
Stack trace:
#0 /wordpress/wp-includes/class-wp-hook.php(324): aqontrol_activate(false)
#1 /wordpress/wp-includes/class-wp-hook.php(348): WP_Hook->apply_filters('', Array)
#2 /wordpress/wp-includes/plugin.php(517): WP_Hook->do_action(Array)
#3 /wordpress/wp-admin/includes/plugin.php(703): do_action('activate_access...', false)
#4 /internal/eval.php(20): activate_plugin('accessqontrol/a...')
#5 {main}
  thrown in /wordpress/wp-content/plugins/accessqontrol/accessqontrol-setup.php on line 31
[08-Jul-2025 20:34:12 UTC] WordPress database error <div style="clear:both">&nbsp;</div>
<div class="queries" style="clear:both;margin-bottom:2px;border:red dotted thin;">
<p>MySQL query:</p>
<p>DELETE FROM `wp_accessqontrol` WHERE `duration` >= '1752006852'</p>
<p>Queries made or created this session were:</p>
<ol>
<li>Executing: BEGIN IMMEDIATE | (no parameters)</li>
<li>Executing: DELETE FROM `wp_accessqontrol` WHERE `duration` &gt;= '1752006852' | (no parameters)</li>
<li>Executing: ROLLBACK | (no parameters)</li>
</ol>
</div>
<div style="clear:both;margin-bottom:2px;border:red dotted thin;" class="error_message" style="border-bottom:dotted blue thin;">
SQLSTATE[HY000]: General error: 1 no such table: wp_accessqontrol
</div>
<p>Backtrace:</p>
<pre>#0 /internal/shared/sqlite-database-integration/wp-includes/sqlite-ast/class-wp-sqlite-driver.php(683): WP_SQLite_Driver->new_driver_exception('SQLSTATE[HY000]...', 'HY000', Object(PDOException))
#1 /internal/shared/sqlite-database-integration/wp-includes/sqlite/class-wp-sqlite-db.php(491): WP_SQLite_Driver->query('DELETE FROM `wp...')
#2 /internal/shared/sqlite-database-integration/wp-includes/sqlite/class-wp-sqlite-db.php(432): WP_SQLite_DB->_do_query('DELETE FROM `wp...')
#3 /wordpress/wp-includes/class-wpdb.php(3146): WP_SQLite_DB->query('DELETE FROM `wp...')
#4 /wordpress/wp-content/plugins/accessqontrol/accessqontrol-manage.php(79): wpdb->get_results('DELETE FROM `wp...')
#5 /wordpress/wp-content/plugins/accessqontrol/accessqontrol.php(22): aqontrol_remove_expired()
#6 /wordpress/wp-admin/includes/plugin.php(2387): include_once('/wordpress/wp-c...')
#7 /wordpress/wp-admin/includes/plugin.php(673): plugin_sandbox_scrape('accessqontrol/a...')
#8 /internal/eval.php(20): activate_plugin('accessqontrol/a...')
#9 {main}</pre>
 for query DELETE FROM `wp_accessqontrol` WHERE `duration` >= '1752006852' made by activate_plugin, plugin_sandbox_scrape, include_once('/plugins/accessqontrol/accessqontrol.php'), aqontrol_remove_expired, WP_SQLite_DB->query, WP_SQLite_DB->print_error
[08-Jul-2025 20:34:12 UTC] PHP Warning:  Undefined variable $charset_collate in /wordpress/wp-content/plugins/accessqontrol/accessqontrol-setup.php on line 29
[08-Jul-2025 20:34:12 UTC] PHP Fatal error:  Uncaught Error: Call to undefined function mysql_query() in /wordpress/wp-content/plugins/accessqontrol/accessqontrol-setup.php:31
Stack trace:
#0 /wordpress/wp-includes/class-wp-hook.php(324): aqontrol_activate(false)
#1 /wordpress/wp-includes/class-wp-hook.php(348): WP_Hook->apply_filters('', Array)
#2 /wordpress/wp-includes/plugin.php(517): WP_Hook->do_action(Array)
#3 /wordpress/wp-admin/includes/plugin.php(703): do_action('activate_access...', false)
#4 /internal/eval.php(20): activate_plugin('accessqontrol/a...')
#5 {main}
  thrown in /wordpress/wp-content/plugins/accessqontrol/accessqontrol-setup.php on line 31
[08-Jul-2025 20:36:33 UTC] PHP Fatal error:  Uncaught Error: Call to undefined function WP_Filesystem() in /wordpress/wp-content/plugins/admin-graphic-password/admin-graphic-password.pot.php:2
Stack trace:
#0 /wordpress/wp-content/plugins/admin-graphic-password/admin-graphic-password.php(29): include_once()
#1 /wordpress/wp-includes/class-wp-hook.php(324): admin_graphic_password_activate2021(false)
#2 /wordpress/wp-includes/class-wp-hook.php(348): WP_Hook->apply_filters('', Array)
#3 /wordpress/wp-includes/plugin.php(517): WP_Hook->do_action(Array)
#4 /wordpress/wp-admin/includes/plugin.php(703): do_action('activate_admin-...', false)
#5 /internal/eval.php(20): activate_plugin('admin-graphic-p...')
#6 {main}
  thrown in /wordpress/wp-content/plugins/admin-graphic-password/admin-graphic-password.pot.php on line 2
[08-Jul-2025 20:36:41 UTC] PHP Fatal error:  Uncaught Error: Call to undefined function WP_Filesystem() in /wordpress/wp-content/plugins/admin-graphic-password/admin-graphic-password.pot.php:2
Stack trace:
#0 /wordpress/wp-content/plugins/admin-graphic-password/admin-graphic-password.php(29): include_once()
#1 /wordpress/wp-includes/class-wp-hook.php(324): admin_graphic_password_activate2021(false)
#2 /wordpress/wp-includes/class-wp-hook.php(348): WP_Hook->apply_filters('', Array)
#3 /wordpress/wp-includes/plugin.php(517): WP_Hook->do_action(Array)
#4 /wordpress/wp-admin/includes/plugin.php(703): do_action('activate_admin-...', false)
#5 /internal/eval.php(20): activate_plugin('admin-graphic-p...')
#6 {main}
  thrown in /wordpress/wp-content/plugins/admin-graphic-password/admin-graphic-password.pot.php on line 2
[08-Jul-2025 20:36:49 UTC] PHP Fatal error:  Uncaught Error: Call to undefined function WP_Filesystem() in /wordpress/wp-content/plugins/admin-graphic-password/admin-graphic-password.pot.php:2
Stack trace:
#0 /wordpress/wp-content/plugins/admin-graphic-password/admin-graphic-password.php(29): include_once()
#1 /wordpress/wp-includes/class-wp-hook.php(324): admin_graphic_password_activate2021(false)
#2 /wordpress/wp-includes/class-wp-hook.php(348): WP_Hook->apply_filters('', Array)
#3 /wordpress/wp-includes/plugin.php(517): WP_Hook->do_action(Array)
#4 /wordpress/wp-admin/includes/plugin.php(703): do_action('activate_admin-...', false)
#5 /internal/eval.php(20): activate_plugin('admin-graphic-p...')
#6 {main}
  thrown in /wordpress/wp-content/plugins/admin-graphic-password/admin-graphic-password.pot.php on line 2
[08-Jul-2025 20:37:25 UTC] PHP Warning:  Undefined array key "action" in /wordpress/wp-content/plugins/adsense-integrator/adsense-integrator.php on line 2023
[08-Jul-2025 20:37:26 UTC] PHP Warning:  Undefined array key "action" in /wordpress/wp-content/plugins/adsense-integrator/adsense-integrator.php on line 2023
[08-Jul-2025 20:37:26 UTC] PHP Deprecated:  Function load_plugin_textdomain was called with an argument that is <strong>deprecated</strong> since version 2.7.0 with no alternative available. in /wordpress/wp-includes/functions.php on line 6121
[08-Jul-2025 20:37:35 UTC] PHP Warning:  Undefined array key "action" in /wordpress/wp-content/plugins/adsense-integrator/adsense-integrator.php on line 2023
[08-Jul-2025 20:37:36 UTC] PHP Warning:  Undefined array key "action" in /wordpress/wp-content/plugins/adsense-integrator/adsense-integrator.php on line 2023
[08-Jul-2025 20:37:36 UTC] PHP Deprecated:  Function load_plugin_textdomain was called with an argument that is <strong>deprecated</strong> since version 2.7.0 with no alternative available. in /wordpress/wp-includes/functions.php on line 6121
[08-Jul-2025 20:37:44 UTC] PHP Warning:  Undefined array key "action" in /wordpress/wp-content/plugins/adsense-integrator/adsense-integrator.php on line 2023
[08-Jul-2025 20:37:45 UTC] PHP Warning:  Undefined array key "action" in /wordpress/wp-content/plugins/adsense-integrator/adsense-integrator.php on line 2023
[08-Jul-2025 20:37:45 UTC] PHP Deprecated:  Function load_plugin_textdomain was called with an argument that is <strong>deprecated</strong> since version 2.7.0 with no alternative available. in /wordpress/wp-includes/functions.php on line 6121
[08-Jul-2025 20:37:58 UTC] PHP Fatal error:  Uncaught Doctrine\Common\Annotations\AnnotationException: [Semantical Error] The annotation "@Configuration" in class AllInData\CF7CRIntegration\PluginConfiguration was never imported. Did you maybe forget to add a "use" statement for this annotation? in /wordpress/wp-content/plugins/allindata-cf7-cleverreach-integration/vendor/doctrine/annotations/lib/Doctrine/Common/Annotations/AnnotationException.php:54
Stack trace:
#0 /wordpress/wp-content/plugins/allindata-cf7-cleverreach-integration/vendor/doctrine/annotations/lib/Doctrine/Common/Annotations/DocParser.php(732): Doctrine\Common\Annotations\AnnotationException::semanticalError('The annotation ...')
#1 /wordpress/wp-content/plugins/allindata-cf7-cleverreach-integration/vendor/doctrine/annotations/lib/Doctrine/Common/Annotations/DocParser.php(661): Doctrine\Common\Annotations\DocParser->Annotation()
#2 /wordpress/wp-content/plugins/allindata-cf7-cleverreach-integration/vendor/doctrine/annotations/lib/Doctrine/Common/Annotations/DocParser.php(354): Doctrine\Common\Annotations\DocParser->Annotations()
#3 /wordpress/wp-content/plugins/allindata-cf7-cleverreach-integration/vendor/doctrine/annotations/lib/Doctrine/Common/Annotations/AnnotationReader.php(218): Doctrine\Common\Annotations\DocParser->parse('/**\n * Class Pl...', 'class AllInData...')
#4 /wordpress/wp-content/plugins/allindata-cf7-cleverreach-integration/vendor/doctrine/annotations/lib/Doctrine/Common/Annotations/AnnotationReader.php(226): Doctrine\Common\Annotations\AnnotationReader->getClassAnnotations(Object(ReflectionClass))
#5 /wordpress/wp-content/plugins/allindata-cf7-cleverreach-integration/vendor/bitexpert/disco/src/bitExpert/Disco/Proxy/Configuration/ConfigurationGenerator.php(85): Doctrine\Common\Annotations\AnnotationReader->getClassAnnotation(Object(ReflectionClass), 'bitExpert\\Disco...')
#6 /wordpress/wp-content/plugins/allindata-cf7-cleverreach-integration/vendor/ocramius/proxy-manager/src/ProxyManager/Factory/AbstractBaseFactory.php(106): bitExpert\Disco\Proxy\Configuration\ConfigurationGenerator->generate(Object(ReflectionClass), Object(ProxyManager\Generator\ClassGenerator), Array)
#7 /wordpress/wp-content/plugins/allindata-cf7-cleverreach-integration/vendor/ocramius/proxy-manager/src/ProxyManager/Factory/AbstractBaseFactory.php(72): ProxyManager\Factory\AbstractBaseFactory->generateProxyClass('ProxyManagerGen...', 'AllInData\\CF7CR...', Array, Array)
#8 /wordpress/wp-content/plugins/allindata-cf7-cleverreach-integration/vendor/bitexpert/disco/src/bitExpert/Disco/Proxy/Configuration/ConfigurationFactory.php(54): ProxyManager\Factory\AbstractBaseFactory->generateProxy('AllInData\\CF7CR...')
#9 /wordpress/wp-content/plugins/allindata-cf7-cleverreach-integration/vendor/bitexpert/disco/src/bitExpert/Disco/AnnotationBeanFactory.php(44): bitExpert\Disco\Proxy\Configuration\ConfigurationFactory->createInstance(Object(bitExpert\Disco\BeanFactoryConfiguration), 'AllInData\\CF7CR...', Array)
#10 /wordpress/wp-content/plugins/allindata-cf7-cleverreach-integration/vendor/allindata/wordpress-micro-core/src/Init.php(116): bitExpert\Disco\AnnotationBeanFactory->__construct('AllInData\\CF7CR...', Array, Object(bitExpert\Disco\BeanFactoryConfiguration))
#11 /wordpress/wp-content/plugins/allindata-cf7-cleverreach-integration/vendor/allindata/wordpress-micro-core/src/Init.php(56): AllInData\Micro\Core\Init->loadPlugin('allindata-cf7-c...', '/wordpress/tmp/', 'AllInData\\CF7CR...')
#12 /wordpress/wp-includes/class-wp-hook.php(324): AllInData\Micro\Core\Init::init('')
#13 /wordpress/wp-includes/class-wp-hook.php(348): WP_Hook->apply_filters('', Array)
#14 /wordpress/wp-includes/plugin.php(517): WP_Hook->do_action(Array)
#15 /wordpress/wp-content/plugins/allindata-cf7-cleverreach-integration/vendor/allindata/wordpress-micro-core/src/Init.php(12): do_action('allindata/micro...')
#16 /wordpress/wp-includes/class-wp-hook.php(324): AllInData\Micro\Core\{closure}('')
#17 /wordpress/wp-includes/class-wp-hook.php(348): WP_Hook->apply_filters(NULL, Array)
#18 /wordpress/wp-includes/plugin.php(517): WP_Hook->do_action(Array)
#19 /wordpress/wp-settings.php(578): do_action('plugins_loaded')
#20 /wordpress/wp-config.php(102): require_once('/wordpress/wp-s...')
#21 /wordpress/wp-load.php(50): require_once('/wordpress/wp-c...')
#22 /internal/eval.php(3): require_once('/wordpress/wp-l...')
#23 {main}

Next ProxyManager\Exception\InvalidProxiedClassException: [Semantical Error] The annotation "@Configuration" in class AllInData\CF7CRIntegration\PluginConfiguration was never imported. Did you maybe forget to add a "use" statement for this annotation? in /wordpress/wp-content/plugins/allindata-cf7-cleverreach-integration/vendor/bitexpert/disco/src/bitExpert/Disco/Proxy/Configuration/ConfigurationGenerator.php:87
Stack trace:
#0 /wordpress/wp-content/plugins/allindata-cf7-cleverreach-integration/vendor/ocramius/proxy-manager/src/ProxyManager/Factory/AbstractBaseFactory.php(106): bitExpert\Disco\Proxy\Configuration\ConfigurationGenerator->generate(Object(ReflectionClass), Object(ProxyManager\Generator\ClassGenerator), Array)
#1 /wordpress/wp-content/plugins/allindata-cf7-cleverreach-integration/vendor/ocramius/proxy-manager/src/ProxyManager/Factory/AbstractBaseFactory.php(72): ProxyManager\Factory\AbstractBaseFactory->generateProxyClass('ProxyManagerGen...', 'AllInData\\CF7CR...', Array, Array)
#2 /wordpress/wp-content/plugins/allindata-cf7-cleverreach-integration/vendor/bitexpert/disco/src/bitExpert/Disco/Proxy/Configuration/ConfigurationFactory.php(54): ProxyManager\Factory\AbstractBaseFactory->generateProxy('AllInData\\CF7CR...')
#3 /wordpress/wp-content/plugins/allindata-cf7-cleverreach-integration/vendor/bitexpert/disco/src/bitExpert/Disco/AnnotationBeanFactory.php(44): bitExpert\Disco\Proxy\Configuration\ConfigurationFactory->createInstance(Object(bitExpert\Disco\BeanFactoryConfiguration), 'AllInData\\CF7CR...', Array)
#4 /wordpress/wp-content/plugins/allindata-cf7-cleverreach-integration/vendor/allindata/wordpress-micro-core/src/Init.php(116): bitExpert\Disco\AnnotationBeanFactory->__construct('AllInData\\CF7CR...', Array, Object(bitExpert\Disco\BeanFactoryConfiguration))
#5 /wordpress/wp-content/plugins/allindata-cf7-cleverreach-integration/vendor/allindata/wordpress-micro-core/src/Init.php(56): AllInData\Micro\Core\Init->loadPlugin('allindata-cf7-c...', '/wordpress/tmp/', 'AllInData\\CF7CR...')
#6 /wordpress/wp-includes/class-wp-hook.php(324): AllInData\Micro\Core\Init::init('')
#7 /wordpress/wp-includes/class-wp-hook.php(348): WP_Hook->apply_filters('', Array)
#8 /wordpress/wp-includes/plugin.php(517): WP_Hook->do_action(Array)
#9 /wordpress/wp-content/plugins/allindata-cf7-cleverreach-integration/vendor/allindata/wordpress-micro-core/src/Init.php(12): do_action('allindata/micro...')
#10 /wordpress/wp-includes/class-wp-hook.php(324): AllInData\Micro\Core\{closure}('')
#11 /wordpress/wp-includes/class-wp-hook.php(348): WP_Hook->apply_filters(NULL, Array)
#12 /wordpress/wp-includes/plugin.php(517): WP_Hook->do_action(Array)
#13 /wordpress/wp-settings.php(578): do_action('plugins_loaded')
#14 /wordpress/wp-config.php(102): require_once('/wordpress/wp-s...')
#15 /wordpress/wp-load.php(50): require_once('/wordpress/wp-c...')
#16 /internal/eval.php(3): require_once('/wordpress/wp-l...')
#17 {main}
  thrown in /wordpress/wp-content/plugins/allindata-cf7-cleverreach-integration/vendor/bitexpert/disco/src/bitExpert/Disco/Proxy/Configuration/ConfigurationGenerator.php on line 87
[08-Jul-2025 20:38:09 UTC] PHP Fatal error:  Uncaught Doctrine\Common\Annotations\AnnotationException: [Semantical Error] The annotation "@Configuration" in class AllInData\CF7CRIntegration\PluginConfiguration was never imported. Did you maybe forget to add a "use" statement for this annotation? in /wordpress/wp-content/plugins/allindata-cf7-cleverreach-integration/vendor/doctrine/annotations/lib/Doctrine/Common/Annotations/AnnotationException.php:54
Stack trace:
#0 /wordpress/wp-content/plugins/allindata-cf7-cleverreach-integration/vendor/doctrine/annotations/lib/Doctrine/Common/Annotations/DocParser.php(732): Doctrine\Common\Annotations\AnnotationException::semanticalError('The annotation ...')
#1 /wordpress/wp-content/plugins/allindata-cf7-cleverreach-integration/vendor/doctrine/annotations/lib/Doctrine/Common/Annotations/DocParser.php(661): Doctrine\Common\Annotations\DocParser->Annotation()
#2 /wordpress/wp-content/plugins/allindata-cf7-cleverreach-integration/vendor/doctrine/annotations/lib/Doctrine/Common/Annotations/DocParser.php(354): Doctrine\Common\Annotations\DocParser->Annotations()
#3 /wordpress/wp-content/plugins/allindata-cf7-cleverreach-integration/vendor/doctrine/annotations/lib/Doctrine/Common/Annotations/AnnotationReader.php(218): Doctrine\Common\Annotations\DocParser->parse('/**\n * Class Pl...', 'class AllInData...')
#4 /wordpress/wp-content/plugins/allindata-cf7-cleverreach-integration/vendor/doctrine/annotations/lib/Doctrine/Common/Annotations/AnnotationReader.php(226): Doctrine\Common\Annotations\AnnotationReader->getClassAnnotations(Object(ReflectionClass))
#5 /wordpress/wp-content/plugins/allindata-cf7-cleverreach-integration/vendor/bitexpert/disco/src/bitExpert/Disco/Proxy/Configuration/ConfigurationGenerator.php(85): Doctrine\Common\Annotations\AnnotationReader->getClassAnnotation(Object(ReflectionClass), 'bitExpert\\Disco...')
#6 /wordpress/wp-content/plugins/allindata-cf7-cleverreach-integration/vendor/ocramius/proxy-manager/src/ProxyManager/Factory/AbstractBaseFactory.php(106): bitExpert\Disco\Proxy\Configuration\ConfigurationGenerator->generate(Object(ReflectionClass), Object(ProxyManager\Generator\ClassGenerator), Array)
#7 /wordpress/wp-content/plugins/allindata-cf7-cleverreach-integration/vendor/ocramius/proxy-manager/src/ProxyManager/Factory/AbstractBaseFactory.php(72): ProxyManager\Factory\AbstractBaseFactory->generateProxyClass('ProxyManagerGen...', 'AllInData\\CF7CR...', Array, Array)
#8 /wordpress/wp-content/plugins/allindata-cf7-cleverreach-integration/vendor/bitexpert/disco/src/bitExpert/Disco/Proxy/Configuration/ConfigurationFactory.php(54): ProxyManager\Factory\AbstractBaseFactory->generateProxy('AllInData\\CF7CR...')
#9 /wordpress/wp-content/plugins/allindata-cf7-cleverreach-integration/vendor/bitexpert/disco/src/bitExpert/Disco/AnnotationBeanFactory.php(44): bitExpert\Disco\Proxy\Configuration\ConfigurationFactory->createInstance(Object(bitExpert\Disco\BeanFactoryConfiguration), 'AllInData\\CF7CR...', Array)
#10 /wordpress/wp-content/plugins/allindata-cf7-cleverreach-integration/vendor/allindata/wordpress-micro-core/src/Init.php(116): bitExpert\Disco\AnnotationBeanFactory->__construct('AllInData\\CF7CR...', Array, Object(bitExpert\Disco\BeanFactoryConfiguration))
#11 /wordpress/wp-content/plugins/allindata-cf7-cleverreach-integration/vendor/allindata/wordpress-micro-core/src/Init.php(56): AllInData\Micro\Core\Init->loadPlugin('allindata-cf7-c...', '/wordpress/tmp/', 'AllInData\\CF7CR...')
#12 /wordpress/wp-includes/class-wp-hook.php(324): AllInData\Micro\Core\Init::init('')
#13 /wordpress/wp-includes/class-wp-hook.php(348): WP_Hook->apply_filters('', Array)
#14 /wordpress/wp-includes/plugin.php(517): WP_Hook->do_action(Array)
#15 /wordpress/wp-content/plugins/allindata-cf7-cleverreach-integration/vendor/allindata/wordpress-micro-core/src/Init.php(12): do_action('allindata/micro...')
#16 /wordpress/wp-includes/class-wp-hook.php(324): AllInData\Micro\Core\{closure}('')
#17 /wordpress/wp-includes/class-wp-hook.php(348): WP_Hook->apply_filters(NULL, Array)
#18 /wordpress/wp-includes/plugin.php(517): WP_Hook->do_action(Array)
#19 /wordpress/wp-settings.php(578): do_action('plugins_loaded')
#20 /wordpress/wp-config.php(102): require_once('/wordpress/wp-s...')
#21 /wordpress/wp-load.php(50): require_once('/wordpress/wp-c...')
#22 /internal/eval.php(3): require_once('/wordpress/wp-l...')
#23 {main}

Next ProxyManager\Exception\InvalidProxiedClassException: [Semantical Error] The annotation "@Configuration" in class AllInData\CF7CRIntegration\PluginConfiguration was never imported. Did you maybe forget to add a "use" statement for this annotation? in /wordpress/wp-content/plugins/allindata-cf7-cleverreach-integration/vendor/bitexpert/disco/src/bitExpert/Disco/Proxy/Configuration/ConfigurationGenerator.php:87
Stack trace:
#0 /wordpress/wp-content/plugins/allindata-cf7-cleverreach-integration/vendor/ocramius/proxy-manager/src/ProxyManager/Factory/AbstractBaseFactory.php(106): bitExpert\Disco\Proxy\Configuration\ConfigurationGenerator->generate(Object(ReflectionClass), Object(ProxyManager\Generator\ClassGenerator), Array)
#1 /wordpress/wp-content/plugins/allindata-cf7-cleverreach-integration/vendor/ocramius/proxy-manager/src/ProxyManager/Factory/AbstractBaseFactory.php(72): ProxyManager\Factory\AbstractBaseFactory->generateProxyClass('ProxyManagerGen...', 'AllInData\\CF7CR...', Array, Array)
#2 /wordpress/wp-content/plugins/allindata-cf7-cleverreach-integration/vendor/bitexpert/disco/src/bitExpert/Disco/Proxy/Configuration/ConfigurationFactory.php(54): ProxyManager\Factory\AbstractBaseFactory->generateProxy('AllInData\\CF7CR...')
#3 /wordpress/wp-content/plugins/allindata-cf7-cleverreach-integration/vendor/bitexpert/disco/src/bitExpert/Disco/AnnotationBeanFactory.php(44): bitExpert\Disco\Proxy\Configuration\ConfigurationFactory->createInstance(Object(bitExpert\Disco\BeanFactoryConfiguration), 'AllInData\\CF7CR...', Array)
#4 /wordpress/wp-content/plugins/allindata-cf7-cleverreach-integration/vendor/allindata/wordpress-micro-core/src/Init.php(116): bitExpert\Disco\AnnotationBeanFactory->__construct('AllInData\\CF7CR...', Array, Object(bitExpert\Disco\BeanFactoryConfiguration))
#5 /wordpress/wp-content/plugins/allindata-cf7-cleverreach-integration/vendor/allindata/wordpress-micro-core/src/Init.php(56): AllInData\Micro\Core\Init->loadPlugin('allindata-cf7-c...', '/wordpress/tmp/', 'AllInData\\CF7CR...')
#6 /wordpress/wp-includes/class-wp-hook.php(324): AllInData\Micro\Core\Init::init('')
#7 /wordpress/wp-includes/class-wp-hook.php(348): WP_Hook->apply_filters('', Array)
#8 /wordpress/wp-includes/plugin.php(517): WP_Hook->do_action(Array)
#9 /wordpress/wp-content/plugins/allindata-cf7-cleverreach-integration/vendor/allindata/wordpress-micro-core/src/Init.php(12): do_action('allindata/micro...')
#10 /wordpress/wp-includes/class-wp-hook.php(324): AllInData\Micro\Core\{closure}('')
#11 /wordpress/wp-includes/class-wp-hook.php(348): WP_Hook->apply_filters(NULL, Array)
#12 /wordpress/wp-includes/plugin.php(517): WP_Hook->do_action(Array)
#13 /wordpress/wp-settings.php(578): do_action('plugins_loaded')
#14 /wordpress/wp-config.php(102): require_once('/wordpress/wp-s...')
#15 /wordpress/wp-load.php(50): require_once('/wordpress/wp-c...')
#16 /internal/eval.php(3): require_once('/wordpress/wp-l...')
#17 {main}
  thrown in /wordpress/wp-content/plugins/allindata-cf7-cleverreach-integration/vendor/bitexpert/disco/src/bitExpert/Disco/Proxy/Configuration/ConfigurationGenerator.php on line 87
[08-Jul-2025 20:38:20 UTC] PHP Fatal error:  Uncaught Doctrine\Common\Annotations\AnnotationException: [Semantical Error] The annotation "@Configuration" in class AllInData\CF7CRIntegration\PluginConfiguration was never imported. Did you maybe forget to add a "use" statement for this annotation? in /wordpress/wp-content/plugins/allindata-cf7-cleverreach-integration/vendor/doctrine/annotations/lib/Doctrine/Common/Annotations/AnnotationException.php:54
Stack trace:
#0 /wordpress/wp-content/plugins/allindata-cf7-cleverreach-integration/vendor/doctrine/annotations/lib/Doctrine/Common/Annotations/DocParser.php(732): Doctrine\Common\Annotations\AnnotationException::semanticalError('The annotation ...')
#1 /wordpress/wp-content/plugins/allindata-cf7-cleverreach-integration/vendor/doctrine/annotations/lib/Doctrine/Common/Annotations/DocParser.php(661): Doctrine\Common\Annotations\DocParser->Annotation()
#2 /wordpress/wp-content/plugins/allindata-cf7-cleverreach-integration/vendor/doctrine/annotations/lib/Doctrine/Common/Annotations/DocParser.php(354): Doctrine\Common\Annotations\DocParser->Annotations()
#3 /wordpress/wp-content/plugins/allindata-cf7-cleverreach-integration/vendor/doctrine/annotations/lib/Doctrine/Common/Annotations/AnnotationReader.php(218): Doctrine\Common\Annotations\DocParser->parse('/**\n * Class Pl...', 'class AllInData...')
#4 /wordpress/wp-content/plugins/allindata-cf7-cleverreach-integration/vendor/doctrine/annotations/lib/Doctrine/Common/Annotations/AnnotationReader.php(226): Doctrine\Common\Annotations\AnnotationReader->getClassAnnotations(Object(ReflectionClass))
#5 /wordpress/wp-content/plugins/allindata-cf7-cleverreach-integration/vendor/bitexpert/disco/src/bitExpert/Disco/Proxy/Configuration/ConfigurationGenerator.php(85): Doctrine\Common\Annotations\AnnotationReader->getClassAnnotation(Object(ReflectionClass), 'bitExpert\\Disco...')
#6 /wordpress/wp-content/plugins/allindata-cf7-cleverreach-integration/vendor/ocramius/proxy-manager/src/ProxyManager/Factory/AbstractBaseFactory.php(106): bitExpert\Disco\Proxy\Configuration\ConfigurationGenerator->generate(Object(ReflectionClass), Object(ProxyManager\Generator\ClassGenerator), Array)
#7 /wordpress/wp-content/plugins/allindata-cf7-cleverreach-integration/vendor/ocramius/proxy-manager/src/ProxyManager/Factory/AbstractBaseFactory.php(72): ProxyManager\Factory\AbstractBaseFactory->generateProxyClass('ProxyManagerGen...', 'AllInData\\CF7CR...', Array, Array)
#8 /wordpress/wp-content/plugins/allindata-cf7-cleverreach-integration/vendor/bitexpert/disco/src/bitExpert/Disco/Proxy/Configuration/ConfigurationFactory.php(54): ProxyManager\Factory\AbstractBaseFactory->generateProxy('AllInData\\CF7CR...')
#9 /wordpress/wp-content/plugins/allindata-cf7-cleverreach-integration/vendor/bitexpert/disco/src/bitExpert/Disco/AnnotationBeanFactory.php(44): bitExpert\Disco\Proxy\Configuration\ConfigurationFactory->createInstance(Object(bitExpert\Disco\BeanFactoryConfiguration), 'AllInData\\CF7CR...', Array)
#10 /wordpress/wp-content/plugins/allindata-cf7-cleverreach-integration/vendor/allindata/wordpress-micro-core/src/Init.php(116): bitExpert\Disco\AnnotationBeanFactory->__construct('AllInData\\CF7CR...', Array, Object(bitExpert\Disco\BeanFactoryConfiguration))
#11 /wordpress/wp-content/plugins/allindata-cf7-cleverreach-integration/vendor/allindata/wordpress-micro-core/src/Init.php(56): AllInData\Micro\Core\Init->loadPlugin('allindata-cf7-c...', '/wordpress/tmp/', 'AllInData\\CF7CR...')
#12 /wordpress/wp-includes/class-wp-hook.php(324): AllInData\Micro\Core\Init::init('')
#13 /wordpress/wp-includes/class-wp-hook.php(348): WP_Hook->apply_filters('', Array)
#14 /wordpress/wp-includes/plugin.php(517): WP_Hook->do_action(Array)
#15 /wordpress/wp-content/plugins/allindata-cf7-cleverreach-integration/vendor/allindata/wordpress-micro-core/src/Init.php(12): do_action('allindata/micro...')
#16 /wordpress/wp-includes/class-wp-hook.php(324): AllInData\Micro\Core\{closure}('')
#17 /wordpress/wp-includes/class-wp-hook.php(348): WP_Hook->apply_filters(NULL, Array)
#18 /wordpress/wp-includes/plugin.php(517): WP_Hook->do_action(Array)
#19 /wordpress/wp-settings.php(578): do_action('plugins_loaded')
#20 /wordpress/wp-config.php(102): require_once('/wordpress/wp-s...')
#21 /wordpress/wp-load.php(50): require_once('/wordpress/wp-c...')
#22 /internal/eval.php(3): require_once('/wordpress/wp-l...')
#23 {main}

Next ProxyManager\Exception\InvalidProxiedClassException: [Semantical Error] The annotation "@Configuration" in class AllInData\CF7CRIntegration\PluginConfiguration was never imported. Did you maybe forget to add a "use" statement for this annotation? in /wordpress/wp-content/plugins/allindata-cf7-cleverreach-integration/vendor/bitexpert/disco/src/bitExpert/Disco/Proxy/Configuration/ConfigurationGenerator.php:87
Stack trace:
#0 /wordpress/wp-content/plugins/allindata-cf7-cleverreach-integration/vendor/ocramius/proxy-manager/src/ProxyManager/Factory/AbstractBaseFactory.php(106): bitExpert\Disco\Proxy\Configuration\ConfigurationGenerator->generate(Object(ReflectionClass), Object(ProxyManager\Generator\ClassGenerator), Array)
#1 /wordpress/wp-content/plugins/allindata-cf7-cleverreach-integration/vendor/ocramius/proxy-manager/src/ProxyManager/Factory/AbstractBaseFactory.php(72): ProxyManager\Factory\AbstractBaseFactory->generateProxyClass('ProxyManagerGen...', 'AllInData\\CF7CR...', Array, Array)
#2 /wordpress/wp-content/plugins/allindata-cf7-cleverreach-integration/vendor/bitexpert/disco/src/bitExpert/Disco/Proxy/Configuration/ConfigurationFactory.php(54): ProxyManager\Factory\AbstractBaseFactory->generateProxy('AllInData\\CF7CR...')
#3 /wordpress/wp-content/plugins/allindata-cf7-cleverreach-integration/vendor/bitexpert/disco/src/bitExpert/Disco/AnnotationBeanFactory.php(44): bitExpert\Disco\Proxy\Configuration\ConfigurationFactory->createInstance(Object(bitExpert\Disco\BeanFactoryConfiguration), 'AllInData\\CF7CR...', Array)
#4 /wordpress/wp-content/plugins/allindata-cf7-cleverreach-integration/vendor/allindata/wordpress-micro-core/src/Init.php(116): bitExpert\Disco\AnnotationBeanFactory->__construct('AllInData\\CF7CR...', Array, Object(bitExpert\Disco\BeanFactoryConfiguration))
#5 /wordpress/wp-content/plugins/allindata-cf7-cleverreach-integration/vendor/allindata/wordpress-micro-core/src/Init.php(56): AllInData\Micro\Core\Init->loadPlugin('allindata-cf7-c...', '/wordpress/tmp/', 'AllInData\\CF7CR...')
#6 /wordpress/wp-includes/class-wp-hook.php(324): AllInData\Micro\Core\Init::init('')
#7 /wordpress/wp-includes/class-wp-hook.php(348): WP_Hook->apply_filters('', Array)
#8 /wordpress/wp-includes/plugin.php(517): WP_Hook->do_action(Array)
#9 /wordpress/wp-content/plugins/allindata-cf7-cleverreach-integration/vendor/allindata/wordpress-micro-core/src/Init.php(12): do_action('allindata/micro...')
#10 /wordpress/wp-includes/class-wp-hook.php(324): AllInData\Micro\Core\{closure}('')
#11 /wordpress/wp-includes/class-wp-hook.php(348): WP_Hook->apply_filters(NULL, Array)
#12 /wordpress/wp-includes/plugin.php(517): WP_Hook->do_action(Array)
#13 /wordpress/wp-settings.php(578): do_action('plugins_loaded')
#14 /wordpress/wp-config.php(102): require_once('/wordpress/wp-s...')
#15 /wordpress/wp-load.php(50): require_once('/wordpress/wp-c...')
#16 /internal/eval.php(3): require_once('/wordpress/wp-l...')
#17 {main}
  thrown in /wordpress/wp-content/plugins/allindata-cf7-cleverreach-integration/vendor/bitexpert/disco/src/bitExpert/Disco/Proxy/Configuration/ConfigurationGenerator.php on line 87
[08-Jul-2025 20:38:29 UTC] PHP Fatal error:  Uncaught Error: Call to undefined function create_function() in /wordpress/wp-content/plugins/alobaidi-slider/widget.php:130
Stack trace:
#0 /wordpress/wp-content/plugins/alobaidi-slider/alobaidi-slider.php(53): include()
#1 /wordpress/wp-admin/includes/plugin.php(2387): include_once('/wordpress/wp-c...')
#2 /wordpress/wp-admin/includes/plugin.php(673): plugin_sandbox_scrape('alobaidi-slider...')
#3 /internal/eval.php(20): activate_plugin('alobaidi-slider...')
#4 {main}
  thrown in /wordpress/wp-content/plugins/alobaidi-slider/widget.php on line 130
[08-Jul-2025 20:38:37 UTC] PHP Fatal error:  Uncaught Error: Call to undefined function create_function() in /wordpress/wp-content/plugins/alobaidi-slider/widget.php:130
Stack trace:
#0 /wordpress/wp-content/plugins/alobaidi-slider/alobaidi-slider.php(53): include()
#1 /wordpress/wp-admin/includes/plugin.php(2387): include_once('/wordpress/wp-c...')
#2 /wordpress/wp-admin/includes/plugin.php(673): plugin_sandbox_scrape('alobaidi-slider...')
#3 /internal/eval.php(20): activate_plugin('alobaidi-slider...')
#4 {main}
  thrown in /wordpress/wp-content/plugins/alobaidi-slider/widget.php on line 130
[08-Jul-2025 20:38:46 UTC] PHP Fatal error:  Uncaught Error: Call to undefined function create_function() in /wordpress/wp-content/plugins/alobaidi-slider/widget.php:130
Stack trace:
#0 /wordpress/wp-content/plugins/alobaidi-slider/alobaidi-slider.php(53): include()
#1 /wordpress/wp-admin/includes/plugin.php(2387): include_once('/wordpress/wp-c...')
#2 /wordpress/wp-admin/includes/plugin.php(673): plugin_sandbox_scrape('alobaidi-slider...')
#3 /internal/eval.php(20): activate_plugin('alobaidi-slider...')
#4 {main}
  thrown in /wordpress/wp-content/plugins/alobaidi-slider/widget.php on line 130
[08-Jul-2025 20:39:25 UTC] PHP Deprecated:  Required parameter $wrapper follows optional parameter $type in /wordpress/wp-content/plugins/automatic-post-categories/freemius/includes/class-fs-logger.php on line 97
[08-Jul-2025 20:39:25 UTC] PHP Deprecated:  Required parameter $post follows optional parameter $field in /wordpress/wp-content/plugins/automatic-post-categories/includes/lib/class-automatic-post-categories-admin-api.php on line 281
[08-Jul-2025 20:39:27 UTC] PHP Deprecated:  Required parameter $wrapper follows optional parameter $type in /wordpress/wp-content/plugins/automatic-post-categories/freemius/includes/class-fs-logger.php on line 97
[08-Jul-2025 20:39:27 UTC] PHP Deprecated:  Required parameter $post follows optional parameter $field in /wordpress/wp-content/plugins/automatic-post-categories/includes/lib/class-automatic-post-categories-admin-api.php on line 281
[08-Jul-2025 20:39:35 UTC] PHP Deprecated:  Required parameter $wrapper follows optional parameter $type in /wordpress/wp-content/plugins/automatic-post-categories/freemius/includes/class-fs-logger.php on line 97
[08-Jul-2025 20:39:35 UTC] PHP Deprecated:  Required parameter $post follows optional parameter $field in /wordpress/wp-content/plugins/automatic-post-categories/includes/lib/class-automatic-post-categories-admin-api.php on line 281
[08-Jul-2025 20:39:37 UTC] PHP Deprecated:  Required parameter $wrapper follows optional parameter $type in /wordpress/wp-content/plugins/automatic-post-categories/freemius/includes/class-fs-logger.php on line 97
[08-Jul-2025 20:39:37 UTC] PHP Deprecated:  Required parameter $post follows optional parameter $field in /wordpress/wp-content/plugins/automatic-post-categories/includes/lib/class-automatic-post-categories-admin-api.php on line 281
[08-Jul-2025 20:39:45 UTC] PHP Deprecated:  Required parameter $wrapper follows optional parameter $type in /wordpress/wp-content/plugins/automatic-post-categories/freemius/includes/class-fs-logger.php on line 97
[08-Jul-2025 20:39:45 UTC] PHP Deprecated:  Required parameter $post follows optional parameter $field in /wordpress/wp-content/plugins/automatic-post-categories/includes/lib/class-automatic-post-categories-admin-api.php on line 281
[08-Jul-2025 20:39:47 UTC] PHP Deprecated:  Required parameter $wrapper follows optional parameter $type in /wordpress/wp-content/plugins/automatic-post-categories/freemius/includes/class-fs-logger.php on line 97
[08-Jul-2025 20:39:47 UTC] PHP Deprecated:  Required parameter $post follows optional parameter $field in /wordpress/wp-content/plugins/automatic-post-categories/includes/lib/class-automatic-post-categories-admin-api.php on line 281
[08-Jul-2025 20:42:21 UTC] WordPress database error <div style="clear:both">&nbsp;</div>
<div class="queries" style="clear:both;margin-bottom:2px;border:red dotted thin;">
<p>MySQL query:</p>
<p>SELECT id_doc FROM allopress LIMIT 1;</p>
<p>Queries made or created this session were:</p>
<ol>
<li>Executing: BEGIN IMMEDIATE | (no parameters)</li>
<li>Executing: SELECT `id_doc` FROM `allopress` LIMIT 1 | (no parameters)</li>
<li>Executing: ROLLBACK | (no parameters)</li>
</ol>
</div>
<div style="clear:both;margin-bottom:2px;border:red dotted thin;" class="error_message" style="border-bottom:dotted blue thin;">
SQLSTATE[HY000]: General error: 1 no such table: allopress
</div>
<p>Backtrace:</p>
<pre>#0 /internal/shared/sqlite-database-integration/wp-includes/sqlite-ast/class-wp-sqlite-driver.php(683): WP_SQLite_Driver->new_driver_exception('SQLSTATE[HY000]...', 'HY000', Object(PDOException))
#1 /internal/shared/sqlite-database-integration/wp-includes/sqlite/class-wp-sqlite-db.php(491): WP_SQLite_Driver->query('SELECT id_doc F...')
#2 /internal/shared/sqlite-database-integration/wp-includes/sqlite/class-wp-sqlite-db.php(432): WP_SQLite_DB->_do_query('SELECT id_doc F...')
#3 /wordpress/wp-includes/class-wpdb.php(3031): WP_SQLite_DB->query('SELECT id_doc F...')
#4 /wordpress/wp-content/plugins/allopress/allopress.php(56): wpdb->get_var('SELECT id_doc F...')
#5 /wordpress/wp-includes/class-wp-hook.php(324): initallopress(false)
#6 /wordpress/wp-includes/class-wp-hook.php(348): WP_Hook->apply_filters('', Array)
#7 /wordpress/wp-includes/plugin.php(517): WP_Hook->do_action(Array)
#8 /wordpress/wp-admin/includes/plugin.php(703): do_action('activate_allopr...', false)
#9 /internal/eval.php(20): activate_plugin('allopress/allop...')
#10 {main}</pre>
 for query SELECT id_doc FROM allopress LIMIT 1; made by activate_plugin, do_action('activate_allopress/allopress.php'), WP_Hook->do_action, WP_Hook->apply_filters, initallopress, WP_SQLite_DB->query, WP_SQLite_DB->print_error
[08-Jul-2025 20:42:30 UTC] WordPress database error <div style="clear:both">&nbsp;</div>
<div class="queries" style="clear:both;margin-bottom:2px;border:red dotted thin;">
<p>MySQL query:</p>
<p>SELECT id_doc FROM allopress LIMIT 1;</p>
<p>Queries made or created this session were:</p>
<ol>
<li>Executing: BEGIN IMMEDIATE | (no parameters)</li>
<li>Executing: SELECT `id_doc` FROM `allopress` LIMIT 1 | (no parameters)</li>
<li>Executing: ROLLBACK | (no parameters)</li>
</ol>
</div>
<div style="clear:both;margin-bottom:2px;border:red dotted thin;" class="error_message" style="border-bottom:dotted blue thin;">
SQLSTATE[HY000]: General error: 1 no such table: allopress
</div>
<p>Backtrace:</p>
<pre>#0 /internal/shared/sqlite-database-integration/wp-includes/sqlite-ast/class-wp-sqlite-driver.php(683): WP_SQLite_Driver->new_driver_exception('SQLSTATE[HY000]...', 'HY000', Object(PDOException))
#1 /internal/shared/sqlite-database-integration/wp-includes/sqlite/class-wp-sqlite-db.php(491): WP_SQLite_Driver->query('SELECT id_doc F...')
#2 /internal/shared/sqlite-database-integration/wp-includes/sqlite/class-wp-sqlite-db.php(432): WP_SQLite_DB->_do_query('SELECT id_doc F...')
#3 /wordpress/wp-includes/class-wpdb.php(3031): WP_SQLite_DB->query('SELECT id_doc F...')
#4 /wordpress/wp-content/plugins/allopress/allopress.php(56): wpdb->get_var('SELECT id_doc F...')
#5 /wordpress/wp-includes/class-wp-hook.php(324): initallopress(false)
#6 /wordpress/wp-includes/class-wp-hook.php(348): WP_Hook->apply_filters('', Array)
#7 /wordpress/wp-includes/plugin.php(517): WP_Hook->do_action(Array)
#8 /wordpress/wp-admin/includes/plugin.php(703): do_action('activate_allopr...', false)
#9 /internal/eval.php(20): activate_plugin('allopress/allop...')
#10 {main}</pre>
 for query SELECT id_doc FROM allopress LIMIT 1; made by activate_plugin, do_action('activate_allopress/allopress.php'), WP_Hook->do_action, WP_Hook->apply_filters, initallopress, WP_SQLite_DB->query, WP_SQLite_DB->print_error
[08-Jul-2025 20:42:40 UTC] WordPress database error <div style="clear:both">&nbsp;</div>
<div class="queries" style="clear:both;margin-bottom:2px;border:red dotted thin;">
<p>MySQL query:</p>
<p>SELECT id_doc FROM allopress LIMIT 1;</p>
<p>Queries made or created this session were:</p>
<ol>
<li>Executing: BEGIN IMMEDIATE | (no parameters)</li>
<li>Executing: SELECT `id_doc` FROM `allopress` LIMIT 1 | (no parameters)</li>
<li>Executing: ROLLBACK | (no parameters)</li>
</ol>
</div>
<div style="clear:both;margin-bottom:2px;border:red dotted thin;" class="error_message" style="border-bottom:dotted blue thin;">
SQLSTATE[HY000]: General error: 1 no such table: allopress
</div>
<p>Backtrace:</p>
<pre>#0 /internal/shared/sqlite-database-integration/wp-includes/sqlite-ast/class-wp-sqlite-driver.php(683): WP_SQLite_Driver->new_driver_exception('SQLSTATE[HY000]...', 'HY000', Object(PDOException))
#1 /internal/shared/sqlite-database-integration/wp-includes/sqlite/class-wp-sqlite-db.php(491): WP_SQLite_Driver->query('SELECT id_doc F...')
#2 /internal/shared/sqlite-database-integration/wp-includes/sqlite/class-wp-sqlite-db.php(432): WP_SQLite_DB->_do_query('SELECT id_doc F...')
#3 /wordpress/wp-includes/class-wpdb.php(3031): WP_SQLite_DB->query('SELECT id_doc F...')
#4 /wordpress/wp-content/plugins/allopress/allopress.php(56): wpdb->get_var('SELECT id_doc F...')
#5 /wordpress/wp-includes/class-wp-hook.php(324): initallopress(false)
#6 /wordpress/wp-includes/class-wp-hook.php(348): WP_Hook->apply_filters('', Array)
#7 /wordpress/wp-includes/plugin.php(517): WP_Hook->do_action(Array)
#8 /wordpress/wp-admin/includes/plugin.php(703): do_action('activate_allopr...', false)
#9 /internal/eval.php(20): activate_plugin('allopress/allop...')
#10 {main}</pre>
 for query SELECT id_doc FROM allopress LIMIT 1; made by activate_plugin, do_action('activate_allopress/allopress.php'), WP_Hook->do_action, WP_Hook->apply_filters, initallopress, WP_SQLite_DB->query, WP_SQLite_DB->print_error
[08-Jul-2025 20:42:51 UTC] PHP Fatal error:  Uncaught ArgumentCountError: Too few arguments to function WP_Widget::__construct(), 0 passed in /wordpress/wp-includes/class-wp-widget-factory.php on line 62 and at least 2 expected in /wordpress/wp-includes/class-wp-widget.php:163
Stack trace:
#0 /wordpress/wp-includes/class-wp-widget-factory.php(62): WP_Widget->__construct()
#1 /wordpress/wp-includes/widgets.php(123): WP_Widget_Factory->register('Alpine_PhotoTil...')
#2 /wordpress/wp-content/plugins/alpine-photo-tile-for-tumblr/alpine-phototile-for-tumblr.php(59): register_widget('Alpine_PhotoTil...')
#3 /wordpress/wp-includes/class-wp-hook.php(324): APTFTbyTAP_widget_register('')
#4 /wordpress/wp-includes/class-wp-hook.php(348): WP_Hook->apply_filters(NULL, Array)
#5 /wordpress/wp-includes/plugin.php(517): WP_Hook->do_action(Array)
#6 /wordpress/wp-includes/widgets.php(1870): do_action('widgets_init')
#7 /wordpress/wp-includes/class-wp-hook.php(324): wp_widgets_init('')
#8 /wordpress/wp-includes/class-wp-hook.php(348): WP_Hook->apply_filters(NULL, Array)
#9 /wordpress/wp-includes/plugin.php(517): WP_Hook->do_action(Array)
#10 /wordpress/wp-settings.php(727): do_action('init')
#11 /wordpress/wp-config.php(102): require_once('/wordpress/wp-s...')
#12 /wordpress/wp-load.php(50): require_once('/wordpress/wp-c...')
#13 /internal/eval.php(3): require_once('/wordpress/wp-l...')
#14 {main}
  thrown in /wordpress/wp-includes/class-wp-widget.php on line 163
[08-Jul-2025 20:43:01 UTC] PHP Fatal error:  Uncaught ArgumentCountError: Too few arguments to function WP_Widget::__construct(), 0 passed in /wordpress/wp-includes/class-wp-widget-factory.php on line 62 and at least 2 expected in /wordpress/wp-includes/class-wp-widget.php:163
Stack trace:
#0 /wordpress/wp-includes/class-wp-widget-factory.php(62): WP_Widget->__construct()
#1 /wordpress/wp-includes/widgets.php(123): WP_Widget_Factory->register('Alpine_PhotoTil...')
#2 /wordpress/wp-content/plugins/alpine-photo-tile-for-tumblr/alpine-phototile-for-tumblr.php(59): register_widget('Alpine_PhotoTil...')
#3 /wordpress/wp-includes/class-wp-hook.php(324): APTFTbyTAP_widget_register('')
#4 /wordpress/wp-includes/class-wp-hook.php(348): WP_Hook->apply_filters(NULL, Array)
#5 /wordpress/wp-includes/plugin.php(517): WP_Hook->do_action(Array)
#6 /wordpress/wp-includes/widgets.php(1870): do_action('widgets_init')
#7 /wordpress/wp-includes/class-wp-hook.php(324): wp_widgets_init('')
#8 /wordpress/wp-includes/class-wp-hook.php(348): WP_Hook->apply_filters(NULL, Array)
#9 /wordpress/wp-includes/plugin.php(517): WP_Hook->do_action(Array)
#10 /wordpress/wp-settings.php(727): do_action('init')
#11 /wordpress/wp-config.php(102): require_once('/wordpress/wp-s...')
#12 /wordpress/wp-load.php(50): require_once('/wordpress/wp-c...')
#13 /internal/eval.php(3): require_once('/wordpress/wp-l...')
#14 {main}
  thrown in /wordpress/wp-includes/class-wp-widget.php on line 163
[08-Jul-2025 20:43:12 UTC] PHP Fatal error:  Uncaught ArgumentCountError: Too few arguments to function WP_Widget::__construct(), 0 passed in /wordpress/wp-includes/class-wp-widget-factory.php on line 62 and at least 2 expected in /wordpress/wp-includes/class-wp-widget.php:163
Stack trace:
#0 /wordpress/wp-includes/class-wp-widget-factory.php(62): WP_Widget->__construct()
#1 /wordpress/wp-includes/widgets.php(123): WP_Widget_Factory->register('Alpine_PhotoTil...')
#2 /wordpress/wp-content/plugins/alpine-photo-tile-for-tumblr/alpine-phototile-for-tumblr.php(59): register_widget('Alpine_PhotoTil...')
#3 /wordpress/wp-includes/class-wp-hook.php(324): APTFTbyTAP_widget_register('')
#4 /wordpress/wp-includes/class-wp-hook.php(348): WP_Hook->apply_filters(NULL, Array)
#5 /wordpress/wp-includes/plugin.php(517): WP_Hook->do_action(Array)
#6 /wordpress/wp-includes/widgets.php(1870): do_action('widgets_init')
#7 /wordpress/wp-includes/class-wp-hook.php(324): wp_widgets_init('')
#8 /wordpress/wp-includes/class-wp-hook.php(348): WP_Hook->apply_filters(NULL, Array)
#9 /wordpress/wp-includes/plugin.php(517): WP_Hook->do_action(Array)
#10 /wordpress/wp-settings.php(727): do_action('init')
#11 /wordpress/wp-config.php(102): require_once('/wordpress/wp-s...')
#12 /wordpress/wp-load.php(50): require_once('/wordpress/wp-c...')
#13 /internal/eval.php(3): require_once('/wordpress/wp-l...')
#14 {main}
  thrown in /wordpress/wp-includes/class-wp-widget.php on line 163
[08-Jul-2025 20:43:21 UTC] PHP Fatal error:  Uncaught Error: Undefined constant "NJ_updateStats" in /wordpress/wp-content/plugins/altstats/altstats.php:483
Stack trace:
#0 /wordpress/wp-admin/includes/plugin.php(2387): include_once()
#1 /wordpress/wp-admin/includes/plugin.php(673): plugin_sandbox_scrape('altstats/altsta...')
#2 /internal/eval.php(20): activate_plugin('altstats/altsta...')
#3 {main}
  thrown in /wordpress/wp-content/plugins/altstats/altstats.php on line 483
[08-Jul-2025 20:43:29 UTC] PHP Fatal error:  Uncaught Error: Undefined constant "NJ_updateStats" in /wordpress/wp-content/plugins/altstats/altstats.php:483
Stack trace:
#0 /wordpress/wp-admin/includes/plugin.php(2387): include_once()
#1 /wordpress/wp-admin/includes/plugin.php(673): plugin_sandbox_scrape('altstats/altsta...')
#2 /internal/eval.php(20): activate_plugin('altstats/altsta...')
#3 {main}
  thrown in /wordpress/wp-content/plugins/altstats/altstats.php on line 483
[08-Jul-2025 20:43:38 UTC] PHP Fatal error:  Uncaught Error: Undefined constant "NJ_updateStats" in /wordpress/wp-content/plugins/altstats/altstats.php:483
Stack trace:
#0 /wordpress/wp-admin/includes/plugin.php(2387): include_once()
#1 /wordpress/wp-admin/includes/plugin.php(673): plugin_sandbox_scrape('altstats/altsta...')
#2 /internal/eval.php(20): activate_plugin('altstats/altsta...')
#3 {main}
  thrown in /wordpress/wp-content/plugins/altstats/altstats.php on line 483

    at Object.onBind (file:///home/runner/work/playground-tester/playground-tester/node_modules/@wp-playground/cli/run-cli-j-geJYS3.js:325:15)
    at process.processTicksAndRejections (node:internal/process/task_queues:105:5)
    at async re (file:///home/runner/work/playground-tester/playground-tester/node_modules/@wp-playground/cli/run-cli-j-geJYS3.js:149:10) {
  [cause]: Error: Error when executing the blueprint step #1 ({"step":"installPlugin","pluginData":{"resource":"wordpress.org/plugins","slug":"altstats"},"options":{"activate":true}}) : PHP.run() failed with exit code 255 and the following output: 
      at Object.run (file:///home/runner/work/playground-tester/playground-tester/node_modules/@wp-playground/blueprints/index.js:12093:19)
      at process.processTicksAndRejections (node:internal/process/task_queues:105:5)
      at async ys (file:///home/runner/work/playground-tester/playground-tester/node_modules/@wp-playground/blueprints/index.js:12196:3)
      at async Object.onBind (file:///home/runner/work/playground-tester/playground-tester/node_modules/@wp-playground/cli/run-cli-j-geJYS3.js:315:48)
      at async re (file:///home/runner/work/playground-tester/playground-tester/node_modules/@wp-playground/cli/run-cli-j-geJYS3.js:149:10) {
    [cause]: PHPExecutionFailureError: PHP.run() failed with exit code 255 and the following output: 
        at PHP.run (file:///home/runner/work/playground-tester/playground-tester/node_modules/@php-wasm/universal/index.js:1034:19)
        at process.processTicksAndRejections (node:internal/process/task_queues:105:5)
        at async wr (file:///home/runner/work/playground-tester/playground-tester/node_modules/@wp-playground/blueprints/index.js:34:39)
        at async Object.gt [as installPlugin] (file:///home/runner/work/playground-tester/playground-tester/node_modules/@wp-playground/blueprints/index.js:631:42)
        at async g (file:///home/runner/work/playground-tester/playground-tester/node_modules/@wp-playground/blueprints/index.js:12161:30)
        at async Object.run (file:///home/runner/work/playground-tester/playground-tester/node_modules/@wp-playground/blueprints/index.js:12090:23)
        at async ys (file:///home/runner/work/playground-tester/playground-tester/node_modules/@wp-playground/blueprints/index.js:12196:3)
        at async Object.onBind (file:///home/runner/work/playground-tester/playground-tester/node_modules/@wp-playground/cli/run-cli-j-geJYS3.js:315:48)
        at async re (file:///home/runner/work/playground-tester/playground-tester/node_modules/@wp-playground/cli/run-cli-j-geJYS3.js:149:10) {
      response: PHPResponse {
        httpStatusCode: 500,
        headers: {
          'x-powered-by': [ 'PHP/8.0.30-dev' ],
          'content-type': [ 'text/html; charset=UTF-8' ]
        },
        bytes: Uint8Array(0) [],
        exitCode: 255,
        errors: ''
      },
      source: 'request'
    }
  }
}

Node.js v23.11.0
