file:///home/runner/work/playground-tester/playground-tester/node_modules/@wp-playground/cli/run-cli-j-geJYS3.js:325
        throw new Error($, { cause: h });
              ^

Error: [08-Jul-2025 19:27:11 UTC] PHP Deprecated:  WP_SQLite_Information_Schema_Exception::__construct(): Implicitly marking parameter $previous as nullable is deprecated, the explicit nullable type must be used instead in /internal/shared/sqlite-database-integration/wp-includes/sqlite-ast/class-wp-sqlite-information-schema-exception.php on line 37
[08-Jul-2025 19:27:13 UTC] PHP Deprecated:  WP_SQLite_Information_Schema_Exception::__construct(): Implicitly marking parameter $previous as nullable is deprecated, the explicit nullable type must be used instead in /internal/shared/sqlite-database-integration/wp-includes/sqlite-ast/class-wp-sqlite-information-schema-exception.php on line 37
[08-Jul-2025 19:27:16 UTC] PHP Deprecated:  WP_SQLite_Information_Schema_Exception::__construct(): Implicitly marking parameter $previous as nullable is deprecated, the explicit nullable type must be used instead in /internal/shared/sqlite-database-integration/wp-includes/sqlite-ast/class-wp-sqlite-information-schema-exception.php on line 37
[08-Jul-2025 19:27:17 UTC] PHP Deprecated:  WP_SQLite_Information_Schema_Exception::__construct(): Implicitly marking parameter $previous as nullable is deprecated, the explicit nullable type must be used instead in /internal/shared/sqlite-database-integration/wp-includes/sqlite-ast/class-wp-sqlite-information-schema-exception.php on line 37
[08-Jul-2025 19:27:19 UTC] PHP Deprecated:  WP_SQLite_Information_Schema_Exception::__construct(): Implicitly marking parameter $previous as nullable is deprecated, the explicit nullable type must be used instead in /internal/shared/sqlite-database-integration/wp-includes/sqlite-ast/class-wp-sqlite-information-schema-exception.php on line 37
[08-Jul-2025 19:27:21 UTC] PHP Deprecated:  WP_SQLite_Information_Schema_Exception::__construct(): Implicitly marking parameter $previous as nullable is deprecated, the explicit nullable type must be used instead in /internal/shared/sqlite-database-integration/wp-includes/sqlite-ast/class-wp-sqlite-information-schema-exception.php on line 37
[08-Jul-2025 19:27:26 UTC] PHP Deprecated:  WP_SQLite_Information_Schema_Exception::__construct(): Implicitly marking parameter $previous as nullable is deprecated, the explicit nullable type must be used instead in /internal/shared/sqlite-database-integration/wp-includes/sqlite-ast/class-wp-sqlite-information-schema-exception.php on line 37
[08-Jul-2025 19:27:28 UTC] PHP Deprecated:  WP_SQLite_Information_Schema_Exception::__construct(): Implicitly marking parameter $previous as nullable is deprecated, the explicit nullable type must be used instead in /internal/shared/sqlite-database-integration/wp-includes/sqlite-ast/class-wp-sqlite-information-schema-exception.php on line 37
[08-Jul-2025 19:27:30 UTC] PHP Deprecated:  WP_SQLite_Information_Schema_Exception::__construct(): Implicitly marking parameter $previous as nullable is deprecated, the explicit nullable type must be used instead in /internal/shared/sqlite-database-integration/wp-includes/sqlite-ast/class-wp-sqlite-information-schema-exception.php on line 37
[08-Jul-2025 19:27:33 UTC] PHP Deprecated:  WP_SQLite_Information_Schema_Exception::__construct(): Implicitly marking parameter $previous as nullable is deprecated, the explicit nullable type must be used instead in /internal/shared/sqlite-database-integration/wp-includes/sqlite-ast/class-wp-sqlite-information-schema-exception.php on line 37
[08-Jul-2025 19:27:34 UTC] PHP Deprecated:  WP_SQLite_Information_Schema_Exception::__construct(): Implicitly marking parameter $previous as nullable is deprecated, the explicit nullable type must be used instead in /internal/shared/sqlite-database-integration/wp-includes/sqlite-ast/class-wp-sqlite-information-schema-exception.php on line 37
[08-Jul-2025 19:27:36 UTC] PHP Deprecated:  WP_SQLite_Information_Schema_Exception::__construct(): Implicitly marking parameter $previous as nullable is deprecated, the explicit nullable type must be used instead in /internal/shared/sqlite-database-integration/wp-includes/sqlite-ast/class-wp-sqlite-information-schema-exception.php on line 37
[08-Jul-2025 19:27:42 UTC] PHP Deprecated:  WP_SQLite_Information_Schema_Exception::__construct(): Implicitly marking parameter $previous as nullable is deprecated, the explicit nullable type must be used instead in /internal/shared/sqlite-database-integration/wp-includes/sqlite-ast/class-wp-sqlite-information-schema-exception.php on line 37
[08-Jul-2025 19:27:44 UTC] PHP Deprecated:  WP_SQLite_Information_Schema_Exception::__construct(): Implicitly marking parameter $previous as nullable is deprecated, the explicit nullable type must be used instead in /internal/shared/sqlite-database-integration/wp-includes/sqlite-ast/class-wp-sqlite-information-schema-exception.php on line 37
[08-Jul-2025 19:27:46 UTC] PHP Deprecated:  WP_SQLite_Information_Schema_Exception::__construct(): Implicitly marking parameter $previous as nullable is deprecated, the explicit nullable type must be used instead in /internal/shared/sqlite-database-integration/wp-includes/sqlite-ast/class-wp-sqlite-information-schema-exception.php on line 37
[08-Jul-2025 19:27:48 UTC] PHP Deprecated:  WP_SQLite_Information_Schema_Exception::__construct(): Implicitly marking parameter $previous as nullable is deprecated, the explicit nullable type must be used instead in /internal/shared/sqlite-database-integration/wp-includes/sqlite-ast/class-wp-sqlite-information-schema-exception.php on line 37
[08-Jul-2025 19:27:49 UTC] PHP Deprecated:  WP_SQLite_Information_Schema_Exception::__construct(): Implicitly marking parameter $previous as nullable is deprecated, the explicit nullable type must be used instead in /internal/shared/sqlite-database-integration/wp-includes/sqlite-ast/class-wp-sqlite-information-schema-exception.php on line 37
[08-Jul-2025 19:27:52 UTC] PHP Deprecated:  WP_SQLite_Information_Schema_Exception::__construct(): Implicitly marking parameter $previous as nullable is deprecated, the explicit nullable type must be used instead in /internal/shared/sqlite-database-integration/wp-includes/sqlite-ast/class-wp-sqlite-information-schema-exception.php on line 37
[08-Jul-2025 19:28:04 UTC] PHP Fatal error:  Uncaught PDOException: SQLSTATE[HY000] [2002] Address family not supported by protocol in /wordpress/wp-content/plugins/asura-connector/vendor/catfan/medoo/src/Medoo.php:476
Stack trace:
#0 /wordpress/wp-content/plugins/asura-connector/app/Utils/DB.php(50): Medoo\Medoo->__construct(Array)
#1 /wordpress/wp-content/plugins/asura-connector/app/Utils/DB.php(58): Dplugins\Asura\Connector\Utils\DB->__construct()
#2 /wordpress/wp-content/plugins/asura-connector/app/Utils/DB.php(105): Dplugins\Asura\Connector\Utils\DB::getInstance()
#3 /wordpress/wp-content/plugins/asura-connector/database/migrations/2021_07_10_000000_001_create_providers_table.php(11): Dplugins\Asura\Connector\Utils\DB::db()
#4 [internal function]: Dplugins\Asura\Connector\Database\Migrations\CreateProvidersTable::up()
#5 /wordpress/wp-content/plugins/asura-connector/app/Utils/Migration.php(29): call_user_func(Array)
#6 /wordpress/wp-content/plugins/asura-connector/app/Connector.php(88): Dplugins\Asura\Connector\Utils\Migration::migrate('/wordpress/wp-c...', 'Dplugins\\Asura\\...', 0, '001')
#7 /wordpress/wp-includes/class-wp-hook.php(324): Dplugins\Asura\Connector\Connector->plugin_activate(false)
#8 /wordpress/wp-includes/class-wp-hook.php(348): WP_Hook->apply_filters('', Array)
#9 /wordpress/wp-includes/plugin.php(517): WP_Hook->do_action(Array)
#10 /wordpress/wp-admin/includes/plugin.php(703): do_action('activate_asura-...', false)
#11 /internal/eval.php(20): activate_plugin('asura-connector...')
#12 {main}
  thrown in /wordpress/wp-content/plugins/asura-connector/vendor/catfan/medoo/src/Medoo.php on line 476
[08-Jul-2025 19:28:13 UTC] PHP Fatal error:  Uncaught PDOException: SQLSTATE[HY000] [2002] Address family not supported by protocol in /wordpress/wp-content/plugins/asura-connector/vendor/catfan/medoo/src/Medoo.php:476
Stack trace:
#0 /wordpress/wp-content/plugins/asura-connector/app/Utils/DB.php(50): Medoo\Medoo->__construct(Array)
#1 /wordpress/wp-content/plugins/asura-connector/app/Utils/DB.php(58): Dplugins\Asura\Connector\Utils\DB->__construct()
#2 /wordpress/wp-content/plugins/asura-connector/app/Utils/DB.php(105): Dplugins\Asura\Connector\Utils\DB::getInstance()
#3 /wordpress/wp-content/plugins/asura-connector/database/migrations/2021_07_10_000000_001_create_providers_table.php(11): Dplugins\Asura\Connector\Utils\DB::db()
#4 [internal function]: Dplugins\Asura\Connector\Database\Migrations\CreateProvidersTable::up()
#5 /wordpress/wp-content/plugins/asura-connector/app/Utils/Migration.php(29): call_user_func(Array)
#6 /wordpress/wp-content/plugins/asura-connector/app/Connector.php(88): Dplugins\Asura\Connector\Utils\Migration::migrate('/wordpress/wp-c...', 'Dplugins\\Asura\\...', 0, '001')
#7 /wordpress/wp-includes/class-wp-hook.php(324): Dplugins\Asura\Connector\Connector->plugin_activate(false)
#8 /wordpress/wp-includes/class-wp-hook.php(348): WP_Hook->apply_filters('', Array)
#9 /wordpress/wp-includes/plugin.php(517): WP_Hook->do_action(Array)
#10 /wordpress/wp-admin/includes/plugin.php(703): do_action('activate_asura-...', false)
#11 /internal/eval.php(20): activate_plugin('asura-connector...')
#12 {main}
  thrown in /wordpress/wp-content/plugins/asura-connector/vendor/catfan/medoo/src/Medoo.php on line 476
[08-Jul-2025 19:28:23 UTC] PHP Fatal error:  Uncaught PDOException: SQLSTATE[HY000] [2002] Address family not supported by protocol in /wordpress/wp-content/plugins/asura-connector/vendor/catfan/medoo/src/Medoo.php:476
Stack trace:
#0 /wordpress/wp-content/plugins/asura-connector/app/Utils/DB.php(50): Medoo\Medoo->__construct(Array)
#1 /wordpress/wp-content/plugins/asura-connector/app/Utils/DB.php(58): Dplugins\Asura\Connector\Utils\DB->__construct()
#2 /wordpress/wp-content/plugins/asura-connector/app/Utils/DB.php(105): Dplugins\Asura\Connector\Utils\DB::getInstance()
#3 /wordpress/wp-content/plugins/asura-connector/database/migrations/2021_07_10_000000_001_create_providers_table.php(11): Dplugins\Asura\Connector\Utils\DB::db()
#4 [internal function]: Dplugins\Asura\Connector\Database\Migrations\CreateProvidersTable::up()
#5 /wordpress/wp-content/plugins/asura-connector/app/Utils/Migration.php(29): call_user_func(Array)
#6 /wordpress/wp-content/plugins/asura-connector/app/Connector.php(88): Dplugins\Asura\Connector\Utils\Migration::migrate('/wordpress/wp-c...', 'Dplugins\\Asura\\...', 0, '001')
#7 /wordpress/wp-includes/class-wp-hook.php(324): Dplugins\Asura\Connector\Connector->plugin_activate(false)
#8 /wordpress/wp-includes/class-wp-hook.php(348): WP_Hook->apply_filters('', Array)
#9 /wordpress/wp-includes/plugin.php(517): WP_Hook->do_action(Array)
#10 /wordpress/wp-admin/includes/plugin.php(703): do_action('activate_asura-...', false)
#11 /internal/eval.php(20): activate_plugin('asura-connector...')
#12 {main}
  thrown in /wordpress/wp-content/plugins/asura-connector/vendor/catfan/medoo/src/Medoo.php on line 476
[08-Jul-2025 19:30:55 UTC] PHP Fatal error:  Uncaught Error: Call to undefined function create_function() in /wordpress/wp-content/plugins/adsense-insert/adsenseinsert.php:494
Stack trace:
#0 /wordpress/wp-admin/includes/plugin.php(2387): include_once()
#1 /wordpress/wp-admin/includes/plugin.php(673): plugin_sandbox_scrape('adsense-insert/...')
#2 /internal/eval.php(20): activate_plugin('adsense-insert/...')
#3 {main}
  thrown in /wordpress/wp-content/plugins/adsense-insert/adsenseinsert.php on line 494
[08-Jul-2025 19:31:04 UTC] PHP Fatal error:  Uncaught Error: Call to undefined function create_function() in /wordpress/wp-content/plugins/adsense-insert/adsenseinsert.php:494
Stack trace:
#0 /wordpress/wp-admin/includes/plugin.php(2387): include_once()
#1 /wordpress/wp-admin/includes/plugin.php(673): plugin_sandbox_scrape('adsense-insert/...')
#2 /internal/eval.php(20): activate_plugin('adsense-insert/...')
#3 {main}
  thrown in /wordpress/wp-content/plugins/adsense-insert/adsenseinsert.php on line 494
[08-Jul-2025 19:31:12 UTC] PHP Fatal error:  Uncaught Error: Call to undefined function create_function() in /wordpress/wp-content/plugins/adsense-insert/adsenseinsert.php:494
Stack trace:
#0 /wordpress/wp-admin/includes/plugin.php(2387): include_once()
#1 /wordpress/wp-admin/includes/plugin.php(673): plugin_sandbox_scrape('adsense-insert/...')
#2 /internal/eval.php(20): activate_plugin('adsense-insert/...')
#3 {main}
  thrown in /wordpress/wp-content/plugins/adsense-insert/adsenseinsert.php on line 494
[08-Jul-2025 19:34:25 UTC] PHP Notice:  Function _load_textdomain_just_in_time was called <strong>incorrectly</strong>. Translation loading for the <code>atomic-blocks</code> domain was triggered too early. This is usually an indicator for some code in the plugin or theme running too early. Translations should be loaded at the <code>init</code> action or later. Please see <a href="https://developer.wordpress.org/advanced-administration/debug/debug-wordpress/">Debugging in WordPress</a> for more information. (This message was added in version 6.7.0.) in /wordpress/wp-includes/functions.php on line 6121
[08-Jul-2025 19:34:36 UTC] PHP Notice:  Function _load_textdomain_just_in_time was called <strong>incorrectly</strong>. Translation loading for the <code>atomic-blocks</code> domain was triggered too early. This is usually an indicator for some code in the plugin or theme running too early. Translations should be loaded at the <code>init</code> action or later. Please see <a href="https://developer.wordpress.org/advanced-administration/debug/debug-wordpress/">Debugging in WordPress</a> for more information. (This message was added in version 6.7.0.) in /wordpress/wp-includes/functions.php on line 6121
[08-Jul-2025 19:34:46 UTC] PHP Notice:  Function _load_textdomain_just_in_time was called <strong>incorrectly</strong>. Translation loading for the <code>atomic-blocks</code> domain was triggered too early. This is usually an indicator for some code in the plugin or theme running too early. Translations should be loaded at the <code>init</code> action or later. Please see <a href="https://developer.wordpress.org/advanced-administration/debug/debug-wordpress/">Debugging in WordPress</a> for more information. (This message was added in version 6.7.0.) in /wordpress/wp-includes/functions.php on line 6121
[08-Jul-2025 19:35:26 UTC] PHP Deprecated:  Required parameter $respContent follows optional parameter $reqHeaders in /wordpress/wp-content/plugins/auctioninc-fedex-shipping-calculator-for-woocommerce/classes/shiprateapi/ShipRateSocketPost.inc on line 56
[08-Jul-2025 19:35:26 UTC] PHP Deprecated:  Required parameter $respHeaders follows optional parameter $reqHeaders in /wordpress/wp-content/plugins/auctioninc-fedex-shipping-calculator-for-woocommerce/classes/shiprateapi/ShipRateSocketPost.inc on line 56
[08-Jul-2025 19:35:26 UTC] PHP Deprecated:  Required parameter $errorMsg follows optional parameter $reqHeaders in /wordpress/wp-content/plugins/auctioninc-fedex-shipping-calculator-for-woocommerce/classes/shiprateapi/ShipRateSocketPost.inc on line 56
[08-Jul-2025 19:35:27 UTC] PHP Deprecated:  Required parameter $respContent follows optional parameter $reqHeaders in /wordpress/wp-content/plugins/auctioninc-fedex-shipping-calculator-for-woocommerce/classes/shiprateapi/ShipRateSocketPost.inc on line 56
[08-Jul-2025 19:35:27 UTC] PHP Deprecated:  Required parameter $respHeaders follows optional parameter $reqHeaders in /wordpress/wp-content/plugins/auctioninc-fedex-shipping-calculator-for-woocommerce/classes/shiprateapi/ShipRateSocketPost.inc on line 56
[08-Jul-2025 19:35:27 UTC] PHP Deprecated:  Required parameter $errorMsg follows optional parameter $reqHeaders in /wordpress/wp-content/plugins/auctioninc-fedex-shipping-calculator-for-woocommerce/classes/shiprateapi/ShipRateSocketPost.inc on line 56
[08-Jul-2025 19:35:35 UTC] PHP Deprecated:  Required parameter $respContent follows optional parameter $reqHeaders in /wordpress/wp-content/plugins/auctioninc-fedex-shipping-calculator-for-woocommerce/classes/shiprateapi/ShipRateSocketPost.inc on line 56
[08-Jul-2025 19:35:35 UTC] PHP Deprecated:  Required parameter $respHeaders follows optional parameter $reqHeaders in /wordpress/wp-content/plugins/auctioninc-fedex-shipping-calculator-for-woocommerce/classes/shiprateapi/ShipRateSocketPost.inc on line 56
[08-Jul-2025 19:35:35 UTC] PHP Deprecated:  Required parameter $errorMsg follows optional parameter $reqHeaders in /wordpress/wp-content/plugins/auctioninc-fedex-shipping-calculator-for-woocommerce/classes/shiprateapi/ShipRateSocketPost.inc on line 56
[08-Jul-2025 19:35:36 UTC] PHP Deprecated:  Required parameter $respContent follows optional parameter $reqHeaders in /wordpress/wp-content/plugins/auctioninc-fedex-shipping-calculator-for-woocommerce/classes/shiprateapi/ShipRateSocketPost.inc on line 56
[08-Jul-2025 19:35:36 UTC] PHP Deprecated:  Required parameter $respHeaders follows optional parameter $reqHeaders in /wordpress/wp-content/plugins/auctioninc-fedex-shipping-calculator-for-woocommerce/classes/shiprateapi/ShipRateSocketPost.inc on line 56
[08-Jul-2025 19:35:36 UTC] PHP Deprecated:  Required parameter $errorMsg follows optional parameter $reqHeaders in /wordpress/wp-content/plugins/auctioninc-fedex-shipping-calculator-for-woocommerce/classes/shiprateapi/ShipRateSocketPost.inc on line 56
[08-Jul-2025 19:35:45 UTC] PHP Deprecated:  Required parameter $respContent follows optional parameter $reqHeaders in /wordpress/wp-content/plugins/auctioninc-fedex-shipping-calculator-for-woocommerce/classes/shiprateapi/ShipRateSocketPost.inc on line 56
[08-Jul-2025 19:35:45 UTC] PHP Deprecated:  Required parameter $respHeaders follows optional parameter $reqHeaders in /wordpress/wp-content/plugins/auctioninc-fedex-shipping-calculator-for-woocommerce/classes/shiprateapi/ShipRateSocketPost.inc on line 56
[08-Jul-2025 19:35:45 UTC] PHP Deprecated:  Required parameter $errorMsg follows optional parameter $reqHeaders in /wordpress/wp-content/plugins/auctioninc-fedex-shipping-calculator-for-woocommerce/classes/shiprateapi/ShipRateSocketPost.inc on line 56
[08-Jul-2025 19:35:46 UTC] PHP Deprecated:  Required parameter $respContent follows optional parameter $reqHeaders in /wordpress/wp-content/plugins/auctioninc-fedex-shipping-calculator-for-woocommerce/classes/shiprateapi/ShipRateSocketPost.inc on line 56
[08-Jul-2025 19:35:46 UTC] PHP Deprecated:  Required parameter $respHeaders follows optional parameter $reqHeaders in /wordpress/wp-content/plugins/auctioninc-fedex-shipping-calculator-for-woocommerce/classes/shiprateapi/ShipRateSocketPost.inc on line 56
[08-Jul-2025 19:35:46 UTC] PHP Deprecated:  Required parameter $errorMsg follows optional parameter $reqHeaders in /wordpress/wp-content/plugins/auctioninc-fedex-shipping-calculator-for-woocommerce/classes/shiprateapi/ShipRateSocketPost.inc on line 56
[08-Jul-2025 19:36:03 UTC] PHP Notice:  Function _load_textdomain_just_in_time was called <strong>incorrectly</strong>. Translation loading for the <code>auto-listings</code> domain was triggered too early. This is usually an indicator for some code in the plugin or theme running too early. Translations should be loaded at the <code>init</code> action or later. Please see <a href="https://developer.wordpress.org/advanced-administration/debug/debug-wordpress/">Debugging in WordPress</a> for more information. (This message was added in version 6.7.0.) in /wordpress/wp-includes/functions.php on line 6121
[08-Jul-2025 19:36:21 UTC] PHP Notice:  Function _load_textdomain_just_in_time was called <strong>incorrectly</strong>. Translation loading for the <code>auto-listings</code> domain was triggered too early. This is usually an indicator for some code in the plugin or theme running too early. Translations should be loaded at the <code>init</code> action or later. Please see <a href="https://developer.wordpress.org/advanced-administration/debug/debug-wordpress/">Debugging in WordPress</a> for more information. (This message was added in version 6.7.0.) in /wordpress/wp-includes/functions.php on line 6121
[08-Jul-2025 19:36:39 UTC] PHP Notice:  Function _load_textdomain_just_in_time was called <strong>incorrectly</strong>. Translation loading for the <code>auto-listings</code> domain was triggered too early. This is usually an indicator for some code in the plugin or theme running too early. Translations should be loaded at the <code>init</code> action or later. Please see <a href="https://developer.wordpress.org/advanced-administration/debug/debug-wordpress/">Debugging in WordPress</a> for more information. (This message was added in version 6.7.0.) in /wordpress/wp-includes/functions.php on line 6121
[08-Jul-2025 19:36:49 UTC] PHP Fatal error:  Uncaught Error: Call to undefined function create_function() in /wordpress/wp-content/plugins/auto-scrolling-testimonials/auto-scrolling-testimonial.php:185
Stack trace:
#0 /wordpress/wp-admin/includes/plugin.php(2387): include_once()
#1 /wordpress/wp-admin/includes/plugin.php(673): plugin_sandbox_scrape('auto-scrolling-...')
#2 /internal/eval.php(20): activate_plugin('auto-scrolling-...')
#3 {main}
  thrown in /wordpress/wp-content/plugins/auto-scrolling-testimonials/auto-scrolling-testimonial.php on line 185
[08-Jul-2025 19:36:58 UTC] PHP Fatal error:  Uncaught Error: Call to undefined function create_function() in /wordpress/wp-content/plugins/auto-scrolling-testimonials/auto-scrolling-testimonial.php:185
Stack trace:
#0 /wordpress/wp-admin/includes/plugin.php(2387): include_once()
#1 /wordpress/wp-admin/includes/plugin.php(673): plugin_sandbox_scrape('auto-scrolling-...')
#2 /internal/eval.php(20): activate_plugin('auto-scrolling-...')
#3 {main}
  thrown in /wordpress/wp-content/plugins/auto-scrolling-testimonials/auto-scrolling-testimonial.php on line 185
[08-Jul-2025 19:37:07 UTC] PHP Fatal error:  Uncaught Error: Call to undefined function create_function() in /wordpress/wp-content/plugins/auto-scrolling-testimonials/auto-scrolling-testimonial.php:185
Stack trace:
#0 /wordpress/wp-admin/includes/plugin.php(2387): include_once()
#1 /wordpress/wp-admin/includes/plugin.php(673): plugin_sandbox_scrape('auto-scrolling-...')
#2 /internal/eval.php(20): activate_plugin('auto-scrolling-...')
#3 {main}
  thrown in /wordpress/wp-content/plugins/auto-scrolling-testimonials/auto-scrolling-testimonial.php on line 185
[08-Jul-2025 19:37:16 UTC] PHP Fatal error:  __autoload() is no longer supported, use spl_autoload_register() instead in /wordpress/wp-content/plugins/autochimp/autochimp.php on line 97
[08-Jul-2025 19:37:25 UTC] PHP Fatal error:  __autoload() is no longer supported, use spl_autoload_register() instead in /wordpress/wp-content/plugins/autochimp/autochimp.php on line 97
[08-Jul-2025 19:37:34 UTC] PHP Fatal error:  __autoload() is no longer supported, use spl_autoload_register() instead in /wordpress/wp-content/plugins/autochimp/autochimp.php on line 97

    at Object.onBind (file:///home/runner/work/playground-tester/playground-tester/node_modules/@wp-playground/cli/run-cli-j-geJYS3.js:325:15)
    at process.processTicksAndRejections (node:internal/process/task_queues:105:5)
    at async re (file:///home/runner/work/playground-tester/playground-tester/node_modules/@wp-playground/cli/run-cli-j-geJYS3.js:149:10) {
  [cause]: Error: Error when executing the blueprint step #1 ({"step":"installPlugin","pluginData":{"resource":"wordpress.org/plugins","slug":"automatic-short-links-small-urls-for-posts"},"options":{"activate":true}}) : Could not download "https://downloads.wordpress.org/plugin/automatic-short-links-small-urls-for-posts.latest-stable.zip".
  				Check if the URL is correct and the server is reachable.
  				If it is reachable, the server might be blocking the request.
  				Check the browser console and network tabs for more information.
  
  				## Does the console show the error "No 'Access-Control-Allow-Origin' header"?
  
  				This means the server that hosts your file does not allow requests from other sites
  				(cross-origin requests, or CORS).	You need to move the asset to a server that allows
  				cross-origin file downloads. Learn more about CORS at
  				https://developer.mozilla.org/en-US/docs/Web/HTTP/CORS.
  
  				If your file is on GitHub, load it from "raw.githubusercontent.com".
  				Here's how to do that:
  
  				1. Start with the original GitHub URL of the file. For example:
  				https://github.com/username/repository/blob/branch/filename.
  				2. Replace "github.com" with "raw.githubusercontent.com".
  				3. Remove the "/blob/" part of the URL.
  
  				The resulting URL should look like this:
  				https://raw.githubusercontent.com/username/repository/branch/filename
  
  				Error:
  				Error: Could not download "https://downloads.wordpress.org/plugin/automatic-short-links-small-urls-for-posts.latest-stable.zip"
      at Object.run (file:///home/runner/work/playground-tester/playground-tester/node_modules/@wp-playground/blueprints/index.js:12093:19)
      at process.processTicksAndRejections (node:internal/process/task_queues:105:5)
      at async ys (file:///home/runner/work/playground-tester/playground-tester/node_modules/@wp-playground/blueprints/index.js:12196:3)
      at async Object.onBind (file:///home/runner/work/playground-tester/playground-tester/node_modules/@wp-playground/cli/run-cli-j-geJYS3.js:315:48)
      at async re (file:///home/runner/work/playground-tester/playground-tester/node_modules/@wp-playground/cli/run-cli-j-geJYS3.js:149:10) {
    [cause]: Error: Could not download "https://downloads.wordpress.org/plugin/automatic-short-links-small-urls-for-posts.latest-stable.zip".
    				Check if the URL is correct and the server is reachable.
    				If it is reachable, the server might be blocking the request.
    				Check the browser console and network tabs for more information.
    
    				## Does the console show the error "No 'Access-Control-Allow-Origin' header"?
    
    				This means the server that hosts your file does not allow requests from other sites
    				(cross-origin requests, or CORS).	You need to move the asset to a server that allows
    				cross-origin file downloads. Learn more about CORS at
    				https://developer.mozilla.org/en-US/docs/Web/HTTP/CORS.
    
    				If your file is on GitHub, load it from "raw.githubusercontent.com".
    				Here's how to do that:
    
    				1. Start with the original GitHub URL of the file. For example:
    				https://github.com/username/repository/blob/branch/filename.
    				2. Replace "github.com" with "raw.githubusercontent.com".
    				3. Remove the "/blob/" part of the URL.
    
    				The resulting URL should look like this:
    				https://raw.githubusercontent.com/username/repository/branch/filename
    
    				Error:
    				Error: Could not download "https://downloads.wordpress.org/plugin/automatic-short-links-small-urls-for-posts.latest-stable.zip"
        at Ct.resolve (file:///home/runner/work/playground-tester/playground-tester/node_modules/@wp-playground/blueprints/index.js:1129:13)
        at process.processTicksAndRejections (node:internal/process/task_queues:105:5)
        at async _.run (file:///home/runner/work/playground-tester/playground-tester/node_modules/@php-wasm/util/index.js:45:14)
  }
}

Node.js v23.11.0
