[
{"message":"file:///home/runner/work/playground-tester/playground-tester/node_modules/@wp-playground/cli/run-cli-j-geJYS3.js:325\n        throw new Error($, { cause: h });\n              ^\n","level":"FATAL","type":"PLAYGROUND","test":"asyncify-boot","plugin":"optinengine-email-optins-lead-generation","details":"file:///home/runner/work/playground-tester/playground-tester/node_modules/@wp-playground/cli/run-cli-j-geJYS3.js:325\n        throw new Error($, { cause: h });\n              ^\n","log":"/tmp/tmp.iMxmvZxyTh"}
,
{"message":"[24-Jun-2025 23:49:04 UTC] [ERROR] Please configure Openpublishing plugin with API Host and Realm ID and Brand name","level":"INFO","type":"OTHER","test":"asyncify-boot","plugin":"optinengine-email-optins-lead-generation","details":"[24-Jun-2025 23:49:04 UTC] [ERROR] Please configure Openpublishing plugin with API Host and Realm ID and Brand name","log":"/logs/plugins/o/optinengine-email-optins-lead-generation/error.json"}
,
{"message":"[24-Jun-2025 23:49:05 UTC] [ERROR] Please configure Openpublishing plugin with API Host and Realm ID and Brand name","level":"INFO","type":"OTHER","test":"asyncify-boot","plugin":"optinengine-email-optins-lead-generation","details":"[24-Jun-2025 23:49:05 UTC] [ERROR] Please configure Openpublishing plugin with API Host and Realm ID and Brand name","log":"/logs/plugins/o/optinengine-email-optins-lead-generation/error.json"}
,
{"message":"[24-Jun-2025 23:49:12 UTC] [ERROR] Please configure Openpublishing plugin with API Host and Realm ID and Brand name","level":"INFO","type":"OTHER","test":"asyncify-boot","plugin":"optinengine-email-optins-lead-generation","details":"[24-Jun-2025 23:49:12 UTC] [ERROR] Please configure Openpublishing plugin with API Host and Realm ID and Brand name","log":"/logs/plugins/o/optinengine-email-optins-lead-generation/error.json"}
,
{"message":"[24-Jun-2025 23:49:13 UTC] [ERROR] Please configure Openpublishing plugin with API Host and Realm ID and Brand name","level":"INFO","type":"OTHER","test":"asyncify-boot","plugin":"optinengine-email-optins-lead-generation","details":"[24-Jun-2025 23:49:13 UTC] [ERROR] Please configure Openpublishing plugin with API Host and Realm ID and Brand name","log":"/logs/plugins/o/optinengine-email-optins-lead-generation/error.json"}
,
{"message":"[24-Jun-2025 23:49:21 UTC] [ERROR] Please configure Openpublishing plugin with API Host and Realm ID and Brand name","level":"INFO","type":"OTHER","test":"asyncify-boot","plugin":"optinengine-email-optins-lead-generation","details":"[24-Jun-2025 23:49:21 UTC] [ERROR] Please configure Openpublishing plugin with API Host and Realm ID and Brand name","log":"/logs/plugins/o/optinengine-email-optins-lead-generation/error.json"}
,
{"message":"[24-Jun-2025 23:49:22 UTC] [ERROR] Please configure Openpublishing plugin with API Host and Realm ID and Brand name","level":"INFO","type":"OTHER","test":"asyncify-boot","plugin":"optinengine-email-optins-lead-generation","details":"[24-Jun-2025 23:49:22 UTC] [ERROR] Please configure Openpublishing plugin with API Host and Realm ID and Brand name","log":"/logs/plugins/o/optinengine-email-optins-lead-generation/error.json"}
,
{"message":"Array and string offset access syntax with curly braces is no longer supported in /wordpress/wp-content/plugins/opensearchserver-search/opensearchserver_admin.php on line 411","level":"FATAL","type":"PHP","test":"asyncify-boot","plugin":"optinengine-email-optins-lead-generation","details":"[24-Jun-2025 23:49:31 UTC] PHP Fatal error:  Array and string offset access syntax with curly braces is no longer supported in /wordpress/wp-content/plugins/opensearchserver-search/opensearchserver_admin.php on line 411","log":"/logs/plugins/o/optinengine-email-optins-lead-generation/error.json"}
,
{"message":"Array and string offset access syntax with curly braces is no longer supported in /wordpress/wp-content/plugins/opensearchserver-search/opensearchserver_admin.php on line 411","level":"FATAL","type":"PHP","test":"asyncify-boot","plugin":"optinengine-email-optins-lead-generation","details":"[24-Jun-2025 23:49:40 UTC] PHP Fatal error:  Array and string offset access syntax with curly braces is no longer supported in /wordpress/wp-content/plugins/opensearchserver-search/opensearchserver_admin.php on line 411","log":"/logs/plugins/o/optinengine-email-optins-lead-generation/error.json"}
,
{"message":"Array and string offset access syntax with curly braces is no longer supported in /wordpress/wp-content/plugins/opensearchserver-search/opensearchserver_admin.php on line 411","level":"FATAL","type":"PHP","test":"asyncify-boot","plugin":"optinengine-email-optins-lead-generation","details":"[24-Jun-2025 23:49:49 UTC] PHP Fatal error:  Array and string offset access syntax with curly braces is no longer supported in /wordpress/wp-content/plugins/opensearchserver-search/opensearchserver_admin.php on line 411","log":"/logs/plugins/o/optinengine-email-optins-lead-generation/error.json"}
,
{"message":"Uncaught Error: Undefined constant \"WPLANG\" in /wordpress/wp-content/plugins/openstat-counter/openstatcounter.php:20","level":"FATAL","type":"PHP","test":"asyncify-boot","plugin":"optinengine-email-optins-lead-generation","details":"[24-Jun-2025 23:49:56 UTC] PHP Fatal error:  Uncaught Error: Undefined constant \"WPLANG\" in /wordpress/wp-content/plugins/openstat-counter/openstatcounter.php:20\nStack trace:\n#0 /wordpress/wp-admin/includes/plugin.php(2387): include_once()\n#1 /wordpress/wp-admin/includes/plugin.php(673): plugin_sandbox_scrape('openstat-counte...')\n#2 /internal/eval.php(20): activate_plugin('openstat-counte...')\n#3 {main}\n  thrown in /wordpress/wp-content/plugins/openstat-counter/openstatcounter.php on line 20","log":"/logs/plugins/o/optinengine-email-optins-lead-generation/error.json"}
,
{"message":"Uncaught Error: Undefined constant \"WPLANG\" in /wordpress/wp-content/plugins/openstat-counter/openstatcounter.php:20","level":"FATAL","type":"PHP","test":"asyncify-boot","plugin":"optinengine-email-optins-lead-generation","details":"[24-Jun-2025 23:50:05 UTC] PHP Fatal error:  Uncaught Error: Undefined constant \"WPLANG\" in /wordpress/wp-content/plugins/openstat-counter/openstatcounter.php:20\nStack trace:\n#0 /wordpress/wp-admin/includes/plugin.php(2387): include_once()\n#1 /wordpress/wp-admin/includes/plugin.php(673): plugin_sandbox_scrape('openstat-counte...')\n#2 /internal/eval.php(20): activate_plugin('openstat-counte...')\n#3 {main}\n  thrown in /wordpress/wp-content/plugins/openstat-counter/openstatcounter.php on line 20","log":"/logs/plugins/o/optinengine-email-optins-lead-generation/error.json"}
,
{"message":"Uncaught Error: Undefined constant \"WPLANG\" in /wordpress/wp-content/plugins/openstat-counter/openstatcounter.php:20","level":"FATAL","type":"PHP","test":"asyncify-boot","plugin":"optinengine-email-optins-lead-generation","details":"[24-Jun-2025 23:50:12 UTC] PHP Fatal error:  Uncaught Error: Undefined constant \"WPLANG\" in /wordpress/wp-content/plugins/openstat-counter/openstatcounter.php:20\nStack trace:\n#0 /wordpress/wp-admin/includes/plugin.php(2387): include_once()\n#1 /wordpress/wp-admin/includes/plugin.php(673): plugin_sandbox_scrape('openstat-counte...')\n#2 /internal/eval.php(20): activate_plugin('openstat-counte...')\n#3 {main}\n  thrown in /wordpress/wp-content/plugins/openstat-counter/openstatcounter.php on line 20","log":"/logs/plugins/o/optinengine-email-optins-lead-generation/error.json"}
,
{"message":"Undefined variable $opin_db_version in /wordpress/wp-content/plugins/opinionnaire-survey-analysis-report-generator/opinionnaire.php on line 4159","level":"WARNING","type":"PHP","test":"asyncify-boot","plugin":"optinengine-email-optins-lead-generation","details":"[24-Jun-2025 23:51:23 UTC] PHP Warning:  Undefined variable $opin_db_version in /wordpress/wp-content/plugins/opinionnaire-survey-analysis-report-generator/opinionnaire.php on line 4159","log":"/logs/plugins/o/optinengine-email-optins-lead-generation/error.json"}
,
{"message":"Undefined variable $opin_db_version in /wordpress/wp-content/plugins/opinionnaire-survey-analysis-report-generator/opinionnaire.php on line 4159","level":"WARNING","type":"PHP","test":"asyncify-boot","plugin":"optinengine-email-optins-lead-generation","details":"[24-Jun-2025 23:51:35 UTC] PHP Warning:  Undefined variable $opin_db_version in /wordpress/wp-content/plugins/opinionnaire-survey-analysis-report-generator/opinionnaire.php on line 4159","log":"/logs/plugins/o/optinengine-email-optins-lead-generation/error.json"}
,
{"message":"Undefined variable $opin_db_version in /wordpress/wp-content/plugins/opinionnaire-survey-analysis-report-generator/opinionnaire.php on line 4159","level":"WARNING","type":"PHP","test":"asyncify-boot","plugin":"optinengine-email-optins-lead-generation","details":"[24-Jun-2025 23:51:47 UTC] PHP Warning:  Undefined variable $opin_db_version in /wordpress/wp-content/plugins/opinionnaire-survey-analysis-report-generator/opinionnaire.php on line 4159","log":"/logs/plugins/o/optinengine-email-optins-lead-generation/error.json"}
,
{"message":"Required parameter $post follows optional parameter $field in /wordpress/wp-content/plugins/optimal-google-analytics/class-google-analytics-admin-helper.php on line 260","level":"DEPRECATED","type":"PHP","test":"asyncify-boot","plugin":"optinengine-email-optins-lead-generation","details":"[24-Jun-2025 23:53:00 UTC] PHP Deprecated:  Required parameter $post follows optional parameter $field in /wordpress/wp-content/plugins/optimal-google-analytics/class-google-analytics-admin-helper.php on line 260","log":"/logs/plugins/o/optinengine-email-optins-lead-generation/error.json"}
,
{"message":"Required parameter $post follows optional parameter $field in /wordpress/wp-content/plugins/optimal-google-analytics/class-google-analytics-admin-helper.php on line 260","level":"DEPRECATED","type":"PHP","test":"asyncify-boot","plugin":"optinengine-email-optins-lead-generation","details":"[24-Jun-2025 23:53:01 UTC] PHP Deprecated:  Required parameter $post follows optional parameter $field in /wordpress/wp-content/plugins/optimal-google-analytics/class-google-analytics-admin-helper.php on line 260","log":"/logs/plugins/o/optinengine-email-optins-lead-generation/error.json"}
,
{"message":"Required parameter $post follows optional parameter $field in /wordpress/wp-content/plugins/optimal-google-analytics/class-google-analytics-admin-helper.php on line 260","level":"DEPRECATED","type":"PHP","test":"asyncify-boot","plugin":"optinengine-email-optins-lead-generation","details":"[24-Jun-2025 23:53:10 UTC] PHP Deprecated:  Required parameter $post follows optional parameter $field in /wordpress/wp-content/plugins/optimal-google-analytics/class-google-analytics-admin-helper.php on line 260","log":"/logs/plugins/o/optinengine-email-optins-lead-generation/error.json"}
,
{"message":"Required parameter $post follows optional parameter $field in /wordpress/wp-content/plugins/optimal-google-analytics/class-google-analytics-admin-helper.php on line 260","level":"DEPRECATED","type":"PHP","test":"asyncify-boot","plugin":"optinengine-email-optins-lead-generation","details":"[24-Jun-2025 23:53:11 UTC] PHP Deprecated:  Required parameter $post follows optional parameter $field in /wordpress/wp-content/plugins/optimal-google-analytics/class-google-analytics-admin-helper.php on line 260","log":"/logs/plugins/o/optinengine-email-optins-lead-generation/error.json"}
,
{"message":"Required parameter $post follows optional parameter $field in /wordpress/wp-content/plugins/optimal-google-analytics/class-google-analytics-admin-helper.php on line 260","level":"DEPRECATED","type":"PHP","test":"asyncify-boot","plugin":"optinengine-email-optins-lead-generation","details":"[24-Jun-2025 23:53:19 UTC] PHP Deprecated:  Required parameter $post follows optional parameter $field in /wordpress/wp-content/plugins/optimal-google-analytics/class-google-analytics-admin-helper.php on line 260","log":"/logs/plugins/o/optinengine-email-optins-lead-generation/error.json"}
,
{"message":"Required parameter $post follows optional parameter $field in /wordpress/wp-content/plugins/optimal-google-analytics/class-google-analytics-admin-helper.php on line 260","level":"DEPRECATED","type":"PHP","test":"asyncify-boot","plugin":"optinengine-email-optins-lead-generation","details":"[24-Jun-2025 23:53:20 UTC] PHP Deprecated:  Required parameter $post follows optional parameter $field in /wordpress/wp-content/plugins/optimal-google-analytics/class-google-analytics-admin-helper.php on line 260","log":"/logs/plugins/o/optinengine-email-optins-lead-generation/error.json"}
,
{"message":"Function register_uninstall_hook was called <strong>incorrectly</strong>. Only a static class method or function can be used in an uninstall hook. Please see <a href=\"https://developer.wordpress.org/advanced-administration/debug/debug-wordpress/\">Debugging in WordPress</a> for more information. (This message was added in version 3.1.0.) in /wordpress/wp-includes/functions.php on line 6121","level":"NOTICE","type":"PHP","test":"asyncify-boot","plugin":"optinengine-email-optins-lead-generation","details":"[24-Jun-2025 23:56:40 UTC] PHP Notice:  Function register_uninstall_hook was called <strong>incorrectly</strong>. Only a static class method or function can be used in an uninstall hook. Please see <a href=\"https://developer.wordpress.org/advanced-administration/debug/debug-wordpress/\">Debugging in WordPress</a> for more information. (This message was added in version 3.1.0.) in /wordpress/wp-includes/functions.php on line 6121","log":"/logs/plugins/o/optinengine-email-optins-lead-generation/error.json"}
,
{"message":"Function register_uninstall_hook was called <strong>incorrectly</strong>. Only a static class method or function can be used in an uninstall hook. Please see <a href=\"https://developer.wordpress.org/advanced-administration/debug/debug-wordpress/\">Debugging in WordPress</a> for more information. (This message was added in version 3.1.0.) in /wordpress/wp-includes/functions.php on line 6121","level":"NOTICE","type":"PHP","test":"asyncify-boot","plugin":"optinengine-email-optins-lead-generation","details":"[24-Jun-2025 23:56:42 UTC] PHP Notice:  Function register_uninstall_hook was called <strong>incorrectly</strong>. Only a static class method or function can be used in an uninstall hook. Please see <a href=\"https://developer.wordpress.org/advanced-administration/debug/debug-wordpress/\">Debugging in WordPress</a> for more information. (This message was added in version 3.1.0.) in /wordpress/wp-includes/functions.php on line 6121","log":"/logs/plugins/o/optinengine-email-optins-lead-generation/error.json"}
,
{"message":"Function register_uninstall_hook was called <strong>incorrectly</strong>. Only a static class method or function can be used in an uninstall hook. Please see <a href=\"https://developer.wordpress.org/advanced-administration/debug/debug-wordpress/\">Debugging in WordPress</a> for more information. (This message was added in version 3.1.0.) in /wordpress/wp-includes/functions.php on line 6121","level":"NOTICE","type":"PHP","test":"asyncify-boot","plugin":"optinengine-email-optins-lead-generation","details":"[24-Jun-2025 23:56:50 UTC] PHP Notice:  Function register_uninstall_hook was called <strong>incorrectly</strong>. Only a static class method or function can be used in an uninstall hook. Please see <a href=\"https://developer.wordpress.org/advanced-administration/debug/debug-wordpress/\">Debugging in WordPress</a> for more information. (This message was added in version 3.1.0.) in /wordpress/wp-includes/functions.php on line 6121","log":"/logs/plugins/o/optinengine-email-optins-lead-generation/error.json"}
,
{"message":"Function register_uninstall_hook was called <strong>incorrectly</strong>. Only a static class method or function can be used in an uninstall hook. Please see <a href=\"https://developer.wordpress.org/advanced-administration/debug/debug-wordpress/\">Debugging in WordPress</a> for more information. (This message was added in version 3.1.0.) in /wordpress/wp-includes/functions.php on line 6121","level":"NOTICE","type":"PHP","test":"asyncify-boot","plugin":"optinengine-email-optins-lead-generation","details":"[24-Jun-2025 23:56:51 UTC] PHP Notice:  Function register_uninstall_hook was called <strong>incorrectly</strong>. Only a static class method or function can be used in an uninstall hook. Please see <a href=\"https://developer.wordpress.org/advanced-administration/debug/debug-wordpress/\">Debugging in WordPress</a> for more information. (This message was added in version 3.1.0.) in /wordpress/wp-includes/functions.php on line 6121","log":"/logs/plugins/o/optinengine-email-optins-lead-generation/error.json"}
,
{"message":"Function register_uninstall_hook was called <strong>incorrectly</strong>. Only a static class method or function can be used in an uninstall hook. Please see <a href=\"https://developer.wordpress.org/advanced-administration/debug/debug-wordpress/\">Debugging in WordPress</a> for more information. (This message was added in version 3.1.0.) in /wordpress/wp-includes/functions.php on line 6121","level":"NOTICE","type":"PHP","test":"asyncify-boot","plugin":"optinengine-email-optins-lead-generation","details":"[24-Jun-2025 23:56:59 UTC] PHP Notice:  Function register_uninstall_hook was called <strong>incorrectly</strong>. Only a static class method or function can be used in an uninstall hook. Please see <a href=\"https://developer.wordpress.org/advanced-administration/debug/debug-wordpress/\">Debugging in WordPress</a> for more information. (This message was added in version 3.1.0.) in /wordpress/wp-includes/functions.php on line 6121","log":"/logs/plugins/o/optinengine-email-optins-lead-generation/error.json"}
,
{"message":"Function register_uninstall_hook was called <strong>incorrectly</strong>. Only a static class method or function can be used in an uninstall hook. Please see <a href=\"https://developer.wordpress.org/advanced-administration/debug/debug-wordpress/\">Debugging in WordPress</a> for more information. (This message was added in version 3.1.0.) in /wordpress/wp-includes/functions.php on line 6121","level":"NOTICE","type":"PHP","test":"asyncify-boot","plugin":"optinengine-email-optins-lead-generation","details":"[24-Jun-2025 23:57:01 UTC] PHP Notice:  Function register_uninstall_hook was called <strong>incorrectly</strong>. Only a static class method or function can be used in an uninstall hook. Please see <a href=\"https://developer.wordpress.org/advanced-administration/debug/debug-wordpress/\">Debugging in WordPress</a> for more information. (This message was added in version 3.1.0.) in /wordpress/wp-includes/functions.php on line 6121","log":"/logs/plugins/o/optinengine-email-optins-lead-generation/error.json"}
,
{"message":"include(optimus_price_user.php): Failed to open stream: No such file or directory in /wordpress/wp-content/plugins/optimus-price/helpers/optimus_price_setup.php on line 7","level":"WARNING","type":"PHP","test":"asyncify-boot","plugin":"optinengine-email-optins-lead-generation","details":"[24-Jun-2025 23:57:09 UTC] PHP Warning:  include(optimus_price_user.php): Failed to open stream: No such file or directory in /wordpress/wp-content/plugins/optimus-price/helpers/optimus_price_setup.php on line 7","log":"/logs/plugins/o/optinengine-email-optins-lead-generation/error.json"}
,
{"message":"include(): Failed opening 'optimus_price_user.php' for inclusion (include_path='.:') in /wordpress/wp-content/plugins/optimus-price/helpers/optimus_price_setup.php on line 7","level":"WARNING","type":"PHP","test":"asyncify-boot","plugin":"optinengine-email-optins-lead-generation","details":"[24-Jun-2025 23:57:09 UTC] PHP Warning:  include(): Failed opening 'optimus_price_user.php' for inclusion (include_path='.:') in /wordpress/wp-content/plugins/optimus-price/helpers/optimus_price_setup.php on line 7","log":"/logs/plugins/o/optinengine-email-optins-lead-generation/error.json"}
,
{"message":"include(optimus_price_user.php): Failed to open stream: No such file or directory in /wordpress/wp-content/plugins/optimus-price/helpers/optimus_price_setup.php on line 7","level":"WARNING","type":"PHP","test":"asyncify-boot","plugin":"optinengine-email-optins-lead-generation","details":"[24-Jun-2025 23:57:10 UTC] PHP Warning:  include(optimus_price_user.php): Failed to open stream: No such file or directory in /wordpress/wp-content/plugins/optimus-price/helpers/optimus_price_setup.php on line 7","log":"/logs/plugins/o/optinengine-email-optins-lead-generation/error.json"}
,
{"message":"include(): Failed opening 'optimus_price_user.php' for inclusion (include_path='.:') in /wordpress/wp-content/plugins/optimus-price/helpers/optimus_price_setup.php on line 7","level":"WARNING","type":"PHP","test":"asyncify-boot","plugin":"optinengine-email-optins-lead-generation","details":"[24-Jun-2025 23:57:10 UTC] PHP Warning:  include(): Failed opening 'optimus_price_user.php' for inclusion (include_path='.:') in /wordpress/wp-content/plugins/optimus-price/helpers/optimus_price_setup.php on line 7","log":"/logs/plugins/o/optinengine-email-optins-lead-generation/error.json"}
,
{"message":"include(optimus_price_user.php): Failed to open stream: No such file or directory in /wordpress/wp-content/plugins/optimus-price/helpers/optimus_price_setup.php on line 7","level":"WARNING","type":"PHP","test":"asyncify-boot","plugin":"optinengine-email-optins-lead-generation","details":"[24-Jun-2025 23:57:19 UTC] PHP Warning:  include(optimus_price_user.php): Failed to open stream: No such file or directory in /wordpress/wp-content/plugins/optimus-price/helpers/optimus_price_setup.php on line 7","log":"/logs/plugins/o/optinengine-email-optins-lead-generation/error.json"}
,
{"message":"include(): Failed opening 'optimus_price_user.php' for inclusion (include_path='.:') in /wordpress/wp-content/plugins/optimus-price/helpers/optimus_price_setup.php on line 7","level":"WARNING","type":"PHP","test":"asyncify-boot","plugin":"optinengine-email-optins-lead-generation","details":"[24-Jun-2025 23:57:19 UTC] PHP Warning:  include(): Failed opening 'optimus_price_user.php' for inclusion (include_path='.:') in /wordpress/wp-content/plugins/optimus-price/helpers/optimus_price_setup.php on line 7","log":"/logs/plugins/o/optinengine-email-optins-lead-generation/error.json"}
,
{"message":"include(optimus_price_user.php): Failed to open stream: No such file or directory in /wordpress/wp-content/plugins/optimus-price/helpers/optimus_price_setup.php on line 7","level":"WARNING","type":"PHP","test":"asyncify-boot","plugin":"optinengine-email-optins-lead-generation","details":"[24-Jun-2025 23:57:20 UTC] PHP Warning:  include(optimus_price_user.php): Failed to open stream: No such file or directory in /wordpress/wp-content/plugins/optimus-price/helpers/optimus_price_setup.php on line 7","log":"/logs/plugins/o/optinengine-email-optins-lead-generation/error.json"}
,
{"message":"include(): Failed opening 'optimus_price_user.php' for inclusion (include_path='.:') in /wordpress/wp-content/plugins/optimus-price/helpers/optimus_price_setup.php on line 7","level":"WARNING","type":"PHP","test":"asyncify-boot","plugin":"optinengine-email-optins-lead-generation","details":"[24-Jun-2025 23:57:20 UTC] PHP Warning:  include(): Failed opening 'optimus_price_user.php' for inclusion (include_path='.:') in /wordpress/wp-content/plugins/optimus-price/helpers/optimus_price_setup.php on line 7","log":"/logs/plugins/o/optinengine-email-optins-lead-generation/error.json"}
,
{"message":"include(optimus_price_user.php): Failed to open stream: No such file or directory in /wordpress/wp-content/plugins/optimus-price/helpers/optimus_price_setup.php on line 7","level":"WARNING","type":"PHP","test":"asyncify-boot","plugin":"optinengine-email-optins-lead-generation","details":"[24-Jun-2025 23:57:28 UTC] PHP Warning:  include(optimus_price_user.php): Failed to open stream: No such file or directory in /wordpress/wp-content/plugins/optimus-price/helpers/optimus_price_setup.php on line 7","log":"/logs/plugins/o/optinengine-email-optins-lead-generation/error.json"}
,
{"message":"include(): Failed opening 'optimus_price_user.php' for inclusion (include_path='.:') in /wordpress/wp-content/plugins/optimus-price/helpers/optimus_price_setup.php on line 7","level":"WARNING","type":"PHP","test":"asyncify-boot","plugin":"optinengine-email-optins-lead-generation","details":"[24-Jun-2025 23:57:28 UTC] PHP Warning:  include(): Failed opening 'optimus_price_user.php' for inclusion (include_path='.:') in /wordpress/wp-content/plugins/optimus-price/helpers/optimus_price_setup.php on line 7","log":"/logs/plugins/o/optinengine-email-optins-lead-generation/error.json"}
,
{"message":"include(optimus_price_user.php): Failed to open stream: No such file or directory in /wordpress/wp-content/plugins/optimus-price/helpers/optimus_price_setup.php on line 7","level":"WARNING","type":"PHP","test":"asyncify-boot","plugin":"optinengine-email-optins-lead-generation","details":"[24-Jun-2025 23:57:29 UTC] PHP Warning:  include(optimus_price_user.php): Failed to open stream: No such file or directory in /wordpress/wp-content/plugins/optimus-price/helpers/optimus_price_setup.php on line 7","log":"/logs/plugins/o/optinengine-email-optins-lead-generation/error.json"}
,
{"message":"include(): Failed opening 'optimus_price_user.php' for inclusion (include_path='.:') in /wordpress/wp-content/plugins/optimus-price/helpers/optimus_price_setup.php on line 7","level":"WARNING","type":"PHP","test":"asyncify-boot","plugin":"optinengine-email-optins-lead-generation","details":"[24-Jun-2025 23:57:29 UTC] PHP Warning:  include(): Failed opening 'optimus_price_user.php' for inclusion (include_path='.:') in /wordpress/wp-content/plugins/optimus-price/helpers/optimus_price_setup.php on line 7","log":"/logs/plugins/o/optinengine-email-optins-lead-generation/error.json"}
,
{"message":"Array and string offset access syntax with curly braces is no longer supported in /wordpress/wp-content/plugins/optinengine-email-optins-lead-generation/libs/campaignmonitor/class/services_json.php on line 156","level":"FATAL","type":"PHP","test":"asyncify-boot","plugin":"optinengine-email-optins-lead-generation","details":"[24-Jun-2025 23:57:41 UTC] PHP Fatal error:  Array and string offset access syntax with curly braces is no longer supported in /wordpress/wp-content/plugins/optinengine-email-optins-lead-generation/libs/campaignmonitor/class/services_json.php on line 156","log":"/logs/plugins/o/optinengine-email-optins-lead-generation/error.json"}
,
{"message":"Array and string offset access syntax with curly braces is no longer supported in /wordpress/wp-content/plugins/optinengine-email-optins-lead-generation/libs/campaignmonitor/class/services_json.php on line 156","level":"FATAL","type":"PHP","test":"asyncify-boot","plugin":"optinengine-email-optins-lead-generation","details":"[24-Jun-2025 23:57:51 UTC] PHP Fatal error:  Array and string offset access syntax with curly braces is no longer supported in /wordpress/wp-content/plugins/optinengine-email-optins-lead-generation/libs/campaignmonitor/class/services_json.php on line 156\n\n    at Object.onBind (file:///home/runner/work/playground-tester/playground-tester/node_modules/@wp-playground/cli/run-cli-j-geJYS3.js:325:15)\n    at process.processTicksAndRejections (node:internal/process/task_queues:105:5)\n    at async re (file:///home/runner/work/playground-tester/playground-tester/node_modules/@wp-playground/cli/run-cli-j-geJYS3.js:149:10) {\n  [cause]: Error: Error when executing the blueprint step #1 ({\"step\":\"installPlugin\",\"pluginData\":{\"resource\":\"wordpress.org/plugins\",\"slug\":\"optinengine-email-optins-lead-generation\"},\"options\":{\"activate\":true}}) : PHP.run() failed with exit code 255 and the following output: \n      at Object.run (file:///home/runner/work/playground-tester/playground-tester/node_modules/@wp-playground/blueprints/index.js:12093:19)\n      at process.processTicksAndRejections (node:internal/process/task_queues:105:5)\n      at async ys (file:///home/runner/work/playground-tester/playground-tester/node_modules/@wp-playground/blueprints/index.js:12196:3)\n      at async Object.onBind (file:///home/runner/work/playground-tester/playground-tester/node_modules/@wp-playground/cli/run-cli-j-geJYS3.js:315:48)\n      at async re (file:///home/runner/work/playground-tester/playground-tester/node_modules/@wp-playground/cli/run-cli-j-geJYS3.js:149:10) {\n    [cause]: PHPExecutionFailureError: PHP.run() failed with exit code 255 and the following output: \n        at PHP.run (file:///home/runner/work/playground-tester/playground-tester/node_modules/@php-wasm/universal/index.js:1034:19)\n        at process.processTicksAndRejections (node:internal/process/task_queues:105:5)\n        at async wr (file:///home/runner/work/playground-tester/playground-tester/node_modules/@wp-playground/blueprints/index.js:34:39)\n        at async Object.gt [as installPlugin] (file:///home/runner/work/playground-tester/playground-tester/node_modules/@wp-playground/blueprints/index.js:631:42)\n        at async g (file:///home/runner/work/playground-tester/playground-tester/node_modules/@wp-playground/blueprints/index.js:12161:30)\n        at async Object.run (file:///home/runner/work/playground-tester/playground-tester/node_modules/@wp-playground/blueprints/index.js:12090:23)\n        at async ys (file:///home/runner/work/playground-tester/playground-tester/node_modules/@wp-playground/blueprints/index.js:12196:3)\n        at async Object.onBind (file:///home/runner/work/playground-tester/playground-tester/node_modules/@wp-playground/cli/run-cli-j-geJYS3.js:315:48)\n        at async re (file:///home/runner/work/playground-tester/playground-tester/node_modules/@wp-playground/cli/run-cli-j-geJYS3.js:149:10) {\n      response: PHPResponse {\n        httpStatusCode: 500,\n        headers: {\n          'x-powered-by': [ 'PHP/8.0.30-dev' ],\n          'content-type': [ 'text/html; charset=UTF-8' ]\n        },\n        bytes: Uint8Array(0) [],\n        exitCode: 255,\n        errors: ''\n      },\n      source: 'request'\n    }\n  }\n}\n\n","log":"/logs/plugins/o/optinengine-email-optins-lead-generation/error.json"}
]
