[
{"message":"file:///home/runner/work/playground-tester/playground-tester/node_modules/@wp-playground/cli/index.js:237\n        throw new Error(y, { cause: u });\n              ^\n","level":"FATAL","type":"PLAYGROUND","test":"jspi-boot","plugin":"index-pagination","details":"file:///home/runner/work/playground-tester/playground-tester/node_modules/@wp-playground/cli/index.js:237\n        throw new Error(y, { cause: u });\n              ^\n","log":"/tmp/tmp.IajE0M97Y2"}
,
{"message":"include(/wordpress/wp-content/plugins/italystrap/vendor/composer/../../src/Event/Manager.php): Failed to open stream: No such file or directory in /wordpress/wp-content/plugins/italystrap/vendor/composer/ClassLoader.php on line 582","level":"WARNING","type":"PHP","test":"jspi-boot","plugin":"index-pagination","details":"[03-May-2025 06:34:10 UTC] PHP Warning:  include(/wordpress/wp-content/plugins/italystrap/vendor/composer/../../src/Event/Manager.php): Failed to open stream: No such file or directory in /wordpress/wp-content/plugins/italystrap/vendor/composer/ClassLoader.php on line 582","log":"/logs/plugins/i/index-pagination/error.json"}
,
{"message":"include(): Failed opening '/wordpress/wp-content/plugins/italystrap/vendor/composer/../../src/Event/Manager.php' for inclusion (include_path='.:') in /wordpress/wp-content/plugins/italystrap/vendor/composer/ClassLoader.php on line 582","level":"WARNING","type":"PHP","test":"jspi-boot","plugin":"index-pagination","details":"[03-May-2025 06:34:10 UTC] PHP Warning:  include(): Failed opening '/wordpress/wp-content/plugins/italystrap/vendor/composer/../../src/Event/Manager.php' for inclusion (include_path='.:') in /wordpress/wp-content/plugins/italystrap/vendor/composer/ClassLoader.php on line 582","log":"/logs/plugins/i/index-pagination/error.json"}
,
{"message":"Uncaught ReflectionException: Class \"ItalyStrap\\Event\\Manager\" does not exist in /wordpress/wp-content/plugins/italystrap/vendor/rdlowrey/auryn/lib/StandardReflector.php:14","level":"FATAL","type":"PHP","test":"jspi-boot","plugin":"index-pagination","details":"[03-May-2025 06:34:10 UTC] PHP Fatal error:  Uncaught ReflectionException: Class \"ItalyStrap\\Event\\Manager\" does not exist in /wordpress/wp-content/plugins/italystrap/vendor/rdlowrey/auryn/lib/StandardReflector.php:14\nStack trace:\n#0 /wordpress/wp-content/plugins/italystrap/vendor/rdlowrey/auryn/lib/StandardReflector.php(14): ReflectionClass->__construct('ItalyStrap\\\\Even...')\n#1 /wordpress/wp-content/plugins/italystrap/vendor/rdlowrey/auryn/lib/CachingReflector.php(38): Auryn\\StandardReflector->getCtor('ItalyStrap\\\\Even...')\n#2 /wordpress/wp-content/plugins/italystrap/vendor/italystrap/empress/bridge/Injector.php(426): Auryn\\CachingReflector->getCtor('ItalyStrap\\\\Even...')\n#3 /wordpress/wp-content/plugins/italystrap/vendor/italystrap/empress/bridge/Injector.php(377): ItalyStrap\\Empress\\Injector->provisionInstance('ItalyStrap\\\\Even...', 'italystrap\\\\even...', Array)\n#4 /wordpress/wp-content/plugins/italystrap/bootstrap.php(149): ItalyStrap\\Empress\\Injector->make('ItalyStrap\\\\Even...')\n#5 /wordpress/wp-content/plugins/italystrap/italystrap.php(70): require('/wordpress/wp-c...')\n#6 /wordpress/wp-admin/includes/plugin.php(2387): include_once('/wordpress/wp-c...')\n#7 /wordpress/wp-admin/includes/plugin.php(673): plugin_sandbox_scrape('italystrap/ital...')\n#8 /internal/eval.php(20): activate_plugin('italystrap/ital...')\n#9 {main}\n\nNext Auryn\\InjectionException: Could not make ItalyStrap\\Event\\Manager: Class \"ItalyStrap\\Event\\Manager\" does not exist in /wordpress/wp-content/plugins/italystrap/vendor/italystrap/empress/bridge/Injector.php:449\nStack trace:\n#0 /wordpress/wp-content/plugins/italystrap/vendor/italystrap/empress/bridge/Injector.php(377): ItalyStrap\\Empress\\Injector->provisionInstance('ItalyStrap\\\\Even...', 'italystrap\\\\even...', Array)\n#1 /wordpress/wp-content/plugins/italystrap/bootstrap.php(149): ItalyStrap\\Empress\\Injector->make('ItalyStrap\\\\Even...')\n#2 /wordpress/wp-content/plugins/italystrap/italystrap.php(70): require('/wordpress/wp-c...')\n#3 /wordpress/wp-admin/includes/plugin.php(2387): include_once('/wordpress/wp-c...')\n#4 /wordpress/wp-admin/includes/plugin.php(673): plugin_sandbox_scrape('italystrap/ital...')\n#5 /internal/eval.php(20): activate_plugin('italystrap/ital...')\n#6 {main}\n  thrown in /wordpress/wp-content/plugins/italystrap/vendor/italystrap/empress/bridge/Injector.php on line 449","log":"/logs/plugins/i/index-pagination/error.json"}
,
{"message":"include(/wordpress/wp-content/plugins/italystrap/vendor/composer/../../src/Event/Manager.php): Failed to open stream: No such file or directory in /wordpress/wp-content/plugins/italystrap/vendor/composer/ClassLoader.php on line 582","level":"WARNING","type":"PHP","test":"jspi-boot","plugin":"index-pagination","details":"[03-May-2025 06:34:21 UTC] PHP Warning:  include(/wordpress/wp-content/plugins/italystrap/vendor/composer/../../src/Event/Manager.php): Failed to open stream: No such file or directory in /wordpress/wp-content/plugins/italystrap/vendor/composer/ClassLoader.php on line 582","log":"/logs/plugins/i/index-pagination/error.json"}
,
{"message":"include(): Failed opening '/wordpress/wp-content/plugins/italystrap/vendor/composer/../../src/Event/Manager.php' for inclusion (include_path='.:') in /wordpress/wp-content/plugins/italystrap/vendor/composer/ClassLoader.php on line 582","level":"WARNING","type":"PHP","test":"jspi-boot","plugin":"index-pagination","details":"[03-May-2025 06:34:21 UTC] PHP Warning:  include(): Failed opening '/wordpress/wp-content/plugins/italystrap/vendor/composer/../../src/Event/Manager.php' for inclusion (include_path='.:') in /wordpress/wp-content/plugins/italystrap/vendor/composer/ClassLoader.php on line 582","log":"/logs/plugins/i/index-pagination/error.json"}
,
{"message":"Uncaught ReflectionException: Class \"ItalyStrap\\Event\\Manager\" does not exist in /wordpress/wp-content/plugins/italystrap/vendor/rdlowrey/auryn/lib/StandardReflector.php:14","level":"FATAL","type":"PHP","test":"jspi-boot","plugin":"index-pagination","details":"[03-May-2025 06:34:21 UTC] PHP Fatal error:  Uncaught ReflectionException: Class \"ItalyStrap\\Event\\Manager\" does not exist in /wordpress/wp-content/plugins/italystrap/vendor/rdlowrey/auryn/lib/StandardReflector.php:14\nStack trace:\n#0 /wordpress/wp-content/plugins/italystrap/vendor/rdlowrey/auryn/lib/StandardReflector.php(14): ReflectionClass->__construct('ItalyStrap\\\\Even...')\n#1 /wordpress/wp-content/plugins/italystrap/vendor/rdlowrey/auryn/lib/CachingReflector.php(38): Auryn\\StandardReflector->getCtor('ItalyStrap\\\\Even...')\n#2 /wordpress/wp-content/plugins/italystrap/vendor/italystrap/empress/bridge/Injector.php(426): Auryn\\CachingReflector->getCtor('ItalyStrap\\\\Even...')\n#3 /wordpress/wp-content/plugins/italystrap/vendor/italystrap/empress/bridge/Injector.php(377): ItalyStrap\\Empress\\Injector->provisionInstance('ItalyStrap\\\\Even...', 'italystrap\\\\even...', Array)\n#4 /wordpress/wp-content/plugins/italystrap/bootstrap.php(149): ItalyStrap\\Empress\\Injector->make('ItalyStrap\\\\Even...')\n#5 /wordpress/wp-content/plugins/italystrap/italystrap.php(70): require('/wordpress/wp-c...')\n#6 /wordpress/wp-admin/includes/plugin.php(2387): include_once('/wordpress/wp-c...')\n#7 /wordpress/wp-admin/includes/plugin.php(673): plugin_sandbox_scrape('italystrap/ital...')\n#8 /internal/eval.php(20): activate_plugin('italystrap/ital...')\n#9 {main}\n\nNext Auryn\\InjectionException: Could not make ItalyStrap\\Event\\Manager: Class \"ItalyStrap\\Event\\Manager\" does not exist in /wordpress/wp-content/plugins/italystrap/vendor/italystrap/empress/bridge/Injector.php:449\nStack trace:\n#0 /wordpress/wp-content/plugins/italystrap/vendor/italystrap/empress/bridge/Injector.php(377): ItalyStrap\\Empress\\Injector->provisionInstance('ItalyStrap\\\\Even...', 'italystrap\\\\even...', Array)\n#1 /wordpress/wp-content/plugins/italystrap/bootstrap.php(149): ItalyStrap\\Empress\\Injector->make('ItalyStrap\\\\Even...')\n#2 /wordpress/wp-content/plugins/italystrap/italystrap.php(70): require('/wordpress/wp-c...')\n#3 /wordpress/wp-admin/includes/plugin.php(2387): include_once('/wordpress/wp-c...')\n#4 /wordpress/wp-admin/includes/plugin.php(673): plugin_sandbox_scrape('italystrap/ital...')\n#5 /internal/eval.php(20): activate_plugin('italystrap/ital...')\n#6 {main}\n  thrown in /wordpress/wp-content/plugins/italystrap/vendor/italystrap/empress/bridge/Injector.php on line 449","log":"/logs/plugins/i/index-pagination/error.json"}
,
{"message":"include(/wordpress/wp-content/plugins/italystrap/vendor/composer/../../src/Event/Manager.php): Failed to open stream: No such file or directory in /wordpress/wp-content/plugins/italystrap/vendor/composer/ClassLoader.php on line 582","level":"WARNING","type":"PHP","test":"jspi-boot","plugin":"index-pagination","details":"[03-May-2025 06:34:32 UTC] PHP Warning:  include(/wordpress/wp-content/plugins/italystrap/vendor/composer/../../src/Event/Manager.php): Failed to open stream: No such file or directory in /wordpress/wp-content/plugins/italystrap/vendor/composer/ClassLoader.php on line 582","log":"/logs/plugins/i/index-pagination/error.json"}
,
{"message":"include(): Failed opening '/wordpress/wp-content/plugins/italystrap/vendor/composer/../../src/Event/Manager.php' for inclusion (include_path='.:') in /wordpress/wp-content/plugins/italystrap/vendor/composer/ClassLoader.php on line 582","level":"WARNING","type":"PHP","test":"jspi-boot","plugin":"index-pagination","details":"[03-May-2025 06:34:32 UTC] PHP Warning:  include(): Failed opening '/wordpress/wp-content/plugins/italystrap/vendor/composer/../../src/Event/Manager.php' for inclusion (include_path='.:') in /wordpress/wp-content/plugins/italystrap/vendor/composer/ClassLoader.php on line 582","log":"/logs/plugins/i/index-pagination/error.json"}
,
{"message":"Uncaught ReflectionException: Class \"ItalyStrap\\Event\\Manager\" does not exist in /wordpress/wp-content/plugins/italystrap/vendor/rdlowrey/auryn/lib/StandardReflector.php:14","level":"FATAL","type":"PHP","test":"jspi-boot","plugin":"index-pagination","details":"[03-May-2025 06:34:32 UTC] PHP Fatal error:  Uncaught ReflectionException: Class \"ItalyStrap\\Event\\Manager\" does not exist in /wordpress/wp-content/plugins/italystrap/vendor/rdlowrey/auryn/lib/StandardReflector.php:14\nStack trace:\n#0 /wordpress/wp-content/plugins/italystrap/vendor/rdlowrey/auryn/lib/StandardReflector.php(14): ReflectionClass->__construct('ItalyStrap\\\\Even...')\n#1 /wordpress/wp-content/plugins/italystrap/vendor/rdlowrey/auryn/lib/CachingReflector.php(38): Auryn\\StandardReflector->getCtor('ItalyStrap\\\\Even...')\n#2 /wordpress/wp-content/plugins/italystrap/vendor/italystrap/empress/bridge/Injector.php(426): Auryn\\CachingReflector->getCtor('ItalyStrap\\\\Even...')\n#3 /wordpress/wp-content/plugins/italystrap/vendor/italystrap/empress/bridge/Injector.php(377): ItalyStrap\\Empress\\Injector->provisionInstance('ItalyStrap\\\\Even...', 'italystrap\\\\even...', Array)\n#4 /wordpress/wp-content/plugins/italystrap/bootstrap.php(149): ItalyStrap\\Empress\\Injector->make('ItalyStrap\\\\Even...')\n#5 /wordpress/wp-content/plugins/italystrap/italystrap.php(70): require('/wordpress/wp-c...')\n#6 /wordpress/wp-admin/includes/plugin.php(2387): include_once('/wordpress/wp-c...')\n#7 /wordpress/wp-admin/includes/plugin.php(673): plugin_sandbox_scrape('italystrap/ital...')\n#8 /internal/eval.php(20): activate_plugin('italystrap/ital...')\n#9 {main}\n\nNext Auryn\\InjectionException: Could not make ItalyStrap\\Event\\Manager: Class \"ItalyStrap\\Event\\Manager\" does not exist in /wordpress/wp-content/plugins/italystrap/vendor/italystrap/empress/bridge/Injector.php:449\nStack trace:\n#0 /wordpress/wp-content/plugins/italystrap/vendor/italystrap/empress/bridge/Injector.php(377): ItalyStrap\\Empress\\Injector->provisionInstance('ItalyStrap\\\\Even...', 'italystrap\\\\even...', Array)\n#1 /wordpress/wp-content/plugins/italystrap/bootstrap.php(149): ItalyStrap\\Empress\\Injector->make('ItalyStrap\\\\Even...')\n#2 /wordpress/wp-content/plugins/italystrap/italystrap.php(70): require('/wordpress/wp-c...')\n#3 /wordpress/wp-admin/includes/plugin.php(2387): include_once('/wordpress/wp-c...')\n#4 /wordpress/wp-admin/includes/plugin.php(673): plugin_sandbox_scrape('italystrap/ital...')\n#5 /internal/eval.php(20): activate_plugin('italystrap/ital...')\n#6 {main}\n  thrown in /wordpress/wp-content/plugins/italystrap/vendor/italystrap/empress/bridge/Injector.php on line 449","log":"/logs/plugins/i/index-pagination/error.json"}
,
{"message":"Array and string offset access syntax with curly braces is no longer supported in /wordpress/wp-content/plugins/image-headlines/image-headlines.php on line 382","level":"FATAL","type":"PHP","test":"jspi-boot","plugin":"index-pagination","details":"[03-May-2025 06:35:33 UTC] PHP Fatal error:  Array and string offset access syntax with curly braces is no longer supported in /wordpress/wp-content/plugins/image-headlines/image-headlines.php on line 382","log":"/logs/plugins/i/index-pagination/error.json"}
,
{"message":"Array and string offset access syntax with curly braces is no longer supported in /wordpress/wp-content/plugins/image-headlines/image-headlines.php on line 382","level":"FATAL","type":"PHP","test":"jspi-boot","plugin":"index-pagination","details":"[03-May-2025 06:35:41 UTC] PHP Fatal error:  Array and string offset access syntax with curly braces is no longer supported in /wordpress/wp-content/plugins/image-headlines/image-headlines.php on line 382","log":"/logs/plugins/i/index-pagination/error.json"}
,
{"message":"Array and string offset access syntax with curly braces is no longer supported in /wordpress/wp-content/plugins/image-headlines/image-headlines.php on line 382","level":"FATAL","type":"PHP","test":"jspi-boot","plugin":"index-pagination","details":"[03-May-2025 06:35:49 UTC] PHP Fatal error:  Array and string offset access syntax with curly braces is no longer supported in /wordpress/wp-content/plugins/image-headlines/image-headlines.php on line 382","log":"/logs/plugins/i/index-pagination/error.json"}
,
{"message":"\"continue\" targeting switch is equivalent to \"break\". Did you mean to use \"continue 2\"? in /wordpress/wp-content/plugins/improved-include-post/iinclude_post.php on line 268","level":"WARNING","type":"PHP","test":"jspi-boot","plugin":"index-pagination","details":"[03-May-2025 06:39:34 UTC] PHP Warning:  \"continue\" targeting switch is equivalent to \"break\". Did you mean to use \"continue 2\"? in /wordpress/wp-content/plugins/improved-include-post/iinclude_post.php on line 268","log":"/logs/plugins/i/index-pagination/error.json"}
,
{"message":"\"continue\" targeting switch is equivalent to \"break\". Did you mean to use \"continue 2\"? in /wordpress/wp-content/plugins/improved-include-post/iinclude_post.php on line 268","level":"WARNING","type":"PHP","test":"jspi-boot","plugin":"index-pagination","details":"[03-May-2025 06:39:36 UTC] PHP Warning:  \"continue\" targeting switch is equivalent to \"break\". Did you mean to use \"continue 2\"? in /wordpress/wp-content/plugins/improved-include-post/iinclude_post.php on line 268","log":"/logs/plugins/i/index-pagination/error.json"}
,
{"message":"\"continue\" targeting switch is equivalent to \"break\". Did you mean to use \"continue 2\"? in /wordpress/wp-content/plugins/improved-include-post/iinclude_post.php on line 268","level":"WARNING","type":"PHP","test":"jspi-boot","plugin":"index-pagination","details":"[03-May-2025 06:39:43 UTC] PHP Warning:  \"continue\" targeting switch is equivalent to \"break\". Did you mean to use \"continue 2\"? in /wordpress/wp-content/plugins/improved-include-post/iinclude_post.php on line 268","log":"/logs/plugins/i/index-pagination/error.json"}
,
{"message":"\"continue\" targeting switch is equivalent to \"break\". Did you mean to use \"continue 2\"? in /wordpress/wp-content/plugins/improved-include-post/iinclude_post.php on line 268","level":"WARNING","type":"PHP","test":"jspi-boot","plugin":"index-pagination","details":"[03-May-2025 06:39:44 UTC] PHP Warning:  \"continue\" targeting switch is equivalent to \"break\". Did you mean to use \"continue 2\"? in /wordpress/wp-content/plugins/improved-include-post/iinclude_post.php on line 268","log":"/logs/plugins/i/index-pagination/error.json"}
,
{"message":"\"continue\" targeting switch is equivalent to \"break\". Did you mean to use \"continue 2\"? in /wordpress/wp-content/plugins/improved-include-post/iinclude_post.php on line 268","level":"WARNING","type":"PHP","test":"jspi-boot","plugin":"index-pagination","details":"[03-May-2025 06:39:51 UTC] PHP Warning:  \"continue\" targeting switch is equivalent to \"break\". Did you mean to use \"continue 2\"? in /wordpress/wp-content/plugins/improved-include-post/iinclude_post.php on line 268","log":"/logs/plugins/i/index-pagination/error.json"}
,
{"message":"\"continue\" targeting switch is equivalent to \"break\". Did you mean to use \"continue 2\"? in /wordpress/wp-content/plugins/improved-include-post/iinclude_post.php on line 268","level":"WARNING","type":"PHP","test":"jspi-boot","plugin":"index-pagination","details":"[03-May-2025 06:39:52 UTC] PHP Warning:  \"continue\" targeting switch is equivalent to \"break\". Did you mean to use \"continue 2\"? in /wordpress/wp-content/plugins/improved-include-post/iinclude_post.php on line 268","log":"/logs/plugins/i/index-pagination/error.json"}
,
{"message":"Uncaught Error: Undefined constant \"slice_initialize_default_tags\" in /wordpress/wp-content/plugins/include-content-slice/include-content-slice.php:208","level":"FATAL","type":"PHP","test":"jspi-boot","plugin":"index-pagination","details":"[03-May-2025 06:40:01 UTC] PHP Fatal error:  Uncaught Error: Undefined constant \"slice_initialize_default_tags\" in /wordpress/wp-content/plugins/include-content-slice/include-content-slice.php:208\nStack trace:\n#0 /wordpress/wp-admin/includes/plugin.php(2387): include_once()\n#1 /wordpress/wp-admin/includes/plugin.php(673): plugin_sandbox_scrape('include-content...')\n#2 /internal/eval.php(20): activate_plugin('include-content...')\n#3 {main}\n  thrown in /wordpress/wp-content/plugins/include-content-slice/include-content-slice.php on line 208","log":"/logs/plugins/i/index-pagination/error.json"}
,
{"message":"Uncaught Error: Undefined constant \"slice_initialize_default_tags\" in /wordpress/wp-content/plugins/include-content-slice/include-content-slice.php:208","level":"FATAL","type":"PHP","test":"jspi-boot","plugin":"index-pagination","details":"[03-May-2025 06:40:09 UTC] PHP Fatal error:  Uncaught Error: Undefined constant \"slice_initialize_default_tags\" in /wordpress/wp-content/plugins/include-content-slice/include-content-slice.php:208\nStack trace:\n#0 /wordpress/wp-admin/includes/plugin.php(2387): include_once()\n#1 /wordpress/wp-admin/includes/plugin.php(673): plugin_sandbox_scrape('include-content...')\n#2 /internal/eval.php(20): activate_plugin('include-content...')\n#3 {main}\n  thrown in /wordpress/wp-content/plugins/include-content-slice/include-content-slice.php on line 208","log":"/logs/plugins/i/index-pagination/error.json"}
,
{"message":"Uncaught Error: Undefined constant \"slice_initialize_default_tags\" in /wordpress/wp-content/plugins/include-content-slice/include-content-slice.php:208","level":"FATAL","type":"PHP","test":"jspi-boot","plugin":"index-pagination","details":"[03-May-2025 06:40:16 UTC] PHP Fatal error:  Uncaught Error: Undefined constant \"slice_initialize_default_tags\" in /wordpress/wp-content/plugins/include-content-slice/include-content-slice.php:208\nStack trace:\n#0 /wordpress/wp-admin/includes/plugin.php(2387): include_once()\n#1 /wordpress/wp-admin/includes/plugin.php(673): plugin_sandbox_scrape('include-content...')\n#2 /internal/eval.php(20): activate_plugin('include-content...')\n#3 {main}\n  thrown in /wordpress/wp-content/plugins/include-content-slice/include-content-slice.php on line 208\n\n    at Object.onBind (file:///home/runner/work/playground-tester/playground-tester/node_modules/@wp-playground/cli/index.js:237:15)\n    at process.processTicksAndRejections (node:internal/process/task_queues:105:5)\n    at async V (file:///home/runner/work/playground-tester/playground-tester/node_modules/@wp-playground/cli/index.js:64:10)\n    at async ja (file:///home/runner/work/playground-tester/playground-tester/node_modules/@wp-playground/cli/cli.js:8161:12) {\n  [cause]: Error: Error when executing the blueprint step #1 ({\"step\":\"installPlugin\",\"pluginData\":{\"resource\":\"wordpress.org/plugins\",\"slug\":\"index-pagination\"},\"options\":{\"activate\":true}}) : Could not download \"https://downloads.wordpress.org/plugin/index-pagination.latest-stable.zip\".\n  \t\t\t\tCheck if the URL is correct and the server is reachable.\n  \t\t\t\tIf it is reachable, the server might be blocking the request.\n  \t\t\t\tCheck the browser console and network tabs for more information.\n  \n  \t\t\t\t## Does the console show the error \"No 'Access-Control-Allow-Origin' header\"?\n  \n  \t\t\t\tThis means the server that hosts your file does not allow requests from other sites\n  \t\t\t\t(cross-origin requests, or CORS).\tYou need to move the asset to a server that allows\n  \t\t\t\tcross-origin file downloads. Learn more about CORS at\n  \t\t\t\thttps://developer.mozilla.org/en-US/docs/Web/HTTP/CORS.\n  \n  \t\t\t\tIf your file is on GitHub, load it from \"raw.githubusercontent.com\".\n  \t\t\t\tHere's how to do that:\n  \n  \t\t\t\t1. Start with the original GitHub URL of the file. For example:\n  \t\t\t\thttps://github.com/username/repository/blob/branch/filename.\n  \t\t\t\t2. Replace \"github.com\" with \"raw.githubusercontent.com\".\n  \t\t\t\t3. Remove the \"/blob/\" part of the URL.\n  \n  \t\t\t\tThe resulting URL should look like this:\n  \t\t\t\thttps://raw.githubusercontent.com/username/repository/branch/filename\n  \n  \t\t\t\tError:\n  \t\t\t\tError: Could not download \"https://downloads.wordpress.org/plugin/index-pagination.latest-stable.zip\"\n      at Object.run (file:///home/runner/work/playground-tester/playground-tester/node_modules/@wp-playground/blueprints/index.js:12449:19)\n      at process.processTicksAndRejections (node:internal/process/task_queues:105:5)\n      at async ms (file:///home/runner/work/playground-tester/playground-tester/node_modules/@wp-playground/blueprints/index.js:12552:3)\n      at async Object.onBind (file:///home/runner/work/playground-tester/playground-tester/node_modules/@wp-playground/cli/index.js:227:48)\n      at async V (file:///home/runner/work/playground-tester/playground-tester/node_modules/@wp-playground/cli/index.js:64:10)\n      at async ja (file:///home/runner/work/playground-tester/playground-tester/node_modules/@wp-playground/cli/cli.js:8161:12) {\n    [cause]: Error: Could not download \"https://downloads.wordpress.org/plugin/index-pagination.latest-stable.zip\".\n    \t\t\t\tCheck if the URL is correct and the server is reachable.\n    \t\t\t\tIf it is reachable, the server might be blocking the request.\n    \t\t\t\tCheck the browser console and network tabs for more information.\n    \n    \t\t\t\t## Does the console show the error \"No 'Access-Control-Allow-Origin' header\"?\n    \n    \t\t\t\tThis means the server that hosts your file does not allow requests from other sites\n    \t\t\t\t(cross-origin requests, or CORS).\tYou need to move the asset to a server that allows\n    \t\t\t\tcross-origin file downloads. Learn more about CORS at\n    \t\t\t\thttps://developer.mozilla.org/en-US/docs/Web/HTTP/CORS.\n    \n    \t\t\t\tIf your file is on GitHub, load it from \"raw.githubusercontent.com\".\n    \t\t\t\tHere's how to do that:\n    \n    \t\t\t\t1. Start with the original GitHub URL of the file. For example:\n    \t\t\t\thttps://github.com/username/repository/blob/branch/filename.\n    \t\t\t\t2. Replace \"github.com\" with \"raw.githubusercontent.com\".\n    \t\t\t\t3. Remove the \"/blob/\" part of the URL.\n    \n    \t\t\t\tThe resulting URL should look like this:\n    \t\t\t\thttps://raw.githubusercontent.com/username/repository/branch/filename\n    \n    \t\t\t\tError:\n    \t\t\t\tError: Could not download \"https://downloads.wordpress.org/plugin/index-pagination.latest-stable.zip\"\n        at Ct.resolve (file:///home/runner/work/playground-tester/playground-tester/node_modules/@wp-playground/blueprints/index.js:1472:13)\n        at process.processTicksAndRejections (node:internal/process/task_queues:105:5)\n        at async _.run (file:///home/runner/work/playground-tester/playground-tester/node_modules/@php-wasm/util/index.js:45:14)\n  }\n}\n\n","log":"/logs/plugins/i/index-pagination/error.json"}
]
