file:///home/runner/work/playground-tester/playground-tester/node_modules/@wp-playground/cli/cli.js:21
`)},constants:R,phpIniEntries:{"openssl.cafile":"/internal/shared/ca-bundle.crt",allow_url_fopen:"1",disable_functions:""},hooks:{async beforeWordPressFiles(h){e.mountBeforeInstall&&u(h,e.mountBeforeInstall)}}}),d.log("Booted!");const W=await w.getPrimaryPhp();try{if(o&&!e.mountBeforeInstall&&!m.existsSync(f)&&(d.log("Caching preinstalled WordPress for the next boot..."),m.writeFileSync(f,await Z(W,"/wordpress")),d.log("Cached!")),e.mount&&u(W,e.mount),H=!0,l){const{php:h,reap:b}=await w.processManager.acquirePHPInstance();try{d.log("Running the Blueprint..."),await M(l,h),d.log("Finished running the blueprint")}finally{b()}}a==="build-snapshot"?(await i(e.outfile),d.log(`WordPress exported to ${e.outfile}`),process.exit(0)):a==="run-blueprint"?(d.log("Blueprint executed"),process.exit(0)):d.log(`WordPress is running on ${s}`)}catch(h){if(!e.debug)throw h;const b=W.readFileAsText(L);throw new Error(b,{cause:h})}},async handleRequest(r){return H?await w.request(r):U.forHttpCode(502,"WordPress is not ready yet")}})}te();
                                                                                                                                                                                                                                                                                                                                                                                                                                                                                                                                                                                                                                                                                                                                                                                                                                                                                                                                      ^

Error: [10-Apr-2025 11:24:37 UTC] PHP Fatal error:  Uncaught Error: Call to undefined function create_function() in /wordpress/wp-content/plugins/sf-simple-twitter-widget/sf-simpletwitter.php:132
Stack trace:
#0 /wordpress/wp-admin/includes/plugin.php(2387): include_once()
#1 /wordpress/wp-admin/includes/plugin.php(673): plugin_sandbox_scrape('sf-simple-twitt...')
#2 /internal/eval.php(20): activate_plugin('sf-simple-twitt...')
#3 {main}
  thrown in /wordpress/wp-content/plugins/sf-simple-twitter-widget/sf-simpletwitter.php on line 132
[10-Apr-2025 11:24:45 UTC] PHP Fatal error:  Uncaught Error: Call to undefined function create_function() in /wordpress/wp-content/plugins/sf-simple-twitter-widget/sf-simpletwitter.php:132
Stack trace:
#0 /wordpress/wp-admin/includes/plugin.php(2387): include_once()
#1 /wordpress/wp-admin/includes/plugin.php(673): plugin_sandbox_scrape('sf-simple-twitt...')
#2 /internal/eval.php(20): activate_plugin('sf-simple-twitt...')
#3 {main}
  thrown in /wordpress/wp-content/plugins/sf-simple-twitter-widget/sf-simpletwitter.php on line 132
[10-Apr-2025 11:24:52 UTC] PHP Fatal error:  Uncaught Error: Call to undefined function create_function() in /wordpress/wp-content/plugins/sf-simple-twitter-widget/sf-simpletwitter.php:132
Stack trace:
#0 /wordpress/wp-admin/includes/plugin.php(2387): include_once()
#1 /wordpress/wp-admin/includes/plugin.php(673): plugin_sandbox_scrape('sf-simple-twitt...')
#2 /internal/eval.php(20): activate_plugin('sf-simple-twitt...')
#3 {main}
  thrown in /wordpress/wp-content/plugins/sf-simple-twitter-widget/sf-simpletwitter.php on line 132
[10-Apr-2025 11:25:57 UTC] PHP Fatal error:  Uncaught Error: Class 'WpOrg\Requests\Response' not found in /wordpress/wp-includes/Requests/src/Requests.php:724
Stack trace:
#0 /wordpress/wp-includes/Requests/src/Requests.php(473): WpOrg\Requests\Requests::parse_response('', 'http://127.0.0....', Array, NULL, Array)
#1 /wordpress/wp-includes/class-wp-http.php(410): WpOrg\Requests\Requests::request('http://127.0.0....', Array, NULL, 'POST', Array)
#2 /wordpress/wp-includes/class-wp-http.php(633): WP_Http->request('http://127.0.0....', Array)
#3 /wordpress/wp-includes/http.php(196): WP_Http->post('http://127.0.0....', Array)
#4 /wordpress/wp-includes/cron.php(949): wp_remote_post('http://127.0.0....', Array)
#5 /wordpress/wp-includes/cron.php(1029): spawn_cron(1744284355.467)
#6 /wordpress/wp-includes/class-wp-hook.php(324): _wp_cron('')
#7 /wordpress/wp-includes/class-wp-hook.php(348): WP_Hook->apply_filters(NULL, Array)
#8 /wordpress/wp-includes/plugin.php(517): WP_Hook->do_action(Array)
#9 /wordpress/wp-settings.php(726): do_action('wp_loaded')
#10 /word in /wordpress/wp-includes/Requests/src/Requests.php on line 724
[10-Apr-2025 11:29:58 UTC] PHP Fatal error:  Uncaught Error: Class 'WpOrg\Requests\Response' not found in /wordpress/wp-includes/Requests/src/Requests.php:724
Stack trace:
#0 /wordpress/wp-includes/Requests/src/Requests.php(473): WpOrg\Requests\Requests::parse_response('', 'http://127.0.0....', Array, NULL, Array)
#1 /wordpress/wp-includes/class-wp-http.php(410): WpOrg\Requests\Requests::request('http://127.0.0....', Array, NULL, 'POST', Array)
#2 /wordpress/wp-includes/class-wp-http.php(633): WP_Http->request('http://127.0.0....', Array)
#3 /wordpress/wp-includes/http.php(196): WP_Http->post('http://127.0.0....', Array)
#4 /wordpress/wp-includes/cron.php(949): wp_remote_post('http://127.0.0....', Array)
#5 /wordpress/wp-includes/cron.php(1029): spawn_cron(1744284596.18)
#6 /wordpress/wp-includes/class-wp-hook.php(324): _wp_cron('')
#7 /wordpress/wp-includes/class-wp-hook.php(348): WP_Hook->apply_filters(NULL, Array)
#8 /wordpress/wp-includes/plugin.php(517): WP_Hook->do_action(Array)
#9 /wordpress/wp-settings.php(726): do_action('wp_loaded')
#10 /wordp in /wordpress/wp-includes/Requests/src/Requests.php on line 724
[10-Apr-2025 11:30:14 UTC] [Squad Modules] [WARNING]: [Missing Divi] Requirements check failed: Divi Installation. Current: Not installed. Expected: Divi theme or Divi Builder plugin must be installed.
Data: {
    "status_details": {
        "is_installed": false,
        "is_theme_installed": false,
        "is_plugin_installed": false,
        "is_fulfilled": false
    },
    "error_message": "Divi theme or Divi Builder plugin is not installed",
    "site_url": "http:\/\/127.0.0.1:9408",
    "wordpress_version": "6.7.2",
    "php_version": "7.4.31-dev",
    "server_software": "PHP.wasm",
    "required_version": "4.14.0",
    "is_multisite": "No",
    "active_theme": {
        "name": "Twenty Twenty-Five",
        "version": "1.0",
        "author": "the WordPress team"
    }
}
[10-Apr-2025 11:30:14 UTC] [Squad Modules] [ERROR]: [Missing Divi] Squad Modules requirements check failed: Divi Installation (current: Not installed, expected: Divi theme or Divi Builder plugin must be installed) in /wordpress/wp-content/plugins/squad-modules-for-divi/includes/Core/Requirements.php on line 638
Data: {
    "status_details": {
        "is_installed": false,
        "is_theme_installed": false,
        "is_plugin_installed": false,
        "is_fulfilled": false
    },
    "error_message": "Divi theme or Divi Builder plugin is not installed",
    "site_url": "http:\/\/127.0.0.1:9408",
    "wordpress_version": "6.7.2",
    "php_version": "7.4.31-dev",
    "server_software": "PHP.wasm",
    "required_version": "4.14.0",
    "is_multisite": "No",
    "active_theme": {
        "name": "Twenty Twenty-Five",
        "version": "1.0",
        "author": "the WordPress team"
    }
}
[10-Apr-2025 11:30:14 UTC] [Squad Modules] [DEBUG]: [General] Stack trace:
#0 /wordpress/wp-content/plugins/squad-modules-for-divi/includes/SquadModules.php(608): DiviSquad\Core\Requirements->log_requirement_failure()
#1 /wordpress/wp-includes/class-wp-hook.php(324): DiviSquad\SquadModules->run('')
#2 /wordpress/wp-includes/class-wp-hook.php(348): WP_Hook->apply_filters(NULL, Array)
#3 /wordpress/wp-includes/plugin.php(517): WP_Hook->do_action(Array)
#4 /wordpress/wp-settings.php(704): do_action('init')
#5 /wordpress/wp-config.php(102): require_once('/wordpress/wp-s...')
#6 /wordpress/wp-load.php(50): require_once('/wordpress/wp-c...')
#7 /internal/eval.php(3): require_once('/wordpress/wp-l...')
#8 {main}
[10-Apr-2025 11:30:34 UTC] [Squad Modules] [WARNING]: [Missing Divi] Requirements check failed: Divi Installation. Current: Not installed. Expected: Divi theme or Divi Builder plugin must be installed.
Data: {
    "status_details": {
        "is_installed": false,
        "is_theme_installed": false,
        "is_plugin_installed": false,
        "is_fulfilled": false
    },
    "error_message": "Divi theme or Divi Builder plugin is not installed",
    "site_url": "http:\/\/127.0.0.1:9408",
    "wordpress_version": "6.7.2",
    "php_version": "7.4.31-dev",
    "server_software": "PHP.wasm",
    "required_version": "4.14.0",
    "is_multisite": "No",
    "active_theme": {
        "name": "Twenty Twenty-Five",
        "version": "1.0",
        "author": "the WordPress team"
    }
}
[10-Apr-2025 11:30:34 UTC] [Squad Modules] [ERROR]: [Missing Divi] Squad Modules requirements check failed: Divi Installation (current: Not installed, expected: Divi theme or Divi Builder plugin must be installed) in /wordpress/wp-content/plugins/squad-modules-for-divi/includes/Core/Requirements.php on line 638
Data: {
    "status_details": {
        "is_installed": false,
        "is_theme_installed": false,
        "is_plugin_installed": false,
        "is_fulfilled": false
    },
    "error_message": "Divi theme or Divi Builder plugin is not installed",
    "site_url": "http:\/\/127.0.0.1:9408",
    "wordpress_version": "6.7.2",
    "php_version": "7.4.31-dev",
    "server_software": "PHP.wasm",
    "required_version": "4.14.0",
    "is_multisite": "No",
    "active_theme": {
        "name": "Twenty Twenty-Five",
        "version": "1.0",
        "author": "the WordPress team"
    }
}
[10-Apr-2025 11:30:34 UTC] [Squad Modules] [DEBUG]: [General] Stack trace:
#0 /wordpress/wp-content/plugins/squad-modules-for-divi/includes/SquadModules.php(608): DiviSquad\Core\Requirements->log_requirement_failure()
#1 /wordpress/wp-includes/class-wp-hook.php(324): DiviSquad\SquadModules->run('')
#2 /wordpress/wp-includes/class-wp-hook.php(348): WP_Hook->apply_filters(NULL, Array)
#3 /wordpress/wp-includes/plugin.php(517): WP_Hook->do_action(Array)
#4 /wordpress/wp-settings.php(704): do_action('init')
#5 /wordpress/wp-config.php(102): require_once('/wordpress/wp-s...')
#6 /wordpress/wp-load.php(50): require_once('/wordpress/wp-c...')
#7 /internal/eval.php(3): require_once('/wordpress/wp-l...')
#8 {main}

    at Object.onBind (file:///home/runner/work/playground-tester/playground-tester/node_modules/@wp-playground/cli/cli.js:21:903)
    at processTicksAndRejections (node:internal/process/task_queues:105:5)
    ... 2 lines matching cause stack trace ...
    at process.processTimers (node:internal/timers:543:7)
    at async Y (file:///home/runner/work/playground-tester/playground-tester/node_modules/@wp-playground/cli/cli.js:1:1159) {
  [cause]: Error: Error when executing the blueprint step #4 ({"step":"installPlugin","pluginData":{"resource":"wordpress.org/plugins","slug":"sales-manager-for-woocommerce"},"options":{"activate":true}}) : Plugin /wordpress/wp-content/plugins/sales-manager-for-woocommerce could not be activated – WordPress exited with no error. Sometimes, when $_SERVER or site options are not configured correctly, WordPress exits early with a 301 redirect. Inspect the "debug" logs in the console for more details.
      at Object.run (file:///home/runner/work/playground-tester/playground-tester/node_modules/@wp-playground/blueprints/index.js:12407:32)
      at processTicksAndRejections (node:internal/process/task_queues:105:5)
      ... 2 lines matching cause stack trace ...
      at process.processTimers (node:internal/timers:543:7)
      at async ns (file:///home/runner/work/playground-tester/playground-tester/node_modules/@wp-playground/blueprints/index.js:12508:3)
      at async Object.onBind (file:///home/runner/work/playground-tester/playground-tester/node_modules/@wp-playground/cli/cli.js:21:568)
      at async Y (file:///home/runner/work/playground-tester/playground-tester/node_modules/@wp-playground/cli/cli.js:1:1159) {
    [cause]: Error: Plugin /wordpress/wp-content/plugins/sales-manager-for-woocommerce could not be activated – WordPress exited with no error. Sometimes, when $_SERVER or site options are not configured correctly, WordPress exits early with a 301 redirect. Inspect the "debug" logs in the console for more details.
        at vr (file:///home/runner/work/playground-tester/playground-tester/node_modules/@wp-playground/blueprints/index.js:119:51)
        at processTicksAndRejections (node:internal/process/task_queues:105:5)
        at runNextTicks (node:internal/process/task_queues:69:3)
        at listOnTimeout (node:internal/timers:569:9)
        at process.processTimers (node:internal/timers:543:7)
        at async Object.ut [as installPlugin] (file:///home/runner/work/playground-tester/playground-tester/node_modules/@wp-playground/blueprints/index.js:1084:42)
        at async d (file:///home/runner/work/playground-tester/playground-tester/node_modules/@wp-playground/blueprints/index.js:12473:30)
        at async Object.run (file:///home/runner/work/playground-tester/playground-tester/node_modules/@wp-playground/blueprints/index.js:12404:23)
        at async ns (file:///home/runner/work/playground-tester/playground-tester/node_modules/@wp-playground/blueprints/index.js:12508:3)
        at async Object.onBind (file:///home/runner/work/playground-tester/playground-tester/node_modules/@wp-playground/cli/cli.js:21:568)
  }
}

Node.js v23.11.0
