[
  {
    "message": "file:///home/runner/work/playground-tester/playground-tester/node_modules/@wp-playground/cli/index.js:237\n        throw new Error(y, { cause: u });\n              ^\n",
    "level": "FATAL",
    "type": "PLAYGROUND",
    "test": "ast-sqlite-boot",
    "plugin": "sweebecom-the-official-wp-plugin",
    "details": "file:///home/runner/work/playground-tester/playground-tester/node_modules/@wp-playground/cli/index.js:237\n        throw new Error(y, { cause: u });\n              ^\n",
    "log": "/tmp/tmp.GtltrozlPN"
  },
  {
    "message": "Undefined array key \"DOCUMENT_ROOT\" in /wordpress/wp-content/plugins/social-facebook-all-in-one/social_facebook_all_in_one.php on line 14",
    "level": "WARNING",
    "type": "PHP",
    "test": "ast-sqlite-boot",
    "plugin": "sweebecom-the-official-wp-plugin",
    "details": "[16-Apr-2025 11:46:22 UTC] PHP Warning:  Undefined array key \"DOCUMENT_ROOT\" in /wordpress/wp-content/plugins/social-facebook-all-in-one/social_facebook_all_in_one.php on line 14",
    "log": "/logs/plugins/s/sweebecom-the-official-wp-plugin/error.json"
  },
  {
    "message": "require(/wp-load.php): Failed to open stream: No such file or directory in /wordpress/wp-content/plugins/social-facebook-all-in-one/social_facebook_all_in_one.php on line 14",
    "level": "WARNING",
    "type": "PHP",
    "test": "ast-sqlite-boot",
    "plugin": "sweebecom-the-official-wp-plugin",
    "details": "[16-Apr-2025 11:46:22 UTC] PHP Warning:  require(/wp-load.php): Failed to open stream: No such file or directory in /wordpress/wp-content/plugins/social-facebook-all-in-one/social_facebook_all_in_one.php on line 14",
    "log": "/logs/plugins/s/sweebecom-the-official-wp-plugin/error.json"
  },
  {
    "message": "Uncaught Error: Failed opening required '/wp-load.php' (include_path='.:') in /wordpress/wp-content/plugins/social-facebook-all-in-one/social_facebook_all_in_one.php:14",
    "level": "FATAL",
    "type": "PHP",
    "test": "ast-sqlite-boot",
    "plugin": "sweebecom-the-official-wp-plugin",
    "details": "[16-Apr-2025 11:46:22 UTC] PHP Fatal error:  Uncaught Error: Failed opening required '/wp-load.php' (include_path='.:') in /wordpress/wp-content/plugins/social-facebook-all-in-one/social_facebook_all_in_one.php:14\nStack trace:\n#0 /wordpress/wp-admin/includes/plugin.php(2387): include_once()\n#1 /wordpress/wp-admin/includes/plugin.php(673): plugin_sandbox_scrape('social-facebook...')\n#2 /internal/eval.php(20): activate_plugin('social-facebook...')\n#3 {main}\n  thrown in /wordpress/wp-content/plugins/social-facebook-all-in-one/social_facebook_all_in_one.php on line 14",
    "log": "/logs/plugins/s/sweebecom-the-official-wp-plugin/error.json"
  },
  {
    "message": "Undefined array key \"DOCUMENT_ROOT\" in /wordpress/wp-content/plugins/social-facebook-all-in-one/social_facebook_all_in_one.php on line 14",
    "level": "WARNING",
    "type": "PHP",
    "test": "ast-sqlite-boot",
    "plugin": "sweebecom-the-official-wp-plugin",
    "details": "[16-Apr-2025 11:46:29 UTC] PHP Warning:  Undefined array key \"DOCUMENT_ROOT\" in /wordpress/wp-content/plugins/social-facebook-all-in-one/social_facebook_all_in_one.php on line 14",
    "log": "/logs/plugins/s/sweebecom-the-official-wp-plugin/error.json"
  },
  {
    "message": "require(/wp-load.php): Failed to open stream: No such file or directory in /wordpress/wp-content/plugins/social-facebook-all-in-one/social_facebook_all_in_one.php on line 14",
    "level": "WARNING",
    "type": "PHP",
    "test": "ast-sqlite-boot",
    "plugin": "sweebecom-the-official-wp-plugin",
    "details": "[16-Apr-2025 11:46:29 UTC] PHP Warning:  require(/wp-load.php): Failed to open stream: No such file or directory in /wordpress/wp-content/plugins/social-facebook-all-in-one/social_facebook_all_in_one.php on line 14",
    "log": "/logs/plugins/s/sweebecom-the-official-wp-plugin/error.json"
  },
  {
    "message": "Uncaught Error: Failed opening required '/wp-load.php' (include_path='.:') in /wordpress/wp-content/plugins/social-facebook-all-in-one/social_facebook_all_in_one.php:14",
    "level": "FATAL",
    "type": "PHP",
    "test": "ast-sqlite-boot",
    "plugin": "sweebecom-the-official-wp-plugin",
    "details": "[16-Apr-2025 11:46:29 UTC] PHP Fatal error:  Uncaught Error: Failed opening required '/wp-load.php' (include_path='.:') in /wordpress/wp-content/plugins/social-facebook-all-in-one/social_facebook_all_in_one.php:14\nStack trace:\n#0 /wordpress/wp-admin/includes/plugin.php(2387): include_once()\n#1 /wordpress/wp-admin/includes/plugin.php(673): plugin_sandbox_scrape('social-facebook...')\n#2 /internal/eval.php(20): activate_plugin('social-facebook...')\n#3 {main}\n  thrown in /wordpress/wp-content/plugins/social-facebook-all-in-one/social_facebook_all_in_one.php on line 14",
    "log": "/logs/plugins/s/sweebecom-the-official-wp-plugin/error.json"
  },
  {
    "message": "Undefined array key \"DOCUMENT_ROOT\" in /wordpress/wp-content/plugins/social-facebook-all-in-one/social_facebook_all_in_one.php on line 14",
    "level": "WARNING",
    "type": "PHP",
    "test": "ast-sqlite-boot",
    "plugin": "sweebecom-the-official-wp-plugin",
    "details": "[16-Apr-2025 11:46:37 UTC] PHP Warning:  Undefined array key \"DOCUMENT_ROOT\" in /wordpress/wp-content/plugins/social-facebook-all-in-one/social_facebook_all_in_one.php on line 14",
    "log": "/logs/plugins/s/sweebecom-the-official-wp-plugin/error.json"
  },
  {
    "message": "require(/wp-load.php): Failed to open stream: No such file or directory in /wordpress/wp-content/plugins/social-facebook-all-in-one/social_facebook_all_in_one.php on line 14",
    "level": "WARNING",
    "type": "PHP",
    "test": "ast-sqlite-boot",
    "plugin": "sweebecom-the-official-wp-plugin",
    "details": "[16-Apr-2025 11:46:37 UTC] PHP Warning:  require(/wp-load.php): Failed to open stream: No such file or directory in /wordpress/wp-content/plugins/social-facebook-all-in-one/social_facebook_all_in_one.php on line 14",
    "log": "/logs/plugins/s/sweebecom-the-official-wp-plugin/error.json"
  },
  {
    "message": "Uncaught Error: Failed opening required '/wp-load.php' (include_path='.:') in /wordpress/wp-content/plugins/social-facebook-all-in-one/social_facebook_all_in_one.php:14",
    "level": "FATAL",
    "type": "PHP",
    "test": "ast-sqlite-boot",
    "plugin": "sweebecom-the-official-wp-plugin",
    "details": "[16-Apr-2025 11:46:37 UTC] PHP Fatal error:  Uncaught Error: Failed opening required '/wp-load.php' (include_path='.:') in /wordpress/wp-content/plugins/social-facebook-all-in-one/social_facebook_all_in_one.php:14\nStack trace:\n#0 /wordpress/wp-admin/includes/plugin.php(2387): include_once()\n#1 /wordpress/wp-admin/includes/plugin.php(673): plugin_sandbox_scrape('social-facebook...')\n#2 /internal/eval.php(20): activate_plugin('social-facebook...')\n#3 {main}\n  thrown in /wordpress/wp-content/plugins/social-facebook-all-in-one/social_facebook_all_in_one.php on line 14",
    "log": "/logs/plugins/s/sweebecom-the-official-wp-plugin/error.json"
  },
  {
    "message": "Function register_uninstall_hook was called <strong>incorrectly</strong>. Only a static class method or function can be used in an uninstall hook. Please see <a href=\"https://developer.wordpress.org/advanced-administration/debug/debug-wordpress/\">Debugging in WordPress</a> for more information. (This message was added in version 3.1.0.) in /wordpress/wp-includes/functions.php on line 6121",
    "level": "NOTICE",
    "type": "PHP",
    "test": "ast-sqlite-boot",
    "plugin": "sweebecom-the-official-wp-plugin",
    "details": "[16-Apr-2025 11:49:21 UTC] PHP Notice:  Function register_uninstall_hook was called <strong>incorrectly</strong>. Only a static class method or function can be used in an uninstall hook. Please see <a href=\"https://developer.wordpress.org/advanced-administration/debug/debug-wordpress/\">Debugging in WordPress</a> for more information. (This message was added in version 3.1.0.) in /wordpress/wp-includes/functions.php on line 6121",
    "log": "/logs/plugins/s/sweebecom-the-official-wp-plugin/error.json"
  },
  {
    "message": "Function register_uninstall_hook was called <strong>incorrectly</strong>. Only a static class method or function can be used in an uninstall hook. Please see <a href=\"https://developer.wordpress.org/advanced-administration/debug/debug-wordpress/\">Debugging in WordPress</a> for more information. (This message was added in version 3.1.0.) in /wordpress/wp-includes/functions.php on line 6121",
    "level": "NOTICE",
    "type": "PHP",
    "test": "ast-sqlite-boot",
    "plugin": "sweebecom-the-official-wp-plugin",
    "details": "[16-Apr-2025 11:49:22 UTC] PHP Notice:  Function register_uninstall_hook was called <strong>incorrectly</strong>. Only a static class method or function can be used in an uninstall hook. Please see <a href=\"https://developer.wordpress.org/advanced-administration/debug/debug-wordpress/\">Debugging in WordPress</a> for more information. (This message was added in version 3.1.0.) in /wordpress/wp-includes/functions.php on line 6121",
    "log": "/logs/plugins/s/sweebecom-the-official-wp-plugin/error.json"
  },
  {
    "message": "Function register_uninstall_hook was called <strong>incorrectly</strong>. Only a static class method or function can be used in an uninstall hook. Please see <a href=\"https://developer.wordpress.org/advanced-administration/debug/debug-wordpress/\">Debugging in WordPress</a> for more information. (This message was added in version 3.1.0.) in /wordpress/wp-includes/functions.php on line 6121",
    "level": "NOTICE",
    "type": "PHP",
    "test": "ast-sqlite-boot",
    "plugin": "sweebecom-the-official-wp-plugin",
    "details": "[16-Apr-2025 11:49:30 UTC] PHP Notice:  Function register_uninstall_hook was called <strong>incorrectly</strong>. Only a static class method or function can be used in an uninstall hook. Please see <a href=\"https://developer.wordpress.org/advanced-administration/debug/debug-wordpress/\">Debugging in WordPress</a> for more information. (This message was added in version 3.1.0.) in /wordpress/wp-includes/functions.php on line 6121",
    "log": "/logs/plugins/s/sweebecom-the-official-wp-plugin/error.json"
  },
  {
    "message": "Function register_uninstall_hook was called <strong>incorrectly</strong>. Only a static class method or function can be used in an uninstall hook. Please see <a href=\"https://developer.wordpress.org/advanced-administration/debug/debug-wordpress/\">Debugging in WordPress</a> for more information. (This message was added in version 3.1.0.) in /wordpress/wp-includes/functions.php on line 6121",
    "level": "NOTICE",
    "type": "PHP",
    "test": "ast-sqlite-boot",
    "plugin": "sweebecom-the-official-wp-plugin",
    "details": "[16-Apr-2025 11:49:31 UTC] PHP Notice:  Function register_uninstall_hook was called <strong>incorrectly</strong>. Only a static class method or function can be used in an uninstall hook. Please see <a href=\"https://developer.wordpress.org/advanced-administration/debug/debug-wordpress/\">Debugging in WordPress</a> for more information. (This message was added in version 3.1.0.) in /wordpress/wp-includes/functions.php on line 6121",
    "log": "/logs/plugins/s/sweebecom-the-official-wp-plugin/error.json"
  },
  {
    "message": "Function register_uninstall_hook was called <strong>incorrectly</strong>. Only a static class method or function can be used in an uninstall hook. Please see <a href=\"https://developer.wordpress.org/advanced-administration/debug/debug-wordpress/\">Debugging in WordPress</a> for more information. (This message was added in version 3.1.0.) in /wordpress/wp-includes/functions.php on line 6121",
    "level": "NOTICE",
    "type": "PHP",
    "test": "ast-sqlite-boot",
    "plugin": "sweebecom-the-official-wp-plugin",
    "details": "[16-Apr-2025 11:49:39 UTC] PHP Notice:  Function register_uninstall_hook was called <strong>incorrectly</strong>. Only a static class method or function can be used in an uninstall hook. Please see <a href=\"https://developer.wordpress.org/advanced-administration/debug/debug-wordpress/\">Debugging in WordPress</a> for more information. (This message was added in version 3.1.0.) in /wordpress/wp-includes/functions.php on line 6121",
    "log": "/logs/plugins/s/sweebecom-the-official-wp-plugin/error.json"
  },
  {
    "message": "Function register_uninstall_hook was called <strong>incorrectly</strong>. Only a static class method or function can be used in an uninstall hook. Please see <a href=\"https://developer.wordpress.org/advanced-administration/debug/debug-wordpress/\">Debugging in WordPress</a> for more information. (This message was added in version 3.1.0.) in /wordpress/wp-includes/functions.php on line 6121",
    "level": "NOTICE",
    "type": "PHP",
    "test": "ast-sqlite-boot",
    "plugin": "sweebecom-the-official-wp-plugin",
    "details": "[16-Apr-2025 11:49:40 UTC] PHP Notice:  Function register_uninstall_hook was called <strong>incorrectly</strong>. Only a static class method or function can be used in an uninstall hook. Please see <a href=\"https://developer.wordpress.org/advanced-administration/debug/debug-wordpress/\">Debugging in WordPress</a> for more information. (This message was added in version 3.1.0.) in /wordpress/wp-includes/functions.php on line 6121",
    "log": "/logs/plugins/s/sweebecom-the-official-wp-plugin/error.json"
  },
  {
    "message": "Undefined array key \"REMOTE_ADDR\" in /wordpress/wp-content/plugins/simple-ajax-chat/simple-ajax-chat.php on line 691",
    "level": "WARNING",
    "type": "PHP",
    "test": "ast-sqlite-boot",
    "plugin": "sweebecom-the-official-wp-plugin",
    "details": "[16-Apr-2025 11:50:09 UTC] PHP Warning:  Undefined array key \"REMOTE_ADDR\" in /wordpress/wp-content/plugins/simple-ajax-chat/simple-ajax-chat.php on line 691",
    "log": "/logs/plugins/s/sweebecom-the-official-wp-plugin/error.json"
  },
  {
    "message": "Undefined array key \"REMOTE_ADDR\" in /wordpress/wp-content/plugins/simple-ajax-chat/simple-ajax-chat.php on line 691",
    "level": "WARNING",
    "type": "PHP",
    "test": "ast-sqlite-boot",
    "plugin": "sweebecom-the-official-wp-plugin",
    "details": "[16-Apr-2025 11:50:18 UTC] PHP Warning:  Undefined array key \"REMOTE_ADDR\" in /wordpress/wp-content/plugins/simple-ajax-chat/simple-ajax-chat.php on line 691",
    "log": "/logs/plugins/s/sweebecom-the-official-wp-plugin/error.json"
  },
  {
    "message": "Undefined array key \"REMOTE_ADDR\" in /wordpress/wp-content/plugins/simple-ajax-chat/simple-ajax-chat.php on line 691",
    "level": "WARNING",
    "type": "PHP",
    "test": "ast-sqlite-boot",
    "plugin": "sweebecom-the-official-wp-plugin",
    "details": "[16-Apr-2025 11:50:28 UTC] PHP Warning:  Undefined array key \"REMOTE_ADDR\" in /wordpress/wp-content/plugins/simple-ajax-chat/simple-ajax-chat.php on line 691",
    "log": "/logs/plugins/s/sweebecom-the-official-wp-plugin/error.json"
  },
  {
    "message": "Undefined array key \"action\" in /wordpress/wp-content/plugins/simple-facebook-comments-for-wordpress/SFCController.php on line 18",
    "level": "WARNING",
    "type": "PHP",
    "test": "ast-sqlite-boot",
    "plugin": "sweebecom-the-official-wp-plugin",
    "details": "[16-Apr-2025 11:51:05 UTC] PHP Warning:  Undefined array key \"action\" in /wordpress/wp-content/plugins/simple-facebook-comments-for-wordpress/SFCController.php on line 18",
    "log": "/logs/plugins/s/sweebecom-the-official-wp-plugin/error.json"
  },
  {
    "message": "Uncaught PDOException: SQLSTATE[HY000] [2002] Address family not supported by protocol in /wordpress/wp-content/plugins/simple-facebook-comments-for-wordpress/Model/PdoSingleton.php:10",
    "level": "FATAL",
    "type": "PHP",
    "test": "ast-sqlite-boot",
    "plugin": "sweebecom-the-official-wp-plugin",
    "details": "[16-Apr-2025 11:51:05 UTC] PHP Fatal error:  Uncaught PDOException: SQLSTATE[HY000] [2002] Address family not supported by protocol in /wordpress/wp-content/plugins/simple-facebook-comments-for-wordpress/Model/PdoSingleton.php:10\nStack trace:\n#0 /wordpress/wp-content/plugins/simple-facebook-comments-for-wordpress/Model/PdoSingleton.php(10): PDO->__construct('mysql:dbname=da...', 'username_here', 'password_here')\n#1 /wordpress/wp-content/plugins/simple-facebook-comments-for-wordpress/Model/PdoSingleton.php(18): PdoSingleton->__construct('database_name_h...', 'localhost', 'username_here', 'password_here')\n#2 /wordpress/wp-content/plugins/simple-facebook-comments-for-wordpress/SFCController.php(25): PdoSingleton::initialize('database_name_h...', 'localhost', 'username_here', 'password_here')\n#3 /wordpress/wp-admin/includes/plugin.php(2387): include_once('/wordpress/wp-c...')\n#4 /wordpress/wp-admin/includes/plugin.php(673): plugin_sandbox_scrape('simple-facebook...')\n#5 /internal/eval.php(20): activate_plugin('simple-facebook...')\n#6 {main}\n  thrown in /wordpress/wp-content/plugins/simple-facebook-comments-for-wordpress/Model/PdoSingleton.php on line 10",
    "log": "/logs/plugins/s/sweebecom-the-official-wp-plugin/error.json"
  },
  {
    "message": "Undefined array key \"action\" in /wordpress/wp-content/plugins/simple-facebook-comments-for-wordpress/SFCController.php on line 18",
    "level": "WARNING",
    "type": "PHP",
    "test": "ast-sqlite-boot",
    "plugin": "sweebecom-the-official-wp-plugin",
    "details": "[16-Apr-2025 11:51:12 UTC] PHP Warning:  Undefined array key \"action\" in /wordpress/wp-content/plugins/simple-facebook-comments-for-wordpress/SFCController.php on line 18",
    "log": "/logs/plugins/s/sweebecom-the-official-wp-plugin/error.json"
  },
  {
    "message": "Uncaught PDOException: SQLSTATE[HY000] [2002] Address family not supported by protocol in /wordpress/wp-content/plugins/simple-facebook-comments-for-wordpress/Model/PdoSingleton.php:10",
    "level": "FATAL",
    "type": "PHP",
    "test": "ast-sqlite-boot",
    "plugin": "sweebecom-the-official-wp-plugin",
    "details": "[16-Apr-2025 11:51:12 UTC] PHP Fatal error:  Uncaught PDOException: SQLSTATE[HY000] [2002] Address family not supported by protocol in /wordpress/wp-content/plugins/simple-facebook-comments-for-wordpress/Model/PdoSingleton.php:10\nStack trace:\n#0 /wordpress/wp-content/plugins/simple-facebook-comments-for-wordpress/Model/PdoSingleton.php(10): PDO->__construct('mysql:dbname=da...', 'username_here', 'password_here')\n#1 /wordpress/wp-content/plugins/simple-facebook-comments-for-wordpress/Model/PdoSingleton.php(18): PdoSingleton->__construct('database_name_h...', 'localhost', 'username_here', 'password_here')\n#2 /wordpress/wp-content/plugins/simple-facebook-comments-for-wordpress/SFCController.php(25): PdoSingleton::initialize('database_name_h...', 'localhost', 'username_here', 'password_here')\n#3 /wordpress/wp-admin/includes/plugin.php(2387): include_once('/wordpress/wp-c...')\n#4 /wordpress/wp-admin/includes/plugin.php(673): plugin_sandbox_scrape('simple-facebook...')\n#5 /internal/eval.php(20): activate_plugin('simple-facebook...')\n#6 {main}\n  thrown in /wordpress/wp-content/plugins/simple-facebook-comments-for-wordpress/Model/PdoSingleton.php on line 10",
    "log": "/logs/plugins/s/sweebecom-the-official-wp-plugin/error.json"
  },
  {
    "message": "Undefined array key \"action\" in /wordpress/wp-content/plugins/simple-facebook-comments-for-wordpress/SFCController.php on line 18",
    "level": "WARNING",
    "type": "PHP",
    "test": "ast-sqlite-boot",
    "plugin": "sweebecom-the-official-wp-plugin",
    "details": "[16-Apr-2025 11:51:19 UTC] PHP Warning:  Undefined array key \"action\" in /wordpress/wp-content/plugins/simple-facebook-comments-for-wordpress/SFCController.php on line 18",
    "log": "/logs/plugins/s/sweebecom-the-official-wp-plugin/error.json"
  },
  {
    "message": "Uncaught PDOException: SQLSTATE[HY000] [2002] Address family not supported by protocol in /wordpress/wp-content/plugins/simple-facebook-comments-for-wordpress/Model/PdoSingleton.php:10",
    "level": "FATAL",
    "type": "PHP",
    "test": "ast-sqlite-boot",
    "plugin": "sweebecom-the-official-wp-plugin",
    "details": "[16-Apr-2025 11:51:19 UTC] PHP Fatal error:  Uncaught PDOException: SQLSTATE[HY000] [2002] Address family not supported by protocol in /wordpress/wp-content/plugins/simple-facebook-comments-for-wordpress/Model/PdoSingleton.php:10\nStack trace:\n#0 /wordpress/wp-content/plugins/simple-facebook-comments-for-wordpress/Model/PdoSingleton.php(10): PDO->__construct('mysql:dbname=da...', 'username_here', 'password_here')\n#1 /wordpress/wp-content/plugins/simple-facebook-comments-for-wordpress/Model/PdoSingleton.php(18): PdoSingleton->__construct('database_name_h...', 'localhost', 'username_here', 'password_here')\n#2 /wordpress/wp-content/plugins/simple-facebook-comments-for-wordpress/SFCController.php(25): PdoSingleton::initialize('database_name_h...', 'localhost', 'username_here', 'password_here')\n#3 /wordpress/wp-admin/includes/plugin.php(2387): include_once('/wordpress/wp-c...')\n#4 /wordpress/wp-admin/includes/plugin.php(673): plugin_sandbox_scrape('simple-facebook...')\n#5 /internal/eval.php(20): activate_plugin('simple-facebook...')\n#6 {main}\n  thrown in /wordpress/wp-content/plugins/simple-facebook-comments-for-wordpress/Model/PdoSingleton.php on line 10",
    "log": "/logs/plugins/s/sweebecom-the-official-wp-plugin/error.json"
  },
  {
    "message": "Function _load_textdomain_just_in_time was called <strong>incorrectly</strong>. Translation loading for the <code>solo-blocks</code> domain was triggered too early. This is usually an indicator for some code in the plugin or theme running too early. Translations should be loaded at the <code>init</code> action or later. Please see <a href=\"https://developer.wordpress.org/advanced-administration/debug/debug-wordpress/\">Debugging in WordPress</a> for more information. (This message was added in version 6.7.0.) in /wordpress/wp-includes/functions.php on line 6121",
    "level": "NOTICE",
    "type": "PHP",
    "test": "ast-sqlite-boot",
    "plugin": "sweebecom-the-official-wp-plugin",
    "details": "[16-Apr-2025 11:51:30 UTC] PHP Notice:  Function _load_textdomain_just_in_time was called <strong>incorrectly</strong>. Translation loading for the <code>solo-blocks</code> domain was triggered too early. This is usually an indicator for some code in the plugin or theme running too early. Translations should be loaded at the <code>init</code> action or later. Please see <a href=\"https://developer.wordpress.org/advanced-administration/debug/debug-wordpress/\">Debugging in WordPress</a> for more information. (This message was added in version 6.7.0.) in /wordpress/wp-includes/functions.php on line 6121",
    "log": "/logs/plugins/s/sweebecom-the-official-wp-plugin/error.json"
  },
  {
    "message": "Function _load_textdomain_just_in_time was called <strong>incorrectly</strong>. Translation loading for the <code>solo-blocks</code> domain was triggered too early. This is usually an indicator for some code in the plugin or theme running too early. Translations should be loaded at the <code>init</code> action or later. Please see <a href=\"https://developer.wordpress.org/advanced-administration/debug/debug-wordpress/\">Debugging in WordPress</a> for more information. (This message was added in version 6.7.0.) in /wordpress/wp-includes/functions.php on line 6121",
    "level": "NOTICE",
    "type": "PHP",
    "test": "ast-sqlite-boot",
    "plugin": "sweebecom-the-official-wp-plugin",
    "details": "[16-Apr-2025 11:51:40 UTC] PHP Notice:  Function _load_textdomain_just_in_time was called <strong>incorrectly</strong>. Translation loading for the <code>solo-blocks</code> domain was triggered too early. This is usually an indicator for some code in the plugin or theme running too early. Translations should be loaded at the <code>init</code> action or later. Please see <a href=\"https://developer.wordpress.org/advanced-administration/debug/debug-wordpress/\">Debugging in WordPress</a> for more information. (This message was added in version 6.7.0.) in /wordpress/wp-includes/functions.php on line 6121",
    "log": "/logs/plugins/s/sweebecom-the-official-wp-plugin/error.json"
  },
  {
    "message": "Function _load_textdomain_just_in_time was called <strong>incorrectly</strong>. Translation loading for the <code>solo-blocks</code> domain was triggered too early. This is usually an indicator for some code in the plugin or theme running too early. Translations should be loaded at the <code>init</code> action or later. Please see <a href=\"https://developer.wordpress.org/advanced-administration/debug/debug-wordpress/\">Debugging in WordPress</a> for more information. (This message was added in version 6.7.0.) in /wordpress/wp-includes/functions.php on line 6121",
    "level": "NOTICE",
    "type": "PHP",
    "test": "ast-sqlite-boot",
    "plugin": "sweebecom-the-official-wp-plugin",
    "details": "[16-Apr-2025 11:51:50 UTC] PHP Notice:  Function _load_textdomain_just_in_time was called <strong>incorrectly</strong>. Translation loading for the <code>solo-blocks</code> domain was triggered too early. This is usually an indicator for some code in the plugin or theme running too early. Translations should be loaded at the <code>init</code> action or later. Please see <a href=\"https://developer.wordpress.org/advanced-administration/debug/debug-wordpress/\">Debugging in WordPress</a> for more information. (This message was added in version 6.7.0.) in /wordpress/wp-includes/functions.php on line 6121",
    "log": "/logs/plugins/s/sweebecom-the-official-wp-plugin/error.json"
  },
  {
    "message": "Undefined array key 0 in /wordpress/wp-includes/plugin.php on line 1001",
    "level": "WARNING",
    "type": "PHP",
    "test": "ast-sqlite-boot",
    "plugin": "sweebecom-the-official-wp-plugin",
    "details": "[16-Apr-2025 11:52:01 UTC] PHP Warning:  Undefined array key 0 in /wordpress/wp-includes/plugin.php on line 1001",
    "log": "/logs/plugins/s/sweebecom-the-official-wp-plugin/error.json"
  },
  {
    "message": "Undefined array key 0 in /wordpress/wp-includes/plugin.php on line 1004",
    "level": "WARNING",
    "type": "PHP",
    "test": "ast-sqlite-boot",
    "plugin": "sweebecom-the-official-wp-plugin",
    "details": "[16-Apr-2025 11:52:01 UTC] PHP Warning:  Undefined array key 0 in /wordpress/wp-includes/plugin.php on line 1004",
    "log": "/logs/plugins/s/sweebecom-the-official-wp-plugin/error.json"
  },
  {
    "message": "Undefined array key 0 in /wordpress/wp-includes/plugin.php on line 1001",
    "level": "WARNING",
    "type": "PHP",
    "test": "ast-sqlite-boot",
    "plugin": "sweebecom-the-official-wp-plugin",
    "details": "[16-Apr-2025 11:52:01 UTC] PHP Warning:  Undefined array key 0 in /wordpress/wp-includes/plugin.php on line 1001",
    "log": "/logs/plugins/s/sweebecom-the-official-wp-plugin/error.json"
  },
  {
    "message": "Undefined array key 0 in /wordpress/wp-includes/plugin.php on line 1004",
    "level": "WARNING",
    "type": "PHP",
    "test": "ast-sqlite-boot",
    "plugin": "sweebecom-the-official-wp-plugin",
    "details": "[16-Apr-2025 11:52:01 UTC] PHP Warning:  Undefined array key 0 in /wordpress/wp-includes/plugin.php on line 1004",
    "log": "/logs/plugins/s/sweebecom-the-official-wp-plugin/error.json"
  },
  {
    "message": "Undefined array key 0 in /wordpress/wp-includes/plugin.php on line 1001",
    "level": "WARNING",
    "type": "PHP",
    "test": "ast-sqlite-boot",
    "plugin": "sweebecom-the-official-wp-plugin",
    "details": "[16-Apr-2025 11:52:08 UTC] PHP Warning:  Undefined array key 0 in /wordpress/wp-includes/plugin.php on line 1001",
    "log": "/logs/plugins/s/sweebecom-the-official-wp-plugin/error.json"
  },
  {
    "message": "Undefined array key 0 in /wordpress/wp-includes/plugin.php on line 1004",
    "level": "WARNING",
    "type": "PHP",
    "test": "ast-sqlite-boot",
    "plugin": "sweebecom-the-official-wp-plugin",
    "details": "[16-Apr-2025 11:52:08 UTC] PHP Warning:  Undefined array key 0 in /wordpress/wp-includes/plugin.php on line 1004",
    "log": "/logs/plugins/s/sweebecom-the-official-wp-plugin/error.json"
  },
  {
    "message": "Undefined array key 0 in /wordpress/wp-includes/plugin.php on line 1001",
    "level": "WARNING",
    "type": "PHP",
    "test": "ast-sqlite-boot",
    "plugin": "sweebecom-the-official-wp-plugin",
    "details": "[16-Apr-2025 11:52:08 UTC] PHP Warning:  Undefined array key 0 in /wordpress/wp-includes/plugin.php on line 1001",
    "log": "/logs/plugins/s/sweebecom-the-official-wp-plugin/error.json"
  },
  {
    "message": "Undefined array key 0 in /wordpress/wp-includes/plugin.php on line 1004",
    "level": "WARNING",
    "type": "PHP",
    "test": "ast-sqlite-boot",
    "plugin": "sweebecom-the-official-wp-plugin",
    "details": "[16-Apr-2025 11:52:08 UTC] PHP Warning:  Undefined array key 0 in /wordpress/wp-includes/plugin.php on line 1004",
    "log": "/logs/plugins/s/sweebecom-the-official-wp-plugin/error.json"
  },
  {
    "message": "Undefined array key 0 in /wordpress/wp-includes/plugin.php on line 1001",
    "level": "WARNING",
    "type": "PHP",
    "test": "ast-sqlite-boot",
    "plugin": "sweebecom-the-official-wp-plugin",
    "details": "[16-Apr-2025 11:52:18 UTC] PHP Warning:  Undefined array key 0 in /wordpress/wp-includes/plugin.php on line 1001",
    "log": "/logs/plugins/s/sweebecom-the-official-wp-plugin/error.json"
  },
  {
    "message": "Undefined array key 0 in /wordpress/wp-includes/plugin.php on line 1004",
    "level": "WARNING",
    "type": "PHP",
    "test": "ast-sqlite-boot",
    "plugin": "sweebecom-the-official-wp-plugin",
    "details": "[16-Apr-2025 11:52:18 UTC] PHP Warning:  Undefined array key 0 in /wordpress/wp-includes/plugin.php on line 1004",
    "log": "/logs/plugins/s/sweebecom-the-official-wp-plugin/error.json"
  },
  {
    "message": "Undefined array key 0 in /wordpress/wp-includes/plugin.php on line 1001",
    "level": "WARNING",
    "type": "PHP",
    "test": "ast-sqlite-boot",
    "plugin": "sweebecom-the-official-wp-plugin",
    "details": "[16-Apr-2025 11:52:18 UTC] PHP Warning:  Undefined array key 0 in /wordpress/wp-includes/plugin.php on line 1001",
    "log": "/logs/plugins/s/sweebecom-the-official-wp-plugin/error.json"
  },
  {
    "message": "Undefined array key 0 in /wordpress/wp-includes/plugin.php on line 1004",
    "level": "WARNING",
    "type": "PHP",
    "test": "ast-sqlite-boot",
    "plugin": "sweebecom-the-official-wp-plugin",
    "details": "[16-Apr-2025 11:52:18 UTC] PHP Warning:  Undefined array key 0 in /wordpress/wp-includes/plugin.php on line 1004",
    "log": "/logs/plugins/s/sweebecom-the-official-wp-plugin/error.json"
  },
  {
    "message": "Function _load_textdomain_just_in_time was called <strong>incorrectly</strong>. Translation loading for the <code>sticky-list</code> domain was triggered too early. This is usually an indicator for some code in the plugin or theme running too early. Translations should be loaded at the <code>init</code> action or later. Please see <a href=\"https://developer.wordpress.org/advanced-administration/debug/debug-wordpress/\">Debugging in WordPress</a> for more information. (This message was added in version 6.7.0.) in /wordpress/wp-includes/functions.php on line 6121",
    "level": "NOTICE",
    "type": "PHP",
    "test": "ast-sqlite-boot",
    "plugin": "sweebecom-the-official-wp-plugin",
    "details": "[16-Apr-2025 11:52:30 UTC] PHP Notice:  Function _load_textdomain_just_in_time was called <strong>incorrectly</strong>. Translation loading for the <code>sticky-list</code> domain was triggered too early. This is usually an indicator for some code in the plugin or theme running too early. Translations should be loaded at the <code>init</code> action or later. Please see <a href=\"https://developer.wordpress.org/advanced-administration/debug/debug-wordpress/\">Debugging in WordPress</a> for more information. (This message was added in version 6.7.0.) in /wordpress/wp-includes/functions.php on line 6121",
    "log": "/logs/plugins/s/sweebecom-the-official-wp-plugin/error.json"
  },
  {
    "message": "Function _load_textdomain_just_in_time was called <strong>incorrectly</strong>. Translation loading for the <code>sticky-list</code> domain was triggered too early. This is usually an indicator for some code in the plugin or theme running too early. Translations should be loaded at the <code>init</code> action or later. Please see <a href=\"https://developer.wordpress.org/advanced-administration/debug/debug-wordpress/\">Debugging in WordPress</a> for more information. (This message was added in version 6.7.0.) in /wordpress/wp-includes/functions.php on line 6121",
    "level": "NOTICE",
    "type": "PHP",
    "test": "ast-sqlite-boot",
    "plugin": "sweebecom-the-official-wp-plugin",
    "details": "[16-Apr-2025 11:52:41 UTC] PHP Notice:  Function _load_textdomain_just_in_time was called <strong>incorrectly</strong>. Translation loading for the <code>sticky-list</code> domain was triggered too early. This is usually an indicator for some code in the plugin or theme running too early. Translations should be loaded at the <code>init</code> action or later. Please see <a href=\"https://developer.wordpress.org/advanced-administration/debug/debug-wordpress/\">Debugging in WordPress</a> for more information. (This message was added in version 6.7.0.) in /wordpress/wp-includes/functions.php on line 6121",
    "log": "/logs/plugins/s/sweebecom-the-official-wp-plugin/error.json"
  },
  {
    "message": "Function _load_textdomain_just_in_time was called <strong>incorrectly</strong>. Translation loading for the <code>sticky-list</code> domain was triggered too early. This is usually an indicator for some code in the plugin or theme running too early. Translations should be loaded at the <code>init</code> action or later. Please see <a href=\"https://developer.wordpress.org/advanced-administration/debug/debug-wordpress/\">Debugging in WordPress</a> for more information. (This message was added in version 6.7.0.) in /wordpress/wp-includes/functions.php on line 6121",
    "level": "NOTICE",
    "type": "PHP",
    "test": "ast-sqlite-boot",
    "plugin": "sweebecom-the-official-wp-plugin",
    "details": "[16-Apr-2025 11:52:52 UTC] PHP Notice:  Function _load_textdomain_just_in_time was called <strong>incorrectly</strong>. Translation loading for the <code>sticky-list</code> domain was triggered too early. This is usually an indicator for some code in the plugin or theme running too early. Translations should be loaded at the <code>init</code> action or later. Please see <a href=\"https://developer.wordpress.org/advanced-administration/debug/debug-wordpress/\">Debugging in WordPress</a> for more information. (This message was added in version 6.7.0.) in /wordpress/wp-includes/functions.php on line 6121\n\n    at Object.onBind (file:///home/runner/work/playground-tester/playground-tester/node_modules/@wp-playground/cli/index.js:237:15)\n    at process.processTicksAndRejections (node:internal/process/task_queues:105:5)\n    at async V (file:///home/runner/work/playground-tester/playground-tester/node_modules/@wp-playground/cli/index.js:64:10)\n    at async ja (file:///home/runner/work/playground-tester/playground-tester/node_modules/@wp-playground/cli/cli.js:8161:12) {\n  [cause]: Error: Error when executing the blueprint step #5 ({\"step\":\"installPlugin\",\"pluginData\":{\"resource\":\"wordpress.org/plugins\",\"slug\":\"sweebecom-the-official-wp-plugin\"},\"options\":{\"activate\":true}}) : Could not download \"https://downloads.wordpress.org/plugin/sweebecom-the-official-wp-plugin.latest-stable.zip\".\n  \t\t\t\tCheck if the URL is correct and the server is reachable.\n  \t\t\t\tIf it is reachable, the server might be blocking the request.\n  \t\t\t\tCheck the browser console and network tabs for more information.\n  \n  \t\t\t\t## Does the console show the error \"No 'Access-Control-Allow-Origin' header\"?\n  \n  \t\t\t\tThis means the server that hosts your file does not allow requests from other sites\n  \t\t\t\t(cross-origin requests, or CORS).\tYou need to move the asset to a server that allows\n  \t\t\t\tcross-origin file downloads. Learn more about CORS at\n  \t\t\t\thttps://developer.mozilla.org/en-US/docs/Web/HTTP/CORS.\n  \n  \t\t\t\tIf your file is on GitHub, load it from \"raw.githubusercontent.com\".\n  \t\t\t\tHere's how to do that:\n  \n  \t\t\t\t1. Start with the original GitHub URL of the file. For example:\n  \t\t\t\thttps://github.com/username/repository/blob/branch/filename.\n  \t\t\t\t2. Replace \"github.com\" with \"raw.githubusercontent.com\".\n  \t\t\t\t3. Remove the \"/blob/\" part of the URL.\n  \n  \t\t\t\tThe resulting URL should look like this:\n  \t\t\t\thttps://raw.githubusercontent.com/username/repository/branch/filename\n  \n  \t\t\t\tError:\n  \t\t\t\tError: Could not download \"https://downloads.wordpress.org/plugin/sweebecom-the-official-wp-plugin.latest-stable.zip\"\n      at Object.run (file:///home/runner/work/playground-tester/playground-tester/node_modules/@wp-playground/blueprints/index.js:12449:19)\n      at process.processTicksAndRejections (node:internal/process/task_queues:105:5)\n      at async ms (file:///home/runner/work/playground-tester/playground-tester/node_modules/@wp-playground/blueprints/index.js:12552:3)\n      at async Object.onBind (file:///home/runner/work/playground-tester/playground-tester/node_modules/@wp-playground/cli/index.js:227:48)\n      at async V (file:///home/runner/work/playground-tester/playground-tester/node_modules/@wp-playground/cli/index.js:64:10)\n      at async ja (file:///home/runner/work/playground-tester/playground-tester/node_modules/@wp-playground/cli/cli.js:8161:12) {\n    [cause]: Error: Could not download \"https://downloads.wordpress.org/plugin/sweebecom-the-official-wp-plugin.latest-stable.zip\".\n    \t\t\t\tCheck if the URL is correct and the server is reachable.\n    \t\t\t\tIf it is reachable, the server might be blocking the request.\n    \t\t\t\tCheck the browser console and network tabs for more information.\n    \n    \t\t\t\t## Does the console show the error \"No 'Access-Control-Allow-Origin' header\"?\n    \n    \t\t\t\tThis means the server that hosts your file does not allow requests from other sites\n    \t\t\t\t(cross-origin requests, or CORS).\tYou need to move the asset to a server that allows\n    \t\t\t\tcross-origin file downloads. Learn more about CORS at\n    \t\t\t\thttps://developer.mozilla.org/en-US/docs/Web/HTTP/CORS.\n    \n    \t\t\t\tIf your file is on GitHub, load it from \"raw.githubusercontent.com\".\n    \t\t\t\tHere's how to do that:\n    \n    \t\t\t\t1. Start with the original GitHub URL of the file. For example:\n    \t\t\t\thttps://github.com/username/repository/blob/branch/filename.\n    \t\t\t\t2. Replace \"github.com\" with \"raw.githubusercontent.com\".\n    \t\t\t\t3. Remove the \"/blob/\" part of the URL.\n    \n    \t\t\t\tThe resulting URL should look like this:\n    \t\t\t\thttps://raw.githubusercontent.com/username/repository/branch/filename\n    \n    \t\t\t\tError:\n    \t\t\t\tError: Could not download \"https://downloads.wordpress.org/plugin/sweebecom-the-official-wp-plugin.latest-stable.zip\"\n        at Ct.resolve (file:///home/runner/work/playground-tester/playground-tester/node_modules/@wp-playground/blueprints/index.js:1472:13)\n        at process.processTicksAndRejections (node:internal/process/task_queues:105:5)\n        at async _.run (file:///home/runner/work/playground-tester/playground-tester/node_modules/@php-wasm/util/index.js:45:14)\n  }\n}\n\n",
    "log": "/logs/plugins/s/sweebecom-the-official-wp-plugin/error.json"
  },
  {
    "message": "file:///home/runner/work/playground-tester/playground-tester/node_modules/@wp-playground/cli/index.js:237\n        throw new Error(y, { cause: u });\n              ^\n",
    "level": "FATAL",
    "type": "PLAYGROUND",
    "test": "asyncify-boot",
    "plugin": "sweebecom-the-official-wp-plugin",
    "details": "file:///home/runner/work/playground-tester/playground-tester/node_modules/@wp-playground/cli/index.js:237\n        throw new Error(y, { cause: u });\n              ^\n",
    "log": "/tmp/tmp.gnumWQZzGl"
  },
  {
    "message": "Undefined array key \"DOCUMENT_ROOT\" in /wordpress/wp-content/plugins/social-facebook-all-in-one/social_facebook_all_in_one.php on line 14",
    "level": "WARNING",
    "type": "PHP",
    "test": "asyncify-boot",
    "plugin": "sweebecom-the-official-wp-plugin",
    "details": "[16-Apr-2025 11:46:22 UTC] PHP Warning:  Undefined array key \"DOCUMENT_ROOT\" in /wordpress/wp-content/plugins/social-facebook-all-in-one/social_facebook_all_in_one.php on line 14",
    "log": "/logs/plugins/s/sweebecom-the-official-wp-plugin/error.json"
  },
  {
    "message": "require(/wp-load.php): Failed to open stream: No such file or directory in /wordpress/wp-content/plugins/social-facebook-all-in-one/social_facebook_all_in_one.php on line 14",
    "level": "WARNING",
    "type": "PHP",
    "test": "asyncify-boot",
    "plugin": "sweebecom-the-official-wp-plugin",
    "details": "[16-Apr-2025 11:46:22 UTC] PHP Warning:  require(/wp-load.php): Failed to open stream: No such file or directory in /wordpress/wp-content/plugins/social-facebook-all-in-one/social_facebook_all_in_one.php on line 14",
    "log": "/logs/plugins/s/sweebecom-the-official-wp-plugin/error.json"
  },
  {
    "message": "Uncaught Error: Failed opening required '/wp-load.php' (include_path='.:') in /wordpress/wp-content/plugins/social-facebook-all-in-one/social_facebook_all_in_one.php:14",
    "level": "FATAL",
    "type": "PHP",
    "test": "asyncify-boot",
    "plugin": "sweebecom-the-official-wp-plugin",
    "details": "[16-Apr-2025 11:46:22 UTC] PHP Fatal error:  Uncaught Error: Failed opening required '/wp-load.php' (include_path='.:') in /wordpress/wp-content/plugins/social-facebook-all-in-one/social_facebook_all_in_one.php:14\nStack trace:\n#0 /wordpress/wp-admin/includes/plugin.php(2387): include_once()\n#1 /wordpress/wp-admin/includes/plugin.php(673): plugin_sandbox_scrape('social-facebook...')\n#2 /internal/eval.php(20): activate_plugin('social-facebook...')\n#3 {main}\n  thrown in /wordpress/wp-content/plugins/social-facebook-all-in-one/social_facebook_all_in_one.php on line 14",
    "log": "/logs/plugins/s/sweebecom-the-official-wp-plugin/error.json"
  },
  {
    "message": "Undefined array key \"DOCUMENT_ROOT\" in /wordpress/wp-content/plugins/social-facebook-all-in-one/social_facebook_all_in_one.php on line 14",
    "level": "WARNING",
    "type": "PHP",
    "test": "asyncify-boot",
    "plugin": "sweebecom-the-official-wp-plugin",
    "details": "[16-Apr-2025 11:46:29 UTC] PHP Warning:  Undefined array key \"DOCUMENT_ROOT\" in /wordpress/wp-content/plugins/social-facebook-all-in-one/social_facebook_all_in_one.php on line 14",
    "log": "/logs/plugins/s/sweebecom-the-official-wp-plugin/error.json"
  },
  {
    "message": "require(/wp-load.php): Failed to open stream: No such file or directory in /wordpress/wp-content/plugins/social-facebook-all-in-one/social_facebook_all_in_one.php on line 14",
    "level": "WARNING",
    "type": "PHP",
    "test": "asyncify-boot",
    "plugin": "sweebecom-the-official-wp-plugin",
    "details": "[16-Apr-2025 11:46:29 UTC] PHP Warning:  require(/wp-load.php): Failed to open stream: No such file or directory in /wordpress/wp-content/plugins/social-facebook-all-in-one/social_facebook_all_in_one.php on line 14",
    "log": "/logs/plugins/s/sweebecom-the-official-wp-plugin/error.json"
  },
  {
    "message": "Uncaught Error: Failed opening required '/wp-load.php' (include_path='.:') in /wordpress/wp-content/plugins/social-facebook-all-in-one/social_facebook_all_in_one.php:14",
    "level": "FATAL",
    "type": "PHP",
    "test": "asyncify-boot",
    "plugin": "sweebecom-the-official-wp-plugin",
    "details": "[16-Apr-2025 11:46:29 UTC] PHP Fatal error:  Uncaught Error: Failed opening required '/wp-load.php' (include_path='.:') in /wordpress/wp-content/plugins/social-facebook-all-in-one/social_facebook_all_in_one.php:14\nStack trace:\n#0 /wordpress/wp-admin/includes/plugin.php(2387): include_once()\n#1 /wordpress/wp-admin/includes/plugin.php(673): plugin_sandbox_scrape('social-facebook...')\n#2 /internal/eval.php(20): activate_plugin('social-facebook...')\n#3 {main}\n  thrown in /wordpress/wp-content/plugins/social-facebook-all-in-one/social_facebook_all_in_one.php on line 14",
    "log": "/logs/plugins/s/sweebecom-the-official-wp-plugin/error.json"
  },
  {
    "message": "Undefined array key \"DOCUMENT_ROOT\" in /wordpress/wp-content/plugins/social-facebook-all-in-one/social_facebook_all_in_one.php on line 14",
    "level": "WARNING",
    "type": "PHP",
    "test": "asyncify-boot",
    "plugin": "sweebecom-the-official-wp-plugin",
    "details": "[16-Apr-2025 11:46:37 UTC] PHP Warning:  Undefined array key \"DOCUMENT_ROOT\" in /wordpress/wp-content/plugins/social-facebook-all-in-one/social_facebook_all_in_one.php on line 14",
    "log": "/logs/plugins/s/sweebecom-the-official-wp-plugin/error.json"
  },
  {
    "message": "require(/wp-load.php): Failed to open stream: No such file or directory in /wordpress/wp-content/plugins/social-facebook-all-in-one/social_facebook_all_in_one.php on line 14",
    "level": "WARNING",
    "type": "PHP",
    "test": "asyncify-boot",
    "plugin": "sweebecom-the-official-wp-plugin",
    "details": "[16-Apr-2025 11:46:37 UTC] PHP Warning:  require(/wp-load.php): Failed to open stream: No such file or directory in /wordpress/wp-content/plugins/social-facebook-all-in-one/social_facebook_all_in_one.php on line 14",
    "log": "/logs/plugins/s/sweebecom-the-official-wp-plugin/error.json"
  },
  {
    "message": "Uncaught Error: Failed opening required '/wp-load.php' (include_path='.:') in /wordpress/wp-content/plugins/social-facebook-all-in-one/social_facebook_all_in_one.php:14",
    "level": "FATAL",
    "type": "PHP",
    "test": "asyncify-boot",
    "plugin": "sweebecom-the-official-wp-plugin",
    "details": "[16-Apr-2025 11:46:37 UTC] PHP Fatal error:  Uncaught Error: Failed opening required '/wp-load.php' (include_path='.:') in /wordpress/wp-content/plugins/social-facebook-all-in-one/social_facebook_all_in_one.php:14\nStack trace:\n#0 /wordpress/wp-admin/includes/plugin.php(2387): include_once()\n#1 /wordpress/wp-admin/includes/plugin.php(673): plugin_sandbox_scrape('social-facebook...')\n#2 /internal/eval.php(20): activate_plugin('social-facebook...')\n#3 {main}\n  thrown in /wordpress/wp-content/plugins/social-facebook-all-in-one/social_facebook_all_in_one.php on line 14",
    "log": "/logs/plugins/s/sweebecom-the-official-wp-plugin/error.json"
  },
  {
    "message": "Function register_uninstall_hook was called <strong>incorrectly</strong>. Only a static class method or function can be used in an uninstall hook. Please see <a href=\"https://developer.wordpress.org/advanced-administration/debug/debug-wordpress/\">Debugging in WordPress</a> for more information. (This message was added in version 3.1.0.) in /wordpress/wp-includes/functions.php on line 6121",
    "level": "NOTICE",
    "type": "PHP",
    "test": "asyncify-boot",
    "plugin": "sweebecom-the-official-wp-plugin",
    "details": "[16-Apr-2025 11:49:21 UTC] PHP Notice:  Function register_uninstall_hook was called <strong>incorrectly</strong>. Only a static class method or function can be used in an uninstall hook. Please see <a href=\"https://developer.wordpress.org/advanced-administration/debug/debug-wordpress/\">Debugging in WordPress</a> for more information. (This message was added in version 3.1.0.) in /wordpress/wp-includes/functions.php on line 6121",
    "log": "/logs/plugins/s/sweebecom-the-official-wp-plugin/error.json"
  },
  {
    "message": "Function register_uninstall_hook was called <strong>incorrectly</strong>. Only a static class method or function can be used in an uninstall hook. Please see <a href=\"https://developer.wordpress.org/advanced-administration/debug/debug-wordpress/\">Debugging in WordPress</a> for more information. (This message was added in version 3.1.0.) in /wordpress/wp-includes/functions.php on line 6121",
    "level": "NOTICE",
    "type": "PHP",
    "test": "asyncify-boot",
    "plugin": "sweebecom-the-official-wp-plugin",
    "details": "[16-Apr-2025 11:49:22 UTC] PHP Notice:  Function register_uninstall_hook was called <strong>incorrectly</strong>. Only a static class method or function can be used in an uninstall hook. Please see <a href=\"https://developer.wordpress.org/advanced-administration/debug/debug-wordpress/\">Debugging in WordPress</a> for more information. (This message was added in version 3.1.0.) in /wordpress/wp-includes/functions.php on line 6121",
    "log": "/logs/plugins/s/sweebecom-the-official-wp-plugin/error.json"
  },
  {
    "message": "Function register_uninstall_hook was called <strong>incorrectly</strong>. Only a static class method or function can be used in an uninstall hook. Please see <a href=\"https://developer.wordpress.org/advanced-administration/debug/debug-wordpress/\">Debugging in WordPress</a> for more information. (This message was added in version 3.1.0.) in /wordpress/wp-includes/functions.php on line 6121",
    "level": "NOTICE",
    "type": "PHP",
    "test": "asyncify-boot",
    "plugin": "sweebecom-the-official-wp-plugin",
    "details": "[16-Apr-2025 11:49:30 UTC] PHP Notice:  Function register_uninstall_hook was called <strong>incorrectly</strong>. Only a static class method or function can be used in an uninstall hook. Please see <a href=\"https://developer.wordpress.org/advanced-administration/debug/debug-wordpress/\">Debugging in WordPress</a> for more information. (This message was added in version 3.1.0.) in /wordpress/wp-includes/functions.php on line 6121",
    "log": "/logs/plugins/s/sweebecom-the-official-wp-plugin/error.json"
  },
  {
    "message": "Function register_uninstall_hook was called <strong>incorrectly</strong>. Only a static class method or function can be used in an uninstall hook. Please see <a href=\"https://developer.wordpress.org/advanced-administration/debug/debug-wordpress/\">Debugging in WordPress</a> for more information. (This message was added in version 3.1.0.) in /wordpress/wp-includes/functions.php on line 6121",
    "level": "NOTICE",
    "type": "PHP",
    "test": "asyncify-boot",
    "plugin": "sweebecom-the-official-wp-plugin",
    "details": "[16-Apr-2025 11:49:31 UTC] PHP Notice:  Function register_uninstall_hook was called <strong>incorrectly</strong>. Only a static class method or function can be used in an uninstall hook. Please see <a href=\"https://developer.wordpress.org/advanced-administration/debug/debug-wordpress/\">Debugging in WordPress</a> for more information. (This message was added in version 3.1.0.) in /wordpress/wp-includes/functions.php on line 6121",
    "log": "/logs/plugins/s/sweebecom-the-official-wp-plugin/error.json"
  },
  {
    "message": "Function register_uninstall_hook was called <strong>incorrectly</strong>. Only a static class method or function can be used in an uninstall hook. Please see <a href=\"https://developer.wordpress.org/advanced-administration/debug/debug-wordpress/\">Debugging in WordPress</a> for more information. (This message was added in version 3.1.0.) in /wordpress/wp-includes/functions.php on line 6121",
    "level": "NOTICE",
    "type": "PHP",
    "test": "asyncify-boot",
    "plugin": "sweebecom-the-official-wp-plugin",
    "details": "[16-Apr-2025 11:49:39 UTC] PHP Notice:  Function register_uninstall_hook was called <strong>incorrectly</strong>. Only a static class method or function can be used in an uninstall hook. Please see <a href=\"https://developer.wordpress.org/advanced-administration/debug/debug-wordpress/\">Debugging in WordPress</a> for more information. (This message was added in version 3.1.0.) in /wordpress/wp-includes/functions.php on line 6121",
    "log": "/logs/plugins/s/sweebecom-the-official-wp-plugin/error.json"
  },
  {
    "message": "Function register_uninstall_hook was called <strong>incorrectly</strong>. Only a static class method or function can be used in an uninstall hook. Please see <a href=\"https://developer.wordpress.org/advanced-administration/debug/debug-wordpress/\">Debugging in WordPress</a> for more information. (This message was added in version 3.1.0.) in /wordpress/wp-includes/functions.php on line 6121",
    "level": "NOTICE",
    "type": "PHP",
    "test": "asyncify-boot",
    "plugin": "sweebecom-the-official-wp-plugin",
    "details": "[16-Apr-2025 11:49:40 UTC] PHP Notice:  Function register_uninstall_hook was called <strong>incorrectly</strong>. Only a static class method or function can be used in an uninstall hook. Please see <a href=\"https://developer.wordpress.org/advanced-administration/debug/debug-wordpress/\">Debugging in WordPress</a> for more information. (This message was added in version 3.1.0.) in /wordpress/wp-includes/functions.php on line 6121",
    "log": "/logs/plugins/s/sweebecom-the-official-wp-plugin/error.json"
  },
  {
    "message": "Undefined array key \"REMOTE_ADDR\" in /wordpress/wp-content/plugins/simple-ajax-chat/simple-ajax-chat.php on line 691",
    "level": "WARNING",
    "type": "PHP",
    "test": "asyncify-boot",
    "plugin": "sweebecom-the-official-wp-plugin",
    "details": "[16-Apr-2025 11:50:09 UTC] PHP Warning:  Undefined array key \"REMOTE_ADDR\" in /wordpress/wp-content/plugins/simple-ajax-chat/simple-ajax-chat.php on line 691",
    "log": "/logs/plugins/s/sweebecom-the-official-wp-plugin/error.json"
  },
  {
    "message": "Undefined array key \"REMOTE_ADDR\" in /wordpress/wp-content/plugins/simple-ajax-chat/simple-ajax-chat.php on line 691",
    "level": "WARNING",
    "type": "PHP",
    "test": "asyncify-boot",
    "plugin": "sweebecom-the-official-wp-plugin",
    "details": "[16-Apr-2025 11:50:18 UTC] PHP Warning:  Undefined array key \"REMOTE_ADDR\" in /wordpress/wp-content/plugins/simple-ajax-chat/simple-ajax-chat.php on line 691",
    "log": "/logs/plugins/s/sweebecom-the-official-wp-plugin/error.json"
  },
  {
    "message": "Undefined array key \"REMOTE_ADDR\" in /wordpress/wp-content/plugins/simple-ajax-chat/simple-ajax-chat.php on line 691",
    "level": "WARNING",
    "type": "PHP",
    "test": "asyncify-boot",
    "plugin": "sweebecom-the-official-wp-plugin",
    "details": "[16-Apr-2025 11:50:28 UTC] PHP Warning:  Undefined array key \"REMOTE_ADDR\" in /wordpress/wp-content/plugins/simple-ajax-chat/simple-ajax-chat.php on line 691",
    "log": "/logs/plugins/s/sweebecom-the-official-wp-plugin/error.json"
  },
  {
    "message": "Undefined array key \"action\" in /wordpress/wp-content/plugins/simple-facebook-comments-for-wordpress/SFCController.php on line 18",
    "level": "WARNING",
    "type": "PHP",
    "test": "asyncify-boot",
    "plugin": "sweebecom-the-official-wp-plugin",
    "details": "[16-Apr-2025 11:51:05 UTC] PHP Warning:  Undefined array key \"action\" in /wordpress/wp-content/plugins/simple-facebook-comments-for-wordpress/SFCController.php on line 18",
    "log": "/logs/plugins/s/sweebecom-the-official-wp-plugin/error.json"
  },
  {
    "message": "Uncaught PDOException: SQLSTATE[HY000] [2002] Address family not supported by protocol in /wordpress/wp-content/plugins/simple-facebook-comments-for-wordpress/Model/PdoSingleton.php:10",
    "level": "FATAL",
    "type": "PHP",
    "test": "asyncify-boot",
    "plugin": "sweebecom-the-official-wp-plugin",
    "details": "[16-Apr-2025 11:51:05 UTC] PHP Fatal error:  Uncaught PDOException: SQLSTATE[HY000] [2002] Address family not supported by protocol in /wordpress/wp-content/plugins/simple-facebook-comments-for-wordpress/Model/PdoSingleton.php:10\nStack trace:\n#0 /wordpress/wp-content/plugins/simple-facebook-comments-for-wordpress/Model/PdoSingleton.php(10): PDO->__construct('mysql:dbname=da...', 'username_here', 'password_here')\n#1 /wordpress/wp-content/plugins/simple-facebook-comments-for-wordpress/Model/PdoSingleton.php(18): PdoSingleton->__construct('database_name_h...', 'localhost', 'username_here', 'password_here')\n#2 /wordpress/wp-content/plugins/simple-facebook-comments-for-wordpress/SFCController.php(25): PdoSingleton::initialize('database_name_h...', 'localhost', 'username_here', 'password_here')\n#3 /wordpress/wp-admin/includes/plugin.php(2387): include_once('/wordpress/wp-c...')\n#4 /wordpress/wp-admin/includes/plugin.php(673): plugin_sandbox_scrape('simple-facebook...')\n#5 /internal/eval.php(20): activate_plugin('simple-facebook...')\n#6 {main}\n  thrown in /wordpress/wp-content/plugins/simple-facebook-comments-for-wordpress/Model/PdoSingleton.php on line 10",
    "log": "/logs/plugins/s/sweebecom-the-official-wp-plugin/error.json"
  },
  {
    "message": "Undefined array key \"action\" in /wordpress/wp-content/plugins/simple-facebook-comments-for-wordpress/SFCController.php on line 18",
    "level": "WARNING",
    "type": "PHP",
    "test": "asyncify-boot",
    "plugin": "sweebecom-the-official-wp-plugin",
    "details": "[16-Apr-2025 11:51:12 UTC] PHP Warning:  Undefined array key \"action\" in /wordpress/wp-content/plugins/simple-facebook-comments-for-wordpress/SFCController.php on line 18",
    "log": "/logs/plugins/s/sweebecom-the-official-wp-plugin/error.json"
  },
  {
    "message": "Uncaught PDOException: SQLSTATE[HY000] [2002] Address family not supported by protocol in /wordpress/wp-content/plugins/simple-facebook-comments-for-wordpress/Model/PdoSingleton.php:10",
    "level": "FATAL",
    "type": "PHP",
    "test": "asyncify-boot",
    "plugin": "sweebecom-the-official-wp-plugin",
    "details": "[16-Apr-2025 11:51:12 UTC] PHP Fatal error:  Uncaught PDOException: SQLSTATE[HY000] [2002] Address family not supported by protocol in /wordpress/wp-content/plugins/simple-facebook-comments-for-wordpress/Model/PdoSingleton.php:10\nStack trace:\n#0 /wordpress/wp-content/plugins/simple-facebook-comments-for-wordpress/Model/PdoSingleton.php(10): PDO->__construct('mysql:dbname=da...', 'username_here', 'password_here')\n#1 /wordpress/wp-content/plugins/simple-facebook-comments-for-wordpress/Model/PdoSingleton.php(18): PdoSingleton->__construct('database_name_h...', 'localhost', 'username_here', 'password_here')\n#2 /wordpress/wp-content/plugins/simple-facebook-comments-for-wordpress/SFCController.php(25): PdoSingleton::initialize('database_name_h...', 'localhost', 'username_here', 'password_here')\n#3 /wordpress/wp-admin/includes/plugin.php(2387): include_once('/wordpress/wp-c...')\n#4 /wordpress/wp-admin/includes/plugin.php(673): plugin_sandbox_scrape('simple-facebook...')\n#5 /internal/eval.php(20): activate_plugin('simple-facebook...')\n#6 {main}\n  thrown in /wordpress/wp-content/plugins/simple-facebook-comments-for-wordpress/Model/PdoSingleton.php on line 10",
    "log": "/logs/plugins/s/sweebecom-the-official-wp-plugin/error.json"
  },
  {
    "message": "Undefined array key \"action\" in /wordpress/wp-content/plugins/simple-facebook-comments-for-wordpress/SFCController.php on line 18",
    "level": "WARNING",
    "type": "PHP",
    "test": "asyncify-boot",
    "plugin": "sweebecom-the-official-wp-plugin",
    "details": "[16-Apr-2025 11:51:19 UTC] PHP Warning:  Undefined array key \"action\" in /wordpress/wp-content/plugins/simple-facebook-comments-for-wordpress/SFCController.php on line 18",
    "log": "/logs/plugins/s/sweebecom-the-official-wp-plugin/error.json"
  },
  {
    "message": "Uncaught PDOException: SQLSTATE[HY000] [2002] Address family not supported by protocol in /wordpress/wp-content/plugins/simple-facebook-comments-for-wordpress/Model/PdoSingleton.php:10",
    "level": "FATAL",
    "type": "PHP",
    "test": "asyncify-boot",
    "plugin": "sweebecom-the-official-wp-plugin",
    "details": "[16-Apr-2025 11:51:19 UTC] PHP Fatal error:  Uncaught PDOException: SQLSTATE[HY000] [2002] Address family not supported by protocol in /wordpress/wp-content/plugins/simple-facebook-comments-for-wordpress/Model/PdoSingleton.php:10\nStack trace:\n#0 /wordpress/wp-content/plugins/simple-facebook-comments-for-wordpress/Model/PdoSingleton.php(10): PDO->__construct('mysql:dbname=da...', 'username_here', 'password_here')\n#1 /wordpress/wp-content/plugins/simple-facebook-comments-for-wordpress/Model/PdoSingleton.php(18): PdoSingleton->__construct('database_name_h...', 'localhost', 'username_here', 'password_here')\n#2 /wordpress/wp-content/plugins/simple-facebook-comments-for-wordpress/SFCController.php(25): PdoSingleton::initialize('database_name_h...', 'localhost', 'username_here', 'password_here')\n#3 /wordpress/wp-admin/includes/plugin.php(2387): include_once('/wordpress/wp-c...')\n#4 /wordpress/wp-admin/includes/plugin.php(673): plugin_sandbox_scrape('simple-facebook...')\n#5 /internal/eval.php(20): activate_plugin('simple-facebook...')\n#6 {main}\n  thrown in /wordpress/wp-content/plugins/simple-facebook-comments-for-wordpress/Model/PdoSingleton.php on line 10",
    "log": "/logs/plugins/s/sweebecom-the-official-wp-plugin/error.json"
  },
  {
    "message": "Function _load_textdomain_just_in_time was called <strong>incorrectly</strong>. Translation loading for the <code>solo-blocks</code> domain was triggered too early. This is usually an indicator for some code in the plugin or theme running too early. Translations should be loaded at the <code>init</code> action or later. Please see <a href=\"https://developer.wordpress.org/advanced-administration/debug/debug-wordpress/\">Debugging in WordPress</a> for more information. (This message was added in version 6.7.0.) in /wordpress/wp-includes/functions.php on line 6121",
    "level": "NOTICE",
    "type": "PHP",
    "test": "asyncify-boot",
    "plugin": "sweebecom-the-official-wp-plugin",
    "details": "[16-Apr-2025 11:51:30 UTC] PHP Notice:  Function _load_textdomain_just_in_time was called <strong>incorrectly</strong>. Translation loading for the <code>solo-blocks</code> domain was triggered too early. This is usually an indicator for some code in the plugin or theme running too early. Translations should be loaded at the <code>init</code> action or later. Please see <a href=\"https://developer.wordpress.org/advanced-administration/debug/debug-wordpress/\">Debugging in WordPress</a> for more information. (This message was added in version 6.7.0.) in /wordpress/wp-includes/functions.php on line 6121",
    "log": "/logs/plugins/s/sweebecom-the-official-wp-plugin/error.json"
  },
  {
    "message": "Function _load_textdomain_just_in_time was called <strong>incorrectly</strong>. Translation loading for the <code>solo-blocks</code> domain was triggered too early. This is usually an indicator for some code in the plugin or theme running too early. Translations should be loaded at the <code>init</code> action or later. Please see <a href=\"https://developer.wordpress.org/advanced-administration/debug/debug-wordpress/\">Debugging in WordPress</a> for more information. (This message was added in version 6.7.0.) in /wordpress/wp-includes/functions.php on line 6121",
    "level": "NOTICE",
    "type": "PHP",
    "test": "asyncify-boot",
    "plugin": "sweebecom-the-official-wp-plugin",
    "details": "[16-Apr-2025 11:51:40 UTC] PHP Notice:  Function _load_textdomain_just_in_time was called <strong>incorrectly</strong>. Translation loading for the <code>solo-blocks</code> domain was triggered too early. This is usually an indicator for some code in the plugin or theme running too early. Translations should be loaded at the <code>init</code> action or later. Please see <a href=\"https://developer.wordpress.org/advanced-administration/debug/debug-wordpress/\">Debugging in WordPress</a> for more information. (This message was added in version 6.7.0.) in /wordpress/wp-includes/functions.php on line 6121",
    "log": "/logs/plugins/s/sweebecom-the-official-wp-plugin/error.json"
  },
  {
    "message": "Function _load_textdomain_just_in_time was called <strong>incorrectly</strong>. Translation loading for the <code>solo-blocks</code> domain was triggered too early. This is usually an indicator for some code in the plugin or theme running too early. Translations should be loaded at the <code>init</code> action or later. Please see <a href=\"https://developer.wordpress.org/advanced-administration/debug/debug-wordpress/\">Debugging in WordPress</a> for more information. (This message was added in version 6.7.0.) in /wordpress/wp-includes/functions.php on line 6121",
    "level": "NOTICE",
    "type": "PHP",
    "test": "asyncify-boot",
    "plugin": "sweebecom-the-official-wp-plugin",
    "details": "[16-Apr-2025 11:51:50 UTC] PHP Notice:  Function _load_textdomain_just_in_time was called <strong>incorrectly</strong>. Translation loading for the <code>solo-blocks</code> domain was triggered too early. This is usually an indicator for some code in the plugin or theme running too early. Translations should be loaded at the <code>init</code> action or later. Please see <a href=\"https://developer.wordpress.org/advanced-administration/debug/debug-wordpress/\">Debugging in WordPress</a> for more information. (This message was added in version 6.7.0.) in /wordpress/wp-includes/functions.php on line 6121",
    "log": "/logs/plugins/s/sweebecom-the-official-wp-plugin/error.json"
  },
  {
    "message": "Undefined array key 0 in /wordpress/wp-includes/plugin.php on line 1001",
    "level": "WARNING",
    "type": "PHP",
    "test": "asyncify-boot",
    "plugin": "sweebecom-the-official-wp-plugin",
    "details": "[16-Apr-2025 11:52:01 UTC] PHP Warning:  Undefined array key 0 in /wordpress/wp-includes/plugin.php on line 1001",
    "log": "/logs/plugins/s/sweebecom-the-official-wp-plugin/error.json"
  },
  {
    "message": "Undefined array key 0 in /wordpress/wp-includes/plugin.php on line 1004",
    "level": "WARNING",
    "type": "PHP",
    "test": "asyncify-boot",
    "plugin": "sweebecom-the-official-wp-plugin",
    "details": "[16-Apr-2025 11:52:01 UTC] PHP Warning:  Undefined array key 0 in /wordpress/wp-includes/plugin.php on line 1004",
    "log": "/logs/plugins/s/sweebecom-the-official-wp-plugin/error.json"
  },
  {
    "message": "Undefined array key 0 in /wordpress/wp-includes/plugin.php on line 1001",
    "level": "WARNING",
    "type": "PHP",
    "test": "asyncify-boot",
    "plugin": "sweebecom-the-official-wp-plugin",
    "details": "[16-Apr-2025 11:52:01 UTC] PHP Warning:  Undefined array key 0 in /wordpress/wp-includes/plugin.php on line 1001",
    "log": "/logs/plugins/s/sweebecom-the-official-wp-plugin/error.json"
  },
  {
    "message": "Undefined array key 0 in /wordpress/wp-includes/plugin.php on line 1004",
    "level": "WARNING",
    "type": "PHP",
    "test": "asyncify-boot",
    "plugin": "sweebecom-the-official-wp-plugin",
    "details": "[16-Apr-2025 11:52:01 UTC] PHP Warning:  Undefined array key 0 in /wordpress/wp-includes/plugin.php on line 1004",
    "log": "/logs/plugins/s/sweebecom-the-official-wp-plugin/error.json"
  },
  {
    "message": "Undefined array key 0 in /wordpress/wp-includes/plugin.php on line 1001",
    "level": "WARNING",
    "type": "PHP",
    "test": "asyncify-boot",
    "plugin": "sweebecom-the-official-wp-plugin",
    "details": "[16-Apr-2025 11:52:08 UTC] PHP Warning:  Undefined array key 0 in /wordpress/wp-includes/plugin.php on line 1001",
    "log": "/logs/plugins/s/sweebecom-the-official-wp-plugin/error.json"
  },
  {
    "message": "Undefined array key 0 in /wordpress/wp-includes/plugin.php on line 1004",
    "level": "WARNING",
    "type": "PHP",
    "test": "asyncify-boot",
    "plugin": "sweebecom-the-official-wp-plugin",
    "details": "[16-Apr-2025 11:52:08 UTC] PHP Warning:  Undefined array key 0 in /wordpress/wp-includes/plugin.php on line 1004",
    "log": "/logs/plugins/s/sweebecom-the-official-wp-plugin/error.json"
  },
  {
    "message": "Undefined array key 0 in /wordpress/wp-includes/plugin.php on line 1001",
    "level": "WARNING",
    "type": "PHP",
    "test": "asyncify-boot",
    "plugin": "sweebecom-the-official-wp-plugin",
    "details": "[16-Apr-2025 11:52:08 UTC] PHP Warning:  Undefined array key 0 in /wordpress/wp-includes/plugin.php on line 1001",
    "log": "/logs/plugins/s/sweebecom-the-official-wp-plugin/error.json"
  },
  {
    "message": "Undefined array key 0 in /wordpress/wp-includes/plugin.php on line 1004",
    "level": "WARNING",
    "type": "PHP",
    "test": "asyncify-boot",
    "plugin": "sweebecom-the-official-wp-plugin",
    "details": "[16-Apr-2025 11:52:08 UTC] PHP Warning:  Undefined array key 0 in /wordpress/wp-includes/plugin.php on line 1004",
    "log": "/logs/plugins/s/sweebecom-the-official-wp-plugin/error.json"
  },
  {
    "message": "Undefined array key 0 in /wordpress/wp-includes/plugin.php on line 1001",
    "level": "WARNING",
    "type": "PHP",
    "test": "asyncify-boot",
    "plugin": "sweebecom-the-official-wp-plugin",
    "details": "[16-Apr-2025 11:52:18 UTC] PHP Warning:  Undefined array key 0 in /wordpress/wp-includes/plugin.php on line 1001",
    "log": "/logs/plugins/s/sweebecom-the-official-wp-plugin/error.json"
  },
  {
    "message": "Undefined array key 0 in /wordpress/wp-includes/plugin.php on line 1004",
    "level": "WARNING",
    "type": "PHP",
    "test": "asyncify-boot",
    "plugin": "sweebecom-the-official-wp-plugin",
    "details": "[16-Apr-2025 11:52:18 UTC] PHP Warning:  Undefined array key 0 in /wordpress/wp-includes/plugin.php on line 1004",
    "log": "/logs/plugins/s/sweebecom-the-official-wp-plugin/error.json"
  },
  {
    "message": "Undefined array key 0 in /wordpress/wp-includes/plugin.php on line 1001",
    "level": "WARNING",
    "type": "PHP",
    "test": "asyncify-boot",
    "plugin": "sweebecom-the-official-wp-plugin",
    "details": "[16-Apr-2025 11:52:18 UTC] PHP Warning:  Undefined array key 0 in /wordpress/wp-includes/plugin.php on line 1001",
    "log": "/logs/plugins/s/sweebecom-the-official-wp-plugin/error.json"
  },
  {
    "message": "Undefined array key 0 in /wordpress/wp-includes/plugin.php on line 1004",
    "level": "WARNING",
    "type": "PHP",
    "test": "asyncify-boot",
    "plugin": "sweebecom-the-official-wp-plugin",
    "details": "[16-Apr-2025 11:52:18 UTC] PHP Warning:  Undefined array key 0 in /wordpress/wp-includes/plugin.php on line 1004",
    "log": "/logs/plugins/s/sweebecom-the-official-wp-plugin/error.json"
  },
  {
    "message": "Function _load_textdomain_just_in_time was called <strong>incorrectly</strong>. Translation loading for the <code>sticky-list</code> domain was triggered too early. This is usually an indicator for some code in the plugin or theme running too early. Translations should be loaded at the <code>init</code> action or later. Please see <a href=\"https://developer.wordpress.org/advanced-administration/debug/debug-wordpress/\">Debugging in WordPress</a> for more information. (This message was added in version 6.7.0.) in /wordpress/wp-includes/functions.php on line 6121",
    "level": "NOTICE",
    "type": "PHP",
    "test": "asyncify-boot",
    "plugin": "sweebecom-the-official-wp-plugin",
    "details": "[16-Apr-2025 11:52:30 UTC] PHP Notice:  Function _load_textdomain_just_in_time was called <strong>incorrectly</strong>. Translation loading for the <code>sticky-list</code> domain was triggered too early. This is usually an indicator for some code in the plugin or theme running too early. Translations should be loaded at the <code>init</code> action or later. Please see <a href=\"https://developer.wordpress.org/advanced-administration/debug/debug-wordpress/\">Debugging in WordPress</a> for more information. (This message was added in version 6.7.0.) in /wordpress/wp-includes/functions.php on line 6121",
    "log": "/logs/plugins/s/sweebecom-the-official-wp-plugin/error.json"
  },
  {
    "message": "Function _load_textdomain_just_in_time was called <strong>incorrectly</strong>. Translation loading for the <code>sticky-list</code> domain was triggered too early. This is usually an indicator for some code in the plugin or theme running too early. Translations should be loaded at the <code>init</code> action or later. Please see <a href=\"https://developer.wordpress.org/advanced-administration/debug/debug-wordpress/\">Debugging in WordPress</a> for more information. (This message was added in version 6.7.0.) in /wordpress/wp-includes/functions.php on line 6121",
    "level": "NOTICE",
    "type": "PHP",
    "test": "asyncify-boot",
    "plugin": "sweebecom-the-official-wp-plugin",
    "details": "[16-Apr-2025 11:52:41 UTC] PHP Notice:  Function _load_textdomain_just_in_time was called <strong>incorrectly</strong>. Translation loading for the <code>sticky-list</code> domain was triggered too early. This is usually an indicator for some code in the plugin or theme running too early. Translations should be loaded at the <code>init</code> action or later. Please see <a href=\"https://developer.wordpress.org/advanced-administration/debug/debug-wordpress/\">Debugging in WordPress</a> for more information. (This message was added in version 6.7.0.) in /wordpress/wp-includes/functions.php on line 6121",
    "log": "/logs/plugins/s/sweebecom-the-official-wp-plugin/error.json"
  },
  {
    "message": "Function _load_textdomain_just_in_time was called <strong>incorrectly</strong>. Translation loading for the <code>sticky-list</code> domain was triggered too early. This is usually an indicator for some code in the plugin or theme running too early. Translations should be loaded at the <code>init</code> action or later. Please see <a href=\"https://developer.wordpress.org/advanced-administration/debug/debug-wordpress/\">Debugging in WordPress</a> for more information. (This message was added in version 6.7.0.) in /wordpress/wp-includes/functions.php on line 6121",
    "level": "NOTICE",
    "type": "PHP",
    "test": "asyncify-boot",
    "plugin": "sweebecom-the-official-wp-plugin",
    "details": "[16-Apr-2025 11:52:52 UTC] PHP Notice:  Function _load_textdomain_just_in_time was called <strong>incorrectly</strong>. Translation loading for the <code>sticky-list</code> domain was triggered too early. This is usually an indicator for some code in the plugin or theme running too early. Translations should be loaded at the <code>init</code> action or later. Please see <a href=\"https://developer.wordpress.org/advanced-administration/debug/debug-wordpress/\">Debugging in WordPress</a> for more information. (This message was added in version 6.7.0.) in /wordpress/wp-includes/functions.php on line 6121\n\n    at Object.onBind (file:///home/runner/work/playground-tester/playground-tester/node_modules/@wp-playground/cli/index.js:237:15)\n    at process.processTicksAndRejections (node:internal/process/task_queues:105:5)\n    at async V (file:///home/runner/work/playground-tester/playground-tester/node_modules/@wp-playground/cli/index.js:64:10)\n    at async ja (file:///home/runner/work/playground-tester/playground-tester/node_modules/@wp-playground/cli/cli.js:8161:12) {\n  [cause]: Error: Error when executing the blueprint step #1 ({\"step\":\"installPlugin\",\"pluginData\":{\"resource\":\"wordpress.org/plugins\",\"slug\":\"sweebecom-the-official-wp-plugin\"},\"options\":{\"activate\":true}}) : Could not download \"https://downloads.wordpress.org/plugin/sweebecom-the-official-wp-plugin.latest-stable.zip\".\n  \t\t\t\tCheck if the URL is correct and the server is reachable.\n  \t\t\t\tIf it is reachable, the server might be blocking the request.\n  \t\t\t\tCheck the browser console and network tabs for more information.\n  \n  \t\t\t\t## Does the console show the error \"No 'Access-Control-Allow-Origin' header\"?\n  \n  \t\t\t\tThis means the server that hosts your file does not allow requests from other sites\n  \t\t\t\t(cross-origin requests, or CORS).\tYou need to move the asset to a server that allows\n  \t\t\t\tcross-origin file downloads. Learn more about CORS at\n  \t\t\t\thttps://developer.mozilla.org/en-US/docs/Web/HTTP/CORS.\n  \n  \t\t\t\tIf your file is on GitHub, load it from \"raw.githubusercontent.com\".\n  \t\t\t\tHere's how to do that:\n  \n  \t\t\t\t1. Start with the original GitHub URL of the file. For example:\n  \t\t\t\thttps://github.com/username/repository/blob/branch/filename.\n  \t\t\t\t2. Replace \"github.com\" with \"raw.githubusercontent.com\".\n  \t\t\t\t3. Remove the \"/blob/\" part of the URL.\n  \n  \t\t\t\tThe resulting URL should look like this:\n  \t\t\t\thttps://raw.githubusercontent.com/username/repository/branch/filename\n  \n  \t\t\t\tError:\n  \t\t\t\tError: Could not download \"https://downloads.wordpress.org/plugin/sweebecom-the-official-wp-plugin.latest-stable.zip\"\n      at Object.run (file:///home/runner/work/playground-tester/playground-tester/node_modules/@wp-playground/blueprints/index.js:12449:19)\n      at process.processTicksAndRejections (node:internal/process/task_queues:105:5)\n      at async ms (file:///home/runner/work/playground-tester/playground-tester/node_modules/@wp-playground/blueprints/index.js:12552:3)\n      at async Object.onBind (file:///home/runner/work/playground-tester/playground-tester/node_modules/@wp-playground/cli/index.js:227:48)\n      at async V (file:///home/runner/work/playground-tester/playground-tester/node_modules/@wp-playground/cli/index.js:64:10)\n      at async ja (file:///home/runner/work/playground-tester/playground-tester/node_modules/@wp-playground/cli/cli.js:8161:12) {\n    [cause]: Error: Could not download \"https://downloads.wordpress.org/plugin/sweebecom-the-official-wp-plugin.latest-stable.zip\".\n    \t\t\t\tCheck if the URL is correct and the server is reachable.\n    \t\t\t\tIf it is reachable, the server might be blocking the request.\n    \t\t\t\tCheck the browser console and network tabs for more information.\n    \n    \t\t\t\t## Does the console show the error \"No 'Access-Control-Allow-Origin' header\"?\n    \n    \t\t\t\tThis means the server that hosts your file does not allow requests from other sites\n    \t\t\t\t(cross-origin requests, or CORS).\tYou need to move the asset to a server that allows\n    \t\t\t\tcross-origin file downloads. Learn more about CORS at\n    \t\t\t\thttps://developer.mozilla.org/en-US/docs/Web/HTTP/CORS.\n    \n    \t\t\t\tIf your file is on GitHub, load it from \"raw.githubusercontent.com\".\n    \t\t\t\tHere's how to do that:\n    \n    \t\t\t\t1. Start with the original GitHub URL of the file. For example:\n    \t\t\t\thttps://github.com/username/repository/blob/branch/filename.\n    \t\t\t\t2. Replace \"github.com\" with \"raw.githubusercontent.com\".\n    \t\t\t\t3. Remove the \"/blob/\" part of the URL.\n    \n    \t\t\t\tThe resulting URL should look like this:\n    \t\t\t\thttps://raw.githubusercontent.com/username/repository/branch/filename\n    \n    \t\t\t\tError:\n    \t\t\t\tError: Could not download \"https://downloads.wordpress.org/plugin/sweebecom-the-official-wp-plugin.latest-stable.zip\"\n        at Ct.resolve (file:///home/runner/work/playground-tester/playground-tester/node_modules/@wp-playground/blueprints/index.js:1472:13)\n        at process.processTicksAndRejections (node:internal/process/task_queues:105:5)\n        at async _.run (file:///home/runner/work/playground-tester/playground-tester/node_modules/@php-wasm/util/index.js:45:14)\n  }\n}\n\n",
    "log": "/logs/plugins/s/sweebecom-the-official-wp-plugin/error.json"
  },
  {
    "message": "file:///home/runner/work/playground-tester/playground-tester/node_modules/@wp-playground/cli/index.js:237\n        throw new Error(y, { cause: u });\n              ^\n",
    "level": "FATAL",
    "type": "PLAYGROUND",
    "test": "jspi-boot",
    "plugin": "sweebecom-the-official-wp-plugin",
    "details": "file:///home/runner/work/playground-tester/playground-tester/node_modules/@wp-playground/cli/index.js:237\n        throw new Error(y, { cause: u });\n              ^\n",
    "log": "/tmp/tmp.fnl29onNc4"
  },
  {
    "message": "Undefined array key \"DOCUMENT_ROOT\" in /wordpress/wp-content/plugins/social-facebook-all-in-one/social_facebook_all_in_one.php on line 14",
    "level": "WARNING",
    "type": "PHP",
    "test": "jspi-boot",
    "plugin": "sweebecom-the-official-wp-plugin",
    "details": "[16-Apr-2025 11:46:22 UTC] PHP Warning:  Undefined array key \"DOCUMENT_ROOT\" in /wordpress/wp-content/plugins/social-facebook-all-in-one/social_facebook_all_in_one.php on line 14",
    "log": "/logs/plugins/s/sweebecom-the-official-wp-plugin/error.json"
  },
  {
    "message": "require(/wp-load.php): Failed to open stream: No such file or directory in /wordpress/wp-content/plugins/social-facebook-all-in-one/social_facebook_all_in_one.php on line 14",
    "level": "WARNING",
    "type": "PHP",
    "test": "jspi-boot",
    "plugin": "sweebecom-the-official-wp-plugin",
    "details": "[16-Apr-2025 11:46:22 UTC] PHP Warning:  require(/wp-load.php): Failed to open stream: No such file or directory in /wordpress/wp-content/plugins/social-facebook-all-in-one/social_facebook_all_in_one.php on line 14",
    "log": "/logs/plugins/s/sweebecom-the-official-wp-plugin/error.json"
  },
  {
    "message": "Uncaught Error: Failed opening required '/wp-load.php' (include_path='.:') in /wordpress/wp-content/plugins/social-facebook-all-in-one/social_facebook_all_in_one.php:14",
    "level": "FATAL",
    "type": "PHP",
    "test": "jspi-boot",
    "plugin": "sweebecom-the-official-wp-plugin",
    "details": "[16-Apr-2025 11:46:22 UTC] PHP Fatal error:  Uncaught Error: Failed opening required '/wp-load.php' (include_path='.:') in /wordpress/wp-content/plugins/social-facebook-all-in-one/social_facebook_all_in_one.php:14\nStack trace:\n#0 /wordpress/wp-admin/includes/plugin.php(2387): include_once()\n#1 /wordpress/wp-admin/includes/plugin.php(673): plugin_sandbox_scrape('social-facebook...')\n#2 /internal/eval.php(20): activate_plugin('social-facebook...')\n#3 {main}\n  thrown in /wordpress/wp-content/plugins/social-facebook-all-in-one/social_facebook_all_in_one.php on line 14",
    "log": "/logs/plugins/s/sweebecom-the-official-wp-plugin/error.json"
  },
  {
    "message": "Undefined array key \"DOCUMENT_ROOT\" in /wordpress/wp-content/plugins/social-facebook-all-in-one/social_facebook_all_in_one.php on line 14",
    "level": "WARNING",
    "type": "PHP",
    "test": "jspi-boot",
    "plugin": "sweebecom-the-official-wp-plugin",
    "details": "[16-Apr-2025 11:46:29 UTC] PHP Warning:  Undefined array key \"DOCUMENT_ROOT\" in /wordpress/wp-content/plugins/social-facebook-all-in-one/social_facebook_all_in_one.php on line 14",
    "log": "/logs/plugins/s/sweebecom-the-official-wp-plugin/error.json"
  },
  {
    "message": "require(/wp-load.php): Failed to open stream: No such file or directory in /wordpress/wp-content/plugins/social-facebook-all-in-one/social_facebook_all_in_one.php on line 14",
    "level": "WARNING",
    "type": "PHP",
    "test": "jspi-boot",
    "plugin": "sweebecom-the-official-wp-plugin",
    "details": "[16-Apr-2025 11:46:29 UTC] PHP Warning:  require(/wp-load.php): Failed to open stream: No such file or directory in /wordpress/wp-content/plugins/social-facebook-all-in-one/social_facebook_all_in_one.php on line 14",
    "log": "/logs/plugins/s/sweebecom-the-official-wp-plugin/error.json"
  },
  {
    "message": "Uncaught Error: Failed opening required '/wp-load.php' (include_path='.:') in /wordpress/wp-content/plugins/social-facebook-all-in-one/social_facebook_all_in_one.php:14",
    "level": "FATAL",
    "type": "PHP",
    "test": "jspi-boot",
    "plugin": "sweebecom-the-official-wp-plugin",
    "details": "[16-Apr-2025 11:46:29 UTC] PHP Fatal error:  Uncaught Error: Failed opening required '/wp-load.php' (include_path='.:') in /wordpress/wp-content/plugins/social-facebook-all-in-one/social_facebook_all_in_one.php:14\nStack trace:\n#0 /wordpress/wp-admin/includes/plugin.php(2387): include_once()\n#1 /wordpress/wp-admin/includes/plugin.php(673): plugin_sandbox_scrape('social-facebook...')\n#2 /internal/eval.php(20): activate_plugin('social-facebook...')\n#3 {main}\n  thrown in /wordpress/wp-content/plugins/social-facebook-all-in-one/social_facebook_all_in_one.php on line 14",
    "log": "/logs/plugins/s/sweebecom-the-official-wp-plugin/error.json"
  },
  {
    "message": "Undefined array key \"DOCUMENT_ROOT\" in /wordpress/wp-content/plugins/social-facebook-all-in-one/social_facebook_all_in_one.php on line 14",
    "level": "WARNING",
    "type": "PHP",
    "test": "jspi-boot",
    "plugin": "sweebecom-the-official-wp-plugin",
    "details": "[16-Apr-2025 11:46:37 UTC] PHP Warning:  Undefined array key \"DOCUMENT_ROOT\" in /wordpress/wp-content/plugins/social-facebook-all-in-one/social_facebook_all_in_one.php on line 14",
    "log": "/logs/plugins/s/sweebecom-the-official-wp-plugin/error.json"
  },
  {
    "message": "require(/wp-load.php): Failed to open stream: No such file or directory in /wordpress/wp-content/plugins/social-facebook-all-in-one/social_facebook_all_in_one.php on line 14",
    "level": "WARNING",
    "type": "PHP",
    "test": "jspi-boot",
    "plugin": "sweebecom-the-official-wp-plugin",
    "details": "[16-Apr-2025 11:46:37 UTC] PHP Warning:  require(/wp-load.php): Failed to open stream: No such file or directory in /wordpress/wp-content/plugins/social-facebook-all-in-one/social_facebook_all_in_one.php on line 14",
    "log": "/logs/plugins/s/sweebecom-the-official-wp-plugin/error.json"
  },
  {
    "message": "Uncaught Error: Failed opening required '/wp-load.php' (include_path='.:') in /wordpress/wp-content/plugins/social-facebook-all-in-one/social_facebook_all_in_one.php:14",
    "level": "FATAL",
    "type": "PHP",
    "test": "jspi-boot",
    "plugin": "sweebecom-the-official-wp-plugin",
    "details": "[16-Apr-2025 11:46:37 UTC] PHP Fatal error:  Uncaught Error: Failed opening required '/wp-load.php' (include_path='.:') in /wordpress/wp-content/plugins/social-facebook-all-in-one/social_facebook_all_in_one.php:14\nStack trace:\n#0 /wordpress/wp-admin/includes/plugin.php(2387): include_once()\n#1 /wordpress/wp-admin/includes/plugin.php(673): plugin_sandbox_scrape('social-facebook...')\n#2 /internal/eval.php(20): activate_plugin('social-facebook...')\n#3 {main}\n  thrown in /wordpress/wp-content/plugins/social-facebook-all-in-one/social_facebook_all_in_one.php on line 14",
    "log": "/logs/plugins/s/sweebecom-the-official-wp-plugin/error.json"
  },
  {
    "message": "Function register_uninstall_hook was called <strong>incorrectly</strong>. Only a static class method or function can be used in an uninstall hook. Please see <a href=\"https://developer.wordpress.org/advanced-administration/debug/debug-wordpress/\">Debugging in WordPress</a> for more information. (This message was added in version 3.1.0.) in /wordpress/wp-includes/functions.php on line 6121",
    "level": "NOTICE",
    "type": "PHP",
    "test": "jspi-boot",
    "plugin": "sweebecom-the-official-wp-plugin",
    "details": "[16-Apr-2025 11:49:21 UTC] PHP Notice:  Function register_uninstall_hook was called <strong>incorrectly</strong>. Only a static class method or function can be used in an uninstall hook. Please see <a href=\"https://developer.wordpress.org/advanced-administration/debug/debug-wordpress/\">Debugging in WordPress</a> for more information. (This message was added in version 3.1.0.) in /wordpress/wp-includes/functions.php on line 6121",
    "log": "/logs/plugins/s/sweebecom-the-official-wp-plugin/error.json"
  },
  {
    "message": "Function register_uninstall_hook was called <strong>incorrectly</strong>. Only a static class method or function can be used in an uninstall hook. Please see <a href=\"https://developer.wordpress.org/advanced-administration/debug/debug-wordpress/\">Debugging in WordPress</a> for more information. (This message was added in version 3.1.0.) in /wordpress/wp-includes/functions.php on line 6121",
    "level": "NOTICE",
    "type": "PHP",
    "test": "jspi-boot",
    "plugin": "sweebecom-the-official-wp-plugin",
    "details": "[16-Apr-2025 11:49:22 UTC] PHP Notice:  Function register_uninstall_hook was called <strong>incorrectly</strong>. Only a static class method or function can be used in an uninstall hook. Please see <a href=\"https://developer.wordpress.org/advanced-administration/debug/debug-wordpress/\">Debugging in WordPress</a> for more information. (This message was added in version 3.1.0.) in /wordpress/wp-includes/functions.php on line 6121",
    "log": "/logs/plugins/s/sweebecom-the-official-wp-plugin/error.json"
  },
  {
    "message": "Function register_uninstall_hook was called <strong>incorrectly</strong>. Only a static class method or function can be used in an uninstall hook. Please see <a href=\"https://developer.wordpress.org/advanced-administration/debug/debug-wordpress/\">Debugging in WordPress</a> for more information. (This message was added in version 3.1.0.) in /wordpress/wp-includes/functions.php on line 6121",
    "level": "NOTICE",
    "type": "PHP",
    "test": "jspi-boot",
    "plugin": "sweebecom-the-official-wp-plugin",
    "details": "[16-Apr-2025 11:49:30 UTC] PHP Notice:  Function register_uninstall_hook was called <strong>incorrectly</strong>. Only a static class method or function can be used in an uninstall hook. Please see <a href=\"https://developer.wordpress.org/advanced-administration/debug/debug-wordpress/\">Debugging in WordPress</a> for more information. (This message was added in version 3.1.0.) in /wordpress/wp-includes/functions.php on line 6121",
    "log": "/logs/plugins/s/sweebecom-the-official-wp-plugin/error.json"
  },
  {
    "message": "Function register_uninstall_hook was called <strong>incorrectly</strong>. Only a static class method or function can be used in an uninstall hook. Please see <a href=\"https://developer.wordpress.org/advanced-administration/debug/debug-wordpress/\">Debugging in WordPress</a> for more information. (This message was added in version 3.1.0.) in /wordpress/wp-includes/functions.php on line 6121",
    "level": "NOTICE",
    "type": "PHP",
    "test": "jspi-boot",
    "plugin": "sweebecom-the-official-wp-plugin",
    "details": "[16-Apr-2025 11:49:31 UTC] PHP Notice:  Function register_uninstall_hook was called <strong>incorrectly</strong>. Only a static class method or function can be used in an uninstall hook. Please see <a href=\"https://developer.wordpress.org/advanced-administration/debug/debug-wordpress/\">Debugging in WordPress</a> for more information. (This message was added in version 3.1.0.) in /wordpress/wp-includes/functions.php on line 6121",
    "log": "/logs/plugins/s/sweebecom-the-official-wp-plugin/error.json"
  },
  {
    "message": "Function register_uninstall_hook was called <strong>incorrectly</strong>. Only a static class method or function can be used in an uninstall hook. Please see <a href=\"https://developer.wordpress.org/advanced-administration/debug/debug-wordpress/\">Debugging in WordPress</a> for more information. (This message was added in version 3.1.0.) in /wordpress/wp-includes/functions.php on line 6121",
    "level": "NOTICE",
    "type": "PHP",
    "test": "jspi-boot",
    "plugin": "sweebecom-the-official-wp-plugin",
    "details": "[16-Apr-2025 11:49:39 UTC] PHP Notice:  Function register_uninstall_hook was called <strong>incorrectly</strong>. Only a static class method or function can be used in an uninstall hook. Please see <a href=\"https://developer.wordpress.org/advanced-administration/debug/debug-wordpress/\">Debugging in WordPress</a> for more information. (This message was added in version 3.1.0.) in /wordpress/wp-includes/functions.php on line 6121",
    "log": "/logs/plugins/s/sweebecom-the-official-wp-plugin/error.json"
  },
  {
    "message": "Function register_uninstall_hook was called <strong>incorrectly</strong>. Only a static class method or function can be used in an uninstall hook. Please see <a href=\"https://developer.wordpress.org/advanced-administration/debug/debug-wordpress/\">Debugging in WordPress</a> for more information. (This message was added in version 3.1.0.) in /wordpress/wp-includes/functions.php on line 6121",
    "level": "NOTICE",
    "type": "PHP",
    "test": "jspi-boot",
    "plugin": "sweebecom-the-official-wp-plugin",
    "details": "[16-Apr-2025 11:49:40 UTC] PHP Notice:  Function register_uninstall_hook was called <strong>incorrectly</strong>. Only a static class method or function can be used in an uninstall hook. Please see <a href=\"https://developer.wordpress.org/advanced-administration/debug/debug-wordpress/\">Debugging in WordPress</a> for more information. (This message was added in version 3.1.0.) in /wordpress/wp-includes/functions.php on line 6121",
    "log": "/logs/plugins/s/sweebecom-the-official-wp-plugin/error.json"
  },
  {
    "message": "Undefined array key \"REMOTE_ADDR\" in /wordpress/wp-content/plugins/simple-ajax-chat/simple-ajax-chat.php on line 691",
    "level": "WARNING",
    "type": "PHP",
    "test": "jspi-boot",
    "plugin": "sweebecom-the-official-wp-plugin",
    "details": "[16-Apr-2025 11:50:09 UTC] PHP Warning:  Undefined array key \"REMOTE_ADDR\" in /wordpress/wp-content/plugins/simple-ajax-chat/simple-ajax-chat.php on line 691",
    "log": "/logs/plugins/s/sweebecom-the-official-wp-plugin/error.json"
  },
  {
    "message": "Undefined array key \"REMOTE_ADDR\" in /wordpress/wp-content/plugins/simple-ajax-chat/simple-ajax-chat.php on line 691",
    "level": "WARNING",
    "type": "PHP",
    "test": "jspi-boot",
    "plugin": "sweebecom-the-official-wp-plugin",
    "details": "[16-Apr-2025 11:50:18 UTC] PHP Warning:  Undefined array key \"REMOTE_ADDR\" in /wordpress/wp-content/plugins/simple-ajax-chat/simple-ajax-chat.php on line 691",
    "log": "/logs/plugins/s/sweebecom-the-official-wp-plugin/error.json"
  },
  {
    "message": "Undefined array key \"REMOTE_ADDR\" in /wordpress/wp-content/plugins/simple-ajax-chat/simple-ajax-chat.php on line 691",
    "level": "WARNING",
    "type": "PHP",
    "test": "jspi-boot",
    "plugin": "sweebecom-the-official-wp-plugin",
    "details": "[16-Apr-2025 11:50:28 UTC] PHP Warning:  Undefined array key \"REMOTE_ADDR\" in /wordpress/wp-content/plugins/simple-ajax-chat/simple-ajax-chat.php on line 691",
    "log": "/logs/plugins/s/sweebecom-the-official-wp-plugin/error.json"
  },
  {
    "message": "Undefined array key \"action\" in /wordpress/wp-content/plugins/simple-facebook-comments-for-wordpress/SFCController.php on line 18",
    "level": "WARNING",
    "type": "PHP",
    "test": "jspi-boot",
    "plugin": "sweebecom-the-official-wp-plugin",
    "details": "[16-Apr-2025 11:51:05 UTC] PHP Warning:  Undefined array key \"action\" in /wordpress/wp-content/plugins/simple-facebook-comments-for-wordpress/SFCController.php on line 18",
    "log": "/logs/plugins/s/sweebecom-the-official-wp-plugin/error.json"
  },
  {
    "message": "Uncaught PDOException: SQLSTATE[HY000] [2002] Address family not supported by protocol in /wordpress/wp-content/plugins/simple-facebook-comments-for-wordpress/Model/PdoSingleton.php:10",
    "level": "FATAL",
    "type": "PHP",
    "test": "jspi-boot",
    "plugin": "sweebecom-the-official-wp-plugin",
    "details": "[16-Apr-2025 11:51:05 UTC] PHP Fatal error:  Uncaught PDOException: SQLSTATE[HY000] [2002] Address family not supported by protocol in /wordpress/wp-content/plugins/simple-facebook-comments-for-wordpress/Model/PdoSingleton.php:10\nStack trace:\n#0 /wordpress/wp-content/plugins/simple-facebook-comments-for-wordpress/Model/PdoSingleton.php(10): PDO->__construct('mysql:dbname=da...', 'username_here', 'password_here')\n#1 /wordpress/wp-content/plugins/simple-facebook-comments-for-wordpress/Model/PdoSingleton.php(18): PdoSingleton->__construct('database_name_h...', 'localhost', 'username_here', 'password_here')\n#2 /wordpress/wp-content/plugins/simple-facebook-comments-for-wordpress/SFCController.php(25): PdoSingleton::initialize('database_name_h...', 'localhost', 'username_here', 'password_here')\n#3 /wordpress/wp-admin/includes/plugin.php(2387): include_once('/wordpress/wp-c...')\n#4 /wordpress/wp-admin/includes/plugin.php(673): plugin_sandbox_scrape('simple-facebook...')\n#5 /internal/eval.php(20): activate_plugin('simple-facebook...')\n#6 {main}\n  thrown in /wordpress/wp-content/plugins/simple-facebook-comments-for-wordpress/Model/PdoSingleton.php on line 10",
    "log": "/logs/plugins/s/sweebecom-the-official-wp-plugin/error.json"
  },
  {
    "message": "Undefined array key \"action\" in /wordpress/wp-content/plugins/simple-facebook-comments-for-wordpress/SFCController.php on line 18",
    "level": "WARNING",
    "type": "PHP",
    "test": "jspi-boot",
    "plugin": "sweebecom-the-official-wp-plugin",
    "details": "[16-Apr-2025 11:51:12 UTC] PHP Warning:  Undefined array key \"action\" in /wordpress/wp-content/plugins/simple-facebook-comments-for-wordpress/SFCController.php on line 18",
    "log": "/logs/plugins/s/sweebecom-the-official-wp-plugin/error.json"
  },
  {
    "message": "Uncaught PDOException: SQLSTATE[HY000] [2002] Address family not supported by protocol in /wordpress/wp-content/plugins/simple-facebook-comments-for-wordpress/Model/PdoSingleton.php:10",
    "level": "FATAL",
    "type": "PHP",
    "test": "jspi-boot",
    "plugin": "sweebecom-the-official-wp-plugin",
    "details": "[16-Apr-2025 11:51:12 UTC] PHP Fatal error:  Uncaught PDOException: SQLSTATE[HY000] [2002] Address family not supported by protocol in /wordpress/wp-content/plugins/simple-facebook-comments-for-wordpress/Model/PdoSingleton.php:10\nStack trace:\n#0 /wordpress/wp-content/plugins/simple-facebook-comments-for-wordpress/Model/PdoSingleton.php(10): PDO->__construct('mysql:dbname=da...', 'username_here', 'password_here')\n#1 /wordpress/wp-content/plugins/simple-facebook-comments-for-wordpress/Model/PdoSingleton.php(18): PdoSingleton->__construct('database_name_h...', 'localhost', 'username_here', 'password_here')\n#2 /wordpress/wp-content/plugins/simple-facebook-comments-for-wordpress/SFCController.php(25): PdoSingleton::initialize('database_name_h...', 'localhost', 'username_here', 'password_here')\n#3 /wordpress/wp-admin/includes/plugin.php(2387): include_once('/wordpress/wp-c...')\n#4 /wordpress/wp-admin/includes/plugin.php(673): plugin_sandbox_scrape('simple-facebook...')\n#5 /internal/eval.php(20): activate_plugin('simple-facebook...')\n#6 {main}\n  thrown in /wordpress/wp-content/plugins/simple-facebook-comments-for-wordpress/Model/PdoSingleton.php on line 10",
    "log": "/logs/plugins/s/sweebecom-the-official-wp-plugin/error.json"
  },
  {
    "message": "Undefined array key \"action\" in /wordpress/wp-content/plugins/simple-facebook-comments-for-wordpress/SFCController.php on line 18",
    "level": "WARNING",
    "type": "PHP",
    "test": "jspi-boot",
    "plugin": "sweebecom-the-official-wp-plugin",
    "details": "[16-Apr-2025 11:51:19 UTC] PHP Warning:  Undefined array key \"action\" in /wordpress/wp-content/plugins/simple-facebook-comments-for-wordpress/SFCController.php on line 18",
    "log": "/logs/plugins/s/sweebecom-the-official-wp-plugin/error.json"
  },
  {
    "message": "Uncaught PDOException: SQLSTATE[HY000] [2002] Address family not supported by protocol in /wordpress/wp-content/plugins/simple-facebook-comments-for-wordpress/Model/PdoSingleton.php:10",
    "level": "FATAL",
    "type": "PHP",
    "test": "jspi-boot",
    "plugin": "sweebecom-the-official-wp-plugin",
    "details": "[16-Apr-2025 11:51:19 UTC] PHP Fatal error:  Uncaught PDOException: SQLSTATE[HY000] [2002] Address family not supported by protocol in /wordpress/wp-content/plugins/simple-facebook-comments-for-wordpress/Model/PdoSingleton.php:10\nStack trace:\n#0 /wordpress/wp-content/plugins/simple-facebook-comments-for-wordpress/Model/PdoSingleton.php(10): PDO->__construct('mysql:dbname=da...', 'username_here', 'password_here')\n#1 /wordpress/wp-content/plugins/simple-facebook-comments-for-wordpress/Model/PdoSingleton.php(18): PdoSingleton->__construct('database_name_h...', 'localhost', 'username_here', 'password_here')\n#2 /wordpress/wp-content/plugins/simple-facebook-comments-for-wordpress/SFCController.php(25): PdoSingleton::initialize('database_name_h...', 'localhost', 'username_here', 'password_here')\n#3 /wordpress/wp-admin/includes/plugin.php(2387): include_once('/wordpress/wp-c...')\n#4 /wordpress/wp-admin/includes/plugin.php(673): plugin_sandbox_scrape('simple-facebook...')\n#5 /internal/eval.php(20): activate_plugin('simple-facebook...')\n#6 {main}\n  thrown in /wordpress/wp-content/plugins/simple-facebook-comments-for-wordpress/Model/PdoSingleton.php on line 10",
    "log": "/logs/plugins/s/sweebecom-the-official-wp-plugin/error.json"
  },
  {
    "message": "Function _load_textdomain_just_in_time was called <strong>incorrectly</strong>. Translation loading for the <code>solo-blocks</code> domain was triggered too early. This is usually an indicator for some code in the plugin or theme running too early. Translations should be loaded at the <code>init</code> action or later. Please see <a href=\"https://developer.wordpress.org/advanced-administration/debug/debug-wordpress/\">Debugging in WordPress</a> for more information. (This message was added in version 6.7.0.) in /wordpress/wp-includes/functions.php on line 6121",
    "level": "NOTICE",
    "type": "PHP",
    "test": "jspi-boot",
    "plugin": "sweebecom-the-official-wp-plugin",
    "details": "[16-Apr-2025 11:51:30 UTC] PHP Notice:  Function _load_textdomain_just_in_time was called <strong>incorrectly</strong>. Translation loading for the <code>solo-blocks</code> domain was triggered too early. This is usually an indicator for some code in the plugin or theme running too early. Translations should be loaded at the <code>init</code> action or later. Please see <a href=\"https://developer.wordpress.org/advanced-administration/debug/debug-wordpress/\">Debugging in WordPress</a> for more information. (This message was added in version 6.7.0.) in /wordpress/wp-includes/functions.php on line 6121",
    "log": "/logs/plugins/s/sweebecom-the-official-wp-plugin/error.json"
  },
  {
    "message": "Function _load_textdomain_just_in_time was called <strong>incorrectly</strong>. Translation loading for the <code>solo-blocks</code> domain was triggered too early. This is usually an indicator for some code in the plugin or theme running too early. Translations should be loaded at the <code>init</code> action or later. Please see <a href=\"https://developer.wordpress.org/advanced-administration/debug/debug-wordpress/\">Debugging in WordPress</a> for more information. (This message was added in version 6.7.0.) in /wordpress/wp-includes/functions.php on line 6121",
    "level": "NOTICE",
    "type": "PHP",
    "test": "jspi-boot",
    "plugin": "sweebecom-the-official-wp-plugin",
    "details": "[16-Apr-2025 11:51:40 UTC] PHP Notice:  Function _load_textdomain_just_in_time was called <strong>incorrectly</strong>. Translation loading for the <code>solo-blocks</code> domain was triggered too early. This is usually an indicator for some code in the plugin or theme running too early. Translations should be loaded at the <code>init</code> action or later. Please see <a href=\"https://developer.wordpress.org/advanced-administration/debug/debug-wordpress/\">Debugging in WordPress</a> for more information. (This message was added in version 6.7.0.) in /wordpress/wp-includes/functions.php on line 6121",
    "log": "/logs/plugins/s/sweebecom-the-official-wp-plugin/error.json"
  },
  {
    "message": "Function _load_textdomain_just_in_time was called <strong>incorrectly</strong>. Translation loading for the <code>solo-blocks</code> domain was triggered too early. This is usually an indicator for some code in the plugin or theme running too early. Translations should be loaded at the <code>init</code> action or later. Please see <a href=\"https://developer.wordpress.org/advanced-administration/debug/debug-wordpress/\">Debugging in WordPress</a> for more information. (This message was added in version 6.7.0.) in /wordpress/wp-includes/functions.php on line 6121",
    "level": "NOTICE",
    "type": "PHP",
    "test": "jspi-boot",
    "plugin": "sweebecom-the-official-wp-plugin",
    "details": "[16-Apr-2025 11:51:50 UTC] PHP Notice:  Function _load_textdomain_just_in_time was called <strong>incorrectly</strong>. Translation loading for the <code>solo-blocks</code> domain was triggered too early. This is usually an indicator for some code in the plugin or theme running too early. Translations should be loaded at the <code>init</code> action or later. Please see <a href=\"https://developer.wordpress.org/advanced-administration/debug/debug-wordpress/\">Debugging in WordPress</a> for more information. (This message was added in version 6.7.0.) in /wordpress/wp-includes/functions.php on line 6121",
    "log": "/logs/plugins/s/sweebecom-the-official-wp-plugin/error.json"
  },
  {
    "message": "Undefined array key 0 in /wordpress/wp-includes/plugin.php on line 1001",
    "level": "WARNING",
    "type": "PHP",
    "test": "jspi-boot",
    "plugin": "sweebecom-the-official-wp-plugin",
    "details": "[16-Apr-2025 11:52:01 UTC] PHP Warning:  Undefined array key 0 in /wordpress/wp-includes/plugin.php on line 1001",
    "log": "/logs/plugins/s/sweebecom-the-official-wp-plugin/error.json"
  },
  {
    "message": "Undefined array key 0 in /wordpress/wp-includes/plugin.php on line 1004",
    "level": "WARNING",
    "type": "PHP",
    "test": "jspi-boot",
    "plugin": "sweebecom-the-official-wp-plugin",
    "details": "[16-Apr-2025 11:52:01 UTC] PHP Warning:  Undefined array key 0 in /wordpress/wp-includes/plugin.php on line 1004",
    "log": "/logs/plugins/s/sweebecom-the-official-wp-plugin/error.json"
  },
  {
    "message": "Undefined array key 0 in /wordpress/wp-includes/plugin.php on line 1001",
    "level": "WARNING",
    "type": "PHP",
    "test": "jspi-boot",
    "plugin": "sweebecom-the-official-wp-plugin",
    "details": "[16-Apr-2025 11:52:01 UTC] PHP Warning:  Undefined array key 0 in /wordpress/wp-includes/plugin.php on line 1001",
    "log": "/logs/plugins/s/sweebecom-the-official-wp-plugin/error.json"
  },
  {
    "message": "Undefined array key 0 in /wordpress/wp-includes/plugin.php on line 1004",
    "level": "WARNING",
    "type": "PHP",
    "test": "jspi-boot",
    "plugin": "sweebecom-the-official-wp-plugin",
    "details": "[16-Apr-2025 11:52:01 UTC] PHP Warning:  Undefined array key 0 in /wordpress/wp-includes/plugin.php on line 1004",
    "log": "/logs/plugins/s/sweebecom-the-official-wp-plugin/error.json"
  },
  {
    "message": "Undefined array key 0 in /wordpress/wp-includes/plugin.php on line 1001",
    "level": "WARNING",
    "type": "PHP",
    "test": "jspi-boot",
    "plugin": "sweebecom-the-official-wp-plugin",
    "details": "[16-Apr-2025 11:52:08 UTC] PHP Warning:  Undefined array key 0 in /wordpress/wp-includes/plugin.php on line 1001",
    "log": "/logs/plugins/s/sweebecom-the-official-wp-plugin/error.json"
  },
  {
    "message": "Undefined array key 0 in /wordpress/wp-includes/plugin.php on line 1004",
    "level": "WARNING",
    "type": "PHP",
    "test": "jspi-boot",
    "plugin": "sweebecom-the-official-wp-plugin",
    "details": "[16-Apr-2025 11:52:08 UTC] PHP Warning:  Undefined array key 0 in /wordpress/wp-includes/plugin.php on line 1004",
    "log": "/logs/plugins/s/sweebecom-the-official-wp-plugin/error.json"
  },
  {
    "message": "Undefined array key 0 in /wordpress/wp-includes/plugin.php on line 1001",
    "level": "WARNING",
    "type": "PHP",
    "test": "jspi-boot",
    "plugin": "sweebecom-the-official-wp-plugin",
    "details": "[16-Apr-2025 11:52:08 UTC] PHP Warning:  Undefined array key 0 in /wordpress/wp-includes/plugin.php on line 1001",
    "log": "/logs/plugins/s/sweebecom-the-official-wp-plugin/error.json"
  },
  {
    "message": "Undefined array key 0 in /wordpress/wp-includes/plugin.php on line 1004",
    "level": "WARNING",
    "type": "PHP",
    "test": "jspi-boot",
    "plugin": "sweebecom-the-official-wp-plugin",
    "details": "[16-Apr-2025 11:52:08 UTC] PHP Warning:  Undefined array key 0 in /wordpress/wp-includes/plugin.php on line 1004",
    "log": "/logs/plugins/s/sweebecom-the-official-wp-plugin/error.json"
  },
  {
    "message": "Undefined array key 0 in /wordpress/wp-includes/plugin.php on line 1001",
    "level": "WARNING",
    "type": "PHP",
    "test": "jspi-boot",
    "plugin": "sweebecom-the-official-wp-plugin",
    "details": "[16-Apr-2025 11:52:18 UTC] PHP Warning:  Undefined array key 0 in /wordpress/wp-includes/plugin.php on line 1001",
    "log": "/logs/plugins/s/sweebecom-the-official-wp-plugin/error.json"
  },
  {
    "message": "Undefined array key 0 in /wordpress/wp-includes/plugin.php on line 1004",
    "level": "WARNING",
    "type": "PHP",
    "test": "jspi-boot",
    "plugin": "sweebecom-the-official-wp-plugin",
    "details": "[16-Apr-2025 11:52:18 UTC] PHP Warning:  Undefined array key 0 in /wordpress/wp-includes/plugin.php on line 1004",
    "log": "/logs/plugins/s/sweebecom-the-official-wp-plugin/error.json"
  },
  {
    "message": "Undefined array key 0 in /wordpress/wp-includes/plugin.php on line 1001",
    "level": "WARNING",
    "type": "PHP",
    "test": "jspi-boot",
    "plugin": "sweebecom-the-official-wp-plugin",
    "details": "[16-Apr-2025 11:52:18 UTC] PHP Warning:  Undefined array key 0 in /wordpress/wp-includes/plugin.php on line 1001",
    "log": "/logs/plugins/s/sweebecom-the-official-wp-plugin/error.json"
  },
  {
    "message": "Undefined array key 0 in /wordpress/wp-includes/plugin.php on line 1004",
    "level": "WARNING",
    "type": "PHP",
    "test": "jspi-boot",
    "plugin": "sweebecom-the-official-wp-plugin",
    "details": "[16-Apr-2025 11:52:18 UTC] PHP Warning:  Undefined array key 0 in /wordpress/wp-includes/plugin.php on line 1004",
    "log": "/logs/plugins/s/sweebecom-the-official-wp-plugin/error.json"
  },
  {
    "message": "Function _load_textdomain_just_in_time was called <strong>incorrectly</strong>. Translation loading for the <code>sticky-list</code> domain was triggered too early. This is usually an indicator for some code in the plugin or theme running too early. Translations should be loaded at the <code>init</code> action or later. Please see <a href=\"https://developer.wordpress.org/advanced-administration/debug/debug-wordpress/\">Debugging in WordPress</a> for more information. (This message was added in version 6.7.0.) in /wordpress/wp-includes/functions.php on line 6121",
    "level": "NOTICE",
    "type": "PHP",
    "test": "jspi-boot",
    "plugin": "sweebecom-the-official-wp-plugin",
    "details": "[16-Apr-2025 11:52:30 UTC] PHP Notice:  Function _load_textdomain_just_in_time was called <strong>incorrectly</strong>. Translation loading for the <code>sticky-list</code> domain was triggered too early. This is usually an indicator for some code in the plugin or theme running too early. Translations should be loaded at the <code>init</code> action or later. Please see <a href=\"https://developer.wordpress.org/advanced-administration/debug/debug-wordpress/\">Debugging in WordPress</a> for more information. (This message was added in version 6.7.0.) in /wordpress/wp-includes/functions.php on line 6121",
    "log": "/logs/plugins/s/sweebecom-the-official-wp-plugin/error.json"
  },
  {
    "message": "Function _load_textdomain_just_in_time was called <strong>incorrectly</strong>. Translation loading for the <code>sticky-list</code> domain was triggered too early. This is usually an indicator for some code in the plugin or theme running too early. Translations should be loaded at the <code>init</code> action or later. Please see <a href=\"https://developer.wordpress.org/advanced-administration/debug/debug-wordpress/\">Debugging in WordPress</a> for more information. (This message was added in version 6.7.0.) in /wordpress/wp-includes/functions.php on line 6121",
    "level": "NOTICE",
    "type": "PHP",
    "test": "jspi-boot",
    "plugin": "sweebecom-the-official-wp-plugin",
    "details": "[16-Apr-2025 11:52:41 UTC] PHP Notice:  Function _load_textdomain_just_in_time was called <strong>incorrectly</strong>. Translation loading for the <code>sticky-list</code> domain was triggered too early. This is usually an indicator for some code in the plugin or theme running too early. Translations should be loaded at the <code>init</code> action or later. Please see <a href=\"https://developer.wordpress.org/advanced-administration/debug/debug-wordpress/\">Debugging in WordPress</a> for more information. (This message was added in version 6.7.0.) in /wordpress/wp-includes/functions.php on line 6121",
    "log": "/logs/plugins/s/sweebecom-the-official-wp-plugin/error.json"
  },
  {
    "message": "Function _load_textdomain_just_in_time was called <strong>incorrectly</strong>. Translation loading for the <code>sticky-list</code> domain was triggered too early. This is usually an indicator for some code in the plugin or theme running too early. Translations should be loaded at the <code>init</code> action or later. Please see <a href=\"https://developer.wordpress.org/advanced-administration/debug/debug-wordpress/\">Debugging in WordPress</a> for more information. (This message was added in version 6.7.0.) in /wordpress/wp-includes/functions.php on line 6121",
    "level": "NOTICE",
    "type": "PHP",
    "test": "jspi-boot",
    "plugin": "sweebecom-the-official-wp-plugin",
    "details": "[16-Apr-2025 11:52:52 UTC] PHP Notice:  Function _load_textdomain_just_in_time was called <strong>incorrectly</strong>. Translation loading for the <code>sticky-list</code> domain was triggered too early. This is usually an indicator for some code in the plugin or theme running too early. Translations should be loaded at the <code>init</code> action or later. Please see <a href=\"https://developer.wordpress.org/advanced-administration/debug/debug-wordpress/\">Debugging in WordPress</a> for more information. (This message was added in version 6.7.0.) in /wordpress/wp-includes/functions.php on line 6121\n\n    at Object.onBind (file:///home/runner/work/playground-tester/playground-tester/node_modules/@wp-playground/cli/index.js:237:15)\n    at process.processTicksAndRejections (node:internal/process/task_queues:105:5)\n    at async V (file:///home/runner/work/playground-tester/playground-tester/node_modules/@wp-playground/cli/index.js:64:10)\n    at async ja (file:///home/runner/work/playground-tester/playground-tester/node_modules/@wp-playground/cli/cli.js:8161:12) {\n  [cause]: Error: Error when executing the blueprint step #1 ({\"step\":\"installPlugin\",\"pluginData\":{\"resource\":\"wordpress.org/plugins\",\"slug\":\"sweebecom-the-official-wp-plugin\"},\"options\":{\"activate\":true}}) : Could not download \"https://downloads.wordpress.org/plugin/sweebecom-the-official-wp-plugin.latest-stable.zip\".\n  \t\t\t\tCheck if the URL is correct and the server is reachable.\n  \t\t\t\tIf it is reachable, the server might be blocking the request.\n  \t\t\t\tCheck the browser console and network tabs for more information.\n  \n  \t\t\t\t## Does the console show the error \"No 'Access-Control-Allow-Origin' header\"?\n  \n  \t\t\t\tThis means the server that hosts your file does not allow requests from other sites\n  \t\t\t\t(cross-origin requests, or CORS).\tYou need to move the asset to a server that allows\n  \t\t\t\tcross-origin file downloads. Learn more about CORS at\n  \t\t\t\thttps://developer.mozilla.org/en-US/docs/Web/HTTP/CORS.\n  \n  \t\t\t\tIf your file is on GitHub, load it from \"raw.githubusercontent.com\".\n  \t\t\t\tHere's how to do that:\n  \n  \t\t\t\t1. Start with the original GitHub URL of the file. For example:\n  \t\t\t\thttps://github.com/username/repository/blob/branch/filename.\n  \t\t\t\t2. Replace \"github.com\" with \"raw.githubusercontent.com\".\n  \t\t\t\t3. Remove the \"/blob/\" part of the URL.\n  \n  \t\t\t\tThe resulting URL should look like this:\n  \t\t\t\thttps://raw.githubusercontent.com/username/repository/branch/filename\n  \n  \t\t\t\tError:\n  \t\t\t\tError: Could not download \"https://downloads.wordpress.org/plugin/sweebecom-the-official-wp-plugin.latest-stable.zip\"\n      at Object.run (file:///home/runner/work/playground-tester/playground-tester/node_modules/@wp-playground/blueprints/index.js:12449:19)\n      at process.processTicksAndRejections (node:internal/process/task_queues:105:5)\n      at async ms (file:///home/runner/work/playground-tester/playground-tester/node_modules/@wp-playground/blueprints/index.js:12552:3)\n      at async Object.onBind (file:///home/runner/work/playground-tester/playground-tester/node_modules/@wp-playground/cli/index.js:227:48)\n      at async V (file:///home/runner/work/playground-tester/playground-tester/node_modules/@wp-playground/cli/index.js:64:10)\n      at async ja (file:///home/runner/work/playground-tester/playground-tester/node_modules/@wp-playground/cli/cli.js:8161:12) {\n    [cause]: Error: Could not download \"https://downloads.wordpress.org/plugin/sweebecom-the-official-wp-plugin.latest-stable.zip\".\n    \t\t\t\tCheck if the URL is correct and the server is reachable.\n    \t\t\t\tIf it is reachable, the server might be blocking the request.\n    \t\t\t\tCheck the browser console and network tabs for more information.\n    \n    \t\t\t\t## Does the console show the error \"No 'Access-Control-Allow-Origin' header\"?\n    \n    \t\t\t\tThis means the server that hosts your file does not allow requests from other sites\n    \t\t\t\t(cross-origin requests, or CORS).\tYou need to move the asset to a server that allows\n    \t\t\t\tcross-origin file downloads. Learn more about CORS at\n    \t\t\t\thttps://developer.mozilla.org/en-US/docs/Web/HTTP/CORS.\n    \n    \t\t\t\tIf your file is on GitHub, load it from \"raw.githubusercontent.com\".\n    \t\t\t\tHere's how to do that:\n    \n    \t\t\t\t1. Start with the original GitHub URL of the file. For example:\n    \t\t\t\thttps://github.com/username/repository/blob/branch/filename.\n    \t\t\t\t2. Replace \"github.com\" with \"raw.githubusercontent.com\".\n    \t\t\t\t3. Remove the \"/blob/\" part of the URL.\n    \n    \t\t\t\tThe resulting URL should look like this:\n    \t\t\t\thttps://raw.githubusercontent.com/username/repository/branch/filename\n    \n    \t\t\t\tError:\n    \t\t\t\tError: Could not download \"https://downloads.wordpress.org/plugin/sweebecom-the-official-wp-plugin.latest-stable.zip\"\n        at Ct.resolve (file:///home/runner/work/playground-tester/playground-tester/node_modules/@wp-playground/blueprints/index.js:1472:13)\n        at process.processTicksAndRejections (node:internal/process/task_queues:105:5)\n        at async _.run (file:///home/runner/work/playground-tester/playground-tester/node_modules/@php-wasm/util/index.js:45:14)\n  }\n}\n\n",
    "log": "/logs/plugins/s/sweebecom-the-official-wp-plugin/error.json"
  }
]
