file:///home/runner/work/playground-tester/playground-tester/node_modules/@wp-playground/cli/index.js:237
        throw new Error(y, { cause: u });
              ^

Error: [30-May-2025 16:35:22 UTC] PHP Notice:  Function wp_register_style was called <strong>incorrectly</strong>. Scripts and styles should not be registered or enqueued until the <code>wp_enqueue_scripts</code>, <code>admin_enqueue_scripts</code>, or <code>login_enqueue_scripts</code> hooks. This notice was triggered by the <code>syntaxhighlighter-theme-spacegray</code> handle. Please see <a href="https://developer.wordpress.org/advanced-administration/debug/debug-wordpress/">Debugging in WordPress</a> for more information. (This message was added in version 3.3.0.) in /wordpress/wp-includes/functions.php on line 6121
[30-May-2025 16:35:22 UTC] PHP Notice:  Function is_feed was called <strong>incorrectly</strong>. Conditional query tags do not work before the query is run. Before then, they always return false. Please see <a href="https://developer.wordpress.org/advanced-administration/debug/debug-wordpress/">Debugging in WordPress</a> for more information. (This message was added in version 3.1.0.) in /wordpress/wp-includes/functions.php on line 6121
[30-May-2025 16:35:22 UTC] PHP Notice:  Function wp_register_style was called <strong>incorrectly</strong>. Scripts and styles should not be registered or enqueued until the <code>wp_enqueue_scripts</code>, <code>admin_enqueue_scripts</code>, or <code>login_enqueue_scripts</code> hooks. This notice was triggered by the <code>syntaxhighlighter-theme-spacegray-light</code> handle. Please see <a href="https://developer.wordpress.org/advanced-administration/debug/debug-wordpress/">Debugging in WordPress</a> for more information. (This message was added in version 3.3.0.) in /wordpress/wp-includes/functions.php on line 6121
[30-May-2025 16:35:31 UTC] PHP Notice:  Function wp_register_style was called <strong>incorrectly</strong>. Scripts and styles should not be registered or enqueued until the <code>wp_enqueue_scripts</code>, <code>admin_enqueue_scripts</code>, or <code>login_enqueue_scripts</code> hooks. This notice was triggered by the <code>syntaxhighlighter-theme-spacegray</code> handle. Please see <a href="https://developer.wordpress.org/advanced-administration/debug/debug-wordpress/">Debugging in WordPress</a> for more information. (This message was added in version 3.3.0.) in /wordpress/wp-includes/functions.php on line 6121
[30-May-2025 16:35:31 UTC] PHP Notice:  Function is_feed was called <strong>incorrectly</strong>. Conditional query tags do not work before the query is run. Before then, they always return false. Please see <a href="https://developer.wordpress.org/advanced-administration/debug/debug-wordpress/">Debugging in WordPress</a> for more information. (This message was added in version 3.1.0.) in /wordpress/wp-includes/functions.php on line 6121
[30-May-2025 16:35:31 UTC] PHP Notice:  Function wp_register_style was called <strong>incorrectly</strong>. Scripts and styles should not be registered or enqueued until the <code>wp_enqueue_scripts</code>, <code>admin_enqueue_scripts</code>, or <code>login_enqueue_scripts</code> hooks. This notice was triggered by the <code>syntaxhighlighter-theme-spacegray-light</code> handle. Please see <a href="https://developer.wordpress.org/advanced-administration/debug/debug-wordpress/">Debugging in WordPress</a> for more information. (This message was added in version 3.3.0.) in /wordpress/wp-includes/functions.php on line 6121
[30-May-2025 16:35:40 UTC] PHP Notice:  Function wp_register_style was called <strong>incorrectly</strong>. Scripts and styles should not be registered or enqueued until the <code>wp_enqueue_scripts</code>, <code>admin_enqueue_scripts</code>, or <code>login_enqueue_scripts</code> hooks. This notice was triggered by the <code>syntaxhighlighter-theme-spacegray</code> handle. Please see <a href="https://developer.wordpress.org/advanced-administration/debug/debug-wordpress/">Debugging in WordPress</a> for more information. (This message was added in version 3.3.0.) in /wordpress/wp-includes/functions.php on line 6121
[30-May-2025 16:35:40 UTC] PHP Notice:  Function is_feed was called <strong>incorrectly</strong>. Conditional query tags do not work before the query is run. Before then, they always return false. Please see <a href="https://developer.wordpress.org/advanced-administration/debug/debug-wordpress/">Debugging in WordPress</a> for more information. (This message was added in version 3.1.0.) in /wordpress/wp-includes/functions.php on line 6121
[30-May-2025 16:35:40 UTC] PHP Notice:  Function wp_register_style was called <strong>incorrectly</strong>. Scripts and styles should not be registered or enqueued until the <code>wp_enqueue_scripts</code>, <code>admin_enqueue_scripts</code>, or <code>login_enqueue_scripts</code> hooks. This notice was triggered by the <code>syntaxhighlighter-theme-spacegray-light</code> handle. Please see <a href="https://developer.wordpress.org/advanced-administration/debug/debug-wordpress/">Debugging in WordPress</a> for more information. (This message was added in version 3.3.0.) in /wordpress/wp-includes/functions.php on line 6121
[30-May-2025 16:35:49 UTC] PHP Fatal error:  Array and string offset access syntax with curly braces is no longer supported in /wordpress/wp-content/plugins/sales-pop/vendor/sentry/sentry/lib/Raven/Client.php on line 326
[30-May-2025 16:35:58 UTC] PHP Fatal error:  Array and string offset access syntax with curly braces is no longer supported in /wordpress/wp-content/plugins/sales-pop/vendor/sentry/sentry/lib/Raven/Client.php on line 326
[30-May-2025 16:36:07 UTC] PHP Fatal error:  Array and string offset access syntax with curly braces is no longer supported in /wordpress/wp-content/plugins/sales-pop/vendor/sentry/sentry/lib/Raven/Client.php on line 326
[30-May-2025 16:36:16 UTC] PHP Fatal error:  Uncaught Error: Undefined constant "RIDWPAISWP30" in /wordpress/wp-content/plugins/sayitright-embed/admin/class-sayitright-embed-admin.php:49
Stack trace:
#0 /wordpress/wp-content/plugins/sayitright-embed/sayitright-embed.php(56): Sayitright_Embed_Admin->__construct()
#1 /wordpress/wp-admin/includes/plugin.php(2387): include_once('/wordpress/wp-c...')
#2 /wordpress/wp-admin/includes/plugin.php(673): plugin_sandbox_scrape('sayitright-embe...')
#3 /internal/eval.php(20): activate_plugin('sayitright-embe...')
#4 {main}
  thrown in /wordpress/wp-content/plugins/sayitright-embed/admin/class-sayitright-embed-admin.php on line 49
[30-May-2025 16:36:24 UTC] PHP Fatal error:  Uncaught Error: Undefined constant "RIDWPAISWP30" in /wordpress/wp-content/plugins/sayitright-embed/admin/class-sayitright-embed-admin.php:49
Stack trace:
#0 /wordpress/wp-content/plugins/sayitright-embed/sayitright-embed.php(56): Sayitright_Embed_Admin->__construct()
#1 /wordpress/wp-admin/includes/plugin.php(2387): include_once('/wordpress/wp-c...')
#2 /wordpress/wp-admin/includes/plugin.php(673): plugin_sandbox_scrape('sayitright-embe...')
#3 /internal/eval.php(20): activate_plugin('sayitright-embe...')
#4 {main}
  thrown in /wordpress/wp-content/plugins/sayitright-embed/admin/class-sayitright-embed-admin.php on line 49
[30-May-2025 16:36:32 UTC] PHP Fatal error:  Uncaught Error: Undefined constant "RIDWPAISWP30" in /wordpress/wp-content/plugins/sayitright-embed/admin/class-sayitright-embed-admin.php:49
Stack trace:
#0 /wordpress/wp-content/plugins/sayitright-embed/sayitright-embed.php(56): Sayitright_Embed_Admin->__construct()
#1 /wordpress/wp-admin/includes/plugin.php(2387): include_once('/wordpress/wp-c...')
#2 /wordpress/wp-admin/includes/plugin.php(673): plugin_sandbox_scrape('sayitright-embe...')
#3 /internal/eval.php(20): activate_plugin('sayitright-embe...')
#4 {main}
  thrown in /wordpress/wp-content/plugins/sayitright-embed/admin/class-sayitright-embed-admin.php on line 49
[30-May-2025 16:36:42 UTC] PHP Deprecated:  Function add_option was called with an argument that is <strong>deprecated</strong> since version 2.3.0 with no alternative available. in /wordpress/wp-includes/functions.php on line 6121
[30-May-2025 16:36:43 UTC] PHP Deprecated:  Function add_option was called with an argument that is <strong>deprecated</strong> since version 2.3.0 with no alternative available. in /wordpress/wp-includes/functions.php on line 6121
[30-May-2025 16:36:50 UTC] PHP Deprecated:  Function add_option was called with an argument that is <strong>deprecated</strong> since version 2.3.0 with no alternative available. in /wordpress/wp-includes/functions.php on line 6121
[30-May-2025 16:36:51 UTC] PHP Deprecated:  Function add_option was called with an argument that is <strong>deprecated</strong> since version 2.3.0 with no alternative available. in /wordpress/wp-includes/functions.php on line 6121
[30-May-2025 16:37:00 UTC] PHP Deprecated:  Function add_option was called with an argument that is <strong>deprecated</strong> since version 2.3.0 with no alternative available. in /wordpress/wp-includes/functions.php on line 6121
[30-May-2025 16:37:01 UTC] PHP Deprecated:  Function add_option was called with an argument that is <strong>deprecated</strong> since version 2.3.0 with no alternative available. in /wordpress/wp-includes/functions.php on line 6121
[30-May-2025 16:37:11 UTC] PHP Notice:  Function _load_textdomain_just_in_time was called <strong>incorrectly</strong>. Translation loading for the <code>scheduled-post-unstick</code> domain was triggered too early. This is usually an indicator for some code in the plugin or theme running too early. Translations should be loaded at the <code>init</code> action or later. Please see <a href="https://developer.wordpress.org/advanced-administration/debug/debug-wordpress/">Debugging in WordPress</a> for more information. (This message was added in version 6.7.0.) in /wordpress/wp-includes/functions.php on line 6121
[30-May-2025 16:37:20 UTC] PHP Notice:  Function _load_textdomain_just_in_time was called <strong>incorrectly</strong>. Translation loading for the <code>scheduled-post-unstick</code> domain was triggered too early. This is usually an indicator for some code in the plugin or theme running too early. Translations should be loaded at the <code>init</code> action or later. Please see <a href="https://developer.wordpress.org/advanced-administration/debug/debug-wordpress/">Debugging in WordPress</a> for more information. (This message was added in version 6.7.0.) in /wordpress/wp-includes/functions.php on line 6121
[30-May-2025 16:37:28 UTC] PHP Notice:  Function _load_textdomain_just_in_time was called <strong>incorrectly</strong>. Translation loading for the <code>scheduled-post-unstick</code> domain was triggered too early. This is usually an indicator for some code in the plugin or theme running too early. Translations should be loaded at the <code>init</code> action or later. Please see <a href="https://developer.wordpress.org/advanced-administration/debug/debug-wordpress/">Debugging in WordPress</a> for more information. (This message was added in version 6.7.0.) in /wordpress/wp-includes/functions.php on line 6121
[30-May-2025 16:38:44 UTC] WordPress database error <div style="clear:both">&nbsp;</div>
<div class="queries" style="clear:both;margin-bottom:2px;border:red dotted thin;">
<p>MySQL query:</p>
<p>CREATE TABLE wp_ami_share_socials_settings (
			id BIGINT( 20 ) NOT NULL AUTO_INCREMENT PRIMARY KEY ,
			name TEXT NULL,
			status bool NULL
		) DEFAULT CHARACTER SET utf8mb4</p>
<p>Queries made or created this session were:</p>
<ol>
<li>Executing: BEGIN | (no parameters)</li>
<li>Executing: INSERT INTO _mysql_data_types_cache (`table`, `column_or_index`, `mysql_type`)
				VALUES (:table, :column, :datatype)
				ON CONFLICT(`table`, `column_or_index`) DO UPDATE SET `mysql_type` = :datatype
			 | parameters: wp_ami_share_socials_settings, id, bigint(20)</li>
<li>Executing: INSERT INTO _mysql_data_types_cache (`table`, `column_or_index`, `mysql_type`)
				VALUES (:table, :column, :datatype)
				ON CONFLICT(`table`, `column_or_index`) DO UPDATE SET `mysql_type` = :datatype
			 | parameters: wp_ami_share_socials_settings, name, text</li>
<li>Executing: CREATE TABLE &quot;wp_ami_share_socials_settings&quot; (
&quot;id&quot; integer PRIMARY KEY AUTOINCREMENT NOT NULL ON CONFLICT REPLACE DEFAULT 0,
&quot;name&quot; text COLLATE NOCASE) | (no parameters)</li>
<li>Executing: CREATE  INDEX  &quot;wp_ami_share_socials_settings__&quot; ON &quot;wp_ami_share_socials_settings&quot; (&quot;&quot;) | (no parameters)</li>
<li>Executing: INSERT INTO _mysql_data_types_cache (`table`, `column_or_index`, `mysql_type`)
				VALUES (:table, :column, :datatype)
				ON CONFLICT(`table`, `column_or_index`) DO UPDATE SET `mysql_type` = :datatype
			 | parameters: wp_ami_share_socials_settings, wp_ami_share_socials_settings__, </li>
<li>Executing: ROLLBACK | (no parameters)</li>
</ol>
</div>
<div style="clear:both;margin-bottom:2px;border:red dotted thin;" class="error_message" style="border-bottom:dotted blue thin;">
Error occurred at line 4117 in Function <code>handle_error</code>. Error message was: SQLSTATE[23000]: Integrity constraint violation: 19 NOT NULL constraint failed: _mysql_data_types_cache.mysql_type.
</div>
<p>Backtrace:</p>
<pre>#0 /internal/shared/sqlite-database-integration/wp-includes/sqlite/class-wp-sqlite-db.php(287): WP_SQLite_Translator->get_error_message()
#1 /wordpress/wp-admin/includes/upgrade.php(3280): WP_SQLite_DB->query('CREATE TABLE wp...')
#2 /wordpress/wp-content/plugins/share-social-networks/includes/class-share-sociale-networks-activator.php(44): dbDelta(Array)
#3 /wordpress/wp-content/plugins/share-social-networks/share-sociale-networks.php(51): Share_Sociale_Networks_Activator::activate()
#4 /wordpress/wp-includes/class-wp-hook.php(324): activate_share_sociale_networks(false)
#5 /wordpress/wp-includes/class-wp-hook.php(348): WP_Hook->apply_filters('', Array)
#6 /wordpress/wp-includes/plugin.php(517): WP_Hook->do_action(Array)
#7 /wordpress/wp-admin/includes/plugin.php(703): do_action('activate_share-...', false)
#8 /internal/eval.php(20): activate_plugin('share-social-ne...')
#9 {main}</pre>
 for query CREATE TABLE wp_ami_share_socials_settings (
			id BIGINT( 20 ) NOT NULL AUTO_INCREMENT PRIMARY KEY ,
			name TEXT NULL,
			status bool NULL
		) DEFAULT CHARACTER SET utf8mb4 made by activate_plugin, do_action('activate_share-social-networks/share-sociale-networks.php'), WP_Hook->do_action, WP_Hook->apply_filters, activate_share_sociale_networks, Share_Sociale_Networks_Activator::activate, dbDelta, WP_SQLite_DB->query, WP_SQLite_DB->print_error
[30-May-2025 16:38:44 UTC] WordPress database error <div style="clear:both">&nbsp;</div>
<div class="queries" style="clear:both;margin-bottom:2px;border:red dotted thin;">
<p>MySQL query:</p>
<p>INSERT INTO `wp_ami_share_socials_settings` (`name`, `status`)VALUES ('facebook', TRUE),('linkedin', TRUE),('pinterest', TRUE),('reddit', TRUE),('telegram', TRUE),('tumblr', TRUE),('twitter', TRUE),('vk', TRUE);</p>
<p>Queries made or created this session were:</p>
<ol>
<li>Executing: BEGIN | (no parameters)</li>
<li>Executing: INSERT INTO `wp_ami_share_socials_settings` (`name`, `status`)VALUES (:param0 , TRUE),(:param1 , TRUE),(:param2 , TRUE),(:param3 , TRUE),(:param4 , TRUE),(:param5 , TRUE),(:param6 , TRUE),(:param7 , TRUE); | parameters: facebook, linkedin, pinterest, reddit, telegram, tumblr, twitter, vk</li>
<li>Executing: ROLLBACK | (no parameters)</li>
</ol>
</div>
<div style="clear:both;margin-bottom:2px;border:red dotted thin;" class="error_message" style="border-bottom:dotted blue thin;">
Error occurred at line 4117 in Function <code>handle_error</code>. Error message was: SQLSTATE[HY000]: General error: 1 no such table: wp_ami_share_socials_settings.
</div>
<p>Backtrace:</p>
<pre>#0 /internal/shared/sqlite-database-integration/wp-includes/sqlite/class-wp-sqlite-db.php(287): WP_SQLite_Translator->get_error_message()
#1 /wordpress/wp-content/plugins/share-social-networks/includes/class-share-sociale-networks-activator.php(68): WP_SQLite_DB->query('INSERT INTO `wp...')
#2 /wordpress/wp-content/plugins/share-social-networks/share-sociale-networks.php(51): Share_Sociale_Networks_Activator::activate()
#3 /wordpress/wp-includes/class-wp-hook.php(324): activate_share_sociale_networks(false)
#4 /wordpress/wp-includes/class-wp-hook.php(348): WP_Hook->apply_filters('', Array)
#5 /wordpress/wp-includes/plugin.php(517): WP_Hook->do_action(Array)
#6 /wordpress/wp-admin/includes/plugin.php(703): do_action('activate_share-...', false)
#7 /internal/eval.php(20): activate_plugin('share-social-ne...')
#8 {main}</pre>
 for query INSERT INTO `wp_ami_share_socials_settings` (`name`, `status`)VALUES ('facebook', TRUE),('linkedin', TRUE),('pinterest', TRUE),('reddit', TRUE),('telegram', TRUE),('tumblr', TRUE),('twitter', TRUE),('vk', TRUE); made by activate_plugin, do_action('activate_share-social-networks/share-sociale-networks.php'), WP_Hook->do_action, WP_Hook->apply_filters, activate_share_sociale_networks, Share_Sociale_Networks_Activator::activate, WP_SQLite_DB->query, WP_SQLite_DB->print_error
[30-May-2025 16:38:53 UTC] WordPress database error <div style="clear:both">&nbsp;</div>
<div class="queries" style="clear:both;margin-bottom:2px;border:red dotted thin;">
<p>MySQL query:</p>
<p>CREATE TABLE wp_ami_share_socials_settings (
			id BIGINT( 20 ) NOT NULL AUTO_INCREMENT PRIMARY KEY ,
			name TEXT NULL,
			status bool NULL
		) DEFAULT CHARACTER SET utf8mb4</p>
<p>Queries made or created this session were:</p>
<ol>
<li>Executing: BEGIN | (no parameters)</li>
<li>Executing: INSERT INTO _mysql_data_types_cache (`table`, `column_or_index`, `mysql_type`)
				VALUES (:table, :column, :datatype)
				ON CONFLICT(`table`, `column_or_index`) DO UPDATE SET `mysql_type` = :datatype
			 | parameters: wp_ami_share_socials_settings, id, bigint(20)</li>
<li>Executing: INSERT INTO _mysql_data_types_cache (`table`, `column_or_index`, `mysql_type`)
				VALUES (:table, :column, :datatype)
				ON CONFLICT(`table`, `column_or_index`) DO UPDATE SET `mysql_type` = :datatype
			 | parameters: wp_ami_share_socials_settings, name, text</li>
<li>Executing: CREATE TABLE &quot;wp_ami_share_socials_settings&quot; (
&quot;id&quot; integer PRIMARY KEY AUTOINCREMENT NOT NULL ON CONFLICT REPLACE DEFAULT 0,
&quot;name&quot; text COLLATE NOCASE) | (no parameters)</li>
<li>Executing: CREATE  INDEX  &quot;wp_ami_share_socials_settings__&quot; ON &quot;wp_ami_share_socials_settings&quot; (&quot;&quot;) | (no parameters)</li>
<li>Executing: INSERT INTO _mysql_data_types_cache (`table`, `column_or_index`, `mysql_type`)
				VALUES (:table, :column, :datatype)
				ON CONFLICT(`table`, `column_or_index`) DO UPDATE SET `mysql_type` = :datatype
			 | parameters: wp_ami_share_socials_settings, wp_ami_share_socials_settings__, </li>
<li>Executing: ROLLBACK | (no parameters)</li>
</ol>
</div>
<div style="clear:both;margin-bottom:2px;border:red dotted thin;" class="error_message" style="border-bottom:dotted blue thin;">
Error occurred at line 4117 in Function <code>handle_error</code>. Error message was: SQLSTATE[23000]: Integrity constraint violation: 19 NOT NULL constraint failed: _mysql_data_types_cache.mysql_type.
</div>
<p>Backtrace:</p>
<pre>#0 /internal/shared/sqlite-database-integration/wp-includes/sqlite/class-wp-sqlite-db.php(287): WP_SQLite_Translator->get_error_message()
#1 /wordpress/wp-admin/includes/upgrade.php(3280): WP_SQLite_DB->query('CREATE TABLE wp...')
#2 /wordpress/wp-content/plugins/share-social-networks/includes/class-share-sociale-networks-activator.php(44): dbDelta(Array)
#3 /wordpress/wp-content/plugins/share-social-networks/share-sociale-networks.php(51): Share_Sociale_Networks_Activator::activate()
#4 /wordpress/wp-includes/class-wp-hook.php(324): activate_share_sociale_networks(false)
#5 /wordpress/wp-includes/class-wp-hook.php(348): WP_Hook->apply_filters('', Array)
#6 /wordpress/wp-includes/plugin.php(517): WP_Hook->do_action(Array)
#7 /wordpress/wp-admin/includes/plugin.php(703): do_action('activate_share-...', false)
#8 /internal/eval.php(20): activate_plugin('share-social-ne...')
#9 {main}</pre>
 for query CREATE TABLE wp_ami_share_socials_settings (
			id BIGINT( 20 ) NOT NULL AUTO_INCREMENT PRIMARY KEY ,
			name TEXT NULL,
			status bool NULL
		) DEFAULT CHARACTER SET utf8mb4 made by activate_plugin, do_action('activate_share-social-networks/share-sociale-networks.php'), WP_Hook->do_action, WP_Hook->apply_filters, activate_share_sociale_networks, Share_Sociale_Networks_Activator::activate, dbDelta, WP_SQLite_DB->query, WP_SQLite_DB->print_error
[30-May-2025 16:38:53 UTC] WordPress database error <div style="clear:both">&nbsp;</div>
<div class="queries" style="clear:both;margin-bottom:2px;border:red dotted thin;">
<p>MySQL query:</p>
<p>INSERT INTO `wp_ami_share_socials_settings` (`name`, `status`)VALUES ('facebook', TRUE),('linkedin', TRUE),('pinterest', TRUE),('reddit', TRUE),('telegram', TRUE),('tumblr', TRUE),('twitter', TRUE),('vk', TRUE);</p>
<p>Queries made or created this session were:</p>
<ol>
<li>Executing: BEGIN | (no parameters)</li>
<li>Executing: INSERT INTO `wp_ami_share_socials_settings` (`name`, `status`)VALUES (:param0 , TRUE),(:param1 , TRUE),(:param2 , TRUE),(:param3 , TRUE),(:param4 , TRUE),(:param5 , TRUE),(:param6 , TRUE),(:param7 , TRUE); | parameters: facebook, linkedin, pinterest, reddit, telegram, tumblr, twitter, vk</li>
<li>Executing: ROLLBACK | (no parameters)</li>
</ol>
</div>
<div style="clear:both;margin-bottom:2px;border:red dotted thin;" class="error_message" style="border-bottom:dotted blue thin;">
Error occurred at line 4117 in Function <code>handle_error</code>. Error message was: SQLSTATE[HY000]: General error: 1 no such table: wp_ami_share_socials_settings.
</div>
<p>Backtrace:</p>
<pre>#0 /internal/shared/sqlite-database-integration/wp-includes/sqlite/class-wp-sqlite-db.php(287): WP_SQLite_Translator->get_error_message()
#1 /wordpress/wp-content/plugins/share-social-networks/includes/class-share-sociale-networks-activator.php(68): WP_SQLite_DB->query('INSERT INTO `wp...')
#2 /wordpress/wp-content/plugins/share-social-networks/share-sociale-networks.php(51): Share_Sociale_Networks_Activator::activate()
#3 /wordpress/wp-includes/class-wp-hook.php(324): activate_share_sociale_networks(false)
#4 /wordpress/wp-includes/class-wp-hook.php(348): WP_Hook->apply_filters('', Array)
#5 /wordpress/wp-includes/plugin.php(517): WP_Hook->do_action(Array)
#6 /wordpress/wp-admin/includes/plugin.php(703): do_action('activate_share-...', false)
#7 /internal/eval.php(20): activate_plugin('share-social-ne...')
#8 {main}</pre>
 for query INSERT INTO `wp_ami_share_socials_settings` (`name`, `status`)VALUES ('facebook', TRUE),('linkedin', TRUE),('pinterest', TRUE),('reddit', TRUE),('telegram', TRUE),('tumblr', TRUE),('twitter', TRUE),('vk', TRUE); made by activate_plugin, do_action('activate_share-social-networks/share-sociale-networks.php'), WP_Hook->do_action, WP_Hook->apply_filters, activate_share_sociale_networks, Share_Sociale_Networks_Activator::activate, WP_SQLite_DB->query, WP_SQLite_DB->print_error
[30-May-2025 16:39:03 UTC] PHP Notice:  Function register_rest_route was called <strong>incorrectly</strong>. REST API routes must be registered on the <code>rest_api_init</code> action. Instead route '<code>/update-order/</code>' with namespace '<code>shippingo-0/v1</code>' was not registered on this action. Please see <a href="https://developer.wordpress.org/advanced-administration/debug/debug-wordpress/">Debugging in WordPress</a> for more information. (This message was added in version 5.1.0.) in /wordpress/wp-includes/functions.php on line 6121
[30-May-2025 16:39:03 UTC] PHP Notice:  Function register_rest_route was called <strong>incorrectly</strong>. The REST API route definition for <code>shippingo-0/v1/update-token</code> is missing the required <code>permission_callback</code> argument. For REST API routes that are intended to be public, use <code>__return_true</code> as the permission callback. Please see <a href="https://developer.wordpress.org/advanced-administration/debug/debug-wordpress/">Debugging in WordPress</a> for more information. (This message was added in version 5.5.0.) in /wordpress/wp-includes/functions.php on line 6121
[30-May-2025 16:39:11 UTC] PHP Notice:  Function register_rest_route was called <strong>incorrectly</strong>. REST API routes must be registered on the <code>rest_api_init</code> action. Instead route '<code>/update-order/</code>' with namespace '<code>shippingo-0/v1</code>' was not registered on this action. Please see <a href="https://developer.wordpress.org/advanced-administration/debug/debug-wordpress/">Debugging in WordPress</a> for more information. (This message was added in version 5.1.0.) in /wordpress/wp-includes/functions.php on line 6121
[30-May-2025 16:39:11 UTC] PHP Notice:  Function register_rest_route was called <strong>incorrectly</strong>. The REST API route definition for <code>shippingo-0/v1/update-token</code> is missing the required <code>permission_callback</code> argument. For REST API routes that are intended to be public, use <code>__return_true</code> as the permission callback. Please see <a href="https://developer.wordpress.org/advanced-administration/debug/debug-wordpress/">Debugging in WordPress</a> for more information. (This message was added in version 5.5.0.) in /wordpress/wp-includes/functions.php on line 6121
[30-May-2025 16:39:20 UTC] PHP Notice:  Function register_rest_route was called <strong>incorrectly</strong>. REST API routes must be registered on the <code>rest_api_init</code> action. Instead route '<code>/update-order/</code>' with namespace '<code>shippingo-0/v1</code>' was not registered on this action. Please see <a href="https://developer.wordpress.org/advanced-administration/debug/debug-wordpress/">Debugging in WordPress</a> for more information. (This message was added in version 5.1.0.) in /wordpress/wp-includes/functions.php on line 6121
[30-May-2025 16:39:20 UTC] PHP Notice:  Function register_rest_route was called <strong>incorrectly</strong>. The REST API route definition for <code>shippingo-0/v1/update-token</code> is missing the required <code>permission_callback</code> argument. For REST API routes that are intended to be public, use <code>__return_true</code> as the permission callback. Please see <a href="https://developer.wordpress.org/advanced-administration/debug/debug-wordpress/">Debugging in WordPress</a> for more information. (This message was added in version 5.5.0.) in /wordpress/wp-includes/functions.php on line 6121
[30-May-2025 16:41:12 UTC] [Squad Modules] [ERROR]: [Missing Divi] Requirements check failed: Divi Installation. Current: Not installed. Expected: Divi theme or Divi Builder plugin must be installed.
[30-May-2025 16:41:13 UTC] [Squad Modules] [ERROR]: [Missing Divi] Requirements check failed: Divi Installation. Current: Not installed. Expected: Divi theme or Divi Builder plugin must be installed.
[30-May-2025 16:41:19 UTC] [Squad Modules] [ERROR]: [Missing Divi] Requirements check failed: Divi Installation. Current: Not installed. Expected: Divi theme or Divi Builder plugin must be installed.
[30-May-2025 16:41:30 UTC] [Squad Modules] [ERROR]: [Missing Divi] Requirements check failed: Divi Installation. Current: Not installed. Expected: Divi theme or Divi Builder plugin must be installed.
[30-May-2025 16:41:32 UTC] [Squad Modules] [ERROR]: [Missing Divi] Requirements check failed: Divi Installation. Current: Not installed. Expected: Divi theme or Divi Builder plugin must be installed.
[30-May-2025 16:41:35 UTC] [Squad Modules] [ERROR]: [Missing Divi] Requirements check failed: Divi Installation. Current: Not installed. Expected: Divi theme or Divi Builder plugin must be installed.
[30-May-2025 16:41:37 UTC] [Squad Modules] [ERROR]: [Missing Divi] Requirements check failed: Divi Installation. Current: Not installed. Expected: Divi theme or Divi Builder plugin must be installed.
[30-May-2025 16:41:51 UTC] [Squad Modules] [ERROR]: [Missing Divi] Requirements check failed: Divi Installation. Current: Not installed. Expected: Divi theme or Divi Builder plugin must be installed.
[30-May-2025 16:41:52 UTC] [Squad Modules] [ERROR]: [Missing Divi] Requirements check failed: Divi Installation. Current: Not installed. Expected: Divi theme or Divi Builder plugin must be installed.
[30-May-2025 16:41:56 UTC] [Squad Modules] [ERROR]: [Missing Divi] Requirements check failed: Divi Installation. Current: Not installed. Expected: Divi theme or Divi Builder plugin must be installed.
[30-May-2025 16:41:58 UTC] [Squad Modules] [ERROR]: [Missing Divi] Requirements check failed: Divi Installation. Current: Not installed. Expected: Divi theme or Divi Builder plugin must be installed.

    at Object.onBind (file:///home/runner/work/playground-tester/playground-tester/node_modules/@wp-playground/cli/index.js:237:15)
    at process.processTicksAndRejections (node:internal/process/task_queues:105:5)
    at async V (file:///home/runner/work/playground-tester/playground-tester/node_modules/@wp-playground/cli/index.js:64:10)
    at async ja (file:///home/runner/work/playground-tester/playground-tester/node_modules/@wp-playground/cli/cli.js:8161:12) {
  [cause]: Error: Error when executing the blueprint step #1 ({"step":"installPlugin","pluginData":{"resource":"wordpress.org/plugins","slug":"static-social-bar-reloaded"},"options":{"activate":true}}) : Could not download "https://downloads.wordpress.org/plugin/static-social-bar-reloaded.latest-stable.zip".
  				Check if the URL is correct and the server is reachable.
  				If it is reachable, the server might be blocking the request.
  				Check the browser console and network tabs for more information.
  
  				## Does the console show the error "No 'Access-Control-Allow-Origin' header"?
  
  				This means the server that hosts your file does not allow requests from other sites
  				(cross-origin requests, or CORS).	You need to move the asset to a server that allows
  				cross-origin file downloads. Learn more about CORS at
  				https://developer.mozilla.org/en-US/docs/Web/HTTP/CORS.
  
  				If your file is on GitHub, load it from "raw.githubusercontent.com".
  				Here's how to do that:
  
  				1. Start with the original GitHub URL of the file. For example:
  				https://github.com/username/repository/blob/branch/filename.
  				2. Replace "github.com" with "raw.githubusercontent.com".
  				3. Remove the "/blob/" part of the URL.
  
  				The resulting URL should look like this:
  				https://raw.githubusercontent.com/username/repository/branch/filename
  
  				Error:
  				Error: Could not download "https://downloads.wordpress.org/plugin/static-social-bar-reloaded.latest-stable.zip"
      at Object.run (file:///home/runner/work/playground-tester/playground-tester/node_modules/@wp-playground/blueprints/index.js:12449:19)
      at process.processTicksAndRejections (node:internal/process/task_queues:105:5)
      at async ms (file:///home/runner/work/playground-tester/playground-tester/node_modules/@wp-playground/blueprints/index.js:12552:3)
      at async Object.onBind (file:///home/runner/work/playground-tester/playground-tester/node_modules/@wp-playground/cli/index.js:227:48)
      at async V (file:///home/runner/work/playground-tester/playground-tester/node_modules/@wp-playground/cli/index.js:64:10)
      at async ja (file:///home/runner/work/playground-tester/playground-tester/node_modules/@wp-playground/cli/cli.js:8161:12) {
    [cause]: Error: Could not download "https://downloads.wordpress.org/plugin/static-social-bar-reloaded.latest-stable.zip".
    				Check if the URL is correct and the server is reachable.
    				If it is reachable, the server might be blocking the request.
    				Check the browser console and network tabs for more information.
    
    				## Does the console show the error "No 'Access-Control-Allow-Origin' header"?
    
    				This means the server that hosts your file does not allow requests from other sites
    				(cross-origin requests, or CORS).	You need to move the asset to a server that allows
    				cross-origin file downloads. Learn more about CORS at
    				https://developer.mozilla.org/en-US/docs/Web/HTTP/CORS.
    
    				If your file is on GitHub, load it from "raw.githubusercontent.com".
    				Here's how to do that:
    
    				1. Start with the original GitHub URL of the file. For example:
    				https://github.com/username/repository/blob/branch/filename.
    				2. Replace "github.com" with "raw.githubusercontent.com".
    				3. Remove the "/blob/" part of the URL.
    
    				The resulting URL should look like this:
    				https://raw.githubusercontent.com/username/repository/branch/filename
    
    				Error:
    				Error: Could not download "https://downloads.wordpress.org/plugin/static-social-bar-reloaded.latest-stable.zip"
        at Ct.resolve (file:///home/runner/work/playground-tester/playground-tester/node_modules/@wp-playground/blueprints/index.js:1472:13)
        at process.processTicksAndRejections (node:internal/process/task_queues:105:5)
        at async _.run (file:///home/runner/work/playground-tester/playground-tester/node_modules/@php-wasm/util/index.js:45:14)
  }
}

Node.js v23.11.0
