[
{"message":"file:///home/runner/work/playground-tester/playground-tester/node_modules/@wp-playground/cli/index.js:237\n        throw new Error(y, { cause: u });\n              ^\n","level":"FATAL","type":"PLAYGROUND","test":"jspi-boot","plugin":"safly-cloud-protection","details":"file:///home/runner/work/playground-tester/playground-tester/node_modules/@wp-playground/cli/index.js:237\n        throw new Error(y, { cause: u });\n              ^\n","log":"/tmp/tmp.RGyvGS1hFH"}
,
{"message":"Undefined array key \"HTTP_X_REAL_IP\" in /wordpress/wp-content/plugins/statistics-123/index.php on line 57","level":"WARNING","type":"PHP","test":"jspi-boot","plugin":"safly-cloud-protection","details":"[30-May-2025 04:04:46 UTC] PHP Warning:  Undefined array key \"HTTP_X_REAL_IP\" in /wordpress/wp-content/plugins/statistics-123/index.php on line 57","log":"/logs/plugins/s/safly-cloud-protection/error.json"}
,
{"message":"Undefined array key \"HTTP_CLIENT_IP\" in /wordpress/wp-content/plugins/statistics-123/index.php on line 58","level":"WARNING","type":"PHP","test":"jspi-boot","plugin":"safly-cloud-protection","details":"[30-May-2025 04:04:46 UTC] PHP Warning:  Undefined array key \"HTTP_CLIENT_IP\" in /wordpress/wp-content/plugins/statistics-123/index.php on line 58","log":"/logs/plugins/s/safly-cloud-protection/error.json"}
,
{"message":"Undefined array key \"HTTP_X_FORWARDED_FOR\" in /wordpress/wp-content/plugins/statistics-123/index.php on line 59","level":"WARNING","type":"PHP","test":"jspi-boot","plugin":"safly-cloud-protection","details":"[30-May-2025 04:04:46 UTC] PHP Warning:  Undefined array key \"HTTP_X_FORWARDED_FOR\" in /wordpress/wp-content/plugins/statistics-123/index.php on line 59","log":"/logs/plugins/s/safly-cloud-protection/error.json"}
,
{"message":"Undefined array key \"REMOTE_ADDR\" in /wordpress/wp-content/plugins/statistics-123/index.php on line 60","level":"WARNING","type":"PHP","test":"jspi-boot","plugin":"safly-cloud-protection","details":"[30-May-2025 04:04:46 UTC] PHP Warning:  Undefined array key \"REMOTE_ADDR\" in /wordpress/wp-content/plugins/statistics-123/index.php on line 60","log":"/logs/plugins/s/safly-cloud-protection/error.json"}
,
{"message":"Undefined array key \"HTTP_X_REAL_IP\" in /wordpress/wp-content/plugins/statistics-123/index.php on line 57","level":"WARNING","type":"PHP","test":"jspi-boot","plugin":"safly-cloud-protection","details":"[30-May-2025 04:04:46 UTC] PHP Warning:  Undefined array key \"HTTP_X_REAL_IP\" in /wordpress/wp-content/plugins/statistics-123/index.php on line 57","log":"/logs/plugins/s/safly-cloud-protection/error.json"}
,
{"message":"Undefined array key \"HTTP_CLIENT_IP\" in /wordpress/wp-content/plugins/statistics-123/index.php on line 58","level":"WARNING","type":"PHP","test":"jspi-boot","plugin":"safly-cloud-protection","details":"[30-May-2025 04:04:46 UTC] PHP Warning:  Undefined array key \"HTTP_CLIENT_IP\" in /wordpress/wp-content/plugins/statistics-123/index.php on line 58","log":"/logs/plugins/s/safly-cloud-protection/error.json"}
,
{"message":"Undefined array key \"HTTP_X_FORWARDED_FOR\" in /wordpress/wp-content/plugins/statistics-123/index.php on line 59","level":"WARNING","type":"PHP","test":"jspi-boot","plugin":"safly-cloud-protection","details":"[30-May-2025 04:04:46 UTC] PHP Warning:  Undefined array key \"HTTP_X_FORWARDED_FOR\" in /wordpress/wp-content/plugins/statistics-123/index.php on line 59","log":"/logs/plugins/s/safly-cloud-protection/error.json"}
,
{"message":"Undefined array key \"REMOTE_ADDR\" in /wordpress/wp-content/plugins/statistics-123/index.php on line 60","level":"WARNING","type":"PHP","test":"jspi-boot","plugin":"safly-cloud-protection","details":"[30-May-2025 04:04:46 UTC] PHP Warning:  Undefined array key \"REMOTE_ADDR\" in /wordpress/wp-content/plugins/statistics-123/index.php on line 60","log":"/logs/plugins/s/safly-cloud-protection/error.json"}
,
{"message":"Undefined array key \"REMOTE_ADDR\" in /wordpress/wp-content/plugins/statistics-123/index.php on line 16","level":"WARNING","type":"PHP","test":"jspi-boot","plugin":"safly-cloud-protection","details":"[30-May-2025 04:04:46 UTC] PHP Warning:  Undefined array key \"REMOTE_ADDR\" in /wordpress/wp-content/plugins/statistics-123/index.php on line 16","log":"/logs/plugins/s/safly-cloud-protection/error.json"}
,
{"message":"Undefined array key \"HTTP_X_REAL_IP\" in /wordpress/wp-content/plugins/statistics-123/index.php on line 57","level":"WARNING","type":"PHP","test":"jspi-boot","plugin":"safly-cloud-protection","details":"[30-May-2025 04:04:55 UTC] PHP Warning:  Undefined array key \"HTTP_X_REAL_IP\" in /wordpress/wp-content/plugins/statistics-123/index.php on line 57","log":"/logs/plugins/s/safly-cloud-protection/error.json"}
,
{"message":"Undefined array key \"HTTP_CLIENT_IP\" in /wordpress/wp-content/plugins/statistics-123/index.php on line 58","level":"WARNING","type":"PHP","test":"jspi-boot","plugin":"safly-cloud-protection","details":"[30-May-2025 04:04:55 UTC] PHP Warning:  Undefined array key \"HTTP_CLIENT_IP\" in /wordpress/wp-content/plugins/statistics-123/index.php on line 58","log":"/logs/plugins/s/safly-cloud-protection/error.json"}
,
{"message":"Undefined array key \"HTTP_X_FORWARDED_FOR\" in /wordpress/wp-content/plugins/statistics-123/index.php on line 59","level":"WARNING","type":"PHP","test":"jspi-boot","plugin":"safly-cloud-protection","details":"[30-May-2025 04:04:55 UTC] PHP Warning:  Undefined array key \"HTTP_X_FORWARDED_FOR\" in /wordpress/wp-content/plugins/statistics-123/index.php on line 59","log":"/logs/plugins/s/safly-cloud-protection/error.json"}
,
{"message":"Undefined array key \"REMOTE_ADDR\" in /wordpress/wp-content/plugins/statistics-123/index.php on line 60","level":"WARNING","type":"PHP","test":"jspi-boot","plugin":"safly-cloud-protection","details":"[30-May-2025 04:04:55 UTC] PHP Warning:  Undefined array key \"REMOTE_ADDR\" in /wordpress/wp-content/plugins/statistics-123/index.php on line 60","log":"/logs/plugins/s/safly-cloud-protection/error.json"}
,
{"message":"Undefined array key \"HTTP_X_REAL_IP\" in /wordpress/wp-content/plugins/statistics-123/index.php on line 57","level":"WARNING","type":"PHP","test":"jspi-boot","plugin":"safly-cloud-protection","details":"[30-May-2025 04:04:55 UTC] PHP Warning:  Undefined array key \"HTTP_X_REAL_IP\" in /wordpress/wp-content/plugins/statistics-123/index.php on line 57","log":"/logs/plugins/s/safly-cloud-protection/error.json"}
,
{"message":"Undefined array key \"HTTP_CLIENT_IP\" in /wordpress/wp-content/plugins/statistics-123/index.php on line 58","level":"WARNING","type":"PHP","test":"jspi-boot","plugin":"safly-cloud-protection","details":"[30-May-2025 04:04:55 UTC] PHP Warning:  Undefined array key \"HTTP_CLIENT_IP\" in /wordpress/wp-content/plugins/statistics-123/index.php on line 58","log":"/logs/plugins/s/safly-cloud-protection/error.json"}
,
{"message":"Undefined array key \"HTTP_X_FORWARDED_FOR\" in /wordpress/wp-content/plugins/statistics-123/index.php on line 59","level":"WARNING","type":"PHP","test":"jspi-boot","plugin":"safly-cloud-protection","details":"[30-May-2025 04:04:55 UTC] PHP Warning:  Undefined array key \"HTTP_X_FORWARDED_FOR\" in /wordpress/wp-content/plugins/statistics-123/index.php on line 59","log":"/logs/plugins/s/safly-cloud-protection/error.json"}
,
{"message":"Undefined array key \"REMOTE_ADDR\" in /wordpress/wp-content/plugins/statistics-123/index.php on line 60","level":"WARNING","type":"PHP","test":"jspi-boot","plugin":"safly-cloud-protection","details":"[30-May-2025 04:04:55 UTC] PHP Warning:  Undefined array key \"REMOTE_ADDR\" in /wordpress/wp-content/plugins/statistics-123/index.php on line 60","log":"/logs/plugins/s/safly-cloud-protection/error.json"}
,
{"message":"Undefined array key \"REMOTE_ADDR\" in /wordpress/wp-content/plugins/statistics-123/index.php on line 16","level":"WARNING","type":"PHP","test":"jspi-boot","plugin":"safly-cloud-protection","details":"[30-May-2025 04:04:55 UTC] PHP Warning:  Undefined array key \"REMOTE_ADDR\" in /wordpress/wp-content/plugins/statistics-123/index.php on line 16","log":"/logs/plugins/s/safly-cloud-protection/error.json"}
,
{"message":"Undefined array key \"HTTP_X_REAL_IP\" in /wordpress/wp-content/plugins/statistics-123/index.php on line 57","level":"WARNING","type":"PHP","test":"jspi-boot","plugin":"safly-cloud-protection","details":"[30-May-2025 04:05:05 UTC] PHP Warning:  Undefined array key \"HTTP_X_REAL_IP\" in /wordpress/wp-content/plugins/statistics-123/index.php on line 57","log":"/logs/plugins/s/safly-cloud-protection/error.json"}
,
{"message":"Undefined array key \"HTTP_CLIENT_IP\" in /wordpress/wp-content/plugins/statistics-123/index.php on line 58","level":"WARNING","type":"PHP","test":"jspi-boot","plugin":"safly-cloud-protection","details":"[30-May-2025 04:05:05 UTC] PHP Warning:  Undefined array key \"HTTP_CLIENT_IP\" in /wordpress/wp-content/plugins/statistics-123/index.php on line 58","log":"/logs/plugins/s/safly-cloud-protection/error.json"}
,
{"message":"Undefined array key \"HTTP_X_FORWARDED_FOR\" in /wordpress/wp-content/plugins/statistics-123/index.php on line 59","level":"WARNING","type":"PHP","test":"jspi-boot","plugin":"safly-cloud-protection","details":"[30-May-2025 04:05:05 UTC] PHP Warning:  Undefined array key \"HTTP_X_FORWARDED_FOR\" in /wordpress/wp-content/plugins/statistics-123/index.php on line 59","log":"/logs/plugins/s/safly-cloud-protection/error.json"}
,
{"message":"Undefined array key \"REMOTE_ADDR\" in /wordpress/wp-content/plugins/statistics-123/index.php on line 60","level":"WARNING","type":"PHP","test":"jspi-boot","plugin":"safly-cloud-protection","details":"[30-May-2025 04:05:05 UTC] PHP Warning:  Undefined array key \"REMOTE_ADDR\" in /wordpress/wp-content/plugins/statistics-123/index.php on line 60","log":"/logs/plugins/s/safly-cloud-protection/error.json"}
,
{"message":"Undefined array key \"HTTP_X_REAL_IP\" in /wordpress/wp-content/plugins/statistics-123/index.php on line 57","level":"WARNING","type":"PHP","test":"jspi-boot","plugin":"safly-cloud-protection","details":"[30-May-2025 04:05:05 UTC] PHP Warning:  Undefined array key \"HTTP_X_REAL_IP\" in /wordpress/wp-content/plugins/statistics-123/index.php on line 57","log":"/logs/plugins/s/safly-cloud-protection/error.json"}
,
{"message":"Undefined array key \"HTTP_CLIENT_IP\" in /wordpress/wp-content/plugins/statistics-123/index.php on line 58","level":"WARNING","type":"PHP","test":"jspi-boot","plugin":"safly-cloud-protection","details":"[30-May-2025 04:05:05 UTC] PHP Warning:  Undefined array key \"HTTP_CLIENT_IP\" in /wordpress/wp-content/plugins/statistics-123/index.php on line 58","log":"/logs/plugins/s/safly-cloud-protection/error.json"}
,
{"message":"Undefined array key \"HTTP_X_FORWARDED_FOR\" in /wordpress/wp-content/plugins/statistics-123/index.php on line 59","level":"WARNING","type":"PHP","test":"jspi-boot","plugin":"safly-cloud-protection","details":"[30-May-2025 04:05:05 UTC] PHP Warning:  Undefined array key \"HTTP_X_FORWARDED_FOR\" in /wordpress/wp-content/plugins/statistics-123/index.php on line 59","log":"/logs/plugins/s/safly-cloud-protection/error.json"}
,
{"message":"Undefined array key \"REMOTE_ADDR\" in /wordpress/wp-content/plugins/statistics-123/index.php on line 60","level":"WARNING","type":"PHP","test":"jspi-boot","plugin":"safly-cloud-protection","details":"[30-May-2025 04:05:05 UTC] PHP Warning:  Undefined array key \"REMOTE_ADDR\" in /wordpress/wp-content/plugins/statistics-123/index.php on line 60","log":"/logs/plugins/s/safly-cloud-protection/error.json"}
,
{"message":"Undefined array key \"REMOTE_ADDR\" in /wordpress/wp-content/plugins/statistics-123/index.php on line 16","level":"WARNING","type":"PHP","test":"jspi-boot","plugin":"safly-cloud-protection","details":"[30-May-2025 04:05:05 UTC] PHP Warning:  Undefined array key \"REMOTE_ADDR\" in /wordpress/wp-content/plugins/statistics-123/index.php on line 16","log":"/logs/plugins/s/safly-cloud-protection/error.json"}
,
{"message":"Function _load_textdomain_just_in_time was called <strong>incorrectly</strong>. Translation loading for the <code>stellarpay</code> domain was triggered too early. This is usually an indicator for some code in the plugin or theme running too early. Translations should be loaded at the <code>init</code> action or later. Please see <a href=\"https://developer.wordpress.org/advanced-administration/debug/debug-wordpress/\">Debugging in WordPress</a> for more information. (This message was added in version 6.7.0.) in /wordpress/wp-includes/functions.php on line 6121","level":"NOTICE","type":"PHP","test":"jspi-boot","plugin":"safly-cloud-protection","details":"[30-May-2025 04:05:18 UTC] PHP Notice:  Function _load_textdomain_just_in_time was called <strong>incorrectly</strong>. Translation loading for the <code>stellarpay</code> domain was triggered too early. This is usually an indicator for some code in the plugin or theme running too early. Translations should be loaded at the <code>init</code> action or later. Please see <a href=\"https://developer.wordpress.org/advanced-administration/debug/debug-wordpress/\">Debugging in WordPress</a> for more information. (This message was added in version 6.7.0.) in /wordpress/wp-includes/functions.php on line 6121","log":"/logs/plugins/s/safly-cloud-protection/error.json"}
,
{"message":"Uncaught StellarPay\\Vendors\\StellarWP\\DB\\Database\\Exceptions\\DatabaseQueryException: Database Query in /wordpress/wp-content/plugins/stellarpay/vendor/vendor-prefixed/stellarwp/db/src/DB/DB.php:296","level":"FATAL","type":"PHP","test":"jspi-boot","plugin":"safly-cloud-protection","details":"[30-May-2025 04:05:19 UTC] PHP Fatal error:  Uncaught StellarPay\\Vendors\\StellarWP\\DB\\Database\\Exceptions\\DatabaseQueryException: Database Query in /wordpress/wp-content/plugins/stellarpay/vendor/vendor-prefixed/stellarwp/db/src/DB/DB.php:296\nStack trace:\n#0 /wordpress/wp-content/plugins/stellarpay/vendor/vendor-prefixed/stellarwp/db/src/DB/DB.php(84): StellarPay\\Vendors\\StellarWP\\DB\\DB::runQueryWithErrorChecking(Object(Closure))\n#1 /wordpress/wp-content/plugins/stellarpay/src/Subscriptions/Migrations/CreateSubscriptionMetaDatabaseTable.php(55): StellarPay\\Vendors\\StellarWP\\DB\\DB::delta('CREATE TABLE wp...')\n#2 /wordpress/wp-content/plugins/stellarpay/src/PluginSetup/Actions/CreateDatabaseTable.php(49): StellarPay\\Subscriptions\\Migrations\\CreateSubscriptionMetaDatabaseTable->run()\n#3 [internal function]: StellarPay\\PluginSetup\\Actions\\CreateDatabaseTable->__invoke('stellarpay_curr...')\n#4 /wordpress/wp-content/plugins/stellarpay/src/Core/Hooks.php(66): call_user_func_array(Array, Array)\n#5 /wordpress/wp-includes/class-wp-hook.php(326): StellarPay\\Core\\H in /wordpress/wp-content/plugins/stellarpay/src/Subscriptions/Migrations/CreateSubscriptionMetaDatabaseTable.php on line 63","log":"/logs/plugins/s/safly-cloud-protection/error.json"}
,
{"message":"Function _load_textdomain_just_in_time was called <strong>incorrectly</strong>. Translation loading for the <code>stellarpay</code> domain was triggered too early. This is usually an indicator for some code in the plugin or theme running too early. Translations should be loaded at the <code>init</code> action or later. Please see <a href=\"https://developer.wordpress.org/advanced-administration/debug/debug-wordpress/\">Debugging in WordPress</a> for more information. (This message was added in version 6.7.0.) in /wordpress/wp-includes/functions.php on line 6121","level":"NOTICE","type":"PHP","test":"jspi-boot","plugin":"safly-cloud-protection","details":"[30-May-2025 04:05:31 UTC] PHP Notice:  Function _load_textdomain_just_in_time was called <strong>incorrectly</strong>. Translation loading for the <code>stellarpay</code> domain was triggered too early. This is usually an indicator for some code in the plugin or theme running too early. Translations should be loaded at the <code>init</code> action or later. Please see <a href=\"https://developer.wordpress.org/advanced-administration/debug/debug-wordpress/\">Debugging in WordPress</a> for more information. (This message was added in version 6.7.0.) in /wordpress/wp-includes/functions.php on line 6121","log":"/logs/plugins/s/safly-cloud-protection/error.json"}
,
{"message":"SQLSTATE[23000]: Integrity constraint violation: 19 NOT NULL constraint failed: _mysql_data_types_cache.mysql_type.","level":"FATAL","type":"SQL","test":"jspi-boot","plugin":"safly-cloud-protection","details":"[30-May-2025 04:05:32 UTC] WordPress database error <div style=\"clear:both\">&nbsp;</div>\n<div class=\"queries\" style=\"clear:both;margin-bottom:2px;border:red dotted thin;\">\n<p>MySQL query:</p>\n<p>CREATE TABLE wp_stellarpay_subscriptions_meta (\n            id BIGINT UNSIGNED NOT NULL AUTO_INCREMENT,\n            subscription_id BIGINT UNSIGNED NOT NULL,\n            meta_key Varchar(255) NOT NULL,\n            meta_value LONGTEXT NOT NULL,\n            PRIMARY KEY  (id),\n            FOREIGN KEY (subscription_id) REFERENCES wp_stellarpay_subscriptions (id)\n        ) DEFAULT CHARACTER SET utf8mb4</p>\n<p>Queries made or created this session were:</p>\n<ol>\n<li>Executing: BEGIN | (no parameters)</li>\n<li>Executing: INSERT INTO _mysql_data_types_cache (`table`, `column_or_index`, `mysql_type`)\n\t\t\t\tVALUES (:table, :column, :datatype)\n\t\t\t\tON CONFLICT(`table`, `column_or_index`) DO UPDATE SET `mysql_type` = :datatype\n\t\t\t | parameters: wp_stellarpay_subscriptions_meta, id, bigint UNSIGNED</li>\n<li>Executing: INSERT INTO _mysql_data_types_cache (`table`, `column_or_index`, `mysql_type`)\n\t\t\t\tVALUES (:table, :column, :datatype)\n\t\t\t\tON CONFLICT(`table`, `column_or_index`) DO UPDATE SET `mysql_type` = :datatype\n\t\t\t | parameters: wp_stellarpay_subscriptions_meta, subscription_id, bigint UNSIGNED</li>\n<li>Executing: INSERT INTO _mysql_data_types_cache (`table`, `column_or_index`, `mysql_type`)\n\t\t\t\tVALUES (:table, :column, :datatype)\n\t\t\t\tON CONFLICT(`table`, `column_or_index`) DO UPDATE SET `mysql_type` = :datatype\n\t\t\t | parameters: wp_stellarpay_subscriptions_meta, meta_key, varchar(255)</li>\n<li>Executing: INSERT INTO _mysql_data_types_cache (`table`, `column_or_index`, `mysql_type`)\n\t\t\t\tVALUES (:table, :column, :datatype)\n\t\t\t\tON CONFLICT(`table`, `column_or_index`) DO UPDATE SET `mysql_type` = :datatype\n\t\t\t | parameters: wp_stellarpay_subscriptions_meta, meta_value, longtext</li>\n<li>Executing: CREATE TABLE &quot;wp_stellarpay_subscriptions_meta&quot; (\n&quot;id&quot; integer PRIMARY KEY AUTOINCREMENT NOT NULL ON CONFLICT REPLACE DEFAULT 0,\n&quot;subscription_id&quot; integer NOT NULL ON CONFLICT REPLACE DEFAULT 0,\n&quot;meta_key&quot; text NOT NULL ON CONFLICT REPLACE DEFAULT '' COLLATE NOCASE,\n&quot;meta_value&quot; text NOT NULL ON CONFLICT REPLACE DEFAULT '' COLLATE NOCASE) | (no parameters)</li>\n<li>Executing: CREATE  INDEX  &quot;wp_stellarpay_subscriptions_meta__&quot; ON &quot;wp_stellarpay_subscriptions_meta&quot; (&quot;&quot;) | (no parameters)</li>\n<li>Executing: INSERT INTO _mysql_data_types_cache (`table`, `column_or_index`, `mysql_type`)\n\t\t\t\tVALUES (:table, :column, :datatype)\n\t\t\t\tON CONFLICT(`table`, `column_or_index`) DO UPDATE SET `mysql_type` = :datatype\n\t\t\t | parameters: wp_stellarpay_subscriptions_meta, wp_stellarpay_subscriptions_meta__, </li>\n<li>Executing: ROLLBACK | (no parameters)</li>\n</ol>\n</div>\n<div style=\"clear:both;margin-bottom:2px;border:red dotted thin;\" class=\"error_message\" style=\"border-bottom:dotted blue thin;\">\nError occurred at line 4117 in Function <code>handle_error</code>. Error message was: SQLSTATE[23000]: Integrity constraint violation: 19 NOT NULL constraint failed: _mysql_data_types_cache.mysql_type.\n</div>\n<p>Backtrace:</p>\n<pre>#0 /internal/shared/sqlite-database-integration/wp-includes/sqlite/class-wp-sqlite-db.php(287): WP_SQLite_Translator->get_error_message()\n#1 /wordpress/wp-admin/includes/upgrade.php(3280): WP_SQLite_DB->query('CREATE TABLE wp...')\n#2 /wordpress/wp-content/plugins/stellarpay/vendor/vendor-prefixed/stellarwp/db/src/DB/DB.php(83): dbDelta(Array)\n#3 /wordpress/wp-content/plugins/stellarpay/vendor/vendor-prefixed/stellarwp/db/src/DB/DB.php(284): StellarPay\\Vendors\\StellarWP\\DB\\DB::StellarPay\\Vendors\\StellarWP\\DB\\{closure}()\n#4 /wordpress/wp-content/plugins/stellarpay/vendor/vendor-prefixed/stellarwp/db/src/DB/DB.php(84): StellarPay\\Vendors\\StellarWP\\DB\\DB::runQueryWithErrorChecking(Object(Closure))\n#5 /wordpress/wp-content/plugins/stellarpay/src/Subscriptions/Migrations/CreateSubscriptionMetaDatabaseTable.php(55): StellarPay\\Vendors\\StellarWP\\DB\\DB::delta('CREATE TABLE wp...')\n#6 /wordpress/wp-content/plugins/stellarpay/src/PluginSetup/Actions/CreateDatabaseTable.php(49): StellarPay\\Subscriptions\\Migrations\\CreateSubscriptionMetaDatabaseTable->run()\n#7 [internal function]: StellarPay\\PluginSetup\\Actions\\CreateDatabaseTable->__invoke('stellarpay_curr...')\n#8 /wordpress/wp-content/plugins/stellarpay/src/Core/Hooks.php(66): call_user_func_array(Array, Array)\n#9 /wordpress/wp-includes/class-wp-hook.php(326): StellarPay\\Core\\Hooks::StellarPay\\Core\\{closure}('stellarpay_curr...')\n#10 /wordpress/wp-includes/class-wp-hook.php(348): WP_Hook->apply_filters('', Array)\n#11 /wordpress/wp-includes/plugin.php(517): WP_Hook->do_action(Array)\n#12 /wordpress/wp-includes/option.php(1177): do_action('add_option_stel...', 'stellarpay_curr...', '1.8.0')\n#13 /wordpress/wp-includes/option.php(930): add_option('stellarpay_curr...', '1.8.0', '', 'off')\n#14 /wordpress/wp-content/plugins/stellarpay/src/PluginSetup/Actions/RecordPluginVersion.php(34): update_option('stellarpay_curr...', '1.8.0', false)\n#15 /wordpress/wp-content/plugins/stellarpay/src/PluginSetup/Plugin.php(268): StellarPay\\PluginSetup\\Actions\\RecordPluginVersion->__invoke()\n#16 /wordpress/wp-content/plugins/stellarpay/src/PluginSetup/Plugin.php(141): StellarPay\\PluginSetup\\Plugin->recordPluginVersion()\n#17 [internal function]: StellarPay\\PluginSetup\\Plugin->init('')\n#18 /wordpress/wp-content/plugins/stellarpay/src/Core/Hooks.php(66): call_user_func_array(Array, Array)\n#19 /wordpress/wp-includes/class-wp-hook.php(324): StellarPay\\Core\\Hooks::StellarPay\\Core\\{closure}('')\n#20 /wordpress/wp-includes/class-wp-hook.php(348): WP_Hook->apply_filters(NULL, Array)\n#21 /wordpress/wp-includes/plugin.php(517): WP_Hook->do_action(Array)\n#22 /wordpress/wp-settings.php(578): do_action('plugins_loaded')\n#23 /wordpress/wp-config.php(102): require_once('/wordpress/wp-s...')\n#24 /wordpress/wp-load.php(50): require_once('/wordpress/wp-c...')\n#25 /internal/eval.php(3): require_once('/wordpress/wp-l...')\n#26 {main}</pre>\n for query CREATE TABLE wp_stellarpay_subscriptions_meta (\n            id BIGINT UNSIGNED NOT NULL AUTO_INCREMENT,\n            subscription_id BIGINT UNSIGNED NOT NULL,\n            meta_key Varchar(255) NOT NULL,\n            meta_value LONGTEXT NOT NULL,\n            PRIMARY KEY  (id),\n            FOREIGN KEY (subscription_id) REFERENCES wp_stellarpay_subscriptions (id)\n        ) DEFAULT CHARACTER SET utf8mb4 made by require_once('wp-load.php'), require_once('wp-config.php'), require_once('wp-settings.php'), do_action('plugins_loaded'), WP_Hook->do_action, WP_Hook->apply_filters, StellarPay\\Core\\Hooks::StellarPay\\Core\\{closure}, call_user_func_array, StellarPay\\PluginSetup\\Plugin->init, StellarPay\\PluginSetup\\Plugin->recordPluginVersion, StellarPay\\PluginSetup\\Actions\\RecordPluginVersion->__invoke, update_option, add_option, do_action('add_option_stellarpay_current_version'), WP_Hook->do_action, WP_Hook->apply_filters, StellarPay\\Core\\Hooks::StellarPay\\Core\\{closure}, call_user_func_array, StellarPay\\PluginSetup\\Actions\\CreateDatabaseTable->__invoke, StellarPay\\Subscriptions\\Migrations\\CreateSubscriptionMetaDatabaseTable->run, StellarPay\\Vendors\\StellarWP\\DB\\DB::delta, StellarPay\\Vendors\\StellarWP\\DB\\DB::runQueryWithErrorChecking, StellarPay\\Vendors\\StellarWP\\DB\\DB::StellarPay\\Vendors\\StellarWP\\DB\\{closure}, dbDelta, WP_SQLite_DB->query, WP_SQLite_DB->print_error","log":"/logs/plugins/s/safly-cloud-protection/error.json"}
,
{"message":"Uncaught StellarPay\\Vendors\\StellarWP\\DB\\Database\\Exceptions\\DatabaseQueryException: Database Query in /wordpress/wp-content/plugins/stellarpay/vendor/vendor-prefixed/stellarwp/db/src/DB/DB.php:296","level":"FATAL","type":"PHP","test":"jspi-boot","plugin":"safly-cloud-protection","details":"[30-May-2025 04:05:32 UTC] PHP Fatal error:  Uncaught StellarPay\\Vendors\\StellarWP\\DB\\Database\\Exceptions\\DatabaseQueryException: Database Query in /wordpress/wp-content/plugins/stellarpay/vendor/vendor-prefixed/stellarwp/db/src/DB/DB.php:296\nStack trace:\n#0 /wordpress/wp-content/plugins/stellarpay/vendor/vendor-prefixed/stellarwp/db/src/DB/DB.php(84): StellarPay\\Vendors\\StellarWP\\DB\\DB::runQueryWithErrorChecking(Object(Closure))\n#1 /wordpress/wp-content/plugins/stellarpay/src/Subscriptions/Migrations/CreateSubscriptionMetaDatabaseTable.php(55): StellarPay\\Vendors\\StellarWP\\DB\\DB::delta('CREATE TABLE wp...')\n#2 /wordpress/wp-content/plugins/stellarpay/src/PluginSetup/Actions/CreateDatabaseTable.php(49): StellarPay\\Subscriptions\\Migrations\\CreateSubscriptionMetaDatabaseTable->run()\n#3 [internal function]: StellarPay\\PluginSetup\\Actions\\CreateDatabaseTable->__invoke('stellarpay_curr...')\n#4 /wordpress/wp-content/plugins/stellarpay/src/Core/Hooks.php(66): call_user_func_array(Array, Array)\n#5 /wordpress/wp-includes/class-wp-hook.php(326): StellarPay\\Core\\H in /wordpress/wp-content/plugins/stellarpay/src/Subscriptions/Migrations/CreateSubscriptionMetaDatabaseTable.php on line 63","log":"/logs/plugins/s/safly-cloud-protection/error.json"}
,
{"message":"Function _load_textdomain_just_in_time was called <strong>incorrectly</strong>. Translation loading for the <code>stellarpay</code> domain was triggered too early. This is usually an indicator for some code in the plugin or theme running too early. Translations should be loaded at the <code>init</code> action or later. Please see <a href=\"https://developer.wordpress.org/advanced-administration/debug/debug-wordpress/\">Debugging in WordPress</a> for more information. (This message was added in version 6.7.0.) in /wordpress/wp-includes/functions.php on line 6121","level":"NOTICE","type":"PHP","test":"jspi-boot","plugin":"safly-cloud-protection","details":"[30-May-2025 04:05:44 UTC] PHP Notice:  Function _load_textdomain_just_in_time was called <strong>incorrectly</strong>. Translation loading for the <code>stellarpay</code> domain was triggered too early. This is usually an indicator for some code in the plugin or theme running too early. Translations should be loaded at the <code>init</code> action or later. Please see <a href=\"https://developer.wordpress.org/advanced-administration/debug/debug-wordpress/\">Debugging in WordPress</a> for more information. (This message was added in version 6.7.0.) in /wordpress/wp-includes/functions.php on line 6121","log":"/logs/plugins/s/safly-cloud-protection/error.json"}
,
{"message":"SQLSTATE[23000]: Integrity constraint violation: 19 NOT NULL constraint failed: _mysql_data_types_cache.mysql_type.","level":"FATAL","type":"SQL","test":"jspi-boot","plugin":"safly-cloud-protection","details":"[30-May-2025 04:05:45 UTC] WordPress database error <div style=\"clear:both\">&nbsp;</div>\n<div class=\"queries\" style=\"clear:both;margin-bottom:2px;border:red dotted thin;\">\n<p>MySQL query:</p>\n<p>CREATE TABLE wp_stellarpay_subscriptions_meta (\n            id BIGINT UNSIGNED NOT NULL AUTO_INCREMENT,\n            subscription_id BIGINT UNSIGNED NOT NULL,\n            meta_key Varchar(255) NOT NULL,\n            meta_value LONGTEXT NOT NULL,\n            PRIMARY KEY  (id),\n            FOREIGN KEY (subscription_id) REFERENCES wp_stellarpay_subscriptions (id)\n        ) DEFAULT CHARACTER SET utf8mb4</p>\n<p>Queries made or created this session were:</p>\n<ol>\n<li>Executing: BEGIN | (no parameters)</li>\n<li>Executing: INSERT INTO _mysql_data_types_cache (`table`, `column_or_index`, `mysql_type`)\n\t\t\t\tVALUES (:table, :column, :datatype)\n\t\t\t\tON CONFLICT(`table`, `column_or_index`) DO UPDATE SET `mysql_type` = :datatype\n\t\t\t | parameters: wp_stellarpay_subscriptions_meta, id, bigint UNSIGNED</li>\n<li>Executing: INSERT INTO _mysql_data_types_cache (`table`, `column_or_index`, `mysql_type`)\n\t\t\t\tVALUES (:table, :column, :datatype)\n\t\t\t\tON CONFLICT(`table`, `column_or_index`) DO UPDATE SET `mysql_type` = :datatype\n\t\t\t | parameters: wp_stellarpay_subscriptions_meta, subscription_id, bigint UNSIGNED</li>\n<li>Executing: INSERT INTO _mysql_data_types_cache (`table`, `column_or_index`, `mysql_type`)\n\t\t\t\tVALUES (:table, :column, :datatype)\n\t\t\t\tON CONFLICT(`table`, `column_or_index`) DO UPDATE SET `mysql_type` = :datatype\n\t\t\t | parameters: wp_stellarpay_subscriptions_meta, meta_key, varchar(255)</li>\n<li>Executing: INSERT INTO _mysql_data_types_cache (`table`, `column_or_index`, `mysql_type`)\n\t\t\t\tVALUES (:table, :column, :datatype)\n\t\t\t\tON CONFLICT(`table`, `column_or_index`) DO UPDATE SET `mysql_type` = :datatype\n\t\t\t | parameters: wp_stellarpay_subscriptions_meta, meta_value, longtext</li>\n<li>Executing: CREATE TABLE &quot;wp_stellarpay_subscriptions_meta&quot; (\n&quot;id&quot; integer PRIMARY KEY AUTOINCREMENT NOT NULL ON CONFLICT REPLACE DEFAULT 0,\n&quot;subscription_id&quot; integer NOT NULL ON CONFLICT REPLACE DEFAULT 0,\n&quot;meta_key&quot; text NOT NULL ON CONFLICT REPLACE DEFAULT '' COLLATE NOCASE,\n&quot;meta_value&quot; text NOT NULL ON CONFLICT REPLACE DEFAULT '' COLLATE NOCASE) | (no parameters)</li>\n<li>Executing: CREATE  INDEX  &quot;wp_stellarpay_subscriptions_meta__&quot; ON &quot;wp_stellarpay_subscriptions_meta&quot; (&quot;&quot;) | (no parameters)</li>\n<li>Executing: INSERT INTO _mysql_data_types_cache (`table`, `column_or_index`, `mysql_type`)\n\t\t\t\tVALUES (:table, :column, :datatype)\n\t\t\t\tON CONFLICT(`table`, `column_or_index`) DO UPDATE SET `mysql_type` = :datatype\n\t\t\t | parameters: wp_stellarpay_subscriptions_meta, wp_stellarpay_subscriptions_meta__, </li>\n<li>Executing: ROLLBACK | (no parameters)</li>\n</ol>\n</div>\n<div style=\"clear:both;margin-bottom:2px;border:red dotted thin;\" class=\"error_message\" style=\"border-bottom:dotted blue thin;\">\nError occurred at line 4117 in Function <code>handle_error</code>. Error message was: SQLSTATE[23000]: Integrity constraint violation: 19 NOT NULL constraint failed: _mysql_data_types_cache.mysql_type.\n</div>\n<p>Backtrace:</p>\n<pre>#0 /internal/shared/sqlite-database-integration/wp-includes/sqlite/class-wp-sqlite-db.php(287): WP_SQLite_Translator->get_error_message()\n#1 /wordpress/wp-admin/includes/upgrade.php(3280): WP_SQLite_DB->query('CREATE TABLE wp...')\n#2 /wordpress/wp-content/plugins/stellarpay/vendor/vendor-prefixed/stellarwp/db/src/DB/DB.php(83): dbDelta(Array)\n#3 /wordpress/wp-content/plugins/stellarpay/vendor/vendor-prefixed/stellarwp/db/src/DB/DB.php(284): StellarPay\\Vendors\\StellarWP\\DB\\DB::StellarPay\\Vendors\\StellarWP\\DB\\{closure}()\n#4 /wordpress/wp-content/plugins/stellarpay/vendor/vendor-prefixed/stellarwp/db/src/DB/DB.php(84): StellarPay\\Vendors\\StellarWP\\DB\\DB::runQueryWithErrorChecking(Object(Closure))\n#5 /wordpress/wp-content/plugins/stellarpay/src/Subscriptions/Migrations/CreateSubscriptionMetaDatabaseTable.php(55): StellarPay\\Vendors\\StellarWP\\DB\\DB::delta('CREATE TABLE wp...')\n#6 /wordpress/wp-content/plugins/stellarpay/src/PluginSetup/Actions/CreateDatabaseTable.php(49): StellarPay\\Subscriptions\\Migrations\\CreateSubscriptionMetaDatabaseTable->run()\n#7 [internal function]: StellarPay\\PluginSetup\\Actions\\CreateDatabaseTable->__invoke('stellarpay_curr...')\n#8 /wordpress/wp-content/plugins/stellarpay/src/Core/Hooks.php(66): call_user_func_array(Array, Array)\n#9 /wordpress/wp-includes/class-wp-hook.php(326): StellarPay\\Core\\Hooks::StellarPay\\Core\\{closure}('stellarpay_curr...')\n#10 /wordpress/wp-includes/class-wp-hook.php(348): WP_Hook->apply_filters('', Array)\n#11 /wordpress/wp-includes/plugin.php(517): WP_Hook->do_action(Array)\n#12 /wordpress/wp-includes/option.php(1177): do_action('add_option_stel...', 'stellarpay_curr...', '1.8.0')\n#13 /wordpress/wp-includes/option.php(930): add_option('stellarpay_curr...', '1.8.0', '', 'off')\n#14 /wordpress/wp-content/plugins/stellarpay/src/PluginSetup/Actions/RecordPluginVersion.php(34): update_option('stellarpay_curr...', '1.8.0', false)\n#15 /wordpress/wp-content/plugins/stellarpay/src/PluginSetup/Plugin.php(268): StellarPay\\PluginSetup\\Actions\\RecordPluginVersion->__invoke()\n#16 /wordpress/wp-content/plugins/stellarpay/src/PluginSetup/Plugin.php(141): StellarPay\\PluginSetup\\Plugin->recordPluginVersion()\n#17 [internal function]: StellarPay\\PluginSetup\\Plugin->init('')\n#18 /wordpress/wp-content/plugins/stellarpay/src/Core/Hooks.php(66): call_user_func_array(Array, Array)\n#19 /wordpress/wp-includes/class-wp-hook.php(324): StellarPay\\Core\\Hooks::StellarPay\\Core\\{closure}('')\n#20 /wordpress/wp-includes/class-wp-hook.php(348): WP_Hook->apply_filters(NULL, Array)\n#21 /wordpress/wp-includes/plugin.php(517): WP_Hook->do_action(Array)\n#22 /wordpress/wp-settings.php(578): do_action('plugins_loaded')\n#23 /wordpress/wp-config.php(102): require_once('/wordpress/wp-s...')\n#24 /wordpress/wp-load.php(50): require_once('/wordpress/wp-c...')\n#25 /internal/eval.php(3): require_once('/wordpress/wp-l...')\n#26 {main}</pre>\n for query CREATE TABLE wp_stellarpay_subscriptions_meta (\n            id BIGINT UNSIGNED NOT NULL AUTO_INCREMENT,\n            subscription_id BIGINT UNSIGNED NOT NULL,\n            meta_key Varchar(255) NOT NULL,\n            meta_value LONGTEXT NOT NULL,\n            PRIMARY KEY  (id),\n            FOREIGN KEY (subscription_id) REFERENCES wp_stellarpay_subscriptions (id)\n        ) DEFAULT CHARACTER SET utf8mb4 made by require_once('wp-load.php'), require_once('wp-config.php'), require_once('wp-settings.php'), do_action('plugins_loaded'), WP_Hook->do_action, WP_Hook->apply_filters, StellarPay\\Core\\Hooks::StellarPay\\Core\\{closure}, call_user_func_array, StellarPay\\PluginSetup\\Plugin->init, StellarPay\\PluginSetup\\Plugin->recordPluginVersion, StellarPay\\PluginSetup\\Actions\\RecordPluginVersion->__invoke, update_option, add_option, do_action('add_option_stellarpay_current_version'), WP_Hook->do_action, WP_Hook->apply_filters, StellarPay\\Core\\Hooks::StellarPay\\Core\\{closure}, call_user_func_array, StellarPay\\PluginSetup\\Actions\\CreateDatabaseTable->__invoke, StellarPay\\Subscriptions\\Migrations\\CreateSubscriptionMetaDatabaseTable->run, StellarPay\\Vendors\\StellarWP\\DB\\DB::delta, StellarPay\\Vendors\\StellarWP\\DB\\DB::runQueryWithErrorChecking, StellarPay\\Vendors\\StellarWP\\DB\\DB::StellarPay\\Vendors\\StellarWP\\DB\\{closure}, dbDelta, WP_SQLite_DB->query, WP_SQLite_DB->print_error","log":"/logs/plugins/s/safly-cloud-protection/error.json"}
,
{"message":"Uncaught StellarPay\\Vendors\\StellarWP\\DB\\Database\\Exceptions\\DatabaseQueryException: Database Query in /wordpress/wp-content/plugins/stellarpay/vendor/vendor-prefixed/stellarwp/db/src/DB/DB.php:296","level":"FATAL","type":"PHP","test":"jspi-boot","plugin":"safly-cloud-protection","details":"[30-May-2025 04:05:45 UTC] PHP Fatal error:  Uncaught StellarPay\\Vendors\\StellarWP\\DB\\Database\\Exceptions\\DatabaseQueryException: Database Query in /wordpress/wp-content/plugins/stellarpay/vendor/vendor-prefixed/stellarwp/db/src/DB/DB.php:296\nStack trace:\n#0 /wordpress/wp-content/plugins/stellarpay/vendor/vendor-prefixed/stellarwp/db/src/DB/DB.php(84): StellarPay\\Vendors\\StellarWP\\DB\\DB::runQueryWithErrorChecking(Object(Closure))\n#1 /wordpress/wp-content/plugins/stellarpay/src/Subscriptions/Migrations/CreateSubscriptionMetaDatabaseTable.php(55): StellarPay\\Vendors\\StellarWP\\DB\\DB::delta('CREATE TABLE wp...')\n#2 /wordpress/wp-content/plugins/stellarpay/src/PluginSetup/Actions/CreateDatabaseTable.php(49): StellarPay\\Subscriptions\\Migrations\\CreateSubscriptionMetaDatabaseTable->run()\n#3 [internal function]: StellarPay\\PluginSetup\\Actions\\CreateDatabaseTable->__invoke('stellarpay_curr...')\n#4 /wordpress/wp-content/plugins/stellarpay/src/Core/Hooks.php(66): call_user_func_array(Array, Array)\n#5 /wordpress/wp-includes/class-wp-hook.php(326): StellarPay\\Core\\H in /wordpress/wp-content/plugins/stellarpay/src/Subscriptions/Migrations/CreateSubscriptionMetaDatabaseTable.php on line 63","log":"/logs/plugins/s/safly-cloud-protection/error.json"}
,
{"message":"Undefined array key \"dnload-csv\" in /wordpress/wp-content/plugins/seo-rank-reporter/seo-rank-reporter.php on line 704","level":"WARNING","type":"PHP","test":"jspi-boot","plugin":"safly-cloud-protection","details":"[30-May-2025 04:08:31 UTC] PHP Warning:  Undefined array key \"dnload-csv\" in /wordpress/wp-content/plugins/seo-rank-reporter/seo-rank-reporter.php on line 704","log":"/logs/plugins/s/safly-cloud-protection/error.json"}
,
{"message":"File upgrade-functions.php is <strong>deprecated</strong> since version 2.5.0! Use wp-admin/includes/upgrade.php instead. in /wordpress/wp-includes/functions.php on line 6121","level":"DEPRECATED","type":"PHP","test":"jspi-boot","plugin":"safly-cloud-protection","details":"[30-May-2025 04:08:31 UTC] PHP Deprecated:  File upgrade-functions.php is <strong>deprecated</strong> since version 2.5.0! Use wp-admin/includes/upgrade.php instead. in /wordpress/wp-includes/functions.php on line 6121","log":"/logs/plugins/s/safly-cloud-protection/error.json"}
,
{"message":"Undefined variable $kw_seoRankTable_name in /wordpress/wp-content/plugins/seo-rank-reporter/seo-rank-reporter.php on line 225","level":"WARNING","type":"PHP","test":"jspi-boot","plugin":"safly-cloud-protection","details":"[30-May-2025 04:08:31 UTC] PHP Warning:  Undefined variable $kw_seoRankTable_name in /wordpress/wp-content/plugins/seo-rank-reporter/seo-rank-reporter.php on line 225","log":"/logs/plugins/s/safly-cloud-protection/error.json"}
,
{"message":"Function _load_textdomain_just_in_time was called <strong>incorrectly</strong>. Translation loading for the <code>seo-rank-reporter</code> domain was triggered too early. This is usually an indicator for some code in the plugin or theme running too early. Translations should be loaded at the <code>init</code> action or later. Please see <a href=\"https://developer.wordpress.org/advanced-administration/debug/debug-wordpress/\">Debugging in WordPress</a> for more information. (This message was added in version 6.7.0.) in /wordpress/wp-includes/functions.php on line 6121","level":"NOTICE","type":"PHP","test":"jspi-boot","plugin":"safly-cloud-protection","details":"[30-May-2025 04:08:32 UTC] PHP Notice:  Function _load_textdomain_just_in_time was called <strong>incorrectly</strong>. Translation loading for the <code>seo-rank-reporter</code> domain was triggered too early. This is usually an indicator for some code in the plugin or theme running too early. Translations should be loaded at the <code>init</code> action or later. Please see <a href=\"https://developer.wordpress.org/advanced-administration/debug/debug-wordpress/\">Debugging in WordPress</a> for more information. (This message was added in version 6.7.0.) in /wordpress/wp-includes/functions.php on line 6121","log":"/logs/plugins/s/safly-cloud-protection/error.json"}
,
{"message":"Undefined array key \"dnload-csv\" in /wordpress/wp-content/plugins/seo-rank-reporter/seo-rank-reporter.php on line 704","level":"WARNING","type":"PHP","test":"jspi-boot","plugin":"safly-cloud-protection","details":"[30-May-2025 04:08:32 UTC] PHP Warning:  Undefined array key \"dnload-csv\" in /wordpress/wp-content/plugins/seo-rank-reporter/seo-rank-reporter.php on line 704","log":"/logs/plugins/s/safly-cloud-protection/error.json"}
,
{"message":"Undefined array key \"dnload-csv\" in /wordpress/wp-content/plugins/seo-rank-reporter/seo-rank-reporter.php on line 704","level":"WARNING","type":"PHP","test":"jspi-boot","plugin":"safly-cloud-protection","details":"[30-May-2025 04:08:40 UTC] PHP Warning:  Undefined array key \"dnload-csv\" in /wordpress/wp-content/plugins/seo-rank-reporter/seo-rank-reporter.php on line 704","log":"/logs/plugins/s/safly-cloud-protection/error.json"}
,
{"message":"File upgrade-functions.php is <strong>deprecated</strong> since version 2.5.0! Use wp-admin/includes/upgrade.php instead. in /wordpress/wp-includes/functions.php on line 6121","level":"DEPRECATED","type":"PHP","test":"jspi-boot","plugin":"safly-cloud-protection","details":"[30-May-2025 04:08:40 UTC] PHP Deprecated:  File upgrade-functions.php is <strong>deprecated</strong> since version 2.5.0! Use wp-admin/includes/upgrade.php instead. in /wordpress/wp-includes/functions.php on line 6121","log":"/logs/plugins/s/safly-cloud-protection/error.json"}
,
{"message":"Undefined variable $kw_seoRankTable_name in /wordpress/wp-content/plugins/seo-rank-reporter/seo-rank-reporter.php on line 225","level":"WARNING","type":"PHP","test":"jspi-boot","plugin":"safly-cloud-protection","details":"[30-May-2025 04:08:40 UTC] PHP Warning:  Undefined variable $kw_seoRankTable_name in /wordpress/wp-content/plugins/seo-rank-reporter/seo-rank-reporter.php on line 225","log":"/logs/plugins/s/safly-cloud-protection/error.json"}
,
{"message":"SQLSTATE[HY000]: General error: 1 near \";\": syntax error.","level":"FATAL","type":"SQL","test":"jspi-boot","plugin":"safly-cloud-protection","details":"[30-May-2025 04:08:40 UTC] WordPress database error <div style=\"clear:both\">&nbsp;</div>\n<div class=\"queries\" style=\"clear:both;margin-bottom:2px;border:red dotted thin;\">\n<p>MySQL query:</p>\n<p>SELECT * FROM ;</p>\n<p>Queries made or created this session were:</p>\n<ol>\n<li>Executing: BEGIN | (no parameters)</li>\n<li>Executing: SELECT * FROM ; | (no parameters)</li>\n<li>Executing: ROLLBACK | (no parameters)</li>\n</ol>\n</div>\n<div style=\"clear:both;margin-bottom:2px;border:red dotted thin;\" class=\"error_message\" style=\"border-bottom:dotted blue thin;\">\nError occurred at line 4117 in Function <code>handle_error</code>. Error message was: SQLSTATE[HY000]: General error: 1 near \";\": syntax error.\n</div>\n<p>Backtrace:</p>\n<pre>#0 /internal/shared/sqlite-database-integration/wp-includes/sqlite/class-wp-sqlite-db.php(287): WP_SQLite_Translator->get_error_message()\n#1 /wordpress/wp-content/plugins/seo-rank-reporter/seo-rank-reporter.php(226): WP_SQLite_DB->query('SELECT * FROM ;')\n#2 /wordpress/wp-includes/class-wp-hook.php(324): seoRankReporterInstall(false)\n#3 /wordpress/wp-includes/class-wp-hook.php(348): WP_Hook->apply_filters('', Array)\n#4 /wordpress/wp-includes/plugin.php(517): WP_Hook->do_action(Array)\n#5 /wordpress/wp-admin/includes/plugin.php(703): do_action('activate_seo-ra...', false)\n#6 /internal/eval.php(20): activate_plugin('seo-rank-report...')\n#7 {main}</pre>\n for query SELECT * FROM ; made by activate_plugin, do_action('activate_seo-rank-reporter/seo-rank-reporter.php'), WP_Hook->do_action, WP_Hook->apply_filters, seoRankReporterInstall, WP_SQLite_DB->query, WP_SQLite_DB->print_error","log":"/logs/plugins/s/safly-cloud-protection/error.json"}
,
{"message":"Function _load_textdomain_just_in_time was called <strong>incorrectly</strong>. Translation loading for the <code>seo-rank-reporter</code> domain was triggered too early. This is usually an indicator for some code in the plugin or theme running too early. Translations should be loaded at the <code>init</code> action or later. Please see <a href=\"https://developer.wordpress.org/advanced-administration/debug/debug-wordpress/\">Debugging in WordPress</a> for more information. (This message was added in version 6.7.0.) in /wordpress/wp-includes/functions.php on line 6121","level":"NOTICE","type":"PHP","test":"jspi-boot","plugin":"safly-cloud-protection","details":"[30-May-2025 04:08:41 UTC] PHP Notice:  Function _load_textdomain_just_in_time was called <strong>incorrectly</strong>. Translation loading for the <code>seo-rank-reporter</code> domain was triggered too early. This is usually an indicator for some code in the plugin or theme running too early. Translations should be loaded at the <code>init</code> action or later. Please see <a href=\"https://developer.wordpress.org/advanced-administration/debug/debug-wordpress/\">Debugging in WordPress</a> for more information. (This message was added in version 6.7.0.) in /wordpress/wp-includes/functions.php on line 6121","log":"/logs/plugins/s/safly-cloud-protection/error.json"}
,
{"message":"Undefined array key \"dnload-csv\" in /wordpress/wp-content/plugins/seo-rank-reporter/seo-rank-reporter.php on line 704","level":"WARNING","type":"PHP","test":"jspi-boot","plugin":"safly-cloud-protection","details":"[30-May-2025 04:08:41 UTC] PHP Warning:  Undefined array key \"dnload-csv\" in /wordpress/wp-content/plugins/seo-rank-reporter/seo-rank-reporter.php on line 704","log":"/logs/plugins/s/safly-cloud-protection/error.json"}
,
{"message":"Undefined array key \"dnload-csv\" in /wordpress/wp-content/plugins/seo-rank-reporter/seo-rank-reporter.php on line 704","level":"WARNING","type":"PHP","test":"jspi-boot","plugin":"safly-cloud-protection","details":"[30-May-2025 04:08:49 UTC] PHP Warning:  Undefined array key \"dnload-csv\" in /wordpress/wp-content/plugins/seo-rank-reporter/seo-rank-reporter.php on line 704","log":"/logs/plugins/s/safly-cloud-protection/error.json"}
,
{"message":"File upgrade-functions.php is <strong>deprecated</strong> since version 2.5.0! Use wp-admin/includes/upgrade.php instead. in /wordpress/wp-includes/functions.php on line 6121","level":"DEPRECATED","type":"PHP","test":"jspi-boot","plugin":"safly-cloud-protection","details":"[30-May-2025 04:08:49 UTC] PHP Deprecated:  File upgrade-functions.php is <strong>deprecated</strong> since version 2.5.0! Use wp-admin/includes/upgrade.php instead. in /wordpress/wp-includes/functions.php on line 6121","log":"/logs/plugins/s/safly-cloud-protection/error.json"}
,
{"message":"Undefined variable $kw_seoRankTable_name in /wordpress/wp-content/plugins/seo-rank-reporter/seo-rank-reporter.php on line 225","level":"WARNING","type":"PHP","test":"jspi-boot","plugin":"safly-cloud-protection","details":"[30-May-2025 04:08:49 UTC] PHP Warning:  Undefined variable $kw_seoRankTable_name in /wordpress/wp-content/plugins/seo-rank-reporter/seo-rank-reporter.php on line 225","log":"/logs/plugins/s/safly-cloud-protection/error.json"}
,
{"message":"SQLSTATE[HY000]: General error: 1 near \";\": syntax error.","level":"FATAL","type":"SQL","test":"jspi-boot","plugin":"safly-cloud-protection","details":"[30-May-2025 04:08:49 UTC] WordPress database error <div style=\"clear:both\">&nbsp;</div>\n<div class=\"queries\" style=\"clear:both;margin-bottom:2px;border:red dotted thin;\">\n<p>MySQL query:</p>\n<p>SELECT * FROM ;</p>\n<p>Queries made or created this session were:</p>\n<ol>\n<li>Executing: BEGIN | (no parameters)</li>\n<li>Executing: SELECT * FROM ; | (no parameters)</li>\n<li>Executing: ROLLBACK | (no parameters)</li>\n</ol>\n</div>\n<div style=\"clear:both;margin-bottom:2px;border:red dotted thin;\" class=\"error_message\" style=\"border-bottom:dotted blue thin;\">\nError occurred at line 4117 in Function <code>handle_error</code>. Error message was: SQLSTATE[HY000]: General error: 1 near \";\": syntax error.\n</div>\n<p>Backtrace:</p>\n<pre>#0 /internal/shared/sqlite-database-integration/wp-includes/sqlite/class-wp-sqlite-db.php(287): WP_SQLite_Translator->get_error_message()\n#1 /wordpress/wp-content/plugins/seo-rank-reporter/seo-rank-reporter.php(226): WP_SQLite_DB->query('SELECT * FROM ;')\n#2 /wordpress/wp-includes/class-wp-hook.php(324): seoRankReporterInstall(false)\n#3 /wordpress/wp-includes/class-wp-hook.php(348): WP_Hook->apply_filters('', Array)\n#4 /wordpress/wp-includes/plugin.php(517): WP_Hook->do_action(Array)\n#5 /wordpress/wp-admin/includes/plugin.php(703): do_action('activate_seo-ra...', false)\n#6 /internal/eval.php(20): activate_plugin('seo-rank-report...')\n#7 {main}</pre>\n for query SELECT * FROM ; made by activate_plugin, do_action('activate_seo-rank-reporter/seo-rank-reporter.php'), WP_Hook->do_action, WP_Hook->apply_filters, seoRankReporterInstall, WP_SQLite_DB->query, WP_SQLite_DB->print_error","log":"/logs/plugins/s/safly-cloud-protection/error.json"}
,
{"message":"Function _load_textdomain_just_in_time was called <strong>incorrectly</strong>. Translation loading for the <code>seo-rank-reporter</code> domain was triggered too early. This is usually an indicator for some code in the plugin or theme running too early. Translations should be loaded at the <code>init</code> action or later. Please see <a href=\"https://developer.wordpress.org/advanced-administration/debug/debug-wordpress/\">Debugging in WordPress</a> for more information. (This message was added in version 6.7.0.) in /wordpress/wp-includes/functions.php on line 6121","level":"NOTICE","type":"PHP","test":"jspi-boot","plugin":"safly-cloud-protection","details":"[30-May-2025 04:08:49 UTC] PHP Notice:  Function _load_textdomain_just_in_time was called <strong>incorrectly</strong>. Translation loading for the <code>seo-rank-reporter</code> domain was triggered too early. This is usually an indicator for some code in the plugin or theme running too early. Translations should be loaded at the <code>init</code> action or later. Please see <a href=\"https://developer.wordpress.org/advanced-administration/debug/debug-wordpress/\">Debugging in WordPress</a> for more information. (This message was added in version 6.7.0.) in /wordpress/wp-includes/functions.php on line 6121","log":"/logs/plugins/s/safly-cloud-protection/error.json"}
,
{"message":"Undefined array key \"dnload-csv\" in /wordpress/wp-content/plugins/seo-rank-reporter/seo-rank-reporter.php on line 704","level":"WARNING","type":"PHP","test":"jspi-boot","plugin":"safly-cloud-protection","details":"[30-May-2025 04:08:49 UTC] PHP Warning:  Undefined array key \"dnload-csv\" in /wordpress/wp-content/plugins/seo-rank-reporter/seo-rank-reporter.php on line 704","log":"/logs/plugins/s/safly-cloud-protection/error.json"}
,
{"message":"define(): Argument #3 ($case_insensitive) is ignored since declaration of case-insensitive constants is no longer supported in /wordpress/wp-content/plugins/safly-cloud-protection/safly-protection.php on line 33","level":"WARNING","type":"PHP","test":"jspi-boot","plugin":"safly-cloud-protection","details":"[30-May-2025 04:08:58 UTC] PHP Warning:  define(): Argument #3 ($case_insensitive) is ignored since declaration of case-insensitive constants is no longer supported in /wordpress/wp-content/plugins/safly-cloud-protection/safly-protection.php on line 33","log":"/logs/plugins/s/safly-cloud-protection/error.json"}
,
{"message":"Undefined variable $safly_ip in /wordpress/wp-content/plugins/safly-cloud-protection/wrapper.php on line 73","level":"WARNING","type":"PHP","test":"jspi-boot","plugin":"safly-cloud-protection","details":"[30-May-2025 04:08:58 UTC] PHP Warning:  Undefined variable $safly_ip in /wordpress/wp-content/plugins/safly-cloud-protection/wrapper.php on line 73","log":"/logs/plugins/s/safly-cloud-protection/error.json"}
,
{"message":"define(): Argument #3 ($case_insensitive) is ignored since declaration of case-insensitive constants is no longer supported in /wordpress/wp-content/plugins/safly-cloud-protection/safly-protection.php on line 33","level":"WARNING","type":"PHP","test":"jspi-boot","plugin":"safly-cloud-protection","details":"[30-May-2025 04:09:06 UTC] PHP Warning:  define(): Argument #3 ($case_insensitive) is ignored since declaration of case-insensitive constants is no longer supported in /wordpress/wp-content/plugins/safly-cloud-protection/safly-protection.php on line 33","log":"/logs/plugins/s/safly-cloud-protection/error.json"}
,
{"message":"Undefined variable $safly_ip in /wordpress/wp-content/plugins/safly-cloud-protection/wrapper.php on line 73","level":"WARNING","type":"PHP","test":"jspi-boot","plugin":"safly-cloud-protection","details":"[30-May-2025 04:09:06 UTC] PHP Warning:  Undefined variable $safly_ip in /wordpress/wp-content/plugins/safly-cloud-protection/wrapper.php on line 73","log":"/logs/plugins/s/safly-cloud-protection/error.json"}
,
{"message":"define(): Argument #3 ($case_insensitive) is ignored since declaration of case-insensitive constants is no longer supported in /wordpress/wp-content/plugins/safly-cloud-protection/safly-protection.php on line 33","level":"WARNING","type":"PHP","test":"jspi-boot","plugin":"safly-cloud-protection","details":"[30-May-2025 04:09:15 UTC] PHP Warning:  define(): Argument #3 ($case_insensitive) is ignored since declaration of case-insensitive constants is no longer supported in /wordpress/wp-content/plugins/safly-cloud-protection/safly-protection.php on line 33","log":"/logs/plugins/s/safly-cloud-protection/error.json"}
,
{"message":"Undefined variable $safly_ip in /wordpress/wp-content/plugins/safly-cloud-protection/wrapper.php on line 73","level":"WARNING","type":"PHP","test":"jspi-boot","plugin":"safly-cloud-protection","details":"[30-May-2025 04:09:15 UTC] PHP Warning:  Undefined variable $safly_ip in /wordpress/wp-content/plugins/safly-cloud-protection/wrapper.php on line 73\n\n    at Object.onBind (file:///home/runner/work/playground-tester/playground-tester/node_modules/@wp-playground/cli/index.js:237:15)\n    at process.processTicksAndRejections (node:internal/process/task_queues:105:5)\n    at async V (file:///home/runner/work/playground-tester/playground-tester/node_modules/@wp-playground/cli/index.js:64:10)\n    at async ja (file:///home/runner/work/playground-tester/playground-tester/node_modules/@wp-playground/cli/cli.js:8161:12) {\n  [cause]: Error: Error when executing the blueprint step #1 ({\"step\":\"installPlugin\",\"pluginData\":{\"resource\":\"wordpress.org/plugins\",\"slug\":\"safly-cloud-protection\"},\"options\":{\"activate\":true}}) : Plugin /wordpress/wp-content/plugins/safly-cloud-protection could not be activated  WordPress exited with no error. Sometimes, when $_SERVER or site options are not configured correctly, WordPress exits early with a 301 redirect. Inspect the \"debug\" logs in the console for more details.\n      at Object.run (file:///home/runner/work/playground-tester/playground-tester/node_modules/@wp-playground/blueprints/index.js:12449:19)\n      at process.processTicksAndRejections (node:internal/process/task_queues:105:5)\n      at async ms (file:///home/runner/work/playground-tester/playground-tester/node_modules/@wp-playground/blueprints/index.js:12552:3)\n      ... 2 lines matching cause stack trace ...\n      at async ja (file:///home/runner/work/playground-tester/playground-tester/node_modules/@wp-playground/cli/cli.js:8161:12) {\n    [cause]: Error: Plugin /wordpress/wp-content/plugins/safly-cloud-protection could not be activated  WordPress exited with no error. Sometimes, when $_SERVER or site options are not configured correctly, WordPress exits early with a 301 redirect. Inspect the \"debug\" logs in the console for more details.\n        at wr (file:///home/runner/work/playground-tester/playground-tester/node_modules/@wp-playground/blueprints/index.js:119:51)\n        at process.processTicksAndRejections (node:internal/process/task_queues:105:5)\n        at async Object.gt [as installPlugin] (file:///home/runner/work/playground-tester/playground-tester/node_modules/@wp-playground/blueprints/index.js:974:42)\n        at async g (file:///home/runner/work/playground-tester/playground-tester/node_modules/@wp-playground/blueprints/index.js:12517:30)\n        at async Object.run (file:///home/runner/work/playground-tester/playground-tester/node_modules/@wp-playground/blueprints/index.js:12446:23)\n        at async ms (file:///home/runner/work/playground-tester/playground-tester/node_modules/@wp-playground/blueprints/index.js:12552:3)\n        at async Object.onBind (file:///home/runner/work/playground-tester/playground-tester/node_modules/@wp-playground/cli/index.js:227:48)\n        at async V (file:///home/runner/work/playground-tester/playground-tester/node_modules/@wp-playground/cli/index.js:64:10)\n        at async ja (file:///home/runner/work/playground-tester/playground-tester/node_modules/@wp-playground/cli/cli.js:8161:12)\n  }\n}\n\n","log":"/logs/plugins/s/safly-cloud-protection/error.json"}
]
