[
{"message":"file:///home/runner/work/playground-tester/playground-tester/node_modules/@wp-playground/cli/index.js:237\n        throw new Error(y, { cause: u });\n              ^\n","level":"FATAL","type":"PLAYGROUND","test":"jspi-boot","plugin":"webisonline","details":"file:///home/runner/work/playground-tester/playground-tester/node_modules/@wp-playground/cli/index.js:237\n        throw new Error(y, { cause: u });\n              ^\n","log":"/tmp/tmp.MIn9ivcScd"}
,
{"message":"Required parameter $template follows optional parameter $type in /wordpress/wp-content/plugins/witty-map/inc/class-witty-support.php on line 33","level":"DEPRECATED","type":"PHP","test":"jspi-boot","plugin":"webisonline","details":"[27-May-2025 19:45:47 UTC] PHP Deprecated:  Required parameter $template follows optional parameter $type in /wordpress/wp-content/plugins/witty-map/inc/class-witty-support.php on line 33","log":"/logs/plugins/w/webisonline/error.json"}
,
{"message":"Required parameter $template follows optional parameter $type in /wordpress/wp-content/plugins/witty-map/inc/class-witty-support.php on line 33","level":"DEPRECATED","type":"PHP","test":"jspi-boot","plugin":"webisonline","details":"[27-May-2025 19:45:48 UTC] PHP Deprecated:  Required parameter $template follows optional parameter $type in /wordpress/wp-content/plugins/witty-map/inc/class-witty-support.php on line 33","log":"/logs/plugins/w/webisonline/error.json"}
,
{"message":"Required parameter $template follows optional parameter $type in /wordpress/wp-content/plugins/witty-map/inc/class-witty-support.php on line 33","level":"DEPRECATED","type":"PHP","test":"jspi-boot","plugin":"webisonline","details":"[27-May-2025 19:45:56 UTC] PHP Deprecated:  Required parameter $template follows optional parameter $type in /wordpress/wp-content/plugins/witty-map/inc/class-witty-support.php on line 33","log":"/logs/plugins/w/webisonline/error.json"}
,
{"message":"Required parameter $template follows optional parameter $type in /wordpress/wp-content/plugins/witty-map/inc/class-witty-support.php on line 33","level":"DEPRECATED","type":"PHP","test":"jspi-boot","plugin":"webisonline","details":"[27-May-2025 19:45:57 UTC] PHP Deprecated:  Required parameter $template follows optional parameter $type in /wordpress/wp-content/plugins/witty-map/inc/class-witty-support.php on line 33","log":"/logs/plugins/w/webisonline/error.json"}
,
{"message":"Required parameter $template follows optional parameter $type in /wordpress/wp-content/plugins/witty-map/inc/class-witty-support.php on line 33","level":"DEPRECATED","type":"PHP","test":"jspi-boot","plugin":"webisonline","details":"[27-May-2025 19:46:05 UTC] PHP Deprecated:  Required parameter $template follows optional parameter $type in /wordpress/wp-content/plugins/witty-map/inc/class-witty-support.php on line 33","log":"/logs/plugins/w/webisonline/error.json"}
,
{"message":"Required parameter $template follows optional parameter $type in /wordpress/wp-content/plugins/witty-map/inc/class-witty-support.php on line 33","level":"DEPRECATED","type":"PHP","test":"jspi-boot","plugin":"webisonline","details":"[27-May-2025 19:46:06 UTC] PHP Deprecated:  Required parameter $template follows optional parameter $type in /wordpress/wp-content/plugins/witty-map/inc/class-witty-support.php on line 33","log":"/logs/plugins/w/webisonline/error.json"}
,
{"message":"Function _load_textdomain_just_in_time was called <strong>incorrectly</strong>. Translation loading for the <code>wp-auto-updater</code> domain was triggered too early. This is usually an indicator for some code in the plugin or theme running too early. Translations should be loaded at the <code>init</code> action or later. Please see <a href=\"https://developer.wordpress.org/advanced-administration/debug/debug-wordpress/\">Debugging in WordPress</a> for more information. (This message was added in version 6.7.0.) in /wordpress/wp-includes/functions.php on line 6121","level":"NOTICE","type":"PHP","test":"jspi-boot","plugin":"webisonline","details":"[27-May-2025 19:48:22 UTC] PHP Notice:  Function _load_textdomain_just_in_time was called <strong>incorrectly</strong>. Translation loading for the <code>wp-auto-updater</code> domain was triggered too early. This is usually an indicator for some code in the plugin or theme running too early. Translations should be loaded at the <code>init</code> action or later. Please see <a href=\"https://developer.wordpress.org/advanced-administration/debug/debug-wordpress/\">Debugging in WordPress</a> for more information. (This message was added in version 6.7.0.) in /wordpress/wp-includes/functions.php on line 6121","log":"/logs/plugins/w/webisonline/error.json"}
,
{"message":"Function _load_textdomain_just_in_time was called <strong>incorrectly</strong>. Translation loading for the <code>wp-auto-updater</code> domain was triggered too early. This is usually an indicator for some code in the plugin or theme running too early. Translations should be loaded at the <code>init</code> action or later. Please see <a href=\"https://developer.wordpress.org/advanced-administration/debug/debug-wordpress/\">Debugging in WordPress</a> for more information. (This message was added in version 6.7.0.) in /wordpress/wp-includes/functions.php on line 6121","level":"NOTICE","type":"PHP","test":"jspi-boot","plugin":"webisonline","details":"[27-May-2025 19:48:31 UTC] PHP Notice:  Function _load_textdomain_just_in_time was called <strong>incorrectly</strong>. Translation loading for the <code>wp-auto-updater</code> domain was triggered too early. This is usually an indicator for some code in the plugin or theme running too early. Translations should be loaded at the <code>init</code> action or later. Please see <a href=\"https://developer.wordpress.org/advanced-administration/debug/debug-wordpress/\">Debugging in WordPress</a> for more information. (This message was added in version 6.7.0.) in /wordpress/wp-includes/functions.php on line 6121","log":"/logs/plugins/w/webisonline/error.json"}
,
{"message":"Function _load_textdomain_just_in_time was called <strong>incorrectly</strong>. Translation loading for the <code>wp-auto-updater</code> domain was triggered too early. This is usually an indicator for some code in the plugin or theme running too early. Translations should be loaded at the <code>init</code> action or later. Please see <a href=\"https://developer.wordpress.org/advanced-administration/debug/debug-wordpress/\">Debugging in WordPress</a> for more information. (This message was added in version 6.7.0.) in /wordpress/wp-includes/functions.php on line 6121","level":"NOTICE","type":"PHP","test":"jspi-boot","plugin":"webisonline","details":"[27-May-2025 19:48:40 UTC] PHP Notice:  Function _load_textdomain_just_in_time was called <strong>incorrectly</strong>. Translation loading for the <code>wp-auto-updater</code> domain was triggered too early. This is usually an indicator for some code in the plugin or theme running too early. Translations should be loaded at the <code>init</code> action or later. Please see <a href=\"https://developer.wordpress.org/advanced-administration/debug/debug-wordpress/\">Debugging in WordPress</a> for more information. (This message was added in version 6.7.0.) in /wordpress/wp-includes/functions.php on line 6121","log":"/logs/plugins/w/webisonline/error.json"}
,
{"message":"Required parameter $gedcom follows optional parameter $gen in /wordpress/wp-content/plugins/wpgenealogy/public/Traits/Relationship.php on line 33","level":"DEPRECATED","type":"PHP","test":"jspi-boot","plugin":"webisonline","details":"[27-May-2025 19:49:18 UTC] PHP Deprecated:  Required parameter $gedcom follows optional parameter $gen in /wordpress/wp-content/plugins/wpgenealogy/public/Traits/Relationship.php on line 33","log":"/logs/plugins/w/webisonline/error.json"}
,
{"message":"Uncaught PDOException: SQLSTATE[HY000] [2002] Address family not supported by protocol in /wordpress/wp-content/plugins/wpgenealogy/vendor/doctrine/dbal/lib/Doctrine/DBAL/Driver/PDOConnection.php:38","level":"FATAL","type":"PHP","test":"jspi-boot","plugin":"webisonline","details":"[27-May-2025 19:49:19 UTC] PHP Fatal error:  Uncaught PDOException: SQLSTATE[HY000] [2002] Address family not supported by protocol in /wordpress/wp-content/plugins/wpgenealogy/vendor/doctrine/dbal/lib/Doctrine/DBAL/Driver/PDOConnection.php:38\nStack trace:\n#0 /wordpress/wp-content/plugins/wpgenealogy/vendor/doctrine/dbal/lib/Doctrine/DBAL/Driver/PDOConnection.php(38): PDO->__construct('mysql:host=loca...', 'username_here', 'password_here', Array)\n#1 /wordpress/wp-content/plugins/wpgenealogy/vendor/illuminate/database/Connectors/Connector.php(67): Doctrine\\DBAL\\Driver\\PDOConnection->__construct('mysql:host=loca...', 'username_here', 'password_here', Array)\n#2 /wordpress/wp-content/plugins/wpgenealogy/vendor/illuminate/database/Connectors/Connector.php(46): Illuminate\\Database\\Connectors\\Connector->createPdoConnection('mysql:host=loca...', 'username_here', 'password_here', Array)\n#3 /wordpress/wp-content/plugins/wpgenealogy/vendor/illuminate/database/Connectors/MySqlConnector.php(24): Illuminate\\Database\\Connectors\\Connector->createConnection('mysql:host=loca...', Array, Array)\n#4 /wordpress/wp-content/plugins/wpgenealogy/vendor/illuminate/database/Connectors/ConnectionFactory.php(182): Illuminate\\Database\\Connectors\\MySqlConnector->connect(Array)\n#5 [internal function]: Illuminate\\Database\\Connectors\\ConnectionFactory->Illuminate\\Database\\Connectors\\{closure}()\n#6 /wordpress/wp-content/plugins/wpgenealogy/vendor/illuminate/database/Connection.php(924): call_user_func(Object(Closure))\n#7 /wordpress/wp-content/plugins/wpgenealogy/vendor/illuminate/database/Connection.php(457): Illuminate\\Database\\Connection->getPdo()\n#8 /wordpress/wp-content/plugins/wpgenealogy/vendor/illuminate/database/Connection.php(662): Illuminate\\Database\\Connection->Illuminate\\Database\\{closure}('SET FOREIGN_KEY...', Array)\n#9 /wordpress/wp-content/plugins/wpgenealogy/vendor/illuminate/database/Connection.php(629): Illuminate\\Database\\Connection->runQueryCallback('SET FOREIGN_KEY...', Array, Object(Closure))\n#10 /wordpress/wp-content/plugins/wpgenealogy/vendor/illuminate/database/Connection.php(464): Illuminate\\Database\\Connection->run('SET FOREIGN_KEY...', Array, Object(Closure))\n#11 /wordpress/wp-content/plugins/wpgenealogy/vendor/illuminate/database/Schema/Builder.php(266): Illuminate\\Database\\Connection->statement('SET FOREIGN_KEY...')\n#12 /wordpress/wp-content/plugins/wpgenealogy/includes/class-wpgenealogy-activator.php(627): Illuminate\\Database\\Schema\\Builder->enableForeignKeyConstraints()\n#13 /wordpress/wp-content/plugins/wpgenealogy/includes/class-wpgenealogy-activator.php(43): WPGenealogy\\WPGenealogy_Activator::create_tables()\n#14 /wordpress/wp-content/plugins/wpgenealogy/wpgenealogy.php(90): WPGenealogy\\WPGenealogy_Activator::activate()\n#15 /wordpress/wp-includes/class-wp-hook.php(324): wpgenealogy_activate(false)\n#16 /wordpress/wp-includes/class-wp-hook.php(348): WP_Hook->apply_filters(NULL, Array)\n#17 /wordpress/wp-includes/plugin.php(517): WP_Hook->do_action(Array)\n#18 /wordpress/wp-admin/includes/plugin.php(703): do_action('activate_wpgene...', false)\n#19 /internal/eval.php(20): activate_plugin('wpgenealogy/wpg...')\n#20 {main}\n\nNext Doctrine\\DBAL\\Driver\\PDO\\Exception: SQLSTATE[HY000] [2002] Address family not supported by protocol in /wordpress/wp-content/plugins/wpgenealogy/vendor/doctrine/dbal/lib/Doctrine/DBAL/Driver/PDO/Exception.php:18\nStack trace:\n#0 /wordpress/wp-content/plugins/wpgenealogy/vendor/doctrine/dbal/lib/Doctrine/DBAL/Driver/PDOConnection.php(42): Doctrine\\DBAL\\Driver\\PDO\\Exception::new(Object(PDOException))\n#1 /wordpress/wp-content/plugins/wpgenealogy/vendor/illuminate/database/Connectors/Connector.php(67): Doctrine\\DBAL\\Driver\\PDOConnection->__construct('mysql:host=loca...', 'username_here', 'password_here', Array)\n#2 /wordpress/wp-content/plugins/wpgenealogy/vendor/illuminate/database/Connectors/Connector.php(46): Illuminate\\Database\\Connectors\\Connector->createPdoConnection('mysql:host=loca...', 'username_here', 'password_here', Array)\n#3 /wordpress/wp-content/plugins/wpgenealogy/vendor/illuminate/database/Connectors/MySqlConnector.php(24): Illuminate\\Database\\Connectors\\Connector->createConnection('mysql:host=loca...', Array, Array)\n#4 /wordpress/wp-content/plugins/wpgenealogy/vendor/illuminate/database/Connectors/ConnectionFactory.php(182): Illuminate\\Database\\Connectors\\MySqlConnector->connect(Array)\n#5 [internal function]: Illuminate\\Database\\Connectors\\ConnectionFactory->Illuminate\\Database\\Connectors\\{closure}()\n#6 /wordpress/wp-content/plugins/wpgenealogy/vendor/illuminate/database/Connection.php(924): call_user_func(Object(Closure))\n#7 /wordpress/wp-content/plugins/wpgenealogy/vendor/illuminate/database/Connection.php(457): Illuminate\\Database\\Connection->getPdo()\n#8 /wordpress/wp-content/plugins/wpgenealogy/vendor/illuminate/database/Connection.php(662): Illuminate\\Database\\Connection->Illuminate\\Database\\{closure}('SET FOREIGN_KEY...', Array)\n#9 /wordpress/wp-content/plugins/wpgenealogy/vendor/illuminate/database/Connection.php(629): Illuminate\\Database\\Connection->runQueryCallback('SET FOREIGN_KEY...', Array, Object(Closure))\n#10 /wordpress/wp-content/plugins/wpgenealogy/vendor/illuminate/database/Connection.php(464): Illuminate\\Database\\Connection->run('SET FOREIGN_KEY...', Array, Object(Closure))\n#11 /wordpress/wp-content/plugins/wpgenealogy/vendor/illuminate/database/Schema/Builder.php(266): Illuminate\\Database\\Connection->statement('SET FOREIGN_KEY...')\n#12 /wordpress/wp-content/plugins/wpgenealogy/includes/class-wpgenealogy-activator.php(627): Illuminate\\Database\\Schema\\Builder->enableForeignKeyConstraints()\n#13 /wordpress/wp-content/plugins/wpgenealogy/includes/class-wpgenealogy-activator.php(43): WPGenealogy\\WPGenealogy_Activator::create_tables()\n#14 /wordpress/wp-content/plugins/wpgenealogy/wpgenealogy.php(90): WPGenealogy\\WPGenealogy_Activator::activate()\n#15 /wordpress/wp-includes/class-wp-hook.php(324): wpgenealogy_activate(false)\n#16 /wordpress/wp-includes/class-wp-hook.php(348): WP_Hook->apply_filters(NULL, Array)\n#17 /wordpress/wp-includes/plugin.php(517): WP_Hook->do_action(Array)\n#18 /wordpress/wp-admin/includes/plugin.php(703): do_action('activate_wpgene...', false)\n#19 /internal/eval.php(20): activate_plugin('wpgenealogy/wpg...')\n#20 {main}\n\nNext Illuminate\\Database\\QueryException: SQLSTATE[HY000] [2002] Address family not supported by protocol (SQL: SET FOREIGN_KEY_CHECKS=1;) in /wordpress/wp-content/plugins/wpgenealogy/vendor/illuminate/database/Connection.php:669\nStack trace:\n#0 /wordpress/wp-content/plugins/wpgenealogy/vendor/illuminate/database/Connection.php(629): Illuminate\\Database\\Connection->runQueryCallback('SET FOREIGN_KEY...', Array, Object(Closure))\n#1 /wordpress/wp-content/plugins/wpgenealogy/vendor/illuminate/database/Connection.php(464): Illuminate\\Database\\Connection->run('SET FOREIGN_KEY...', Array, Object(Closure))\n#2 /wordpress/wp-content/plugins/wpgenealogy/vendor/illuminate/database/Schema/Builder.php(266): Illuminate\\Database\\Connection->statement('SET FOREIGN_KEY...')\n#3 /wordpress/wp-content/plugins/wpgenealogy/includes/class-wpgenealogy-activator.php(627): Illuminate\\Database\\Schema\\Builder->enableForeignKeyConstraints()\n#4 /wordpress/wp-content/plugins/wpgenealogy/includes/class-wpgenealogy-activator.php(43): WPGenealogy\\WPGenealogy_Activator::create_tables()\n#5 /wordpress/wp-content/plugins/wpgenealogy/wpgenealogy.php(90): WPGenealogy\\WPGenealogy_Activator::activate()\n#6 /wordpress/wp-includes/class-wp-hook.php(324): wpgenealogy_activate(false)\n#7 /wordpress/wp-includes/class-wp-hook.php(348): WP_Hook->apply_filters(NULL, Array)\n#8 /wordpress/wp-includes/plugin.php(517): WP_Hook->do_action(Array)\n#9 /wordpress/wp-admin/includes/plugin.php(703): do_action('activate_wpgene...', false)\n#10 /internal/eval.php(20): activate_plugin('wpgenealogy/wpg...')\n#11 {main}\n  thrown in /wordpress/wp-content/plugins/wpgenealogy/vendor/illuminate/database/Connection.php on line 669","log":"/logs/plugins/w/webisonline/error.json"}
,
{"message":"Required parameter $gedcom follows optional parameter $gen in /wordpress/wp-content/plugins/wpgenealogy/public/Traits/Relationship.php on line 33","level":"DEPRECATED","type":"PHP","test":"jspi-boot","plugin":"webisonline","details":"[27-May-2025 19:49:38 UTC] PHP Deprecated:  Required parameter $gedcom follows optional parameter $gen in /wordpress/wp-content/plugins/wpgenealogy/public/Traits/Relationship.php on line 33","log":"/logs/plugins/w/webisonline/error.json"}
,
{"message":"Uncaught PDOException: SQLSTATE[HY000] [2002] Address family not supported by protocol in /wordpress/wp-content/plugins/wpgenealogy/vendor/doctrine/dbal/lib/Doctrine/DBAL/Driver/PDOConnection.php:38","level":"FATAL","type":"PHP","test":"jspi-boot","plugin":"webisonline","details":"[27-May-2025 19:49:38 UTC] PHP Fatal error:  Uncaught PDOException: SQLSTATE[HY000] [2002] Address family not supported by protocol in /wordpress/wp-content/plugins/wpgenealogy/vendor/doctrine/dbal/lib/Doctrine/DBAL/Driver/PDOConnection.php:38\nStack trace:\n#0 /wordpress/wp-content/plugins/wpgenealogy/vendor/doctrine/dbal/lib/Doctrine/DBAL/Driver/PDOConnection.php(38): PDO->__construct('mysql:host=loca...', 'username_here', 'password_here', Array)\n#1 /wordpress/wp-content/plugins/wpgenealogy/vendor/illuminate/database/Connectors/Connector.php(67): Doctrine\\DBAL\\Driver\\PDOConnection->__construct('mysql:host=loca...', 'username_here', 'password_here', Array)\n#2 /wordpress/wp-content/plugins/wpgenealogy/vendor/illuminate/database/Connectors/Connector.php(46): Illuminate\\Database\\Connectors\\Connector->createPdoConnection('mysql:host=loca...', 'username_here', 'password_here', Array)\n#3 /wordpress/wp-content/plugins/wpgenealogy/vendor/illuminate/database/Connectors/MySqlConnector.php(24): Illuminate\\Database\\Connectors\\Connector->createConnection('mysql:host=loca...', Array, Array)\n#4 /wordpress/wp-content/plugins/wpgenealogy/vendor/illuminate/database/Connectors/ConnectionFactory.php(182): Illuminate\\Database\\Connectors\\MySqlConnector->connect(Array)\n#5 [internal function]: Illuminate\\Database\\Connectors\\ConnectionFactory->Illuminate\\Database\\Connectors\\{closure}()\n#6 /wordpress/wp-content/plugins/wpgenealogy/vendor/illuminate/database/Connection.php(924): call_user_func(Object(Closure))\n#7 /wordpress/wp-content/plugins/wpgenealogy/vendor/illuminate/database/Connection.php(457): Illuminate\\Database\\Connection->getPdo()\n#8 /wordpress/wp-content/plugins/wpgenealogy/vendor/illuminate/database/Connection.php(662): Illuminate\\Database\\Connection->Illuminate\\Database\\{closure}('SET FOREIGN_KEY...', Array)\n#9 /wordpress/wp-content/plugins/wpgenealogy/vendor/illuminate/database/Connection.php(629): Illuminate\\Database\\Connection->runQueryCallback('SET FOREIGN_KEY...', Array, Object(Closure))\n#10 /wordpress/wp-content/plugins/wpgenealogy/vendor/illuminate/database/Connection.php(464): Illuminate\\Database\\Connection->run('SET FOREIGN_KEY...', Array, Object(Closure))\n#11 /wordpress/wp-content/plugins/wpgenealogy/vendor/illuminate/database/Schema/Builder.php(266): Illuminate\\Database\\Connection->statement('SET FOREIGN_KEY...')\n#12 /wordpress/wp-content/plugins/wpgenealogy/includes/class-wpgenealogy-activator.php(627): Illuminate\\Database\\Schema\\Builder->enableForeignKeyConstraints()\n#13 /wordpress/wp-content/plugins/wpgenealogy/includes/class-wpgenealogy-activator.php(43): WPGenealogy\\WPGenealogy_Activator::create_tables()\n#14 /wordpress/wp-content/plugins/wpgenealogy/wpgenealogy.php(90): WPGenealogy\\WPGenealogy_Activator::activate()\n#15 /wordpress/wp-includes/class-wp-hook.php(324): wpgenealogy_activate(false)\n#16 /wordpress/wp-includes/class-wp-hook.php(348): WP_Hook->apply_filters(NULL, Array)\n#17 /wordpress/wp-includes/plugin.php(517): WP_Hook->do_action(Array)\n#18 /wordpress/wp-admin/includes/plugin.php(703): do_action('activate_wpgene...', false)\n#19 /internal/eval.php(20): activate_plugin('wpgenealogy/wpg...')\n#20 {main}\n\nNext Doctrine\\DBAL\\Driver\\PDO\\Exception: SQLSTATE[HY000] [2002] Address family not supported by protocol in /wordpress/wp-content/plugins/wpgenealogy/vendor/doctrine/dbal/lib/Doctrine/DBAL/Driver/PDO/Exception.php:18\nStack trace:\n#0 /wordpress/wp-content/plugins/wpgenealogy/vendor/doctrine/dbal/lib/Doctrine/DBAL/Driver/PDOConnection.php(42): Doctrine\\DBAL\\Driver\\PDO\\Exception::new(Object(PDOException))\n#1 /wordpress/wp-content/plugins/wpgenealogy/vendor/illuminate/database/Connectors/Connector.php(67): Doctrine\\DBAL\\Driver\\PDOConnection->__construct('mysql:host=loca...', 'username_here', 'password_here', Array)\n#2 /wordpress/wp-content/plugins/wpgenealogy/vendor/illuminate/database/Connectors/Connector.php(46): Illuminate\\Database\\Connectors\\Connector->createPdoConnection('mysql:host=loca...', 'username_here', 'password_here', Array)\n#3 /wordpress/wp-content/plugins/wpgenealogy/vendor/illuminate/database/Connectors/MySqlConnector.php(24): Illuminate\\Database\\Connectors\\Connector->createConnection('mysql:host=loca...', Array, Array)\n#4 /wordpress/wp-content/plugins/wpgenealogy/vendor/illuminate/database/Connectors/ConnectionFactory.php(182): Illuminate\\Database\\Connectors\\MySqlConnector->connect(Array)\n#5 [internal function]: Illuminate\\Database\\Connectors\\ConnectionFactory->Illuminate\\Database\\Connectors\\{closure}()\n#6 /wordpress/wp-content/plugins/wpgenealogy/vendor/illuminate/database/Connection.php(924): call_user_func(Object(Closure))\n#7 /wordpress/wp-content/plugins/wpgenealogy/vendor/illuminate/database/Connection.php(457): Illuminate\\Database\\Connection->getPdo()\n#8 /wordpress/wp-content/plugins/wpgenealogy/vendor/illuminate/database/Connection.php(662): Illuminate\\Database\\Connection->Illuminate\\Database\\{closure}('SET FOREIGN_KEY...', Array)\n#9 /wordpress/wp-content/plugins/wpgenealogy/vendor/illuminate/database/Connection.php(629): Illuminate\\Database\\Connection->runQueryCallback('SET FOREIGN_KEY...', Array, Object(Closure))\n#10 /wordpress/wp-content/plugins/wpgenealogy/vendor/illuminate/database/Connection.php(464): Illuminate\\Database\\Connection->run('SET FOREIGN_KEY...', Array, Object(Closure))\n#11 /wordpress/wp-content/plugins/wpgenealogy/vendor/illuminate/database/Schema/Builder.php(266): Illuminate\\Database\\Connection->statement('SET FOREIGN_KEY...')\n#12 /wordpress/wp-content/plugins/wpgenealogy/includes/class-wpgenealogy-activator.php(627): Illuminate\\Database\\Schema\\Builder->enableForeignKeyConstraints()\n#13 /wordpress/wp-content/plugins/wpgenealogy/includes/class-wpgenealogy-activator.php(43): WPGenealogy\\WPGenealogy_Activator::create_tables()\n#14 /wordpress/wp-content/plugins/wpgenealogy/wpgenealogy.php(90): WPGenealogy\\WPGenealogy_Activator::activate()\n#15 /wordpress/wp-includes/class-wp-hook.php(324): wpgenealogy_activate(false)\n#16 /wordpress/wp-includes/class-wp-hook.php(348): WP_Hook->apply_filters(NULL, Array)\n#17 /wordpress/wp-includes/plugin.php(517): WP_Hook->do_action(Array)\n#18 /wordpress/wp-admin/includes/plugin.php(703): do_action('activate_wpgene...', false)\n#19 /internal/eval.php(20): activate_plugin('wpgenealogy/wpg...')\n#20 {main}\n\nNext Illuminate\\Database\\QueryException: SQLSTATE[HY000] [2002] Address family not supported by protocol (SQL: SET FOREIGN_KEY_CHECKS=1;) in /wordpress/wp-content/plugins/wpgenealogy/vendor/illuminate/database/Connection.php:669\nStack trace:\n#0 /wordpress/wp-content/plugins/wpgenealogy/vendor/illuminate/database/Connection.php(629): Illuminate\\Database\\Connection->runQueryCallback('SET FOREIGN_KEY...', Array, Object(Closure))\n#1 /wordpress/wp-content/plugins/wpgenealogy/vendor/illuminate/database/Connection.php(464): Illuminate\\Database\\Connection->run('SET FOREIGN_KEY...', Array, Object(Closure))\n#2 /wordpress/wp-content/plugins/wpgenealogy/vendor/illuminate/database/Schema/Builder.php(266): Illuminate\\Database\\Connection->statement('SET FOREIGN_KEY...')\n#3 /wordpress/wp-content/plugins/wpgenealogy/includes/class-wpgenealogy-activator.php(627): Illuminate\\Database\\Schema\\Builder->enableForeignKeyConstraints()\n#4 /wordpress/wp-content/plugins/wpgenealogy/includes/class-wpgenealogy-activator.php(43): WPGenealogy\\WPGenealogy_Activator::create_tables()\n#5 /wordpress/wp-content/plugins/wpgenealogy/wpgenealogy.php(90): WPGenealogy\\WPGenealogy_Activator::activate()\n#6 /wordpress/wp-includes/class-wp-hook.php(324): wpgenealogy_activate(false)\n#7 /wordpress/wp-includes/class-wp-hook.php(348): WP_Hook->apply_filters(NULL, Array)\n#8 /wordpress/wp-includes/plugin.php(517): WP_Hook->do_action(Array)\n#9 /wordpress/wp-admin/includes/plugin.php(703): do_action('activate_wpgene...', false)\n#10 /internal/eval.php(20): activate_plugin('wpgenealogy/wpg...')\n#11 {main}\n  thrown in /wordpress/wp-content/plugins/wpgenealogy/vendor/illuminate/database/Connection.php on line 669","log":"/logs/plugins/w/webisonline/error.json"}
,
{"message":"Required parameter $gedcom follows optional parameter $gen in /wordpress/wp-content/plugins/wpgenealogy/public/Traits/Relationship.php on line 33","level":"DEPRECATED","type":"PHP","test":"jspi-boot","plugin":"webisonline","details":"[27-May-2025 19:49:57 UTC] PHP Deprecated:  Required parameter $gedcom follows optional parameter $gen in /wordpress/wp-content/plugins/wpgenealogy/public/Traits/Relationship.php on line 33","log":"/logs/plugins/w/webisonline/error.json"}
,
{"message":"Uncaught PDOException: SQLSTATE[HY000] [2002] Address family not supported by protocol in /wordpress/wp-content/plugins/wpgenealogy/vendor/doctrine/dbal/lib/Doctrine/DBAL/Driver/PDOConnection.php:38","level":"FATAL","type":"PHP","test":"jspi-boot","plugin":"webisonline","details":"[27-May-2025 19:49:57 UTC] PHP Fatal error:  Uncaught PDOException: SQLSTATE[HY000] [2002] Address family not supported by protocol in /wordpress/wp-content/plugins/wpgenealogy/vendor/doctrine/dbal/lib/Doctrine/DBAL/Driver/PDOConnection.php:38\nStack trace:\n#0 /wordpress/wp-content/plugins/wpgenealogy/vendor/doctrine/dbal/lib/Doctrine/DBAL/Driver/PDOConnection.php(38): PDO->__construct('mysql:host=loca...', 'username_here', 'password_here', Array)\n#1 /wordpress/wp-content/plugins/wpgenealogy/vendor/illuminate/database/Connectors/Connector.php(67): Doctrine\\DBAL\\Driver\\PDOConnection->__construct('mysql:host=loca...', 'username_here', 'password_here', Array)\n#2 /wordpress/wp-content/plugins/wpgenealogy/vendor/illuminate/database/Connectors/Connector.php(46): Illuminate\\Database\\Connectors\\Connector->createPdoConnection('mysql:host=loca...', 'username_here', 'password_here', Array)\n#3 /wordpress/wp-content/plugins/wpgenealogy/vendor/illuminate/database/Connectors/MySqlConnector.php(24): Illuminate\\Database\\Connectors\\Connector->createConnection('mysql:host=loca...', Array, Array)\n#4 /wordpress/wp-content/plugins/wpgenealogy/vendor/illuminate/database/Connectors/ConnectionFactory.php(182): Illuminate\\Database\\Connectors\\MySqlConnector->connect(Array)\n#5 [internal function]: Illuminate\\Database\\Connectors\\ConnectionFactory->Illuminate\\Database\\Connectors\\{closure}()\n#6 /wordpress/wp-content/plugins/wpgenealogy/vendor/illuminate/database/Connection.php(924): call_user_func(Object(Closure))\n#7 /wordpress/wp-content/plugins/wpgenealogy/vendor/illuminate/database/Connection.php(457): Illuminate\\Database\\Connection->getPdo()\n#8 /wordpress/wp-content/plugins/wpgenealogy/vendor/illuminate/database/Connection.php(662): Illuminate\\Database\\Connection->Illuminate\\Database\\{closure}('SET FOREIGN_KEY...', Array)\n#9 /wordpress/wp-content/plugins/wpgenealogy/vendor/illuminate/database/Connection.php(629): Illuminate\\Database\\Connection->runQueryCallback('SET FOREIGN_KEY...', Array, Object(Closure))\n#10 /wordpress/wp-content/plugins/wpgenealogy/vendor/illuminate/database/Connection.php(464): Illuminate\\Database\\Connection->run('SET FOREIGN_KEY...', Array, Object(Closure))\n#11 /wordpress/wp-content/plugins/wpgenealogy/vendor/illuminate/database/Schema/Builder.php(266): Illuminate\\Database\\Connection->statement('SET FOREIGN_KEY...')\n#12 /wordpress/wp-content/plugins/wpgenealogy/includes/class-wpgenealogy-activator.php(627): Illuminate\\Database\\Schema\\Builder->enableForeignKeyConstraints()\n#13 /wordpress/wp-content/plugins/wpgenealogy/includes/class-wpgenealogy-activator.php(43): WPGenealogy\\WPGenealogy_Activator::create_tables()\n#14 /wordpress/wp-content/plugins/wpgenealogy/wpgenealogy.php(90): WPGenealogy\\WPGenealogy_Activator::activate()\n#15 /wordpress/wp-includes/class-wp-hook.php(324): wpgenealogy_activate(false)\n#16 /wordpress/wp-includes/class-wp-hook.php(348): WP_Hook->apply_filters(NULL, Array)\n#17 /wordpress/wp-includes/plugin.php(517): WP_Hook->do_action(Array)\n#18 /wordpress/wp-admin/includes/plugin.php(703): do_action('activate_wpgene...', false)\n#19 /internal/eval.php(20): activate_plugin('wpgenealogy/wpg...')\n#20 {main}\n\nNext Doctrine\\DBAL\\Driver\\PDO\\Exception: SQLSTATE[HY000] [2002] Address family not supported by protocol in /wordpress/wp-content/plugins/wpgenealogy/vendor/doctrine/dbal/lib/Doctrine/DBAL/Driver/PDO/Exception.php:18\nStack trace:\n#0 /wordpress/wp-content/plugins/wpgenealogy/vendor/doctrine/dbal/lib/Doctrine/DBAL/Driver/PDOConnection.php(42): Doctrine\\DBAL\\Driver\\PDO\\Exception::new(Object(PDOException))\n#1 /wordpress/wp-content/plugins/wpgenealogy/vendor/illuminate/database/Connectors/Connector.php(67): Doctrine\\DBAL\\Driver\\PDOConnection->__construct('mysql:host=loca...', 'username_here', 'password_here', Array)\n#2 /wordpress/wp-content/plugins/wpgenealogy/vendor/illuminate/database/Connectors/Connector.php(46): Illuminate\\Database\\Connectors\\Connector->createPdoConnection('mysql:host=loca...', 'username_here', 'password_here', Array)\n#3 /wordpress/wp-content/plugins/wpgenealogy/vendor/illuminate/database/Connectors/MySqlConnector.php(24): Illuminate\\Database\\Connectors\\Connector->createConnection('mysql:host=loca...', Array, Array)\n#4 /wordpress/wp-content/plugins/wpgenealogy/vendor/illuminate/database/Connectors/ConnectionFactory.php(182): Illuminate\\Database\\Connectors\\MySqlConnector->connect(Array)\n#5 [internal function]: Illuminate\\Database\\Connectors\\ConnectionFactory->Illuminate\\Database\\Connectors\\{closure}()\n#6 /wordpress/wp-content/plugins/wpgenealogy/vendor/illuminate/database/Connection.php(924): call_user_func(Object(Closure))\n#7 /wordpress/wp-content/plugins/wpgenealogy/vendor/illuminate/database/Connection.php(457): Illuminate\\Database\\Connection->getPdo()\n#8 /wordpress/wp-content/plugins/wpgenealogy/vendor/illuminate/database/Connection.php(662): Illuminate\\Database\\Connection->Illuminate\\Database\\{closure}('SET FOREIGN_KEY...', Array)\n#9 /wordpress/wp-content/plugins/wpgenealogy/vendor/illuminate/database/Connection.php(629): Illuminate\\Database\\Connection->runQueryCallback('SET FOREIGN_KEY...', Array, Object(Closure))\n#10 /wordpress/wp-content/plugins/wpgenealogy/vendor/illuminate/database/Connection.php(464): Illuminate\\Database\\Connection->run('SET FOREIGN_KEY...', Array, Object(Closure))\n#11 /wordpress/wp-content/plugins/wpgenealogy/vendor/illuminate/database/Schema/Builder.php(266): Illuminate\\Database\\Connection->statement('SET FOREIGN_KEY...')\n#12 /wordpress/wp-content/plugins/wpgenealogy/includes/class-wpgenealogy-activator.php(627): Illuminate\\Database\\Schema\\Builder->enableForeignKeyConstraints()\n#13 /wordpress/wp-content/plugins/wpgenealogy/includes/class-wpgenealogy-activator.php(43): WPGenealogy\\WPGenealogy_Activator::create_tables()\n#14 /wordpress/wp-content/plugins/wpgenealogy/wpgenealogy.php(90): WPGenealogy\\WPGenealogy_Activator::activate()\n#15 /wordpress/wp-includes/class-wp-hook.php(324): wpgenealogy_activate(false)\n#16 /wordpress/wp-includes/class-wp-hook.php(348): WP_Hook->apply_filters(NULL, Array)\n#17 /wordpress/wp-includes/plugin.php(517): WP_Hook->do_action(Array)\n#18 /wordpress/wp-admin/includes/plugin.php(703): do_action('activate_wpgene...', false)\n#19 /internal/eval.php(20): activate_plugin('wpgenealogy/wpg...')\n#20 {main}\n\nNext Illuminate\\Database\\QueryException: SQLSTATE[HY000] [2002] Address family not supported by protocol (SQL: SET FOREIGN_KEY_CHECKS=1;) in /wordpress/wp-content/plugins/wpgenealogy/vendor/illuminate/database/Connection.php:669\nStack trace:\n#0 /wordpress/wp-content/plugins/wpgenealogy/vendor/illuminate/database/Connection.php(629): Illuminate\\Database\\Connection->runQueryCallback('SET FOREIGN_KEY...', Array, Object(Closure))\n#1 /wordpress/wp-content/plugins/wpgenealogy/vendor/illuminate/database/Connection.php(464): Illuminate\\Database\\Connection->run('SET FOREIGN_KEY...', Array, Object(Closure))\n#2 /wordpress/wp-content/plugins/wpgenealogy/vendor/illuminate/database/Schema/Builder.php(266): Illuminate\\Database\\Connection->statement('SET FOREIGN_KEY...')\n#3 /wordpress/wp-content/plugins/wpgenealogy/includes/class-wpgenealogy-activator.php(627): Illuminate\\Database\\Schema\\Builder->enableForeignKeyConstraints()\n#4 /wordpress/wp-content/plugins/wpgenealogy/includes/class-wpgenealogy-activator.php(43): WPGenealogy\\WPGenealogy_Activator::create_tables()\n#5 /wordpress/wp-content/plugins/wpgenealogy/wpgenealogy.php(90): WPGenealogy\\WPGenealogy_Activator::activate()\n#6 /wordpress/wp-includes/class-wp-hook.php(324): wpgenealogy_activate(false)\n#7 /wordpress/wp-includes/class-wp-hook.php(348): WP_Hook->apply_filters(NULL, Array)\n#8 /wordpress/wp-includes/plugin.php(517): WP_Hook->do_action(Array)\n#9 /wordpress/wp-admin/includes/plugin.php(703): do_action('activate_wpgene...', false)\n#10 /internal/eval.php(20): activate_plugin('wpgenealogy/wpg...')\n#11 {main}\n  thrown in /wordpress/wp-content/plugins/wpgenealogy/vendor/illuminate/database/Connection.php on line 669","log":"/logs/plugins/w/webisonline/error.json"}
,
{"message":"Uncaught ArgumentCountError: Too few arguments to function WP_Widget::__construct(), 0 passed in /wordpress/wp-includes/class-wp-widget-factory.php on line 62 and at least 2 expected in /wordpress/wp-includes/class-wp-widget.php:163","level":"FATAL","type":"PHP","test":"jspi-boot","plugin":"webisonline","details":"[27-May-2025 19:50:08 UTC] PHP Fatal error:  Uncaught ArgumentCountError: Too few arguments to function WP_Widget::__construct(), 0 passed in /wordpress/wp-includes/class-wp-widget-factory.php on line 62 and at least 2 expected in /wordpress/wp-includes/class-wp-widget.php:163\nStack trace:\n#0 /wordpress/wp-includes/class-wp-widget-factory.php(62): WP_Widget->__construct()\n#1 /wordpress/wp-includes/widgets.php(123): WP_Widget_Factory->register('WPBlip_Widget')\n#2 /wordpress/wp-content/plugins/wp-blip/wp-blip.php(105): register_widget('WPBlip_Widget')\n#3 /wordpress/wp-includes/class-wp-hook.php(324): wp_blip_register_widget('')\n#4 /wordpress/wp-includes/class-wp-hook.php(348): WP_Hook->apply_filters(NULL, Array)\n#5 /wordpress/wp-includes/plugin.php(517): WP_Hook->do_action(Array)\n#6 /wordpress/wp-includes/widgets.php(1870): do_action('widgets_init')\n#7 /wordpress/wp-includes/class-wp-hook.php(324): wp_widgets_init('')\n#8 /wordpress/wp-includes/class-wp-hook.php(348): WP_Hook->apply_filters(NULL, Array)\n#9 /wordpress/wp-includes/plugin.php(517): WP_Hook->do_action(Array)\n#10 /wordpress/wp-settings.php(727): do_action('init')\n#11 /wordpress/wp-config.php(102): require_once('/wordpress/wp-s...')\n#12 /wordpress/wp-load.php(50): require_once('/wordpress/wp-c...')\n#13 /internal/eval.php(3): require_once('/wordpress/wp-l...')\n#14 {main}\n  thrown in /wordpress/wp-includes/class-wp-widget.php on line 163","log":"/logs/plugins/w/webisonline/error.json"}
,
{"message":"Uncaught ArgumentCountError: Too few arguments to function WP_Widget::__construct(), 0 passed in /wordpress/wp-includes/class-wp-widget-factory.php on line 62 and at least 2 expected in /wordpress/wp-includes/class-wp-widget.php:163","level":"FATAL","type":"PHP","test":"jspi-boot","plugin":"webisonline","details":"[27-May-2025 19:50:18 UTC] PHP Fatal error:  Uncaught ArgumentCountError: Too few arguments to function WP_Widget::__construct(), 0 passed in /wordpress/wp-includes/class-wp-widget-factory.php on line 62 and at least 2 expected in /wordpress/wp-includes/class-wp-widget.php:163\nStack trace:\n#0 /wordpress/wp-includes/class-wp-widget-factory.php(62): WP_Widget->__construct()\n#1 /wordpress/wp-includes/widgets.php(123): WP_Widget_Factory->register('WPBlip_Widget')\n#2 /wordpress/wp-content/plugins/wp-blip/wp-blip.php(105): register_widget('WPBlip_Widget')\n#3 /wordpress/wp-includes/class-wp-hook.php(324): wp_blip_register_widget('')\n#4 /wordpress/wp-includes/class-wp-hook.php(348): WP_Hook->apply_filters(NULL, Array)\n#5 /wordpress/wp-includes/plugin.php(517): WP_Hook->do_action(Array)\n#6 /wordpress/wp-includes/widgets.php(1870): do_action('widgets_init')\n#7 /wordpress/wp-includes/class-wp-hook.php(324): wp_widgets_init('')\n#8 /wordpress/wp-includes/class-wp-hook.php(348): WP_Hook->apply_filters(NULL, Array)\n#9 /wordpress/wp-includes/plugin.php(517): WP_Hook->do_action(Array)\n#10 /wordpress/wp-settings.php(727): do_action('init')\n#11 /wordpress/wp-config.php(102): require_once('/wordpress/wp-s...')\n#12 /wordpress/wp-load.php(50): require_once('/wordpress/wp-c...')\n#13 /internal/eval.php(3): require_once('/wordpress/wp-l...')\n#14 {main}\n  thrown in /wordpress/wp-includes/class-wp-widget.php on line 163","log":"/logs/plugins/w/webisonline/error.json"}
,
{"message":"Uncaught ArgumentCountError: Too few arguments to function WP_Widget::__construct(), 0 passed in /wordpress/wp-includes/class-wp-widget-factory.php on line 62 and at least 2 expected in /wordpress/wp-includes/class-wp-widget.php:163","level":"FATAL","type":"PHP","test":"jspi-boot","plugin":"webisonline","details":"[27-May-2025 19:50:27 UTC] PHP Fatal error:  Uncaught ArgumentCountError: Too few arguments to function WP_Widget::__construct(), 0 passed in /wordpress/wp-includes/class-wp-widget-factory.php on line 62 and at least 2 expected in /wordpress/wp-includes/class-wp-widget.php:163\nStack trace:\n#0 /wordpress/wp-includes/class-wp-widget-factory.php(62): WP_Widget->__construct()\n#1 /wordpress/wp-includes/widgets.php(123): WP_Widget_Factory->register('WPBlip_Widget')\n#2 /wordpress/wp-content/plugins/wp-blip/wp-blip.php(105): register_widget('WPBlip_Widget')\n#3 /wordpress/wp-includes/class-wp-hook.php(324): wp_blip_register_widget('')\n#4 /wordpress/wp-includes/class-wp-hook.php(348): WP_Hook->apply_filters(NULL, Array)\n#5 /wordpress/wp-includes/plugin.php(517): WP_Hook->do_action(Array)\n#6 /wordpress/wp-includes/widgets.php(1870): do_action('widgets_init')\n#7 /wordpress/wp-includes/class-wp-hook.php(324): wp_widgets_init('')\n#8 /wordpress/wp-includes/class-wp-hook.php(348): WP_Hook->apply_filters(NULL, Array)\n#9 /wordpress/wp-includes/plugin.php(517): WP_Hook->do_action(Array)\n#10 /wordpress/wp-settings.php(727): do_action('init')\n#11 /wordpress/wp-config.php(102): require_once('/wordpress/wp-s...')\n#12 /wordpress/wp-load.php(50): require_once('/wordpress/wp-c...')\n#13 /internal/eval.php(3): require_once('/wordpress/wp-l...')\n#14 {main}\n  thrown in /wordpress/wp-includes/class-wp-widget.php on line 163","log":"/logs/plugins/w/webisonline/error.json"}
,
{"message":"Function _load_textdomain_just_in_time was called <strong>incorrectly</strong>. Translation loading for the <code>wp-conditional-post-restrictions</code> domain was triggered too early. This is usually an indicator for some code in the plugin or theme running too early. Translations should be loaded at the <code>init</code> action or later. Please see <a href=\"https://developer.wordpress.org/advanced-administration/debug/debug-wordpress/\">Debugging in WordPress</a> for more information. (This message was added in version 6.7.0.) in /wordpress/wp-includes/functions.php on line 6121","level":"NOTICE","type":"PHP","test":"jspi-boot","plugin":"webisonline","details":"[27-May-2025 19:51:06 UTC] PHP Notice:  Function _load_textdomain_just_in_time was called <strong>incorrectly</strong>. Translation loading for the <code>wp-conditional-post-restrictions</code> domain was triggered too early. This is usually an indicator for some code in the plugin or theme running too early. Translations should be loaded at the <code>init</code> action or later. Please see <a href=\"https://developer.wordpress.org/advanced-administration/debug/debug-wordpress/\">Debugging in WordPress</a> for more information. (This message was added in version 6.7.0.) in /wordpress/wp-includes/functions.php on line 6121","log":"/logs/plugins/w/webisonline/error.json"}
,
{"message":"Function _load_textdomain_just_in_time was called <strong>incorrectly</strong>. Translation loading for the <code>wp-conditional-post-restrictions</code> domain was triggered too early. This is usually an indicator for some code in the plugin or theme running too early. Translations should be loaded at the <code>init</code> action or later. Please see <a href=\"https://developer.wordpress.org/advanced-administration/debug/debug-wordpress/\">Debugging in WordPress</a> for more information. (This message was added in version 6.7.0.) in /wordpress/wp-includes/functions.php on line 6121","level":"NOTICE","type":"PHP","test":"jspi-boot","plugin":"webisonline","details":"[27-May-2025 19:51:17 UTC] PHP Notice:  Function _load_textdomain_just_in_time was called <strong>incorrectly</strong>. Translation loading for the <code>wp-conditional-post-restrictions</code> domain was triggered too early. This is usually an indicator for some code in the plugin or theme running too early. Translations should be loaded at the <code>init</code> action or later. Please see <a href=\"https://developer.wordpress.org/advanced-administration/debug/debug-wordpress/\">Debugging in WordPress</a> for more information. (This message was added in version 6.7.0.) in /wordpress/wp-includes/functions.php on line 6121","log":"/logs/plugins/w/webisonline/error.json"}
,
{"message":"Function _load_textdomain_just_in_time was called <strong>incorrectly</strong>. Translation loading for the <code>wp-conditional-post-restrictions</code> domain was triggered too early. This is usually an indicator for some code in the plugin or theme running too early. Translations should be loaded at the <code>init</code> action or later. Please see <a href=\"https://developer.wordpress.org/advanced-administration/debug/debug-wordpress/\">Debugging in WordPress</a> for more information. (This message was added in version 6.7.0.) in /wordpress/wp-includes/functions.php on line 6121","level":"NOTICE","type":"PHP","test":"jspi-boot","plugin":"webisonline","details":"[27-May-2025 19:51:28 UTC] PHP Notice:  Function _load_textdomain_just_in_time was called <strong>incorrectly</strong>. Translation loading for the <code>wp-conditional-post-restrictions</code> domain was triggered too early. This is usually an indicator for some code in the plugin or theme running too early. Translations should be loaded at the <code>init</code> action or later. Please see <a href=\"https://developer.wordpress.org/advanced-administration/debug/debug-wordpress/\">Debugging in WordPress</a> for more information. (This message was added in version 6.7.0.) in /wordpress/wp-includes/functions.php on line 6121","log":"/logs/plugins/w/webisonline/error.json"}
,
{"message":"The magic method webisonline::__wakeup() must have public visibility in /wordpress/wp-content/plugins/webisonline/webisonline.php on line 93","level":"WARNING","type":"PHP","test":"jspi-boot","plugin":"webisonline","details":"[27-May-2025 19:52:58 UTC] PHP Warning:  The magic method webisonline::__wakeup() must have public visibility in /wordpress/wp-content/plugins/webisonline/webisonline.php on line 93","log":"/logs/plugins/w/webisonline/error.json"}
,
{"message":"Function load_plugin_textdomain was called with an argument that is <strong>deprecated</strong> since version 2.7.0 with no alternative available. in /wordpress/wp-includes/functions.php on line 6121","level":"DEPRECATED","type":"PHP","test":"jspi-boot","plugin":"webisonline","details":"[27-May-2025 19:52:58 UTC] PHP Deprecated:  Function load_plugin_textdomain was called with an argument that is <strong>deprecated</strong> since version 2.7.0 with no alternative available. in /wordpress/wp-includes/functions.php on line 6121","log":"/logs/plugins/w/webisonline/error.json"}
,
{"message":"Uncaught Error: Call to undefined function do_settings_sections() in /wordpress/wp-content/plugins/webisonline/webisonline.php:274","level":"FATAL","type":"PHP","test":"jspi-boot","plugin":"webisonline","details":"[27-May-2025 19:52:58 UTC] PHP Fatal error:  Uncaught Error: Call to undefined function do_settings_sections() in /wordpress/wp-content/plugins/webisonline/webisonline.php:274\nStack trace:\n#0 /wordpress/wp-content/plugins/webisonline/webisonline.php(126): webisonline->save()\n#1 /wordpress/wp-content/plugins/webisonline/webisonline.php(65): webisonline->install()\n#2 /wordpress/wp-includes/class-wp-hook.php(324): webisonlineInstall(false)\n#3 /wordpress/wp-includes/class-wp-hook.php(348): WP_Hook->apply_filters('', Array)\n#4 /wordpress/wp-includes/plugin.php(517): WP_Hook->do_action(Array)\n#5 /wordpress/wp-admin/includes/plugin.php(703): do_action('activate_webiso...', false)\n#6 /internal/eval.php(20): activate_plugin('webisonline/web...')\n#7 {main}\n  thrown in /wordpress/wp-content/plugins/webisonline/webisonline.php on line 274","log":"/logs/plugins/w/webisonline/error.json"}
,
{"message":"The magic method webisonline::__wakeup() must have public visibility in /wordpress/wp-content/plugins/webisonline/webisonline.php on line 93","level":"WARNING","type":"PHP","test":"jspi-boot","plugin":"webisonline","details":"[27-May-2025 19:53:06 UTC] PHP Warning:  The magic method webisonline::__wakeup() must have public visibility in /wordpress/wp-content/plugins/webisonline/webisonline.php on line 93","log":"/logs/plugins/w/webisonline/error.json"}
,
{"message":"Function load_plugin_textdomain was called with an argument that is <strong>deprecated</strong> since version 2.7.0 with no alternative available. in /wordpress/wp-includes/functions.php on line 6121","level":"DEPRECATED","type":"PHP","test":"jspi-boot","plugin":"webisonline","details":"[27-May-2025 19:53:06 UTC] PHP Deprecated:  Function load_plugin_textdomain was called with an argument that is <strong>deprecated</strong> since version 2.7.0 with no alternative available. in /wordpress/wp-includes/functions.php on line 6121","log":"/logs/plugins/w/webisonline/error.json"}
,
{"message":"Uncaught Error: Call to undefined function do_settings_sections() in /wordpress/wp-content/plugins/webisonline/webisonline.php:274","level":"FATAL","type":"PHP","test":"jspi-boot","plugin":"webisonline","details":"[27-May-2025 19:53:06 UTC] PHP Fatal error:  Uncaught Error: Call to undefined function do_settings_sections() in /wordpress/wp-content/plugins/webisonline/webisonline.php:274\nStack trace:\n#0 /wordpress/wp-content/plugins/webisonline/webisonline.php(126): webisonline->save()\n#1 /wordpress/wp-content/plugins/webisonline/webisonline.php(65): webisonline->install()\n#2 /wordpress/wp-includes/class-wp-hook.php(324): webisonlineInstall(false)\n#3 /wordpress/wp-includes/class-wp-hook.php(348): WP_Hook->apply_filters('', Array)\n#4 /wordpress/wp-includes/plugin.php(517): WP_Hook->do_action(Array)\n#5 /wordpress/wp-admin/includes/plugin.php(703): do_action('activate_webiso...', false)\n#6 /internal/eval.php(20): activate_plugin('webisonline/web...')\n#7 {main}\n  thrown in /wordpress/wp-content/plugins/webisonline/webisonline.php on line 274","log":"/logs/plugins/w/webisonline/error.json"}
,
{"message":"The magic method webisonline::__wakeup() must have public visibility in /wordpress/wp-content/plugins/webisonline/webisonline.php on line 93","level":"WARNING","type":"PHP","test":"jspi-boot","plugin":"webisonline","details":"[27-May-2025 19:53:14 UTC] PHP Warning:  The magic method webisonline::__wakeup() must have public visibility in /wordpress/wp-content/plugins/webisonline/webisonline.php on line 93","log":"/logs/plugins/w/webisonline/error.json"}
,
{"message":"Function load_plugin_textdomain was called with an argument that is <strong>deprecated</strong> since version 2.7.0 with no alternative available. in /wordpress/wp-includes/functions.php on line 6121","level":"DEPRECATED","type":"PHP","test":"jspi-boot","plugin":"webisonline","details":"[27-May-2025 19:53:14 UTC] PHP Deprecated:  Function load_plugin_textdomain was called with an argument that is <strong>deprecated</strong> since version 2.7.0 with no alternative available. in /wordpress/wp-includes/functions.php on line 6121","log":"/logs/plugins/w/webisonline/error.json"}
,
{"message":"Uncaught Error: Call to undefined function do_settings_sections() in /wordpress/wp-content/plugins/webisonline/webisonline.php:274","level":"FATAL","type":"PHP","test":"jspi-boot","plugin":"webisonline","details":"[27-May-2025 19:53:14 UTC] PHP Fatal error:  Uncaught Error: Call to undefined function do_settings_sections() in /wordpress/wp-content/plugins/webisonline/webisonline.php:274\nStack trace:\n#0 /wordpress/wp-content/plugins/webisonline/webisonline.php(126): webisonline->save()\n#1 /wordpress/wp-content/plugins/webisonline/webisonline.php(65): webisonline->install()\n#2 /wordpress/wp-includes/class-wp-hook.php(324): webisonlineInstall(false)\n#3 /wordpress/wp-includes/class-wp-hook.php(348): WP_Hook->apply_filters('', Array)\n#4 /wordpress/wp-includes/plugin.php(517): WP_Hook->do_action(Array)\n#5 /wordpress/wp-admin/includes/plugin.php(703): do_action('activate_webiso...', false)\n#6 /internal/eval.php(20): activate_plugin('webisonline/web...')\n#7 {main}\n  thrown in /wordpress/wp-content/plugins/webisonline/webisonline.php on line 274\n\n    at Object.onBind (file:///home/runner/work/playground-tester/playground-tester/node_modules/@wp-playground/cli/index.js:237:15)\n    at process.processTicksAndRejections (node:internal/process/task_queues:105:5)\n    at async V (file:///home/runner/work/playground-tester/playground-tester/node_modules/@wp-playground/cli/index.js:64:10)\n    at async ja (file:///home/runner/work/playground-tester/playground-tester/node_modules/@wp-playground/cli/cli.js:8161:12) {\n  [cause]: Error: Error when executing the blueprint step #1 ({\"step\":\"installPlugin\",\"pluginData\":{\"resource\":\"wordpress.org/plugins\",\"slug\":\"webisonline\"},\"options\":{\"activate\":true}}) : PHP.run() failed with exit code 255 and the following output: \n      at Object.run (file:///home/runner/work/playground-tester/playground-tester/node_modules/@wp-playground/blueprints/index.js:12449:19)\n      at process.processTicksAndRejections (node:internal/process/task_queues:105:5)\n      at async ms (file:///home/runner/work/playground-tester/playground-tester/node_modules/@wp-playground/blueprints/index.js:12552:3)\n      ... 2 lines matching cause stack trace ...\n      at async ja (file:///home/runner/work/playground-tester/playground-tester/node_modules/@wp-playground/cli/cli.js:8161:12) {\n    [cause]: PHPExecutionFailureError: PHP.run() failed with exit code 255 and the following output: \n        at PHP.run (file:///home/runner/work/playground-tester/playground-tester/node_modules/@php-wasm/universal/index.js:987:19)\n        at process.processTicksAndRejections (node:internal/process/task_queues:105:5)\n        at async wr (file:///home/runner/work/playground-tester/playground-tester/node_modules/@wp-playground/blueprints/index.js:33:39)\n        at async Object.gt [as installPlugin] (file:///home/runner/work/playground-tester/playground-tester/node_modules/@wp-playground/blueprints/index.js:974:42)\n        at async g (file:///home/runner/work/playground-tester/playground-tester/node_modules/@wp-playground/blueprints/index.js:12517:30)\n        at async Object.run (file:///home/runner/work/playground-tester/playground-tester/node_modules/@wp-playground/blueprints/index.js:12446:23)\n        at async ms (file:///home/runner/work/playground-tester/playground-tester/node_modules/@wp-playground/blueprints/index.js:12552:3)\n        at async Object.onBind (file:///home/runner/work/playground-tester/playground-tester/node_modules/@wp-playground/cli/index.js:227:48)\n        at async V (file:///home/runner/work/playground-tester/playground-tester/node_modules/@wp-playground/cli/index.js:64:10)\n        at async ja (file:///home/runner/work/playground-tester/playground-tester/node_modules/@wp-playground/cli/cli.js:8161:12) {\n      response: PHPResponse {\n        httpStatusCode: 500,\n        headers: {\n          'x-powered-by': [ 'PHP/8.0.30-dev' ],\n          'content-type': [ 'text/html; charset=UTF-8' ]\n        },\n        bytes: Uint8Array(0) [],\n        exitCode: 255,\n        errors: ''\n      },\n      source: 'request'\n    }\n  }\n}\n\n","log":"/logs/plugins/w/webisonline/error.json"}
]
