[
{"message":"file:///home/runner/work/playground-tester/playground-tester/node_modules/@wp-playground/cli/index.js:237\n        throw new Error(y, { cause: u });\n              ^\n","level":"FATAL","type":"PLAYGROUND","test":"ast-sqlite-boot","plugin":"javascript-html-text-adder","details":"file:///home/runner/work/playground-tester/playground-tester/node_modules/@wp-playground/cli/index.js:237\n        throw new Error(y, { cause: u });\n              ^\n","log":"/tmp/tmp.TJ1QNLiOuc"}
,
{"message":"Cannot combine AUTOINCREMENT and multiple primary keys in SQLite.","level":"FATAL","type":"SQL","test":"ast-sqlite-boot","plugin":"javascript-html-text-adder","details":"[08-May-2025 14:28:19 UTC] WordPress database error <div style=\"clear:both\">&nbsp;</div>\n<div class=\"queries\" style=\"clear:both;margin-bottom:2px;border:red dotted thin;\">\n<p>MySQL query:</p>\n<p>CREATE TABLE wp_metasync_404_logs (\n\t\t\t\tid BIGINT(20) unsigned NOT NULL AUTO_INCREMENT,\n\t\t\t\turi VARCHAR(255) NOT NULL,\n\t\t\t\tdate_time DATETIME NOT NULL DEFAULT '0000-00-00 00:00:00',\n\t\t\t\thits_count BIGINT(20) unsigned NOT NULL DEFAULT 1,\n\t\t\t\tuser_agent VARCHAR(255) NOT NULL DEFAULT '',\n\t\t\t\tPRIMARY KEY id (id),\n\t\t\t\tKEY uri (uri(191))\n\t\t\t) DEFAULT CHARACTER SET utf8mb4</p>\n<p>Queries made or created this session were:</p>\n<ol>\n<li>Executing: BEGIN | (no parameters)</li>\n<li>Executing: ROLLBACK | (no parameters)</li>\n</ol>\n</div>\n<div style=\"clear:both;margin-bottom:2px;border:red dotted thin;\" class=\"error_message\" style=\"border-bottom:dotted blue thin;\">\nError occurred at line 4117 in Function <code>handle_error</code>. Error message was: Cannot combine AUTOINCREMENT and multiple primary keys in SQLite.\n</div>\n<p>Backtrace:</p>\n<pre>#0 /internal/shared/sqlite-database-integration/wp-includes/sqlite/class-wp-sqlite-db.php(287): WP_SQLite_Translator->get_error_message()\n#1 /wordpress/wp-admin/includes/upgrade.php(3280): WP_SQLite_DB->query('CREATE TABLE wp...')\n#2 /wordpress/wp-content/plugins/metasync/database/class-db-migrations.php(42): dbDelta(Array)\n#3 /wordpress/wp-content/plugins/metasync/metasync.php(128): MetaSync_DBMigration::activation()\n#4 /wordpress/wp-includes/class-wp-hook.php(324): activate_metasync(false)\n#5 /wordpress/wp-includes/class-wp-hook.php(348): WP_Hook->apply_filters('', Array)\n#6 /wordpress/wp-includes/plugin.php(517): WP_Hook->do_action(Array)\n#7 /wordpress/wp-admin/includes/plugin.php(703): do_action('activate_metasy...', false)\n#8 /internal/eval.php(20): activate_plugin('metasync/metasy...')\n#9 {main}</pre>\n for query CREATE TABLE wp_metasync_404_logs (\n\t\t\t\tid BIGINT(20) unsigned NOT NULL AUTO_INCREMENT,\n\t\t\t\turi VARCHAR(255) NOT NULL,\n\t\t\t\tdate_time DATETIME NOT NULL DEFAULT '0000-00-00 00:00:00',\n\t\t\t\thits_count BIGINT(20) unsigned NOT NULL DEFAULT 1,\n\t\t\t\tuser_agent VARCHAR(255) NOT NULL DEFAULT '',\n\t\t\t\tPRIMARY KEY id (id),\n\t\t\t\tKEY uri (uri(191))\n\t\t\t) DEFAULT CHARACTER SET utf8mb4 made by activate_plugin, do_action('activate_metasync/metasync.php'), WP_Hook->do_action, WP_Hook->apply_filters, activate_metasync, MetaSync_DBMigration::activation, dbDelta, WP_SQLite_DB->query, WP_SQLite_DB->print_error","log":"/logs/plugins/j/javascript-html-text-adder/error.json"}
,
{"message":"Cannot combine AUTOINCREMENT and multiple primary keys in SQLite.","level":"FATAL","type":"SQL","test":"ast-sqlite-boot","plugin":"javascript-html-text-adder","details":"[08-May-2025 14:28:19 UTC] WordPress database error <div style=\"clear:both\">&nbsp;</div>\n<div class=\"queries\" style=\"clear:both;margin-bottom:2px;border:red dotted thin;\">\n<p>MySQL query:</p>\n<p>CREATE TABLE wp_metasync_404_logs (\n\t\t\t\tid BIGINT(20) unsigned NOT NULL AUTO_INCREMENT,\n\t\t\t\turi VARCHAR(255) NOT NULL,\n\t\t\t\tdate_time DATETIME NOT NULL DEFAULT '0000-00-00 00:00:00',\n\t\t\t\thits_count BIGINT(20) unsigned NOT NULL DEFAULT 1,\n\t\t\t\tuser_agent VARCHAR(255) NOT NULL DEFAULT '',\n\t\t\t\tPRIMARY KEY id (id),\n\t\t\t\tKEY uri (uri(191))\n\t\t\t) DEFAULT CHARACTER SET utf8mb4</p>\n<p>Queries made or created this session were:</p>\n<ol>\n<li>Executing: BEGIN | (no parameters)</li>\n<li>Executing: ROLLBACK | (no parameters)</li>\n</ol>\n</div>\n<div style=\"clear:both;margin-bottom:2px;border:red dotted thin;\" class=\"error_message\" style=\"border-bottom:dotted blue thin;\">\nError occurred at line 4117 in Function <code>handle_error</code>. Error message was: Cannot combine AUTOINCREMENT and multiple primary keys in SQLite.\n</div>\n<p>Backtrace:</p>\n<pre>#0 /internal/shared/sqlite-database-integration/wp-includes/sqlite/class-wp-sqlite-db.php(287): WP_SQLite_Translator->get_error_message()\n#1 /wordpress/wp-admin/includes/upgrade.php(3280): WP_SQLite_DB->query('CREATE TABLE wp...')\n#2 /wordpress/wp-content/plugins/metasync/database/class-db-migrations.php(67): dbDelta(Array)\n#3 /wordpress/wp-content/plugins/metasync/metasync.php(128): MetaSync_DBMigration::activation()\n#4 /wordpress/wp-includes/class-wp-hook.php(324): activate_metasync(false)\n#5 /wordpress/wp-includes/class-wp-hook.php(348): WP_Hook->apply_filters('', Array)\n#6 /wordpress/wp-includes/plugin.php(517): WP_Hook->do_action(Array)\n#7 /wordpress/wp-admin/includes/plugin.php(703): do_action('activate_metasy...', false)\n#8 /internal/eval.php(20): activate_plugin('metasync/metasy...')\n#9 {main}</pre>\n for query CREATE TABLE wp_metasync_404_logs (\n\t\t\t\tid BIGINT(20) unsigned NOT NULL AUTO_INCREMENT,\n\t\t\t\turi VARCHAR(255) NOT NULL,\n\t\t\t\tdate_time DATETIME NOT NULL DEFAULT '0000-00-00 00:00:00',\n\t\t\t\thits_count BIGINT(20) unsigned NOT NULL DEFAULT 1,\n\t\t\t\tuser_agent VARCHAR(255) NOT NULL DEFAULT '',\n\t\t\t\tPRIMARY KEY id (id),\n\t\t\t\tKEY uri (uri(191))\n\t\t\t) DEFAULT CHARACTER SET utf8mb4 made by activate_plugin, do_action('activate_metasync/metasync.php'), WP_Hook->do_action, WP_Hook->apply_filters, activate_metasync, MetaSync_DBMigration::activation, dbDelta, WP_SQLite_DB->query, WP_SQLite_DB->print_error","log":"/logs/plugins/j/javascript-html-text-adder/error.json"}
,
{"message":"Cannot combine AUTOINCREMENT and multiple primary keys in SQLite.","level":"FATAL","type":"SQL","test":"ast-sqlite-boot","plugin":"javascript-html-text-adder","details":"[08-May-2025 14:28:19 UTC] WordPress database error <div style=\"clear:both\">&nbsp;</div>\n<div class=\"queries\" style=\"clear:both;margin-bottom:2px;border:red dotted thin;\">\n<p>MySQL query:</p>\n<p>CREATE TABLE wp_metasync_redirections (\n\t\t\t\tid BIGINT(20) UNSIGNED NOT NULL AUTO_INCREMENT,\n\t\t\t\tsources_from TEXT NOT NULL,\n\t\t\t\turl_redirect_to TEXT NOT NULL,\n\t\t\t\thttp_code SMALLINT(4) unsigned NOT NULL,\n\t\t\t\thits_count BIGINT(20) unsigned NOT NULL DEFAULT '0',\n\t\t\t\tstatus VARCHAR(25) NOT NULL DEFAULT 'active',\n\t\t\t\tcreated_at DATETIME NOT NULL DEFAULT '0000-00-00 00:00:00',\n\t\t\t\tupdated_at DATETIME NOT NULL DEFAULT '0000-00-00 00:00:00',\n\t\t\t\tlast_accessed_at DATETIME NOT NULL DEFAULT '0000-00-00 00:00:00',\n\t\t\t\tPRIMARY KEY id (id),\n\t\t\t\tKEY status (status)\n\t\t\t) DEFAULT CHARACTER SET utf8mb4</p>\n<p>Queries made or created this session were:</p>\n<ol>\n<li>Executing: BEGIN | (no parameters)</li>\n<li>Executing: ROLLBACK | (no parameters)</li>\n</ol>\n</div>\n<div style=\"clear:both;margin-bottom:2px;border:red dotted thin;\" class=\"error_message\" style=\"border-bottom:dotted blue thin;\">\nError occurred at line 4117 in Function <code>handle_error</code>. Error message was: Cannot combine AUTOINCREMENT and multiple primary keys in SQLite.\n</div>\n<p>Backtrace:</p>\n<pre>#0 /internal/shared/sqlite-database-integration/wp-includes/sqlite/class-wp-sqlite-db.php(287): WP_SQLite_Translator->get_error_message()\n#1 /wordpress/wp-admin/includes/upgrade.php(3280): WP_SQLite_DB->query('CREATE TABLE wp...')\n#2 /wordpress/wp-content/plugins/metasync/database/class-db-migrations.php(67): dbDelta(Array)\n#3 /wordpress/wp-content/plugins/metasync/metasync.php(128): MetaSync_DBMigration::activation()\n#4 /wordpress/wp-includes/class-wp-hook.php(324): activate_metasync(false)\n#5 /wordpress/wp-includes/class-wp-hook.php(348): WP_Hook->apply_filters('', Array)\n#6 /wordpress/wp-includes/plugin.php(517): WP_Hook->do_action(Array)\n#7 /wordpress/wp-admin/includes/plugin.php(703): do_action('activate_metasy...', false)\n#8 /internal/eval.php(20): activate_plugin('metasync/metasy...')\n#9 {main}</pre>\n for query CREATE TABLE wp_metasync_redirections (\n\t\t\t\tid BIGINT(20) UNSIGNED NOT NULL AUTO_INCREMENT,\n\t\t\t\tsources_from TEXT NOT NULL,\n\t\t\t\turl_redirect_to TEXT NOT NULL,\n\t\t\t\thttp_code SMALLINT(4) unsigned NOT NULL,\n\t\t\t\thits_count BIGINT(20) unsigned NOT NULL DEFAULT '0',\n\t\t\t\tstatus VARCHAR(25) NOT NULL DEFAULT 'active',\n\t\t\t\tcreated_at DATETIME NOT NULL DEFAULT '0000-00-00 00:00:00',\n\t\t\t\tupdated_at DATETIME NOT NULL DEFAULT '0000-00-00 00:00:00',\n\t\t\t\tlast_accessed_at DATETIME NOT NULL DEFAULT '0000-00-00 00:00:00',\n\t\t\t\tPRIMARY KEY id (id),\n\t\t\t\tKEY status (status)\n\t\t\t) DEFAULT CHARACTER SET utf8mb4 made by activate_plugin, do_action('activate_metasync/metasync.php'), WP_Hook->do_action, WP_Hook->apply_filters, activate_metasync, MetaSync_DBMigration::activation, dbDelta, WP_SQLite_DB->query, WP_SQLite_DB->print_error","log":"/logs/plugins/j/javascript-html-text-adder/error.json"}
,
{"message":"Cannot combine AUTOINCREMENT and multiple primary keys in SQLite.","level":"FATAL","type":"SQL","test":"ast-sqlite-boot","plugin":"javascript-html-text-adder","details":"[08-May-2025 14:28:19 UTC] WordPress database error <div style=\"clear:both\">&nbsp;</div>\n<div class=\"queries\" style=\"clear:both;margin-bottom:2px;border:red dotted thin;\">\n<p>MySQL query:</p>\n<p>CREATE TABLE wp_metasync_404_logs (\n\t\t\t\tid BIGINT(20) unsigned NOT NULL AUTO_INCREMENT,\n\t\t\t\turi VARCHAR(255) NOT NULL,\n\t\t\t\tdate_time DATETIME NOT NULL DEFAULT '0000-00-00 00:00:00',\n\t\t\t\thits_count BIGINT(20) unsigned NOT NULL DEFAULT 1,\n\t\t\t\tuser_agent VARCHAR(255) NOT NULL DEFAULT '',\n\t\t\t\tPRIMARY KEY id (id),\n\t\t\t\tKEY uri (uri(191))\n\t\t\t) DEFAULT CHARACTER SET utf8mb4</p>\n<p>Queries made or created this session were:</p>\n<ol>\n<li>Executing: BEGIN | (no parameters)</li>\n<li>Executing: ROLLBACK | (no parameters)</li>\n</ol>\n</div>\n<div style=\"clear:both;margin-bottom:2px;border:red dotted thin;\" class=\"error_message\" style=\"border-bottom:dotted blue thin;\">\nError occurred at line 4117 in Function <code>handle_error</code>. Error message was: Cannot combine AUTOINCREMENT and multiple primary keys in SQLite.\n</div>\n<p>Backtrace:</p>\n<pre>#0 /internal/shared/sqlite-database-integration/wp-includes/sqlite/class-wp-sqlite-db.php(287): WP_SQLite_Translator->get_error_message()\n#1 /wordpress/wp-admin/includes/upgrade.php(3280): WP_SQLite_DB->query('CREATE TABLE wp...')\n#2 /wordpress/wp-content/plugins/metasync/database/class-db-migrations.php(87): dbDelta(Array)\n#3 /wordpress/wp-content/plugins/metasync/metasync.php(128): MetaSync_DBMigration::activation()\n#4 /wordpress/wp-includes/class-wp-hook.php(324): activate_metasync(false)\n#5 /wordpress/wp-includes/class-wp-hook.php(348): WP_Hook->apply_filters('', Array)\n#6 /wordpress/wp-includes/plugin.php(517): WP_Hook->do_action(Array)\n#7 /wordpress/wp-admin/includes/plugin.php(703): do_action('activate_metasy...', false)\n#8 /internal/eval.php(20): activate_plugin('metasync/metasy...')\n#9 {main}</pre>\n for query CREATE TABLE wp_metasync_404_logs (\n\t\t\t\tid BIGINT(20) unsigned NOT NULL AUTO_INCREMENT,\n\t\t\t\turi VARCHAR(255) NOT NULL,\n\t\t\t\tdate_time DATETIME NOT NULL DEFAULT '0000-00-00 00:00:00',\n\t\t\t\thits_count BIGINT(20) unsigned NOT NULL DEFAULT 1,\n\t\t\t\tuser_agent VARCHAR(255) NOT NULL DEFAULT '',\n\t\t\t\tPRIMARY KEY id (id),\n\t\t\t\tKEY uri (uri(191))\n\t\t\t) DEFAULT CHARACTER SET utf8mb4 made by activate_plugin, do_action('activate_metasync/metasync.php'), WP_Hook->do_action, WP_Hook->apply_filters, activate_metasync, MetaSync_DBMigration::activation, dbDelta, WP_SQLite_DB->query, WP_SQLite_DB->print_error","log":"/logs/plugins/j/javascript-html-text-adder/error.json"}
,
{"message":"Cannot combine AUTOINCREMENT and multiple primary keys in SQLite.","level":"FATAL","type":"SQL","test":"ast-sqlite-boot","plugin":"javascript-html-text-adder","details":"[08-May-2025 14:28:19 UTC] WordPress database error <div style=\"clear:both\">&nbsp;</div>\n<div class=\"queries\" style=\"clear:both;margin-bottom:2px;border:red dotted thin;\">\n<p>MySQL query:</p>\n<p>CREATE TABLE wp_metasync_redirections (\n\t\t\t\tid BIGINT(20) UNSIGNED NOT NULL AUTO_INCREMENT,\n\t\t\t\tsources_from TEXT NOT NULL,\n\t\t\t\turl_redirect_to TEXT NOT NULL,\n\t\t\t\thttp_code SMALLINT(4) unsigned NOT NULL,\n\t\t\t\thits_count BIGINT(20) unsigned NOT NULL DEFAULT '0',\n\t\t\t\tstatus VARCHAR(25) NOT NULL DEFAULT 'active',\n\t\t\t\tcreated_at DATETIME NOT NULL DEFAULT '0000-00-00 00:00:00',\n\t\t\t\tupdated_at DATETIME NOT NULL DEFAULT '0000-00-00 00:00:00',\n\t\t\t\tlast_accessed_at DATETIME NOT NULL DEFAULT '0000-00-00 00:00:00',\n\t\t\t\tPRIMARY KEY id (id),\n\t\t\t\tKEY status (status)\n\t\t\t) DEFAULT CHARACTER SET utf8mb4</p>\n<p>Queries made or created this session were:</p>\n<ol>\n<li>Executing: BEGIN | (no parameters)</li>\n<li>Executing: ROLLBACK | (no parameters)</li>\n</ol>\n</div>\n<div style=\"clear:both;margin-bottom:2px;border:red dotted thin;\" class=\"error_message\" style=\"border-bottom:dotted blue thin;\">\nError occurred at line 4117 in Function <code>handle_error</code>. Error message was: Cannot combine AUTOINCREMENT and multiple primary keys in SQLite.\n</div>\n<p>Backtrace:</p>\n<pre>#0 /internal/shared/sqlite-database-integration/wp-includes/sqlite/class-wp-sqlite-db.php(287): WP_SQLite_Translator->get_error_message()\n#1 /wordpress/wp-admin/includes/upgrade.php(3280): WP_SQLite_DB->query('CREATE TABLE wp...')\n#2 /wordpress/wp-content/plugins/metasync/database/class-db-migrations.php(87): dbDelta(Array)\n#3 /wordpress/wp-content/plugins/metasync/metasync.php(128): MetaSync_DBMigration::activation()\n#4 /wordpress/wp-includes/class-wp-hook.php(324): activate_metasync(false)\n#5 /wordpress/wp-includes/class-wp-hook.php(348): WP_Hook->apply_filters('', Array)\n#6 /wordpress/wp-includes/plugin.php(517): WP_Hook->do_action(Array)\n#7 /wordpress/wp-admin/includes/plugin.php(703): do_action('activate_metasy...', false)\n#8 /internal/eval.php(20): activate_plugin('metasync/metasy...')\n#9 {main}</pre>\n for query CREATE TABLE wp_metasync_redirections (\n\t\t\t\tid BIGINT(20) UNSIGNED NOT NULL AUTO_INCREMENT,\n\t\t\t\tsources_from TEXT NOT NULL,\n\t\t\t\turl_redirect_to TEXT NOT NULL,\n\t\t\t\thttp_code SMALLINT(4) unsigned NOT NULL,\n\t\t\t\thits_count BIGINT(20) unsigned NOT NULL DEFAULT '0',\n\t\t\t\tstatus VARCHAR(25) NOT NULL DEFAULT 'active',\n\t\t\t\tcreated_at DATETIME NOT NULL DEFAULT '0000-00-00 00:00:00',\n\t\t\t\tupdated_at DATETIME NOT NULL DEFAULT '0000-00-00 00:00:00',\n\t\t\t\tlast_accessed_at DATETIME NOT NULL DEFAULT '0000-00-00 00:00:00',\n\t\t\t\tPRIMARY KEY id (id),\n\t\t\t\tKEY status (status)\n\t\t\t) DEFAULT CHARACTER SET utf8mb4 made by activate_plugin, do_action('activate_metasync/metasync.php'), WP_Hook->do_action, WP_Hook->apply_filters, activate_metasync, MetaSync_DBMigration::activation, dbDelta, WP_SQLite_DB->query, WP_SQLite_DB->print_error","log":"/logs/plugins/j/javascript-html-text-adder/error.json"}
,
{"message":"Cannot combine AUTOINCREMENT and multiple primary keys in SQLite.","level":"FATAL","type":"SQL","test":"ast-sqlite-boot","plugin":"javascript-html-text-adder","details":"[08-May-2025 14:28:19 UTC] WordPress database error <div style=\"clear:both\">&nbsp;</div>\n<div class=\"queries\" style=\"clear:both;margin-bottom:2px;border:red dotted thin;\">\n<p>MySQL query:</p>\n<p>CREATE TABLE wp_metasync_heartbeat_error_logs (\n\t\t\t\tid BIGINT(20) UNSIGNED NOT NULL AUTO_INCREMENT,\n\t\t\t\tattribute_name VARCHAR(25) NOT NULL DEFAULT '',\n\t\t\t\tobject_count VARCHAR(25) NOT NULL DEFAULT '',\n\t\t\t\terror_description TEXT NULL,\n\t\t\t\tcreated_at DATETIME NOT NULL DEFAULT '0000-00-00 00:00:00',\n\t\t\t\tPRIMARY KEY id (id)\n\t\t\t) DEFAULT CHARACTER SET utf8mb4</p>\n<p>Queries made or created this session were:</p>\n<ol>\n<li>Executing: BEGIN | (no parameters)</li>\n<li>Executing: ROLLBACK | (no parameters)</li>\n</ol>\n</div>\n<div style=\"clear:both;margin-bottom:2px;border:red dotted thin;\" class=\"error_message\" style=\"border-bottom:dotted blue thin;\">\nError occurred at line 4117 in Function <code>handle_error</code>. Error message was: Cannot combine AUTOINCREMENT and multiple primary keys in SQLite.\n</div>\n<p>Backtrace:</p>\n<pre>#0 /internal/shared/sqlite-database-integration/wp-includes/sqlite/class-wp-sqlite-db.php(287): WP_SQLite_Translator->get_error_message()\n#1 /wordpress/wp-admin/includes/upgrade.php(3280): WP_SQLite_DB->query('CREATE TABLE wp...')\n#2 /wordpress/wp-content/plugins/metasync/database/class-db-migrations.php(87): dbDelta(Array)\n#3 /wordpress/wp-content/plugins/metasync/metasync.php(128): MetaSync_DBMigration::activation()\n#4 /wordpress/wp-includes/class-wp-hook.php(324): activate_metasync(false)\n#5 /wordpress/wp-includes/class-wp-hook.php(348): WP_Hook->apply_filters('', Array)\n#6 /wordpress/wp-includes/plugin.php(517): WP_Hook->do_action(Array)\n#7 /wordpress/wp-admin/includes/plugin.php(703): do_action('activate_metasy...', false)\n#8 /internal/eval.php(20): activate_plugin('metasync/metasy...')\n#9 {main}</pre>\n for query CREATE TABLE wp_metasync_heartbeat_error_logs (\n\t\t\t\tid BIGINT(20) UNSIGNED NOT NULL AUTO_INCREMENT,\n\t\t\t\tattribute_name VARCHAR(25) NOT NULL DEFAULT '',\n\t\t\t\tobject_count VARCHAR(25) NOT NULL DEFAULT '',\n\t\t\t\terror_description TEXT NULL,\n\t\t\t\tcreated_at DATETIME NOT NULL DEFAULT '0000-00-00 00:00:00',\n\t\t\t\tPRIMARY KEY id (id)\n\t\t\t) DEFAULT CHARACTER SET utf8mb4 made by activate_plugin, do_action('activate_metasync/metasync.php'), WP_Hook->do_action, WP_Hook->apply_filters, activate_metasync, MetaSync_DBMigration::activation, dbDelta, WP_SQLite_DB->query, WP_SQLite_DB->print_error","log":"/logs/plugins/j/javascript-html-text-adder/error.json"}
,
{"message":"Cannot combine AUTOINCREMENT and multiple primary keys in SQLite.","level":"FATAL","type":"SQL","test":"ast-sqlite-boot","plugin":"javascript-html-text-adder","details":"[08-May-2025 14:28:33 UTC] WordPress database error <div style=\"clear:both\">&nbsp;</div>\n<div class=\"queries\" style=\"clear:both;margin-bottom:2px;border:red dotted thin;\">\n<p>MySQL query:</p>\n<p>CREATE TABLE wp_metasync_404_logs (\n\t\t\t\tid BIGINT(20) unsigned NOT NULL AUTO_INCREMENT,\n\t\t\t\turi VARCHAR(255) NOT NULL,\n\t\t\t\tdate_time DATETIME NOT NULL DEFAULT '0000-00-00 00:00:00',\n\t\t\t\thits_count BIGINT(20) unsigned NOT NULL DEFAULT 1,\n\t\t\t\tuser_agent VARCHAR(255) NOT NULL DEFAULT '',\n\t\t\t\tPRIMARY KEY id (id),\n\t\t\t\tKEY uri (uri(191))\n\t\t\t) DEFAULT CHARACTER SET utf8mb4</p>\n<p>Queries made or created this session were:</p>\n<ol>\n<li>Executing: BEGIN | (no parameters)</li>\n<li>Executing: ROLLBACK | (no parameters)</li>\n</ol>\n</div>\n<div style=\"clear:both;margin-bottom:2px;border:red dotted thin;\" class=\"error_message\" style=\"border-bottom:dotted blue thin;\">\nError occurred at line 4117 in Function <code>handle_error</code>. Error message was: Cannot combine AUTOINCREMENT and multiple primary keys in SQLite.\n</div>\n<p>Backtrace:</p>\n<pre>#0 /internal/shared/sqlite-database-integration/wp-includes/sqlite/class-wp-sqlite-db.php(287): WP_SQLite_Translator->get_error_message()\n#1 /wordpress/wp-admin/includes/upgrade.php(3280): WP_SQLite_DB->query('CREATE TABLE wp...')\n#2 /wordpress/wp-content/plugins/metasync/database/class-db-migrations.php(42): dbDelta(Array)\n#3 /wordpress/wp-content/plugins/metasync/metasync.php(128): MetaSync_DBMigration::activation()\n#4 /wordpress/wp-includes/class-wp-hook.php(324): activate_metasync(false)\n#5 /wordpress/wp-includes/class-wp-hook.php(348): WP_Hook->apply_filters('', Array)\n#6 /wordpress/wp-includes/plugin.php(517): WP_Hook->do_action(Array)\n#7 /wordpress/wp-admin/includes/plugin.php(703): do_action('activate_metasy...', false)\n#8 /internal/eval.php(20): activate_plugin('metasync/metasy...')\n#9 {main}</pre>\n for query CREATE TABLE wp_metasync_404_logs (\n\t\t\t\tid BIGINT(20) unsigned NOT NULL AUTO_INCREMENT,\n\t\t\t\turi VARCHAR(255) NOT NULL,\n\t\t\t\tdate_time DATETIME NOT NULL DEFAULT '0000-00-00 00:00:00',\n\t\t\t\thits_count BIGINT(20) unsigned NOT NULL DEFAULT 1,\n\t\t\t\tuser_agent VARCHAR(255) NOT NULL DEFAULT '',\n\t\t\t\tPRIMARY KEY id (id),\n\t\t\t\tKEY uri (uri(191))\n\t\t\t) DEFAULT CHARACTER SET utf8mb4 made by activate_plugin, do_action('activate_metasync/metasync.php'), WP_Hook->do_action, WP_Hook->apply_filters, activate_metasync, MetaSync_DBMigration::activation, dbDelta, WP_SQLite_DB->query, WP_SQLite_DB->print_error","log":"/logs/plugins/j/javascript-html-text-adder/error.json"}
,
{"message":"Cannot combine AUTOINCREMENT and multiple primary keys in SQLite.","level":"FATAL","type":"SQL","test":"ast-sqlite-boot","plugin":"javascript-html-text-adder","details":"[08-May-2025 14:28:33 UTC] WordPress database error <div style=\"clear:both\">&nbsp;</div>\n<div class=\"queries\" style=\"clear:both;margin-bottom:2px;border:red dotted thin;\">\n<p>MySQL query:</p>\n<p>CREATE TABLE wp_metasync_404_logs (\n\t\t\t\tid BIGINT(20) unsigned NOT NULL AUTO_INCREMENT,\n\t\t\t\turi VARCHAR(255) NOT NULL,\n\t\t\t\tdate_time DATETIME NOT NULL DEFAULT '0000-00-00 00:00:00',\n\t\t\t\thits_count BIGINT(20) unsigned NOT NULL DEFAULT 1,\n\t\t\t\tuser_agent VARCHAR(255) NOT NULL DEFAULT '',\n\t\t\t\tPRIMARY KEY id (id),\n\t\t\t\tKEY uri (uri(191))\n\t\t\t) DEFAULT CHARACTER SET utf8mb4</p>\n<p>Queries made or created this session were:</p>\n<ol>\n<li>Executing: BEGIN | (no parameters)</li>\n<li>Executing: ROLLBACK | (no parameters)</li>\n</ol>\n</div>\n<div style=\"clear:both;margin-bottom:2px;border:red dotted thin;\" class=\"error_message\" style=\"border-bottom:dotted blue thin;\">\nError occurred at line 4117 in Function <code>handle_error</code>. Error message was: Cannot combine AUTOINCREMENT and multiple primary keys in SQLite.\n</div>\n<p>Backtrace:</p>\n<pre>#0 /internal/shared/sqlite-database-integration/wp-includes/sqlite/class-wp-sqlite-db.php(287): WP_SQLite_Translator->get_error_message()\n#1 /wordpress/wp-admin/includes/upgrade.php(3280): WP_SQLite_DB->query('CREATE TABLE wp...')\n#2 /wordpress/wp-content/plugins/metasync/database/class-db-migrations.php(67): dbDelta(Array)\n#3 /wordpress/wp-content/plugins/metasync/metasync.php(128): MetaSync_DBMigration::activation()\n#4 /wordpress/wp-includes/class-wp-hook.php(324): activate_metasync(false)\n#5 /wordpress/wp-includes/class-wp-hook.php(348): WP_Hook->apply_filters('', Array)\n#6 /wordpress/wp-includes/plugin.php(517): WP_Hook->do_action(Array)\n#7 /wordpress/wp-admin/includes/plugin.php(703): do_action('activate_metasy...', false)\n#8 /internal/eval.php(20): activate_plugin('metasync/metasy...')\n#9 {main}</pre>\n for query CREATE TABLE wp_metasync_404_logs (\n\t\t\t\tid BIGINT(20) unsigned NOT NULL AUTO_INCREMENT,\n\t\t\t\turi VARCHAR(255) NOT NULL,\n\t\t\t\tdate_time DATETIME NOT NULL DEFAULT '0000-00-00 00:00:00',\n\t\t\t\thits_count BIGINT(20) unsigned NOT NULL DEFAULT 1,\n\t\t\t\tuser_agent VARCHAR(255) NOT NULL DEFAULT '',\n\t\t\t\tPRIMARY KEY id (id),\n\t\t\t\tKEY uri (uri(191))\n\t\t\t) DEFAULT CHARACTER SET utf8mb4 made by activate_plugin, do_action('activate_metasync/metasync.php'), WP_Hook->do_action, WP_Hook->apply_filters, activate_metasync, MetaSync_DBMigration::activation, dbDelta, WP_SQLite_DB->query, WP_SQLite_DB->print_error","log":"/logs/plugins/j/javascript-html-text-adder/error.json"}
,
{"message":"Cannot combine AUTOINCREMENT and multiple primary keys in SQLite.","level":"FATAL","type":"SQL","test":"ast-sqlite-boot","plugin":"javascript-html-text-adder","details":"[08-May-2025 14:28:33 UTC] WordPress database error <div style=\"clear:both\">&nbsp;</div>\n<div class=\"queries\" style=\"clear:both;margin-bottom:2px;border:red dotted thin;\">\n<p>MySQL query:</p>\n<p>CREATE TABLE wp_metasync_redirections (\n\t\t\t\tid BIGINT(20) UNSIGNED NOT NULL AUTO_INCREMENT,\n\t\t\t\tsources_from TEXT NOT NULL,\n\t\t\t\turl_redirect_to TEXT NOT NULL,\n\t\t\t\thttp_code SMALLINT(4) unsigned NOT NULL,\n\t\t\t\thits_count BIGINT(20) unsigned NOT NULL DEFAULT '0',\n\t\t\t\tstatus VARCHAR(25) NOT NULL DEFAULT 'active',\n\t\t\t\tcreated_at DATETIME NOT NULL DEFAULT '0000-00-00 00:00:00',\n\t\t\t\tupdated_at DATETIME NOT NULL DEFAULT '0000-00-00 00:00:00',\n\t\t\t\tlast_accessed_at DATETIME NOT NULL DEFAULT '0000-00-00 00:00:00',\n\t\t\t\tPRIMARY KEY id (id),\n\t\t\t\tKEY status (status)\n\t\t\t) DEFAULT CHARACTER SET utf8mb4</p>\n<p>Queries made or created this session were:</p>\n<ol>\n<li>Executing: BEGIN | (no parameters)</li>\n<li>Executing: ROLLBACK | (no parameters)</li>\n</ol>\n</div>\n<div style=\"clear:both;margin-bottom:2px;border:red dotted thin;\" class=\"error_message\" style=\"border-bottom:dotted blue thin;\">\nError occurred at line 4117 in Function <code>handle_error</code>. Error message was: Cannot combine AUTOINCREMENT and multiple primary keys in SQLite.\n</div>\n<p>Backtrace:</p>\n<pre>#0 /internal/shared/sqlite-database-integration/wp-includes/sqlite/class-wp-sqlite-db.php(287): WP_SQLite_Translator->get_error_message()\n#1 /wordpress/wp-admin/includes/upgrade.php(3280): WP_SQLite_DB->query('CREATE TABLE wp...')\n#2 /wordpress/wp-content/plugins/metasync/database/class-db-migrations.php(67): dbDelta(Array)\n#3 /wordpress/wp-content/plugins/metasync/metasync.php(128): MetaSync_DBMigration::activation()\n#4 /wordpress/wp-includes/class-wp-hook.php(324): activate_metasync(false)\n#5 /wordpress/wp-includes/class-wp-hook.php(348): WP_Hook->apply_filters('', Array)\n#6 /wordpress/wp-includes/plugin.php(517): WP_Hook->do_action(Array)\n#7 /wordpress/wp-admin/includes/plugin.php(703): do_action('activate_metasy...', false)\n#8 /internal/eval.php(20): activate_plugin('metasync/metasy...')\n#9 {main}</pre>\n for query CREATE TABLE wp_metasync_redirections (\n\t\t\t\tid BIGINT(20) UNSIGNED NOT NULL AUTO_INCREMENT,\n\t\t\t\tsources_from TEXT NOT NULL,\n\t\t\t\turl_redirect_to TEXT NOT NULL,\n\t\t\t\thttp_code SMALLINT(4) unsigned NOT NULL,\n\t\t\t\thits_count BIGINT(20) unsigned NOT NULL DEFAULT '0',\n\t\t\t\tstatus VARCHAR(25) NOT NULL DEFAULT 'active',\n\t\t\t\tcreated_at DATETIME NOT NULL DEFAULT '0000-00-00 00:00:00',\n\t\t\t\tupdated_at DATETIME NOT NULL DEFAULT '0000-00-00 00:00:00',\n\t\t\t\tlast_accessed_at DATETIME NOT NULL DEFAULT '0000-00-00 00:00:00',\n\t\t\t\tPRIMARY KEY id (id),\n\t\t\t\tKEY status (status)\n\t\t\t) DEFAULT CHARACTER SET utf8mb4 made by activate_plugin, do_action('activate_metasync/metasync.php'), WP_Hook->do_action, WP_Hook->apply_filters, activate_metasync, MetaSync_DBMigration::activation, dbDelta, WP_SQLite_DB->query, WP_SQLite_DB->print_error","log":"/logs/plugins/j/javascript-html-text-adder/error.json"}
,
{"message":"Cannot combine AUTOINCREMENT and multiple primary keys in SQLite.","level":"FATAL","type":"SQL","test":"ast-sqlite-boot","plugin":"javascript-html-text-adder","details":"[08-May-2025 14:28:33 UTC] WordPress database error <div style=\"clear:both\">&nbsp;</div>\n<div class=\"queries\" style=\"clear:both;margin-bottom:2px;border:red dotted thin;\">\n<p>MySQL query:</p>\n<p>CREATE TABLE wp_metasync_404_logs (\n\t\t\t\tid BIGINT(20) unsigned NOT NULL AUTO_INCREMENT,\n\t\t\t\turi VARCHAR(255) NOT NULL,\n\t\t\t\tdate_time DATETIME NOT NULL DEFAULT '0000-00-00 00:00:00',\n\t\t\t\thits_count BIGINT(20) unsigned NOT NULL DEFAULT 1,\n\t\t\t\tuser_agent VARCHAR(255) NOT NULL DEFAULT '',\n\t\t\t\tPRIMARY KEY id (id),\n\t\t\t\tKEY uri (uri(191))\n\t\t\t) DEFAULT CHARACTER SET utf8mb4</p>\n<p>Queries made or created this session were:</p>\n<ol>\n<li>Executing: BEGIN | (no parameters)</li>\n<li>Executing: ROLLBACK | (no parameters)</li>\n</ol>\n</div>\n<div style=\"clear:both;margin-bottom:2px;border:red dotted thin;\" class=\"error_message\" style=\"border-bottom:dotted blue thin;\">\nError occurred at line 4117 in Function <code>handle_error</code>. Error message was: Cannot combine AUTOINCREMENT and multiple primary keys in SQLite.\n</div>\n<p>Backtrace:</p>\n<pre>#0 /internal/shared/sqlite-database-integration/wp-includes/sqlite/class-wp-sqlite-db.php(287): WP_SQLite_Translator->get_error_message()\n#1 /wordpress/wp-admin/includes/upgrade.php(3280): WP_SQLite_DB->query('CREATE TABLE wp...')\n#2 /wordpress/wp-content/plugins/metasync/database/class-db-migrations.php(87): dbDelta(Array)\n#3 /wordpress/wp-content/plugins/metasync/metasync.php(128): MetaSync_DBMigration::activation()\n#4 /wordpress/wp-includes/class-wp-hook.php(324): activate_metasync(false)\n#5 /wordpress/wp-includes/class-wp-hook.php(348): WP_Hook->apply_filters('', Array)\n#6 /wordpress/wp-includes/plugin.php(517): WP_Hook->do_action(Array)\n#7 /wordpress/wp-admin/includes/plugin.php(703): do_action('activate_metasy...', false)\n#8 /internal/eval.php(20): activate_plugin('metasync/metasy...')\n#9 {main}</pre>\n for query CREATE TABLE wp_metasync_404_logs (\n\t\t\t\tid BIGINT(20) unsigned NOT NULL AUTO_INCREMENT,\n\t\t\t\turi VARCHAR(255) NOT NULL,\n\t\t\t\tdate_time DATETIME NOT NULL DEFAULT '0000-00-00 00:00:00',\n\t\t\t\thits_count BIGINT(20) unsigned NOT NULL DEFAULT 1,\n\t\t\t\tuser_agent VARCHAR(255) NOT NULL DEFAULT '',\n\t\t\t\tPRIMARY KEY id (id),\n\t\t\t\tKEY uri (uri(191))\n\t\t\t) DEFAULT CHARACTER SET utf8mb4 made by activate_plugin, do_action('activate_metasync/metasync.php'), WP_Hook->do_action, WP_Hook->apply_filters, activate_metasync, MetaSync_DBMigration::activation, dbDelta, WP_SQLite_DB->query, WP_SQLite_DB->print_error","log":"/logs/plugins/j/javascript-html-text-adder/error.json"}
,
{"message":"Cannot combine AUTOINCREMENT and multiple primary keys in SQLite.","level":"FATAL","type":"SQL","test":"ast-sqlite-boot","plugin":"javascript-html-text-adder","details":"[08-May-2025 14:28:33 UTC] WordPress database error <div style=\"clear:both\">&nbsp;</div>\n<div class=\"queries\" style=\"clear:both;margin-bottom:2px;border:red dotted thin;\">\n<p>MySQL query:</p>\n<p>CREATE TABLE wp_metasync_redirections (\n\t\t\t\tid BIGINT(20) UNSIGNED NOT NULL AUTO_INCREMENT,\n\t\t\t\tsources_from TEXT NOT NULL,\n\t\t\t\turl_redirect_to TEXT NOT NULL,\n\t\t\t\thttp_code SMALLINT(4) unsigned NOT NULL,\n\t\t\t\thits_count BIGINT(20) unsigned NOT NULL DEFAULT '0',\n\t\t\t\tstatus VARCHAR(25) NOT NULL DEFAULT 'active',\n\t\t\t\tcreated_at DATETIME NOT NULL DEFAULT '0000-00-00 00:00:00',\n\t\t\t\tupdated_at DATETIME NOT NULL DEFAULT '0000-00-00 00:00:00',\n\t\t\t\tlast_accessed_at DATETIME NOT NULL DEFAULT '0000-00-00 00:00:00',\n\t\t\t\tPRIMARY KEY id (id),\n\t\t\t\tKEY status (status)\n\t\t\t) DEFAULT CHARACTER SET utf8mb4</p>\n<p>Queries made or created this session were:</p>\n<ol>\n<li>Executing: BEGIN | (no parameters)</li>\n<li>Executing: ROLLBACK | (no parameters)</li>\n</ol>\n</div>\n<div style=\"clear:both;margin-bottom:2px;border:red dotted thin;\" class=\"error_message\" style=\"border-bottom:dotted blue thin;\">\nError occurred at line 4117 in Function <code>handle_error</code>. Error message was: Cannot combine AUTOINCREMENT and multiple primary keys in SQLite.\n</div>\n<p>Backtrace:</p>\n<pre>#0 /internal/shared/sqlite-database-integration/wp-includes/sqlite/class-wp-sqlite-db.php(287): WP_SQLite_Translator->get_error_message()\n#1 /wordpress/wp-admin/includes/upgrade.php(3280): WP_SQLite_DB->query('CREATE TABLE wp...')\n#2 /wordpress/wp-content/plugins/metasync/database/class-db-migrations.php(87): dbDelta(Array)\n#3 /wordpress/wp-content/plugins/metasync/metasync.php(128): MetaSync_DBMigration::activation()\n#4 /wordpress/wp-includes/class-wp-hook.php(324): activate_metasync(false)\n#5 /wordpress/wp-includes/class-wp-hook.php(348): WP_Hook->apply_filters('', Array)\n#6 /wordpress/wp-includes/plugin.php(517): WP_Hook->do_action(Array)\n#7 /wordpress/wp-admin/includes/plugin.php(703): do_action('activate_metasy...', false)\n#8 /internal/eval.php(20): activate_plugin('metasync/metasy...')\n#9 {main}</pre>\n for query CREATE TABLE wp_metasync_redirections (\n\t\t\t\tid BIGINT(20) UNSIGNED NOT NULL AUTO_INCREMENT,\n\t\t\t\tsources_from TEXT NOT NULL,\n\t\t\t\turl_redirect_to TEXT NOT NULL,\n\t\t\t\thttp_code SMALLINT(4) unsigned NOT NULL,\n\t\t\t\thits_count BIGINT(20) unsigned NOT NULL DEFAULT '0',\n\t\t\t\tstatus VARCHAR(25) NOT NULL DEFAULT 'active',\n\t\t\t\tcreated_at DATETIME NOT NULL DEFAULT '0000-00-00 00:00:00',\n\t\t\t\tupdated_at DATETIME NOT NULL DEFAULT '0000-00-00 00:00:00',\n\t\t\t\tlast_accessed_at DATETIME NOT NULL DEFAULT '0000-00-00 00:00:00',\n\t\t\t\tPRIMARY KEY id (id),\n\t\t\t\tKEY status (status)\n\t\t\t) DEFAULT CHARACTER SET utf8mb4 made by activate_plugin, do_action('activate_metasync/metasync.php'), WP_Hook->do_action, WP_Hook->apply_filters, activate_metasync, MetaSync_DBMigration::activation, dbDelta, WP_SQLite_DB->query, WP_SQLite_DB->print_error","log":"/logs/plugins/j/javascript-html-text-adder/error.json"}
,
{"message":"Cannot combine AUTOINCREMENT and multiple primary keys in SQLite.","level":"FATAL","type":"SQL","test":"ast-sqlite-boot","plugin":"javascript-html-text-adder","details":"[08-May-2025 14:28:33 UTC] WordPress database error <div style=\"clear:both\">&nbsp;</div>\n<div class=\"queries\" style=\"clear:both;margin-bottom:2px;border:red dotted thin;\">\n<p>MySQL query:</p>\n<p>CREATE TABLE wp_metasync_heartbeat_error_logs (\n\t\t\t\tid BIGINT(20) UNSIGNED NOT NULL AUTO_INCREMENT,\n\t\t\t\tattribute_name VARCHAR(25) NOT NULL DEFAULT '',\n\t\t\t\tobject_count VARCHAR(25) NOT NULL DEFAULT '',\n\t\t\t\terror_description TEXT NULL,\n\t\t\t\tcreated_at DATETIME NOT NULL DEFAULT '0000-00-00 00:00:00',\n\t\t\t\tPRIMARY KEY id (id)\n\t\t\t) DEFAULT CHARACTER SET utf8mb4</p>\n<p>Queries made or created this session were:</p>\n<ol>\n<li>Executing: BEGIN | (no parameters)</li>\n<li>Executing: ROLLBACK | (no parameters)</li>\n</ol>\n</div>\n<div style=\"clear:both;margin-bottom:2px;border:red dotted thin;\" class=\"error_message\" style=\"border-bottom:dotted blue thin;\">\nError occurred at line 4117 in Function <code>handle_error</code>. Error message was: Cannot combine AUTOINCREMENT and multiple primary keys in SQLite.\n</div>\n<p>Backtrace:</p>\n<pre>#0 /internal/shared/sqlite-database-integration/wp-includes/sqlite/class-wp-sqlite-db.php(287): WP_SQLite_Translator->get_error_message()\n#1 /wordpress/wp-admin/includes/upgrade.php(3280): WP_SQLite_DB->query('CREATE TABLE wp...')\n#2 /wordpress/wp-content/plugins/metasync/database/class-db-migrations.php(87): dbDelta(Array)\n#3 /wordpress/wp-content/plugins/metasync/metasync.php(128): MetaSync_DBMigration::activation()\n#4 /wordpress/wp-includes/class-wp-hook.php(324): activate_metasync(false)\n#5 /wordpress/wp-includes/class-wp-hook.php(348): WP_Hook->apply_filters('', Array)\n#6 /wordpress/wp-includes/plugin.php(517): WP_Hook->do_action(Array)\n#7 /wordpress/wp-admin/includes/plugin.php(703): do_action('activate_metasy...', false)\n#8 /internal/eval.php(20): activate_plugin('metasync/metasy...')\n#9 {main}</pre>\n for query CREATE TABLE wp_metasync_heartbeat_error_logs (\n\t\t\t\tid BIGINT(20) UNSIGNED NOT NULL AUTO_INCREMENT,\n\t\t\t\tattribute_name VARCHAR(25) NOT NULL DEFAULT '',\n\t\t\t\tobject_count VARCHAR(25) NOT NULL DEFAULT '',\n\t\t\t\terror_description TEXT NULL,\n\t\t\t\tcreated_at DATETIME NOT NULL DEFAULT '0000-00-00 00:00:00',\n\t\t\t\tPRIMARY KEY id (id)\n\t\t\t) DEFAULT CHARACTER SET utf8mb4 made by activate_plugin, do_action('activate_metasync/metasync.php'), WP_Hook->do_action, WP_Hook->apply_filters, activate_metasync, MetaSync_DBMigration::activation, dbDelta, WP_SQLite_DB->query, WP_SQLite_DB->print_error","log":"/logs/plugins/j/javascript-html-text-adder/error.json"}
,
{"message":"Function register_sidebar_widget is <strong>deprecated</strong> since version 2.8.0! Use wp_register_sidebar_widget() instead. in /wordpress/wp-includes/functions.php on line 6121","level":"DEPRECATED","type":"PHP","test":"ast-sqlite-boot","plugin":"javascript-html-text-adder","details":"[08-May-2025 14:29:41 UTC] PHP Deprecated:  Function register_sidebar_widget is <strong>deprecated</strong> since version 2.8.0! Use wp_register_sidebar_widget() instead. in /wordpress/wp-includes/functions.php on line 6121","log":"/logs/plugins/j/javascript-html-text-adder/error.json"}
,
{"message":"Function register_sidebar_widget is <strong>deprecated</strong> since version 2.8.0! Use wp_register_sidebar_widget() instead. in /wordpress/wp-includes/functions.php on line 6121","level":"DEPRECATED","type":"PHP","test":"ast-sqlite-boot","plugin":"javascript-html-text-adder","details":"[08-May-2025 14:29:49 UTC] PHP Deprecated:  Function register_sidebar_widget is <strong>deprecated</strong> since version 2.8.0! Use wp_register_sidebar_widget() instead. in /wordpress/wp-includes/functions.php on line 6121","log":"/logs/plugins/j/javascript-html-text-adder/error.json"}
,
{"message":"Function register_sidebar_widget is <strong>deprecated</strong> since version 2.8.0! Use wp_register_sidebar_widget() instead. in /wordpress/wp-includes/functions.php on line 6121","level":"DEPRECATED","type":"PHP","test":"ast-sqlite-boot","plugin":"javascript-html-text-adder","details":"[08-May-2025 14:29:58 UTC] PHP Deprecated:  Function register_sidebar_widget is <strong>deprecated</strong> since version 2.8.0! Use wp_register_sidebar_widget() instead. in /wordpress/wp-includes/functions.php on line 6121","log":"/logs/plugins/j/javascript-html-text-adder/error.json"}
,
{"message":"Function _load_textdomain_just_in_time was called <strong>incorrectly</strong>. Translation loading for the <code>maintenance-switch</code> domain was triggered too early. This is usually an indicator for some code in the plugin or theme running too early. Translations should be loaded at the <code>init</code> action or later. Please see <a href=\"https://developer.wordpress.org/advanced-administration/debug/debug-wordpress/\">Debugging in WordPress</a> for more information. (This message was added in version 6.7.0.) in /wordpress/wp-includes/functions.php on line 6121","level":"NOTICE","type":"PHP","test":"ast-sqlite-boot","plugin":"javascript-html-text-adder","details":"[08-May-2025 14:32:17 UTC] PHP Notice:  Function _load_textdomain_just_in_time was called <strong>incorrectly</strong>. Translation loading for the <code>maintenance-switch</code> domain was triggered too early. This is usually an indicator for some code in the plugin or theme running too early. Translations should be loaded at the <code>init</code> action or later. Please see <a href=\"https://developer.wordpress.org/advanced-administration/debug/debug-wordpress/\">Debugging in WordPress</a> for more information. (This message was added in version 6.7.0.) in /wordpress/wp-includes/functions.php on line 6121","log":"/logs/plugins/j/javascript-html-text-adder/error.json"}
,
{"message":"Function _load_textdomain_just_in_time was called <strong>incorrectly</strong>. Translation loading for the <code>maintenance-switch</code> domain was triggered too early. This is usually an indicator for some code in the plugin or theme running too early. Translations should be loaded at the <code>init</code> action or later. Please see <a href=\"https://developer.wordpress.org/advanced-administration/debug/debug-wordpress/\">Debugging in WordPress</a> for more information. (This message was added in version 6.7.0.) in /wordpress/wp-includes/functions.php on line 6121","level":"NOTICE","type":"PHP","test":"ast-sqlite-boot","plugin":"javascript-html-text-adder","details":"[08-May-2025 14:32:26 UTC] PHP Notice:  Function _load_textdomain_just_in_time was called <strong>incorrectly</strong>. Translation loading for the <code>maintenance-switch</code> domain was triggered too early. This is usually an indicator for some code in the plugin or theme running too early. Translations should be loaded at the <code>init</code> action or later. Please see <a href=\"https://developer.wordpress.org/advanced-administration/debug/debug-wordpress/\">Debugging in WordPress</a> for more information. (This message was added in version 6.7.0.) in /wordpress/wp-includes/functions.php on line 6121","log":"/logs/plugins/j/javascript-html-text-adder/error.json"}
,
{"message":"Function _load_textdomain_just_in_time was called <strong>incorrectly</strong>. Translation loading for the <code>maintenance-switch</code> domain was triggered too early. This is usually an indicator for some code in the plugin or theme running too early. Translations should be loaded at the <code>init</code> action or later. Please see <a href=\"https://developer.wordpress.org/advanced-administration/debug/debug-wordpress/\">Debugging in WordPress</a> for more information. (This message was added in version 6.7.0.) in /wordpress/wp-includes/functions.php on line 6121","level":"NOTICE","type":"PHP","test":"ast-sqlite-boot","plugin":"javascript-html-text-adder","details":"[08-May-2025 14:32:34 UTC] PHP Notice:  Function _load_textdomain_just_in_time was called <strong>incorrectly</strong>. Translation loading for the <code>maintenance-switch</code> domain was triggered too early. This is usually an indicator for some code in the plugin or theme running too early. Translations should be loaded at the <code>init</code> action or later. Please see <a href=\"https://developer.wordpress.org/advanced-administration/debug/debug-wordpress/\">Debugging in WordPress</a> for more information. (This message was added in version 6.7.0.) in /wordpress/wp-includes/functions.php on line 6121","log":"/logs/plugins/j/javascript-html-text-adder/error.json"}
,
{"message":"Uncaught Error: Call to undefined function wp_generate_attachment_metadata() in /wordpress/wp-content/plugins/mycred/includes/mycred-functions.php:4224","level":"FATAL","type":"PHP","test":"ast-sqlite-boot","plugin":"javascript-html-text-adder","details":"[08-May-2025 14:33:45 UTC] PHP Fatal error:  Uncaught Error: Call to undefined function wp_generate_attachment_metadata() in /wordpress/wp-content/plugins/mycred/includes/mycred-functions.php:4224\nStack trace:\n#0 /wordpress/wp-content/plugins/mycred/includes/mycred-setup.php(72): mycred_upload_default_point_image()\n#1 /wordpress/wp-content/plugins/mycred/includes/mycred-setup.php(33): myCRED_Setup->setup_default_point_type()\n#2 /wordpress/wp-content/plugins/mycred/includes/mycred-install.php(94): myCRED_Setup->load()\n#3 /wordpress/wp-content/plugins/mycred/includes/mycred-functions.php(3510): myCRED_Install::activate()\n#4 /wordpress/wp-includes/class-wp-hook.php(324): mycred_plugin_activation(false)\n#5 /wordpress/wp-includes/class-wp-hook.php(348): WP_Hook->apply_filters(NULL, Array)\n#6 /wordpress/wp-includes/plugin.php(517): WP_Hook->do_action(Array)\n#7 /wordpress/wp-admin/includes/plugin.php(703): do_action('activate_mycred...', false)\n#8 /internal/eval.php(20): activate_plugin('mycred/mycred.p...')\n#9 {main}\n  thrown in /wordpress/wp-content/plugins/mycred/includes/mycred-functions.php on line 4224","log":"/logs/plugins/j/javascript-html-text-adder/error.json"}
,
{"message":"Uncaught Error: Call to undefined function wp_generate_attachment_metadata() in /wordpress/wp-content/plugins/mycred/includes/mycred-functions.php:4224","level":"FATAL","type":"PHP","test":"ast-sqlite-boot","plugin":"javascript-html-text-adder","details":"[08-May-2025 14:33:57 UTC] PHP Fatal error:  Uncaught Error: Call to undefined function wp_generate_attachment_metadata() in /wordpress/wp-content/plugins/mycred/includes/mycred-functions.php:4224\nStack trace:\n#0 /wordpress/wp-content/plugins/mycred/includes/mycred-setup.php(72): mycred_upload_default_point_image()\n#1 /wordpress/wp-content/plugins/mycred/includes/mycred-setup.php(33): myCRED_Setup->setup_default_point_type()\n#2 /wordpress/wp-content/plugins/mycred/includes/mycred-install.php(94): myCRED_Setup->load()\n#3 /wordpress/wp-content/plugins/mycred/includes/mycred-functions.php(3510): myCRED_Install::activate()\n#4 /wordpress/wp-includes/class-wp-hook.php(324): mycred_plugin_activation(false)\n#5 /wordpress/wp-includes/class-wp-hook.php(348): WP_Hook->apply_filters(NULL, Array)\n#6 /wordpress/wp-includes/plugin.php(517): WP_Hook->do_action(Array)\n#7 /wordpress/wp-admin/includes/plugin.php(703): do_action('activate_mycred...', false)\n#8 /internal/eval.php(20): activate_plugin('mycred/mycred.p...')\n#9 {main}\n  thrown in /wordpress/wp-content/plugins/mycred/includes/mycred-functions.php on line 4224","log":"/logs/plugins/j/javascript-html-text-adder/error.json"}
,
{"message":"Uncaught Error: Call to undefined function wp_generate_attachment_metadata() in /wordpress/wp-content/plugins/mycred/includes/mycred-functions.php:4224","level":"FATAL","type":"PHP","test":"ast-sqlite-boot","plugin":"javascript-html-text-adder","details":"[08-May-2025 14:34:12 UTC] PHP Fatal error:  Uncaught Error: Call to undefined function wp_generate_attachment_metadata() in /wordpress/wp-content/plugins/mycred/includes/mycred-functions.php:4224\nStack trace:\n#0 /wordpress/wp-content/plugins/mycred/includes/mycred-setup.php(72): mycred_upload_default_point_image()\n#1 /wordpress/wp-content/plugins/mycred/includes/mycred-setup.php(33): myCRED_Setup->setup_default_point_type()\n#2 /wordpress/wp-content/plugins/mycred/includes/mycred-install.php(94): myCRED_Setup->load()\n#3 /wordpress/wp-content/plugins/mycred/includes/mycred-functions.php(3510): myCRED_Install::activate()\n#4 /wordpress/wp-includes/class-wp-hook.php(324): mycred_plugin_activation(false)\n#5 /wordpress/wp-includes/class-wp-hook.php(348): WP_Hook->apply_filters(NULL, Array)\n#6 /wordpress/wp-includes/plugin.php(517): WP_Hook->do_action(Array)\n#7 /wordpress/wp-admin/includes/plugin.php(703): do_action('activate_mycred...', false)\n#8 /internal/eval.php(20): activate_plugin('mycred/mycred.p...')\n#9 {main}\n  thrown in /wordpress/wp-content/plugins/mycred/includes/mycred-functions.php on line 4224","log":"/logs/plugins/j/javascript-html-text-adder/error.json"}
,
{"message":"Required parameter $value follows optional parameter $parent in /wordpress/wp-content/plugins/myloyal/core/options.php on line 92","level":"DEPRECATED","type":"PHP","test":"ast-sqlite-boot","plugin":"javascript-html-text-adder","details":"[08-May-2025 14:34:22 UTC] PHP Deprecated:  Required parameter $value follows optional parameter $parent in /wordpress/wp-content/plugins/myloyal/core/options.php on line 92","log":"/logs/plugins/j/javascript-html-text-adder/error.json"}
,
{"message":"foreach() argument must be of type array|object, null given in /wordpress/wp-content/plugins/myloyal/core/action-runner.php on line 49","level":"WARNING","type":"PHP","test":"ast-sqlite-boot","plugin":"javascript-html-text-adder","details":"[08-May-2025 14:34:22 UTC] PHP Warning:  foreach() argument must be of type array|object, null given in /wordpress/wp-content/plugins/myloyal/core/action-runner.php on line 49","log":"/logs/plugins/j/javascript-html-text-adder/error.json"}
,
{"message":"Uncaught Exception: <div style=\"clear:both\">&nbsp;</div>","level":"FATAL","type":"PHP","test":"ast-sqlite-boot","plugin":"javascript-html-text-adder","details":"[08-May-2025 14:34:22 UTC] PHP Fatal error:  Uncaught Exception: <div style=\"clear:both\">&nbsp;</div>\n<div class=\"queries\" style=\"clear:both;margin-bottom:2px;border:red dotted thin;\">\n<p>MySQL query:</p>\n<p>alter table `wp_myloyal_badge_user` add constraint `myloyal_badge_user_user_id_foreign` foreign key (`user_id`) references `wp_users` (`ID`) on delete cascade</p>\n<p>Queries made or created this session were:</p>\n<ol>\n<li>Executing: BEGIN | (no parameters)</li>\n<li>Executing: SELECT 1 FROM sqlite_temp_schema WHERE type = 'table' AND name = ? | parameters: wp_myloyal_badge_user</li>\n<li>Executing: SELECT COLUMN_NAME FROM `_wp_sqlite_mysql_information_schema_columns` WHERE table_schema = ? AND table_name = ? | parameters: database_name_here, wp_myloyal_badge_user</li>\n<li>Executing: SELECT 1 FROM sqlite_temp_schema WHERE type = 'table' AND name = ? | parameters: wp_myloyal_badge_user</li>\n<li>Executing: ROLLBACK | (no parameters)</li>\n</ol>\n</div>\n<div style=\"clear:both;margin-bottom:2px;border:red dotted thin;\" class=\"error_message\" style=\"border-bottom:dotted blue thin;\">\nFOREIGN KEY and CHECK constraints are not supported yet.\n</div>\n<p>Backtrace:</p>\n<pre>#0 /internal/shared/sqlite-database-integration/wp-includes/sqlite-ast/class-wp-sqlite-driver.php(683): WP_SQLite_Driver->new_driver_exception('FOREIGN KEY and...', 0, Object(Exception))\n#1 /internal/shared/sqlite-database-integration/wp-includes/sqlite/class-wp-sqlite-db.php(491): WP_SQLite_Driver->query('alter table `wp...')\n#2 /internal/shared/sqlite-database-integration/wp-includes/sqlite/class-wp-sqlite-db.php(432): WP_SQLite_DB->_do_query('alter table `wp...')\n#3 /wordpress/wp-content/plugins/myloyal/vendor/as247/wp-eloquent/src/Database/WpConnection.php(147): WP_SQLite_DB->query('alter table `wp...')\n#4 /wordpress/wp-content/plugins/myloyal/vendor/as247/wp-eloquent/src/Database/Connection.php(664): As247\\WpEloquent\\Database\\WpConnection->As247\\WpEloquent\\Database\\{closure}('alter table `wp...', Array)\n#5 /wordpress/wp-content/plugins/myloyal/vendor/as247/wp-eloquent/src/Database/Connection.php(631): As247\\WpEloquent\\Database\\Connection->runQueryCallback('alter table `wp...', Array, Object(Closure))\n#6 /wordpress/wp-content/plugins/myloyal/vendor/as247/wp-eloquent/src/Database/WpConnection.php(156): As247\\WpEloquent\\Database\\Connection->run('alter table `wp...', Array, Object(Closure))\n#7 /wordpress/wp-content/plugins/myloyal/vendor/as247/wp-eloquent/src/Database/WpConnection.php(132): As247\\WpEloquent\\Database\\WpConnection->runRawQuery('alter table `wp...', true)\n#8 /wordpress/wp-content/plugins/myloyal/vendor/as247/wp-eloquent/src/Database/WpConnection.php(108): As247\\WpEloquent\\Database\\WpConnection->unprepared('alter table `wp...')\n#9 /wordpress/wp-content/plugins/myloyal/vendor/as247/wp-eloquent/src/Database/Schema/Blueprint.php(103): As247\\WpEloquent\\Database\\WpConnection->statement('alter table `wp...')\n#10 /wordpress/wp-content/plugins/myloyal/vendor/as247/wp-eloquent/src/Database/Schema/Builder.php(323): As247\\WpEloquent\\Database\\Schema\\Blueprint->build(Object(As247\\WpEloquent\\Database\\WpConnection), Object(As247\\WpEloquent\\Database\\Schema\\Grammars\\MySqlGrammar))\n#11 /wordpress/wp-content/plugins/myloyal/vendor/as247/wp-eloquent/src/Database/Schema/Builder.php(200): As247\\WpEloquent\\Database\\Schema\\Builder->build(Object(As247\\WpEloquent\\Database\\Schema\\Blueprint))\n#12 /wordpress/wp-content/plugins/myloyal/vendor/as247/wp-eloquent/src/Support/Facades/Facade.php(261): As247\\WpEloquent\\Database\\Schema\\Builder->create('myloyal_badge_u...', Object(Closure))\n#13 /wordpress/wp-content/plugins/myloyal/migrations/badge-user.php(20): As247\\WpEloquent\\Support\\Facades\\Facade::__callStatic('create', Array)\n#14 /wordpress/wp-content/plugins/myloyal/myloyal.php(127): myLoyal\\migrations\\Badge_User->run()\n#15 /wordpress/wp-includes/class-wp-hook.php(324): myLoyal\\MyLoyal_Init->on_active(false)\n#16 /wordpress/wp-includes/class-wp-hook.php(348): WP_Hook->apply_filters('', Array)\n#17 /wordpress/wp-includes/plugin.php(517): WP_Hook->do_action(Array)\n#18 /wordpress/wp-admin/includes/plugin.php(703): do_action('activate_myloya...', false)\n#19 /internal/eval.php(20): activate_plugin('myloyal/myloyal...')\n#20 {main}</pre>\n in /wordpress/wp-content/plugins/myloyal/vendor/as247/wp-eloquent/src/Database/WpConnection.php:150\nStack trace:\n#0 /wordpress/wp-content/plugins/myloyal/vendor/as247/wp-eloquent/src/Database/Connection.php(664): As247\\WpEloquent\\Database\\WpConnection->As247\\WpEloquent\\Database\\{closure}('alter table `wp...', Array)\n#1 /wordpress/wp-content/plugins/myloyal/vendor/as247/wp-eloquent/src/Database/Connection.php(631): As247\\WpEloquent\\Database\\Connection->runQueryCallback('alter table `wp...', Array, Object(Closure))\n#2 /wordpress/wp-content/plugins/myloyal/vendor/as247/wp-eloquent/src/Database/WpConnection.php(156): As247\\WpEloquent\\Database\\Connection->run('alter table `wp...', Array, Object(Closure))\n#3 /wordpress/wp-content/plugins/myloyal/vendor/as247/wp-eloquent/src/Database/WpConnection.php(132): As247\\WpEloquent\\Database\\WpConnection->runRawQuery('alter table `wp...', true)\n#4 /wordpress/wp-content/plugins/myloyal/vendor/as247/wp-eloquent/src/Database/WpConnection.php(108): As247\\WpEloquent\\Database\\WpConnection->unprepared('alter table `wp...')\n#5 /wordpress/wp-content/plugins/myloyal/vendor/as247/wp-eloquent/src/Database/Schema/Blueprint.php(103): As247\\WpEloquent\\Database\\WpConnection->statement('alter table `wp...')\n#6 /wordpress/wp-content/plugins/myloyal/vendor/as247/wp-eloquent/src/Database/Schema/Builder.php(323): As247\\WpEloquent\\Database\\Schema\\Blueprint->build(Object(As247\\WpEloquent\\Database\\WpConnection), Object(As247\\WpEloquent\\Database\\Schema\\Grammars\\MySqlGrammar))\n#7 /wordpress/wp-content/plugins/myloyal/vendor/as247/wp-eloquent/src/Database/Schema/Builder.php(200): As247\\WpEloquent\\Database\\Schema\\Builder->build(Object(As247\\WpEloquent\\Database\\Schema\\Blueprint))\n#8 /wordpress/wp-content/plugins/myloyal/vendor/as247/wp-eloquent/src/Support/Facades/Facade.php(261): As247\\WpEloquent\\Database\\Schema\\Builder->create('myloyal_badge_u...', Object(Closure))\n#9 /wordpress/wp-content/plugins/myloyal/migrations/badge-user.php(20): As247\\WpEloquent\\Support\\Facades\\Facade::__callStatic('create', Array)\n#10 /wordpress/wp-content/plugins/myloyal/myloyal.php(127): myLoyal\\migrations\\Badge_User->run()\n#11 /wordpress/wp-includes/class-wp-hook.php(324): myLoyal\\MyLoyal_Init->on_active(false)\n#12 /wordpress/wp-includes/class-wp-hook.php(348): WP_Hook->apply_filters('', Array)\n#13 /wordpress/wp-includes/plugin.php(517): WP_Hook->do_action(Array)\n#14 /wordpress/wp-admin/includes/plugin.php(703): do_action('activate_myloya...', false)\n#15 /internal/eval.php(20): activate_plugin('myloyal/myloyal...')\n#16 {main}\n\nNext As247\\WpEloquent\\Database\\QueryException: <div style=\"clear:both\">&nbsp;</div>\n<div class=\"queries\" style=\"clear:both;margin-bottom:2px;border:red dotted thin;\">\n<p>MySQL query:</p>\n<p>alter table `wp_myloyal_badge_user` add constraint `myloyal_badge_user_user_id_foreign` foreign key (`user_id`) references `wp_users` (`ID`) on delete cascade</p>\n<p>Queries made or created this session were:</p>\n<ol>\n<li>Executing: BEGIN | (no parameters)</li>\n<li>Executing: SELECT 1 FROM sqlite_temp_schema WHERE type = 'table' AND name = ? | parameters: wp_myloyal_badge_user</li>\n<li>Executing: SELECT COLUMN_NAME FROM `_wp_sqlite_mysql_information_schema_columns` WHERE table_schema = ? AND table_name = ? | parameters: database_name_here, wp_myloyal_badge_user</li>\n<li>Executing: SELECT 1 FROM sqlite_temp_schema WHERE type = 'table' AND name = ? | parameters: wp_myloyal_badge_user</li>\n<li>Executing: ROLLBACK | (no parameters)</li>\n</ol>\n</div>\n<div style=\"clear:both;margin-bottom:2px;border:red dotted thin;\" class=\"error_message\" style=\"border-bottom:dotted blue thin;\">\nFOREIGN KEY and CHECK constraints are not supported yet.\n</div>\n<p>Backtrace:</p>\n<pre>#0 /internal/shared/sqlite-database-integration/wp-includes/sqlite-ast/class-wp-sqlite-driver.php(683): WP_SQLite_Driver->new_driver_exception('FOREIGN KEY and...', 0, Object(Exception))\n#1 /internal/shared/sqlite-database-integration/wp-includes/sqlite/class-wp-sqlite-db.php(491): WP_SQLite_Driver->query('alter table `wp...')\n#2 /internal/shared/sqlite-database-integration/wp-includes/sqlite/class-wp-sqlite-db.php(432): WP_SQLite_DB->_do_query('alter table `wp...')\n#3 /wordpress/wp-content/plugins/myloyal/vendor/as247/wp-eloquent/src/Database/WpConnection.php(147): WP_SQLite_DB->query('alter table `wp...')\n#4 /wordpress/wp-content/plugins/myloyal/vendor/as247/wp-eloquent/src/Database/Connection.php(664): As247\\WpEloquent\\Database\\WpConnection->As247\\WpEloquent\\Database\\{closure}('alter table `wp...', Array)\n#5 /wordpress/wp-content/plugins/myloyal/vendor/as247/wp-eloquent/src/Database/Connection.php(631): As247\\WpEloquent\\Database\\Connection->runQueryCallback('alter table `wp...', Array, Object(Closure))\n#6 /wordpress/wp-content/plugins/myloyal/vendor/as247/wp-eloquent/src/Database/WpConnection.php(156): As247\\WpEloquent\\Database\\Connection->run('alter table `wp...', Array, Object(Closure))\n#7 /wordpress/wp-content/plugins/myloyal/vendor/as247/wp-eloquent/src/Database/WpConnection.php(132): As247\\WpEloquent\\Database\\WpConnection->runRawQuery('alter table `wp...', true)\n#8 /wordpress/wp-content/plugins/myloyal/vendor/as247/wp-eloquent/src/Database/WpConnection.php(108): As247\\WpEloquent\\Database\\WpConnection->unprepared('alter table `wp...')\n#9 /wordpress/wp-content/plugins/myloyal/vendor/as247/wp-eloquent/src/Database/Schema/Blueprint.php(103): As247\\WpEloquent\\Database\\WpConnection->statement('alter table `wp...')\n#10 /wordpress/wp-content/plugins/myloyal/vendor/as247/wp-eloquent/src/Database/Schema/Builder.php(323): As247\\WpEloquent\\Database\\Schema\\Blueprint->build(Object(As247\\WpEloquent\\Database\\WpConnection), Object(As247\\WpEloquent\\Database\\Schema\\Grammars\\MySqlGrammar))\n#11 /wordpress/wp-content/plugins/myloyal/vendor/as247/wp-eloquent/src/Database/Schema/Builder.php(200): As247\\WpEloquent\\Database\\Schema\\Builder->build(Object(As247\\WpEloquent\\Database\\Schema\\Blueprint))\n#12 /wordpress/wp-content/plugins/myloyal/vendor/as247/wp-eloquent/src/Support/Facades/Facade.php(261): As247\\WpEloquent\\Database\\Schema\\Builder->create('myloyal_badge_u...', Object(Closure))\n#13 /wordpress/wp-content/plugins/myloyal/migrations/badge-user.php(20): As247\\WpEloquent\\Support\\Facades\\Facade::__callStatic('create', Array)\n#14 /wordpress/wp-content/plugins/myloyal/myloyal.php(127): myLoyal\\migrations\\Badge_User->run()\n#15 /wordpress/wp-includes/class-wp-hook.php(324): myLoyal\\MyLoyal_Init->on_active(false)\n#16 /wordpress/wp-includes/class-wp-hook.php(348): WP_Hook->apply_filters('', Array)\n#17 /wordpress/wp-includes/plugin.php(517): WP_Hook->do_action(Array)\n#18 /wordpress/wp-admin/includes/plugin.php(703): do_action('activate_myloya...', false)\n#19 /internal/eval.php(20): activate_plugin('myloyal/myloyal...')\n#20 {main}</pre>\n (SQL: alter table `wp_myloyal_badge_user` add constraint `myloyal_badge_user_user_id_foreign` foreign key (`user_id`) references `wp_users` (`ID`) on delete cascade) in /wordpress/wp-content/plugins/myloyal/vendor/as247/wp-eloquent/src/Database/WpConnection.php:150\nStack trace:\n#0 /wordpress/wp-content/plugins/myloyal/vendor/as247/wp-eloquent/src/Database/Connection.php(664): As247\\WpEloquent\\Database\\WpConnection->As247\\WpEloquent\\Database\\{closure}('alter table `wp...', Array)\n#1 /wordpress/wp-content/plugins/myloyal/vendor/as247/wp-eloquent/src/Database/Connection.php(631): As247\\WpEloquent\\Database\\Connection->runQueryCallback('alter table `wp...', Array, Object(Closure))\n#2 /wordpress/wp-content/plugins/myloyal/vendor/as247/wp-eloquent/src/Database/WpConnection.php(156): As247\\WpEloquent\\Database\\Connection->run('alter table `wp...', Array, Object(Closure))\n#3 /wordpress/wp-content/plugins/myloyal/vendor/as247/wp-eloquent/src/Database/WpConnection.php(132): As247\\WpEloquent\\Database\\WpConnection->runRawQuery('alter table `wp...', true)\n#4 /wordpress/wp-content/plugins/myloyal/vendor/as247/wp-eloquent/src/Database/WpConnection.php(108): As247\\WpEloquent\\Database\\WpConnection->unprepared('alter table `wp...')\n#5 /wordpress/wp-content/plugins/myloyal/vendor/as247/wp-eloquent/src/Database/Schema/Blueprint.php(103): As247\\WpEloquent\\Database\\WpConnection->statement('alter table `wp...')\n#6 /wordpress/wp-content/plugins/myloyal/vendor/as247/wp-eloquent/src/Database/Schema/Builder.php(323): As247\\WpEloquent\\Database\\Schema\\Blueprint->build(Object(As247\\WpEloquent\\Database\\WpConnection), Object(As247\\WpEloquent\\Database\\Schema\\Grammars\\MySqlGrammar))\n#7 /wordpress/wp-content/plugins/myloyal/vendor/as247/wp-eloquent/src/Database/Schema/Builder.php(200): As247\\WpEloquent\\Database\\Schema\\Builder->build(Object(As247\\WpEloquent\\Database\\Schema\\Blueprint))\n#8 /wordpress/wp-content/plugins/myloyal/vendor/as247/wp-eloquent/src/Support/Facades/Facade.php(261): As247\\WpEloquent\\Database\\Schema\\Builder->create('myloyal_badge_u...', Object(Closure))\n#9 /wordpress/wp-content/plugins/myloyal/migrations/badge-user.php(20): As247\\WpEloquent\\Support\\Facades\\Facade::__callStatic('create', Array)\n#10 /wordpress/wp-content/plugins/myloyal/myloyal.php(127): myLoyal\\migrations\\Badge_User->run()\n#11 /wordpress/wp-includes/class-wp-hook.php(324): myLoyal\\MyLoyal_Init->on_active(false)\n#12 /wordpress/wp-includes/class-wp-hook.php(348): WP_Hook->apply_filters('', Array)\n#13 /wordpress/wp-includes/plugin.php(517): WP_Hook->do_action(Array)\n#14 /wordpress/wp-admin/includes/plugin.php(703): do_action('activate_myloya...', false)\n#15 /internal/eval.php(20): activate_plugin('myloyal/myloyal...')\n#16 {main}\n\nNext As247\\WpEloquent\\Database\\QueryException: <div style=\"clear:both\">&nbsp;</div>\n<div class=\"queries\" style=\"clear:both;margin-bottom:2px;border:red dotted thin;\">\n<p>MySQL query:</p>\n<p>alter table `wp_myloyal_badge_user` add constraint `myloyal_badge_user_user_id_foreign` foreign key (`user_id`) references `wp_users` (`ID`) on delete cascade</p>\n<p>Queries made or created this session were:</p>\n<ol>\n<li>Executing: BEGIN | (no parameters)</li>\n<li>Executing: SELECT 1 FROM sqlite_temp_schema WHERE type = 'table' AND name = ? | parameters: wp_myloyal_badge_user</li>\n<li>Executing: SELECT COLUMN_NAME FROM `_wp_sqlite_mysql_information_schema_columns` WHERE table_schema = ? AND table_name = ? | parameters: database_name_here, wp_myloyal_badge_user</li>\n<li>Executing: SELECT 1 FROM sqlite_temp_schema WHERE type = 'table' AND name = ? | parameters: wp_myloyal_badge_user</li>\n<li>Executing: ROLLBACK | (no parameters)</li>\n</ol>\n</div>\n<div style=\"clear:both;margin-bottom:2px;border:red dotted thin;\" class=\"error_message\" style=\"border-bottom:dotted blue thin;\">\nFOREIGN KEY and CHECK constraints are not supported yet.\n</div>\n<p>Backtrace:</p>\n<pre>#0 /internal/shared/sqlite-database-integration/wp-includes/sqlite-ast/class-wp-sqlite-driver.php(683): WP_SQLite_Driver->new_driver_exception('FOREIGN KEY and...', 0, Object(Exception))\n#1 /internal/shared/sqlite-database-integration/wp-includes/sqlite/class-wp-sqlite-db.php(491): WP_SQLite_Driver->query('alter table `wp...')\n#2 /internal/shared/sqlite-database-integration/wp-includes/sqlite/class-wp-sqlite-db.php(432): WP_SQLite_DB->_do_query('alter table `wp...')\n#3 /wordpress/wp-content/plugins/myloyal/vendor/as247/wp-eloquent/src/Database/WpConnection.php(147): WP_SQLite_DB->query('alter table `wp...')\n#4 /wordpress/wp-content/plugins/myloyal/vendor/as247/wp-eloquent/src/Database/Connection.php(664): As247\\WpEloquent\\Database\\WpConnection->As247\\WpEloquent\\Database\\{closure}('alter table `wp...', Array)\n#5 /wordpress/wp-content/plugins/myloyal/vendor/as247/wp-eloquent/src/Database/Connection.php(631): As247\\WpEloquent\\Database\\Connection->runQueryCallback('alter table `wp...', Array, Object(Closure))\n#6 /wordpress/wp-content/plugins/myloyal/vendor/as247/wp-eloquent/src/Database/WpConnection.php(156): As247\\WpEloquent\\Database\\Connection->run('alter table `wp...', Array, Object(Closure))\n#7 /wordpress/wp-content/plugins/myloyal/vendor/as247/wp-eloquent/src/Database/WpConnection.php(132): As247\\WpEloquent\\Database\\WpConnection->runRawQuery('alter table `wp...', true)\n#8 /wordpress/wp-content/plugins/myloyal/vendor/as247/wp-eloquent/src/Database/WpConnection.php(108): As247\\WpEloquent\\Database\\WpConnection->unprepared('alter table `wp...')\n#9 /wordpress/wp-content/plugins/myloyal/vendor/as247/wp-eloquent/src/Database/Schema/Blueprint.php(103): As247\\WpEloquent\\Database\\WpConnection->statement('alter table `wp...')\n#10 /wordpress/wp-content/plugins/myloyal/vendor/as247/wp-eloquent/src/Database/Schema/Builder.php(323): As247\\WpEloquent\\Database\\Schema\\Blueprint->build(Object(As247\\WpEloquent\\Database\\WpConnection), Object(As247\\WpEloquent\\Database\\Schema\\Grammars\\MySqlGrammar))\n#11 /wordpress/wp-content/plugins/myloyal/vendor/as247/wp-eloquent/src/Database/Schema/Builder.php(200): As247\\WpEloquent\\Database\\Schema\\Builder->build(Object(As247\\WpEloquent\\Database\\Schema\\Blueprint))\n#12 /wordpress/wp-content/plugins/myloyal/vendor/as247/wp-eloquent/src/Support/Facades/Facade.php(261): As247\\WpEloquent\\Database\\Schema\\Builder->create('myloyal_badge_u...', Object(Closure))\n#13 /wordpress/wp-content/plugins/myloyal/migrations/badge-user.php(20): As247\\WpEloquent\\Support\\Facades\\Facade::__callStatic('create', Array)\n#14 /wordpress/wp-content/plugins/myloyal/myloyal.php(127): myLoyal\\migrations\\Badge_User->run()\n#15 /wordpress/wp-includes/class-wp-hook.php(324): myLoyal\\MyLoyal_Init->on_active(false)\n#16 /wordpress/wp-includes/class-wp-hook.php(348): WP_Hook->apply_filters('', Array)\n#17 /wordpress/wp-includes/plugin.php(517): WP_Hook->do_action(Array)\n#18 /wordpress/wp-admin/includes/plugin.php(703): do_action('activate_myloya...', false)\n#19 /internal/eval.php(20): activate_plugin('myloyal/myloyal...')\n#20 {main}</pre>\n (SQL: alter table `wp_myloyal_badge_user` add constraint `myloyal_badge_user_user_id_foreign` foreign key (`user_id`) references `wp_users` (`ID`) on delete cascade) (SQL: alter table `wp_myloyal_badge_user` add constraint `myloyal_badge_user_user_id_foreign` foreign key (`user_id`) references `wp_users` (`ID`) on delete cascade) in /wordpress/wp-content/plugins/myloyal/vendor/as247/wp-eloquent/src/Database/Connection.php:671\nStack trace:\n#0 /wordpress/wp-content/plugins/myloyal/vendor/as247/wp-eloquent/src/Database/Connection.php(631): As247\\WpEloquent\\Database\\Connection->runQueryCallback('alter table `wp...', Array, Object(Closure))\n#1 /wordpress/wp-content/plugins/myloyal/vendor/as247/wp-eloquent/src/Database/WpConnection.php(156): As247\\WpEloquent\\Database\\Connection->run('alter table `wp...', Array, Object(Closure))\n#2 /wordpress/wp-content/plugins/myloyal/vendor/as247/wp-eloquent/src/Database/WpConnection.php(132): As247\\WpEloquent\\Database\\WpConnection->runRawQuery('alter table `wp...', true)\n#3 /wordpress/wp-content/plugins/myloyal/vendor/as247/wp-eloquent/src/Database/WpConnection.php(108): As247\\WpEloquent\\Database\\WpConnection->unprepared('alter table `wp...')\n#4 /wordpress/wp-content/plugins/myloyal/vendor/as247/wp-eloquent/src/Database/Schema/Blueprint.php(103): As247\\WpEloquent\\Database\\WpConnection->statement('alter table `wp...')\n#5 /wordpress/wp-content/plugins/myloyal/vendor/as247/wp-eloquent/src/Database/Schema/Builder.php(323): As247\\WpEloquent\\Database\\Schema\\Blueprint->build(Object(As247\\WpEloquent\\Database\\WpConnection), Object(As247\\WpEloquent\\Database\\Schema\\Grammars\\MySqlGrammar))\n#6 /wordpress/wp-content/plugins/myloyal/vendor/as247/wp-eloquent/src/Database/Schema/Builder.php(200): As247\\WpEloquent\\Database\\Schema\\Builder->build(Object(As247\\WpEloquent\\Database\\Schema\\Blueprint))\n#7 /wordpress/wp-content/plugins/myloyal/vendor/as247/wp-eloquent/src/Support/Facades/Facade.php(261): As247\\WpEloquent\\Database\\Schema\\Builder->create('myloyal_badge_u...', Object(Closure))\n#8 /wordpress/wp-content/plugins/myloyal/migrations/badge-user.php(20): As247\\WpEloquent\\Support\\Facades\\Facade::__callStatic('create', Array)\n#9 /wordpress/wp-content/plugins/myloyal/myloyal.php(127): myLoyal\\migrations\\Badge_User->run()\n#10 /wordpress/wp-includes/class-wp-hook.php(324): myLoyal\\MyLoyal_Init->on_active(false)\n#11 /wordpress/wp-includes/class-wp-hook.php(348): WP_Hook->apply_filters('', Array)\n#12 /wordpress/wp-includes/plugin.php(517): WP_Hook->do_action(Array)\n#13 /wordpress/wp-admin/includes/plugin.php(703): do_action('activate_myloya...', false)\n#14 /internal/eval.php(20): activate_plugin('myloyal/myloyal...')\n#15 {main}\n  thrown in /wordpress/wp-content/plugins/myloyal/vendor/as247/wp-eloquent/src/Database/Connection.php on line 671","log":"/logs/plugins/j/javascript-html-text-adder/error.json"}
,
{"message":"Required parameter $value follows optional parameter $parent in /wordpress/wp-content/plugins/myloyal/core/options.php on line 92","level":"DEPRECATED","type":"PHP","test":"ast-sqlite-boot","plugin":"javascript-html-text-adder","details":"[08-May-2025 14:34:31 UTC] PHP Deprecated:  Required parameter $value follows optional parameter $parent in /wordpress/wp-content/plugins/myloyal/core/options.php on line 92","log":"/logs/plugins/j/javascript-html-text-adder/error.json"}
,
{"message":"foreach() argument must be of type array|object, null given in /wordpress/wp-content/plugins/myloyal/core/action-runner.php on line 49","level":"WARNING","type":"PHP","test":"ast-sqlite-boot","plugin":"javascript-html-text-adder","details":"[08-May-2025 14:34:31 UTC] PHP Warning:  foreach() argument must be of type array|object, null given in /wordpress/wp-content/plugins/myloyal/core/action-runner.php on line 49","log":"/logs/plugins/j/javascript-html-text-adder/error.json"}
,
{"message":"Required parameter $value follows optional parameter $parent in /wordpress/wp-content/plugins/myloyal/core/options.php on line 92","level":"DEPRECATED","type":"PHP","test":"ast-sqlite-boot","plugin":"javascript-html-text-adder","details":"[08-May-2025 14:34:32 UTC] PHP Deprecated:  Required parameter $value follows optional parameter $parent in /wordpress/wp-content/plugins/myloyal/core/options.php on line 92","log":"/logs/plugins/j/javascript-html-text-adder/error.json"}
,
{"message":"foreach() argument must be of type array|object, null given in /wordpress/wp-content/plugins/myloyal/core/action-runner.php on line 49","level":"WARNING","type":"PHP","test":"ast-sqlite-boot","plugin":"javascript-html-text-adder","details":"[08-May-2025 14:34:32 UTC] PHP Warning:  foreach() argument must be of type array|object, null given in /wordpress/wp-content/plugins/myloyal/core/action-runner.php on line 49","log":"/logs/plugins/j/javascript-html-text-adder/error.json"}
,
{"message":"Required parameter $value follows optional parameter $parent in /wordpress/wp-content/plugins/myloyal/core/options.php on line 92","level":"DEPRECATED","type":"PHP","test":"ast-sqlite-boot","plugin":"javascript-html-text-adder","details":"[08-May-2025 14:34:41 UTC] PHP Deprecated:  Required parameter $value follows optional parameter $parent in /wordpress/wp-content/plugins/myloyal/core/options.php on line 92","log":"/logs/plugins/j/javascript-html-text-adder/error.json"}
,
{"message":"foreach() argument must be of type array|object, null given in /wordpress/wp-content/plugins/myloyal/core/action-runner.php on line 49","level":"WARNING","type":"PHP","test":"ast-sqlite-boot","plugin":"javascript-html-text-adder","details":"[08-May-2025 14:34:41 UTC] PHP Warning:  foreach() argument must be of type array|object, null given in /wordpress/wp-content/plugins/myloyal/core/action-runner.php on line 49","log":"/logs/plugins/j/javascript-html-text-adder/error.json"}
,
{"message":"Required parameter $value follows optional parameter $parent in /wordpress/wp-content/plugins/myloyal/core/options.php on line 92","level":"DEPRECATED","type":"PHP","test":"ast-sqlite-boot","plugin":"javascript-html-text-adder","details":"[08-May-2025 14:34:43 UTC] PHP Deprecated:  Required parameter $value follows optional parameter $parent in /wordpress/wp-content/plugins/myloyal/core/options.php on line 92","log":"/logs/plugins/j/javascript-html-text-adder/error.json"}
,
{"message":"foreach() argument must be of type array|object, null given in /wordpress/wp-content/plugins/myloyal/core/action-runner.php on line 49","level":"WARNING","type":"PHP","test":"ast-sqlite-boot","plugin":"javascript-html-text-adder","details":"[08-May-2025 14:34:43 UTC] PHP Warning:  foreach() argument must be of type array|object, null given in /wordpress/wp-content/plugins/myloyal/core/action-runner.php on line 49","log":"/logs/plugins/j/javascript-html-text-adder/error.json"}
,
{"message":"Uncaught ArgumentCountError: Too few arguments to function WP_Widget::__construct(), 0 passed in /wordpress/wp-includes/class-wp-widget-factory.php on line 62 and at least 2 expected in /wordpress/wp-includes/class-wp-widget.php:163","level":"FATAL","type":"PHP","test":"ast-sqlite-boot","plugin":"javascript-html-text-adder","details":"[08-May-2025 14:35:20 UTC] PHP Fatal error:  Uncaught ArgumentCountError: Too few arguments to function WP_Widget::__construct(), 0 passed in /wordpress/wp-includes/class-wp-widget-factory.php on line 62 and at least 2 expected in /wordpress/wp-includes/class-wp-widget.php:163\nStack trace:\n#0 /wordpress/wp-includes/class-wp-widget-factory.php(62): WP_Widget->__construct()\n#1 /wordpress/wp-includes/widgets.php(123): WP_Widget_Factory->register('Hja_Widget')\n#2 /wordpress/wp-content/plugins/javascript-html-text-adder/includes/widgets/class-hja-widget.php(16): register_widget('Hja_Widget')\n#3 /wordpress/wp-includes/class-wp-hook.php(324): hja_load_widget('')\n#4 /wordpress/wp-includes/class-wp-hook.php(348): WP_Hook->apply_filters(NULL, Array)\n#5 /wordpress/wp-includes/plugin.php(517): WP_Hook->do_action(Array)\n#6 /wordpress/wp-includes/widgets.php(1870): do_action('widgets_init')\n#7 /wordpress/wp-includes/class-wp-hook.php(324): wp_widgets_init('')\n#8 /wordpress/wp-includes/class-wp-hook.php(348): WP_Hook->apply_filters(NULL, Array)\n#9 /wordpress/wp-includes/plugin.php(517): WP_Hook->do_action(Array)\n#10 /wordpress/wp-settings.php(727): do_action('init')\n#11 /wordpress/wp-config.php(102): require_once('/wordpress/wp-s...')\n#12 /wordpress/wp-load.php(50): require_once('/wordpress/wp-c...')\n#13 /internal/eval.php(3): require_once('/wordpress/wp-l...')\n#14 {main}\n  thrown in /wordpress/wp-includes/class-wp-widget.php on line 163\n\n    at Object.onBind (file:///home/runner/work/playground-tester/playground-tester/node_modules/@wp-playground/cli/index.js:237:15)\n    at process.processTicksAndRejections (node:internal/process/task_queues:105:5)\n    at async V (file:///home/runner/work/playground-tester/playground-tester/node_modules/@wp-playground/cli/index.js:64:10)\n    at async ja (file:///home/runner/work/playground-tester/playground-tester/node_modules/@wp-playground/cli/cli.js:8161:12) {\n  [cause]: Error: Error when executing the blueprint step #5 ({\"step\":\"installPlugin\",\"pluginData\":{\"resource\":\"wordpress.org/plugins\",\"slug\":\"javascript-html-text-adder\"},\"options\":{\"activate\":true}}) : PHP.run() failed with exit code 255 and the following output: \n      at Object.run (file:///home/runner/work/playground-tester/playground-tester/node_modules/@wp-playground/blueprints/index.js:12449:19)\n      at process.processTicksAndRejections (node:internal/process/task_queues:105:5)\n      at async ms (file:///home/runner/work/playground-tester/playground-tester/node_modules/@wp-playground/blueprints/index.js:12552:3)\n      ... 2 lines matching cause stack trace ...\n      at async ja (file:///home/runner/work/playground-tester/playground-tester/node_modules/@wp-playground/cli/cli.js:8161:12) {\n    [cause]: PHPExecutionFailureError: PHP.run() failed with exit code 255 and the following output: \n        at PHP.run (file:///home/runner/work/playground-tester/playground-tester/node_modules/@php-wasm/universal/index.js:987:19)\n        at process.processTicksAndRejections (node:internal/process/task_queues:105:5)\n        at async wr (file:///home/runner/work/playground-tester/playground-tester/node_modules/@wp-playground/blueprints/index.js:73:13)\n        at async Object.gt [as installPlugin] (file:///home/runner/work/playground-tester/playground-tester/node_modules/@wp-playground/blueprints/index.js:974:42)\n        at async g (file:///home/runner/work/playground-tester/playground-tester/node_modules/@wp-playground/blueprints/index.js:12517:30)\n        at async Object.run (file:///home/runner/work/playground-tester/playground-tester/node_modules/@wp-playground/blueprints/index.js:12446:23)\n        at async ms (file:///home/runner/work/playground-tester/playground-tester/node_modules/@wp-playground/blueprints/index.js:12552:3)\n        at async Object.onBind (file:///home/runner/work/playground-tester/playground-tester/node_modules/@wp-playground/cli/index.js:227:48)\n        at async V (file:///home/runner/work/playground-tester/playground-tester/node_modules/@wp-playground/cli/index.js:64:10)\n        at async ja (file:///home/runner/work/playground-tester/playground-tester/node_modules/@wp-playground/cli/cli.js:8161:12) {\n      response: PHPResponse {\n        httpStatusCode: 500,\n        headers: {\n          'x-powered-by': [ 'PHP/8.0.30-dev' ],\n          'content-type': [ 'text/html; charset=UTF-8' ],\n          expires: [ 'Wed, 11 Jan 1984 05:00:00 GMT' ],\n          'cache-control': [ 'no-cache, must-revalidate, max-age=0, no-store, private' ]\n        },\n        bytes: Uint8Array(2653) [\n           60,  33,  68,  79,  67,  84,  89,  80,  69,  32, 104, 116,\n          109, 108,  62,  10,  60, 104, 116, 109, 108,  32, 108,  97,\n          110, 103,  61,  34, 101, 110,  45,  85,  83,  34,  62,  10,\n           60, 104, 101,  97, 100,  62,  10,   9,  60, 109, 101, 116,\n           97,  32, 104, 116, 116, 112,  45, 101, 113, 117, 105, 118,\n           61,  34,  67, 111, 110, 116, 101, 110, 116,  45,  84, 121,\n          112, 101,  34,  32,  99, 111, 110, 116, 101, 110, 116,  61,\n           34, 116, 101, 120, 116,  47, 104, 116, 109, 108,  59,  32,\n           99, 104,  97, 114,\n          ... 2553 more items\n        ],\n        exitCode: 255,\n        errors: ''\n      },\n      source: 'request'\n    }\n  }\n}\n\n","log":"/logs/plugins/j/javascript-html-text-adder/error.json"}
]
