file:///home/runner/work/playground-tester/playground-tester/node_modules/@wp-playground/cli/run-cli-j-geJYS3.js:325
        throw new Error($, { cause: h });
              ^

Error: [05-Jun-2025 20:27:27 UTC] PHP Notice:  Function _load_textdomain_just_in_time was called <strong>incorrectly</strong>. Translation loading for the <code>boomdevs-toc</code> domain was triggered too early. This is usually an indicator for some code in the plugin or theme running too early. Translations should be loaded at the <code>init</code> action or later. Please see <a href="https://developer.wordpress.org/advanced-administration/debug/debug-wordpress/">Debugging in WordPress</a> for more information. (This message was added in version 6.7.0.) in /wordpress/wp-includes/functions.php on line 6121
[05-Jun-2025 20:27:38 UTC] PHP Notice:  Function _load_textdomain_just_in_time was called <strong>incorrectly</strong>. Translation loading for the <code>boomdevs-toc</code> domain was triggered too early. This is usually an indicator for some code in the plugin or theme running too early. Translations should be loaded at the <code>init</code> action or later. Please see <a href="https://developer.wordpress.org/advanced-administration/debug/debug-wordpress/">Debugging in WordPress</a> for more information. (This message was added in version 6.7.0.) in /wordpress/wp-includes/functions.php on line 6121
[05-Jun-2025 20:27:49 UTC] PHP Notice:  Function _load_textdomain_just_in_time was called <strong>incorrectly</strong>. Translation loading for the <code>boomdevs-toc</code> domain was triggered too early. This is usually an indicator for some code in the plugin or theme running too early. Translations should be loaded at the <code>init</code> action or later. Please see <a href="https://developer.wordpress.org/advanced-administration/debug/debug-wordpress/">Debugging in WordPress</a> for more information. (This message was added in version 6.7.0.) in /wordpress/wp-includes/functions.php on line 6121
[05-Jun-2025 20:27:59 UTC] PHP Fatal error:  Uncaught TypeError: call_user_func_array(): Argument #1 ($callback) must be a valid callback, class Topline_Plugin_Activator does not have a method "activate" in /wordpress/wp-includes/class-wp-hook.php:324
Stack trace:
#0 /wordpress/wp-includes/class-wp-hook.php(348): WP_Hook->apply_filters('', Array)
#1 /wordpress/wp-includes/plugin.php(517): WP_Hook->do_action(Array)
#2 /wordpress/wp-admin/includes/plugin.php(703): do_action('activate_toplin...', false)
#3 /internal/eval.php(20): activate_plugin('topline-sites-f...')
#4 {main}
  thrown in /wordpress/wp-includes/class-wp-hook.php on line 324
[05-Jun-2025 20:28:07 UTC] PHP Fatal error:  Uncaught TypeError: call_user_func_array(): Argument #1 ($callback) must be a valid callback, class Topline_Plugin_Activator does not have a method "activate" in /wordpress/wp-includes/class-wp-hook.php:324
Stack trace:
#0 /wordpress/wp-includes/class-wp-hook.php(348): WP_Hook->apply_filters('', Array)
#1 /wordpress/wp-includes/plugin.php(517): WP_Hook->do_action(Array)
#2 /wordpress/wp-admin/includes/plugin.php(703): do_action('activate_toplin...', false)
#3 /internal/eval.php(20): activate_plugin('topline-sites-f...')
#4 {main}
  thrown in /wordpress/wp-includes/class-wp-hook.php on line 324
[05-Jun-2025 20:28:17 UTC] PHP Fatal error:  Uncaught TypeError: call_user_func_array(): Argument #1 ($callback) must be a valid callback, class Topline_Plugin_Activator does not have a method "activate" in /wordpress/wp-includes/class-wp-hook.php:324
Stack trace:
#0 /wordpress/wp-includes/class-wp-hook.php(348): WP_Hook->apply_filters('', Array)
#1 /wordpress/wp-includes/plugin.php(517): WP_Hook->do_action(Array)
#2 /wordpress/wp-admin/includes/plugin.php(703): do_action('activate_toplin...', false)
#3 /internal/eval.php(20): activate_plugin('topline-sites-f...')
#4 {main}
  thrown in /wordpress/wp-includes/class-wp-hook.php on line 324
[05-Jun-2025 20:28:26 UTC] PHP Warning:  Undefined array key 3 in /wordpress/wp-content/plugins/tor-blocker-by-inazo/inazo.real.tor.blocker.php on line 97
[05-Jun-2025 20:28:26 UTC] PHP Warning:  Undefined array key 2 in /wordpress/wp-content/plugins/tor-blocker-by-inazo/inazo.real.tor.blocker.php on line 97
[05-Jun-2025 20:28:26 UTC] PHP Warning:  Undefined array key 1 in /wordpress/wp-content/plugins/tor-blocker-by-inazo/inazo.real.tor.blocker.php on line 97
[05-Jun-2025 20:28:26 UTC] PHP Warning:  Undefined array key 3 in /wordpress/wp-content/plugins/tor-blocker-by-inazo/inazo.real.tor.blocker.php on line 97
[05-Jun-2025 20:28:26 UTC] PHP Warning:  Undefined array key 2 in /wordpress/wp-content/plugins/tor-blocker-by-inazo/inazo.real.tor.blocker.php on line 97
[05-Jun-2025 20:28:26 UTC] PHP Warning:  Undefined array key 1 in /wordpress/wp-content/plugins/tor-blocker-by-inazo/inazo.real.tor.blocker.php on line 97
[05-Jun-2025 20:28:26 UTC] PHP Warning:  Undefined property: Net_DNS2_Resolver::$last_error in /wordpress/wp-content/plugins/tor-blocker-by-inazo/inazo.real.tor.blocker.php on line 133
[05-Jun-2025 20:28:37 UTC] PHP Warning:  Undefined array key 3 in /wordpress/wp-content/plugins/tor-blocker-by-inazo/inazo.real.tor.blocker.php on line 97
[05-Jun-2025 20:28:37 UTC] PHP Warning:  Undefined array key 2 in /wordpress/wp-content/plugins/tor-blocker-by-inazo/inazo.real.tor.blocker.php on line 97
[05-Jun-2025 20:28:37 UTC] PHP Warning:  Undefined array key 1 in /wordpress/wp-content/plugins/tor-blocker-by-inazo/inazo.real.tor.blocker.php on line 97
[05-Jun-2025 20:28:37 UTC] PHP Warning:  Undefined array key 3 in /wordpress/wp-content/plugins/tor-blocker-by-inazo/inazo.real.tor.blocker.php on line 97
[05-Jun-2025 20:28:37 UTC] PHP Warning:  Undefined array key 2 in /wordpress/wp-content/plugins/tor-blocker-by-inazo/inazo.real.tor.blocker.php on line 97
[05-Jun-2025 20:28:37 UTC] PHP Warning:  Undefined array key 1 in /wordpress/wp-content/plugins/tor-blocker-by-inazo/inazo.real.tor.blocker.php on line 97
[05-Jun-2025 20:28:37 UTC] PHP Warning:  Undefined property: Net_DNS2_Resolver::$last_error in /wordpress/wp-content/plugins/tor-blocker-by-inazo/inazo.real.tor.blocker.php on line 133
[05-Jun-2025 20:28:47 UTC] PHP Warning:  Undefined array key 3 in /wordpress/wp-content/plugins/tor-blocker-by-inazo/inazo.real.tor.blocker.php on line 97
[05-Jun-2025 20:28:47 UTC] PHP Warning:  Undefined array key 2 in /wordpress/wp-content/plugins/tor-blocker-by-inazo/inazo.real.tor.blocker.php on line 97
[05-Jun-2025 20:28:47 UTC] PHP Warning:  Undefined array key 1 in /wordpress/wp-content/plugins/tor-blocker-by-inazo/inazo.real.tor.blocker.php on line 97
[05-Jun-2025 20:28:47 UTC] PHP Warning:  Undefined array key 3 in /wordpress/wp-content/plugins/tor-blocker-by-inazo/inazo.real.tor.blocker.php on line 97
[05-Jun-2025 20:28:47 UTC] PHP Warning:  Undefined array key 2 in /wordpress/wp-content/plugins/tor-blocker-by-inazo/inazo.real.tor.blocker.php on line 97
[05-Jun-2025 20:28:47 UTC] PHP Warning:  Undefined array key 1 in /wordpress/wp-content/plugins/tor-blocker-by-inazo/inazo.real.tor.blocker.php on line 97
[05-Jun-2025 20:28:47 UTC] PHP Warning:  Undefined property: Net_DNS2_Resolver::$last_error in /wordpress/wp-content/plugins/tor-blocker-by-inazo/inazo.real.tor.blocker.php on line 133
[05-Jun-2025 20:29:27 UTC] PHP Fatal error:  Uncaught Exception: GMP extension seems not to be installed in /wordpress/wp-content/plugins/trezor-connect-plugin/BitcoinECDSA.php:11
Stack trace:
#0 /wordpress/wp-content/plugins/trezor-connect-plugin/WPTrezorPlugin.php(28): require()
#1 /wordpress/wp-admin/includes/plugin.php(2387): include_once('/wordpress/wp-c...')
#2 /wordpress/wp-admin/includes/plugin.php(673): plugin_sandbox_scrape('trezor-connect-...')
#3 /internal/eval.php(20): activate_plugin('trezor-connect-...')
#4 {main}
  thrown in /wordpress/wp-content/plugins/trezor-connect-plugin/BitcoinECDSA.php on line 11
[05-Jun-2025 20:29:35 UTC] PHP Fatal error:  Uncaught Exception: GMP extension seems not to be installed in /wordpress/wp-content/plugins/trezor-connect-plugin/BitcoinECDSA.php:11
Stack trace:
#0 /wordpress/wp-content/plugins/trezor-connect-plugin/WPTrezorPlugin.php(28): require()
#1 /wordpress/wp-admin/includes/plugin.php(2387): include_once('/wordpress/wp-c...')
#2 /wordpress/wp-admin/includes/plugin.php(673): plugin_sandbox_scrape('trezor-connect-...')
#3 /internal/eval.php(20): activate_plugin('trezor-connect-...')
#4 {main}
  thrown in /wordpress/wp-content/plugins/trezor-connect-plugin/BitcoinECDSA.php on line 11
[05-Jun-2025 20:29:44 UTC] PHP Fatal error:  Uncaught Exception: GMP extension seems not to be installed in /wordpress/wp-content/plugins/trezor-connect-plugin/BitcoinECDSA.php:11
Stack trace:
#0 /wordpress/wp-content/plugins/trezor-connect-plugin/WPTrezorPlugin.php(28): require()
#1 /wordpress/wp-admin/includes/plugin.php(2387): include_once('/wordpress/wp-c...')
#2 /wordpress/wp-admin/includes/plugin.php(673): plugin_sandbox_scrape('trezor-connect-...')
#3 /internal/eval.php(20): activate_plugin('trezor-connect-...')
#4 {main}
  thrown in /wordpress/wp-content/plugins/trezor-connect-plugin/BitcoinECDSA.php on line 11
[05-Jun-2025 20:29:53 UTC] PHP Warning:  Undefined array key "HTTP_USER_AGENT" in /wordpress/wp-content/plugins/triggered-messaging-solution-for-e-commerce/core/Helper.php on line 67
[05-Jun-2025 20:29:53 UTC] PHP Fatal error:  Uncaught Error: Call to undefined function create_function() in /wordpress/wp-content/plugins/triggered-messaging-solution-for-e-commerce/index.php:222
Stack trace:
#0 /wordpress/wp-admin/includes/plugin.php(2387): include_once()
#1 /wordpress/wp-admin/includes/plugin.php(673): plugin_sandbox_scrape('triggered-messa...')
#2 /internal/eval.php(20): activate_plugin('triggered-messa...')
#3 {main}
  thrown in /wordpress/wp-content/plugins/triggered-messaging-solution-for-e-commerce/index.php on line 222
[05-Jun-2025 20:30:01 UTC] PHP Warning:  Undefined array key "HTTP_USER_AGENT" in /wordpress/wp-content/plugins/triggered-messaging-solution-for-e-commerce/core/Helper.php on line 67
[05-Jun-2025 20:30:01 UTC] PHP Fatal error:  Uncaught Error: Call to undefined function create_function() in /wordpress/wp-content/plugins/triggered-messaging-solution-for-e-commerce/index.php:222
Stack trace:
#0 /wordpress/wp-admin/includes/plugin.php(2387): include_once()
#1 /wordpress/wp-admin/includes/plugin.php(673): plugin_sandbox_scrape('triggered-messa...')
#2 /internal/eval.php(20): activate_plugin('triggered-messa...')
#3 {main}
  thrown in /wordpress/wp-content/plugins/triggered-messaging-solution-for-e-commerce/index.php on line 222
[05-Jun-2025 20:30:09 UTC] PHP Warning:  Undefined array key "HTTP_USER_AGENT" in /wordpress/wp-content/plugins/triggered-messaging-solution-for-e-commerce/core/Helper.php on line 67
[05-Jun-2025 20:30:09 UTC] PHP Fatal error:  Uncaught Error: Call to undefined function create_function() in /wordpress/wp-content/plugins/triggered-messaging-solution-for-e-commerce/index.php:222
Stack trace:
#0 /wordpress/wp-admin/includes/plugin.php(2387): include_once()
#1 /wordpress/wp-admin/includes/plugin.php(673): plugin_sandbox_scrape('triggered-messa...')
#2 /internal/eval.php(20): activate_plugin('triggered-messa...')
#3 {main}
  thrown in /wordpress/wp-content/plugins/triggered-messaging-solution-for-e-commerce/index.php on line 222
[05-Jun-2025 20:34:07 UTC] PHP Parse error:  syntax error, unexpected ')' in /wordpress/wp-content/plugins/tourmix/inc/TourmixOrdersTableHandler.php on line 248
[05-Jun-2025 20:34:17 UTC] PHP Parse error:  syntax error, unexpected ')' in /wordpress/wp-content/plugins/tourmix/inc/TourmixOrdersTableHandler.php on line 248
[05-Jun-2025 20:34:26 UTC] PHP Parse error:  syntax error, unexpected ')' in /wordpress/wp-content/plugins/tourmix/inc/TourmixOrdersTableHandler.php on line 248

    at Object.onBind (file:///home/runner/work/playground-tester/playground-tester/node_modules/@wp-playground/cli/run-cli-j-geJYS3.js:325:15)
    at process.processTicksAndRejections (node:internal/process/task_queues:105:5)
    at async re (file:///home/runner/work/playground-tester/playground-tester/node_modules/@wp-playground/cli/run-cli-j-geJYS3.js:149:10) {
  [cause]: Error: Error when executing the blueprint step #5 ({"step":"installPlugin","pluginData":{"resource":"wordpress.org/plugins","slug":"ttt-booking"},"options":{"activate":true}}) : Could not download "https://downloads.wordpress.org/plugin/ttt-booking.latest-stable.zip".
  				Check if the URL is correct and the server is reachable.
  				If it is reachable, the server might be blocking the request.
  				Check the browser console and network tabs for more information.
  
  				## Does the console show the error "No 'Access-Control-Allow-Origin' header"?
  
  				This means the server that hosts your file does not allow requests from other sites
  				(cross-origin requests, or CORS).	You need to move the asset to a server that allows
  				cross-origin file downloads. Learn more about CORS at
  				https://developer.mozilla.org/en-US/docs/Web/HTTP/CORS.
  
  				If your file is on GitHub, load it from "raw.githubusercontent.com".
  				Here's how to do that:
  
  				1. Start with the original GitHub URL of the file. For example:
  				https://github.com/username/repository/blob/branch/filename.
  				2. Replace "github.com" with "raw.githubusercontent.com".
  				3. Remove the "/blob/" part of the URL.
  
  				The resulting URL should look like this:
  				https://raw.githubusercontent.com/username/repository/branch/filename
  
  				Error:
  				Error: Could not download "https://downloads.wordpress.org/plugin/ttt-booking.latest-stable.zip"
      at Object.run (file:///home/runner/work/playground-tester/playground-tester/node_modules/@wp-playground/blueprints/index.js:12093:19)
      at process.processTicksAndRejections (node:internal/process/task_queues:105:5)
      at async ys (file:///home/runner/work/playground-tester/playground-tester/node_modules/@wp-playground/blueprints/index.js:12196:3)
      at async Object.onBind (file:///home/runner/work/playground-tester/playground-tester/node_modules/@wp-playground/cli/run-cli-j-geJYS3.js:315:48)
      at async re (file:///home/runner/work/playground-tester/playground-tester/node_modules/@wp-playground/cli/run-cli-j-geJYS3.js:149:10) {
    [cause]: Error: Could not download "https://downloads.wordpress.org/plugin/ttt-booking.latest-stable.zip".
    				Check if the URL is correct and the server is reachable.
    				If it is reachable, the server might be blocking the request.
    				Check the browser console and network tabs for more information.
    
    				## Does the console show the error "No 'Access-Control-Allow-Origin' header"?
    
    				This means the server that hosts your file does not allow requests from other sites
    				(cross-origin requests, or CORS).	You need to move the asset to a server that allows
    				cross-origin file downloads. Learn more about CORS at
    				https://developer.mozilla.org/en-US/docs/Web/HTTP/CORS.
    
    				If your file is on GitHub, load it from "raw.githubusercontent.com".
    				Here's how to do that:
    
    				1. Start with the original GitHub URL of the file. For example:
    				https://github.com/username/repository/blob/branch/filename.
    				2. Replace "github.com" with "raw.githubusercontent.com".
    				3. Remove the "/blob/" part of the URL.
    
    				The resulting URL should look like this:
    				https://raw.githubusercontent.com/username/repository/branch/filename
    
    				Error:
    				Error: Could not download "https://downloads.wordpress.org/plugin/ttt-booking.latest-stable.zip"
        at Ct.resolve (file:///home/runner/work/playground-tester/playground-tester/node_modules/@wp-playground/blueprints/index.js:1129:13)
        at process.processTicksAndRejections (node:internal/process/task_queues:105:5)
        at async _.run (file:///home/runner/work/playground-tester/playground-tester/node_modules/@php-wasm/util/index.js:45:14)
  }
}

Node.js v23.11.0
