file:///home/runner/work/playground-tester/playground-tester/node_modules/@wp-playground/cli/index.js:237
        throw new Error(y, { cause: u });
              ^

Error: [31-May-2025 12:46:33 UTC] PHP Parse error:  syntax error, unexpected token "|", expecting "]" in /wordpress/wp-content/plugins/total-security/total-security.php on line 129
[31-May-2025 12:46:41 UTC] PHP Parse error:  syntax error, unexpected token "|", expecting "]" in /wordpress/wp-content/plugins/total-security/total-security.php on line 129
[31-May-2025 12:46:48 UTC] PHP Parse error:  syntax error, unexpected token "|", expecting "]" in /wordpress/wp-content/plugins/total-security/total-security.php on line 129
[31-May-2025 12:46:57 UTC] PHP Fatal error:  Uncaught Error: Call to undefined function create_function() in /wordpress/wp-content/plugins/total-user-registered/total-user-registered.php:54
Stack trace:
#0 /wordpress/wp-admin/includes/plugin.php(2387): include_once()
#1 /wordpress/wp-admin/includes/plugin.php(673): plugin_sandbox_scrape('total-user-regi...')
#2 /internal/eval.php(20): activate_plugin('total-user-regi...')
#3 {main}
  thrown in /wordpress/wp-content/plugins/total-user-registered/total-user-registered.php on line 54
[31-May-2025 12:47:04 UTC] PHP Fatal error:  Uncaught Error: Call to undefined function create_function() in /wordpress/wp-content/plugins/total-user-registered/total-user-registered.php:54
Stack trace:
#0 /wordpress/wp-admin/includes/plugin.php(2387): include_once()
#1 /wordpress/wp-admin/includes/plugin.php(673): plugin_sandbox_scrape('total-user-regi...')
#2 /internal/eval.php(20): activate_plugin('total-user-regi...')
#3 {main}
  thrown in /wordpress/wp-content/plugins/total-user-registered/total-user-registered.php on line 54
[31-May-2025 12:47:12 UTC] PHP Fatal error:  Uncaught Error: Call to undefined function create_function() in /wordpress/wp-content/plugins/total-user-registered/total-user-registered.php:54
Stack trace:
#0 /wordpress/wp-admin/includes/plugin.php(2387): include_once()
#1 /wordpress/wp-admin/includes/plugin.php(673): plugin_sandbox_scrape('total-user-regi...')
#2 /internal/eval.php(20): activate_plugin('total-user-regi...')
#3 {main}
  thrown in /wordpress/wp-content/plugins/total-user-registered/total-user-registered.php on line 54
[31-May-2025 12:47:46 UTC] PHP Warning:  Undefined variable $plugins in /wordpress/wp-content/plugins/tour-operator-vehicles/classes/class-lsx-to-vehicles.php on line 185
[31-May-2025 12:47:47 UTC] PHP Notice:  Function _load_textdomain_just_in_time was called <strong>incorrectly</strong>. Translation loading for the <code>to-vehicles</code> domain was triggered too early. This is usually an indicator for some code in the plugin or theme running too early. Translations should be loaded at the <code>init</code> action or later. Please see <a href="https://developer.wordpress.org/advanced-administration/debug/debug-wordpress/">Debugging in WordPress</a> for more information. (This message was added in version 6.7.0.) in /wordpress/wp-includes/functions.php on line 6121
[31-May-2025 12:47:54 UTC] PHP Warning:  Undefined variable $plugins in /wordpress/wp-content/plugins/tour-operator-vehicles/classes/class-lsx-to-vehicles.php on line 185
[31-May-2025 12:47:55 UTC] PHP Notice:  Function _load_textdomain_just_in_time was called <strong>incorrectly</strong>. Translation loading for the <code>to-vehicles</code> domain was triggered too early. This is usually an indicator for some code in the plugin or theme running too early. Translations should be loaded at the <code>init</code> action or later. Please see <a href="https://developer.wordpress.org/advanced-administration/debug/debug-wordpress/">Debugging in WordPress</a> for more information. (This message was added in version 6.7.0.) in /wordpress/wp-includes/functions.php on line 6121
[31-May-2025 12:48:02 UTC] PHP Warning:  Undefined variable $plugins in /wordpress/wp-content/plugins/tour-operator-vehicles/classes/class-lsx-to-vehicles.php on line 185
[31-May-2025 12:48:03 UTC] PHP Notice:  Function _load_textdomain_just_in_time was called <strong>incorrectly</strong>. Translation loading for the <code>to-vehicles</code> domain was triggered too early. This is usually an indicator for some code in the plugin or theme running too early. Translations should be loaded at the <code>init</code> action or later. Please see <a href="https://developer.wordpress.org/advanced-administration/debug/debug-wordpress/">Debugging in WordPress</a> for more information. (This message was added in version 6.7.0.) in /wordpress/wp-includes/functions.php on line 6121
[31-May-2025 12:49:05 UTC] PHP Fatal error:  Uncaught Error: Call to undefined function create_function() in /wordpress/wp-content/plugins/tr-cache-and-security/admin/init.php:5
Stack trace:
#0 /wordpress/wp-content/plugins/tr-cache-and-security/plug.php(20): include_once()
#1 /wordpress/wp-admin/includes/plugin.php(2387): include_once('/wordpress/wp-c...')
#2 /wordpress/wp-admin/includes/plugin.php(673): plugin_sandbox_scrape('tr-cache-and-se...')
#3 /internal/eval.php(20): activate_plugin('tr-cache-and-se...')
#4 {main}
  thrown in /wordpress/wp-content/plugins/tr-cache-and-security/admin/init.php on line 5
[31-May-2025 12:49:13 UTC] PHP Fatal error:  Uncaught Error: Call to undefined function create_function() in /wordpress/wp-content/plugins/tr-cache-and-security/admin/init.php:5
Stack trace:
#0 /wordpress/wp-content/plugins/tr-cache-and-security/plug.php(20): include_once()
#1 /wordpress/wp-admin/includes/plugin.php(2387): include_once('/wordpress/wp-c...')
#2 /wordpress/wp-admin/includes/plugin.php(673): plugin_sandbox_scrape('tr-cache-and-se...')
#3 /internal/eval.php(20): activate_plugin('tr-cache-and-se...')
#4 {main}
  thrown in /wordpress/wp-content/plugins/tr-cache-and-security/admin/init.php on line 5
[31-May-2025 12:49:21 UTC] PHP Fatal error:  Uncaught Error: Call to undefined function create_function() in /wordpress/wp-content/plugins/tr-cache-and-security/admin/init.php:5
Stack trace:
#0 /wordpress/wp-content/plugins/tr-cache-and-security/plug.php(20): include_once()
#1 /wordpress/wp-admin/includes/plugin.php(2387): include_once('/wordpress/wp-c...')
#2 /wordpress/wp-admin/includes/plugin.php(673): plugin_sandbox_scrape('tr-cache-and-se...')
#3 /internal/eval.php(20): activate_plugin('tr-cache-and-se...')
#4 {main}
  thrown in /wordpress/wp-content/plugins/tr-cache-and-security/admin/init.php on line 5
[31-May-2025 12:49:48 UTC] PHP Warning:  Undefined array key "page" in /wordpress/wp-content/plugins/tweetpost/tweetpost.php on line 106
[31-May-2025 12:49:48 UTC] PHP Warning:  Undefined array key "page" in /wordpress/wp-content/plugins/tweetpost/tweetpost.php on line 109
[31-May-2025 12:49:48 UTC] PHP Warning:  Trying to access array offset on value of type bool in /wordpress/wp-content/plugins/tweetpost/tweetpost.php on line 36
[31-May-2025 12:49:48 UTC] PHP Warning:  Undefined array key "shortener" in /wordpress/wp-content/plugins/tweetpost/tweetpost.php on line 48
[31-May-2025 12:49:48 UTC] PHP Warning:  Undefined array key "introtext" in /wordpress/wp-content/plugins/tweetpost/tweetpost.php on line 49
[31-May-2025 12:49:57 UTC] PHP Warning:  Undefined array key "page" in /wordpress/wp-content/plugins/tweetpost/tweetpost.php on line 106
[31-May-2025 12:49:57 UTC] PHP Warning:  Undefined array key "page" in /wordpress/wp-content/plugins/tweetpost/tweetpost.php on line 109
[31-May-2025 12:49:57 UTC] PHP Warning:  Trying to access array offset on value of type bool in /wordpress/wp-content/plugins/tweetpost/tweetpost.php on line 36
[31-May-2025 12:49:57 UTC] PHP Warning:  Undefined array key "shortener" in /wordpress/wp-content/plugins/tweetpost/tweetpost.php on line 48
[31-May-2025 12:49:57 UTC] PHP Warning:  Undefined array key "introtext" in /wordpress/wp-content/plugins/tweetpost/tweetpost.php on line 49
[31-May-2025 12:50:05 UTC] PHP Warning:  Undefined array key "page" in /wordpress/wp-content/plugins/tweetpost/tweetpost.php on line 106
[31-May-2025 12:50:05 UTC] PHP Warning:  Undefined array key "page" in /wordpress/wp-content/plugins/tweetpost/tweetpost.php on line 109
[31-May-2025 12:50:05 UTC] PHP Warning:  Trying to access array offset on value of type bool in /wordpress/wp-content/plugins/tweetpost/tweetpost.php on line 36
[31-May-2025 12:50:06 UTC] PHP Warning:  Undefined array key "shortener" in /wordpress/wp-content/plugins/tweetpost/tweetpost.php on line 48
[31-May-2025 12:50:06 UTC] PHP Warning:  Undefined array key "introtext" in /wordpress/wp-content/plugins/tweetpost/tweetpost.php on line 49
[31-May-2025 12:50:43 UTC] OpenSSL SSL_connect: SSL_ERROR_SYSCALL in connection to app.thevoicedesigner.com:443 
[31-May-2025 12:50:43 UTC] PHP Fatal error:  Uncaught Httpful\Exception\ConnectionErrorException: Unable to connect to "https://app.thevoicedesigner.com/api/apps": 35 OpenSSL SSL_connect: SSL_ERROR_SYSCALL in connection to app.thevoicedesigner.com:443  in /wordpress/wp-content/plugins/the-voice-designer-by-data-driven-design/vendor/nategood/httpful/src/Httpful/Request.php:1028
Stack trace:
#0 /wordpress/wp-content/plugins/the-voice-designer-by-data-driven-design/vendor/nategood/httpful/src/Httpful/Request.php(204): Httpful\Request->buildResponse(false)
#1 /wordpress/wp-content/plugins/the-voice-designer-by-data-driven-design/src/BackendApi.php(53): Httpful\Request->send()
#2 /wordpress/wp-content/plugins/the-voice-designer-by-data-driven-design/src/BackendApi.php(32): DataDrivenDesign\VoiceDesigner\BackendApi->makeRequest(Object(Httpful\Request))
#3 /wordpress/wp-content/plugins/the-voice-designer-by-data-driven-design/src/Plugin.php(16): DataDrivenDesign\VoiceDesigner\BackendApi->createApp()
#4 /wordpress/wp-includes/class-wp-hook.php(324): DataDrivenD in /wordpress/wp-content/plugins/the-voice-designer-by-data-driven-design/vendor/nategood/httpful/src/Httpful/Request.php on line 1028
[31-May-2025 12:50:52 UTC] OpenSSL SSL_connect: SSL_ERROR_SYSCALL in connection to app.thevoicedesigner.com:443 
[31-May-2025 12:50:52 UTC] PHP Fatal error:  Uncaught Httpful\Exception\ConnectionErrorException: Unable to connect to "https://app.thevoicedesigner.com/api/apps": 35 OpenSSL SSL_connect: SSL_ERROR_SYSCALL in connection to app.thevoicedesigner.com:443  in /wordpress/wp-content/plugins/the-voice-designer-by-data-driven-design/vendor/nategood/httpful/src/Httpful/Request.php:1028
Stack trace:
#0 /wordpress/wp-content/plugins/the-voice-designer-by-data-driven-design/vendor/nategood/httpful/src/Httpful/Request.php(204): Httpful\Request->buildResponse(false)
#1 /wordpress/wp-content/plugins/the-voice-designer-by-data-driven-design/src/BackendApi.php(53): Httpful\Request->send()
#2 /wordpress/wp-content/plugins/the-voice-designer-by-data-driven-design/src/BackendApi.php(32): DataDrivenDesign\VoiceDesigner\BackendApi->makeRequest(Object(Httpful\Request))
#3 /wordpress/wp-content/plugins/the-voice-designer-by-data-driven-design/src/Plugin.php(16): DataDrivenDesign\VoiceDesigner\BackendApi->createApp()
#4 /wordpress/wp-includes/class-wp-hook.php(324): DataDrivenD in /wordpress/wp-content/plugins/the-voice-designer-by-data-driven-design/vendor/nategood/httpful/src/Httpful/Request.php on line 1028
[31-May-2025 12:51:00 UTC] OpenSSL SSL_connect: SSL_ERROR_SYSCALL in connection to app.thevoicedesigner.com:443 
[31-May-2025 12:51:00 UTC] PHP Fatal error:  Uncaught Httpful\Exception\ConnectionErrorException: Unable to connect to "https://app.thevoicedesigner.com/api/apps": 35 OpenSSL SSL_connect: SSL_ERROR_SYSCALL in connection to app.thevoicedesigner.com:443  in /wordpress/wp-content/plugins/the-voice-designer-by-data-driven-design/vendor/nategood/httpful/src/Httpful/Request.php:1028
Stack trace:
#0 /wordpress/wp-content/plugins/the-voice-designer-by-data-driven-design/vendor/nategood/httpful/src/Httpful/Request.php(204): Httpful\Request->buildResponse(false)
#1 /wordpress/wp-content/plugins/the-voice-designer-by-data-driven-design/src/BackendApi.php(53): Httpful\Request->send()
#2 /wordpress/wp-content/plugins/the-voice-designer-by-data-driven-design/src/BackendApi.php(32): DataDrivenDesign\VoiceDesigner\BackendApi->makeRequest(Object(Httpful\Request))
#3 /wordpress/wp-content/plugins/the-voice-designer-by-data-driven-design/src/Plugin.php(16): DataDrivenDesign\VoiceDesigner\BackendApi->createApp()
#4 /wordpress/wp-includes/class-wp-hook.php(324): DataDrivenD in /wordpress/wp-content/plugins/the-voice-designer-by-data-driven-design/vendor/nategood/httpful/src/Httpful/Request.php on line 1028

    at Object.onBind (file:///home/runner/work/playground-tester/playground-tester/node_modules/@wp-playground/cli/index.js:237:15)
    at process.processTicksAndRejections (node:internal/process/task_queues:105:5)
    at async V (file:///home/runner/work/playground-tester/playground-tester/node_modules/@wp-playground/cli/index.js:64:10)
    at async ja (file:///home/runner/work/playground-tester/playground-tester/node_modules/@wp-playground/cli/cli.js:8161:12) {
  [cause]: Error: Error when executing the blueprint step #1 ({"step":"installPlugin","pluginData":{"resource":"wordpress.org/plugins","slug":"thecartpress-nazwy-panstw-w-jezyku-polskim"},"options":{"activate":true}}) : Could not download "https://downloads.wordpress.org/plugin/thecartpress-nazwy-panstw-w-jezyku-polskim.latest-stable.zip".
  				Check if the URL is correct and the server is reachable.
  				If it is reachable, the server might be blocking the request.
  				Check the browser console and network tabs for more information.
  
  				## Does the console show the error "No 'Access-Control-Allow-Origin' header"?
  
  				This means the server that hosts your file does not allow requests from other sites
  				(cross-origin requests, or CORS).	You need to move the asset to a server that allows
  				cross-origin file downloads. Learn more about CORS at
  				https://developer.mozilla.org/en-US/docs/Web/HTTP/CORS.
  
  				If your file is on GitHub, load it from "raw.githubusercontent.com".
  				Here's how to do that:
  
  				1. Start with the original GitHub URL of the file. For example:
  				https://github.com/username/repository/blob/branch/filename.
  				2. Replace "github.com" with "raw.githubusercontent.com".
  				3. Remove the "/blob/" part of the URL.
  
  				The resulting URL should look like this:
  				https://raw.githubusercontent.com/username/repository/branch/filename
  
  				Error:
  				Error: Could not download "https://downloads.wordpress.org/plugin/thecartpress-nazwy-panstw-w-jezyku-polskim.latest-stable.zip"
      at Object.run (file:///home/runner/work/playground-tester/playground-tester/node_modules/@wp-playground/blueprints/index.js:12449:19)
      at process.processTicksAndRejections (node:internal/process/task_queues:105:5)
      at async ms (file:///home/runner/work/playground-tester/playground-tester/node_modules/@wp-playground/blueprints/index.js:12552:3)
      at async Object.onBind (file:///home/runner/work/playground-tester/playground-tester/node_modules/@wp-playground/cli/index.js:227:48)
      at async V (file:///home/runner/work/playground-tester/playground-tester/node_modules/@wp-playground/cli/index.js:64:10)
      at async ja (file:///home/runner/work/playground-tester/playground-tester/node_modules/@wp-playground/cli/cli.js:8161:12) {
    [cause]: Error: Could not download "https://downloads.wordpress.org/plugin/thecartpress-nazwy-panstw-w-jezyku-polskim.latest-stable.zip".
    				Check if the URL is correct and the server is reachable.
    				If it is reachable, the server might be blocking the request.
    				Check the browser console and network tabs for more information.
    
    				## Does the console show the error "No 'Access-Control-Allow-Origin' header"?
    
    				This means the server that hosts your file does not allow requests from other sites
    				(cross-origin requests, or CORS).	You need to move the asset to a server that allows
    				cross-origin file downloads. Learn more about CORS at
    				https://developer.mozilla.org/en-US/docs/Web/HTTP/CORS.
    
    				If your file is on GitHub, load it from "raw.githubusercontent.com".
    				Here's how to do that:
    
    				1. Start with the original GitHub URL of the file. For example:
    				https://github.com/username/repository/blob/branch/filename.
    				2. Replace "github.com" with "raw.githubusercontent.com".
    				3. Remove the "/blob/" part of the URL.
    
    				The resulting URL should look like this:
    				https://raw.githubusercontent.com/username/repository/branch/filename
    
    				Error:
    				Error: Could not download "https://downloads.wordpress.org/plugin/thecartpress-nazwy-panstw-w-jezyku-polskim.latest-stable.zip"
        at Ct.resolve (file:///home/runner/work/playground-tester/playground-tester/node_modules/@wp-playground/blueprints/index.js:1472:13)
        at process.processTicksAndRejections (node:internal/process/task_queues:105:5)
        at async _.run (file:///home/runner/work/playground-tester/playground-tester/node_modules/@php-wasm/util/index.js:45:14)
  }
}

Node.js v23.11.0
