[
  {
    "message": "file:///home/runner/work/playground-tester/playground-tester/node_modules/@wp-playground/cli/run-cli-j-geJYS3.js:325\n        throw new Error($, { cause: h });\n              ^\n",
    "level": "FATAL",
    "type": "PLAYGROUND",
    "test": "ast-sqlite-boot",
    "plugin": "woo-merchant-warehouse",
    "details": "file:///home/runner/work/playground-tester/playground-tester/node_modules/@wp-playground/cli/run-cli-j-geJYS3.js:325\n        throw new Error($, { cause: h });\n              ^\n",
    "log": "/tmp/tmp.WcMIkuCDpB"
  },
  {
    "message": "The use statement with non-compound name 'Exception' has no effect in /wordpress/wp-content/plugins/wl-wc-newsletter/db/upgrade_to_1_1.php on line 5",
    "level": "WARNING",
    "type": "PHP",
    "test": "ast-sqlite-boot",
    "plugin": "woo-merchant-warehouse",
    "details": "[26-Jun-2025 06:42:12 UTC] PHP Warning:  The use statement with non-compound name 'Exception' has no effect in /wordpress/wp-content/plugins/wl-wc-newsletter/db/upgrade_to_1_1.php on line 5",
    "log": "/logs/plugins/w/woo-merchant-warehouse/error.json"
  },
  {
    "message": "The use statement with non-compound name 'PDOException' has no effect in /wordpress/wp-content/plugins/wl-wc-newsletter/db/upgrade_to_1_1.php on line 6",
    "level": "WARNING",
    "type": "PHP",
    "test": "ast-sqlite-boot",
    "plugin": "woo-merchant-warehouse",
    "details": "[26-Jun-2025 06:42:12 UTC] PHP Warning:  The use statement with non-compound name 'PDOException' has no effect in /wordpress/wp-content/plugins/wl-wc-newsletter/db/upgrade_to_1_1.php on line 6",
    "log": "/logs/plugins/w/woo-merchant-warehouse/error.json"
  },
  {
    "message": "The use statement with non-compound name 'PDO' has no effect in /wordpress/wp-content/plugins/wl-wc-newsletter/db/upgrade_to_1_1.php on line 7",
    "level": "WARNING",
    "type": "PHP",
    "test": "ast-sqlite-boot",
    "plugin": "woo-merchant-warehouse",
    "details": "[26-Jun-2025 06:42:12 UTC] PHP Warning:  The use statement with non-compound name 'PDO' has no effect in /wordpress/wp-content/plugins/wl-wc-newsletter/db/upgrade_to_1_1.php on line 7",
    "log": "/logs/plugins/w/woo-merchant-warehouse/error.json"
  },
  {
    "message": "Uncaught PDOException: SQLSTATE[HY000] [2002] Address family not supported by protocol in /wordpress/wp-content/plugins/wl-wc-newsletter/db/upgrade_to_1_1.php:20",
    "level": "FATAL",
    "type": "PHP",
    "test": "ast-sqlite-boot",
    "plugin": "woo-merchant-warehouse",
    "details": "[26-Jun-2025 06:42:12 UTC] PHP Fatal error:  Uncaught PDOException: SQLSTATE[HY000] [2002] Address family not supported by protocol in /wordpress/wp-content/plugins/wl-wc-newsletter/db/upgrade_to_1_1.php:20\nStack trace:\n#0 /wordpress/wp-content/plugins/wl-wc-newsletter/db/upgrade_to_1_1.php(20): PDO->__construct('mysql:host=loca...', 'username_here', 'password_here')\n#1 /wordpress/wp-content/plugins/wl-wc-newsletter/db/migrate.php(159): require_once('/wordpress/wp-c...')\n#2 /wordpress/wp-content/plugins/wl-wc-newsletter/admin_functions.php(390): require_once('/wordpress/wp-c...')\n#3 /wordpress/wp-includes/class-wp-hook.php(324): wlwcn_activated(false)\n#4 /wordpress/wp-includes/class-wp-hook.php(348): WP_Hook->apply_filters('', Array)\n#5 /wordpress/wp-includes/plugin.php(517): WP_Hook->do_action(Array)\n#6 /wordpress/wp-admin/includes/plugin.php(703): do_action('activate_wl-wc-...', false)\n#7 /internal/eval.php(20): activate_plugin('wl-wc-newslette...')\n#8 {main}\n  thrown in /wordpress/wp-content/plugins/wl-wc-newsletter/db/upgrade_to_1_1.php on line 20",
    "log": "/logs/plugins/w/woo-merchant-warehouse/error.json"
  },
  {
    "message": "The use statement with non-compound name 'Exception' has no effect in /wordpress/wp-content/plugins/wl-wc-newsletter/db/upgrade_to_1_1.php on line 5",
    "level": "WARNING",
    "type": "PHP",
    "test": "ast-sqlite-boot",
    "plugin": "woo-merchant-warehouse",
    "details": "[26-Jun-2025 06:42:23 UTC] PHP Warning:  The use statement with non-compound name 'Exception' has no effect in /wordpress/wp-content/plugins/wl-wc-newsletter/db/upgrade_to_1_1.php on line 5",
    "log": "/logs/plugins/w/woo-merchant-warehouse/error.json"
  },
  {
    "message": "The use statement with non-compound name 'PDOException' has no effect in /wordpress/wp-content/plugins/wl-wc-newsletter/db/upgrade_to_1_1.php on line 6",
    "level": "WARNING",
    "type": "PHP",
    "test": "ast-sqlite-boot",
    "plugin": "woo-merchant-warehouse",
    "details": "[26-Jun-2025 06:42:23 UTC] PHP Warning:  The use statement with non-compound name 'PDOException' has no effect in /wordpress/wp-content/plugins/wl-wc-newsletter/db/upgrade_to_1_1.php on line 6",
    "log": "/logs/plugins/w/woo-merchant-warehouse/error.json"
  },
  {
    "message": "The use statement with non-compound name 'PDO' has no effect in /wordpress/wp-content/plugins/wl-wc-newsletter/db/upgrade_to_1_1.php on line 7",
    "level": "WARNING",
    "type": "PHP",
    "test": "ast-sqlite-boot",
    "plugin": "woo-merchant-warehouse",
    "details": "[26-Jun-2025 06:42:23 UTC] PHP Warning:  The use statement with non-compound name 'PDO' has no effect in /wordpress/wp-content/plugins/wl-wc-newsletter/db/upgrade_to_1_1.php on line 7",
    "log": "/logs/plugins/w/woo-merchant-warehouse/error.json"
  },
  {
    "message": "Uncaught PDOException: SQLSTATE[HY000] [2002] Address family not supported by protocol in /wordpress/wp-content/plugins/wl-wc-newsletter/db/upgrade_to_1_1.php:20",
    "level": "FATAL",
    "type": "PHP",
    "test": "ast-sqlite-boot",
    "plugin": "woo-merchant-warehouse",
    "details": "[26-Jun-2025 06:42:23 UTC] PHP Fatal error:  Uncaught PDOException: SQLSTATE[HY000] [2002] Address family not supported by protocol in /wordpress/wp-content/plugins/wl-wc-newsletter/db/upgrade_to_1_1.php:20\nStack trace:\n#0 /wordpress/wp-content/plugins/wl-wc-newsletter/db/upgrade_to_1_1.php(20): PDO->__construct('mysql:host=loca...', 'username_here', 'password_here')\n#1 /wordpress/wp-content/plugins/wl-wc-newsletter/db/migrate.php(159): require_once('/wordpress/wp-c...')\n#2 /wordpress/wp-content/plugins/wl-wc-newsletter/admin_functions.php(390): require_once('/wordpress/wp-c...')\n#3 /wordpress/wp-includes/class-wp-hook.php(324): wlwcn_activated(false)\n#4 /wordpress/wp-includes/class-wp-hook.php(348): WP_Hook->apply_filters('', Array)\n#5 /wordpress/wp-includes/plugin.php(517): WP_Hook->do_action(Array)\n#6 /wordpress/wp-admin/includes/plugin.php(703): do_action('activate_wl-wc-...', false)\n#7 /internal/eval.php(20): activate_plugin('wl-wc-newslette...')\n#8 {main}\n  thrown in /wordpress/wp-content/plugins/wl-wc-newsletter/db/upgrade_to_1_1.php on line 20",
    "log": "/logs/plugins/w/woo-merchant-warehouse/error.json"
  },
  {
    "message": "The use statement with non-compound name 'Exception' has no effect in /wordpress/wp-content/plugins/wl-wc-newsletter/db/upgrade_to_1_1.php on line 5",
    "level": "WARNING",
    "type": "PHP",
    "test": "ast-sqlite-boot",
    "plugin": "woo-merchant-warehouse",
    "details": "[26-Jun-2025 06:42:36 UTC] PHP Warning:  The use statement with non-compound name 'Exception' has no effect in /wordpress/wp-content/plugins/wl-wc-newsletter/db/upgrade_to_1_1.php on line 5",
    "log": "/logs/plugins/w/woo-merchant-warehouse/error.json"
  },
  {
    "message": "The use statement with non-compound name 'PDOException' has no effect in /wordpress/wp-content/plugins/wl-wc-newsletter/db/upgrade_to_1_1.php on line 6",
    "level": "WARNING",
    "type": "PHP",
    "test": "ast-sqlite-boot",
    "plugin": "woo-merchant-warehouse",
    "details": "[26-Jun-2025 06:42:36 UTC] PHP Warning:  The use statement with non-compound name 'PDOException' has no effect in /wordpress/wp-content/plugins/wl-wc-newsletter/db/upgrade_to_1_1.php on line 6",
    "log": "/logs/plugins/w/woo-merchant-warehouse/error.json"
  },
  {
    "message": "The use statement with non-compound name 'PDO' has no effect in /wordpress/wp-content/plugins/wl-wc-newsletter/db/upgrade_to_1_1.php on line 7",
    "level": "WARNING",
    "type": "PHP",
    "test": "ast-sqlite-boot",
    "plugin": "woo-merchant-warehouse",
    "details": "[26-Jun-2025 06:42:36 UTC] PHP Warning:  The use statement with non-compound name 'PDO' has no effect in /wordpress/wp-content/plugins/wl-wc-newsletter/db/upgrade_to_1_1.php on line 7",
    "log": "/logs/plugins/w/woo-merchant-warehouse/error.json"
  },
  {
    "message": "Uncaught PDOException: SQLSTATE[HY000] [2002] Address family not supported by protocol in /wordpress/wp-content/plugins/wl-wc-newsletter/db/upgrade_to_1_1.php:20",
    "level": "FATAL",
    "type": "PHP",
    "test": "ast-sqlite-boot",
    "plugin": "woo-merchant-warehouse",
    "details": "[26-Jun-2025 06:42:36 UTC] PHP Fatal error:  Uncaught PDOException: SQLSTATE[HY000] [2002] Address family not supported by protocol in /wordpress/wp-content/plugins/wl-wc-newsletter/db/upgrade_to_1_1.php:20\nStack trace:\n#0 /wordpress/wp-content/plugins/wl-wc-newsletter/db/upgrade_to_1_1.php(20): PDO->__construct('mysql:host=loca...', 'username_here', 'password_here')\n#1 /wordpress/wp-content/plugins/wl-wc-newsletter/db/migrate.php(159): require_once('/wordpress/wp-c...')\n#2 /wordpress/wp-content/plugins/wl-wc-newsletter/admin_functions.php(390): require_once('/wordpress/wp-c...')\n#3 /wordpress/wp-includes/class-wp-hook.php(324): wlwcn_activated(false)\n#4 /wordpress/wp-includes/class-wp-hook.php(348): WP_Hook->apply_filters('', Array)\n#5 /wordpress/wp-includes/plugin.php(517): WP_Hook->do_action(Array)\n#6 /wordpress/wp-admin/includes/plugin.php(703): do_action('activate_wl-wc-...', false)\n#7 /internal/eval.php(20): activate_plugin('wl-wc-newslette...')\n#8 {main}\n  thrown in /wordpress/wp-content/plugins/wl-wc-newsletter/db/upgrade_to_1_1.php on line 20",
    "log": "/logs/plugins/w/woo-merchant-warehouse/error.json"
  },
  {
    "message": "Function _load_textdomain_just_in_time was called <strong>incorrectly</strong>. Translation loading for the <code>woocommerce</code> domain was triggered too early. This is usually an indicator for some code in the plugin or theme running too early. Translations should be loaded at the <code>init</code> action or later. Please see <a href=\"https://developer.wordpress.org/advanced-administration/debug/debug-wordpress/\">Debugging in WordPress</a> for more information. (This message was added in version 6.7.0.) in /wordpress/wp-includes/functions.php on line 6121",
    "level": "NOTICE",
    "type": "PHP",
    "test": "ast-sqlite-boot",
    "plugin": "woo-merchant-warehouse",
    "details": "[26-Jun-2025 06:44:02 UTC] PHP Notice:  Function _load_textdomain_just_in_time was called <strong>incorrectly</strong>. Translation loading for the <code>woocommerce</code> domain was triggered too early. This is usually an indicator for some code in the plugin or theme running too early. Translations should be loaded at the <code>init</code> action or later. Please see <a href=\"https://developer.wordpress.org/advanced-administration/debug/debug-wordpress/\">Debugging in WordPress</a> for more information. (This message was added in version 6.7.0.) in /wordpress/wp-includes/functions.php on line 6121",
    "log": "/logs/plugins/w/woo-merchant-warehouse/error.json"
  },
  {
    "message": "Function _load_textdomain_just_in_time was called <strong>incorrectly</strong>. Translation loading for the <code>woocommerce</code> domain was triggered too early. This is usually an indicator for some code in the plugin or theme running too early. Translations should be loaded at the <code>init</code> action or later. Please see <a href=\"https://developer.wordpress.org/advanced-administration/debug/debug-wordpress/\">Debugging in WordPress</a> for more information. (This message was added in version 6.7.0.) in /wordpress/wp-includes/functions.php on line 6121",
    "level": "NOTICE",
    "type": "PHP",
    "test": "ast-sqlite-boot",
    "plugin": "woo-merchant-warehouse",
    "details": "[26-Jun-2025 06:44:43 UTC] PHP Notice:  Function _load_textdomain_just_in_time was called <strong>incorrectly</strong>. Translation loading for the <code>woocommerce</code> domain was triggered too early. This is usually an indicator for some code in the plugin or theme running too early. Translations should be loaded at the <code>init</code> action or later. Please see <a href=\"https://developer.wordpress.org/advanced-administration/debug/debug-wordpress/\">Debugging in WordPress</a> for more information. (This message was added in version 6.7.0.) in /wordpress/wp-includes/functions.php on line 6121",
    "log": "/logs/plugins/w/woo-merchant-warehouse/error.json"
  },
  {
    "message": "Function _load_textdomain_just_in_time was called <strong>incorrectly</strong>. Translation loading for the <code>woocommerce</code> domain was triggered too early. This is usually an indicator for some code in the plugin or theme running too early. Translations should be loaded at the <code>init</code> action or later. Please see <a href=\"https://developer.wordpress.org/advanced-administration/debug/debug-wordpress/\">Debugging in WordPress</a> for more information. (This message was added in version 6.7.0.) in /wordpress/wp-includes/functions.php on line 6121",
    "level": "NOTICE",
    "type": "PHP",
    "test": "ast-sqlite-boot",
    "plugin": "woo-merchant-warehouse",
    "details": "[26-Jun-2025 06:45:24 UTC] PHP Notice:  Function _load_textdomain_just_in_time was called <strong>incorrectly</strong>. Translation loading for the <code>woocommerce</code> domain was triggered too early. This is usually an indicator for some code in the plugin or theme running too early. Translations should be loaded at the <code>init</code> action or later. Please see <a href=\"https://developer.wordpress.org/advanced-administration/debug/debug-wordpress/\">Debugging in WordPress</a> for more information. (This message was added in version 6.7.0.) in /wordpress/wp-includes/functions.php on line 6121",
    "log": "/logs/plugins/w/woo-merchant-warehouse/error.json"
  },
  {
    "message": "file:///home/runner/work/playground-tester/playground-tester/node_modules/@wp-playground/cli/run-cli-j-geJYS3.js:325\n        throw new Error($, { cause: h });\n              ^\n",
    "level": "FATAL",
    "type": "PLAYGROUND",
    "test": "asyncify-boot",
    "plugin": "woo-merchant-warehouse",
    "details": "file:///home/runner/work/playground-tester/playground-tester/node_modules/@wp-playground/cli/run-cli-j-geJYS3.js:325\n        throw new Error($, { cause: h });\n              ^\n",
    "log": "/tmp/tmp.NzG4hodaiu"
  },
  {
    "message": "The use statement with non-compound name 'Exception' has no effect in /wordpress/wp-content/plugins/wl-wc-newsletter/db/upgrade_to_1_1.php on line 5",
    "level": "WARNING",
    "type": "PHP",
    "test": "asyncify-boot",
    "plugin": "woo-merchant-warehouse",
    "details": "[26-Jun-2025 06:42:12 UTC] PHP Warning:  The use statement with non-compound name 'Exception' has no effect in /wordpress/wp-content/plugins/wl-wc-newsletter/db/upgrade_to_1_1.php on line 5",
    "log": "/logs/plugins/w/woo-merchant-warehouse/error.json"
  },
  {
    "message": "The use statement with non-compound name 'PDOException' has no effect in /wordpress/wp-content/plugins/wl-wc-newsletter/db/upgrade_to_1_1.php on line 6",
    "level": "WARNING",
    "type": "PHP",
    "test": "asyncify-boot",
    "plugin": "woo-merchant-warehouse",
    "details": "[26-Jun-2025 06:42:12 UTC] PHP Warning:  The use statement with non-compound name 'PDOException' has no effect in /wordpress/wp-content/plugins/wl-wc-newsletter/db/upgrade_to_1_1.php on line 6",
    "log": "/logs/plugins/w/woo-merchant-warehouse/error.json"
  },
  {
    "message": "The use statement with non-compound name 'PDO' has no effect in /wordpress/wp-content/plugins/wl-wc-newsletter/db/upgrade_to_1_1.php on line 7",
    "level": "WARNING",
    "type": "PHP",
    "test": "asyncify-boot",
    "plugin": "woo-merchant-warehouse",
    "details": "[26-Jun-2025 06:42:12 UTC] PHP Warning:  The use statement with non-compound name 'PDO' has no effect in /wordpress/wp-content/plugins/wl-wc-newsletter/db/upgrade_to_1_1.php on line 7",
    "log": "/logs/plugins/w/woo-merchant-warehouse/error.json"
  },
  {
    "message": "Uncaught PDOException: SQLSTATE[HY000] [2002] Address family not supported by protocol in /wordpress/wp-content/plugins/wl-wc-newsletter/db/upgrade_to_1_1.php:20",
    "level": "FATAL",
    "type": "PHP",
    "test": "asyncify-boot",
    "plugin": "woo-merchant-warehouse",
    "details": "[26-Jun-2025 06:42:12 UTC] PHP Fatal error:  Uncaught PDOException: SQLSTATE[HY000] [2002] Address family not supported by protocol in /wordpress/wp-content/plugins/wl-wc-newsletter/db/upgrade_to_1_1.php:20\nStack trace:\n#0 /wordpress/wp-content/plugins/wl-wc-newsletter/db/upgrade_to_1_1.php(20): PDO->__construct('mysql:host=loca...', 'username_here', 'password_here')\n#1 /wordpress/wp-content/plugins/wl-wc-newsletter/db/migrate.php(159): require_once('/wordpress/wp-c...')\n#2 /wordpress/wp-content/plugins/wl-wc-newsletter/admin_functions.php(390): require_once('/wordpress/wp-c...')\n#3 /wordpress/wp-includes/class-wp-hook.php(324): wlwcn_activated(false)\n#4 /wordpress/wp-includes/class-wp-hook.php(348): WP_Hook->apply_filters('', Array)\n#5 /wordpress/wp-includes/plugin.php(517): WP_Hook->do_action(Array)\n#6 /wordpress/wp-admin/includes/plugin.php(703): do_action('activate_wl-wc-...', false)\n#7 /internal/eval.php(20): activate_plugin('wl-wc-newslette...')\n#8 {main}\n  thrown in /wordpress/wp-content/plugins/wl-wc-newsletter/db/upgrade_to_1_1.php on line 20",
    "log": "/logs/plugins/w/woo-merchant-warehouse/error.json"
  },
  {
    "message": "The use statement with non-compound name 'Exception' has no effect in /wordpress/wp-content/plugins/wl-wc-newsletter/db/upgrade_to_1_1.php on line 5",
    "level": "WARNING",
    "type": "PHP",
    "test": "asyncify-boot",
    "plugin": "woo-merchant-warehouse",
    "details": "[26-Jun-2025 06:42:23 UTC] PHP Warning:  The use statement with non-compound name 'Exception' has no effect in /wordpress/wp-content/plugins/wl-wc-newsletter/db/upgrade_to_1_1.php on line 5",
    "log": "/logs/plugins/w/woo-merchant-warehouse/error.json"
  },
  {
    "message": "The use statement with non-compound name 'PDOException' has no effect in /wordpress/wp-content/plugins/wl-wc-newsletter/db/upgrade_to_1_1.php on line 6",
    "level": "WARNING",
    "type": "PHP",
    "test": "asyncify-boot",
    "plugin": "woo-merchant-warehouse",
    "details": "[26-Jun-2025 06:42:23 UTC] PHP Warning:  The use statement with non-compound name 'PDOException' has no effect in /wordpress/wp-content/plugins/wl-wc-newsletter/db/upgrade_to_1_1.php on line 6",
    "log": "/logs/plugins/w/woo-merchant-warehouse/error.json"
  },
  {
    "message": "The use statement with non-compound name 'PDO' has no effect in /wordpress/wp-content/plugins/wl-wc-newsletter/db/upgrade_to_1_1.php on line 7",
    "level": "WARNING",
    "type": "PHP",
    "test": "asyncify-boot",
    "plugin": "woo-merchant-warehouse",
    "details": "[26-Jun-2025 06:42:23 UTC] PHP Warning:  The use statement with non-compound name 'PDO' has no effect in /wordpress/wp-content/plugins/wl-wc-newsletter/db/upgrade_to_1_1.php on line 7",
    "log": "/logs/plugins/w/woo-merchant-warehouse/error.json"
  },
  {
    "message": "Uncaught PDOException: SQLSTATE[HY000] [2002] Address family not supported by protocol in /wordpress/wp-content/plugins/wl-wc-newsletter/db/upgrade_to_1_1.php:20",
    "level": "FATAL",
    "type": "PHP",
    "test": "asyncify-boot",
    "plugin": "woo-merchant-warehouse",
    "details": "[26-Jun-2025 06:42:23 UTC] PHP Fatal error:  Uncaught PDOException: SQLSTATE[HY000] [2002] Address family not supported by protocol in /wordpress/wp-content/plugins/wl-wc-newsletter/db/upgrade_to_1_1.php:20\nStack trace:\n#0 /wordpress/wp-content/plugins/wl-wc-newsletter/db/upgrade_to_1_1.php(20): PDO->__construct('mysql:host=loca...', 'username_here', 'password_here')\n#1 /wordpress/wp-content/plugins/wl-wc-newsletter/db/migrate.php(159): require_once('/wordpress/wp-c...')\n#2 /wordpress/wp-content/plugins/wl-wc-newsletter/admin_functions.php(390): require_once('/wordpress/wp-c...')\n#3 /wordpress/wp-includes/class-wp-hook.php(324): wlwcn_activated(false)\n#4 /wordpress/wp-includes/class-wp-hook.php(348): WP_Hook->apply_filters('', Array)\n#5 /wordpress/wp-includes/plugin.php(517): WP_Hook->do_action(Array)\n#6 /wordpress/wp-admin/includes/plugin.php(703): do_action('activate_wl-wc-...', false)\n#7 /internal/eval.php(20): activate_plugin('wl-wc-newslette...')\n#8 {main}\n  thrown in /wordpress/wp-content/plugins/wl-wc-newsletter/db/upgrade_to_1_1.php on line 20",
    "log": "/logs/plugins/w/woo-merchant-warehouse/error.json"
  },
  {
    "message": "The use statement with non-compound name 'Exception' has no effect in /wordpress/wp-content/plugins/wl-wc-newsletter/db/upgrade_to_1_1.php on line 5",
    "level": "WARNING",
    "type": "PHP",
    "test": "asyncify-boot",
    "plugin": "woo-merchant-warehouse",
    "details": "[26-Jun-2025 06:42:36 UTC] PHP Warning:  The use statement with non-compound name 'Exception' has no effect in /wordpress/wp-content/plugins/wl-wc-newsletter/db/upgrade_to_1_1.php on line 5",
    "log": "/logs/plugins/w/woo-merchant-warehouse/error.json"
  },
  {
    "message": "The use statement with non-compound name 'PDOException' has no effect in /wordpress/wp-content/plugins/wl-wc-newsletter/db/upgrade_to_1_1.php on line 6",
    "level": "WARNING",
    "type": "PHP",
    "test": "asyncify-boot",
    "plugin": "woo-merchant-warehouse",
    "details": "[26-Jun-2025 06:42:36 UTC] PHP Warning:  The use statement with non-compound name 'PDOException' has no effect in /wordpress/wp-content/plugins/wl-wc-newsletter/db/upgrade_to_1_1.php on line 6",
    "log": "/logs/plugins/w/woo-merchant-warehouse/error.json"
  },
  {
    "message": "The use statement with non-compound name 'PDO' has no effect in /wordpress/wp-content/plugins/wl-wc-newsletter/db/upgrade_to_1_1.php on line 7",
    "level": "WARNING",
    "type": "PHP",
    "test": "asyncify-boot",
    "plugin": "woo-merchant-warehouse",
    "details": "[26-Jun-2025 06:42:36 UTC] PHP Warning:  The use statement with non-compound name 'PDO' has no effect in /wordpress/wp-content/plugins/wl-wc-newsletter/db/upgrade_to_1_1.php on line 7",
    "log": "/logs/plugins/w/woo-merchant-warehouse/error.json"
  },
  {
    "message": "Uncaught PDOException: SQLSTATE[HY000] [2002] Address family not supported by protocol in /wordpress/wp-content/plugins/wl-wc-newsletter/db/upgrade_to_1_1.php:20",
    "level": "FATAL",
    "type": "PHP",
    "test": "asyncify-boot",
    "plugin": "woo-merchant-warehouse",
    "details": "[26-Jun-2025 06:42:36 UTC] PHP Fatal error:  Uncaught PDOException: SQLSTATE[HY000] [2002] Address family not supported by protocol in /wordpress/wp-content/plugins/wl-wc-newsletter/db/upgrade_to_1_1.php:20\nStack trace:\n#0 /wordpress/wp-content/plugins/wl-wc-newsletter/db/upgrade_to_1_1.php(20): PDO->__construct('mysql:host=loca...', 'username_here', 'password_here')\n#1 /wordpress/wp-content/plugins/wl-wc-newsletter/db/migrate.php(159): require_once('/wordpress/wp-c...')\n#2 /wordpress/wp-content/plugins/wl-wc-newsletter/admin_functions.php(390): require_once('/wordpress/wp-c...')\n#3 /wordpress/wp-includes/class-wp-hook.php(324): wlwcn_activated(false)\n#4 /wordpress/wp-includes/class-wp-hook.php(348): WP_Hook->apply_filters('', Array)\n#5 /wordpress/wp-includes/plugin.php(517): WP_Hook->do_action(Array)\n#6 /wordpress/wp-admin/includes/plugin.php(703): do_action('activate_wl-wc-...', false)\n#7 /internal/eval.php(20): activate_plugin('wl-wc-newslette...')\n#8 {main}\n  thrown in /wordpress/wp-content/plugins/wl-wc-newsletter/db/upgrade_to_1_1.php on line 20",
    "log": "/logs/plugins/w/woo-merchant-warehouse/error.json"
  },
  {
    "message": "Function _load_textdomain_just_in_time was called <strong>incorrectly</strong>. Translation loading for the <code>woocommerce</code> domain was triggered too early. This is usually an indicator for some code in the plugin or theme running too early. Translations should be loaded at the <code>init</code> action or later. Please see <a href=\"https://developer.wordpress.org/advanced-administration/debug/debug-wordpress/\">Debugging in WordPress</a> for more information. (This message was added in version 6.7.0.) in /wordpress/wp-includes/functions.php on line 6121",
    "level": "NOTICE",
    "type": "PHP",
    "test": "asyncify-boot",
    "plugin": "woo-merchant-warehouse",
    "details": "[26-Jun-2025 06:44:02 UTC] PHP Notice:  Function _load_textdomain_just_in_time was called <strong>incorrectly</strong>. Translation loading for the <code>woocommerce</code> domain was triggered too early. This is usually an indicator for some code in the plugin or theme running too early. Translations should be loaded at the <code>init</code> action or later. Please see <a href=\"https://developer.wordpress.org/advanced-administration/debug/debug-wordpress/\">Debugging in WordPress</a> for more information. (This message was added in version 6.7.0.) in /wordpress/wp-includes/functions.php on line 6121",
    "log": "/logs/plugins/w/woo-merchant-warehouse/error.json"
  },
  {
    "message": "Function _load_textdomain_just_in_time was called <strong>incorrectly</strong>. Translation loading for the <code>woocommerce</code> domain was triggered too early. This is usually an indicator for some code in the plugin or theme running too early. Translations should be loaded at the <code>init</code> action or later. Please see <a href=\"https://developer.wordpress.org/advanced-administration/debug/debug-wordpress/\">Debugging in WordPress</a> for more information. (This message was added in version 6.7.0.) in /wordpress/wp-includes/functions.php on line 6121",
    "level": "NOTICE",
    "type": "PHP",
    "test": "asyncify-boot",
    "plugin": "woo-merchant-warehouse",
    "details": "[26-Jun-2025 06:44:43 UTC] PHP Notice:  Function _load_textdomain_just_in_time was called <strong>incorrectly</strong>. Translation loading for the <code>woocommerce</code> domain was triggered too early. This is usually an indicator for some code in the plugin or theme running too early. Translations should be loaded at the <code>init</code> action or later. Please see <a href=\"https://developer.wordpress.org/advanced-administration/debug/debug-wordpress/\">Debugging in WordPress</a> for more information. (This message was added in version 6.7.0.) in /wordpress/wp-includes/functions.php on line 6121",
    "log": "/logs/plugins/w/woo-merchant-warehouse/error.json"
  },
  {
    "message": "Function _load_textdomain_just_in_time was called <strong>incorrectly</strong>. Translation loading for the <code>woocommerce</code> domain was triggered too early. This is usually an indicator for some code in the plugin or theme running too early. Translations should be loaded at the <code>init</code> action or later. Please see <a href=\"https://developer.wordpress.org/advanced-administration/debug/debug-wordpress/\">Debugging in WordPress</a> for more information. (This message was added in version 6.7.0.) in /wordpress/wp-includes/functions.php on line 6121",
    "level": "NOTICE",
    "type": "PHP",
    "test": "asyncify-boot",
    "plugin": "woo-merchant-warehouse",
    "details": "[26-Jun-2025 06:45:24 UTC] PHP Notice:  Function _load_textdomain_just_in_time was called <strong>incorrectly</strong>. Translation loading for the <code>woocommerce</code> domain was triggered too early. This is usually an indicator for some code in the plugin or theme running too early. Translations should be loaded at the <code>init</code> action or later. Please see <a href=\"https://developer.wordpress.org/advanced-administration/debug/debug-wordpress/\">Debugging in WordPress</a> for more information. (This message was added in version 6.7.0.) in /wordpress/wp-includes/functions.php on line 6121",
    "log": "/logs/plugins/w/woo-merchant-warehouse/error.json"
  },
  {
    "message": "Array and string offset access syntax with curly braces is no longer supported in /wordpress/wp-content/plugins/wp-postrank/JSON/PRJSON.php on line 156",
    "level": "FATAL",
    "type": "PHP",
    "test": "asyncify-boot",
    "plugin": "woo-merchant-warehouse",
    "details": "[26-Jun-2025 06:47:35 UTC] PHP Fatal error:  Array and string offset access syntax with curly braces is no longer supported in /wordpress/wp-content/plugins/wp-postrank/JSON/PRJSON.php on line 156",
    "log": "/logs/plugins/w/woo-merchant-warehouse/error.json"
  },
  {
    "message": "Array and string offset access syntax with curly braces is no longer supported in /wordpress/wp-content/plugins/wp-postrank/JSON/PRJSON.php on line 156",
    "level": "FATAL",
    "type": "PHP",
    "test": "asyncify-boot",
    "plugin": "woo-merchant-warehouse",
    "details": "[26-Jun-2025 06:47:43 UTC] PHP Fatal error:  Array and string offset access syntax with curly braces is no longer supported in /wordpress/wp-content/plugins/wp-postrank/JSON/PRJSON.php on line 156",
    "log": "/logs/plugins/w/woo-merchant-warehouse/error.json"
  },
  {
    "message": "Array and string offset access syntax with curly braces is no longer supported in /wordpress/wp-content/plugins/wp-postrank/JSON/PRJSON.php on line 156",
    "level": "FATAL",
    "type": "PHP",
    "test": "asyncify-boot",
    "plugin": "woo-merchant-warehouse",
    "details": "[26-Jun-2025 06:47:52 UTC] PHP Fatal error:  Array and string offset access syntax with curly braces is no longer supported in /wordpress/wp-content/plugins/wp-postrank/JSON/PRJSON.php on line 156",
    "log": "/logs/plugins/w/woo-merchant-warehouse/error.json"
  },
  {
    "message": "Trying to access array offset on value of type bool in /wordpress/wp-content/plugins/wp-stripe/wp-stripe.php on line 60",
    "level": "WARNING",
    "type": "PHP",
    "test": "asyncify-boot",
    "plugin": "woo-merchant-warehouse",
    "details": "[26-Jun-2025 06:50:19 UTC] PHP Warning:  Trying to access array offset on value of type bool in /wordpress/wp-content/plugins/wp-stripe/wp-stripe.php on line 60",
    "log": "/logs/plugins/w/woo-merchant-warehouse/error.json"
  },
  {
    "message": "Trying to access array offset on value of type bool in /wordpress/wp-content/plugins/wp-stripe/wp-stripe.php on line 60",
    "level": "WARNING",
    "type": "PHP",
    "test": "asyncify-boot",
    "plugin": "woo-merchant-warehouse",
    "details": "[26-Jun-2025 06:50:20 UTC] PHP Warning:  Trying to access array offset on value of type bool in /wordpress/wp-content/plugins/wp-stripe/wp-stripe.php on line 60",
    "log": "/logs/plugins/w/woo-merchant-warehouse/error.json"
  },
  {
    "message": "Trying to access array offset on value of type bool in /wordpress/wp-content/plugins/wp-stripe/wp-stripe.php on line 60",
    "level": "WARNING",
    "type": "PHP",
    "test": "asyncify-boot",
    "plugin": "woo-merchant-warehouse",
    "details": "[26-Jun-2025 06:50:28 UTC] PHP Warning:  Trying to access array offset on value of type bool in /wordpress/wp-content/plugins/wp-stripe/wp-stripe.php on line 60",
    "log": "/logs/plugins/w/woo-merchant-warehouse/error.json"
  },
  {
    "message": "Trying to access array offset on value of type bool in /wordpress/wp-content/plugins/wp-stripe/wp-stripe.php on line 60",
    "level": "WARNING",
    "type": "PHP",
    "test": "asyncify-boot",
    "plugin": "woo-merchant-warehouse",
    "details": "[26-Jun-2025 06:50:29 UTC] PHP Warning:  Trying to access array offset on value of type bool in /wordpress/wp-content/plugins/wp-stripe/wp-stripe.php on line 60",
    "log": "/logs/plugins/w/woo-merchant-warehouse/error.json"
  },
  {
    "message": "Trying to access array offset on value of type bool in /wordpress/wp-content/plugins/wp-stripe/wp-stripe.php on line 60",
    "level": "WARNING",
    "type": "PHP",
    "test": "asyncify-boot",
    "plugin": "woo-merchant-warehouse",
    "details": "[26-Jun-2025 06:50:38 UTC] PHP Warning:  Trying to access array offset on value of type bool in /wordpress/wp-content/plugins/wp-stripe/wp-stripe.php on line 60",
    "log": "/logs/plugins/w/woo-merchant-warehouse/error.json"
  },
  {
    "message": "Trying to access array offset on value of type bool in /wordpress/wp-content/plugins/wp-stripe/wp-stripe.php on line 60",
    "level": "WARNING",
    "type": "PHP",
    "test": "asyncify-boot",
    "plugin": "woo-merchant-warehouse",
    "details": "[26-Jun-2025 06:50:39 UTC] PHP Warning:  Trying to access array offset on value of type bool in /wordpress/wp-content/plugins/wp-stripe/wp-stripe.php on line 60\n\n    at Object.onBind (file:///home/runner/work/playground-tester/playground-tester/node_modules/@wp-playground/cli/run-cli-j-geJYS3.js:325:15)\n    at process.processTicksAndRejections (node:internal/process/task_queues:105:5)\n    at async re (file:///home/runner/work/playground-tester/playground-tester/node_modules/@wp-playground/cli/run-cli-j-geJYS3.js:149:10) {\n  [cause]: Error: Error when executing the blueprint step #1 ({\"step\":\"installPlugin\",\"pluginData\":{\"resource\":\"wordpress.org/plugins\",\"slug\":\"woo-merchant-warehouse\"},\"options\":{\"activate\":true}}) : Could not download \"https://downloads.wordpress.org/plugin/woo-merchant-warehouse.latest-stable.zip\".\n  \t\t\t\tCheck if the URL is correct and the server is reachable.\n  \t\t\t\tIf it is reachable, the server might be blocking the request.\n  \t\t\t\tCheck the browser console and network tabs for more information.\n  \n  \t\t\t\t## Does the console show the error \"No 'Access-Control-Allow-Origin' header\"?\n  \n  \t\t\t\tThis means the server that hosts your file does not allow requests from other sites\n  \t\t\t\t(cross-origin requests, or CORS).\tYou need to move the asset to a server that allows\n  \t\t\t\tcross-origin file downloads. Learn more about CORS at\n  \t\t\t\thttps://developer.mozilla.org/en-US/docs/Web/HTTP/CORS.\n  \n  \t\t\t\tIf your file is on GitHub, load it from \"raw.githubusercontent.com\".\n  \t\t\t\tHere's how to do that:\n  \n  \t\t\t\t1. Start with the original GitHub URL of the file. For example:\n  \t\t\t\thttps://github.com/username/repository/blob/branch/filename.\n  \t\t\t\t2. Replace \"github.com\" with \"raw.githubusercontent.com\".\n  \t\t\t\t3. Remove the \"/blob/\" part of the URL.\n  \n  \t\t\t\tThe resulting URL should look like this:\n  \t\t\t\thttps://raw.githubusercontent.com/username/repository/branch/filename\n  \n  \t\t\t\tError:\n  \t\t\t\tError: Could not download \"https://downloads.wordpress.org/plugin/woo-merchant-warehouse.latest-stable.zip\"\n      at Object.run (file:///home/runner/work/playground-tester/playground-tester/node_modules/@wp-playground/blueprints/index.js:12093:19)\n      at process.processTicksAndRejections (node:internal/process/task_queues:105:5)\n      at async ys (file:///home/runner/work/playground-tester/playground-tester/node_modules/@wp-playground/blueprints/index.js:12196:3)\n      at async Object.onBind (file:///home/runner/work/playground-tester/playground-tester/node_modules/@wp-playground/cli/run-cli-j-geJYS3.js:315:48)\n      at async re (file:///home/runner/work/playground-tester/playground-tester/node_modules/@wp-playground/cli/run-cli-j-geJYS3.js:149:10) {\n    [cause]: Error: Could not download \"https://downloads.wordpress.org/plugin/woo-merchant-warehouse.latest-stable.zip\".\n    \t\t\t\tCheck if the URL is correct and the server is reachable.\n    \t\t\t\tIf it is reachable, the server might be blocking the request.\n    \t\t\t\tCheck the browser console and network tabs for more information.\n    \n    \t\t\t\t## Does the console show the error \"No 'Access-Control-Allow-Origin' header\"?\n    \n    \t\t\t\tThis means the server that hosts your file does not allow requests from other sites\n    \t\t\t\t(cross-origin requests, or CORS).\tYou need to move the asset to a server that allows\n    \t\t\t\tcross-origin file downloads. Learn more about CORS at\n    \t\t\t\thttps://developer.mozilla.org/en-US/docs/Web/HTTP/CORS.\n    \n    \t\t\t\tIf your file is on GitHub, load it from \"raw.githubusercontent.com\".\n    \t\t\t\tHere's how to do that:\n    \n    \t\t\t\t1. Start with the original GitHub URL of the file. For example:\n    \t\t\t\thttps://github.com/username/repository/blob/branch/filename.\n    \t\t\t\t2. Replace \"github.com\" with \"raw.githubusercontent.com\".\n    \t\t\t\t3. Remove the \"/blob/\" part of the URL.\n    \n    \t\t\t\tThe resulting URL should look like this:\n    \t\t\t\thttps://raw.githubusercontent.com/username/repository/branch/filename\n    \n    \t\t\t\tError:\n    \t\t\t\tError: Could not download \"https://downloads.wordpress.org/plugin/woo-merchant-warehouse.latest-stable.zip\"\n        at Ct.resolve (file:///home/runner/work/playground-tester/playground-tester/node_modules/@wp-playground/blueprints/index.js:1129:13)\n        at process.processTicksAndRejections (node:internal/process/task_queues:105:5)\n        at async _.run (file:///home/runner/work/playground-tester/playground-tester/node_modules/@php-wasm/util/index.js:45:14)\n  }\n}\n\n",
    "log": "/logs/plugins/w/woo-merchant-warehouse/error.json"
  },
  {
    "message": "file:///home/runner/work/playground-tester/playground-tester/node_modules/@wp-playground/cli/run-cli-j-geJYS3.js:325\n        throw new Error($, { cause: h });\n              ^\n",
    "level": "FATAL",
    "type": "PLAYGROUND",
    "test": "jspi-boot",
    "plugin": "woo-merchant-warehouse",
    "details": "file:///home/runner/work/playground-tester/playground-tester/node_modules/@wp-playground/cli/run-cli-j-geJYS3.js:325\n        throw new Error($, { cause: h });\n              ^\n",
    "log": "/tmp/tmp.VR4GCBZDDU"
  },
  {
    "message": "The use statement with non-compound name 'Exception' has no effect in /wordpress/wp-content/plugins/wl-wc-newsletter/db/upgrade_to_1_1.php on line 5",
    "level": "WARNING",
    "type": "PHP",
    "test": "jspi-boot",
    "plugin": "woo-merchant-warehouse",
    "details": "[26-Jun-2025 06:42:12 UTC] PHP Warning:  The use statement with non-compound name 'Exception' has no effect in /wordpress/wp-content/plugins/wl-wc-newsletter/db/upgrade_to_1_1.php on line 5",
    "log": "/logs/plugins/w/woo-merchant-warehouse/error.json"
  },
  {
    "message": "The use statement with non-compound name 'PDOException' has no effect in /wordpress/wp-content/plugins/wl-wc-newsletter/db/upgrade_to_1_1.php on line 6",
    "level": "WARNING",
    "type": "PHP",
    "test": "jspi-boot",
    "plugin": "woo-merchant-warehouse",
    "details": "[26-Jun-2025 06:42:12 UTC] PHP Warning:  The use statement with non-compound name 'PDOException' has no effect in /wordpress/wp-content/plugins/wl-wc-newsletter/db/upgrade_to_1_1.php on line 6",
    "log": "/logs/plugins/w/woo-merchant-warehouse/error.json"
  },
  {
    "message": "The use statement with non-compound name 'PDO' has no effect in /wordpress/wp-content/plugins/wl-wc-newsletter/db/upgrade_to_1_1.php on line 7",
    "level": "WARNING",
    "type": "PHP",
    "test": "jspi-boot",
    "plugin": "woo-merchant-warehouse",
    "details": "[26-Jun-2025 06:42:12 UTC] PHP Warning:  The use statement with non-compound name 'PDO' has no effect in /wordpress/wp-content/plugins/wl-wc-newsletter/db/upgrade_to_1_1.php on line 7",
    "log": "/logs/plugins/w/woo-merchant-warehouse/error.json"
  },
  {
    "message": "Uncaught PDOException: SQLSTATE[HY000] [2002] Address family not supported by protocol in /wordpress/wp-content/plugins/wl-wc-newsletter/db/upgrade_to_1_1.php:20",
    "level": "FATAL",
    "type": "PHP",
    "test": "jspi-boot",
    "plugin": "woo-merchant-warehouse",
    "details": "[26-Jun-2025 06:42:12 UTC] PHP Fatal error:  Uncaught PDOException: SQLSTATE[HY000] [2002] Address family not supported by protocol in /wordpress/wp-content/plugins/wl-wc-newsletter/db/upgrade_to_1_1.php:20\nStack trace:\n#0 /wordpress/wp-content/plugins/wl-wc-newsletter/db/upgrade_to_1_1.php(20): PDO->__construct('mysql:host=loca...', 'username_here', 'password_here')\n#1 /wordpress/wp-content/plugins/wl-wc-newsletter/db/migrate.php(159): require_once('/wordpress/wp-c...')\n#2 /wordpress/wp-content/plugins/wl-wc-newsletter/admin_functions.php(390): require_once('/wordpress/wp-c...')\n#3 /wordpress/wp-includes/class-wp-hook.php(324): wlwcn_activated(false)\n#4 /wordpress/wp-includes/class-wp-hook.php(348): WP_Hook->apply_filters('', Array)\n#5 /wordpress/wp-includes/plugin.php(517): WP_Hook->do_action(Array)\n#6 /wordpress/wp-admin/includes/plugin.php(703): do_action('activate_wl-wc-...', false)\n#7 /internal/eval.php(20): activate_plugin('wl-wc-newslette...')\n#8 {main}\n  thrown in /wordpress/wp-content/plugins/wl-wc-newsletter/db/upgrade_to_1_1.php on line 20",
    "log": "/logs/plugins/w/woo-merchant-warehouse/error.json"
  },
  {
    "message": "The use statement with non-compound name 'Exception' has no effect in /wordpress/wp-content/plugins/wl-wc-newsletter/db/upgrade_to_1_1.php on line 5",
    "level": "WARNING",
    "type": "PHP",
    "test": "jspi-boot",
    "plugin": "woo-merchant-warehouse",
    "details": "[26-Jun-2025 06:42:23 UTC] PHP Warning:  The use statement with non-compound name 'Exception' has no effect in /wordpress/wp-content/plugins/wl-wc-newsletter/db/upgrade_to_1_1.php on line 5",
    "log": "/logs/plugins/w/woo-merchant-warehouse/error.json"
  },
  {
    "message": "The use statement with non-compound name 'PDOException' has no effect in /wordpress/wp-content/plugins/wl-wc-newsletter/db/upgrade_to_1_1.php on line 6",
    "level": "WARNING",
    "type": "PHP",
    "test": "jspi-boot",
    "plugin": "woo-merchant-warehouse",
    "details": "[26-Jun-2025 06:42:23 UTC] PHP Warning:  The use statement with non-compound name 'PDOException' has no effect in /wordpress/wp-content/plugins/wl-wc-newsletter/db/upgrade_to_1_1.php on line 6",
    "log": "/logs/plugins/w/woo-merchant-warehouse/error.json"
  },
  {
    "message": "The use statement with non-compound name 'PDO' has no effect in /wordpress/wp-content/plugins/wl-wc-newsletter/db/upgrade_to_1_1.php on line 7",
    "level": "WARNING",
    "type": "PHP",
    "test": "jspi-boot",
    "plugin": "woo-merchant-warehouse",
    "details": "[26-Jun-2025 06:42:23 UTC] PHP Warning:  The use statement with non-compound name 'PDO' has no effect in /wordpress/wp-content/plugins/wl-wc-newsletter/db/upgrade_to_1_1.php on line 7",
    "log": "/logs/plugins/w/woo-merchant-warehouse/error.json"
  },
  {
    "message": "Uncaught PDOException: SQLSTATE[HY000] [2002] Address family not supported by protocol in /wordpress/wp-content/plugins/wl-wc-newsletter/db/upgrade_to_1_1.php:20",
    "level": "FATAL",
    "type": "PHP",
    "test": "jspi-boot",
    "plugin": "woo-merchant-warehouse",
    "details": "[26-Jun-2025 06:42:23 UTC] PHP Fatal error:  Uncaught PDOException: SQLSTATE[HY000] [2002] Address family not supported by protocol in /wordpress/wp-content/plugins/wl-wc-newsletter/db/upgrade_to_1_1.php:20\nStack trace:\n#0 /wordpress/wp-content/plugins/wl-wc-newsletter/db/upgrade_to_1_1.php(20): PDO->__construct('mysql:host=loca...', 'username_here', 'password_here')\n#1 /wordpress/wp-content/plugins/wl-wc-newsletter/db/migrate.php(159): require_once('/wordpress/wp-c...')\n#2 /wordpress/wp-content/plugins/wl-wc-newsletter/admin_functions.php(390): require_once('/wordpress/wp-c...')\n#3 /wordpress/wp-includes/class-wp-hook.php(324): wlwcn_activated(false)\n#4 /wordpress/wp-includes/class-wp-hook.php(348): WP_Hook->apply_filters('', Array)\n#5 /wordpress/wp-includes/plugin.php(517): WP_Hook->do_action(Array)\n#6 /wordpress/wp-admin/includes/plugin.php(703): do_action('activate_wl-wc-...', false)\n#7 /internal/eval.php(20): activate_plugin('wl-wc-newslette...')\n#8 {main}\n  thrown in /wordpress/wp-content/plugins/wl-wc-newsletter/db/upgrade_to_1_1.php on line 20",
    "log": "/logs/plugins/w/woo-merchant-warehouse/error.json"
  },
  {
    "message": "The use statement with non-compound name 'Exception' has no effect in /wordpress/wp-content/plugins/wl-wc-newsletter/db/upgrade_to_1_1.php on line 5",
    "level": "WARNING",
    "type": "PHP",
    "test": "jspi-boot",
    "plugin": "woo-merchant-warehouse",
    "details": "[26-Jun-2025 06:42:36 UTC] PHP Warning:  The use statement with non-compound name 'Exception' has no effect in /wordpress/wp-content/plugins/wl-wc-newsletter/db/upgrade_to_1_1.php on line 5",
    "log": "/logs/plugins/w/woo-merchant-warehouse/error.json"
  },
  {
    "message": "The use statement with non-compound name 'PDOException' has no effect in /wordpress/wp-content/plugins/wl-wc-newsletter/db/upgrade_to_1_1.php on line 6",
    "level": "WARNING",
    "type": "PHP",
    "test": "jspi-boot",
    "plugin": "woo-merchant-warehouse",
    "details": "[26-Jun-2025 06:42:36 UTC] PHP Warning:  The use statement with non-compound name 'PDOException' has no effect in /wordpress/wp-content/plugins/wl-wc-newsletter/db/upgrade_to_1_1.php on line 6",
    "log": "/logs/plugins/w/woo-merchant-warehouse/error.json"
  },
  {
    "message": "The use statement with non-compound name 'PDO' has no effect in /wordpress/wp-content/plugins/wl-wc-newsletter/db/upgrade_to_1_1.php on line 7",
    "level": "WARNING",
    "type": "PHP",
    "test": "jspi-boot",
    "plugin": "woo-merchant-warehouse",
    "details": "[26-Jun-2025 06:42:36 UTC] PHP Warning:  The use statement with non-compound name 'PDO' has no effect in /wordpress/wp-content/plugins/wl-wc-newsletter/db/upgrade_to_1_1.php on line 7",
    "log": "/logs/plugins/w/woo-merchant-warehouse/error.json"
  },
  {
    "message": "Uncaught PDOException: SQLSTATE[HY000] [2002] Address family not supported by protocol in /wordpress/wp-content/plugins/wl-wc-newsletter/db/upgrade_to_1_1.php:20",
    "level": "FATAL",
    "type": "PHP",
    "test": "jspi-boot",
    "plugin": "woo-merchant-warehouse",
    "details": "[26-Jun-2025 06:42:36 UTC] PHP Fatal error:  Uncaught PDOException: SQLSTATE[HY000] [2002] Address family not supported by protocol in /wordpress/wp-content/plugins/wl-wc-newsletter/db/upgrade_to_1_1.php:20\nStack trace:\n#0 /wordpress/wp-content/plugins/wl-wc-newsletter/db/upgrade_to_1_1.php(20): PDO->__construct('mysql:host=loca...', 'username_here', 'password_here')\n#1 /wordpress/wp-content/plugins/wl-wc-newsletter/db/migrate.php(159): require_once('/wordpress/wp-c...')\n#2 /wordpress/wp-content/plugins/wl-wc-newsletter/admin_functions.php(390): require_once('/wordpress/wp-c...')\n#3 /wordpress/wp-includes/class-wp-hook.php(324): wlwcn_activated(false)\n#4 /wordpress/wp-includes/class-wp-hook.php(348): WP_Hook->apply_filters('', Array)\n#5 /wordpress/wp-includes/plugin.php(517): WP_Hook->do_action(Array)\n#6 /wordpress/wp-admin/includes/plugin.php(703): do_action('activate_wl-wc-...', false)\n#7 /internal/eval.php(20): activate_plugin('wl-wc-newslette...')\n#8 {main}\n  thrown in /wordpress/wp-content/plugins/wl-wc-newsletter/db/upgrade_to_1_1.php on line 20",
    "log": "/logs/plugins/w/woo-merchant-warehouse/error.json"
  },
  {
    "message": "Function _load_textdomain_just_in_time was called <strong>incorrectly</strong>. Translation loading for the <code>woocommerce</code> domain was triggered too early. This is usually an indicator for some code in the plugin or theme running too early. Translations should be loaded at the <code>init</code> action or later. Please see <a href=\"https://developer.wordpress.org/advanced-administration/debug/debug-wordpress/\">Debugging in WordPress</a> for more information. (This message was added in version 6.7.0.) in /wordpress/wp-includes/functions.php on line 6121",
    "level": "NOTICE",
    "type": "PHP",
    "test": "jspi-boot",
    "plugin": "woo-merchant-warehouse",
    "details": "[26-Jun-2025 06:44:02 UTC] PHP Notice:  Function _load_textdomain_just_in_time was called <strong>incorrectly</strong>. Translation loading for the <code>woocommerce</code> domain was triggered too early. This is usually an indicator for some code in the plugin or theme running too early. Translations should be loaded at the <code>init</code> action or later. Please see <a href=\"https://developer.wordpress.org/advanced-administration/debug/debug-wordpress/\">Debugging in WordPress</a> for more information. (This message was added in version 6.7.0.) in /wordpress/wp-includes/functions.php on line 6121",
    "log": "/logs/plugins/w/woo-merchant-warehouse/error.json"
  },
  {
    "message": "Function _load_textdomain_just_in_time was called <strong>incorrectly</strong>. Translation loading for the <code>woocommerce</code> domain was triggered too early. This is usually an indicator for some code in the plugin or theme running too early. Translations should be loaded at the <code>init</code> action or later. Please see <a href=\"https://developer.wordpress.org/advanced-administration/debug/debug-wordpress/\">Debugging in WordPress</a> for more information. (This message was added in version 6.7.0.) in /wordpress/wp-includes/functions.php on line 6121",
    "level": "NOTICE",
    "type": "PHP",
    "test": "jspi-boot",
    "plugin": "woo-merchant-warehouse",
    "details": "[26-Jun-2025 06:44:43 UTC] PHP Notice:  Function _load_textdomain_just_in_time was called <strong>incorrectly</strong>. Translation loading for the <code>woocommerce</code> domain was triggered too early. This is usually an indicator for some code in the plugin or theme running too early. Translations should be loaded at the <code>init</code> action or later. Please see <a href=\"https://developer.wordpress.org/advanced-administration/debug/debug-wordpress/\">Debugging in WordPress</a> for more information. (This message was added in version 6.7.0.) in /wordpress/wp-includes/functions.php on line 6121",
    "log": "/logs/plugins/w/woo-merchant-warehouse/error.json"
  },
  {
    "message": "Function _load_textdomain_just_in_time was called <strong>incorrectly</strong>. Translation loading for the <code>woocommerce</code> domain was triggered too early. This is usually an indicator for some code in the plugin or theme running too early. Translations should be loaded at the <code>init</code> action or later. Please see <a href=\"https://developer.wordpress.org/advanced-administration/debug/debug-wordpress/\">Debugging in WordPress</a> for more information. (This message was added in version 6.7.0.) in /wordpress/wp-includes/functions.php on line 6121",
    "level": "NOTICE",
    "type": "PHP",
    "test": "jspi-boot",
    "plugin": "woo-merchant-warehouse",
    "details": "[26-Jun-2025 06:45:24 UTC] PHP Notice:  Function _load_textdomain_just_in_time was called <strong>incorrectly</strong>. Translation loading for the <code>woocommerce</code> domain was triggered too early. This is usually an indicator for some code in the plugin or theme running too early. Translations should be loaded at the <code>init</code> action or later. Please see <a href=\"https://developer.wordpress.org/advanced-administration/debug/debug-wordpress/\">Debugging in WordPress</a> for more information. (This message was added in version 6.7.0.) in /wordpress/wp-includes/functions.php on line 6121",
    "log": "/logs/plugins/w/woo-merchant-warehouse/error.json"
  }
]
