file:///home/runner/work/playground-tester/playground-tester/node_modules/@wp-playground/cli/run-cli-j-geJYS3.js:325
        throw new Error($, { cause: h });
              ^

Error: [15-Jun-2025 06:58:13 UTC] PHP Fatal error:  Uncaught PDOException: SQLSTATE[HY000] [2002] Address family not supported by protocol in /wordpress/wp-content/plugins/firestudio/shared/init.php:20
Stack trace:
#0 /wordpress/wp-content/plugins/firestudio/shared/init.php(20): PDO->__construct('mysql:host=loca...', 'username_here', 'password_here')
#1 /wordpress/wp-content/plugins/firestudio/shared/autoload.php(42): require_once('/wordpress/wp-c...')
#2 /wordpress/wp-content/plugins/firestudio/plugin.php(48): require_once('/wordpress/wp-c...')
#3 /wordpress/wp-admin/includes/plugin.php(2387): include_once('/wordpress/wp-c...')
#4 /wordpress/wp-admin/includes/plugin.php(673): plugin_sandbox_scrape('firestudio/plug...')
#5 /internal/eval.php(20): activate_plugin('firestudio/plug...')
#6 {main}
  thrown in /wordpress/wp-content/plugins/firestudio/shared/init.php on line 20
[15-Jun-2025 06:58:21 UTC] PHP Fatal error:  Uncaught PDOException: SQLSTATE[HY000] [2002] Address family not supported by protocol in /wordpress/wp-content/plugins/firestudio/shared/init.php:20
Stack trace:
#0 /wordpress/wp-content/plugins/firestudio/shared/init.php(20): PDO->__construct('mysql:host=loca...', 'username_here', 'password_here')
#1 /wordpress/wp-content/plugins/firestudio/shared/autoload.php(42): require_once('/wordpress/wp-c...')
#2 /wordpress/wp-content/plugins/firestudio/plugin.php(48): require_once('/wordpress/wp-c...')
#3 /wordpress/wp-admin/includes/plugin.php(2387): include_once('/wordpress/wp-c...')
#4 /wordpress/wp-admin/includes/plugin.php(673): plugin_sandbox_scrape('firestudio/plug...')
#5 /internal/eval.php(20): activate_plugin('firestudio/plug...')
#6 {main}
  thrown in /wordpress/wp-content/plugins/firestudio/shared/init.php on line 20
[15-Jun-2025 06:58:28 UTC] PHP Fatal error:  Uncaught PDOException: SQLSTATE[HY000] [2002] Address family not supported by protocol in /wordpress/wp-content/plugins/firestudio/shared/init.php:20
Stack trace:
#0 /wordpress/wp-content/plugins/firestudio/shared/init.php(20): PDO->__construct('mysql:host=loca...', 'username_here', 'password_here')
#1 /wordpress/wp-content/plugins/firestudio/shared/autoload.php(42): require_once('/wordpress/wp-c...')
#2 /wordpress/wp-content/plugins/firestudio/plugin.php(48): require_once('/wordpress/wp-c...')
#3 /wordpress/wp-admin/includes/plugin.php(2387): include_once('/wordpress/wp-c...')
#4 /wordpress/wp-admin/includes/plugin.php(673): plugin_sandbox_scrape('firestudio/plug...')
#5 /internal/eval.php(20): activate_plugin('firestudio/plug...')
#6 {main}
  thrown in /wordpress/wp-content/plugins/firestudio/shared/init.php on line 20
[15-Jun-2025 06:59:58 UTC] PHP Fatal error:  Uncaught Error: Call to undefined function create_function() in /wordpress/wp-content/plugins/feedbacq-ad-hook/feedbacq.php:290
Stack trace:
#0 /wordpress/wp-admin/includes/plugin.php(2387): include_once()
#1 /wordpress/wp-admin/includes/plugin.php(673): plugin_sandbox_scrape('feedbacq-ad-hoo...')
#2 /internal/eval.php(20): activate_plugin('feedbacq-ad-hoo...')
#3 {main}
  thrown in /wordpress/wp-content/plugins/feedbacq-ad-hook/feedbacq.php on line 290
[15-Jun-2025 07:00:06 UTC] PHP Fatal error:  Uncaught Error: Call to undefined function create_function() in /wordpress/wp-content/plugins/feedbacq-ad-hook/feedbacq.php:290
Stack trace:
#0 /wordpress/wp-admin/includes/plugin.php(2387): include_once()
#1 /wordpress/wp-admin/includes/plugin.php(673): plugin_sandbox_scrape('feedbacq-ad-hoo...')
#2 /internal/eval.php(20): activate_plugin('feedbacq-ad-hoo...')
#3 {main}
  thrown in /wordpress/wp-content/plugins/feedbacq-ad-hook/feedbacq.php on line 290
[15-Jun-2025 07:00:14 UTC] PHP Fatal error:  Uncaught Error: Call to undefined function create_function() in /wordpress/wp-content/plugins/feedbacq-ad-hook/feedbacq.php:290
Stack trace:
#0 /wordpress/wp-admin/includes/plugin.php(2387): include_once()
#1 /wordpress/wp-admin/includes/plugin.php(673): plugin_sandbox_scrape('feedbacq-ad-hoo...')
#2 /internal/eval.php(20): activate_plugin('feedbacq-ad-hoo...')
#3 {main}
  thrown in /wordpress/wp-content/plugins/feedbacq-ad-hook/feedbacq.php on line 290
[15-Jun-2025 07:00:44 UTC] PHP Warning:  Undefined array key "HTTP_USER_AGENT" in /wordpress/wp-content/plugins/filepress/filepress.php on line 52
[15-Jun-2025 07:00:54 UTC] PHP Warning:  Undefined array key "HTTP_USER_AGENT" in /wordpress/wp-content/plugins/filepress/filepress.php on line 52
[15-Jun-2025 07:01:04 UTC] PHP Warning:  Undefined array key "HTTP_USER_AGENT" in /wordpress/wp-content/plugins/filepress/filepress.php on line 52

    at Object.onBind (file:///home/runner/work/playground-tester/playground-tester/node_modules/@wp-playground/cli/run-cli-j-geJYS3.js:325:15)
    at process.processTicksAndRejections (node:internal/process/task_queues:105:5)
    at async re (file:///home/runner/work/playground-tester/playground-tester/node_modules/@wp-playground/cli/run-cli-j-geJYS3.js:149:10) {
  [cause]: Error: Error when executing the blueprint step #5 ({"step":"installPlugin","pluginData":{"resource":"wordpress.org/plugins","slug":"fivepost"},"options":{"activate":true}}) : Plugin /wordpress/wp-content/plugins/fivepost could not be activated – WordPress exited with no error. Sometimes, when $_SERVER or site options are not configured correctly, WordPress exits early with a 301 redirect. Inspect the "debug" logs in the console for more details.
      at Object.run (file:///home/runner/work/playground-tester/playground-tester/node_modules/@wp-playground/blueprints/index.js:12093:19)
      at process.processTicksAndRejections (node:internal/process/task_queues:105:5)
      at async ys (file:///home/runner/work/playground-tester/playground-tester/node_modules/@wp-playground/blueprints/index.js:12196:3)
      at async Object.onBind (file:///home/runner/work/playground-tester/playground-tester/node_modules/@wp-playground/cli/run-cli-j-geJYS3.js:315:48)
      at async re (file:///home/runner/work/playground-tester/playground-tester/node_modules/@wp-playground/cli/run-cli-j-geJYS3.js:149:10) {
    [cause]: Error: Plugin /wordpress/wp-content/plugins/fivepost could not be activated – WordPress exited with no error. Sometimes, when $_SERVER or site options are not configured correctly, WordPress exits early with a 301 redirect. Inspect the "debug" logs in the console for more details.
        at wr (file:///home/runner/work/playground-tester/playground-tester/node_modules/@wp-playground/blueprints/index.js:120:51)
        at process.processTicksAndRejections (node:internal/process/task_queues:105:5)
        at async Object.gt [as installPlugin] (file:///home/runner/work/playground-tester/playground-tester/node_modules/@wp-playground/blueprints/index.js:631:42)
        at async g (file:///home/runner/work/playground-tester/playground-tester/node_modules/@wp-playground/blueprints/index.js:12161:30)
        at async Object.run (file:///home/runner/work/playground-tester/playground-tester/node_modules/@wp-playground/blueprints/index.js:12090:23)
        at async ys (file:///home/runner/work/playground-tester/playground-tester/node_modules/@wp-playground/blueprints/index.js:12196:3)
        at async Object.onBind (file:///home/runner/work/playground-tester/playground-tester/node_modules/@wp-playground/cli/run-cli-j-geJYS3.js:315:48)
        at async re (file:///home/runner/work/playground-tester/playground-tester/node_modules/@wp-playground/cli/run-cli-j-geJYS3.js:149:10)
  }
}

Node.js v23.11.0
