[
{"message":"file:///home/runner/work/playground-tester/playground-tester/node_modules/@wp-playground/cli/run-cli-j-geJYS3.js:325\n        throw new Error($, { cause: h });\n              ^\n","level":"FATAL","type":"PLAYGROUND","test":"ast-sqlite-boot","plugin":"bit-assist","details":"file:///home/runner/work/playground-tester/playground-tester/node_modules/@wp-playground/cli/run-cli-j-geJYS3.js:325\n        throw new Error($, { cause: h });\n              ^\n","log":"/tmp/tmp.f8nbuKAGGu"}
,
{"message":"Function _load_textdomain_just_in_time was called <strong>incorrectly</strong>. Translation loading for the <code>backup-by-supsystic</code> domain was triggered too early. This is usually an indicator for some code in the plugin or theme running too early. Translations should be loaded at the <code>init</code> action or later. Please see <a href=\"https://developer.wordpress.org/advanced-administration/debug/debug-wordpress/\">Debugging in WordPress</a> for more information. (This message was added in version 6.7.0.) in /wordpress/wp-includes/functions.php on line 6121","level":"NOTICE","type":"PHP","test":"ast-sqlite-boot","plugin":"bit-assist","details":"[10-Jun-2025 20:32:39 UTC] PHP Notice:  Function _load_textdomain_just_in_time was called <strong>incorrectly</strong>. Translation loading for the <code>backup-by-supsystic</code> domain was triggered too early. This is usually an indicator for some code in the plugin or theme running too early. Translations should be loaded at the <code>init</code> action or later. Please see <a href=\"https://developer.wordpress.org/advanced-administration/debug/debug-wordpress/\">Debugging in WordPress</a> for more information. (This message was added in version 6.7.0.) in /wordpress/wp-includes/functions.php on line 6121","log":"/logs/plugins/b/bit-assist/error.json"}
,
{"message":"Required parameter $encode follows optional parameter $fields in /wordpress/wp-content/plugins/backup-by-supsystic/modules/dropbox/classes/curlBup.php on line 150","level":"DEPRECATED","type":"PHP","test":"ast-sqlite-boot","plugin":"bit-assist","details":"[10-Jun-2025 20:32:39 UTC] PHP Deprecated:  Required parameter $encode follows optional parameter $fields in /wordpress/wp-content/plugins/backup-by-supsystic/modules/dropbox/classes/curlBup.php on line 150","log":"/logs/plugins/b/bit-assist/error.json"}
,
{"message":"Function _load_textdomain_just_in_time was called <strong>incorrectly</strong>. Translation loading for the <code>backup-by-supsystic</code> domain was triggered too early. This is usually an indicator for some code in the plugin or theme running too early. Translations should be loaded at the <code>init</code> action or later. Please see <a href=\"https://developer.wordpress.org/advanced-administration/debug/debug-wordpress/\">Debugging in WordPress</a> for more information. (This message was added in version 6.7.0.) in /wordpress/wp-includes/functions.php on line 6121","level":"NOTICE","type":"PHP","test":"ast-sqlite-boot","plugin":"bit-assist","details":"[10-Jun-2025 20:32:52 UTC] PHP Notice:  Function _load_textdomain_just_in_time was called <strong>incorrectly</strong>. Translation loading for the <code>backup-by-supsystic</code> domain was triggered too early. This is usually an indicator for some code in the plugin or theme running too early. Translations should be loaded at the <code>init</code> action or later. Please see <a href=\"https://developer.wordpress.org/advanced-administration/debug/debug-wordpress/\">Debugging in WordPress</a> for more information. (This message was added in version 6.7.0.) in /wordpress/wp-includes/functions.php on line 6121","log":"/logs/plugins/b/bit-assist/error.json"}
,
{"message":"Required parameter $encode follows optional parameter $fields in /wordpress/wp-content/plugins/backup-by-supsystic/modules/dropbox/classes/curlBup.php on line 150","level":"DEPRECATED","type":"PHP","test":"ast-sqlite-boot","plugin":"bit-assist","details":"[10-Jun-2025 20:32:52 UTC] PHP Deprecated:  Required parameter $encode follows optional parameter $fields in /wordpress/wp-content/plugins/backup-by-supsystic/modules/dropbox/classes/curlBup.php on line 150","log":"/logs/plugins/b/bit-assist/error.json"}
,
{"message":"Function _load_textdomain_just_in_time was called <strong>incorrectly</strong>. Translation loading for the <code>backup-by-supsystic</code> domain was triggered too early. This is usually an indicator for some code in the plugin or theme running too early. Translations should be loaded at the <code>init</code> action or later. Please see <a href=\"https://developer.wordpress.org/advanced-administration/debug/debug-wordpress/\">Debugging in WordPress</a> for more information. (This message was added in version 6.7.0.) in /wordpress/wp-includes/functions.php on line 6121","level":"NOTICE","type":"PHP","test":"ast-sqlite-boot","plugin":"bit-assist","details":"[10-Jun-2025 20:33:06 UTC] PHP Notice:  Function _load_textdomain_just_in_time was called <strong>incorrectly</strong>. Translation loading for the <code>backup-by-supsystic</code> domain was triggered too early. This is usually an indicator for some code in the plugin or theme running too early. Translations should be loaded at the <code>init</code> action or later. Please see <a href=\"https://developer.wordpress.org/advanced-administration/debug/debug-wordpress/\">Debugging in WordPress</a> for more information. (This message was added in version 6.7.0.) in /wordpress/wp-includes/functions.php on line 6121","log":"/logs/plugins/b/bit-assist/error.json"}
,
{"message":"Required parameter $encode follows optional parameter $fields in /wordpress/wp-content/plugins/backup-by-supsystic/modules/dropbox/classes/curlBup.php on line 150","level":"DEPRECATED","type":"PHP","test":"ast-sqlite-boot","plugin":"bit-assist","details":"[10-Jun-2025 20:33:06 UTC] PHP Deprecated:  Required parameter $encode follows optional parameter $fields in /wordpress/wp-content/plugins/backup-by-supsystic/modules/dropbox/classes/curlBup.php on line 150","log":"/logs/plugins/b/bit-assist/error.json"}
,
{"message":"[10-Jun-2025 20:34:15 UTC] Loading the plugin","level":"INFO","type":"OTHER","test":"ast-sqlite-boot","plugin":"bit-assist","details":"[10-Jun-2025 20:34:15 UTC] Loading the plugin","log":"/logs/plugins/b/bit-assist/error.json"}
,
{"message":"[10-Jun-2025 20:34:17 UTC] Loading the plugin","level":"INFO","type":"OTHER","test":"ast-sqlite-boot","plugin":"bit-assist","details":"[10-Jun-2025 20:34:17 UTC] Loading the plugin","log":"/logs/plugins/b/bit-assist/error.json"}
,
{"message":"[10-Jun-2025 20:34:26 UTC] Loading the plugin","level":"INFO","type":"OTHER","test":"ast-sqlite-boot","plugin":"bit-assist","details":"[10-Jun-2025 20:34:26 UTC] Loading the plugin","log":"/logs/plugins/b/bit-assist/error.json"}
,
{"message":"[10-Jun-2025 20:34:27 UTC] Loading the plugin","level":"INFO","type":"OTHER","test":"ast-sqlite-boot","plugin":"bit-assist","details":"[10-Jun-2025 20:34:27 UTC] Loading the plugin","log":"/logs/plugins/b/bit-assist/error.json"}
,
{"message":"[10-Jun-2025 20:34:36 UTC] Loading the plugin","level":"INFO","type":"OTHER","test":"ast-sqlite-boot","plugin":"bit-assist","details":"[10-Jun-2025 20:34:36 UTC] Loading the plugin","log":"/logs/plugins/b/bit-assist/error.json"}
,
{"message":"[10-Jun-2025 20:34:37 UTC] Loading the plugin","level":"INFO","type":"OTHER","test":"ast-sqlite-boot","plugin":"bit-assist","details":"[10-Jun-2025 20:34:37 UTC] Loading the plugin","log":"/logs/plugins/b/bit-assist/error.json"}
,
{"message":"Uncaught Error: Call to undefined function mysql_get_server_info() in /wordpress/wp-content/plugins/benday-reviews-system/br-system.php:22","level":"FATAL","type":"PHP","test":"ast-sqlite-boot","plugin":"bit-assist","details":"[10-Jun-2025 20:35:15 UTC] PHP Fatal error:  Uncaught Error: Call to undefined function mysql_get_server_info() in /wordpress/wp-content/plugins/benday-reviews-system/br-system.php:22\nStack trace:\n#0 /wordpress/wp-includes/class-wp-hook.php(324): br_install(false)\n#1 /wordpress/wp-includes/class-wp-hook.php(348): WP_Hook->apply_filters('', Array)\n#2 /wordpress/wp-includes/plugin.php(517): WP_Hook->do_action(Array)\n#3 /wordpress/wp-admin/includes/plugin.php(703): do_action('activate_benday...', false)\n#4 /internal/eval.php(20): activate_plugin('benday-reviews-...')\n#5 {main}\n  thrown in /wordpress/wp-content/plugins/benday-reviews-system/br-system.php on line 22","log":"/logs/plugins/b/bit-assist/error.json"}
,
{"message":"Uncaught Error: Call to undefined function mysql_get_server_info() in /wordpress/wp-content/plugins/benday-reviews-system/br-system.php:22","level":"FATAL","type":"PHP","test":"ast-sqlite-boot","plugin":"bit-assist","details":"[10-Jun-2025 20:35:23 UTC] PHP Fatal error:  Uncaught Error: Call to undefined function mysql_get_server_info() in /wordpress/wp-content/plugins/benday-reviews-system/br-system.php:22\nStack trace:\n#0 /wordpress/wp-includes/class-wp-hook.php(324): br_install(false)\n#1 /wordpress/wp-includes/class-wp-hook.php(348): WP_Hook->apply_filters('', Array)\n#2 /wordpress/wp-includes/plugin.php(517): WP_Hook->do_action(Array)\n#3 /wordpress/wp-admin/includes/plugin.php(703): do_action('activate_benday...', false)\n#4 /internal/eval.php(20): activate_plugin('benday-reviews-...')\n#5 {main}\n  thrown in /wordpress/wp-content/plugins/benday-reviews-system/br-system.php on line 22","log":"/logs/plugins/b/bit-assist/error.json"}
,
{"message":"Uncaught Error: Call to undefined function mysql_get_server_info() in /wordpress/wp-content/plugins/benday-reviews-system/br-system.php:22","level":"FATAL","type":"PHP","test":"ast-sqlite-boot","plugin":"bit-assist","details":"[10-Jun-2025 20:35:31 UTC] PHP Fatal error:  Uncaught Error: Call to undefined function mysql_get_server_info() in /wordpress/wp-content/plugins/benday-reviews-system/br-system.php:22\nStack trace:\n#0 /wordpress/wp-includes/class-wp-hook.php(324): br_install(false)\n#1 /wordpress/wp-includes/class-wp-hook.php(348): WP_Hook->apply_filters('', Array)\n#2 /wordpress/wp-includes/plugin.php(517): WP_Hook->do_action(Array)\n#3 /wordpress/wp-admin/includes/plugin.php(703): do_action('activate_benday...', false)\n#4 /internal/eval.php(20): activate_plugin('benday-reviews-...')\n#5 {main}\n  thrown in /wordpress/wp-content/plugins/benday-reviews-system/br-system.php on line 22","log":"/logs/plugins/b/bit-assist/error.json"}
,
{"message":"Uncaught RuntimeException: <div style=\"clear:both\">&nbsp;</div>","level":"FATAL","type":"PHP","test":"ast-sqlite-boot","plugin":"bit-assist","details":"[10-Jun-2025 20:36:40 UTC] PHP Fatal error:  Uncaught RuntimeException: <div style=\"clear:both\">&nbsp;</div>\n<div class=\"queries\" style=\"clear:both;margin-bottom:2px;border:red dotted thin;\">\n<p>MySQL query:</p>\n<p>CREATE TABLE IF NOT EXISTS wp_bit_assist_widget_channels (\n             id BIGINT  UNSIGNED NOT NULL AUTO_INCREMENT\n, widget_id BIGINT(20) UNSIGNED NOT NULL\n, channel_name VARCHAR(255) NOT NULL\n, config LONGTEXT  NULL\n, sequence INTEGER  NULL\n, status BOOLEAN  NOT NULL DEFAULT 1\n, created_at timestamp  NULL DEFAULT NULL\n, updated_at timestamp  NULL DEFAULT NULL,\nPRIMARY KEY (\nid\n), FOREIGN KEY (widget_id) REFERENCES wp_bit_assist_widgets (id) ON DELETE CASCADE\n             ) </p>\n<p>Queries made or created this session were:</p>\n<ol>\n<li>Executing: BEGIN IMMEDIATE | (no parameters)</li>\n<li>Executing: SELECT 1 FROM `_wp_sqlite_mysql_information_schema_tables` WHERE table_schema = ? AND table_name = ? | parameters: database_name_here, wp_bit_assist_widget_channels</li>\n<li>Executing: INSERT INTO `_wp_sqlite_mysql_information_schema_tables` (`t in /wordpress/wp-content/plugins/bit-assist/vendor/bitapps/wp-database/src/Blueprint.php on line 176\n\n    at Object.onBind (file:///home/runner/work/playground-tester/playground-tester/node_modules/@wp-playground/cli/run-cli-j-geJYS3.js:325:15)\n    at process.processTicksAndRejections (node:internal/process/task_queues:105:5)\n    at async re (file:///home/runner/work/playground-tester/playground-tester/node_modules/@wp-playground/cli/run-cli-j-geJYS3.js:149:10) {\n  [cause]: Error: Error when executing the blueprint step #5 ({\"step\":\"installPlugin\",\"pluginData\":{\"resource\":\"wordpress.org/plugins\",\"slug\":\"bit-assist\"},\"options\":{\"activate\":true}}) : PHP.run() failed with exit code 255 and the following output: \n      at Object.run (file:///home/runner/work/playground-tester/playground-tester/node_modules/@wp-playground/blueprints/index.js:12093:19)\n      at process.processTicksAndRejections (node:internal/process/task_queues:105:5)\n      at async ys (file:///home/runner/work/playground-tester/playground-tester/node_modules/@wp-playground/blueprints/index.js:12196:3)\n      at async Object.onBind (file:///home/runner/work/playground-tester/playground-tester/node_modules/@wp-playground/cli/run-cli-j-geJYS3.js:315:48)\n      at async re (file:///home/runner/work/playground-tester/playground-tester/node_modules/@wp-playground/cli/run-cli-j-geJYS3.js:149:10) {\n    [cause]: PHPExecutionFailureError: PHP.run() failed with exit code 255 and the following output: \n        at PHP.run (file:///home/runner/work/playground-tester/playground-tester/node_modules/@php-wasm/universal/index.js:1034:19)\n        at process.processTicksAndRejections (node:internal/process/task_queues:105:5)\n        at async wr (file:///home/runner/work/playground-tester/playground-tester/node_modules/@wp-playground/blueprints/index.js:34:39)\n        at async Object.gt [as installPlugin] (file:///home/runner/work/playground-tester/playground-tester/node_modules/@wp-playground/blueprints/index.js:631:42)\n        at async g (file:///home/runner/work/playground-tester/playground-tester/node_modules/@wp-playground/blueprints/index.js:12161:30)\n        at async Object.run (file:///home/runner/work/playground-tester/playground-tester/node_modules/@wp-playground/blueprints/index.js:12090:23)\n        at async ys (file:///home/runner/work/playground-tester/playground-tester/node_modules/@wp-playground/blueprints/index.js:12196:3)\n        at async Object.onBind (file:///home/runner/work/playground-tester/playground-tester/node_modules/@wp-playground/cli/run-cli-j-geJYS3.js:315:48)\n        at async re (file:///home/runner/work/playground-tester/playground-tester/node_modules/@wp-playground/cli/run-cli-j-geJYS3.js:149:10) {\n      response: PHPResponse {\n        httpStatusCode: 500,\n        headers: {\n          'x-powered-by': [ 'PHP/7.4.31-dev' ],\n          'content-type': [ 'text/html; charset=UTF-8' ]\n        },\n        bytes: Uint8Array(0) [],\n        exitCode: 255,\n        errors: ''\n      },\n      source: 'request'\n    }\n  }\n}\n\n","log":"/logs/plugins/b/bit-assist/error.json"}
]
