[
  {
    "message": "file:///home/runner/work/playground-tester/playground-tester/node_modules/@wp-playground/cli/run-cli-j-geJYS3.js:325\n        throw new Error($, { cause: h });\n              ^\n",
    "level": "FATAL",
    "type": "PLAYGROUND",
    "test": "ast-sqlite-boot",
    "plugin": "sidekick-it",
    "details": "file:///home/runner/work/playground-tester/playground-tester/node_modules/@wp-playground/cli/run-cli-j-geJYS3.js:325\n        throw new Error($, { cause: h });\n              ^\n",
    "log": "/tmp/tmp.pDn92Ud0FG"
  },
  {
    "message": "Uncaught Error: Call to undefined function as_schedule_single_action() in /wordpress/wp-content/plugins/super-payments/super-payments.php:65",
    "level": "FATAL",
    "type": "PHP",
    "test": "ast-sqlite-boot",
    "plugin": "sidekick-it",
    "details": "[18-Jun-2025 08:37:03 UTC] PHP Fatal error:  Uncaught Error: Call to undefined function as_schedule_single_action() in /wordpress/wp-content/plugins/super-payments/super-payments.php:65\nStack trace:\n#0 /wordpress/wp-includes/class-wp-hook.php(324): wcsp_on_activate(false)\n#1 /wordpress/wp-includes/class-wp-hook.php(348): WP_Hook->apply_filters('', Array)\n#2 /wordpress/wp-includes/plugin.php(517): WP_Hook->do_action(Array)\n#3 /wordpress/wp-admin/includes/plugin.php(703): do_action('activate_super-...', false)\n#4 /internal/eval.php(20): activate_plugin('super-payments/...')\n#5 {main}\n  thrown in /wordpress/wp-content/plugins/super-payments/super-payments.php on line 65",
    "log": "/logs/plugins/s/sidekick-it/error.json"
  },
  {
    "message": "Uncaught Error: Call to undefined function as_schedule_single_action() in /wordpress/wp-content/plugins/super-payments/super-payments.php:65",
    "level": "FATAL",
    "type": "PHP",
    "test": "ast-sqlite-boot",
    "plugin": "sidekick-it",
    "details": "[18-Jun-2025 08:37:11 UTC] PHP Fatal error:  Uncaught Error: Call to undefined function as_schedule_single_action() in /wordpress/wp-content/plugins/super-payments/super-payments.php:65\nStack trace:\n#0 /wordpress/wp-includes/class-wp-hook.php(324): wcsp_on_activate(false)\n#1 /wordpress/wp-includes/class-wp-hook.php(348): WP_Hook->apply_filters('', Array)\n#2 /wordpress/wp-includes/plugin.php(517): WP_Hook->do_action(Array)\n#3 /wordpress/wp-admin/includes/plugin.php(703): do_action('activate_super-...', false)\n#4 /internal/eval.php(20): activate_plugin('super-payments/...')\n#5 {main}\n  thrown in /wordpress/wp-content/plugins/super-payments/super-payments.php on line 65",
    "log": "/logs/plugins/s/sidekick-it/error.json"
  },
  {
    "message": "Uncaught Error: Call to undefined function as_schedule_single_action() in /wordpress/wp-content/plugins/super-payments/super-payments.php:65",
    "level": "FATAL",
    "type": "PHP",
    "test": "ast-sqlite-boot",
    "plugin": "sidekick-it",
    "details": "[18-Jun-2025 08:37:19 UTC] PHP Fatal error:  Uncaught Error: Call to undefined function as_schedule_single_action() in /wordpress/wp-content/plugins/super-payments/super-payments.php:65\nStack trace:\n#0 /wordpress/wp-includes/class-wp-hook.php(324): wcsp_on_activate(false)\n#1 /wordpress/wp-includes/class-wp-hook.php(348): WP_Hook->apply_filters('', Array)\n#2 /wordpress/wp-includes/plugin.php(517): WP_Hook->do_action(Array)\n#3 /wordpress/wp-admin/includes/plugin.php(703): do_action('activate_super-...', false)\n#4 /internal/eval.php(20): activate_plugin('super-payments/...')\n#5 {main}\n  thrown in /wordpress/wp-content/plugins/super-payments/super-payments.php on line 65",
    "log": "/logs/plugins/s/sidekick-it/error.json"
  },
  {
    "message": "Uncaught Error: Call to undefined function create_function() in /wordpress/wp-content/plugins/sharelock4wp/sharelk4wp.php:198",
    "level": "FATAL",
    "type": "PHP",
    "test": "ast-sqlite-boot",
    "plugin": "sidekick-it",
    "details": "[18-Jun-2025 08:37:57 UTC] PHP Fatal error:  Uncaught Error: Call to undefined function create_function() in /wordpress/wp-content/plugins/sharelock4wp/sharelk4wp.php:198\nStack trace:\n#0 /wordpress/wp-admin/includes/plugin.php(2387): include_once()\n#1 /wordpress/wp-admin/includes/plugin.php(673): plugin_sandbox_scrape('sharelock4wp/sh...')\n#2 /internal/eval.php(20): activate_plugin('sharelock4wp/sh...')\n#3 {main}\n  thrown in /wordpress/wp-content/plugins/sharelock4wp/sharelk4wp.php on line 198",
    "log": "/logs/plugins/s/sidekick-it/error.json"
  },
  {
    "message": "Uncaught Error: Call to undefined function create_function() in /wordpress/wp-content/plugins/sharelock4wp/sharelk4wp.php:198",
    "level": "FATAL",
    "type": "PHP",
    "test": "ast-sqlite-boot",
    "plugin": "sidekick-it",
    "details": "[18-Jun-2025 08:38:05 UTC] PHP Fatal error:  Uncaught Error: Call to undefined function create_function() in /wordpress/wp-content/plugins/sharelock4wp/sharelk4wp.php:198\nStack trace:\n#0 /wordpress/wp-admin/includes/plugin.php(2387): include_once()\n#1 /wordpress/wp-admin/includes/plugin.php(673): plugin_sandbox_scrape('sharelock4wp/sh...')\n#2 /internal/eval.php(20): activate_plugin('sharelock4wp/sh...')\n#3 {main}\n  thrown in /wordpress/wp-content/plugins/sharelock4wp/sharelk4wp.php on line 198",
    "log": "/logs/plugins/s/sidekick-it/error.json"
  },
  {
    "message": "Uncaught Error: Call to undefined function create_function() in /wordpress/wp-content/plugins/sharelock4wp/sharelk4wp.php:198",
    "level": "FATAL",
    "type": "PHP",
    "test": "ast-sqlite-boot",
    "plugin": "sidekick-it",
    "details": "[18-Jun-2025 08:38:14 UTC] PHP Fatal error:  Uncaught Error: Call to undefined function create_function() in /wordpress/wp-content/plugins/sharelock4wp/sharelk4wp.php:198\nStack trace:\n#0 /wordpress/wp-admin/includes/plugin.php(2387): include_once()\n#1 /wordpress/wp-admin/includes/plugin.php(673): plugin_sandbox_scrape('sharelock4wp/sh...')\n#2 /internal/eval.php(20): activate_plugin('sharelock4wp/sh...')\n#3 {main}\n  thrown in /wordpress/wp-content/plugins/sharelock4wp/sharelk4wp.php on line 198",
    "log": "/logs/plugins/s/sidekick-it/error.json"
  },
  {
    "message": "Undefined array key 0 in /wordpress/wp-includes/plugin.php on line 1001",
    "level": "WARNING",
    "type": "PHP",
    "test": "ast-sqlite-boot",
    "plugin": "sidekick-it",
    "details": "[18-Jun-2025 08:41:40 UTC] PHP Warning:  Undefined array key 0 in /wordpress/wp-includes/plugin.php on line 1001",
    "log": "/logs/plugins/s/sidekick-it/error.json"
  },
  {
    "message": "Undefined array key 0 in /wordpress/wp-includes/plugin.php on line 1004",
    "level": "WARNING",
    "type": "PHP",
    "test": "ast-sqlite-boot",
    "plugin": "sidekick-it",
    "details": "[18-Jun-2025 08:41:40 UTC] PHP Warning:  Undefined array key 0 in /wordpress/wp-includes/plugin.php on line 1004",
    "log": "/logs/plugins/s/sidekick-it/error.json"
  },
  {
    "message": "Undefined array key 0 in /wordpress/wp-includes/plugin.php on line 1001",
    "level": "WARNING",
    "type": "PHP",
    "test": "ast-sqlite-boot",
    "plugin": "sidekick-it",
    "details": "[18-Jun-2025 08:41:40 UTC] PHP Warning:  Undefined array key 0 in /wordpress/wp-includes/plugin.php on line 1001",
    "log": "/logs/plugins/s/sidekick-it/error.json"
  },
  {
    "message": "Undefined array key 0 in /wordpress/wp-includes/plugin.php on line 1004",
    "level": "WARNING",
    "type": "PHP",
    "test": "ast-sqlite-boot",
    "plugin": "sidekick-it",
    "details": "[18-Jun-2025 08:41:40 UTC] PHP Warning:  Undefined array key 0 in /wordpress/wp-includes/plugin.php on line 1004",
    "log": "/logs/plugins/s/sidekick-it/error.json"
  },
  {
    "message": "Undefined array key 0 in /wordpress/wp-includes/plugin.php on line 1001",
    "level": "WARNING",
    "type": "PHP",
    "test": "ast-sqlite-boot",
    "plugin": "sidekick-it",
    "details": "[18-Jun-2025 08:41:49 UTC] PHP Warning:  Undefined array key 0 in /wordpress/wp-includes/plugin.php on line 1001",
    "log": "/logs/plugins/s/sidekick-it/error.json"
  },
  {
    "message": "Undefined array key 0 in /wordpress/wp-includes/plugin.php on line 1004",
    "level": "WARNING",
    "type": "PHP",
    "test": "ast-sqlite-boot",
    "plugin": "sidekick-it",
    "details": "[18-Jun-2025 08:41:49 UTC] PHP Warning:  Undefined array key 0 in /wordpress/wp-includes/plugin.php on line 1004",
    "log": "/logs/plugins/s/sidekick-it/error.json"
  },
  {
    "message": "Undefined array key 0 in /wordpress/wp-includes/plugin.php on line 1001",
    "level": "WARNING",
    "type": "PHP",
    "test": "ast-sqlite-boot",
    "plugin": "sidekick-it",
    "details": "[18-Jun-2025 08:41:49 UTC] PHP Warning:  Undefined array key 0 in /wordpress/wp-includes/plugin.php on line 1001",
    "log": "/logs/plugins/s/sidekick-it/error.json"
  },
  {
    "message": "Undefined array key 0 in /wordpress/wp-includes/plugin.php on line 1004",
    "level": "WARNING",
    "type": "PHP",
    "test": "ast-sqlite-boot",
    "plugin": "sidekick-it",
    "details": "[18-Jun-2025 08:41:49 UTC] PHP Warning:  Undefined array key 0 in /wordpress/wp-includes/plugin.php on line 1004",
    "log": "/logs/plugins/s/sidekick-it/error.json"
  },
  {
    "message": "Undefined array key 0 in /wordpress/wp-includes/plugin.php on line 1001",
    "level": "WARNING",
    "type": "PHP",
    "test": "ast-sqlite-boot",
    "plugin": "sidekick-it",
    "details": "[18-Jun-2025 08:41:58 UTC] PHP Warning:  Undefined array key 0 in /wordpress/wp-includes/plugin.php on line 1001",
    "log": "/logs/plugins/s/sidekick-it/error.json"
  },
  {
    "message": "Undefined array key 0 in /wordpress/wp-includes/plugin.php on line 1004",
    "level": "WARNING",
    "type": "PHP",
    "test": "ast-sqlite-boot",
    "plugin": "sidekick-it",
    "details": "[18-Jun-2025 08:41:58 UTC] PHP Warning:  Undefined array key 0 in /wordpress/wp-includes/plugin.php on line 1004",
    "log": "/logs/plugins/s/sidekick-it/error.json"
  },
  {
    "message": "Undefined array key 0 in /wordpress/wp-includes/plugin.php on line 1001",
    "level": "WARNING",
    "type": "PHP",
    "test": "ast-sqlite-boot",
    "plugin": "sidekick-it",
    "details": "[18-Jun-2025 08:41:58 UTC] PHP Warning:  Undefined array key 0 in /wordpress/wp-includes/plugin.php on line 1001",
    "log": "/logs/plugins/s/sidekick-it/error.json"
  },
  {
    "message": "Undefined array key 0 in /wordpress/wp-includes/plugin.php on line 1004",
    "level": "WARNING",
    "type": "PHP",
    "test": "ast-sqlite-boot",
    "plugin": "sidekick-it",
    "details": "[18-Jun-2025 08:41:58 UTC] PHP Warning:  Undefined array key 0 in /wordpress/wp-includes/plugin.php on line 1004",
    "log": "/logs/plugins/s/sidekick-it/error.json"
  },
  {
    "message": "[18-Jun-2025 08:44:26 UTC] [Squad Modules] [ERROR]: [Missing Divi] Requirements check failed: Divi Installation. Current: Not installed. Expected: Divi theme or Divi Builder plugin must be installed.",
    "level": "INFO",
    "type": "OTHER",
    "test": "ast-sqlite-boot",
    "plugin": "sidekick-it",
    "details": "[18-Jun-2025 08:44:26 UTC] [Squad Modules] [ERROR]: [Missing Divi] Requirements check failed: Divi Installation. Current: Not installed. Expected: Divi theme or Divi Builder plugin must be installed.",
    "log": "/logs/plugins/s/sidekick-it/error.json"
  },
  {
    "message": "[18-Jun-2025 08:44:28 UTC] [Squad Modules] [ERROR]: [Missing Divi] Requirements check failed: Divi Installation. Current: Not installed. Expected: Divi theme or Divi Builder plugin must be installed.",
    "level": "INFO",
    "type": "OTHER",
    "test": "ast-sqlite-boot",
    "plugin": "sidekick-it",
    "details": "[18-Jun-2025 08:44:28 UTC] [Squad Modules] [ERROR]: [Missing Divi] Requirements check failed: Divi Installation. Current: Not installed. Expected: Divi theme or Divi Builder plugin must be installed.",
    "log": "/logs/plugins/s/sidekick-it/error.json"
  },
  {
    "message": "[18-Jun-2025 08:44:35 UTC] [Squad Modules] [ERROR]: [Missing Divi] Requirements check failed: Divi Installation. Current: Not installed. Expected: Divi theme or Divi Builder plugin must be installed.",
    "level": "INFO",
    "type": "OTHER",
    "test": "ast-sqlite-boot",
    "plugin": "sidekick-it",
    "details": "[18-Jun-2025 08:44:35 UTC] [Squad Modules] [ERROR]: [Missing Divi] Requirements check failed: Divi Installation. Current: Not installed. Expected: Divi theme or Divi Builder plugin must be installed.",
    "log": "/logs/plugins/s/sidekick-it/error.json"
  },
  {
    "message": "[18-Jun-2025 08:44:47 UTC] [Squad Modules] [ERROR]: [Missing Divi] Requirements check failed: Divi Installation. Current: Not installed. Expected: Divi theme or Divi Builder plugin must be installed.",
    "level": "INFO",
    "type": "OTHER",
    "test": "ast-sqlite-boot",
    "plugin": "sidekick-it",
    "details": "[18-Jun-2025 08:44:47 UTC] [Squad Modules] [ERROR]: [Missing Divi] Requirements check failed: Divi Installation. Current: Not installed. Expected: Divi theme or Divi Builder plugin must be installed.",
    "log": "/logs/plugins/s/sidekick-it/error.json"
  },
  {
    "message": "[18-Jun-2025 08:44:49 UTC] [Squad Modules] [ERROR]: [Missing Divi] Requirements check failed: Divi Installation. Current: Not installed. Expected: Divi theme or Divi Builder plugin must be installed.",
    "level": "INFO",
    "type": "OTHER",
    "test": "ast-sqlite-boot",
    "plugin": "sidekick-it",
    "details": "[18-Jun-2025 08:44:49 UTC] [Squad Modules] [ERROR]: [Missing Divi] Requirements check failed: Divi Installation. Current: Not installed. Expected: Divi theme or Divi Builder plugin must be installed.",
    "log": "/logs/plugins/s/sidekick-it/error.json"
  },
  {
    "message": "[18-Jun-2025 08:44:53 UTC] [Squad Modules] [ERROR]: [Missing Divi] Requirements check failed: Divi Installation. Current: Not installed. Expected: Divi theme or Divi Builder plugin must be installed.",
    "level": "INFO",
    "type": "OTHER",
    "test": "ast-sqlite-boot",
    "plugin": "sidekick-it",
    "details": "[18-Jun-2025 08:44:53 UTC] [Squad Modules] [ERROR]: [Missing Divi] Requirements check failed: Divi Installation. Current: Not installed. Expected: Divi theme or Divi Builder plugin must be installed.",
    "log": "/logs/plugins/s/sidekick-it/error.json"
  },
  {
    "message": "[18-Jun-2025 08:44:54 UTC] [Squad Modules] [ERROR]: [Missing Divi] Requirements check failed: Divi Installation. Current: Not installed. Expected: Divi theme or Divi Builder plugin must be installed.",
    "level": "INFO",
    "type": "OTHER",
    "test": "ast-sqlite-boot",
    "plugin": "sidekick-it",
    "details": "[18-Jun-2025 08:44:54 UTC] [Squad Modules] [ERROR]: [Missing Divi] Requirements check failed: Divi Installation. Current: Not installed. Expected: Divi theme or Divi Builder plugin must be installed.",
    "log": "/logs/plugins/s/sidekick-it/error.json"
  },
  {
    "message": "[18-Jun-2025 08:45:08 UTC] [Squad Modules] [ERROR]: [Missing Divi] Requirements check failed: Divi Installation. Current: Not installed. Expected: Divi theme or Divi Builder plugin must be installed.",
    "level": "INFO",
    "type": "OTHER",
    "test": "ast-sqlite-boot",
    "plugin": "sidekick-it",
    "details": "[18-Jun-2025 08:45:08 UTC] [Squad Modules] [ERROR]: [Missing Divi] Requirements check failed: Divi Installation. Current: Not installed. Expected: Divi theme or Divi Builder plugin must be installed.",
    "log": "/logs/plugins/s/sidekick-it/error.json"
  },
  {
    "message": "[18-Jun-2025 08:45:10 UTC] [Squad Modules] [ERROR]: [Missing Divi] Requirements check failed: Divi Installation. Current: Not installed. Expected: Divi theme or Divi Builder plugin must be installed.",
    "level": "INFO",
    "type": "OTHER",
    "test": "ast-sqlite-boot",
    "plugin": "sidekick-it",
    "details": "[18-Jun-2025 08:45:10 UTC] [Squad Modules] [ERROR]: [Missing Divi] Requirements check failed: Divi Installation. Current: Not installed. Expected: Divi theme or Divi Builder plugin must be installed.",
    "log": "/logs/plugins/s/sidekick-it/error.json"
  },
  {
    "message": "[18-Jun-2025 08:45:14 UTC] [Squad Modules] [ERROR]: [Missing Divi] Requirements check failed: Divi Installation. Current: Not installed. Expected: Divi theme or Divi Builder plugin must be installed.",
    "level": "INFO",
    "type": "OTHER",
    "test": "ast-sqlite-boot",
    "plugin": "sidekick-it",
    "details": "[18-Jun-2025 08:45:14 UTC] [Squad Modules] [ERROR]: [Missing Divi] Requirements check failed: Divi Installation. Current: Not installed. Expected: Divi theme or Divi Builder plugin must be installed.",
    "log": "/logs/plugins/s/sidekick-it/error.json"
  },
  {
    "message": "[18-Jun-2025 08:45:15 UTC] [Squad Modules] [ERROR]: [Missing Divi] Requirements check failed: Divi Installation. Current: Not installed. Expected: Divi theme or Divi Builder plugin must be installed.",
    "level": "INFO",
    "type": "OTHER",
    "test": "ast-sqlite-boot",
    "plugin": "sidekick-it",
    "details": "[18-Jun-2025 08:45:15 UTC] [Squad Modules] [ERROR]: [Missing Divi] Requirements check failed: Divi Installation. Current: Not installed. Expected: Divi theme or Divi Builder plugin must be installed.",
    "log": "/logs/plugins/s/sidekick-it/error.json"
  },
  {
    "message": "Function register_sidebar_widget is <strong>deprecated</strong> since version 2.8.0! Use wp_register_sidebar_widget() instead. in /wordpress/wp-includes/functions.php on line 6121",
    "level": "DEPRECATED",
    "type": "PHP",
    "test": "ast-sqlite-boot",
    "plugin": "sidekick-it",
    "details": "[18-Jun-2025 08:47:36 UTC] PHP Deprecated:  Function register_sidebar_widget is <strong>deprecated</strong> since version 2.8.0! Use wp_register_sidebar_widget() instead. in /wordpress/wp-includes/functions.php on line 6121",
    "log": "/logs/plugins/s/sidekick-it/error.json"
  },
  {
    "message": "Function register_sidebar_widget is <strong>deprecated</strong> since version 2.8.0! Use wp_register_sidebar_widget() instead. in /wordpress/wp-includes/functions.php on line 6121",
    "level": "DEPRECATED",
    "type": "PHP",
    "test": "ast-sqlite-boot",
    "plugin": "sidekick-it",
    "details": "[18-Jun-2025 08:47:37 UTC] PHP Deprecated:  Function register_sidebar_widget is <strong>deprecated</strong> since version 2.8.0! Use wp_register_sidebar_widget() instead. in /wordpress/wp-includes/functions.php on line 6121",
    "log": "/logs/plugins/s/sidekick-it/error.json"
  },
  {
    "message": "Function register_sidebar_widget is <strong>deprecated</strong> since version 2.8.0! Use wp_register_sidebar_widget() instead. in /wordpress/wp-includes/functions.php on line 6121",
    "level": "DEPRECATED",
    "type": "PHP",
    "test": "ast-sqlite-boot",
    "plugin": "sidekick-it",
    "details": "[18-Jun-2025 08:47:46 UTC] PHP Deprecated:  Function register_sidebar_widget is <strong>deprecated</strong> since version 2.8.0! Use wp_register_sidebar_widget() instead. in /wordpress/wp-includes/functions.php on line 6121",
    "log": "/logs/plugins/s/sidekick-it/error.json"
  },
  {
    "message": "Function register_sidebar_widget is <strong>deprecated</strong> since version 2.8.0! Use wp_register_sidebar_widget() instead. in /wordpress/wp-includes/functions.php on line 6121",
    "level": "DEPRECATED",
    "type": "PHP",
    "test": "ast-sqlite-boot",
    "plugin": "sidekick-it",
    "details": "[18-Jun-2025 08:47:47 UTC] PHP Deprecated:  Function register_sidebar_widget is <strong>deprecated</strong> since version 2.8.0! Use wp_register_sidebar_widget() instead. in /wordpress/wp-includes/functions.php on line 6121",
    "log": "/logs/plugins/s/sidekick-it/error.json"
  },
  {
    "message": "Function register_sidebar_widget is <strong>deprecated</strong> since version 2.8.0! Use wp_register_sidebar_widget() instead. in /wordpress/wp-includes/functions.php on line 6121",
    "level": "DEPRECATED",
    "type": "PHP",
    "test": "ast-sqlite-boot",
    "plugin": "sidekick-it",
    "details": "[18-Jun-2025 08:47:56 UTC] PHP Deprecated:  Function register_sidebar_widget is <strong>deprecated</strong> since version 2.8.0! Use wp_register_sidebar_widget() instead. in /wordpress/wp-includes/functions.php on line 6121",
    "log": "/logs/plugins/s/sidekick-it/error.json"
  },
  {
    "message": "Function register_sidebar_widget is <strong>deprecated</strong> since version 2.8.0! Use wp_register_sidebar_widget() instead. in /wordpress/wp-includes/functions.php on line 6121",
    "level": "DEPRECATED",
    "type": "PHP",
    "test": "ast-sqlite-boot",
    "plugin": "sidekick-it",
    "details": "[18-Jun-2025 08:47:57 UTC] PHP Deprecated:  Function register_sidebar_widget is <strong>deprecated</strong> since version 2.8.0! Use wp_register_sidebar_widget() instead. in /wordpress/wp-includes/functions.php on line 6121\n\n    at Object.onBind (file:///home/runner/work/playground-tester/playground-tester/node_modules/@wp-playground/cli/run-cli-j-geJYS3.js:325:15)\n    at process.processTicksAndRejections (node:internal/process/task_queues:105:5)\n    at async re (file:///home/runner/work/playground-tester/playground-tester/node_modules/@wp-playground/cli/run-cli-j-geJYS3.js:149:10) {\n  [cause]: Error: Error when executing the blueprint step #5 ({\"step\":\"installPlugin\",\"pluginData\":{\"resource\":\"wordpress.org/plugins\",\"slug\":\"sidekick-it\"},\"options\":{\"activate\":true}}) : Could not download \"https://downloads.wordpress.org/plugin/sidekick-it.latest-stable.zip\".\n  \t\t\t\tCheck if the URL is correct and the server is reachable.\n  \t\t\t\tIf it is reachable, the server might be blocking the request.\n  \t\t\t\tCheck the browser console and network tabs for more information.\n  \n  \t\t\t\t## Does the console show the error \"No 'Access-Control-Allow-Origin' header\"?\n  \n  \t\t\t\tThis means the server that hosts your file does not allow requests from other sites\n  \t\t\t\t(cross-origin requests, or CORS).\tYou need to move the asset to a server that allows\n  \t\t\t\tcross-origin file downloads. Learn more about CORS at\n  \t\t\t\thttps://developer.mozilla.org/en-US/docs/Web/HTTP/CORS.\n  \n  \t\t\t\tIf your file is on GitHub, load it from \"raw.githubusercontent.com\".\n  \t\t\t\tHere's how to do that:\n  \n  \t\t\t\t1. Start with the original GitHub URL of the file. For example:\n  \t\t\t\thttps://github.com/username/repository/blob/branch/filename.\n  \t\t\t\t2. Replace \"github.com\" with \"raw.githubusercontent.com\".\n  \t\t\t\t3. Remove the \"/blob/\" part of the URL.\n  \n  \t\t\t\tThe resulting URL should look like this:\n  \t\t\t\thttps://raw.githubusercontent.com/username/repository/branch/filename\n  \n  \t\t\t\tError:\n  \t\t\t\tError: Could not download \"https://downloads.wordpress.org/plugin/sidekick-it.latest-stable.zip\"\n      at Object.run (file:///home/runner/work/playground-tester/playground-tester/node_modules/@wp-playground/blueprints/index.js:12093:19)\n      at process.processTicksAndRejections (node:internal/process/task_queues:105:5)\n      at async ys (file:///home/runner/work/playground-tester/playground-tester/node_modules/@wp-playground/blueprints/index.js:12196:3)\n      at async Object.onBind (file:///home/runner/work/playground-tester/playground-tester/node_modules/@wp-playground/cli/run-cli-j-geJYS3.js:315:48)\n      at async re (file:///home/runner/work/playground-tester/playground-tester/node_modules/@wp-playground/cli/run-cli-j-geJYS3.js:149:10) {\n    [cause]: Error: Could not download \"https://downloads.wordpress.org/plugin/sidekick-it.latest-stable.zip\".\n    \t\t\t\tCheck if the URL is correct and the server is reachable.\n    \t\t\t\tIf it is reachable, the server might be blocking the request.\n    \t\t\t\tCheck the browser console and network tabs for more information.\n    \n    \t\t\t\t## Does the console show the error \"No 'Access-Control-Allow-Origin' header\"?\n    \n    \t\t\t\tThis means the server that hosts your file does not allow requests from other sites\n    \t\t\t\t(cross-origin requests, or CORS).\tYou need to move the asset to a server that allows\n    \t\t\t\tcross-origin file downloads. Learn more about CORS at\n    \t\t\t\thttps://developer.mozilla.org/en-US/docs/Web/HTTP/CORS.\n    \n    \t\t\t\tIf your file is on GitHub, load it from \"raw.githubusercontent.com\".\n    \t\t\t\tHere's how to do that:\n    \n    \t\t\t\t1. Start with the original GitHub URL of the file. For example:\n    \t\t\t\thttps://github.com/username/repository/blob/branch/filename.\n    \t\t\t\t2. Replace \"github.com\" with \"raw.githubusercontent.com\".\n    \t\t\t\t3. Remove the \"/blob/\" part of the URL.\n    \n    \t\t\t\tThe resulting URL should look like this:\n    \t\t\t\thttps://raw.githubusercontent.com/username/repository/branch/filename\n    \n    \t\t\t\tError:\n    \t\t\t\tError: Could not download \"https://downloads.wordpress.org/plugin/sidekick-it.latest-stable.zip\"\n        at Ct.resolve (file:///home/runner/work/playground-tester/playground-tester/node_modules/@wp-playground/blueprints/index.js:1129:13)\n        at process.processTicksAndRejections (node:internal/process/task_queues:105:5)\n        at async _.run (file:///home/runner/work/playground-tester/playground-tester/node_modules/@php-wasm/util/index.js:45:14)\n  }\n}\n\n",
    "log": "/logs/plugins/s/sidekick-it/error.json"
  },
  {
    "message": "file:///home/runner/work/playground-tester/playground-tester/node_modules/@wp-playground/cli/run-cli-j-geJYS3.js:325\n        throw new Error($, { cause: h });\n              ^\n",
    "level": "FATAL",
    "type": "PLAYGROUND",
    "test": "asyncify-boot",
    "plugin": "sidekick-it",
    "details": "file:///home/runner/work/playground-tester/playground-tester/node_modules/@wp-playground/cli/run-cli-j-geJYS3.js:325\n        throw new Error($, { cause: h });\n              ^\n",
    "log": "/tmp/tmp.ptxTU5mcEn"
  },
  {
    "message": "Uncaught Error: Call to undefined function as_schedule_single_action() in /wordpress/wp-content/plugins/super-payments/super-payments.php:65",
    "level": "FATAL",
    "type": "PHP",
    "test": "asyncify-boot",
    "plugin": "sidekick-it",
    "details": "[18-Jun-2025 08:37:03 UTC] PHP Fatal error:  Uncaught Error: Call to undefined function as_schedule_single_action() in /wordpress/wp-content/plugins/super-payments/super-payments.php:65\nStack trace:\n#0 /wordpress/wp-includes/class-wp-hook.php(324): wcsp_on_activate(false)\n#1 /wordpress/wp-includes/class-wp-hook.php(348): WP_Hook->apply_filters('', Array)\n#2 /wordpress/wp-includes/plugin.php(517): WP_Hook->do_action(Array)\n#3 /wordpress/wp-admin/includes/plugin.php(703): do_action('activate_super-...', false)\n#4 /internal/eval.php(20): activate_plugin('super-payments/...')\n#5 {main}\n  thrown in /wordpress/wp-content/plugins/super-payments/super-payments.php on line 65",
    "log": "/logs/plugins/s/sidekick-it/error.json"
  },
  {
    "message": "Uncaught Error: Call to undefined function as_schedule_single_action() in /wordpress/wp-content/plugins/super-payments/super-payments.php:65",
    "level": "FATAL",
    "type": "PHP",
    "test": "asyncify-boot",
    "plugin": "sidekick-it",
    "details": "[18-Jun-2025 08:37:11 UTC] PHP Fatal error:  Uncaught Error: Call to undefined function as_schedule_single_action() in /wordpress/wp-content/plugins/super-payments/super-payments.php:65\nStack trace:\n#0 /wordpress/wp-includes/class-wp-hook.php(324): wcsp_on_activate(false)\n#1 /wordpress/wp-includes/class-wp-hook.php(348): WP_Hook->apply_filters('', Array)\n#2 /wordpress/wp-includes/plugin.php(517): WP_Hook->do_action(Array)\n#3 /wordpress/wp-admin/includes/plugin.php(703): do_action('activate_super-...', false)\n#4 /internal/eval.php(20): activate_plugin('super-payments/...')\n#5 {main}\n  thrown in /wordpress/wp-content/plugins/super-payments/super-payments.php on line 65",
    "log": "/logs/plugins/s/sidekick-it/error.json"
  },
  {
    "message": "Uncaught Error: Call to undefined function as_schedule_single_action() in /wordpress/wp-content/plugins/super-payments/super-payments.php:65",
    "level": "FATAL",
    "type": "PHP",
    "test": "asyncify-boot",
    "plugin": "sidekick-it",
    "details": "[18-Jun-2025 08:37:19 UTC] PHP Fatal error:  Uncaught Error: Call to undefined function as_schedule_single_action() in /wordpress/wp-content/plugins/super-payments/super-payments.php:65\nStack trace:\n#0 /wordpress/wp-includes/class-wp-hook.php(324): wcsp_on_activate(false)\n#1 /wordpress/wp-includes/class-wp-hook.php(348): WP_Hook->apply_filters('', Array)\n#2 /wordpress/wp-includes/plugin.php(517): WP_Hook->do_action(Array)\n#3 /wordpress/wp-admin/includes/plugin.php(703): do_action('activate_super-...', false)\n#4 /internal/eval.php(20): activate_plugin('super-payments/...')\n#5 {main}\n  thrown in /wordpress/wp-content/plugins/super-payments/super-payments.php on line 65",
    "log": "/logs/plugins/s/sidekick-it/error.json"
  },
  {
    "message": "Uncaught Error: Call to undefined function create_function() in /wordpress/wp-content/plugins/sharelock4wp/sharelk4wp.php:198",
    "level": "FATAL",
    "type": "PHP",
    "test": "asyncify-boot",
    "plugin": "sidekick-it",
    "details": "[18-Jun-2025 08:37:57 UTC] PHP Fatal error:  Uncaught Error: Call to undefined function create_function() in /wordpress/wp-content/plugins/sharelock4wp/sharelk4wp.php:198\nStack trace:\n#0 /wordpress/wp-admin/includes/plugin.php(2387): include_once()\n#1 /wordpress/wp-admin/includes/plugin.php(673): plugin_sandbox_scrape('sharelock4wp/sh...')\n#2 /internal/eval.php(20): activate_plugin('sharelock4wp/sh...')\n#3 {main}\n  thrown in /wordpress/wp-content/plugins/sharelock4wp/sharelk4wp.php on line 198",
    "log": "/logs/plugins/s/sidekick-it/error.json"
  },
  {
    "message": "Uncaught Error: Call to undefined function create_function() in /wordpress/wp-content/plugins/sharelock4wp/sharelk4wp.php:198",
    "level": "FATAL",
    "type": "PHP",
    "test": "asyncify-boot",
    "plugin": "sidekick-it",
    "details": "[18-Jun-2025 08:38:05 UTC] PHP Fatal error:  Uncaught Error: Call to undefined function create_function() in /wordpress/wp-content/plugins/sharelock4wp/sharelk4wp.php:198\nStack trace:\n#0 /wordpress/wp-admin/includes/plugin.php(2387): include_once()\n#1 /wordpress/wp-admin/includes/plugin.php(673): plugin_sandbox_scrape('sharelock4wp/sh...')\n#2 /internal/eval.php(20): activate_plugin('sharelock4wp/sh...')\n#3 {main}\n  thrown in /wordpress/wp-content/plugins/sharelock4wp/sharelk4wp.php on line 198",
    "log": "/logs/plugins/s/sidekick-it/error.json"
  },
  {
    "message": "Uncaught Error: Call to undefined function create_function() in /wordpress/wp-content/plugins/sharelock4wp/sharelk4wp.php:198",
    "level": "FATAL",
    "type": "PHP",
    "test": "asyncify-boot",
    "plugin": "sidekick-it",
    "details": "[18-Jun-2025 08:38:14 UTC] PHP Fatal error:  Uncaught Error: Call to undefined function create_function() in /wordpress/wp-content/plugins/sharelock4wp/sharelk4wp.php:198\nStack trace:\n#0 /wordpress/wp-admin/includes/plugin.php(2387): include_once()\n#1 /wordpress/wp-admin/includes/plugin.php(673): plugin_sandbox_scrape('sharelock4wp/sh...')\n#2 /internal/eval.php(20): activate_plugin('sharelock4wp/sh...')\n#3 {main}\n  thrown in /wordpress/wp-content/plugins/sharelock4wp/sharelk4wp.php on line 198",
    "log": "/logs/plugins/s/sidekick-it/error.json"
  },
  {
    "message": "Undefined array key 0 in /wordpress/wp-includes/plugin.php on line 1001",
    "level": "WARNING",
    "type": "PHP",
    "test": "asyncify-boot",
    "plugin": "sidekick-it",
    "details": "[18-Jun-2025 08:41:40 UTC] PHP Warning:  Undefined array key 0 in /wordpress/wp-includes/plugin.php on line 1001",
    "log": "/logs/plugins/s/sidekick-it/error.json"
  },
  {
    "message": "Undefined array key 0 in /wordpress/wp-includes/plugin.php on line 1004",
    "level": "WARNING",
    "type": "PHP",
    "test": "asyncify-boot",
    "plugin": "sidekick-it",
    "details": "[18-Jun-2025 08:41:40 UTC] PHP Warning:  Undefined array key 0 in /wordpress/wp-includes/plugin.php on line 1004",
    "log": "/logs/plugins/s/sidekick-it/error.json"
  },
  {
    "message": "Undefined array key 0 in /wordpress/wp-includes/plugin.php on line 1001",
    "level": "WARNING",
    "type": "PHP",
    "test": "asyncify-boot",
    "plugin": "sidekick-it",
    "details": "[18-Jun-2025 08:41:40 UTC] PHP Warning:  Undefined array key 0 in /wordpress/wp-includes/plugin.php on line 1001",
    "log": "/logs/plugins/s/sidekick-it/error.json"
  },
  {
    "message": "Undefined array key 0 in /wordpress/wp-includes/plugin.php on line 1004",
    "level": "WARNING",
    "type": "PHP",
    "test": "asyncify-boot",
    "plugin": "sidekick-it",
    "details": "[18-Jun-2025 08:41:40 UTC] PHP Warning:  Undefined array key 0 in /wordpress/wp-includes/plugin.php on line 1004",
    "log": "/logs/plugins/s/sidekick-it/error.json"
  },
  {
    "message": "Undefined array key 0 in /wordpress/wp-includes/plugin.php on line 1001",
    "level": "WARNING",
    "type": "PHP",
    "test": "asyncify-boot",
    "plugin": "sidekick-it",
    "details": "[18-Jun-2025 08:41:49 UTC] PHP Warning:  Undefined array key 0 in /wordpress/wp-includes/plugin.php on line 1001",
    "log": "/logs/plugins/s/sidekick-it/error.json"
  },
  {
    "message": "Undefined array key 0 in /wordpress/wp-includes/plugin.php on line 1004",
    "level": "WARNING",
    "type": "PHP",
    "test": "asyncify-boot",
    "plugin": "sidekick-it",
    "details": "[18-Jun-2025 08:41:49 UTC] PHP Warning:  Undefined array key 0 in /wordpress/wp-includes/plugin.php on line 1004",
    "log": "/logs/plugins/s/sidekick-it/error.json"
  },
  {
    "message": "Undefined array key 0 in /wordpress/wp-includes/plugin.php on line 1001",
    "level": "WARNING",
    "type": "PHP",
    "test": "asyncify-boot",
    "plugin": "sidekick-it",
    "details": "[18-Jun-2025 08:41:49 UTC] PHP Warning:  Undefined array key 0 in /wordpress/wp-includes/plugin.php on line 1001",
    "log": "/logs/plugins/s/sidekick-it/error.json"
  },
  {
    "message": "Undefined array key 0 in /wordpress/wp-includes/plugin.php on line 1004",
    "level": "WARNING",
    "type": "PHP",
    "test": "asyncify-boot",
    "plugin": "sidekick-it",
    "details": "[18-Jun-2025 08:41:49 UTC] PHP Warning:  Undefined array key 0 in /wordpress/wp-includes/plugin.php on line 1004",
    "log": "/logs/plugins/s/sidekick-it/error.json"
  },
  {
    "message": "Undefined array key 0 in /wordpress/wp-includes/plugin.php on line 1001",
    "level": "WARNING",
    "type": "PHP",
    "test": "asyncify-boot",
    "plugin": "sidekick-it",
    "details": "[18-Jun-2025 08:41:58 UTC] PHP Warning:  Undefined array key 0 in /wordpress/wp-includes/plugin.php on line 1001",
    "log": "/logs/plugins/s/sidekick-it/error.json"
  },
  {
    "message": "Undefined array key 0 in /wordpress/wp-includes/plugin.php on line 1004",
    "level": "WARNING",
    "type": "PHP",
    "test": "asyncify-boot",
    "plugin": "sidekick-it",
    "details": "[18-Jun-2025 08:41:58 UTC] PHP Warning:  Undefined array key 0 in /wordpress/wp-includes/plugin.php on line 1004",
    "log": "/logs/plugins/s/sidekick-it/error.json"
  },
  {
    "message": "Undefined array key 0 in /wordpress/wp-includes/plugin.php on line 1001",
    "level": "WARNING",
    "type": "PHP",
    "test": "asyncify-boot",
    "plugin": "sidekick-it",
    "details": "[18-Jun-2025 08:41:58 UTC] PHP Warning:  Undefined array key 0 in /wordpress/wp-includes/plugin.php on line 1001",
    "log": "/logs/plugins/s/sidekick-it/error.json"
  },
  {
    "message": "Undefined array key 0 in /wordpress/wp-includes/plugin.php on line 1004",
    "level": "WARNING",
    "type": "PHP",
    "test": "asyncify-boot",
    "plugin": "sidekick-it",
    "details": "[18-Jun-2025 08:41:58 UTC] PHP Warning:  Undefined array key 0 in /wordpress/wp-includes/plugin.php on line 1004",
    "log": "/logs/plugins/s/sidekick-it/error.json"
  },
  {
    "message": "[18-Jun-2025 08:44:26 UTC] [Squad Modules] [ERROR]: [Missing Divi] Requirements check failed: Divi Installation. Current: Not installed. Expected: Divi theme or Divi Builder plugin must be installed.",
    "level": "INFO",
    "type": "OTHER",
    "test": "asyncify-boot",
    "plugin": "sidekick-it",
    "details": "[18-Jun-2025 08:44:26 UTC] [Squad Modules] [ERROR]: [Missing Divi] Requirements check failed: Divi Installation. Current: Not installed. Expected: Divi theme or Divi Builder plugin must be installed.",
    "log": "/logs/plugins/s/sidekick-it/error.json"
  },
  {
    "message": "[18-Jun-2025 08:44:28 UTC] [Squad Modules] [ERROR]: [Missing Divi] Requirements check failed: Divi Installation. Current: Not installed. Expected: Divi theme or Divi Builder plugin must be installed.",
    "level": "INFO",
    "type": "OTHER",
    "test": "asyncify-boot",
    "plugin": "sidekick-it",
    "details": "[18-Jun-2025 08:44:28 UTC] [Squad Modules] [ERROR]: [Missing Divi] Requirements check failed: Divi Installation. Current: Not installed. Expected: Divi theme or Divi Builder plugin must be installed.",
    "log": "/logs/plugins/s/sidekick-it/error.json"
  },
  {
    "message": "[18-Jun-2025 08:44:35 UTC] [Squad Modules] [ERROR]: [Missing Divi] Requirements check failed: Divi Installation. Current: Not installed. Expected: Divi theme or Divi Builder plugin must be installed.",
    "level": "INFO",
    "type": "OTHER",
    "test": "asyncify-boot",
    "plugin": "sidekick-it",
    "details": "[18-Jun-2025 08:44:35 UTC] [Squad Modules] [ERROR]: [Missing Divi] Requirements check failed: Divi Installation. Current: Not installed. Expected: Divi theme or Divi Builder plugin must be installed.",
    "log": "/logs/plugins/s/sidekick-it/error.json"
  },
  {
    "message": "[18-Jun-2025 08:44:47 UTC] [Squad Modules] [ERROR]: [Missing Divi] Requirements check failed: Divi Installation. Current: Not installed. Expected: Divi theme or Divi Builder plugin must be installed.",
    "level": "INFO",
    "type": "OTHER",
    "test": "asyncify-boot",
    "plugin": "sidekick-it",
    "details": "[18-Jun-2025 08:44:47 UTC] [Squad Modules] [ERROR]: [Missing Divi] Requirements check failed: Divi Installation. Current: Not installed. Expected: Divi theme or Divi Builder plugin must be installed.",
    "log": "/logs/plugins/s/sidekick-it/error.json"
  },
  {
    "message": "[18-Jun-2025 08:44:49 UTC] [Squad Modules] [ERROR]: [Missing Divi] Requirements check failed: Divi Installation. Current: Not installed. Expected: Divi theme or Divi Builder plugin must be installed.",
    "level": "INFO",
    "type": "OTHER",
    "test": "asyncify-boot",
    "plugin": "sidekick-it",
    "details": "[18-Jun-2025 08:44:49 UTC] [Squad Modules] [ERROR]: [Missing Divi] Requirements check failed: Divi Installation. Current: Not installed. Expected: Divi theme or Divi Builder plugin must be installed.",
    "log": "/logs/plugins/s/sidekick-it/error.json"
  },
  {
    "message": "[18-Jun-2025 08:44:53 UTC] [Squad Modules] [ERROR]: [Missing Divi] Requirements check failed: Divi Installation. Current: Not installed. Expected: Divi theme or Divi Builder plugin must be installed.",
    "level": "INFO",
    "type": "OTHER",
    "test": "asyncify-boot",
    "plugin": "sidekick-it",
    "details": "[18-Jun-2025 08:44:53 UTC] [Squad Modules] [ERROR]: [Missing Divi] Requirements check failed: Divi Installation. Current: Not installed. Expected: Divi theme or Divi Builder plugin must be installed.",
    "log": "/logs/plugins/s/sidekick-it/error.json"
  },
  {
    "message": "[18-Jun-2025 08:44:54 UTC] [Squad Modules] [ERROR]: [Missing Divi] Requirements check failed: Divi Installation. Current: Not installed. Expected: Divi theme or Divi Builder plugin must be installed.",
    "level": "INFO",
    "type": "OTHER",
    "test": "asyncify-boot",
    "plugin": "sidekick-it",
    "details": "[18-Jun-2025 08:44:54 UTC] [Squad Modules] [ERROR]: [Missing Divi] Requirements check failed: Divi Installation. Current: Not installed. Expected: Divi theme or Divi Builder plugin must be installed.",
    "log": "/logs/plugins/s/sidekick-it/error.json"
  },
  {
    "message": "[18-Jun-2025 08:45:08 UTC] [Squad Modules] [ERROR]: [Missing Divi] Requirements check failed: Divi Installation. Current: Not installed. Expected: Divi theme or Divi Builder plugin must be installed.",
    "level": "INFO",
    "type": "OTHER",
    "test": "asyncify-boot",
    "plugin": "sidekick-it",
    "details": "[18-Jun-2025 08:45:08 UTC] [Squad Modules] [ERROR]: [Missing Divi] Requirements check failed: Divi Installation. Current: Not installed. Expected: Divi theme or Divi Builder plugin must be installed.",
    "log": "/logs/plugins/s/sidekick-it/error.json"
  },
  {
    "message": "[18-Jun-2025 08:45:10 UTC] [Squad Modules] [ERROR]: [Missing Divi] Requirements check failed: Divi Installation. Current: Not installed. Expected: Divi theme or Divi Builder plugin must be installed.",
    "level": "INFO",
    "type": "OTHER",
    "test": "asyncify-boot",
    "plugin": "sidekick-it",
    "details": "[18-Jun-2025 08:45:10 UTC] [Squad Modules] [ERROR]: [Missing Divi] Requirements check failed: Divi Installation. Current: Not installed. Expected: Divi theme or Divi Builder plugin must be installed.",
    "log": "/logs/plugins/s/sidekick-it/error.json"
  },
  {
    "message": "[18-Jun-2025 08:45:14 UTC] [Squad Modules] [ERROR]: [Missing Divi] Requirements check failed: Divi Installation. Current: Not installed. Expected: Divi theme or Divi Builder plugin must be installed.",
    "level": "INFO",
    "type": "OTHER",
    "test": "asyncify-boot",
    "plugin": "sidekick-it",
    "details": "[18-Jun-2025 08:45:14 UTC] [Squad Modules] [ERROR]: [Missing Divi] Requirements check failed: Divi Installation. Current: Not installed. Expected: Divi theme or Divi Builder plugin must be installed.",
    "log": "/logs/plugins/s/sidekick-it/error.json"
  },
  {
    "message": "[18-Jun-2025 08:45:15 UTC] [Squad Modules] [ERROR]: [Missing Divi] Requirements check failed: Divi Installation. Current: Not installed. Expected: Divi theme or Divi Builder plugin must be installed.",
    "level": "INFO",
    "type": "OTHER",
    "test": "asyncify-boot",
    "plugin": "sidekick-it",
    "details": "[18-Jun-2025 08:45:15 UTC] [Squad Modules] [ERROR]: [Missing Divi] Requirements check failed: Divi Installation. Current: Not installed. Expected: Divi theme or Divi Builder plugin must be installed.",
    "log": "/logs/plugins/s/sidekick-it/error.json"
  },
  {
    "message": "Function register_sidebar_widget is <strong>deprecated</strong> since version 2.8.0! Use wp_register_sidebar_widget() instead. in /wordpress/wp-includes/functions.php on line 6121",
    "level": "DEPRECATED",
    "type": "PHP",
    "test": "asyncify-boot",
    "plugin": "sidekick-it",
    "details": "[18-Jun-2025 08:47:36 UTC] PHP Deprecated:  Function register_sidebar_widget is <strong>deprecated</strong> since version 2.8.0! Use wp_register_sidebar_widget() instead. in /wordpress/wp-includes/functions.php on line 6121",
    "log": "/logs/plugins/s/sidekick-it/error.json"
  },
  {
    "message": "Function register_sidebar_widget is <strong>deprecated</strong> since version 2.8.0! Use wp_register_sidebar_widget() instead. in /wordpress/wp-includes/functions.php on line 6121",
    "level": "DEPRECATED",
    "type": "PHP",
    "test": "asyncify-boot",
    "plugin": "sidekick-it",
    "details": "[18-Jun-2025 08:47:37 UTC] PHP Deprecated:  Function register_sidebar_widget is <strong>deprecated</strong> since version 2.8.0! Use wp_register_sidebar_widget() instead. in /wordpress/wp-includes/functions.php on line 6121",
    "log": "/logs/plugins/s/sidekick-it/error.json"
  },
  {
    "message": "Function register_sidebar_widget is <strong>deprecated</strong> since version 2.8.0! Use wp_register_sidebar_widget() instead. in /wordpress/wp-includes/functions.php on line 6121",
    "level": "DEPRECATED",
    "type": "PHP",
    "test": "asyncify-boot",
    "plugin": "sidekick-it",
    "details": "[18-Jun-2025 08:47:46 UTC] PHP Deprecated:  Function register_sidebar_widget is <strong>deprecated</strong> since version 2.8.0! Use wp_register_sidebar_widget() instead. in /wordpress/wp-includes/functions.php on line 6121",
    "log": "/logs/plugins/s/sidekick-it/error.json"
  },
  {
    "message": "Function register_sidebar_widget is <strong>deprecated</strong> since version 2.8.0! Use wp_register_sidebar_widget() instead. in /wordpress/wp-includes/functions.php on line 6121",
    "level": "DEPRECATED",
    "type": "PHP",
    "test": "asyncify-boot",
    "plugin": "sidekick-it",
    "details": "[18-Jun-2025 08:47:47 UTC] PHP Deprecated:  Function register_sidebar_widget is <strong>deprecated</strong> since version 2.8.0! Use wp_register_sidebar_widget() instead. in /wordpress/wp-includes/functions.php on line 6121",
    "log": "/logs/plugins/s/sidekick-it/error.json"
  },
  {
    "message": "Function register_sidebar_widget is <strong>deprecated</strong> since version 2.8.0! Use wp_register_sidebar_widget() instead. in /wordpress/wp-includes/functions.php on line 6121",
    "level": "DEPRECATED",
    "type": "PHP",
    "test": "asyncify-boot",
    "plugin": "sidekick-it",
    "details": "[18-Jun-2025 08:47:56 UTC] PHP Deprecated:  Function register_sidebar_widget is <strong>deprecated</strong> since version 2.8.0! Use wp_register_sidebar_widget() instead. in /wordpress/wp-includes/functions.php on line 6121",
    "log": "/logs/plugins/s/sidekick-it/error.json"
  },
  {
    "message": "Function register_sidebar_widget is <strong>deprecated</strong> since version 2.8.0! Use wp_register_sidebar_widget() instead. in /wordpress/wp-includes/functions.php on line 6121",
    "level": "DEPRECATED",
    "type": "PHP",
    "test": "asyncify-boot",
    "plugin": "sidekick-it",
    "details": "[18-Jun-2025 08:47:57 UTC] PHP Deprecated:  Function register_sidebar_widget is <strong>deprecated</strong> since version 2.8.0! Use wp_register_sidebar_widget() instead. in /wordpress/wp-includes/functions.php on line 6121\n\n    at Object.onBind (file:///home/runner/work/playground-tester/playground-tester/node_modules/@wp-playground/cli/run-cli-j-geJYS3.js:325:15)\n    at process.processTicksAndRejections (node:internal/process/task_queues:105:5)\n    at async re (file:///home/runner/work/playground-tester/playground-tester/node_modules/@wp-playground/cli/run-cli-j-geJYS3.js:149:10) {\n  [cause]: Error: Error when executing the blueprint step #1 ({\"step\":\"installPlugin\",\"pluginData\":{\"resource\":\"wordpress.org/plugins\",\"slug\":\"sidekick-it\"},\"options\":{\"activate\":true}}) : Could not download \"https://downloads.wordpress.org/plugin/sidekick-it.latest-stable.zip\".\n  \t\t\t\tCheck if the URL is correct and the server is reachable.\n  \t\t\t\tIf it is reachable, the server might be blocking the request.\n  \t\t\t\tCheck the browser console and network tabs for more information.\n  \n  \t\t\t\t## Does the console show the error \"No 'Access-Control-Allow-Origin' header\"?\n  \n  \t\t\t\tThis means the server that hosts your file does not allow requests from other sites\n  \t\t\t\t(cross-origin requests, or CORS).\tYou need to move the asset to a server that allows\n  \t\t\t\tcross-origin file downloads. Learn more about CORS at\n  \t\t\t\thttps://developer.mozilla.org/en-US/docs/Web/HTTP/CORS.\n  \n  \t\t\t\tIf your file is on GitHub, load it from \"raw.githubusercontent.com\".\n  \t\t\t\tHere's how to do that:\n  \n  \t\t\t\t1. Start with the original GitHub URL of the file. For example:\n  \t\t\t\thttps://github.com/username/repository/blob/branch/filename.\n  \t\t\t\t2. Replace \"github.com\" with \"raw.githubusercontent.com\".\n  \t\t\t\t3. Remove the \"/blob/\" part of the URL.\n  \n  \t\t\t\tThe resulting URL should look like this:\n  \t\t\t\thttps://raw.githubusercontent.com/username/repository/branch/filename\n  \n  \t\t\t\tError:\n  \t\t\t\tError: Could not download \"https://downloads.wordpress.org/plugin/sidekick-it.latest-stable.zip\"\n      at Object.run (file:///home/runner/work/playground-tester/playground-tester/node_modules/@wp-playground/blueprints/index.js:12093:19)\n      at process.processTicksAndRejections (node:internal/process/task_queues:105:5)\n      at async ys (file:///home/runner/work/playground-tester/playground-tester/node_modules/@wp-playground/blueprints/index.js:12196:3)\n      at async Object.onBind (file:///home/runner/work/playground-tester/playground-tester/node_modules/@wp-playground/cli/run-cli-j-geJYS3.js:315:48)\n      at async re (file:///home/runner/work/playground-tester/playground-tester/node_modules/@wp-playground/cli/run-cli-j-geJYS3.js:149:10) {\n    [cause]: Error: Could not download \"https://downloads.wordpress.org/plugin/sidekick-it.latest-stable.zip\".\n    \t\t\t\tCheck if the URL is correct and the server is reachable.\n    \t\t\t\tIf it is reachable, the server might be blocking the request.\n    \t\t\t\tCheck the browser console and network tabs for more information.\n    \n    \t\t\t\t## Does the console show the error \"No 'Access-Control-Allow-Origin' header\"?\n    \n    \t\t\t\tThis means the server that hosts your file does not allow requests from other sites\n    \t\t\t\t(cross-origin requests, or CORS).\tYou need to move the asset to a server that allows\n    \t\t\t\tcross-origin file downloads. Learn more about CORS at\n    \t\t\t\thttps://developer.mozilla.org/en-US/docs/Web/HTTP/CORS.\n    \n    \t\t\t\tIf your file is on GitHub, load it from \"raw.githubusercontent.com\".\n    \t\t\t\tHere's how to do that:\n    \n    \t\t\t\t1. Start with the original GitHub URL of the file. For example:\n    \t\t\t\thttps://github.com/username/repository/blob/branch/filename.\n    \t\t\t\t2. Replace \"github.com\" with \"raw.githubusercontent.com\".\n    \t\t\t\t3. Remove the \"/blob/\" part of the URL.\n    \n    \t\t\t\tThe resulting URL should look like this:\n    \t\t\t\thttps://raw.githubusercontent.com/username/repository/branch/filename\n    \n    \t\t\t\tError:\n    \t\t\t\tError: Could not download \"https://downloads.wordpress.org/plugin/sidekick-it.latest-stable.zip\"\n        at Ct.resolve (file:///home/runner/work/playground-tester/playground-tester/node_modules/@wp-playground/blueprints/index.js:1129:13)\n        at process.processTicksAndRejections (node:internal/process/task_queues:105:5)\n        at async _.run (file:///home/runner/work/playground-tester/playground-tester/node_modules/@php-wasm/util/index.js:45:14)\n  }\n}\n\n",
    "log": "/logs/plugins/s/sidekick-it/error.json"
  },
  {
    "message": "file:///home/runner/work/playground-tester/playground-tester/node_modules/@wp-playground/cli/run-cli-j-geJYS3.js:325\n        throw new Error($, { cause: h });\n              ^\n",
    "level": "FATAL",
    "type": "PLAYGROUND",
    "test": "jspi-boot",
    "plugin": "sidekick-it",
    "details": "file:///home/runner/work/playground-tester/playground-tester/node_modules/@wp-playground/cli/run-cli-j-geJYS3.js:325\n        throw new Error($, { cause: h });\n              ^\n",
    "log": "/tmp/tmp.FHACepZJj4"
  },
  {
    "message": "Uncaught Error: Call to undefined function as_schedule_single_action() in /wordpress/wp-content/plugins/super-payments/super-payments.php:65",
    "level": "FATAL",
    "type": "PHP",
    "test": "jspi-boot",
    "plugin": "sidekick-it",
    "details": "[18-Jun-2025 08:37:03 UTC] PHP Fatal error:  Uncaught Error: Call to undefined function as_schedule_single_action() in /wordpress/wp-content/plugins/super-payments/super-payments.php:65\nStack trace:\n#0 /wordpress/wp-includes/class-wp-hook.php(324): wcsp_on_activate(false)\n#1 /wordpress/wp-includes/class-wp-hook.php(348): WP_Hook->apply_filters('', Array)\n#2 /wordpress/wp-includes/plugin.php(517): WP_Hook->do_action(Array)\n#3 /wordpress/wp-admin/includes/plugin.php(703): do_action('activate_super-...', false)\n#4 /internal/eval.php(20): activate_plugin('super-payments/...')\n#5 {main}\n  thrown in /wordpress/wp-content/plugins/super-payments/super-payments.php on line 65",
    "log": "/logs/plugins/s/sidekick-it/error.json"
  },
  {
    "message": "Uncaught Error: Call to undefined function as_schedule_single_action() in /wordpress/wp-content/plugins/super-payments/super-payments.php:65",
    "level": "FATAL",
    "type": "PHP",
    "test": "jspi-boot",
    "plugin": "sidekick-it",
    "details": "[18-Jun-2025 08:37:11 UTC] PHP Fatal error:  Uncaught Error: Call to undefined function as_schedule_single_action() in /wordpress/wp-content/plugins/super-payments/super-payments.php:65\nStack trace:\n#0 /wordpress/wp-includes/class-wp-hook.php(324): wcsp_on_activate(false)\n#1 /wordpress/wp-includes/class-wp-hook.php(348): WP_Hook->apply_filters('', Array)\n#2 /wordpress/wp-includes/plugin.php(517): WP_Hook->do_action(Array)\n#3 /wordpress/wp-admin/includes/plugin.php(703): do_action('activate_super-...', false)\n#4 /internal/eval.php(20): activate_plugin('super-payments/...')\n#5 {main}\n  thrown in /wordpress/wp-content/plugins/super-payments/super-payments.php on line 65",
    "log": "/logs/plugins/s/sidekick-it/error.json"
  },
  {
    "message": "Uncaught Error: Call to undefined function as_schedule_single_action() in /wordpress/wp-content/plugins/super-payments/super-payments.php:65",
    "level": "FATAL",
    "type": "PHP",
    "test": "jspi-boot",
    "plugin": "sidekick-it",
    "details": "[18-Jun-2025 08:37:19 UTC] PHP Fatal error:  Uncaught Error: Call to undefined function as_schedule_single_action() in /wordpress/wp-content/plugins/super-payments/super-payments.php:65\nStack trace:\n#0 /wordpress/wp-includes/class-wp-hook.php(324): wcsp_on_activate(false)\n#1 /wordpress/wp-includes/class-wp-hook.php(348): WP_Hook->apply_filters('', Array)\n#2 /wordpress/wp-includes/plugin.php(517): WP_Hook->do_action(Array)\n#3 /wordpress/wp-admin/includes/plugin.php(703): do_action('activate_super-...', false)\n#4 /internal/eval.php(20): activate_plugin('super-payments/...')\n#5 {main}\n  thrown in /wordpress/wp-content/plugins/super-payments/super-payments.php on line 65",
    "log": "/logs/plugins/s/sidekick-it/error.json"
  },
  {
    "message": "Uncaught Error: Call to undefined function create_function() in /wordpress/wp-content/plugins/sharelock4wp/sharelk4wp.php:198",
    "level": "FATAL",
    "type": "PHP",
    "test": "jspi-boot",
    "plugin": "sidekick-it",
    "details": "[18-Jun-2025 08:37:57 UTC] PHP Fatal error:  Uncaught Error: Call to undefined function create_function() in /wordpress/wp-content/plugins/sharelock4wp/sharelk4wp.php:198\nStack trace:\n#0 /wordpress/wp-admin/includes/plugin.php(2387): include_once()\n#1 /wordpress/wp-admin/includes/plugin.php(673): plugin_sandbox_scrape('sharelock4wp/sh...')\n#2 /internal/eval.php(20): activate_plugin('sharelock4wp/sh...')\n#3 {main}\n  thrown in /wordpress/wp-content/plugins/sharelock4wp/sharelk4wp.php on line 198",
    "log": "/logs/plugins/s/sidekick-it/error.json"
  },
  {
    "message": "Uncaught Error: Call to undefined function create_function() in /wordpress/wp-content/plugins/sharelock4wp/sharelk4wp.php:198",
    "level": "FATAL",
    "type": "PHP",
    "test": "jspi-boot",
    "plugin": "sidekick-it",
    "details": "[18-Jun-2025 08:38:05 UTC] PHP Fatal error:  Uncaught Error: Call to undefined function create_function() in /wordpress/wp-content/plugins/sharelock4wp/sharelk4wp.php:198\nStack trace:\n#0 /wordpress/wp-admin/includes/plugin.php(2387): include_once()\n#1 /wordpress/wp-admin/includes/plugin.php(673): plugin_sandbox_scrape('sharelock4wp/sh...')\n#2 /internal/eval.php(20): activate_plugin('sharelock4wp/sh...')\n#3 {main}\n  thrown in /wordpress/wp-content/plugins/sharelock4wp/sharelk4wp.php on line 198",
    "log": "/logs/plugins/s/sidekick-it/error.json"
  },
  {
    "message": "Uncaught Error: Call to undefined function create_function() in /wordpress/wp-content/plugins/sharelock4wp/sharelk4wp.php:198",
    "level": "FATAL",
    "type": "PHP",
    "test": "jspi-boot",
    "plugin": "sidekick-it",
    "details": "[18-Jun-2025 08:38:14 UTC] PHP Fatal error:  Uncaught Error: Call to undefined function create_function() in /wordpress/wp-content/plugins/sharelock4wp/sharelk4wp.php:198\nStack trace:\n#0 /wordpress/wp-admin/includes/plugin.php(2387): include_once()\n#1 /wordpress/wp-admin/includes/plugin.php(673): plugin_sandbox_scrape('sharelock4wp/sh...')\n#2 /internal/eval.php(20): activate_plugin('sharelock4wp/sh...')\n#3 {main}\n  thrown in /wordpress/wp-content/plugins/sharelock4wp/sharelk4wp.php on line 198",
    "log": "/logs/plugins/s/sidekick-it/error.json"
  },
  {
    "message": "Undefined array key 0 in /wordpress/wp-includes/plugin.php on line 1001",
    "level": "WARNING",
    "type": "PHP",
    "test": "jspi-boot",
    "plugin": "sidekick-it",
    "details": "[18-Jun-2025 08:41:40 UTC] PHP Warning:  Undefined array key 0 in /wordpress/wp-includes/plugin.php on line 1001",
    "log": "/logs/plugins/s/sidekick-it/error.json"
  },
  {
    "message": "Undefined array key 0 in /wordpress/wp-includes/plugin.php on line 1004",
    "level": "WARNING",
    "type": "PHP",
    "test": "jspi-boot",
    "plugin": "sidekick-it",
    "details": "[18-Jun-2025 08:41:40 UTC] PHP Warning:  Undefined array key 0 in /wordpress/wp-includes/plugin.php on line 1004",
    "log": "/logs/plugins/s/sidekick-it/error.json"
  },
  {
    "message": "Undefined array key 0 in /wordpress/wp-includes/plugin.php on line 1001",
    "level": "WARNING",
    "type": "PHP",
    "test": "jspi-boot",
    "plugin": "sidekick-it",
    "details": "[18-Jun-2025 08:41:40 UTC] PHP Warning:  Undefined array key 0 in /wordpress/wp-includes/plugin.php on line 1001",
    "log": "/logs/plugins/s/sidekick-it/error.json"
  },
  {
    "message": "Undefined array key 0 in /wordpress/wp-includes/plugin.php on line 1004",
    "level": "WARNING",
    "type": "PHP",
    "test": "jspi-boot",
    "plugin": "sidekick-it",
    "details": "[18-Jun-2025 08:41:40 UTC] PHP Warning:  Undefined array key 0 in /wordpress/wp-includes/plugin.php on line 1004",
    "log": "/logs/plugins/s/sidekick-it/error.json"
  },
  {
    "message": "Undefined array key 0 in /wordpress/wp-includes/plugin.php on line 1001",
    "level": "WARNING",
    "type": "PHP",
    "test": "jspi-boot",
    "plugin": "sidekick-it",
    "details": "[18-Jun-2025 08:41:49 UTC] PHP Warning:  Undefined array key 0 in /wordpress/wp-includes/plugin.php on line 1001",
    "log": "/logs/plugins/s/sidekick-it/error.json"
  },
  {
    "message": "Undefined array key 0 in /wordpress/wp-includes/plugin.php on line 1004",
    "level": "WARNING",
    "type": "PHP",
    "test": "jspi-boot",
    "plugin": "sidekick-it",
    "details": "[18-Jun-2025 08:41:49 UTC] PHP Warning:  Undefined array key 0 in /wordpress/wp-includes/plugin.php on line 1004",
    "log": "/logs/plugins/s/sidekick-it/error.json"
  },
  {
    "message": "Undefined array key 0 in /wordpress/wp-includes/plugin.php on line 1001",
    "level": "WARNING",
    "type": "PHP",
    "test": "jspi-boot",
    "plugin": "sidekick-it",
    "details": "[18-Jun-2025 08:41:49 UTC] PHP Warning:  Undefined array key 0 in /wordpress/wp-includes/plugin.php on line 1001",
    "log": "/logs/plugins/s/sidekick-it/error.json"
  },
  {
    "message": "Undefined array key 0 in /wordpress/wp-includes/plugin.php on line 1004",
    "level": "WARNING",
    "type": "PHP",
    "test": "jspi-boot",
    "plugin": "sidekick-it",
    "details": "[18-Jun-2025 08:41:49 UTC] PHP Warning:  Undefined array key 0 in /wordpress/wp-includes/plugin.php on line 1004",
    "log": "/logs/plugins/s/sidekick-it/error.json"
  },
  {
    "message": "Undefined array key 0 in /wordpress/wp-includes/plugin.php on line 1001",
    "level": "WARNING",
    "type": "PHP",
    "test": "jspi-boot",
    "plugin": "sidekick-it",
    "details": "[18-Jun-2025 08:41:58 UTC] PHP Warning:  Undefined array key 0 in /wordpress/wp-includes/plugin.php on line 1001",
    "log": "/logs/plugins/s/sidekick-it/error.json"
  },
  {
    "message": "Undefined array key 0 in /wordpress/wp-includes/plugin.php on line 1004",
    "level": "WARNING",
    "type": "PHP",
    "test": "jspi-boot",
    "plugin": "sidekick-it",
    "details": "[18-Jun-2025 08:41:58 UTC] PHP Warning:  Undefined array key 0 in /wordpress/wp-includes/plugin.php on line 1004",
    "log": "/logs/plugins/s/sidekick-it/error.json"
  },
  {
    "message": "Undefined array key 0 in /wordpress/wp-includes/plugin.php on line 1001",
    "level": "WARNING",
    "type": "PHP",
    "test": "jspi-boot",
    "plugin": "sidekick-it",
    "details": "[18-Jun-2025 08:41:58 UTC] PHP Warning:  Undefined array key 0 in /wordpress/wp-includes/plugin.php on line 1001",
    "log": "/logs/plugins/s/sidekick-it/error.json"
  },
  {
    "message": "Undefined array key 0 in /wordpress/wp-includes/plugin.php on line 1004",
    "level": "WARNING",
    "type": "PHP",
    "test": "jspi-boot",
    "plugin": "sidekick-it",
    "details": "[18-Jun-2025 08:41:58 UTC] PHP Warning:  Undefined array key 0 in /wordpress/wp-includes/plugin.php on line 1004",
    "log": "/logs/plugins/s/sidekick-it/error.json"
  },
  {
    "message": "[18-Jun-2025 08:44:26 UTC] [Squad Modules] [ERROR]: [Missing Divi] Requirements check failed: Divi Installation. Current: Not installed. Expected: Divi theme or Divi Builder plugin must be installed.",
    "level": "INFO",
    "type": "OTHER",
    "test": "jspi-boot",
    "plugin": "sidekick-it",
    "details": "[18-Jun-2025 08:44:26 UTC] [Squad Modules] [ERROR]: [Missing Divi] Requirements check failed: Divi Installation. Current: Not installed. Expected: Divi theme or Divi Builder plugin must be installed.",
    "log": "/logs/plugins/s/sidekick-it/error.json"
  },
  {
    "message": "[18-Jun-2025 08:44:28 UTC] [Squad Modules] [ERROR]: [Missing Divi] Requirements check failed: Divi Installation. Current: Not installed. Expected: Divi theme or Divi Builder plugin must be installed.",
    "level": "INFO",
    "type": "OTHER",
    "test": "jspi-boot",
    "plugin": "sidekick-it",
    "details": "[18-Jun-2025 08:44:28 UTC] [Squad Modules] [ERROR]: [Missing Divi] Requirements check failed: Divi Installation. Current: Not installed. Expected: Divi theme or Divi Builder plugin must be installed.",
    "log": "/logs/plugins/s/sidekick-it/error.json"
  },
  {
    "message": "[18-Jun-2025 08:44:35 UTC] [Squad Modules] [ERROR]: [Missing Divi] Requirements check failed: Divi Installation. Current: Not installed. Expected: Divi theme or Divi Builder plugin must be installed.",
    "level": "INFO",
    "type": "OTHER",
    "test": "jspi-boot",
    "plugin": "sidekick-it",
    "details": "[18-Jun-2025 08:44:35 UTC] [Squad Modules] [ERROR]: [Missing Divi] Requirements check failed: Divi Installation. Current: Not installed. Expected: Divi theme or Divi Builder plugin must be installed.",
    "log": "/logs/plugins/s/sidekick-it/error.json"
  },
  {
    "message": "[18-Jun-2025 08:44:47 UTC] [Squad Modules] [ERROR]: [Missing Divi] Requirements check failed: Divi Installation. Current: Not installed. Expected: Divi theme or Divi Builder plugin must be installed.",
    "level": "INFO",
    "type": "OTHER",
    "test": "jspi-boot",
    "plugin": "sidekick-it",
    "details": "[18-Jun-2025 08:44:47 UTC] [Squad Modules] [ERROR]: [Missing Divi] Requirements check failed: Divi Installation. Current: Not installed. Expected: Divi theme or Divi Builder plugin must be installed.",
    "log": "/logs/plugins/s/sidekick-it/error.json"
  },
  {
    "message": "[18-Jun-2025 08:44:49 UTC] [Squad Modules] [ERROR]: [Missing Divi] Requirements check failed: Divi Installation. Current: Not installed. Expected: Divi theme or Divi Builder plugin must be installed.",
    "level": "INFO",
    "type": "OTHER",
    "test": "jspi-boot",
    "plugin": "sidekick-it",
    "details": "[18-Jun-2025 08:44:49 UTC] [Squad Modules] [ERROR]: [Missing Divi] Requirements check failed: Divi Installation. Current: Not installed. Expected: Divi theme or Divi Builder plugin must be installed.",
    "log": "/logs/plugins/s/sidekick-it/error.json"
  },
  {
    "message": "[18-Jun-2025 08:44:53 UTC] [Squad Modules] [ERROR]: [Missing Divi] Requirements check failed: Divi Installation. Current: Not installed. Expected: Divi theme or Divi Builder plugin must be installed.",
    "level": "INFO",
    "type": "OTHER",
    "test": "jspi-boot",
    "plugin": "sidekick-it",
    "details": "[18-Jun-2025 08:44:53 UTC] [Squad Modules] [ERROR]: [Missing Divi] Requirements check failed: Divi Installation. Current: Not installed. Expected: Divi theme or Divi Builder plugin must be installed.",
    "log": "/logs/plugins/s/sidekick-it/error.json"
  },
  {
    "message": "[18-Jun-2025 08:44:54 UTC] [Squad Modules] [ERROR]: [Missing Divi] Requirements check failed: Divi Installation. Current: Not installed. Expected: Divi theme or Divi Builder plugin must be installed.",
    "level": "INFO",
    "type": "OTHER",
    "test": "jspi-boot",
    "plugin": "sidekick-it",
    "details": "[18-Jun-2025 08:44:54 UTC] [Squad Modules] [ERROR]: [Missing Divi] Requirements check failed: Divi Installation. Current: Not installed. Expected: Divi theme or Divi Builder plugin must be installed.",
    "log": "/logs/plugins/s/sidekick-it/error.json"
  },
  {
    "message": "[18-Jun-2025 08:45:08 UTC] [Squad Modules] [ERROR]: [Missing Divi] Requirements check failed: Divi Installation. Current: Not installed. Expected: Divi theme or Divi Builder plugin must be installed.",
    "level": "INFO",
    "type": "OTHER",
    "test": "jspi-boot",
    "plugin": "sidekick-it",
    "details": "[18-Jun-2025 08:45:08 UTC] [Squad Modules] [ERROR]: [Missing Divi] Requirements check failed: Divi Installation. Current: Not installed. Expected: Divi theme or Divi Builder plugin must be installed.",
    "log": "/logs/plugins/s/sidekick-it/error.json"
  },
  {
    "message": "[18-Jun-2025 08:45:10 UTC] [Squad Modules] [ERROR]: [Missing Divi] Requirements check failed: Divi Installation. Current: Not installed. Expected: Divi theme or Divi Builder plugin must be installed.",
    "level": "INFO",
    "type": "OTHER",
    "test": "jspi-boot",
    "plugin": "sidekick-it",
    "details": "[18-Jun-2025 08:45:10 UTC] [Squad Modules] [ERROR]: [Missing Divi] Requirements check failed: Divi Installation. Current: Not installed. Expected: Divi theme or Divi Builder plugin must be installed.",
    "log": "/logs/plugins/s/sidekick-it/error.json"
  },
  {
    "message": "[18-Jun-2025 08:45:14 UTC] [Squad Modules] [ERROR]: [Missing Divi] Requirements check failed: Divi Installation. Current: Not installed. Expected: Divi theme or Divi Builder plugin must be installed.",
    "level": "INFO",
    "type": "OTHER",
    "test": "jspi-boot",
    "plugin": "sidekick-it",
    "details": "[18-Jun-2025 08:45:14 UTC] [Squad Modules] [ERROR]: [Missing Divi] Requirements check failed: Divi Installation. Current: Not installed. Expected: Divi theme or Divi Builder plugin must be installed.",
    "log": "/logs/plugins/s/sidekick-it/error.json"
  },
  {
    "message": "[18-Jun-2025 08:45:15 UTC] [Squad Modules] [ERROR]: [Missing Divi] Requirements check failed: Divi Installation. Current: Not installed. Expected: Divi theme or Divi Builder plugin must be installed.",
    "level": "INFO",
    "type": "OTHER",
    "test": "jspi-boot",
    "plugin": "sidekick-it",
    "details": "[18-Jun-2025 08:45:15 UTC] [Squad Modules] [ERROR]: [Missing Divi] Requirements check failed: Divi Installation. Current: Not installed. Expected: Divi theme or Divi Builder plugin must be installed.",
    "log": "/logs/plugins/s/sidekick-it/error.json"
  },
  {
    "message": "Function register_sidebar_widget is <strong>deprecated</strong> since version 2.8.0! Use wp_register_sidebar_widget() instead. in /wordpress/wp-includes/functions.php on line 6121",
    "level": "DEPRECATED",
    "type": "PHP",
    "test": "jspi-boot",
    "plugin": "sidekick-it",
    "details": "[18-Jun-2025 08:47:36 UTC] PHP Deprecated:  Function register_sidebar_widget is <strong>deprecated</strong> since version 2.8.0! Use wp_register_sidebar_widget() instead. in /wordpress/wp-includes/functions.php on line 6121",
    "log": "/logs/plugins/s/sidekick-it/error.json"
  },
  {
    "message": "Function register_sidebar_widget is <strong>deprecated</strong> since version 2.8.0! Use wp_register_sidebar_widget() instead. in /wordpress/wp-includes/functions.php on line 6121",
    "level": "DEPRECATED",
    "type": "PHP",
    "test": "jspi-boot",
    "plugin": "sidekick-it",
    "details": "[18-Jun-2025 08:47:37 UTC] PHP Deprecated:  Function register_sidebar_widget is <strong>deprecated</strong> since version 2.8.0! Use wp_register_sidebar_widget() instead. in /wordpress/wp-includes/functions.php on line 6121",
    "log": "/logs/plugins/s/sidekick-it/error.json"
  },
  {
    "message": "Function register_sidebar_widget is <strong>deprecated</strong> since version 2.8.0! Use wp_register_sidebar_widget() instead. in /wordpress/wp-includes/functions.php on line 6121",
    "level": "DEPRECATED",
    "type": "PHP",
    "test": "jspi-boot",
    "plugin": "sidekick-it",
    "details": "[18-Jun-2025 08:47:46 UTC] PHP Deprecated:  Function register_sidebar_widget is <strong>deprecated</strong> since version 2.8.0! Use wp_register_sidebar_widget() instead. in /wordpress/wp-includes/functions.php on line 6121",
    "log": "/logs/plugins/s/sidekick-it/error.json"
  },
  {
    "message": "Function register_sidebar_widget is <strong>deprecated</strong> since version 2.8.0! Use wp_register_sidebar_widget() instead. in /wordpress/wp-includes/functions.php on line 6121",
    "level": "DEPRECATED",
    "type": "PHP",
    "test": "jspi-boot",
    "plugin": "sidekick-it",
    "details": "[18-Jun-2025 08:47:47 UTC] PHP Deprecated:  Function register_sidebar_widget is <strong>deprecated</strong> since version 2.8.0! Use wp_register_sidebar_widget() instead. in /wordpress/wp-includes/functions.php on line 6121",
    "log": "/logs/plugins/s/sidekick-it/error.json"
  },
  {
    "message": "Function register_sidebar_widget is <strong>deprecated</strong> since version 2.8.0! Use wp_register_sidebar_widget() instead. in /wordpress/wp-includes/functions.php on line 6121",
    "level": "DEPRECATED",
    "type": "PHP",
    "test": "jspi-boot",
    "plugin": "sidekick-it",
    "details": "[18-Jun-2025 08:47:56 UTC] PHP Deprecated:  Function register_sidebar_widget is <strong>deprecated</strong> since version 2.8.0! Use wp_register_sidebar_widget() instead. in /wordpress/wp-includes/functions.php on line 6121",
    "log": "/logs/plugins/s/sidekick-it/error.json"
  },
  {
    "message": "Function register_sidebar_widget is <strong>deprecated</strong> since version 2.8.0! Use wp_register_sidebar_widget() instead. in /wordpress/wp-includes/functions.php on line 6121",
    "level": "DEPRECATED",
    "type": "PHP",
    "test": "jspi-boot",
    "plugin": "sidekick-it",
    "details": "[18-Jun-2025 08:47:57 UTC] PHP Deprecated:  Function register_sidebar_widget is <strong>deprecated</strong> since version 2.8.0! Use wp_register_sidebar_widget() instead. in /wordpress/wp-includes/functions.php on line 6121\n\n    at Object.onBind (file:///home/runner/work/playground-tester/playground-tester/node_modules/@wp-playground/cli/run-cli-j-geJYS3.js:325:15)\n    at process.processTicksAndRejections (node:internal/process/task_queues:105:5)\n    at async re (file:///home/runner/work/playground-tester/playground-tester/node_modules/@wp-playground/cli/run-cli-j-geJYS3.js:149:10) {\n  [cause]: Error: Error when executing the blueprint step #1 ({\"step\":\"installPlugin\",\"pluginData\":{\"resource\":\"wordpress.org/plugins\",\"slug\":\"sidekick-it\"},\"options\":{\"activate\":true}}) : Could not download \"https://downloads.wordpress.org/plugin/sidekick-it.latest-stable.zip\".\n  \t\t\t\tCheck if the URL is correct and the server is reachable.\n  \t\t\t\tIf it is reachable, the server might be blocking the request.\n  \t\t\t\tCheck the browser console and network tabs for more information.\n  \n  \t\t\t\t## Does the console show the error \"No 'Access-Control-Allow-Origin' header\"?\n  \n  \t\t\t\tThis means the server that hosts your file does not allow requests from other sites\n  \t\t\t\t(cross-origin requests, or CORS).\tYou need to move the asset to a server that allows\n  \t\t\t\tcross-origin file downloads. Learn more about CORS at\n  \t\t\t\thttps://developer.mozilla.org/en-US/docs/Web/HTTP/CORS.\n  \n  \t\t\t\tIf your file is on GitHub, load it from \"raw.githubusercontent.com\".\n  \t\t\t\tHere's how to do that:\n  \n  \t\t\t\t1. Start with the original GitHub URL of the file. For example:\n  \t\t\t\thttps://github.com/username/repository/blob/branch/filename.\n  \t\t\t\t2. Replace \"github.com\" with \"raw.githubusercontent.com\".\n  \t\t\t\t3. Remove the \"/blob/\" part of the URL.\n  \n  \t\t\t\tThe resulting URL should look like this:\n  \t\t\t\thttps://raw.githubusercontent.com/username/repository/branch/filename\n  \n  \t\t\t\tError:\n  \t\t\t\tError: Could not download \"https://downloads.wordpress.org/plugin/sidekick-it.latest-stable.zip\"\n      at Object.run (file:///home/runner/work/playground-tester/playground-tester/node_modules/@wp-playground/blueprints/index.js:12093:19)\n      at process.processTicksAndRejections (node:internal/process/task_queues:105:5)\n      at async ys (file:///home/runner/work/playground-tester/playground-tester/node_modules/@wp-playground/blueprints/index.js:12196:3)\n      at async Object.onBind (file:///home/runner/work/playground-tester/playground-tester/node_modules/@wp-playground/cli/run-cli-j-geJYS3.js:315:48)\n      at async re (file:///home/runner/work/playground-tester/playground-tester/node_modules/@wp-playground/cli/run-cli-j-geJYS3.js:149:10) {\n    [cause]: Error: Could not download \"https://downloads.wordpress.org/plugin/sidekick-it.latest-stable.zip\".\n    \t\t\t\tCheck if the URL is correct and the server is reachable.\n    \t\t\t\tIf it is reachable, the server might be blocking the request.\n    \t\t\t\tCheck the browser console and network tabs for more information.\n    \n    \t\t\t\t## Does the console show the error \"No 'Access-Control-Allow-Origin' header\"?\n    \n    \t\t\t\tThis means the server that hosts your file does not allow requests from other sites\n    \t\t\t\t(cross-origin requests, or CORS).\tYou need to move the asset to a server that allows\n    \t\t\t\tcross-origin file downloads. Learn more about CORS at\n    \t\t\t\thttps://developer.mozilla.org/en-US/docs/Web/HTTP/CORS.\n    \n    \t\t\t\tIf your file is on GitHub, load it from \"raw.githubusercontent.com\".\n    \t\t\t\tHere's how to do that:\n    \n    \t\t\t\t1. Start with the original GitHub URL of the file. For example:\n    \t\t\t\thttps://github.com/username/repository/blob/branch/filename.\n    \t\t\t\t2. Replace \"github.com\" with \"raw.githubusercontent.com\".\n    \t\t\t\t3. Remove the \"/blob/\" part of the URL.\n    \n    \t\t\t\tThe resulting URL should look like this:\n    \t\t\t\thttps://raw.githubusercontent.com/username/repository/branch/filename\n    \n    \t\t\t\tError:\n    \t\t\t\tError: Could not download \"https://downloads.wordpress.org/plugin/sidekick-it.latest-stable.zip\"\n        at Ct.resolve (file:///home/runner/work/playground-tester/playground-tester/node_modules/@wp-playground/blueprints/index.js:1129:13)\n        at process.processTicksAndRejections (node:internal/process/task_queues:105:5)\n        at async _.run (file:///home/runner/work/playground-tester/playground-tester/node_modules/@php-wasm/util/index.js:45:14)\n  }\n}\n\n",
    "log": "/logs/plugins/s/sidekick-it/error.json"
  }
]
