[
  {
    "message": "file:///home/runner/work/playground-tester/playground-tester/node_modules/@wp-playground/cli/run-cli-j-geJYS3.js:325\n        throw new Error($, { cause: h });\n              ^\n",
    "level": "FATAL",
    "type": "PLAYGROUND",
    "test": "ast-sqlite-boot",
    "plugin": "current-date-and-time",
    "details": "file:///home/runner/work/playground-tester/playground-tester/node_modules/@wp-playground/cli/run-cli-j-geJYS3.js:325\n        throw new Error($, { cause: h });\n              ^\n",
    "log": "/tmp/tmp.TN4K694uxS"
  },
  {
    "message": "Function _load_textdomain_just_in_time was called <strong>incorrectly</strong>. Translation loading for the <code>woocommerce</code> domain was triggered too early. This is usually an indicator for some code in the plugin or theme running too early. Translations should be loaded at the <code>init</code> action or later. Please see <a href=\"https://developer.wordpress.org/advanced-administration/debug/debug-wordpress/\">Debugging in WordPress</a> for more information. (This message was added in version 6.7.0.) in /wordpress/wp-includes/functions.php on line 6121",
    "level": "NOTICE",
    "type": "PHP",
    "test": "ast-sqlite-boot",
    "plugin": "current-date-and-time",
    "details": "[07-Jun-2025 08:33:40 UTC] PHP Notice:  Function _load_textdomain_just_in_time was called <strong>incorrectly</strong>. Translation loading for the <code>woocommerce</code> domain was triggered too early. This is usually an indicator for some code in the plugin or theme running too early. Translations should be loaded at the <code>init</code> action or later. Please see <a href=\"https://developer.wordpress.org/advanced-administration/debug/debug-wordpress/\">Debugging in WordPress</a> for more information. (This message was added in version 6.7.0.) in /wordpress/wp-includes/functions.php on line 6121",
    "log": "/logs/plugins/c/current-date-and-time/error.json"
  },
  {
    "message": "Function _load_textdomain_just_in_time was called <strong>incorrectly</strong>. Translation loading for the <code>woocommerce</code> domain was triggered too early. This is usually an indicator for some code in the plugin or theme running too early. Translations should be loaded at the <code>init</code> action or later. Please see <a href=\"https://developer.wordpress.org/advanced-administration/debug/debug-wordpress/\">Debugging in WordPress</a> for more information. (This message was added in version 6.7.0.) in /wordpress/wp-includes/functions.php on line 6121",
    "level": "NOTICE",
    "type": "PHP",
    "test": "ast-sqlite-boot",
    "plugin": "current-date-and-time",
    "details": "[07-Jun-2025 08:34:23 UTC] PHP Notice:  Function _load_textdomain_just_in_time was called <strong>incorrectly</strong>. Translation loading for the <code>woocommerce</code> domain was triggered too early. This is usually an indicator for some code in the plugin or theme running too early. Translations should be loaded at the <code>init</code> action or later. Please see <a href=\"https://developer.wordpress.org/advanced-administration/debug/debug-wordpress/\">Debugging in WordPress</a> for more information. (This message was added in version 6.7.0.) in /wordpress/wp-includes/functions.php on line 6121",
    "log": "/logs/plugins/c/current-date-and-time/error.json"
  },
  {
    "message": "Function _load_textdomain_just_in_time was called <strong>incorrectly</strong>. Translation loading for the <code>woocommerce</code> domain was triggered too early. This is usually an indicator for some code in the plugin or theme running too early. Translations should be loaded at the <code>init</code> action or later. Please see <a href=\"https://developer.wordpress.org/advanced-administration/debug/debug-wordpress/\">Debugging in WordPress</a> for more information. (This message was added in version 6.7.0.) in /wordpress/wp-includes/functions.php on line 6121",
    "level": "NOTICE",
    "type": "PHP",
    "test": "ast-sqlite-boot",
    "plugin": "current-date-and-time",
    "details": "[07-Jun-2025 08:35:02 UTC] PHP Notice:  Function _load_textdomain_just_in_time was called <strong>incorrectly</strong>. Translation loading for the <code>woocommerce</code> domain was triggered too early. This is usually an indicator for some code in the plugin or theme running too early. Translations should be loaded at the <code>init</code> action or later. Please see <a href=\"https://developer.wordpress.org/advanced-administration/debug/debug-wordpress/\">Debugging in WordPress</a> for more information. (This message was added in version 6.7.0.) in /wordpress/wp-includes/functions.php on line 6121",
    "log": "/logs/plugins/c/current-date-and-time/error.json"
  },
  {
    "message": "Undefined array key \"HTTP_USER_AGENT\" in /wordpress/wp-content/plugins/contact-switcheroo/contact-switcheroo.php on line 11",
    "level": "WARNING",
    "type": "PHP",
    "test": "ast-sqlite-boot",
    "plugin": "current-date-and-time",
    "details": "[07-Jun-2025 08:39:51 UTC] PHP Warning:  Undefined array key \"HTTP_USER_AGENT\" in /wordpress/wp-content/plugins/contact-switcheroo/contact-switcheroo.php on line 11",
    "log": "/logs/plugins/c/current-date-and-time/error.json"
  },
  {
    "message": "Undefined array key \"HTTP_USER_AGENT\" in /wordpress/wp-content/plugins/contact-switcheroo/contact-switcheroo.php on line 11",
    "level": "WARNING",
    "type": "PHP",
    "test": "ast-sqlite-boot",
    "plugin": "current-date-and-time",
    "details": "[07-Jun-2025 08:39:51 UTC] PHP Warning:  Undefined array key \"HTTP_USER_AGENT\" in /wordpress/wp-content/plugins/contact-switcheroo/contact-switcheroo.php on line 11",
    "log": "/logs/plugins/c/current-date-and-time/error.json"
  },
  {
    "message": "Undefined array key \"HTTP_USER_AGENT\" in /wordpress/wp-content/plugins/contact-switcheroo/contact-switcheroo.php on line 11",
    "level": "WARNING",
    "type": "PHP",
    "test": "ast-sqlite-boot",
    "plugin": "current-date-and-time",
    "details": "[07-Jun-2025 08:40:00 UTC] PHP Warning:  Undefined array key \"HTTP_USER_AGENT\" in /wordpress/wp-content/plugins/contact-switcheroo/contact-switcheroo.php on line 11",
    "log": "/logs/plugins/c/current-date-and-time/error.json"
  },
  {
    "message": "Undefined array key \"HTTP_USER_AGENT\" in /wordpress/wp-content/plugins/contact-switcheroo/contact-switcheroo.php on line 11",
    "level": "WARNING",
    "type": "PHP",
    "test": "ast-sqlite-boot",
    "plugin": "current-date-and-time",
    "details": "[07-Jun-2025 08:40:01 UTC] PHP Warning:  Undefined array key \"HTTP_USER_AGENT\" in /wordpress/wp-content/plugins/contact-switcheroo/contact-switcheroo.php on line 11",
    "log": "/logs/plugins/c/current-date-and-time/error.json"
  },
  {
    "message": "Undefined array key \"HTTP_USER_AGENT\" in /wordpress/wp-content/plugins/contact-switcheroo/contact-switcheroo.php on line 11",
    "level": "WARNING",
    "type": "PHP",
    "test": "ast-sqlite-boot",
    "plugin": "current-date-and-time",
    "details": "[07-Jun-2025 08:40:09 UTC] PHP Warning:  Undefined array key \"HTTP_USER_AGENT\" in /wordpress/wp-content/plugins/contact-switcheroo/contact-switcheroo.php on line 11",
    "log": "/logs/plugins/c/current-date-and-time/error.json"
  },
  {
    "message": "Undefined array key \"HTTP_USER_AGENT\" in /wordpress/wp-content/plugins/contact-switcheroo/contact-switcheroo.php on line 11",
    "level": "WARNING",
    "type": "PHP",
    "test": "ast-sqlite-boot",
    "plugin": "current-date-and-time",
    "details": "[07-Jun-2025 08:40:10 UTC] PHP Warning:  Undefined array key \"HTTP_USER_AGENT\" in /wordpress/wp-content/plugins/contact-switcheroo/contact-switcheroo.php on line 11",
    "log": "/logs/plugins/c/current-date-and-time/error.json"
  },
  {
    "message": "Required parameter $convers8_user_id follows optional parameter $status in /wordpress/wp-content/plugins/convers8/connect.php on line 80",
    "level": "DEPRECATED",
    "type": "PHP",
    "test": "ast-sqlite-boot",
    "plugin": "current-date-and-time",
    "details": "[07-Jun-2025 08:40:20 UTC] PHP Deprecated:  Required parameter $convers8_user_id follows optional parameter $status in /wordpress/wp-content/plugins/convers8/connect.php on line 80",
    "log": "/logs/plugins/c/current-date-and-time/error.json"
  },
  {
    "message": "File registration.php is <strong>deprecated</strong> since version 3.1.0 with no alternative available. This file no longer needs to be included. in /wordpress/wp-includes/functions.php on line 6121",
    "level": "DEPRECATED",
    "type": "PHP",
    "test": "ast-sqlite-boot",
    "plugin": "current-date-and-time",
    "details": "[07-Jun-2025 08:40:20 UTC] PHP Deprecated:  File registration.php is <strong>deprecated</strong> since version 3.1.0 with no alternative available. This file no longer needs to be included. in /wordpress/wp-includes/functions.php on line 6121",
    "log": "/logs/plugins/c/current-date-and-time/error.json"
  },
  {
    "message": "Uncaught Error: Undefined constant \"CONVERS8_LOGIN_FAILED\" in /wordpress/wp-content/plugins/convers8/connect.php:4",
    "level": "FATAL",
    "type": "PHP",
    "test": "ast-sqlite-boot",
    "plugin": "current-date-and-time",
    "details": "[07-Jun-2025 08:40:20 UTC] PHP Fatal error:  Uncaught Error: Undefined constant \"CONVERS8_LOGIN_FAILED\" in /wordpress/wp-content/plugins/convers8/connect.php:4\nStack trace:\n#0 /wordpress/wp-content/plugins/convers8/Convers8.php(20): include_once()\n#1 /wordpress/wp-admin/includes/plugin.php(2387): include_once('/wordpress/wp-c...')\n#2 /wordpress/wp-admin/includes/plugin.php(673): plugin_sandbox_scrape('convers8/Conver...')\n#3 /internal/eval.php(20): activate_plugin('convers8/Conver...')\n#4 {main}\n  thrown in /wordpress/wp-content/plugins/convers8/connect.php on line 4",
    "log": "/logs/plugins/c/current-date-and-time/error.json"
  },
  {
    "message": "Required parameter $convers8_user_id follows optional parameter $status in /wordpress/wp-content/plugins/convers8/connect.php on line 80",
    "level": "DEPRECATED",
    "type": "PHP",
    "test": "ast-sqlite-boot",
    "plugin": "current-date-and-time",
    "details": "[07-Jun-2025 08:40:28 UTC] PHP Deprecated:  Required parameter $convers8_user_id follows optional parameter $status in /wordpress/wp-content/plugins/convers8/connect.php on line 80",
    "log": "/logs/plugins/c/current-date-and-time/error.json"
  },
  {
    "message": "File registration.php is <strong>deprecated</strong> since version 3.1.0 with no alternative available. This file no longer needs to be included. in /wordpress/wp-includes/functions.php on line 6121",
    "level": "DEPRECATED",
    "type": "PHP",
    "test": "ast-sqlite-boot",
    "plugin": "current-date-and-time",
    "details": "[07-Jun-2025 08:40:28 UTC] PHP Deprecated:  File registration.php is <strong>deprecated</strong> since version 3.1.0 with no alternative available. This file no longer needs to be included. in /wordpress/wp-includes/functions.php on line 6121",
    "log": "/logs/plugins/c/current-date-and-time/error.json"
  },
  {
    "message": "Uncaught Error: Undefined constant \"CONVERS8_LOGIN_FAILED\" in /wordpress/wp-content/plugins/convers8/connect.php:4",
    "level": "FATAL",
    "type": "PHP",
    "test": "ast-sqlite-boot",
    "plugin": "current-date-and-time",
    "details": "[07-Jun-2025 08:40:28 UTC] PHP Fatal error:  Uncaught Error: Undefined constant \"CONVERS8_LOGIN_FAILED\" in /wordpress/wp-content/plugins/convers8/connect.php:4\nStack trace:\n#0 /wordpress/wp-content/plugins/convers8/Convers8.php(20): include_once()\n#1 /wordpress/wp-admin/includes/plugin.php(2387): include_once('/wordpress/wp-c...')\n#2 /wordpress/wp-admin/includes/plugin.php(673): plugin_sandbox_scrape('convers8/Conver...')\n#3 /internal/eval.php(20): activate_plugin('convers8/Conver...')\n#4 {main}\n  thrown in /wordpress/wp-content/plugins/convers8/connect.php on line 4",
    "log": "/logs/plugins/c/current-date-and-time/error.json"
  },
  {
    "message": "Required parameter $convers8_user_id follows optional parameter $status in /wordpress/wp-content/plugins/convers8/connect.php on line 80",
    "level": "DEPRECATED",
    "type": "PHP",
    "test": "ast-sqlite-boot",
    "plugin": "current-date-and-time",
    "details": "[07-Jun-2025 08:40:36 UTC] PHP Deprecated:  Required parameter $convers8_user_id follows optional parameter $status in /wordpress/wp-content/plugins/convers8/connect.php on line 80",
    "log": "/logs/plugins/c/current-date-and-time/error.json"
  },
  {
    "message": "File registration.php is <strong>deprecated</strong> since version 3.1.0 with no alternative available. This file no longer needs to be included. in /wordpress/wp-includes/functions.php on line 6121",
    "level": "DEPRECATED",
    "type": "PHP",
    "test": "ast-sqlite-boot",
    "plugin": "current-date-and-time",
    "details": "[07-Jun-2025 08:40:36 UTC] PHP Deprecated:  File registration.php is <strong>deprecated</strong> since version 3.1.0 with no alternative available. This file no longer needs to be included. in /wordpress/wp-includes/functions.php on line 6121",
    "log": "/logs/plugins/c/current-date-and-time/error.json"
  },
  {
    "message": "Uncaught Error: Undefined constant \"CONVERS8_LOGIN_FAILED\" in /wordpress/wp-content/plugins/convers8/connect.php:4",
    "level": "FATAL",
    "type": "PHP",
    "test": "ast-sqlite-boot",
    "plugin": "current-date-and-time",
    "details": "[07-Jun-2025 08:40:36 UTC] PHP Fatal error:  Uncaught Error: Undefined constant \"CONVERS8_LOGIN_FAILED\" in /wordpress/wp-content/plugins/convers8/connect.php:4\nStack trace:\n#0 /wordpress/wp-content/plugins/convers8/Convers8.php(20): include_once()\n#1 /wordpress/wp-admin/includes/plugin.php(2387): include_once('/wordpress/wp-c...')\n#2 /wordpress/wp-admin/includes/plugin.php(673): plugin_sandbox_scrape('convers8/Conver...')\n#3 /internal/eval.php(20): activate_plugin('convers8/Conver...')\n#4 {main}\n  thrown in /wordpress/wp-content/plugins/convers8/connect.php on line 4",
    "log": "/logs/plugins/c/current-date-and-time/error.json"
  },
  {
    "message": "Function _load_textdomain_just_in_time was called <strong>incorrectly</strong>. Translation loading for the <code>woocommerce</code> domain was triggered too early. This is usually an indicator for some code in the plugin or theme running too early. Translations should be loaded at the <code>init</code> action or later. Please see <a href=\"https://developer.wordpress.org/advanced-administration/debug/debug-wordpress/\">Debugging in WordPress</a> for more information. (This message was added in version 6.7.0.) in /wordpress/wp-includes/functions.php on line 6121",
    "level": "NOTICE",
    "type": "PHP",
    "test": "ast-sqlite-boot",
    "plugin": "current-date-and-time",
    "details": "[07-Jun-2025 08:42:05 UTC] PHP Notice:  Function _load_textdomain_just_in_time was called <strong>incorrectly</strong>. Translation loading for the <code>woocommerce</code> domain was triggered too early. This is usually an indicator for some code in the plugin or theme running too early. Translations should be loaded at the <code>init</code> action or later. Please see <a href=\"https://developer.wordpress.org/advanced-administration/debug/debug-wordpress/\">Debugging in WordPress</a> for more information. (This message was added in version 6.7.0.) in /wordpress/wp-includes/functions.php on line 6121",
    "log": "/logs/plugins/c/current-date-and-time/error.json"
  },
  {
    "message": "Function _load_textdomain_just_in_time was called <strong>incorrectly</strong>. Translation loading for the <code>woocommerce</code> domain was triggered too early. This is usually an indicator for some code in the plugin or theme running too early. Translations should be loaded at the <code>init</code> action or later. Please see <a href=\"https://developer.wordpress.org/advanced-administration/debug/debug-wordpress/\">Debugging in WordPress</a> for more information. (This message was added in version 6.7.0.) in /wordpress/wp-includes/functions.php on line 6121",
    "level": "NOTICE",
    "type": "PHP",
    "test": "ast-sqlite-boot",
    "plugin": "current-date-and-time",
    "details": "[07-Jun-2025 08:42:45 UTC] PHP Notice:  Function _load_textdomain_just_in_time was called <strong>incorrectly</strong>. Translation loading for the <code>woocommerce</code> domain was triggered too early. This is usually an indicator for some code in the plugin or theme running too early. Translations should be loaded at the <code>init</code> action or later. Please see <a href=\"https://developer.wordpress.org/advanced-administration/debug/debug-wordpress/\">Debugging in WordPress</a> for more information. (This message was added in version 6.7.0.) in /wordpress/wp-includes/functions.php on line 6121",
    "log": "/logs/plugins/c/current-date-and-time/error.json"
  },
  {
    "message": "Function _load_textdomain_just_in_time was called <strong>incorrectly</strong>. Translation loading for the <code>woocommerce</code> domain was triggered too early. This is usually an indicator for some code in the plugin or theme running too early. Translations should be loaded at the <code>init</code> action or later. Please see <a href=\"https://developer.wordpress.org/advanced-administration/debug/debug-wordpress/\">Debugging in WordPress</a> for more information. (This message was added in version 6.7.0.) in /wordpress/wp-includes/functions.php on line 6121",
    "level": "NOTICE",
    "type": "PHP",
    "test": "ast-sqlite-boot",
    "plugin": "current-date-and-time",
    "details": "[07-Jun-2025 08:43:26 UTC] PHP Notice:  Function _load_textdomain_just_in_time was called <strong>incorrectly</strong>. Translation loading for the <code>woocommerce</code> domain was triggered too early. This is usually an indicator for some code in the plugin or theme running too early. Translations should be loaded at the <code>init</code> action or later. Please see <a href=\"https://developer.wordpress.org/advanced-administration/debug/debug-wordpress/\">Debugging in WordPress</a> for more information. (This message was added in version 6.7.0.) in /wordpress/wp-includes/functions.php on line 6121",
    "log": "/logs/plugins/c/current-date-and-time/error.json"
  },
  {
    "message": "Uncaught ArgumentCountError: Too few arguments to function WP_Widget::__construct(), 0 passed in /wordpress/wp-includes/class-wp-widget-factory.php on line 62 and at least 2 expected in /wordpress/wp-includes/class-wp-widget.php:163",
    "level": "FATAL",
    "type": "PHP",
    "test": "ast-sqlite-boot",
    "plugin": "current-date-and-time",
    "details": "[07-Jun-2025 08:43:42 UTC] PHP Fatal error:  Uncaught ArgumentCountError: Too few arguments to function WP_Widget::__construct(), 0 passed in /wordpress/wp-includes/class-wp-widget-factory.php on line 62 and at least 2 expected in /wordpress/wp-includes/class-wp-widget.php:163\nStack trace:\n#0 /wordpress/wp-includes/class-wp-widget-factory.php(62): WP_Widget->__construct()\n#1 /wordpress/wp-includes/widgets.php(123): WP_Widget_Factory->register('WidgetCta')\n#2 /wordpress/wp-content/plugins/cta-widget-manager/cta-widgetmanager.php(174): register_widget('WidgetCta')\n#3 /wordpress/wp-includes/class-wp-hook.php(324): init_orbitcarrot_widgets('')\n#4 /wordpress/wp-includes/class-wp-hook.php(348): WP_Hook->apply_filters(NULL, Array)\n#5 /wordpress/wp-includes/plugin.php(517): WP_Hook->do_action(Array)\n#6 /wordpress/wp-includes/widgets.php(1870): do_action('widgets_init')\n#7 /wordpress/wp-includes/class-wp-hook.php(324): wp_widgets_init('')\n#8 /wordpress/wp-includes/class-wp-hook.php(348): WP_Hook->apply_filters(NULL, Array)\n#9 /wordpress/wp-includes/plugin.php(517): WP_Hook->do_action(Array)\n#10 /wordpress/wp-settings.php(727): do_action('init')\n#11 /wordpress/wp-config.php(102): require_once('/wordpress/wp-s...')\n#12 /wordpress/wp-load.php(50): require_once('/wordpress/wp-c...')\n#13 /internal/eval.php(3): require_once('/wordpress/wp-l...')\n#14 {main}\n  thrown in /wordpress/wp-includes/class-wp-widget.php on line 163",
    "log": "/logs/plugins/c/current-date-and-time/error.json"
  },
  {
    "message": "Uncaught ArgumentCountError: Too few arguments to function WP_Widget::__construct(), 0 passed in /wordpress/wp-includes/class-wp-widget-factory.php on line 62 and at least 2 expected in /wordpress/wp-includes/class-wp-widget.php:163",
    "level": "FATAL",
    "type": "PHP",
    "test": "ast-sqlite-boot",
    "plugin": "current-date-and-time",
    "details": "[07-Jun-2025 08:43:51 UTC] PHP Fatal error:  Uncaught ArgumentCountError: Too few arguments to function WP_Widget::__construct(), 0 passed in /wordpress/wp-includes/class-wp-widget-factory.php on line 62 and at least 2 expected in /wordpress/wp-includes/class-wp-widget.php:163\nStack trace:\n#0 /wordpress/wp-includes/class-wp-widget-factory.php(62): WP_Widget->__construct()\n#1 /wordpress/wp-includes/widgets.php(123): WP_Widget_Factory->register('WidgetCta')\n#2 /wordpress/wp-content/plugins/cta-widget-manager/cta-widgetmanager.php(174): register_widget('WidgetCta')\n#3 /wordpress/wp-includes/class-wp-hook.php(324): init_orbitcarrot_widgets('')\n#4 /wordpress/wp-includes/class-wp-hook.php(348): WP_Hook->apply_filters(NULL, Array)\n#5 /wordpress/wp-includes/plugin.php(517): WP_Hook->do_action(Array)\n#6 /wordpress/wp-includes/widgets.php(1870): do_action('widgets_init')\n#7 /wordpress/wp-includes/class-wp-hook.php(324): wp_widgets_init('')\n#8 /wordpress/wp-includes/class-wp-hook.php(348): WP_Hook->apply_filters(NULL, Array)\n#9 /wordpress/wp-includes/plugin.php(517): WP_Hook->do_action(Array)\n#10 /wordpress/wp-settings.php(727): do_action('init')\n#11 /wordpress/wp-config.php(102): require_once('/wordpress/wp-s...')\n#12 /wordpress/wp-load.php(50): require_once('/wordpress/wp-c...')\n#13 /internal/eval.php(3): require_once('/wordpress/wp-l...')\n#14 {main}\n  thrown in /wordpress/wp-includes/class-wp-widget.php on line 163",
    "log": "/logs/plugins/c/current-date-and-time/error.json"
  },
  {
    "message": "Uncaught ArgumentCountError: Too few arguments to function WP_Widget::__construct(), 0 passed in /wordpress/wp-includes/class-wp-widget-factory.php on line 62 and at least 2 expected in /wordpress/wp-includes/class-wp-widget.php:163",
    "level": "FATAL",
    "type": "PHP",
    "test": "ast-sqlite-boot",
    "plugin": "current-date-and-time",
    "details": "[07-Jun-2025 08:43:59 UTC] PHP Fatal error:  Uncaught ArgumentCountError: Too few arguments to function WP_Widget::__construct(), 0 passed in /wordpress/wp-includes/class-wp-widget-factory.php on line 62 and at least 2 expected in /wordpress/wp-includes/class-wp-widget.php:163\nStack trace:\n#0 /wordpress/wp-includes/class-wp-widget-factory.php(62): WP_Widget->__construct()\n#1 /wordpress/wp-includes/widgets.php(123): WP_Widget_Factory->register('WidgetCta')\n#2 /wordpress/wp-content/plugins/cta-widget-manager/cta-widgetmanager.php(174): register_widget('WidgetCta')\n#3 /wordpress/wp-includes/class-wp-hook.php(324): init_orbitcarrot_widgets('')\n#4 /wordpress/wp-includes/class-wp-hook.php(348): WP_Hook->apply_filters(NULL, Array)\n#5 /wordpress/wp-includes/plugin.php(517): WP_Hook->do_action(Array)\n#6 /wordpress/wp-includes/widgets.php(1870): do_action('widgets_init')\n#7 /wordpress/wp-includes/class-wp-hook.php(324): wp_widgets_init('')\n#8 /wordpress/wp-includes/class-wp-hook.php(348): WP_Hook->apply_filters(NULL, Array)\n#9 /wordpress/wp-includes/plugin.php(517): WP_Hook->do_action(Array)\n#10 /wordpress/wp-settings.php(727): do_action('init')\n#11 /wordpress/wp-config.php(102): require_once('/wordpress/wp-s...')\n#12 /wordpress/wp-load.php(50): require_once('/wordpress/wp-c...')\n#13 /internal/eval.php(3): require_once('/wordpress/wp-l...')\n#14 {main}\n  thrown in /wordpress/wp-includes/class-wp-widget.php on line 163",
    "log": "/logs/plugins/c/current-date-and-time/error.json"
  },
  {
    "message": "Uncaught Error: Call to undefined function create_function() in /wordpress/wp-content/plugins/current-date-and-time/current-date-and-time.php:86",
    "level": "FATAL",
    "type": "PHP",
    "test": "ast-sqlite-boot",
    "plugin": "current-date-and-time",
    "details": "[07-Jun-2025 08:44:37 UTC] PHP Fatal error:  Uncaught Error: Call to undefined function create_function() in /wordpress/wp-content/plugins/current-date-and-time/current-date-and-time.php:86\nStack trace:\n#0 /wordpress/wp-admin/includes/plugin.php(2387): include_once()\n#1 /wordpress/wp-admin/includes/plugin.php(673): plugin_sandbox_scrape('current-date-an...')\n#2 /internal/eval.php(20): activate_plugin('current-date-an...')\n#3 {main}\n  thrown in /wordpress/wp-content/plugins/current-date-and-time/current-date-and-time.php on line 86\n\n    at Object.onBind (file:///home/runner/work/playground-tester/playground-tester/node_modules/@wp-playground/cli/run-cli-j-geJYS3.js:325:15)\n    at process.processTicksAndRejections (node:internal/process/task_queues:105:5)\n    at async re (file:///home/runner/work/playground-tester/playground-tester/node_modules/@wp-playground/cli/run-cli-j-geJYS3.js:149:10) {\n  [cause]: Error: Error when executing the blueprint step #5 ({\"step\":\"installPlugin\",\"pluginData\":{\"resource\":\"wordpress.org/plugins\",\"slug\":\"current-date-and-time\"},\"options\":{\"activate\":true}}) : PHP.run() failed with exit code 255 and the following output: \n      at Object.run (file:///home/runner/work/playground-tester/playground-tester/node_modules/@wp-playground/blueprints/index.js:12093:19)\n      at process.processTicksAndRejections (node:internal/process/task_queues:105:5)\n      at async ys (file:///home/runner/work/playground-tester/playground-tester/node_modules/@wp-playground/blueprints/index.js:12196:3)\n      at async Object.onBind (file:///home/runner/work/playground-tester/playground-tester/node_modules/@wp-playground/cli/run-cli-j-geJYS3.js:315:48)\n      at async re (file:///home/runner/work/playground-tester/playground-tester/node_modules/@wp-playground/cli/run-cli-j-geJYS3.js:149:10) {\n    [cause]: PHPExecutionFailureError: PHP.run() failed with exit code 255 and the following output: \n        at PHP.run (file:///home/runner/work/playground-tester/playground-tester/node_modules/@php-wasm/universal/index.js:1034:19)\n        at process.processTicksAndRejections (node:internal/process/task_queues:105:5)\n        at async wr (file:///home/runner/work/playground-tester/playground-tester/node_modules/@wp-playground/blueprints/index.js:34:39)\n        at async Object.gt [as installPlugin] (file:///home/runner/work/playground-tester/playground-tester/node_modules/@wp-playground/blueprints/index.js:631:42)\n        at async g (file:///home/runner/work/playground-tester/playground-tester/node_modules/@wp-playground/blueprints/index.js:12161:30)\n        at async Object.run (file:///home/runner/work/playground-tester/playground-tester/node_modules/@wp-playground/blueprints/index.js:12090:23)\n        at async ys (file:///home/runner/work/playground-tester/playground-tester/node_modules/@wp-playground/blueprints/index.js:12196:3)\n        at async Object.onBind (file:///home/runner/work/playground-tester/playground-tester/node_modules/@wp-playground/cli/run-cli-j-geJYS3.js:315:48)\n        at async re (file:///home/runner/work/playground-tester/playground-tester/node_modules/@wp-playground/cli/run-cli-j-geJYS3.js:149:10) {\n      response: PHPResponse {\n        httpStatusCode: 500,\n        headers: {\n          'x-powered-by': [ 'PHP/8.0.30-dev' ],\n          'content-type': [ 'text/html; charset=UTF-8' ]\n        },\n        bytes: Uint8Array(0) [],\n        exitCode: 255,\n        errors: ''\n      },\n      source: 'request'\n    }\n  }\n}\n\n",
    "log": "/logs/plugins/c/current-date-and-time/error.json"
  },
  {
    "message": "file:///home/runner/work/playground-tester/playground-tester/node_modules/@wp-playground/cli/run-cli-j-geJYS3.js:325\n        throw new Error($, { cause: h });\n              ^\n",
    "level": "FATAL",
    "type": "PLAYGROUND",
    "test": "asyncify-boot",
    "plugin": "current-date-and-time",
    "details": "file:///home/runner/work/playground-tester/playground-tester/node_modules/@wp-playground/cli/run-cli-j-geJYS3.js:325\n        throw new Error($, { cause: h });\n              ^\n",
    "log": "/tmp/tmp.HkY63uSW4l"
  },
  {
    "message": "Function _load_textdomain_just_in_time was called <strong>incorrectly</strong>. Translation loading for the <code>woocommerce</code> domain was triggered too early. This is usually an indicator for some code in the plugin or theme running too early. Translations should be loaded at the <code>init</code> action or later. Please see <a href=\"https://developer.wordpress.org/advanced-administration/debug/debug-wordpress/\">Debugging in WordPress</a> for more information. (This message was added in version 6.7.0.) in /wordpress/wp-includes/functions.php on line 6121",
    "level": "NOTICE",
    "type": "PHP",
    "test": "asyncify-boot",
    "plugin": "current-date-and-time",
    "details": "[07-Jun-2025 08:33:40 UTC] PHP Notice:  Function _load_textdomain_just_in_time was called <strong>incorrectly</strong>. Translation loading for the <code>woocommerce</code> domain was triggered too early. This is usually an indicator for some code in the plugin or theme running too early. Translations should be loaded at the <code>init</code> action or later. Please see <a href=\"https://developer.wordpress.org/advanced-administration/debug/debug-wordpress/\">Debugging in WordPress</a> for more information. (This message was added in version 6.7.0.) in /wordpress/wp-includes/functions.php on line 6121",
    "log": "/logs/plugins/c/current-date-and-time/error.json"
  },
  {
    "message": "Function _load_textdomain_just_in_time was called <strong>incorrectly</strong>. Translation loading for the <code>woocommerce</code> domain was triggered too early. This is usually an indicator for some code in the plugin or theme running too early. Translations should be loaded at the <code>init</code> action or later. Please see <a href=\"https://developer.wordpress.org/advanced-administration/debug/debug-wordpress/\">Debugging in WordPress</a> for more information. (This message was added in version 6.7.0.) in /wordpress/wp-includes/functions.php on line 6121",
    "level": "NOTICE",
    "type": "PHP",
    "test": "asyncify-boot",
    "plugin": "current-date-and-time",
    "details": "[07-Jun-2025 08:34:23 UTC] PHP Notice:  Function _load_textdomain_just_in_time was called <strong>incorrectly</strong>. Translation loading for the <code>woocommerce</code> domain was triggered too early. This is usually an indicator for some code in the plugin or theme running too early. Translations should be loaded at the <code>init</code> action or later. Please see <a href=\"https://developer.wordpress.org/advanced-administration/debug/debug-wordpress/\">Debugging in WordPress</a> for more information. (This message was added in version 6.7.0.) in /wordpress/wp-includes/functions.php on line 6121",
    "log": "/logs/plugins/c/current-date-and-time/error.json"
  },
  {
    "message": "Function _load_textdomain_just_in_time was called <strong>incorrectly</strong>. Translation loading for the <code>woocommerce</code> domain was triggered too early. This is usually an indicator for some code in the plugin or theme running too early. Translations should be loaded at the <code>init</code> action or later. Please see <a href=\"https://developer.wordpress.org/advanced-administration/debug/debug-wordpress/\">Debugging in WordPress</a> for more information. (This message was added in version 6.7.0.) in /wordpress/wp-includes/functions.php on line 6121",
    "level": "NOTICE",
    "type": "PHP",
    "test": "asyncify-boot",
    "plugin": "current-date-and-time",
    "details": "[07-Jun-2025 08:35:02 UTC] PHP Notice:  Function _load_textdomain_just_in_time was called <strong>incorrectly</strong>. Translation loading for the <code>woocommerce</code> domain was triggered too early. This is usually an indicator for some code in the plugin or theme running too early. Translations should be loaded at the <code>init</code> action or later. Please see <a href=\"https://developer.wordpress.org/advanced-administration/debug/debug-wordpress/\">Debugging in WordPress</a> for more information. (This message was added in version 6.7.0.) in /wordpress/wp-includes/functions.php on line 6121",
    "log": "/logs/plugins/c/current-date-and-time/error.json"
  },
  {
    "message": "Undefined array key \"HTTP_USER_AGENT\" in /wordpress/wp-content/plugins/contact-switcheroo/contact-switcheroo.php on line 11",
    "level": "WARNING",
    "type": "PHP",
    "test": "asyncify-boot",
    "plugin": "current-date-and-time",
    "details": "[07-Jun-2025 08:39:51 UTC] PHP Warning:  Undefined array key \"HTTP_USER_AGENT\" in /wordpress/wp-content/plugins/contact-switcheroo/contact-switcheroo.php on line 11",
    "log": "/logs/plugins/c/current-date-and-time/error.json"
  },
  {
    "message": "Undefined array key \"HTTP_USER_AGENT\" in /wordpress/wp-content/plugins/contact-switcheroo/contact-switcheroo.php on line 11",
    "level": "WARNING",
    "type": "PHP",
    "test": "asyncify-boot",
    "plugin": "current-date-and-time",
    "details": "[07-Jun-2025 08:39:51 UTC] PHP Warning:  Undefined array key \"HTTP_USER_AGENT\" in /wordpress/wp-content/plugins/contact-switcheroo/contact-switcheroo.php on line 11",
    "log": "/logs/plugins/c/current-date-and-time/error.json"
  },
  {
    "message": "Undefined array key \"HTTP_USER_AGENT\" in /wordpress/wp-content/plugins/contact-switcheroo/contact-switcheroo.php on line 11",
    "level": "WARNING",
    "type": "PHP",
    "test": "asyncify-boot",
    "plugin": "current-date-and-time",
    "details": "[07-Jun-2025 08:40:00 UTC] PHP Warning:  Undefined array key \"HTTP_USER_AGENT\" in /wordpress/wp-content/plugins/contact-switcheroo/contact-switcheroo.php on line 11",
    "log": "/logs/plugins/c/current-date-and-time/error.json"
  },
  {
    "message": "Undefined array key \"HTTP_USER_AGENT\" in /wordpress/wp-content/plugins/contact-switcheroo/contact-switcheroo.php on line 11",
    "level": "WARNING",
    "type": "PHP",
    "test": "asyncify-boot",
    "plugin": "current-date-and-time",
    "details": "[07-Jun-2025 08:40:01 UTC] PHP Warning:  Undefined array key \"HTTP_USER_AGENT\" in /wordpress/wp-content/plugins/contact-switcheroo/contact-switcheroo.php on line 11",
    "log": "/logs/plugins/c/current-date-and-time/error.json"
  },
  {
    "message": "Undefined array key \"HTTP_USER_AGENT\" in /wordpress/wp-content/plugins/contact-switcheroo/contact-switcheroo.php on line 11",
    "level": "WARNING",
    "type": "PHP",
    "test": "asyncify-boot",
    "plugin": "current-date-and-time",
    "details": "[07-Jun-2025 08:40:09 UTC] PHP Warning:  Undefined array key \"HTTP_USER_AGENT\" in /wordpress/wp-content/plugins/contact-switcheroo/contact-switcheroo.php on line 11",
    "log": "/logs/plugins/c/current-date-and-time/error.json"
  },
  {
    "message": "Undefined array key \"HTTP_USER_AGENT\" in /wordpress/wp-content/plugins/contact-switcheroo/contact-switcheroo.php on line 11",
    "level": "WARNING",
    "type": "PHP",
    "test": "asyncify-boot",
    "plugin": "current-date-and-time",
    "details": "[07-Jun-2025 08:40:10 UTC] PHP Warning:  Undefined array key \"HTTP_USER_AGENT\" in /wordpress/wp-content/plugins/contact-switcheroo/contact-switcheroo.php on line 11",
    "log": "/logs/plugins/c/current-date-and-time/error.json"
  },
  {
    "message": "Required parameter $convers8_user_id follows optional parameter $status in /wordpress/wp-content/plugins/convers8/connect.php on line 80",
    "level": "DEPRECATED",
    "type": "PHP",
    "test": "asyncify-boot",
    "plugin": "current-date-and-time",
    "details": "[07-Jun-2025 08:40:20 UTC] PHP Deprecated:  Required parameter $convers8_user_id follows optional parameter $status in /wordpress/wp-content/plugins/convers8/connect.php on line 80",
    "log": "/logs/plugins/c/current-date-and-time/error.json"
  },
  {
    "message": "File registration.php is <strong>deprecated</strong> since version 3.1.0 with no alternative available. This file no longer needs to be included. in /wordpress/wp-includes/functions.php on line 6121",
    "level": "DEPRECATED",
    "type": "PHP",
    "test": "asyncify-boot",
    "plugin": "current-date-and-time",
    "details": "[07-Jun-2025 08:40:20 UTC] PHP Deprecated:  File registration.php is <strong>deprecated</strong> since version 3.1.0 with no alternative available. This file no longer needs to be included. in /wordpress/wp-includes/functions.php on line 6121",
    "log": "/logs/plugins/c/current-date-and-time/error.json"
  },
  {
    "message": "Uncaught Error: Undefined constant \"CONVERS8_LOGIN_FAILED\" in /wordpress/wp-content/plugins/convers8/connect.php:4",
    "level": "FATAL",
    "type": "PHP",
    "test": "asyncify-boot",
    "plugin": "current-date-and-time",
    "details": "[07-Jun-2025 08:40:20 UTC] PHP Fatal error:  Uncaught Error: Undefined constant \"CONVERS8_LOGIN_FAILED\" in /wordpress/wp-content/plugins/convers8/connect.php:4\nStack trace:\n#0 /wordpress/wp-content/plugins/convers8/Convers8.php(20): include_once()\n#1 /wordpress/wp-admin/includes/plugin.php(2387): include_once('/wordpress/wp-c...')\n#2 /wordpress/wp-admin/includes/plugin.php(673): plugin_sandbox_scrape('convers8/Conver...')\n#3 /internal/eval.php(20): activate_plugin('convers8/Conver...')\n#4 {main}\n  thrown in /wordpress/wp-content/plugins/convers8/connect.php on line 4",
    "log": "/logs/plugins/c/current-date-and-time/error.json"
  },
  {
    "message": "Required parameter $convers8_user_id follows optional parameter $status in /wordpress/wp-content/plugins/convers8/connect.php on line 80",
    "level": "DEPRECATED",
    "type": "PHP",
    "test": "asyncify-boot",
    "plugin": "current-date-and-time",
    "details": "[07-Jun-2025 08:40:28 UTC] PHP Deprecated:  Required parameter $convers8_user_id follows optional parameter $status in /wordpress/wp-content/plugins/convers8/connect.php on line 80",
    "log": "/logs/plugins/c/current-date-and-time/error.json"
  },
  {
    "message": "File registration.php is <strong>deprecated</strong> since version 3.1.0 with no alternative available. This file no longer needs to be included. in /wordpress/wp-includes/functions.php on line 6121",
    "level": "DEPRECATED",
    "type": "PHP",
    "test": "asyncify-boot",
    "plugin": "current-date-and-time",
    "details": "[07-Jun-2025 08:40:28 UTC] PHP Deprecated:  File registration.php is <strong>deprecated</strong> since version 3.1.0 with no alternative available. This file no longer needs to be included. in /wordpress/wp-includes/functions.php on line 6121",
    "log": "/logs/plugins/c/current-date-and-time/error.json"
  },
  {
    "message": "Uncaught Error: Undefined constant \"CONVERS8_LOGIN_FAILED\" in /wordpress/wp-content/plugins/convers8/connect.php:4",
    "level": "FATAL",
    "type": "PHP",
    "test": "asyncify-boot",
    "plugin": "current-date-and-time",
    "details": "[07-Jun-2025 08:40:28 UTC] PHP Fatal error:  Uncaught Error: Undefined constant \"CONVERS8_LOGIN_FAILED\" in /wordpress/wp-content/plugins/convers8/connect.php:4\nStack trace:\n#0 /wordpress/wp-content/plugins/convers8/Convers8.php(20): include_once()\n#1 /wordpress/wp-admin/includes/plugin.php(2387): include_once('/wordpress/wp-c...')\n#2 /wordpress/wp-admin/includes/plugin.php(673): plugin_sandbox_scrape('convers8/Conver...')\n#3 /internal/eval.php(20): activate_plugin('convers8/Conver...')\n#4 {main}\n  thrown in /wordpress/wp-content/plugins/convers8/connect.php on line 4",
    "log": "/logs/plugins/c/current-date-and-time/error.json"
  },
  {
    "message": "Required parameter $convers8_user_id follows optional parameter $status in /wordpress/wp-content/plugins/convers8/connect.php on line 80",
    "level": "DEPRECATED",
    "type": "PHP",
    "test": "asyncify-boot",
    "plugin": "current-date-and-time",
    "details": "[07-Jun-2025 08:40:36 UTC] PHP Deprecated:  Required parameter $convers8_user_id follows optional parameter $status in /wordpress/wp-content/plugins/convers8/connect.php on line 80",
    "log": "/logs/plugins/c/current-date-and-time/error.json"
  },
  {
    "message": "File registration.php is <strong>deprecated</strong> since version 3.1.0 with no alternative available. This file no longer needs to be included. in /wordpress/wp-includes/functions.php on line 6121",
    "level": "DEPRECATED",
    "type": "PHP",
    "test": "asyncify-boot",
    "plugin": "current-date-and-time",
    "details": "[07-Jun-2025 08:40:36 UTC] PHP Deprecated:  File registration.php is <strong>deprecated</strong> since version 3.1.0 with no alternative available. This file no longer needs to be included. in /wordpress/wp-includes/functions.php on line 6121",
    "log": "/logs/plugins/c/current-date-and-time/error.json"
  },
  {
    "message": "Uncaught Error: Undefined constant \"CONVERS8_LOGIN_FAILED\" in /wordpress/wp-content/plugins/convers8/connect.php:4",
    "level": "FATAL",
    "type": "PHP",
    "test": "asyncify-boot",
    "plugin": "current-date-and-time",
    "details": "[07-Jun-2025 08:40:36 UTC] PHP Fatal error:  Uncaught Error: Undefined constant \"CONVERS8_LOGIN_FAILED\" in /wordpress/wp-content/plugins/convers8/connect.php:4\nStack trace:\n#0 /wordpress/wp-content/plugins/convers8/Convers8.php(20): include_once()\n#1 /wordpress/wp-admin/includes/plugin.php(2387): include_once('/wordpress/wp-c...')\n#2 /wordpress/wp-admin/includes/plugin.php(673): plugin_sandbox_scrape('convers8/Conver...')\n#3 /internal/eval.php(20): activate_plugin('convers8/Conver...')\n#4 {main}\n  thrown in /wordpress/wp-content/plugins/convers8/connect.php on line 4",
    "log": "/logs/plugins/c/current-date-and-time/error.json"
  },
  {
    "message": "Function _load_textdomain_just_in_time was called <strong>incorrectly</strong>. Translation loading for the <code>woocommerce</code> domain was triggered too early. This is usually an indicator for some code in the plugin or theme running too early. Translations should be loaded at the <code>init</code> action or later. Please see <a href=\"https://developer.wordpress.org/advanced-administration/debug/debug-wordpress/\">Debugging in WordPress</a> for more information. (This message was added in version 6.7.0.) in /wordpress/wp-includes/functions.php on line 6121",
    "level": "NOTICE",
    "type": "PHP",
    "test": "asyncify-boot",
    "plugin": "current-date-and-time",
    "details": "[07-Jun-2025 08:42:05 UTC] PHP Notice:  Function _load_textdomain_just_in_time was called <strong>incorrectly</strong>. Translation loading for the <code>woocommerce</code> domain was triggered too early. This is usually an indicator for some code in the plugin or theme running too early. Translations should be loaded at the <code>init</code> action or later. Please see <a href=\"https://developer.wordpress.org/advanced-administration/debug/debug-wordpress/\">Debugging in WordPress</a> for more information. (This message was added in version 6.7.0.) in /wordpress/wp-includes/functions.php on line 6121",
    "log": "/logs/plugins/c/current-date-and-time/error.json"
  },
  {
    "message": "Function _load_textdomain_just_in_time was called <strong>incorrectly</strong>. Translation loading for the <code>woocommerce</code> domain was triggered too early. This is usually an indicator for some code in the plugin or theme running too early. Translations should be loaded at the <code>init</code> action or later. Please see <a href=\"https://developer.wordpress.org/advanced-administration/debug/debug-wordpress/\">Debugging in WordPress</a> for more information. (This message was added in version 6.7.0.) in /wordpress/wp-includes/functions.php on line 6121",
    "level": "NOTICE",
    "type": "PHP",
    "test": "asyncify-boot",
    "plugin": "current-date-and-time",
    "details": "[07-Jun-2025 08:42:45 UTC] PHP Notice:  Function _load_textdomain_just_in_time was called <strong>incorrectly</strong>. Translation loading for the <code>woocommerce</code> domain was triggered too early. This is usually an indicator for some code in the plugin or theme running too early. Translations should be loaded at the <code>init</code> action or later. Please see <a href=\"https://developer.wordpress.org/advanced-administration/debug/debug-wordpress/\">Debugging in WordPress</a> for more information. (This message was added in version 6.7.0.) in /wordpress/wp-includes/functions.php on line 6121",
    "log": "/logs/plugins/c/current-date-and-time/error.json"
  },
  {
    "message": "Function _load_textdomain_just_in_time was called <strong>incorrectly</strong>. Translation loading for the <code>woocommerce</code> domain was triggered too early. This is usually an indicator for some code in the plugin or theme running too early. Translations should be loaded at the <code>init</code> action or later. Please see <a href=\"https://developer.wordpress.org/advanced-administration/debug/debug-wordpress/\">Debugging in WordPress</a> for more information. (This message was added in version 6.7.0.) in /wordpress/wp-includes/functions.php on line 6121",
    "level": "NOTICE",
    "type": "PHP",
    "test": "asyncify-boot",
    "plugin": "current-date-and-time",
    "details": "[07-Jun-2025 08:43:26 UTC] PHP Notice:  Function _load_textdomain_just_in_time was called <strong>incorrectly</strong>. Translation loading for the <code>woocommerce</code> domain was triggered too early. This is usually an indicator for some code in the plugin or theme running too early. Translations should be loaded at the <code>init</code> action or later. Please see <a href=\"https://developer.wordpress.org/advanced-administration/debug/debug-wordpress/\">Debugging in WordPress</a> for more information. (This message was added in version 6.7.0.) in /wordpress/wp-includes/functions.php on line 6121",
    "log": "/logs/plugins/c/current-date-and-time/error.json"
  },
  {
    "message": "Uncaught ArgumentCountError: Too few arguments to function WP_Widget::__construct(), 0 passed in /wordpress/wp-includes/class-wp-widget-factory.php on line 62 and at least 2 expected in /wordpress/wp-includes/class-wp-widget.php:163",
    "level": "FATAL",
    "type": "PHP",
    "test": "asyncify-boot",
    "plugin": "current-date-and-time",
    "details": "[07-Jun-2025 08:43:42 UTC] PHP Fatal error:  Uncaught ArgumentCountError: Too few arguments to function WP_Widget::__construct(), 0 passed in /wordpress/wp-includes/class-wp-widget-factory.php on line 62 and at least 2 expected in /wordpress/wp-includes/class-wp-widget.php:163\nStack trace:\n#0 /wordpress/wp-includes/class-wp-widget-factory.php(62): WP_Widget->__construct()\n#1 /wordpress/wp-includes/widgets.php(123): WP_Widget_Factory->register('WidgetCta')\n#2 /wordpress/wp-content/plugins/cta-widget-manager/cta-widgetmanager.php(174): register_widget('WidgetCta')\n#3 /wordpress/wp-includes/class-wp-hook.php(324): init_orbitcarrot_widgets('')\n#4 /wordpress/wp-includes/class-wp-hook.php(348): WP_Hook->apply_filters(NULL, Array)\n#5 /wordpress/wp-includes/plugin.php(517): WP_Hook->do_action(Array)\n#6 /wordpress/wp-includes/widgets.php(1870): do_action('widgets_init')\n#7 /wordpress/wp-includes/class-wp-hook.php(324): wp_widgets_init('')\n#8 /wordpress/wp-includes/class-wp-hook.php(348): WP_Hook->apply_filters(NULL, Array)\n#9 /wordpress/wp-includes/plugin.php(517): WP_Hook->do_action(Array)\n#10 /wordpress/wp-settings.php(727): do_action('init')\n#11 /wordpress/wp-config.php(102): require_once('/wordpress/wp-s...')\n#12 /wordpress/wp-load.php(50): require_once('/wordpress/wp-c...')\n#13 /internal/eval.php(3): require_once('/wordpress/wp-l...')\n#14 {main}\n  thrown in /wordpress/wp-includes/class-wp-widget.php on line 163",
    "log": "/logs/plugins/c/current-date-and-time/error.json"
  },
  {
    "message": "Uncaught ArgumentCountError: Too few arguments to function WP_Widget::__construct(), 0 passed in /wordpress/wp-includes/class-wp-widget-factory.php on line 62 and at least 2 expected in /wordpress/wp-includes/class-wp-widget.php:163",
    "level": "FATAL",
    "type": "PHP",
    "test": "asyncify-boot",
    "plugin": "current-date-and-time",
    "details": "[07-Jun-2025 08:43:51 UTC] PHP Fatal error:  Uncaught ArgumentCountError: Too few arguments to function WP_Widget::__construct(), 0 passed in /wordpress/wp-includes/class-wp-widget-factory.php on line 62 and at least 2 expected in /wordpress/wp-includes/class-wp-widget.php:163\nStack trace:\n#0 /wordpress/wp-includes/class-wp-widget-factory.php(62): WP_Widget->__construct()\n#1 /wordpress/wp-includes/widgets.php(123): WP_Widget_Factory->register('WidgetCta')\n#2 /wordpress/wp-content/plugins/cta-widget-manager/cta-widgetmanager.php(174): register_widget('WidgetCta')\n#3 /wordpress/wp-includes/class-wp-hook.php(324): init_orbitcarrot_widgets('')\n#4 /wordpress/wp-includes/class-wp-hook.php(348): WP_Hook->apply_filters(NULL, Array)\n#5 /wordpress/wp-includes/plugin.php(517): WP_Hook->do_action(Array)\n#6 /wordpress/wp-includes/widgets.php(1870): do_action('widgets_init')\n#7 /wordpress/wp-includes/class-wp-hook.php(324): wp_widgets_init('')\n#8 /wordpress/wp-includes/class-wp-hook.php(348): WP_Hook->apply_filters(NULL, Array)\n#9 /wordpress/wp-includes/plugin.php(517): WP_Hook->do_action(Array)\n#10 /wordpress/wp-settings.php(727): do_action('init')\n#11 /wordpress/wp-config.php(102): require_once('/wordpress/wp-s...')\n#12 /wordpress/wp-load.php(50): require_once('/wordpress/wp-c...')\n#13 /internal/eval.php(3): require_once('/wordpress/wp-l...')\n#14 {main}\n  thrown in /wordpress/wp-includes/class-wp-widget.php on line 163",
    "log": "/logs/plugins/c/current-date-and-time/error.json"
  },
  {
    "message": "Uncaught ArgumentCountError: Too few arguments to function WP_Widget::__construct(), 0 passed in /wordpress/wp-includes/class-wp-widget-factory.php on line 62 and at least 2 expected in /wordpress/wp-includes/class-wp-widget.php:163",
    "level": "FATAL",
    "type": "PHP",
    "test": "asyncify-boot",
    "plugin": "current-date-and-time",
    "details": "[07-Jun-2025 08:43:59 UTC] PHP Fatal error:  Uncaught ArgumentCountError: Too few arguments to function WP_Widget::__construct(), 0 passed in /wordpress/wp-includes/class-wp-widget-factory.php on line 62 and at least 2 expected in /wordpress/wp-includes/class-wp-widget.php:163\nStack trace:\n#0 /wordpress/wp-includes/class-wp-widget-factory.php(62): WP_Widget->__construct()\n#1 /wordpress/wp-includes/widgets.php(123): WP_Widget_Factory->register('WidgetCta')\n#2 /wordpress/wp-content/plugins/cta-widget-manager/cta-widgetmanager.php(174): register_widget('WidgetCta')\n#3 /wordpress/wp-includes/class-wp-hook.php(324): init_orbitcarrot_widgets('')\n#4 /wordpress/wp-includes/class-wp-hook.php(348): WP_Hook->apply_filters(NULL, Array)\n#5 /wordpress/wp-includes/plugin.php(517): WP_Hook->do_action(Array)\n#6 /wordpress/wp-includes/widgets.php(1870): do_action('widgets_init')\n#7 /wordpress/wp-includes/class-wp-hook.php(324): wp_widgets_init('')\n#8 /wordpress/wp-includes/class-wp-hook.php(348): WP_Hook->apply_filters(NULL, Array)\n#9 /wordpress/wp-includes/plugin.php(517): WP_Hook->do_action(Array)\n#10 /wordpress/wp-settings.php(727): do_action('init')\n#11 /wordpress/wp-config.php(102): require_once('/wordpress/wp-s...')\n#12 /wordpress/wp-load.php(50): require_once('/wordpress/wp-c...')\n#13 /internal/eval.php(3): require_once('/wordpress/wp-l...')\n#14 {main}\n  thrown in /wordpress/wp-includes/class-wp-widget.php on line 163",
    "log": "/logs/plugins/c/current-date-and-time/error.json"
  },
  {
    "message": "Uncaught Error: Call to undefined function create_function() in /wordpress/wp-content/plugins/current-date-and-time/current-date-and-time.php:86",
    "level": "FATAL",
    "type": "PHP",
    "test": "asyncify-boot",
    "plugin": "current-date-and-time",
    "details": "[07-Jun-2025 08:44:37 UTC] PHP Fatal error:  Uncaught Error: Call to undefined function create_function() in /wordpress/wp-content/plugins/current-date-and-time/current-date-and-time.php:86\nStack trace:\n#0 /wordpress/wp-admin/includes/plugin.php(2387): include_once()\n#1 /wordpress/wp-admin/includes/plugin.php(673): plugin_sandbox_scrape('current-date-an...')\n#2 /internal/eval.php(20): activate_plugin('current-date-an...')\n#3 {main}\n  thrown in /wordpress/wp-content/plugins/current-date-and-time/current-date-and-time.php on line 86",
    "log": "/logs/plugins/c/current-date-and-time/error.json"
  },
  {
    "message": "Uncaught Error: Call to undefined function create_function() in /wordpress/wp-content/plugins/current-date-and-time/current-date-and-time.php:86",
    "level": "FATAL",
    "type": "PHP",
    "test": "asyncify-boot",
    "plugin": "current-date-and-time",
    "details": "[07-Jun-2025 08:44:44 UTC] PHP Fatal error:  Uncaught Error: Call to undefined function create_function() in /wordpress/wp-content/plugins/current-date-and-time/current-date-and-time.php:86\nStack trace:\n#0 /wordpress/wp-admin/includes/plugin.php(2387): include_once()\n#1 /wordpress/wp-admin/includes/plugin.php(673): plugin_sandbox_scrape('current-date-an...')\n#2 /internal/eval.php(20): activate_plugin('current-date-an...')\n#3 {main}\n  thrown in /wordpress/wp-content/plugins/current-date-and-time/current-date-and-time.php on line 86\n\n    at Object.onBind (file:///home/runner/work/playground-tester/playground-tester/node_modules/@wp-playground/cli/run-cli-j-geJYS3.js:325:15)\n    at process.processTicksAndRejections (node:internal/process/task_queues:105:5)\n    at async re (file:///home/runner/work/playground-tester/playground-tester/node_modules/@wp-playground/cli/run-cli-j-geJYS3.js:149:10) {\n  [cause]: Error: Error when executing the blueprint step #1 ({\"step\":\"installPlugin\",\"pluginData\":{\"resource\":\"wordpress.org/plugins\",\"slug\":\"current-date-and-time\"},\"options\":{\"activate\":true}}) : PHP.run() failed with exit code 255 and the following output: \n      at Object.run (file:///home/runner/work/playground-tester/playground-tester/node_modules/@wp-playground/blueprints/index.js:12093:19)\n      at process.processTicksAndRejections (node:internal/process/task_queues:105:5)\n      at async ys (file:///home/runner/work/playground-tester/playground-tester/node_modules/@wp-playground/blueprints/index.js:12196:3)\n      at async Object.onBind (file:///home/runner/work/playground-tester/playground-tester/node_modules/@wp-playground/cli/run-cli-j-geJYS3.js:315:48)\n      at async re (file:///home/runner/work/playground-tester/playground-tester/node_modules/@wp-playground/cli/run-cli-j-geJYS3.js:149:10) {\n    [cause]: PHPExecutionFailureError: PHP.run() failed with exit code 255 and the following output: \n        at PHP.run (file:///home/runner/work/playground-tester/playground-tester/node_modules/@php-wasm/universal/index.js:1034:19)\n        at process.processTicksAndRejections (node:internal/process/task_queues:105:5)\n        at async wr (file:///home/runner/work/playground-tester/playground-tester/node_modules/@wp-playground/blueprints/index.js:34:39)\n        at async Object.gt [as installPlugin] (file:///home/runner/work/playground-tester/playground-tester/node_modules/@wp-playground/blueprints/index.js:631:42)\n        at async g (file:///home/runner/work/playground-tester/playground-tester/node_modules/@wp-playground/blueprints/index.js:12161:30)\n        at async Object.run (file:///home/runner/work/playground-tester/playground-tester/node_modules/@wp-playground/blueprints/index.js:12090:23)\n        at async ys (file:///home/runner/work/playground-tester/playground-tester/node_modules/@wp-playground/blueprints/index.js:12196:3)\n        at async Object.onBind (file:///home/runner/work/playground-tester/playground-tester/node_modules/@wp-playground/cli/run-cli-j-geJYS3.js:315:48)\n        at async re (file:///home/runner/work/playground-tester/playground-tester/node_modules/@wp-playground/cli/run-cli-j-geJYS3.js:149:10) {\n      response: PHPResponse {\n        httpStatusCode: 500,\n        headers: {\n          'x-powered-by': [ 'PHP/8.0.30-dev' ],\n          'content-type': [ 'text/html; charset=UTF-8' ]\n        },\n        bytes: Uint8Array(0) [],\n        exitCode: 255,\n        errors: ''\n      },\n      source: 'request'\n    }\n  }\n}\n\n",
    "log": "/logs/plugins/c/current-date-and-time/error.json"
  },
  {
    "message": "file:///home/runner/work/playground-tester/playground-tester/node_modules/@wp-playground/cli/run-cli-j-geJYS3.js:325\n        throw new Error($, { cause: h });\n              ^\n",
    "level": "FATAL",
    "type": "PLAYGROUND",
    "test": "jspi-boot",
    "plugin": "current-date-and-time",
    "details": "file:///home/runner/work/playground-tester/playground-tester/node_modules/@wp-playground/cli/run-cli-j-geJYS3.js:325\n        throw new Error($, { cause: h });\n              ^\n",
    "log": "/tmp/tmp.A2dvdSPYex"
  },
  {
    "message": "Function _load_textdomain_just_in_time was called <strong>incorrectly</strong>. Translation loading for the <code>woocommerce</code> domain was triggered too early. This is usually an indicator for some code in the plugin or theme running too early. Translations should be loaded at the <code>init</code> action or later. Please see <a href=\"https://developer.wordpress.org/advanced-administration/debug/debug-wordpress/\">Debugging in WordPress</a> for more information. (This message was added in version 6.7.0.) in /wordpress/wp-includes/functions.php on line 6121",
    "level": "NOTICE",
    "type": "PHP",
    "test": "jspi-boot",
    "plugin": "current-date-and-time",
    "details": "[07-Jun-2025 08:33:40 UTC] PHP Notice:  Function _load_textdomain_just_in_time was called <strong>incorrectly</strong>. Translation loading for the <code>woocommerce</code> domain was triggered too early. This is usually an indicator for some code in the plugin or theme running too early. Translations should be loaded at the <code>init</code> action or later. Please see <a href=\"https://developer.wordpress.org/advanced-administration/debug/debug-wordpress/\">Debugging in WordPress</a> for more information. (This message was added in version 6.7.0.) in /wordpress/wp-includes/functions.php on line 6121",
    "log": "/logs/plugins/c/current-date-and-time/error.json"
  },
  {
    "message": "Function _load_textdomain_just_in_time was called <strong>incorrectly</strong>. Translation loading for the <code>woocommerce</code> domain was triggered too early. This is usually an indicator for some code in the plugin or theme running too early. Translations should be loaded at the <code>init</code> action or later. Please see <a href=\"https://developer.wordpress.org/advanced-administration/debug/debug-wordpress/\">Debugging in WordPress</a> for more information. (This message was added in version 6.7.0.) in /wordpress/wp-includes/functions.php on line 6121",
    "level": "NOTICE",
    "type": "PHP",
    "test": "jspi-boot",
    "plugin": "current-date-and-time",
    "details": "[07-Jun-2025 08:34:23 UTC] PHP Notice:  Function _load_textdomain_just_in_time was called <strong>incorrectly</strong>. Translation loading for the <code>woocommerce</code> domain was triggered too early. This is usually an indicator for some code in the plugin or theme running too early. Translations should be loaded at the <code>init</code> action or later. Please see <a href=\"https://developer.wordpress.org/advanced-administration/debug/debug-wordpress/\">Debugging in WordPress</a> for more information. (This message was added in version 6.7.0.) in /wordpress/wp-includes/functions.php on line 6121",
    "log": "/logs/plugins/c/current-date-and-time/error.json"
  },
  {
    "message": "Function _load_textdomain_just_in_time was called <strong>incorrectly</strong>. Translation loading for the <code>woocommerce</code> domain was triggered too early. This is usually an indicator for some code in the plugin or theme running too early. Translations should be loaded at the <code>init</code> action or later. Please see <a href=\"https://developer.wordpress.org/advanced-administration/debug/debug-wordpress/\">Debugging in WordPress</a> for more information. (This message was added in version 6.7.0.) in /wordpress/wp-includes/functions.php on line 6121",
    "level": "NOTICE",
    "type": "PHP",
    "test": "jspi-boot",
    "plugin": "current-date-and-time",
    "details": "[07-Jun-2025 08:35:02 UTC] PHP Notice:  Function _load_textdomain_just_in_time was called <strong>incorrectly</strong>. Translation loading for the <code>woocommerce</code> domain was triggered too early. This is usually an indicator for some code in the plugin or theme running too early. Translations should be loaded at the <code>init</code> action or later. Please see <a href=\"https://developer.wordpress.org/advanced-administration/debug/debug-wordpress/\">Debugging in WordPress</a> for more information. (This message was added in version 6.7.0.) in /wordpress/wp-includes/functions.php on line 6121",
    "log": "/logs/plugins/c/current-date-and-time/error.json"
  },
  {
    "message": "Undefined array key \"HTTP_USER_AGENT\" in /wordpress/wp-content/plugins/contact-switcheroo/contact-switcheroo.php on line 11",
    "level": "WARNING",
    "type": "PHP",
    "test": "jspi-boot",
    "plugin": "current-date-and-time",
    "details": "[07-Jun-2025 08:39:51 UTC] PHP Warning:  Undefined array key \"HTTP_USER_AGENT\" in /wordpress/wp-content/plugins/contact-switcheroo/contact-switcheroo.php on line 11",
    "log": "/logs/plugins/c/current-date-and-time/error.json"
  },
  {
    "message": "Undefined array key \"HTTP_USER_AGENT\" in /wordpress/wp-content/plugins/contact-switcheroo/contact-switcheroo.php on line 11",
    "level": "WARNING",
    "type": "PHP",
    "test": "jspi-boot",
    "plugin": "current-date-and-time",
    "details": "[07-Jun-2025 08:39:51 UTC] PHP Warning:  Undefined array key \"HTTP_USER_AGENT\" in /wordpress/wp-content/plugins/contact-switcheroo/contact-switcheroo.php on line 11",
    "log": "/logs/plugins/c/current-date-and-time/error.json"
  },
  {
    "message": "Undefined array key \"HTTP_USER_AGENT\" in /wordpress/wp-content/plugins/contact-switcheroo/contact-switcheroo.php on line 11",
    "level": "WARNING",
    "type": "PHP",
    "test": "jspi-boot",
    "plugin": "current-date-and-time",
    "details": "[07-Jun-2025 08:40:00 UTC] PHP Warning:  Undefined array key \"HTTP_USER_AGENT\" in /wordpress/wp-content/plugins/contact-switcheroo/contact-switcheroo.php on line 11",
    "log": "/logs/plugins/c/current-date-and-time/error.json"
  },
  {
    "message": "Undefined array key \"HTTP_USER_AGENT\" in /wordpress/wp-content/plugins/contact-switcheroo/contact-switcheroo.php on line 11",
    "level": "WARNING",
    "type": "PHP",
    "test": "jspi-boot",
    "plugin": "current-date-and-time",
    "details": "[07-Jun-2025 08:40:01 UTC] PHP Warning:  Undefined array key \"HTTP_USER_AGENT\" in /wordpress/wp-content/plugins/contact-switcheroo/contact-switcheroo.php on line 11",
    "log": "/logs/plugins/c/current-date-and-time/error.json"
  },
  {
    "message": "Undefined array key \"HTTP_USER_AGENT\" in /wordpress/wp-content/plugins/contact-switcheroo/contact-switcheroo.php on line 11",
    "level": "WARNING",
    "type": "PHP",
    "test": "jspi-boot",
    "plugin": "current-date-and-time",
    "details": "[07-Jun-2025 08:40:09 UTC] PHP Warning:  Undefined array key \"HTTP_USER_AGENT\" in /wordpress/wp-content/plugins/contact-switcheroo/contact-switcheroo.php on line 11",
    "log": "/logs/plugins/c/current-date-and-time/error.json"
  },
  {
    "message": "Undefined array key \"HTTP_USER_AGENT\" in /wordpress/wp-content/plugins/contact-switcheroo/contact-switcheroo.php on line 11",
    "level": "WARNING",
    "type": "PHP",
    "test": "jspi-boot",
    "plugin": "current-date-and-time",
    "details": "[07-Jun-2025 08:40:10 UTC] PHP Warning:  Undefined array key \"HTTP_USER_AGENT\" in /wordpress/wp-content/plugins/contact-switcheroo/contact-switcheroo.php on line 11",
    "log": "/logs/plugins/c/current-date-and-time/error.json"
  },
  {
    "message": "Required parameter $convers8_user_id follows optional parameter $status in /wordpress/wp-content/plugins/convers8/connect.php on line 80",
    "level": "DEPRECATED",
    "type": "PHP",
    "test": "jspi-boot",
    "plugin": "current-date-and-time",
    "details": "[07-Jun-2025 08:40:20 UTC] PHP Deprecated:  Required parameter $convers8_user_id follows optional parameter $status in /wordpress/wp-content/plugins/convers8/connect.php on line 80",
    "log": "/logs/plugins/c/current-date-and-time/error.json"
  },
  {
    "message": "File registration.php is <strong>deprecated</strong> since version 3.1.0 with no alternative available. This file no longer needs to be included. in /wordpress/wp-includes/functions.php on line 6121",
    "level": "DEPRECATED",
    "type": "PHP",
    "test": "jspi-boot",
    "plugin": "current-date-and-time",
    "details": "[07-Jun-2025 08:40:20 UTC] PHP Deprecated:  File registration.php is <strong>deprecated</strong> since version 3.1.0 with no alternative available. This file no longer needs to be included. in /wordpress/wp-includes/functions.php on line 6121",
    "log": "/logs/plugins/c/current-date-and-time/error.json"
  },
  {
    "message": "Uncaught Error: Undefined constant \"CONVERS8_LOGIN_FAILED\" in /wordpress/wp-content/plugins/convers8/connect.php:4",
    "level": "FATAL",
    "type": "PHP",
    "test": "jspi-boot",
    "plugin": "current-date-and-time",
    "details": "[07-Jun-2025 08:40:20 UTC] PHP Fatal error:  Uncaught Error: Undefined constant \"CONVERS8_LOGIN_FAILED\" in /wordpress/wp-content/plugins/convers8/connect.php:4\nStack trace:\n#0 /wordpress/wp-content/plugins/convers8/Convers8.php(20): include_once()\n#1 /wordpress/wp-admin/includes/plugin.php(2387): include_once('/wordpress/wp-c...')\n#2 /wordpress/wp-admin/includes/plugin.php(673): plugin_sandbox_scrape('convers8/Conver...')\n#3 /internal/eval.php(20): activate_plugin('convers8/Conver...')\n#4 {main}\n  thrown in /wordpress/wp-content/plugins/convers8/connect.php on line 4",
    "log": "/logs/plugins/c/current-date-and-time/error.json"
  },
  {
    "message": "Required parameter $convers8_user_id follows optional parameter $status in /wordpress/wp-content/plugins/convers8/connect.php on line 80",
    "level": "DEPRECATED",
    "type": "PHP",
    "test": "jspi-boot",
    "plugin": "current-date-and-time",
    "details": "[07-Jun-2025 08:40:28 UTC] PHP Deprecated:  Required parameter $convers8_user_id follows optional parameter $status in /wordpress/wp-content/plugins/convers8/connect.php on line 80",
    "log": "/logs/plugins/c/current-date-and-time/error.json"
  },
  {
    "message": "File registration.php is <strong>deprecated</strong> since version 3.1.0 with no alternative available. This file no longer needs to be included. in /wordpress/wp-includes/functions.php on line 6121",
    "level": "DEPRECATED",
    "type": "PHP",
    "test": "jspi-boot",
    "plugin": "current-date-and-time",
    "details": "[07-Jun-2025 08:40:28 UTC] PHP Deprecated:  File registration.php is <strong>deprecated</strong> since version 3.1.0 with no alternative available. This file no longer needs to be included. in /wordpress/wp-includes/functions.php on line 6121",
    "log": "/logs/plugins/c/current-date-and-time/error.json"
  },
  {
    "message": "Uncaught Error: Undefined constant \"CONVERS8_LOGIN_FAILED\" in /wordpress/wp-content/plugins/convers8/connect.php:4",
    "level": "FATAL",
    "type": "PHP",
    "test": "jspi-boot",
    "plugin": "current-date-and-time",
    "details": "[07-Jun-2025 08:40:28 UTC] PHP Fatal error:  Uncaught Error: Undefined constant \"CONVERS8_LOGIN_FAILED\" in /wordpress/wp-content/plugins/convers8/connect.php:4\nStack trace:\n#0 /wordpress/wp-content/plugins/convers8/Convers8.php(20): include_once()\n#1 /wordpress/wp-admin/includes/plugin.php(2387): include_once('/wordpress/wp-c...')\n#2 /wordpress/wp-admin/includes/plugin.php(673): plugin_sandbox_scrape('convers8/Conver...')\n#3 /internal/eval.php(20): activate_plugin('convers8/Conver...')\n#4 {main}\n  thrown in /wordpress/wp-content/plugins/convers8/connect.php on line 4",
    "log": "/logs/plugins/c/current-date-and-time/error.json"
  },
  {
    "message": "Required parameter $convers8_user_id follows optional parameter $status in /wordpress/wp-content/plugins/convers8/connect.php on line 80",
    "level": "DEPRECATED",
    "type": "PHP",
    "test": "jspi-boot",
    "plugin": "current-date-and-time",
    "details": "[07-Jun-2025 08:40:36 UTC] PHP Deprecated:  Required parameter $convers8_user_id follows optional parameter $status in /wordpress/wp-content/plugins/convers8/connect.php on line 80",
    "log": "/logs/plugins/c/current-date-and-time/error.json"
  },
  {
    "message": "File registration.php is <strong>deprecated</strong> since version 3.1.0 with no alternative available. This file no longer needs to be included. in /wordpress/wp-includes/functions.php on line 6121",
    "level": "DEPRECATED",
    "type": "PHP",
    "test": "jspi-boot",
    "plugin": "current-date-and-time",
    "details": "[07-Jun-2025 08:40:36 UTC] PHP Deprecated:  File registration.php is <strong>deprecated</strong> since version 3.1.0 with no alternative available. This file no longer needs to be included. in /wordpress/wp-includes/functions.php on line 6121",
    "log": "/logs/plugins/c/current-date-and-time/error.json"
  },
  {
    "message": "Uncaught Error: Undefined constant \"CONVERS8_LOGIN_FAILED\" in /wordpress/wp-content/plugins/convers8/connect.php:4",
    "level": "FATAL",
    "type": "PHP",
    "test": "jspi-boot",
    "plugin": "current-date-and-time",
    "details": "[07-Jun-2025 08:40:36 UTC] PHP Fatal error:  Uncaught Error: Undefined constant \"CONVERS8_LOGIN_FAILED\" in /wordpress/wp-content/plugins/convers8/connect.php:4\nStack trace:\n#0 /wordpress/wp-content/plugins/convers8/Convers8.php(20): include_once()\n#1 /wordpress/wp-admin/includes/plugin.php(2387): include_once('/wordpress/wp-c...')\n#2 /wordpress/wp-admin/includes/plugin.php(673): plugin_sandbox_scrape('convers8/Conver...')\n#3 /internal/eval.php(20): activate_plugin('convers8/Conver...')\n#4 {main}\n  thrown in /wordpress/wp-content/plugins/convers8/connect.php on line 4",
    "log": "/logs/plugins/c/current-date-and-time/error.json"
  },
  {
    "message": "Function _load_textdomain_just_in_time was called <strong>incorrectly</strong>. Translation loading for the <code>woocommerce</code> domain was triggered too early. This is usually an indicator for some code in the plugin or theme running too early. Translations should be loaded at the <code>init</code> action or later. Please see <a href=\"https://developer.wordpress.org/advanced-administration/debug/debug-wordpress/\">Debugging in WordPress</a> for more information. (This message was added in version 6.7.0.) in /wordpress/wp-includes/functions.php on line 6121",
    "level": "NOTICE",
    "type": "PHP",
    "test": "jspi-boot",
    "plugin": "current-date-and-time",
    "details": "[07-Jun-2025 08:42:05 UTC] PHP Notice:  Function _load_textdomain_just_in_time was called <strong>incorrectly</strong>. Translation loading for the <code>woocommerce</code> domain was triggered too early. This is usually an indicator for some code in the plugin or theme running too early. Translations should be loaded at the <code>init</code> action or later. Please see <a href=\"https://developer.wordpress.org/advanced-administration/debug/debug-wordpress/\">Debugging in WordPress</a> for more information. (This message was added in version 6.7.0.) in /wordpress/wp-includes/functions.php on line 6121",
    "log": "/logs/plugins/c/current-date-and-time/error.json"
  },
  {
    "message": "Function _load_textdomain_just_in_time was called <strong>incorrectly</strong>. Translation loading for the <code>woocommerce</code> domain was triggered too early. This is usually an indicator for some code in the plugin or theme running too early. Translations should be loaded at the <code>init</code> action or later. Please see <a href=\"https://developer.wordpress.org/advanced-administration/debug/debug-wordpress/\">Debugging in WordPress</a> for more information. (This message was added in version 6.7.0.) in /wordpress/wp-includes/functions.php on line 6121",
    "level": "NOTICE",
    "type": "PHP",
    "test": "jspi-boot",
    "plugin": "current-date-and-time",
    "details": "[07-Jun-2025 08:42:45 UTC] PHP Notice:  Function _load_textdomain_just_in_time was called <strong>incorrectly</strong>. Translation loading for the <code>woocommerce</code> domain was triggered too early. This is usually an indicator for some code in the plugin or theme running too early. Translations should be loaded at the <code>init</code> action or later. Please see <a href=\"https://developer.wordpress.org/advanced-administration/debug/debug-wordpress/\">Debugging in WordPress</a> for more information. (This message was added in version 6.7.0.) in /wordpress/wp-includes/functions.php on line 6121",
    "log": "/logs/plugins/c/current-date-and-time/error.json"
  },
  {
    "message": "Function _load_textdomain_just_in_time was called <strong>incorrectly</strong>. Translation loading for the <code>woocommerce</code> domain was triggered too early. This is usually an indicator for some code in the plugin or theme running too early. Translations should be loaded at the <code>init</code> action or later. Please see <a href=\"https://developer.wordpress.org/advanced-administration/debug/debug-wordpress/\">Debugging in WordPress</a> for more information. (This message was added in version 6.7.0.) in /wordpress/wp-includes/functions.php on line 6121",
    "level": "NOTICE",
    "type": "PHP",
    "test": "jspi-boot",
    "plugin": "current-date-and-time",
    "details": "[07-Jun-2025 08:43:26 UTC] PHP Notice:  Function _load_textdomain_just_in_time was called <strong>incorrectly</strong>. Translation loading for the <code>woocommerce</code> domain was triggered too early. This is usually an indicator for some code in the plugin or theme running too early. Translations should be loaded at the <code>init</code> action or later. Please see <a href=\"https://developer.wordpress.org/advanced-administration/debug/debug-wordpress/\">Debugging in WordPress</a> for more information. (This message was added in version 6.7.0.) in /wordpress/wp-includes/functions.php on line 6121",
    "log": "/logs/plugins/c/current-date-and-time/error.json"
  },
  {
    "message": "Uncaught ArgumentCountError: Too few arguments to function WP_Widget::__construct(), 0 passed in /wordpress/wp-includes/class-wp-widget-factory.php on line 62 and at least 2 expected in /wordpress/wp-includes/class-wp-widget.php:163",
    "level": "FATAL",
    "type": "PHP",
    "test": "jspi-boot",
    "plugin": "current-date-and-time",
    "details": "[07-Jun-2025 08:43:42 UTC] PHP Fatal error:  Uncaught ArgumentCountError: Too few arguments to function WP_Widget::__construct(), 0 passed in /wordpress/wp-includes/class-wp-widget-factory.php on line 62 and at least 2 expected in /wordpress/wp-includes/class-wp-widget.php:163\nStack trace:\n#0 /wordpress/wp-includes/class-wp-widget-factory.php(62): WP_Widget->__construct()\n#1 /wordpress/wp-includes/widgets.php(123): WP_Widget_Factory->register('WidgetCta')\n#2 /wordpress/wp-content/plugins/cta-widget-manager/cta-widgetmanager.php(174): register_widget('WidgetCta')\n#3 /wordpress/wp-includes/class-wp-hook.php(324): init_orbitcarrot_widgets('')\n#4 /wordpress/wp-includes/class-wp-hook.php(348): WP_Hook->apply_filters(NULL, Array)\n#5 /wordpress/wp-includes/plugin.php(517): WP_Hook->do_action(Array)\n#6 /wordpress/wp-includes/widgets.php(1870): do_action('widgets_init')\n#7 /wordpress/wp-includes/class-wp-hook.php(324): wp_widgets_init('')\n#8 /wordpress/wp-includes/class-wp-hook.php(348): WP_Hook->apply_filters(NULL, Array)\n#9 /wordpress/wp-includes/plugin.php(517): WP_Hook->do_action(Array)\n#10 /wordpress/wp-settings.php(727): do_action('init')\n#11 /wordpress/wp-config.php(102): require_once('/wordpress/wp-s...')\n#12 /wordpress/wp-load.php(50): require_once('/wordpress/wp-c...')\n#13 /internal/eval.php(3): require_once('/wordpress/wp-l...')\n#14 {main}\n  thrown in /wordpress/wp-includes/class-wp-widget.php on line 163",
    "log": "/logs/plugins/c/current-date-and-time/error.json"
  },
  {
    "message": "Uncaught ArgumentCountError: Too few arguments to function WP_Widget::__construct(), 0 passed in /wordpress/wp-includes/class-wp-widget-factory.php on line 62 and at least 2 expected in /wordpress/wp-includes/class-wp-widget.php:163",
    "level": "FATAL",
    "type": "PHP",
    "test": "jspi-boot",
    "plugin": "current-date-and-time",
    "details": "[07-Jun-2025 08:43:51 UTC] PHP Fatal error:  Uncaught ArgumentCountError: Too few arguments to function WP_Widget::__construct(), 0 passed in /wordpress/wp-includes/class-wp-widget-factory.php on line 62 and at least 2 expected in /wordpress/wp-includes/class-wp-widget.php:163\nStack trace:\n#0 /wordpress/wp-includes/class-wp-widget-factory.php(62): WP_Widget->__construct()\n#1 /wordpress/wp-includes/widgets.php(123): WP_Widget_Factory->register('WidgetCta')\n#2 /wordpress/wp-content/plugins/cta-widget-manager/cta-widgetmanager.php(174): register_widget('WidgetCta')\n#3 /wordpress/wp-includes/class-wp-hook.php(324): init_orbitcarrot_widgets('')\n#4 /wordpress/wp-includes/class-wp-hook.php(348): WP_Hook->apply_filters(NULL, Array)\n#5 /wordpress/wp-includes/plugin.php(517): WP_Hook->do_action(Array)\n#6 /wordpress/wp-includes/widgets.php(1870): do_action('widgets_init')\n#7 /wordpress/wp-includes/class-wp-hook.php(324): wp_widgets_init('')\n#8 /wordpress/wp-includes/class-wp-hook.php(348): WP_Hook->apply_filters(NULL, Array)\n#9 /wordpress/wp-includes/plugin.php(517): WP_Hook->do_action(Array)\n#10 /wordpress/wp-settings.php(727): do_action('init')\n#11 /wordpress/wp-config.php(102): require_once('/wordpress/wp-s...')\n#12 /wordpress/wp-load.php(50): require_once('/wordpress/wp-c...')\n#13 /internal/eval.php(3): require_once('/wordpress/wp-l...')\n#14 {main}\n  thrown in /wordpress/wp-includes/class-wp-widget.php on line 163",
    "log": "/logs/plugins/c/current-date-and-time/error.json"
  },
  {
    "message": "Uncaught ArgumentCountError: Too few arguments to function WP_Widget::__construct(), 0 passed in /wordpress/wp-includes/class-wp-widget-factory.php on line 62 and at least 2 expected in /wordpress/wp-includes/class-wp-widget.php:163",
    "level": "FATAL",
    "type": "PHP",
    "test": "jspi-boot",
    "plugin": "current-date-and-time",
    "details": "[07-Jun-2025 08:43:59 UTC] PHP Fatal error:  Uncaught ArgumentCountError: Too few arguments to function WP_Widget::__construct(), 0 passed in /wordpress/wp-includes/class-wp-widget-factory.php on line 62 and at least 2 expected in /wordpress/wp-includes/class-wp-widget.php:163\nStack trace:\n#0 /wordpress/wp-includes/class-wp-widget-factory.php(62): WP_Widget->__construct()\n#1 /wordpress/wp-includes/widgets.php(123): WP_Widget_Factory->register('WidgetCta')\n#2 /wordpress/wp-content/plugins/cta-widget-manager/cta-widgetmanager.php(174): register_widget('WidgetCta')\n#3 /wordpress/wp-includes/class-wp-hook.php(324): init_orbitcarrot_widgets('')\n#4 /wordpress/wp-includes/class-wp-hook.php(348): WP_Hook->apply_filters(NULL, Array)\n#5 /wordpress/wp-includes/plugin.php(517): WP_Hook->do_action(Array)\n#6 /wordpress/wp-includes/widgets.php(1870): do_action('widgets_init')\n#7 /wordpress/wp-includes/class-wp-hook.php(324): wp_widgets_init('')\n#8 /wordpress/wp-includes/class-wp-hook.php(348): WP_Hook->apply_filters(NULL, Array)\n#9 /wordpress/wp-includes/plugin.php(517): WP_Hook->do_action(Array)\n#10 /wordpress/wp-settings.php(727): do_action('init')\n#11 /wordpress/wp-config.php(102): require_once('/wordpress/wp-s...')\n#12 /wordpress/wp-load.php(50): require_once('/wordpress/wp-c...')\n#13 /internal/eval.php(3): require_once('/wordpress/wp-l...')\n#14 {main}\n  thrown in /wordpress/wp-includes/class-wp-widget.php on line 163",
    "log": "/logs/plugins/c/current-date-and-time/error.json"
  },
  {
    "message": "Uncaught Error: Call to undefined function create_function() in /wordpress/wp-content/plugins/current-date-and-time/current-date-and-time.php:86",
    "level": "FATAL",
    "type": "PHP",
    "test": "jspi-boot",
    "plugin": "current-date-and-time",
    "details": "[07-Jun-2025 08:44:37 UTC] PHP Fatal error:  Uncaught Error: Call to undefined function create_function() in /wordpress/wp-content/plugins/current-date-and-time/current-date-and-time.php:86\nStack trace:\n#0 /wordpress/wp-admin/includes/plugin.php(2387): include_once()\n#1 /wordpress/wp-admin/includes/plugin.php(673): plugin_sandbox_scrape('current-date-an...')\n#2 /internal/eval.php(20): activate_plugin('current-date-an...')\n#3 {main}\n  thrown in /wordpress/wp-content/plugins/current-date-and-time/current-date-and-time.php on line 86",
    "log": "/logs/plugins/c/current-date-and-time/error.json"
  },
  {
    "message": "Uncaught Error: Call to undefined function create_function() in /wordpress/wp-content/plugins/current-date-and-time/current-date-and-time.php:86",
    "level": "FATAL",
    "type": "PHP",
    "test": "jspi-boot",
    "plugin": "current-date-and-time",
    "details": "[07-Jun-2025 08:44:44 UTC] PHP Fatal error:  Uncaught Error: Call to undefined function create_function() in /wordpress/wp-content/plugins/current-date-and-time/current-date-and-time.php:86\nStack trace:\n#0 /wordpress/wp-admin/includes/plugin.php(2387): include_once()\n#1 /wordpress/wp-admin/includes/plugin.php(673): plugin_sandbox_scrape('current-date-an...')\n#2 /internal/eval.php(20): activate_plugin('current-date-an...')\n#3 {main}\n  thrown in /wordpress/wp-content/plugins/current-date-and-time/current-date-and-time.php on line 86",
    "log": "/logs/plugins/c/current-date-and-time/error.json"
  },
  {
    "message": "Uncaught Error: Call to undefined function create_function() in /wordpress/wp-content/plugins/current-date-and-time/current-date-and-time.php:86",
    "level": "FATAL",
    "type": "PHP",
    "test": "jspi-boot",
    "plugin": "current-date-and-time",
    "details": "[07-Jun-2025 08:44:50 UTC] PHP Fatal error:  Uncaught Error: Call to undefined function create_function() in /wordpress/wp-content/plugins/current-date-and-time/current-date-and-time.php:86\nStack trace:\n#0 /wordpress/wp-admin/includes/plugin.php(2387): include_once()\n#1 /wordpress/wp-admin/includes/plugin.php(673): plugin_sandbox_scrape('current-date-an...')\n#2 /internal/eval.php(20): activate_plugin('current-date-an...')\n#3 {main}\n  thrown in /wordpress/wp-content/plugins/current-date-and-time/current-date-and-time.php on line 86\n\n    at Object.onBind (file:///home/runner/work/playground-tester/playground-tester/node_modules/@wp-playground/cli/run-cli-j-geJYS3.js:325:15)\n    at process.processTicksAndRejections (node:internal/process/task_queues:105:5)\n    at async re (file:///home/runner/work/playground-tester/playground-tester/node_modules/@wp-playground/cli/run-cli-j-geJYS3.js:149:10) {\n  [cause]: Error: Error when executing the blueprint step #1 ({\"step\":\"installPlugin\",\"pluginData\":{\"resource\":\"wordpress.org/plugins\",\"slug\":\"current-date-and-time\"},\"options\":{\"activate\":true}}) : PHP.run() failed with exit code 255 and the following output: \n      at Object.run (file:///home/runner/work/playground-tester/playground-tester/node_modules/@wp-playground/blueprints/index.js:12093:19)\n      at process.processTicksAndRejections (node:internal/process/task_queues:105:5)\n      at async ys (file:///home/runner/work/playground-tester/playground-tester/node_modules/@wp-playground/blueprints/index.js:12196:3)\n      at async Object.onBind (file:///home/runner/work/playground-tester/playground-tester/node_modules/@wp-playground/cli/run-cli-j-geJYS3.js:315:48)\n      at async re (file:///home/runner/work/playground-tester/playground-tester/node_modules/@wp-playground/cli/run-cli-j-geJYS3.js:149:10) {\n    [cause]: PHPExecutionFailureError: PHP.run() failed with exit code 255 and the following output: \n        at PHP.run (file:///home/runner/work/playground-tester/playground-tester/node_modules/@php-wasm/universal/index.js:1034:19)\n        at process.processTicksAndRejections (node:internal/process/task_queues:105:5)\n        at async wr (file:///home/runner/work/playground-tester/playground-tester/node_modules/@wp-playground/blueprints/index.js:34:39)\n        at async Object.gt [as installPlugin] (file:///home/runner/work/playground-tester/playground-tester/node_modules/@wp-playground/blueprints/index.js:631:42)\n        at async g (file:///home/runner/work/playground-tester/playground-tester/node_modules/@wp-playground/blueprints/index.js:12161:30)\n        at async Object.run (file:///home/runner/work/playground-tester/playground-tester/node_modules/@wp-playground/blueprints/index.js:12090:23)\n        at async ys (file:///home/runner/work/playground-tester/playground-tester/node_modules/@wp-playground/blueprints/index.js:12196:3)\n        at async Object.onBind (file:///home/runner/work/playground-tester/playground-tester/node_modules/@wp-playground/cli/run-cli-j-geJYS3.js:315:48)\n        at async re (file:///home/runner/work/playground-tester/playground-tester/node_modules/@wp-playground/cli/run-cli-j-geJYS3.js:149:10) {\n      response: PHPResponse {\n        httpStatusCode: 500,\n        headers: {\n          'x-powered-by': [ 'PHP/8.0.30-dev' ],\n          'content-type': [ 'text/html; charset=UTF-8' ]\n        },\n        bytes: Uint8Array(0) [],\n        exitCode: 255,\n        errors: ''\n      },\n      source: 'request'\n    }\n  }\n}\n\n",
    "log": "/logs/plugins/c/current-date-and-time/error.json"
  }
]
