file:///home/runner/work/playground-tester/playground-tester/node_modules/@wp-playground/cli/index.js:237
        throw new Error(y, { cause: u });
              ^

Error: [07-May-2025 02:26:14 UTC] PHP Deprecated:  Required parameter $slug follows optional parameter $level in /wordpress/wp-content/plugins/sidebar-support/admin/sidebar-builder-class.php on line 1034
[07-May-2025 02:26:14 UTC] PHP Deprecated:  Required parameter $sortable_list follows optional parameter $level in /wordpress/wp-content/plugins/sidebar-support/includes/display-list/display-list-class.php on line 134
[07-May-2025 02:26:14 UTC] PHP Deprecated:  Required parameter $sortable_ul_classes follows optional parameter $sortable_list in /wordpress/wp-content/plugins/sidebar-support/includes/display-list/display-list-class.php on line 171
[07-May-2025 02:26:14 UTC] PHP Deprecated:  Required parameter $token_url follows optional parameter $client_id in /wordpress/wp-content/plugins/sidebar-support/includes/feeds/oauth2.php on line 31
[07-May-2025 02:26:15 UTC] PHP Deprecated:  Required parameter $slug follows optional parameter $level in /wordpress/wp-content/plugins/sidebar-support/admin/sidebar-builder-class.php on line 1034
[07-May-2025 02:26:15 UTC] PHP Deprecated:  Required parameter $sortable_list follows optional parameter $level in /wordpress/wp-content/plugins/sidebar-support/includes/display-list/display-list-class.php on line 134
[07-May-2025 02:26:15 UTC] PHP Deprecated:  Required parameter $sortable_ul_classes follows optional parameter $sortable_list in /wordpress/wp-content/plugins/sidebar-support/includes/display-list/display-list-class.php on line 171
[07-May-2025 02:26:15 UTC] PHP Deprecated:  Required parameter $token_url follows optional parameter $client_id in /wordpress/wp-content/plugins/sidebar-support/includes/feeds/oauth2.php on line 31
[07-May-2025 02:26:23 UTC] PHP Deprecated:  Required parameter $slug follows optional parameter $level in /wordpress/wp-content/plugins/sidebar-support/admin/sidebar-builder-class.php on line 1034
[07-May-2025 02:26:23 UTC] PHP Deprecated:  Required parameter $sortable_list follows optional parameter $level in /wordpress/wp-content/plugins/sidebar-support/includes/display-list/display-list-class.php on line 134
[07-May-2025 02:26:23 UTC] PHP Deprecated:  Required parameter $sortable_ul_classes follows optional parameter $sortable_list in /wordpress/wp-content/plugins/sidebar-support/includes/display-list/display-list-class.php on line 171
[07-May-2025 02:26:23 UTC] PHP Deprecated:  Required parameter $token_url follows optional parameter $client_id in /wordpress/wp-content/plugins/sidebar-support/includes/feeds/oauth2.php on line 31
[07-May-2025 02:26:24 UTC] PHP Deprecated:  Required parameter $slug follows optional parameter $level in /wordpress/wp-content/plugins/sidebar-support/admin/sidebar-builder-class.php on line 1034
[07-May-2025 02:26:24 UTC] PHP Deprecated:  Required parameter $sortable_list follows optional parameter $level in /wordpress/wp-content/plugins/sidebar-support/includes/display-list/display-list-class.php on line 134
[07-May-2025 02:26:24 UTC] PHP Deprecated:  Required parameter $sortable_ul_classes follows optional parameter $sortable_list in /wordpress/wp-content/plugins/sidebar-support/includes/display-list/display-list-class.php on line 171
[07-May-2025 02:26:24 UTC] PHP Deprecated:  Required parameter $token_url follows optional parameter $client_id in /wordpress/wp-content/plugins/sidebar-support/includes/feeds/oauth2.php on line 31
[07-May-2025 02:26:32 UTC] PHP Deprecated:  Required parameter $slug follows optional parameter $level in /wordpress/wp-content/plugins/sidebar-support/admin/sidebar-builder-class.php on line 1034
[07-May-2025 02:26:32 UTC] PHP Deprecated:  Required parameter $sortable_list follows optional parameter $level in /wordpress/wp-content/plugins/sidebar-support/includes/display-list/display-list-class.php on line 134
[07-May-2025 02:26:32 UTC] PHP Deprecated:  Required parameter $sortable_ul_classes follows optional parameter $sortable_list in /wordpress/wp-content/plugins/sidebar-support/includes/display-list/display-list-class.php on line 171
[07-May-2025 02:26:32 UTC] PHP Deprecated:  Required parameter $token_url follows optional parameter $client_id in /wordpress/wp-content/plugins/sidebar-support/includes/feeds/oauth2.php on line 31
[07-May-2025 02:26:33 UTC] PHP Deprecated:  Required parameter $slug follows optional parameter $level in /wordpress/wp-content/plugins/sidebar-support/admin/sidebar-builder-class.php on line 1034
[07-May-2025 02:26:33 UTC] PHP Deprecated:  Required parameter $sortable_list follows optional parameter $level in /wordpress/wp-content/plugins/sidebar-support/includes/display-list/display-list-class.php on line 134
[07-May-2025 02:26:33 UTC] PHP Deprecated:  Required parameter $sortable_ul_classes follows optional parameter $sortable_list in /wordpress/wp-content/plugins/sidebar-support/includes/display-list/display-list-class.php on line 171
[07-May-2025 02:26:33 UTC] PHP Deprecated:  Required parameter $token_url follows optional parameter $client_id in /wordpress/wp-content/plugins/sidebar-support/includes/feeds/oauth2.php on line 31
[07-May-2025 02:27:03 UTC] PHP Notice:  Function _load_textdomain_just_in_time was called <strong>incorrectly</strong>. Translation loading for the <code>simply-event-blog</code> domain was triggered too early. This is usually an indicator for some code in the plugin or theme running too early. Translations should be loaded at the <code>init</code> action or later. Please see <a href="https://developer.wordpress.org/advanced-administration/debug/debug-wordpress/">Debugging in WordPress</a> for more information. (This message was added in version 6.7.0.) in /wordpress/wp-includes/functions.php on line 6121
[07-May-2025 02:27:12 UTC] PHP Notice:  Function _load_textdomain_just_in_time was called <strong>incorrectly</strong>. Translation loading for the <code>simply-event-blog</code> domain was triggered too early. This is usually an indicator for some code in the plugin or theme running too early. Translations should be loaded at the <code>init</code> action or later. Please see <a href="https://developer.wordpress.org/advanced-administration/debug/debug-wordpress/">Debugging in WordPress</a> for more information. (This message was added in version 6.7.0.) in /wordpress/wp-includes/functions.php on line 6121
[07-May-2025 02:27:20 UTC] PHP Notice:  Function _load_textdomain_just_in_time was called <strong>incorrectly</strong>. Translation loading for the <code>simply-event-blog</code> domain was triggered too early. This is usually an indicator for some code in the plugin or theme running too early. Translations should be loaded at the <code>init</code> action or later. Please see <a href="https://developer.wordpress.org/advanced-administration/debug/debug-wordpress/">Debugging in WordPress</a> for more information. (This message was added in version 6.7.0.) in /wordpress/wp-includes/functions.php on line 6121
[07-May-2025 02:30:38 UTC] WordPress database error <div style="clear:both">&nbsp;</div>
<div class="queries" style="clear:both;margin-bottom:2px;border:red dotted thin;">
<p>MySQL query:</p>
<p>SELECT count(*) FROM wp_sirv_images WHERE status = 'SYNCED'</p>
<p>Queries made or created this session were:</p>
<ol>
<li>Executing: BEGIN | (no parameters)</li>
<li>Executing: SELECT count ( * ) FROM `wp_sirv_images` WHERE `status` = 'SYNCED' | (no parameters)</li>
<li>Executing: ROLLBACK | (no parameters)</li>
</ol>
</div>
<div style="clear:both;margin-bottom:2px;border:red dotted thin;" class="error_message" style="border-bottom:dotted blue thin;">
SQLSTATE[HY000]: General error: 1 no such table: wp_sirv_images
</div>
<p>Backtrace:</p>
<pre>#0 /internal/shared/sqlite-database-integration/wp-includes/sqlite-ast/class-wp-sqlite-driver.php(683): WP_SQLite_Driver->new_driver_exception('SQLSTATE[HY000]...', 'HY000', Object(PDOException))
#1 /internal/shared/sqlite-database-integration/wp-includes/sqlite/class-wp-sqlite-db.php(491): WP_SQLite_Driver->query('SELECT count(*)...')
#2 /internal/shared/sqlite-database-integration/wp-includes/sqlite/class-wp-sqlite-db.php(432): WP_SQLite_DB->_do_query('SELECT count(*)...')
#3 /wordpress/wp-includes/class-wpdb.php(3031): WP_SQLite_DB->query('SELECT count(*)...')
#4 /wordpress/wp-content/plugins/sirv/sirv.php(3994): wpdb->get_var('SELECT count(*)...')
#5 /wordpress/wp-content/plugins/sirv/sirv.php(1020): sirv_get_synced_count()
#6 /wordpress/wp-content/plugins/sirv/sirv.php(695): sirv_fill_empty_options()
#7 /wordpress/wp-includes/class-wp-hook.php(324): sirv_activation_callback(false)
#8 /wordpress/wp-includes/class-wp-hook.php(348): WP_Hook->apply_filters('', Array)
#9 /wordpress/wp-includes/plugin.php(517): WP_Hook->do_action(Array)
#10 /wordpress/wp-admin/includes/plugin.php(703): do_action('activate_sirv/s...', false)
#11 /internal/eval.php(20): activate_plugin('sirv/sirv.php')
#12 {main}</pre>
 for query SELECT count(*) FROM wp_sirv_images WHERE status = 'SYNCED' made by activate_plugin, do_action('activate_sirv/sirv.php'), WP_Hook->do_action, WP_Hook->apply_filters, sirv_activation_callback, sirv_fill_empty_options, sirv_get_synced_count, WP_SQLite_DB->query, WP_SQLite_DB->print_error
[07-May-2025 02:30:39 UTC] WordPress database error <div style="clear:both">&nbsp;</div>
<div class="queries" style="clear:both;margin-bottom:2px;border:red dotted thin;">
<p>MySQL query:</p>
<p>ALTER TABLE wp_sirv_images ADD `error_type` TINYINT UNSIGNED NULL DEFAULT NULL AFTER `status`</p>
<p>Queries made or created this session were:</p>
<ol>
<li>Executing: BEGIN | (no parameters)</li>
<li>Executing: SELECT 1 FROM sqlite_temp_schema WHERE type = 'table' AND name = ? | parameters: wp_sirv_images</li>
<li>Executing: SELECT COLUMN_NAME FROM `_wp_sqlite_mysql_information_schema_columns` WHERE table_schema = ? AND table_name = ? | parameters: database_name_here, wp_sirv_images</li>
<li>Executing: SELECT 1 FROM sqlite_temp_schema WHERE type = 'table' AND name = ? | parameters: wp_sirv_images</li>
<li>Executing: 
				SELECT MAX(ordinal_position)
				FROM `_wp_sqlite_mysql_information_schema_columns`
				WHERE table_schema = ?
				AND table_name = ?
			 | parameters: database_name_here, wp_sirv_images</li>
<li>Executing: INSERT INTO `_wp_sqlite_mysql_information_schema_columns` (`table_schema`, `table_name`, `column_name`, `ordinal_position`, `column_default`, `is_nullable`, `data_type`, `character_maximum_length`, `character_octet_length`, `numeric_precision`, `numeric_scale`, `datetime_precision`, `character_set_name`, `collation_name`, `column_type`, `column_key`, `extra`, `privileges`, `column_comment`, `generation_expression`, `srs_id`) VALUES (?, ?, ?, ?, ?, ?, ?, ?, ?, ?, ?, ?, ?, ?, ?, ?, ?, ?, ?, ?, ?) | parameters: database_name_here, wp_sirv_images, error_type, 12, , YES, tinyint, , , 3, 0, , , , tinyint unsigned, , , select,insert,update,references, , , </li>
<li>Executing: PRAGMA foreign_keys | (no parameters)</li>
<li>Executing: PRAGMA foreign_keys = OFF | (no parameters)</li>
<li>Executing: 
				SELECT *
				FROM `_wp_sqlite_mysql_information_schema_tables`
				WHERE table_type = 'BASE TABLE'
				AND table_schema = ?
				AND table_name = ?
			 | parameters: database_name_here, wp_sirv_images</li>
<li>Executing: SELECT * FROM `_wp_sqlite_mysql_information_schema_columns` WHERE table_schema = ? AND table_name = ? ORDER BY ordinal_position | parameters: database_name_here, wp_sirv_images</li>
<li>Executing: 
					SELECT *
					FROM `_wp_sqlite_mysql_information_schema_statistics`
					WHERE table_schema = ?
					AND table_name = ?
					ORDER BY
						INDEX_NAME = 'PRIMARY' DESC,
						NON_UNIQUE = '0' DESC,
						INDEX_TYPE = 'SPATIAL' DESC,
						INDEX_TYPE = 'BTREE' DESC,
						INDEX_TYPE = 'FULLTEXT' DESC,
						ROWID,
						SEQ_IN_INDEX
				 | parameters: database_name_here, wp_sirv_images</li>
<li>Executing: CREATE TABLE `_wp_sqlite_tmp_wp_sirv_images_681ac5cf1f400` (
  `id` INTEGER NOT NULL PRIMARY KEY AUTOINCREMENT,
  `attachment_id` INTEGER NOT NULL,
  `img_path` TEXT COLLATE NOCASE,
  `sirv_path` TEXT COLLATE NOCASE,
  `size` INTEGER,
  `status` TEXT COLLATE NOCASE,
  `error_type` INTEGER,
  `timestamp` TEXT COLLATE NOCASE,
  `timestamp_synced` TEXT COLLATE NOCASE,
  `checks` INTEGER DEFAULT '0',
  `timestamp_checks` INTEGER,
  `error_type` INTEGER
) STRICT | (no parameters)</li>
<li>Executing: ROLLBACK | (no parameters)</li>
</ol>
</div>
<div style="clear:both;margin-bottom:2px;border:red dotted thin;" class="error_message" style="border-bottom:dotted blue thin;">
SQLSTATE[HY000]: General error: 1 duplicate column name: error_type
</div>
<p>Backtrace:</p>
<pre>#0 /internal/shared/sqlite-database-integration/wp-includes/sqlite-ast/class-wp-sqlite-driver.php(683): WP_SQLite_Driver->new_driver_exception('SQLSTATE[HY000]...', 'HY000', Object(PDOException))
#1 /internal/shared/sqlite-database-integration/wp-includes/sqlite/class-wp-sqlite-db.php(491): WP_SQLite_Driver->query('ALTER TABLE wp_...')
#2 /internal/shared/sqlite-database-integration/wp-includes/sqlite/class-wp-sqlite-db.php(432): WP_SQLite_DB->_do_query('ALTER TABLE wp_...')
#3 /wordpress/wp-content/plugins/sirv/sirv.php(1068): WP_SQLite_DB->query('ALTER TABLE wp_...')
#4 /wordpress/wp-content/plugins/sirv/sirv.php(772): sirv_fix_db()
#5 /wordpress/wp-content/plugins/sirv/sirv.php(718): sirv_upgrade_plugin()
#6 /wordpress/wp-includes/class-wp-hook.php(324): sirv_activation_callback(false)
#7 /wordpress/wp-includes/class-wp-hook.php(348): WP_Hook->apply_filters('', Array)
#8 /wordpress/wp-includes/plugin.php(517): WP_Hook->do_action(Array)
#9 /wordpress/wp-admin/includes/plugin.php(703): do_action('activate_sirv/s...', false)
#10 /internal/eval.php(20): activate_plugin('sirv/sirv.php')
#11 {main}</pre>
 for query ALTER TABLE wp_sirv_images ADD `error_type` TINYINT UNSIGNED NULL DEFAULT NULL AFTER `status` made by activate_plugin, do_action('activate_sirv/sirv.php'), WP_Hook->do_action, WP_Hook->apply_filters, sirv_activation_callback, sirv_upgrade_plugin, sirv_fix_db, WP_SQLite_DB->query, WP_SQLite_DB->print_error
[07-May-2025 02:30:39 UTC] WordPress database error <div style="clear:both">&nbsp;</div>
<div class="queries" style="clear:both;margin-bottom:2px;border:red dotted thin;">
<p>MySQL query:</p>
<p>ALTER TABLE wp_sirv_images ADD `sirv_path` VARCHAR(1000) CHARACTER SET utf8 COLLATE utf8_general_ci NULL DEFAULT '' AFTER `img_path`</p>
<p>Queries made or created this session were:</p>
<ol>
<li>Executing: BEGIN | (no parameters)</li>
<li>Executing: SELECT 1 FROM sqlite_temp_schema WHERE type = 'table' AND name = ? | parameters: wp_sirv_images</li>
<li>Executing: SELECT COLUMN_NAME FROM `_wp_sqlite_mysql_information_schema_columns` WHERE table_schema = ? AND table_name = ? | parameters: database_name_here, wp_sirv_images</li>
<li>Executing: SELECT 1 FROM sqlite_temp_schema WHERE type = 'table' AND name = ? | parameters: wp_sirv_images</li>
<li>Executing: 
				SELECT MAX(ordinal_position)
				FROM `_wp_sqlite_mysql_information_schema_columns`
				WHERE table_schema = ?
				AND table_name = ?
			 | parameters: database_name_here, wp_sirv_images</li>
<li>Executing: INSERT INTO `_wp_sqlite_mysql_information_schema_columns` (`table_schema`, `table_name`, `column_name`, `ordinal_position`, `column_default`, `is_nullable`, `data_type`, `character_maximum_length`, `character_octet_length`, `numeric_precision`, `numeric_scale`, `datetime_precision`, `character_set_name`, `collation_name`, `column_type`, `column_key`, `extra`, `privileges`, `column_comment`, `generation_expression`, `srs_id`) VALUES (?, ?, ?, ?, ?, ?, ?, ?, ?, ?, ?, ?, ?, ?, ?, ?, ?, ?, ?, ?, ?) | parameters: database_name_here, wp_sirv_images, sirv_path, 12, , YES, varchar, 1000, 3000, , , , utf8, utf8_general_ci, varchar(1000), , , select,insert,update,references, , , </li>
<li>Executing: PRAGMA foreign_keys | (no parameters)</li>
<li>Executing: PRAGMA foreign_keys = OFF | (no parameters)</li>
<li>Executing: 
				SELECT *
				FROM `_wp_sqlite_mysql_information_schema_tables`
				WHERE table_type = 'BASE TABLE'
				AND table_schema = ?
				AND table_name = ?
			 | parameters: database_name_here, wp_sirv_images</li>
<li>Executing: SELECT * FROM `_wp_sqlite_mysql_information_schema_columns` WHERE table_schema = ? AND table_name = ? ORDER BY ordinal_position | parameters: database_name_here, wp_sirv_images</li>
<li>Executing: 
					SELECT *
					FROM `_wp_sqlite_mysql_information_schema_statistics`
					WHERE table_schema = ?
					AND table_name = ?
					ORDER BY
						INDEX_NAME = 'PRIMARY' DESC,
						NON_UNIQUE = '0' DESC,
						INDEX_TYPE = 'SPATIAL' DESC,
						INDEX_TYPE = 'BTREE' DESC,
						INDEX_TYPE = 'FULLTEXT' DESC,
						ROWID,
						SEQ_IN_INDEX
				 | parameters: database_name_here, wp_sirv_images</li>
<li>Executing: CREATE TABLE `_wp_sqlite_tmp_wp_sirv_images_681ac5cf22ab0` (
  `id` INTEGER NOT NULL PRIMARY KEY AUTOINCREMENT,
  `attachment_id` INTEGER NOT NULL,
  `img_path` TEXT COLLATE NOCASE,
  `sirv_path` TEXT COLLATE NOCASE,
  `size` INTEGER,
  `status` TEXT COLLATE NOCASE,
  `error_type` INTEGER,
  `timestamp` TEXT COLLATE NOCASE,
  `timestamp_synced` TEXT COLLATE NOCASE,
  `checks` INTEGER DEFAULT '0',
  `timestamp_checks` INTEGER,
  `sirv_path` TEXT COLLATE NOCASE DEFAULT ''
) STRICT | (no parameters)</li>
<li>Executing: ROLLBACK | (no parameters)</li>
</ol>
</div>
<div style="clear:both;margin-bottom:2px;border:red dotted thin;" class="error_message" style="border-bottom:dotted blue thin;">
SQLSTATE[HY000]: General error: 1 duplicate column name: sirv_path
</div>
<p>Backtrace:</p>
<pre>#0 /internal/shared/sqlite-database-integration/wp-includes/sqlite-ast/class-wp-sqlite-driver.php(683): WP_SQLite_Driver->new_driver_exception('SQLSTATE[HY000]...', 'HY000', Object(PDOException))
#1 /internal/shared/sqlite-database-integration/wp-includes/sqlite/class-wp-sqlite-db.php(491): WP_SQLite_Driver->query('ALTER TABLE wp_...')
#2 /internal/shared/sqlite-database-integration/wp-includes/sqlite/class-wp-sqlite-db.php(432): WP_SQLite_DB->_do_query('ALTER TABLE wp_...')
#3 /wordpress/wp-content/plugins/sirv/sirv.php(1072): WP_SQLite_DB->query('ALTER TABLE wp_...')
#4 /wordpress/wp-content/plugins/sirv/sirv.php(772): sirv_fix_db()
#5 /wordpress/wp-content/plugins/sirv/sirv.php(718): sirv_upgrade_plugin()
#6 /wordpress/wp-includes/class-wp-hook.php(324): sirv_activation_callback(false)
#7 /wordpress/wp-includes/class-wp-hook.php(348): WP_Hook->apply_filters('', Array)
#8 /wordpress/wp-includes/plugin.php(517): WP_Hook->do_action(Array)
#9 /wordpress/wp-admin/includes/plugin.php(703): do_action('activate_sirv/s...', false)
#10 /internal/eval.php(20): activate_plugin('sirv/sirv.php')
#11 {main}</pre>
 for query ALTER TABLE wp_sirv_images ADD `sirv_path` VARCHAR(1000) CHARACTER SET utf8 COLLATE utf8_general_ci NULL DEFAULT '' AFTER `img_path` made by activate_plugin, do_action('activate_sirv/sirv.php'), WP_Hook->do_action, WP_Hook->apply_filters, sirv_activation_callback, sirv_upgrade_plugin, sirv_fix_db, WP_SQLite_DB->query, WP_SQLite_DB->print_error
[07-May-2025 02:30:49 UTC] WordPress database error <div style="clear:both">&nbsp;</div>
<div class="queries" style="clear:both;margin-bottom:2px;border:red dotted thin;">
<p>MySQL query:</p>
<p>SELECT count(*) FROM wp_sirv_images WHERE status = 'SYNCED'</p>
<p>Queries made or created this session were:</p>
<ol>
<li>Executing: BEGIN | (no parameters)</li>
<li>Executing: SELECT count(*) FROM wp_sirv_images WHERE status = :param0  | parameters: SYNCED</li>
<li>Executing: ROLLBACK | (no parameters)</li>
</ol>
</div>
<div style="clear:both;margin-bottom:2px;border:red dotted thin;" class="error_message" style="border-bottom:dotted blue thin;">
Error occurred at line 4117 in Function <code>handle_error</code>. Error message was: SQLSTATE[HY000]: General error: 1 no such table: wp_sirv_images.
</div>
<p>Backtrace:</p>
<pre>#0 /internal/shared/sqlite-database-integration/wp-includes/sqlite/class-wp-sqlite-db.php(287): WP_SQLite_Translator->get_error_message()
#1 /wordpress/wp-includes/class-wpdb.php(3031): WP_SQLite_DB->query('SELECT count(*)...')
#2 /wordpress/wp-content/plugins/sirv/sirv.php(3994): wpdb->get_var('SELECT count(*)...')
#3 /wordpress/wp-content/plugins/sirv/sirv.php(1020): sirv_get_synced_count()
#4 /wordpress/wp-content/plugins/sirv/sirv.php(695): sirv_fill_empty_options()
#5 /wordpress/wp-includes/class-wp-hook.php(324): sirv_activation_callback(false)
#6 /wordpress/wp-includes/class-wp-hook.php(348): WP_Hook->apply_filters('', Array)
#7 /wordpress/wp-includes/plugin.php(517): WP_Hook->do_action(Array)
#8 /wordpress/wp-admin/includes/plugin.php(703): do_action('activate_sirv/s...', false)
#9 /internal/eval.php(20): activate_plugin('sirv/sirv.php')
#10 {main}</pre>
 for query SELECT count(*) FROM wp_sirv_images WHERE status = 'SYNCED' made by activate_plugin, do_action('activate_sirv/sirv.php'), WP_Hook->do_action, WP_Hook->apply_filters, sirv_activation_callback, sirv_fill_empty_options, sirv_get_synced_count, WP_SQLite_DB->query, WP_SQLite_DB->print_error
[07-May-2025 02:30:50 UTC] WordPress database error <div style="clear:both">&nbsp;</div>
<div class="queries" style="clear:both;margin-bottom:2px;border:red dotted thin;">
<p>MySQL query:</p>
<p>SHOW INDEXES FROM wp_sirv_images WHERE Column_name='attachment_id' AND NOT Non_unique</p>
<p>Queries made or created this session were:</p>
<ol>
<li>Executing: BEGIN | (no parameters)</li>
<li>Executing: ROLLBACK | (no parameters)</li>
</ol>
</div>
<div style="clear:both;margin-bottom:2px;border:red dotted thin;" class="error_message" style="border-bottom:dotted blue thin;">
Error occurred at line 4117 in Function <code>handle_error</code>. Error message was: Unknown show type: INDEXES FROM.
</div>
<p>Backtrace:</p>
<pre>#0 /internal/shared/sqlite-database-integration/wp-includes/sqlite/class-wp-sqlite-db.php(287): WP_SQLite_Translator->get_error_message()
#1 /wordpress/wp-includes/class-wpdb.php(3146): WP_SQLite_DB->query('SHOW INDEXES FR...')
#2 /wordpress/wp-content/plugins/sirv/sirv.php(2003): wpdb->get_results('SHOW INDEXES FR...', 'ARRAY_A')
#3 /wordpress/wp-content/plugins/sirv/sirv.php(768): sirv_is_unique_field('attachment_id')
#4 /wordpress/wp-content/plugins/sirv/sirv.php(718): sirv_upgrade_plugin()
#5 /wordpress/wp-includes/class-wp-hook.php(324): sirv_activation_callback(false)
#6 /wordpress/wp-includes/class-wp-hook.php(348): WP_Hook->apply_filters('', Array)
#7 /wordpress/wp-includes/plugin.php(517): WP_Hook->do_action(Array)
#8 /wordpress/wp-admin/includes/plugin.php(703): do_action('activate_sirv/s...', false)
#9 /internal/eval.php(20): activate_plugin('sirv/sirv.php')
#10 {main}</pre>
 for query SHOW INDEXES FROM wp_sirv_images WHERE Column_name='attachment_id' AND NOT Non_unique made by activate_plugin, do_action('activate_sirv/sirv.php'), WP_Hook->do_action, WP_Hook->apply_filters, sirv_activation_callback, sirv_upgrade_plugin, sirv_is_unique_field, WP_SQLite_DB->query, WP_SQLite_DB->print_error
[07-May-2025 02:30:50 UTC] WordPress database error <div style="clear:both">&nbsp;</div>
<div class="queries" style="clear:both;margin-bottom:2px;border:red dotted thin;">
<p>MySQL query:</p>
<p>ALTER TABLE wp_sirv_images ADD UNIQUE (attachment_id)</p>
<p>Queries made or created this session were:</p>
<ol>
<li>Executing: BEGIN | (no parameters)</li>
<li>Executing: INSERT INTO _mysql_data_types_cache (`table`, `column_or_index`, `mysql_type`)
				VALUES (:table, :column, :datatype)
				ON CONFLICT(`table`, `column_or_index`) DO UPDATE SET `mysql_type` = :datatype
			 | parameters: wp_sirv_images, wp_sirv_images__(, UNIQUE</li>
<li>Executing: CREATE UNIQUE INDEX &quot;wp_sirv_images__(&quot; ON &quot;wp_sirv_images&quot; () | (no parameters)</li>
<li>Executing: ROLLBACK | (no parameters)</li>
</ol>
</div>
<div style="clear:both;margin-bottom:2px;border:red dotted thin;" class="error_message" style="border-bottom:dotted blue thin;">
Error occurred at line 4117 in Function <code>handle_error</code>. Error message was: SQLSTATE[HY000]: General error: 1 near ")": syntax error.
</div>
<p>Backtrace:</p>
<pre>#0 /internal/shared/sqlite-database-integration/wp-includes/sqlite/class-wp-sqlite-db.php(287): WP_SQLite_Translator->get_error_message()
#1 /wordpress/wp-content/plugins/sirv/sirv.php(2040): WP_SQLite_DB->query('ALTER TABLE wp_...')
#2 /wordpress/wp-content/plugins/sirv/sirv.php(769): sirv_set_unique_field('attachment_id')
#3 /wordpress/wp-content/plugins/sirv/sirv.php(718): sirv_upgrade_plugin()
#4 /wordpress/wp-includes/class-wp-hook.php(324): sirv_activation_callback(false)
#5 /wordpress/wp-includes/class-wp-hook.php(348): WP_Hook->apply_filters('', Array)
#6 /wordpress/wp-includes/plugin.php(517): WP_Hook->do_action(Array)
#7 /wordpress/wp-admin/includes/plugin.php(703): do_action('activate_sirv/s...', false)
#8 /internal/eval.php(20): activate_plugin('sirv/sirv.php')
#9 {main}</pre>
 for query ALTER TABLE wp_sirv_images ADD UNIQUE (attachment_id) made by activate_plugin, do_action('activate_sirv/sirv.php'), WP_Hook->do_action, WP_Hook->apply_filters, sirv_activation_callback, sirv_upgrade_plugin, sirv_set_unique_field, WP_SQLite_DB->query, WP_SQLite_DB->print_error
[07-May-2025 02:30:50 UTC] WordPress database error <div style="clear:both">&nbsp;</div>
<div class="queries" style="clear:both;margin-bottom:2px;border:red dotted thin;">
<p>MySQL query:</p>
<p>ALTER TABLE wp_sirv_images
                  DROP `sirvpath`,
                  DROP `sirv_image_url`,
                  DROP `sirv_folder`</p>
<p>Queries made or created this session were:</p>
<ol>
<li>Executing: BEGIN | (no parameters)</li>
<li>Executing: ALTER TABLE wp_sirv_images
                  DROP `sirvpath`,
                  DROP `sirv_image_url`,
                  DROP `sirv_folder` | (no parameters)</li>
<li>Executing: ROLLBACK | (no parameters)</li>
</ol>
</div>
<div style="clear:both;margin-bottom:2px;border:red dotted thin;" class="error_message" style="border-bottom:dotted blue thin;">
Error occurred at line 4117 in Function <code>handle_error</code>. Error message was: SQLSTATE[HY000]: General error: 1 near ",": syntax error.
</div>
<p>Backtrace:</p>
<pre>#0 /internal/shared/sqlite-database-integration/wp-includes/sqlite/class-wp-sqlite-db.php(287): WP_SQLite_Translator->get_error_message()
#1 /wordpress/wp-content/plugins/sirv/sirv.php(1054): WP_SQLite_DB->query('ALTER TABLE wp_...')
#2 /wordpress/wp-content/plugins/sirv/sirv.php(772): sirv_fix_db()
#3 /wordpress/wp-content/plugins/sirv/sirv.php(718): sirv_upgrade_plugin()
#4 /wordpress/wp-includes/class-wp-hook.php(324): sirv_activation_callback(false)
#5 /wordpress/wp-includes/class-wp-hook.php(348): WP_Hook->apply_filters('', Array)
#6 /wordpress/wp-includes/plugin.php(517): WP_Hook->do_action(Array)
#7 /wordpress/wp-admin/includes/plugin.php(703): do_action('activate_sirv/s...', false)
#8 /internal/eval.php(20): activate_plugin('sirv/sirv.php')
#9 {main}</pre>
 for query ALTER TABLE wp_sirv_images
                  DROP `sirvpath`,
                  DROP `sirv_image_url`,
                  DROP `sirv_folder` made by activate_plugin, do_action('activate_sirv/sirv.php'), WP_Hook->do_action, WP_Hook->apply_filters, sirv_activation_callback, sirv_upgrade_plugin, sirv_fix_db, WP_SQLite_DB->query, WP_SQLite_DB->print_error
[07-May-2025 02:30:50 UTC] WordPress database error <div style="clear:both">&nbsp;</div>
<div class="queries" style="clear:both;margin-bottom:2px;border:red dotted thin;">
<p>MySQL query:</p>
<p>ALTER TABLE wp_sirv_images ADD `checks` TINYINT UNSIGNED NULL DEFAULT 0 AFTER `timestamp_synced`</p>
<p>Queries made or created this session were:</p>
<ol>
<li>Executing: BEGIN | (no parameters)</li>
<li>Executing: INSERT INTO _mysql_data_types_cache (`table`, `column_or_index`, `mysql_type`)
				VALUES (:table, :column, :datatype)
				ON CONFLICT(`table`, `column_or_index`) DO UPDATE SET `mysql_type` = :datatype
			 | parameters: wp_sirv_images, `CHECKS`, tinyint UNSIGNED</li>
<li>Executing: ALTER TABLE wp_sirv_images ADD `checks`  integer NULL DEFAULT 0   | (no parameters)</li>
<li>Executing: ROLLBACK | (no parameters)</li>
</ol>
</div>
<div style="clear:both;margin-bottom:2px;border:red dotted thin;" class="error_message" style="border-bottom:dotted blue thin;">
Error occurred at line 4117 in Function <code>handle_error</code>. Error message was: SQLSTATE[HY000]: General error: 1 duplicate column name: checks.
</div>
<p>Backtrace:</p>
<pre>#0 /internal/shared/sqlite-database-integration/wp-includes/sqlite/class-wp-sqlite-db.php(287): WP_SQLite_Translator->get_error_message()
#1 /wordpress/wp-content/plugins/sirv/sirv.php(1058): WP_SQLite_DB->query('ALTER TABLE wp_...')
#2 /wordpress/wp-content/plugins/sirv/sirv.php(772): sirv_fix_db()
#3 /wordpress/wp-content/plugins/sirv/sirv.php(718): sirv_upgrade_plugin()
#4 /wordpress/wp-includes/class-wp-hook.php(324): sirv_activation_callback(false)
#5 /wordpress/wp-includes/class-wp-hook.php(348): WP_Hook->apply_filters('', Array)
#6 /wordpress/wp-includes/plugin.php(517): WP_Hook->do_action(Array)
#7 /wordpress/wp-admin/includes/plugin.php(703): do_action('activate_sirv/s...', false)
#8 /internal/eval.php(20): activate_plugin('sirv/sirv.php')
#9 {main}</pre>
 for query ALTER TABLE wp_sirv_images ADD `checks` TINYINT UNSIGNED NULL DEFAULT 0 AFTER `timestamp_synced` made by activate_plugin, do_action('activate_sirv/sirv.php'), WP_Hook->do_action, WP_Hook->apply_filters, sirv_activation_callback, sirv_upgrade_plugin, sirv_fix_db, WP_SQLite_DB->query, WP_SQLite_DB->print_error
[07-May-2025 02:30:50 UTC] WordPress database error <div style="clear:both">&nbsp;</div>
<div class="queries" style="clear:both;margin-bottom:2px;border:red dotted thin;">
<p>MySQL query:</p>
<p>ALTER TABLE wp_sirv_images ADD `timestamp_checks` INT NULL DEFAULT NULL AFTER `checks`</p>
<p>Queries made or created this session were:</p>
<ol>
<li>Executing: BEGIN | (no parameters)</li>
<li>Executing: INSERT INTO _mysql_data_types_cache (`table`, `column_or_index`, `mysql_type`)
				VALUES (:table, :column, :datatype)
				ON CONFLICT(`table`, `column_or_index`) DO UPDATE SET `mysql_type` = :datatype
			 | parameters: wp_sirv_images, `TIMESTAMP_CHECKS`, int</li>
<li>Executing: ALTER TABLE wp_sirv_images ADD `timestamp_checks` integer NULL DEFAULT NULL   | (no parameters)</li>
<li>Executing: ROLLBACK | (no parameters)</li>
</ol>
</div>
<div style="clear:both;margin-bottom:2px;border:red dotted thin;" class="error_message" style="border-bottom:dotted blue thin;">
Error occurred at line 4117 in Function <code>handle_error</code>. Error message was: SQLSTATE[HY000]: General error: 1 duplicate column name: timestamp_checks.
</div>
<p>Backtrace:</p>
<pre>#0 /internal/shared/sqlite-database-integration/wp-includes/sqlite/class-wp-sqlite-db.php(287): WP_SQLite_Translator->get_error_message()
#1 /wordpress/wp-content/plugins/sirv/sirv.php(1059): WP_SQLite_DB->query('ALTER TABLE wp_...')
#2 /wordpress/wp-content/plugins/sirv/sirv.php(772): sirv_fix_db()
#3 /wordpress/wp-content/plugins/sirv/sirv.php(718): sirv_upgrade_plugin()
#4 /wordpress/wp-includes/class-wp-hook.php(324): sirv_activation_callback(false)
#5 /wordpress/wp-includes/class-wp-hook.php(348): WP_Hook->apply_filters('', Array)
#6 /wordpress/wp-includes/plugin.php(517): WP_Hook->do_action(Array)
#7 /wordpress/wp-admin/includes/plugin.php(703): do_action('activate_sirv/s...', false)
#8 /internal/eval.php(20): activate_plugin('sirv/sirv.php')
#9 {main}</pre>
 for query ALTER TABLE wp_sirv_images ADD `timestamp_checks` INT NULL DEFAULT NULL AFTER `checks` made by activate_plugin, do_action('activate_sirv/sirv.php'), WP_Hook->do_action, WP_Hook->apply_filters, sirv_activation_callback, sirv_upgrade_plugin, sirv_fix_db, WP_SQLite_DB->query, WP_SQLite_DB->print_error
[07-May-2025 02:30:50 UTC] WordPress database error <div style="clear:both">&nbsp;</div>
<div class="queries" style="clear:both;margin-bottom:2px;border:red dotted thin;">
<p>MySQL query:</p>
<p>ALTER TABLE wp_sirv_images ADD `status` enum('NEW', 'PROCESSING', 'SYNCED', 'FAILED') DEFAULT NULL AFTER `size`</p>
<p>Queries made or created this session were:</p>
<ol>
<li>Executing: BEGIN | (no parameters)</li>
<li>Executing: INSERT INTO _mysql_data_types_cache (`table`, `column_or_index`, `mysql_type`)
				VALUES (:table, :column, :datatype)
				ON CONFLICT(`table`, `column_or_index`) DO UPDATE SET `mysql_type` = :datatype
			 | parameters: wp_sirv_images, `STATUS`, enum('NEW','PROCESSING','SYNCED','FAILED')</li>
<li>Executing: ALTER TABLE wp_sirv_images ADD `status`    text DEFAULT NULL   | (no parameters)</li>
<li>Executing: ROLLBACK | (no parameters)</li>
</ol>
</div>
<div style="clear:both;margin-bottom:2px;border:red dotted thin;" class="error_message" style="border-bottom:dotted blue thin;">
Error occurred at line 4117 in Function <code>handle_error</code>. Error message was: SQLSTATE[HY000]: General error: 1 duplicate column name: status.
</div>
<p>Backtrace:</p>
<pre>#0 /internal/shared/sqlite-database-integration/wp-includes/sqlite/class-wp-sqlite-db.php(287): WP_SQLite_Translator->get_error_message()
#1 /wordpress/wp-content/plugins/sirv/sirv.php(1060): WP_SQLite_DB->query('ALTER TABLE wp_...')
#2 /wordpress/wp-content/plugins/sirv/sirv.php(772): sirv_fix_db()
#3 /wordpress/wp-content/plugins/sirv/sirv.php(718): sirv_upgrade_plugin()
#4 /wordpress/wp-includes/class-wp-hook.php(324): sirv_activation_callback(false)
#5 /wordpress/wp-includes/class-wp-hook.php(348): WP_Hook->apply_filters('', Array)
#6 /wordpress/wp-includes/plugin.php(517): WP_Hook->do_action(Array)
#7 /wordpress/wp-admin/includes/plugin.php(703): do_action('activate_sirv/s...', false)
#8 /internal/eval.php(20): activate_plugin('sirv/sirv.php')
#9 {main}</pre>
 for query ALTER TABLE wp_sirv_images ADD `status` enum('NEW', 'PROCESSING', 'SYNCED', 'FAILED') DEFAULT NULL AFTER `size` made by activate_plugin, do_action('activate_sirv/sirv.php'), WP_Hook->do_action, WP_Hook->apply_filters, sirv_activation_callback, sirv_upgrade_plugin, sirv_fix_db, WP_SQLite_DB->query, WP_SQLite_DB->print_error
[07-May-2025 02:30:50 UTC] WordPress database error <div style="clear:both">&nbsp;</div>
<div class="queries" style="clear:both;margin-bottom:2px;border:red dotted thin;">
<p>MySQL query:</p>
<p>ALTER TABLE wp_sirv_images ADD `error_type` TINYINT UNSIGNED NULL DEFAULT NULL AFTER `status`</p>
<p>Queries made or created this session were:</p>
<ol>
<li>Executing: BEGIN | (no parameters)</li>
<li>Executing: INSERT INTO _mysql_data_types_cache (`table`, `column_or_index`, `mysql_type`)
				VALUES (:table, :column, :datatype)
				ON CONFLICT(`table`, `column_or_index`) DO UPDATE SET `mysql_type` = :datatype
			 | parameters: wp_sirv_images, `ERROR_TYPE`, tinyint UNSIGNED</li>
<li>Executing: ALTER TABLE wp_sirv_images ADD `error_type`  integer NULL DEFAULT NULL   | (no parameters)</li>
<li>Executing: ROLLBACK | (no parameters)</li>
</ol>
</div>
<div style="clear:both;margin-bottom:2px;border:red dotted thin;" class="error_message" style="border-bottom:dotted blue thin;">
Error occurred at line 4117 in Function <code>handle_error</code>. Error message was: SQLSTATE[HY000]: General error: 1 duplicate column name: error_type.
</div>
<p>Backtrace:</p>
<pre>#0 /internal/shared/sqlite-database-integration/wp-includes/sqlite/class-wp-sqlite-db.php(287): WP_SQLite_Translator->get_error_message()
#1 /wordpress/wp-content/plugins/sirv/sirv.php(1061): WP_SQLite_DB->query('ALTER TABLE wp_...')
#2 /wordpress/wp-content/plugins/sirv/sirv.php(772): sirv_fix_db()
#3 /wordpress/wp-content/plugins/sirv/sirv.php(718): sirv_upgrade_plugin()
#4 /wordpress/wp-includes/class-wp-hook.php(324): sirv_activation_callback(false)
#5 /wordpress/wp-includes/class-wp-hook.php(348): WP_Hook->apply_filters('', Array)
#6 /wordpress/wp-includes/plugin.php(517): WP_Hook->do_action(Array)
#7 /wordpress/wp-admin/includes/plugin.php(703): do_action('activate_sirv/s...', false)
#8 /internal/eval.php(20): activate_plugin('sirv/sirv.php')
#9 {main}</pre>
 for query ALTER TABLE wp_sirv_images ADD `error_type` TINYINT UNSIGNED NULL DEFAULT NULL AFTER `status` made by activate_plugin, do_action('activate_sirv/sirv.php'), WP_Hook->do_action, WP_Hook->apply_filters, sirv_activation_callback, sirv_upgrade_plugin, sirv_fix_db, WP_SQLite_DB->query, WP_SQLite_DB->print_error
[07-May-2025 02:30:50 UTC] WordPress database error <div style="clear:both">&nbsp;</div>
<div class="queries" style="clear:both;margin-bottom:2px;border:red dotted thin;">
<p>MySQL query:</p>
<p>ALTER TABLE wp_sirv_images ADD `sirv_path` VARCHAR(1000) CHARACTER SET utf8 COLLATE utf8_general_ci NULL DEFAULT NULL AFTER `img_path`</p>
<p>Queries made or created this session were:</p>
<ol>
<li>Executing: BEGIN | (no parameters)</li>
<li>Executing: INSERT INTO _mysql_data_types_cache (`table`, `column_or_index`, `mysql_type`)
				VALUES (:table, :column, :datatype)
				ON CONFLICT(`table`, `column_or_index`) DO UPDATE SET `mysql_type` = :datatype
			 | parameters: wp_sirv_images, `SIRV_PATH`, varchar(1000)</li>
<li>Executing: ALTER TABLE wp_sirv_images ADD `sirv_path` text CHARACTER SET utf8 COLLATE utf8_general_ci NULL DEFAULT NULL   | (no parameters)</li>
<li>Executing: ROLLBACK | (no parameters)</li>
</ol>
</div>
<div style="clear:both;margin-bottom:2px;border:red dotted thin;" class="error_message" style="border-bottom:dotted blue thin;">
Error occurred at line 4117 in Function <code>handle_error</code>. Error message was: SQLSTATE[HY000]: General error: 1 near "SET": syntax error.
</div>
<p>Backtrace:</p>
<pre>#0 /internal/shared/sqlite-database-integration/wp-includes/sqlite/class-wp-sqlite-db.php(287): WP_SQLite_Translator->get_error_message()
#1 /wordpress/wp-content/plugins/sirv/sirv.php(1062): WP_SQLite_DB->query('ALTER TABLE wp_...')
#2 /wordpress/wp-content/plugins/sirv/sirv.php(772): sirv_fix_db()
#3 /wordpress/wp-content/plugins/sirv/sirv.php(718): sirv_upgrade_plugin()
#4 /wordpress/wp-includes/class-wp-hook.php(324): sirv_activation_callback(false)
#5 /wordpress/wp-includes/class-wp-hook.php(348): WP_Hook->apply_filters('', Array)
#6 /wordpress/wp-includes/plugin.php(517): WP_Hook->do_action(Array)
#7 /wordpress/wp-admin/includes/plugin.php(703): do_action('activate_sirv/s...', false)
#8 /internal/eval.php(20): activate_plugin('sirv/sirv.php')
#9 {main}</pre>
 for query ALTER TABLE wp_sirv_images ADD `sirv_path` VARCHAR(1000) CHARACTER SET utf8 COLLATE utf8_general_ci NULL DEFAULT NULL AFTER `img_path` made by activate_plugin, do_action('activate_sirv/sirv.php'), WP_Hook->do_action, WP_Hook->apply_filters, sirv_activation_callback, sirv_upgrade_plugin, sirv_fix_db, WP_SQLite_DB->query, WP_SQLite_DB->print_error
[07-May-2025 02:31:01 UTC] WordPress database error <div style="clear:both">&nbsp;</div>
<div class="queries" style="clear:both;margin-bottom:2px;border:red dotted thin;">
<p>MySQL query:</p>
<p>SELECT count(*) FROM wp_sirv_images WHERE status = 'SYNCED'</p>
<p>Queries made or created this session were:</p>
<ol>
<li>Executing: BEGIN | (no parameters)</li>
<li>Executing: SELECT count(*) FROM wp_sirv_images WHERE status = :param0  | parameters: SYNCED</li>
<li>Executing: ROLLBACK | (no parameters)</li>
</ol>
</div>
<div style="clear:both;margin-bottom:2px;border:red dotted thin;" class="error_message" style="border-bottom:dotted blue thin;">
Error occurred at line 4117 in Function <code>handle_error</code>. Error message was: SQLSTATE[HY000]: General error: 1 no such table: wp_sirv_images.
</div>
<p>Backtrace:</p>
<pre>#0 /internal/shared/sqlite-database-integration/wp-includes/sqlite/class-wp-sqlite-db.php(287): WP_SQLite_Translator->get_error_message()
#1 /wordpress/wp-includes/class-wpdb.php(3031): WP_SQLite_DB->query('SELECT count(*)...')
#2 /wordpress/wp-content/plugins/sirv/sirv.php(3994): wpdb->get_var('SELECT count(*)...')
#3 /wordpress/wp-content/plugins/sirv/sirv.php(1020): sirv_get_synced_count()
#4 /wordpress/wp-content/plugins/sirv/sirv.php(695): sirv_fill_empty_options()
#5 /wordpress/wp-includes/class-wp-hook.php(324): sirv_activation_callback(false)
#6 /wordpress/wp-includes/class-wp-hook.php(348): WP_Hook->apply_filters('', Array)
#7 /wordpress/wp-includes/plugin.php(517): WP_Hook->do_action(Array)
#8 /wordpress/wp-admin/includes/plugin.php(703): do_action('activate_sirv/s...', false)
#9 /internal/eval.php(20): activate_plugin('sirv/sirv.php')
#10 {main}</pre>
 for query SELECT count(*) FROM wp_sirv_images WHERE status = 'SYNCED' made by activate_plugin, do_action('activate_sirv/sirv.php'), WP_Hook->do_action, WP_Hook->apply_filters, sirv_activation_callback, sirv_fill_empty_options, sirv_get_synced_count, WP_SQLite_DB->query, WP_SQLite_DB->print_error
[07-May-2025 02:31:02 UTC] WordPress database error <div style="clear:both">&nbsp;</div>
<div class="queries" style="clear:both;margin-bottom:2px;border:red dotted thin;">
<p>MySQL query:</p>
<p>SHOW INDEXES FROM wp_sirv_images WHERE Column_name='attachment_id' AND NOT Non_unique</p>
<p>Queries made or created this session were:</p>
<ol>
<li>Executing: BEGIN | (no parameters)</li>
<li>Executing: ROLLBACK | (no parameters)</li>
</ol>
</div>
<div style="clear:both;margin-bottom:2px;border:red dotted thin;" class="error_message" style="border-bottom:dotted blue thin;">
Error occurred at line 4117 in Function <code>handle_error</code>. Error message was: Unknown show type: INDEXES FROM.
</div>
<p>Backtrace:</p>
<pre>#0 /internal/shared/sqlite-database-integration/wp-includes/sqlite/class-wp-sqlite-db.php(287): WP_SQLite_Translator->get_error_message()
#1 /wordpress/wp-includes/class-wpdb.php(3146): WP_SQLite_DB->query('SHOW INDEXES FR...')
#2 /wordpress/wp-content/plugins/sirv/sirv.php(2003): wpdb->get_results('SHOW INDEXES FR...', 'ARRAY_A')
#3 /wordpress/wp-content/plugins/sirv/sirv.php(768): sirv_is_unique_field('attachment_id')
#4 /wordpress/wp-content/plugins/sirv/sirv.php(718): sirv_upgrade_plugin()
#5 /wordpress/wp-includes/class-wp-hook.php(324): sirv_activation_callback(false)
#6 /wordpress/wp-includes/class-wp-hook.php(348): WP_Hook->apply_filters('', Array)
#7 /wordpress/wp-includes/plugin.php(517): WP_Hook->do_action(Array)
#8 /wordpress/wp-admin/includes/plugin.php(703): do_action('activate_sirv/s...', false)
#9 /internal/eval.php(20): activate_plugin('sirv/sirv.php')
#10 {main}</pre>
 for query SHOW INDEXES FROM wp_sirv_images WHERE Column_name='attachment_id' AND NOT Non_unique made by activate_plugin, do_action('activate_sirv/sirv.php'), WP_Hook->do_action, WP_Hook->apply_filters, sirv_activation_callback, sirv_upgrade_plugin, sirv_is_unique_field, WP_SQLite_DB->query, WP_SQLite_DB->print_error
[07-May-2025 02:31:02 UTC] WordPress database error <div style="clear:both">&nbsp;</div>
<div class="queries" style="clear:both;margin-bottom:2px;border:red dotted thin;">
<p>MySQL query:</p>
<p>ALTER TABLE wp_sirv_images ADD UNIQUE (attachment_id)</p>
<p>Queries made or created this session were:</p>
<ol>
<li>Executing: BEGIN | (no parameters)</li>
<li>Executing: INSERT INTO _mysql_data_types_cache (`table`, `column_or_index`, `mysql_type`)
				VALUES (:table, :column, :datatype)
				ON CONFLICT(`table`, `column_or_index`) DO UPDATE SET `mysql_type` = :datatype
			 | parameters: wp_sirv_images, wp_sirv_images__(, UNIQUE</li>
<li>Executing: CREATE UNIQUE INDEX &quot;wp_sirv_images__(&quot; ON &quot;wp_sirv_images&quot; () | (no parameters)</li>
<li>Executing: ROLLBACK | (no parameters)</li>
</ol>
</div>
<div style="clear:both;margin-bottom:2px;border:red dotted thin;" class="error_message" style="border-bottom:dotted blue thin;">
Error occurred at line 4117 in Function <code>handle_error</code>. Error message was: SQLSTATE[HY000]: General error: 1 near ")": syntax error.
</div>
<p>Backtrace:</p>
<pre>#0 /internal/shared/sqlite-database-integration/wp-includes/sqlite/class-wp-sqlite-db.php(287): WP_SQLite_Translator->get_error_message()
#1 /wordpress/wp-content/plugins/sirv/sirv.php(2040): WP_SQLite_DB->query('ALTER TABLE wp_...')
#2 /wordpress/wp-content/plugins/sirv/sirv.php(769): sirv_set_unique_field('attachment_id')
#3 /wordpress/wp-content/plugins/sirv/sirv.php(718): sirv_upgrade_plugin()
#4 /wordpress/wp-includes/class-wp-hook.php(324): sirv_activation_callback(false)
#5 /wordpress/wp-includes/class-wp-hook.php(348): WP_Hook->apply_filters('', Array)
#6 /wordpress/wp-includes/plugin.php(517): WP_Hook->do_action(Array)
#7 /wordpress/wp-admin/includes/plugin.php(703): do_action('activate_sirv/s...', false)
#8 /internal/eval.php(20): activate_plugin('sirv/sirv.php')
#9 {main}</pre>
 for query ALTER TABLE wp_sirv_images ADD UNIQUE (attachment_id) made by activate_plugin, do_action('activate_sirv/sirv.php'), WP_Hook->do_action, WP_Hook->apply_filters, sirv_activation_callback, sirv_upgrade_plugin, sirv_set_unique_field, WP_SQLite_DB->query, WP_SQLite_DB->print_error
[07-May-2025 02:31:02 UTC] WordPress database error <div style="clear:both">&nbsp;</div>
<div class="queries" style="clear:both;margin-bottom:2px;border:red dotted thin;">
<p>MySQL query:</p>
<p>ALTER TABLE wp_sirv_images
                  DROP `sirvpath`,
                  DROP `sirv_image_url`,
                  DROP `sirv_folder`</p>
<p>Queries made or created this session were:</p>
<ol>
<li>Executing: BEGIN | (no parameters)</li>
<li>Executing: ALTER TABLE wp_sirv_images
                  DROP `sirvpath`,
                  DROP `sirv_image_url`,
                  DROP `sirv_folder` | (no parameters)</li>
<li>Executing: ROLLBACK | (no parameters)</li>
</ol>
</div>
<div style="clear:both;margin-bottom:2px;border:red dotted thin;" class="error_message" style="border-bottom:dotted blue thin;">
Error occurred at line 4117 in Function <code>handle_error</code>. Error message was: SQLSTATE[HY000]: General error: 1 near ",": syntax error.
</div>
<p>Backtrace:</p>
<pre>#0 /internal/shared/sqlite-database-integration/wp-includes/sqlite/class-wp-sqlite-db.php(287): WP_SQLite_Translator->get_error_message()
#1 /wordpress/wp-content/plugins/sirv/sirv.php(1054): WP_SQLite_DB->query('ALTER TABLE wp_...')
#2 /wordpress/wp-content/plugins/sirv/sirv.php(772): sirv_fix_db()
#3 /wordpress/wp-content/plugins/sirv/sirv.php(718): sirv_upgrade_plugin()
#4 /wordpress/wp-includes/class-wp-hook.php(324): sirv_activation_callback(false)
#5 /wordpress/wp-includes/class-wp-hook.php(348): WP_Hook->apply_filters('', Array)
#6 /wordpress/wp-includes/plugin.php(517): WP_Hook->do_action(Array)
#7 /wordpress/wp-admin/includes/plugin.php(703): do_action('activate_sirv/s...', false)
#8 /internal/eval.php(20): activate_plugin('sirv/sirv.php')
#9 {main}</pre>
 for query ALTER TABLE wp_sirv_images
                  DROP `sirvpath`,
                  DROP `sirv_image_url`,
                  DROP `sirv_folder` made by activate_plugin, do_action('activate_sirv/sirv.php'), WP_Hook->do_action, WP_Hook->apply_filters, sirv_activation_callback, sirv_upgrade_plugin, sirv_fix_db, WP_SQLite_DB->query, WP_SQLite_DB->print_error
[07-May-2025 02:31:02 UTC] WordPress database error <div style="clear:both">&nbsp;</div>
<div class="queries" style="clear:both;margin-bottom:2px;border:red dotted thin;">
<p>MySQL query:</p>
<p>ALTER TABLE wp_sirv_images ADD `checks` TINYINT UNSIGNED NULL DEFAULT 0 AFTER `timestamp_synced`</p>
<p>Queries made or created this session were:</p>
<ol>
<li>Executing: BEGIN | (no parameters)</li>
<li>Executing: INSERT INTO _mysql_data_types_cache (`table`, `column_or_index`, `mysql_type`)
				VALUES (:table, :column, :datatype)
				ON CONFLICT(`table`, `column_or_index`) DO UPDATE SET `mysql_type` = :datatype
			 | parameters: wp_sirv_images, `CHECKS`, tinyint UNSIGNED</li>
<li>Executing: ALTER TABLE wp_sirv_images ADD `checks`  integer NULL DEFAULT 0   | (no parameters)</li>
<li>Executing: ROLLBACK | (no parameters)</li>
</ol>
</div>
<div style="clear:both;margin-bottom:2px;border:red dotted thin;" class="error_message" style="border-bottom:dotted blue thin;">
Error occurred at line 4117 in Function <code>handle_error</code>. Error message was: SQLSTATE[HY000]: General error: 1 duplicate column name: checks.
</div>
<p>Backtrace:</p>
<pre>#0 /internal/shared/sqlite-database-integration/wp-includes/sqlite/class-wp-sqlite-db.php(287): WP_SQLite_Translator->get_error_message()
#1 /wordpress/wp-content/plugins/sirv/sirv.php(1058): WP_SQLite_DB->query('ALTER TABLE wp_...')
#2 /wordpress/wp-content/plugins/sirv/sirv.php(772): sirv_fix_db()
#3 /wordpress/wp-content/plugins/sirv/sirv.php(718): sirv_upgrade_plugin()
#4 /wordpress/wp-includes/class-wp-hook.php(324): sirv_activation_callback(false)
#5 /wordpress/wp-includes/class-wp-hook.php(348): WP_Hook->apply_filters('', Array)
#6 /wordpress/wp-includes/plugin.php(517): WP_Hook->do_action(Array)
#7 /wordpress/wp-admin/includes/plugin.php(703): do_action('activate_sirv/s...', false)
#8 /internal/eval.php(20): activate_plugin('sirv/sirv.php')
#9 {main}</pre>
 for query ALTER TABLE wp_sirv_images ADD `checks` TINYINT UNSIGNED NULL DEFAULT 0 AFTER `timestamp_synced` made by activate_plugin, do_action('activate_sirv/sirv.php'), WP_Hook->do_action, WP_Hook->apply_filters, sirv_activation_callback, sirv_upgrade_plugin, sirv_fix_db, WP_SQLite_DB->query, WP_SQLite_DB->print_error
[07-May-2025 02:31:02 UTC] WordPress database error <div style="clear:both">&nbsp;</div>
<div class="queries" style="clear:both;margin-bottom:2px;border:red dotted thin;">
<p>MySQL query:</p>
<p>ALTER TABLE wp_sirv_images ADD `timestamp_checks` INT NULL DEFAULT NULL AFTER `checks`</p>
<p>Queries made or created this session were:</p>
<ol>
<li>Executing: BEGIN | (no parameters)</li>
<li>Executing: INSERT INTO _mysql_data_types_cache (`table`, `column_or_index`, `mysql_type`)
				VALUES (:table, :column, :datatype)
				ON CONFLICT(`table`, `column_or_index`) DO UPDATE SET `mysql_type` = :datatype
			 | parameters: wp_sirv_images, `TIMESTAMP_CHECKS`, int</li>
<li>Executing: ALTER TABLE wp_sirv_images ADD `timestamp_checks` integer NULL DEFAULT NULL   | (no parameters)</li>
<li>Executing: ROLLBACK | (no parameters)</li>
</ol>
</div>
<div style="clear:both;margin-bottom:2px;border:red dotted thin;" class="error_message" style="border-bottom:dotted blue thin;">
Error occurred at line 4117 in Function <code>handle_error</code>. Error message was: SQLSTATE[HY000]: General error: 1 duplicate column name: timestamp_checks.
</div>
<p>Backtrace:</p>
<pre>#0 /internal/shared/sqlite-database-integration/wp-includes/sqlite/class-wp-sqlite-db.php(287): WP_SQLite_Translator->get_error_message()
#1 /wordpress/wp-content/plugins/sirv/sirv.php(1059): WP_SQLite_DB->query('ALTER TABLE wp_...')
#2 /wordpress/wp-content/plugins/sirv/sirv.php(772): sirv_fix_db()
#3 /wordpress/wp-content/plugins/sirv/sirv.php(718): sirv_upgrade_plugin()
#4 /wordpress/wp-includes/class-wp-hook.php(324): sirv_activation_callback(false)
#5 /wordpress/wp-includes/class-wp-hook.php(348): WP_Hook->apply_filters('', Array)
#6 /wordpress/wp-includes/plugin.php(517): WP_Hook->do_action(Array)
#7 /wordpress/wp-admin/includes/plugin.php(703): do_action('activate_sirv/s...', false)
#8 /internal/eval.php(20): activate_plugin('sirv/sirv.php')
#9 {main}</pre>
 for query ALTER TABLE wp_sirv_images ADD `timestamp_checks` INT NULL DEFAULT NULL AFTER `checks` made by activate_plugin, do_action('activate_sirv/sirv.php'), WP_Hook->do_action, WP_Hook->apply_filters, sirv_activation_callback, sirv_upgrade_plugin, sirv_fix_db, WP_SQLite_DB->query, WP_SQLite_DB->print_error
[07-May-2025 02:31:02 UTC] WordPress database error <div style="clear:both">&nbsp;</div>
<div class="queries" style="clear:both;margin-bottom:2px;border:red dotted thin;">
<p>MySQL query:</p>
<p>ALTER TABLE wp_sirv_images ADD `status` enum('NEW', 'PROCESSING', 'SYNCED', 'FAILED') DEFAULT NULL AFTER `size`</p>
<p>Queries made or created this session were:</p>
<ol>
<li>Executing: BEGIN | (no parameters)</li>
<li>Executing: INSERT INTO _mysql_data_types_cache (`table`, `column_or_index`, `mysql_type`)
				VALUES (:table, :column, :datatype)
				ON CONFLICT(`table`, `column_or_index`) DO UPDATE SET `mysql_type` = :datatype
			 | parameters: wp_sirv_images, `STATUS`, enum('NEW','PROCESSING','SYNCED','FAILED')</li>
<li>Executing: ALTER TABLE wp_sirv_images ADD `status`    text DEFAULT NULL   | (no parameters)</li>
<li>Executing: ROLLBACK | (no parameters)</li>
</ol>
</div>
<div style="clear:both;margin-bottom:2px;border:red dotted thin;" class="error_message" style="border-bottom:dotted blue thin;">
Error occurred at line 4117 in Function <code>handle_error</code>. Error message was: SQLSTATE[HY000]: General error: 1 duplicate column name: status.
</div>
<p>Backtrace:</p>
<pre>#0 /internal/shared/sqlite-database-integration/wp-includes/sqlite/class-wp-sqlite-db.php(287): WP_SQLite_Translator->get_error_message()
#1 /wordpress/wp-content/plugins/sirv/sirv.php(1060): WP_SQLite_DB->query('ALTER TABLE wp_...')
#2 /wordpress/wp-content/plugins/sirv/sirv.php(772): sirv_fix_db()
#3 /wordpress/wp-content/plugins/sirv/sirv.php(718): sirv_upgrade_plugin()
#4 /wordpress/wp-includes/class-wp-hook.php(324): sirv_activation_callback(false)
#5 /wordpress/wp-includes/class-wp-hook.php(348): WP_Hook->apply_filters('', Array)
#6 /wordpress/wp-includes/plugin.php(517): WP_Hook->do_action(Array)
#7 /wordpress/wp-admin/includes/plugin.php(703): do_action('activate_sirv/s...', false)
#8 /internal/eval.php(20): activate_plugin('sirv/sirv.php')
#9 {main}</pre>
 for query ALTER TABLE wp_sirv_images ADD `status` enum('NEW', 'PROCESSING', 'SYNCED', 'FAILED') DEFAULT NULL AFTER `size` made by activate_plugin, do_action('activate_sirv/sirv.php'), WP_Hook->do_action, WP_Hook->apply_filters, sirv_activation_callback, sirv_upgrade_plugin, sirv_fix_db, WP_SQLite_DB->query, WP_SQLite_DB->print_error
[07-May-2025 02:31:02 UTC] WordPress database error <div style="clear:both">&nbsp;</div>
<div class="queries" style="clear:both;margin-bottom:2px;border:red dotted thin;">
<p>MySQL query:</p>
<p>ALTER TABLE wp_sirv_images ADD `error_type` TINYINT UNSIGNED NULL DEFAULT NULL AFTER `status`</p>
<p>Queries made or created this session were:</p>
<ol>
<li>Executing: BEGIN | (no parameters)</li>
<li>Executing: INSERT INTO _mysql_data_types_cache (`table`, `column_or_index`, `mysql_type`)
				VALUES (:table, :column, :datatype)
				ON CONFLICT(`table`, `column_or_index`) DO UPDATE SET `mysql_type` = :datatype
			 | parameters: wp_sirv_images, `ERROR_TYPE`, tinyint UNSIGNED</li>
<li>Executing: ALTER TABLE wp_sirv_images ADD `error_type`  integer NULL DEFAULT NULL   | (no parameters)</li>
<li>Executing: ROLLBACK | (no parameters)</li>
</ol>
</div>
<div style="clear:both;margin-bottom:2px;border:red dotted thin;" class="error_message" style="border-bottom:dotted blue thin;">
Error occurred at line 4117 in Function <code>handle_error</code>. Error message was: SQLSTATE[HY000]: General error: 1 duplicate column name: error_type.
</div>
<p>Backtrace:</p>
<pre>#0 /internal/shared/sqlite-database-integration/wp-includes/sqlite/class-wp-sqlite-db.php(287): WP_SQLite_Translator->get_error_message()
#1 /wordpress/wp-content/plugins/sirv/sirv.php(1061): WP_SQLite_DB->query('ALTER TABLE wp_...')
#2 /wordpress/wp-content/plugins/sirv/sirv.php(772): sirv_fix_db()
#3 /wordpress/wp-content/plugins/sirv/sirv.php(718): sirv_upgrade_plugin()
#4 /wordpress/wp-includes/class-wp-hook.php(324): sirv_activation_callback(false)
#5 /wordpress/wp-includes/class-wp-hook.php(348): WP_Hook->apply_filters('', Array)
#6 /wordpress/wp-includes/plugin.php(517): WP_Hook->do_action(Array)
#7 /wordpress/wp-admin/includes/plugin.php(703): do_action('activate_sirv/s...', false)
#8 /internal/eval.php(20): activate_plugin('sirv/sirv.php')
#9 {main}</pre>
 for query ALTER TABLE wp_sirv_images ADD `error_type` TINYINT UNSIGNED NULL DEFAULT NULL AFTER `status` made by activate_plugin, do_action('activate_sirv/sirv.php'), WP_Hook->do_action, WP_Hook->apply_filters, sirv_activation_callback, sirv_upgrade_plugin, sirv_fix_db, WP_SQLite_DB->query, WP_SQLite_DB->print_error
[07-May-2025 02:31:02 UTC] WordPress database error <div style="clear:both">&nbsp;</div>
<div class="queries" style="clear:both;margin-bottom:2px;border:red dotted thin;">
<p>MySQL query:</p>
<p>ALTER TABLE wp_sirv_images ADD `sirv_path` VARCHAR(1000) CHARACTER SET utf8 COLLATE utf8_general_ci NULL DEFAULT NULL AFTER `img_path`</p>
<p>Queries made or created this session were:</p>
<ol>
<li>Executing: BEGIN | (no parameters)</li>
<li>Executing: INSERT INTO _mysql_data_types_cache (`table`, `column_or_index`, `mysql_type`)
				VALUES (:table, :column, :datatype)
				ON CONFLICT(`table`, `column_or_index`) DO UPDATE SET `mysql_type` = :datatype
			 | parameters: wp_sirv_images, `SIRV_PATH`, varchar(1000)</li>
<li>Executing: ALTER TABLE wp_sirv_images ADD `sirv_path` text CHARACTER SET utf8 COLLATE utf8_general_ci NULL DEFAULT NULL   | (no parameters)</li>
<li>Executing: ROLLBACK | (no parameters)</li>
</ol>
</div>
<div style="clear:both;margin-bottom:2px;border:red dotted thin;" class="error_message" style="border-bottom:dotted blue thin;">
Error occurred at line 4117 in Function <code>handle_error</code>. Error message was: SQLSTATE[HY000]: General error: 1 near "SET": syntax error.
</div>
<p>Backtrace:</p>
<pre>#0 /internal/shared/sqlite-database-integration/wp-includes/sqlite/class-wp-sqlite-db.php(287): WP_SQLite_Translator->get_error_message()
#1 /wordpress/wp-content/plugins/sirv/sirv.php(1062): WP_SQLite_DB->query('ALTER TABLE wp_...')
#2 /wordpress/wp-content/plugins/sirv/sirv.php(772): sirv_fix_db()
#3 /wordpress/wp-content/plugins/sirv/sirv.php(718): sirv_upgrade_plugin()
#4 /wordpress/wp-includes/class-wp-hook.php(324): sirv_activation_callback(false)
#5 /wordpress/wp-includes/class-wp-hook.php(348): WP_Hook->apply_filters('', Array)
#6 /wordpress/wp-includes/plugin.php(517): WP_Hook->do_action(Array)
#7 /wordpress/wp-admin/includes/plugin.php(703): do_action('activate_sirv/s...', false)
#8 /internal/eval.php(20): activate_plugin('sirv/sirv.php')
#9 {main}</pre>
 for query ALTER TABLE wp_sirv_images ADD `sirv_path` VARCHAR(1000) CHARACTER SET utf8 COLLATE utf8_general_ci NULL DEFAULT NULL AFTER `img_path` made by activate_plugin, do_action('activate_sirv/sirv.php'), WP_Hook->do_action, WP_Hook->apply_filters, sirv_activation_callback, sirv_upgrade_plugin, sirv_fix_db, WP_SQLite_DB->query, WP_SQLite_DB->print_error
[07-May-2025 02:31:12 UTC] PHP Notice:  Function register_uninstall_hook was called <strong>incorrectly</strong>. Only a static class method or function can be used in an uninstall hook. Please see <a href="https://developer.wordpress.org/advanced-administration/debug/debug-wordpress/">Debugging in WordPress</a> for more information. (This message was added in version 3.1.0.) in /wordpress/wp-includes/functions.php on line 6121
[07-May-2025 02:31:13 UTC] PHP Notice:  Function register_uninstall_hook was called <strong>incorrectly</strong>. Only a static class method or function can be used in an uninstall hook. Please see <a href="https://developer.wordpress.org/advanced-administration/debug/debug-wordpress/">Debugging in WordPress</a> for more information. (This message was added in version 3.1.0.) in /wordpress/wp-includes/functions.php on line 6121
[07-May-2025 02:31:21 UTC] PHP Notice:  Function register_uninstall_hook was called <strong>incorrectly</strong>. Only a static class method or function can be used in an uninstall hook. Please see <a href="https://developer.wordpress.org/advanced-administration/debug/debug-wordpress/">Debugging in WordPress</a> for more information. (This message was added in version 3.1.0.) in /wordpress/wp-includes/functions.php on line 6121
[07-May-2025 02:31:22 UTC] PHP Notice:  Function register_uninstall_hook was called <strong>incorrectly</strong>. Only a static class method or function can be used in an uninstall hook. Please see <a href="https://developer.wordpress.org/advanced-administration/debug/debug-wordpress/">Debugging in WordPress</a> for more information. (This message was added in version 3.1.0.) in /wordpress/wp-includes/functions.php on line 6121
[07-May-2025 02:31:30 UTC] PHP Notice:  Function register_uninstall_hook was called <strong>incorrectly</strong>. Only a static class method or function can be used in an uninstall hook. Please see <a href="https://developer.wordpress.org/advanced-administration/debug/debug-wordpress/">Debugging in WordPress</a> for more information. (This message was added in version 3.1.0.) in /wordpress/wp-includes/functions.php on line 6121
[07-May-2025 02:31:31 UTC] PHP Notice:  Function register_uninstall_hook was called <strong>incorrectly</strong>. Only a static class method or function can be used in an uninstall hook. Please see <a href="https://developer.wordpress.org/advanced-administration/debug/debug-wordpress/">Debugging in WordPress</a> for more information. (This message was added in version 3.1.0.) in /wordpress/wp-includes/functions.php on line 6121
[07-May-2025 02:32:11 UTC] PHP Fatal error:  Uncaught Error: Call to undefined function wc_get_orders() in /wordpress/wp-content/plugins/small-package-quotes-purolator-edition/order-details/en-order-export.php:86
Stack trace:
#0 /wordpress/wp-includes/class-wp-hook.php(324): EnOrderExport->en_orders_ids('')
#1 /wordpress/wp-includes/class-wp-hook.php(348): WP_Hook->apply_filters(NULL, Array)
#2 /wordpress/wp-includes/plugin.php(517): WP_Hook->do_action(Array)
#3 /wordpress/wp-settings.php(727): do_action('init')
#4 /wordpress/wp-config.php(102): require_once('/wordpress/wp-s...')
#5 /wordpress/wp-load.php(50): require_once('/wordpress/wp-c...')
#6 /internal/eval.php(3): require_once('/wordpress/wp-l...')
#7 {main}
  thrown in /wordpress/wp-content/plugins/small-package-quotes-purolator-edition/order-details/en-order-export.php on line 86
[07-May-2025 02:32:21 UTC] PHP Fatal error:  Uncaught Error: Call to undefined function wc_get_orders() in /wordpress/wp-content/plugins/small-package-quotes-purolator-edition/order-details/en-order-export.php:86
Stack trace:
#0 /wordpress/wp-includes/class-wp-hook.php(324): EnOrderExport->en_orders_ids('')
#1 /wordpress/wp-includes/class-wp-hook.php(348): WP_Hook->apply_filters(NULL, Array)
#2 /wordpress/wp-includes/plugin.php(517): WP_Hook->do_action(Array)
#3 /wordpress/wp-settings.php(727): do_action('init')
#4 /wordpress/wp-config.php(102): require_once('/wordpress/wp-s...')
#5 /wordpress/wp-load.php(50): require_once('/wordpress/wp-c...')
#6 /internal/eval.php(3): require_once('/wordpress/wp-l...')
#7 {main}
  thrown in /wordpress/wp-content/plugins/small-package-quotes-purolator-edition/order-details/en-order-export.php on line 86
[07-May-2025 02:32:31 UTC] PHP Fatal error:  Uncaught Error: Call to undefined function wc_get_orders() in /wordpress/wp-content/plugins/small-package-quotes-purolator-edition/order-details/en-order-export.php:86
Stack trace:
#0 /wordpress/wp-includes/class-wp-hook.php(324): EnOrderExport->en_orders_ids('')
#1 /wordpress/wp-includes/class-wp-hook.php(348): WP_Hook->apply_filters(NULL, Array)
#2 /wordpress/wp-includes/plugin.php(517): WP_Hook->do_action(Array)
#3 /wordpress/wp-settings.php(727): do_action('init')
#4 /wordpress/wp-config.php(102): require_once('/wordpress/wp-s...')
#5 /wordpress/wp-load.php(50): require_once('/wordpress/wp-c...')
#6 /internal/eval.php(3): require_once('/wordpress/wp-l...')
#7 {main}
  thrown in /wordpress/wp-content/plugins/small-package-quotes-purolator-edition/order-details/en-order-export.php on line 86

    at Object.onBind (file:///home/runner/work/playground-tester/playground-tester/node_modules/@wp-playground/cli/index.js:237:15)
    at process.processTicksAndRejections (node:internal/process/task_queues:105:5)
    at async V (file:///home/runner/work/playground-tester/playground-tester/node_modules/@wp-playground/cli/index.js:64:10)
    at async ja (file:///home/runner/work/playground-tester/playground-tester/node_modules/@wp-playground/cli/cli.js:8161:12) {
  [cause]: Error: Error when executing the blueprint step #1 ({"step":"installPlugin","pluginData":{"resource":"wordpress.org/plugins","slug":"small-package-quotes-purolator-edition"},"options":{"activate":true}}) : PHP.run() failed with exit code 255 and the following output: 
      at Object.run (file:///home/runner/work/playground-tester/playground-tester/node_modules/@wp-playground/blueprints/index.js:12449:19)
      at process.processTicksAndRejections (node:internal/process/task_queues:105:5)
      at async ms (file:///home/runner/work/playground-tester/playground-tester/node_modules/@wp-playground/blueprints/index.js:12552:3)
      ... 2 lines matching cause stack trace ...
      at async ja (file:///home/runner/work/playground-tester/playground-tester/node_modules/@wp-playground/cli/cli.js:8161:12) {
    [cause]: PHPExecutionFailureError: PHP.run() failed with exit code 255 and the following output: 
        at PHP.run (file:///home/runner/work/playground-tester/playground-tester/node_modules/@php-wasm/universal/index.js:987:19)
        at process.processTicksAndRejections (node:internal/process/task_queues:105:5)
        at async wr (file:///home/runner/work/playground-tester/playground-tester/node_modules/@wp-playground/blueprints/index.js:73:13)
        at async Object.gt [as installPlugin] (file:///home/runn
