file:///home/runner/work/playground-tester/playground-tester/node_modules/@wp-playground/cli/run-cli-j-geJYS3.js:325
        throw new Error($, { cause: h });
              ^

Error: [24-Jun-2025 17:51:48 UTC] WordPress database error <div style="clear:both">&nbsp;</div>
<div class="queries" style="clear:both;margin-bottom:2px;border:red dotted thin;">
<p>MySQL query:</p>
<p>SELECT * FROM wp_FinalTiles_gallery</p>
<p>Queries made or created this session were:</p>
<ol>
<li>Executing: BEGIN IMMEDIATE | (no parameters)</li>
<li>Executing: SELECT * FROM `wp_FinalTiles_gallery` | (no parameters)</li>
<li>Executing: ROLLBACK | (no parameters)</li>
</ol>
</div>
<div style="clear:both;margin-bottom:2px;border:red dotted thin;" class="error_message" style="border-bottom:dotted blue thin;">
SQLSTATE[HY000]: General error: 1 no such table: wp_FinalTiles_gallery
</div>
<p>Backtrace:</p>
<pre>#0 /internal/shared/sqlite-database-integration/wp-includes/sqlite-ast/class-wp-sqlite-driver.php(683): WP_SQLite_Driver->new_driver_exception('SQLSTATE[HY000]...', 'HY000', Object(PDOException))
#1 /internal/shared/sqlite-database-integration/wp-includes/sqlite/class-wp-sqlite-db.php(491): WP_SQLite_Driver->query('SELECT * FROM w...')
#2 /internal/shared/sqlite-database-integration/wp-includes/sqlite/class-wp-sqlite-db.php(432): WP_SQLite_DB->_do_query('SELECT * FROM w...')
#3 /wordpress/wp-includes/class-wpdb.php(3146): WP_SQLite_DB->query('SELECT * FROM w...')
#4 /wordpress/wp-content/plugins/final-tiles-grid-gallery-lite/lib/db-class.php(38): wpdb->get_results('SELECT * FROM w...')
#5 /wordpress/wp-content/plugins/final-tiles-grid-gallery-lite/FinalTilesGalleryLite.php(72): FinalTilesDB::updateConfiguration()
#6 /wordpress/wp-includes/class-wp-hook.php(324): activate_finaltilesgallery(false)
#7 /wordpress/wp-includes/class-wp-hook.php(348): WP_Hook->apply_filters(NULL, Array)
#8 /wordpress/wp-includes/plugin.php(517): WP_Hook->do_action(Array)
#9 /wordpress/wp-admin/includes/plugin.php(703): do_action('activate_final-...', false)
#10 /internal/eval.php(20): activate_plugin('final-tiles-gri...')
#11 {main}</pre>
 for query SELECT * FROM wp_FinalTiles_gallery made by activate_plugin, do_action('activate_final-tiles-grid-gallery-lite/FinalTilesGalleryLite.php'), WP_Hook->do_action, WP_Hook->apply_filters, activate_finaltilesgallery, FinalTilesDB::updateConfiguration, WP_SQLite_DB->query, WP_SQLite_DB->print_error
[24-Jun-2025 17:51:59 UTC] WordPress database error <div style="clear:both">&nbsp;</div>
<div class="queries" style="clear:both;margin-bottom:2px;border:red dotted thin;">
<p>MySQL query:</p>
<p>SELECT * FROM wp_FinalTiles_gallery</p>
<p>Queries made or created this session were:</p>
<ol>
<li>Executing: BEGIN IMMEDIATE | (no parameters)</li>
<li>Executing: SELECT * FROM `wp_FinalTiles_gallery` | (no parameters)</li>
<li>Executing: ROLLBACK | (no parameters)</li>
</ol>
</div>
<div style="clear:both;margin-bottom:2px;border:red dotted thin;" class="error_message" style="border-bottom:dotted blue thin;">
SQLSTATE[HY000]: General error: 1 no such table: wp_FinalTiles_gallery
</div>
<p>Backtrace:</p>
<pre>#0 /internal/shared/sqlite-database-integration/wp-includes/sqlite-ast/class-wp-sqlite-driver.php(683): WP_SQLite_Driver->new_driver_exception('SQLSTATE[HY000]...', 'HY000', Object(PDOException))
#1 /internal/shared/sqlite-database-integration/wp-includes/sqlite/class-wp-sqlite-db.php(491): WP_SQLite_Driver->query('SELECT * FROM w...')
#2 /internal/shared/sqlite-database-integration/wp-includes/sqlite/class-wp-sqlite-db.php(432): WP_SQLite_DB->_do_query('SELECT * FROM w...')
#3 /wordpress/wp-includes/class-wpdb.php(3146): WP_SQLite_DB->query('SELECT * FROM w...')
#4 /wordpress/wp-content/plugins/final-tiles-grid-gallery-lite/lib/db-class.php(38): wpdb->get_results('SELECT * FROM w...')
#5 /wordpress/wp-content/plugins/final-tiles-grid-gallery-lite/FinalTilesGalleryLite.php(72): FinalTilesDB::updateConfiguration()
#6 /wordpress/wp-includes/class-wp-hook.php(324): activate_finaltilesgallery(false)
#7 /wordpress/wp-includes/class-wp-hook.php(348): WP_Hook->apply_filters(NULL, Array)
#8 /wordpress/wp-includes/plugin.php(517): WP_Hook->do_action(Array)
#9 /wordpress/wp-admin/includes/plugin.php(703): do_action('activate_final-...', false)
#10 /internal/eval.php(20): activate_plugin('final-tiles-gri...')
#11 {main}</pre>
 for query SELECT * FROM wp_FinalTiles_gallery made by activate_plugin, do_action('activate_final-tiles-grid-gallery-lite/FinalTilesGalleryLite.php'), WP_Hook->do_action, WP_Hook->apply_filters, activate_finaltilesgallery, FinalTilesDB::updateConfiguration, WP_SQLite_DB->query, WP_SQLite_DB->print_error
[24-Jun-2025 17:52:11 UTC] WordPress database error <div style="clear:both">&nbsp;</div>
<div class="queries" style="clear:both;margin-bottom:2px;border:red dotted thin;">
<p>MySQL query:</p>
<p>SELECT * FROM wp_FinalTiles_gallery</p>
<p>Queries made or created this session were:</p>
<ol>
<li>Executing: BEGIN IMMEDIATE | (no parameters)</li>
<li>Executing: SELECT * FROM `wp_FinalTiles_gallery` | (no parameters)</li>
<li>Executing: ROLLBACK | (no parameters)</li>
</ol>
</div>
<div style="clear:both;margin-bottom:2px;border:red dotted thin;" class="error_message" style="border-bottom:dotted blue thin;">
SQLSTATE[HY000]: General error: 1 no such table: wp_FinalTiles_gallery
</div>
<p>Backtrace:</p>
<pre>#0 /internal/shared/sqlite-database-integration/wp-includes/sqlite-ast/class-wp-sqlite-driver.php(683): WP_SQLite_Driver->new_driver_exception('SQLSTATE[HY000]...', 'HY000', Object(PDOException))
#1 /internal/shared/sqlite-database-integration/wp-includes/sqlite/class-wp-sqlite-db.php(491): WP_SQLite_Driver->query('SELECT * FROM w...')
#2 /internal/shared/sqlite-database-integration/wp-includes/sqlite/class-wp-sqlite-db.php(432): WP_SQLite_DB->_do_query('SELECT * FROM w...')
#3 /wordpress/wp-includes/class-wpdb.php(3146): WP_SQLite_DB->query('SELECT * FROM w...')
#4 /wordpress/wp-content/plugins/final-tiles-grid-gallery-lite/lib/db-class.php(38): wpdb->get_results('SELECT * FROM w...')
#5 /wordpress/wp-content/plugins/final-tiles-grid-gallery-lite/FinalTilesGalleryLite.php(72): FinalTilesDB::updateConfiguration()
#6 /wordpress/wp-includes/class-wp-hook.php(324): activate_finaltilesgallery(false)
#7 /wordpress/wp-includes/class-wp-hook.php(348): WP_Hook->apply_filters(NULL, Array)
#8 /wordpress/wp-includes/plugin.php(517): WP_Hook->do_action(Array)
#9 /wordpress/wp-admin/includes/plugin.php(703): do_action('activate_final-...', false)
#10 /internal/eval.php(20): activate_plugin('final-tiles-gri...')
#11 {main}</pre>
 for query SELECT * FROM wp_FinalTiles_gallery made by activate_plugin, do_action('activate_final-tiles-grid-gallery-lite/FinalTilesGalleryLite.php'), WP_Hook->do_action, WP_Hook->apply_filters, activate_finaltilesgallery, FinalTilesDB::updateConfiguration, WP_SQLite_DB->query, WP_SQLite_DB->print_error
[24-Jun-2025 17:52:22 UTC] PHP Deprecated:  Function register_sidebar_widget is <strong>deprecated</strong> since version 2.8.0! Use wp_register_sidebar_widget() instead. in /wordpress/wp-includes/functions.php on line 6121
[24-Jun-2025 17:52:22 UTC] PHP Deprecated:  Function register_widget_control is <strong>deprecated</strong> since version 2.8.0! Use wp_register_widget_control() instead. in /wordpress/wp-includes/functions.php on line 6121
[24-Jun-2025 17:52:31 UTC] PHP Deprecated:  Function register_sidebar_widget is <strong>deprecated</strong> since version 2.8.0! Use wp_register_sidebar_widget() instead. in /wordpress/wp-includes/functions.php on line 6121
[24-Jun-2025 17:52:31 UTC] PHP Deprecated:  Function register_widget_control is <strong>deprecated</strong> since version 2.8.0! Use wp_register_widget_control() instead. in /wordpress/wp-includes/functions.php on line 6121
[24-Jun-2025 17:52:40 UTC] PHP Deprecated:  Function register_sidebar_widget is <strong>deprecated</strong> since version 2.8.0! Use wp_register_sidebar_widget() instead. in /wordpress/wp-includes/functions.php on line 6121
[24-Jun-2025 17:52:40 UTC] PHP Deprecated:  Function register_widget_control is <strong>deprecated</strong> since version 2.8.0! Use wp_register_widget_control() instead. in /wordpress/wp-includes/functions.php on line 6121
[24-Jun-2025 17:55:05 UTC] PHP Warning:  Trying to access array offset on value of type bool in /wordpress/wp-content/plugins/flowboard/includes/main.php on line 307
[24-Jun-2025 17:55:14 UTC] PHP Warning:  Trying to access array offset on value of type bool in /wordpress/wp-content/plugins/flowboard/includes/main.php on line 307
[24-Jun-2025 17:55:24 UTC] PHP Warning:  Trying to access array offset on value of type bool in /wordpress/wp-content/plugins/flowboard/includes/main.php on line 307
[24-Jun-2025 17:57:38 UTC] PHP Fatal error:  Uncaught Error: Call to undefined function WP_Filesystem() in /wordpress/wp-content/plugins/graphic-admin-protection/update.inc:2
Stack trace:
#0 /wordpress/wp-content/plugins/graphic-admin-protection/graphic-admin-protection.php(47): WordPress_updater->update(Array)
#1 /wordpress/wp-includes/class-wp-hook.php(324): gap44_plg_activation(false)
#2 /wordpress/wp-includes/class-wp-hook.php(348): WP_Hook->apply_filters('', Array)
#3 /wordpress/wp-includes/plugin.php(517): WP_Hook->do_action(Array)
#4 /wordpress/wp-admin/includes/plugin.php(703): do_action('activate_graphi...', false)
#5 /internal/eval.php(20): activate_plugin('graphic-admin-p...')
#6 {main}
  thrown in /wordpress/wp-content/plugins/graphic-admin-protection/update.inc on line 2
[24-Jun-2025 17:57:47 UTC] PHP Fatal error:  Uncaught Error: Call to undefined function WP_Filesystem() in /wordpress/wp-content/plugins/graphic-admin-protection/update.inc:2
Stack trace:
#0 /wordpress/wp-content/plugins/graphic-admin-protection/graphic-admin-protection.php(47): WordPress_updater->update(Array)
#1 /wordpress/wp-includes/class-wp-hook.php(324): gap44_plg_activation(false)
#2 /wordpress/wp-includes/class-wp-hook.php(348): WP_Hook->apply_filters('', Array)
#3 /wordpress/wp-includes/plugin.php(517): WP_Hook->do_action(Array)
#4 /wordpress/wp-admin/includes/plugin.php(703): do_action('activate_graphi...', false)
#5 /internal/eval.php(20): activate_plugin('graphic-admin-p...')
#6 {main}
  thrown in /wordpress/wp-content/plugins/graphic-admin-protection/update.inc on line 2
[24-Jun-2025 17:57:55 UTC] PHP Fatal error:  Uncaught Error: Call to undefined function WP_Filesystem() in /wordpress/wp-content/plugins/graphic-admin-protection/update.inc:2
Stack trace:
#0 /wordpress/wp-content/plugins/graphic-admin-protection/graphic-admin-protection.php(47): WordPress_updater->update(Array)
#1 /wordpress/wp-includes/class-wp-hook.php(324): gap44_plg_activation(false)
#2 /wordpress/wp-includes/class-wp-hook.php(348): WP_Hook->apply_filters('', Array)
#3 /wordpress/wp-includes/plugin.php(517): WP_Hook->do_action(Array)
#4 /wordpress/wp-admin/includes/plugin.php(703): do_action('activate_graphi...', false)
#5 /internal/eval.php(20): activate_plugin('graphic-admin-p...')
#6 {main}
  thrown in /wordpress/wp-content/plugins/graphic-admin-protection/update.inc on line 2
[24-Jun-2025 17:58:05 UTC] PHP Deprecated:  Function register_sidebar_widget is <strong>deprecated</strong> since version 2.8.0! Use wp_register_sidebar_widget() instead. in /wordpress/wp-includes/functions.php on line 6121
[24-Jun-2025 17:58:14 UTC] PHP Deprecated:  Function register_sidebar_widget is <strong>deprecated</strong> since version 2.8.0! Use wp_register_sidebar_widget() instead. in /wordpress/wp-includes/functions.php on line 6121
[24-Jun-2025 17:58:24 UTC] PHP Deprecated:  Function register_sidebar_widget is <strong>deprecated</strong> since version 2.8.0! Use wp_register_sidebar_widget() instead. in /wordpress/wp-includes/functions.php on line 6121
[24-Jun-2025 18:00:25 UTC] PHP Warning:  Undefined array key "REMOTE_ADDR" in /wordpress/wp-content/plugins/finch/finch.php on line 23
[24-Jun-2025 18:00:26 UTC] PHP Warning:  Undefined array key "REMOTE_ADDR" in /wordpress/wp-content/plugins/finch/finch.php on line 23
[24-Jun-2025 18:00:26 UTC] Exception: cURL error 35: OpenSSL SSL_connect: SSL_ERROR_SYSCALL in connection to api.finch.io:443  in /wordpress/wp-content/plugins/finch/api/finch_api_client.class.php:73
Stack trace:
#0 /wordpress/wp-content/plugins/finch/api/finch_api_client.class.php(208): FinchApiClient->get('/config/snippet')
#1 /wordpress/wp-content/plugins/finch/classes/finch.class.php(104): FinchApiClient->getSnippetData()
#2 /wordpress/wp-includes/class-wp-hook.php(324): Finch->finchInit('')
#3 /wordpress/wp-includes/class-wp-hook.php(348): WP_Hook->apply_filters(NULL, Array)
#4 /wordpress/wp-includes/plugin.php(517): WP_Hook->do_action(Array)
#5 /wordpress/wp-settings.php(727): do_action('init')
#6 /wordpress/wp-config.php(102): require_once('/wordpress/wp-s...')
#7 /wordpress/wp-load.php(50): require_once('/wordpress/wp-c...')
#8 /internal/eval.php(3): require_once('/wordpress/wp-l...')
#9 {main}
[24-Jun-2025 18:00:26 UTC] PHP Warning:  Attempt to read property "version" on bool in /wordpress/wp-content/plugins/finch/classes/finch.class.php on line 106
[24-Jun-2025 18:00:26 UTC] PHP Warning:  Attempt to read property "version" on bool in /wordpress/wp-content/plugins/finch/classes/finch.class.php on line 107
[24-Jun-2025 18:00:26 UTC] PHP Warning:  Attempt to read property "version" on bool in /wordpress/wp-content/plugins/finch/classes/finch.class.php on line 108
[24-Jun-2025 18:00:35 UTC] PHP Warning:  Undefined array key "REMOTE_ADDR" in /wordpress/wp-content/plugins/finch/finch.php on line 23
[24-Jun-2025 18:00:35 UTC] PHP Warning:  Undefined array key "REMOTE_ADDR" in /wordpress/wp-content/plugins/finch/finch.php on line 23
[24-Jun-2025 18:00:36 UTC] Exception: cURL error 35: OpenSSL SSL_connect: SSL_ERROR_SYSCALL in connection to api.finch.io:443  in /wordpress/wp-content/plugins/finch/api/finch_api_client.class.php:73
Stack trace:
#0 /wordpress/wp-content/plugins/finch/api/finch_api_client.class.php(208): FinchApiClient->get('/config/snippet')
#1 /wordpress/wp-content/plugins/finch/classes/finch.class.php(104): FinchApiClient->getSnippetData()
#2 /wordpress/wp-includes/class-wp-hook.php(324): Finch->finchInit('')
#3 /wordpress/wp-includes/class-wp-hook.php(348): WP_Hook->apply_filters(NULL, Array)
#4 /wordpress/wp-includes/plugin.php(517): WP_Hook->do_action(Array)
#5 /wordpress/wp-settings.php(727): do_action('init')
#6 /wordpress/wp-config.php(102): require_once('/wordpress/wp-s...')
#7 /wordpress/wp-load.php(50): require_once('/wordpress/wp-c...')
#8 /internal/eval.php(3): require_once('/wordpress/wp-l...')
#9 {main}
[24-Jun-2025 18:00:36 UTC] PHP Warning:  Attempt to read property "version" on bool in /wordpress/wp-content/plugins/finch/classes/finch.class.php on line 106
[24-Jun-2025 18:00:36 UTC] PHP Warning:  Attempt to read property "version" on bool in /wordpress/wp-content/plugins/finch/classes/finch.class.php on line 107
[24-Jun-2025 18:00:36 UTC] PHP Warning:  Attempt to read property "version" on bool in /wordpress/wp-content/plugins/finch/classes/finch.class.php on line 108
[24-Jun-2025 18:00:44 UTC] PHP Warning:  Undefined array key "REMOTE_ADDR" in /wordpress/wp-content/plugins/finch/finch.php on line 23
[24-Jun-2025 18:00:45 UTC] PHP Warning:  Undefined array key "REMOTE_ADDR" in /wordpress/wp-content/plugins/finch/finch.php on line 23
[24-Jun-2025 18:00:45 UTC] Exception: cURL error 35: OpenSSL SSL_connect: SSL_ERROR_SYSCALL in connection to api.finch.io:443  in /wordpress/wp-content/plugins/finch/api/finch_api_client.class.php:73
Stack trace:
#0 /wordpress/wp-content/plugins/finch/api/finch_api_client.class.php(208): FinchApiClient->get('/config/snippet')
#1 /wordpress/wp-content/plugins/finch/classes/finch.class.php(104): FinchApiClient->getSnippetData()
#2 /wordpress/wp-includes/class-wp-hook.php(324): Finch->finchInit('')
#3 /wordpress/wp-includes/class-wp-hook.php(348): WP_Hook->apply_filters(NULL, Array)
#4 /wordpress/wp-includes/plugin.php(517): WP_Hook->do_action(Array)
#5 /wordpress/wp-settings.php(727): do_action('init')
#6 /wordpress/wp-config.php(102): require_once('/wordpress/wp-s...')
#7 /wordpress/wp-load.php(50): require_once('/wordpress/wp-c...')
#8 /internal/eval.php(3): require_once('/wordpress/wp-l...')
#9 {main}
[24-Jun-2025 18:00:45 UTC] PHP Warning:  Attempt to read property "version" on bool in /wordpress/wp-content/plugins/finch/classes/finch.class.php on line 106
[24-Jun-2025 18:00:45 UTC] PHP Warning:  Attempt to read property "version" on bool in /wordpress/wp-content/plugins/finch/classes/finch.class.php on line 107
[24-Jun-2025 18:00:45 UTC] PHP Warning:  Attempt to read property "version" on bool in /wordpress/wp-content/plugins/finch/classes/finch.class.php on line 108
[24-Jun-2025 18:00:55 UTC] PHP Warning:  Undefined array key "SERVER_ADDR" in /wordpress/wp-content/plugins/finest-quickview/inc/appsero/src/Insights.php on line 360
[24-Jun-2025 18:00:56 UTC] PHP Notice:  Function _load_textdomain_just_in_time was called <strong>incorrectly</strong>. Translation loading for the <code>finest-quickview</code> domain was triggered too early. This is usually an indicator for some code in the plugin or theme running too early. Translations should be loaded at the <code>init</code> action or later. Please see <a href="https://developer.wordpress.org/advanced-administration/debug/debug-wordpress/">Debugging in WordPress</a> for more information. (This message was added in version 6.7.0.) in /wordpress/wp-includes/functions.php on line 6121
[24-Jun-2025 18:00:56 UTC] PHP Warning:  Undefined array key "SERVER_ADDR" in /wordpress/wp-content/plugins/finest-quickview/inc/appsero/src/Insights.php on line 360
[24-Jun-2025 18:01:05 UTC] PHP Warning:  Undefined array key "SERVER_ADDR" in /wordpress/wp-content/plugins/finest-quickview/inc/appsero/src/Insights.php on line 360
[24-Jun-2025 18:01:07 UTC] PHP Notice:  Function _load_textdomain_just_in_time was called <strong>incorrectly</strong>. Translation loading for the <code>finest-quickview</code> domain was triggered too early. This is usually an indicator for some code in the plugin or theme running too early. Translations should be loaded at the <code>init</code> action or later. Please see <a href="https://developer.wordpress.org/advanced-administration/debug/debug-wordpress/">Debugging in WordPress</a> for more information. (This message was added in version 6.7.0.) in /wordpress/wp-includes/functions.php on line 6121
[24-Jun-2025 18:01:07 UTC] PHP Warning:  Undefined array key "SERVER_ADDR" in /wordpress/wp-content/plugins/finest-quickview/inc/appsero/src/Insights.php on line 360
[24-Jun-2025 18:01:15 UTC] PHP Warning:  Undefined array key "SERVER_ADDR" in /wordpress/wp-content/plugins/finest-quickview/inc/appsero/src/Insights.php on line 360
[24-Jun-2025 18:01:16 UTC] PHP Notice:  Function _load_textdomain_just_in_time was called <strong>incorrectly</strong>. Translation loading for the <code>finest-quickview</code> domain was triggered too early. This is usually an indicator for some code in the plugin or theme running too early. Translations should be loaded at the <code>init</code> action or later. Please see <a href="https://developer.wordpress.org/advanced-administration/debug/debug-wordpress/">Debugging in WordPress</a> for more information. (This message was added in version 6.7.0.) in /wordpress/wp-includes/functions.php on line 6121
[24-Jun-2025 18:01:16 UTC] PHP Warning:  Undefined array key "SERVER_ADDR" in /wordpress/wp-content/plugins/finest-quickview/inc/appsero/src/Insights.php on line 360
[24-Jun-2025 18:03:12 UTC] PHP Fatal error:  Uncaught Error: Call to undefined function create_function() in /wordpress/wp-content/plugins/follow-us-on-widget/follow-us.php:132
Stack trace:
#0 /wordpress/wp-admin/includes/plugin.php(2387): include_once()
#1 /wordpress/wp-admin/includes/plugin.php(673): plugin_sandbox_scrape('follow-us-on-wi...')
#2 /internal/eval.php(20): activate_plugin('follow-us-on-wi...')
#3 {main}
  thrown in /wordpress/wp-content/plugins/follow-us-on-widget/follow-us.php on line 132
[24-Jun-2025 18:03:18 UTC] PHP Fatal error:  Uncaught Error: Call to undefined function create_function() in /wordpress/wp-content/plugins/follow-us-on-widget/follow-us.php:132
Stack trace:
#0 /wordpress/wp-admin/includes/plugin.php(2387): include_once()
#1 /wordpress/wp-admin/includes/plugin.php(673): plugin_sandbox_scrape('follow-us-on-wi...')
#2 /internal/eval.php(20): activate_plugin('follow-us-on-wi...')
#3 {main}
  thrown in /wordpress/wp-content/plugins/follow-us-on-widget/follow-us.php on line 132
[24-Jun-2025 18:03:24 UTC] PHP Fatal error:  Uncaught Error: Call to undefined function create_function() in /wordpress/wp-content/plugins/follow-us-on-widget/follow-us.php:132
Stack trace:
#0 /wordpress/wp-admin/includes/plugin.php(2387): include_once()
#1 /wordpress/wp-admin/includes/plugin.php(673): plugin_sandbox_scrape('follow-us-on-wi...')
#2 /internal/eval.php(20): activate_plugin('follow-us-on-wi...')
#3 {main}
  thrown in /wordpress/wp-content/plugins/follow-us-on-widget/follow-us.php on line 132

    at Object.onBind (file:///home/runner/work/playground-tester/playground-tester/node_modules/@wp-playground/cli/run-cli-j-geJYS3.js:325:15)
    at process.processTicksAndRejections (node:internal/process/task_queues:105:5)
    at async re (file:///home/runner/work/playground-tester/playground-tester/node_modules/@wp-playground/cli/run-cli-j-geJYS3.js:149:10) {
  [cause]: Error: Error when executing the blueprint step #1 ({"step":"installPlugin","pluginData":{"resource":"wordpress.org/plugins","slug":"follow-us-on-widget"},"options":{"activate":true}}) : PHP.run() failed with exit code 255 and the following output: 
      at Object.run (file:///home/runner/work/playground-tester/playground-tester/node_modules/@wp-playground/blueprints/index.js:12093:19)
      at process.processTicksAndRejections (node:internal/process/task_queues:105:5)
      at async ys (file:///home/runner/work/playground-tester/playground-tester/node_modules/@wp-playground/blueprints/index.js:12196:3)
      at async Object.onBind (file:///home/runner/work/playground-tester/playground-tester/node_modules/@wp-playground/cli/run-cli-j-geJYS3.js:315:48)
      at async re (file:///home/runner/work/playground-tester/playground-tester/node_modules/@wp-playground/cli/run-cli-j-geJYS3.js:149:10) {
    [cause]: PHPExecutionFailureError: PHP.run() failed with exit code 255 and the following output: 
        at PHP.run (file:///home/runner/work/playground-tester/playground-tester/node_modules/@php-wasm/universal/index.js:1034:19)
        at process.processTicksAndRejections (node:internal/process/task_queues:105:5)
        at async wr (file:///home/runner/work/playground-tester/playground-tester/node_modules/@wp-playground/blueprints/index.js:34:39)
        at async Object.gt [as installPlugin] (file:///home/runner/work/playground-tester/playground-tester/node_modules/@wp-playground/blueprints/index.js:631:42)
        at async g (file:///home/runner/work/playground-tester/playground-tester/node_modules/@wp-playground/blueprints/index.js:12161:30)
        at async Object.run (file:///home/runner/work/playground-tester/playground-tester/node_modules/@wp-playground/blueprints/index.js:12090:23)
        at async ys (file:///home/runner/work/playground-tester/playground-tester/node_modules/@wp-playground/blueprints/index.js:12196:3)
        at async Object.onBind (file:///home/runner/work/playground-tester/playground-tester/node_modules/@wp-playground/cli/run-cli-j-geJYS3.js:315:48)
        at async re (file:///home/runner/work/playground-tester/playground-tester/node_modules/@wp-playground/cli/run-cli-j-geJYS3.js:149:10) {
      response: PHPResponse {
        httpStatusCode: 500,
        headers: {
          'x-powered-by': [ 'PHP/8.0.30-dev' ],
          'content-type': [ 'text/html; charset=UTF-8' ]
        },
        bytes: Uint8Array(0) [],
        exitCode: 255,
        errors: ''
      },
      source: 'request'
    }
  }
}

Node.js v23.11.0
