[
  {
    "message": "file:///home/runner/work/playground-tester/playground-tester/node_modules/@wp-playground/cli/cli.js:20\n`)},constants:R,phpIniEntries:{\"openssl.cafile\":\"/internal/shared/ca-bundle.crt\",allow_url_fopen:\"1\",disable_functions:\"\"},hooks:{async beforeWordPressFiles(h){t.mountBeforeInstall&&p(h,t.mountBeforeInstall)}}});const v=await s.getPrimaryPhp();try{if(n&&!t.mountBeforeInstall&&g.writeFileSync(f,await q(v,\"/wordpress\")),t.mount&&p(v,t.mount),d=!0,u){const{php:h,reap:m}=await s.processManager.acquirePHPInstance();try{c.log(\"Running the Blueprint...\"),await x(u,h),c.log(\"Finished running the blueprint\")}finally{m()}}a===\"build-snapshot\"?(await r(t.outfile),c.log(`WordPress exported to ${t.outfile}`),process.exit(0)):a===\"run-blueprint\"?(c.log(\"Blueprint executed\"),process.exit(0)):c.log(`WordPress is running on ${l}`)}catch(h){if(!t.debug)throw h;const m=v.readFileAsText(D);throw new Error(m,{cause:h})}},async handleRequest(o){return d?await s.request(o):I.forHttpCode(502,\"WordPress is not ready yet\")}})}Q();\n                                                                                                                                                                                                                                                                                                                                                                                                                                                                                                                                                                                                                                                                                                                                                                                                                   ^\n",
    "level": "FATAL",
    "type": "PLAYGROUND",
    "test": "asyncify-boot",
    "plugin": "cookies-by-jm",
    "details": "file:///home/runner/work/playground-tester/playground-tester/node_modules/@wp-playground/cli/cli.js:20\n`)},constants:R,phpIniEntries:{\"openssl.cafile\":\"/internal/shared/ca-bundle.crt\",allow_url_fopen:\"1\",disable_functions:\"\"},hooks:{async beforeWordPressFiles(h){t.mountBeforeInstall&&p(h,t.mountBeforeInstall)}}});const v=await s.getPrimaryPhp();try{if(n&&!t.mountBeforeInstall&&g.writeFileSync(f,await q(v,\"/wordpress\")),t.mount&&p(v,t.mount),d=!0,u){const{php:h,reap:m}=await s.processManager.acquirePHPInstance();try{c.log(\"Running the Blueprint...\"),await x(u,h),c.log(\"Finished running the blueprint\")}finally{m()}}a===\"build-snapshot\"?(await r(t.outfile),c.log(`WordPress exported to ${t.outfile}`),process.exit(0)):a===\"run-blueprint\"?(c.log(\"Blueprint executed\"),process.exit(0)):c.log(`WordPress is running on ${l}`)}catch(h){if(!t.debug)throw h;const m=v.readFileAsText(D);throw new Error(m,{cause:h})}},async handleRequest(o){return d?await s.request(o):I.forHttpCode(502,\"WordPress is not ready yet\")}})}Q();\n                                                                                                                                                                                                                                                                                                                                                                                                                                                                                                                                                                                                                                                                                                                                                                                                                   ^\n",
    "log": "/tmp/tmp.5bGq9rLhwl"
  },
  {
    "message": "Data type expected in MySQL query, unknown token received: wp_jm_cookies_tracking_ibfk_1.",
    "level": "FATAL",
    "type": "SQL",
    "test": "asyncify-boot",
    "plugin": "cookies-by-jm",
    "details": "[22-Jan-2025 13:08:58 UTC] WordPress database error <div style=\"clear:both\">&nbsp;</div>\n<div class=\"queries\" style=\"clear:both;margin-bottom:2px;border:red dotted thin;\">\n<p>MySQL query:</p>\n<p>\n\t\t\t\t\t\tALTER TABLE `wp_jm_cookies_tracking`\n\t\t\t\t\t\t  ADD CONSTRAINT `wp_jm_cookies_tracking_ibfk_1` FOREIGN KEY (`cookie_id`) REFERENCES `wp_jm_cookies` (`id`) ON DELETE CASCADE ON UPDATE NO ACTION</p>\n<p>Queries made or created this session were:</p>\n<ol>\n<li>Executing: BEGIN | (no parameters)</li>\n<li>Executing: ROLLBACK | (no parameters)</li>\n</ol>\n</div>\n<div style=\"clear:both;margin-bottom:2px;border:red dotted thin;\" class=\"error_message\" style=\"border-bottom:dotted blue thin;\">\nError occurred at line 4117 in Function <code>handle_error</code>. Error message was: Data type expected in MySQL query, unknown token received: wp_jm_cookies_tracking_ibfk_1.\n</div>\n<p>Backtrace:</p>\n<pre>#0 /internal/shared/sqlite-database-integration/wp-includes/sqlite/class-wp-sqlite-db.php(287): WP_SQLite_Translator->get_error_message()\n#1 /wordpress/wp-admin/includes/upgrade.php(3271): WP_SQLite_DB->query('\\n\\t\\t\\t\\t\\t\\tALTER TA...')\n#2 /wordpress/wp-content/plugins/cookies-by-jm/admin/class.php(179): dbDelta(Array)\n#3 /wordpress/wp-includes/class-wp-hook.php(324): jmCookiesAdmin->jm_cookies_plugin_install(false)\n#4 /wordpress/wp-includes/class-wp-hook.php(348): WP_Hook->apply_filters('', Array)\n#5 /wordpress/wp-includes/plugin.php(517): WP_Hook->do_action(Array)\n#6 /wordpress/wp-admin/includes/plugin.php(703): do_action('activate_cookie...', false)\n#7 /internal/eval.php(20): activate_plugin('cookies-by-jm/c...')\n#8 {main}</pre>\n for query \n\t\t\t\t\t\tALTER TABLE `wp_jm_cookies_tracking`\n\t\t\t\t\t\t  ADD CONSTRAINT `wp_jm_cookies_tracking_ibfk_1` FOREIGN KEY (`cookie_id`) REFERENCES `wp_jm_cookies` (`id`) ON DELETE CASCADE ON UPDATE NO ACTION made by activate_plugin, do_action('activate_cookies-by-jm/cookie.php'), WP_Hook->do_action, WP_Hook->apply_filters, jmCookiesAdmin->jm_cookies_plugin_install, dbDelta, WP_SQLite_DB->query, WP_SQLite_DB->print_error",
    "log": "/logs/plugins/c/cookies-by-jm/error.json"
  },
  {
    "message": "Uncaught Exception: The plugin generated unexpected output. in /internal/eval.php:29",
    "level": "FATAL",
    "type": "PHP",
    "test": "asyncify-boot",
    "plugin": "cookies-by-jm",
    "details": "[22-Jan-2025 13:08:58 UTC] PHP Fatal error:  Uncaught Exception: The plugin generated unexpected output. in /internal/eval.php:29\nStack trace:\n#0 {main}\n  thrown in /internal/eval.php on line 29\n\n    at Object.onBind (file:///home/runner/work/playground-tester/playground-tester/node_modules/@wp-playground/cli/cli.js:20:788)\n    at async j (file:///home/runner/work/playground-tester/playground-tester/node_modules/@wp-playground/cli/cli.js:1:1166) {\n  [cause]: Error: Error when executing the blueprint step #0 ({\"step\":\"installPlugin\",\"pluginData\":{\"resource\":\"wordpress.org/plugins\",\"slug\":\"cookies-by-jm\"},\"options\":{\"activate\":true}}) : PHP.run() failed with exit code 255 and the following output: \n      at Object.run (file:///home/runner/work/playground-tester/playground-tester/node_modules/@wp-playground/blueprints/index.js:12099:32)\n      at async Qt (file:///home/runner/work/playground-tester/playground-tester/node_modules/@wp-playground/blueprints/index.js:12200:3)\n      at async Object.onBind (file:///home/runner/work/playground-tester/playground-tester/node_modules/@wp-playground/cli/cli.js:20:453)\n      at async j (file:///home/runner/work/playground-tester/playground-tester/node_modules/@wp-playground/cli/cli.js:1:1166) {\n    [cause]: PHPExecutionFailureError: PHP.run() failed with exit code 255 and the following output: \n        at PHP.run (file:///home/runner/work/playground-tester/playground-tester/node_modules/@php-wasm/universal/index.js:979:19)\n        at async gr (file:///home/runner/work/playground-tester/playground-tester/node_modules/@wp-playground/blueprints/index.js:31:39)\n        at async Object.at [as installPlugin] (file:///home/runner/work/playground-tester/playground-tester/node_modules/@wp-playground/blueprints/index.js:877:42)\n        at async d (file:///home/runner/work/playground-tester/playground-tester/node_modules/@wp-playground/blueprints/index.js:12165:30)\n        at async Object.run (file:///home/runner/work/playground-tester/playground-tester/node_modules/@wp-playground/blueprints/index.js:12096:23)\n        at async Qt (file:///home/runner/work/playground-tester/playground-tester/node_modules/@wp-playground/blueprints/index.js:12200:3)\n        at async Object.onBind (file:///home/runner/work/playground-tester/playground-tester/node_modules/@wp-playground/cli/cli.js:20:453)\n        at async j (file:///home/runner/work/playground-tester/playground-tester/node_modules/@wp-playground/cli/cli.js:1:1166) {\n      response: PHPResponse {\n        httpStatusCode: 500,\n        headers: {\n          'x-powered-by': [ 'PHP/8.0.30-dev' ],\n          'content-type': [ 'text/html; charset=UTF-8' ]\n        },\n        bytes: Uint8Array(0) [],\n        exitCode: 255,\n        errors: ''\n      },\n      source: 'request'\n    }\n  }\n}\n\n",
    "log": "/logs/plugins/c/cookies-by-jm/error.json"
  },
  {
    "message": "file:///home/runner/work/playground-tester/playground-tester/node_modules/@wp-playground/cli/cli.js:20\n`)},constants:R,phpIniEntries:{\"openssl.cafile\":\"/internal/shared/ca-bundle.crt\",allow_url_fopen:\"1\",disable_functions:\"\"},hooks:{async beforeWordPressFiles(h){t.mountBeforeInstall&&p(h,t.mountBeforeInstall)}}});const v=await s.getPrimaryPhp();try{if(n&&!t.mountBeforeInstall&&g.writeFileSync(f,await q(v,\"/wordpress\")),t.mount&&p(v,t.mount),d=!0,u){const{php:h,reap:m}=await s.processManager.acquirePHPInstance();try{c.log(\"Running the Blueprint...\"),await x(u,h),c.log(\"Finished running the blueprint\")}finally{m()}}a===\"build-snapshot\"?(await r(t.outfile),c.log(`WordPress exported to ${t.outfile}`),process.exit(0)):a===\"run-blueprint\"?(c.log(\"Blueprint executed\"),process.exit(0)):c.log(`WordPress is running on ${l}`)}catch(h){if(!t.debug)throw h;const m=v.readFileAsText(D);throw new Error(m,{cause:h})}},async handleRequest(o){return d?await s.request(o):I.forHttpCode(502,\"WordPress is not ready yet\")}})}Q();\n                                                                                                                                                                                                                                                                                                                                                                                                                                                                                                                                                                                                                                                                                                                                                                                                                   ^\n",
    "level": "FATAL",
    "type": "PLAYGROUND",
    "test": "jspi-boot",
    "plugin": "cookies-by-jm",
    "details": "file:///home/runner/work/playground-tester/playground-tester/node_modules/@wp-playground/cli/cli.js:20\n`)},constants:R,phpIniEntries:{\"openssl.cafile\":\"/internal/shared/ca-bundle.crt\",allow_url_fopen:\"1\",disable_functions:\"\"},hooks:{async beforeWordPressFiles(h){t.mountBeforeInstall&&p(h,t.mountBeforeInstall)}}});const v=await s.getPrimaryPhp();try{if(n&&!t.mountBeforeInstall&&g.writeFileSync(f,await q(v,\"/wordpress\")),t.mount&&p(v,t.mount),d=!0,u){const{php:h,reap:m}=await s.processManager.acquirePHPInstance();try{c.log(\"Running the Blueprint...\"),await x(u,h),c.log(\"Finished running the blueprint\")}finally{m()}}a===\"build-snapshot\"?(await r(t.outfile),c.log(`WordPress exported to ${t.outfile}`),process.exit(0)):a===\"run-blueprint\"?(c.log(\"Blueprint executed\"),process.exit(0)):c.log(`WordPress is running on ${l}`)}catch(h){if(!t.debug)throw h;const m=v.readFileAsText(D);throw new Error(m,{cause:h})}},async handleRequest(o){return d?await s.request(o):I.forHttpCode(502,\"WordPress is not ready yet\")}})}Q();\n                                                                                                                                                                                                                                                                                                                                                                                                                                                                                                                                                                                                                                                                                                                                                                                                                   ^\n",
    "log": "/tmp/tmp.kwvBRb1Ti5"
  },
  {
    "message": "Data type expected in MySQL query, unknown token received: wp_jm_cookies_tracking_ibfk_1.",
    "level": "FATAL",
    "type": "SQL",
    "test": "jspi-boot",
    "plugin": "cookies-by-jm",
    "details": "[22-Jan-2025 13:09:01 UTC] WordPress database error <div style=\"clear:both\">&nbsp;</div>\n<div class=\"queries\" style=\"clear:both;margin-bottom:2px;border:red dotted thin;\">\n<p>MySQL query:</p>\n<p>\n\t\t\t\t\t\tALTER TABLE `wp_jm_cookies_tracking`\n\t\t\t\t\t\t  ADD CONSTRAINT `wp_jm_cookies_tracking_ibfk_1` FOREIGN KEY (`cookie_id`) REFERENCES `wp_jm_cookies` (`id`) ON DELETE CASCADE ON UPDATE NO ACTION</p>\n<p>Queries made or created this session were:</p>\n<ol>\n<li>Executing: BEGIN | (no parameters)</li>\n<li>Executing: ROLLBACK | (no parameters)</li>\n</ol>\n</div>\n<div style=\"clear:both;margin-bottom:2px;border:red dotted thin;\" class=\"error_message\" style=\"border-bottom:dotted blue thin;\">\nError occurred at line 4117 in Function <code>handle_error</code>. Error message was: Data type expected in MySQL query, unknown token received: wp_jm_cookies_tracking_ibfk_1.\n</div>\n<p>Backtrace:</p>\n<pre>#0 /internal/shared/sqlite-database-integration/wp-includes/sqlite/class-wp-sqlite-db.php(287): WP_SQLite_Translator->get_error_message()\n#1 /wordpress/wp-admin/includes/upgrade.php(3271): WP_SQLite_DB->query('\\n\\t\\t\\t\\t\\t\\tALTER TA...')\n#2 /wordpress/wp-content/plugins/cookies-by-jm/admin/class.php(179): dbDelta(Array)\n#3 /wordpress/wp-includes/class-wp-hook.php(324): jmCookiesAdmin->jm_cookies_plugin_install(false)\n#4 /wordpress/wp-includes/class-wp-hook.php(348): WP_Hook->apply_filters('', Array)\n#5 /wordpress/wp-includes/plugin.php(517): WP_Hook->do_action(Array)\n#6 /wordpress/wp-admin/includes/plugin.php(703): do_action('activate_cookie...', false)\n#7 /internal/eval.php(20): activate_plugin('cookies-by-jm/c...')\n#8 {main}</pre>\n for query \n\t\t\t\t\t\tALTER TABLE `wp_jm_cookies_tracking`\n\t\t\t\t\t\t  ADD CONSTRAINT `wp_jm_cookies_tracking_ibfk_1` FOREIGN KEY (`cookie_id`) REFERENCES `wp_jm_cookies` (`id`) ON DELETE CASCADE ON UPDATE NO ACTION made by activate_plugin, do_action('activate_cookies-by-jm/cookie.php'), WP_Hook->do_action, WP_Hook->apply_filters, jmCookiesAdmin->jm_cookies_plugin_install, dbDelta, WP_SQLite_DB->query, WP_SQLite_DB->print_error",
    "log": "/logs/plugins/c/cookies-by-jm/error.json"
  },
  {
    "message": "Uncaught Exception: The plugin generated unexpected output. in /internal/eval.php:29",
    "level": "FATAL",
    "type": "PHP",
    "test": "jspi-boot",
    "plugin": "cookies-by-jm",
    "details": "[22-Jan-2025 13:09:01 UTC] PHP Fatal error:  Uncaught Exception: The plugin generated unexpected output. in /internal/eval.php:29\nStack trace:\n#0 {main}\n  thrown in /internal/eval.php on line 29\n\n    at Object.onBind (file:///home/runner/work/playground-tester/playground-tester/node_modules/@wp-playground/cli/cli.js:20:788)\n    at process.processTicksAndRejections (node:internal/process/task_queues:105:5)\n    at async j (file:///home/runner/work/playground-tester/playground-tester/node_modules/@wp-playground/cli/cli.js:1:1166) {\n  [cause]: Error: Error when executing the blueprint step #0 ({\"step\":\"installPlugin\",\"pluginData\":{\"resource\":\"wordpress.org/plugins\",\"slug\":\"cookies-by-jm\"},\"options\":{\"activate\":true}}) : PHP.run() failed with exit code 255 and the following output: \n      at Object.run (file:///home/runner/work/playground-tester/playground-tester/node_modules/@wp-playground/blueprints/index.js:12099:32)\n      at process.processTicksAndRejections (node:internal/process/task_queues:105:5)\n      at async Qt (file:///home/runner/work/playground-tester/playground-tester/node_modules/@wp-playground/blueprints/index.js:12200:3)\n      at async Object.onBind (file:///home/runner/work/playground-tester/playground-tester/node_modules/@wp-playground/cli/cli.js:20:453)\n      at async j (file:///home/runner/work/playground-tester/playground-tester/node_modules/@wp-playground/cli/cli.js:1:1166) {\n    [cause]: PHPExecutionFailureError: PHP.run() failed with exit code 255 and the following output: \n        at PHP.run (file:///home/runner/work/playground-tester/playground-tester/node_modules/@php-wasm/universal/index.js:979:19)\n        at process.processTicksAndRejections (node:internal/process/task_queues:105:5)\n        at async gr (file:///home/runner/work/playground-tester/playground-tester/node_modules/@wp-playground/blueprints/index.js:31:39)\n        at async Object.at [as installPlugin] (file:///home/runner/work/playground-tester/playground-tester/node_modules/@wp-playground/blueprints/index.js:877:42)\n        at async d (file:///home/runner/work/playground-tester/playground-tester/node_modules/@wp-playground/blueprints/index.js:12165:30)\n        at async Object.run (file:///home/runner/work/playground-tester/playground-tester/node_modules/@wp-playground/blueprints/index.js:12096:23)\n        at async Qt (file:///home/runner/work/playground-tester/playground-tester/node_modules/@wp-playground/blueprints/index.js:12200:3)\n        at async Object.onBind (file:///home/runner/work/playground-tester/playground-tester/node_modules/@wp-playground/cli/cli.js:20:453)\n        at async j (file:///home/runner/work/playground-tester/playground-tester/node_modules/@wp-playground/cli/cli.js:1:1166) {\n      response: PHPResponse {\n        httpStatusCode: 500,\n        headers: {\n          'x-powered-by': [ 'PHP/8.0.30-dev' ],\n          'content-type': [ 'text/html; charset=UTF-8' ]\n        },\n        bytes: Uint8Array(0) [],\n        exitCode: 255,\n        errors: ''\n      },\n      source: 'request'\n    }\n  }\n}\n\n",
    "log": "/logs/plugins/c/cookies-by-jm/error.json"
  }
]
