file:///home/runner/work/playground-tester/playground-tester/node_modules/@wp-playground/cli/run-cli-j-geJYS3.js:325
        throw new Error($, { cause: h });
              ^

Error: [24-Jun-2025 14:53:36 UTC] PHP Deprecated:  Function register_sidebar_widget is <strong>deprecated</strong> since version 2.8.0! Use wp_register_sidebar_widget() instead. in /wordpress/wp-includes/functions.php on line 6121
[24-Jun-2025 14:53:37 UTC] PHP Deprecated:  Function register_sidebar_widget is <strong>deprecated</strong> since version 2.8.0! Use wp_register_sidebar_widget() instead. in /wordpress/wp-includes/functions.php on line 6121
[24-Jun-2025 14:53:46 UTC] PHP Deprecated:  Function register_sidebar_widget is <strong>deprecated</strong> since version 2.8.0! Use wp_register_sidebar_widget() instead. in /wordpress/wp-includes/functions.php on line 6121
[24-Jun-2025 14:53:47 UTC] PHP Deprecated:  Function register_sidebar_widget is <strong>deprecated</strong> since version 2.8.0! Use wp_register_sidebar_widget() instead. in /wordpress/wp-includes/functions.php on line 6121
[24-Jun-2025 14:53:56 UTC] PHP Deprecated:  Function register_sidebar_widget is <strong>deprecated</strong> since version 2.8.0! Use wp_register_sidebar_widget() instead. in /wordpress/wp-includes/functions.php on line 6121
[24-Jun-2025 14:53:57 UTC] PHP Deprecated:  Function register_sidebar_widget is <strong>deprecated</strong> since version 2.8.0! Use wp_register_sidebar_widget() instead. in /wordpress/wp-includes/functions.php on line 6121
[24-Jun-2025 14:54:06 UTC] PHP Fatal error:  Uncaught Error: Non-static method SCRM_BP::init() cannot be called statically in /wordpress/wp-content/plugins/simple-crm-buddypress-xprofile/simple-crm-buddypress-users.php:24
Stack trace:
#0 /wordpress/wp-admin/includes/plugin.php(2387): include_once()
#1 /wordpress/wp-admin/includes/plugin.php(673): plugin_sandbox_scrape('simple-crm-budd...')
#2 /internal/eval.php(20): activate_plugin('simple-crm-budd...')
#3 {main}
  thrown in /wordpress/wp-content/plugins/simple-crm-buddypress-xprofile/simple-crm-buddypress-users.php on line 24
[24-Jun-2025 14:54:15 UTC] PHP Fatal error:  Uncaught Error: Non-static method SCRM_BP::init() cannot be called statically in /wordpress/wp-content/plugins/simple-crm-buddypress-xprofile/simple-crm-buddypress-users.php:24
Stack trace:
#0 /wordpress/wp-admin/includes/plugin.php(2387): include_once()
#1 /wordpress/wp-admin/includes/plugin.php(673): plugin_sandbox_scrape('simple-crm-budd...')
#2 /internal/eval.php(20): activate_plugin('simple-crm-budd...')
#3 {main}
  thrown in /wordpress/wp-content/plugins/simple-crm-buddypress-xprofile/simple-crm-buddypress-users.php on line 24
[24-Jun-2025 14:54:24 UTC] PHP Fatal error:  Uncaught Error: Non-static method SCRM_BP::init() cannot be called statically in /wordpress/wp-content/plugins/simple-crm-buddypress-xprofile/simple-crm-buddypress-users.php:24
Stack trace:
#0 /wordpress/wp-admin/includes/plugin.php(2387): include_once()
#1 /wordpress/wp-admin/includes/plugin.php(673): plugin_sandbox_scrape('simple-crm-budd...')
#2 /internal/eval.php(20): activate_plugin('simple-crm-budd...')
#3 {main}
  thrown in /wordpress/wp-content/plugins/simple-crm-buddypress-xprofile/simple-crm-buddypress-users.php on line 24
[24-Jun-2025 14:54:34 UTC] PHP Deprecated:  Function register_sidebar_widget is <strong>deprecated</strong> since version 2.8.0! Use wp_register_sidebar_widget() instead. in /wordpress/wp-includes/functions.php on line 6121
[24-Jun-2025 14:54:34 UTC] PHP Deprecated:  Function register_widget_control is <strong>deprecated</strong> since version 2.8.0! Use wp_register_widget_control() instead. in /wordpress/wp-includes/functions.php on line 6121
[24-Jun-2025 14:54:44 UTC] PHP Deprecated:  Function register_sidebar_widget is <strong>deprecated</strong> since version 2.8.0! Use wp_register_sidebar_widget() instead. in /wordpress/wp-includes/functions.php on line 6121
[24-Jun-2025 14:54:44 UTC] PHP Deprecated:  Function register_widget_control is <strong>deprecated</strong> since version 2.8.0! Use wp_register_widget_control() instead. in /wordpress/wp-includes/functions.php on line 6121
[24-Jun-2025 14:54:54 UTC] PHP Deprecated:  Function register_sidebar_widget is <strong>deprecated</strong> since version 2.8.0! Use wp_register_sidebar_widget() instead. in /wordpress/wp-includes/functions.php on line 6121
[24-Jun-2025 14:54:54 UTC] PHP Deprecated:  Function register_widget_control is <strong>deprecated</strong> since version 2.8.0! Use wp_register_widget_control() instead. in /wordpress/wp-includes/functions.php on line 6121
[24-Jun-2025 14:55:34 UTC] PHP Notice:  Function _load_textdomain_just_in_time was called <strong>incorrectly</strong>. Translation loading for the <code>slider-text-scroll</code> domain was triggered too early. This is usually an indicator for some code in the plugin or theme running too early. Translations should be loaded at the <code>init</code> action or later. Please see <a href="https://developer.wordpress.org/advanced-administration/debug/debug-wordpress/">Debugging in WordPress</a> for more information. (This message was added in version 6.7.0.) in /wordpress/wp-includes/functions.php on line 6121
[24-Jun-2025 14:55:47 UTC] PHP Notice:  Function _load_textdomain_just_in_time was called <strong>incorrectly</strong>. Translation loading for the <code>slider-text-scroll</code> domain was triggered too early. This is usually an indicator for some code in the plugin or theme running too early. Translations should be loaded at the <code>init</code> action or later. Please see <a href="https://developer.wordpress.org/advanced-administration/debug/debug-wordpress/">Debugging in WordPress</a> for more information. (This message was added in version 6.7.0.) in /wordpress/wp-includes/functions.php on line 6121
[24-Jun-2025 14:56:00 UTC] PHP Notice:  Function _load_textdomain_just_in_time was called <strong>incorrectly</strong>. Translation loading for the <code>slider-text-scroll</code> domain was triggered too early. This is usually an indicator for some code in the plugin or theme running too early. Translations should be loaded at the <code>init</code> action or later. Please see <a href="https://developer.wordpress.org/advanced-administration/debug/debug-wordpress/">Debugging in WordPress</a> for more information. (This message was added in version 6.7.0.) in /wordpress/wp-includes/functions.php on line 6121
[24-Jun-2025 14:59:26 UTC] PHP Fatal error:  Uncaught Exception: DateTimeZone::__construct(): Unknown or bad timezone () in /wordpress/wp-content/plugins/simple-schedule-notice/simple-schedule-notice.php:47
Stack trace:
#0 /wordpress/wp-content/plugins/simple-schedule-notice/simple-schedule-notice.php(47): DateTimeZone->__construct('')
#1 /wordpress/wp-content/plugins/simple-schedule-notice/simple-schedule-notice.php(944): Simple_Schedulenotice_Class->__construct()
#2 /wordpress/wp-admin/includes/plugin.php(2387): include_once('/wordpress/wp-c...')
#3 /wordpress/wp-admin/includes/plugin.php(673): plugin_sandbox_scrape('simple-schedule...')
#4 /internal/eval.php(20): activate_plugin('simple-schedule...')
#5 {main}
  thrown in /wordpress/wp-content/plugins/simple-schedule-notice/simple-schedule-notice.php on line 47
[24-Jun-2025 14:59:35 UTC] PHP Fatal error:  Uncaught Exception: DateTimeZone::__construct(): Unknown or bad timezone () in /wordpress/wp-content/plugins/simple-schedule-notice/simple-schedule-notice.php:47
Stack trace:
#0 /wordpress/wp-content/plugins/simple-schedule-notice/simple-schedule-notice.php(47): DateTimeZone->__construct('')
#1 /wordpress/wp-content/plugins/simple-schedule-notice/simple-schedule-notice.php(944): Simple_Schedulenotice_Class->__construct()
#2 /wordpress/wp-admin/includes/plugin.php(2387): include_once('/wordpress/wp-c...')
#3 /wordpress/wp-admin/includes/plugin.php(673): plugin_sandbox_scrape('simple-schedule...')
#4 /internal/eval.php(20): activate_plugin('simple-schedule...')
#5 {main}
  thrown in /wordpress/wp-content/plugins/simple-schedule-notice/simple-schedule-notice.php on line 47
[24-Jun-2025 14:59:44 UTC] PHP Fatal error:  Uncaught Exception: DateTimeZone::__construct(): Unknown or bad timezone () in /wordpress/wp-content/plugins/simple-schedule-notice/simple-schedule-notice.php:47
Stack trace:
#0 /wordpress/wp-content/plugins/simple-schedule-notice/simple-schedule-notice.php(47): DateTimeZone->__construct('')
#1 /wordpress/wp-content/plugins/simple-schedule-notice/simple-schedule-notice.php(944): Simple_Schedulenotice_Class->__construct()
#2 /wordpress/wp-admin/includes/plugin.php(2387): include_once('/wordpress/wp-c...')
#3 /wordpress/wp-admin/includes/plugin.php(673): plugin_sandbox_scrape('simple-schedule...')
#4 /internal/eval.php(20): activate_plugin('simple-schedule...')
#5 {main}
  thrown in /wordpress/wp-content/plugins/simple-schedule-notice/simple-schedule-notice.php on line 47
[24-Jun-2025 15:01:53 UTC] PHP Fatal error:  Uncaught Error: Call to undefined function create_function() in /wordpress/wp-content/plugins/smart-recent-post/index.php:219
Stack trace:
#0 /wordpress/wp-admin/includes/plugin.php(2387): include_once()
#1 /wordpress/wp-admin/includes/plugin.php(673): plugin_sandbox_scrape('smart-recent-po...')
#2 /internal/eval.php(20): activate_plugin('smart-recent-po...')
#3 {main}
  thrown in /wordpress/wp-content/plugins/smart-recent-post/index.php on line 219
[24-Jun-2025 15:02:01 UTC] PHP Fatal error:  Uncaught Error: Call to undefined function create_function() in /wordpress/wp-content/plugins/smart-recent-post/index.php:219
Stack trace:
#0 /wordpress/wp-admin/includes/plugin.php(2387): include_once()
#1 /wordpress/wp-admin/includes/plugin.php(673): plugin_sandbox_scrape('smart-recent-po...')
#2 /internal/eval.php(20): activate_plugin('smart-recent-po...')
#3 {main}
  thrown in /wordpress/wp-content/plugins/smart-recent-post/index.php on line 219
[24-Jun-2025 15:02:10 UTC] PHP Fatal error:  Uncaught Error: Call to undefined function create_function() in /wordpress/wp-content/plugins/smart-recent-post/index.php:219
Stack trace:
#0 /wordpress/wp-admin/includes/plugin.php(2387): include_once()
#1 /wordpress/wp-admin/includes/plugin.php(673): plugin_sandbox_scrape('smart-recent-po...')
#2 /internal/eval.php(20): activate_plugin('smart-recent-po...')
#3 {main}
  thrown in /wordpress/wp-content/plugins/smart-recent-post/index.php on line 219
[24-Jun-2025 15:02:20 UTC] PHP Fatal error:  Uncaught TypeError: strtotime(): Argument #2 ($baseTimestamp) must be of type ?int, string given in /wordpress/wp-content/plugins/smart-sitemap-generator/includes/class.smart-sitemap.php:24
Stack trace:
#0 /wordpress/wp-content/plugins/smart-sitemap-generator/includes/class.smart-sitemap.php(24): strtotime('', '-1 days')
#1 /wordpress/wp-content/plugins/smart-sitemap-generator/includes/class.smart-sitemap.php(157): SmartSitemap->__construct()
#2 /wordpress/wp-content/plugins/smart-sitemap-generator/vendor/composer/autoload_real.php(41): require('/wordpress/wp-c...')
#3 /wordpress/wp-content/plugins/smart-sitemap-generator/vendor/composer/autoload_real.php(45): ComposerAutoloaderInit3272bf10f647ca50ba254e49a97c01d1::{closure}('8b9192a8131895a...', '/wordpress/wp-c...')
#4 /wordpress/wp-content/plugins/smart-sitemap-generator/vendor/autoload.php(25): ComposerAutoloaderInit3272bf10f647ca50ba254e49a97c01d1::getLoader()
#5 /wordpress/wp-content/plugins/smart-sitemap-generator/index.php(20): require('/wordpress/wp-c...')
#6 /wordpress/wp-admin/includes/plugin.php(2387): include_once('/wordpress/wp-c...')
#7 /wordpress/wp-admin/includes/plugin.php(673): plugin_sandbox_scrape('smart-sitemap-g...')
#8 /internal/eval.php(20): activate_plugin('smart-sitemap-g...')
#9 {main}
  thrown in /wordpress/wp-content/plugins/smart-sitemap-generator/includes/class.smart-sitemap.php on line 24
[24-Jun-2025 15:02:27 UTC] PHP Fatal error:  Uncaught TypeError: strtotime(): Argument #2 ($baseTimestamp) must be of type ?int, string given in /wordpress/wp-content/plugins/smart-sitemap-generator/includes/class.smart-sitemap.php:24
Stack trace:
#0 /wordpress/wp-content/plugins/smart-sitemap-generator/includes/class.smart-sitemap.php(24): strtotime('', '-1 days')
#1 /wordpress/wp-content/plugins/smart-sitemap-generator/includes/class.smart-sitemap.php(157): SmartSitemap->__construct()
#2 /wordpress/wp-content/plugins/smart-sitemap-generator/vendor/composer/autoload_real.php(41): require('/wordpress/wp-c...')
#3 /wordpress/wp-content/plugins/smart-sitemap-generator/vendor/composer/autoload_real.php(45): ComposerAutoloaderInit3272bf10f647ca50ba254e49a97c01d1::{closure}('8b9192a8131895a...', '/wordpress/wp-c...')
#4 /wordpress/wp-content/plugins/smart-sitemap-generator/vendor/autoload.php(25): ComposerAutoloaderInit3272bf10f647ca50ba254e49a97c01d1::getLoader()
#5 /wordpress/wp-content/plugins/smart-sitemap-generator/index.php(20): require('/wordpress/wp-c...')
#6 /wordpress/wp-admin/includes/plugin.php(2387): include_once('/wordpress/wp-c...')
#7 /wordpress/wp-admin/includes/plugin.php(673): plugin_sandbox_scrape('smart-sitemap-g...')
#8 /internal/eval.php(20): activate_plugin('smart-sitemap-g...')
#9 {main}
  thrown in /wordpress/wp-content/plugins/smart-sitemap-generator/includes/class.smart-sitemap.php on line 24
[24-Jun-2025 15:02:36 UTC] PHP Fatal error:  Uncaught TypeError: strtotime(): Argument #2 ($baseTimestamp) must be of type ?int, string given in /wordpress/wp-content/plugins/smart-sitemap-generator/includes/class.smart-sitemap.php:24
Stack trace:
#0 /wordpress/wp-content/plugins/smart-sitemap-generator/includes/class.smart-sitemap.php(24): strtotime('', '-1 days')
#1 /wordpress/wp-content/plugins/smart-sitemap-generator/includes/class.smart-sitemap.php(157): SmartSitemap->__construct()
#2 /wordpress/wp-content/plugins/smart-sitemap-generator/vendor/composer/autoload_real.php(41): require('/wordpress/wp-c...')
#3 /wordpress/wp-content/plugins/smart-sitemap-generator/vendor/composer/autoload_real.php(45): ComposerAutoloaderInit3272bf10f647ca50ba254e49a97c01d1::{closure}('8b9192a8131895a...', '/wordpress/wp-c...')
#4 /wordpress/wp-content/plugins/smart-sitemap-generator/vendor/autoload.php(25): ComposerAutoloaderInit3272bf10f647ca50ba254e49a97c01d1::getLoader()
#5 /wordpress/wp-content/plugins/smart-sitemap-generator/index.php(20): require('/wordpress/wp-c...')
#6 /wordpress/wp-admin/includes/plugin.php(2387): include_once('/wordpress/wp-c...')
#7 /wordpress/wp-admin/includes/plugin.php(673): plugin_sandbox_scrape('smart-sitemap-g...')
#8 /internal/eval.php(20): activate_plugin('smart-sitemap-g...')
#9 {main}
  thrown in /wordpress/wp-content/plugins/smart-sitemap-generator/includes/class.smart-sitemap.php on line 24
[24-Jun-2025 15:02:47 UTC] PHP Fatal error:  Uncaught Error: Undefined constant "SM1WAZE_BASE_DIR" in /wordpress/wp-content/plugins/smart1waze-floating-widget/smart1waze-widget.php:19
Stack trace:
#0 /wordpress/wp-includes/class-wp-hook.php(324): sm1waze_define('')
#1 /wordpress/wp-includes/class-wp-hook.php(348): WP_Hook->apply_filters(NULL, Array)
#2 /wordpress/wp-includes/plugin.php(517): WP_Hook->do_action(Array)
#3 /wordpress/wp-settings.php(578): do_action('plugins_loaded')
#4 /wordpress/wp-config.php(102): require_once('/wordpress/wp-s...')
#5 /wordpress/wp-load.php(50): require_once('/wordpress/wp-c...')
#6 /internal/eval.php(3): require_once('/wordpress/wp-l...')
#7 {main}
  thrown in /wordpress/wp-content/plugins/smart1waze-floating-widget/smart1waze-widget.php on line 19
[24-Jun-2025 15:02:56 UTC] PHP Fatal error:  Uncaught Error: Undefined constant "SM1WAZE_BASE_DIR" in /wordpress/wp-content/plugins/smart1waze-floating-widget/smart1waze-widget.php:19
Stack trace:
#0 /wordpress/wp-includes/class-wp-hook.php(324): sm1waze_define('')
#1 /wordpress/wp-includes/class-wp-hook.php(348): WP_Hook->apply_filters(NULL, Array)
#2 /wordpress/wp-includes/plugin.php(517): WP_Hook->do_action(Array)
#3 /wordpress/wp-settings.php(578): do_action('plugins_loaded')
#4 /wordpress/wp-config.php(102): require_once('/wordpress/wp-s...')
#5 /wordpress/wp-load.php(50): require_once('/wordpress/wp-c...')
#6 /internal/eval.php(3): require_once('/wordpress/wp-l...')
#7 {main}
  thrown in /wordpress/wp-content/plugins/smart1waze-floating-widget/smart1waze-widget.php on line 19

    at Object.onBind (file:///home/runner/work/playground-tester/playground-tester/node_modules/@wp-playground/cli/run-cli-j-geJYS3.js:325:15)
    at process.processTicksAndRejections (node:internal/process/task_queues:105:5)
    at async re (file:///home/runner/work/playground-tester/playground-tester/node_modules/@wp-playground/cli/run-cli-j-geJYS3.js:149:10) {
  [cause]: Error: Error when executing the blueprint step #1 ({"step":"installPlugin","pluginData":{"resource":"wordpress.org/plugins","slug":"smart1waze-floating-widget"},"options":{"activate":true}}) : PHP.run() failed with exit code 255 and the following output: 
      at Object.run (file:///home/runner/work/playground-tester/playground-tester/node_modules/@wp-playground/blueprints/index.js:12093:19)
      at process.processTicksAndRejections (node:internal/process/task_queues:105:5)
      at async ys (file:///home/runner/work/playground-tester/playground-tester/node_modules/@wp-playground/blueprints/index.js:12196:3)
      at async Object.onBind (file:///home/runner/work/playground-tester/playground-tester/node_modules/@wp-playground/cli/run-cli-j-geJYS3.js:315:48)
      at async re (file:///home/runner/work/playground-tester/playground-tester/node_modules/@wp-playground/cli/run-cli-j-geJYS3.js:149:10) {
    [cause]: PHPExecutionFailureError: PHP.run() failed with exit code 255 and the following output: 
        at PHP.run (file:///home/runner/work/playground-tester/playground-tester/node_modules/@php-wasm/universal/index.js:1034:19)
        at process.processTicksAndRejections (node:internal/process/task_queues:105:5)
        at async wr (file:///home/runner/work/playground-tester/playground-tester/node_modules/@wp-playground/blueprints/index.js:74:13)
        at async Object.gt [as installPlugin] (file:///home/runner/work/playground-tester/playground-tester/node_modules/@wp-playground/blueprints/index.js:631:42)
        at async g (file:///home/runner/work/playground-tester/playground-tester/node_modules/@wp-playground/blueprints/index.js:12161:30)
        at async Object.run (file:///home/runner/work/playground-tester/playground-tester/node_modules/@wp-playground/blueprints/index.js:12090:23)
        at async ys (file:///home/runner/work/playground-tester/playground-tester/node_modules/@wp-playground/blueprints/index.js:12196:3)
        at async Object.onBind (file:///home/runner/work/playground-tester/playground-tester/node_modules/@wp-playground/cli/run-cli-j-geJYS3.js:315:48)
        at async re (file:///home/runner/work/playground-tester/playground-tester/node_modules/@wp-playground/cli/run-cli-j-geJYS3.js:149:10) {
      response: PHPResponse {
        httpStatusCode: 500,
        headers: {
          'x-powered-by': [ 'PHP/8.0.30-dev' ],
          'content-type': [ 'text/html; charset=UTF-8' ],
          expires: [ 'Wed, 11 Jan 1984 05:00:00 GMT' ],
          'cache-control': [ 'no-cache, must-revalidate, max-age=0, no-store, private' ]
        },
        bytes: Uint8Array(2653) [
           60,  33,  68,  79,  67,  84,  89,  80,  69,  32, 104, 116,
          109, 108,  62,  10,  60, 104, 116, 109, 108,  32, 108,  97,
          110, 103,  61,  34, 101, 110,  45,  85,  83,  34,  62,  10,
           60, 104, 101,  97, 100,  62,  10,   9,  60, 109, 101, 116,
           97,  32, 104, 116, 116, 112,  45, 101, 113, 117, 105, 118,
           61,  34,  67, 111, 110, 116, 101, 110, 116,  45,  84, 121,
          112, 101,  34,  32,  99, 111, 110, 116, 101, 110, 116,  61,
           34, 116, 101, 120, 116,  47, 104, 116, 109, 108,  59,  32,
           99, 104,  97, 114,
          ... 2553 more items
        ],
        exitCode: 255,
        errors: ''
      },
      source: 'request'
    }
  }
}

Node.js v23.11.0
