file:///home/runner/work/playground-tester/playground-tester/node_modules/@wp-playground/cli/index.js:237
        throw new Error(y, { cause: u });
              ^

Error: [29-Apr-2025 13:43:14 UTC] PHP Warning:  Undefined array key "bman_click_id" in /wordpress/wp-content/plugins/banman/banman.php on line 20
[29-Apr-2025 13:43:14 UTC] PHP Fatal error:  Uncaught TypeError: call_user_func_array(): Argument #1 ($callback) must be a valid callback, non-static method BanMan::install() cannot be called statically in /wordpress/wp-includes/class-wp-hook.php:324
Stack trace:
#0 /wordpress/wp-includes/class-wp-hook.php(348): WP_Hook->apply_filters('', Array)
#1 /wordpress/wp-includes/plugin.php(517): WP_Hook->do_action(Array)
#2 /wordpress/wp-admin/includes/plugin.php(703): do_action('activate_banman...', false)
#3 /internal/eval.php(20): activate_plugin('banman/banman.p...')
#4 {main}
  thrown in /wordpress/wp-includes/class-wp-hook.php on line 324
[29-Apr-2025 13:43:22 UTC] PHP Warning:  Undefined array key "bman_click_id" in /wordpress/wp-content/plugins/banman/banman.php on line 20
[29-Apr-2025 13:43:22 UTC] PHP Fatal error:  Uncaught TypeError: call_user_func_array(): Argument #1 ($callback) must be a valid callback, non-static method BanMan::install() cannot be called statically in /wordpress/wp-includes/class-wp-hook.php:324
Stack trace:
#0 /wordpress/wp-includes/class-wp-hook.php(348): WP_Hook->apply_filters('', Array)
#1 /wordpress/wp-includes/plugin.php(517): WP_Hook->do_action(Array)
#2 /wordpress/wp-admin/includes/plugin.php(703): do_action('activate_banman...', false)
#3 /internal/eval.php(20): activate_plugin('banman/banman.p...')
#4 {main}
  thrown in /wordpress/wp-includes/class-wp-hook.php on line 324
[29-Apr-2025 13:43:31 UTC] PHP Warning:  Undefined array key "bman_click_id" in /wordpress/wp-content/plugins/banman/banman.php on line 20
[29-Apr-2025 13:43:31 UTC] PHP Fatal error:  Uncaught TypeError: call_user_func_array(): Argument #1 ($callback) must be a valid callback, non-static method BanMan::install() cannot be called statically in /wordpress/wp-includes/class-wp-hook.php:324
Stack trace:
#0 /wordpress/wp-includes/class-wp-hook.php(348): WP_Hook->apply_filters('', Array)
#1 /wordpress/wp-includes/plugin.php(517): WP_Hook->do_action(Array)
#2 /wordpress/wp-admin/includes/plugin.php(703): do_action('activate_banman...', false)
#3 /internal/eval.php(20): activate_plugin('banman/banman.p...')
#4 {main}
  thrown in /wordpress/wp-includes/class-wp-hook.php on line 324
[29-Apr-2025 13:45:57 UTC] PHP Fatal error:  Unparenthesized `a ? b : c ? d : e` is not supported. Use either `(a ? b : c) ? d : e` or `a ? b : (c ? d : e)` in /wordpress/wp-content/plugins/bib3html/lib/Bib3Html.EntrySetHandler.php on line 40
[29-Apr-2025 13:46:05 UTC] PHP Fatal error:  Unparenthesized `a ? b : c ? d : e` is not supported. Use either `(a ? b : c) ? d : e` or `a ? b : (c ? d : e)` in /wordpress/wp-content/plugins/bib3html/lib/Bib3Html.EntrySetHandler.php on line 40
[29-Apr-2025 13:46:14 UTC] PHP Fatal error:  Unparenthesized `a ? b : c ? d : e` is not supported. Use either `(a ? b : c) ? d : e` or `a ? b : (c ? d : e)` in /wordpress/wp-content/plugins/bib3html/lib/Bib3Html.EntrySetHandler.php on line 40
[29-Apr-2025 13:46:24 UTC] PHP Warning:  Undefined array key "action" in /wordpress/wp-content/plugins/binary-mlm/ajax/check_username.php on line 4
[29-Apr-2025 13:46:24 UTC] PHP Fatal error:  Declaration of MLM_Nav_Menu_Walker::start_lvl(&$output, $depth) must be compatible with Walker_Nav_Menu::start_lvl(&$output, $depth = 0, $args = null) in /wordpress/wp-content/plugins/binary-mlm/mlm-access-control.php on line 47
[29-Apr-2025 13:46:33 UTC] PHP Warning:  Undefined array key "action" in /wordpress/wp-content/plugins/binary-mlm/ajax/check_username.php on line 4
[29-Apr-2025 13:46:33 UTC] PHP Fatal error:  Declaration of MLM_Nav_Menu_Walker::start_lvl(&$output, $depth) must be compatible with Walker_Nav_Menu::start_lvl(&$output, $depth = 0, $args = null) in /wordpress/wp-content/plugins/binary-mlm/mlm-access-control.php on line 47
[29-Apr-2025 13:46:41 UTC] PHP Warning:  Undefined array key "action" in /wordpress/wp-content/plugins/binary-mlm/ajax/check_username.php on line 4
[29-Apr-2025 13:46:41 UTC] PHP Fatal error:  Declaration of MLM_Nav_Menu_Walker::start_lvl(&$output, $depth) must be compatible with Walker_Nav_Menu::start_lvl(&$output, $depth = 0, $args = null) in /wordpress/wp-content/plugins/binary-mlm/mlm-access-control.php on line 47
[29-Apr-2025 13:47:52 UTC] PHP Fatal error:  Uncaught RuntimeException: <div style="clear:both">&nbsp;</div>
<div class="queries" style="clear:both;margin-bottom:2px;border:red dotted thin;">
<p>MySQL query:</p>
<p>CREATE TABLE IF NOT EXISTS wp_bit_assist_widget_channels (
             id BIGINT  UNSIGNED NOT NULL AUTO_INCREMENT
, widget_id BIGINT(20) UNSIGNED NOT NULL
, channel_name VARCHAR(255) NOT NULL
, config LONGTEXT  NULL
, sequence INTEGER  NULL
, status BOOLEAN  NOT NULL DEFAULT 1
, created_at timestamp  NULL DEFAULT NULL
, updated_at timestamp  NULL DEFAULT NULL,
PRIMARY KEY (
id
), FOREIGN KEY (widget_id) REFERENCES wp_bit_assist_widgets (id) ON DELETE CASCADE
             ) </p>
<p>Queries made or created this session were:</p>
<ol>
<li>Executing: BEGIN | (no parameters)</li>
<li>Executing: SELECT 1 FROM _wp_sqlite_mysql_information_schema_tables WHERE table_schema = ? AND table_name = ? | parameters: database_name_here, wp_bit_assist_widget_channels</li>
<li>Executing: 
				INSERT INTO _wp_sqlite_mysql_information_schema_tables (table_schem in /wordpress/wp-content/plugins/bit-assist/vendor/bitapps/wp-database/src/Blueprint.php on line 176
[29-Apr-2025 13:48:02 UTC] PHP Fatal error:  Uncaught RuntimeException: <div style="clear:both">&nbsp;</div>
<div class="queries" style="clear:both;margin-bottom:2px;border:red dotted thin;">
<p>MySQL query:</p>
<p>CREATE TABLE IF NOT EXISTS wp_bit_assist_widget_channels (
             id BIGINT  UNSIGNED NOT NULL AUTO_INCREMENT
, widget_id BIGINT(20) UNSIGNED NOT NULL
, channel_name VARCHAR(255) NOT NULL
, config LONGTEXT  NULL
, sequence INTEGER  NULL
, status BOOLEAN  NOT NULL DEFAULT 1
, created_at timestamp  NULL DEFAULT NULL
, updated_at timestamp  NULL DEFAULT NULL,
PRIMARY KEY (
id
), FOREIGN KEY (widget_id) REFERENCES wp_bit_assist_widgets (id) ON DELETE CASCADE
             ) </p>
<p>Queries made or created this session were:</p>
<ol>
<li>Executing: BEGIN | (no parameters)</li>
<li>Executing: INSERT INTO _mysql_data_types_cache (`table`, `column_or_index`, `mysql_type`)
				VALUES (:table, :column, :datatype)
				ON CONFLICT(`table`, `column_or_index`) DO UPDATE SET `mysql_type` = :datatype
			 | parameters: wp_bit_assist_widget_channels, id,  in /wordpress/wp-content/plugins/bit-assist/vendor/bitapps/wp-database/src/Blueprint.php on line 176
[29-Apr-2025 13:48:13 UTC] PHP Fatal error:  Uncaught RuntimeException: <div style="clear:both">&nbsp;</div>
<div class="queries" style="clear:both;margin-bottom:2px;border:red dotted thin;">
<p>MySQL query:</p>
<p>CREATE TABLE IF NOT EXISTS wp_bit_assist_widget_channels (
             id BIGINT  UNSIGNED NOT NULL AUTO_INCREMENT
, widget_id BIGINT(20) UNSIGNED NOT NULL
, channel_name VARCHAR(255) NOT NULL
, config LONGTEXT  NULL
, sequence INTEGER  NULL
, status BOOLEAN  NOT NULL DEFAULT 1
, created_at timestamp  NULL DEFAULT NULL
, updated_at timestamp  NULL DEFAULT NULL,
PRIMARY KEY (
id
), FOREIGN KEY (widget_id) REFERENCES wp_bit_assist_widgets (id) ON DELETE CASCADE
             ) </p>
<p>Queries made or created this session were:</p>
<ol>
<li>Executing: BEGIN | (no parameters)</li>
<li>Executing: INSERT INTO _mysql_data_types_cache (`table`, `column_or_index`, `mysql_type`)
				VALUES (:table, :column, :datatype)
				ON CONFLICT(`table`, `column_or_index`) DO UPDATE SET `mysql_type` = :datatype
			 | parameters: wp_bit_assist_widget_channels, id,  in /wordpress/wp-content/plugins/bit-assist/vendor/bitapps/wp-database/src/Blueprint.php on line 176
[29-Apr-2025 13:49:57 UTC] PHP Warning:  Undefined array key "REMOTE_ADDR" in /wordpress/wp-content/plugins/bloomly-integration/includes/class-ezoic-integration-request-utils.php on line 86
[29-Apr-2025 13:49:57 UTC] PHP Warning:  Undefined array key "REMOTE_ADDR" in /wordpress/wp-content/plugins/bloomly-integration/includes/class-ezoic-integration-cache-endpoints.php on line 36
[29-Apr-2025 13:49:59 UTC] PHP Warning:  Undefined array key "REMOTE_ADDR" in /wordpress/wp-content/plugins/bloomly-integration/includes/class-ezoic-integration-request-utils.php on line 86
[29-Apr-2025 13:49:59 UTC] PHP Warning:  Undefined array key "REMOTE_ADDR" in /wordpress/wp-content/plugins/bloomly-integration/includes/class-ezoic-integration-cache-endpoints.php on line 36
[29-Apr-2025 13:49:59 UTC] PHP Warning:  Undefined array key "QUERY_STRING" in /wordpress/wp-content/plugins/bloomly-integration/includes/class-ezoic-integration-wp-filter.php on line 115
[29-Apr-2025 13:49:59 UTC] PHP Warning:  Undefined array key "QUERY_STRING" in /wordpress/wp-content/plugins/bloomly-integration/includes/class-ezoic-integration-cache-endpoints.php on line 49
[29-Apr-2025 13:49:59 UTC] PHP Warning:  Undefined array key "QUERY_STRING" in /wordpress/wp-content/plugins/bloomly-integration/includes/class-ezoic-integration-wp-request.php on line 61
[29-Apr-2025 13:50:09 UTC] PHP Warning:  Undefined array key "REMOTE_ADDR" in /wordpress/wp-content/plugins/bloomly-integration/includes/class-ezoic-integration-request-utils.php on line 86
[29-Apr-2025 13:50:09 UTC] PHP Warning:  Undefined array key "REMOTE_ADDR" in /wordpress/wp-content/plugins/bloomly-integration/includes/class-ezoic-integration-cache-endpoints.php on line 36
[29-Apr-2025 13:50:10 UTC] PHP Warning:  Undefined array key "REMOTE_ADDR" in /wordpress/wp-content/plugins/bloomly-integration/includes/class-ezoic-integration-request-utils.php on line 86
[29-Apr-2025 13:50:10 UTC] PHP Warning:  Undefined array key "REMOTE_ADDR" in /wordpress/wp-content/plugins/bloomly-integration/includes/class-ezoic-integration-cache-endpoints.php on line 36
[29-Apr-2025 13:50:10 UTC] PHP Warning:  Undefined array key "QUERY_STRING" in /wordpress/wp-content/plugins/bloomly-integration/includes/class-ezoic-integration-wp-filter.php on line 115
[29-Apr-2025 13:50:10 UTC] PHP Warning:  Undefined array key "QUERY_STRING" in /wordpress/wp-content/plugins/bloomly-integration/includes/class-ezoic-integration-cache-endpoints.php on line 49
[29-Apr-2025 13:50:10 UTC] PHP Warning:  Undefined array key "QUERY_STRING" in /wordpress/wp-content/plugins/bloomly-integration/includes/class-ezoic-integration-wp-request.php on line 61
[29-Apr-2025 13:50:20 UTC] PHP Warning:  Undefined array key "REMOTE_ADDR" in /wordpress/wp-content/plugins/bloomly-integration/includes/class-ezoic-integration-request-utils.php on line 86
[29-Apr-2025 13:50:20 UTC] PHP Warning:  Undefined array key "REMOTE_ADDR" in /wordpress/wp-content/plugins/bloomly-integration/includes/class-ezoic-integration-cache-endpoints.php on line 36
[29-Apr-2025 13:50:21 UTC] PHP Warning:  Undefined array key "REMOTE_ADDR" in /wordpress/wp-content/plugins/bloomly-integration/includes/class-ezoic-integration-request-utils.php on line 86
[29-Apr-2025 13:50:21 UTC] PHP Warning:  Undefined array key "REMOTE_ADDR" in /wordpress/wp-content/plugins/bloomly-integration/includes/class-ezoic-integration-cache-endpoints.php on line 36
[29-Apr-2025 13:50:21 UTC] PHP Warning:  Undefined array key "QUERY_STRING" in /wordpress/wp-content/plugins/bloomly-integration/includes/class-ezoic-integration-wp-filter.php on line 115
[29-Apr-2025 13:50:21 UTC] PHP Warning:  Undefined array key "QUERY_STRING" in /wordpress/wp-content/plugins/bloomly-integration/includes/class-ezoic-integration-cache-endpoints.php on line 49
[29-Apr-2025 13:50:21 UTC] PHP Warning:  Undefined array key "QUERY_STRING" in /wordpress/wp-content/plugins/bloomly-integration/includes/class-ezoic-integration-wp-request.php on line 61
[29-Apr-2025 13:51:29 UTC] PHP Deprecated:  Non-static method bp_group_import_users_class::activate() should not be called statically in /wordpress/wp-includes/class-wp-hook.php on line 324
[29-Apr-2025 13:51:38 UTC] PHP Deprecated:  Non-static method bp_group_import_users_class::activate() should not be called statically in /wordpress/wp-includes/class-wp-hook.php on line 324
[29-Apr-2025 13:51:48 UTC] PHP Deprecated:  Non-static method bp_group_import_users_class::activate() should not be called statically in /wordpress/wp-includes/class-wp-hook.php on line 324

    at Object.onBind (file:///home/runner/work/playground-tester/playground-tester/node_modules/@wp-playground/cli/index.js:237:15)
    at process.processTicksAndRejections (node:internal/process/task_queues:105:5)
    at async V (file:///home/runner/work/playground-tester/playground-tester/node_modules/@wp-playground/cli/index.js:64:10)
    at async ja (file:///home/runner/work/playground-tester/playground-tester/node_modules/@wp-playground/cli/cli.js:8161:12) {
  [cause]: Error: Error when executing the blueprint step #5 ({"step":"installPlugin","pluginData":{"resource":"wordpress.org/plugins","slug":"bpdev-widgets"},"options":{"activate":true}}) : Could not download "https://downloads.wordpress.org/plugin/bpdev-widgets.latest-stable.zip".
  				Check if the URL is correct and the server is reachable.
  				If it is reachable, the server might be blocking the request.
  				Check the browser console and network tabs for more information.
  
  				## Does the console show the error "No 'Access-Control-Allow-Origin' header"?
  
  				This means the server that hosts your file does not allow requests from other sites
  				(cross-origin requests, or CORS).	You need to move the asset to a server that allows
  				cross-origin file downloads. Learn more about CORS at
  				https://developer.mozilla.org/en-US/docs/Web/HTTP/CORS.
  
  				If your file is on GitHub, load it from "raw.githubusercontent.com".
  				Here's how to do that:
  
  				1. Start with the original GitHub URL of the file. For example:
  				https://github.com/username/repository/blob/branch/filename.
  				2. Replace "github.com" with "raw.githubusercontent.com".
  				3. Remove the "/blob/" part of the URL.
  
  				The resulting URL should look like this:
  				https://raw.githubusercontent.com/username/repository/branch/filename
  
  				Error:
  				Error: Could not download "https://downloads.wordpress.org/plugin/bpdev-widgets.latest-stable.zip"
      at Object.run (file:///home/runner/work/playground-tester/playground-tester/node_modules/@wp-playground/blueprints/index.js:12449:19)
      at process.processTicksAndRejections (node:internal/process/task_queues:105:5)
      at async ms (file:///home/runner/work/playground-tester/playground-tester/node_modules/@wp-playground/blueprints/index.js:12552:3)
      at async Object.onBind (file:///home/runner/work/playground-tester/playground-tester/node_modules/@wp-playground/cli/index.js:227:48)
      at async V (file:///home/runner/work/playground-tester/playground-tester/node_modules/@wp-playground/cli/index.js:64:10)
      at async ja (file:///home/runner/work/playground-tester/playground-tester/node_modules/@wp-playground/cli/cli.js:8161:12) {
    [cause]: Error: Could not download "https://downloads.wordpress.org/plugin/bpdev-widgets.latest-stable.zip".
    				Check if the URL is correct and the server is reachable.
    				If it is reachable, the server might be blocking the request.
    				Check the browser console and network tabs for more information.
    
    				## Does the console show the error "No 'Access-Control-Allow-Origin' header"?
    
    				This means the server that hosts your file does not allow requests from other sites
    				(cross-origin requests, or CORS).	You need to move the asset to a server that allows
    				cross-origin file downloads. Learn more about CORS at
    				https://developer.mozilla.org/en-US/docs/Web/HTTP/CORS.
    
    				If your file is on GitHub, load it from "raw.githubusercontent.com".
    				Here's how to do that:
    
    				1. Start with the original GitHub URL of the file. For example:
    				https://github.com/username/repository/blob/branch/filename.
    				2. Replace "github.com" with "raw.githubusercontent.com".
    				3. Remove the "/blob/" part of the URL.
    
    				The resulting URL should look like this:
    				https://raw.githubusercontent.com/username/repository/branch/filename
    
    				Error:
    				Error: Could not download "https://downloads.wordpress.org/plugin/bpdev-widgets.latest-stable.zip"
        at Ct.resolve (file:///home/runner/work/playground-tester/playground-tester/node_modules/@wp-playground/blueprints/index.js:1472:13)
        at process.processTicksAndRejections (node:internal/process/task_queues:105:5)
        at async _.run (file:///home/runner/work/playground-tester/playground-tester/node_modules/@php-wasm/util/index.js:45:14)
  }
}

Node.js v23.11.0
