[
{"message":"file:///home/runner/work/playground-tester/playground-tester/node_modules/@wp-playground/cli/index.js:237\n        throw new Error(y, { cause: u });\n              ^\n","level":"FATAL","type":"PLAYGROUND","test":"jspi-boot","plugin":"zencart-products","details":"file:///home/runner/work/playground-tester/playground-tester/node_modules/@wp-playground/cli/index.js:237\n        throw new Error(y, { cause: u });\n              ^\n","log":"/tmp/tmp.uMeMa6YM8V"}
,
{"message":"File class-feed.php is <strong>deprecated</strong> since version 4.7.0! Use fetch_feed() instead. in /wordpress/wp-includes/functions.php on line 6121","level":"DEPRECATED","type":"PHP","test":"jspi-boot","plugin":"zencart-products","details":"[02-Jun-2025 09:31:51 UTC] PHP Deprecated:  File class-feed.php is <strong>deprecated</strong> since version 4.7.0! Use fetch_feed() instead. in /wordpress/wp-includes/functions.php on line 6121","log":"/logs/plugins/z/zencart-products/error.json"}
,
{"message":"File class-wp-feed-cache.php is <strong>deprecated</strong> since version 5.6.0 with no alternative available. This file is only loaded for backward compatibility with SimplePie 1.2.x. Please consider switching to a recent SimplePie version. in /wordpress/wp-includes/functions.php on line 6121","level":"DEPRECATED","type":"PHP","test":"jspi-boot","plugin":"zencart-products","details":"[02-Jun-2025 09:31:51 UTC] PHP Deprecated:  File class-wp-feed-cache.php is <strong>deprecated</strong> since version 5.6.0 with no alternative available. This file is only loaded for backward compatibility with SimplePie 1.2.x. Please consider switching to a recent SimplePie version. in /wordpress/wp-includes/functions.php on line 6121","log":"/logs/plugins/z/zencart-products/error.json"}
,
{"message":"File class-feed.php is <strong>deprecated</strong> since version 4.7.0! Use fetch_feed() instead. in /wordpress/wp-includes/functions.php on line 6121","level":"DEPRECATED","type":"PHP","test":"jspi-boot","plugin":"zencart-products","details":"[02-Jun-2025 09:31:53 UTC] PHP Deprecated:  File class-feed.php is <strong>deprecated</strong> since version 4.7.0! Use fetch_feed() instead. in /wordpress/wp-includes/functions.php on line 6121","log":"/logs/plugins/z/zencart-products/error.json"}
,
{"message":"File class-wp-feed-cache.php is <strong>deprecated</strong> since version 5.6.0 with no alternative available. This file is only loaded for backward compatibility with SimplePie 1.2.x. Please consider switching to a recent SimplePie version. in /wordpress/wp-includes/functions.php on line 6121","level":"DEPRECATED","type":"PHP","test":"jspi-boot","plugin":"zencart-products","details":"[02-Jun-2025 09:31:53 UTC] PHP Deprecated:  File class-wp-feed-cache.php is <strong>deprecated</strong> since version 5.6.0 with no alternative available. This file is only loaded for backward compatibility with SimplePie 1.2.x. Please consider switching to a recent SimplePie version. in /wordpress/wp-includes/functions.php on line 6121","log":"/logs/plugins/z/zencart-products/error.json"}
,
{"message":"Function _load_textdomain_just_in_time was called <strong>incorrectly</strong>. Translation loading for the <code>thethe-floating-bookmarks</code> domain was triggered too early. This is usually an indicator for some code in the plugin or theme running too early. Translations should be loaded at the <code>init</code> action or later. Please see <a href=\"https://developer.wordpress.org/advanced-administration/debug/debug-wordpress/\">Debugging in WordPress</a> for more information. (This message was added in version 6.7.0.) in /wordpress/wp-includes/functions.php on line 6121","level":"NOTICE","type":"PHP","test":"jspi-boot","plugin":"zencart-products","details":"[02-Jun-2025 09:31:53 UTC] PHP Notice:  Function _load_textdomain_just_in_time was called <strong>incorrectly</strong>. Translation loading for the <code>thethe-floating-bookmarks</code> domain was triggered too early. This is usually an indicator for some code in the plugin or theme running too early. Translations should be loaded at the <code>init</code> action or later. Please see <a href=\"https://developer.wordpress.org/advanced-administration/debug/debug-wordpress/\">Debugging in WordPress</a> for more information. (This message was added in version 6.7.0.) in /wordpress/wp-includes/functions.php on line 6121","log":"/logs/plugins/z/zencart-products/error.json"}
,
{"message":"File class-feed.php is <strong>deprecated</strong> since version 4.7.0! Use fetch_feed() instead. in /wordpress/wp-includes/functions.php on line 6121","level":"DEPRECATED","type":"PHP","test":"jspi-boot","plugin":"zencart-products","details":"[02-Jun-2025 09:32:00 UTC] PHP Deprecated:  File class-feed.php is <strong>deprecated</strong> since version 4.7.0! Use fetch_feed() instead. in /wordpress/wp-includes/functions.php on line 6121","log":"/logs/plugins/z/zencart-products/error.json"}
,
{"message":"File class-wp-feed-cache.php is <strong>deprecated</strong> since version 5.6.0 with no alternative available. This file is only loaded for backward compatibility with SimplePie 1.2.x. Please consider switching to a recent SimplePie version. in /wordpress/wp-includes/functions.php on line 6121","level":"DEPRECATED","type":"PHP","test":"jspi-boot","plugin":"zencart-products","details":"[02-Jun-2025 09:32:00 UTC] PHP Deprecated:  File class-wp-feed-cache.php is <strong>deprecated</strong> since version 5.6.0 with no alternative available. This file is only loaded for backward compatibility with SimplePie 1.2.x. Please consider switching to a recent SimplePie version. in /wordpress/wp-includes/functions.php on line 6121","log":"/logs/plugins/z/zencart-products/error.json"}
,
{"message":"File class-feed.php is <strong>deprecated</strong> since version 4.7.0! Use fetch_feed() instead. in /wordpress/wp-includes/functions.php on line 6121","level":"DEPRECATED","type":"PHP","test":"jspi-boot","plugin":"zencart-products","details":"[02-Jun-2025 09:32:02 UTC] PHP Deprecated:  File class-feed.php is <strong>deprecated</strong> since version 4.7.0! Use fetch_feed() instead. in /wordpress/wp-includes/functions.php on line 6121","log":"/logs/plugins/z/zencart-products/error.json"}
,
{"message":"File class-wp-feed-cache.php is <strong>deprecated</strong> since version 5.6.0 with no alternative available. This file is only loaded for backward compatibility with SimplePie 1.2.x. Please consider switching to a recent SimplePie version. in /wordpress/wp-includes/functions.php on line 6121","level":"DEPRECATED","type":"PHP","test":"jspi-boot","plugin":"zencart-products","details":"[02-Jun-2025 09:32:02 UTC] PHP Deprecated:  File class-wp-feed-cache.php is <strong>deprecated</strong> since version 5.6.0 with no alternative available. This file is only loaded for backward compatibility with SimplePie 1.2.x. Please consider switching to a recent SimplePie version. in /wordpress/wp-includes/functions.php on line 6121","log":"/logs/plugins/z/zencart-products/error.json"}
,
{"message":"Function _load_textdomain_just_in_time was called <strong>incorrectly</strong>. Translation loading for the <code>thethe-floating-bookmarks</code> domain was triggered too early. This is usually an indicator for some code in the plugin or theme running too early. Translations should be loaded at the <code>init</code> action or later. Please see <a href=\"https://developer.wordpress.org/advanced-administration/debug/debug-wordpress/\">Debugging in WordPress</a> for more information. (This message was added in version 6.7.0.) in /wordpress/wp-includes/functions.php on line 6121","level":"NOTICE","type":"PHP","test":"jspi-boot","plugin":"zencart-products","details":"[02-Jun-2025 09:32:02 UTC] PHP Notice:  Function _load_textdomain_just_in_time was called <strong>incorrectly</strong>. Translation loading for the <code>thethe-floating-bookmarks</code> domain was triggered too early. This is usually an indicator for some code in the plugin or theme running too early. Translations should be loaded at the <code>init</code> action or later. Please see <a href=\"https://developer.wordpress.org/advanced-administration/debug/debug-wordpress/\">Debugging in WordPress</a> for more information. (This message was added in version 6.7.0.) in /wordpress/wp-includes/functions.php on line 6121","log":"/logs/plugins/z/zencart-products/error.json"}
,
{"message":"File class-feed.php is <strong>deprecated</strong> since version 4.7.0! Use fetch_feed() instead. in /wordpress/wp-includes/functions.php on line 6121","level":"DEPRECATED","type":"PHP","test":"jspi-boot","plugin":"zencart-products","details":"[02-Jun-2025 09:32:10 UTC] PHP Deprecated:  File class-feed.php is <strong>deprecated</strong> since version 4.7.0! Use fetch_feed() instead. in /wordpress/wp-includes/functions.php on line 6121","log":"/logs/plugins/z/zencart-products/error.json"}
,
{"message":"File class-wp-feed-cache.php is <strong>deprecated</strong> since version 5.6.0 with no alternative available. This file is only loaded for backward compatibility with SimplePie 1.2.x. Please consider switching to a recent SimplePie version. in /wordpress/wp-includes/functions.php on line 6121","level":"DEPRECATED","type":"PHP","test":"jspi-boot","plugin":"zencart-products","details":"[02-Jun-2025 09:32:10 UTC] PHP Deprecated:  File class-wp-feed-cache.php is <strong>deprecated</strong> since version 5.6.0 with no alternative available. This file is only loaded for backward compatibility with SimplePie 1.2.x. Please consider switching to a recent SimplePie version. in /wordpress/wp-includes/functions.php on line 6121","log":"/logs/plugins/z/zencart-products/error.json"}
,
{"message":"File class-feed.php is <strong>deprecated</strong> since version 4.7.0! Use fetch_feed() instead. in /wordpress/wp-includes/functions.php on line 6121","level":"DEPRECATED","type":"PHP","test":"jspi-boot","plugin":"zencart-products","details":"[02-Jun-2025 09:32:10 UTC] PHP Deprecated:  File class-feed.php is <strong>deprecated</strong> since version 4.7.0! Use fetch_feed() instead. in /wordpress/wp-includes/functions.php on line 6121","log":"/logs/plugins/z/zencart-products/error.json"}
,
{"message":"File class-wp-feed-cache.php is <strong>deprecated</strong> since version 5.6.0 with no alternative available. This file is only loaded for backward compatibility with SimplePie 1.2.x. Please consider switching to a recent SimplePie version. in /wordpress/wp-includes/functions.php on line 6121","level":"DEPRECATED","type":"PHP","test":"jspi-boot","plugin":"zencart-products","details":"[02-Jun-2025 09:32:10 UTC] PHP Deprecated:  File class-wp-feed-cache.php is <strong>deprecated</strong> since version 5.6.0 with no alternative available. This file is only loaded for backward compatibility with SimplePie 1.2.x. Please consider switching to a recent SimplePie version. in /wordpress/wp-includes/functions.php on line 6121","log":"/logs/plugins/z/zencart-products/error.json"}
,
{"message":"Function _load_textdomain_just_in_time was called <strong>incorrectly</strong>. Translation loading for the <code>thethe-floating-bookmarks</code> domain was triggered too early. This is usually an indicator for some code in the plugin or theme running too early. Translations should be loaded at the <code>init</code> action or later. Please see <a href=\"https://developer.wordpress.org/advanced-administration/debug/debug-wordpress/\">Debugging in WordPress</a> for more information. (This message was added in version 6.7.0.) in /wordpress/wp-includes/functions.php on line 6121","level":"NOTICE","type":"PHP","test":"jspi-boot","plugin":"zencart-products","details":"[02-Jun-2025 09:32:11 UTC] PHP Notice:  Function _load_textdomain_just_in_time was called <strong>incorrectly</strong>. Translation loading for the <code>thethe-floating-bookmarks</code> domain was triggered too early. This is usually an indicator for some code in the plugin or theme running too early. Translations should be loaded at the <code>init</code> action or later. Please see <a href=\"https://developer.wordpress.org/advanced-administration/debug/debug-wordpress/\">Debugging in WordPress</a> for more information. (This message was added in version 6.7.0.) in /wordpress/wp-includes/functions.php on line 6121","log":"/logs/plugins/z/zencart-products/error.json"}
,
{"message":"Uncaught Exception: Broadcast requires a Wordpress network install. It does not support single installs. in /wordpress/wp-content/plugins/threewp-broadcast/src/ThreeWP_Broadcast.php:236","level":"FATAL","type":"PHP","test":"jspi-boot","plugin":"zencart-products","details":"[02-Jun-2025 09:32:21 UTC] PHP Fatal error:  Uncaught Exception: Broadcast requires a Wordpress network install. It does not support single installs. in /wordpress/wp-content/plugins/threewp-broadcast/src/ThreeWP_Broadcast.php:236\nStack trace:\n#0 /wordpress/wp-content/plugins/threewp-broadcast/src/sdk/wordpress/base.php(204): threewp_broadcast\\ThreeWP_Broadcast->activate()\n#1 /wordpress/wp-includes/class-wp-hook.php(324): plainview\\sdk_broadcast\\wordpress\\base->activate_internal(false)\n#2 /wordpress/wp-includes/class-wp-hook.php(348): WP_Hook->apply_filters('', Array)\n#3 /wordpress/wp-includes/plugin.php(517): WP_Hook->do_action(Array)\n#4 /wordpress/wp-admin/includes/plugin.php(703): do_action('activate_threew...', false)\n#5 /internal/eval.php(20): activate_plugin('threewp-broadca...')\n#6 {main}\n  thrown in /wordpress/wp-content/plugins/threewp-broadcast/src/ThreeWP_Broadcast.php on line 236","log":"/logs/plugins/z/zencart-products/error.json"}
,
{"message":"Uncaught Exception: Broadcast requires a Wordpress network install. It does not support single installs. in /wordpress/wp-content/plugins/threewp-broadcast/src/ThreeWP_Broadcast.php:236","level":"FATAL","type":"PHP","test":"jspi-boot","plugin":"zencart-products","details":"[02-Jun-2025 09:32:30 UTC] PHP Fatal error:  Uncaught Exception: Broadcast requires a Wordpress network install. It does not support single installs. in /wordpress/wp-content/plugins/threewp-broadcast/src/ThreeWP_Broadcast.php:236\nStack trace:\n#0 /wordpress/wp-content/plugins/threewp-broadcast/src/sdk/wordpress/base.php(204): threewp_broadcast\\ThreeWP_Broadcast->activate()\n#1 /wordpress/wp-includes/class-wp-hook.php(324): plainview\\sdk_broadcast\\wordpress\\base->activate_internal(false)\n#2 /wordpress/wp-includes/class-wp-hook.php(348): WP_Hook->apply_filters('', Array)\n#3 /wordpress/wp-includes/plugin.php(517): WP_Hook->do_action(Array)\n#4 /wordpress/wp-admin/includes/plugin.php(703): do_action('activate_threew...', false)\n#5 /internal/eval.php(20): activate_plugin('threewp-broadca...')\n#6 {main}\n  thrown in /wordpress/wp-content/plugins/threewp-broadcast/src/ThreeWP_Broadcast.php on line 236","log":"/logs/plugins/z/zencart-products/error.json"}
,
{"message":"Uncaught Exception: Broadcast requires a Wordpress network install. It does not support single installs. in /wordpress/wp-content/plugins/threewp-broadcast/src/ThreeWP_Broadcast.php:236","level":"FATAL","type":"PHP","test":"jspi-boot","plugin":"zencart-products","details":"[02-Jun-2025 09:32:39 UTC] PHP Fatal error:  Uncaught Exception: Broadcast requires a Wordpress network install. It does not support single installs. in /wordpress/wp-content/plugins/threewp-broadcast/src/ThreeWP_Broadcast.php:236\nStack trace:\n#0 /wordpress/wp-content/plugins/threewp-broadcast/src/sdk/wordpress/base.php(204): threewp_broadcast\\ThreeWP_Broadcast->activate()\n#1 /wordpress/wp-includes/class-wp-hook.php(324): plainview\\sdk_broadcast\\wordpress\\base->activate_internal(false)\n#2 /wordpress/wp-includes/class-wp-hook.php(348): WP_Hook->apply_filters('', Array)\n#3 /wordpress/wp-includes/plugin.php(517): WP_Hook->do_action(Array)\n#4 /wordpress/wp-admin/includes/plugin.php(703): do_action('activate_threew...', false)\n#5 /internal/eval.php(20): activate_plugin('threewp-broadca...')\n#6 {main}\n  thrown in /wordpress/wp-content/plugins/threewp-broadcast/src/ThreeWP_Broadcast.php on line 236","log":"/logs/plugins/z/zencart-products/error.json"}
,
{"message":"Trying to access array offset on value of type bool in /wordpress/wp-content/plugins/time-sheets/time-sheets.php on line 577","level":"WARNING","type":"PHP","test":"jspi-boot","plugin":"zencart-products","details":"[02-Jun-2025 09:33:47 UTC] PHP Warning:  Trying to access array offset on value of type bool in /wordpress/wp-content/plugins/time-sheets/time-sheets.php on line 577","log":"/logs/plugins/z/zencart-products/error.json"}
,
{"message":"Undefined array key \"b`.`projectid\" in /internal/shared/sqlite-database-integration/wp-includes/sqlite-ast/class-wp-sqlite-driver.php on line 3146","level":"WARNING","type":"PHP","test":"jspi-boot","plugin":"zencart-products","details":"[02-Jun-2025 09:33:48 UTC] PHP Warning:  Undefined array key \"b`.`projectid\" in /internal/shared/sqlite-database-integration/wp-includes/sqlite-ast/class-wp-sqlite-driver.php on line 3146","log":"/logs/plugins/z/zencart-products/error.json"}
,
{"message":"Trying to access array offset on value of type null in /internal/shared/sqlite-database-integration/wp-includes/sqlite-ast/class-wp-sqlite-driver.php on line 3147","level":"WARNING","type":"PHP","test":"jspi-boot","plugin":"zencart-products","details":"[02-Jun-2025 09:33:48 UTC] PHP Warning:  Trying to access array offset on value of type null in /internal/shared/sqlite-database-integration/wp-includes/sqlite-ast/class-wp-sqlite-driver.php on line 3147","log":"/logs/plugins/z/zencart-products/error.json"}
,
{"message":"Trying to access array offset on value of type null in /internal/shared/sqlite-database-integration/wp-includes/sqlite-ast/class-wp-sqlite-driver.php on line 3148","level":"WARNING","type":"PHP","test":"jspi-boot","plugin":"zencart-products","details":"[02-Jun-2025 09:33:48 UTC] PHP Warning:  Trying to access array offset on value of type null in /internal/shared/sqlite-database-integration/wp-includes/sqlite-ast/class-wp-sqlite-driver.php on line 3148","log":"/logs/plugins/z/zencart-products/error.json"}
,
{"message":"Trying to access array offset on value of type null in /internal/shared/sqlite-database-integration/wp-includes/sqlite-ast/class-wp-sqlite-driver.php on line 3149","level":"WARNING","type":"PHP","test":"jspi-boot","plugin":"zencart-products","details":"[02-Jun-2025 09:33:48 UTC] PHP Warning:  Trying to access array offset on value of type null in /internal/shared/sqlite-database-integration/wp-includes/sqlite-ast/class-wp-sqlite-driver.php on line 3149","log":"/logs/plugins/z/zencart-products/error.json"}
,
{"message":"Undefined array key \"t`.`clientid\" in /internal/shared/sqlite-database-integration/wp-includes/sqlite-ast/class-wp-sqlite-driver.php on line 3146","level":"WARNING","type":"PHP","test":"jspi-boot","plugin":"zencart-products","details":"[02-Jun-2025 09:33:48 UTC] PHP Warning:  Undefined array key \"t`.`clientid\" in /internal/shared/sqlite-database-integration/wp-includes/sqlite-ast/class-wp-sqlite-driver.php on line 3146","log":"/logs/plugins/z/zencart-products/error.json"}
,
{"message":"Trying to access array offset on value of type null in /internal/shared/sqlite-database-integration/wp-includes/sqlite-ast/class-wp-sqlite-driver.php on line 3147","level":"WARNING","type":"PHP","test":"jspi-boot","plugin":"zencart-products","details":"[02-Jun-2025 09:33:48 UTC] PHP Warning:  Trying to access array offset on value of type null in /internal/shared/sqlite-database-integration/wp-includes/sqlite-ast/class-wp-sqlite-driver.php on line 3147","log":"/logs/plugins/z/zencart-products/error.json"}
,
{"message":"Trying to access array offset on value of type null in /internal/shared/sqlite-database-integration/wp-includes/sqlite-ast/class-wp-sqlite-driver.php on line 3148","level":"WARNING","type":"PHP","test":"jspi-boot","plugin":"zencart-products","details":"[02-Jun-2025 09:33:48 UTC] PHP Warning:  Trying to access array offset on value of type null in /internal/shared/sqlite-database-integration/wp-includes/sqlite-ast/class-wp-sqlite-driver.php on line 3148","log":"/logs/plugins/z/zencart-products/error.json"}
,
{"message":"Trying to access array offset on value of type null in /internal/shared/sqlite-database-integration/wp-includes/sqlite-ast/class-wp-sqlite-driver.php on line 3149","level":"WARNING","type":"PHP","test":"jspi-boot","plugin":"zencart-products","details":"[02-Jun-2025 09:33:48 UTC] PHP Warning:  Trying to access array offset on value of type null in /internal/shared/sqlite-database-integration/wp-includes/sqlite-ast/class-wp-sqlite-driver.php on line 3149","log":"/logs/plugins/z/zencart-products/error.json"}
,
{"message":"Undefined array key \"hoursused\" in /internal/shared/sqlite-database-integration/wp-includes/sqlite-ast/class-wp-sqlite-driver.php on line 3146","level":"WARNING","type":"PHP","test":"jspi-boot","plugin":"zencart-products","details":"[02-Jun-2025 09:33:49 UTC] PHP Warning:  Undefined array key \"hoursused\" in /internal/shared/sqlite-database-integration/wp-includes/sqlite-ast/class-wp-sqlite-driver.php on line 3146","log":"/logs/plugins/z/zencart-products/error.json"}
,
{"message":"Trying to access array offset on value of type null in /internal/shared/sqlite-database-integration/wp-includes/sqlite-ast/class-wp-sqlite-driver.php on line 3147","level":"WARNING","type":"PHP","test":"jspi-boot","plugin":"zencart-products","details":"[02-Jun-2025 09:33:49 UTC] PHP Warning:  Trying to access array offset on value of type null in /internal/shared/sqlite-database-integration/wp-includes/sqlite-ast/class-wp-sqlite-driver.php on line 3147","log":"/logs/plugins/z/zencart-products/error.json"}
,
{"message":"Trying to access array offset on value of type null in /internal/shared/sqlite-database-integration/wp-includes/sqlite-ast/class-wp-sqlite-driver.php on line 3148","level":"WARNING","type":"PHP","test":"jspi-boot","plugin":"zencart-products","details":"[02-Jun-2025 09:33:49 UTC] PHP Warning:  Trying to access array offset on value of type null in /internal/shared/sqlite-database-integration/wp-includes/sqlite-ast/class-wp-sqlite-driver.php on line 3148","log":"/logs/plugins/z/zencart-products/error.json"}
,
{"message":"Trying to access array offset on value of type null in /internal/shared/sqlite-database-integration/wp-includes/sqlite-ast/class-wp-sqlite-driver.php on line 3149","level":"WARNING","type":"PHP","test":"jspi-boot","plugin":"zencart-products","details":"[02-Jun-2025 09:33:49 UTC] PHP Warning:  Trying to access array offset on value of type null in /internal/shared/sqlite-database-integration/wp-includes/sqlite-ast/class-wp-sqlite-driver.php on line 3149","log":"/logs/plugins/z/zencart-products/error.json"}
,
{"message":"Undefined array key \"hoursused\" in /internal/shared/sqlite-database-integration/wp-includes/sqlite-ast/class-wp-sqlite-driver.php on line 3146","level":"WARNING","type":"PHP","test":"jspi-boot","plugin":"zencart-products","details":"[02-Jun-2025 09:33:49 UTC] PHP Warning:  Undefined array key \"hoursused\" in /internal/shared/sqlite-database-integration/wp-includes/sqlite-ast/class-wp-sqlite-driver.php on line 3146","log":"/logs/plugins/z/zencart-products/error.json"}
,
{"message":"Trying to access array offset on value of type null in /internal/shared/sqlite-database-integration/wp-includes/sqlite-ast/class-wp-sqlite-driver.php on line 3147","level":"WARNING","type":"PHP","test":"jspi-boot","plugin":"zencart-products","details":"[02-Jun-2025 09:33:49 UTC] PHP Warning:  Trying to access array offset on value of type null in /internal/shared/sqlite-database-integration/wp-includes/sqlite-ast/class-wp-sqlite-driver.php on line 3147","log":"/logs/plugins/z/zencart-products/error.json"}
,
{"message":"Trying to access array offset on value of type null in /internal/shared/sqlite-database-integration/wp-includes/sqlite-ast/class-wp-sqlite-driver.php on line 3148","level":"WARNING","type":"PHP","test":"jspi-boot","plugin":"zencart-products","details":"[02-Jun-2025 09:33:49 UTC] PHP Warning:  Trying to access array offset on value of type null in /internal/shared/sqlite-database-integration/wp-includes/sqlite-ast/class-wp-sqlite-driver.php on line 3148","log":"/logs/plugins/z/zencart-products/error.json"}
,
{"message":"Trying to access array offset on value of type null in /internal/shared/sqlite-database-integration/wp-includes/sqlite-ast/class-wp-sqlite-driver.php on line 3149","level":"WARNING","type":"PHP","test":"jspi-boot","plugin":"zencart-products","details":"[02-Jun-2025 09:33:49 UTC] PHP Warning:  Trying to access array offset on value of type null in /internal/shared/sqlite-database-integration/wp-includes/sqlite-ast/class-wp-sqlite-driver.php on line 3149","log":"/logs/plugins/z/zencart-products/error.json"}
,
{"message":"Undefined array key \"p`.`retainer_id\" in /internal/shared/sqlite-database-integration/wp-includes/sqlite-ast/class-wp-sqlite-driver.php on line 3146","level":"WARNING","type":"PHP","test":"jspi-boot","plugin":"zencart-products","details":"[02-Jun-2025 09:33:51 UTC] PHP Warning:  Undefined array key \"p`.`retainer_id\" in /internal/shared/sqlite-database-integration/wp-includes/sqlite-ast/class-wp-sqlite-driver.php on line 3146","log":"/logs/plugins/z/zencart-products/error.json"}
,
{"message":"Trying to access array offset on value of type null in /internal/shared/sqlite-database-integration/wp-includes/sqlite-ast/class-wp-sqlite-driver.php on line 3147","level":"WARNING","type":"PHP","test":"jspi-boot","plugin":"zencart-products","details":"[02-Jun-2025 09:33:51 UTC] PHP Warning:  Trying to access array offset on value of type null in /internal/shared/sqlite-database-integration/wp-includes/sqlite-ast/class-wp-sqlite-driver.php on line 3147","log":"/logs/plugins/z/zencart-products/error.json"}
,
{"message":"Trying to access array offset on value of type null in /internal/shared/sqlite-database-integration/wp-includes/sqlite-ast/class-wp-sqlite-driver.php on line 3148","level":"WARNING","type":"PHP","test":"jspi-boot","plugin":"zencart-products","details":"[02-Jun-2025 09:33:51 UTC] PHP Warning:  Trying to access array offset on value of type null in /internal/shared/sqlite-database-integration/wp-includes/sqlite-ast/class-wp-sqlite-driver.php on line 3148","log":"/logs/plugins/z/zencart-products/error.json"}
,
{"message":"Trying to access array offset on value of type null in /internal/shared/sqlite-database-integration/wp-includes/sqlite-ast/class-wp-sqlite-driver.php on line 3149","level":"WARNING","type":"PHP","test":"jspi-boot","plugin":"zencart-products","details":"[02-Jun-2025 09:33:51 UTC] PHP Warning:  Trying to access array offset on value of type null in /internal/shared/sqlite-database-integration/wp-includes/sqlite-ast/class-wp-sqlite-driver.php on line 3149","log":"/logs/plugins/z/zencart-products/error.json"}
,
{"message":"Undefined array key \"p`.`retainer_id\" in /internal/shared/sqlite-database-integration/wp-includes/sqlite-ast/class-wp-sqlite-driver.php on line 3146","level":"WARNING","type":"PHP","test":"jspi-boot","plugin":"zencart-products","details":"[02-Jun-2025 09:33:51 UTC] PHP Warning:  Undefined array key \"p`.`retainer_id\" in /internal/shared/sqlite-database-integration/wp-includes/sqlite-ast/class-wp-sqlite-driver.php on line 3146","log":"/logs/plugins/z/zencart-products/error.json"}
,
{"message":"Trying to access array offset on value of type null in /internal/shared/sqlite-database-integration/wp-includes/sqlite-ast/class-wp-sqlite-driver.php on line 3147","level":"WARNING","type":"PHP","test":"jspi-boot","plugin":"zencart-products","details":"[02-Jun-2025 09:33:51 UTC] PHP Warning:  Trying to access array offset on value of type null in /internal/shared/sqlite-database-integration/wp-includes/sqlite-ast/class-wp-sqlite-driver.php on line 3147","log":"/logs/plugins/z/zencart-products/error.json"}
,
{"message":"Trying to access array offset on value of type null in /internal/shared/sqlite-database-integration/wp-includes/sqlite-ast/class-wp-sqlite-driver.php on line 3148","level":"WARNING","type":"PHP","test":"jspi-boot","plugin":"zencart-products","details":"[02-Jun-2025 09:33:51 UTC] PHP Warning:  Trying to access array offset on value of type null in /internal/shared/sqlite-database-integration/wp-includes/sqlite-ast/class-wp-sqlite-driver.php on line 3148","log":"/logs/plugins/z/zencart-products/error.json"}
,
{"message":"Trying to access array offset on value of type null in /internal/shared/sqlite-database-integration/wp-includes/sqlite-ast/class-wp-sqlite-driver.php on line 3149","level":"WARNING","type":"PHP","test":"jspi-boot","plugin":"zencart-products","details":"[02-Jun-2025 09:33:51 UTC] PHP Warning:  Trying to access array offset on value of type null in /internal/shared/sqlite-database-integration/wp-includes/sqlite-ast/class-wp-sqlite-driver.php on line 3149","log":"/logs/plugins/z/zencart-products/error.json"}
,
{"message":"Trying to access array offset on value of type bool in /wordpress/wp-content/plugins/time-sheets/time-sheets.php on line 577","level":"WARNING","type":"PHP","test":"jspi-boot","plugin":"zencart-products","details":"[02-Jun-2025 09:34:02 UTC] PHP Warning:  Trying to access array offset on value of type bool in /wordpress/wp-content/plugins/time-sheets/time-sheets.php on line 577","log":"/logs/plugins/z/zencart-products/error.json"}
,
{"message":"SQLSTATE[HY000]: General error: 1 near \"b\": syntax error.","level":"FATAL","type":"SQL","test":"jspi-boot","plugin":"zencart-products","details":"[02-Jun-2025 09:34:02 UTC] WordPress database error <div style=\"clear:both\">&nbsp;</div>\n<div class=\"queries\" style=\"clear:both;margin-bottom:2px;border:red dotted thin;\">\n<p>MySQL query:</p>\n<p>UPDATE wp_timesheet b\n\t\t\t\tinner join wp_timesheet_client_projects a on b.ClientId = a.ClientId \n\t\t\t\t\tAND ProjectName = case when project_name = '' then 'Not Specified' else project_name end\n\t\t\t\tSET b.ProjectId = a.ProjectId\n\t\t\t\tWHERE b.ProjectId IS NULL</p>\n<p>Queries made or created this session were:</p>\n<ol>\n<li>Executing: BEGIN | (no parameters)</li>\n<li>Executing: UPDATE wp_timesheet b\n\t\t\t\tinner join wp_timesheet_client_projects a on b.ClientId = a.ClientId \n\t\t\t\t\tAND ProjectName = case when project_name = :param0  then :param1  else project_name end\n\t\t\t\tSET b.ProjectId = a.ProjectId\n\t\t\t\tWHERE rowid IN (SELECT rowid FROM wp_timesheet WHERE b.ProjectId IS NULL) | parameters: , Not Specified</li>\n<li>Executing: ROLLBACK | (no parameters)</li>\n</ol>\n</div>\n<div style=\"clear:both;margin-bottom:2px;border:red dotted thin;\" class=\"error_message\" style=\"border-bottom:dotted blue thin;\">\nError occurred at line 4117 in Function <code>handle_error</code>. Error message was: SQLSTATE[HY000]: General error: 1 near \"b\": syntax error.\n</div>\n<p>Backtrace:</p>\n<pre>#0 /internal/shared/sqlite-database-integration/wp-includes/sqlite/class-wp-sqlite-db.php(287): WP_SQLite_Translator->get_error_message()\n#1 /wordpress/wp-content/plugins/time-sheets/setup.php(154): WP_SQLite_DB->query('UPDATE wp_times...')\n#2 /wordpress/wp-content/plugins/time-sheets/setup.php(5): time_sheets_setup->create_tables()\n#3 /wordpress/wp-content/plugins/time-sheets/time-sheets.php(65): time_sheets_setup->create_db_objects()\n#4 /wordpress/wp-includes/class-wp-hook.php(324): time_sheets_main->activation(false)\n#5 /wordpress/wp-includes/class-wp-hook.php(348): WP_Hook->apply_filters('', Array)\n#6 /wordpress/wp-includes/plugin.php(517): WP_Hook->do_action(Array)\n#7 /wordpress/wp-admin/includes/plugin.php(703): do_action('activate_time-s...', false)\n#8 /internal/eval.php(20): activate_plugin('time-sheets/tim...')\n#9 {main}</pre>\n for query UPDATE wp_timesheet b\n\t\t\t\tinner join wp_timesheet_client_projects a on b.ClientId = a.ClientId \n\t\t\t\t\tAND ProjectName = case when project_name = '' then 'Not Specified' else project_name end\n\t\t\t\tSET b.ProjectId = a.ProjectId\n\t\t\t\tWHERE b.ProjectId IS NULL made by activate_plugin, do_action('activate_time-sheets/time-sheets.php'), WP_Hook->do_action, WP_Hook->apply_filters, time_sheets_main->activation, time_sheets_setup->create_db_objects, time_sheets_setup->create_tables, WP_SQLite_DB->query, WP_SQLite_DB->print_error","log":"/logs/plugins/z/zencart-products/error.json"}
,
{"message":"SQLSTATE[HY000]: General error: 1 near \"t\": syntax error.","level":"FATAL","type":"SQL","test":"jspi-boot","plugin":"zencart-products","details":"[02-Jun-2025 09:34:02 UTC] WordPress database error <div style=\"clear:both\">&nbsp;</div>\n<div class=\"queries\" style=\"clear:both;margin-bottom:2px;border:red dotted thin;\">\n<p>MySQL query:</p>\n<p>UPDATE wp_timesheet t\n\t\t\t\tJOIN wp_timesheet_clients c ON t.client_name = c.ClientName\n\t\t\t\tSET t.ClientId = c.ClientId\n\t\t\t\tWHERE t.ClientId IS NULL</p>\n<p>Queries made or created this session were:</p>\n<ol>\n<li>Executing: BEGIN | (no parameters)</li>\n<li>Executing: UPDATE wp_timesheet t\n\t\t\t\tJOIN wp_timesheet_clients c ON t.client_name = c.ClientName\n\t\t\t\tSET t.ClientId = c.ClientId\n\t\t\t\tWHERE rowid IN (SELECT rowid FROM wp_timesheet WHERE t.ClientId IS NULL) | (no parameters)</li>\n<li>Executing: ROLLBACK | (no parameters)</li>\n</ol>\n</div>\n<div style=\"clear:both;margin-bottom:2px;border:red dotted thin;\" class=\"error_message\" style=\"border-bottom:dotted blue thin;\">\nError occurred at line 4117 in Function <code>handle_error</code>. Error message was: SQLSTATE[HY000]: General error: 1 near \"t\": syntax error.\n</div>\n<p>Backtrace:</p>\n<pre>#0 /internal/shared/sqlite-database-integration/wp-includes/sqlite/class-wp-sqlite-db.php(287): WP_SQLite_Translator->get_error_message()\n#1 /wordpress/wp-content/plugins/time-sheets/setup.php(167): WP_SQLite_DB->query('UPDATE wp_times...')\n#2 /wordpress/wp-content/plugins/time-sheets/setup.php(5): time_sheets_setup->create_tables()\n#3 /wordpress/wp-content/plugins/time-sheets/time-sheets.php(65): time_sheets_setup->create_db_objects()\n#4 /wordpress/wp-includes/class-wp-hook.php(324): time_sheets_main->activation(false)\n#5 /wordpress/wp-includes/class-wp-hook.php(348): WP_Hook->apply_filters('', Array)\n#6 /wordpress/wp-includes/plugin.php(517): WP_Hook->do_action(Array)\n#7 /wordpress/wp-admin/includes/plugin.php(703): do_action('activate_time-s...', false)\n#8 /internal/eval.php(20): activate_plugin('time-sheets/tim...')\n#9 {main}</pre>\n for query UPDATE wp_timesheet t\n\t\t\t\tJOIN wp_timesheet_clients c ON t.client_name = c.ClientName\n\t\t\t\tSET t.ClientId = c.ClientId\n\t\t\t\tWHERE t.ClientId IS NULL made by activate_plugin, do_action('activate_time-sheets/time-sheets.php'), WP_Hook->do_action, WP_Hook->apply_filters, time_sheets_main->activation, time_sheets_setup->create_db_objects, time_sheets_setup->create_tables, WP_SQLite_DB->query, WP_SQLite_DB->print_error","log":"/logs/plugins/z/zencart-products/error.json"}
,
{"message":"Unknown operation: MODIFY.","level":"FATAL","type":"SQL","test":"jspi-boot","plugin":"zencart-products","details":"[02-Jun-2025 09:34:02 UTC] WordPress database error <div style=\"clear:both\">&nbsp;</div>\n<div class=\"queries\" style=\"clear:both;margin-bottom:2px;border:red dotted thin;\">\n<p>MySQL query:</p>\n<p>ALTER TABLE wp_timesheet_client_projects\n\t\t\tMODIFY HoursUsed numeric(12,2)</p>\n<p>Queries made or created this session were:</p>\n<ol>\n<li>Executing: BEGIN | (no parameters)</li>\n<li>Executing: ROLLBACK | (no parameters)</li>\n</ol>\n</div>\n<div style=\"clear:both;margin-bottom:2px;border:red dotted thin;\" class=\"error_message\" style=\"border-bottom:dotted blue thin;\">\nError occurred at line 4117 in Function <code>handle_error</code>. Error message was: Unknown operation: MODIFY.\n</div>\n<p>Backtrace:</p>\n<pre>#0 /internal/shared/sqlite-database-integration/wp-includes/sqlite/class-wp-sqlite-db.php(287): WP_SQLite_Translator->get_error_message()\n#1 /wordpress/wp-content/plugins/time-sheets/setup.php(412): WP_SQLite_DB->query('ALTER TABLE wp_...')\n#2 /wordpress/wp-content/plugins/time-sheets/setup.php(5): time_sheets_setup->create_tables()\n#3 /wordpress/wp-content/plugins/time-sheets/time-sheets.php(65): time_sheets_setup->create_db_objects()\n#4 /wordpress/wp-includes/class-wp-hook.php(324): time_sheets_main->activation(false)\n#5 /wordpress/wp-includes/class-wp-hook.php(348): WP_Hook->apply_filters('', Array)\n#6 /wordpress/wp-includes/plugin.php(517): WP_Hook->do_action(Array)\n#7 /wordpress/wp-admin/includes/plugin.php(703): do_action('activate_time-s...', false)\n#8 /internal/eval.php(20): activate_plugin('time-sheets/tim...')\n#9 {main}</pre>\n for query ALTER TABLE wp_timesheet_client_projects\n\t\t\tMODIFY HoursUsed numeric(12,2) made by activate_plugin, do_action('activate_time-sheets/time-sheets.php'), WP_Hook->do_action, WP_Hook->apply_filters, time_sheets_main->activation, time_sheets_setup->create_db_objects, time_sheets_setup->create_tables, WP_SQLite_DB->query, WP_SQLite_DB->print_error","log":"/logs/plugins/z/zencart-products/error.json"}
,
{"message":"SQLSTATE[HY000]: General error: 1 near \"INNER\": syntax error.","level":"FATAL","type":"SQL","test":"jspi-boot","plugin":"zencart-products","details":"[02-Jun-2025 09:34:02 UTC] WordPress database error <div style=\"clear:both\">&nbsp;</div>\n<div class=\"queries\" style=\"clear:both;margin-bottom:2px;border:red dotted thin;\">\n<p>MySQL query:</p>\n<p>UPDATE wp_timesheet_client_projects\n\t\t\tINNER JOIN (SELECT ProjectId, sum(total_hours) as sumhours FROM wp_timesheet GROUP BY ProjectId) t ON wp_timesheet_client_projects.ProjectId = t.ProjectId\n\t\t\tSET HoursUsed = t.sumhours</p>\n<p>Queries made or created this session were:</p>\n<ol>\n<li>Executing: BEGIN | (no parameters)</li>\n<li>Executing: UPDATE wp_timesheet_client_projects\n\t\t\tINNER JOIN (SELECT ProjectId, sum(total_hours) as sumhours FROM wp_timesheet GROUP BY ProjectId) t ON wp_timesheet_client_projects.ProjectId = t.ProjectId\n\t\t\tSET HoursUsed = t.sumhours | (no parameters)</li>\n<li>Executing: ROLLBACK | (no parameters)</li>\n</ol>\n</div>\n<div style=\"clear:both;margin-bottom:2px;border:red dotted thin;\" class=\"error_message\" style=\"border-bottom:dotted blue thin;\">\nError occurred at line 4117 in Function <code>handle_error</code>. Error message was: SQLSTATE[HY000]: General error: 1 near \"INNER\": syntax error.\n</div>\n<p>Backtrace:</p>\n<pre>#0 /internal/shared/sqlite-database-integration/wp-includes/sqlite/class-wp-sqlite-db.php(287): WP_SQLite_Translator->get_error_message()\n#1 /wordpress/wp-content/plugins/time-sheets/setup.php(417): WP_SQLite_DB->query('UPDATE wp_times...')\n#2 /wordpress/wp-content/plugins/time-sheets/setup.php(5): time_sheets_setup->create_tables()\n#3 /wordpress/wp-content/plugins/time-sheets/time-sheets.php(65): time_sheets_setup->create_db_objects()\n#4 /wordpress/wp-includes/class-wp-hook.php(324): time_sheets_main->activation(false)\n#5 /wordpress/wp-includes/class-wp-hook.php(348): WP_Hook->apply_filters('', Array)\n#6 /wordpress/wp-includes/plugin.php(517): WP_Hook->do_action(Array)\n#7 /wordpress/wp-admin/includes/plugin.php(703): do_action('activate_time-s...', false)\n#8 /internal/eval.php(20): activate_plugin('time-sheets/tim...')\n#9 {main}</pre>\n for query UPDATE wp_timesheet_client_projects\n\t\t\tINNER JOIN (SELECT ProjectId, sum(total_hours) as sumhours FROM wp_timesheet GROUP BY ProjectId) t ON wp_timesheet_client_projects.ProjectId = t.ProjectId\n\t\t\tSET HoursUsed = t.sumhours made by activate_plugin, do_action('activate_time-sheets/time-sheets.php'), WP_Hook->do_action, WP_Hook->apply_filters, time_sheets_main->activation, time_sheets_setup->create_db_objects, time_sheets_setup->create_tables, WP_SQLite_DB->query, WP_SQLite_DB->print_error","log":"/logs/plugins/z/zencart-products/error.json"}
,
{"message":"SQLSTATE[HY000]: General error: 1 near \"INNER\": syntax error.","level":"FATAL","type":"SQL","test":"jspi-boot","plugin":"zencart-products","details":"[02-Jun-2025 09:34:02 UTC] WordPress database error <div style=\"clear:both\">&nbsp;</div>\n<div class=\"queries\" style=\"clear:both;margin-bottom:2px;border:red dotted thin;\">\n<p>MySQL query:</p>\n<p>UPDATE wp_timesheet_client_projects\n\t\t\tINNER JOIN (SELECT ProjectId, sum(total_hours) as sumhours FROM wp_timesheet where week_complete = 1 GROUP BY ProjectId) t ON wp_timesheet_client_projects.ProjectId = t.ProjectId\n\t\t\tSET HoursUsed = t.sumhours</p>\n<p>Queries made or created this session were:</p>\n<ol>\n<li>Executing: BEGIN | (no parameters)</li>\n<li>Executing: UPDATE wp_timesheet_client_projects\n\t\t\tINNER JOIN (SELECT ProjectId, sum(total_hours) as sumhours FROM wp_timesheet where week_complete = 1 GROUP BY ProjectId) t ON wp_timesheet_client_projects.ProjectId = t.ProjectId\n\t\t\tSET HoursUsed = t.sumhours | (no parameters)</li>\n<li>Executing: ROLLBACK | (no parameters)</li>\n</ol>\n</div>\n<div style=\"clear:both;margin-bottom:2px;border:red dotted thin;\" class=\"error_message\" style=\"border-bottom:dotted blue thin;\">\nError occurred at line 4117 in Function <code>handle_error</code>. Error message was: SQLSTATE[HY000]: General error: 1 near \"INNER\": syntax error.\n</div>\n<p>Backtrace:</p>\n<pre>#0 /internal/shared/sqlite-database-integration/wp-includes/sqlite/class-wp-sqlite-db.php(287): WP_SQLite_Translator->get_error_message()\n#1 /wordpress/wp-content/plugins/time-sheets/setup.php(426): WP_SQLite_DB->query('UPDATE wp_times...')\n#2 /wordpress/wp-content/plugins/time-sheets/setup.php(5): time_sheets_setup->create_tables()\n#3 /wordpress/wp-content/plugins/time-sheets/time-sheets.php(65): time_sheets_setup->create_db_objects()\n#4 /wordpress/wp-includes/class-wp-hook.php(324): time_sheets_main->activation(false)\n#5 /wordpress/wp-includes/class-wp-hook.php(348): WP_Hook->apply_filters('', Array)\n#6 /wordpress/wp-includes/plugin.php(517): WP_Hook->do_action(Array)\n#7 /wordpress/wp-admin/includes/plugin.php(703): do_action('activate_time-s...', false)\n#8 /internal/eval.php(20): activate_plugin('time-sheets/tim...')\n#9 {main}</pre>\n for query UPDATE wp_timesheet_client_projects\n\t\t\tINNER JOIN (SELECT ProjectId, sum(total_hours) as sumhours FROM wp_timesheet where week_complete = 1 GROUP BY ProjectId) t ON wp_timesheet_client_projects.ProjectId = t.ProjectId\n\t\t\tSET HoursUsed = t.sumhours made by activate_plugin, do_action('activate_time-sheets/time-sheets.php'), WP_Hook->do_action, WP_Hook->apply_filters, time_sheets_main->activation, time_sheets_setup->create_db_objects, time_sheets_setup->create_tables, WP_SQLite_DB->query, WP_SQLite_DB->print_error","log":"/logs/plugins/z/zencart-products/error.json"}
,
{"message":"Unknown operation: AUTO_INCREMENT.","level":"FATAL","type":"SQL","test":"jspi-boot","plugin":"zencart-products","details":"[02-Jun-2025 09:34:03 UTC] WordPress database error <div style=\"clear:both\">&nbsp;</div>\n<div class=\"queries\" style=\"clear:both;margin-bottom:2px;border:red dotted thin;\">\n<p>MySQL query:</p>\n<p>ALTER TABLE `wp_timesheet_custom_retainer_frequency` AUTO_INCREMENT = 100</p>\n<p>Queries made or created this session were:</p>\n<ol>\n<li>Executing: BEGIN | (no parameters)</li>\n<li>Executing: ROLLBACK | (no parameters)</li>\n</ol>\n</div>\n<div style=\"clear:both;margin-bottom:2px;border:red dotted thin;\" class=\"error_message\" style=\"border-bottom:dotted blue thin;\">\nError occurred at line 4117 in Function <code>handle_error</code>. Error message was: Unknown operation: AUTO_INCREMENT.\n</div>\n<p>Backtrace:</p>\n<pre>#0 /internal/shared/sqlite-database-integration/wp-includes/sqlite/class-wp-sqlite-db.php(287): WP_SQLite_Translator->get_error_message()\n#1 /wordpress/wp-content/plugins/time-sheets/setup.php(922): WP_SQLite_DB->query('ALTER TABLE `wp...')\n#2 /wordpress/wp-content/plugins/time-sheets/setup.php(5): time_sheets_setup->create_tables()\n#3 /wordpress/wp-content/plugins/time-sheets/time-sheets.php(65): time_sheets_setup->create_db_objects()\n#4 /wordpress/wp-includes/class-wp-hook.php(324): time_sheets_main->activation(false)\n#5 /wordpress/wp-includes/class-wp-hook.php(348): WP_Hook->apply_filters('', Array)\n#6 /wordpress/wp-includes/plugin.php(517): WP_Hook->do_action(Array)\n#7 /wordpress/wp-admin/includes/plugin.php(703): do_action('activate_time-s...', false)\n#8 /internal/eval.php(20): activate_plugin('time-sheets/tim...')\n#9 {main}</pre>\n for query ALTER TABLE `wp_timesheet_custom_retainer_frequency` AUTO_INCREMENT = 100 made by activate_plugin, do_action('activate_time-sheets/time-sheets.php'), WP_Hook->do_action, WP_Hook->apply_filters, time_sheets_main->activation, time_sheets_setup->create_db_objects, time_sheets_setup->create_tables, WP_SQLite_DB->query, WP_SQLite_DB->print_error","log":"/logs/plugins/z/zencart-products/error.json"}
,
{"message":"SQLSTATE[HY000]: General error: 1 near \"p\": syntax error.","level":"FATAL","type":"SQL","test":"jspi-boot","plugin":"zencart-products","details":"[02-Jun-2025 09:34:03 UTC] WordPress database error <div style=\"clear:both\">&nbsp;</div>\n<div class=\"queries\" style=\"clear:both;margin-bottom:2px;border:red dotted thin;\">\n<p>MySQL query:</p>\n<p>update wp_timesheet_client_projects p\n\t\t\t\t\tinner join wp_timesheet_recurring_invoices_monthly r on r.client_id = p.ClientId\n\t\t\t\t\tset p.retainer_id = r.reqular_interval,\n\t\t\t\t\t\tp.hours_included = r.MonthlyHours,\n\t\t\t\t\t\tp.hourly_rate = r.HourlyRate,\n\t\t\t\t\t\tp.notes = p.notes + ' ' + r.Notes\n\t\t\t\t\twhere p.IsRetainer = 1</p>\n<p>Queries made or created this session were:</p>\n<ol>\n<li>Executing: BEGIN | (no parameters)</li>\n<li>Executing: update wp_timesheet_client_projects p\n\t\t\t\t\tinner join wp_timesheet_recurring_invoices_monthly r on r.client_id = p.ClientId\n\t\t\t\t\tset p.retainer_id = r.reqular_interval,\n\t\t\t\t\t\tp.hours_included = r.MonthlyHours,\n\t\t\t\t\t\tp.hourly_rate = r.HourlyRate,\n\t\t\t\t\t\tp.notes = p.notes + :param0  + r.Notes\n\t\t\t\t\twhere rowid IN (SELECT rowid FROM wp_timesheet_client_projects WHERE p.IsRetainer = 1) | parameters:  </li>\n<li>Executing: ROLLBACK | (no parameters)</li>\n</ol>\n</div>\n<div style=\"clear:both;margin-bottom:2px;border:red dotted thin;\" class=\"error_message\" style=\"border-bottom:dotted blue thin;\">\nError occurred at line 4117 in Function <code>handle_error</code>. Error message was: SQLSTATE[HY000]: General error: 1 near \"p\": syntax error.\n</div>\n<p>Backtrace:</p>\n<pre>#0 /internal/shared/sqlite-database-integration/wp-includes/sqlite/class-wp-sqlite-db.php(287): WP_SQLite_Translator->get_error_message()\n#1 /wordpress/wp-content/plugins/time-sheets/setup.php(937): WP_SQLite_DB->query('update wp_times...')\n#2 /wordpress/wp-content/plugins/time-sheets/setup.php(5): time_sheets_setup->create_tables()\n#3 /wordpress/wp-content/plugins/time-sheets/time-sheets.php(65): time_sheets_setup->create_db_objects()\n#4 /wordpress/wp-includes/class-wp-hook.php(324): time_sheets_main->activation(false)\n#5 /wordpress/wp-includes/class-wp-hook.php(348): WP_Hook->apply_filters('', Array)\n#6 /wordpress/wp-includes/plugin.php(517): WP_Hook->do_action(Array)\n#7 /wordpress/wp-admin/includes/plugin.php(703): do_action('activate_time-s...', false)\n#8 /internal/eval.php(20): activate_plugin('time-sheets/tim...')\n#9 {main}</pre>\n for query update wp_timesheet_client_projects p\n\t\t\t\t\tinner join wp_timesheet_recurring_invoices_monthly r on r.client_id = p.ClientId\n\t\t\t\t\tset p.retainer_id = r.reqular_interval,\n\t\t\t\t\t\tp.hours_included = r.MonthlyHours,\n\t\t\t\t\t\tp.hourly_rate = r.HourlyRate,\n\t\t\t\t\t\tp.notes = p.notes + ' ' + r.Notes\n\t\t\t\t\twhere p.IsRetainer = 1 made by activate_plugin, do_action('activate_time-sheets/time-sheets.php'), WP_Hook->do_action, WP_Hook->apply_filters, time_sheets_main->activation, time_sheets_setup->create_db_objects, time_sheets_setup->create_tables, WP_SQLite_DB->query, WP_SQLite_DB->print_error","log":"/logs/plugins/z/zencart-products/error.json"}
,
{"message":"SQLSTATE[HY000]: General error: 1 near \"p\": syntax error.","level":"FATAL","type":"SQL","test":"jspi-boot","plugin":"zencart-products","details":"[02-Jun-2025 09:34:03 UTC] WordPress database error <div style=\"clear:both\">&nbsp;</div>\n<div class=\"queries\" style=\"clear:both;margin-bottom:2px;border:red dotted thin;\">\n<p>MySQL query:</p>\n<p>update wp_timesheet_client_projects p\n\t\t\t\tinner join wp_timesheet_recurring_invoices_monthly r on r.client_id = p.ClientId\n\t\t\t\tset p.retainer_id = r.reqular_interval,\n\t\t\t\tp.hours_included = r.MonthlyHours,\n\t\t\t\tp.hourly_rate = r.HourlyRate,\n\t\t\t\tp.notes = concat(p.notes, ' ', r.Notes)\n\t\t\t\twhere p.IsRetainer = 1\n\t\t\t\tand p.notes = '0'</p>\n<p>Queries made or created this session were:</p>\n<ol>\n<li>Executing: BEGIN | (no parameters)</li>\n<li>Executing: update wp_timesheet_client_projects p\n\t\t\t\tinner join wp_timesheet_recurring_invoices_monthly r on r.client_id = p.ClientId\n\t\t\t\tset p.retainer_id = r.reqular_interval,\n\t\t\t\tp.hours_included = r.MonthlyHours,\n\t\t\t\tp.hourly_rate = r.HourlyRate,\n\t\t\t\tp.notes = (p.notes, :param0 , r.Notes)\n\t\t\t\twhere rowid IN (SELECT rowid FROM wp_timesheet_client_projects WHERE p.IsRetainer = 1\n\t\t\t\tand p.notes = :param1 ) | parameters:  , 0</li>\n<li>Executing: ROLLBACK | (no parameters)</li>\n</ol>\n</div>\n<div style=\"clear:both;margin-bottom:2px;border:red dotted thin;\" class=\"error_message\" style=\"border-bottom:dotted blue thin;\">\nError occurred at line 4117 in Function <code>handle_error</code>. Error message was: SQLSTATE[HY000]: General error: 1 near \"p\": syntax error.\n</div>\n<p>Backtrace:</p>\n<pre>#0 /internal/shared/sqlite-database-integration/wp-includes/sqlite/class-wp-sqlite-db.php(287): WP_SQLite_Translator->get_error_message()\n#1 /wordpress/wp-content/plugins/time-sheets/setup.php(966): WP_SQLite_DB->query('update wp_times...')\n#2 /wordpress/wp-content/plugins/time-sheets/setup.php(5): time_sheets_setup->create_tables()\n#3 /wordpress/wp-content/plugins/time-sheets/time-sheets.php(65): time_sheets_setup->create_db_objects()\n#4 /wordpress/wp-includes/class-wp-hook.php(324): time_sheets_main->activation(false)\n#5 /wordpress/wp-includes/class-wp-hook.php(348): WP_Hook->apply_filters('', Array)\n#6 /wordpress/wp-includes/plugin.php(517): WP_Hook->do_action(Array)\n#7 /wordpress/wp-admin/includes/plugin.php(703): do_action('activate_time-s...', false)\n#8 /internal/eval.php(20): activate_plugin('time-sheets/tim...')\n#9 {main}</pre>\n for query update wp_timesheet_client_projects p\n\t\t\t\tinner join wp_timesheet_recurring_invoices_monthly r on r.client_id = p.ClientId\n\t\t\t\tset p.retainer_id = r.reqular_interval,\n\t\t\t\tp.hours_included = r.MonthlyHours,\n\t\t\t\tp.hourly_rate = r.HourlyRate,\n\t\t\t\tp.notes = concat(p.notes, ' ', r.Notes)\n\t\t\t\twhere p.IsRetainer = 1\n\t\t\t\tand p.notes = '0' made by activate_plugin, do_action('activate_time-sheets/time-sheets.php'), WP_Hook->do_action, WP_Hook->apply_filters, time_sheets_main->activation, time_sheets_setup->create_db_objects, time_sheets_setup->create_tables, WP_SQLite_DB->query, WP_SQLite_DB->print_error","log":"/logs/plugins/z/zencart-products/error.json"}
,
{"message":"Trying to access array offset on value of type bool in /wordpress/wp-content/plugins/time-sheets/time-sheets.php on line 577","level":"WARNING","type":"PHP","test":"jspi-boot","plugin":"zencart-products","details":"[02-Jun-2025 09:34:13 UTC] PHP Warning:  Trying to access array offset on value of type bool in /wordpress/wp-content/plugins/time-sheets/time-sheets.php on line 577","log":"/logs/plugins/z/zencart-products/error.json"}
,
{"message":"SQLSTATE[HY000]: General error: 1 near \"b\": syntax error.","level":"FATAL","type":"SQL","test":"jspi-boot","plugin":"zencart-products","details":"[02-Jun-2025 09:34:14 UTC] WordPress database error <div style=\"clear:both\">&nbsp;</div>\n<div class=\"queries\" style=\"clear:both;margin-bottom:2px;border:red dotted thin;\">\n<p>MySQL query:</p>\n<p>UPDATE wp_timesheet b\n\t\t\t\tinner join wp_timesheet_client_projects a on b.ClientId = a.ClientId \n\t\t\t\t\tAND ProjectName = case when project_name = '' then 'Not Specified' else project_name end\n\t\t\t\tSET b.ProjectId = a.ProjectId\n\t\t\t\tWHERE b.ProjectId IS NULL</p>\n<p>Queries made or created this session were:</p>\n<ol>\n<li>Executing: BEGIN | (no parameters)</li>\n<li>Executing: UPDATE wp_timesheet b\n\t\t\t\tinner join wp_timesheet_client_projects a on b.ClientId = a.ClientId \n\t\t\t\t\tAND ProjectName = case when project_name = :param0  then :param1  else project_name end\n\t\t\t\tSET b.ProjectId = a.ProjectId\n\t\t\t\tWHERE rowid IN (SELECT rowid FROM wp_timesheet WHERE b.ProjectId IS NULL) | parameters: , Not Specified</li>\n<li>Executing: ROLLBACK | (no parameters)</li>\n</ol>\n</div>\n<div style=\"clear:both;margin-bottom:2px;border:red dotted thin;\" class=\"error_message\" style=\"border-bottom:dotted blue thin;\">\nError occurred at line 4117 in Function <code>handle_error</code>. Error message was: SQLSTATE[HY000]: General error: 1 near \"b\": syntax error.\n</div>\n<p>Backtrace:</p>\n<pre>#0 /internal/shared/sqlite-database-integration/wp-includes/sqlite/class-wp-sqlite-db.php(287): WP_SQLite_Translator->get_error_message()\n#1 /wordpress/wp-content/plugins/time-sheets/setup.php(154): WP_SQLite_DB->query('UPDATE wp_times...')\n#2 /wordpress/wp-content/plugins/time-sheets/setup.php(5): time_sheets_setup->create_tables()\n#3 /wordpress/wp-content/plugins/time-sheets/time-sheets.php(65): time_sheets_setup->create_db_objects()\n#4 /wordpress/wp-includes/class-wp-hook.php(324): time_sheets_main->activation(false)\n#5 /wordpress/wp-includes/class-wp-hook.php(348): WP_Hook->apply_filters('', Array)\n#6 /wordpress/wp-includes/plugin.php(517): WP_Hook->do_action(Array)\n#7 /wordpress/wp-admin/includes/plugin.php(703): do_action('activate_time-s...', false)\n#8 /internal/eval.php(20): activate_plugin('time-sheets/tim...')\n#9 {main}</pre>\n for query UPDATE wp_timesheet b\n\t\t\t\tinner join wp_timesheet_client_projects a on b.ClientId = a.ClientId \n\t\t\t\t\tAND ProjectName = case when project_name = '' then 'Not Specified' else project_name end\n\t\t\t\tSET b.ProjectId = a.ProjectId\n\t\t\t\tWHERE b.ProjectId IS NULL made by activate_plugin, do_action('activate_time-sheets/time-sheets.php'), WP_Hook->do_action, WP_Hook->apply_filters, time_sheets_main->activation, time_sheets_setup->create_db_objects, time_sheets_setup->create_tables, WP_SQLite_DB->query, WP_SQLite_DB->print_error","log":"/logs/plugins/z/zencart-products/error.json"}
,
{"message":"SQLSTATE[HY000]: General error: 1 near \"t\": syntax error.","level":"FATAL","type":"SQL","test":"jspi-boot","plugin":"zencart-products","details":"[02-Jun-2025 09:34:14 UTC] WordPress database error <div style=\"clear:both\">&nbsp;</div>\n<div class=\"queries\" style=\"clear:both;margin-bottom:2px;border:red dotted thin;\">\n<p>MySQL query:</p>\n<p>UPDATE wp_timesheet t\n\t\t\t\tJOIN wp_timesheet_clients c ON t.client_name = c.ClientName\n\t\t\t\tSET t.ClientId = c.ClientId\n\t\t\t\tWHERE t.ClientId IS NULL</p>\n<p>Queries made or created this session were:</p>\n<ol>\n<li>Executing: BEGIN | (no parameters)</li>\n<li>Executing: UPDATE wp_timesheet t\n\t\t\t\tJOIN wp_timesheet_clients c ON t.client_name = c.ClientName\n\t\t\t\tSET t.ClientId = c.ClientId\n\t\t\t\tWHERE rowid IN (SELECT rowid FROM wp_timesheet WHERE t.ClientId IS NULL) | (no parameters)</li>\n<li>Executing: ROLLBACK | (no parameters)</li>\n</ol>\n</div>\n<div style=\"clear:both;margin-bottom:2px;border:red dotted thin;\" class=\"error_message\" style=\"border-bottom:dotted blue thin;\">\nError occurred at line 4117 in Function <code>handle_error</code>. Error message was: SQLSTATE[HY000]: General error: 1 near \"t\": syntax error.\n</div>\n<p>Backtrace:</p>\n<pre>#0 /internal/shared/sqlite-database-integration/wp-includes/sqlite/class-wp-sqlite-db.php(287): WP_SQLite_Translator->get_error_message()\n#1 /wordpress/wp-content/plugins/time-sheets/setup.php(167): WP_SQLite_DB->query('UPDATE wp_times...')\n#2 /wordpress/wp-content/plugins/time-sheets/setup.php(5): time_sheets_setup->create_tables()\n#3 /wordpress/wp-content/plugins/time-sheets/time-sheets.php(65): time_sheets_setup->create_db_objects()\n#4 /wordpress/wp-includes/class-wp-hook.php(324): time_sheets_main->activation(false)\n#5 /wordpress/wp-includes/class-wp-hook.php(348): WP_Hook->apply_filters('', Array)\n#6 /wordpress/wp-includes/plugin.php(517): WP_Hook->do_action(Array)\n#7 /wordpress/wp-admin/includes/plugin.php(703): do_action('activate_time-s...', false)\n#8 /internal/eval.php(20): activate_plugin('time-sheets/tim...')\n#9 {main}</pre>\n for query UPDATE wp_timesheet t\n\t\t\t\tJOIN wp_timesheet_clients c ON t.client_name = c.ClientName\n\t\t\t\tSET t.ClientId = c.ClientId\n\t\t\t\tWHERE t.ClientId IS NULL made by activate_plugin, do_action('activate_time-sheets/time-sheets.php'), WP_Hook->do_action, WP_Hook->apply_filters, time_sheets_main->activation, time_sheets_setup->create_db_objects, time_sheets_setup->create_tables, WP_SQLite_DB->query, WP_SQLite_DB->print_error","log":"/logs/plugins/z/zencart-products/error.json"}
,
{"message":"Unknown operation: MODIFY.","level":"FATAL","type":"SQL","test":"jspi-boot","plugin":"zencart-products","details":"[02-Jun-2025 09:34:14 UTC] WordPress database error <div style=\"clear:both\">&nbsp;</div>\n<div class=\"queries\" style=\"clear:both;margin-bottom:2px;border:red dotted thin;\">\n<p>MySQL query:</p>\n<p>ALTER TABLE wp_timesheet_client_projects\n\t\t\tMODIFY HoursUsed numeric(12,2)</p>\n<p>Queries made or created this session were:</p>\n<ol>\n<li>Executing: BEGIN | (no parameters)</li>\n<li>Executing: ROLLBACK | (no parameters)</li>\n</ol>\n</div>\n<div style=\"clear:both;margin-bottom:2px;border:red dotted thin;\" class=\"error_message\" style=\"border-bottom:dotted blue thin;\">\nError occurred at line 4117 in Function <code>handle_error</code>. Error message was: Unknown operation: MODIFY.\n</div>\n<p>Backtrace:</p>\n<pre>#0 /internal/shared/sqlite-database-integration/wp-includes/sqlite/class-wp-sqlite-db.php(287): WP_SQLite_Translator->get_error_message()\n#1 /wordpress/wp-content/plugins/time-sheets/setup.php(412): WP_SQLite_DB->query('ALTER TABLE wp_...')\n#2 /wordpress/wp-content/plugins/time-sheets/setup.php(5): time_sheets_setup->create_tables()\n#3 /wordpress/wp-content/plugins/time-sheets/time-sheets.php(65): time_sheets_setup->create_db_objects()\n#4 /wordpress/wp-includes/class-wp-hook.php(324): time_sheets_main->activation(false)\n#5 /wordpress/wp-includes/class-wp-hook.php(348): WP_Hook->apply_filters('', Array)\n#6 /wordpress/wp-includes/plugin.php(517): WP_Hook->do_action(Array)\n#7 /wordpress/wp-admin/includes/plugin.php(703): do_action('activate_time-s...', false)\n#8 /internal/eval.php(20): activate_plugin('time-sheets/tim...')\n#9 {main}</pre>\n for query ALTER TABLE wp_timesheet_client_projects\n\t\t\tMODIFY HoursUsed numeric(12,2) made by activate_plugin, do_action('activate_time-sheets/time-sheets.php'), WP_Hook->do_action, WP_Hook->apply_filters, time_sheets_main->activation, time_sheets_setup->create_db_objects, time_sheets_setup->create_tables, WP_SQLite_DB->query, WP_SQLite_DB->print_error","log":"/logs/plugins/z/zencart-products/error.json"}
,
{"message":"SQLSTATE[HY000]: General error: 1 near \"INNER\": syntax error.","level":"FATAL","type":"SQL","test":"jspi-boot","plugin":"zencart-products","details":"[02-Jun-2025 09:34:14 UTC] WordPress database error <div style=\"clear:both\">&nbsp;</div>\n<div class=\"queries\" style=\"clear:both;margin-bottom:2px;border:red dotted thin;\">\n<p>MySQL query:</p>\n<p>UPDATE wp_timesheet_client_projects\n\t\t\tINNER JOIN (SELECT ProjectId, sum(total_hours) as sumhours FROM wp_timesheet GROUP BY ProjectId) t ON wp_timesheet_client_projects.ProjectId = t.ProjectId\n\t\t\tSET HoursUsed = t.sumhours</p>\n<p>Queries made or created this session were:</p>\n<ol>\n<li>Executing: BEGIN | (no parameters)</li>\n<li>Executing: UPDATE wp_timesheet_client_projects\n\t\t\tINNER JOIN (SELECT ProjectId, sum(total_hours) as sumhours FROM wp_timesheet GROUP BY ProjectId) t ON wp_timesheet_client_projects.ProjectId = t.ProjectId\n\t\t\tSET HoursUsed = t.sumhours | (no parameters)</li>\n<li>Executing: ROLLBACK | (no parameters)</li>\n</ol>\n</div>\n<div style=\"clear:both;margin-bottom:2px;border:red dotted thin;\" class=\"error_message\" style=\"border-bottom:dotted blue thin;\">\nError occurred at line 4117 in Function <code>handle_error</code>. Error message was: SQLSTATE[HY000]: General error: 1 near \"INNER\": syntax error.\n</div>\n<p>Backtrace:</p>\n<pre>#0 /internal/shared/sqlite-database-integration/wp-includes/sqlite/class-wp-sqlite-db.php(287): WP_SQLite_Translator->get_error_message()\n#1 /wordpress/wp-content/plugins/time-sheets/setup.php(417): WP_SQLite_DB->query('UPDATE wp_times...')\n#2 /wordpress/wp-content/plugins/time-sheets/setup.php(5): time_sheets_setup->create_tables()\n#3 /wordpress/wp-content/plugins/time-sheets/time-sheets.php(65): time_sheets_setup->create_db_objects()\n#4 /wordpress/wp-includes/class-wp-hook.php(324): time_sheets_main->activation(false)\n#5 /wordpress/wp-includes/class-wp-hook.php(348): WP_Hook->apply_filters('', Array)\n#6 /wordpress/wp-includes/plugin.php(517): WP_Hook->do_action(Array)\n#7 /wordpress/wp-admin/includes/plugin.php(703): do_action('activate_time-s...', false)\n#8 /internal/eval.php(20): activate_plugin('time-sheets/tim...')\n#9 {main}</pre>\n for query UPDATE wp_timesheet_client_projects\n\t\t\tINNER JOIN (SELECT ProjectId, sum(total_hours) as sumhours FROM wp_timesheet GROUP BY ProjectId) t ON wp_timesheet_client_projects.ProjectId = t.ProjectId\n\t\t\tSET HoursUsed = t.sumhours made by activate_plugin, do_action('activate_time-sheets/time-sheets.php'), WP_Hook->do_action, WP_Hook->apply_filters, time_sheets_main->activation, time_sheets_setup->create_db_objects, time_sheets_setup->create_tables, WP_SQLite_DB->query, WP_SQLite_DB->print_error","log":"/logs/plugins/z/zencart-products/error.json"}
,
{"message":"SQLSTATE[HY000]: General error: 1 near \"INNER\": syntax error.","level":"FATAL","type":"SQL","test":"jspi-boot","plugin":"zencart-products","details":"[02-Jun-2025 09:34:14 UTC] WordPress database error <div style=\"clear:both\">&nbsp;</div>\n<div class=\"queries\" style=\"clear:both;margin-bottom:2px;border:red dotted thin;\">\n<p>MySQL query:</p>\n<p>UPDATE wp_timesheet_client_projects\n\t\t\tINNER JOIN (SELECT ProjectId, sum(total_hours) as sumhours FROM wp_timesheet where week_complete = 1 GROUP BY ProjectId) t ON wp_timesheet_client_projects.ProjectId = t.ProjectId\n\t\t\tSET HoursUsed = t.sumhours</p>\n<p>Queries made or created this session were:</p>\n<ol>\n<li>Executing: BEGIN | (no parameters)</li>\n<li>Executing: UPDATE wp_timesheet_client_projects\n\t\t\tINNER JOIN (SELECT ProjectId, sum(total_hours) as sumhours FROM wp_timesheet where week_complete = 1 GROUP BY ProjectId) t ON wp_timesheet_client_projects.ProjectId = t.ProjectId\n\t\t\tSET HoursUsed = t.sumhours | (no parameters)</li>\n<li>Executing: ROLLBACK | (no parameters)</li>\n</ol>\n</div>\n<div style=\"clear:both;margin-bottom:2px;border:red dotted thin;\" class=\"error_message\" style=\"border-bottom:dotted blue thin;\">\nError occurred at line 4117 in Function <code>handle_error</code>. Error message was: SQLSTATE[HY000]: General error: 1 near \"INNER\": syntax error.\n</div>\n<p>Backtrace:</p>\n<pre>#0 /internal/shared/sqlite-database-integration/wp-includes/sqlite/class-wp-sqlite-db.php(287): WP_SQLite_Translator->get_error_message()\n#1 /wordpress/wp-content/plugins/time-sheets/setup.php(426): WP_SQLite_DB->query('UPDATE wp_times...')\n#2 /wordpress/wp-content/plugins/time-sheets/setup.php(5): time_sheets_setup->create_tables()\n#3 /wordpress/wp-content/plugins/time-sheets/time-sheets.php(65): time_sheets_setup->create_db_objects()\n#4 /wordpress/wp-includes/class-wp-hook.php(324): time_sheets_main->activation(false)\n#5 /wordpress/wp-includes/class-wp-hook.php(348): WP_Hook->apply_filters('', Array)\n#6 /wordpress/wp-includes/plugin.php(517): WP_Hook->do_action(Array)\n#7 /wordpress/wp-admin/includes/plugin.php(703): do_action('activate_time-s...', false)\n#8 /internal/eval.php(20): activate_plugin('time-sheets/tim...')\n#9 {main}</pre>\n for query UPDATE wp_timesheet_client_projects\n\t\t\tINNER JOIN (SELECT ProjectId, sum(total_hours) as sumhours FROM wp_timesheet where week_complete = 1 GROUP BY ProjectId) t ON wp_timesheet_client_projects.ProjectId = t.ProjectId\n\t\t\tSET HoursUsed = t.sumhours made by activate_plugin, do_action('activate_time-sheets/time-sheets.php'), WP_Hook->do_action, WP_Hook->apply_filters, time_sheets_main->activation, time_sheets_setup->create_db_objects, time_sheets_setup->create_tables, WP_SQLite_DB->query, WP_SQLite_DB->print_error","log":"/logs/plugins/z/zencart-products/error.json"}
]
