file:///home/runner/work/playground-tester/playground-tester/node_modules/@wp-playground/cli/index.js:237
        throw new Error(y, { cause: u });
              ^

Error: [24-Apr-2025 16:33:58 UTC] PHP Deprecated:  Function add_option was called with an argument that is <strong>deprecated</strong> since version 2.3.0 with no alternative available. in /wordpress/wp-includes/functions.php on line 6121
[24-Apr-2025 16:33:58 UTC] PHP Deprecated:  Function register_widget_control is <strong>deprecated</strong> since version 2.8.0! Use wp_register_widget_control() instead. in /wordpress/wp-includes/functions.php on line 6121
[24-Apr-2025 16:33:58 UTC] PHP Deprecated:  Function register_sidebar_widget is <strong>deprecated</strong> since version 2.8.0! Use wp_register_sidebar_widget() instead. in /wordpress/wp-includes/functions.php on line 6121
[24-Apr-2025 16:33:59 UTC] PHP Deprecated:  Function add_option was called with an argument that is <strong>deprecated</strong> since version 2.3.0 with no alternative available. in /wordpress/wp-includes/functions.php on line 6121
[24-Apr-2025 16:33:59 UTC] PHP Deprecated:  Function register_widget_control is <strong>deprecated</strong> since version 2.8.0! Use wp_register_widget_control() instead. in /wordpress/wp-includes/functions.php on line 6121
[24-Apr-2025 16:33:59 UTC] PHP Deprecated:  Function register_sidebar_widget is <strong>deprecated</strong> since version 2.8.0! Use wp_register_sidebar_widget() instead. in /wordpress/wp-includes/functions.php on line 6121
[24-Apr-2025 16:34:07 UTC] PHP Deprecated:  Function add_option was called with an argument that is <strong>deprecated</strong> since version 2.3.0 with no alternative available. in /wordpress/wp-includes/functions.php on line 6121
[24-Apr-2025 16:34:07 UTC] PHP Deprecated:  Function register_widget_control is <strong>deprecated</strong> since version 2.8.0! Use wp_register_widget_control() instead. in /wordpress/wp-includes/functions.php on line 6121
[24-Apr-2025 16:34:07 UTC] PHP Deprecated:  Function register_sidebar_widget is <strong>deprecated</strong> since version 2.8.0! Use wp_register_sidebar_widget() instead. in /wordpress/wp-includes/functions.php on line 6121
[24-Apr-2025 16:34:08 UTC] PHP Deprecated:  Function add_option was called with an argument that is <strong>deprecated</strong> since version 2.3.0 with no alternative available. in /wordpress/wp-includes/functions.php on line 6121
[24-Apr-2025 16:34:08 UTC] PHP Deprecated:  Function register_widget_control is <strong>deprecated</strong> since version 2.8.0! Use wp_register_widget_control() instead. in /wordpress/wp-includes/functions.php on line 6121
[24-Apr-2025 16:34:08 UTC] PHP Deprecated:  Function register_sidebar_widget is <strong>deprecated</strong> since version 2.8.0! Use wp_register_sidebar_widget() instead. in /wordpress/wp-includes/functions.php on line 6121
[24-Apr-2025 16:34:16 UTC] PHP Deprecated:  Function add_option was called with an argument that is <strong>deprecated</strong> since version 2.3.0 with no alternative available. in /wordpress/wp-includes/functions.php on line 6121
[24-Apr-2025 16:34:16 UTC] PHP Deprecated:  Function register_widget_control is <strong>deprecated</strong> since version 2.8.0! Use wp_register_widget_control() instead. in /wordpress/wp-includes/functions.php on line 6121
[24-Apr-2025 16:34:16 UTC] PHP Deprecated:  Function register_sidebar_widget is <strong>deprecated</strong> since version 2.8.0! Use wp_register_sidebar_widget() instead. in /wordpress/wp-includes/functions.php on line 6121
[24-Apr-2025 16:34:17 UTC] PHP Deprecated:  Function add_option was called with an argument that is <strong>deprecated</strong> since version 2.3.0 with no alternative available. in /wordpress/wp-includes/functions.php on line 6121
[24-Apr-2025 16:34:17 UTC] PHP Deprecated:  Function register_widget_control is <strong>deprecated</strong> since version 2.8.0! Use wp_register_widget_control() instead. in /wordpress/wp-includes/functions.php on line 6121
[24-Apr-2025 16:34:17 UTC] PHP Deprecated:  Function register_sidebar_widget is <strong>deprecated</strong> since version 2.8.0! Use wp_register_sidebar_widget() instead. in /wordpress/wp-includes/functions.php on line 6121
[24-Apr-2025 16:34:26 UTC] PHP Deprecated:  Function register_sidebar_widget is <strong>deprecated</strong> since version 2.8.0! Use wp_register_sidebar_widget() instead. in /wordpress/wp-includes/functions.php on line 6121
[24-Apr-2025 16:34:34 UTC] PHP Deprecated:  Function register_sidebar_widget is <strong>deprecated</strong> since version 2.8.0! Use wp_register_sidebar_widget() instead. in /wordpress/wp-includes/functions.php on line 6121
[24-Apr-2025 16:34:43 UTC] PHP Deprecated:  Function register_sidebar_widget is <strong>deprecated</strong> since version 2.8.0! Use wp_register_sidebar_widget() instead. in /wordpress/wp-includes/functions.php on line 6121
[24-Apr-2025 16:35:30 UTC] PHP Notice:  Function _load_textdomain_just_in_time was called <strong>incorrectly</strong>. Translation loading for the <code>wc-cashapp</code> domain was triggered too early. This is usually an indicator for some code in the plugin or theme running too early. Translations should be loaded at the <code>init</code> action or later. Please see <a href="https://developer.wordpress.org/advanced-administration/debug/debug-wordpress/">Debugging in WordPress</a> for more information. (This message was added in version 6.7.0.) in /wordpress/wp-includes/functions.php on line 6121
[24-Apr-2025 16:35:39 UTC] PHP Notice:  Function _load_textdomain_just_in_time was called <strong>incorrectly</strong>. Translation loading for the <code>wc-cashapp</code> domain was triggered too early. This is usually an indicator for some code in the plugin or theme running too early. Translations should be loaded at the <code>init</code> action or later. Please see <a href="https://developer.wordpress.org/advanced-administration/debug/debug-wordpress/">Debugging in WordPress</a> for more information. (This message was added in version 6.7.0.) in /wordpress/wp-includes/functions.php on line 6121
[24-Apr-2025 16:35:49 UTC] PHP Notice:  Function _load_textdomain_just_in_time was called <strong>incorrectly</strong>. Translation loading for the <code>wc-cashapp</code> domain was triggered too early. This is usually an indicator for some code in the plugin or theme running too early. Translations should be loaded at the <code>init</code> action or later. Please see <a href="https://developer.wordpress.org/advanced-administration/debug/debug-wordpress/">Debugging in WordPress</a> for more information. (This message was added in version 6.7.0.) in /wordpress/wp-includes/functions.php on line 6121
[24-Apr-2025 16:36:23 UTC] PHP Deprecated:  Required parameter $args follows optional parameter $message in /wordpress/wp-content/plugins/wp-iletimerkezi-sms/helpers.php on line 119
[24-Apr-2025 16:36:24 UTC] PHP Deprecated:  Required parameter $args follows optional parameter $message in /wordpress/wp-content/plugins/wp-iletimerkezi-sms/helpers.php on line 119
[24-Apr-2025 16:36:31 UTC] PHP Deprecated:  Required parameter $args follows optional parameter $message in /wordpress/wp-content/plugins/wp-iletimerkezi-sms/helpers.php on line 119
[24-Apr-2025 16:36:32 UTC] PHP Deprecated:  Required parameter $args follows optional parameter $message in /wordpress/wp-content/plugins/wp-iletimerkezi-sms/helpers.php on line 119
[24-Apr-2025 16:36:39 UTC] PHP Deprecated:  Required parameter $args follows optional parameter $message in /wordpress/wp-content/plugins/wp-iletimerkezi-sms/helpers.php on line 119
[24-Apr-2025 16:36:40 UTC] PHP Deprecated:  Required parameter $args follows optional parameter $message in /wordpress/wp-content/plugins/wp-iletimerkezi-sms/helpers.php on line 119
[24-Apr-2025 16:36:48 UTC] PHP Warning:  openssl_pkey_export(): Cannot get key from parameter 1 in /wordpress/wp-content/plugins/wp-jcryption/wp-jcryption.php on line 240
[24-Apr-2025 16:36:48 UTC] PHP Fatal error:  Uncaught TypeError: openssl_pkey_get_details(): Argument #1 ($key) must be of type OpenSSLAsymmetricKey, bool given in /wordpress/wp-content/plugins/wp-jcryption/wp-jcryption.php:242
Stack trace:
#0 /wordpress/wp-content/plugins/wp-jcryption/wp-jcryption.php(242): openssl_pkey_get_details(false)
#1 /wordpress/wp-content/plugins/wp-jcryption/wp-jcryption.php(129): wp_jcryption_generate_keys()
#2 /wordpress/wp-includes/class-wp-hook.php(324): wp_jcryption_install(false)
#3 /wordpress/wp-includes/class-wp-hook.php(348): WP_Hook->apply_filters('', Array)
#4 /wordpress/wp-includes/plugin.php(517): WP_Hook->do_action(Array)
#5 /wordpress/wp-admin/includes/plugin.php(703): do_action('activate_wp-jcr...', false)
#6 /internal/eval.php(20): activate_plugin('wp-jcryption/wp...')
#7 {main}
  thrown in /wordpress/wp-content/plugins/wp-jcryption/wp-jcryption.php on line 242
[24-Apr-2025 16:36:56 UTC] PHP Warning:  openssl_pkey_export(): Cannot get key from parameter 1 in /wordpress/wp-content/plugins/wp-jcryption/wp-jcryption.php on line 240
[24-Apr-2025 16:36:56 UTC] PHP Fatal error:  Uncaught TypeError: openssl_pkey_get_details(): Argument #1 ($key) must be of type OpenSSLAsymmetricKey, bool given in /wordpress/wp-content/plugins/wp-jcryption/wp-jcryption.php:242
Stack trace:
#0 /wordpress/wp-content/plugins/wp-jcryption/wp-jcryption.php(242): openssl_pkey_get_details(false)
#1 /wordpress/wp-content/plugins/wp-jcryption/wp-jcryption.php(129): wp_jcryption_generate_keys()
#2 /wordpress/wp-includes/class-wp-hook.php(324): wp_jcryption_install(false)
#3 /wordpress/wp-includes/class-wp-hook.php(348): WP_Hook->apply_filters('', Array)
#4 /wordpress/wp-includes/plugin.php(517): WP_Hook->do_action(Array)
#5 /wordpress/wp-admin/includes/plugin.php(703): do_action('activate_wp-jcr...', false)
#6 /internal/eval.php(20): activate_plugin('wp-jcryption/wp...')
#7 {main}
  thrown in /wordpress/wp-content/plugins/wp-jcryption/wp-jcryption.php on line 242
[24-Apr-2025 16:37:03 UTC] PHP Warning:  openssl_pkey_export(): Cannot get key from parameter 1 in /wordpress/wp-content/plugins/wp-jcryption/wp-jcryption.php on line 240
[24-Apr-2025 16:37:03 UTC] PHP Fatal error:  Uncaught TypeError: openssl_pkey_get_details(): Argument #1 ($key) must be of type OpenSSLAsymmetricKey, bool given in /wordpress/wp-content/plugins/wp-jcryption/wp-jcryption.php:242
Stack trace:
#0 /wordpress/wp-content/plugins/wp-jcryption/wp-jcryption.php(242): openssl_pkey_get_details(false)
#1 /wordpress/wp-content/plugins/wp-jcryption/wp-jcryption.php(129): wp_jcryption_generate_keys()
#2 /wordpress/wp-includes/class-wp-hook.php(324): wp_jcryption_install(false)
#3 /wordpress/wp-includes/class-wp-hook.php(348): WP_Hook->apply_filters('', Array)
#4 /wordpress/wp-includes/plugin.php(517): WP_Hook->do_action(Array)
#5 /wordpress/wp-admin/includes/plugin.php(703): do_action('activate_wp-jcr...', false)
#6 /internal/eval.php(20): activate_plugin('wp-jcryption/wp...')
#7 {main}
  thrown in /wordpress/wp-content/plugins/wp-jcryption/wp-jcryption.php on line 242
[24-Apr-2025 16:38:00 UTC] PHP Notice:  Function _load_textdomain_just_in_time was called <strong>incorrectly</strong>. Translation loading for the <code>wp_owl</code> domain was triggered too early. This is usually an indicator for some code in the plugin or theme running too early. Translations should be loaded at the <code>init</code> action or later. Please see <a href="https://developer.wordpress.org/advanced-administration/debug/debug-wordpress/">Debugging in WordPress</a> for more information. (This message was added in version 6.7.0.) in /wordpress/wp-includes/functions.php on line 6121
[24-Apr-2025 16:38:09 UTC] PHP Notice:  Function _load_textdomain_just_in_time was called <strong>incorrectly</strong>. Translation loading for the <code>wp_owl</code> domain was triggered too early. This is usually an indicator for some code in the plugin or theme running too early. Translations should be loaded at the <code>init</code> action or later. Please see <a href="https://developer.wordpress.org/advanced-administration/debug/debug-wordpress/">Debugging in WordPress</a> for more information. (This message was added in version 6.7.0.) in /wordpress/wp-includes/functions.php on line 6121
[24-Apr-2025 16:38:19 UTC] PHP Notice:  Function _load_textdomain_just_in_time was called <strong>incorrectly</strong>. Translation loading for the <code>wp_owl</code> domain was triggered too early. This is usually an indicator for some code in the plugin or theme running too early. Translations should be loaded at the <code>init</code> action or later. Please see <a href="https://developer.wordpress.org/advanced-administration/debug/debug-wordpress/">Debugging in WordPress</a> for more information. (This message was added in version 6.7.0.) in /wordpress/wp-includes/functions.php on line 6121
[24-Apr-2025 16:38:55 UTC] PHP Fatal error:  Redefinition of parameter $prepend in /wordpress/wp-content/plugins/wp-resizely/vendor/usabilitydynamics/lib-utility/lib/loader.php on line 294
[24-Apr-2025 16:39:03 UTC] PHP Fatal error:  Redefinition of parameter $prepend in /wordpress/wp-content/plugins/wp-resizely/vendor/usabilitydynamics/lib-utility/lib/loader.php on line 294
[24-Apr-2025 16:39:12 UTC] PHP Fatal error:  Redefinition of parameter $prepend in /wordpress/wp-content/plugins/wp-resizely/vendor/usabilitydynamics/lib-utility/lib/loader.php on line 294
[24-Apr-2025 16:40:08 UTC] PHP Fatal error:  Uncaught Error: Undefined constant "user_table" in /wordpress/wp-content/plugins/wp-simple-event-management-system/includes/itg-em-install.php:114
Stack trace:
#0 /wordpress/wp-content/plugins/wp-simple-event-management-system/itg-event-management.php(38): include()
#1 /wordpress/wp-includes/class-wp-hook.php(324): itg_em_plugin_act_hook(false)
#2 /wordpress/wp-includes/class-wp-hook.php(348): WP_Hook->apply_filters('', Array)
#3 /wordpress/wp-includes/plugin.php(517): WP_Hook->do_action(Array)
#4 /wordpress/wp-admin/includes/plugin.php(703): do_action('activate_wp-sim...', false)
#5 /internal/eval.php(20): activate_plugin('wp-simple-event...')
#6 {main}
  thrown in /wordpress/wp-content/plugins/wp-simple-event-management-system/includes/itg-em-install.php on line 114
[24-Apr-2025 16:40:16 UTC] PHP Fatal error:  Uncaught Error: Undefined constant "user_table" in /wordpress/wp-content/plugins/wp-simple-event-management-system/includes/itg-em-install.php:114
Stack trace:
#0 /wordpress/wp-content/plugins/wp-simple-event-management-system/itg-event-management.php(38): include()
#1 /wordpress/wp-includes/class-wp-hook.php(324): itg_em_plugin_act_hook(false)
#2 /wordpress/wp-includes/class-wp-hook.php(348): WP_Hook->apply_filters('', Array)
#3 /wordpress/wp-includes/plugin.php(517): WP_Hook->do_action(Array)
#4 /wordpress/wp-admin/includes/plugin.php(703): do_action('activate_wp-sim...', false)
#5 /internal/eval.php(20): activate_plugin('wp-simple-event...')
#6 {main}
  thrown in /wordpress/wp-content/plugins/wp-simple-event-management-system/includes/itg-em-install.php on line 114
[24-Apr-2025 16:40:25 UTC] PHP Fatal error:  Uncaught Error: Undefined constant "user_table" in /wordpress/wp-content/plugins/wp-simple-event-management-system/includes/itg-em-install.php:114
Stack trace:
#0 /wordpress/wp-content/plugins/wp-simple-event-management-system/itg-event-management.php(38): include()
#1 /wordpress/wp-includes/class-wp-hook.php(324): itg_em_plugin_act_hook(false)
#2 /wordpress/wp-includes/class-wp-hook.php(348): WP_Hook->apply_filters('', Array)
#3 /wordpress/wp-includes/plugin.php(517): WP_Hook->do_action(Array)
#4 /wordpress/wp-admin/includes/plugin.php(703): do_action('activate_wp-sim...', false)
#5 /internal/eval.php(20): activate_plugin('wp-simple-event...')
#6 {main}
  thrown in /wordpress/wp-content/plugins/wp-simple-event-management-system/includes/itg-em-install.php on line 114
[24-Apr-2025 16:41:55 UTC] PHP Notice:  Function _load_textdomain_just_in_time was called <strong>incorrectly</strong>. Translation loading for the <code>xh_social</code> domain was triggered too early. This is usually an indicator for some code in the plugin or theme running too early. Translations should be loaded at the <code>init</code> action or later. Please see <a href="https://developer.wordpress.org/advanced-administration/debug/debug-wordpress/">Debugging in WordPress</a> for more information. (This message was added in version 6.7.0.) in /wordpress/wp-includes/functions.php on line 6121
[24-Apr-2025 16:42:04 UTC] WordPress database error <div style="clear:both">&nbsp;</div>
<div class="queries" style="clear:both;margin-bottom:2px;border:red dotted thin;">
<p>MySQL query:</p>
<p>ALTER TABLE `wp_xh_social_channel_wechat` ADD COLUMN `uid` varchar(64) NULL DEFAULT NULL;</p>
<p>Queries made or created this session were:</p>
<ol>
<li>Executing: BEGIN | (no parameters)</li>
<li>Executing: INSERT INTO _mysql_data_types_cache (`table`, `column_or_index`, `mysql_type`)
				VALUES (:table, :column, :datatype)
				ON CONFLICT(`table`, `column_or_index`) DO UPDATE SET `mysql_type` = :datatype
			 | parameters: wp_xh_social_channel_wechat, uid, varchar(64)</li>
<li>Executing: ALTER TABLE wp_xh_social_channel_wechat ADD COLUMN `uid` text NULL DEFAULT NULL; | (no parameters)</li>
<li>Executing: ROLLBACK | (no parameters)</li>
</ol>
</div>
<div style="clear:both;margin-bottom:2px;border:red dotted thin;" class="error_message" style="border-bottom:dotted blue thin;">
Error occurred at line 4117 in Function <code>handle_error</code>. Error message was: SQLSTATE[HY000]: General error: 1 duplicate column name: uid.
</div>
<p>Backtrace:</p>
<pre>#0 /internal/shared/sqlite-database-integration/wp-includes/sqlite/class-wp-sqlite-db.php(287): WP_SQLite_Translator->get_error_message()
#1 /wordpress/wp-content/plugins/wechat-social-login/add-ons/social-wechat/class-xh-social-channel-wechat.php(921): WP_SQLite_DB->query('ALTER TABLE `wp...')
#2 /wordpress/wp-content/plugins/wechat-social-login/add-ons/social-wechat/class-xh-social-channel-wechat.php(872): XH_Social_Channel_Wechat_Model->on_version_101()
#3 /wordpress/wp-content/plugins/wechat-social-login/add-ons/social-wechat/init.php(100): XH_Social_Channel_Wechat_Model->init()
#4 /wordpress/wp-content/plugins/wechat-social-login/init.php(369): XH_Social_Add_On_Social_Wechat->on_install()
#5 /wordpress/wp-includes/class-wp-hook.php(324): XH_Social->_register_activation_hook(false)
#6 /wordpress/wp-includes/class-wp-hook.php(348): WP_Hook->apply_filters('', Array)
#7 /wordpress/wp-includes/plugin.php(517): WP_Hook->do_action(Array)
#8 /wordpress/wp-admin/includes/plugin.php(703): do_action('activate_wechat...', false)
#9 /internal/eval.php(20): activate_plugin('wechat-social-l...')
#10 {main}</pre>
 for query ALTER TABLE `wp_xh_social_channel_wechat` ADD COLUMN `uid` varchar(64) NULL DEFAULT NULL; made by activate_plugin, do_action('activate_wechat-social-login/init.php'), WP_Hook->do_action, WP_Hook->apply_filters, XH_Social->_register_activation_hook, XH_Social_Add_On_Social_Wechat->on_install, XH_Social_Channel_Wechat_Model->init, XH_Social_Channel_Wechat_Model->on_version_101, WP_SQLite_DB->query, WP_SQLite_DB->print_error
[24-Apr-2025 16:42:04 UTC] WordPress database error <div style="clear:both">&nbsp;</div>
<div class="queries" style="clear:both;margin-bottom:2px;border:red dotted thin;">
<p>MySQL query:</p>
<p>ALTER TABLE `wp_xh_social_channel_wechat` ADD UNIQUE INDEX uid_unique(uid);</p>
<p>Queries made or created this session were:</p>
<ol>
<li>Executing: BEGIN | (no parameters)</li>
<li>Executing: INSERT INTO _mysql_data_types_cache (`table`, `column_or_index`, `mysql_type`)
				VALUES (:table, :column, :datatype)
				ON CONFLICT(`table`, `column_or_index`) DO UPDATE SET `mysql_type` = :datatype
			 | parameters: wp_xh_social_channel_wechat, wp_xh_social_channel_wechat__uid_unique, UNIQUE</li>
<li>Executing: CREATE UNIQUE INDEX &quot;wp_xh_social_channel_wechat__uid_unique&quot; ON &quot;wp_xh_social_channel_wechat&quot; (`uid`); | (no parameters)</li>
<li>Executing: ROLLBACK | (no parameters)</li>
</ol>
</div>
<div style="clear:both;margin-bottom:2px;border:red dotted thin;" class="error_message" style="border-bottom:dotted blue thin;">
Error occurred at line 4117 in Function <code>handle_error</code>. Error message was: SQLSTATE[HY000]: General error: 1 index wp_xh_social_channel_wechat__uid_unique already exists.
</div>
<p>Backtrace:</p>
<pre>#0 /internal/shared/sqlite-database-integration/wp-includes/sqlite/class-wp-sqlite-db.php(287): WP_SQLite_Translator->get_error_message()
#1 /wordpress/wp-content/plugins/wechat-social-login/add-ons/social-wechat/class-xh-social-channel-wechat.php(942): WP_SQLite_DB->query('ALTER TABLE `wp...')
#2 /wordpress/wp-content/plugins/wechat-social-login/add-ons/social-wechat/class-xh-social-channel-wechat.php(872): XH_Social_Channel_Wechat_Model->on_version_101()
#3 /wordpress/wp-content/plugins/wechat-social-login/add-ons/social-wechat/init.php(100): XH_Social_Channel_Wechat_Model->init()
#4 /wordpress/wp-content/plugins/wechat-social-login/init.php(369): XH_Social_Add_On_Social_Wechat->on_install()
#5 /wordpress/wp-includes/class-wp-hook.php(324): XH_Social->_register_activation_hook(false)
#6 /wordpress/wp-includes/class-wp-hook.php(348): WP_Hook->apply_filters('', Array)
#7 /wordpress/wp-includes/plugin.php(517): WP_Hook->do_action(Array)
#8 /wordpress/wp-admin/includes/plugin.php(703): do_action('activate_wechat...', false)
#9 /internal/eval.php(20): activate_plugin('wechat-social-l...')
#10 {main}</pre>
 for query ALTER TABLE `wp_xh_social_channel_wechat` ADD UNIQUE INDEX uid_unique(uid); made by activate_plugin, do_action('activate_wechat-social-login/init.php'), WP_Hook->do_action, WP_Hook->apply_filters, XH_Social->_register_activation_hook, XH_Social_Add_On_Social_Wechat->on_install, XH_Social_Channel_Wechat_Model->init, XH_Social_Channel_Wechat_Model->on_version_101, WP_SQLite_DB->query, WP_SQLite_DB->print_error
[24-Apr-2025 16:42:04 UTC] WordPress database error <div style="clear:both">&nbsp;</div>
<div class="queries" style="clear:both;margin-bottom:2px;border:red dotted thin;">
<p>MySQL query:</p>
<p>ALTER TABLE `wp_xh_social_channel_wechat` ADD COLUMN `sp_openid` varchar(128) NULL DEFAULT NULL;</p>
<p>Queries made or created this session were:</p>
<ol>
<li>Executing: BEGIN | (no parameters)</li>
<li>Executing: INSERT INTO _mysql_data_types_cache (`table`, `column_or_index`, `mysql_type`)
				VALUES (:table, :column, :datatype)
				ON CONFLICT(`table`, `column_or_index`) DO UPDATE SET `mysql_type` = :datatype
			 | parameters: wp_xh_social_channel_wechat, sp_openid, varchar(128)</li>
<li>Executing: ALTER TABLE wp_xh_social_channel_wechat ADD COLUMN `sp_openid` text NULL DEFAULT NULL; | (no parameters)</li>
<li>Executing: ROLLBACK | (no parameters)</li>
</ol>
</div>
<div style="clear:both;margin-bottom:2px;border:red dotted thin;" class="error_message" style="border-bottom:dotted blue thin;">
Error occurred at line 4117 in Function <code>handle_error</code>. Error message was: SQLSTATE[HY000]: General error: 1 duplicate column name: sp_openid.
</div>
<p>Backtrace:</p>
<pre>#0 /internal/shared/sqlite-database-integration/wp-includes/sqlite/class-wp-sqlite-db.php(287): WP_SQLite_Translator->get_error_message()
#1 /wordpress/wp-content/plugins/wechat-social-login/add-ons/social-wechat/class-xh-social-channel-wechat.php(883): WP_SQLite_DB->query('ALTER TABLE `wp...')
#2 /wordpress/wp-content/plugins/wechat-social-login/add-ons/social-wechat/init.php(100): XH_Social_Channel_Wechat_Model->init()
#3 /wordpress/wp-content/plugins/wechat-social-login/init.php(369): XH_Social_Add_On_Social_Wechat->on_install()
#4 /wordpress/wp-includes/class-wp-hook.php(324): XH_Social->_register_activation_hook(false)
#5 /wordpress/wp-includes/class-wp-hook.php(348): WP_Hook->apply_filters('', Array)
#6 /wordpress/wp-includes/plugin.php(517): WP_Hook->do_action(Array)
#7 /wordpress/wp-admin/includes/plugin.php(703): do_action('activate_wechat...', false)
#8 /internal/eval.php(20): activate_plugin('wechat-social-l...')
#9 {main}</pre>
 for query ALTER TABLE `wp_xh_social_channel_wechat` ADD COLUMN `sp_openid` varchar(128) NULL DEFAULT NULL; made by activate_plugin, do_action('activate_wechat-social-login/init.php'), WP_Hook->do_action, WP_Hook->apply_filters, XH_Social->_register_activation_hook, XH_Social_Add_On_Social_Wechat->on_install, XH_Social_Channel_Wechat_Model->init, WP_SQLite_DB->query, WP_SQLite_DB->print_error
[24-Apr-2025 16:42:05 UTC] WordPress database error <div style="clear:both">&nbsp;</div>
<div class="queries" style="clear:both;margin-bottom:2px;border:red dotted thin;">
<p>MySQL query:</p>
<p>CREATE TABLE IF NOT EXISTS `wp_xh_sessions` (
				`session_id` BIGINT(20) NOT NULL AUTO_INCREMENT,
				`session_key` CHAR(32) NOT NULL,
				`session_value` LONGTEXT NOT NULL,
				`session_expiry` BIGINT(20) NOT NULL,
				PRIMARY KEY (`session_key`),
				UNIQUE INDEX `session_id` (`session_id`)
				)
				;</p>
<p>Queries made or created this session were:</p>
<ol>
<li>Executing: BEGIN | (no parameters)</li>
<li>Executing: ROLLBACK | (no parameters)</li>
</ol>
</div>
<div style="clear:both;margin-bottom:2px;border:red dotted thin;" class="error_message" style="border-bottom:dotted blue thin;">
Error occurred at line 4117 in Function <code>handle_error</code>. Error message was: Cannot combine AUTOINCREMENT and multiple primary keys in SQLite.
</div>
<p>Backtrace:</p>
<pre>#0 /internal/shared/sqlite-database-integration/wp-includes/sqlite/class-wp-sqlite-db.php(287): WP_SQLite_Translator->get_error_message()
#1 /wordpress/wp-content/plugins/wechat-social-login/includes/class-xh-session-handler.php(532): WP_SQLite_DB->query('CREATE TABLE IF...')
#2 /wordpress/wp-content/plugins/wechat-social-login/init.php(374): XH_Session_Handler_Model->init()
#3 /wordpress/wp-includes/class-wp-hook.php(324): XH_Social->_register_activation_hook(false)
#4 /wordpress/wp-includes/class-wp-hook.php(348): WP_Hook->apply_filters('', Array)
#5 /wordpress/wp-includes/plugin.php(517): WP_Hook->do_action(Array)
#6 /wordpress/wp-admin/includes/plugin.php(703): do_action('activate_wechat...', false)
#7 /internal/eval.php(20): activate_plugin('wechat-social-l...')
#8 {main}</pre>
 for query CREATE TABLE IF NOT EXISTS `wp_xh_sessions` (
				`session_id` BIGINT(20) NOT NULL AUTO_INCREMENT,
				`session_key` CHAR(32) NOT NULL,
				`session_value` LONGTEXT NOT NULL,
				`session_expiry` BIGINT(20) NOT NULL,
				PRIMARY KEY (`session_key`),
				UNIQUE INDEX `session_id` (`session_id`)
				)
				; made by activate_plugin, do_action('activate_wechat-social-login/init.php'), WP_Hook->do_action, WP_Hook->apply_filters, XH_Social->_register_activation_hook, XH_Session_Handler_Model->init, WP_SQLite_DB->query, WP_SQLite_DB->print_error
[24-Apr-2025 16:42:05 UTC] PHP Fatal error:  Uncaught Exception: <div style="clear:both">&nbsp;</div>
<div class="queries" style="clear:both;margin-bottom:2px;border:red dotted thin;">
<p>MySQL query:</p>
<p>CREATE TABLE IF NOT EXISTS `wp_xh_sessions` (
				`session_id` BIGINT(20) NOT NULL AUTO_INCREMENT,
				`session_key` CHAR(32) NOT NULL,
				`session_value` LONGTEXT NOT NULL,
				`session_expiry` BIGINT(20) NOT NULL,
				PRIMARY KEY (`session_key`),
				UNIQUE INDEX `session_id` (`session_id`)
				)
				;</p>
<p>Queries made or created this session were:</p>
<ol>
<li>Executing: BEGIN | (no parameters)</li>
<li>Executing: ROLLBACK | (no parameters)</li>
</ol>
</div>
<div style="clear:both;margin-bottom:2px;border:red dotted thin;" class="error_message" style="border-bottom:dotted blue thin;">
Error occurred at line 4117 in Function <code>handle_error</code>. Error message was: Cannot combine AUTOINCREMENT and multiple primary keys in SQLite.
</div>
<p>Backtrace:</p>
<pre>#0 /internal/shared/sqlite-database-integration/wp-includes/sqlite/class-wp-sqlite-db.php(287): WP_SQLite_Translator->get_error_message()
#1 /wordpress/wp-content/plugins/wechat-social-login/includes/class-xh-session-handler.php(532): WP_SQLite_DB->query('CREATE TABLE IF...')
#2 /wordpress/wp-content/plugins/wechat-social-login/init.php(374): XH_Session_Handler_Model->init()
#3 /wordpress/wp-includes/class-wp-hook.php(324): XH_Social->_register_activation_hook(false)
#4 /wordpress/wp-includes/class-wp-hook.php(348): WP_Hook->apply_filters('', Array)
#5 /wordpress/wp-includes/plugin.php(517): WP_Hook->do_action(Array)
#6 /wordpress/wp-admin/includes/plugin.php(703): do_action('activate_wechat...', false)
#7 /internal/eval.php(20): activate_plugin('wechat-social-l...')
#8 {main}</pre>
 in /wordpress/wp-content/plugins/wechat-social-login/includes/class-xh-session-handler.php:535
Stack trace:
#0 /wordpress/wp-content/plugins/wechat-social-login/init.php(374): XH_Session_Handler_Model->init()
#1 /wordpress/wp-includes/class-wp-hook.php(324): XH_Social->_register_activation_hook(false)
#2 /wordpress/wp-includes/class-wp-hook.php(348): WP_Hook->apply_filters('', Array)
#3 /wordpress/wp-includes/plugin.php(517): WP_Hook->do_action(Array)
#4 /wordpress/wp-admin/includes/plugin.php(703): do_action('activate_wechat...', false)
#5 /internal/eval.php(20): activate_plugin('wechat-social-l...')
#6 {main}
  thrown in /wordpress/wp-content/plugins/wechat-social-login/includes/class-xh-session-handler.php on line 535
[24-Apr-2025 16:42:16 UTC] WordPress database error <div style="clear:both">&nbsp;</div>
<div class="queries" style="clear:both;margin-bottom:2px;border:red dotted thin;">
<p>MySQL query:</p>
<p>ALTER TABLE `wp_xh_social_channel_wechat` ADD COLUMN `uid` varchar(64) NULL DEFAULT NULL;</p>
<p>Queries made or created this session were:</p>
<ol>
<li>Executing: BEGIN | (no parameters)</li>
<li>Executing: INSERT INTO _mysql_data_types_cache (`table`, `column_or_index`, `mysql_type`)
				VALUES (:table, :column, :datatype)
				ON CONFLICT(`table`, `column_or_index`) DO UPDATE SET `mysql_type` = :datatype
			 | parameters: wp_xh_social_channel_wechat, uid, varchar(64)</li>
<li>Executing: ALTER TABLE wp_xh_social_channel_wechat ADD COLUMN `uid` text NULL DEFAULT NULL; | (no parameters)</li>
<li>Executing: ROLLBACK | (no parameters)</li>
</ol>
</div>
<div style="clear:both;margin-bottom:2px;border:red dotted thin;" class="error_message" style="border-bottom:dotted blue thin;">
Error occurred at line 4117 in Function <code>handle_error</code>. Error message was: SQLSTATE[HY000]: General error: 1 duplicate column name: uid.
</div>
<p>Backtrace:</p>
<pre>#0 /internal/shared/sqlite-database-integration/wp-includes/sqlite/class-wp-sqlite-db.php(287): WP_SQLite_Translator->get_error_message()
#1 /wordpress/wp-content/plugins/wechat-social-login/add-ons/social-wechat/class-xh-social-channel-wechat.php(921): WP_SQLite_DB->query('ALTER TABLE `wp...')
#2 /wordpress/wp-content/plugins/wechat-social-login/add-ons/social-wechat/class-xh-social-channel-wechat.php(872): XH_Social_Channel_Wechat_Model->on_version_101()
#3 /wordpress/wp-content/plugins/wechat-social-login/add-ons/social-wechat/init.php(100): XH_Social_Channel_Wechat_Model->init()
#4 /wordpress/wp-content/plugins/wechat-social-login/init.php(369): XH_Social_Add_On_Social_Wechat->on_install()
#5 /wordpress/wp-includes/class-wp-hook.php(324): XH_Social->_register_activation_hook(false)
#6 /wordpress/wp-includes/class-wp-hook.php(348): WP_Hook->apply_filters('', Array)
#7 /wordpress/wp-includes/plugin.php(517): WP_Hook->do_action(Array)
#8 /wordpress/wp-admin/includes/plugin.php(703): do_action('activate_wechat...', false)
#9 /internal/eval.php(20): activate_plugin('wechat-social-l...')
#10 {main}</pre>
 for query ALTER TABLE `wp_xh_social_channel_wechat` ADD COLUMN `uid` varchar(64) NULL DEFAULT NULL; made by activate_plugin, do_action('activate_wechat-social-login/init.php'), WP_Hook->do_action, WP_Hook->apply_filters, XH_Social->_register_activation_hook, XH_Social_Add_On_Social_Wechat->on_install, XH_Social_Channel_Wechat_Model->init, XH_Social_Channel_Wechat_Model->on_version_101, WP_SQLite_DB->query, WP_SQLite_DB->print_error
[24-Apr-2025 16:42:16 UTC] WordPress database error <div style="clear:both">&nbsp;</div>
<div class="queries" style="clear:both;margin-bottom:2px;border:red dotted thin;">
<p>MySQL query:</p>
<p>ALTER TABLE `wp_xh_social_channel_wechat` ADD UNIQUE INDEX uid_unique(uid);</p>
<p>Queries made or created this session were:</p>
<ol>
<li>Executing: BEGIN | (no parameters)</li>
<li>Executing: INSERT INTO _mysql_data_types_cache (`table`, `column_or_index`, `mysql_type`)
				VALUES (:table, :column, :datatype)
				ON CONFLICT(`table`, `column_or_index`) DO UPDATE SET `mysql_type` = :datatype
			 | parameters: wp_xh_social_channel_wechat, wp_xh_social_channel_wechat__uid_unique, UNIQUE</li>
<li>Executing: CREATE UNIQUE INDEX &quot;wp_xh_social_channel_wechat__uid_unique&quot; ON &quot;wp_xh_social_channel_wechat&quot; (`uid`); | (no parameters)</li>
<li>Executing: ROLLBACK | (no parameters)</li>
</ol>
</div>
<div style="clear:both;margin-bottom:2px;border:red dotted thin;" class="error_message" style="border-bottom:dotted blue thin;">
Error occurred at line 4117 in Function <code>handle_error</code>. Error message was: SQLSTATE[HY000]: General error: 1 index wp_xh_social_channel_wechat__uid_unique already exists.
</div>
<p>Backtrace:</p>
<pre>#0 /internal/shared/sqlite-database-integration/wp-includes/sqlite/class-wp-sqlite-db.php(287): WP_SQLite_Translator->get_error_message()
#1 /wordpress/wp-content/plugins/wechat-social-login/add-ons/social-wechat/class-xh-social-channel-wechat.php(942): WP_SQLite_DB->query('ALTER TABLE `wp...')
#2 /wordpress/wp-content/plugins/wechat-social-login/add-ons/social-wechat/class-xh-social-channel-wechat.php(872): XH_Social_Channel_Wechat_Model->on_version_101()
#3 /wordpress/wp-content/plugins/wechat-social-login/add-ons/social-wechat/init.php(100): XH_Social_Channel_Wechat_Model->init()
#4 /wordpress/wp-content/plugins/wechat-social-login/init.php(369): XH_Social_Add_On_Social_Wechat->on_install()
#5 /wordpress/wp-includes/class-wp-hook.php(324): XH_Social->_register_activation_hook(false)
#6 /wordpress/wp-includes/class-wp-hook.php(348): WP_Hook->apply_filters('', Array)
#7 /wordpress/wp-includes/plugin.php(517): WP_Hook->do_action(Array)
#8 /wordpress/wp-admin/includes/plugin.php(703): do_action('activate_wechat...', false)
#9 /internal/eval.php(20): activate_plugin('wechat-social-l...')
#10 {main}</pre>
 for query ALTER TABLE `wp_xh_social_channel_wechat` ADD UNIQUE INDEX uid_unique(uid); made by activate_plugin, do_action('activate_wechat-social-login/init.php'), WP_Hook->do_action, WP_Hook->apply_filters, XH_Social->_register_activation_hook, XH_Social_Add_On_Social_Wechat->on_install, XH_Social_Channel_Wechat_Model->init, XH_Social_Channel_Wechat_Model->on_version_101, WP_SQLite_DB->query, WP_SQLite_DB->print_error
[24-Apr-2025 16:42:16 UTC] WordPress database error <div style="clear:both">&nbsp;</div>
<div class="queries" style="clear:both;margin-bottom:2px;border:red dotted thin;">
<p>MySQL query:</p>
<p>ALTER TABLE `wp_xh_social_channel_wechat` ADD COLUMN `sp_openid` varchar(128) NULL DEFAULT NULL;</p>
<p>Queries made or created this session were:</p>
<ol>
<li>Executing: BEGIN | (no parameters)</li>
<li>Executing: INSERT INTO _mysql_data_types_cache (`table`, `column_or_index`, `mysql_type`)
				VALUES (:table, :column, :datatype)
				ON CONFLICT(`table`, `column_or_index`) DO UPDATE SET `mysql_type` = :datatype
			 | parameters: wp_xh_social_channel_wechat, sp_openid, varchar(128)</li>
<li>Executing: ALTER TABLE wp_xh_social_channel_wechat ADD COLUMN `sp_openid` text NULL DEFAULT NULL; | (no parameters)</li>
<li>Executing: ROLLBACK | (no parameters)</li>
</ol>
</div>
<div style="clear:both;margin-bottom:2px;border:red dotted thin;" class="error_message" style="border-bottom:dotted blue thin;">
Error occurred at line 4117 in Function <code>handle_error</code>. Error message was: SQLSTATE[HY000]: General error: 1 duplicate column name: sp_openid.
</div>
<p>Backtrace:</p>
<pre>#0 /internal/shared/sqlite-database-integration/wp-includes/sqlite/class-wp-sqlite-db.php(287): WP_SQLite_Translator->get_error_message()
#1 /wordpress/wp-content/plugins/wechat-social-login/add-ons/social-wechat/class-xh-social-channel-wechat.php(883): WP_SQLite_DB->query('ALTER TABLE `wp...')
#2 /wordpress/wp-content/plugins/wechat-social-login/add-ons/social-wechat/init.php(100): XH_Social_Channel_Wechat_Model->init()
#3 /wordpress/wp-content/plugins/wechat-social-login/init.php(369): XH_Social_Add_On_Social_Wechat->on_install()
#4 /wordpress/wp-includes/class-wp-hook.php(324): XH_Social->_register_activation_hook(false)
#5 /wordpress/wp-includes/class-wp-hook.php(348): WP_Hook->apply_filters('', Array)
#6 /wordpress/wp-includes/plugin.php(517): WP_Hook->do_action(Array)
#7 /wordpress/wp-admin/includes/plugin.php(703): do_action('activate_wechat...', false)
#8 /internal/eval.php(20): activate_plugin('wechat-social-l...')
#9 {main}</pre>
 for query ALTER TABLE `wp_xh_social_channel_wechat` ADD COLUMN `sp_openid` varchar(128) NULL DEFAULT NULL; made by activate_plugin, do_action('activate_wechat-social-login/init.php'), WP_Hook->do_action, WP_Hook->apply_filters, XH_Social->_register_activation_hook, XH_Social_Add_On_Social_Wechat->on_install, XH_Social_Channel_Wechat_Model->init, WP_SQLite_DB->query, WP_SQLite_DB->print_error
[24-Apr-2025 16:42:16 UTC] WordPress database error <div style="clear:both">&nbsp;</div>
<div class="queries" style="clear:both;margin-bottom:2px;border:red dotted thin;">
<p>MySQL query:</p>
<p>CREATE TABLE IF NOT EXISTS `wp_xh_sessions` (
				`session_id` BIGINT(20) NOT NULL AUTO_INCREMENT,
				`session_key` CHAR(32) NOT NULL,
				`session_value` LONGTEXT NOT NULL,
				`session_expiry` BIGINT(20) NOT NULL,
				PRIMARY KEY (`session_key`),
				UNIQUE INDEX `session_id` (`session_id`)
				)
				;</p>
<p>Queries made or created this session were:</p>
<ol>
<li>Executing: BEGIN | (no parameters)</li>
<li>Executing: ROLLBACK | (no parameters)</li>
</ol>
</div>
<div style="clear:both;margin-bottom:2px;border:red dotted thin;" class="error_message" style="border-bottom:dotted blue thin;">
Error occurred at line 4117 in Function <code>handle_error</code>. Error message was: Cannot combine AUTOINCREMENT and multiple primary keys in SQLite.
</div>
<p>Backtrace:</p>
<pre>#0 /internal/shared/sqlite-database-integration/wp-includes/sqlite/class-wp-sqlite-db.php(287): WP_SQLite_Translator->get_error_message()
#1 /wordpress/wp-content/plugins/wechat-social-login/includes/class-xh-session-handler.php(532): WP_SQLite_DB->query('CREATE TABLE IF...')
#2 /wordpress/wp-content/plugins/wechat-social-login/init.php(374): XH_Session_Handler_Model->init()
#3 /wordpress/wp-includes/class-wp-hook.php(324): XH_Social->_register_activation_hook(false)
#4 /wordpress/wp-includes/class-wp-hook.php(348): WP_Hook->apply_filters('', Array)
#5 /wordpress/wp-includes/plugin.php(517): WP_Hook->do_action(Array)
#6 /wordpress/wp-admin/includes/plugin.php(703): do_action('activate_wechat...', false)
#7 /internal/eval.php(20): activate_plugin('wechat-social-l...')
#8 {main}</pre>
 for query CREATE TABLE IF NOT EXISTS `wp_xh_sessions` (
				`session_id` BIGINT(20) NOT NULL AUTO_INCREMENT,
				`session_key` CHAR(32) NOT NULL,
				`session_value` LONGTEXT NOT NULL,
				`session_expiry` BIGINT(20) NOT NULL,
				PRIMARY KEY (`session_key`),
				UNIQUE INDEX `session_id` (`session_id`)
				)
				; made by activate_plugin, do_action('activate_wechat-social-login/init.php'), WP_Hook->do_action, WP_Hook->apply_filters, XH_Social->_register_activation_hook, XH_Session_Handler_Model->init, WP_SQLite_DB->query, WP_SQLite_DB->print_error
[24-Apr-2025 16:42:16 UTC] PHP Fatal error:  Uncaught Exception: <div style="clear:both">&nbsp;</div>
<div class="queries" style="clear:both;margin-bottom:2px;border:red dotted thin;">
<p>MySQL query:</p>
<p>CREATE TABLE IF NOT EXISTS `wp_xh_sessions` (
				`session_id` BIGINT(20) NOT NULL AUTO_INCREMENT,
				`session_key` CHAR(32) NOT NULL,
				`session_value` LONGTEXT NOT NULL,
				`session_expiry` BIGINT(20) NOT NULL,
				PRIMARY KEY (`session_key`),
				UNIQUE INDEX `session_id` (`session_id`)
				)
				;</p>
<p>Queries made or created this session were:</p>
<ol>
<li>Executing: BEGIN | (no parameters)</li>
<li>Executing: ROLLBACK | (no parameters)</li>
</ol>
</div>
<div style="clear:both;margin-bottom:2px;border:red dotted thin;" class="error_message" style="border-bottom:dotted blue thin;">
Error occurred at line 4117 in Function <code>handle_error</code>. Error message was: Cannot combine AUTOINCREMENT and multiple primary keys in SQLite.
</div>
<p>Backtrace:</p>
<pre>#0 /internal/shared/sqlite-database-integration/wp-includes/sqlite/class-wp-sqlite-db.php(287): WP_SQLite_Translator->get_error_message()
#1 /wordpress/wp-content/plugins/wechat-social-login/includes/class-xh-session-handler.php(532): WP_SQLite_DB->query('CREATE TABLE IF...')
#2 /wordpress/wp-content/plugins/wechat-social-login/init.php(374): XH_Session_Handler_Model->init()
#3 /wordpress/wp-includes/class-wp-hook.php(324): XH_Social->_register_activation_hook(false)
#4 /wordpress/wp-includes/class-wp-hook.php(348): WP_Hook->apply_filters('', Array)
#5 /wordpress/wp-includes/plugin.php(517): WP_Hook->do_action(Array)
#6 /wordpress/wp-admin/includes/plugin.php(703): do_action('activate_wechat...', false)
#7 /internal/eval.php(20): activate_plugin('wechat-social-l...')
#8 {main}</pre>
 in /wordpress/wp-content/plugins/wechat-social-login/includes/class-xh-session-handler.php:535
Stack trace:
#0 /wordpress/wp-content/plugins/wechat-social-login/init.php(374): XH_Session_Handler_Model->init()
#1 /wordpress/wp-includes/class-wp-hook.php(324): XH_Social->_register_activation_hook(false)
#2 /wordpress/wp-includes/class-wp-hook.php(348): WP_Hook->apply_filters('', Array)
#3 /wordpress/wp-includes/plugin.php(517): WP_Hook->do_action(Array)
#4 /wordpress/wp-admin/includes/plugin.php(703): do_action('activate_wechat...', false)
#5 /internal/eval.php(20): activate_plugin('wechat-social-l...')
#6 {main}
  thrown in /wordpress/wp-content/plugins/wechat-social-login/includes/class-xh-session-handler.php on line 535
[24-Apr-2025 16:42:54 UTC] PHP Fatal error:  Uncaught TypeError: call_user_func_array(): Argument #1 ($callback) must be a valid callback, class WindowsAzureEndUserAnalytics does not have a method "activate" in /wordpress/wp-includes/class-wp-hook.php:324
Stack trace:
#0 /wordpress/wp-includes/class-wp-hook.php(348): WP_Hook->apply_filters('', Array)
#1 /wordpress/wp-includes/plugin.php(517): WP_Hook->do_action(Array)
#2 /wordpress/wp-admin/includes/plugin.php(703): do_action('activate_window...', false)
#3 /internal/eval.php(20): activate_plugin('windows-azure-e...')
#4 {main}
  thrown in /wordpress/wp-includes/class-wp-hook.php on line 324
[24-Apr-2025 16:43:02 UTC] PHP Fatal error:  Uncaught TypeError: call_user_func_array(): Argument #1 ($callback) must be a valid callback, class WindowsAzureEndUserAnalytics does not have a method "activate" in /wordpress/wp-includes/class-wp-hook.php:324
Stack trace:
#0 /wordpress/wp-includes/class-wp-hook.php(348): WP_Hook->apply_filters('', Array)
#1 /wordpress/wp-includes/plugin.php(517): WP_Hook->do_action(Array)
#2 /wordpress/wp-admin/includes/plugin.php(703): do_action('activate_window...', false)
#3 /internal/eval.php(20): activate_plugin('windows-azure-e...')
#4 {main}
  thrown in /wordpress/wp-includes/class-wp-hook.php on line 324
[24-Apr-2025 16:43:09 UTC] PHP Fatal error:  Uncaught TypeError: call_user_func_array(): Argument #1 ($callback) must be a valid callback, class WindowsAzureEndUserAnalytics does not have a method "activate" in /wordpress/wp-includes/class-wp-hook.php:324
Stack trace:
#0 /wordpress/wp-includes/class-wp-hook.php(348): WP_Hook->apply_filters('', Array)
#1 /wordpress/wp-includes/plugin.php(517): WP_Hook->do_action(Array)
#2 /wordpress/wp-admin/includes/plugin.php(703): do_action('activate_window...', false)
#3 /internal/eval.php(20): activate_plugin('windows-azure-e...')
#4 {main}
  thrown in /wordpress/wp-includes/class-wp-hook.php on line 324
[24-Apr-2025 16:44:10 UTC] PHP Fatal error:  Uncaught Error: Undefined constant "wptuit_version" in /wordpress/wp-content/plugins/wp-tuit/wp-tuit.php:82
Stack trace:
#0 /wordpress/wp-admin/includes/plugin.php(2387): include_once()
#1 /wordpress/wp-admin/includes/plugin.php(673): plugin_sandbox_scrape('wp-tuit/wp-tuit...')
#2 /internal/eval.php(20): activate_plugin('wp-tuit/wp-tuit...')
#3 {main}
  thrown in /wordpress/wp-content/plugins/wp-tuit/wp-tuit.php on line 82
[24-Apr-2025 16:44:18 UTC] PHP Fatal error:  Uncaught Error: Undefined constant "wptuit_version" in /wordpress/wp-content/plugins/wp-tuit/wp-tuit.php:82
Stack trace:
#0 /wordpress/wp-admin/includes/plugin.php(2387): include_once()
#1 /wordpress/wp-admin/includes/plugin.php(673): plugin_sandbox_scrape('wp-tuit/wp-tuit...')
#2 /internal/eval.php(20): activate_plugin('wp-tuit/wp-tuit...')
#3 {main}
  thrown in /wordpress/wp-content/plugins/wp-tuit/wp-tuit.php on line 82
[24-Apr-2025 16:44:25 UTC] PHP Fatal error:  Uncaught Error: Undefined constant "wptuit_version" in /wordpress/wp-content/plugins/wp-tuit/wp-tuit.php:82
Stack trace:
#0 /wordpress/wp-admin/includes/plugin.php(2387): include_once()
#1 /wordpress/wp-admin/includes/plugin.php(673): plugin_sandbox_scrape('wp-tuit/wp-tuit...')
#2 /internal/eval.php(20): activate_plugin('wp-tuit/wp-tuit...')
#3 {main}
  thrown in /wordpress/wp-content/plugins/wp-tuit/wp-tuit.php on line 82
[24-Apr-2025 16:44:34 UTC] PHP Warning:  Trying to access array offset on value of type bool in /wordpress/wp-content/plugins/wp-userlogin/userlogin.php on line 40
[24-Apr-2025 16:44:34 UTC] PHP Warning:  Trying to access array offset on value of type bool in /wordpress/wp-content/plugins/wp-userlogin/userlogin.php on line 56
[24-Apr-2025 16:44:34 UTC] PHP Deprecated:  Function register_sidebar_widget is <strong>deprecated</strong> since version 2.8.0! Use wp_register_sidebar_widget() instead. in /wordpress/wp-includes/functions.php on line 6121
[24-Apr-2025 16:44:34 UTC] PHP Warning:  Trying to access array offset on value of type bool in /wordpress/wp-content/plugins/wp-userlogin/userlogin.php on line 284
[24-Apr-2025 16:44:34 UTC] PHP Warning:  Trying to access array offset on value of type bool in /wordpress/wp-content/plugins/wp-userlogin/userlogin.php on line 285
[24-Apr-2025 16:44:34 UTC] PHP Warning:  Trying to access array offset on value of type bool in /wordpress/wp-content/plugins/wp-userlogin/userlogin.php on line 286
[24-Apr-2025 16:44:34 UTC] PHP Warning:  Trying to access array offset on value of type bool in /wordpress/wp-content/plugins/wp-userlogin/userlogin.php on line 287
[24-Apr-2025 16:44:34 UTC] PHP Warning:  Trying to access array offset on value of type bool in /wordpress/wp-content/plugins/wp-userlogin/userlogin.php on line 288
[24-Apr-2025 16:44:34 UTC] PHP Warning:  Trying to access array offset on value of type bool in /wordpress/wp-content/plugins/wp-userlogin/userlogin.php on line 289
[24-Apr-2025 16:44:34 UTC] PHP Warning:  Trying to access array offset on value of type bool in /wordpress/wp-content/plugins/wp-userlogin/userlogin.php on line 290
[24-Apr-2025 16:44:34 UTC] PHP Warning:  Trying to access array offset on value of type bool in /wordpress/wp-content/plugins/wp-userlogin/userlogin.php on line 291
[24-Apr-2025 16:44:34 UTC] PHP Warning:  Trying to access array offset on value of type bool in /wordpress/wp-content/plugins/wp-userlogin/userlogin.php on line 292
[24-Apr-2025 16:44:34 UTC] PHP Warning:  Trying to access array offset on value of type bool in /wordpress/wp-content/plugins/wp-userlogin/userlogin.php on line 293
[24-Apr-2025 16:44:34 UTC] PHP Warning:  Trying to access array offset on value of type bool in /wordpress/wp-content/plugins/wp-userlogin/userlogin.php on line 294
[24-Apr-2025 16:44:35 UTC] PHP Deprecated:  Function register_sidebar_widget is <strong>deprecated</strong> since version 2.8.0! Use wp_register_sidebar_widget() instead. in /wordpress/wp-includes/functions.php on line 6121
[24-Apr-2025 16:44:35 UTC] PHP Fatal error:  Uncaught ArgumentCountError: Too few arguments to function WP_Widget::__construct(), 0 passed in /wordpress/wp-includes/class-wp-widget-factory.php on line 62 and at least 2 expected in /wordpress/wp-includes/class-wp-widget.php:163
Stack trace:
#0 /wordpress/wp-includes/class-wp-widget-factory.php(62): WP_Widget->__construct()
#1 /wordpress/wp-includes/widgets.php(123): WP_Widget_Factory->register('wpul_widget')
#2 /wordpress/wp-content/plugins/wp-userlogin/userlogin.php(381): register_widget('wpul_widget')
#3 /wordpress/wp-includes/class-wp-hook.php(324): register_wpul('')
#4 /wordpress/wp-includes/class-wp-hook.php(348): WP_Hook->apply_filters(NULL, Array)
#5 /wordpress/wp-includes/plugin.php(517): WP_Hook->do_action(Array)
#6 /wordpress/wp-includes/widgets.php(1870): do_action('widgets_init')
#7 /wordpress/wp-includes/class-wp-hook.php(324): wp_widgets_init('')
#8 /wordpress/wp-includes/class-wp-hook.php(348): WP_Hook->apply_filters(NULL, Array)
#9 /wordpress/wp-includes/plugin.php(517): WP_Hook->do_action(Array)
#10 /wordpress/wp-settings.php(727): do_action('init')
#11 /wordpress/wp-config.php(102): require_once('/wordpress/wp-s...')
#12 /wordpress/wp-load.php(50): require_once('/wordpress/wp-c...')
#13 /internal/eval.php(3): require_once('/wordpress/wp-l...')
#14 {main}
  thrown in /wordpress/wp-includes/class-wp-widget.php on line 163

    at Object.onBind (file:///home/runner/work/playground-tester/playground-tester/node_modules/@wp-playground/cli/index.js:237:15)
    at process.processTicksAndRejections (node:internal/process/task_queues:105:5)
    at async V (file:///home/runner/work/playground-tester/playground-tester/node_modules/@wp-playground/cli/index.js:64:10)
    at async ja (file:///home/runner/work/playground-tester/playground-tester/node_modules/@wp-playground/cli/cli.js:8161:12) {
  [cause]: Error: Error when executing the blueprint step #5 ({"step":"installPlugin","pluginData":{"resource":"wordpress.org/plugins","slug":"wp-userlogin"},"options":{"activate":true}}) : PHP.run() failed with exit code 255 and the following output: 
      at Object.run (file:///home/runner/work/playground-tester/playground-tester/node_modules/@wp-playground/blueprints/index.js:12449:19)
      at process.processTicksAndRejections (node:internal/process/task_queues:105:5)
      at async ms (file:///home/runner/work/playground-tester/playground-tester/node_modules/@wp-playground/blueprints/index.js:12552:3)
      ... 2 lines matching cause stack trace ...
      at async ja (file:///home/runner/work/playground-tester/playground-tester/node_modules/@wp-playground/cli/cli.js:8161:12) {
    [cause]: PHPExecutionFailureError: PHP.run() failed with exit code 255 and the following output: 
        at PHP.run (file:///home/runner/work/playground-tester/playground-tester/node_modules/@php-wasm/universal/index.js:987:19)
        at process.processTicksAndRejections (node:internal/process/task_queues:105:5)
        at async wr (file:///home/runner/work/playground-tester/playground-tester/node_modules/@wp-playground/blueprints/index.js:73:13)
        at async Object.gt [as installPlugin] (file:///home/runner/work/playground-tester/playground-tester/node_modules/@wp-playground/blueprints/index.js:974:42)
        at async g (file:///home/runner/work/playground-tester/playground-tester/node_modules/@wp-playground/blueprints/index.js:12517:30)
        at async Object.run (file:///home/runner/work/playground-tester/playground-tester/node_modules/@wp-playground/blueprints/index.js:12446:23)
        at async ms (file:///home/runner/work/playground-tester/playground-tester/node_modules/@wp-playground/blueprints/index.js:12552:3)
        at async Object.onBind (file:///home/runner/work/playground-tester/playground-tester/node_modules/@wp-playground/cli/index.js:227:48)
        at async V (file:///home/runner/work/playground-tester/playground-tester/node_modules/@wp-playground/cli/index.js:64:10)
        at async ja (file:///home/runner/work/playground-tester/playground-tester/node_modules/@wp-playground/cli/cli.js:8161:12) {
      response: PHPResponse {
        httpStatusCode: 500,
        headers: {
          'x-powered-by': [ 'PHP/8.0.30-dev' ],
          'content-type': [ 'text/html; charset=UTF-8' ],
          expires: [ 'Wed, 11 Jan 1984 05:00:00 GMT' ],
          'cache-control': [ 'no-cache, must-revalidate, max-age=0, no-store, private' ]
        },
        bytes: Uint8Array(2653) [
           60,  33,  68,  79,  67,  84,  89,  80,  69,  32, 104, 116,
          109, 108,  62,  10,  60, 104, 116, 109, 108,  32, 108,  97,
          110, 103,  61,  34, 101, 110,  45,  85,  83,  34,  62,  10,
           60, 104, 101,  97, 100,  62,  10,   9,  60, 109, 101, 116,
           97,  32, 104, 116, 116, 112,  45, 101, 113, 117, 105, 118,
           61,  34,  67, 111, 110, 116, 101, 110, 116,  45,  84, 121,
          112, 101,  34,  32,  99, 111, 110, 116, 101, 110, 116,  61,
           34, 116, 101, 120, 116,  47, 104, 116, 109, 108,  59,  32,
           99, 104,  97, 114,
          ... 2553 more items
        ],
        exitCode: 255,
        errors: ''
      },
      source: 'request'
    }
  }
}

Node.js v23.11.0
