file:///home/runner/work/playground-tester/playground-tester/node_modules/@wp-playground/cli/index.js:237
        throw new Error(y, { cause: u });
              ^

Error: [21-May-2025 18:57:34 UTC] WordPress database error <div style="clear:both">&nbsp;</div>
<div class="queries" style="clear:both;margin-bottom:2px;border:red dotted thin;">
<p>MySQL query:</p>
<p>CREATE TABLE wp_wml_entries (
            `id` int(11) PRIMARY KEY AUTO_INCREMENT NOT NULL,
            `to_email` VARCHAR(100) NOT NULL,
            `subject` VARCHAR(250) NOT NULL,
            `message` TEXT NOT NULL,
            `headers` TEXT NOT NULL,
            `attachments` VARCHAR(50) NOT NULL,
            `sent_date` VARCHAR(50) NOT NULL,
            `captured_gmt` VARCHAR(50) NOT NULL,
			`attachments_file` TEXT
            ) collate </p>
<p>Queries made or created this session were:</p>
<ol>
</ol>
</div>
<div style="clear:both;margin-bottom:2px;border:red dotted thin;" class="error_message" style="border-bottom:dotted blue thin;">
Failed to parse the MySQL query.
</div>
<p>Backtrace:</p>
<pre>#0 /internal/shared/sqlite-database-integration/wp-includes/sqlite-ast/class-wp-sqlite-driver.php(606): WP_SQLite_Driver->new_driver_exception('Failed to parse...')
#1 /internal/shared/sqlite-database-integration/wp-includes/sqlite/class-wp-sqlite-db.php(491): WP_SQLite_Driver->query('CREATE TABLE wp...')
#2 /internal/shared/sqlite-database-integration/wp-includes/sqlite/class-wp-sqlite-db.php(432): WP_SQLite_DB->_do_query('CREATE TABLE wp...')
#3 /wordpress/wp-admin/includes/upgrade.php(3280): WP_SQLite_DB->query('CREATE TABLE wp...')
#4 /wordpress/wp-content/plugins/wp-mail-log/classes/db-table.php(56): dbDelta(Array, true)
#5 /wordpress/wp-content/plugins/wp-mail-log/classes/db-table.php(25): WML\Classes\DbTable::create_db_table()
#6 /wordpress/wp-includes/class-wp-hook.php(324): WML\Classes\DbTable::wml_plugin_activated('')
#7 /wordpress/wp-includes/class-wp-hook.php(348): WP_Hook->apply_filters(NULL, Array)
#8 /wordpress/wp-includes/plugin.php(517): WP_Hook->do_action(Array)
#9 /wordpress/wp-settings.php(578): do_action('plugins_loaded')
#10 /wordpress/wp-config.php(102): require_once('/wordpress/wp-s...')
#11 /wordpress/wp-load.php(50): require_once('/wordpress/wp-c...')
#12 /internal/eval.php(3): require_once('/wordpress/wp-l...')
#13 {main}</pre>
 for query CREATE TABLE wp_wml_entries (
            `id` int(11) PRIMARY KEY AUTO_INCREMENT NOT NULL,
            `to_email` VARCHAR(100) NOT NULL,
            `subject` VARCHAR(250) NOT NULL,
            `message` TEXT NOT NULL,
            `headers` TEXT NOT NULL,
            `attachments` VARCHAR(50) NOT NULL,
            `sent_date` VARCHAR(50) NOT NULL,
            `captured_gmt` VARCHAR(50) NOT NULL,
			`attachments_file` TEXT
            ) collate  made by require_once('wp-load.php'), require_once('wp-config.php'), require_once('wp-settings.php'), do_action('plugins_loaded'), WP_Hook->do_action, WP_Hook->apply_filters, WML\Classes\DbTable::wml_plugin_activated, WML\Classes\DbTable::create_db_table, dbDelta, WP_SQLite_DB->query, WP_SQLite_DB->print_error
[21-May-2025 18:58:32 UTC] PHP Deprecated:  Required parameter $place follows optional parameter $num in /wordpress/wp-content/plugins/wp-qype/wp_qype.php on line 48
[21-May-2025 18:58:32 UTC] PHP Deprecated:  Required parameter $min_rating follows optional parameter $num in /wordpress/wp-content/plugins/wp-qype/wp_qype.php on line 48
[21-May-2025 18:58:34 UTC] PHP Deprecated:  Required parameter $place follows optional parameter $num in /wordpress/wp-content/plugins/wp-qype/wp_qype.php on line 48
[21-May-2025 18:58:34 UTC] PHP Deprecated:  Required parameter $min_rating follows optional parameter $num in /wordpress/wp-content/plugins/wp-qype/wp_qype.php on line 48
[21-May-2025 18:58:34 UTC] PHP Warning:  Trying to access array offset on value of type bool in /wordpress/wp-content/plugins/wp-qype/wp_qype.php on line 115
[21-May-2025 18:58:42 UTC] PHP Deprecated:  Required parameter $place follows optional parameter $num in /wordpress/wp-content/plugins/wp-qype/wp_qype.php on line 48
[21-May-2025 18:58:42 UTC] PHP Deprecated:  Required parameter $min_rating follows optional parameter $num in /wordpress/wp-content/plugins/wp-qype/wp_qype.php on line 48
[21-May-2025 18:58:43 UTC] PHP Deprecated:  Required parameter $place follows optional parameter $num in /wordpress/wp-content/plugins/wp-qype/wp_qype.php on line 48
[21-May-2025 18:58:43 UTC] PHP Deprecated:  Required parameter $min_rating follows optional parameter $num in /wordpress/wp-content/plugins/wp-qype/wp_qype.php on line 48
[21-May-2025 18:58:43 UTC] PHP Warning:  Trying to access array offset on value of type bool in /wordpress/wp-content/plugins/wp-qype/wp_qype.php on line 115
[21-May-2025 18:58:51 UTC] PHP Deprecated:  Required parameter $place follows optional parameter $num in /wordpress/wp-content/plugins/wp-qype/wp_qype.php on line 48
[21-May-2025 18:58:51 UTC] PHP Deprecated:  Required parameter $min_rating follows optional parameter $num in /wordpress/wp-content/plugins/wp-qype/wp_qype.php on line 48
[21-May-2025 18:58:52 UTC] PHP Deprecated:  Required parameter $place follows optional parameter $num in /wordpress/wp-content/plugins/wp-qype/wp_qype.php on line 48
[21-May-2025 18:58:52 UTC] PHP Deprecated:  Required parameter $min_rating follows optional parameter $num in /wordpress/wp-content/plugins/wp-qype/wp_qype.php on line 48
[21-May-2025 18:58:52 UTC] PHP Warning:  Trying to access array offset on value of type bool in /wordpress/wp-content/plugins/wp-qype/wp_qype.php on line 115
[21-May-2025 19:00:03 UTC] PHP Fatal error:  Uncaught PDOException: SQLSTATE[HY000] [2002] Address family not supported by protocol in /wordpress/wp-content/plugins/wp-xapi-lrs/include/WpUtil.php:43
Stack trace:
#0 /wordpress/wp-content/plugins/wp-xapi-lrs/include/WpUtil.php(43): PDO->__construct('mysql:host=loca...', 'username_here', 'password_here')
#1 /wordpress/wp-content/plugins/wp-xapi-lrs/wp-xapi-lrs.php(27): xapilrs\WpUtil::getCompatiblePdo()
#2 /wordpress/wp-includes/class-wp-hook.php(324): xapilrs_activate(false)
#3 /wordpress/wp-includes/class-wp-hook.php(348): WP_Hook->apply_filters('', Array)
#4 /wordpress/wp-includes/plugin.php(517): WP_Hook->do_action(Array)
#5 /wordpress/wp-admin/includes/plugin.php(703): do_action('activate_wp-xap...', false)
#6 /internal/eval.php(20): activate_plugin('wp-xapi-lrs/wp-...')
#7 {main}
  thrown in /wordpress/wp-content/plugins/wp-xapi-lrs/include/WpUtil.php on line 43
[21-May-2025 19:00:11 UTC] PHP Fatal error:  Uncaught PDOException: SQLSTATE[HY000] [2002] Address family not supported by protocol in /wordpress/wp-content/plugins/wp-xapi-lrs/include/WpUtil.php:43
Stack trace:
#0 /wordpress/wp-content/plugins/wp-xapi-lrs/include/WpUtil.php(43): PDO->__construct('mysql:host=loca...', 'username_here', 'password_here')
#1 /wordpress/wp-content/plugins/wp-xapi-lrs/wp-xapi-lrs.php(27): xapilrs\WpUtil::getCompatiblePdo()
#2 /wordpress/wp-includes/class-wp-hook.php(324): xapilrs_activate(false)
#3 /wordpress/wp-includes/class-wp-hook.php(348): WP_Hook->apply_filters('', Array)
#4 /wordpress/wp-includes/plugin.php(517): WP_Hook->do_action(Array)
#5 /wordpress/wp-admin/includes/plugin.php(703): do_action('activate_wp-xap...', false)
#6 /internal/eval.php(20): activate_plugin('wp-xapi-lrs/wp-...')
#7 {main}
  thrown in /wordpress/wp-content/plugins/wp-xapi-lrs/include/WpUtil.php on line 43
[21-May-2025 19:00:20 UTC] PHP Fatal error:  Uncaught PDOException: SQLSTATE[HY000] [2002] Address family not supported by protocol in /wordpress/wp-content/plugins/wp-xapi-lrs/include/WpUtil.php:43
Stack trace:
#0 /wordpress/wp-content/plugins/wp-xapi-lrs/include/WpUtil.php(43): PDO->__construct('mysql:host=loca...', 'username_here', 'password_here')
#1 /wordpress/wp-content/plugins/wp-xapi-lrs/wp-xapi-lrs.php(27): xapilrs\WpUtil::getCompatiblePdo()
#2 /wordpress/wp-includes/class-wp-hook.php(324): xapilrs_activate(false)
#3 /wordpress/wp-includes/class-wp-hook.php(348): WP_Hook->apply_filters('', Array)
#4 /wordpress/wp-includes/plugin.php(517): WP_Hook->do_action(Array)
#5 /wordpress/wp-admin/includes/plugin.php(703): do_action('activate_wp-xap...', false)
#6 /internal/eval.php(20): activate_plugin('wp-xapi-lrs/wp-...')
#7 {main}
  thrown in /wordpress/wp-content/plugins/wp-xapi-lrs/include/WpUtil.php on line 43
[21-May-2025 19:00:59 UTC] PHP Fatal error:  Uncaught ArgumentCountError: Too few arguments to function WP_Widget::__construct(), 0 passed in /wordpress/wp-includes/class-wp-widget-factory.php on line 62 and at least 2 expected in /wordpress/wp-includes/class-wp-widget.php:163
Stack trace:
#0 /wordpress/wp-includes/class-wp-widget-factory.php(62): WP_Widget->__construct()
#1 /wordpress/wp-includes/widgets.php(123): WP_Widget_Factory->register('wprestashop_cat...')
#2 /wordpress/wp-content/plugins/wprestashop/widget.php(35): register_widget('wprestashop_cat...')
#3 /wordpress/wp-includes/class-wp-hook.php(324): wprestashop_load_widgets('')
#4 /wordpress/wp-includes/class-wp-hook.php(348): WP_Hook->apply_filters(NULL, Array)
#5 /wordpress/wp-includes/plugin.php(517): WP_Hook->do_action(Array)
#6 /wordpress/wp-includes/widgets.php(1870): do_action('widgets_init')
#7 /wordpress/wp-includes/class-wp-hook.php(324): wp_widgets_init('')
#8 /wordpress/wp-includes/class-wp-hook.php(348): WP_Hook->apply_filters(NULL, Array)
#9 /wordpress/wp-includes/plugin.php(517): WP_Hook->do_action(Array)
#10 /wordpress/wp-settings.php(727): do_action('init')
#11 /wordpress/wp-config.php(102): require_once('/wordpress/wp-s...')
#12 /wordpress/wp-load.php(50): require_once('/wordpress/wp-c...')
#13 /internal/eval.php(3): require_once('/wordpress/wp-l...')
#14 {main}
  thrown in /wordpress/wp-includes/class-wp-widget.php on line 163

    at Object.onBind (file:///home/runner/work/playground-tester/playground-tester/node_modules/@wp-playground/cli/index.js:237:15)
    at process.processTicksAndRejections (node:internal/process/task_queues:105:5)
    at async V (file:///home/runner/work/playground-tester/playground-tester/node_modules/@wp-playground/cli/index.js:64:10)
    at async ja (file:///home/runner/work/playground-tester/playground-tester/node_modules/@wp-playground/cli/cli.js:8161:12) {
  [cause]: Error: Error when executing the blueprint step #5 ({"step":"installPlugin","pluginData":{"resource":"wordpress.org/plugins","slug":"wprestashop"},"options":{"activate":true}}) : PHP.run() failed with exit code 255 and the following output: 
      at Object.run (file:///home/runner/work/playground-tester/playground-tester/node_modules/@wp-playground/blueprints/index.js:12449:19)
      at process.processTicksAndRejections (node:internal/process/task_queues:105:5)
      at async ms (file:///home/runner/work/playground-tester/playground-tester/node_modules/@wp-playground/blueprints/index.js:12552:3)
      ... 2 lines matching cause stack trace ...
      at async ja (file:///home/runner/work/playground-tester/playground-tester/node_modules/@wp-playground/cli/cli.js:8161:12) {
    [cause]: PHPExecutionFailureError: PHP.run() failed with exit code 255 and the following output: 
        at PHP.run (file:///home/runner/work/playground-tester/playground-tester/node_modules/@php-wasm/universal/index.js:987:19)
        at process.processTicksAndRejections (node:internal/process/task_queues:105:5)
        at async wr (file:///home/runner/work/playground-tester/playground-tester/node_modules/@wp-playground/blueprints/index.js:73:13)
        at async Object.gt [as installPlugin] (file:///home/runner/work/playground-tester/playground-tester/node_modules/@wp-playground/blueprints/index.js:974:42)
        at async g (file:///home/runner/work/playground-tester/playground-tester/node_modules/@wp-playground/blueprints/index.js:12517:30)
        at async Object.run (file:///home/runner/work/playground-tester/playground-tester/node_modules/@wp-playground/blueprints/index.js:12446:23)
        at async ms (file:///home/runner/work/playground-tester/playground-tester/node_modules/@wp-playground/blueprints/index.js:12552:3)
        at async Object.onBind (file:///home/runner/work/playground-tester/playground-tester/node_modules/@wp-playground/cli/index.js:227:48)
        at async V (file:///home/runner/work/playground-tester/playground-tester/node_modules/@wp-playground/cli/index.js:64:10)
        at async ja (file:///home/runner/work/playground-tester/playground-tester/node_modules/@wp-playground/cli/cli.js:8161:12) {
      response: PHPResponse {
        httpStatusCode: 500,
        headers: {
          'x-powered-by': [ 'PHP/8.0.30-dev' ],
          'content-type': [ 'text/html; charset=UTF-8' ],
          expires: [ 'Wed, 11 Jan 1984 05:00:00 GMT' ],
          'cache-control': [ 'no-cache, must-revalidate, max-age=0, no-store, private' ]
        },
        bytes: Uint8Array(2653) [
           60,  33,  68,  79,  67,  84,  89,  80,  69,  32, 104, 116,
          109, 108,  62,  10,  60, 104, 116, 109, 108,  32, 108,  97,
          110, 103,  61,  34, 101, 110,  45,  85,  83,  34,  62,  10,
           60, 104, 101,  97, 100,  62,  10,   9,  60, 109, 101, 116,
           97,  32, 104, 116, 116, 112,  45, 101, 113, 117, 105, 118,
           61,  34,  67, 111, 110, 116, 101, 110, 116,  45,  84, 121,
          112, 101,  34,  32,  99, 111, 110, 116, 101, 110, 116,  61,
           34, 116, 101, 120, 116,  47, 104, 116, 109, 108,  59,  32,
           99, 104,  97, 114,
          ... 2553 more items
        ],
        exitCode: 255,
        errors: ''
      },
      source: 'request'
    }
  }
}

Node.js v23.11.0
