[
{"message":"file:///home/runner/work/playground-tester/playground-tester/node_modules/@wp-playground/cli/run-cli-j-geJYS3.js:325\n        throw new Error($, { cause: h });\n              ^\n","level":"FATAL","type":"PLAYGROUND","test":"jspi-boot","plugin":"ct-contact","details":"file:///home/runner/work/playground-tester/playground-tester/node_modules/@wp-playground/cli/run-cli-j-geJYS3.js:325\n        throw new Error($, { cause: h });\n              ^\n","log":"/tmp/tmp.npZfQx3xyf"}
,
{"message":"Private methods cannot be final as they are never overridden by other classes in /wordpress/wp-content/plugins/circle-progress-bar/includes/class-circle-progress-bar-singleton.php on line 47","level":"WARNING","type":"PHP","test":"jspi-boot","plugin":"ct-contact","details":"[18-Jun-2025 03:45:58 UTC] PHP Warning:  Private methods cannot be final as they are never overridden by other classes in /wordpress/wp-content/plugins/circle-progress-bar/includes/class-circle-progress-bar-singleton.php on line 47","log":"/logs/plugins/c/ct-contact/error.json"}
,
{"message":"Private methods cannot be final as they are never overridden by other classes in /wordpress/wp-content/plugins/circle-progress-bar/includes/class-circle-progress-bar-singleton.php on line 47","level":"WARNING","type":"PHP","test":"jspi-boot","plugin":"ct-contact","details":"[18-Jun-2025 03:45:59 UTC] PHP Warning:  Private methods cannot be final as they are never overridden by other classes in /wordpress/wp-content/plugins/circle-progress-bar/includes/class-circle-progress-bar-singleton.php on line 47","log":"/logs/plugins/c/ct-contact/error.json"}
,
{"message":"Private methods cannot be final as they are never overridden by other classes in /wordpress/wp-content/plugins/circle-progress-bar/includes/class-circle-progress-bar-singleton.php on line 47","level":"WARNING","type":"PHP","test":"jspi-boot","plugin":"ct-contact","details":"[18-Jun-2025 03:46:08 UTC] PHP Warning:  Private methods cannot be final as they are never overridden by other classes in /wordpress/wp-content/plugins/circle-progress-bar/includes/class-circle-progress-bar-singleton.php on line 47","log":"/logs/plugins/c/ct-contact/error.json"}
,
{"message":"Private methods cannot be final as they are never overridden by other classes in /wordpress/wp-content/plugins/circle-progress-bar/includes/class-circle-progress-bar-singleton.php on line 47","level":"WARNING","type":"PHP","test":"jspi-boot","plugin":"ct-contact","details":"[18-Jun-2025 03:46:09 UTC] PHP Warning:  Private methods cannot be final as they are never overridden by other classes in /wordpress/wp-content/plugins/circle-progress-bar/includes/class-circle-progress-bar-singleton.php on line 47","log":"/logs/plugins/c/ct-contact/error.json"}
,
{"message":"Private methods cannot be final as they are never overridden by other classes in /wordpress/wp-content/plugins/circle-progress-bar/includes/class-circle-progress-bar-singleton.php on line 47","level":"WARNING","type":"PHP","test":"jspi-boot","plugin":"ct-contact","details":"[18-Jun-2025 03:46:17 UTC] PHP Warning:  Private methods cannot be final as they are never overridden by other classes in /wordpress/wp-content/plugins/circle-progress-bar/includes/class-circle-progress-bar-singleton.php on line 47","log":"/logs/plugins/c/ct-contact/error.json"}
,
{"message":"Private methods cannot be final as they are never overridden by other classes in /wordpress/wp-content/plugins/circle-progress-bar/includes/class-circle-progress-bar-singleton.php on line 47","level":"WARNING","type":"PHP","test":"jspi-boot","plugin":"ct-contact","details":"[18-Jun-2025 03:46:18 UTC] PHP Warning:  Private methods cannot be final as they are never overridden by other classes in /wordpress/wp-content/plugins/circle-progress-bar/includes/class-circle-progress-bar-singleton.php on line 47","log":"/logs/plugins/c/ct-contact/error.json"}
,
{"message":"Undefined variable $sql in /wordpress/wp-content/plugins/cleverwise-daily-quotes/dqa.php on line 1037","level":"WARNING","type":"PHP","test":"jspi-boot","plugin":"ct-contact","details":"[18-Jun-2025 03:46:27 UTC] PHP Warning:  Undefined variable $sql in /wordpress/wp-content/plugins/cleverwise-daily-quotes/dqa.php on line 1037","log":"/logs/plugins/c/ct-contact/error.json"}
,
{"message":"Undefined variable $sql in /wordpress/wp-content/plugins/cleverwise-daily-quotes/dqa.php on line 1037","level":"WARNING","type":"PHP","test":"jspi-boot","plugin":"ct-contact","details":"[18-Jun-2025 03:46:37 UTC] PHP Warning:  Undefined variable $sql in /wordpress/wp-content/plugins/cleverwise-daily-quotes/dqa.php on line 1037","log":"/logs/plugins/c/ct-contact/error.json"}
,
{"message":"Undefined variable $sql in /wordpress/wp-content/plugins/cleverwise-daily-quotes/dqa.php on line 1037","level":"WARNING","type":"PHP","test":"jspi-boot","plugin":"ct-contact","details":"[18-Jun-2025 03:46:46 UTC] PHP Warning:  Undefined variable $sql in /wordpress/wp-content/plugins/cleverwise-daily-quotes/dqa.php on line 1037","log":"/logs/plugins/c/ct-contact/error.json"}
,
{"message":"Uncaught Error: Call to undefined function create_function() in /wordpress/wp-content/plugins/cocatech-podcast/widget.php:73","level":"FATAL","type":"PHP","test":"jspi-boot","plugin":"ct-contact","details":"[18-Jun-2025 03:46:56 UTC] PHP Fatal error:  Uncaught Error: Call to undefined function create_function() in /wordpress/wp-content/plugins/cocatech-podcast/widget.php:73\nStack trace:\n#0 /wordpress/wp-content/plugins/cocatech-podcast/cocatech-podcast.php(12): require_once()\n#1 /wordpress/wp-admin/includes/plugin.php(2387): include_once('/wordpress/wp-c...')\n#2 /wordpress/wp-admin/includes/plugin.php(673): plugin_sandbox_scrape('cocatech-podcas...')\n#3 /internal/eval.php(20): activate_plugin('cocatech-podcas...')\n#4 {main}\n  thrown in /wordpress/wp-content/plugins/cocatech-podcast/widget.php on line 73","log":"/logs/plugins/c/ct-contact/error.json"}
,
{"message":"Uncaught Error: Call to undefined function create_function() in /wordpress/wp-content/plugins/cocatech-podcast/widget.php:73","level":"FATAL","type":"PHP","test":"jspi-boot","plugin":"ct-contact","details":"[18-Jun-2025 03:47:04 UTC] PHP Fatal error:  Uncaught Error: Call to undefined function create_function() in /wordpress/wp-content/plugins/cocatech-podcast/widget.php:73\nStack trace:\n#0 /wordpress/wp-content/plugins/cocatech-podcast/cocatech-podcast.php(12): require_once()\n#1 /wordpress/wp-admin/includes/plugin.php(2387): include_once('/wordpress/wp-c...')\n#2 /wordpress/wp-admin/includes/plugin.php(673): plugin_sandbox_scrape('cocatech-podcas...')\n#3 /internal/eval.php(20): activate_plugin('cocatech-podcas...')\n#4 {main}\n  thrown in /wordpress/wp-content/plugins/cocatech-podcast/widget.php on line 73","log":"/logs/plugins/c/ct-contact/error.json"}
,
{"message":"Uncaught Error: Call to undefined function create_function() in /wordpress/wp-content/plugins/cocatech-podcast/widget.php:73","level":"FATAL","type":"PHP","test":"jspi-boot","plugin":"ct-contact","details":"[18-Jun-2025 03:47:11 UTC] PHP Fatal error:  Uncaught Error: Call to undefined function create_function() in /wordpress/wp-content/plugins/cocatech-podcast/widget.php:73\nStack trace:\n#0 /wordpress/wp-content/plugins/cocatech-podcast/cocatech-podcast.php(12): require_once()\n#1 /wordpress/wp-admin/includes/plugin.php(2387): include_once('/wordpress/wp-c...')\n#2 /wordpress/wp-admin/includes/plugin.php(673): plugin_sandbox_scrape('cocatech-podcas...')\n#3 /internal/eval.php(20): activate_plugin('cocatech-podcas...')\n#4 {main}\n  thrown in /wordpress/wp-content/plugins/cocatech-podcast/widget.php on line 73","log":"/logs/plugins/c/ct-contact/error.json"}
,
{"message":"Uncaught Error: Call to undefined function create_function() in /wordpress/wp-content/plugins/colorful-text-widget/colorful-text-widget.php:74","level":"FATAL","type":"PHP","test":"jspi-boot","plugin":"ct-contact","details":"[18-Jun-2025 03:47:20 UTC] PHP Fatal error:  Uncaught Error: Call to undefined function create_function() in /wordpress/wp-content/plugins/colorful-text-widget/colorful-text-widget.php:74\nStack trace:\n#0 /wordpress/wp-admin/includes/plugin.php(2387): include_once()\n#1 /wordpress/wp-admin/includes/plugin.php(673): plugin_sandbox_scrape('colorful-text-w...')\n#2 /internal/eval.php(20): activate_plugin('colorful-text-w...')\n#3 {main}\n  thrown in /wordpress/wp-content/plugins/colorful-text-widget/colorful-text-widget.php on line 74","log":"/logs/plugins/c/ct-contact/error.json"}
,
{"message":"Uncaught Error: Call to undefined function create_function() in /wordpress/wp-content/plugins/colorful-text-widget/colorful-text-widget.php:74","level":"FATAL","type":"PHP","test":"jspi-boot","plugin":"ct-contact","details":"[18-Jun-2025 03:47:27 UTC] PHP Fatal error:  Uncaught Error: Call to undefined function create_function() in /wordpress/wp-content/plugins/colorful-text-widget/colorful-text-widget.php:74\nStack trace:\n#0 /wordpress/wp-admin/includes/plugin.php(2387): include_once()\n#1 /wordpress/wp-admin/includes/plugin.php(673): plugin_sandbox_scrape('colorful-text-w...')\n#2 /internal/eval.php(20): activate_plugin('colorful-text-w...')\n#3 {main}\n  thrown in /wordpress/wp-content/plugins/colorful-text-widget/colorful-text-widget.php on line 74","log":"/logs/plugins/c/ct-contact/error.json"}
,
{"message":"Uncaught Error: Call to undefined function create_function() in /wordpress/wp-content/plugins/colorful-text-widget/colorful-text-widget.php:74","level":"FATAL","type":"PHP","test":"jspi-boot","plugin":"ct-contact","details":"[18-Jun-2025 03:47:34 UTC] PHP Fatal error:  Uncaught Error: Call to undefined function create_function() in /wordpress/wp-content/plugins/colorful-text-widget/colorful-text-widget.php:74\nStack trace:\n#0 /wordpress/wp-admin/includes/plugin.php(2387): include_once()\n#1 /wordpress/wp-admin/includes/plugin.php(673): plugin_sandbox_scrape('colorful-text-w...')\n#2 /internal/eval.php(20): activate_plugin('colorful-text-w...')\n#3 {main}\n  thrown in /wordpress/wp-content/plugins/colorful-text-widget/colorful-text-widget.php on line 74","log":"/logs/plugins/c/ct-contact/error.json"}
,
{"message":"Undefined array key \"HTTP_USER_AGENT\" in /wordpress/wp-content/plugins/contact-switcheroo/contact-switcheroo.php on line 11","level":"WARNING","type":"PHP","test":"jspi-boot","plugin":"ct-contact","details":"[18-Jun-2025 03:49:09 UTC] PHP Warning:  Undefined array key \"HTTP_USER_AGENT\" in /wordpress/wp-content/plugins/contact-switcheroo/contact-switcheroo.php on line 11","log":"/logs/plugins/c/ct-contact/error.json"}
,
{"message":"Undefined array key \"HTTP_USER_AGENT\" in /wordpress/wp-content/plugins/contact-switcheroo/contact-switcheroo.php on line 11","level":"WARNING","type":"PHP","test":"jspi-boot","plugin":"ct-contact","details":"[18-Jun-2025 03:49:10 UTC] PHP Warning:  Undefined array key \"HTTP_USER_AGENT\" in /wordpress/wp-content/plugins/contact-switcheroo/contact-switcheroo.php on line 11","log":"/logs/plugins/c/ct-contact/error.json"}
,
{"message":"Undefined array key \"HTTP_USER_AGENT\" in /wordpress/wp-content/plugins/contact-switcheroo/contact-switcheroo.php on line 11","level":"WARNING","type":"PHP","test":"jspi-boot","plugin":"ct-contact","details":"[18-Jun-2025 03:49:18 UTC] PHP Warning:  Undefined array key \"HTTP_USER_AGENT\" in /wordpress/wp-content/plugins/contact-switcheroo/contact-switcheroo.php on line 11","log":"/logs/plugins/c/ct-contact/error.json"}
,
{"message":"Undefined array key \"HTTP_USER_AGENT\" in /wordpress/wp-content/plugins/contact-switcheroo/contact-switcheroo.php on line 11","level":"WARNING","type":"PHP","test":"jspi-boot","plugin":"ct-contact","details":"[18-Jun-2025 03:49:19 UTC] PHP Warning:  Undefined array key \"HTTP_USER_AGENT\" in /wordpress/wp-content/plugins/contact-switcheroo/contact-switcheroo.php on line 11","log":"/logs/plugins/c/ct-contact/error.json"}
,
{"message":"Undefined array key \"HTTP_USER_AGENT\" in /wordpress/wp-content/plugins/contact-switcheroo/contact-switcheroo.php on line 11","level":"WARNING","type":"PHP","test":"jspi-boot","plugin":"ct-contact","details":"[18-Jun-2025 03:49:27 UTC] PHP Warning:  Undefined array key \"HTTP_USER_AGENT\" in /wordpress/wp-content/plugins/contact-switcheroo/contact-switcheroo.php on line 11","log":"/logs/plugins/c/ct-contact/error.json"}
,
{"message":"Undefined array key \"HTTP_USER_AGENT\" in /wordpress/wp-content/plugins/contact-switcheroo/contact-switcheroo.php on line 11","level":"WARNING","type":"PHP","test":"jspi-boot","plugin":"ct-contact","details":"[18-Jun-2025 03:49:29 UTC] PHP Warning:  Undefined array key \"HTTP_USER_AGENT\" in /wordpress/wp-content/plugins/contact-switcheroo/contact-switcheroo.php on line 11","log":"/logs/plugins/c/ct-contact/error.json"}
,
{"message":"Required parameter $convers8_user_id follows optional parameter $status in /wordpress/wp-content/plugins/convers8/connect.php on line 80","level":"DEPRECATED","type":"PHP","test":"jspi-boot","plugin":"ct-contact","details":"[18-Jun-2025 03:49:38 UTC] PHP Deprecated:  Required parameter $convers8_user_id follows optional parameter $status in /wordpress/wp-content/plugins/convers8/connect.php on line 80","log":"/logs/plugins/c/ct-contact/error.json"}
,
{"message":"File registration.php is <strong>deprecated</strong> since version 3.1.0 with no alternative available. This file no longer needs to be included. in /wordpress/wp-includes/functions.php on line 6121","level":"DEPRECATED","type":"PHP","test":"jspi-boot","plugin":"ct-contact","details":"[18-Jun-2025 03:49:38 UTC] PHP Deprecated:  File registration.php is <strong>deprecated</strong> since version 3.1.0 with no alternative available. This file no longer needs to be included. in /wordpress/wp-includes/functions.php on line 6121","log":"/logs/plugins/c/ct-contact/error.json"}
,
{"message":"Uncaught Error: Undefined constant \"CONVERS8_LOGIN_FAILED\" in /wordpress/wp-content/plugins/convers8/connect.php:4","level":"FATAL","type":"PHP","test":"jspi-boot","plugin":"ct-contact","details":"[18-Jun-2025 03:49:38 UTC] PHP Fatal error:  Uncaught Error: Undefined constant \"CONVERS8_LOGIN_FAILED\" in /wordpress/wp-content/plugins/convers8/connect.php:4\nStack trace:\n#0 /wordpress/wp-content/plugins/convers8/Convers8.php(20): include_once()\n#1 /wordpress/wp-admin/includes/plugin.php(2387): include_once('/wordpress/wp-c...')\n#2 /wordpress/wp-admin/includes/plugin.php(673): plugin_sandbox_scrape('convers8/Conver...')\n#3 /internal/eval.php(20): activate_plugin('convers8/Conver...')\n#4 {main}\n  thrown in /wordpress/wp-content/plugins/convers8/connect.php on line 4","log":"/logs/plugins/c/ct-contact/error.json"}
,
{"message":"Required parameter $convers8_user_id follows optional parameter $status in /wordpress/wp-content/plugins/convers8/connect.php on line 80","level":"DEPRECATED","type":"PHP","test":"jspi-boot","plugin":"ct-contact","details":"[18-Jun-2025 03:49:46 UTC] PHP Deprecated:  Required parameter $convers8_user_id follows optional parameter $status in /wordpress/wp-content/plugins/convers8/connect.php on line 80","log":"/logs/plugins/c/ct-contact/error.json"}
,
{"message":"File registration.php is <strong>deprecated</strong> since version 3.1.0 with no alternative available. This file no longer needs to be included. in /wordpress/wp-includes/functions.php on line 6121","level":"DEPRECATED","type":"PHP","test":"jspi-boot","plugin":"ct-contact","details":"[18-Jun-2025 03:49:46 UTC] PHP Deprecated:  File registration.php is <strong>deprecated</strong> since version 3.1.0 with no alternative available. This file no longer needs to be included. in /wordpress/wp-includes/functions.php on line 6121","log":"/logs/plugins/c/ct-contact/error.json"}
,
{"message":"Uncaught Error: Undefined constant \"CONVERS8_LOGIN_FAILED\" in /wordpress/wp-content/plugins/convers8/connect.php:4","level":"FATAL","type":"PHP","test":"jspi-boot","plugin":"ct-contact","details":"[18-Jun-2025 03:49:46 UTC] PHP Fatal error:  Uncaught Error: Undefined constant \"CONVERS8_LOGIN_FAILED\" in /wordpress/wp-content/plugins/convers8/connect.php:4\nStack trace:\n#0 /wordpress/wp-content/plugins/convers8/Convers8.php(20): include_once()\n#1 /wordpress/wp-admin/includes/plugin.php(2387): include_once('/wordpress/wp-c...')\n#2 /wordpress/wp-admin/includes/plugin.php(673): plugin_sandbox_scrape('convers8/Conver...')\n#3 /internal/eval.php(20): activate_plugin('convers8/Conver...')\n#4 {main}\n  thrown in /wordpress/wp-content/plugins/convers8/connect.php on line 4","log":"/logs/plugins/c/ct-contact/error.json"}
,
{"message":"Required parameter $convers8_user_id follows optional parameter $status in /wordpress/wp-content/plugins/convers8/connect.php on line 80","level":"DEPRECATED","type":"PHP","test":"jspi-boot","plugin":"ct-contact","details":"[18-Jun-2025 03:49:55 UTC] PHP Deprecated:  Required parameter $convers8_user_id follows optional parameter $status in /wordpress/wp-content/plugins/convers8/connect.php on line 80","log":"/logs/plugins/c/ct-contact/error.json"}
,
{"message":"File registration.php is <strong>deprecated</strong> since version 3.1.0 with no alternative available. This file no longer needs to be included. in /wordpress/wp-includes/functions.php on line 6121","level":"DEPRECATED","type":"PHP","test":"jspi-boot","plugin":"ct-contact","details":"[18-Jun-2025 03:49:55 UTC] PHP Deprecated:  File registration.php is <strong>deprecated</strong> since version 3.1.0 with no alternative available. This file no longer needs to be included. in /wordpress/wp-includes/functions.php on line 6121","log":"/logs/plugins/c/ct-contact/error.json"}
,
{"message":"Uncaught Error: Undefined constant \"CONVERS8_LOGIN_FAILED\" in /wordpress/wp-content/plugins/convers8/connect.php:4","level":"FATAL","type":"PHP","test":"jspi-boot","plugin":"ct-contact","details":"[18-Jun-2025 03:49:55 UTC] PHP Fatal error:  Uncaught Error: Undefined constant \"CONVERS8_LOGIN_FAILED\" in /wordpress/wp-content/plugins/convers8/connect.php:4\nStack trace:\n#0 /wordpress/wp-content/plugins/convers8/Convers8.php(20): include_once()\n#1 /wordpress/wp-admin/includes/plugin.php(2387): include_once('/wordpress/wp-c...')\n#2 /wordpress/wp-admin/includes/plugin.php(673): plugin_sandbox_scrape('convers8/Conver...')\n#3 /internal/eval.php(20): activate_plugin('convers8/Conver...')\n#4 {main}\n  thrown in /wordpress/wp-content/plugins/convers8/connect.php on line 4","log":"/logs/plugins/c/ct-contact/error.json"}
,
{"message":"Uncaught Error: Call to undefined function create_function() in /wordpress/wp-content/plugins/ct-contact/ct-contact.php:124","level":"FATAL","type":"PHP","test":"jspi-boot","plugin":"ct-contact","details":"[18-Jun-2025 03:52:51 UTC] PHP Fatal error:  Uncaught Error: Call to undefined function create_function() in /wordpress/wp-content/plugins/ct-contact/ct-contact.php:124\nStack trace:\n#0 /wordpress/wp-admin/includes/plugin.php(2387): include_once()\n#1 /wordpress/wp-admin/includes/plugin.php(673): plugin_sandbox_scrape('ct-contact/ct-c...')\n#2 /internal/eval.php(20): activate_plugin('ct-contact/ct-c...')\n#3 {main}\n  thrown in /wordpress/wp-content/plugins/ct-contact/ct-contact.php on line 124","log":"/logs/plugins/c/ct-contact/error.json"}
,
{"message":"Uncaught Error: Call to undefined function create_function() in /wordpress/wp-content/plugins/ct-contact/ct-contact.php:124","level":"FATAL","type":"PHP","test":"jspi-boot","plugin":"ct-contact","details":"[18-Jun-2025 03:52:58 UTC] PHP Fatal error:  Uncaught Error: Call to undefined function create_function() in /wordpress/wp-content/plugins/ct-contact/ct-contact.php:124\nStack trace:\n#0 /wordpress/wp-admin/includes/plugin.php(2387): include_once()\n#1 /wordpress/wp-admin/includes/plugin.php(673): plugin_sandbox_scrape('ct-contact/ct-c...')\n#2 /internal/eval.php(20): activate_plugin('ct-contact/ct-c...')\n#3 {main}\n  thrown in /wordpress/wp-content/plugins/ct-contact/ct-contact.php on line 124","log":"/logs/plugins/c/ct-contact/error.json"}
,
{"message":"Uncaught Error: Call to undefined function create_function() in /wordpress/wp-content/plugins/ct-contact/ct-contact.php:124","level":"FATAL","type":"PHP","test":"jspi-boot","plugin":"ct-contact","details":"[18-Jun-2025 03:53:06 UTC] PHP Fatal error:  Uncaught Error: Call to undefined function create_function() in /wordpress/wp-content/plugins/ct-contact/ct-contact.php:124\nStack trace:\n#0 /wordpress/wp-admin/includes/plugin.php(2387): include_once()\n#1 /wordpress/wp-admin/includes/plugin.php(673): plugin_sandbox_scrape('ct-contact/ct-c...')\n#2 /internal/eval.php(20): activate_plugin('ct-contact/ct-c...')\n#3 {main}\n  thrown in /wordpress/wp-content/plugins/ct-contact/ct-contact.php on line 124\n\n    at Object.onBind (file:///home/runner/work/playground-tester/playground-tester/node_modules/@wp-playground/cli/run-cli-j-geJYS3.js:325:15)\n    at process.processTicksAndRejections (node:internal/process/task_queues:105:5)\n    at async re (file:///home/runner/work/playground-tester/playground-tester/node_modules/@wp-playground/cli/run-cli-j-geJYS3.js:149:10) {\n  [cause]: Error: Error when executing the blueprint step #1 ({\"step\":\"installPlugin\",\"pluginData\":{\"resource\":\"wordpress.org/plugins\",\"slug\":\"ct-contact\"},\"options\":{\"activate\":true}}) : PHP.run() failed with exit code 255 and the following output: \n      at Object.run (file:///home/runner/work/playground-tester/playground-tester/node_modules/@wp-playground/blueprints/index.js:12093:19)\n      at process.processTicksAndRejections (node:internal/process/task_queues:105:5)\n      at async ys (file:///home/runner/work/playground-tester/playground-tester/node_modules/@wp-playground/blueprints/index.js:12196:3)\n      at async Object.onBind (file:///home/runner/work/playground-tester/playground-tester/node_modules/@wp-playground/cli/run-cli-j-geJYS3.js:315:48)\n      at async re (file:///home/runner/work/playground-tester/playground-tester/node_modules/@wp-playground/cli/run-cli-j-geJYS3.js:149:10) {\n    [cause]: PHPExecutionFailureError: PHP.run() failed with exit code 255 and the following output: \n        at PHP.run (file:///home/runner/work/playground-tester/playground-tester/node_modules/@php-wasm/universal/index.js:1034:19)\n        at process.processTicksAndRejections (node:internal/process/task_queues:105:5)\n        at async wr (file:///home/runner/work/playground-tester/playground-tester/node_modules/@wp-playground/blueprints/index.js:34:39)\n        at async Object.gt [as installPlugin] (file:///home/runner/work/playground-tester/playground-tester/node_modules/@wp-playground/blueprints/index.js:631:42)\n        at async g (file:///home/runner/work/playground-tester/playground-tester/node_modules/@wp-playground/blueprints/index.js:12161:30)\n        at async Object.run (file:///home/runner/work/playground-tester/playground-tester/node_modules/@wp-playground/blueprints/index.js:12090:23)\n        at async ys (file:///home/runner/work/playground-tester/playground-tester/node_modules/@wp-playground/blueprints/index.js:12196:3)\n        at async Object.onBind (file:///home/runner/work/playground-tester/playground-tester/node_modules/@wp-playground/cli/run-cli-j-geJYS3.js:315:48)\n        at async re (file:///home/runner/work/playground-tester/playground-tester/node_modules/@wp-playground/cli/run-cli-j-geJYS3.js:149:10) {\n      response: PHPResponse {\n        httpStatusCode: 500,\n        headers: {\n          'x-powered-by': [ 'PHP/8.0.30-dev' ],\n          'content-type': [ 'text/html; charset=UTF-8' ]\n        },\n        bytes: Uint8Array(0) [],\n        exitCode: 255,\n        errors: ''\n      },\n      source: 'request'\n    }\n  }\n}\n\n","log":"/logs/plugins/c/ct-contact/error.json"}
]
