[
{"message":"file:///home/runner/work/playground-tester/playground-tester/node_modules/@wp-playground/cli/index.js:237\n        throw new Error(y, { cause: u });\n              ^\n","level":"FATAL","type":"PLAYGROUND","test":"jspi-boot","plugin":"ep-hashimage","details":"file:///home/runner/work/playground-tester/playground-tester/node_modules/@wp-playground/cli/index.js:237\n        throw new Error(y, { cause: u });\n              ^\n","log":"/tmp/tmp.dSe9O4P31X"}
,
{"message":"ob_end_flush(): Failed to delete and flush buffer. No buffer to delete or flush in Unknown on line 0","level":"NOTICE","type":"PHP","test":"jspi-boot","plugin":"ep-hashimage","details":"[19-May-2025 15:31:55 UTC] PHP Notice:  ob_end_flush(): Failed to delete and flush buffer. No buffer to delete or flush in Unknown on line 0","log":"/logs/plugins/e/ep-hashimage/error.json"}
,
{"message":"ob_end_flush(): Failed to delete and flush buffer. No buffer to delete or flush in Unknown on line 0","level":"NOTICE","type":"PHP","test":"jspi-boot","plugin":"ep-hashimage","details":"[19-May-2025 15:31:56 UTC] PHP Notice:  ob_end_flush(): Failed to delete and flush buffer. No buffer to delete or flush in Unknown on line 0","log":"/logs/plugins/e/ep-hashimage/error.json"}
,
{"message":"ob_end_flush(): Failed to delete and flush buffer. No buffer to delete or flush in Unknown on line 0","level":"NOTICE","type":"PHP","test":"jspi-boot","plugin":"ep-hashimage","details":"[19-May-2025 15:32:02 UTC] PHP Notice:  ob_end_flush(): Failed to delete and flush buffer. No buffer to delete or flush in Unknown on line 0","log":"/logs/plugins/e/ep-hashimage/error.json"}
,
{"message":"ob_end_flush(): Failed to delete and flush buffer. No buffer to delete or flush in Unknown on line 0","level":"NOTICE","type":"PHP","test":"jspi-boot","plugin":"ep-hashimage","details":"[19-May-2025 15:32:03 UTC] PHP Notice:  ob_end_flush(): Failed to delete and flush buffer. No buffer to delete or flush in Unknown on line 0","log":"/logs/plugins/e/ep-hashimage/error.json"}
,
{"message":"ob_end_flush(): Failed to delete and flush buffer. No buffer to delete or flush in Unknown on line 0","level":"NOTICE","type":"PHP","test":"jspi-boot","plugin":"ep-hashimage","details":"[19-May-2025 15:32:11 UTC] PHP Notice:  ob_end_flush(): Failed to delete and flush buffer. No buffer to delete or flush in Unknown on line 0","log":"/logs/plugins/e/ep-hashimage/error.json"}
,
{"message":"ob_end_flush(): Failed to delete and flush buffer. No buffer to delete or flush in Unknown on line 0","level":"NOTICE","type":"PHP","test":"jspi-boot","plugin":"ep-hashimage","details":"[19-May-2025 15:32:12 UTC] PHP Notice:  ob_end_flush(): Failed to delete and flush buffer. No buffer to delete or flush in Unknown on line 0","log":"/logs/plugins/e/ep-hashimage/error.json"}
,
{"message":"Function wp_register_script was called <strong>incorrectly</strong>. Scripts and styles should not be registered or enqueued until the <code>wp_enqueue_scripts</code>, <code>admin_enqueue_scripts</code>, or <code>login_enqueue_scripts</code> hooks. This notice was triggered by the <code>script-easing</code> handle. Please see <a href=\"https://developer.wordpress.org/advanced-administration/debug/debug-wordpress/\">Debugging in WordPress</a> for more information. (This message was added in version 3.3.0.) in /wordpress/wp-includes/functions.php on line 6121","level":"NOTICE","type":"PHP","test":"jspi-boot","plugin":"ep-hashimage","details":"[19-May-2025 15:34:09 UTC] PHP Notice:  Function wp_register_script was called <strong>incorrectly</strong>. Scripts and styles should not be registered or enqueued until the <code>wp_enqueue_scripts</code>, <code>admin_enqueue_scripts</code>, or <code>login_enqueue_scripts</code> hooks. This notice was triggered by the <code>script-easing</code> handle. Please see <a href=\"https://developer.wordpress.org/advanced-administration/debug/debug-wordpress/\">Debugging in WordPress</a> for more information. (This message was added in version 3.3.0.) in /wordpress/wp-includes/functions.php on line 6121","log":"/logs/plugins/e/ep-hashimage/error.json"}
,
{"message":"Function wp_register_script was called <strong>incorrectly</strong>. Scripts and styles should not be registered or enqueued until the <code>wp_enqueue_scripts</code>, <code>admin_enqueue_scripts</code>, or <code>login_enqueue_scripts</code> hooks. This notice was triggered by the <code>script-booklet</code> handle. Please see <a href=\"https://developer.wordpress.org/advanced-administration/debug/debug-wordpress/\">Debugging in WordPress</a> for more information. (This message was added in version 3.3.0.) in /wordpress/wp-includes/functions.php on line 6121","level":"NOTICE","type":"PHP","test":"jspi-boot","plugin":"ep-hashimage","details":"[19-May-2025 15:34:09 UTC] PHP Notice:  Function wp_register_script was called <strong>incorrectly</strong>. Scripts and styles should not be registered or enqueued until the <code>wp_enqueue_scripts</code>, <code>admin_enqueue_scripts</code>, or <code>login_enqueue_scripts</code> hooks. This notice was triggered by the <code>script-booklet</code> handle. Please see <a href=\"https://developer.wordpress.org/advanced-administration/debug/debug-wordpress/\">Debugging in WordPress</a> for more information. (This message was added in version 3.3.0.) in /wordpress/wp-includes/functions.php on line 6121","log":"/logs/plugins/e/ep-hashimage/error.json"}
,
{"message":"Function wp_register_style was called <strong>incorrectly</strong>. Scripts and styles should not be registered or enqueued until the <code>wp_enqueue_scripts</code>, <code>admin_enqueue_scripts</code>, or <code>login_enqueue_scripts</code> hooks. This notice was triggered by the <code>style-booklet</code> handle. Please see <a href=\"https://developer.wordpress.org/advanced-administration/debug/debug-wordpress/\">Debugging in WordPress</a> for more information. (This message was added in version 3.3.0.) in /wordpress/wp-includes/functions.php on line 6121","level":"NOTICE","type":"PHP","test":"jspi-boot","plugin":"ep-hashimage","details":"[19-May-2025 15:34:09 UTC] PHP Notice:  Function wp_register_style was called <strong>incorrectly</strong>. Scripts and styles should not be registered or enqueued until the <code>wp_enqueue_scripts</code>, <code>admin_enqueue_scripts</code>, or <code>login_enqueue_scripts</code> hooks. This notice was triggered by the <code>style-booklet</code> handle. Please see <a href=\"https://developer.wordpress.org/advanced-administration/debug/debug-wordpress/\">Debugging in WordPress</a> for more information. (This message was added in version 3.3.0.) in /wordpress/wp-includes/functions.php on line 6121","log":"/logs/plugins/e/ep-hashimage/error.json"}
,
{"message":"Function is_feed was called <strong>incorrectly</strong>. Conditional query tags do not work before the query is run. Before then, they always return false. Please see <a href=\"https://developer.wordpress.org/advanced-administration/debug/debug-wordpress/\">Debugging in WordPress</a> for more information. (This message was added in version 3.1.0.) in /wordpress/wp-includes/functions.php on line 6121","level":"NOTICE","type":"PHP","test":"jspi-boot","plugin":"ep-hashimage","details":"[19-May-2025 15:34:09 UTC] PHP Notice:  Function is_feed was called <strong>incorrectly</strong>. Conditional query tags do not work before the query is run. Before then, they always return false. Please see <a href=\"https://developer.wordpress.org/advanced-administration/debug/debug-wordpress/\">Debugging in WordPress</a> for more information. (This message was added in version 3.1.0.) in /wordpress/wp-includes/functions.php on line 6121","log":"/logs/plugins/e/ep-hashimage/error.json"}
,
{"message":"Function wp_register_style was called <strong>incorrectly</strong>. Scripts and styles should not be registered or enqueued until the <code>wp_enqueue_scripts</code>, <code>admin_enqueue_scripts</code>, or <code>login_enqueue_scripts</code> hooks. This notice was triggered by the <code>style-easy-pageflip</code> handle. Please see <a href=\"https://developer.wordpress.org/advanced-administration/debug/debug-wordpress/\">Debugging in WordPress</a> for more information. (This message was added in version 3.3.0.) in /wordpress/wp-includes/functions.php on line 6121","level":"NOTICE","type":"PHP","test":"jspi-boot","plugin":"ep-hashimage","details":"[19-May-2025 15:34:09 UTC] PHP Notice:  Function wp_register_style was called <strong>incorrectly</strong>. Scripts and styles should not be registered or enqueued until the <code>wp_enqueue_scripts</code>, <code>admin_enqueue_scripts</code>, or <code>login_enqueue_scripts</code> hooks. This notice was triggered by the <code>style-easy-pageflip</code> handle. Please see <a href=\"https://developer.wordpress.org/advanced-administration/debug/debug-wordpress/\">Debugging in WordPress</a> for more information. (This message was added in version 3.3.0.) in /wordpress/wp-includes/functions.php on line 6121","log":"/logs/plugins/e/ep-hashimage/error.json"}
,
{"message":"Function wp_register_style was called <strong>incorrectly</strong>. Scripts and styles should not be registered or enqueued until the <code>wp_enqueue_scripts</code>, <code>admin_enqueue_scripts</code>, or <code>login_enqueue_scripts</code> hooks. This notice was triggered by the <code>style-easy-pageflip-admin</code> handle. Please see <a href=\"https://developer.wordpress.org/advanced-administration/debug/debug-wordpress/\">Debugging in WordPress</a> for more information. (This message was added in version 3.3.0.) in /wordpress/wp-includes/functions.php on line 6121","level":"NOTICE","type":"PHP","test":"jspi-boot","plugin":"ep-hashimage","details":"[19-May-2025 15:34:09 UTC] PHP Notice:  Function wp_register_style was called <strong>incorrectly</strong>. Scripts and styles should not be registered or enqueued until the <code>wp_enqueue_scripts</code>, <code>admin_enqueue_scripts</code>, or <code>login_enqueue_scripts</code> hooks. This notice was triggered by the <code>style-easy-pageflip-admin</code> handle. Please see <a href=\"https://developer.wordpress.org/advanced-administration/debug/debug-wordpress/\">Debugging in WordPress</a> for more information. (This message was added in version 3.3.0.) in /wordpress/wp-includes/functions.php on line 6121","log":"/logs/plugins/e/ep-hashimage/error.json"}
,
{"message":"Function wp_register_style was called <strong>incorrectly</strong>. Scripts and styles should not be registered or enqueued until the <code>wp_enqueue_scripts</code>, <code>admin_enqueue_scripts</code>, or <code>login_enqueue_scripts</code> hooks. This notice was triggered by the <code>style-epc-admin</code> handle. Please see <a href=\"https://developer.wordpress.org/advanced-administration/debug/debug-wordpress/\">Debugging in WordPress</a> for more information. (This message was added in version 3.3.0.) in /wordpress/wp-includes/functions.php on line 6121","level":"NOTICE","type":"PHP","test":"jspi-boot","plugin":"ep-hashimage","details":"[19-May-2025 15:34:09 UTC] PHP Notice:  Function wp_register_style was called <strong>incorrectly</strong>. Scripts and styles should not be registered or enqueued until the <code>wp_enqueue_scripts</code>, <code>admin_enqueue_scripts</code>, or <code>login_enqueue_scripts</code> hooks. This notice was triggered by the <code>style-epc-admin</code> handle. Please see <a href=\"https://developer.wordpress.org/advanced-administration/debug/debug-wordpress/\">Debugging in WordPress</a> for more information. (This message was added in version 3.3.0.) in /wordpress/wp-includes/functions.php on line 6121","log":"/logs/plugins/e/ep-hashimage/error.json"}
,
{"message":"Function wp_register_script was called <strong>incorrectly</strong>. Scripts and styles should not be registered or enqueued until the <code>wp_enqueue_scripts</code>, <code>admin_enqueue_scripts</code>, or <code>login_enqueue_scripts</code> hooks. This notice was triggered by the <code>script-easing</code> handle. Please see <a href=\"https://developer.wordpress.org/advanced-administration/debug/debug-wordpress/\">Debugging in WordPress</a> for more information. (This message was added in version 3.3.0.) in /wordpress/wp-includes/functions.php on line 6121","level":"NOTICE","type":"PHP","test":"jspi-boot","plugin":"ep-hashimage","details":"[19-May-2025 15:34:18 UTC] PHP Notice:  Function wp_register_script was called <strong>incorrectly</strong>. Scripts and styles should not be registered or enqueued until the <code>wp_enqueue_scripts</code>, <code>admin_enqueue_scripts</code>, or <code>login_enqueue_scripts</code> hooks. This notice was triggered by the <code>script-easing</code> handle. Please see <a href=\"https://developer.wordpress.org/advanced-administration/debug/debug-wordpress/\">Debugging in WordPress</a> for more information. (This message was added in version 3.3.0.) in /wordpress/wp-includes/functions.php on line 6121","log":"/logs/plugins/e/ep-hashimage/error.json"}
,
{"message":"Function wp_register_script was called <strong>incorrectly</strong>. Scripts and styles should not be registered or enqueued until the <code>wp_enqueue_scripts</code>, <code>admin_enqueue_scripts</code>, or <code>login_enqueue_scripts</code> hooks. This notice was triggered by the <code>script-booklet</code> handle. Please see <a href=\"https://developer.wordpress.org/advanced-administration/debug/debug-wordpress/\">Debugging in WordPress</a> for more information. (This message was added in version 3.3.0.) in /wordpress/wp-includes/functions.php on line 6121","level":"NOTICE","type":"PHP","test":"jspi-boot","plugin":"ep-hashimage","details":"[19-May-2025 15:34:18 UTC] PHP Notice:  Function wp_register_script was called <strong>incorrectly</strong>. Scripts and styles should not be registered or enqueued until the <code>wp_enqueue_scripts</code>, <code>admin_enqueue_scripts</code>, or <code>login_enqueue_scripts</code> hooks. This notice was triggered by the <code>script-booklet</code> handle. Please see <a href=\"https://developer.wordpress.org/advanced-administration/debug/debug-wordpress/\">Debugging in WordPress</a> for more information. (This message was added in version 3.3.0.) in /wordpress/wp-includes/functions.php on line 6121","log":"/logs/plugins/e/ep-hashimage/error.json"}
,
{"message":"Function wp_register_style was called <strong>incorrectly</strong>. Scripts and styles should not be registered or enqueued until the <code>wp_enqueue_scripts</code>, <code>admin_enqueue_scripts</code>, or <code>login_enqueue_scripts</code> hooks. This notice was triggered by the <code>style-booklet</code> handle. Please see <a href=\"https://developer.wordpress.org/advanced-administration/debug/debug-wordpress/\">Debugging in WordPress</a> for more information. (This message was added in version 3.3.0.) in /wordpress/wp-includes/functions.php on line 6121","level":"NOTICE","type":"PHP","test":"jspi-boot","plugin":"ep-hashimage","details":"[19-May-2025 15:34:18 UTC] PHP Notice:  Function wp_register_style was called <strong>incorrectly</strong>. Scripts and styles should not be registered or enqueued until the <code>wp_enqueue_scripts</code>, <code>admin_enqueue_scripts</code>, or <code>login_enqueue_scripts</code> hooks. This notice was triggered by the <code>style-booklet</code> handle. Please see <a href=\"https://developer.wordpress.org/advanced-administration/debug/debug-wordpress/\">Debugging in WordPress</a> for more information. (This message was added in version 3.3.0.) in /wordpress/wp-includes/functions.php on line 6121","log":"/logs/plugins/e/ep-hashimage/error.json"}
,
{"message":"Function is_feed was called <strong>incorrectly</strong>. Conditional query tags do not work before the query is run. Before then, they always return false. Please see <a href=\"https://developer.wordpress.org/advanced-administration/debug/debug-wordpress/\">Debugging in WordPress</a> for more information. (This message was added in version 3.1.0.) in /wordpress/wp-includes/functions.php on line 6121","level":"NOTICE","type":"PHP","test":"jspi-boot","plugin":"ep-hashimage","details":"[19-May-2025 15:34:18 UTC] PHP Notice:  Function is_feed was called <strong>incorrectly</strong>. Conditional query tags do not work before the query is run. Before then, they always return false. Please see <a href=\"https://developer.wordpress.org/advanced-administration/debug/debug-wordpress/\">Debugging in WordPress</a> for more information. (This message was added in version 3.1.0.) in /wordpress/wp-includes/functions.php on line 6121","log":"/logs/plugins/e/ep-hashimage/error.json"}
,
{"message":"Function wp_register_style was called <strong>incorrectly</strong>. Scripts and styles should not be registered or enqueued until the <code>wp_enqueue_scripts</code>, <code>admin_enqueue_scripts</code>, or <code>login_enqueue_scripts</code> hooks. This notice was triggered by the <code>style-easy-pageflip</code> handle. Please see <a href=\"https://developer.wordpress.org/advanced-administration/debug/debug-wordpress/\">Debugging in WordPress</a> for more information. (This message was added in version 3.3.0.) in /wordpress/wp-includes/functions.php on line 6121","level":"NOTICE","type":"PHP","test":"jspi-boot","plugin":"ep-hashimage","details":"[19-May-2025 15:34:18 UTC] PHP Notice:  Function wp_register_style was called <strong>incorrectly</strong>. Scripts and styles should not be registered or enqueued until the <code>wp_enqueue_scripts</code>, <code>admin_enqueue_scripts</code>, or <code>login_enqueue_scripts</code> hooks. This notice was triggered by the <code>style-easy-pageflip</code> handle. Please see <a href=\"https://developer.wordpress.org/advanced-administration/debug/debug-wordpress/\">Debugging in WordPress</a> for more information. (This message was added in version 3.3.0.) in /wordpress/wp-includes/functions.php on line 6121","log":"/logs/plugins/e/ep-hashimage/error.json"}
,
{"message":"Function wp_register_style was called <strong>incorrectly</strong>. Scripts and styles should not be registered or enqueued until the <code>wp_enqueue_scripts</code>, <code>admin_enqueue_scripts</code>, or <code>login_enqueue_scripts</code> hooks. This notice was triggered by the <code>style-easy-pageflip-admin</code> handle. Please see <a href=\"https://developer.wordpress.org/advanced-administration/debug/debug-wordpress/\">Debugging in WordPress</a> for more information. (This message was added in version 3.3.0.) in /wordpress/wp-includes/functions.php on line 6121","level":"NOTICE","type":"PHP","test":"jspi-boot","plugin":"ep-hashimage","details":"[19-May-2025 15:34:18 UTC] PHP Notice:  Function wp_register_style was called <strong>incorrectly</strong>. Scripts and styles should not be registered or enqueued until the <code>wp_enqueue_scripts</code>, <code>admin_enqueue_scripts</code>, or <code>login_enqueue_scripts</code> hooks. This notice was triggered by the <code>style-easy-pageflip-admin</code> handle. Please see <a href=\"https://developer.wordpress.org/advanced-administration/debug/debug-wordpress/\">Debugging in WordPress</a> for more information. (This message was added in version 3.3.0.) in /wordpress/wp-includes/functions.php on line 6121","log":"/logs/plugins/e/ep-hashimage/error.json"}
,
{"message":"Function wp_register_style was called <strong>incorrectly</strong>. Scripts and styles should not be registered or enqueued until the <code>wp_enqueue_scripts</code>, <code>admin_enqueue_scripts</code>, or <code>login_enqueue_scripts</code> hooks. This notice was triggered by the <code>style-epc-admin</code> handle. Please see <a href=\"https://developer.wordpress.org/advanced-administration/debug/debug-wordpress/\">Debugging in WordPress</a> for more information. (This message was added in version 3.3.0.) in /wordpress/wp-includes/functions.php on line 6121","level":"NOTICE","type":"PHP","test":"jspi-boot","plugin":"ep-hashimage","details":"[19-May-2025 15:34:18 UTC] PHP Notice:  Function wp_register_style was called <strong>incorrectly</strong>. Scripts and styles should not be registered or enqueued until the <code>wp_enqueue_scripts</code>, <code>admin_enqueue_scripts</code>, or <code>login_enqueue_scripts</code> hooks. This notice was triggered by the <code>style-epc-admin</code> handle. Please see <a href=\"https://developer.wordpress.org/advanced-administration/debug/debug-wordpress/\">Debugging in WordPress</a> for more information. (This message was added in version 3.3.0.) in /wordpress/wp-includes/functions.php on line 6121","log":"/logs/plugins/e/ep-hashimage/error.json"}
,
{"message":"Function wp_register_script was called <strong>incorrectly</strong>. Scripts and styles should not be registered or enqueued until the <code>wp_enqueue_scripts</code>, <code>admin_enqueue_scripts</code>, or <code>login_enqueue_scripts</code> hooks. This notice was triggered by the <code>script-easing</code> handle. Please see <a href=\"https://developer.wordpress.org/advanced-administration/debug/debug-wordpress/\">Debugging in WordPress</a> for more information. (This message was added in version 3.3.0.) in /wordpress/wp-includes/functions.php on line 6121","level":"NOTICE","type":"PHP","test":"jspi-boot","plugin":"ep-hashimage","details":"[19-May-2025 15:34:27 UTC] PHP Notice:  Function wp_register_script was called <strong>incorrectly</strong>. Scripts and styles should not be registered or enqueued until the <code>wp_enqueue_scripts</code>, <code>admin_enqueue_scripts</code>, or <code>login_enqueue_scripts</code> hooks. This notice was triggered by the <code>script-easing</code> handle. Please see <a href=\"https://developer.wordpress.org/advanced-administration/debug/debug-wordpress/\">Debugging in WordPress</a> for more information. (This message was added in version 3.3.0.) in /wordpress/wp-includes/functions.php on line 6121","log":"/logs/plugins/e/ep-hashimage/error.json"}
,
{"message":"Function wp_register_script was called <strong>incorrectly</strong>. Scripts and styles should not be registered or enqueued until the <code>wp_enqueue_scripts</code>, <code>admin_enqueue_scripts</code>, or <code>login_enqueue_scripts</code> hooks. This notice was triggered by the <code>script-booklet</code> handle. Please see <a href=\"https://developer.wordpress.org/advanced-administration/debug/debug-wordpress/\">Debugging in WordPress</a> for more information. (This message was added in version 3.3.0.) in /wordpress/wp-includes/functions.php on line 6121","level":"NOTICE","type":"PHP","test":"jspi-boot","plugin":"ep-hashimage","details":"[19-May-2025 15:34:27 UTC] PHP Notice:  Function wp_register_script was called <strong>incorrectly</strong>. Scripts and styles should not be registered or enqueued until the <code>wp_enqueue_scripts</code>, <code>admin_enqueue_scripts</code>, or <code>login_enqueue_scripts</code> hooks. This notice was triggered by the <code>script-booklet</code> handle. Please see <a href=\"https://developer.wordpress.org/advanced-administration/debug/debug-wordpress/\">Debugging in WordPress</a> for more information. (This message was added in version 3.3.0.) in /wordpress/wp-includes/functions.php on line 6121","log":"/logs/plugins/e/ep-hashimage/error.json"}
,
{"message":"Function wp_register_style was called <strong>incorrectly</strong>. Scripts and styles should not be registered or enqueued until the <code>wp_enqueue_scripts</code>, <code>admin_enqueue_scripts</code>, or <code>login_enqueue_scripts</code> hooks. This notice was triggered by the <code>style-booklet</code> handle. Please see <a href=\"https://developer.wordpress.org/advanced-administration/debug/debug-wordpress/\">Debugging in WordPress</a> for more information. (This message was added in version 3.3.0.) in /wordpress/wp-includes/functions.php on line 6121","level":"NOTICE","type":"PHP","test":"jspi-boot","plugin":"ep-hashimage","details":"[19-May-2025 15:34:27 UTC] PHP Notice:  Function wp_register_style was called <strong>incorrectly</strong>. Scripts and styles should not be registered or enqueued until the <code>wp_enqueue_scripts</code>, <code>admin_enqueue_scripts</code>, or <code>login_enqueue_scripts</code> hooks. This notice was triggered by the <code>style-booklet</code> handle. Please see <a href=\"https://developer.wordpress.org/advanced-administration/debug/debug-wordpress/\">Debugging in WordPress</a> for more information. (This message was added in version 3.3.0.) in /wordpress/wp-includes/functions.php on line 6121","log":"/logs/plugins/e/ep-hashimage/error.json"}
,
{"message":"Function is_feed was called <strong>incorrectly</strong>. Conditional query tags do not work before the query is run. Before then, they always return false. Please see <a href=\"https://developer.wordpress.org/advanced-administration/debug/debug-wordpress/\">Debugging in WordPress</a> for more information. (This message was added in version 3.1.0.) in /wordpress/wp-includes/functions.php on line 6121","level":"NOTICE","type":"PHP","test":"jspi-boot","plugin":"ep-hashimage","details":"[19-May-2025 15:34:27 UTC] PHP Notice:  Function is_feed was called <strong>incorrectly</strong>. Conditional query tags do not work before the query is run. Before then, they always return false. Please see <a href=\"https://developer.wordpress.org/advanced-administration/debug/debug-wordpress/\">Debugging in WordPress</a> for more information. (This message was added in version 3.1.0.) in /wordpress/wp-includes/functions.php on line 6121","log":"/logs/plugins/e/ep-hashimage/error.json"}
,
{"message":"Function wp_register_style was called <strong>incorrectly</strong>. Scripts and styles should not be registered or enqueued until the <code>wp_enqueue_scripts</code>, <code>admin_enqueue_scripts</code>, or <code>login_enqueue_scripts</code> hooks. This notice was triggered by the <code>style-easy-pageflip</code> handle. Please see <a href=\"https://developer.wordpress.org/advanced-administration/debug/debug-wordpress/\">Debugging in WordPress</a> for more information. (This message was added in version 3.3.0.) in /wordpress/wp-includes/functions.php on line 6121","level":"NOTICE","type":"PHP","test":"jspi-boot","plugin":"ep-hashimage","details":"[19-May-2025 15:34:27 UTC] PHP Notice:  Function wp_register_style was called <strong>incorrectly</strong>. Scripts and styles should not be registered or enqueued until the <code>wp_enqueue_scripts</code>, <code>admin_enqueue_scripts</code>, or <code>login_enqueue_scripts</code> hooks. This notice was triggered by the <code>style-easy-pageflip</code> handle. Please see <a href=\"https://developer.wordpress.org/advanced-administration/debug/debug-wordpress/\">Debugging in WordPress</a> for more information. (This message was added in version 3.3.0.) in /wordpress/wp-includes/functions.php on line 6121","log":"/logs/plugins/e/ep-hashimage/error.json"}
,
{"message":"Function wp_register_style was called <strong>incorrectly</strong>. Scripts and styles should not be registered or enqueued until the <code>wp_enqueue_scripts</code>, <code>admin_enqueue_scripts</code>, or <code>login_enqueue_scripts</code> hooks. This notice was triggered by the <code>style-easy-pageflip-admin</code> handle. Please see <a href=\"https://developer.wordpress.org/advanced-administration/debug/debug-wordpress/\">Debugging in WordPress</a> for more information. (This message was added in version 3.3.0.) in /wordpress/wp-includes/functions.php on line 6121","level":"NOTICE","type":"PHP","test":"jspi-boot","plugin":"ep-hashimage","details":"[19-May-2025 15:34:27 UTC] PHP Notice:  Function wp_register_style was called <strong>incorrectly</strong>. Scripts and styles should not be registered or enqueued until the <code>wp_enqueue_scripts</code>, <code>admin_enqueue_scripts</code>, or <code>login_enqueue_scripts</code> hooks. This notice was triggered by the <code>style-easy-pageflip-admin</code> handle. Please see <a href=\"https://developer.wordpress.org/advanced-administration/debug/debug-wordpress/\">Debugging in WordPress</a> for more information. (This message was added in version 3.3.0.) in /wordpress/wp-includes/functions.php on line 6121","log":"/logs/plugins/e/ep-hashimage/error.json"}
,
{"message":"Function wp_register_style was called <strong>incorrectly</strong>. Scripts and styles should not be registered or enqueued until the <code>wp_enqueue_scripts</code>, <code>admin_enqueue_scripts</code>, or <code>login_enqueue_scripts</code> hooks. This notice was triggered by the <code>style-epc-admin</code> handle. Please see <a href=\"https://developer.wordpress.org/advanced-administration/debug/debug-wordpress/\">Debugging in WordPress</a> for more information. (This message was added in version 3.3.0.) in /wordpress/wp-includes/functions.php on line 6121","level":"NOTICE","type":"PHP","test":"jspi-boot","plugin":"ep-hashimage","details":"[19-May-2025 15:34:27 UTC] PHP Notice:  Function wp_register_style was called <strong>incorrectly</strong>. Scripts and styles should not be registered or enqueued until the <code>wp_enqueue_scripts</code>, <code>admin_enqueue_scripts</code>, or <code>login_enqueue_scripts</code> hooks. This notice was triggered by the <code>style-epc-admin</code> handle. Please see <a href=\"https://developer.wordpress.org/advanced-administration/debug/debug-wordpress/\">Debugging in WordPress</a> for more information. (This message was added in version 3.3.0.) in /wordpress/wp-includes/functions.php on line 6121","log":"/logs/plugins/e/ep-hashimage/error.json"}
,
{"message":"Undefined array key \"page\" in /wordpress/wp-content/plugins/embedder/emb-admin.php on line 27","level":"WARNING","type":"PHP","test":"jspi-boot","plugin":"ep-hashimage","details":"[19-May-2025 15:37:15 UTC] PHP Warning:  Undefined array key \"page\" in /wordpress/wp-content/plugins/embedder/emb-admin.php on line 27","log":"/logs/plugins/e/ep-hashimage/error.json"}
,
{"message":"Required parameter $name follows optional parameter $attrs in /wordpress/wp-content/plugins/embedder/emb-embed.php on line 324","level":"DEPRECATED","type":"PHP","test":"jspi-boot","plugin":"ep-hashimage","details":"[19-May-2025 15:37:16 UTC] PHP Deprecated:  Required parameter $name follows optional parameter $attrs in /wordpress/wp-content/plugins/embedder/emb-embed.php on line 324","log":"/logs/plugins/e/ep-hashimage/error.json"}
,
{"message":"Required parameter $name follows optional parameter $attrs in /wordpress/wp-content/plugins/embedder/emb-embed.php on line 333","level":"DEPRECATED","type":"PHP","test":"jspi-boot","plugin":"ep-hashimage","details":"[19-May-2025 15:37:16 UTC] PHP Deprecated:  Required parameter $name follows optional parameter $attrs in /wordpress/wp-content/plugins/embedder/emb-embed.php on line 333","log":"/logs/plugins/e/ep-hashimage/error.json"}
,
{"message":"Required parameter $name follows optional parameter $attrs in /wordpress/wp-content/plugins/embedder/emb-embed.php on line 340","level":"DEPRECATED","type":"PHP","test":"jspi-boot","plugin":"ep-hashimage","details":"[19-May-2025 15:37:16 UTC] PHP Deprecated:  Required parameter $name follows optional parameter $attrs in /wordpress/wp-content/plugins/embedder/emb-embed.php on line 340","log":"/logs/plugins/e/ep-hashimage/error.json"}
,
{"message":"Undefined array key \"page\" in /wordpress/wp-content/plugins/embedder/emb-admin.php on line 27","level":"WARNING","type":"PHP","test":"jspi-boot","plugin":"ep-hashimage","details":"[19-May-2025 15:37:23 UTC] PHP Warning:  Undefined array key \"page\" in /wordpress/wp-content/plugins/embedder/emb-admin.php on line 27","log":"/logs/plugins/e/ep-hashimage/error.json"}
,
{"message":"Unknown show type: COLUMNS IN.","level":"FATAL","type":"SQL","test":"jspi-boot","plugin":"ep-hashimage","details":"[19-May-2025 15:37:23 UTC] WordPress database error <div style=\"clear:both\">&nbsp;</div>\n<div class=\"queries\" style=\"clear:both;margin-bottom:2px;border:red dotted thin;\">\n<p>MySQL query:</p>\n<p>SHOW COLUMNS IN wp_emb_embeds LIKE 'embed'</p>\n<p>Queries made or created this session were:</p>\n<ol>\n<li>Executing: BEGIN | (no parameters)</li>\n<li>Executing: ROLLBACK | (no parameters)</li>\n</ol>\n</div>\n<div style=\"clear:both;margin-bottom:2px;border:red dotted thin;\" class=\"error_message\" style=\"border-bottom:dotted blue thin;\">\nError occurred at line 4117 in Function <code>handle_error</code>. Error message was: Unknown show type: COLUMNS IN.\n</div>\n<p>Backtrace:</p>\n<pre>#0 /internal/shared/sqlite-database-integration/wp-includes/sqlite/class-wp-sqlite-db.php(287): WP_SQLite_Translator->get_error_message()\n#1 /wordpress/wp-includes/class-wpdb.php(3146): WP_SQLite_DB->query('SHOW COLUMNS IN...')\n#2 /wordpress/wp-content/plugins/embedder/emb-admin.php(112): wpdb->get_results('SHOW COLUMNS IN...')\n#3 /wordpress/wp-includes/class-wp-hook.php(324): emb_plugin_activate(false)\n#4 /wordpress/wp-includes/class-wp-hook.php(348): WP_Hook->apply_filters('', Array)\n#5 /wordpress/wp-includes/plugin.php(517): WP_Hook->do_action(Array)\n#6 /wordpress/wp-admin/includes/plugin.php(703): do_action('activate_embedd...', false)\n#7 /internal/eval.php(20): activate_plugin('embedder/emb-ma...')\n#8 {main}</pre>\n for query SHOW COLUMNS IN wp_emb_embeds LIKE 'embed' made by activate_plugin, do_action('activate_embedder/emb-main.php'), WP_Hook->do_action, WP_Hook->apply_filters, emb_plugin_activate, WP_SQLite_DB->query, WP_SQLite_DB->print_error","log":"/logs/plugins/e/ep-hashimage/error.json"}
,
{"message":"Unknown show type: COLUMNS IN.","level":"FATAL","type":"SQL","test":"jspi-boot","plugin":"ep-hashimage","details":"[19-May-2025 15:37:23 UTC] WordPress database error <div style=\"clear:both\">&nbsp;</div>\n<div class=\"queries\" style=\"clear:both;margin-bottom:2px;border:red dotted thin;\">\n<p>MySQL query:</p>\n<p>SHOW COLUMNS IN wp_emb_embeds LIKE 'emgroup'</p>\n<p>Queries made or created this session were:</p>\n<ol>\n<li>Executing: BEGIN | (no parameters)</li>\n<li>Executing: ROLLBACK | (no parameters)</li>\n</ol>\n</div>\n<div style=\"clear:both;margin-bottom:2px;border:red dotted thin;\" class=\"error_message\" style=\"border-bottom:dotted blue thin;\">\nError occurred at line 4117 in Function <code>handle_error</code>. Error message was: Unknown show type: COLUMNS IN.\n</div>\n<p>Backtrace:</p>\n<pre>#0 /internal/shared/sqlite-database-integration/wp-includes/sqlite/class-wp-sqlite-db.php(287): WP_SQLite_Translator->get_error_message()\n#1 /wordpress/wp-includes/class-wpdb.php(3146): WP_SQLite_DB->query('SHOW COLUMNS IN...')\n#2 /wordpress/wp-content/plugins/embedder/emb-admin.php(118): wpdb->get_results('SHOW COLUMNS IN...')\n#3 /wordpress/wp-includes/class-wp-hook.php(324): emb_plugin_activate(false)\n#4 /wordpress/wp-includes/class-wp-hook.php(348): WP_Hook->apply_filters('', Array)\n#5 /wordpress/wp-includes/plugin.php(517): WP_Hook->do_action(Array)\n#6 /wordpress/wp-admin/includes/plugin.php(703): do_action('activate_embedd...', false)\n#7 /internal/eval.php(20): activate_plugin('embedder/emb-ma...')\n#8 {main}</pre>\n for query SHOW COLUMNS IN wp_emb_embeds LIKE 'emgroup' made by activate_plugin, do_action('activate_embedder/emb-main.php'), WP_Hook->do_action, WP_Hook->apply_filters, emb_plugin_activate, WP_SQLite_DB->query, WP_SQLite_DB->print_error","log":"/logs/plugins/e/ep-hashimage/error.json"}
,
{"message":"SQLSTATE[HY000]: General error: 1 duplicate column name: emgroup.","level":"FATAL","type":"SQL","test":"jspi-boot","plugin":"ep-hashimage","details":"[19-May-2025 15:37:23 UTC] WordPress database error <div style=\"clear:both\">&nbsp;</div>\n<div class=\"queries\" style=\"clear:both;margin-bottom:2px;border:red dotted thin;\">\n<p>MySQL query:</p>\n<p>ALTER TABLE wp_emb_embeds ADD emgroup VARCHAR(64) AFTER embed</p>\n<p>Queries made or created this session were:</p>\n<ol>\n<li>Executing: BEGIN | (no parameters)</li>\n<li>Executing: INSERT INTO _mysql_data_types_cache (`table`, `column_or_index`, `mysql_type`)\n\t\t\t\tVALUES (:table, :column, :datatype)\n\t\t\t\tON CONFLICT(`table`, `column_or_index`) DO UPDATE SET `mysql_type` = :datatype\n\t\t\t | parameters: wp_emb_embeds, EMGROUP, varchar(64)</li>\n<li>Executing: ALTER TABLE wp_emb_embeds ADD emgroup text   | (no parameters)</li>\n<li>Executing: ROLLBACK | (no parameters)</li>\n</ol>\n</div>\n<div style=\"clear:both;margin-bottom:2px;border:red dotted thin;\" class=\"error_message\" style=\"border-bottom:dotted blue thin;\">\nError occurred at line 4117 in Function <code>handle_error</code>. Error message was: SQLSTATE[HY000]: General error: 1 duplicate column name: emgroup.\n</div>\n<p>Backtrace:</p>\n<pre>#0 /internal/shared/sqlite-database-integration/wp-includes/sqlite/class-wp-sqlite-db.php(287): WP_SQLite_Translator->get_error_message()\n#1 /wordpress/wp-content/plugins/embedder/emb-admin.php(120): WP_SQLite_DB->query('ALTER TABLE wp_...')\n#2 /wordpress/wp-includes/class-wp-hook.php(324): emb_plugin_activate(false)\n#3 /wordpress/wp-includes/class-wp-hook.php(348): WP_Hook->apply_filters('', Array)\n#4 /wordpress/wp-includes/plugin.php(517): WP_Hook->do_action(Array)\n#5 /wordpress/wp-admin/includes/plugin.php(703): do_action('activate_embedd...', false)\n#6 /internal/eval.php(20): activate_plugin('embedder/emb-ma...')\n#7 {main}</pre>\n for query ALTER TABLE wp_emb_embeds ADD emgroup VARCHAR(64) AFTER embed made by activate_plugin, do_action('activate_embedder/emb-main.php'), WP_Hook->do_action, WP_Hook->apply_filters, emb_plugin_activate, WP_SQLite_DB->query, WP_SQLite_DB->print_error","log":"/logs/plugins/e/ep-hashimage/error.json"}
,
{"message":"Unknown operation: CONVERT.","level":"FATAL","type":"SQL","test":"jspi-boot","plugin":"ep-hashimage","details":"[19-May-2025 15:37:23 UTC] WordPress database error <div style=\"clear:both\">&nbsp;</div>\n<div class=\"queries\" style=\"clear:both;margin-bottom:2px;border:red dotted thin;\">\n<p>MySQL query:</p>\n<p>ALTER TABLE wp_emb_embeds CONVERT TO CHARACTER SET utf8</p>\n<p>Queries made or created this session were:</p>\n<ol>\n<li>Executing: BEGIN | (no parameters)</li>\n<li>Executing: ROLLBACK | (no parameters)</li>\n</ol>\n</div>\n<div style=\"clear:both;margin-bottom:2px;border:red dotted thin;\" class=\"error_message\" style=\"border-bottom:dotted blue thin;\">\nError occurred at line 4117 in Function <code>handle_error</code>. Error message was: Unknown operation: CONVERT.\n</div>\n<p>Backtrace:</p>\n<pre>#0 /internal/shared/sqlite-database-integration/wp-includes/sqlite/class-wp-sqlite-db.php(287): WP_SQLite_Translator->get_error_message()\n#1 /wordpress/wp-content/plugins/embedder/emb-admin.php(125): WP_SQLite_DB->query('ALTER TABLE wp_...')\n#2 /wordpress/wp-includes/class-wp-hook.php(324): emb_plugin_activate(false)\n#3 /wordpress/wp-includes/class-wp-hook.php(348): WP_Hook->apply_filters('', Array)\n#4 /wordpress/wp-includes/plugin.php(517): WP_Hook->do_action(Array)\n#5 /wordpress/wp-admin/includes/plugin.php(703): do_action('activate_embedd...', false)\n#6 /internal/eval.php(20): activate_plugin('embedder/emb-ma...')\n#7 {main}</pre>\n for query ALTER TABLE wp_emb_embeds CONVERT TO CHARACTER SET utf8 made by activate_plugin, do_action('activate_embedder/emb-main.php'), WP_Hook->do_action, WP_Hook->apply_filters, emb_plugin_activate, WP_SQLite_DB->query, WP_SQLite_DB->print_error","log":"/logs/plugins/e/ep-hashimage/error.json"}
,
{"message":"Required parameter $name follows optional parameter $attrs in /wordpress/wp-content/plugins/embedder/emb-embed.php on line 324","level":"DEPRECATED","type":"PHP","test":"jspi-boot","plugin":"ep-hashimage","details":"[19-May-2025 15:37:24 UTC] PHP Deprecated:  Required parameter $name follows optional parameter $attrs in /wordpress/wp-content/plugins/embedder/emb-embed.php on line 324","log":"/logs/plugins/e/ep-hashimage/error.json"}
,
{"message":"Required parameter $name follows optional parameter $attrs in /wordpress/wp-content/plugins/embedder/emb-embed.php on line 333","level":"DEPRECATED","type":"PHP","test":"jspi-boot","plugin":"ep-hashimage","details":"[19-May-2025 15:37:24 UTC] PHP Deprecated:  Required parameter $name follows optional parameter $attrs in /wordpress/wp-content/plugins/embedder/emb-embed.php on line 333","log":"/logs/plugins/e/ep-hashimage/error.json"}
,
{"message":"Required parameter $name follows optional parameter $attrs in /wordpress/wp-content/plugins/embedder/emb-embed.php on line 340","level":"DEPRECATED","type":"PHP","test":"jspi-boot","plugin":"ep-hashimage","details":"[19-May-2025 15:37:24 UTC] PHP Deprecated:  Required parameter $name follows optional parameter $attrs in /wordpress/wp-content/plugins/embedder/emb-embed.php on line 340","log":"/logs/plugins/e/ep-hashimage/error.json"}
,
{"message":"Undefined array key \"page\" in /wordpress/wp-content/plugins/embedder/emb-admin.php on line 27","level":"WARNING","type":"PHP","test":"jspi-boot","plugin":"ep-hashimage","details":"[19-May-2025 15:37:31 UTC] PHP Warning:  Undefined array key \"page\" in /wordpress/wp-content/plugins/embedder/emb-admin.php on line 27","log":"/logs/plugins/e/ep-hashimage/error.json"}
,
{"message":"Unknown show type: COLUMNS IN.","level":"FATAL","type":"SQL","test":"jspi-boot","plugin":"ep-hashimage","details":"[19-May-2025 15:37:31 UTC] WordPress database error <div style=\"clear:both\">&nbsp;</div>\n<div class=\"queries\" style=\"clear:both;margin-bottom:2px;border:red dotted thin;\">\n<p>MySQL query:</p>\n<p>SHOW COLUMNS IN wp_emb_embeds LIKE 'embed'</p>\n<p>Queries made or created this session were:</p>\n<ol>\n<li>Executing: BEGIN | (no parameters)</li>\n<li>Executing: ROLLBACK | (no parameters)</li>\n</ol>\n</div>\n<div style=\"clear:both;margin-bottom:2px;border:red dotted thin;\" class=\"error_message\" style=\"border-bottom:dotted blue thin;\">\nError occurred at line 4117 in Function <code>handle_error</code>. Error message was: Unknown show type: COLUMNS IN.\n</div>\n<p>Backtrace:</p>\n<pre>#0 /internal/shared/sqlite-database-integration/wp-includes/sqlite/class-wp-sqlite-db.php(287): WP_SQLite_Translator->get_error_message()\n#1 /wordpress/wp-includes/class-wpdb.php(3146): WP_SQLite_DB->query('SHOW COLUMNS IN...')\n#2 /wordpress/wp-content/plugins/embedder/emb-admin.php(112): wpdb->get_results('SHOW COLUMNS IN...')\n#3 /wordpress/wp-includes/class-wp-hook.php(324): emb_plugin_activate(false)\n#4 /wordpress/wp-includes/class-wp-hook.php(348): WP_Hook->apply_filters('', Array)\n#5 /wordpress/wp-includes/plugin.php(517): WP_Hook->do_action(Array)\n#6 /wordpress/wp-admin/includes/plugin.php(703): do_action('activate_embedd...', false)\n#7 /internal/eval.php(20): activate_plugin('embedder/emb-ma...')\n#8 {main}</pre>\n for query SHOW COLUMNS IN wp_emb_embeds LIKE 'embed' made by activate_plugin, do_action('activate_embedder/emb-main.php'), WP_Hook->do_action, WP_Hook->apply_filters, emb_plugin_activate, WP_SQLite_DB->query, WP_SQLite_DB->print_error","log":"/logs/plugins/e/ep-hashimage/error.json"}
,
{"message":"Unknown show type: COLUMNS IN.","level":"FATAL","type":"SQL","test":"jspi-boot","plugin":"ep-hashimage","details":"[19-May-2025 15:37:31 UTC] WordPress database error <div style=\"clear:both\">&nbsp;</div>\n<div class=\"queries\" style=\"clear:both;margin-bottom:2px;border:red dotted thin;\">\n<p>MySQL query:</p>\n<p>SHOW COLUMNS IN wp_emb_embeds LIKE 'emgroup'</p>\n<p>Queries made or created this session were:</p>\n<ol>\n<li>Executing: BEGIN | (no parameters)</li>\n<li>Executing: ROLLBACK | (no parameters)</li>\n</ol>\n</div>\n<div style=\"clear:both;margin-bottom:2px;border:red dotted thin;\" class=\"error_message\" style=\"border-bottom:dotted blue thin;\">\nError occurred at line 4117 in Function <code>handle_error</code>. Error message was: Unknown show type: COLUMNS IN.\n</div>\n<p>Backtrace:</p>\n<pre>#0 /internal/shared/sqlite-database-integration/wp-includes/sqlite/class-wp-sqlite-db.php(287): WP_SQLite_Translator->get_error_message()\n#1 /wordpress/wp-includes/class-wpdb.php(3146): WP_SQLite_DB->query('SHOW COLUMNS IN...')\n#2 /wordpress/wp-content/plugins/embedder/emb-admin.php(118): wpdb->get_results('SHOW COLUMNS IN...')\n#3 /wordpress/wp-includes/class-wp-hook.php(324): emb_plugin_activate(false)\n#4 /wordpress/wp-includes/class-wp-hook.php(348): WP_Hook->apply_filters('', Array)\n#5 /wordpress/wp-includes/plugin.php(517): WP_Hook->do_action(Array)\n#6 /wordpress/wp-admin/includes/plugin.php(703): do_action('activate_embedd...', false)\n#7 /internal/eval.php(20): activate_plugin('embedder/emb-ma...')\n#8 {main}</pre>\n for query SHOW COLUMNS IN wp_emb_embeds LIKE 'emgroup' made by activate_plugin, do_action('activate_embedder/emb-main.php'), WP_Hook->do_action, WP_Hook->apply_filters, emb_plugin_activate, WP_SQLite_DB->query, WP_SQLite_DB->print_error","log":"/logs/plugins/e/ep-hashimage/error.json"}
,
{"message":"SQLSTATE[HY000]: General error: 1 duplicate column name: emgroup.","level":"FATAL","type":"SQL","test":"jspi-boot","plugin":"ep-hashimage","details":"[19-May-2025 15:37:31 UTC] WordPress database error <div style=\"clear:both\">&nbsp;</div>\n<div class=\"queries\" style=\"clear:both;margin-bottom:2px;border:red dotted thin;\">\n<p>MySQL query:</p>\n<p>ALTER TABLE wp_emb_embeds ADD emgroup VARCHAR(64) AFTER embed</p>\n<p>Queries made or created this session were:</p>\n<ol>\n<li>Executing: BEGIN | (no parameters)</li>\n<li>Executing: INSERT INTO _mysql_data_types_cache (`table`, `column_or_index`, `mysql_type`)\n\t\t\t\tVALUES (:table, :column, :datatype)\n\t\t\t\tON CONFLICT(`table`, `column_or_index`) DO UPDATE SET `mysql_type` = :datatype\n\t\t\t | parameters: wp_emb_embeds, EMGROUP, varchar(64)</li>\n<li>Executing: ALTER TABLE wp_emb_embeds ADD emgroup text   | (no parameters)</li>\n<li>Executing: ROLLBACK | (no parameters)</li>\n</ol>\n</div>\n<div style=\"clear:both;margin-bottom:2px;border:red dotted thin;\" class=\"error_message\" style=\"border-bottom:dotted blue thin;\">\nError occurred at line 4117 in Function <code>handle_error</code>. Error message was: SQLSTATE[HY000]: General error: 1 duplicate column name: emgroup.\n</div>\n<p>Backtrace:</p>\n<pre>#0 /internal/shared/sqlite-database-integration/wp-includes/sqlite/class-wp-sqlite-db.php(287): WP_SQLite_Translator->get_error_message()\n#1 /wordpress/wp-content/plugins/embedder/emb-admin.php(120): WP_SQLite_DB->query('ALTER TABLE wp_...')\n#2 /wordpress/wp-includes/class-wp-hook.php(324): emb_plugin_activate(false)\n#3 /wordpress/wp-includes/class-wp-hook.php(348): WP_Hook->apply_filters('', Array)\n#4 /wordpress/wp-includes/plugin.php(517): WP_Hook->do_action(Array)\n#5 /wordpress/wp-admin/includes/plugin.php(703): do_action('activate_embedd...', false)\n#6 /internal/eval.php(20): activate_plugin('embedder/emb-ma...')\n#7 {main}</pre>\n for query ALTER TABLE wp_emb_embeds ADD emgroup VARCHAR(64) AFTER embed made by activate_plugin, do_action('activate_embedder/emb-main.php'), WP_Hook->do_action, WP_Hook->apply_filters, emb_plugin_activate, WP_SQLite_DB->query, WP_SQLite_DB->print_error","log":"/logs/plugins/e/ep-hashimage/error.json"}
,
{"message":"Unknown operation: CONVERT.","level":"FATAL","type":"SQL","test":"jspi-boot","plugin":"ep-hashimage","details":"[19-May-2025 15:37:31 UTC] WordPress database error <div style=\"clear:both\">&nbsp;</div>\n<div class=\"queries\" style=\"clear:both;margin-bottom:2px;border:red dotted thin;\">\n<p>MySQL query:</p>\n<p>ALTER TABLE wp_emb_embeds CONVERT TO CHARACTER SET utf8</p>\n<p>Queries made or created this session were:</p>\n<ol>\n<li>Executing: BEGIN | (no parameters)</li>\n<li>Executing: ROLLBACK | (no parameters)</li>\n</ol>\n</div>\n<div style=\"clear:both;margin-bottom:2px;border:red dotted thin;\" class=\"error_message\" style=\"border-bottom:dotted blue thin;\">\nError occurred at line 4117 in Function <code>handle_error</code>. Error message was: Unknown operation: CONVERT.\n</div>\n<p>Backtrace:</p>\n<pre>#0 /internal/shared/sqlite-database-integration/wp-includes/sqlite/class-wp-sqlite-db.php(287): WP_SQLite_Translator->get_error_message()\n#1 /wordpress/wp-content/plugins/embedder/emb-admin.php(125): WP_SQLite_DB->query('ALTER TABLE wp_...')\n#2 /wordpress/wp-includes/class-wp-hook.php(324): emb_plugin_activate(false)\n#3 /wordpress/wp-includes/class-wp-hook.php(348): WP_Hook->apply_filters('', Array)\n#4 /wordpress/wp-includes/plugin.php(517): WP_Hook->do_action(Array)\n#5 /wordpress/wp-admin/includes/plugin.php(703): do_action('activate_embedd...', false)\n#6 /internal/eval.php(20): activate_plugin('embedder/emb-ma...')\n#7 {main}</pre>\n for query ALTER TABLE wp_emb_embeds CONVERT TO CHARACTER SET utf8 made by activate_plugin, do_action('activate_embedder/emb-main.php'), WP_Hook->do_action, WP_Hook->apply_filters, emb_plugin_activate, WP_SQLite_DB->query, WP_SQLite_DB->print_error","log":"/logs/plugins/e/ep-hashimage/error.json"}
,
{"message":"Required parameter $name follows optional parameter $attrs in /wordpress/wp-content/plugins/embedder/emb-embed.php on line 324","level":"DEPRECATED","type":"PHP","test":"jspi-boot","plugin":"ep-hashimage","details":"[19-May-2025 15:37:33 UTC] PHP Deprecated:  Required parameter $name follows optional parameter $attrs in /wordpress/wp-content/plugins/embedder/emb-embed.php on line 324","log":"/logs/plugins/e/ep-hashimage/error.json"}
,
{"message":"Required parameter $name follows optional parameter $attrs in /wordpress/wp-content/plugins/embedder/emb-embed.php on line 333","level":"DEPRECATED","type":"PHP","test":"jspi-boot","plugin":"ep-hashimage","details":"[19-May-2025 15:37:33 UTC] PHP Deprecated:  Required parameter $name follows optional parameter $attrs in /wordpress/wp-content/plugins/embedder/emb-embed.php on line 333","log":"/logs/plugins/e/ep-hashimage/error.json"}
,
{"message":"Required parameter $name follows optional parameter $attrs in /wordpress/wp-content/plugins/embedder/emb-embed.php on line 340","level":"DEPRECATED","type":"PHP","test":"jspi-boot","plugin":"ep-hashimage","details":"[19-May-2025 15:37:33 UTC] PHP Deprecated:  Required parameter $name follows optional parameter $attrs in /wordpress/wp-content/plugins/embedder/emb-embed.php on line 340","log":"/logs/plugins/e/ep-hashimage/error.json"}
,
{"message":"Required parameter $tag follows optional parameter $content in /wordpress/wp-content/plugins/empty-space-responsive-addon-for-visual-composer/main.php on line 15","level":"DEPRECATED","type":"PHP","test":"jspi-boot","plugin":"ep-hashimage","details":"[19-May-2025 15:37:42 UTC] PHP Deprecated:  Required parameter $tag follows optional parameter $content in /wordpress/wp-content/plugins/empty-space-responsive-addon-for-visual-composer/main.php on line 15","log":"/logs/plugins/e/ep-hashimage/error.json"}
,
{"message":"Required parameter $tag follows optional parameter $content in /wordpress/wp-content/plugins/empty-space-responsive-addon-for-visual-composer/main.php on line 15","level":"DEPRECATED","type":"PHP","test":"jspi-boot","plugin":"ep-hashimage","details":"[19-May-2025 15:37:43 UTC] PHP Deprecated:  Required parameter $tag follows optional parameter $content in /wordpress/wp-content/plugins/empty-space-responsive-addon-for-visual-composer/main.php on line 15","log":"/logs/plugins/e/ep-hashimage/error.json"}
,
{"message":"Required parameter $tag follows optional parameter $content in /wordpress/wp-content/plugins/empty-space-responsive-addon-for-visual-composer/main.php on line 15","level":"DEPRECATED","type":"PHP","test":"jspi-boot","plugin":"ep-hashimage","details":"[19-May-2025 15:37:51 UTC] PHP Deprecated:  Required parameter $tag follows optional parameter $content in /wordpress/wp-content/plugins/empty-space-responsive-addon-for-visual-composer/main.php on line 15","log":"/logs/plugins/e/ep-hashimage/error.json"}
,
{"message":"Required parameter $tag follows optional parameter $content in /wordpress/wp-content/plugins/empty-space-responsive-addon-for-visual-composer/main.php on line 15","level":"DEPRECATED","type":"PHP","test":"jspi-boot","plugin":"ep-hashimage","details":"[19-May-2025 15:37:52 UTC] PHP Deprecated:  Required parameter $tag follows optional parameter $content in /wordpress/wp-content/plugins/empty-space-responsive-addon-for-visual-composer/main.php on line 15","log":"/logs/plugins/e/ep-hashimage/error.json"}
,
{"message":"Required parameter $tag follows optional parameter $content in /wordpress/wp-content/plugins/empty-space-responsive-addon-for-visual-composer/main.php on line 15","level":"DEPRECATED","type":"PHP","test":"jspi-boot","plugin":"ep-hashimage","details":"[19-May-2025 15:38:00 UTC] PHP Deprecated:  Required parameter $tag follows optional parameter $content in /wordpress/wp-content/plugins/empty-space-responsive-addon-for-visual-composer/main.php on line 15","log":"/logs/plugins/e/ep-hashimage/error.json"}
,
{"message":"Required parameter $tag follows optional parameter $content in /wordpress/wp-content/plugins/empty-space-responsive-addon-for-visual-composer/main.php on line 15","level":"DEPRECATED","type":"PHP","test":"jspi-boot","plugin":"ep-hashimage","details":"[19-May-2025 15:38:01 UTC] PHP Deprecated:  Required parameter $tag follows optional parameter $content in /wordpress/wp-content/plugins/empty-space-responsive-addon-for-visual-composer/main.php on line 15","log":"/logs/plugins/e/ep-hashimage/error.json"}
,
{"message":"Required parameter $url follows optional parameter $per_page in /wordpress/wp-content/plugins/emplois-informatique/emplois-informatique.php on line 672","level":"DEPRECATED","type":"PHP","test":"jspi-boot","plugin":"ep-hashimage","details":"[19-May-2025 15:39:04 UTC] PHP Deprecated:  Required parameter $url follows optional parameter $per_page in /wordpress/wp-content/plugins/emplois-informatique/emplois-informatique.php on line 672","log":"/logs/plugins/e/ep-hashimage/error.json"}
,
{"message":"Required parameter $url follows optional parameter $per_page in /wordpress/wp-content/plugins/emplois-informatique/emplois-informatique.php on line 672","level":"DEPRECATED","type":"PHP","test":"jspi-boot","plugin":"ep-hashimage","details":"[19-May-2025 15:39:05 UTC] PHP Deprecated:  Required parameter $url follows optional parameter $per_page in /wordpress/wp-content/plugins/emplois-informatique/emplois-informatique.php on line 672","log":"/logs/plugins/e/ep-hashimage/error.json"}
,
{"message":"Function wp_register_style was called <strong>incorrectly</strong>. Scripts and styles should not be registered or enqueued until the <code>wp_enqueue_scripts</code>, <code>admin_enqueue_scripts</code>, or <code>login_enqueue_scripts</code> hooks. This notice was triggered by the <code>emploisinformatique_style</code> handle. Please see <a href=\"https://developer.wordpress.org/advanced-administration/debug/debug-wordpress/\">Debugging in WordPress</a> for more information. (This message was added in version 3.3.0.) in /wordpress/wp-includes/functions.php on line 6121","level":"NOTICE","type":"PHP","test":"jspi-boot","plugin":"ep-hashimage","details":"[19-May-2025 15:39:05 UTC] PHP Notice:  Function wp_register_style was called <strong>incorrectly</strong>. Scripts and styles should not be registered or enqueued until the <code>wp_enqueue_scripts</code>, <code>admin_enqueue_scripts</code>, or <code>login_enqueue_scripts</code> hooks. This notice was triggered by the <code>emploisinformatique_style</code> handle. Please see <a href=\"https://developer.wordpress.org/advanced-administration/debug/debug-wordpress/\">Debugging in WordPress</a> for more information. (This message was added in version 3.3.0.) in /wordpress/wp-includes/functions.php on line 6121","log":"/logs/plugins/e/ep-hashimage/error.json"}
,
{"message":"Function is_feed was called <strong>incorrectly</strong>. Conditional query tags do not work before the query is run. Before then, they always return false. Please see <a href=\"https://developer.wordpress.org/advanced-administration/debug/debug-wordpress/\">Debugging in WordPress</a> for more information. (This message was added in version 3.1.0.) in /wordpress/wp-includes/functions.php on line 6121","level":"NOTICE","type":"PHP","test":"jspi-boot","plugin":"ep-hashimage","details":"[19-May-2025 15:39:05 UTC] PHP Notice:  Function is_feed was called <strong>incorrectly</strong>. Conditional query tags do not work before the query is run. Before then, they always return false. Please see <a href=\"https://developer.wordpress.org/advanced-administration/debug/debug-wordpress/\">Debugging in WordPress</a> for more information. (This message was added in version 3.1.0.) in /wordpress/wp-includes/functions.php on line 6121","log":"/logs/plugins/e/ep-hashimage/error.json"}
,
{"message":"Function wp_enqueue_style was called <strong>incorrectly</strong>. Scripts and styles should not be registered or enqueued until the <code>wp_enqueue_scripts</code>, <code>admin_enqueue_scripts</code>, or <code>login_enqueue_scripts</code> hooks. This notice was triggered by the <code>emploisinformatique_style</code> handle. Please see <a href=\"https://developer.wordpress.org/advanced-administration/debug/debug-wordpress/\">Debugging in WordPress</a> for more information. (This message was added in version 3.3.0.) in /wordpress/wp-includes/functions.php on line 6121","level":"NOTICE","type":"PHP","test":"jspi-boot","plugin":"ep-hashimage","details":"[19-May-2025 15:39:05 UTC] PHP Notice:  Function wp_enqueue_style was called <strong>incorrectly</strong>. Scripts and styles should not be registered or enqueued until the <code>wp_enqueue_scripts</code>, <code>admin_enqueue_scripts</code>, or <code>login_enqueue_scripts</code> hooks. This notice was triggered by the <code>emploisinformatique_style</code> handle. Please see <a href=\"https://developer.wordpress.org/advanced-administration/debug/debug-wordpress/\">Debugging in WordPress</a> for more information. (This message was added in version 3.3.0.) in /wordpress/wp-includes/functions.php on line 6121","log":"/logs/plugins/e/ep-hashimage/error.json"}
,
{"message":"Required parameter $url follows optional parameter $per_page in /wordpress/wp-content/plugins/emplois-informatique/emplois-informatique.php on line 672","level":"DEPRECATED","type":"PHP","test":"jspi-boot","plugin":"ep-hashimage","details":"[19-May-2025 15:39:13 UTC] PHP Deprecated:  Required parameter $url follows optional parameter $per_page in /wordpress/wp-content/plugins/emplois-informatique/emplois-informatique.php on line 672","log":"/logs/plugins/e/ep-hashimage/error.json"}
,
{"message":"Required parameter $url follows optional parameter $per_page in /wordpress/wp-content/plugins/emplois-informatique/emplois-informatique.php on line 672","level":"DEPRECATED","type":"PHP","test":"jspi-boot","plugin":"ep-hashimage","details":"[19-May-2025 15:39:14 UTC] PHP Deprecated:  Required parameter $url follows optional parameter $per_page in /wordpress/wp-content/plugins/emplois-informatique/emplois-informatique.php on line 672","log":"/logs/plugins/e/ep-hashimage/error.json"}
,
{"message":"Function wp_register_style was called <strong>incorrectly</strong>. Scripts and styles should not be registered or enqueued until the <code>wp_enqueue_scripts</code>, <code>admin_enqueue_scripts</code>, or <code>login_enqueue_scripts</code> hooks. This notice was triggered by the <code>emploisinformatique_style</code> handle. Please see <a href=\"https://developer.wordpress.org/advanced-administration/debug/debug-wordpress/\">Debugging in WordPress</a> for more information. (This message was added in version 3.3.0.) in /wordpress/wp-includes/functions.php on line 6121","level":"NOTICE","type":"PHP","test":"jspi-boot","plugin":"ep-hashimage","details":"[19-May-2025 15:39:14 UTC] PHP Notice:  Function wp_register_style was called <strong>incorrectly</strong>. Scripts and styles should not be registered or enqueued until the <code>wp_enqueue_scripts</code>, <code>admin_enqueue_scripts</code>, or <code>login_enqueue_scripts</code> hooks. This notice was triggered by the <code>emploisinformatique_style</code> handle. Please see <a href=\"https://developer.wordpress.org/advanced-administration/debug/debug-wordpress/\">Debugging in WordPress</a> for more information. (This message was added in version 3.3.0.) in /wordpress/wp-includes/functions.php on line 6121","log":"/logs/plugins/e/ep-hashimage/error.json"}
,
{"message":"Function is_feed was called <strong>incorrectly</strong>. Conditional query tags do not work before the query is run. Before then, they always return false. Please see <a href=\"https://developer.wordpress.org/advanced-administration/debug/debug-wordpress/\">Debugging in WordPress</a> for more information. (This message was added in version 3.1.0.) in /wordpress/wp-includes/functions.php on line 6121","level":"NOTICE","type":"PHP","test":"jspi-boot","plugin":"ep-hashimage","details":"[19-May-2025 15:39:14 UTC] PHP Notice:  Function is_feed was called <strong>incorrectly</strong>. Conditional query tags do not work before the query is run. Before then, they always return false. Please see <a href=\"https://developer.wordpress.org/advanced-administration/debug/debug-wordpress/\">Debugging in WordPress</a> for more information. (This message was added in version 3.1.0.) in /wordpress/wp-includes/functions.php on line 6121","log":"/logs/plugins/e/ep-hashimage/error.json"}
,
{"message":"Function wp_enqueue_style was called <strong>incorrectly</strong>. Scripts and styles should not be registered or enqueued until the <code>wp_enqueue_scripts</code>, <code>admin_enqueue_scripts</code>, or <code>login_enqueue_scripts</code> hooks. This notice was triggered by the <code>emploisinformatique_style</code> handle. Please see <a href=\"https://developer.wordpress.org/advanced-administration/debug/debug-wordpress/\">Debugging in WordPress</a> for more information. (This message was added in version 3.3.0.) in /wordpress/wp-includes/functions.php on line 6121","level":"NOTICE","type":"PHP","test":"jspi-boot","plugin":"ep-hashimage","details":"[19-May-2025 15:39:14 UTC] PHP Notice:  Function wp_enqueue_style was called <strong>incorrectly</strong>. Scripts and styles should not be registered or enqueued until the <code>wp_enqueue_scripts</code>, <code>admin_enqueue_scripts</code>, or <code>login_enqueue_scripts</code> hooks. This notice was triggered by the <code>emploisinformatique_style</code> handle. Please see <a href=\"https://developer.wordpress.org/advanced-administration/debug/debug-wordpress/\">Debugging in WordPress</a> for more information. (This message was added in version 3.3.0.) in /wordpress/wp-includes/functions.php on line 6121","log":"/logs/plugins/e/ep-hashimage/error.json"}
,
{"message":"Required parameter $url follows optional parameter $per_page in /wordpress/wp-content/plugins/emplois-informatique/emplois-informatique.php on line 672","level":"DEPRECATED","type":"PHP","test":"jspi-boot","plugin":"ep-hashimage","details":"[19-May-2025 15:39:22 UTC] PHP Deprecated:  Required parameter $url follows optional parameter $per_page in /wordpress/wp-content/plugins/emplois-informatique/emplois-informatique.php on line 672","log":"/logs/plugins/e/ep-hashimage/error.json"}
,
{"message":"Required parameter $url follows optional parameter $per_page in /wordpress/wp-content/plugins/emplois-informatique/emplois-informatique.php on line 672","level":"DEPRECATED","type":"PHP","test":"jspi-boot","plugin":"ep-hashimage","details":"[19-May-2025 15:39:23 UTC] PHP Deprecated:  Required parameter $url follows optional parameter $per_page in /wordpress/wp-content/plugins/emplois-informatique/emplois-informatique.php on line 672","log":"/logs/plugins/e/ep-hashimage/error.json"}
,
{"message":"Function wp_register_style was called <strong>incorrectly</strong>. Scripts and styles should not be registered or enqueued until the <code>wp_enqueue_scripts</code>, <code>admin_enqueue_scripts</code>, or <code>login_enqueue_scripts</code> hooks. This notice was triggered by the <code>emploisinformatique_style</code> handle. Please see <a href=\"https://developer.wordpress.org/advanced-administration/debug/debug-wordpress/\">Debugging in WordPress</a> for more information. (This message was added in version 3.3.0.) in /wordpress/wp-includes/functions.php on line 6121","level":"NOTICE","type":"PHP","test":"jspi-boot","plugin":"ep-hashimage","details":"[19-May-2025 15:39:23 UTC] PHP Notice:  Function wp_register_style was called <strong>incorrectly</strong>. Scripts and styles should not be registered or enqueued until the <code>wp_enqueue_scripts</code>, <code>admin_enqueue_scripts</code>, or <code>login_enqueue_scripts</code> hooks. This notice was triggered by the <code>emploisinformatique_style</code> handle. Please see <a href=\"https://developer.wordpress.org/advanced-administration/debug/debug-wordpress/\">Debugging in WordPress</a> for more information. (This message was added in version 3.3.0.) in /wordpress/wp-includes/functions.php on line 6121","log":"/logs/plugins/e/ep-hashimage/error.json"}
,
{"message":"Function is_feed was called <strong>incorrectly</strong>. Conditional query tags do not work before the query is run. Before then, they always return false. Please see <a href=\"https://developer.wordpress.org/advanced-administration/debug/debug-wordpress/\">Debugging in WordPress</a> for more information. (This message was added in version 3.1.0.) in /wordpress/wp-includes/functions.php on line 6121","level":"NOTICE","type":"PHP","test":"jspi-boot","plugin":"ep-hashimage","details":"[19-May-2025 15:39:23 UTC] PHP Notice:  Function is_feed was called <strong>incorrectly</strong>. Conditional query tags do not work before the query is run. Before then, they always return false. Please see <a href=\"https://developer.wordpress.org/advanced-administration/debug/debug-wordpress/\">Debugging in WordPress</a> for more information. (This message was added in version 3.1.0.) in /wordpress/wp-includes/functions.php on line 6121","log":"/logs/plugins/e/ep-hashimage/error.json"}
,
{"message":"Function wp_enqueue_style was called <strong>incorrectly</strong>. Scripts and styles should not be registered or enqueued until the <code>wp_enqueue_scripts</code>, <code>admin_enqueue_scripts</code>, or <code>login_enqueue_scripts</code> hooks. This notice was triggered by the <code>emploisinformatique_style</code> handle. Please see <a href=\"https://developer.wordpress.org/advanced-administration/debug/debug-wordpress/\">Debugging in WordPress</a> for more information. (This message was added in version 3.3.0.) in /wordpress/wp-includes/functions.php on line 6121","level":"NOTICE","type":"PHP","test":"jspi-boot","plugin":"ep-hashimage","details":"[19-May-2025 15:39:23 UTC] PHP Notice:  Function wp_enqueue_style was called <strong>incorrectly</strong>. Scripts and styles should not be registered or enqueued until the <code>wp_enqueue_scripts</code>, <code>admin_enqueue_scripts</code>, or <code>login_enqueue_scripts</code> hooks. This notice was triggered by the <code>emploisinformatique_style</code> handle. Please see <a href=\"https://developer.wordpress.org/advanced-administration/debug/debug-wordpress/\">Debugging in WordPress</a> for more information. (This message was added in version 3.3.0.) in /wordpress/wp-includes/functions.php on line 6121","log":"/logs/plugins/e/ep-hashimage/error.json"}
,
{"message":"[19-May-2025 15:40:22 UTC] EWZ: creating/updating tables ","level":"INFO","type":"OTHER","test":"jspi-boot","plugin":"ep-hashimage","details":"[19-May-2025 15:40:22 UTC] EWZ: creating/updating tables ","log":"/logs/plugins/e/ep-hashimage/error.json"}
,
{"message":"[19-May-2025 15:40:22 UTC] EWZ: Array\n(\n    [wp_ewz_layout] => Created table wp_ewz_layout\n)\n","level":"INFO","type":"OTHER","test":"jspi-boot","plugin":"ep-hashimage","details":"[19-May-2025 15:40:22 UTC] EWZ: Array\n(\n    [wp_ewz_layout] => Created table wp_ewz_layout\n)\n","log":"/logs/plugins/e/ep-hashimage/error.json"}
,
{"message":"[19-May-2025 15:40:22 UTC] EWZ: Array\n(\n    [wp_ewz_field] => Created table wp_ewz_field\n)\n","level":"INFO","type":"OTHER","test":"jspi-boot","plugin":"ep-hashimage","details":"[19-May-2025 15:40:22 UTC] EWZ: Array\n(\n    [wp_ewz_field] => Created table wp_ewz_field\n)\n","log":"/logs/plugins/e/ep-hashimage/error.json"}
,
{"message":"[19-May-2025 15:40:22 UTC] EWZ: Array\n(\n    [wp_ewz_webform] => Created table wp_ewz_webform\n)\n","level":"INFO","type":"OTHER","test":"jspi-boot","plugin":"ep-hashimage","details":"[19-May-2025 15:40:22 UTC] EWZ: Array\n(\n    [wp_ewz_webform] => Created table wp_ewz_webform\n)\n","log":"/logs/plugins/e/ep-hashimage/error.json"}
,
{"message":"[19-May-2025 15:40:22 UTC] EWZ: Array\n(\n    [wp_ewz_item] => Created table wp_ewz_item\n)\n","level":"INFO","type":"OTHER","test":"jspi-boot","plugin":"ep-hashimage","details":"[19-May-2025 15:40:22 UTC] EWZ: Array\n(\n    [wp_ewz_item] => Created table wp_ewz_item\n)\n","log":"/logs/plugins/e/ep-hashimage/error.json"}
,
{"message":"[19-May-2025 15:40:32 UTC] EWZ: creating/updating tables ","level":"INFO","type":"OTHER","test":"jspi-boot","plugin":"ep-hashimage","details":"[19-May-2025 15:40:32 UTC] EWZ: creating/updating tables ","log":"/logs/plugins/e/ep-hashimage/error.json"}
,
{"message":"[19-May-2025 15:40:32 UTC] EWZ: Array\n(\n    [wp_ewz_layout] => Created table wp_ewz_layout\n)\n","level":"INFO","type":"OTHER","test":"jspi-boot","plugin":"ep-hashimage","details":"[19-May-2025 15:40:32 UTC] EWZ: Array\n(\n    [wp_ewz_layout] => Created table wp_ewz_layout\n)\n","log":"/logs/plugins/e/ep-hashimage/error.json"}
,
{"message":"[19-May-2025 15:40:32 UTC] EWZ: Array\n(\n    [wp_ewz_field] => Created table wp_ewz_field\n)\n","level":"INFO","type":"OTHER","test":"jspi-boot","plugin":"ep-hashimage","details":"[19-May-2025 15:40:32 UTC] EWZ: Array\n(\n    [wp_ewz_field] => Created table wp_ewz_field\n)\n","log":"/logs/plugins/e/ep-hashimage/error.json"}
,
{"message":"[19-May-2025 15:40:32 UTC] EWZ: Array\n(\n    [wp_ewz_webform] => Created table wp_ewz_webform\n)\n","level":"INFO","type":"OTHER","test":"jspi-boot","plugin":"ep-hashimage","details":"[19-May-2025 15:40:32 UTC] EWZ: Array\n(\n    [wp_ewz_webform] => Created table wp_ewz_webform\n)\n","log":"/logs/plugins/e/ep-hashimage/error.json"}
,
{"message":"[19-May-2025 15:40:32 UTC] EWZ: Array\n(\n    [wp_ewz_item] => Created table wp_ewz_item\n)\n","level":"INFO","type":"OTHER","test":"jspi-boot","plugin":"ep-hashimage","details":"[19-May-2025 15:40:32 UTC] EWZ: Array\n(\n    [wp_ewz_item] => Created table wp_ewz_item\n)\n","log":"/logs/plugins/e/ep-hashimage/error.json"}
,
{"message":"Unknown operation: AUTO_INCREMENT.","level":"FATAL","type":"SQL","test":"jspi-boot","plugin":"ep-hashimage","details":"[19-May-2025 15:40:32 UTC] WordPress database error <div style=\"clear:both\">&nbsp;</div>\n<div class=\"queries\" style=\"clear:both;margin-bottom:2px;border:red dotted thin;\">\n<p>MySQL query:</p>\n<p>ALTER TABLE wp_ewz_layout AUTO_INCREMENT=33;</p>\n<p>Queries made or created this session were:</p>\n<ol>\n<li>Executing: BEGIN | (no parameters)</li>\n<li>Executing: ROLLBACK | (no parameters)</li>\n</ol>\n</div>\n<div style=\"clear:both;margin-bottom:2px;border:red dotted thin;\" class=\"error_message\" style=\"border-bottom:dotted blue thin;\">\nError occurred at line 4117 in Function <code>handle_error</code>. Error message was: Unknown operation: AUTO_INCREMENT.\n</div>\n<p>Backtrace:</p>\n<pre>#0 /internal/shared/sqlite-database-integration/wp-includes/sqlite/class-wp-sqlite-db.php(287): WP_SQLite_Translator->get_error_message()\n#1 /wordpress/wp-content/plugins/entrywizard/classes/ewz-setup.php(83): WP_SQLite_DB->query('ALTER TABLE wp_...')\n#2 /wordpress/wp-includes/class-wp-hook.php(324): Ewz_Setup::activate_or_install_ewz(false)\n#3 /wordpress/wp-includes/class-wp-hook.php(348): WP_Hook->apply_filters('', Array)\n#4 /wordpress/wp-includes/plugin.php(517): WP_Hook->do_action(Array)\n#5 /wordpress/wp-admin/includes/plugin.php(703): do_action('activate_entryw...', false)\n#6 /internal/eval.php(20): activate_plugin('entrywizard/ent...')\n#7 {main}</pre>\n for query ALTER TABLE wp_ewz_layout AUTO_INCREMENT=33; made by activate_plugin, do_action('activate_entrywizard/entrywizard.php'), WP_Hook->do_action, WP_Hook->apply_filters, Ewz_Setup::activate_or_install_ewz, WP_SQLite_DB->query, WP_SQLite_DB->print_error","log":"/logs/plugins/e/ep-hashimage/error.json"}
,
{"message":"[19-May-2025 15:40:32 UTC] EWZ: DB Error <div style=\"clear:both\">&nbsp;</div>\n<div class=\"queries\" style=\"clear:both;margin-bottom:2px;border:red dotted thin;\">\n<p>MySQL query:</p>\n<p>ALTER TABLE wp_ewz_layout AUTO_INCREMENT=33;</p>\n<p>Queries made or created this session were:</p>\n<ol>\n<li>Executing: BEGIN | (no parameters)</li>\n<li>Executing: ROLLBACK | (no parameters)</li>\n</ol>\n</div>\n<div style=\"clear:both;margin-bottom:2px;border:red dotted thin;\" class=\"error_message\" style=\"border-bottom:dotted blue thin;\">\nError occurred at line 4117 in Function <code>handle_error</code>. Error message was: Unknown operation: AUTO_INCREMENT.\n</div>\n<p>Backtrace:</p>\n<pre>#0 /internal/shared/sqlite-database-integration/wp-includes/sqlite/class-wp-sqlite-db.php(287): WP_SQLite_Translator->get_error_message()\n#1 /wordpress/wp-content/plugins/entrywizard/classes/ewz-setup.php(83): WP_SQLite_DB->query('ALTER TABLE wp_...')\n#2 /wordpress/wp-includes/class-wp-hook.php(324): Ewz_Setup::activate_or_install_ewz(false)\n#3 /wordpress/wp-includes/class-wp-hook.php(348): WP_Hook->apply_filters('', Array)\n#4 /wordpress/wp-includes/plugin.php(517): WP_Hook->do_action(Array)\n#5 /wordpress/wp-admin/includes/plugin.php(703): do_action('activate_entryw...', false)\n#6 /internal/eval.php(20): activate_plugin('entrywizard/ent...')\n#7 {main}</pre>\n ;; # {user 1}~{ classes/ewz-setup.php, line 84 }~","level":"INFO","type":"OTHER","test":"jspi-boot","plugin":"ep-hashimage","details":"[19-May-2025 15:40:32 UTC] EWZ: DB Error <div style=\"clear:both\">&nbsp;</div>\n<div class=\"queries\" style=\"clear:both;margin-bottom:2px;border:red dotted thin;\">\n<p>MySQL query:</p>\n<p>ALTER TABLE wp_ewz_layout AUTO_INCREMENT=33;</p>\n<p>Queries made or created this session were:</p>\n<ol>\n<li>Executing: BEGIN | (no parameters)</li>\n<li>Executing: ROLLBACK | (no parameters)</li>\n</ol>\n</div>\n<div style=\"clear:both;margin-bottom:2px;border:red dotted thin;\" class=\"error_message\" style=\"border-bottom:dotted blue thin;\">\nError occurred at line 4117 in Function <code>handle_error</code>. Error message was: Unknown operation: AUTO_INCREMENT.\n</div>\n<p>Backtrace:</p>\n<pre>#0 /internal/shared/sqlite-database-integration/wp-includes/sqlite/class-wp-sqlite-db.php(287): WP_SQLite_Translator->get_error_message()\n#1 /wordpress/wp-content/plugins/entrywizard/classes/ewz-setup.php(83): WP_SQLite_DB->query('ALTER TABLE wp_...')\n#2 /wordpress/wp-includes/class-wp-hook.php(324): Ewz_Setup::activate_or_install_ewz(false)\n#3 /wordpress/wp-includes/class-wp-hook.php(348): WP_Hook->apply_filters('', Array)\n#4 /wordpress/wp-includes/plugin.php(517): WP_Hook->do_action(Array)\n#5 /wordpress/wp-admin/includes/plugin.php(703): do_action('activate_entryw...', false)\n#6 /internal/eval.php(20): activate_plugin('entrywizard/ent...')\n#7 {main}</pre>\n ;; # {user 1}~{ classes/ewz-setup.php, line 84 }~","log":"/logs/plugins/e/ep-hashimage/error.json"}
,
{"message":"Uncaught EWZ_Exception: *** EntryWizard ERROR *** DB Error &nbsp;","level":"FATAL","type":"PHP","test":"jspi-boot","plugin":"ep-hashimage","details":"[19-May-2025 15:40:32 UTC] PHP Fatal error:  Uncaught EWZ_Exception: *** EntryWizard ERROR *** DB Error &nbsp;\n\nMySQL query:\nALTER TABLE wp_ewz_layout AUTO_INCREMENT=33;\nQueries made or created this session were:\n\nExecuting: BEGIN | (no parameters)\nExecuting: ROLLBACK | (no parameters)\n\n\n\nError occurred at line 4117 in Function handle_error. Error message was: Unknown operation: AUTO_INCREMENT.\n\nBacktrace:\n#0 /internal/shared/sqlite-database-integration/wp-includes/sqlite/class-wp-sqlite-db.php(287): WP_SQLite_Translator-&gt;get_error_message()\n#1 /wordpress/wp-content/plugins/entrywizard/classes/ewz-setup.php(83): WP_SQLite_DB-&gt;query('ALTER TABLE wp_...')\n#2 /wordpress/wp-includes/class-wp-hook.php(324): Ewz_Setup::activate_or_install_ewz(false)\n#3 /wordpress/wp-includes/class-wp-hook.php(348): WP_Hook-&gt;apply_filters('', Array)\n#4 /wordpress/wp-includes/plugin.php(517): WP_Hook-&gt;do_action(Array)\n#5 /wordpress/wp-admin/includes/plugin.php(703): do_action('activate_entryw...', false)\n#6 /internal/eval.php(20): activate_plugin('entrywizard/ent...')\n#7 {main}\n in /wordpress/wp-content/plugins/entrywizard/classes/ewz-setup.php:84\nStack trace:\n#0 /wordpress/wp-includes/class-wp-hook.php(324): Ewz_Setup::activate_or_install_ewz(false)\n#1 /wordpress/wp-includes/class-wp-hook.php(348): WP_Hook->apply_filters('', Array)\n#2 /wordpress/wp-includes/plugin.php(517): WP_Hook->do_action(Array)\n#3 /wordpress/wp-admin/includes/plugin.php(703): do_action('activate_entryw...', false)\n#4 /internal/eval.php(20): activate_plugin('entrywizard/ent...')\n#5 {main}\n  thrown in /wordpress/wp-content/plugins/entrywizard/classes/ewz-setup.php on line 84","log":"/logs/plugins/e/ep-hashimage/error.json"}
,
{"message":"[19-May-2025 15:40:41 UTC] EWZ: creating/updating tables ","level":"INFO","type":"OTHER","test":"jspi-boot","plugin":"ep-hashimage","details":"[19-May-2025 15:40:41 UTC] EWZ: creating/updating tables ","log":"/logs/plugins/e/ep-hashimage/error.json"}
,
{"message":"[19-May-2025 15:40:41 UTC] EWZ: Array\n(\n    [wp_ewz_layout] => Created table wp_ewz_layout\n)\n","level":"INFO","type":"OTHER","test":"jspi-boot","plugin":"ep-hashimage","details":"[19-May-2025 15:40:41 UTC] EWZ: Array\n(\n    [wp_ewz_layout] => Created table wp_ewz_layout\n)\n","log":"/logs/plugins/e/ep-hashimage/error.json"}
,
{"message":"[19-May-2025 15:40:41 UTC] EWZ: Array\n(\n    [wp_ewz_field] => Created table wp_ewz_field\n)\n","level":"INFO","type":"OTHER","test":"jspi-boot","plugin":"ep-hashimage","details":"[19-May-2025 15:40:41 UTC] EWZ: Array\n(\n    [wp_ewz_field] => Created table wp_ewz_field\n)\n","log":"/logs/plugins/e/ep-hashimage/error.json"}
,
{"message":"[19-May-2025 15:40:41 UTC] EWZ: Array\n(\n    [wp_ewz_webform] => Created table wp_ewz_webform\n)\n","level":"INFO","type":"OTHER","test":"jspi-boot","plugin":"ep-hashimage","details":"[19-May-2025 15:40:41 UTC] EWZ: Array\n(\n    [wp_ewz_webform] => Created table wp_ewz_webform\n)\n","log":"/logs/plugins/e/ep-hashimage/error.json"}
,
{"message":"[19-May-2025 15:40:41 UTC] EWZ: Array\n(\n    [wp_ewz_item] => Created table wp_ewz_item\n)\n","level":"INFO","type":"OTHER","test":"jspi-boot","plugin":"ep-hashimage","details":"[19-May-2025 15:40:41 UTC] EWZ: Array\n(\n    [wp_ewz_item] => Created table wp_ewz_item\n)\n","log":"/logs/plugins/e/ep-hashimage/error.json"}
,
{"message":"Unknown operation: AUTO_INCREMENT.","level":"FATAL","type":"SQL","test":"jspi-boot","plugin":"ep-hashimage","details":"[19-May-2025 15:40:41 UTC] WordPress database error <div style=\"clear:both\">&nbsp;</div>\n<div class=\"queries\" style=\"clear:both;margin-bottom:2px;border:red dotted thin;\">\n<p>MySQL query:</p>\n<p>ALTER TABLE wp_ewz_layout AUTO_INCREMENT=33;</p>\n<p>Queries made or created this session were:</p>\n<ol>\n<li>Executing: BEGIN | (no parameters)</li>\n<li>Executing: ROLLBACK | (no parameters)</li>\n</ol>\n</div>\n<div style=\"clear:both;margin-bottom:2px;border:red dotted thin;\" class=\"error_message\" style=\"border-bottom:dotted blue thin;\">\nError occurred at line 4117 in Function <code>handle_error</code>. Error message was: Unknown operation: AUTO_INCREMENT.\n</div>\n<p>Backtrace:</p>\n<pre>#0 /internal/shared/sqlite-database-integration/wp-includes/sqlite/class-wp-sqlite-db.php(287): WP_SQLite_Translator->get_error_message()\n#1 /wordpress/wp-content/plugins/entrywizard/classes/ewz-setup.php(83): WP_SQLite_DB->query('ALTER TABLE wp_...')\n#2 /wordpress/wp-includes/class-wp-hook.php(324): Ewz_Setup::activate_or_install_ewz(false)\n#3 /wordpress/wp-includes/class-wp-hook.php(348): WP_Hook->apply_filters('', Array)\n#4 /wordpress/wp-includes/plugin.php(517): WP_Hook->do_action(Array)\n#5 /wordpress/wp-admin/includes/plugin.php(703): do_action('activate_entryw...', false)\n#6 /internal/eval.php(20): activate_plugin('entrywizard/ent...')\n#7 {main}</pre>\n for query ALTER TABLE wp_ewz_layout AUTO_INCREMENT=33; made by activate_plugin, do_action('activate_entrywizard/entrywizard.php'), WP_Hook->do_action, WP_Hook->apply_filters, Ewz_Setup::activate_or_install_ewz, WP_SQLite_DB->query, WP_SQLite_DB->print_error","log":"/logs/plugins/e/ep-hashimage/error.json"}
,
{"message":"[19-May-2025 15:40:41 UTC] EWZ: DB Error <div style=\"clear:both\">&nbsp;</div>\n<div class=\"queries\" style=\"clear:both;margin-bottom:2px;border:red dotted thin;\">\n<p>MySQL query:</p>\n<p>ALTER TABLE wp_ewz_layout AUTO_INCREMENT=33;</p>\n<p>Queries made or created this session were:</p>\n<ol>\n<li>Executing: BEGIN | (no parameters)</li>\n<li>Executing: ROLLBACK | (no parameters)</li>\n</ol>\n</div>\n<div style=\"clear:both;margin-bottom:2px;border:red dotted thin;\" class=\"error_message\" style=\"border-bottom:dotted blue thin;\">\nError occurred at line 4117 in Function <code>handle_error</code>. Error message was: Unknown operation: AUTO_INCREMENT.\n</div>\n<p>Backtrace:</p>\n<pre>#0 /internal/shared/sqlite-database-integration/wp-includes/sqlite/class-wp-sqlite-db.php(287): WP_SQLite_Translator->get_error_message()\n#1 /wordpress/wp-content/plugins/entrywizard/classes/ewz-setup.php(83): WP_SQLite_DB->query('ALTER TABLE wp_...')\n#2 /wordpress/wp-includes/class-wp-hook.php(324): Ewz_Setup::activate_or_install_ewz(false)\n#3 /wordpress/wp-includes/class-wp-hook.php(348): WP_Hook->apply_filters('', Array)\n#4 /wordpress/wp-includes/plugin.php(517): WP_Hook->do_action(Array)\n#5 /wordpress/wp-admin/includes/plugin.php(703): do_action('activate_entryw...', false)\n#6 /internal/eval.php(20): activate_plugin('entrywizard/ent...')\n#7 {main}</pre>\n ;; # {user 1}~{ classes/ewz-setup.php, line 84 }~","level":"INFO","type":"OTHER","test":"jspi-boot","plugin":"ep-hashimage","details":"[19-May-2025 15:40:41 UTC] EWZ: DB Error <div style=\"clear:both\">&nbsp;</div>\n<div class=\"queries\" style=\"clear:both;margin-bottom:2px;border:red dotted thin;\">\n<p>MySQL query:</p>\n<p>ALTER TABLE wp_ewz_layout AUTO_INCREMENT=33;</p>\n<p>Queries made or created this session were:</p>\n<ol>\n<li>Executing: BEGIN | (no parameters)</li>\n<li>Executing: ROLLBACK | (no parameters)</li>\n</ol>\n</div>\n<div style=\"clear:both;margin-bottom:2px;border:red dotted thin;\" class=\"error_message\" style=\"border-bottom:dotted blue thin;\">\nError occurred at line 4117 in Function <code>handle_error</code>. Error message was: Unknown operation: AUTO_INCREMENT.\n</div>\n<p>Backtrace:</p>\n<pre>#0 /internal/shared/sqlite-database-integration/wp-includes/sqlite/class-wp-sqlite-db.php(287): WP_SQLite_Translator->get_error_message()\n#1 /wordpress/wp-content/plugins/entrywizard/classes/ewz-setup.php(83): WP_SQLite_DB->query('ALTER TABLE wp_...')\n#2 /wordpress/wp-includes/class-wp-hook.php(324): Ewz_Setup::activate_or_install_ewz(false)\n#3 /wordpress/wp-includes/class-wp-hook.php(348): WP_Hook->apply_filters('', Array)\n#4 /wordpress/wp-includes/plugin.php(517): WP_Hook->do_action(Array)\n#5 /wordpress/wp-admin/includes/plugin.php(703): do_action('activate_entryw...', false)\n#6 /internal/eval.php(20): activate_plugin('entrywizard/ent...')\n#7 {main}</pre>\n ;; # {user 1}~{ classes/ewz-setup.php, line 84 }~","log":"/logs/plugins/e/ep-hashimage/error.json"}
,
{"message":"Uncaught EWZ_Exception: *** EntryWizard ERROR *** DB Error &nbsp;","level":"FATAL","type":"PHP","test":"jspi-boot","plugin":"ep-hashimage","details":"[19-May-2025 15:40:41 UTC] PHP Fatal error:  Uncaught EWZ_Exception: *** EntryWizard ERROR *** DB Error &nbsp;\n\nMySQL query:\nALTER TABLE wp_ewz_layout AUTO_INCREMENT=33;\nQueries made or created this session were:\n\nExecuting: BEGIN | (no parameters)\nExecuting: ROLLBACK | (no parameters)\n\n\n\nError occurred at line 4117 in Function handle_error. Error message was: Unknown operation: AUTO_INCREMENT.\n\nBacktrace:\n#0 /internal/shared/sqlite-database-integration/wp-includes/sqlite/class-wp-sqlite-db.php(287): WP_SQLite_Translator-&gt;get_error_message()\n#1 /wordpress/wp-content/plugins/entrywizard/classes/ewz-setup.php(83): WP_SQLite_DB-&gt;query('ALTER TABLE wp_...')\n#2 /wordpress/wp-includes/class-wp-hook.php(324): Ewz_Setup::activate_or_install_ewz(false)\n#3 /wordpress/wp-includes/class-wp-hook.php(348): WP_Hook-&gt;apply_filters('', Array)\n#4 /wordpress/wp-includes/plugin.php(517): WP_Hook-&gt;do_action(Array)\n#5 /wordpress/wp-admin/includes/plugin.php(703): do_action('activate_entryw...', false)\n#6 /internal/eval.php(20): activate_plugin('entrywizard/ent...')\n#7 {main}\n in /wordpress/wp-content/plugins/entrywizard/classes/ewz-setup.php:84\nStack trace:\n#0 /wordpress/wp-includes/class-wp-hook.php(324): Ewz_Setup::activate_or_install_ewz(false)\n#1 /wordpress/wp-includes/class-wp-hook.php(348): WP_Hook->apply_filters('', Array)\n#2 /wordpress/wp-includes/plugin.php(517): WP_Hook->do_action(Array)\n#3 /wordpress/wp-admin/includes/plugin.php(703): do_action('activate_entryw...', false)\n#4 /internal/eval.php(20): activate_plugin('entrywizard/ent...')\n#5 {main}\n  thrown in /wordpress/wp-content/plugins/entrywizard/classes/ewz-setup.php on line 84","log":"/logs/plugins/e/ep-hashimage/error.json"}
,
{"message":"Uncaught ArgumentCountError: Too few arguments to function WP_Widget::__construct(), 0 passed in /wordpress/wp-includes/class-wp-widget-factory.php on line 62 and at least 2 expected in /wordpress/wp-includes/class-wp-widget.php:163","level":"FATAL","type":"PHP","test":"jspi-boot","plugin":"ep-hashimage","details":"[19-May-2025 15:40:51 UTC] PHP Fatal error:  Uncaught ArgumentCountError: Too few arguments to function WP_Widget::__construct(), 0 passed in /wordpress/wp-includes/class-wp-widget-factory.php on line 62 and at least 2 expected in /wordpress/wp-includes/class-wp-widget.php:163\nStack trace:\n#0 /wordpress/wp-includes/class-wp-widget-factory.php(62): WP_Widget->__construct()\n#1 /wordpress/wp-includes/widgets.php(123): WP_Widget_Factory->register('ep_hashimage_wi...')\n#2 /wordpress/wp-content/plugins/ep-hashimage/system/widget.php(8): register_widget('ep_hashimage_wi...')\n#3 /wordpress/wp-includes/class-wp-hook.php(324): load_ep_hashimage_widget('')\n#4 /wordpress/wp-includes/class-wp-hook.php(348): WP_Hook->apply_filters(NULL, Array)\n#5 /wordpress/wp-includes/plugin.php(517): WP_Hook->do_action(Array)\n#6 /wordpress/wp-includes/widgets.php(1870): do_action('widgets_init')\n#7 /wordpress/wp-includes/class-wp-hook.php(324): wp_widgets_init('')\n#8 /wordpress/wp-includes/class-wp-hook.php(348): WP_Hook->apply_filters(NULL, Array)\n#9 /wordpress/wp-includes/plugin.php(517): WP_Hook->do_action(Array)\n#10 /wordpress/wp-settings.php(727): do_action('init')\n#11 /wordpress/wp-config.php(102): require_once('/wordpress/wp-s...')\n#12 /wordpress/wp-load.php(50): require_once('/wordpress/wp-c...')\n#13 /internal/eval.php(3): require_once('/wordpress/wp-l...')\n#14 {main}\n  thrown in /wordpress/wp-includes/class-wp-widget.php on line 163","log":"/logs/plugins/e/ep-hashimage/error.json"}
,
{"message":"Uncaught ArgumentCountError: Too few arguments to function WP_Widget::__construct(), 0 passed in /wordpress/wp-includes/class-wp-widget-factory.php on line 62 and at least 2 expected in /wordpress/wp-includes/class-wp-widget.php:163","level":"FATAL","type":"PHP","test":"jspi-boot","plugin":"ep-hashimage","details":"[19-May-2025 15:41:00 UTC] PHP Fatal error:  Uncaught ArgumentCountError: Too few arguments to function WP_Widget::__construct(), 0 passed in /wordpress/wp-includes/class-wp-widget-factory.php on line 62 and at least 2 expected in /wordpress/wp-includes/class-wp-widget.php:163\nStack trace:\n#0 /wordpress/wp-includes/class-wp-widget-factory.php(62): WP_Widget->__construct()\n#1 /wordpress/wp-includes/widgets.php(123): WP_Widget_Factory->register('ep_hashimage_wi...')\n#2 /wordpress/wp-content/plugins/ep-hashimage/system/widget.php(8): register_widget('ep_hashimage_wi...')\n#3 /wordpress/wp-includes/class-wp-hook.php(324): load_ep_hashimage_widget('')\n#4 /wordpress/wp-includes/class-wp-hook.php(348): WP_Hook->apply_filters(NULL, Array)\n#5 /wordpress/wp-includes/plugin.php(517): WP_Hook->do_action(Array)\n#6 /wordpress/wp-includes/widgets.php(1870): do_action('widgets_init')\n#7 /wordpress/wp-includes/class-wp-hook.php(324): wp_widgets_init('')\n#8 /wordpress/wp-includes/class-wp-hook.php(348): WP_Hook->apply_filters(NULL, Array)\n#9 /wordpress/wp-includes/plugin.php(517): WP_Hook->do_action(Array)\n#10 /wordpress/wp-settings.php(727): do_action('init')\n#11 /wordpress/wp-config.php(102): require_once('/wordpress/wp-s...')\n#12 /wordpress/wp-load.php(50): require_once('/wordpress/wp-c...')\n#13 /internal/eval.php(3): require_once('/wordpress/wp-l...')\n#14 {main}\n  thrown in /wordpress/wp-includes/class-wp-widget.php on line 163","log":"/logs/plugins/e/ep-hashimage/error.json"}
,
{"message":"Uncaught ArgumentCountError: Too few arguments to function WP_Widget::__construct(), 0 passed in /wordpress/wp-includes/class-wp-widget-factory.php on line 62 and at least 2 expected in /wordpress/wp-includes/class-wp-widget.php:163","level":"FATAL","type":"PHP","test":"jspi-boot","plugin":"ep-hashimage","details":"[19-May-2025 15:41:09 UTC] PHP Fatal error:  Uncaught ArgumentCountError: Too few arguments to function WP_Widget::__construct(), 0 passed in /wordpress/wp-includes/class-wp-widget-factory.php on line 62 and at least 2 expected in /wordpress/wp-includes/class-wp-widget.php:163\nStack trace:\n#0 /wordpress/wp-includes/class-wp-widget-factory.php(62): WP_Widget->__construct()\n#1 /wordpress/wp-includes/widgets.php(123): WP_Widget_Factory->register('ep_hashimage_wi...')\n#2 /wordpress/wp-content/plugins/ep-hashimage/system/widget.php(8): register_widget('ep_hashimage_wi...')\n#3 /wordpress/wp-includes/class-wp-hook.php(324): load_ep_hashimage_widget('')\n#4 /wordpress/wp-includes/class-wp-hook.php(348): WP_Hook->apply_filters(NULL, Array)\n#5 /wordpress/wp-includes/plugin.php(517): WP_Hook->do_action(Array)\n#6 /wordpress/wp-includes/widgets.php(1870): do_action('widgets_init')\n#7 /wordpress/wp-includes/class-wp-hook.php(324): wp_widgets_init('')\n#8 /wordpress/wp-includes/class-wp-hook.php(348): WP_Hook->apply_filters(NULL, Array)\n#9 /wordpress/wp-includes/plugin.php(517): WP_Hook->do_action(Array)\n#10 /wordpress/wp-settings.php(727): do_action('init')\n#11 /wordpress/wp-config.php(102): require_once('/wordpress/wp-s...')\n#12 /wordpress/wp-load.php(50): require_once('/wordpress/wp-c...')\n#13 /internal/eval.php(3): require_once('/wordpress/wp-l...')\n#14 {main}\n  thrown in /wordpress/wp-includes/class-wp-widget.php on line 163\n\n    at Object.onBind (file:///home/runner/work/playground-tester/playground-tester/node_modules/@wp-playground/cli/index.js:237:15)\n    at process.processTicksAndRejections (node:internal/process/task_queues:105:5)\n    at async V (file:///home/runner/work/playground-tester/playground-tester/node_modules/@wp-playground/cli/index.js:64:10)\n    at async ja (file:///home/runner/work/playground-tester/playground-tester/node_modules/@wp-playground/cli/cli.js:8161:12) {\n  [cause]: Error: Error when executing the blueprint step #1 ({\"step\":\"installPlugin\",\"pluginData\":{\"resource\":\"wordpress.org/plugins\",\"slug\":\"ep-hashimage\"},\"options\":{\"activate\":true}}) : PHP.run() failed with exit code 255 and the following output: \n      at Object.run (file:///home/runner/work/playground-tester/playground-tester/node_modules/@wp-playground/blueprints/index.js:12449:19)\n      at process.processTicksAndRejections (node:internal/process/task_queues:105:5)\n      at async ms (file:///home/runner/work/playground-tester/playground-tester/node_modules/@wp-playground/blueprints/index.js:12552:3)\n      ... 2 lines matching cause stack trace ...\n      at async ja (file:///home/runner/work/playground-tester/playground-tester/node_modules/@wp-playground/cli/cli.js:8161:12) {\n    [cause]: PHPExecutionFailureError: PHP.run() failed with exit code 255 and the following output: \n        at PHP.run (file:///home/runner/work/playground-tester/playground-tester/node_modules/@php-wasm/universal/index.js:987:19)\n        at process.processTicksAndRejections (node:internal/process/task_queues:105:5)\n        at async wr (file:///home/runner/work/playground-tester/playground-tester/node_modules/@wp-playground/blueprints/index.js:73:13)\n        at async Object.gt [as installPlugin] (file:///home/runner/work/playground-tester/playground-tester/node_modules/@wp-playground/blueprints/index.js:974:42)\n        at async g (file:///home/runner/work/playground-tester/playground-tester/node_modules/@wp-playground/blueprints/index.js:12517:30)\n        at async Object.run (file:///home/runner/work/playground-tester/playground-tester/node_modules/@wp-playground/blueprints/index.js:12446:23)\n        at async ms (file:///home/runner/work/playground-tester/playground-tester/node_modules/@wp-playground/blueprints/index.js:12552:3)\n        at async Object.onBind (file:///home/runner/work/playground-tester/playground-tester/node_modules/@wp-playground/cli/index.js:227:48)\n        at async V (file:///home/runner/work/playground-tester/playground-tester/node_modules/@wp-playground/cli/index.js:64:10)\n        at async ja (file:///home/runner/work/playground-tester/playground-tester/node_modules/@wp-playground/cli/cli.js:8161:12) {\n      response: PHPResponse {\n        httpStatusCode: 500,\n        headers: {\n          'x-powered-by': [ 'PHP/8.0.30-dev' ],\n          'content-type': [ 'text/html; charset=UTF-8' ],\n          expires: [ 'Wed, 11 Jan 1984 05:00:00 GMT' ],\n          'cache-control': [ 'no-cache, must-revalidate, max-age=0, no-store, private' ]\n        },\n        bytes: Uint8Array(2653) [\n           60,  33,  68,  79,  67,  84,  89,  80,  69,  32, 104, 116,\n          109, 108,  62,  10,  60, 104, 116, 109, 108,  32, 108,  97,\n          110, 103,  61,  34, 101, 110,  45,  85,  83,  34,  62,  10,\n           60, 104, 101,  97, 100,  62,  10,   9,  60, 109, 101, 116,\n           97,  32, 104, 116, 116, 112,  45, 101, 113, 117, 105, 118,\n           61,  34,  67, 111, 110, 116, 101, 110, 116,  45,  84, 121,\n          112, 101,  34,  32,  99, 111, 110, 116, 101, 110, 116,  61,\n           34, 116, 101, 120, 116,  47, 104, 116, 109, 108,  59,  32,\n           99, 104,  97, 114,\n          ... 2553 more items\n        ],\n        exitCode: 255,\n        errors: ''\n      },\n      source: 'request'\n    }\n  }\n}\n\n","log":"/logs/plugins/e/ep-hashimage/error.json"}
]
