[
{"message":"file:///home/runner/work/playground-tester/playground-tester/node_modules/@wp-playground/cli/run-cli-j-geJYS3.js:325\n        throw new Error($, { cause: h });\n              ^\n","level":"FATAL","type":"PLAYGROUND","test":"ast-sqlite-boot","plugin":"book-it-transportation","details":"file:///home/runner/work/playground-tester/playground-tester/node_modules/@wp-playground/cli/run-cli-j-geJYS3.js:325\n        throw new Error($, { cause: h });\n              ^\n","log":"/tmp/tmp.ubEcd0zJEh"}
,
{"message":"Function _load_textdomain_just_in_time was called <strong>incorrectly</strong>. Translation loading for the <code>backup-by-supsystic</code> domain was triggered too early. This is usually an indicator for some code in the plugin or theme running too early. Translations should be loaded at the <code>init</code> action or later. Please see <a href=\"https://developer.wordpress.org/advanced-administration/debug/debug-wordpress/\">Debugging in WordPress</a> for more information. (This message was added in version 6.7.0.) in /wordpress/wp-includes/functions.php on line 6121","level":"NOTICE","type":"PHP","test":"ast-sqlite-boot","plugin":"book-it-transportation","details":"[10-Jun-2025 20:32:39 UTC] PHP Notice:  Function _load_textdomain_just_in_time was called <strong>incorrectly</strong>. Translation loading for the <code>backup-by-supsystic</code> domain was triggered too early. This is usually an indicator for some code in the plugin or theme running too early. Translations should be loaded at the <code>init</code> action or later. Please see <a href=\"https://developer.wordpress.org/advanced-administration/debug/debug-wordpress/\">Debugging in WordPress</a> for more information. (This message was added in version 6.7.0.) in /wordpress/wp-includes/functions.php on line 6121","log":"/logs/plugins/b/book-it-transportation/error.json"}
,
{"message":"Required parameter $encode follows optional parameter $fields in /wordpress/wp-content/plugins/backup-by-supsystic/modules/dropbox/classes/curlBup.php on line 150","level":"DEPRECATED","type":"PHP","test":"ast-sqlite-boot","plugin":"book-it-transportation","details":"[10-Jun-2025 20:32:39 UTC] PHP Deprecated:  Required parameter $encode follows optional parameter $fields in /wordpress/wp-content/plugins/backup-by-supsystic/modules/dropbox/classes/curlBup.php on line 150","log":"/logs/plugins/b/book-it-transportation/error.json"}
,
{"message":"Function _load_textdomain_just_in_time was called <strong>incorrectly</strong>. Translation loading for the <code>backup-by-supsystic</code> domain was triggered too early. This is usually an indicator for some code in the plugin or theme running too early. Translations should be loaded at the <code>init</code> action or later. Please see <a href=\"https://developer.wordpress.org/advanced-administration/debug/debug-wordpress/\">Debugging in WordPress</a> for more information. (This message was added in version 6.7.0.) in /wordpress/wp-includes/functions.php on line 6121","level":"NOTICE","type":"PHP","test":"ast-sqlite-boot","plugin":"book-it-transportation","details":"[10-Jun-2025 20:32:52 UTC] PHP Notice:  Function _load_textdomain_just_in_time was called <strong>incorrectly</strong>. Translation loading for the <code>backup-by-supsystic</code> domain was triggered too early. This is usually an indicator for some code in the plugin or theme running too early. Translations should be loaded at the <code>init</code> action or later. Please see <a href=\"https://developer.wordpress.org/advanced-administration/debug/debug-wordpress/\">Debugging in WordPress</a> for more information. (This message was added in version 6.7.0.) in /wordpress/wp-includes/functions.php on line 6121","log":"/logs/plugins/b/book-it-transportation/error.json"}
,
{"message":"Required parameter $encode follows optional parameter $fields in /wordpress/wp-content/plugins/backup-by-supsystic/modules/dropbox/classes/curlBup.php on line 150","level":"DEPRECATED","type":"PHP","test":"ast-sqlite-boot","plugin":"book-it-transportation","details":"[10-Jun-2025 20:32:52 UTC] PHP Deprecated:  Required parameter $encode follows optional parameter $fields in /wordpress/wp-content/plugins/backup-by-supsystic/modules/dropbox/classes/curlBup.php on line 150","log":"/logs/plugins/b/book-it-transportation/error.json"}
,
{"message":"Function _load_textdomain_just_in_time was called <strong>incorrectly</strong>. Translation loading for the <code>backup-by-supsystic</code> domain was triggered too early. This is usually an indicator for some code in the plugin or theme running too early. Translations should be loaded at the <code>init</code> action or later. Please see <a href=\"https://developer.wordpress.org/advanced-administration/debug/debug-wordpress/\">Debugging in WordPress</a> for more information. (This message was added in version 6.7.0.) in /wordpress/wp-includes/functions.php on line 6121","level":"NOTICE","type":"PHP","test":"ast-sqlite-boot","plugin":"book-it-transportation","details":"[10-Jun-2025 20:33:06 UTC] PHP Notice:  Function _load_textdomain_just_in_time was called <strong>incorrectly</strong>. Translation loading for the <code>backup-by-supsystic</code> domain was triggered too early. This is usually an indicator for some code in the plugin or theme running too early. Translations should be loaded at the <code>init</code> action or later. Please see <a href=\"https://developer.wordpress.org/advanced-administration/debug/debug-wordpress/\">Debugging in WordPress</a> for more information. (This message was added in version 6.7.0.) in /wordpress/wp-includes/functions.php on line 6121","log":"/logs/plugins/b/book-it-transportation/error.json"}
,
{"message":"Required parameter $encode follows optional parameter $fields in /wordpress/wp-content/plugins/backup-by-supsystic/modules/dropbox/classes/curlBup.php on line 150","level":"DEPRECATED","type":"PHP","test":"ast-sqlite-boot","plugin":"book-it-transportation","details":"[10-Jun-2025 20:33:06 UTC] PHP Deprecated:  Required parameter $encode follows optional parameter $fields in /wordpress/wp-content/plugins/backup-by-supsystic/modules/dropbox/classes/curlBup.php on line 150","log":"/logs/plugins/b/book-it-transportation/error.json"}
,
{"message":"[10-Jun-2025 20:34:15 UTC] Loading the plugin","level":"INFO","type":"OTHER","test":"ast-sqlite-boot","plugin":"book-it-transportation","details":"[10-Jun-2025 20:34:15 UTC] Loading the plugin","log":"/logs/plugins/b/book-it-transportation/error.json"}
,
{"message":"[10-Jun-2025 20:34:17 UTC] Loading the plugin","level":"INFO","type":"OTHER","test":"ast-sqlite-boot","plugin":"book-it-transportation","details":"[10-Jun-2025 20:34:17 UTC] Loading the plugin","log":"/logs/plugins/b/book-it-transportation/error.json"}
,
{"message":"[10-Jun-2025 20:34:26 UTC] Loading the plugin","level":"INFO","type":"OTHER","test":"ast-sqlite-boot","plugin":"book-it-transportation","details":"[10-Jun-2025 20:34:26 UTC] Loading the plugin","log":"/logs/plugins/b/book-it-transportation/error.json"}
,
{"message":"[10-Jun-2025 20:34:27 UTC] Loading the plugin","level":"INFO","type":"OTHER","test":"ast-sqlite-boot","plugin":"book-it-transportation","details":"[10-Jun-2025 20:34:27 UTC] Loading the plugin","log":"/logs/plugins/b/book-it-transportation/error.json"}
,
{"message":"[10-Jun-2025 20:34:36 UTC] Loading the plugin","level":"INFO","type":"OTHER","test":"ast-sqlite-boot","plugin":"book-it-transportation","details":"[10-Jun-2025 20:34:36 UTC] Loading the plugin","log":"/logs/plugins/b/book-it-transportation/error.json"}
,
{"message":"[10-Jun-2025 20:34:37 UTC] Loading the plugin","level":"INFO","type":"OTHER","test":"ast-sqlite-boot","plugin":"book-it-transportation","details":"[10-Jun-2025 20:34:37 UTC] Loading the plugin","log":"/logs/plugins/b/book-it-transportation/error.json"}
,
{"message":"Uncaught Error: Call to undefined function mysql_get_server_info() in /wordpress/wp-content/plugins/benday-reviews-system/br-system.php:22","level":"FATAL","type":"PHP","test":"ast-sqlite-boot","plugin":"book-it-transportation","details":"[10-Jun-2025 20:35:15 UTC] PHP Fatal error:  Uncaught Error: Call to undefined function mysql_get_server_info() in /wordpress/wp-content/plugins/benday-reviews-system/br-system.php:22\nStack trace:\n#0 /wordpress/wp-includes/class-wp-hook.php(324): br_install(false)\n#1 /wordpress/wp-includes/class-wp-hook.php(348): WP_Hook->apply_filters('', Array)\n#2 /wordpress/wp-includes/plugin.php(517): WP_Hook->do_action(Array)\n#3 /wordpress/wp-admin/includes/plugin.php(703): do_action('activate_benday...', false)\n#4 /internal/eval.php(20): activate_plugin('benday-reviews-...')\n#5 {main}\n  thrown in /wordpress/wp-content/plugins/benday-reviews-system/br-system.php on line 22","log":"/logs/plugins/b/book-it-transportation/error.json"}
,
{"message":"Uncaught Error: Call to undefined function mysql_get_server_info() in /wordpress/wp-content/plugins/benday-reviews-system/br-system.php:22","level":"FATAL","type":"PHP","test":"ast-sqlite-boot","plugin":"book-it-transportation","details":"[10-Jun-2025 20:35:23 UTC] PHP Fatal error:  Uncaught Error: Call to undefined function mysql_get_server_info() in /wordpress/wp-content/plugins/benday-reviews-system/br-system.php:22\nStack trace:\n#0 /wordpress/wp-includes/class-wp-hook.php(324): br_install(false)\n#1 /wordpress/wp-includes/class-wp-hook.php(348): WP_Hook->apply_filters('', Array)\n#2 /wordpress/wp-includes/plugin.php(517): WP_Hook->do_action(Array)\n#3 /wordpress/wp-admin/includes/plugin.php(703): do_action('activate_benday...', false)\n#4 /internal/eval.php(20): activate_plugin('benday-reviews-...')\n#5 {main}\n  thrown in /wordpress/wp-content/plugins/benday-reviews-system/br-system.php on line 22","log":"/logs/plugins/b/book-it-transportation/error.json"}
,
{"message":"Uncaught Error: Call to undefined function mysql_get_server_info() in /wordpress/wp-content/plugins/benday-reviews-system/br-system.php:22","level":"FATAL","type":"PHP","test":"ast-sqlite-boot","plugin":"book-it-transportation","details":"[10-Jun-2025 20:35:31 UTC] PHP Fatal error:  Uncaught Error: Call to undefined function mysql_get_server_info() in /wordpress/wp-content/plugins/benday-reviews-system/br-system.php:22\nStack trace:\n#0 /wordpress/wp-includes/class-wp-hook.php(324): br_install(false)\n#1 /wordpress/wp-includes/class-wp-hook.php(348): WP_Hook->apply_filters('', Array)\n#2 /wordpress/wp-includes/plugin.php(517): WP_Hook->do_action(Array)\n#3 /wordpress/wp-admin/includes/plugin.php(703): do_action('activate_benday...', false)\n#4 /internal/eval.php(20): activate_plugin('benday-reviews-...')\n#5 {main}\n  thrown in /wordpress/wp-content/plugins/benday-reviews-system/br-system.php on line 22","log":"/logs/plugins/b/book-it-transportation/error.json"}
,
{"message":"Uncaught RuntimeException: <div style=\"clear:both\">&nbsp;</div>","level":"FATAL","type":"PHP","test":"ast-sqlite-boot","plugin":"book-it-transportation","details":"[10-Jun-2025 20:36:40 UTC] PHP Fatal error:  Uncaught RuntimeException: <div style=\"clear:both\">&nbsp;</div>\n<div class=\"queries\" style=\"clear:both;margin-bottom:2px;border:red dotted thin;\">\n<p>MySQL query:</p>\n<p>CREATE TABLE IF NOT EXISTS wp_bit_assist_widget_channels (\n             id BIGINT  UNSIGNED NOT NULL AUTO_INCREMENT\n, widget_id BIGINT(20) UNSIGNED NOT NULL\n, channel_name VARCHAR(255) NOT NULL\n, config LONGTEXT  NULL\n, sequence INTEGER  NULL\n, status BOOLEAN  NOT NULL DEFAULT 1\n, created_at timestamp  NULL DEFAULT NULL\n, updated_at timestamp  NULL DEFAULT NULL,\nPRIMARY KEY (\nid\n), FOREIGN KEY (widget_id) REFERENCES wp_bit_assist_widgets (id) ON DELETE CASCADE\n             ) </p>\n<p>Queries made or created this session were:</p>\n<ol>\n<li>Executing: BEGIN IMMEDIATE | (no parameters)</li>\n<li>Executing: SELECT 1 FROM `_wp_sqlite_mysql_information_schema_tables` WHERE table_schema = ? AND table_name = ? | parameters: database_name_here, wp_bit_assist_widget_channels</li>\n<li>Executing: INSERT INTO `_wp_sqlite_mysql_information_schema_tables` (`t in /wordpress/wp-content/plugins/bit-assist/vendor/bitapps/wp-database/src/Blueprint.php on line 176","log":"/logs/plugins/b/book-it-transportation/error.json"}
,
{"message":"Uncaught RuntimeException: <div style=\"clear:both\">&nbsp;</div>","level":"FATAL","type":"PHP","test":"ast-sqlite-boot","plugin":"book-it-transportation","details":"[10-Jun-2025 20:36:52 UTC] PHP Fatal error:  Uncaught RuntimeException: <div style=\"clear:both\">&nbsp;</div>\n<div class=\"queries\" style=\"clear:both;margin-bottom:2px;border:red dotted thin;\">\n<p>MySQL query:</p>\n<p>CREATE TABLE IF NOT EXISTS wp_bit_assist_widget_channels (\n             id BIGINT  UNSIGNED NOT NULL AUTO_INCREMENT\n, widget_id BIGINT(20) UNSIGNED NOT NULL\n, channel_name VARCHAR(255) NOT NULL\n, config LONGTEXT  NULL\n, sequence INTEGER  NULL\n, status BOOLEAN  NOT NULL DEFAULT 1\n, created_at timestamp  NULL DEFAULT NULL\n, updated_at timestamp  NULL DEFAULT NULL,\nPRIMARY KEY (\nid\n), FOREIGN KEY (widget_id) REFERENCES wp_bit_assist_widgets (id) ON DELETE CASCADE\n             ) </p>\n<p>Queries made or created this session were:</p>\n<ol>\n<li>Executing: BEGIN IMMEDIATE | (no parameters)</li>\n<li>Executing: SELECT 1 FROM `_wp_sqlite_mysql_information_schema_tables` WHERE table_schema = ? AND table_name = ? | parameters: database_name_here, wp_bit_assist_widget_channels</li>\n<li>Executing: INSERT INTO `_wp_sqlite_mysql_information_schema_tables` (`t in /wordpress/wp-content/plugins/bit-assist/vendor/bitapps/wp-database/src/Blueprint.php on line 176","log":"/logs/plugins/b/book-it-transportation/error.json"}
,
{"message":"Uncaught RuntimeException: <div style=\"clear:both\">&nbsp;</div>","level":"FATAL","type":"PHP","test":"ast-sqlite-boot","plugin":"book-it-transportation","details":"[10-Jun-2025 20:37:02 UTC] PHP Fatal error:  Uncaught RuntimeException: <div style=\"clear:both\">&nbsp;</div>\n<div class=\"queries\" style=\"clear:both;margin-bottom:2px;border:red dotted thin;\">\n<p>MySQL query:</p>\n<p>CREATE TABLE IF NOT EXISTS wp_bit_assist_widget_channels (\n             id BIGINT  UNSIGNED NOT NULL AUTO_INCREMENT\n, widget_id BIGINT(20) UNSIGNED NOT NULL\n, channel_name VARCHAR(255) NOT NULL\n, config LONGTEXT  NULL\n, sequence INTEGER  NULL\n, status BOOLEAN  NOT NULL DEFAULT 1\n, created_at timestamp  NULL DEFAULT NULL\n, updated_at timestamp  NULL DEFAULT NULL,\nPRIMARY KEY (\nid\n), FOREIGN KEY (widget_id) REFERENCES wp_bit_assist_widgets (id) ON DELETE CASCADE\n             ) </p>\n<p>Queries made or created this session were:</p>\n<ol>\n<li>Executing: BEGIN IMMEDIATE | (no parameters)</li>\n<li>Executing: SELECT 1 FROM `_wp_sqlite_mysql_information_schema_tables` WHERE table_schema = ? AND table_name = ? | parameters: database_name_here, wp_bit_assist_widget_channels</li>\n<li>Executing: INSERT INTO `_wp_sqlite_mysql_information_schema_tables` (`t in /wordpress/wp-content/plugins/bit-assist/vendor/bitapps/wp-database/src/Blueprint.php on line 176","log":"/logs/plugins/b/book-it-transportation/error.json"}
,
{"message":"Hook setted_transient is <strong>deprecated</strong> since version 6.8.0! Use set_transient instead. in /wordpress/wp-includes/functions.php on line 6121","level":"DEPRECATED","type":"PHP","test":"ast-sqlite-boot","plugin":"book-it-transportation","details":"[10-Jun-2025 20:41:14 UTC] PHP Deprecated:  Hook setted_transient is <strong>deprecated</strong> since version 6.8.0! Use set_transient instead. in /wordpress/wp-includes/functions.php on line 6121\n\n    at Object.onBind (file:///home/runner/work/playground-tester/playground-tester/node_modules/@wp-playground/cli/run-cli-j-geJYS3.js:325:15)\n    at process.processTicksAndRejections (node:internal/process/task_queues:105:5)\n    at async re (file:///home/runner/work/playground-tester/playground-tester/node_modules/@wp-playground/cli/run-cli-j-geJYS3.js:149:10) {\n  [cause]: Error: Error when executing the blueprint step #5 ({\"step\":\"installPlugin\",\"pluginData\":{\"resource\":\"wordpress.org/plugins\",\"slug\":\"book-it-transportation\"},\"options\":{\"activate\":true}}) : Could not download \"https://downloads.wordpress.org/plugin/book-it-transportation.latest-stable.zip\".\n  \t\t\t\tCheck if the URL is correct and the server is reachable.\n  \t\t\t\tIf it is reachable, the server might be blocking the request.\n  \t\t\t\tCheck the browser console and network tabs for more information.\n  \n  \t\t\t\t## Does the console show the error \"No 'Access-Control-Allow-Origin' header\"?\n  \n  \t\t\t\tThis means the server that hosts your file does not allow requests from other sites\n  \t\t\t\t(cross-origin requests, or CORS).\tYou need to move the asset to a server that allows\n  \t\t\t\tcross-origin file downloads. Learn more about CORS at\n  \t\t\t\thttps://developer.mozilla.org/en-US/docs/Web/HTTP/CORS.\n  \n  \t\t\t\tIf your file is on GitHub, load it from \"raw.githubusercontent.com\".\n  \t\t\t\tHere's how to do that:\n  \n  \t\t\t\t1. Start with the original GitHub URL of the file. For example:\n  \t\t\t\thttps://github.com/username/repository/blob/branch/filename.\n  \t\t\t\t2. Replace \"github.com\" with \"raw.githubusercontent.com\".\n  \t\t\t\t3. Remove the \"/blob/\" part of the URL.\n  \n  \t\t\t\tThe resulting URL should look like this:\n  \t\t\t\thttps://raw.githubusercontent.com/username/repository/branch/filename\n  \n  \t\t\t\tError:\n  \t\t\t\tError: Could not download \"https://downloads.wordpress.org/plugin/book-it-transportation.latest-stable.zip\"\n      at Object.run (file:///home/runner/work/playground-tester/playground-tester/node_modules/@wp-playground/blueprints/index.js:12093:19)\n      at process.processTicksAndRejections (node:internal/process/task_queues:105:5)\n      at async ys (file:///home/runner/work/playground-tester/playground-tester/node_modules/@wp-playground/blueprints/index.js:12196:3)\n      at async Object.onBind (file:///home/runner/work/playground-tester/playground-tester/node_modules/@wp-playground/cli/run-cli-j-geJYS3.js:315:48)\n      at async re (file:///home/runner/work/playground-tester/playground-tester/node_modules/@wp-playground/cli/run-cli-j-geJYS3.js:149:10) {\n    [cause]: Error: Could not download \"https://downloads.wordpress.org/plugin/book-it-transportation.latest-stable.zip\".\n    \t\t\t\tCheck if the URL is correct and the server is reachable.\n    \t\t\t\tIf it is reachable, the server might be blocking the request.\n    \t\t\t\tCheck the browser console and network tabs for more information.\n    \n    \t\t\t\t## Does the console show the error \"No 'Access-Control-Allow-Origin' header\"?\n    \n    \t\t\t\tThis means the server that hosts your file does not allow requests from other sites\n    \t\t\t\t(cross-origin requests, or CORS).\tYou need to move the asset to a server that allows\n    \t\t\t\tcross-origin file downloads. Learn more about CORS at\n    \t\t\t\thttps://developer.mozilla.org/en-US/docs/Web/HTTP/CORS.\n    \n    \t\t\t\tIf your file is on GitHub, load it from \"raw.githubusercontent.com\".\n    \t\t\t\tHere's how to do that:\n    \n    \t\t\t\t1. Start with the original GitHub URL of the file. For example:\n    \t\t\t\thttps://github.com/username/repository/blob/branch/filename.\n    \t\t\t\t2. Replace \"github.com\" with \"raw.githubusercontent.com\".\n    \t\t\t\t3. Remove the \"/blob/\" part of the URL.\n    \n    \t\t\t\tThe resulting URL should look like this:\n    \t\t\t\thttps://raw.githubusercontent.com/username/repository/branch/filename\n    \n    \t\t\t\tError:\n    \t\t\t\tError: Could not download \"https://downloads.wordpress.org/plugin/book-it-transportation.latest-stable.zip\"\n        at Ct.resolve (file:///home/runner/work/playground-tester/playground-tester/node_modules/@wp-playground/blueprints/index.js:1129:13)\n        at process.processTicksAndRejections (node:internal/process/task_queues:105:5)\n        at async _.run (file:///home/runner/work/playground-tester/playground-tester/node_modules/@php-wasm/util/index.js:45:14)\n  }\n}\n\n","log":"/logs/plugins/b/book-it-transportation/error.json"}
]
