file:///home/runner/work/playground-tester/playground-tester/node_modules/@wp-playground/cli/index.js:237
        throw new Error(y, { cause: u });
              ^

Error: [18-Apr-2025 20:29:25 UTC] WordPress database error <div style="clear:both">&nbsp;</div>
<div class="queries" style="clear:both;margin-bottom:2px;border:red dotted thin;">
<p>MySQL query:</p>
<p>CREATE INDEX `mdd_hash_index` ON wp_postmeta ( meta_value(32) );</p>
<p>Queries made or created this session were:</p>
<ol>
<li>Executing: BEGIN | (no parameters)</li>
<li>Executing: ROLLBACK | (no parameters)</li>
</ol>
</div>
<div style="clear:both;margin-bottom:2px;border:red dotted thin;" class="error_message" style="border-bottom:dotted blue thin;">
MySQL query not supported. Cause: statement type: "createStatement" > "createIndex"
</div>
<p>Backtrace:</p>
<pre>#0 /internal/shared/sqlite-database-integration/wp-includes/sqlite-ast/class-wp-sqlite-driver.php(690): WP_SQLite_Driver->new_driver_exception('MySQL query not...', 0, Object(WP_SQLite_Driver_Exception))
#1 /internal/shared/sqlite-database-integration/wp-includes/sqlite/class-wp-sqlite-db.php(472): WP_SQLite_Driver->query('CREATE INDEX `m...')
#2 /internal/shared/sqlite-database-integration/wp-includes/sqlite/class-wp-sqlite-db.php(413): WP_SQLite_DB->_do_query('CREATE INDEX `m...')
#3 /wordpress/wp-content/plugins/media-deduper/inc/class-media-deduper.php(448): WP_SQLite_DB->query('CREATE INDEX `m...')
#4 /wordpress/wp-content/plugins/media-deduper/inc/class-media-deduper.php(91): Media_Deduper::db_index('add')
#5 /wordpress/wp-includes/class-wp-hook.php(324): Media_Deduper::activate(false)
#6 /wordpress/wp-includes/class-wp-hook.php(348): WP_Hook->apply_filters('', Array)
#7 /wordpress/wp-includes/plugin.php(517): WP_Hook->do_action(Array)
#8 /wordpress/wp-admin/includes/plugin.php(703): do_action('activate_media-...', false)
#9 /internal/eval.php(20): activate_plugin('media-deduper/m...')
#10 {main}</pre>
 for query CREATE INDEX `mdd_hash_index` ON wp_postmeta ( meta_value(32) ); made by activate_plugin, do_action('activate_media-deduper/media-deduper.php'), WP_Hook->do_action, WP_Hook->apply_filters, Media_Deduper::activate, Media_Deduper::db_index, WP_SQLite_DB->query, WP_SQLite_DB->print_error
[18-Apr-2025 20:29:34 UTC] WordPress database error <div style="clear:both">&nbsp;</div>
<div class="queries" style="clear:both;margin-bottom:2px;border:red dotted thin;">
<p>MySQL query:</p>
<p>CREATE INDEX `mdd_hash_index` ON wp_postmeta ( meta_value(32) );</p>
<p>Queries made or created this session were:</p>
<ol>
<li>Executing: BEGIN | (no parameters)</li>
<li>Executing: ROLLBACK | (no parameters)</li>
</ol>
</div>
<div style="clear:both;margin-bottom:2px;border:red dotted thin;" class="error_message" style="border-bottom:dotted blue thin;">
Error occurred at line 4117 in Function <code>handle_error</code>. Error message was: Unknown create type: INDEX.
</div>
<p>Backtrace:</p>
<pre>#0 /internal/shared/sqlite-database-integration/wp-includes/sqlite/class-wp-sqlite-db.php(287): WP_SQLite_Translator->get_error_message()
#1 /wordpress/wp-content/plugins/media-deduper/inc/class-media-deduper.php(448): WP_SQLite_DB->query('CREATE INDEX `m...')
#2 /wordpress/wp-content/plugins/media-deduper/inc/class-media-deduper.php(91): Media_Deduper::db_index('add')
#3 /wordpress/wp-includes/class-wp-hook.php(324): Media_Deduper::activate(false)
#4 /wordpress/wp-includes/class-wp-hook.php(348): WP_Hook->apply_filters('', Array)
#5 /wordpress/wp-includes/plugin.php(517): WP_Hook->do_action(Array)
#6 /wordpress/wp-admin/includes/plugin.php(703): do_action('activate_media-...', false)
#7 /internal/eval.php(20): activate_plugin('media-deduper/m...')
#8 {main}</pre>
 for query CREATE INDEX `mdd_hash_index` ON wp_postmeta ( meta_value(32) ); made by activate_plugin, do_action('activate_media-deduper/media-deduper.php'), WP_Hook->do_action, WP_Hook->apply_filters, Media_Deduper::activate, Media_Deduper::db_index, WP_SQLite_DB->query, WP_SQLite_DB->print_error
[18-Apr-2025 20:29:42 UTC] WordPress database error <div style="clear:both">&nbsp;</div>
<div class="queries" style="clear:both;margin-bottom:2px;border:red dotted thin;">
<p>MySQL query:</p>
<p>CREATE INDEX `mdd_hash_index` ON wp_postmeta ( meta_value(32) );</p>
<p>Queries made or created this session were:</p>
<ol>
<li>Executing: BEGIN | (no parameters)</li>
<li>Executing: ROLLBACK | (no parameters)</li>
</ol>
</div>
<div style="clear:both;margin-bottom:2px;border:red dotted thin;" class="error_message" style="border-bottom:dotted blue thin;">
Error occurred at line 4117 in Function <code>handle_error</code>. Error message was: Unknown create type: INDEX.
</div>
<p>Backtrace:</p>
<pre>#0 /internal/shared/sqlite-database-integration/wp-includes/sqlite/class-wp-sqlite-db.php(287): WP_SQLite_Translator->get_error_message()
#1 /wordpress/wp-content/plugins/media-deduper/inc/class-media-deduper.php(448): WP_SQLite_DB->query('CREATE INDEX `m...')
#2 /wordpress/wp-content/plugins/media-deduper/inc/class-media-deduper.php(91): Media_Deduper::db_index('add')
#3 /wordpress/wp-includes/class-wp-hook.php(324): Media_Deduper::activate(false)
#4 /wordpress/wp-includes/class-wp-hook.php(348): WP_Hook->apply_filters('', Array)
#5 /wordpress/wp-includes/plugin.php(517): WP_Hook->do_action(Array)
#6 /wordpress/wp-admin/includes/plugin.php(703): do_action('activate_media-...', false)
#7 /internal/eval.php(20): activate_plugin('media-deduper/m...')
#8 {main}</pre>
 for query CREATE INDEX `mdd_hash_index` ON wp_postmeta ( meta_value(32) ); made by activate_plugin, do_action('activate_media-deduper/media-deduper.php'), WP_Hook->do_action, WP_Hook->apply_filters, Media_Deduper::activate, Media_Deduper::db_index, WP_SQLite_DB->query, WP_SQLite_DB->print_error
[18-Apr-2025 20:30:20 UTC] PHP Fatal error:  Uncaught TypeError: call_user_func_array(): Argument #1 ($callback) must be a valid callback, class MEM_GCal_Init does not have a method "mem_gcal_activate" in /wordpress/wp-includes/class-wp-hook.php:324
Stack trace:
#0 /wordpress/wp-includes/class-wp-hook.php(348): WP_Hook->apply_filters('', Array)
#1 /wordpress/wp-includes/plugin.php(517): WP_Hook->do_action(Array)
#2 /wordpress/wp-admin/includes/plugin.php(703): do_action('activate_mem-go...', false)
#3 /internal/eval.php(20): activate_plugin('mem-google-cale...')
#4 {main}
  thrown in /wordpress/wp-includes/class-wp-hook.php on line 324
[18-Apr-2025 20:30:30 UTC] PHP Fatal error:  Uncaught TypeError: call_user_func_array(): Argument #1 ($callback) must be a valid callback, class MEM_GCal_Init does not have a method "mem_gcal_activate" in /wordpress/wp-includes/class-wp-hook.php:324
Stack trace:
#0 /wordpress/wp-includes/class-wp-hook.php(348): WP_Hook->apply_filters('', Array)
#1 /wordpress/wp-includes/plugin.php(517): WP_Hook->do_action(Array)
#2 /wordpress/wp-admin/includes/plugin.php(703): do_action('activate_mem-go...', false)
#3 /internal/eval.php(20): activate_plugin('mem-google-cale...')
#4 {main}
  thrown in /wordpress/wp-includes/class-wp-hook.php on line 324
[18-Apr-2025 20:30:40 UTC] PHP Fatal error:  Uncaught TypeError: call_user_func_array(): Argument #1 ($callback) must be a valid callback, class MEM_GCal_Init does not have a method "mem_gcal_activate" in /wordpress/wp-includes/class-wp-hook.php:324
Stack trace:
#0 /wordpress/wp-includes/class-wp-hook.php(348): WP_Hook->apply_filters('', Array)
#1 /wordpress/wp-includes/plugin.php(517): WP_Hook->do_action(Array)
#2 /wordpress/wp-admin/includes/plugin.php(703): do_action('activate_mem-go...', false)
#3 /internal/eval.php(20): activate_plugin('mem-google-cale...')
#4 {main}
  thrown in /wordpress/wp-includes/class-wp-hook.php on line 324
[18-Apr-2025 20:32:32 UTC] PHP Notice:  Function _load_textdomain_just_in_time was called <strong>incorrectly</strong>. Translation loading for the <code>meta-optimizer</code> domain was triggered too early. This is usually an indicator for some code in the plugin or theme running too early. Translations should be loaded at the <code>init</code> action or later. Please see <a href="https://developer.wordpress.org/advanced-administration/debug/debug-wordpress/">Debugging in WordPress</a> for more information. (This message was added in version 6.7.0.) in /wordpress/wp-includes/functions.php on line 6121
[18-Apr-2025 20:32:42 UTC] PHP Notice:  Function _load_textdomain_just_in_time was called <strong>incorrectly</strong>. Translation loading for the <code>meta-optimizer</code> domain was triggered too early. This is usually an indicator for some code in the plugin or theme running too early. Translations should be loaded at the <code>init</code> action or later. Please see <a href="https://developer.wordpress.org/advanced-administration/debug/debug-wordpress/">Debugging in WordPress</a> for more information. (This message was added in version 6.7.0.) in /wordpress/wp-includes/functions.php on line 6121
[18-Apr-2025 20:32:52 UTC] PHP Notice:  Function _load_textdomain_just_in_time was called <strong>incorrectly</strong>. Translation loading for the <code>meta-optimizer</code> domain was triggered too early. This is usually an indicator for some code in the plugin or theme running too early. Translations should be loaded at the <code>init</code> action or later. Please see <a href="https://developer.wordpress.org/advanced-administration/debug/debug-wordpress/">Debugging in WordPress</a> for more information. (This message was added in version 6.7.0.) in /wordpress/wp-includes/functions.php on line 6121
[18-Apr-2025 20:33:01 UTC] PHP Deprecated:  Required parameter $leavename follows optional parameter $id in /wordpress/wp-content/plugins/mh-board/mh-includes/mh_rewrite.php on line 36
[18-Apr-2025 20:33:02 UTC] PHP Deprecated:  Required parameter $leavename follows optional parameter $id in /wordpress/wp-content/plugins/mh-board/mh-includes/mh_rewrite.php on line 36
[18-Apr-2025 20:33:02 UTC] PHP Notice:  Function is_page was called <strong>incorrectly</strong>. Conditional query tags do not work before the query is run. Before then, they always return false. Please see <a href="https://developer.wordpress.org/advanced-administration/debug/debug-wordpress/">Debugging in WordPress</a> for more information. (This message was added in version 3.1.0.) in /wordpress/wp-includes/functions.php on line 6121
[18-Apr-2025 20:33:02 UTC] PHP Fatal error:  Uncaught ArgumentCountError: Too few arguments to function WP_Widget::__construct(), 0 passed in /wordpress/wp-includes/class-wp-widget-factory.php on line 62 and at least 2 expected in /wordpress/wp-includes/class-wp-widget.php:163
Stack trace:
#0 /wordpress/wp-includes/class-wp-widget-factory.php(62): WP_Widget->__construct()
#1 /wordpress/wp-includes/widgets.php(123): WP_Widget_Factory->register('MH_Board_Recent...')
#2 /wordpress/wp-content/plugins/mh-board/templates/widgets/mh_widgets.php(113): register_widget('MH_Board_Recent...')
#3 /wordpress/wp-includes/class-wp-hook.php(324): mh_board_wdiget_init('')
#4 /wordpress/wp-includes/class-wp-hook.php(348): WP_Hook->apply_filters(NULL, Array)
#5 /wordpress/wp-includes/plugin.php(517): WP_Hook->do_action(Array)
#6 /wordpress/wp-includes/widgets.php(1870): do_action('widgets_init')
#7 /wordpress/wp-includes/class-wp-hook.php(324): wp_widgets_init('')
#8 /wordpress/wp-includes/class-wp-hook.php(348): WP_Hook->apply_filters(NULL, Array)
#9 /wordpress/wp-includes/plugin.php(517): WP_Hook->do_action(Array)
#10 /wordpress/wp-settings.php(727): do_action('init')
#11 /wordpress/wp-config.php(102): require_once('/wordpress/wp-s...')
#12 /wordpress/wp-load.php(50): require_once('/wordpress/wp-c...')
#13 /internal/eval.php(3): require_once('/wordpress/wp-l...')
#14 {main}
  thrown in /wordpress/wp-includes/class-wp-widget.php on line 163
[18-Apr-2025 20:33:09 UTC] PHP Deprecated:  Required parameter $leavename follows optional parameter $id in /wordpress/wp-content/plugins/mh-board/mh-includes/mh_rewrite.php on line 36
[18-Apr-2025 20:33:10 UTC] PHP Deprecated:  Required parameter $leavename follows optional parameter $id in /wordpress/wp-content/plugins/mh-board/mh-includes/mh_rewrite.php on line 36
[18-Apr-2025 20:33:10 UTC] PHP Notice:  Function is_page was called <strong>incorrectly</strong>. Conditional query tags do not work before the query is run. Before then, they always return false. Please see <a href="https://developer.wordpress.org/advanced-administration/debug/debug-wordpress/">Debugging in WordPress</a> for more information. (This message was added in version 3.1.0.) in /wordpress/wp-includes/functions.php on line 6121
[18-Apr-2025 20:33:11 UTC] PHP Fatal error:  Uncaught ArgumentCountError: Too few arguments to function WP_Widget::__construct(), 0 passed in /wordpress/wp-includes/class-wp-widget-factory.php on line 62 and at least 2 expected in /wordpress/wp-includes/class-wp-widget.php:163
Stack trace:
#0 /wordpress/wp-includes/class-wp-widget-factory.php(62): WP_Widget->__construct()
#1 /wordpress/wp-includes/widgets.php(123): WP_Widget_Factory->register('MH_Board_Recent...')
#2 /wordpress/wp-content/plugins/mh-board/templates/widgets/mh_widgets.php(113): register_widget('MH_Board_Recent...')
#3 /wordpress/wp-includes/class-wp-hook.php(324): mh_board_wdiget_init('')
#4 /wordpress/wp-includes/class-wp-hook.php(348): WP_Hook->apply_filters(NULL, Array)
#5 /wordpress/wp-includes/plugin.php(517): WP_Hook->do_action(Array)
#6 /wordpress/wp-includes/widgets.php(1870): do_action('widgets_init')
#7 /wordpress/wp-includes/class-wp-hook.php(324): wp_widgets_init('')
#8 /wordpress/wp-includes/class-wp-hook.php(348): WP_Hook->apply_filters(NULL, Array)
#9 /wordpress/wp-includes/plugin.php(517): WP_Hook->do_action(Array)
#10 /wordpress/wp-settings.php(727): do_action('init')
#11 /wordpress/wp-config.php(102): require_once('/wordpress/wp-s...')
#12 /wordpress/wp-load.php(50): require_once('/wordpress/wp-c...')
#13 /internal/eval.php(3): require_once('/wordpress/wp-l...')
#14 {main}
  thrown in /wordpress/wp-includes/class-wp-widget.php on line 163
[18-Apr-2025 20:33:19 UTC] PHP Deprecated:  Required parameter $leavename follows optional parameter $id in /wordpress/wp-content/plugins/mh-board/mh-includes/mh_rewrite.php on line 36
[18-Apr-2025 20:33:19 UTC] PHP Deprecated:  Required parameter $leavename follows optional parameter $id in /wordpress/wp-content/plugins/mh-board/mh-includes/mh_rewrite.php on line 36
[18-Apr-2025 20:33:19 UTC] PHP Notice:  Function is_page was called <strong>incorrectly</strong>. Conditional query tags do not work before the query is run. Before then, they always return false. Please see <a href="https://developer.wordpress.org/advanced-administration/debug/debug-wordpress/">Debugging in WordPress</a> for more information. (This message was added in version 3.1.0.) in /wordpress/wp-includes/functions.php on line 6121
[18-Apr-2025 20:33:20 UTC] PHP Fatal error:  Uncaught ArgumentCountError: Too few arguments to function WP_Widget::__construct(), 0 passed in /wordpress/wp-includes/class-wp-widget-factory.php on line 62 and at least 2 expected in /wordpress/wp-includes/class-wp-widget.php:163
Stack trace:
#0 /wordpress/wp-includes/class-wp-widget-factory.php(62): WP_Widget->__construct()
#1 /wordpress/wp-includes/widgets.php(123): WP_Widget_Factory->register('MH_Board_Recent...')
#2 /wordpress/wp-content/plugins/mh-board/templates/widgets/mh_widgets.php(113): register_widget('MH_Board_Recent...')
#3 /wordpress/wp-includes/class-wp-hook.php(324): mh_board_wdiget_init('')
#4 /wordpress/wp-includes/class-wp-hook.php(348): WP_Hook->apply_filters(NULL, Array)
#5 /wordpress/wp-includes/plugin.php(517): WP_Hook->do_action(Array)
#6 /wordpress/wp-includes/widgets.php(1870): do_action('widgets_init')
#7 /wordpress/wp-includes/class-wp-hook.php(324): wp_widgets_init('')
#8 /wordpress/wp-includes/class-wp-hook.php(348): WP_Hook->apply_filters(NULL, Array)
#9 /wordpress/wp-includes/plugin.php(517): WP_Hook->do_action(Array)
#10 /wordpress/wp-settings.php(727): do_action('init')
#11 /wordpress/wp-config.php(102): require_once('/wordpress/wp-s...')
#12 /wordpress/wp-load.php(50): require_once('/wordpress/wp-c...')
#13 /internal/eval.php(3): require_once('/wordpress/wp-l...')
#14 {main}
  thrown in /wordpress/wp-includes/class-wp-widget.php on line 163
[18-Apr-2025 20:33:30 UTC] PHP Fatal error:  Uncaught ArgumentCountError: Too few arguments to function WP_Widget::__construct(), 0 passed in /wordpress/wp-includes/class-wp-widget-factory.php on line 62 and at least 2 expected in /wordpress/wp-includes/class-wp-widget.php:163
Stack trace:
#0 /wordpress/wp-includes/class-wp-widget-factory.php(62): WP_Widget->__construct()
#1 /wordpress/wp-includes/widgets.php(123): WP_Widget_Factory->register('Multi_Slider_Wi...')
#2 /wordpress/wp-content/plugins/multi-slider/multi-slider.widget.php(11): register_widget('Multi_Slider_Wi...')
#3 /wordpress/wp-includes/class-wp-hook.php(324): Multi_Slider_Widget::register_widget('')
#4 /wordpress/wp-includes/class-wp-hook.php(348): WP_Hook->apply_filters(NULL, Array)
#5 /wordpress/wp-includes/plugin.php(517): WP_Hook->do_action(Array)
#6 /wordpress/wp-includes/widgets.php(1870): do_action('widgets_init')
#7 /wordpress/wp-includes/class-wp-hook.php(324): wp_widgets_init('')
#8 /wordpress/wp-includes/class-wp-hook.php(348): WP_Hook->apply_filters(NULL, Array)
#9 /wordpress/wp-includes/plugin.php(517): WP_Hook->do_action(Array)
#10 /wordpress/wp-settings.php(727): do_action('init')
#11 /wordpress/wp-config.php(102): require_once('/wordpress/wp-s...')
#12 /wordpress/wp-load.php(50): require_once('/wordpress/wp-c...')
#13 /internal/eval.php(3): require_once('/wordpress/wp-l...')
#14 {main}
  thrown in /wordpress/wp-includes/class-wp-widget.php on line 163
[18-Apr-2025 20:33:38 UTC] PHP Fatal error:  Uncaught ArgumentCountError: Too few arguments to function WP_Widget::__construct(), 0 passed in /wordpress/wp-includes/class-wp-widget-factory.php on line 62 and at least 2 expected in /wordpress/wp-includes/class-wp-widget.php:163
Stack trace:
#0 /wordpress/wp-includes/class-wp-widget-factory.php(62): WP_Widget->__construct()
#1 /wordpress/wp-includes/widgets.php(123): WP_Widget_Factory->register('Multi_Slider_Wi...')
#2 /wordpress/wp-content/plugins/multi-slider/multi-slider.widget.php(11): register_widget('Multi_Slider_Wi...')
#3 /wordpress/wp-includes/class-wp-hook.php(324): Multi_Slider_Widget::register_widget('')
#4 /wordpress/wp-includes/class-wp-hook.php(348): WP_Hook->apply_filters(NULL, Array)
#5 /wordpress/wp-includes/plugin.php(517): WP_Hook->do_action(Array)
#6 /wordpress/wp-includes/widgets.php(1870): do_action('widgets_init')
#7 /wordpress/wp-includes/class-wp-hook.php(324): wp_widgets_init('')
#8 /wordpress/wp-includes/class-wp-hook.php(348): WP_Hook->apply_filters(NULL, Array)
#9 /wordpress/wp-includes/plugin.php(517): WP_Hook->do_action(Array)
#10 /wordpress/wp-settings.php(727): do_action('init')
#11 /wordpress/wp-config.php(102): require_once('/wordpress/wp-s...')
#12 /wordpress/wp-load.php(50): require_once('/wordpress/wp-c...')
#13 /internal/eval.php(3): require_once('/wordpress/wp-l...')
#14 {main}
  thrown in /wordpress/wp-includes/class-wp-widget.php on line 163
[18-Apr-2025 20:33:46 UTC] PHP Fatal error:  Uncaught ArgumentCountError: Too few arguments to function WP_Widget::__construct(), 0 passed in /wordpress/wp-includes/class-wp-widget-factory.php on line 62 and at least 2 expected in /wordpress/wp-includes/class-wp-widget.php:163
Stack trace:
#0 /wordpress/wp-includes/class-wp-widget-factory.php(62): WP_Widget->__construct()
#1 /wordpress/wp-includes/widgets.php(123): WP_Widget_Factory->register('Multi_Slider_Wi...')
#2 /wordpress/wp-content/plugins/multi-slider/multi-slider.widget.php(11): register_widget('Multi_Slider_Wi...')
#3 /wordpress/wp-includes/class-wp-hook.php(324): Multi_Slider_Widget::register_widget('')
#4 /wordpress/wp-includes/class-wp-hook.php(348): WP_Hook->apply_filters(NULL, Array)
#5 /wordpress/wp-includes/plugin.php(517): WP_Hook->do_action(Array)
#6 /wordpress/wp-includes/widgets.php(1870): do_action('widgets_init')
#7 /wordpress/wp-includes/class-wp-hook.php(324): wp_widgets_init('')
#8 /wordpress/wp-includes/class-wp-hook.php(348): WP_Hook->apply_filters(NULL, Array)
#9 /wordpress/wp-includes/plugin.php(517): WP_Hook->do_action(Array)
#10 /wordpress/wp-settings.php(727): do_action('init')
#11 /wordpress/wp-config.php(102): require_once('/wordpress/wp-s...')
#12 /wordpress/wp-load.php(50): require_once('/wordpress/wp-c...')
#13 /internal/eval.php(3): require_once('/wordpress/wp-l...')
#14 {main}
  thrown in /wordpress/wp-includes/class-wp-widget.php on line 163
[18-Apr-2025 20:35:44 UTC] PHP Deprecated:  Required parameter $value follows optional parameter $parent in /wordpress/wp-content/plugins/myloyal/core/options.php on line 92
[18-Apr-2025 20:35:44 UTC] PHP Warning:  foreach() argument must be of type array|object, null given in /wordpress/wp-content/plugins/myloyal/core/action-runner.php on line 49
[18-Apr-2025 20:35:44 UTC] PHP Fatal error:  Uncaught Exception: <div style="clear:both">&nbsp;</div>
<div class="queries" style="clear:both;margin-bottom:2px;border:red dotted thin;">
<p>MySQL query:</p>
<p>alter table `wp_myloyal_badge_user` add constraint `myloyal_badge_user_user_id_foreign` foreign key (`user_id`) references `wp_users` (`ID`) on delete cascade</p>
<p>Queries made or created this session were:</p>
<ol>
<li>Executing: BEGIN | (no parameters)</li>
<li>Executing: SELECT 1 FROM sqlite_temp_schema WHERE type = 'table' AND name = ? | parameters: wp_myloyal_badge_user</li>
<li>Executing: SELECT COLUMN_NAME FROM _wp_sqlite_mysql_information_schema_columns WHERE table_schema = ? AND table_name = ? | parameters: database_name_here, wp_myloyal_badge_user</li>
<li>Executing: SELECT 1 FROM sqlite_temp_schema WHERE type = 'table' AND name = ? | parameters: wp_myloyal_badge_user</li>
<li>Executing: ROLLBACK | (no parameters)</li>
</ol>
</div>
<div style="clear:both;margin-bottom:2px;border:red dotted thin;" class="error_message" style="border-bottom:dotted blue thin;">
FOREIGN KEY and CHECK constraints are not supported yet.
</div>
<p>Backtrace:</p>
<pre>#0 /internal/shared/sqlite-database-integration/wp-includes/sqlite-ast/class-wp-sqlite-driver.php(690): WP_SQLite_Driver->new_driver_exception('FOREIGN KEY and...', 0, Object(Exception))
#1 /internal/shared/sqlite-database-integration/wp-includes/sqlite/class-wp-sqlite-db.php(472): WP_SQLite_Driver->query('alter table `wp...')
#2 /internal/shared/sqlite-database-integration/wp-includes/sqlite/class-wp-sqlite-db.php(413): WP_SQLite_DB->_do_query('alter table `wp...')
#3 /wordpress/wp-content/plugins/myloyal/vendor/as247/wp-eloquent/src/Database/WpConnection.php(147): WP_SQLite_DB->query('alter table `wp...')
#4 /wordpress/wp-content/plugins/myloyal/vendor/as247/wp-eloquent/src/Database/Connection.php(664): As247\WpEloquent\Database\WpConnection->As247\WpEloquent\Database\{closure}('alter table `wp...', Array)
#5 /wordpress/wp-content/plugins/myloyal/vendor/as247/wp-eloquent/src/Database/Connection.php(631): As247\WpEloquent\Database\Connection->runQueryCallback('alter table `wp...', Array, Object(Closure))
#6 /wordpress/wp-content/plugins/myloyal/vendor/as247/wp-eloquent/src/Database/WpConnection.php(156): As247\WpEloquent\Database\Connection->run('alter table `wp...', Array, Object(Closure))
#7 /wordpress/wp-content/plugins/myloyal/vendor/as247/wp-eloquent/src/Database/WpConnection.php(132): As247\WpEloquent\Database\WpConnection->runRawQuery('alter table `wp...', true)
#8 /wordpress/wp-content/plugins/myloyal/vendor/as247/wp-eloquent/src/Database/WpConnection.php(108): As247\WpEloquent\Database\WpConnection->unprepared('alter table `wp...')
#9 /wordpress/wp-content/plugins/myloyal/vendor/as247/wp-eloquent/src/Database/Schema/Blueprint.php(103): As247\WpEloquent\Database\WpConnection->statement('alter table `wp...')
#10 /wordpress/wp-content/plugins/myloyal/vendor/as247/wp-eloquent/src/Database/Schema/Builder.php(323): As247\WpEloquent\Database\Schema\Blueprint->build(Object(As247\WpEloquent\Database\WpConnection), Object(As247\WpEloquent\Database\Schema\Grammars\MySqlGrammar))
#11 /wordpress/wp-content/plugins/myloyal/vendor/as247/wp-eloquent/src/Database/Schema/Builder.php(200): As247\WpEloquent\Database\Schema\Builder->build(Object(As247\WpEloquent\Database\Schema\Blueprint))
#12 /wordpress/wp-content/plugins/myloyal/vendor/as247/wp-eloquent/src/Support/Facades/Facade.php(261): As247\WpEloquent\Database\Schema\Builder->create('myloyal_badge_u...', Object(Closure))
#13 /wordpress/wp-content/plugins/myloyal/migrations/badge-user.php(20): As247\WpEloquent\Support\Facades\Facade::__callStatic('create', Array)
#14 /wordpress/wp-content/plugins/myloyal/myloyal.php(127): myLoyal\migrations\Badge_User->run()
#15 /wordpress/wp-includes/class-wp-hook.php(324): myLoyal\MyLoyal_Init->on_active(false)
#16 /wordpress/wp-includes/class-wp-hook.php(348): WP_Hook->apply_filters('', Array)
#17 /wordpress/wp-includes/plugin.php(517): WP_Hook->do_action(Array)
#18 /wordpress/wp-admin/includes/plugin.php(703): do_action('activate_myloya...', false)
#19 /internal/eval.php(20): activate_plugin('myloyal/myloyal...')
#20 {main}</pre>
 in /wordpress/wp-content/plugins/myloyal/vendor/as247/wp-eloquent/src/Database/WpConnection.php:150
Stack trace:
#0 /wordpress/wp-content/plugins/myloyal/vendor/as247/wp-eloquent/src/Database/Connection.php(664): As247\WpEloquent\Database\WpConnection->As247\WpEloquent\Database\{closure}('alter table `wp...', Array)
#1 /wordpress/wp-content/plugins/myloyal/vendor/as247/wp-eloquent/src/Database/Connection.php(631): As247\WpEloquent\Database\Connection->runQueryCallback('alter table `wp...', Array, Object(Closure))
#2 /wordpress/wp-content/plugins/myloyal/vendor/as247/wp-eloquent/src/Database/WpConnection.php(156): As247\WpEloquent\Database\Connection->run('alter table `wp...', Array, Object(Closure))
#3 /wordpress/wp-content/plugins/myloyal/vendor/as247/wp-eloquent/src/Database/WpConnection.php(132): As247\WpEloquent\Database\WpConnection->runRawQuery('alter table `wp...', true)
#4 /wordpress/wp-content/plugins/myloyal/vendor/as247/wp-eloquent/src/Database/WpConnection.php(108): As247\WpEloquent\Database\WpConnection->unprepared('alter table `wp...')
#5 /wordpress/wp-content/plugins/myloyal/vendor/as247/wp-eloquent/src/Database/Schema/Blueprint.php(103): As247\WpEloquent\Database\WpConnection->statement('alter table `wp...')
#6 /wordpress/wp-content/plugins/myloyal/vendor/as247/wp-eloquent/src/Database/Schema/Builder.php(323): As247\WpEloquent\Database\Schema\Blueprint->build(Object(As247\WpEloquent\Database\WpConnection), Object(As247\WpEloquent\Database\Schema\Grammars\MySqlGrammar))
#7 /wordpress/wp-content/plugins/myloyal/vendor/as247/wp-eloquent/src/Database/Schema/Builder.php(200): As247\WpEloquent\Database\Schema\Builder->build(Object(As247\WpEloquent\Database\Schema\Blueprint))
#8 /wordpress/wp-content/plugins/myloyal/vendor/as247/wp-eloquent/src/Support/Facades/Facade.php(261): As247\WpEloquent\Database\Schema\Builder->create('myloyal_badge_u...', Object(Closure))
#9 /wordpress/wp-content/plugins/myloyal/migrations/badge-user.php(20): As247\WpEloquent\Support\Facades\Facade::__callStatic('create', Array)
#10 /wordpress/wp-content/plugins/myloyal/myloyal.php(127): myLoyal\migrations\Badge_User->run()
#11 /wordpress/wp-includes/class-wp-hook.php(324): myLoyal\MyLoyal_Init->on_active(false)
#12 /wordpress/wp-includes/class-wp-hook.php(348): WP_Hook->apply_filters('', Array)
#13 /wordpress/wp-includes/plugin.php(517): WP_Hook->do_action(Array)
#14 /wordpress/wp-admin/includes/plugin.php(703): do_action('activate_myloya...', false)
#15 /internal/eval.php(20): activate_plugin('myloyal/myloyal...')
#16 {main}

Next As247\WpEloquent\Database\QueryException: <div style="clear:both">&nbsp;</div>
<div class="queries" style="clear:both;margin-bottom:2px;border:red dotted thin;">
<p>MySQL query:</p>
<p>alter table `wp_myloyal_badge_user` add constraint `myloyal_badge_user_user_id_foreign` foreign key (`user_id`) references `wp_users` (`ID`) on delete cascade</p>
<p>Queries made or created this session were:</p>
<ol>
<li>Executing: BEGIN | (no parameters)</li>
<li>Executing: SELECT 1 FROM sqlite_temp_schema WHERE type = 'table' AND name = ? | parameters: wp_myloyal_badge_user</li>
<li>Executing: SELECT COLUMN_NAME FROM _wp_sqlite_mysql_information_schema_columns WHERE table_schema = ? AND table_name = ? | parameters: database_name_here, wp_myloyal_badge_user</li>
<li>Executing: SELECT 1 FROM sqlite_temp_schema WHERE type = 'table' AND name = ? | parameters: wp_myloyal_badge_user</li>
<li>Executing: ROLLBACK | (no parameters)</li>
</ol>
</div>
<div style="clear:both;margin-bottom:2px;border:red dotted thin;" class="error_message" style="border-bottom:dotted blue thin;">
FOREIGN KEY and CHECK constraints are not supported yet.
</div>
<p>Backtrace:</p>
<pre>#0 /internal/shared/sqlite-database-integration/wp-includes/sqlite-ast/class-wp-sqlite-driver.php(690): WP_SQLite_Driver->new_driver_exception('FOREIGN KEY and...', 0, Object(Exception))
#1 /internal/shared/sqlite-database-integration/wp-includes/sqlite/class-wp-sqlite-db.php(472): WP_SQLite_Driver->query('alter table `wp...')
#2 /internal/shared/sqlite-database-integration/wp-includes/sqlite/class-wp-sqlite-db.php(413): WP_SQLite_DB->_do_query('alter table `wp...')
#3 /wordpress/wp-content/plugins/myloyal/vendor/as247/wp-eloquent/src/Database/WpConnection.php(147): WP_SQLite_DB->query('alter table `wp...')
#4 /wordpress/wp-content/plugins/myloyal/vendor/as247/wp-eloquent/src/Database/Connection.php(664): As247\WpEloquent\Database\WpConnection->As247\WpEloquent\Database\{closure}('alter table `wp...', Array)
#5 /wordpress/wp-content/plugins/myloyal/vendor/as247/wp-eloquent/src/Database/Connection.php(631): As247\WpEloquent\Database\Connection->runQueryCallback('alter table `wp...', Array, Object(Closure))
#6 /wordpress/wp-content/plugins/myloyal/vendor/as247/wp-eloquent/src/Database/WpConnection.php(156): As247\WpEloquent\Database\Connection->run('alter table `wp...', Array, Object(Closure))
#7 /wordpress/wp-content/plugins/myloyal/vendor/as247/wp-eloquent/src/Database/WpConnection.php(132): As247\WpEloquent\Database\WpConnection->runRawQuery('alter table `wp...', true)
#8 /wordpress/wp-content/plugins/myloyal/vendor/as247/wp-eloquent/src/Database/WpConnection.php(108): As247\WpEloquent\Database\WpConnection->unprepared('alter table `wp...')
#9 /wordpress/wp-content/plugins/myloyal/vendor/as247/wp-eloquent/src/Database/Schema/Blueprint.php(103): As247\WpEloquent\Database\WpConnection->statement('alter table `wp...')
#10 /wordpress/wp-content/plugins/myloyal/vendor/as247/wp-eloquent/src/Database/Schema/Builder.php(323): As247\WpEloquent\Database\Schema\Blueprint->build(Object(As247\WpEloquent\Database\WpConnection), Object(As247\WpEloquent\Database\Schema\Grammars\MySqlGrammar))
#11 /wordpress/wp-content/plugins/myloyal/vendor/as247/wp-eloquent/src/Database/Schema/Builder.php(200): As247\WpEloquent\Database\Schema\Builder->build(Object(As247\WpEloquent\Database\Schema\Blueprint))
#12 /wordpress/wp-content/plugins/myloyal/vendor/as247/wp-eloquent/src/Support/Facades/Facade.php(261): As247\WpEloquent\Database\Schema\Builder->create('myloyal_badge_u...', Object(Closure))
#13 /wordpress/wp-content/plugins/myloyal/migrations/badge-user.php(20): As247\WpEloquent\Support\Facades\Facade::__callStatic('create', Array)
#14 /wordpress/wp-content/plugins/myloyal/myloyal.php(127): myLoyal\migrations\Badge_User->run()
#15 /wordpress/wp-includes/class-wp-hook.php(324): myLoyal\MyLoyal_Init->on_active(false)
#16 /wordpress/wp-includes/class-wp-hook.php(348): WP_Hook->apply_filters('', Array)
#17 /wordpress/wp-includes/plugin.php(517): WP_Hook->do_action(Array)
#18 /wordpress/wp-admin/includes/plugin.php(703): do_action('activate_myloya...', false)
#19 /internal/eval.php(20): activate_plugin('myloyal/myloyal...')
#20 {main}</pre>
 (SQL: alter table `wp_myloyal_badge_user` add constraint `myloyal_badge_user_user_id_foreign` foreign key (`user_id`) references `wp_users` (`ID`) on delete cascade) in /wordpress/wp-content/plugins/myloyal/vendor/as247/wp-eloquent/src/Database/WpConnection.php:150
Stack trace:
#0 /wordpress/wp-content/plugins/myloyal/vendor/as247/wp-eloquent/src/Database/Connection.php(664): As247\WpEloquent\Database\WpConnection->As247\WpEloquent\Database\{closure}('alter table `wp...', Array)
#1 /wordpress/wp-content/plugins/myloyal/vendor/as247/wp-eloquent/src/Database/Connection.php(631): As247\WpEloquent\Database\Connection->runQueryCallback('alter table `wp...', Array, Object(Closure))
#2 /wordpress/wp-content/plugins/myloyal/vendor/as247/wp-eloquent/src/Database/WpConnection.php(156): As247\WpEloquent\Database\Connection->run('alter table `wp...', Array, Object(Closure))
#3 /wordpress/wp-content/plugins/myloyal/vendor/as247/wp-eloquent/src/Database/WpConnection.php(132): As247\WpEloquent\Database\WpConnection->runRawQuery('alter table `wp...', true)
#4 /wordpress/wp-content/plugins/myloyal/vendor/as247/wp-eloquent/src/Database/WpConnection.php(108): As247\WpEloquent\Database\WpConnection->unprepared('alter table `wp...')
#5 /wordpress/wp-content/plugins/myloyal/vendor/as247/wp-eloquent/src/Database/Schema/Blueprint.php(103): As247\WpEloquent\Database\WpConnection->statement('alter table `wp...')
#6 /wordpress/wp-content/plugins/myloyal/vendor/as247/wp-eloquent/src/Database/Schema/Builder.php(323): As247\WpEloquent\Database\Schema\Blueprint->build(Object(As247\WpEloquent\Database\WpConnection), Object(As247\WpEloquent\Database\Schema\Grammars\MySqlGrammar))
#7 /wordpress/wp-content/plugins/myloyal/vendor/as247/wp-eloquent/src/Database/Schema/Builder.php(200): As247\WpEloquent\Database\Schema\Builder->build(Object(As247\WpEloquent\Database\Schema\Blueprint))
#8 /wordpress/wp-content/plugins/myloyal/vendor/as247/wp-eloquent/src/Support/Facades/Facade.php(261): As247\WpEloquent\Database\Schema\Builder->create('myloyal_badge_u...', Object(Closure))
#9 /wordpress/wp-content/plugins/myloyal/migrations/badge-user.php(20): As247\WpEloquent\Support\Facades\Facade::__callStatic('create', Array)
#10 /wordpress/wp-content/plugins/myloyal/myloyal.php(127): myLoyal\migrations\Badge_User->run()
#11 /wordpress/wp-includes/class-wp-hook.php(324): myLoyal\MyLoyal_Init->on_active(false)
#12 /wordpress/wp-includes/class-wp-hook.php(348): WP_Hook->apply_filters('', Array)
#13 /wordpress/wp-includes/plugin.php(517): WP_Hook->do_action(Array)
#14 /wordpress/wp-admin/includes/plugin.php(703): do_action('activate_myloya...', false)
#15 /internal/eval.php(20): activate_plugin('myloyal/myloyal...')
#16 {main}

Next As247\WpEloquent\Database\QueryException: <div style="clear:both">&nbsp;</div>
<div class="queries" style="clear:both;margin-bottom:2px;border:red dotted thin;">
<p>MySQL query:</p>
<p>alter table `wp_myloyal_badge_user` add constraint `myloyal_badge_user_user_id_foreign` foreign key (`user_id`) references `wp_users` (`ID`) on delete cascade</p>
<p>Queries made or created this session were:</p>
<ol>
<li>Executing: BEGIN | (no parameters)</li>
<li>Executing: SELECT 1 FROM sqlite_temp_schema WHERE type = 'table' AND name = ? | parameters: wp_myloyal_badge_user</li>
<li>Executing: SELECT COLUMN_NAME FROM _wp_sqlite_mysql_information_schema_columns WHERE table_schema = ? AND table_name = ? | parameters: database_name_here, wp_myloyal_badge_user</li>
<li>Executing: SELECT 1 FROM sqlite_temp_schema WHERE type = 'table' AND name = ? | parameters: wp_myloyal_badge_user</li>
<li>Executing: ROLLBACK | (no parameters)</li>
</ol>
</div>
<div style="clear:both;margin-bottom:2px;border:red dotted thin;" class="error_message" style="border-bottom:dotted blue thin;">
FOREIGN KEY and CHECK constraints are not supported yet.
</div>
<p>Backtrace:</p>
<pre>#0 /internal/shared/sqlite-database-integration/wp-includes/sqlite-ast/class-wp-sqlite-driver.php(690): WP_SQLite_Driver->new_driver_exception('FOREIGN KEY and...', 0, Object(Exception))
#1 /internal/shared/sqlite-database-integration/wp-includes/sqlite/class-wp-sqlite-db.php(472): WP_SQLite_Driver->query('alter table `wp...')
#2 /internal/shared/sqlite-database-integration/wp-includes/sqlite/class-wp-sqlite-db.php(413): WP_SQLite_DB->_do_query('alter table `wp...')
#3 /wordpress/wp-content/plugins/myloyal/vendor/as247/wp-eloquent/src/Database/WpConnection.php(147): WP_SQLite_DB->query('alter table `wp...')
#4 /wordpress/wp-content/plugins/myloyal/vendor/as247/wp-eloquent/src/Database/Connection.php(664): As247\WpEloquent\Database\WpConnection->As247\WpEloquent\Database\{closure}('alter table `wp...', Array)
#5 /wordpress/wp-content/plugins/myloyal/vendor/as247/wp-eloquent/src/Database/Connection.php(631): As247\WpEloquent\Database\Connection->runQueryCallback('alter table `wp...', Array, Object(Closure))
#6 /wordpress/wp-content/plugins/myloyal/vendor/as247/wp-eloquent/src/Database/WpConnection.php(156): As247\WpEloquent\Database\Connection->run('alter table `wp...', Array, Object(Closure))
#7 /wordpress/wp-content/plugins/myloyal/vendor/as247/wp-eloquent/src/Database/WpConnection.php(132): As247\WpEloquent\Database\WpConnection->runRawQuery('alter table `wp...', true)
#8 /wordpress/wp-content/plugins/myloyal/vendor/as247/wp-eloquent/src/Database/WpConnection.php(108): As247\WpEloquent\Database\WpConnection->unprepared('alter table `wp...')
#9 /wordpress/wp-content/plugins/myloyal/vendor/as247/wp-eloquent/src/Database/Schema/Blueprint.php(103): As247\WpEloquent\Database\WpConnection->statement('alter table `wp...')
#10 /wordpress/wp-content/plugins/myloyal/vendor/as247/wp-eloquent/src/Database/Schema/Builder.php(323): As247\WpEloquent\Database\Schema\Blueprint->build(Object(As247\WpEloquent\Database\WpConnection), Object(As247\WpEloquent\Database\Schema\Grammars\MySqlGrammar))
#11 /wordpress/wp-content/plugins/myloyal/vendor/as247/wp-eloquent/src/Database/Schema/Builder.php(200): As247\WpEloquent\Database\Schema\Builder->build(Object(As247\WpEloquent\Database\Schema\Blueprint))
#12 /wordpress/wp-content/plugins/myloyal/vendor/as247/wp-eloquent/src/Support/Facades/Facade.php(261): As247\WpEloquent\Database\Schema\Builder->create('myloyal_badge_u...', Object(Closure))
#13 /wordpress/wp-content/plugins/myloyal/migrations/badge-user.php(20): As247\WpEloquent\Support\Facades\Facade::__callStatic('create', Array)
#14 /wordpress/wp-content/plugins/myloyal/myloyal.php(127): myLoyal\migrations\Badge_User->run()
#15 /wordpress/wp-includes/class-wp-hook.php(324): myLoyal\MyLoyal_Init->on_active(false)
#16 /wordpress/wp-includes/class-wp-hook.php(348): WP_Hook->apply_filters('', Array)
#17 /wordpress/wp-includes/plugin.php(517): WP_Hook->do_action(Array)
#18 /wordpress/wp-admin/includes/plugin.php(703): do_action('activate_myloya...', false)
#19 /internal/eval.php(20): activate_plugin('myloyal/myloyal...')
#20 {main}</pre>
 (SQL: alter table `wp_myloyal_badge_user` add constraint `myloyal_badge_user_user_id_foreign` foreign key (`user_id`) references `wp_users` (`ID`) on delete cascade) (SQL: alter table `wp_myloyal_badge_user` add constraint `myloyal_badge_user_user_id_foreign` foreign key (`user_id`) references `wp_users` (`ID`) on delete cascade) in /wordpress/wp-content/plugins/myloyal/vendor/as247/wp-eloquent/src/Database/Connection.php:671
Stack trace:
#0 /wordpress/wp-content/plugins/myloyal/vendor/as247/wp-eloquent/src/Database/Connection.php(631): As247\WpEloquent\Database\Connection->runQueryCallback('alter table `wp...', Array, Object(Closure))
#1 /wordpress/wp-content/plugins/myloyal/vendor/as247/wp-eloquent/src/Database/WpConnection.php(156): As247\WpEloquent\Database\Connection->run('alter table `wp...', Array, Object(Closure))
#2 /wordpress/wp-content/plugins/myloyal/vendor/as247/wp-eloquent/src/Database/WpConnection.php(132): As247\WpEloquent\Database\WpConnection->runRawQuery('alter table `wp...', true)
#3 /wordpress/wp-content/plugins/myloyal/vendor/as247/wp-eloquent/src/Database/WpConnection.php(108): As247\WpEloquent\Database\WpConnection->unprepared('alter table `wp...')
#4 /wordpress/wp-content/plugins/myloyal/vendor/as247/wp-eloquent/src/Database/Schema/Blueprint.php(103): As247\WpEloquent\Database\WpConnection->statement('alter table `wp...')
#5 /wordpress/wp-content/plugins/myloyal/vendor/as247/wp-eloquent/src/Database/Schema/Builder.php(323): As247\WpEloquent\Database\Schema\Blueprint->build(Object(As247\WpEloquent\Database\WpConnection), Object(As247\WpEloquent\Database\Schema\Grammars\MySqlGrammar))
#6 /wordpress/wp-content/plugins/myloyal/vendor/as247/wp-eloquent/src/Database/Schema/Builder.php(200): As247\WpEloquent\Database\Schema\Builder->build(Object(As247\WpEloquent\Database\Schema\Blueprint))
#7 /wordpress/wp-content/plugins/myloyal/vendor/as247/wp-eloquent/src/Support/Facades/Facade.php(261): As247\WpEloquent\Database\Schema\Builder->create('myloyal_badge_u...', Object(Closure))
#8 /wordpress/wp-content/plugins/myloyal/migrations/badge-user.php(20): As247\WpEloquent\Support\Facades\Facade::__callStatic('create', Array)
#9 /wordpress/wp-content/plugins/myloyal/myloyal.php(127): myLoyal\migrations\Badge_User->run()
#10 /wordpress/wp-includes/class-wp-hook.php(324): myLoyal\MyLoyal_Init->on_active(false)
#11 /wordpress/wp-includes/class-wp-hook.php(348): WP_Hook->apply_filters('', Array)
#12 /wordpress/wp-includes/plugin.php(517): WP_Hook->do_action(Array)
#13 /wordpress/wp-admin/includes/plugin.php(703): do_action('activate_myloya...', false)
#14 /internal/eval.php(20): activate_plugin('myloyal/myloyal...')
#15 {main}
  thrown in /wordpress/wp-content/plugins/myloyal/vendor/as247/wp-eloquent/src/Database/Connection.php on line 671
[18-Apr-2025 20:35:53 UTC] PHP Deprecated:  Required parameter $value follows optional parameter $parent in /wordpress/wp-content/plugins/myloyal/core/options.php on line 92
[18-Apr-2025 20:35:53 UTC] PHP Warning:  foreach() argument must be of type array|object, null given in /wordpress/wp-content/plugins/myloyal/core/action-runner.php on line 49
[18-Apr-2025 20:35:54 UTC] PHP Deprecated:  Required parameter $value follows optional parameter $parent in /wordpress/wp-content/plugins/myloyal/core/options.php on line 92
[18-Apr-2025 20:35:54 UTC] PHP Warning:  foreach() argument must be of type array|object, null given in /wordpress/wp-content/plugins/myloyal/core/action-runner.php on line 49
[18-Apr-2025 20:36:03 UTC] PHP Deprecated:  Required parameter $value follows optional parameter $parent in /wordpress/wp-content/plugins/myloyal/core/options.php on line 92
[18-Apr-2025 20:36:03 UTC] PHP Warning:  foreach() argument must be of type array|object, null given in /wordpress/wp-content/plugins/myloyal/core/action-runner.php on line 49
[18-Apr-2025 20:36:05 UTC] PHP Deprecated:  Required parameter $value follows optional parameter $parent in /wordpress/wp-content/plugins/myloyal/core/options.php on line 92
[18-Apr-2025 20:36:05 UTC] PHP Warning:  foreach() argument must be of type array|object, null given in /wordpress/wp-content/plugins/myloyal/core/action-runner.php on line 49
[18-Apr-2025 20:36:13 UTC] PHP Deprecated:  Function add_option was called with an argument that is <strong>deprecated</strong> since version 2.3.0 with no alternative available. in /wordpress/wp-includes/functions.php on line 6121
[18-Apr-2025 20:36:14 UTC] PHP Deprecated:  Function register_sidebar_widget is <strong>deprecated</strong> since version 2.8.0! Use wp_register_sidebar_widget() instead. in /wordpress/wp-includes/functions.php on line 6121
[18-Apr-2025 20:36:21 UTC] PHP Deprecated:  Function add_option was called with an argument that is <strong>deprecated</strong> since version 2.3.0 with no alternative available. in /wordpress/wp-includes/functions.php on line 6121
[18-Apr-2025 20:36:22 UTC] PHP Deprecated:  Function register_sidebar_widget is <strong>deprecated</strong> since version 2.8.0! Use wp_register_sidebar_widget() instead. in /wordpress/wp-includes/functions.php on line 6121
[18-Apr-2025 20:36:30 UTC] PHP Deprecated:  Function add_option was called with an argument that is <strong>deprecated</strong> since version 2.3.0 with no alternative available. in /wordpress/wp-includes/functions.php on line 6121
[18-Apr-2025 20:36:31 UTC] PHP Deprecated:  Function register_sidebar_widget is <strong>deprecated</strong> since version 2.8.0! Use wp_register_sidebar_widget() instead. in /wordpress/wp-includes/functions.php on line 6121
[18-Apr-2025 20:37:00 UTC] PHP Deprecated:  Function get_all_category_ids is <strong>deprecated</strong> since version 4.0.0! Use get_terms() instead. in /wordpress/wp-includes/functions.php on line 6121
[18-Apr-2025 20:37:00 UTC] PHP Warning:  Undefined array key 1 in /wordpress/wp-content/plugins/manifest-builder/manifest-builder.php on line 99
[18-Apr-2025 20:37:00 UTC] PHP Fatal error:  Uncaught ValueError: Path cannot be empty in /wordpress/wp-content/plugins/manifest-builder/builder.php:75
Stack trace:
#0 /wordpress/wp-content/plugins/manifest-builder/builder.php(75): file_get_contents('')
#1 /wordpress/wp-content/plugins/manifest-builder/builder.php(162): Manifest_Builder->_fileChanged()
#2 /wordpress/wp-content/plugins/manifest-builder/manifest-builder.php(109): Manifest_Builder->refresh()
#3 /wordpress/wp-content/plugins/manifest-builder/manifest-builder.php(57): Manifest_Builder_Plugin->manifestinate()
#4 /wordpress/wp-includes/class-wp-hook.php(324): Manifest_Builder_Plugin->activatePlugin(false)
#5 /wordpress/wp-includes/class-wp-hook.php(348): WP_Hook->apply_filters('', Array)
#6 /wordpress/wp-includes/plugin.php(517): WP_Hook->do_action(Array)
#7 /wordpress/wp-admin/includes/plugin.php(703): do_action('activate_manife...', false)
#8 /internal/eval.php(20): activate_plugin('manifest-builde...')
#9 {main}
  thrown in /wordpress/wp-content/plugins/manifest-builder/builder.php on line 75
[18-Apr-2025 20:37:08 UTC] PHP Deprecated:  Function get_all_category_ids is <strong>deprecated</strong> since version 4.0.0! Use get_terms() instead. in /wordpress/wp-includes/functions.php on line 6121
[18-Apr-2025 20:37:08 UTC] PHP Warning:  Undefined array key 1 in /wordpress/wp-content/plugins/manifest-builder/manifest-builder.php on line 99
[18-Apr-2025 20:37:08 UTC] PHP Fatal error:  Uncaught ValueError: Path cannot be empty in /wordpress/wp-content/plugins/manifest-builder/builder.php:75
Stack trace:
#0 /wordpress/wp-content/plugins/manifest-builder/builder.php(75): file_get_contents('')
#1 /wordpress/wp-content/plugins/manifest-builder/builder.php(162): Manifest_Builder->_fileChanged()
#2 /wordpress/wp-content/plugins/manifest-builder/manifest-builder.php(109): Manifest_Builder->refresh()
#3 /wordpress/wp-content/plugins/manifest-builder/manifest-builder.php(57): Manifest_Builder_Plugin->manifestinate()
#4 /wordpress/wp-includes/class-wp-hook.php(324): Manifest_Builder_Plugin->activatePlugin(false)
#5 /wordpress/wp-includes/class-wp-hook.php(348): WP_Hook->apply_filters('', Array)
#6 /wordpress/wp-includes/plugin.php(517): WP_Hook->do_action(Array)
#7 /wordpress/wp-admin/includes/plugin.php(703): do_action('activate_manife...', false)
#8 /internal/eval.php(20): activate_plugin('manifest-builde...')
#9 {main}
  thrown in /wordpress/wp-content/plugins/manifest-builder/builder.php on line 75
[18-Apr-2025 20:37:16 UTC] PHP Deprecated:  Function get_all_category_ids is <strong>deprecated</strong> since version 4.0.0! Use get_terms() instead. in /wordpress/wp-includes/functions.php on line 6121
[18-Apr-2025 20:37:16 UTC] PHP Warning:  Undefined array key 1 in /wordpress/wp-content/plugins/manifest-builder/manifest-builder.php on line 99
[18-Apr-2025 20:37:16 UTC] PHP Fatal error:  Uncaught ValueError: Path cannot be empty in /wordpress/wp-content/plugins/manifest-builder/builder.php:75
Stack trace:
#0 /wordpress/wp-content/plugins/manifest-builder/builder.php(75): file_get_contents('')
#1 /wordpress/wp-content/plugins/manifest-builder/builder.php(162): Manifest_Builder->_fileChanged()
#2 /wordpress/wp-content/plugins/manifest-builder/manifest-builder.php(109): Manifest_Builder->refresh()
#3 /wordpress/wp-content/plugins/manifest-builder/manifest-builder.php(57): Manifest_Builder_Plugin->manifestinate()
#4 /wordpress/wp-includes/class-wp-hook.php(324): Manifest_Builder_Plugin->activatePlugin(false)
#5 /wordpress/wp-includes/class-wp-hook.php(348): WP_Hook->apply_filters('', Array)
#6 /wordpress/wp-includes/plugin.php(517): WP_Hook->do_action(Array)
#7 /wordpress/wp-admin/includes/plugin.php(703): do_action('activate_manife...', false)
#8 /internal/eval.php(20): activate_plugin('manifest-builde...')
#9 {main}
  thrown in /wordpress/wp-content/plugins/manifest-builder/builder.php on line 75

    at Object.onBind (file:///home/runner/work/playground-tester/playground-tester/node_modules/@wp-playground/cli/index.js:237:15)
    at process.processTicksAndRejections (node:internal/process/task_queues:105:5)
    at async V (file:///home/runner/work/playground-tester/playground-tester/node_modules/@wp-playground/cli/index.js:64:10)
    at async ja (file:///home/runner/work/playground-tester/playground-tester/node_modules/@wp-playground/cli/cli.js:8161:12) {
  [cause]: Error: Error when executing the blueprint step #1 ({"step":"installPlugin","pluginData":{"resource":"wordpress.org/plugins","slug":"manifest-builder"},"options":{"activate":true}}) : PHP.run() failed with exit code 255 and the following output: 
      at Object.run (file:///home/runner/work/playground-tester/playground-tester/node_modules/@wp-playground/blueprints/index.js:12449:19)
      at process.processTicksAndRejections (node:internal/process/task_queues:105:5)
      at async ms (file:///home/runner/work/playground-tester/playground-tester/node_modules/@wp-playground/blueprints/index.js:12552:3)
      ... 2 lines matching cause stack trace ...
      at async ja (file:///home/runner/work/playground-tester/playground-tester/node_modules/@wp-playground/cli/cli.js:8161:12) {
    [cause]: PHPExecutionFailureError: PHP.run() failed with exit code 255 and the following output: 
        at PHP.run (file:///home/runner/work/playground-tester/playground-tester/node_modules/@php-wasm/universal/index.js:987:19)
        at process.processTicksAndRejections (node:internal/process/task_queues:105:5)
        at async wr (file:///home/runner/work/playground-tester/playground-tester/node_modules/@wp-playground/blueprints/index.js:33:39)
        at async Object.gt [as installPlugin] (file:///home/runner/work/playground-tester/playground-tester/node_modules/@wp-playground/blueprints/index.js:974:42)
        at async g (file:///home/runner/work/playground-tester/playground-tester/node_modules/@wp-playground/blueprints/index.js:12517:30)
        at async Object.run (file:///home/runner/work/playground-tester/playground-tester/node_modules/@wp-playground/blueprints/index.js:12446:23)
        at async ms (file:///home/runner/work/playground-tester/playground-tester/node_modules/@wp-playground/blueprints/index.js:12552:3)
        at async Object.onBind (file:///home/runner/work/playground-tester/playground-tester/node_modules/@wp-playground/cli/index.js:227:48)
        at async V (file:///home/runner/work/playground-tester/playground-tester/node_modules/@wp-playground/cli/index.js:64:10)
        at async ja (file:///home/runner/work/playground-tester/playground-tester/node_modules/@wp-playground/cli/cli.js:8161:12) {
      response: PHPResponse {
        httpStatusCode: 500,
        headers: {
          'x-powered-by': [ 'PHP/8.0.30-dev' ],
          'content-type': [ 'text/html; charset=UTF-8' ]
        },
        bytes: Uint8Array(0) [],
        exitCode: 255,
        errors: ''
      },
      source: 'request'
    }
  }
}

Node.js v23.11.0
