[
{"message":"file:///home/runner/work/playground-tester/playground-tester/node_modules/@wp-playground/cli/index.js:237\n        throw new Error(y, { cause: u });\n              ^\n","level":"FATAL","type":"PLAYGROUND","test":"ast-sqlite-boot","plugin":"twitter-sharts-plug-in-for-wordpress","details":"file:///home/runner/work/playground-tester/playground-tester/node_modules/@wp-playground/cli/index.js:237\n        throw new Error(y, { cause: u });\n              ^\n","log":"/tmp/tmp.Blij2ARgCt"}
,
{"message":"Uncaught TypeError: call_user_func_array(): Argument #1 ($callback) must be a valid callback, function \"activation\" not found or invalid function name in /wordpress/wp-includes/class-wp-hook.php:324","level":"FATAL","type":"PHP","test":"ast-sqlite-boot","plugin":"twitter-sharts-plug-in-for-wordpress","details":"[07-May-2025 09:33:19 UTC] PHP Fatal error:  Uncaught TypeError: call_user_func_array(): Argument #1 ($callback) must be a valid callback, function \"activation\" not found or invalid function name in /wordpress/wp-includes/class-wp-hook.php:324\nStack trace:\n#0 /wordpress/wp-includes/class-wp-hook.php(348): WP_Hook->apply_filters('', Array)\n#1 /wordpress/wp-includes/plugin.php(517): WP_Hook->do_action(Array)\n#2 /wordpress/wp-admin/includes/plugin.php(703): do_action('activate_theme-...', false)\n#3 /internal/eval.php(20): activate_plugin('theme-junkie-te...')\n#4 {main}\n  thrown in /wordpress/wp-includes/class-wp-hook.php on line 324","log":"/logs/plugins/t/twitter-sharts-plug-in-for-wordpress/error.json"}
,
{"message":"Uncaught TypeError: call_user_func_array(): Argument #1 ($callback) must be a valid callback, function \"activation\" not found or invalid function name in /wordpress/wp-includes/class-wp-hook.php:324","level":"FATAL","type":"PHP","test":"ast-sqlite-boot","plugin":"twitter-sharts-plug-in-for-wordpress","details":"[07-May-2025 09:33:27 UTC] PHP Fatal error:  Uncaught TypeError: call_user_func_array(): Argument #1 ($callback) must be a valid callback, function \"activation\" not found or invalid function name in /wordpress/wp-includes/class-wp-hook.php:324\nStack trace:\n#0 /wordpress/wp-includes/class-wp-hook.php(348): WP_Hook->apply_filters('', Array)\n#1 /wordpress/wp-includes/plugin.php(517): WP_Hook->do_action(Array)\n#2 /wordpress/wp-admin/includes/plugin.php(703): do_action('activate_theme-...', false)\n#3 /internal/eval.php(20): activate_plugin('theme-junkie-te...')\n#4 {main}\n  thrown in /wordpress/wp-includes/class-wp-hook.php on line 324","log":"/logs/plugins/t/twitter-sharts-plug-in-for-wordpress/error.json"}
,
{"message":"Uncaught TypeError: call_user_func_array(): Argument #1 ($callback) must be a valid callback, function \"activation\" not found or invalid function name in /wordpress/wp-includes/class-wp-hook.php:324","level":"FATAL","type":"PHP","test":"ast-sqlite-boot","plugin":"twitter-sharts-plug-in-for-wordpress","details":"[07-May-2025 09:33:34 UTC] PHP Fatal error:  Uncaught TypeError: call_user_func_array(): Argument #1 ($callback) must be a valid callback, function \"activation\" not found or invalid function name in /wordpress/wp-includes/class-wp-hook.php:324\nStack trace:\n#0 /wordpress/wp-includes/class-wp-hook.php(348): WP_Hook->apply_filters('', Array)\n#1 /wordpress/wp-includes/plugin.php(517): WP_Hook->do_action(Array)\n#2 /wordpress/wp-admin/includes/plugin.php(703): do_action('activate_theme-...', false)\n#3 /internal/eval.php(20): activate_plugin('theme-junkie-te...')\n#4 {main}\n  thrown in /wordpress/wp-includes/class-wp-hook.php on line 324","log":"/logs/plugins/t/twitter-sharts-plug-in-for-wordpress/error.json"}
,
{"message":"Uncaught Exception: GMP extension seems not to be installed in /wordpress/wp-content/plugins/trezor-connect-plugin/BitcoinECDSA.php:11","level":"FATAL","type":"PHP","test":"ast-sqlite-boot","plugin":"twitter-sharts-plug-in-for-wordpress","details":"[07-May-2025 09:34:12 UTC] PHP Fatal error:  Uncaught Exception: GMP extension seems not to be installed in /wordpress/wp-content/plugins/trezor-connect-plugin/BitcoinECDSA.php:11\nStack trace:\n#0 /wordpress/wp-content/plugins/trezor-connect-plugin/WPTrezorPlugin.php(28): require()\n#1 /wordpress/wp-admin/includes/plugin.php(2387): include_once('/wordpress/wp-c...')\n#2 /wordpress/wp-admin/includes/plugin.php(673): plugin_sandbox_scrape('trezor-connect-...')\n#3 /internal/eval.php(20): activate_plugin('trezor-connect-...')\n#4 {main}\n  thrown in /wordpress/wp-content/plugins/trezor-connect-plugin/BitcoinECDSA.php on line 11","log":"/logs/plugins/t/twitter-sharts-plug-in-for-wordpress/error.json"}
,
{"message":"Uncaught Exception: GMP extension seems not to be installed in /wordpress/wp-content/plugins/trezor-connect-plugin/BitcoinECDSA.php:11","level":"FATAL","type":"PHP","test":"ast-sqlite-boot","plugin":"twitter-sharts-plug-in-for-wordpress","details":"[07-May-2025 09:34:19 UTC] PHP Fatal error:  Uncaught Exception: GMP extension seems not to be installed in /wordpress/wp-content/plugins/trezor-connect-plugin/BitcoinECDSA.php:11\nStack trace:\n#0 /wordpress/wp-content/plugins/trezor-connect-plugin/WPTrezorPlugin.php(28): require()\n#1 /wordpress/wp-admin/includes/plugin.php(2387): include_once('/wordpress/wp-c...')\n#2 /wordpress/wp-admin/includes/plugin.php(673): plugin_sandbox_scrape('trezor-connect-...')\n#3 /internal/eval.php(20): activate_plugin('trezor-connect-...')\n#4 {main}\n  thrown in /wordpress/wp-content/plugins/trezor-connect-plugin/BitcoinECDSA.php on line 11","log":"/logs/plugins/t/twitter-sharts-plug-in-for-wordpress/error.json"}
,
{"message":"Uncaught Exception: GMP extension seems not to be installed in /wordpress/wp-content/plugins/trezor-connect-plugin/BitcoinECDSA.php:11","level":"FATAL","type":"PHP","test":"ast-sqlite-boot","plugin":"twitter-sharts-plug-in-for-wordpress","details":"[07-May-2025 09:34:28 UTC] PHP Fatal error:  Uncaught Exception: GMP extension seems not to be installed in /wordpress/wp-content/plugins/trezor-connect-plugin/BitcoinECDSA.php:11\nStack trace:\n#0 /wordpress/wp-content/plugins/trezor-connect-plugin/WPTrezorPlugin.php(28): require()\n#1 /wordpress/wp-admin/includes/plugin.php(2387): include_once('/wordpress/wp-c...')\n#2 /wordpress/wp-admin/includes/plugin.php(673): plugin_sandbox_scrape('trezor-connect-...')\n#3 /internal/eval.php(20): activate_plugin('trezor-connect-...')\n#4 {main}\n  thrown in /wordpress/wp-content/plugins/trezor-connect-plugin/BitcoinECDSA.php on line 11","log":"/logs/plugins/t/twitter-sharts-plug-in-for-wordpress/error.json"}
,
{"message":"Undefined array key \"HTTP_USER_AGENT\" in /wordpress/wp-content/plugins/triggered-messaging-solution-for-e-commerce/core/Helper.php on line 67","level":"WARNING","type":"PHP","test":"ast-sqlite-boot","plugin":"twitter-sharts-plug-in-for-wordpress","details":"[07-May-2025 09:34:37 UTC] PHP Warning:  Undefined array key \"HTTP_USER_AGENT\" in /wordpress/wp-content/plugins/triggered-messaging-solution-for-e-commerce/core/Helper.php on line 67","log":"/logs/plugins/t/twitter-sharts-plug-in-for-wordpress/error.json"}
,
{"message":"Uncaught Error: Call to undefined function create_function() in /wordpress/wp-content/plugins/triggered-messaging-solution-for-e-commerce/index.php:222","level":"FATAL","type":"PHP","test":"ast-sqlite-boot","plugin":"twitter-sharts-plug-in-for-wordpress","details":"[07-May-2025 09:34:37 UTC] PHP Fatal error:  Uncaught Error: Call to undefined function create_function() in /wordpress/wp-content/plugins/triggered-messaging-solution-for-e-commerce/index.php:222\nStack trace:\n#0 /wordpress/wp-admin/includes/plugin.php(2387): include_once()\n#1 /wordpress/wp-admin/includes/plugin.php(673): plugin_sandbox_scrape('triggered-messa...')\n#2 /internal/eval.php(20): activate_plugin('triggered-messa...')\n#3 {main}\n  thrown in /wordpress/wp-content/plugins/triggered-messaging-solution-for-e-commerce/index.php on line 222","log":"/logs/plugins/t/twitter-sharts-plug-in-for-wordpress/error.json"}
,
{"message":"Undefined array key \"HTTP_USER_AGENT\" in /wordpress/wp-content/plugins/triggered-messaging-solution-for-e-commerce/core/Helper.php on line 67","level":"WARNING","type":"PHP","test":"ast-sqlite-boot","plugin":"twitter-sharts-plug-in-for-wordpress","details":"[07-May-2025 09:34:45 UTC] PHP Warning:  Undefined array key \"HTTP_USER_AGENT\" in /wordpress/wp-content/plugins/triggered-messaging-solution-for-e-commerce/core/Helper.php on line 67","log":"/logs/plugins/t/twitter-sharts-plug-in-for-wordpress/error.json"}
,
{"message":"Uncaught Error: Call to undefined function create_function() in /wordpress/wp-content/plugins/triggered-messaging-solution-for-e-commerce/index.php:222","level":"FATAL","type":"PHP","test":"ast-sqlite-boot","plugin":"twitter-sharts-plug-in-for-wordpress","details":"[07-May-2025 09:34:45 UTC] PHP Fatal error:  Uncaught Error: Call to undefined function create_function() in /wordpress/wp-content/plugins/triggered-messaging-solution-for-e-commerce/index.php:222\nStack trace:\n#0 /wordpress/wp-admin/includes/plugin.php(2387): include_once()\n#1 /wordpress/wp-admin/includes/plugin.php(673): plugin_sandbox_scrape('triggered-messa...')\n#2 /internal/eval.php(20): activate_plugin('triggered-messa...')\n#3 {main}\n  thrown in /wordpress/wp-content/plugins/triggered-messaging-solution-for-e-commerce/index.php on line 222","log":"/logs/plugins/t/twitter-sharts-plug-in-for-wordpress/error.json"}
,
{"message":"Undefined array key \"HTTP_USER_AGENT\" in /wordpress/wp-content/plugins/triggered-messaging-solution-for-e-commerce/core/Helper.php on line 67","level":"WARNING","type":"PHP","test":"ast-sqlite-boot","plugin":"twitter-sharts-plug-in-for-wordpress","details":"[07-May-2025 09:34:53 UTC] PHP Warning:  Undefined array key \"HTTP_USER_AGENT\" in /wordpress/wp-content/plugins/triggered-messaging-solution-for-e-commerce/core/Helper.php on line 67","log":"/logs/plugins/t/twitter-sharts-plug-in-for-wordpress/error.json"}
,
{"message":"Uncaught Error: Call to undefined function create_function() in /wordpress/wp-content/plugins/triggered-messaging-solution-for-e-commerce/index.php:222","level":"FATAL","type":"PHP","test":"ast-sqlite-boot","plugin":"twitter-sharts-plug-in-for-wordpress","details":"[07-May-2025 09:34:53 UTC] PHP Fatal error:  Uncaught Error: Call to undefined function create_function() in /wordpress/wp-content/plugins/triggered-messaging-solution-for-e-commerce/index.php:222\nStack trace:\n#0 /wordpress/wp-admin/includes/plugin.php(2387): include_once()\n#1 /wordpress/wp-admin/includes/plugin.php(673): plugin_sandbox_scrape('triggered-messa...')\n#2 /internal/eval.php(20): activate_plugin('triggered-messa...')\n#3 {main}\n  thrown in /wordpress/wp-content/plugins/triggered-messaging-solution-for-e-commerce/index.php on line 222","log":"/logs/plugins/t/twitter-sharts-plug-in-for-wordpress/error.json"}
,
{"message":"Uncaught Error: Call to undefined function create_function() in /wordpress/wp-content/plugins/tweet-lovers/tweet-lovers.php:390","level":"FATAL","type":"PHP","test":"ast-sqlite-boot","plugin":"twitter-sharts-plug-in-for-wordpress","details":"[07-May-2025 09:37:24 UTC] PHP Fatal error:  Uncaught Error: Call to undefined function create_function() in /wordpress/wp-content/plugins/tweet-lovers/tweet-lovers.php:390\nStack trace:\n#0 /wordpress/wp-admin/includes/plugin.php(2387): include_once()\n#1 /wordpress/wp-admin/includes/plugin.php(673): plugin_sandbox_scrape('tweet-lovers/tw...')\n#2 /internal/eval.php(20): activate_plugin('tweet-lovers/tw...')\n#3 {main}\n  thrown in /wordpress/wp-content/plugins/tweet-lovers/tweet-lovers.php on line 390","log":"/logs/plugins/t/twitter-sharts-plug-in-for-wordpress/error.json"}
,
{"message":"Uncaught Error: Call to undefined function create_function() in /wordpress/wp-content/plugins/tweet-lovers/tweet-lovers.php:390","level":"FATAL","type":"PHP","test":"ast-sqlite-boot","plugin":"twitter-sharts-plug-in-for-wordpress","details":"[07-May-2025 09:37:32 UTC] PHP Fatal error:  Uncaught Error: Call to undefined function create_function() in /wordpress/wp-content/plugins/tweet-lovers/tweet-lovers.php:390\nStack trace:\n#0 /wordpress/wp-admin/includes/plugin.php(2387): include_once()\n#1 /wordpress/wp-admin/includes/plugin.php(673): plugin_sandbox_scrape('tweet-lovers/tw...')\n#2 /internal/eval.php(20): activate_plugin('tweet-lovers/tw...')\n#3 {main}\n  thrown in /wordpress/wp-content/plugins/tweet-lovers/tweet-lovers.php on line 390","log":"/logs/plugins/t/twitter-sharts-plug-in-for-wordpress/error.json"}
,
{"message":"Uncaught Error: Call to undefined function create_function() in /wordpress/wp-content/plugins/tweet-lovers/tweet-lovers.php:390","level":"FATAL","type":"PHP","test":"ast-sqlite-boot","plugin":"twitter-sharts-plug-in-for-wordpress","details":"[07-May-2025 09:37:40 UTC] PHP Fatal error:  Uncaught Error: Call to undefined function create_function() in /wordpress/wp-content/plugins/tweet-lovers/tweet-lovers.php:390\nStack trace:\n#0 /wordpress/wp-admin/includes/plugin.php(2387): include_once()\n#1 /wordpress/wp-admin/includes/plugin.php(673): plugin_sandbox_scrape('tweet-lovers/tw...')\n#2 /internal/eval.php(20): activate_plugin('tweet-lovers/tw...')\n#3 {main}\n  thrown in /wordpress/wp-content/plugins/tweet-lovers/tweet-lovers.php on line 390","log":"/logs/plugins/t/twitter-sharts-plug-in-for-wordpress/error.json"}
,
{"message":"Undefined variable $twitterUsername in /wordpress/wp-content/plugins/twitter-sharts-plug-in-for-wordpress/twittersharts.php on line 40","level":"WARNING","type":"PHP","test":"ast-sqlite-boot","plugin":"twitter-sharts-plug-in-for-wordpress","details":"[07-May-2025 09:38:09 UTC] PHP Warning:  Undefined variable $twitterUsername in /wordpress/wp-content/plugins/twitter-sharts-plug-in-for-wordpress/twittersharts.php on line 40\n\n    at Object.onBind (file:///home/runner/work/playground-tester/playground-tester/node_modules/@wp-playground/cli/index.js:237:15)\n    at process.processTicksAndRejections (node:internal/process/task_queues:105:5)\n    at async V (file:///home/runner/work/playground-tester/playground-tester/node_modules/@wp-playground/cli/index.js:64:10)\n    at async ja (file:///home/runner/work/playground-tester/playground-tester/node_modules/@wp-playground/cli/cli.js:8161:12) {\n  [cause]: Error: Error when executing the blueprint step #5 ({\"step\":\"installPlugin\",\"pluginData\":{\"resource\":\"wordpress.org/plugins\",\"slug\":\"twitter-sharts-plug-in-for-wordpress\"},\"options\":{\"activate\":true}}) : \n  \"unreachable\" WASM instruction executed.\n  \n  The typical reason is a PHP function missing from the ASYNCIFY_ONLY\n  list when building PHP.wasm.\n  \n  You will need to file a new issue in the WordPress Playground repository\n  and paste this error message there:\n  \n  https://github.com/WordPress/wordpress-playground/issues/new\n  \n  If you're a core developer, the typical fix is to:\n  \n  * Isolate a minimal reproduction of the error\n  * Add a reproduction of the error to php-asyncify.spec.ts in the WordPress Playground repository\n  * Run 'npm run fix-asyncify'\n  * Commit the changes, push to the repo, release updated NPM packages\n  \n  Below is a list of all the PHP functions found in the stack trace to\n  help with the minimal reproduction. If they're all already listed in\n  the Dockerfile, you'll need to trigger this error again with long stack\n  traces enabled. In node.js, you can do it using the --stack-trace-limit=100\n  CLI option: \n  \n      * php.wasm.php_pollfd_for\n      * php.wasm.php_openssl_sockop_set_option\n      * php.wasm._php_stream_eof\n      * php.wasm.php_stream_url_wrap_http_ex\n      * php.wasm.php_stream_url_wrap_http\n      * php.wasm._php_stream_open_wrapper_ex\n      * php.wasm.php_libxml_streams_IO_open_wrapper\n  \n      at Object.run (file:///home/runner/work/playground-tester/playground-tester/node_modules/@wp-playground/blueprints/index.js:12449:19)\n      at process.processTicksAndRejections (node:internal/process/task_queues:105:5)\n      at async ms (file:///home/runner/work/playground-tester/playground-tester/node_modules/@wp-playground/blueprints/index.js:12552:3)\n      at async Object.onBind (file:///home/runner/work/playground-tester/playground-tester/node_modules/@wp-playground/cli/index.js:227:48)\n      at async V (file:///home/runner/work/playground-tester/playground-tester/node_modules/@wp-playground/cli/index.js:64:10)\n      at async ja (file:///home/runner/work/playground-tester/playground-tester/node_modules/@wp-playground/cli/cli.js:8161:12) {\n    [cause]: Error: \n    \"unreachable\" WASM instruction executed.\n    \n    The typical reason is a PHP function missing from the ASYNCIFY_ONLY\n    list when building PHP.wasm.\n    \n    You will need to file a new issue in the WordPress Playground repository\n    and paste this error message there:\n    \n    https://github.com/WordPress/wordpress-playground/issues/new\n    \n    If you're a core developer, the typical fix is to:\n    \n    * Isolate a minimal reproduction of the error\n    * Add a reproduction of the error to php-asyncify.spec.ts in the WordPress Playground repository\n    * Run 'npm run fix-asyncify'\n    * Commit the changes, push to the repo, release updated NPM packages\n    \n    Below is a list of all the PHP functions found in the stack trace to\n    help with the minimal reproduction. If they're all already listed in\n    the Dockerfile, you'll need to trigger this error again with long stack\n    traces enabled. In node.js, you can do it using the --stack-trace-limit=100\n    CLI option: \n    \n        * php.wasm.php_pollfd_for\n        * php.wasm.php_openssl_sockop_set_option\n        * php.wasm._php_stream_eof\n        * php.wasm.php_stream_url_wrap_http_ex\n        * php.wasm.php_stream_url_wrap_http\n        * php.wasm._php_stream_open_wrapper_ex\n        * php.wasm.php_libxml_streams_IO_open_wrapper\n    \n        at PHP.ae (file:///home/runner/work/playground-tester/playground-tester/node_modules/@php-wasm/universal/index.js:1449:78)\n        at process.processTicksAndRejections (node:internal/process/task_queues:105:5)\n        at async PHP.run (file:///home/runner/work/playground-tester/playground-tester/node_modules/@php-wasm/universal/index.js:984:17)\n        at async wr (file:///home/runner/work/playground-tester/playground-tester/node_modules/@wp-playground/blueprints/index.js:33:39)\n        at async Object.gt [as installPlugin] (file:///home/runner/work/playground-tester/playground-tester/node_modules/@wp-playground/blueprints/index.js:974:42)\n        at async g (file:///home/runner/work/playground-tester/playground-tester/node_modules/@wp-playground/blueprints/index.js:12517:30)\n        at async Object.run (file:///home/runner/work/playground-tester/playground-tester/node_modules/@wp-playground/blueprints/index.js:12446:23)\n        at async ms (file:///home/runner/work/playground-tester/playground-tester/node_modules/@wp-playground/blueprints/index.js:12552:3)\n        at async Object.onBind (file:///home/runner/work/playground-tester/playground-tester/node_modules/@wp-playground/cli/index.js:227:48)\n        at async V (file:///home/runner/work/playground-tester/playground-tester/node_modules/@wp-playground/cli/index.js:64:10) {\n      cause: Error: Rethrown\n          at UnhandledRejectionsTarget.e (file:///home/runner/work/playground-tester/playground-tester/node_modules/@php-wasm/universal/index.js:1426:19)\n          at [nodejs.internal.kHybridDispatch] (node:internal/event_target:827:20)\n          at UnhandledRejectionsTarget.dispatchEvent (node:internal/event_target:762:26)\n          at t.wasmExports.<computed> (file:///home/runner/work/playground-tester/playground-tester/node_modules/@php-wasm/universal/index.js:568:15)\n          at invoke_iiiii (file:///home/runner/work/playground-tester/playground-tester/node_modules/@php-wasm/node/index.js:99042:14)\n          at php.wasm.php_execute_script (wasm://wasm/php.wasm-038c1012:wasm-function[11421]:0x63ece7)\n          at php.wasm.dynCall_ii (wasm://wasm/php.wasm-038c1012:wasm-function[13272]:0x705315)\n          at ret.<computed> (file:///home/runner/work/playground-tester/playground-tester/node_modules/@php-wasm/node/index.js:98094:22)\n          at t.wasmExports.<computed> (file:///home/runner/work/playground-tester/playground-tester/node_modules/@php-wasm/universal/index.js:559:18)\n          at invoke_ii (file:///home/runner/work/playground-tester/playground-tester/node_modules/@php-wasm/node/index.js:99053:14) {\n        cause: RuntimeError: unreachable\n            at php.wasm.__fwritex (wasm://wasm/php.wasm-038c1012:wasm-function[4382]:0x2edd64)\n            at php.wasm.out (wasm://wasm/php.wasm-038c1012:wasm-function[850]:0x8138c)\n            at php.wasm.printf_core (wasm://wasm/php.wasm-038c1012:wasm-function[5479]:0x3a05c7)\n            at php.wasm.__vfprintf_internal (wasm://wasm/php.wasm-038c1012:wasm-function[1502]:0xe13c0)\n            at php.wasm.vsnprintf (wasm://wasm/php.wasm-038c1012:wasm-function[880]:0x8520d)\n            at php.wasm.__xmlRaiseError (wasm://wasm/php.wasm-038c1012:wasm-function[122]:0x9f2a)\n            at php.wasm.__xmlLoaderErr (wasm://wasm/php.wasm-038c1012:wasm-function[6552]:0x4606c4)\n            at php.wasm.xmlNewInputFromFile (wasm://wasm/php.wasm-038c1012:wasm-function[4959]:0x33efb3)\n            at php.wasm.xmlDefaultExternalEntityLoader (wasm://wasm/php.wasm-038c1012:wasm-function[4994]:0x3438bc)\n            at php.wasm._php_libxml_pre_ext_ent_loader (wasm://wasm/php.wasm-038c1012:wasm-function[13981]:0x73c01c) {\n          cause: Error\n              at Asyncify.handleSleep (file:///home/runner/work/playground-tester/playground-tester/node_modules/@php-wasm/node/index.js:99370:45)\n              at returnCallback (file:///home/runner/work/playground-tester/playground-tester/node_modules/@php-wasm/node/index.js:98383:51)\n              at wasm_poll_socket (file:///home/runner/work/playground-tester/playground-tester/node_modules/@php-wasm/node/index.js:98390:12)\n              at php.wasm.php_pollfd_for (wasm://wasm/php.wasm-038c1012:wasm-function[1031]:0x9c35d)\n              at php.wasm.php_openssl_sockop_set_option (wasm://wasm/php.wasm-038c1012:wasm-function[11238]:0x62cafc)\n              at php.wasm._php_stream_eof (wasm://wasm/php.wasm-038c1012:wasm-function[577]:0x42268)\n              at php.wasm.php_stream_url_wrap_http_ex (wasm://wasm/php.wasm-038c1012:wasm-function[5574]:0x3b2e76)\n              at php.wasm.php_stream_url_wrap_http (wasm://wasm/php.wasm-038c1012:wasm-function[5575]:0x3b4080)\n              at php.wasm._php_stream_open_wrapper_ex (wasm://wasm/php.wasm-038c1012:wasm-function[330]:0x2593e)\n              at php.wasm.php_libxml_streams_IO_open_wrapper (wasm://wasm/php.wasm-038c1012:wasm-function[3997]:0x29c182)\n        },\n        betterMessage: '\\n' +\n          '\"unreachable\" WASM instruction executed.\\n' +\n          '\\n' +\n          'The typical reason is a PHP function missing from the ASYNCIFY_ONLY\\n' +\n          'list when building PHP.wasm.\\n' +\n          '\\n' +\n          'You will need to file a new issue in the WordPress Playground repository\\n' +\n          'and paste this error message there:\\n' +\n          '\\n' +\n          'https://github.com/WordPress/wordpress-playground/issues/new\\n' +\n          '\\n' +\n          \"If you're a core developer, the typical fix is to:\\n\" +\n          '\\n' +\n          '* Isolate a minimal reproduction of the error\\n' +\n          '* Add a reproduction of the error to php-asyncify.spec.ts in the WordPress Playground repository\\n' +\n          \"* Run 'npm run fix-asyncify'\\n\" +\n          '* Commit the changes, push to the repo, release updated NPM packages\\n' +\n          '\\n' +\n          'Below is a list of all the PHP functions found in the stack trace to\\n' +\n          \"help with the minimal reproduction. If they're all already listed in\\n\" +\n          \"the Dockerfile, you'll need to trigger this error again with long stack\\n\" +\n          'traces enabled. In node.js, you can do it using the --stack-trace-limit=100\\n' +\n          'CLI option: \\n' +\n          '\\n' +\n          '    * php.wasm.php_pollfd_for\\n' +\n          '    * php.wasm.php_openssl_sockop_set_option\\n' +\n          '    * php.wasm._php_stream_eof\\n' +\n          '    * php.wasm.php_stream_url_wrap_http_ex\\n' +\n          '    * php.wasm.php_stream_url_wrap_http\\n' +\n          '    * php.wasm._php_stream_open_wrapper_ex\\n' +\n          '    * php.wasm.php_libxml_streams_IO_open_wrapper\\n'\n      }\n    }\n  }\n}\n\n","log":"/logs/plugins/t/twitter-sharts-plug-in-for-wordpress/error.json"}
]
