file:///home/runner/work/playground-tester/playground-tester/node_modules/@wp-playground/cli/run-cli-j-geJYS3.js:325
        throw new Error($, { cause: h });
              ^

Error: [15-Jun-2025 07:28:08 UTC] PHP Fatal error:  Uncaught Error: Call to undefined function create_function() in /wordpress/wp-content/plugins/woo-button-text/woo-button-option.php:285
Stack trace:
#0 /wordpress/wp-content/plugins/woo-button-text/woo-button-text.php(49): include()
#1 /wordpress/wp-admin/includes/plugin.php(2387): include_once('/wordpress/wp-c...')
#2 /wordpress/wp-admin/includes/plugin.php(673): plugin_sandbox_scrape('woo-button-text...')
#3 /internal/eval.php(20): activate_plugin('woo-button-text...')
#4 {main}
  thrown in /wordpress/wp-content/plugins/woo-button-text/woo-button-option.php on line 285
[15-Jun-2025 07:28:16 UTC] PHP Fatal error:  Uncaught Error: Call to undefined function create_function() in /wordpress/wp-content/plugins/woo-button-text/woo-button-option.php:285
Stack trace:
#0 /wordpress/wp-content/plugins/woo-button-text/woo-button-text.php(49): include()
#1 /wordpress/wp-admin/includes/plugin.php(2387): include_once('/wordpress/wp-c...')
#2 /wordpress/wp-admin/includes/plugin.php(673): plugin_sandbox_scrape('woo-button-text...')
#3 /internal/eval.php(20): activate_plugin('woo-button-text...')
#4 {main}
  thrown in /wordpress/wp-content/plugins/woo-button-text/woo-button-option.php on line 285
[15-Jun-2025 07:28:24 UTC] PHP Fatal error:  Uncaught Error: Call to undefined function create_function() in /wordpress/wp-content/plugins/woo-button-text/woo-button-option.php:285
Stack trace:
#0 /wordpress/wp-content/plugins/woo-button-text/woo-button-text.php(49): include()
#1 /wordpress/wp-admin/includes/plugin.php(2387): include_once('/wordpress/wp-c...')
#2 /wordpress/wp-admin/includes/plugin.php(673): plugin_sandbox_scrape('woo-button-text...')
#3 /internal/eval.php(20): activate_plugin('woo-button-text...')
#4 {main}
  thrown in /wordpress/wp-content/plugins/woo-button-text/woo-button-option.php on line 285
[15-Jun-2025 07:29:03 UTC] PHP Deprecated:  Required parameter $id_or_email follows optional parameter $avatar in /wordpress/wp-content/plugins/wow-login/integrations/class-intagration.php on line 104
[15-Jun-2025 07:29:03 UTC] PHP Deprecated:  Required parameter $params follows optional parameter $avatar in /wordpress/wp-content/plugins/wow-login/integrations/class-intagration.php on line 123
[15-Jun-2025 07:29:03 UTC] PHP Deprecated:  Required parameter $id follows optional parameter $avatar in /wordpress/wp-content/plugins/wow-login/integrations/class-intagration.php on line 123
[15-Jun-2025 07:29:04 UTC] PHP Deprecated:  Required parameter $id_or_email follows optional parameter $avatar in /wordpress/wp-content/plugins/wow-login/integrations/class-intagration.php on line 104
[15-Jun-2025 07:29:04 UTC] PHP Deprecated:  Required parameter $params follows optional parameter $avatar in /wordpress/wp-content/plugins/wow-login/integrations/class-intagration.php on line 123
[15-Jun-2025 07:29:04 UTC] PHP Deprecated:  Required parameter $id follows optional parameter $avatar in /wordpress/wp-content/plugins/wow-login/integrations/class-intagration.php on line 123
[15-Jun-2025 07:29:13 UTC] PHP Deprecated:  Required parameter $id_or_email follows optional parameter $avatar in /wordpress/wp-content/plugins/wow-login/integrations/class-intagration.php on line 104
[15-Jun-2025 07:29:13 UTC] PHP Deprecated:  Required parameter $params follows optional parameter $avatar in /wordpress/wp-content/plugins/wow-login/integrations/class-intagration.php on line 123
[15-Jun-2025 07:29:13 UTC] PHP Deprecated:  Required parameter $id follows optional parameter $avatar in /wordpress/wp-content/plugins/wow-login/integrations/class-intagration.php on line 123
[15-Jun-2025 07:29:15 UTC] PHP Deprecated:  Required parameter $id_or_email follows optional parameter $avatar in /wordpress/wp-content/plugins/wow-login/integrations/class-intagration.php on line 104
[15-Jun-2025 07:29:15 UTC] PHP Deprecated:  Required parameter $params follows optional parameter $avatar in /wordpress/wp-content/plugins/wow-login/integrations/class-intagration.php on line 123
[15-Jun-2025 07:29:15 UTC] PHP Deprecated:  Required parameter $id follows optional parameter $avatar in /wordpress/wp-content/plugins/wow-login/integrations/class-intagration.php on line 123
[15-Jun-2025 07:29:24 UTC] PHP Deprecated:  Required parameter $id_or_email follows optional parameter $avatar in /wordpress/wp-content/plugins/wow-login/integrations/class-intagration.php on line 104
[15-Jun-2025 07:29:24 UTC] PHP Deprecated:  Required parameter $params follows optional parameter $avatar in /wordpress/wp-content/plugins/wow-login/integrations/class-intagration.php on line 123
[15-Jun-2025 07:29:24 UTC] PHP Deprecated:  Required parameter $id follows optional parameter $avatar in /wordpress/wp-content/plugins/wow-login/integrations/class-intagration.php on line 123
[15-Jun-2025 07:29:25 UTC] PHP Deprecated:  Required parameter $id_or_email follows optional parameter $avatar in /wordpress/wp-content/plugins/wow-login/integrations/class-intagration.php on line 104
[15-Jun-2025 07:29:25 UTC] PHP Deprecated:  Required parameter $params follows optional parameter $avatar in /wordpress/wp-content/plugins/wow-login/integrations/class-intagration.php on line 123
[15-Jun-2025 07:29:25 UTC] PHP Deprecated:  Required parameter $id follows optional parameter $avatar in /wordpress/wp-content/plugins/wow-login/integrations/class-intagration.php on line 123
[15-Jun-2025 07:35:49 UTC] PHP Fatal error:  Uncaught Exception: Please active first WooCommerce plugin. in /wordpress/wp-content/plugins/woocommerce-gift-coupon/woocommerce-gift-coupon.php:35
Stack trace:
#0 /wordpress/wp-includes/class-wp-hook.php(324): woocommerce_gift_coupon_activation(false)
#1 /wordpress/wp-includes/class-wp-hook.php(348): WP_Hook->apply_filters('', Array)
#2 /wordpress/wp-includes/plugin.php(517): WP_Hook->do_action(Array)
#3 /wordpress/wp-admin/includes/plugin.php(703): do_action('activate_woocom...', false)
#4 /internal/eval.php(20): activate_plugin('woocommerce-gif...')
#5 {main}
  thrown in /wordpress/wp-content/plugins/woocommerce-gift-coupon/woocommerce-gift-coupon.php on line 35
[15-Jun-2025 07:35:59 UTC] PHP Fatal error:  Uncaught Exception: Please active first WooCommerce plugin. in /wordpress/wp-content/plugins/woocommerce-gift-coupon/woocommerce-gift-coupon.php:35
Stack trace:
#0 /wordpress/wp-includes/class-wp-hook.php(324): woocommerce_gift_coupon_activation(false)
#1 /wordpress/wp-includes/class-wp-hook.php(348): WP_Hook->apply_filters('', Array)
#2 /wordpress/wp-includes/plugin.php(517): WP_Hook->do_action(Array)
#3 /wordpress/wp-admin/includes/plugin.php(703): do_action('activate_woocom...', false)
#4 /internal/eval.php(20): activate_plugin('woocommerce-gif...')
#5 {main}
  thrown in /wordpress/wp-content/plugins/woocommerce-gift-coupon/woocommerce-gift-coupon.php on line 35
[15-Jun-2025 07:36:08 UTC] PHP Fatal error:  Uncaught Exception: Please active first WooCommerce plugin. in /wordpress/wp-content/plugins/woocommerce-gift-coupon/woocommerce-gift-coupon.php:35
Stack trace:
#0 /wordpress/wp-includes/class-wp-hook.php(324): woocommerce_gift_coupon_activation(false)
#1 /wordpress/wp-includes/class-wp-hook.php(348): WP_Hook->apply_filters('', Array)
#2 /wordpress/wp-includes/plugin.php(517): WP_Hook->do_action(Array)
#3 /wordpress/wp-admin/includes/plugin.php(703): do_action('activate_woocom...', false)
#4 /internal/eval.php(20): activate_plugin('woocommerce-gif...')
#5 {main}
  thrown in /wordpress/wp-content/plugins/woocommerce-gift-coupon/woocommerce-gift-coupon.php on line 35
[15-Jun-2025 07:36:18 UTC] PHP Parse error:  syntax error, unexpected token "new" in /wordpress/wp-content/plugins/woocommerce-pinterest-button-extension/sod_pinterest.php on line 111
[15-Jun-2025 07:36:26 UTC] PHP Parse error:  syntax error, unexpected token "new" in /wordpress/wp-content/plugins/woocommerce-pinterest-button-extension/sod_pinterest.php on line 111
[15-Jun-2025 07:36:34 UTC] PHP Parse error:  syntax error, unexpected token "new" in /wordpress/wp-content/plugins/woocommerce-pinterest-button-extension/sod_pinterest.php on line 111

    at Object.onBind (file:///home/runner/work/playground-tester/playground-tester/node_modules/@wp-playground/cli/run-cli-j-geJYS3.js:325:15)
    at process.processTicksAndRejections (node:internal/process/task_queues:105:5)
    at async re (file:///home/runner/work/playground-tester/playground-tester/node_modules/@wp-playground/cli/run-cli-j-geJYS3.js:149:10) {
  [cause]: Error: Error when executing the blueprint step #5 ({"step":"installPlugin","pluginData":{"resource":"wordpress.org/plugins","slug":"wootix"},"options":{"activate":true}}) : Could not download "https://downloads.wordpress.org/plugin/wootix.latest-stable.zip".
  				Check if the URL is correct and the server is reachable.
  				If it is reachable, the server might be blocking the request.
  				Check the browser console and network tabs for more information.
  
  				## Does the console show the error "No 'Access-Control-Allow-Origin' header"?
  
  				This means the server that hosts your file does not allow requests from other sites
  				(cross-origin requests, or CORS).	You need to move the asset to a server that allows
  				cross-origin file downloads. Learn more about CORS at
  				https://developer.mozilla.org/en-US/docs/Web/HTTP/CORS.
  
  				If your file is on GitHub, load it from "raw.githubusercontent.com".
  				Here's how to do that:
  
  				1. Start with the original GitHub URL of the file. For example:
  				https://github.com/username/repository/blob/branch/filename.
  				2. Replace "github.com" with "raw.githubusercontent.com".
  				3. Remove the "/blob/" part of the URL.
  
  				The resulting URL should look like this:
  				https://raw.githubusercontent.com/username/repository/branch/filename
  
  				Error:
  				Error: Could not download "https://downloads.wordpress.org/plugin/wootix.latest-stable.zip"
      at Object.run (file:///home/runner/work/playground-tester/playground-tester/node_modules/@wp-playground/blueprints/index.js:12093:19)
      at process.processTicksAndRejections (node:internal/process/task_queues:105:5)
      at async ys (file:///home/runner/work/playground-tester/playground-tester/node_modules/@wp-playground/blueprints/index.js:12196:3)
      at async Object.onBind (file:///home/runner/work/playground-tester/playground-tester/node_modules/@wp-playground/cli/run-cli-j-geJYS3.js:315:48)
      at async re (file:///home/runner/work/playground-tester/playground-tester/node_modules/@wp-playground/cli/run-cli-j-geJYS3.js:149:10) {
    [cause]: Error: Could not download "https://downloads.wordpress.org/plugin/wootix.latest-stable.zip".
    				Check if the URL is correct and the server is reachable.
    				If it is reachable, the server might be blocking the request.
    				Check the browser console and network tabs for more information.
    
    				## Does the console show the error "No 'Access-Control-Allow-Origin' header"?
    
    				This means the server that hosts your file does not allow requests from other sites
    				(cross-origin requests, or CORS).	You need to move the asset to a server that allows
    				cross-origin file downloads. Learn more about CORS at
    				https://developer.mozilla.org/en-US/docs/Web/HTTP/CORS.
    
    				If your file is on GitHub, load it from "raw.githubusercontent.com".
    				Here's how to do that:
    
    				1. Start with the original GitHub URL of the file. For example:
    				https://github.com/username/repository/blob/branch/filename.
    				2. Replace "github.com" with "raw.githubusercontent.com".
    				3. Remove the "/blob/" part of the URL.
    
    				The resulting URL should look like this:
    				https://raw.githubusercontent.com/username/repository/branch/filename
    
    				Error:
    				Error: Could not download "https://downloads.wordpress.org/plugin/wootix.latest-stable.zip"
        at Ct.resolve (file:///home/runner/work/playground-tester/playground-tester/node_modules/@wp-playground/blueprints/index.js:1129:13)
        at process.processTicksAndRejections (node:internal/process/task_queues:105:5)
        at async _.run (file:///home/runner/work/playground-tester/playground-tester/node_modules/@php-wasm/util/index.js:45:14)
  }
}

Node.js v23.11.0
