file:///home/runner/work/playground-tester/playground-tester/node_modules/@wp-playground/cli/run-cli-j-geJYS3.js:325
        throw new Error($, { cause: h });
              ^

Error: [09-Jul-2025 08:38:54 UTC] PHP Deprecated:  Function register_sidebar_widget is <strong>deprecated</strong> since version 2.8.0! Use wp_register_sidebar_widget() instead. in /wordpress/wp-includes/functions.php on line 6121
[09-Jul-2025 08:38:54 UTC] PHP Deprecated:  Function register_widget_control is <strong>deprecated</strong> since version 2.8.0! Use wp_register_widget_control() instead. in /wordpress/wp-includes/functions.php on line 6121
[09-Jul-2025 08:39:03 UTC] PHP Deprecated:  Function register_sidebar_widget is <strong>deprecated</strong> since version 2.8.0! Use wp_register_sidebar_widget() instead. in /wordpress/wp-includes/functions.php on line 6121
[09-Jul-2025 08:39:03 UTC] PHP Deprecated:  Function register_widget_control is <strong>deprecated</strong> since version 2.8.0! Use wp_register_widget_control() instead. in /wordpress/wp-includes/functions.php on line 6121
[09-Jul-2025 08:39:13 UTC] PHP Deprecated:  Function register_sidebar_widget is <strong>deprecated</strong> since version 2.8.0! Use wp_register_sidebar_widget() instead. in /wordpress/wp-includes/functions.php on line 6121
[09-Jul-2025 08:39:13 UTC] PHP Deprecated:  Function register_widget_control is <strong>deprecated</strong> since version 2.8.0! Use wp_register_widget_control() instead. in /wordpress/wp-includes/functions.php on line 6121
[09-Jul-2025 08:39:22 UTC] PHP Fatal error:  Uncaught Error: Call to undefined function create_function() in /wordpress/wp-content/plugins/mootools-accessible-autocomplete/mootools-accessible-autocomplete.php:99
Stack trace:
#0 /wordpress/wp-admin/includes/plugin.php(2387): include_once()
#1 /wordpress/wp-admin/includes/plugin.php(673): plugin_sandbox_scrape('mootools-access...')
#2 /internal/eval.php(20): activate_plugin('mootools-access...')
#3 {main}
  thrown in /wordpress/wp-content/plugins/mootools-accessible-autocomplete/mootools-accessible-autocomplete.php on line 99
[09-Jul-2025 08:39:30 UTC] PHP Fatal error:  Uncaught Error: Call to undefined function create_function() in /wordpress/wp-content/plugins/mootools-accessible-autocomplete/mootools-accessible-autocomplete.php:99
Stack trace:
#0 /wordpress/wp-admin/includes/plugin.php(2387): include_once()
#1 /wordpress/wp-admin/includes/plugin.php(673): plugin_sandbox_scrape('mootools-access...')
#2 /internal/eval.php(20): activate_plugin('mootools-access...')
#3 {main}
  thrown in /wordpress/wp-content/plugins/mootools-accessible-autocomplete/mootools-accessible-autocomplete.php on line 99
[09-Jul-2025 08:39:38 UTC] PHP Fatal error:  Uncaught Error: Call to undefined function create_function() in /wordpress/wp-content/plugins/mootools-accessible-autocomplete/mootools-accessible-autocomplete.php:99
Stack trace:
#0 /wordpress/wp-admin/includes/plugin.php(2387): include_once()
#1 /wordpress/wp-admin/includes/plugin.php(673): plugin_sandbox_scrape('mootools-access...')
#2 /internal/eval.php(20): activate_plugin('mootools-access...')
#3 {main}
  thrown in /wordpress/wp-content/plugins/mootools-accessible-autocomplete/mootools-accessible-autocomplete.php on line 99
[09-Jul-2025 08:40:17 UTC] init moredeal ai writer account request: {"domain":"127.0.0.1"}
[09-Jul-2025 08:40:17 UTC] Moredeal Ai Writer Not Need Token Request URL: http://bo.moredeal.us/stage-api/aigc/crateInitCode
[09-Jul-2025 08:40:17 UTC] License-Domain Header: "127.0.0.1"
[09-Jul-2025 08:40:18 UTC] MoredealAiWriter Plugin Upgrade Tables
[09-Jul-2025 08:40:18 UTC] MoredealAiWriter Plugin Upgrade Tables: {"wp_moredeal_aigc_log\n":"Created table wp_moredeal_aigc_log\n","wp_moredeal_aigc_template\n":"Created table wp_moredeal_aigc_template\n","wp_moredeal_aigc_template_download\n":"Created table wp_moredeal_aigc_template_download\n","wp_moredeal_aigc_uselimit\n":"Created table wp_moredeal_aigc_uselimit\n"}
[09-Jul-2025 08:40:20 UTC] PHP Notice:  Function _load_textdomain_just_in_time was called <strong>incorrectly</strong>. Translation loading for the <code>moredeal-ai-writer</code> domain was triggered too early. This is usually an indicator for some code in the plugin or theme running too early. Translations should be loaded at the <code>init</code> action or later. Please see <a href="https://developer.wordpress.org/advanced-administration/debug/debug-wordpress/">Debugging in WordPress</a> for more information. (This message was added in version 6.7.0.) in /wordpress/wp-includes/functions.php on line 6121
[09-Jul-2025 08:40:30 UTC] init moredeal ai writer account request: {"domain":"127.0.0.1"}
[09-Jul-2025 08:40:30 UTC] Moredeal Ai Writer Not Need Token Request URL: http://bo.moredeal.us/stage-api/aigc/crateInitCode
[09-Jul-2025 08:40:30 UTC] License-Domain Header: "127.0.0.1"
[09-Jul-2025 08:40:30 UTC] MoredealAiWriter Plugin Upgrade Tables
[09-Jul-2025 08:40:31 UTC] MoredealAiWriter Plugin Upgrade Tables: {"wp_moredeal_aigc_log\n":"Created table wp_moredeal_aigc_log\n","wp_moredeal_aigc_template\n":"Created table wp_moredeal_aigc_template\n","wp_moredeal_aigc_template_download\n":"Created table wp_moredeal_aigc_template_download\n","wp_moredeal_aigc_uselimit\n":"Created table wp_moredeal_aigc_uselimit\n"}
[09-Jul-2025 08:40:32 UTC] PHP Notice:  Function _load_textdomain_just_in_time was called <strong>incorrectly</strong>. Translation loading for the <code>moredeal-ai-writer</code> domain was triggered too early. This is usually an indicator for some code in the plugin or theme running too early. Translations should be loaded at the <code>init</code> action or later. Please see <a href="https://developer.wordpress.org/advanced-administration/debug/debug-wordpress/">Debugging in WordPress</a> for more information. (This message was added in version 6.7.0.) in /wordpress/wp-includes/functions.php on line 6121
[09-Jul-2025 08:40:42 UTC] init moredeal ai writer account request: {"domain":"127.0.0.1"}
[09-Jul-2025 08:40:42 UTC] Moredeal Ai Writer Not Need Token Request URL: http://bo.moredeal.us/stage-api/aigc/crateInitCode
[09-Jul-2025 08:40:42 UTC] License-Domain Header: "127.0.0.1"
[09-Jul-2025 08:40:42 UTC] MoredealAiWriter Plugin Upgrade Tables
[09-Jul-2025 08:40:43 UTC] MoredealAiWriter Plugin Upgrade Tables: {"wp_moredeal_aigc_log\n":"Created table wp_moredeal_aigc_log\n","wp_moredeal_aigc_template\n":"Created table wp_moredeal_aigc_template\n","wp_moredeal_aigc_template_download\n":"Created table wp_moredeal_aigc_template_download\n","wp_moredeal_aigc_uselimit\n":"Created table wp_moredeal_aigc_uselimit\n"}
[09-Jul-2025 08:40:44 UTC] PHP Notice:  Function _load_textdomain_just_in_time was called <strong>incorrectly</strong>. Translation loading for the <code>moredeal-ai-writer</code> domain was triggered too early. This is usually an indicator for some code in the plugin or theme running too early. Translations should be loaded at the <code>init</code> action or later. Please see <a href="https://developer.wordpress.org/advanced-administration/debug/debug-wordpress/">Debugging in WordPress</a> for more information. (This message was added in version 6.7.0.) in /wordpress/wp-includes/functions.php on line 6121
[09-Jul-2025 08:41:27 UTC] PHP Parse error:  syntax error, unexpected ')' in /wordpress/wp-content/plugins/jwt-auth/vendor/phpunit/phpunit/src/Framework/Assert/Functions.php on line 2967
[09-Jul-2025 08:41:39 UTC] PHP Parse error:  syntax error, unexpected ')' in /wordpress/wp-content/plugins/jwt-auth/vendor/phpunit/phpunit/src/Framework/Assert/Functions.php on line 2967
[09-Jul-2025 08:41:51 UTC] PHP Parse error:  syntax error, unexpected ')' in /wordpress/wp-content/plugins/jwt-auth/vendor/phpunit/phpunit/src/Framework/Assert/Functions.php on line 2967
[09-Jul-2025 08:43:50 UTC] PHP Notice:  Function _load_textdomain_just_in_time was called <strong>incorrectly</strong>. Translation loading for the <code>kafkai</code> domain was triggered too early. This is usually an indicator for some code in the plugin or theme running too early. Translations should be loaded at the <code>init</code> action or later. Please see <a href="https://developer.wordpress.org/advanced-administration/debug/debug-wordpress/">Debugging in WordPress</a> for more information. (This message was added in version 6.7.0.) in /wordpress/wp-includes/functions.php on line 6121
[09-Jul-2025 08:44:00 UTC] PHP Notice:  Function _load_textdomain_just_in_time was called <strong>incorrectly</strong>. Translation loading for the <code>kafkai</code> domain was triggered too early. This is usually an indicator for some code in the plugin or theme running too early. Translations should be loaded at the <code>init</code> action or later. Please see <a href="https://developer.wordpress.org/advanced-administration/debug/debug-wordpress/">Debugging in WordPress</a> for more information. (This message was added in version 6.7.0.) in /wordpress/wp-includes/functions.php on line 6121
[09-Jul-2025 08:44:11 UTC] PHP Notice:  Function _load_textdomain_just_in_time was called <strong>incorrectly</strong>. Translation loading for the <code>kafkai</code> domain was triggered too early. This is usually an indicator for some code in the plugin or theme running too early. Translations should be loaded at the <code>init</code> action or later. Please see <a href="https://developer.wordpress.org/advanced-administration/debug/debug-wordpress/">Debugging in WordPress</a> for more information. (This message was added in version 6.7.0.) in /wordpress/wp-includes/functions.php on line 6121
[09-Jul-2025 08:44:22 UTC] PHP Fatal error:  Uncaught PDOException: SQLSTATE[HY000] [2002] Address family not supported by protocol in /wordpress/wp-content/plugins/kahanit-wp-fw/library/Zend/Db/Adapter/Pdo/Abstract.php:128
Stack trace:
#0 /wordpress/wp-content/plugins/kahanit-wp-fw/library/Zend/Db/Adapter/Pdo/Abstract.php(128): PDO->__construct('mysql:host=loca...', 'username_here', 'password_here', Array)
#1 /wordpress/wp-content/plugins/kahanit-wp-fw/library/Zend/Db/Adapter/Pdo/Mysql.php(109): Zend_Db_Adapter_Pdo_Abstract->_connect()
#2 /wordpress/wp-content/plugins/kahanit-wp-fw/library/Zend/Db/Adapter/Abstract.php(459): Zend_Db_Adapter_Pdo_Mysql->_connect()
#3 /wordpress/wp-content/plugins/kahanit-wp-fw/library/Zend/Db/Adapter/Pdo/Abstract.php(238): Zend_Db_Adapter_Abstract->query('\r\nCREATE TABLE ...', Array)
#4 /wordpress/wp-content/plugins/kahanit-wp-fw/kahanit-wp-fw.php(181): Zend_Db_Adapter_Pdo_Abstract->query('\r\nCREATE TABLE ...')
#5 /wordpress/wp-content/plugins/kahanit-wp-fw/kahanit-wp-fw.php(94): Kahanit_WP_FW_Admin->install()
#6 /wordpress/wp-content/plugins/kahanit-wp-fw/kahanit-wp-fw.php(217): Kahanit_WP_FW_Admin->__construct()
#7 /wordpress/wp-admin/includes/plugin.php(2387): include_once('/wordpress/wp-c...')
#8 /wordpress/wp-admin/includes/plugin.php(673): plugin_sandbox_scrape('kahanit-wp-fw/k...')
#9 /internal/eval.php(20): activate_plugin('kahanit-wp-fw/k...')
#10 {main}

Next Zend_Db_Adapter_Exception: SQLSTATE[HY000] [2002] Address family not supported by protocol in /wordpress/wp-content/plugins/kahanit-wp-fw/library/Zend/Db/Adapter/Pdo/Abstract.php:144
Stack trace:
#0 /wordpress/wp-content/plugins/kahanit-wp-fw/library/Zend/Db/Adapter/Pdo/Mysql.php(109): Zend_Db_Adapter_Pdo_Abstract->_connect()
#1 /wordpress/wp-content/plugins/kahanit-wp-fw/library/Zend/Db/Adapter/Abstract.php(459): Zend_Db_Adapter_Pdo_Mysql->_connect()
#2 /wordpress/wp-content/plugins/kahanit-wp-fw/library/Zend/Db/Adapter/Pdo/Abstract.php(238): Zend_Db_Adapter_Abstract->query('\r\nCREATE TABLE ...', Array)
#3 /wordpress/wp-content/plugins/kahanit-wp-fw/kahanit-wp-fw.php(181): Zend_Db_Adapter_Pdo_Abstract->query('\r\nCREATE TABLE ...')
#4 /wordpress/wp-content/plugins/kahanit-wp-fw/kahanit-wp-fw.php(94): Kahanit_WP_FW_Admin->install()
#5 /wordpress/wp-content/plugins/kahanit-wp-fw/kahanit-wp-fw.php(217): Kahanit_WP_FW_Admin->__construct()
#6 /wordpress/wp-admin/includes/plugin.php(2387): include_once('/wordpress/wp-c...')
#7 /wordpress/wp-admin/includes/plugin.php(673): plugin_sandbox_scrape('kahanit-wp-fw/k...')
#8 /internal/eval.php(20): activate_plugin('kahanit-wp-fw/k...')
#9 {main}
  thrown in /wordpress/wp-content/plugins/kahanit-wp-fw/library/Zend/Db/Adapter/Pdo/Abstract.php on line 144
[09-Jul-2025 08:44:32 UTC] PHP Fatal error:  Uncaught PDOException: SQLSTATE[HY000] [2002] Address family not supported by protocol in /wordpress/wp-content/plugins/kahanit-wp-fw/library/Zend/Db/Adapter/Pdo/Abstract.php:128
Stack trace:
#0 /wordpress/wp-content/plugins/kahanit-wp-fw/library/Zend/Db/Adapter/Pdo/Abstract.php(128): PDO->__construct('mysql:host=loca...', 'username_here', 'password_here', Array)
#1 /wordpress/wp-content/plugins/kahanit-wp-fw/library/Zend/Db/Adapter/Pdo/Mysql.php(109): Zend_Db_Adapter_Pdo_Abstract->_connect()
#2 /wordpress/wp-content/plugins/kahanit-wp-fw/library/Zend/Db/Adapter/Abstract.php(459): Zend_Db_Adapter_Pdo_Mysql->_connect()
#3 /wordpress/wp-content/plugins/kahanit-wp-fw/library/Zend/Db/Adapter/Pdo/Abstract.php(238): Zend_Db_Adapter_Abstract->query('\r\nCREATE TABLE ...', Array)
#4 /wordpress/wp-content/plugins/kahanit-wp-fw/kahanit-wp-fw.php(181): Zend_Db_Adapter_Pdo_Abstract->query('\r\nCREATE TABLE ...')
#5 /wordpress/wp-content/plugins/kahanit-wp-fw/kahanit-wp-fw.php(94): Kahanit_WP_FW_Admin->install()
#6 /wordpress/wp-content/plugins/kahanit-wp-fw/kahanit-wp-fw.php(217): Kahanit_WP_FW_Admin->__construct()
#7 /wordpress/wp-admin/includes/plugin.php(2387): include_once('/wordpress/wp-c...')
#8 /wordpress/wp-admin/includes/plugin.php(673): plugin_sandbox_scrape('kahanit-wp-fw/k...')
#9 /internal/eval.php(20): activate_plugin('kahanit-wp-fw/k...')
#10 {main}

Next Zend_Db_Adapter_Exception: SQLSTATE[HY000] [2002] Address family not supported by protocol in /wordpress/wp-content/plugins/kahanit-wp-fw/library/Zend/Db/Adapter/Pdo/Abstract.php:144
Stack trace:
#0 /wordpress/wp-content/plugins/kahanit-wp-fw/library/Zend/Db/Adapter/Pdo/Mysql.php(109): Zend_Db_Adapter_Pdo_Abstract->_connect()
#1 /wordpress/wp-content/plugins/kahanit-wp-fw/library/Zend/Db/Adapter/Abstract.php(459): Zend_Db_Adapter_Pdo_Mysql->_connect()
#2 /wordpress/wp-content/plugins/kahanit-wp-fw/library/Zend/Db/Adapter/Pdo/Abstract.php(238): Zend_Db_Adapter_Abstract->query('\r\nCREATE TABLE ...', Array)
#3 /wordpress/wp-content/plugins/kahanit-wp-fw/kahanit-wp-fw.php(181): Zend_Db_Adapter_Pdo_Abstract->query('\r\nCREATE TABLE ...')
#4 /wordpress/wp-content/plugins/kahanit-wp-fw/kahanit-wp-fw.php(94): Kahanit_WP_FW_Admin->install()
#5 /wordpress/wp-content/plugins/kahanit-wp-fw/kahanit-wp-fw.php(217): Kahanit_WP_FW_Admin->__construct()
#6 /wordpress/wp-admin/includes/plugin.php(2387): include_once('/wordpress/wp-c...')
#7 /wordpress/wp-admin/includes/plugin.php(673): plugin_sandbox_scrape('kahanit-wp-fw/k...')
#8 /internal/eval.php(20): activate_plugin('kahanit-wp-fw/k...')
#9 {main}
  thrown in /wordpress/wp-content/plugins/kahanit-wp-fw/library/Zend/Db/Adapter/Pdo/Abstract.php on line 144
[09-Jul-2025 08:44:42 UTC] PHP Fatal error:  Uncaught PDOException: SQLSTATE[HY000] [2002] Address family not supported by protocol in /wordpress/wp-content/plugins/kahanit-wp-fw/library/Zend/Db/Adapter/Pdo/Abstract.php:128
Stack trace:
#0 /wordpress/wp-content/plugins/kahanit-wp-fw/library/Zend/Db/Adapter/Pdo/Abstract.php(128): PDO->__construct('mysql:host=loca...', 'username_here', 'password_here', Array)
#1 /wordpress/wp-content/plugins/kahanit-wp-fw/library/Zend/Db/Adapter/Pdo/Mysql.php(109): Zend_Db_Adapter_Pdo_Abstract->_connect()
#2 /wordpress/wp-content/plugins/kahanit-wp-fw/library/Zend/Db/Adapter/Abstract.php(459): Zend_Db_Adapter_Pdo_Mysql->_connect()
#3 /wordpress/wp-content/plugins/kahanit-wp-fw/library/Zend/Db/Adapter/Pdo/Abstract.php(238): Zend_Db_Adapter_Abstract->query('\r\nCREATE TABLE ...', Array)
#4 /wordpress/wp-content/plugins/kahanit-wp-fw/kahanit-wp-fw.php(181): Zend_Db_Adapter_Pdo_Abstract->query('\r\nCREATE TABLE ...')
#5 /wordpress/wp-content/plugins/kahanit-wp-fw/kahanit-wp-fw.php(94): Kahanit_WP_FW_Admin->install()
#6 /wordpress/wp-content/plugins/kahanit-wp-fw/kahanit-wp-fw.php(217): Kahanit_WP_FW_Admin->__construct()
#7 /wordpress/wp-admin/includes/plugin.php(2387): include_once('/wordpress/wp-c...')
#8 /wordpress/wp-admin/includes/plugin.php(673): plugin_sandbox_scrape('kahanit-wp-fw/k...')
#9 /internal/eval.php(20): activate_plugin('kahanit-wp-fw/k...')
#10 {main}

Next Zend_Db_Adapter_Exception: SQLSTATE[HY000] [2002] Address family not supported by protocol in /wordpress/wp-content/plugins/kahanit-wp-fw/library/Zend/Db/Adapter/Pdo/Abstract.php:144
Stack trace:
#0 /wordpress/wp-content/plugins/kahanit-wp-fw/library/Zend/Db/Adapter/Pdo/Mysql.php(109): Zend_Db_Adapter_Pdo_Abstract->_connect()
#1 /wordpress/wp-content/plugins/kahanit-wp-fw/library/Zend/Db/Adapter/Abstract.php(459): Zend_Db_Adapter_Pdo_Mysql->_connect()
#2 /wordpress/wp-content/plugins/kahanit-wp-fw/library/Zend/Db/Adapter/Pdo/Abstract.php(238): Zend_Db_Adapter_Abstract->query('\r\nCREATE TABLE ...', Array)
#3 /wordpress/wp-content/plugins/kahanit-wp-fw/kahanit-wp-fw.php(181): Zend_Db_Adapter_Pdo_Abstract->query('\r\nCREATE TABLE ...')
#4 /wordpress/wp-content/plugins/kahanit-wp-fw/kahanit-wp-fw.php(94): Kahanit_WP_FW_Admin->install()
#5 /wordpress/wp-content/plugins/kahanit-wp-fw/kahanit-wp-fw.php(217): Kahanit_WP_FW_Admin->__construct()
#6 /wordpress/wp-admin/includes/plugin.php(2387): include_once('/wordpress/wp-c...')
#7 /wordpress/wp-admin/includes/plugin.php(673): plugin_sandbox_scrape('kahanit-wp-fw/k...')
#8 /internal/eval.php(20): activate_plugin('kahanit-wp-fw/k...')
#9 {main}
  thrown in /wordpress/wp-content/plugins/kahanit-wp-fw/library/Zend/Db/Adapter/Pdo/Abstract.php on line 144
[09-Jul-2025 08:45:24 UTC] PHP Fatal error:  Uncaught ArgumentCountError: Too few arguments to function WP_Widget::__construct(), 0 passed in /wordpress/wp-includes/class-wp-widget-factory.php on line 62 and at least 2 expected in /wordpress/wp-includes/class-wp-widget.php:163
Stack trace:
#0 /wordpress/wp-includes/class-wp-widget-factory.php(62): WP_Widget->__construct()
#1 /wordpress/wp-includes/widgets.php(123): WP_Widget_Factory->register('KalendasWidget')
#2 /wordpress/wp-content/plugins/kalendas/kalendas.php(672): register_widget('KalendasWidget')
#3 /wordpress/wp-includes/class-wp-hook.php(324): kalendas_register_widgets('')
#4 /wordpress/wp-includes/class-wp-hook.php(348): WP_Hook->apply_filters(NULL, Array)
#5 /wordpress/wp-includes/plugin.php(517): WP_Hook->do_action(Array)
#6 /wordpress/wp-includes/widgets.php(1870): do_action('widgets_init')
#7 /wordpress/wp-includes/class-wp-hook.php(324): wp_widgets_init('')
#8 /wordpress/wp-includes/class-wp-hook.php(348): WP_Hook->apply_filters(NULL, Array)
#9 /wordpress/wp-includes/plugin.php(517): WP_Hook->do_action(Array)
#10 /wordpress/wp-settings.php(727): do_action('init')
#11 /wordpress/wp-config.php(102): require_once('/wordpress/wp-s...')
#12 /wordpress/wp-load.php(50): require_once('/wordpress/wp-c...')
#13 /internal/eval.php(3): require_once('/wordpress/wp-l...')
#14 {main}
  thrown in /wordpress/wp-includes/class-wp-widget.php on line 163
[09-Jul-2025 08:45:34 UTC] PHP Fatal error:  Uncaught ArgumentCountError: Too few arguments to function WP_Widget::__construct(), 0 passed in /wordpress/wp-includes/class-wp-widget-factory.php on line 62 and at least 2 expected in /wordpress/wp-includes/class-wp-widget.php:163
Stack trace:
#0 /wordpress/wp-includes/class-wp-widget-factory.php(62): WP_Widget->__construct()
#1 /wordpress/wp-includes/widgets.php(123): WP_Widget_Factory->register('KalendasWidget')
#2 /wordpress/wp-content/plugins/kalendas/kalendas.php(672): register_widget('KalendasWidget')
#3 /wordpress/wp-includes/class-wp-hook.php(324): kalendas_register_widgets('')
#4 /wordpress/wp-includes/class-wp-hook.php(348): WP_Hook->apply_filters(NULL, Array)
#5 /wordpress/wp-includes/plugin.php(517): WP_Hook->do_action(Array)
#6 /wordpress/wp-includes/widgets.php(1870): do_action('widgets_init')
#7 /wordpress/wp-includes/class-wp-hook.php(324): wp_widgets_init('')
#8 /wordpress/wp-includes/class-wp-hook.php(348): WP_Hook->apply_filters(NULL, Array)
#9 /wordpress/wp-includes/plugin.php(517): WP_Hook->do_action(Array)
#10 /wordpress/wp-settings.php(727): do_action('init')
#11 /wordpress/wp-config.php(102): require_once('/wordpress/wp-s...')
#12 /wordpress/wp-load.php(50): require_once('/wordpress/wp-c...')
#13 /internal/eval.php(3): require_once('/wordpress/wp-l...')
#14 {main}
  thrown in /wordpress/wp-includes/class-wp-widget.php on line 163
[09-Jul-2025 08:45:44 UTC] PHP Fatal error:  Uncaught ArgumentCountError: Too few arguments to function WP_Widget::__construct(), 0 passed in /wordpress/wp-includes/class-wp-widget-factory.php on line 62 and at least 2 expected in /wordpress/wp-includes/class-wp-widget.php:163
Stack trace:
#0 /wordpress/wp-includes/class-wp-widget-factory.php(62): WP_Widget->__construct()
#1 /wordpress/wp-includes/widgets.php(123): WP_Widget_Factory->register('KalendasWidget')
#2 /wordpress/wp-content/plugins/kalendas/kalendas.php(672): register_widget('KalendasWidget')
#3 /wordpress/wp-includes/class-wp-hook.php(324): kalendas_register_widgets('')
#4 /wordpress/wp-includes/class-wp-hook.php(348): WP_Hook->apply_filters(NULL, Array)
#5 /wordpress/wp-includes/plugin.php(517): WP_Hook->do_action(Array)
#6 /wordpress/wp-includes/widgets.php(1870): do_action('widgets_init')
#7 /wordpress/wp-includes/class-wp-hook.php(324): wp_widgets_init('')
#8 /wordpress/wp-includes/class-wp-hook.php(348): WP_Hook->apply_filters(NULL, Array)
#9 /wordpress/wp-includes/plugin.php(517): WP_Hook->do_action(Array)
#10 /wordpress/wp-settings.php(727): do_action('init')
#11 /wordpress/wp-config.php(102): require_once('/wordpress/wp-s...')
#12 /wordpress/wp-load.php(50): require_once('/wordpress/wp-c...')
#13 /internal/eval.php(3): require_once('/wordpress/wp-l...')
#14 {main}
  thrown in /wordpress/wp-includes/class-wp-widget.php on line 163
[09-Jul-2025 08:45:54 UTC] PHP Fatal error:  Array and string offset access syntax with curly braces is no longer supported in /wordpress/wp-content/plugins/kalimah-dashboard/inc/lessify.php on line 633
[09-Jul-2025 08:46:02 UTC] PHP Fatal error:  Array and string offset access syntax with curly braces is no longer supported in /wordpress/wp-content/plugins/kalimah-dashboard/inc/lessify.php on line 633
[09-Jul-2025 08:46:10 UTC] PHP Fatal error:  Array and string offset access syntax with curly braces is no longer supported in /wordpress/wp-content/plugins/kalimah-dashboard/inc/lessify.php on line 633
[09-Jul-2025 08:46:20 UTC] PHP Fatal error:  Uncaught Error: Call to undefined function create_function() in /wordpress/wp-content/plugins/kalins-post-list/kalins-post-list.php:711
Stack trace:
#0 /wordpress/wp-admin/includes/plugin.php(2387): include_once()
#1 /wordpress/wp-admin/includes/plugin.php(673): plugin_sandbox_scrape('kalins-post-lis...')
#2 /internal/eval.php(20): activate_plugin('kalins-post-lis...')
#3 {main}
  thrown in /wordpress/wp-content/plugins/kalins-post-list/kalins-post-list.php on line 711

    at Object.onBind (file:///home/runner/work/playground-tester/playground-tester/node_modules/@wp-playground/cli/run-cli-j-geJYS3.js:325:15)
    at process.processTicksAndRejections (node:internal/process/task_queues:105:5)
    at async re (file:///home/runner/work/playground-tester/playground-tester/node_modules/@wp-playground/cli/run-cli-j-geJYS3.js:149:10) {
  [cause]: Error: Error when executing the blueprint step #5 ({"step":"installPlugin","pluginData":{"resource":"wordpress.org/plugins","slug":"kalins-post-list"},"options":{"activate":true}}) : PHP.run() failed with exit code 255 and the following output: 
      at Object.run (file:///home/runner/work/playground-tester/playground-tester/node_modules/@wp-playground/blueprints/index.js:12093:19)
      at process.processTicksAndRejections (node:internal/process/task_queues:105:5)
      at async ys (file:///home/runner/work/playground-tester/playground-tester/node_modules/@wp-playground/blueprints/index.js:12196:3)
      at async Object.onBind (file:///home/runner/work/playground-tester/playground-tester/node_modules/@wp-playground/cli/run-cli-j-geJYS3.js:315:48)
      at async re (file:///home/runner/work/playground-tester/playground-tester/node_modules/@wp-playground/cli/run-cli-j-geJYS3.js:149:10) {
    [cause]: PHPExecutionFailureError: PHP.run() failed with exit code 255 and the following output: 
        at PHP.run (file:///home/runner/work/playground-tester/playground-tester/node_modules/@php-wasm/universal/index.js:1034:19)
        at process.processTicksAndRejections (node:internal/process/task_queues:105:5)
        at async wr (file:///home/runner/work/playground-tester/playground-tester/node_modules/@wp-playground/blueprints/index.js:34:39)
        at async Object.gt [as installPlugin] (file:///home/runner/work/playground-tester/playground-tester/node_modules/@wp-playground/blueprints/index.js:631:42)
        at async g (file:///home/runner/work/playground-tester/playground-tester/node_modules/@wp-playground/blueprints/index.js:12161:30)
        at async Object.run (file:///home/runner/work/playground-tester/playground-tester/node_modules/@wp-playground/blueprints/index.js:12090:23)
        at async ys (file:///home/runner/work/playground-tester/playground-tester/node_modules/@wp-playground/blueprints/index.js:12196:3)
        at async Object.onBind (file:///home/runner/work/playground-tester/playground-tester/node_modules/@wp-playground/cli/run-cli-j-geJYS3.js:315:48)
        at async re (file:///home/runner/work/playground-tester/playground-tester/node_modules/@wp-playground/cli/run-cli-j-geJYS3.js:149:10) {
      response: PHPResponse {
        httpStatusCode: 500,
        headers: {
          'x-powered-by': [ 'PHP/8.0.30-dev' ],
          'content-type': [ 'text/html; charset=UTF-8' ]
        },
        bytes: Uint8Array(0) [],
        exitCode: 255,
        errors: ''
      },
      source: 'request'
    }
  }
}

Node.js v23.11.0
