file:///home/runner/work/playground-tester/playground-tester/node_modules/@wp-playground/cli/cli.js:21
`)},constants:R,phpIniEntries:{"openssl.cafile":"/internal/shared/ca-bundle.crt",allow_url_fopen:"1",disable_functions:""},hooks:{async beforeWordPressFiles(h){e.mountBeforeInstall&&u(h,e.mountBeforeInstall)}}}),d.log("Booted!");const W=await w.getPrimaryPhp();try{if(o&&!e.mountBeforeInstall&&!m.existsSync(f)&&(d.log("Caching preinstalled WordPress for the next boot..."),m.writeFileSync(f,await Z(W,"/wordpress")),d.log("Cached!")),e.mount&&u(W,e.mount),H=!0,l){const{php:h,reap:b}=await w.processManager.acquirePHPInstance();try{d.log("Running the Blueprint..."),await M(l,h),d.log("Finished running the blueprint")}finally{b()}}a==="build-snapshot"?(await i(e.outfile),d.log(`WordPress exported to ${e.outfile}`),process.exit(0)):a==="run-blueprint"?(d.log("Blueprint executed"),process.exit(0)):d.log(`WordPress is running on ${s}`)}catch(h){if(!e.debug)throw h;const b=W.readFileAsText(L);throw new Error(b,{cause:h})}},async handleRequest(r){return H?await w.request(r):U.forHttpCode(502,"WordPress is not ready yet")}})}te();
                                                                                                                                                                                                                                                                                                                                                                                                                                                                                                                                                                                                                                                                                                                                                                                                                                                                                                                                      ^

Error: [11-Apr-2025 03:56:40 UTC] PHP Warning:  mysqli_real_connect(): (HY000/2002): Address family not supported by protocol in /wordpress/wp-includes/class-wpdb.php on line 1982
[11-Apr-2025 03:56:42 UTC] PHP Warning:  mysqli_real_connect(): (HY000/2002): Address family not supported by protocol in /wordpress/wp-includes/class-wpdb.php on line 1982
[11-Apr-2025 03:56:50 UTC] PHP Warning:  mysqli_real_connect(): (HY000/2002): Address family not supported by protocol in /wordpress/wp-includes/class-wpdb.php on line 1982
[11-Apr-2025 03:56:50 UTC] PHP Warning:  mysqli_real_connect(): (HY000/2002): Address family not supported by protocol in /wordpress/wp-includes/class-wpdb.php on line 1982
[11-Apr-2025 03:56:59 UTC] PHP Warning:  mysqli_real_connect(): (HY000/2002): Address family not supported by protocol in /wordpress/wp-includes/class-wpdb.php on line 1982
[11-Apr-2025 03:57:00 UTC] PHP Warning:  mysqli_real_connect(): (HY000/2002): Address family not supported by protocol in /wordpress/wp-includes/class-wpdb.php on line 1982
[11-Apr-2025 03:59:14 UTC] PHP Warning:  require_once(/wordpress/wp-content/plugins/spreadsheetcloudapi/\options\options.php): Failed to open stream: No such file or directory in /wordpress/wp-content/plugins/spreadsheetcloudapi/SpreadsheetCloudAPI.php on line 33
[11-Apr-2025 03:59:14 UTC] PHP Fatal error:  Uncaught Error: Failed opening required '/wordpress/wp-content/plugins/spreadsheetcloudapi/\options\options.php' (include_path='.:') in /wordpress/wp-content/plugins/spreadsheetcloudapi/SpreadsheetCloudAPI.php:33
Stack trace:
#0 /wordpress/wp-admin/includes/plugin.php(2387): include_once()
#1 /wordpress/wp-admin/includes/plugin.php(673): plugin_sandbox_scrape('spreadsheetclou...')
#2 /internal/eval.php(20): activate_plugin('spreadsheetclou...')
#3 {main}
  thrown in /wordpress/wp-content/plugins/spreadsheetcloudapi/SpreadsheetCloudAPI.php on line 33
[11-Apr-2025 03:59:22 UTC] PHP Warning:  require_once(/wordpress/wp-content/plugins/spreadsheetcloudapi/\options\options.php): Failed to open stream: No such file or directory in /wordpress/wp-content/plugins/spreadsheetcloudapi/SpreadsheetCloudAPI.php on line 33
[11-Apr-2025 03:59:22 UTC] PHP Fatal error:  Uncaught Error: Failed opening required '/wordpress/wp-content/plugins/spreadsheetcloudapi/\options\options.php' (include_path='.:') in /wordpress/wp-content/plugins/spreadsheetcloudapi/SpreadsheetCloudAPI.php:33
Stack trace:
#0 /wordpress/wp-admin/includes/plugin.php(2387): include_once()
#1 /wordpress/wp-admin/includes/plugin.php(673): plugin_sandbox_scrape('spreadsheetclou...')
#2 /internal/eval.php(20): activate_plugin('spreadsheetclou...')
#3 {main}
  thrown in /wordpress/wp-content/plugins/spreadsheetcloudapi/SpreadsheetCloudAPI.php on line 33
[11-Apr-2025 03:59:30 UTC] PHP Warning:  require_once(/wordpress/wp-content/plugins/spreadsheetcloudapi/\options\options.php): Failed to open stream: No such file or directory in /wordpress/wp-content/plugins/spreadsheetcloudapi/SpreadsheetCloudAPI.php on line 33
[11-Apr-2025 03:59:30 UTC] PHP Fatal error:  Uncaught Error: Failed opening required '/wordpress/wp-content/plugins/spreadsheetcloudapi/\options\options.php' (include_path='.:') in /wordpress/wp-content/plugins/spreadsheetcloudapi/SpreadsheetCloudAPI.php:33
Stack trace:
#0 /wordpress/wp-admin/includes/plugin.php(2387): include_once()
#1 /wordpress/wp-admin/includes/plugin.php(673): plugin_sandbox_scrape('spreadsheetclou...')
#2 /internal/eval.php(20): activate_plugin('spreadsheetclou...')
#3 {main}
  thrown in /wordpress/wp-content/plugins/spreadsheetcloudapi/SpreadsheetCloudAPI.php on line 33
[11-Apr-2025 03:59:44 UTC] PHP Fatal error:  Uncaught Error: Class 'WpOrg\Requests\Response' not found in /wordpress/wp-includes/Requests/src/Requests.php:724
Stack trace:
#0 /wordpress/wp-includes/Requests/src/Requests.php(473): WpOrg\Requests\Requests::parse_response('', 'http://127.0.0....', Array, NULL, Array)
#1 /wordpress/wp-includes/class-wp-http.php(410): WpOrg\Requests\Requests::request('http://127.0.0....', Array, NULL, 'POST', Array)
#2 /wordpress/wp-includes/class-wp-http.php(633): WP_Http->request('http://127.0.0....', Array)
#3 /wordpress/wp-includes/http.php(196): WP_Http->post('http://127.0.0....', Array)
#4 /wordpress/wp-includes/cron.php(949): wp_remote_post('http://127.0.0....', Array)
#5 /wordpress/wp-includes/cron.php(1029): spawn_cron(1744343982.389)
#6 /wordpress/wp-includes/class-wp-hook.php(324): _wp_cron('')
#7 /wordpress/wp-includes/class-wp-hook.php(348): WP_Hook->apply_filters(NULL, Array)
#8 /wordpress/wp-includes/plugin.php(517): WP_Hook->do_action(Array)
#9 /wordpress/wp-settings.php(726): do_action('wp_loaded')
#10 /word in /wordpress/wp-includes/Requests/src/Requests.php on line 724
[11-Apr-2025 03:59:57 UTC] PHP Notice:  Function _load_textdomain_just_in_time was called <strong>incorrectly</strong>. Translation loading for the <code>stellarpay</code> domain was triggered too early. This is usually an indicator for some code in the plugin or theme running too early. Translations should be loaded at the <code>init</code> action or later. Please see <a href="https://developer.wordpress.org/advanced-administration/debug/debug-wordpress/">Debugging in WordPress</a> for more information. (This message was added in version 6.7.0.) in /wordpress/wp-includes/functions.php on line 6114
[11-Apr-2025 03:59:57 UTC] WordPress database error <div style="clear:both">&nbsp;</div>
<div class="queries" style="clear:both;margin-bottom:2px;border:red dotted thin;">
<p>MySQL query:</p>
<p>CREATE TABLE wp_stellarpay_subscriptions_meta (
            id BIGINT UNSIGNED NOT NULL AUTO_INCREMENT,
            subscription_id BIGINT UNSIGNED NOT NULL,
            meta_key Varchar(255) NOT NULL,
            meta_value LONGTEXT NOT NULL,
            PRIMARY KEY  (id),
            FOREIGN KEY (subscription_id) REFERENCES wp_stellarpay_subscriptions (id)
        ) DEFAULT CHARACTER SET utf8mb4</p>
<p>Queries made or created this session were:</p>
<ol>
<li>Executing: BEGIN | (no parameters)</li>
<li>Executing: INSERT INTO _mysql_data_types_cache (`table`, `column_or_index`, `mysql_type`)
				VALUES (:table, :column, :datatype)
				ON CONFLICT(`table`, `column_or_index`) DO UPDATE SET `mysql_type` = :datatype
			 | parameters: wp_stellarpay_subscriptions_meta, id, bigint UNSIGNED</li>
<li>Executing: INSERT INTO _mysql_data_types_cache (`table`, `column_or_index`, `mysql_type`)
				VALUES (:table, :column, :datatype)
				ON CONFLICT(`table`, `column_or_index`) DO UPDATE SET `mysql_type` = :datatype
			 | parameters: wp_stellarpay_subscriptions_meta, subscription_id, bigint UNSIGNED</li>
<li>Executing: INSERT INTO _mysql_data_types_cache (`table`, `column_or_index`, `mysql_type`)
				VALUES (:table, :column, :datatype)
				ON CONFLICT(`table`, `column_or_index`) DO UPDATE SET `mysql_type` = :datatype
			 | parameters: wp_stellarpay_subscriptions_meta, meta_key, varchar(255)</li>
<li>Executing: INSERT INTO _mysql_data_types_cache (`table`, `column_or_index`, `mysql_type`)
				VALUES (:table, :column, :datatype)
				ON CONFLICT(`table`, `column_or_index`) DO UPDATE SET `mysql_type` = :datatype
			 | parameters: wp_stellarpay_subscriptions_meta, meta_value, longtext</li>
<li>Executing: CREATE TABLE &quot;wp_stellarpay_subscriptions_meta&quot; (
&quot;id&quot; integer PRIMARY KEY AUTOINCREMENT NOT NULL ON CONFLICT REPLACE DEFAULT 0,
&quot;subscription_id&quot; integer NOT NULL ON CONFLICT REPLACE DEFAULT 0,
&quot;meta_key&quot; text NOT NULL ON CONFLICT REPLACE DEFAULT '' COLLATE NOCASE,
&quot;meta_value&quot; text NOT NULL ON CONFLICT REPLACE DEFAULT '' COLLATE NOCASE) | (no parameters)</li>
<li>Executing: CREATE  INDEX  &quot;wp_stellarpay_subscriptions_meta__&quot; ON &quot;wp_stellarpay_subscriptions_meta&quot; (&quot;&quot;) | (no parameters)</li>
<li>Executing: INSERT INTO _mysql_data_types_cache (`table`, `column_or_index`, `mysql_type`)
				VALUES (:table, :column, :datatype)
				ON CONFLICT(`table`, `column_or_index`) DO UPDATE SET `mysql_type` = :datatype
			 | parameters: wp_stellarpay_subscriptions_meta, wp_stellarpay_subscriptions_meta__, </li>
<li>Executing: ROLLBACK | (no parameters)</li>
</ol>
</div>
<div style="clear:both;margin-bottom:2px;border:red dotted thin;" class="error_message" style="border-bottom:dotted blue thin;">
Error occurred at line 4117 in Function <code>handle_error</code>. Error message was: SQLSTATE[23000]: Integrity constraint violation: 19 NOT NULL constraint failed: _mysql_data_types_cache.mysql_type.
</div>
<p>Backtrace:</p>
<pre>#0 /internal/shared/sqlite-database-integration/wp-includes/sqlite/class-wp-sqlite-db.php(287): WP_SQLite_Translator->get_error_message()
#1 /wordpress/wp-admin/includes/upgrade.php(3271): WP_SQLite_DB->query('CREATE TABLE wp...')
#2 /wordpress/wp-content/plugins/stellarpay/vendor/vendor-prefixed/stellarwp/db/src/DB/DB.php(83): dbDelta(Array)
#3 /wordpress/wp-content/plugins/stellarpay/vendor/vendor-prefixed/stellarwp/db/src/DB/DB.php(284): StellarPay\Vendors\StellarWP\DB\DB::StellarPay\Vendors\StellarWP\DB\{closure}()
#4 /wordpress/wp-content/plugins/stellarpay/vendor/vendor-prefixed/stellarwp/db/src/DB/DB.php(84): StellarPay\Vendors\StellarWP\DB\DB::runQueryWithErrorChecking(Object(Closure))
#5 /wordpress/wp-content/plugins/stellarpay/src/Subscriptions/Migrations/CreateSubscriptionMetaDatabaseTable.php(55): StellarPay\Vendors\StellarWP\DB\DB::delta('CREATE TABLE wp...')
#6 /wordpress/wp-content/plugins/stellarpay/src/PluginSetup/Actions/CreateDatabaseTable.php(49): StellarPay\Subscriptions\Migrations\CreateSubscriptionMetaDatabaseTable->run()
#7 [internal function]: StellarPay\PluginSetup\Actions\CreateDatabaseTable->__invoke('stellarpay_curr...')
#8 /wordpress/wp-content/plugins/stellarpay/src/Core/Hooks.php(67): call_user_func_array(Array, Array)
#9 /wordpress/wp-includes/class-wp-hook.php(326): StellarPay\Core\Hooks::StellarPay\Core\{closure}('stellarpay_curr...')
#10 /wordpress/wp-includes/class-wp-hook.php(348): WP_Hook->apply_filters('', Array)
#11 /wordpress/wp-includes/plugin.php(517): WP_Hook->do_action(Array)
#12 /wordpress/wp-includes/option.php(1168): do_action('add_option_stel...', 'stellarpay_curr...', '1.6.0')
#13 /wordpress/wp-includes/option.php(921): add_option('stellarpay_curr...', '1.6.0', '', 'off')
#14 /wordpress/wp-content/plugins/stellarpay/src/PluginSetup/Actions/RecordPluginVersion.php(34): update_option('stellarpay_curr...', '1.6.0', false)
#15 /wordpress/wp-content/plugins/stellarpay/src/PluginSetup/Plugin.php(265): StellarPay\PluginSetup\Actions\RecordPluginVersion->__invoke()
#16 /wordpress/wp-content/plugins/stellarpay/src/PluginSetup/Plugin.php(138): StellarPay\PluginSetup\Plugin->recordPluginVersion()
#17 [internal function]: StellarPay\PluginSetup\Plugin->init('')
#18 /wordpress/wp-content/plugins/stellarpay/src/Core/Hooks.php(67): call_user_func_array(Array, Array)
#19 /wordpress/wp-includes/class-wp-hook.php(324): StellarPay\Core\Hooks::StellarPay\Core\{closure}('')
#20 /wordpress/wp-includes/class-wp-hook.php(348): WP_Hook->apply_filters(NULL, Array)
#21 /wordpress/wp-includes/plugin.php(517): WP_Hook->do_action(Array)
#22 /wordpress/wp-settings.php(559): do_action('plugins_loaded')
#23 /wordpress/wp-config.php(102): require_once('/wordpress/wp-s...')
#24 /wordpress/wp-load.php(50): require_once('/wordpress/wp-c...')
#25 /internal/eval.php(3): require_once('/wordpress/wp-l...')
#26 {main}</pre>
 for query CREATE TABLE wp_stellarpay_subscriptions_meta (
            id BIGINT UNSIGNED NOT NULL AUTO_INCREMENT,
            subscription_id BIGINT UNSIGNED NOT NULL,
            meta_key Varchar(255) NOT NULL,
            meta_value LONGTEXT NOT NULL,
            PRIMARY KEY  (id),
            FOREIGN KEY (subscription_id) REFERENCES wp_stellarpay_subscriptions (id)
        ) DEFAULT CHARACTER SET utf8mb4 made by require_once('wp-load.php'), require_once('wp-config.php'), require_once('wp-settings.php'), do_action('plugins_loaded'), WP_Hook->do_action, WP_Hook->apply_filters, StellarPay\Core\Hooks::StellarPay\Core\{closure}, call_user_func_array, StellarPay\PluginSetup\Plugin->init, StellarPay\PluginSetup\Plugin->recordPluginVersion, StellarPay\PluginSetup\Actions\RecordPluginVersion->__invoke, update_option, add_option, do_action('add_option_stellarpay_current_version'), WP_Hook->do_action, WP_Hook->apply_filters, StellarPay\Core\Hooks::StellarPay\Core\{closure}, call_user_func_array, StellarPay\PluginSetup\Actions\CreateDatabaseTable->__invoke, StellarPay\Subscriptions\Migrations\CreateSubscriptionMetaDatabaseTable->run, StellarPay\Vendors\StellarWP\DB\DB::delta, StellarPay\Vendors\StellarWP\DB\DB::runQueryWithErrorChecking, StellarPay\Vendors\StellarWP\DB\DB::StellarPay\Vendors\StellarWP\DB\{closure}, dbDelta, WP_SQLite_DB->query, WP_SQLite_DB->print_error
[11-Apr-2025 03:59:57 UTC] PHP Fatal error:  Uncaught StellarPay\Vendors\StellarWP\DB\Database\Exceptions\DatabaseQueryException: Database Query in /wordpress/wp-content/plugins/stellarpay/vendor/vendor-prefixed/stellarwp/db/src/DB/DB.php:296
Stack trace:
#0 /wordpress/wp-content/plugins/stellarpay/vendor/vendor-prefixed/stellarwp/db/src/DB/DB.php(84): StellarPay\Vendors\StellarWP\DB\DB::runQueryWithErrorChecking(Object(Closure))
#1 /wordpress/wp-content/plugins/stellarpay/src/Subscriptions/Migrations/CreateSubscriptionMetaDatabaseTable.php(55): StellarPay\Vendors\StellarWP\DB\DB::delta('CREATE TABLE wp...')
#2 /wordpress/wp-content/plugins/stellarpay/src/PluginSetup/Actions/CreateDatabaseTable.php(49): StellarPay\Subscriptions\Migrations\CreateSubscriptionMetaDatabaseTable->run()
#3 [internal function]: StellarPay\PluginSetup\Actions\CreateDatabaseTable->__invoke('stellarpay_curr...')
#4 /wordpress/wp-content/plugins/stellarpay/src/Core/Hooks.php(67): call_user_func_array(Array, Array)
#5 /wordpress/wp-includes/class-wp-hook.php(326): StellarPay\Core\H in /wordpress/wp-content/plugins/stellarpay/src/Subscriptions/Migrations/CreateSubscriptionMetaDatabaseTable.php on line 63
[11-Apr-2025 04:00:11 UTC] PHP Notice:  Function _load_textdomain_just_in_time was called <strong>incorrectly</strong>. Translation loading for the <code>stellarpay</code> domain was triggered too early. This is usually an indicator for some code in the plugin or theme running too early. Translations should be loaded at the <code>init</code> action or later. Please see <a href="https://developer.wordpress.org/advanced-administration/debug/debug-wordpress/">Debugging in WordPress</a> for more information. (This message was added in version 6.7.0.) in /wordpress/wp-includes/functions.php on line 6114
[11-Apr-2025 04:00:11 UTC] WordPress database error <div style="clear:both">&nbsp;</div>
<div class="queries" style="clear:both;margin-bottom:2px;border:red dotted thin;">
<p>MySQL query:</p>
<p>CREATE TABLE wp_stellarpay_subscriptions_meta (
            id BIGINT UNSIGNED NOT NULL AUTO_INCREMENT,
            subscription_id BIGINT UNSIGNED NOT NULL,
            meta_key Varchar(255) NOT NULL,
            meta_value LONGTEXT NOT NULL,
            PRIMARY KEY  (id),
            FOREIGN KEY (subscription_id) REFERENCES wp_stellarpay_subscriptions (id)
        ) DEFAULT CHARACTER SET utf8mb4</p>
<p>Queries made or created this session were:</p>
<ol>
<li>Executing: BEGIN | (no parameters)</li>
<li>Executing: INSERT INTO _mysql_data_types_cache (`table`, `column_or_index`, `mysql_type`)
				VALUES (:table, :column, :datatype)
				ON CONFLICT(`table`, `column_or_index`) DO UPDATE SET `mysql_type` = :datatype
			 | parameters: wp_stellarpay_subscriptions_meta, id, bigint UNSIGNED</li>
<li>Executing: INSERT INTO _mysql_data_types_cache (`table`, `column_or_index`, `mysql_type`)
				VALUES (:table, :column, :datatype)
				ON CONFLICT(`table`, `column_or_index`) DO UPDATE SET `mysql_type` = :datatype
			 | parameters: wp_stellarpay_subscriptions_meta, subscription_id, bigint UNSIGNED</li>
<li>Executing: INSERT INTO _mysql_data_types_cache (`table`, `column_or_index`, `mysql_type`)
				VALUES (:table, :column, :datatype)
				ON CONFLICT(`table`, `column_or_index`) DO UPDATE SET `mysql_type` = :datatype
			 | parameters: wp_stellarpay_subscriptions_meta, meta_key, varchar(255)</li>
<li>Executing: INSERT INTO _mysql_data_types_cache (`table`, `column_or_index`, `mysql_type`)
				VALUES (:table, :column, :datatype)
				ON CONFLICT(`table`, `column_or_index`) DO UPDATE SET `mysql_type` = :datatype
			 | parameters: wp_stellarpay_subscriptions_meta, meta_value, longtext</li>
<li>Executing: CREATE TABLE &quot;wp_stellarpay_subscriptions_meta&quot; (
&quot;id&quot; integer PRIMARY KEY AUTOINCREMENT NOT NULL ON CONFLICT REPLACE DEFAULT 0,
&quot;subscription_id&quot; integer NOT NULL ON CONFLICT REPLACE DEFAULT 0,
&quot;meta_key&quot; text NOT NULL ON CONFLICT REPLACE DEFAULT '' COLLATE NOCASE,
&quot;meta_value&quot; text NOT NULL ON CONFLICT REPLACE DEFAULT '' COLLATE NOCASE) | (no parameters)</li>
<li>Executing: CREATE  INDEX  &quot;wp_stellarpay_subscriptions_meta__&quot; ON &quot;wp_stellarpay_subscriptions_meta&quot; (&quot;&quot;) | (no parameters)</li>
<li>Executing: INSERT INTO _mysql_data_types_cache (`table`, `column_or_index`, `mysql_type`)
				VALUES (:table, :column, :datatype)
				ON CONFLICT(`table`, `column_or_index`) DO UPDATE SET `mysql_type` = :datatype
			 | parameters: wp_stellarpay_subscriptions_meta, wp_stellarpay_subscriptions_meta__, </li>
<li>Executing: ROLLBACK | (no parameters)</li>
</ol>
</div>
<div style="clear:both;margin-bottom:2px;border:red dotted thin;" class="error_message" style="border-bottom:dotted blue thin;">
Error occurred at line 4117 in Function <code>handle_error</code>. Error message was: SQLSTATE[23000]: Integrity constraint violation: 19 NOT NULL constraint failed: _mysql_data_types_cache.mysql_type.
</div>
<p>Backtrace:</p>
<pre>#0 /internal/shared/sqlite-database-integration/wp-includes/sqlite/class-wp-sqlite-db.php(287): WP_SQLite_Translator->get_error_message()
#1 /wordpress/wp-admin/includes/upgrade.php(3271): WP_SQLite_DB->query('CREATE TABLE wp...')
#2 /wordpress/wp-content/plugins/stellarpay/vendor/vendor-prefixed/stellarwp/db/src/DB/DB.php(83): dbDelta(Array)
#3 /wordpress/wp-content/plugins/stellarpay/vendor/vendor-prefixed/stellarwp/db/src/DB/DB.php(284): StellarPay\Vendors\StellarWP\DB\DB::StellarPay\Vendors\StellarWP\DB\{closure}()
#4 /wordpress/wp-content/plugins/stellarpay/vendor/vendor-prefixed/stellarwp/db/src/DB/DB.php(84): StellarPay\Vendors\StellarWP\DB\DB::runQueryWithErrorChecking(Object(Closure))
#5 /wordpress/wp-content/plugins/stellarpay/src/Subscriptions/Migrations/CreateSubscriptionMetaDatabaseTable.php(55): StellarPay\Vendors\StellarWP\DB\DB::delta('CREATE TABLE wp...')
#6 /wordpress/wp-content/plugins/stellarpay/src/PluginSetup/Actions/CreateDatabaseTable.php(49): StellarPay\Subscriptions\Migrations\CreateSubscriptionMetaDatabaseTable->run()
#7 [internal function]: StellarPay\PluginSetup\Actions\CreateDatabaseTable->__invoke('stellarpay_curr...')
#8 /wordpress/wp-content/plugins/stellarpay/src/Core/Hooks.php(67): call_user_func_array(Array, Array)
#9 /wordpress/wp-includes/class-wp-hook.php(326): StellarPay\Core\Hooks::StellarPay\Core\{closure}('stellarpay_curr...')
#10 /wordpress/wp-includes/class-wp-hook.php(348): WP_Hook->apply_filters('', Array)
#11 /wordpress/wp-includes/plugin.php(517): WP_Hook->do_action(Array)
#12 /wordpress/wp-includes/option.php(1168): do_action('add_option_stel...', 'stellarpay_curr...', '1.6.0')
#13 /wordpress/wp-includes/option.php(921): add_option('stellarpay_curr...', '1.6.0', '', 'off')
#14 /wordpress/wp-content/plugins/stellarpay/src/PluginSetup/Actions/RecordPluginVersion.php(34): update_option('stellarpay_curr...', '1.6.0', false)
#15 /wordpress/wp-content/plugins/stellarpay/src/PluginSetup/Plugin.php(265): StellarPay\PluginSetup\Actions\RecordPluginVersion->__invoke()
#16 /wordpress/wp-content/plugins/stellarpay/src/PluginSetup/Plugin.php(138): StellarPay\PluginSetup\Plugin->recordPluginVersion()
#17 [internal function]: StellarPay\PluginSetup\Plugin->init('')
#18 /wordpress/wp-content/plugins/stellarpay/src/Core/Hooks.php(67): call_user_func_array(Array, Array)
#19 /wordpress/wp-includes/class-wp-hook.php(324): StellarPay\Core\Hooks::StellarPay\Core\{closure}('')
#20 /wordpress/wp-includes/class-wp-hook.php(348): WP_Hook->apply_filters(NULL, Array)
#21 /wordpress/wp-includes/plugin.php(517): WP_Hook->do_action(Array)
#22 /wordpress/wp-settings.php(559): do_action('plugins_loaded')
#23 /wordpress/wp-config.php(102): require_once('/wordpress/wp-s...')
#24 /wordpress/wp-load.php(50): require_once('/wordpress/wp-c...')
#25 /internal/eval.php(3): require_once('/wordpress/wp-l...')
#26 {main}</pre>
 for query CREATE TABLE wp_stellarpay_subscriptions_meta (
            id BIGINT UNSIGNED NOT NULL AUTO_INCREMENT,
            subscription_id BIGINT UNSIGNED NOT NULL,
            meta_key Varchar(255) NOT NULL,
            meta_value LONGTEXT NOT NULL,
            PRIMARY KEY  (id),
            FOREIGN KEY (subscription_id) REFERENCES wp_stellarpay_subscriptions (id)
        ) DEFAULT CHARACTER SET utf8mb4 made by require_once('wp-load.php'), require_once('wp-config.php'), require_once('wp-settings.php'), do_action('plugins_loaded'), WP_Hook->do_action, WP_Hook->apply_filters, StellarPay\Core\Hooks::StellarPay\Core\{closure}, call_user_func_array, StellarPay\PluginSetup\Plugin->init, StellarPay\PluginSetup\Plugin->recordPluginVersion, StellarPay\PluginSetup\Actions\RecordPluginVersion->__invoke, update_option, add_option, do_action('add_option_stellarpay_current_version'), WP_Hook->do_action, WP_Hook->apply_filters, StellarPay\Core\Hooks::StellarPay\Core\{closure}, call_user_func_array, StellarPay\PluginSetup\Actions\CreateDatabaseTable->__invoke, StellarPay\Subscriptions\Migrations\CreateSubscriptionMetaDatabaseTable->run, StellarPay\Vendors\StellarWP\DB\DB::delta, StellarPay\Vendors\StellarWP\DB\DB::runQueryWithErrorChecking, StellarPay\Vendors\StellarWP\DB\DB::StellarPay\Vendors\StellarWP\DB\{closure}, dbDelta, WP_SQLite_DB->query, WP_SQLite_DB->print_error
[11-Apr-2025 04:00:11 UTC] PHP Fatal error:  Uncaught StellarPay\Vendors\StellarWP\DB\Database\Exceptions\DatabaseQueryException: Database Query in /wordpress/wp-content/plugins/stellarpay/vendor/vendor-prefixed/stellarwp/db/src/DB/DB.php:296
Stack trace:
#0 /wordpress/wp-content/plugins/stellarpay/vendor/vendor-prefixed/stellarwp/db/src/DB/DB.php(84): StellarPay\Vendors\StellarWP\DB\DB::runQueryWithErrorChecking(Object(Closure))
#1 /wordpress/wp-content/plugins/stellarpay/src/Subscriptions/Migrations/CreateSubscriptionMetaDatabaseTable.php(55): StellarPay\Vendors\StellarWP\DB\DB::delta('CREATE TABLE wp...')
#2 /wordpress/wp-content/plugins/stellarpay/src/PluginSetup/Actions/CreateDatabaseTable.php(49): StellarPay\Subscriptions\Migrations\CreateSubscriptionMetaDatabaseTable->run()
#3 [internal function]: StellarPay\PluginSetup\Actions\CreateDatabaseTable->__invoke('stellarpay_curr...')
#4 /wordpress/wp-content/plugins/stellarpay/src/Core/Hooks.php(67): call_user_func_array(Array, Array)
#5 /wordpress/wp-includes/class-wp-hook.php(326): StellarPay\Core\H in /wordpress/wp-content/plugins/stellarpay/src/Subscriptions/Migrations/CreateSubscriptionMetaDatabaseTable.php on line 63
[11-Apr-2025 04:00:53 UTC] PHP Fatal error:  Uncaught Error: Class 'WpOrg\Requests\Response' not found in /wordpress/wp-includes/Requests/src/Requests.php:724
Stack trace:
#0 /wordpress/wp-includes/Requests/src/Requests.php(473): WpOrg\Requests\Requests::parse_response('', 'http://127.0.0....', Array, NULL, Array)
#1 /wordpress/wp-includes/class-wp-http.php(410): WpOrg\Requests\Requests::request('http://127.0.0....', Array, NULL, 'POST', Array)
#2 /wordpress/wp-includes/class-wp-http.php(633): WP_Http->request('http://127.0.0....', Array)
#3 /wordpress/wp-includes/http.php(196): WP_Http->post('http://127.0.0....', Array)
#4 /wordpress/wp-includes/cron.php(949): wp_remote_post('http://127.0.0....', Array)
#5 /wordpress/wp-includes/cron.php(1029): spawn_cron(1744344051.378)
#6 /wordpress/wp-includes/class-wp-hook.php(324): _wp_cron('')
#7 /wordpress/wp-includes/class-wp-hook.php(348): WP_Hook->apply_filters(NULL, Array)
#8 /wordpress/wp-includes/plugin.php(517): WP_Hook->do_action(Array)
#9 /wordpress/wp-settings.php(726): do_action('wp_loaded')
#10 /word in /wordpress/wp-includes/Requests/src/Requests.php on line 724
[11-Apr-2025 04:04:38 UTC] PHP Warning:  Trying to access array offset on value of type bool in /wordpress/wp-content/plugins/sms-notifications/smsnotifications.php on line 35
[11-Apr-2025 04:04:38 UTC] PHP Warning:  Trying to access array offset on value of type bool in /wordpress/wp-content/plugins/sms-notifications/smsnotifications.php on line 54
[11-Apr-2025 04:04:38 UTC] PHP Warning:  Undefined array key "bulksmscom_priority" in /wordpress/wp-content/plugins/sms-notifications/smsnotifications.php on line 57
[11-Apr-2025 04:04:38 UTC] PHP Warning:  Undefined array key "sms_message" in /wordpress/wp-content/plugins/sms-notifications/smsnotifications.php on line 60
[11-Apr-2025 04:04:38 UTC] PHP Warning:  Undefined array key "bulksmscom_username" in /wordpress/wp-content/plugins/sms-notifications/smsnotifications.php on line 63
[11-Apr-2025 04:04:47 UTC] PHP Warning:  Trying to access array offset on value of type bool in /wordpress/wp-content/plugins/sms-notifications/smsnotifications.php on line 35
[11-Apr-2025 04:04:47 UTC] PHP Warning:  Trying to access array offset on value of type bool in /wordpress/wp-content/plugins/sms-notifications/smsnotifications.php on line 54
[11-Apr-2025 04:04:47 UTC] PHP Warning:  Undefined array key "bulksmscom_priority" in /wordpress/wp-content/plugins/sms-notifications/smsnotifications.php on line 57
[11-Apr-2025 04:04:47 UTC] PHP Warning:  Undefined array key "sms_message" in /wordpress/wp-content/plugins/sms-notifications/smsnotifications.php on line 60
[11-Apr-2025 04:04:47 UTC] PHP Warning:  Undefined array key "bulksmscom_username" in /wordpress/wp-content/plugins/sms-notifications/smsnotifications.php on line 63
[11-Apr-2025 04:04:57 UTC] PHP Warning:  Trying to access array offset on value of type bool in /wordpress/wp-content/plugins/sms-notifications/smsnotifications.php on line 35
[11-Apr-2025 04:04:57 UTC] PHP Warning:  Trying to access array offset on value of type bool in /wordpress/wp-content/plugins/sms-notifications/smsnotifications.php on line 54
[11-Apr-2025 04:04:57 UTC] PHP Warning:  Undefined array key "bulksmscom_priority" in /wordpress/wp-content/plugins/sms-notifications/smsnotifications.php on line 57
[11-Apr-2025 04:04:57 UTC] PHP Warning:  Undefined array key "sms_message" in /wordpress/wp-content/plugins/sms-notifications/smsnotifications.php on line 60
[11-Apr-2025 04:04:57 UTC] PHP Warning:  Undefined array key "bulksmscom_username" in /wordpress/wp-content/plugins/sms-notifications/smsnotifications.php on line 63
[11-Apr-2025 04:05:09 UTC] PHP Warning:  Undefined array key "DOCUMENT_ROOT" in /wordpress/wp-content/plugins/social-sticky-animated/Admin.php on line 143
[11-Apr-2025 04:05:18 UTC] PHP Warning:  Undefined array key "DOCUMENT_ROOT" in /wordpress/wp-content/plugins/social-sticky-animated/Admin.php on line 143
[11-Apr-2025 04:05:26 UTC] PHP Warning:  Undefined array key "DOCUMENT_ROOT" in /wordpress/wp-content/plugins/social-sticky-animated/Admin.php on line 143

    at Object.onBind (file:///home/runner/work/playground-tester/playground-tester/node_modules/@wp-playground/cli/cli.js:21:903)
    at process.processTicksAndRejections (node:internal/process/task_queues:105:5)
    at async Y (file:///home/runner/work/playground-tester/playground-tester/node_modules/@wp-playground/cli/cli.js:1:1159) {
  [cause]: Error: Error when executing the blueprint step #0 ({"step":"installPlugin","pluginData":{"resource":"wordpress.org/plugins","slug":"sparkfp"},"options":{"activate":true}}) : Plugin /wordpress/wp-content/plugins/sparkfp could not be activated – WordPress exited with no error. Sometimes, when $_SERVER or site options are not configured correctly, WordPress exits early with a 301 redirect. Inspect the "debug" logs in the console for more details.
      at Object.run (file:///home/runner/work/playground-tester/playground-tester/node_modules/@wp-playground/blueprints/index.js:12407:32)
      at process.processTicksAndRejections (node:internal/process/task_queues:105:5)
      at async ns (file:///home/runner/work/playground-tester/playground-tester/node_modules/@wp-playground/blueprints/index.js:12508:3)
      at async Object.onBind (file:///home/runner/work/playground-tester/playground-tester/node_modules/@wp-playground/cli/cli.js:21:568)
      at async Y (file:///home/runner/work/playground-tester/playground-tester/node_modules/@wp-playground/cli/cli.js:1:1159) {
    [cause]: Error: Plugin /wordpress/wp-content/plugins/sparkfp could not be activated – WordPress exited with no error. Sometimes, when $_SERVER or site options are not configured correctly, WordPress exits early with a 301 redirect. Inspect the "debug" logs in the console for more details.
        at vr (file:///home/runner/work/playground-tester/playground-tester/node_modules/@wp-playground/blueprints/index.js:119:51)
        at process.processTicksAndRejections (node:internal/process/task_queues:105:5)
        at async Object.ut [as installPlugin] (file:///home/runner/work/playground-tester/playground-tester/node_modules/@wp-playground/blueprints/index.js:1084:42)
        at async d (file:///home/runner/work/playground-tester/playground-tester/node_modules/@wp-playground/blueprints/index.js:12473:30)
        at async Object.run (file:///home/runner/work/playground-tester/playground-tester/node_modules/@wp-playground/blueprints/index.js:12404:23)
        at async ns (file:///home/runner/work/playground-tester/playground-tester/node_modules/@wp-playground/blueprints/index.js:12508:3)
        at async Object.onBind (file:///home/runner/work/playground-tester/playground-tester/node_modules/@wp-playground/cli/cli.js:21:568)
        at async Y (file:///home/runner/work/playground-tester/playground-tester/node_modules/@wp-playground/cli/cli.js:1:1159)
  }
}

Node.js v23.11.0
