[
  {
    "message": "file:///home/runner/work/playground-tester/playground-tester/node_modules/@wp-playground/cli/index.js:237\n        throw new Error(y, { cause: u });\n              ^\n",
    "level": "FATAL",
    "type": "PLAYGROUND",
    "test": "ast-sqlite-boot",
    "plugin": "webuti-woocommerce-garanti-bankasi-sanal-pos",
    "details": "file:///home/runner/work/playground-tester/playground-tester/node_modules/@wp-playground/cli/index.js:237\n        throw new Error(y, { cause: u });\n              ^\n",
    "log": "/tmp/tmp.kjNSEzK977"
  },
  {
    "message": "iconv_set_encoding(): Use of iconv.internal_encoding is deprecated in /wordpress/wp-content/plugins/wopzen2/vendor/ZF2/library/Zend/Validator/Hostname.php on line 490",
    "level": "DEPRECATED",
    "type": "PHP",
    "test": "ast-sqlite-boot",
    "plugin": "webuti-woocommerce-garanti-bankasi-sanal-pos",
    "details": "[26-May-2025 16:35:44 UTC] PHP Deprecated:  iconv_set_encoding(): Use of iconv.internal_encoding is deprecated in /wordpress/wp-content/plugins/wopzen2/vendor/ZF2/library/Zend/Validator/Hostname.php on line 490",
    "log": "/logs/plugins/w/webuti-woocommerce-garanti-bankasi-sanal-pos/error.json"
  },
  {
    "message": "iconv_set_encoding(): Use of iconv.internal_encoding is deprecated in /wordpress/wp-content/plugins/wopzen2/vendor/ZF2/library/Zend/Validator/Hostname.php on line 586",
    "level": "DEPRECATED",
    "type": "PHP",
    "test": "ast-sqlite-boot",
    "plugin": "webuti-woocommerce-garanti-bankasi-sanal-pos",
    "details": "[26-May-2025 16:35:44 UTC] PHP Deprecated:  iconv_set_encoding(): Use of iconv.internal_encoding is deprecated in /wordpress/wp-content/plugins/wopzen2/vendor/ZF2/library/Zend/Validator/Hostname.php on line 586",
    "log": "/logs/plugins/w/webuti-woocommerce-garanti-bankasi-sanal-pos/error.json"
  },
  {
    "message": "Uncaught Zend\\Uri\\Exception\\InvalidUriPartException: Host \"example.com:443\" is not valid or is not accepted by Zend\\Uri\\Http in /wordpress/wp-content/plugins/wopzen2/vendor/ZF2/library/Zend/Uri/Uri.php:729",
    "level": "FATAL",
    "type": "PHP",
    "test": "ast-sqlite-boot",
    "plugin": "webuti-woocommerce-garanti-bankasi-sanal-pos",
    "details": "[26-May-2025 16:35:44 UTC] PHP Fatal error:  Uncaught Zend\\Uri\\Exception\\InvalidUriPartException: Host \"example.com:443\" is not valid or is not accepted by Zend\\Uri\\Http in /wordpress/wp-content/plugins/wopzen2/vendor/ZF2/library/Zend/Uri/Uri.php:729\nStack trace:\n#0 /wordpress/wp-content/plugins/wopzen2/vendor/ZF2/library/Zend/Http/PhpEnvironment/Request.php(285): Zend\\Uri\\Uri->setHost('example.com:443')\n#1 /wordpress/wp-content/plugins/wopzen2/vendor/ZF2/library/Zend/Http/PhpEnvironment/Request.php(85): Zend\\Http\\PhpEnvironment\\Request->setServer(Object(Zend\\Stdlib\\Parameters))\n#2 /wordpress/wp-content/plugins/wopzen2/vendor/ZF2/library/Zend/Mvc/Application.php(126): Zend\\Http\\PhpEnvironment\\Request->__construct()\n#3 /wordpress/wp-content/plugins/wopzen2/vendor/ZF2/library/Zend/Mvc/Service/ApplicationFactory.php(35): Zend\\Mvc\\Application->__construct(Array, Object(Zend\\ServiceManager\\ServiceManager))\n#4 [internal function]: Zend\\Mvc\\Service\\ApplicationFactory->createService(Object(Zend\\ServiceManager\\ServiceManager), 'application', 'Application')\n#5 /wordpress/wp-content/plugins/wopzen2/vendor/ZF2/library/Zend/ServiceManager/ServiceManager.php(726): call_user_func(Array, Object(Zend\\ServiceManager\\ServiceManager), 'application', 'Application')\n#6 /wordpress/wp-content/plugins/wopzen2/vendor/ZF2/library/Zend/ServiceManager/ServiceManager.php(841): Zend\\ServiceManager\\ServiceManager->createServiceViaCallback(Array, 'application', 'Application')\n#7 /wordpress/wp-content/plugins/wopzen2/vendor/ZF2/library/Zend/ServiceManager/ServiceManager.php(487): Zend\\ServiceManager\\ServiceManager->createFromFactory('application', 'Application')\n#8 /wordpress/wp-content/plugins/wopzen2/vendor/ZF2/library/Zend/ServiceManager/ServiceManager.php(442): Zend\\ServiceManager\\ServiceManager->create(Array)\n#9 /wordpress/wp-content/plugins/wopzen2/wpzf2.php(66): Zend\\ServiceManager\\ServiceManager->get('Application')\n#10 /wordpress/wp-admin/includes/plugin.php(2387): include_once('/wordpress/wp-c...')\n#11 /wordpress/wp-admin/includes/plugin.php(673): plugin_sandbox_scrape('wopzen2/wpzf2.p...')\n#12 /internal/eval.php(20): activate_plugin('wopzen2/wpzf2.p...')\n#13 {main}\n\nNext Zend\\ServiceManager\\Exception\\ServiceNotCreatedException: An exception was raised while creating \"Application\"; no instance returned in /wordpress/wp-content/plugins/wopzen2/vendor/ZF2/library/Zend/ServiceManager/ServiceManager.php:733\nStack trace:\n#0 /wordpress/wp-content/plugins/wopzen2/vendor/ZF2/library/Zend/ServiceManager/ServiceManager.php(841): Zend\\ServiceManager\\ServiceManager->createServiceViaCallback(Array, 'application', 'Application')\n#1 /wordpress/wp-content/plugins/wopzen2/vendor/ZF2/library/Zend/ServiceManager/ServiceManager.php(487): Zend\\ServiceManager\\ServiceManager->createFromFactory('application', 'Application')\n#2 /wordpress/wp-content/plugins/wopzen2/vendor/ZF2/library/Zend/ServiceManager/ServiceManager.php(442): Zend\\ServiceManager\\ServiceManager->create(Array)\n#3 /wordpress/wp-content/plugins/wopzen2/wpzf2.php(66): Zend\\ServiceManager\\ServiceManager->get('Application')\n#4 /wordpress/wp-admin/includes/plugin.php(2387): include_once('/wordpress/wp-c...')\n#5 /wordpress/wp-admin/includes/plugin.php(673): plugin_sandbox_scrape('wopzen2/wpzf2.p...')\n#6 /internal/eval.php(20): activate_plugin('wopzen2/wpzf2.p...')\n#7 {main}\n  thrown in /wordpress/wp-content/plugins/wopzen2/vendor/ZF2/library/Zend/ServiceManager/ServiceManager.php on line 733",
    "log": "/logs/plugins/w/webuti-woocommerce-garanti-bankasi-sanal-pos/error.json"
  },
  {
    "message": "iconv_set_encoding(): Use of iconv.internal_encoding is deprecated in /wordpress/wp-content/plugins/wopzen2/vendor/ZF2/library/Zend/Validator/Hostname.php on line 490",
    "level": "DEPRECATED",
    "type": "PHP",
    "test": "ast-sqlite-boot",
    "plugin": "webuti-woocommerce-garanti-bankasi-sanal-pos",
    "details": "[26-May-2025 16:35:55 UTC] PHP Deprecated:  iconv_set_encoding(): Use of iconv.internal_encoding is deprecated in /wordpress/wp-content/plugins/wopzen2/vendor/ZF2/library/Zend/Validator/Hostname.php on line 490",
    "log": "/logs/plugins/w/webuti-woocommerce-garanti-bankasi-sanal-pos/error.json"
  },
  {
    "message": "iconv_set_encoding(): Use of iconv.internal_encoding is deprecated in /wordpress/wp-content/plugins/wopzen2/vendor/ZF2/library/Zend/Validator/Hostname.php on line 586",
    "level": "DEPRECATED",
    "type": "PHP",
    "test": "ast-sqlite-boot",
    "plugin": "webuti-woocommerce-garanti-bankasi-sanal-pos",
    "details": "[26-May-2025 16:35:55 UTC] PHP Deprecated:  iconv_set_encoding(): Use of iconv.internal_encoding is deprecated in /wordpress/wp-content/plugins/wopzen2/vendor/ZF2/library/Zend/Validator/Hostname.php on line 586",
    "log": "/logs/plugins/w/webuti-woocommerce-garanti-bankasi-sanal-pos/error.json"
  },
  {
    "message": "Uncaught Zend\\Uri\\Exception\\InvalidUriPartException: Host \"example.com:443\" is not valid or is not accepted by Zend\\Uri\\Http in /wordpress/wp-content/plugins/wopzen2/vendor/ZF2/library/Zend/Uri/Uri.php:729",
    "level": "FATAL",
    "type": "PHP",
    "test": "ast-sqlite-boot",
    "plugin": "webuti-woocommerce-garanti-bankasi-sanal-pos",
    "details": "[26-May-2025 16:35:55 UTC] PHP Fatal error:  Uncaught Zend\\Uri\\Exception\\InvalidUriPartException: Host \"example.com:443\" is not valid or is not accepted by Zend\\Uri\\Http in /wordpress/wp-content/plugins/wopzen2/vendor/ZF2/library/Zend/Uri/Uri.php:729\nStack trace:\n#0 /wordpress/wp-content/plugins/wopzen2/vendor/ZF2/library/Zend/Http/PhpEnvironment/Request.php(285): Zend\\Uri\\Uri->setHost('example.com:443')\n#1 /wordpress/wp-content/plugins/wopzen2/vendor/ZF2/library/Zend/Http/PhpEnvironment/Request.php(85): Zend\\Http\\PhpEnvironment\\Request->setServer(Object(Zend\\Stdlib\\Parameters))\n#2 /wordpress/wp-content/plugins/wopzen2/vendor/ZF2/library/Zend/Mvc/Application.php(126): Zend\\Http\\PhpEnvironment\\Request->__construct()\n#3 /wordpress/wp-content/plugins/wopzen2/vendor/ZF2/library/Zend/Mvc/Service/ApplicationFactory.php(35): Zend\\Mvc\\Application->__construct(Array, Object(Zend\\ServiceManager\\ServiceManager))\n#4 [internal function]: Zend\\Mvc\\Service\\ApplicationFactory->createService(Object(Zend\\ServiceManager\\ServiceManager), 'application', 'Application')\n#5 /wordpress/wp-content/plugins/wopzen2/vendor/ZF2/library/Zend/ServiceManager/ServiceManager.php(726): call_user_func(Array, Object(Zend\\ServiceManager\\ServiceManager), 'application', 'Application')\n#6 /wordpress/wp-content/plugins/wopzen2/vendor/ZF2/library/Zend/ServiceManager/ServiceManager.php(841): Zend\\ServiceManager\\ServiceManager->createServiceViaCallback(Array, 'application', 'Application')\n#7 /wordpress/wp-content/plugins/wopzen2/vendor/ZF2/library/Zend/ServiceManager/ServiceManager.php(487): Zend\\ServiceManager\\ServiceManager->createFromFactory('application', 'Application')\n#8 /wordpress/wp-content/plugins/wopzen2/vendor/ZF2/library/Zend/ServiceManager/ServiceManager.php(442): Zend\\ServiceManager\\ServiceManager->create(Array)\n#9 /wordpress/wp-content/plugins/wopzen2/wpzf2.php(66): Zend\\ServiceManager\\ServiceManager->get('Application')\n#10 /wordpress/wp-admin/includes/plugin.php(2387): include_once('/wordpress/wp-c...')\n#11 /wordpress/wp-admin/includes/plugin.php(673): plugin_sandbox_scrape('wopzen2/wpzf2.p...')\n#12 /internal/eval.php(20): activate_plugin('wopzen2/wpzf2.p...')\n#13 {main}\n\nNext Zend\\ServiceManager\\Exception\\ServiceNotCreatedException: An exception was raised while creating \"Application\"; no instance returned in /wordpress/wp-content/plugins/wopzen2/vendor/ZF2/library/Zend/ServiceManager/ServiceManager.php:733\nStack trace:\n#0 /wordpress/wp-content/plugins/wopzen2/vendor/ZF2/library/Zend/ServiceManager/ServiceManager.php(841): Zend\\ServiceManager\\ServiceManager->createServiceViaCallback(Array, 'application', 'Application')\n#1 /wordpress/wp-content/plugins/wopzen2/vendor/ZF2/library/Zend/ServiceManager/ServiceManager.php(487): Zend\\ServiceManager\\ServiceManager->createFromFactory('application', 'Application')\n#2 /wordpress/wp-content/plugins/wopzen2/vendor/ZF2/library/Zend/ServiceManager/ServiceManager.php(442): Zend\\ServiceManager\\ServiceManager->create(Array)\n#3 /wordpress/wp-content/plugins/wopzen2/wpzf2.php(66): Zend\\ServiceManager\\ServiceManager->get('Application')\n#4 /wordpress/wp-admin/includes/plugin.php(2387): include_once('/wordpress/wp-c...')\n#5 /wordpress/wp-admin/includes/plugin.php(673): plugin_sandbox_scrape('wopzen2/wpzf2.p...')\n#6 /internal/eval.php(20): activate_plugin('wopzen2/wpzf2.p...')\n#7 {main}\n  thrown in /wordpress/wp-content/plugins/wopzen2/vendor/ZF2/library/Zend/ServiceManager/ServiceManager.php on line 733",
    "log": "/logs/plugins/w/webuti-woocommerce-garanti-bankasi-sanal-pos/error.json"
  },
  {
    "message": "iconv_set_encoding(): Use of iconv.internal_encoding is deprecated in /wordpress/wp-content/plugins/wopzen2/vendor/ZF2/library/Zend/Validator/Hostname.php on line 490",
    "level": "DEPRECATED",
    "type": "PHP",
    "test": "ast-sqlite-boot",
    "plugin": "webuti-woocommerce-garanti-bankasi-sanal-pos",
    "details": "[26-May-2025 16:36:08 UTC] PHP Deprecated:  iconv_set_encoding(): Use of iconv.internal_encoding is deprecated in /wordpress/wp-content/plugins/wopzen2/vendor/ZF2/library/Zend/Validator/Hostname.php on line 490",
    "log": "/logs/plugins/w/webuti-woocommerce-garanti-bankasi-sanal-pos/error.json"
  },
  {
    "message": "iconv_set_encoding(): Use of iconv.internal_encoding is deprecated in /wordpress/wp-content/plugins/wopzen2/vendor/ZF2/library/Zend/Validator/Hostname.php on line 586",
    "level": "DEPRECATED",
    "type": "PHP",
    "test": "ast-sqlite-boot",
    "plugin": "webuti-woocommerce-garanti-bankasi-sanal-pos",
    "details": "[26-May-2025 16:36:08 UTC] PHP Deprecated:  iconv_set_encoding(): Use of iconv.internal_encoding is deprecated in /wordpress/wp-content/plugins/wopzen2/vendor/ZF2/library/Zend/Validator/Hostname.php on line 586",
    "log": "/logs/plugins/w/webuti-woocommerce-garanti-bankasi-sanal-pos/error.json"
  },
  {
    "message": "Uncaught Zend\\Uri\\Exception\\InvalidUriPartException: Host \"example.com:443\" is not valid or is not accepted by Zend\\Uri\\Http in /wordpress/wp-content/plugins/wopzen2/vendor/ZF2/library/Zend/Uri/Uri.php:729",
    "level": "FATAL",
    "type": "PHP",
    "test": "ast-sqlite-boot",
    "plugin": "webuti-woocommerce-garanti-bankasi-sanal-pos",
    "details": "[26-May-2025 16:36:08 UTC] PHP Fatal error:  Uncaught Zend\\Uri\\Exception\\InvalidUriPartException: Host \"example.com:443\" is not valid or is not accepted by Zend\\Uri\\Http in /wordpress/wp-content/plugins/wopzen2/vendor/ZF2/library/Zend/Uri/Uri.php:729\nStack trace:\n#0 /wordpress/wp-content/plugins/wopzen2/vendor/ZF2/library/Zend/Http/PhpEnvironment/Request.php(285): Zend\\Uri\\Uri->setHost('example.com:443')\n#1 /wordpress/wp-content/plugins/wopzen2/vendor/ZF2/library/Zend/Http/PhpEnvironment/Request.php(85): Zend\\Http\\PhpEnvironment\\Request->setServer(Object(Zend\\Stdlib\\Parameters))\n#2 /wordpress/wp-content/plugins/wopzen2/vendor/ZF2/library/Zend/Mvc/Application.php(126): Zend\\Http\\PhpEnvironment\\Request->__construct()\n#3 /wordpress/wp-content/plugins/wopzen2/vendor/ZF2/library/Zend/Mvc/Service/ApplicationFactory.php(35): Zend\\Mvc\\Application->__construct(Array, Object(Zend\\ServiceManager\\ServiceManager))\n#4 [internal function]: Zend\\Mvc\\Service\\ApplicationFactory->createService(Object(Zend\\ServiceManager\\ServiceManager), 'application', 'Application')\n#5 /wordpress/wp-content/plugins/wopzen2/vendor/ZF2/library/Zend/ServiceManager/ServiceManager.php(726): call_user_func(Array, Object(Zend\\ServiceManager\\ServiceManager), 'application', 'Application')\n#6 /wordpress/wp-content/plugins/wopzen2/vendor/ZF2/library/Zend/ServiceManager/ServiceManager.php(841): Zend\\ServiceManager\\ServiceManager->createServiceViaCallback(Array, 'application', 'Application')\n#7 /wordpress/wp-content/plugins/wopzen2/vendor/ZF2/library/Zend/ServiceManager/ServiceManager.php(487): Zend\\ServiceManager\\ServiceManager->createFromFactory('application', 'Application')\n#8 /wordpress/wp-content/plugins/wopzen2/vendor/ZF2/library/Zend/ServiceManager/ServiceManager.php(442): Zend\\ServiceManager\\ServiceManager->create(Array)\n#9 /wordpress/wp-content/plugins/wopzen2/wpzf2.php(66): Zend\\ServiceManager\\ServiceManager->get('Application')\n#10 /wordpress/wp-admin/includes/plugin.php(2387): include_once('/wordpress/wp-c...')\n#11 /wordpress/wp-admin/includes/plugin.php(673): plugin_sandbox_scrape('wopzen2/wpzf2.p...')\n#12 /internal/eval.php(20): activate_plugin('wopzen2/wpzf2.p...')\n#13 {main}\n\nNext Zend\\ServiceManager\\Exception\\ServiceNotCreatedException: An exception was raised while creating \"Application\"; no instance returned in /wordpress/wp-content/plugins/wopzen2/vendor/ZF2/library/Zend/ServiceManager/ServiceManager.php:733\nStack trace:\n#0 /wordpress/wp-content/plugins/wopzen2/vendor/ZF2/library/Zend/ServiceManager/ServiceManager.php(841): Zend\\ServiceManager\\ServiceManager->createServiceViaCallback(Array, 'application', 'Application')\n#1 /wordpress/wp-content/plugins/wopzen2/vendor/ZF2/library/Zend/ServiceManager/ServiceManager.php(487): Zend\\ServiceManager\\ServiceManager->createFromFactory('application', 'Application')\n#2 /wordpress/wp-content/plugins/wopzen2/vendor/ZF2/library/Zend/ServiceManager/ServiceManager.php(442): Zend\\ServiceManager\\ServiceManager->create(Array)\n#3 /wordpress/wp-content/plugins/wopzen2/wpzf2.php(66): Zend\\ServiceManager\\ServiceManager->get('Application')\n#4 /wordpress/wp-admin/includes/plugin.php(2387): include_once('/wordpress/wp-c...')\n#5 /wordpress/wp-admin/includes/plugin.php(673): plugin_sandbox_scrape('wopzen2/wpzf2.p...')\n#6 /internal/eval.php(20): activate_plugin('wopzen2/wpzf2.p...')\n#7 {main}\n  thrown in /wordpress/wp-content/plugins/wopzen2/vendor/ZF2/library/Zend/ServiceManager/ServiceManager.php on line 733",
    "log": "/logs/plugins/w/webuti-woocommerce-garanti-bankasi-sanal-pos/error.json"
  },
  {
    "message": "Required parameter $timestamp follows optional parameter $formatted in /wordpress/wp-content/plugins/wordpress-file-monitor-plus/classes/wpfmp.class.php on line 681",
    "level": "DEPRECATED",
    "type": "PHP",
    "test": "ast-sqlite-boot",
    "plugin": "webuti-woocommerce-garanti-bankasi-sanal-pos",
    "details": "[26-May-2025 16:36:16 UTC] PHP Deprecated:  Required parameter $timestamp follows optional parameter $formatted in /wordpress/wp-content/plugins/wordpress-file-monitor-plus/classes/wpfmp.class.php on line 681",
    "log": "/logs/plugins/w/webuti-woocommerce-garanti-bankasi-sanal-pos/error.json"
  },
  {
    "message": "Trying to access array offset on value of type bool in /wordpress/wp-content/plugins/wordpress-file-monitor-plus/classes/wpfmp.class.php on line 92",
    "level": "WARNING",
    "type": "PHP",
    "test": "ast-sqlite-boot",
    "plugin": "webuti-woocommerce-garanti-bankasi-sanal-pos",
    "details": "[26-May-2025 16:36:16 UTC] PHP Warning:  Trying to access array offset on value of type bool in /wordpress/wp-content/plugins/wordpress-file-monitor-plus/classes/wpfmp.class.php on line 92",
    "log": "/logs/plugins/w/webuti-woocommerce-garanti-bankasi-sanal-pos/error.json"
  },
  {
    "message": "Trying to access array offset on value of type bool in /wordpress/wp-content/plugins/wordpress-file-monitor-plus/classes/wpfmp.class.php on line 98",
    "level": "WARNING",
    "type": "PHP",
    "test": "ast-sqlite-boot",
    "plugin": "webuti-woocommerce-garanti-bankasi-sanal-pos",
    "details": "[26-May-2025 16:36:16 UTC] PHP Warning:  Trying to access array offset on value of type bool in /wordpress/wp-content/plugins/wordpress-file-monitor-plus/classes/wpfmp.class.php on line 98",
    "log": "/logs/plugins/w/webuti-woocommerce-garanti-bankasi-sanal-pos/error.json"
  },
  {
    "message": "Required parameter $timestamp follows optional parameter $formatted in /wordpress/wp-content/plugins/wordpress-file-monitor-plus/classes/wpfmp.class.php on line 681",
    "level": "DEPRECATED",
    "type": "PHP",
    "test": "ast-sqlite-boot",
    "plugin": "webuti-woocommerce-garanti-bankasi-sanal-pos",
    "details": "[26-May-2025 16:36:16 UTC] PHP Deprecated:  Required parameter $timestamp follows optional parameter $formatted in /wordpress/wp-content/plugins/wordpress-file-monitor-plus/classes/wpfmp.class.php on line 681",
    "log": "/logs/plugins/w/webuti-woocommerce-garanti-bankasi-sanal-pos/error.json"
  },
  {
    "message": "Required parameter $timestamp follows optional parameter $formatted in /wordpress/wp-content/plugins/wordpress-file-monitor-plus/classes/wpfmp.class.php on line 681",
    "level": "DEPRECATED",
    "type": "PHP",
    "test": "ast-sqlite-boot",
    "plugin": "webuti-woocommerce-garanti-bankasi-sanal-pos",
    "details": "[26-May-2025 16:36:25 UTC] PHP Deprecated:  Required parameter $timestamp follows optional parameter $formatted in /wordpress/wp-content/plugins/wordpress-file-monitor-plus/classes/wpfmp.class.php on line 681",
    "log": "/logs/plugins/w/webuti-woocommerce-garanti-bankasi-sanal-pos/error.json"
  },
  {
    "message": "Trying to access array offset on value of type bool in /wordpress/wp-content/plugins/wordpress-file-monitor-plus/classes/wpfmp.class.php on line 92",
    "level": "WARNING",
    "type": "PHP",
    "test": "ast-sqlite-boot",
    "plugin": "webuti-woocommerce-garanti-bankasi-sanal-pos",
    "details": "[26-May-2025 16:36:25 UTC] PHP Warning:  Trying to access array offset on value of type bool in /wordpress/wp-content/plugins/wordpress-file-monitor-plus/classes/wpfmp.class.php on line 92",
    "log": "/logs/plugins/w/webuti-woocommerce-garanti-bankasi-sanal-pos/error.json"
  },
  {
    "message": "Trying to access array offset on value of type bool in /wordpress/wp-content/plugins/wordpress-file-monitor-plus/classes/wpfmp.class.php on line 98",
    "level": "WARNING",
    "type": "PHP",
    "test": "ast-sqlite-boot",
    "plugin": "webuti-woocommerce-garanti-bankasi-sanal-pos",
    "details": "[26-May-2025 16:36:25 UTC] PHP Warning:  Trying to access array offset on value of type bool in /wordpress/wp-content/plugins/wordpress-file-monitor-plus/classes/wpfmp.class.php on line 98",
    "log": "/logs/plugins/w/webuti-woocommerce-garanti-bankasi-sanal-pos/error.json"
  },
  {
    "message": "Required parameter $timestamp follows optional parameter $formatted in /wordpress/wp-content/plugins/wordpress-file-monitor-plus/classes/wpfmp.class.php on line 681",
    "level": "DEPRECATED",
    "type": "PHP",
    "test": "ast-sqlite-boot",
    "plugin": "webuti-woocommerce-garanti-bankasi-sanal-pos",
    "details": "[26-May-2025 16:36:26 UTC] PHP Deprecated:  Required parameter $timestamp follows optional parameter $formatted in /wordpress/wp-content/plugins/wordpress-file-monitor-plus/classes/wpfmp.class.php on line 681",
    "log": "/logs/plugins/w/webuti-woocommerce-garanti-bankasi-sanal-pos/error.json"
  },
  {
    "message": "Required parameter $timestamp follows optional parameter $formatted in /wordpress/wp-content/plugins/wordpress-file-monitor-plus/classes/wpfmp.class.php on line 681",
    "level": "DEPRECATED",
    "type": "PHP",
    "test": "ast-sqlite-boot",
    "plugin": "webuti-woocommerce-garanti-bankasi-sanal-pos",
    "details": "[26-May-2025 16:36:34 UTC] PHP Deprecated:  Required parameter $timestamp follows optional parameter $formatted in /wordpress/wp-content/plugins/wordpress-file-monitor-plus/classes/wpfmp.class.php on line 681",
    "log": "/logs/plugins/w/webuti-woocommerce-garanti-bankasi-sanal-pos/error.json"
  },
  {
    "message": "Trying to access array offset on value of type bool in /wordpress/wp-content/plugins/wordpress-file-monitor-plus/classes/wpfmp.class.php on line 92",
    "level": "WARNING",
    "type": "PHP",
    "test": "ast-sqlite-boot",
    "plugin": "webuti-woocommerce-garanti-bankasi-sanal-pos",
    "details": "[26-May-2025 16:36:34 UTC] PHP Warning:  Trying to access array offset on value of type bool in /wordpress/wp-content/plugins/wordpress-file-monitor-plus/classes/wpfmp.class.php on line 92",
    "log": "/logs/plugins/w/webuti-woocommerce-garanti-bankasi-sanal-pos/error.json"
  },
  {
    "message": "Trying to access array offset on value of type bool in /wordpress/wp-content/plugins/wordpress-file-monitor-plus/classes/wpfmp.class.php on line 98",
    "level": "WARNING",
    "type": "PHP",
    "test": "ast-sqlite-boot",
    "plugin": "webuti-woocommerce-garanti-bankasi-sanal-pos",
    "details": "[26-May-2025 16:36:34 UTC] PHP Warning:  Trying to access array offset on value of type bool in /wordpress/wp-content/plugins/wordpress-file-monitor-plus/classes/wpfmp.class.php on line 98",
    "log": "/logs/plugins/w/webuti-woocommerce-garanti-bankasi-sanal-pos/error.json"
  },
  {
    "message": "Required parameter $timestamp follows optional parameter $formatted in /wordpress/wp-content/plugins/wordpress-file-monitor-plus/classes/wpfmp.class.php on line 681",
    "level": "DEPRECATED",
    "type": "PHP",
    "test": "ast-sqlite-boot",
    "plugin": "webuti-woocommerce-garanti-bankasi-sanal-pos",
    "details": "[26-May-2025 16:36:35 UTC] PHP Deprecated:  Required parameter $timestamp follows optional parameter $formatted in /wordpress/wp-content/plugins/wordpress-file-monitor-plus/classes/wpfmp.class.php on line 681",
    "log": "/logs/plugins/w/webuti-woocommerce-garanti-bankasi-sanal-pos/error.json"
  },
  {
    "message": "Function _load_textdomain_just_in_time was called <strong>incorrectly</strong>. Translation loading for the <code>wp-idea-stream</code> domain was triggered too early. This is usually an indicator for some code in the plugin or theme running too early. Translations should be loaded at the <code>init</code> action or later. Please see <a href=\"https://developer.wordpress.org/advanced-administration/debug/debug-wordpress/\">Debugging in WordPress</a> for more information. (This message was added in version 6.7.0.) in /wordpress/wp-includes/functions.php on line 6121",
    "level": "NOTICE",
    "type": "PHP",
    "test": "ast-sqlite-boot",
    "plugin": "webuti-woocommerce-garanti-bankasi-sanal-pos",
    "details": "[26-May-2025 16:37:38 UTC] PHP Notice:  Function _load_textdomain_just_in_time was called <strong>incorrectly</strong>. Translation loading for the <code>wp-idea-stream</code> domain was triggered too early. This is usually an indicator for some code in the plugin or theme running too early. Translations should be loaded at the <code>init</code> action or later. Please see <a href=\"https://developer.wordpress.org/advanced-administration/debug/debug-wordpress/\">Debugging in WordPress</a> for more information. (This message was added in version 6.7.0.) in /wordpress/wp-includes/functions.php on line 6121",
    "log": "/logs/plugins/w/webuti-woocommerce-garanti-bankasi-sanal-pos/error.json"
  },
  {
    "message": "Function _load_textdomain_just_in_time was called <strong>incorrectly</strong>. Translation loading for the <code>wp-idea-stream</code> domain was triggered too early. This is usually an indicator for some code in the plugin or theme running too early. Translations should be loaded at the <code>init</code> action or later. Please see <a href=\"https://developer.wordpress.org/advanced-administration/debug/debug-wordpress/\">Debugging in WordPress</a> for more information. (This message was added in version 6.7.0.) in /wordpress/wp-includes/functions.php on line 6121",
    "level": "NOTICE",
    "type": "PHP",
    "test": "ast-sqlite-boot",
    "plugin": "webuti-woocommerce-garanti-bankasi-sanal-pos",
    "details": "[26-May-2025 16:37:47 UTC] PHP Notice:  Function _load_textdomain_just_in_time was called <strong>incorrectly</strong>. Translation loading for the <code>wp-idea-stream</code> domain was triggered too early. This is usually an indicator for some code in the plugin or theme running too early. Translations should be loaded at the <code>init</code> action or later. Please see <a href=\"https://developer.wordpress.org/advanced-administration/debug/debug-wordpress/\">Debugging in WordPress</a> for more information. (This message was added in version 6.7.0.) in /wordpress/wp-includes/functions.php on line 6121",
    "log": "/logs/plugins/w/webuti-woocommerce-garanti-bankasi-sanal-pos/error.json"
  },
  {
    "message": "Function _load_textdomain_just_in_time was called <strong>incorrectly</strong>. Translation loading for the <code>wp-idea-stream</code> domain was triggered too early. This is usually an indicator for some code in the plugin or theme running too early. Translations should be loaded at the <code>init</code> action or later. Please see <a href=\"https://developer.wordpress.org/advanced-administration/debug/debug-wordpress/\">Debugging in WordPress</a> for more information. (This message was added in version 6.7.0.) in /wordpress/wp-includes/functions.php on line 6121",
    "level": "NOTICE",
    "type": "PHP",
    "test": "ast-sqlite-boot",
    "plugin": "webuti-woocommerce-garanti-bankasi-sanal-pos",
    "details": "[26-May-2025 16:37:57 UTC] PHP Notice:  Function _load_textdomain_just_in_time was called <strong>incorrectly</strong>. Translation loading for the <code>wp-idea-stream</code> domain was triggered too early. This is usually an indicator for some code in the plugin or theme running too early. Translations should be loaded at the <code>init</code> action or later. Please see <a href=\"https://developer.wordpress.org/advanced-administration/debug/debug-wordpress/\">Debugging in WordPress</a> for more information. (This message was added in version 6.7.0.) in /wordpress/wp-includes/functions.php on line 6121",
    "log": "/logs/plugins/w/webuti-woocommerce-garanti-bankasi-sanal-pos/error.json"
  },
  {
    "message": "Undefined array key \"stdt\" in /wordpress/wp-content/plugins/wp-analytics-pro/wp_analytics_pro.php on line 20",
    "level": "WARNING",
    "type": "PHP",
    "test": "ast-sqlite-boot",
    "plugin": "webuti-woocommerce-garanti-bankasi-sanal-pos",
    "details": "[26-May-2025 16:40:29 UTC] PHP Warning:  Undefined array key \"stdt\" in /wordpress/wp-content/plugins/wp-analytics-pro/wp_analytics_pro.php on line 20",
    "log": "/logs/plugins/w/webuti-woocommerce-garanti-bankasi-sanal-pos/error.json"
  },
  {
    "message": "Undefined array key \"enddt\" in /wordpress/wp-content/plugins/wp-analytics-pro/wp_analytics_pro.php on line 21",
    "level": "WARNING",
    "type": "PHP",
    "test": "ast-sqlite-boot",
    "plugin": "webuti-woocommerce-garanti-bankasi-sanal-pos",
    "details": "[26-May-2025 16:40:29 UTC] PHP Warning:  Undefined array key \"enddt\" in /wordpress/wp-content/plugins/wp-analytics-pro/wp_analytics_pro.php on line 21",
    "log": "/logs/plugins/w/webuti-woocommerce-garanti-bankasi-sanal-pos/error.json"
  },
  {
    "message": "Undefined array key \"cmp_data\" in /wordpress/wp-content/plugins/wp-analytics-pro/wp_analytics_pro.php on line 23",
    "level": "WARNING",
    "type": "PHP",
    "test": "ast-sqlite-boot",
    "plugin": "webuti-woocommerce-garanti-bankasi-sanal-pos",
    "details": "[26-May-2025 16:40:29 UTC] PHP Warning:  Undefined array key \"cmp_data\" in /wordpress/wp-content/plugins/wp-analytics-pro/wp_analytics_pro.php on line 23",
    "log": "/logs/plugins/w/webuti-woocommerce-garanti-bankasi-sanal-pos/error.json"
  },
  {
    "message": "Undefined array key \"stdt\" in /wordpress/wp-content/plugins/wp-analytics-pro/wp_analytics_pro.php on line 20",
    "level": "WARNING",
    "type": "PHP",
    "test": "ast-sqlite-boot",
    "plugin": "webuti-woocommerce-garanti-bankasi-sanal-pos",
    "details": "[26-May-2025 16:40:30 UTC] PHP Warning:  Undefined array key \"stdt\" in /wordpress/wp-content/plugins/wp-analytics-pro/wp_analytics_pro.php on line 20",
    "log": "/logs/plugins/w/webuti-woocommerce-garanti-bankasi-sanal-pos/error.json"
  },
  {
    "message": "Undefined array key \"enddt\" in /wordpress/wp-content/plugins/wp-analytics-pro/wp_analytics_pro.php on line 21",
    "level": "WARNING",
    "type": "PHP",
    "test": "ast-sqlite-boot",
    "plugin": "webuti-woocommerce-garanti-bankasi-sanal-pos",
    "details": "[26-May-2025 16:40:30 UTC] PHP Warning:  Undefined array key \"enddt\" in /wordpress/wp-content/plugins/wp-analytics-pro/wp_analytics_pro.php on line 21",
    "log": "/logs/plugins/w/webuti-woocommerce-garanti-bankasi-sanal-pos/error.json"
  },
  {
    "message": "Undefined array key \"cmp_data\" in /wordpress/wp-content/plugins/wp-analytics-pro/wp_analytics_pro.php on line 23",
    "level": "WARNING",
    "type": "PHP",
    "test": "ast-sqlite-boot",
    "plugin": "webuti-woocommerce-garanti-bankasi-sanal-pos",
    "details": "[26-May-2025 16:40:30 UTC] PHP Warning:  Undefined array key \"cmp_data\" in /wordpress/wp-content/plugins/wp-analytics-pro/wp_analytics_pro.php on line 23",
    "log": "/logs/plugins/w/webuti-woocommerce-garanti-bankasi-sanal-pos/error.json"
  },
  {
    "message": "Function wp_enqueue_script was called <strong>incorrectly</strong>. Scripts and styles should not be registered or enqueued until the <code>wp_enqueue_scripts</code>, <code>admin_enqueue_scripts</code>, or <code>login_enqueue_scripts</code> hooks. This notice was triggered by the <code>jqplot</code> handle. Please see <a href=\"https://developer.wordpress.org/advanced-administration/debug/debug-wordpress/\">Debugging in WordPress</a> for more information. (This message was added in version 3.3.0.) in /wordpress/wp-includes/functions.php on line 6121",
    "level": "NOTICE",
    "type": "PHP",
    "test": "ast-sqlite-boot",
    "plugin": "webuti-woocommerce-garanti-bankasi-sanal-pos",
    "details": "[26-May-2025 16:40:30 UTC] PHP Notice:  Function wp_enqueue_script was called <strong>incorrectly</strong>. Scripts and styles should not be registered or enqueued until the <code>wp_enqueue_scripts</code>, <code>admin_enqueue_scripts</code>, or <code>login_enqueue_scripts</code> hooks. This notice was triggered by the <code>jqplot</code> handle. Please see <a href=\"https://developer.wordpress.org/advanced-administration/debug/debug-wordpress/\">Debugging in WordPress</a> for more information. (This message was added in version 3.3.0.) in /wordpress/wp-includes/functions.php on line 6121",
    "log": "/logs/plugins/w/webuti-woocommerce-garanti-bankasi-sanal-pos/error.json"
  },
  {
    "message": "Function wp_enqueue_script was called <strong>incorrectly</strong>. Scripts and styles should not be registered or enqueued until the <code>wp_enqueue_scripts</code>, <code>admin_enqueue_scripts</code>, or <code>login_enqueue_scripts</code> hooks. This notice was triggered by the <code>jqplottime</code> handle. Please see <a href=\"https://developer.wordpress.org/advanced-administration/debug/debug-wordpress/\">Debugging in WordPress</a> for more information. (This message was added in version 3.3.0.) in /wordpress/wp-includes/functions.php on line 6121",
    "level": "NOTICE",
    "type": "PHP",
    "test": "ast-sqlite-boot",
    "plugin": "webuti-woocommerce-garanti-bankasi-sanal-pos",
    "details": "[26-May-2025 16:40:30 UTC] PHP Notice:  Function wp_enqueue_script was called <strong>incorrectly</strong>. Scripts and styles should not be registered or enqueued until the <code>wp_enqueue_scripts</code>, <code>admin_enqueue_scripts</code>, or <code>login_enqueue_scripts</code> hooks. This notice was triggered by the <code>jqplottime</code> handle. Please see <a href=\"https://developer.wordpress.org/advanced-administration/debug/debug-wordpress/\">Debugging in WordPress</a> for more information. (This message was added in version 3.3.0.) in /wordpress/wp-includes/functions.php on line 6121",
    "log": "/logs/plugins/w/webuti-woocommerce-garanti-bankasi-sanal-pos/error.json"
  },
  {
    "message": "Undefined array key \"stdt\" in /wordpress/wp-content/plugins/wp-analytics-pro/wp_analytics_pro.php on line 20",
    "level": "WARNING",
    "type": "PHP",
    "test": "ast-sqlite-boot",
    "plugin": "webuti-woocommerce-garanti-bankasi-sanal-pos",
    "details": "[26-May-2025 16:40:37 UTC] PHP Warning:  Undefined array key \"stdt\" in /wordpress/wp-content/plugins/wp-analytics-pro/wp_analytics_pro.php on line 20",
    "log": "/logs/plugins/w/webuti-woocommerce-garanti-bankasi-sanal-pos/error.json"
  },
  {
    "message": "Undefined array key \"enddt\" in /wordpress/wp-content/plugins/wp-analytics-pro/wp_analytics_pro.php on line 21",
    "level": "WARNING",
    "type": "PHP",
    "test": "ast-sqlite-boot",
    "plugin": "webuti-woocommerce-garanti-bankasi-sanal-pos",
    "details": "[26-May-2025 16:40:37 UTC] PHP Warning:  Undefined array key \"enddt\" in /wordpress/wp-content/plugins/wp-analytics-pro/wp_analytics_pro.php on line 21",
    "log": "/logs/plugins/w/webuti-woocommerce-garanti-bankasi-sanal-pos/error.json"
  },
  {
    "message": "Undefined array key \"cmp_data\" in /wordpress/wp-content/plugins/wp-analytics-pro/wp_analytics_pro.php on line 23",
    "level": "WARNING",
    "type": "PHP",
    "test": "ast-sqlite-boot",
    "plugin": "webuti-woocommerce-garanti-bankasi-sanal-pos",
    "details": "[26-May-2025 16:40:37 UTC] PHP Warning:  Undefined array key \"cmp_data\" in /wordpress/wp-content/plugins/wp-analytics-pro/wp_analytics_pro.php on line 23",
    "log": "/logs/plugins/w/webuti-woocommerce-garanti-bankasi-sanal-pos/error.json"
  },
  {
    "message": "Undefined array key \"stdt\" in /wordpress/wp-content/plugins/wp-analytics-pro/wp_analytics_pro.php on line 20",
    "level": "WARNING",
    "type": "PHP",
    "test": "ast-sqlite-boot",
    "plugin": "webuti-woocommerce-garanti-bankasi-sanal-pos",
    "details": "[26-May-2025 16:40:39 UTC] PHP Warning:  Undefined array key \"stdt\" in /wordpress/wp-content/plugins/wp-analytics-pro/wp_analytics_pro.php on line 20",
    "log": "/logs/plugins/w/webuti-woocommerce-garanti-bankasi-sanal-pos/error.json"
  },
  {
    "message": "Undefined array key \"enddt\" in /wordpress/wp-content/plugins/wp-analytics-pro/wp_analytics_pro.php on line 21",
    "level": "WARNING",
    "type": "PHP",
    "test": "ast-sqlite-boot",
    "plugin": "webuti-woocommerce-garanti-bankasi-sanal-pos",
    "details": "[26-May-2025 16:40:39 UTC] PHP Warning:  Undefined array key \"enddt\" in /wordpress/wp-content/plugins/wp-analytics-pro/wp_analytics_pro.php on line 21",
    "log": "/logs/plugins/w/webuti-woocommerce-garanti-bankasi-sanal-pos/error.json"
  },
  {
    "message": "Undefined array key \"cmp_data\" in /wordpress/wp-content/plugins/wp-analytics-pro/wp_analytics_pro.php on line 23",
    "level": "WARNING",
    "type": "PHP",
    "test": "ast-sqlite-boot",
    "plugin": "webuti-woocommerce-garanti-bankasi-sanal-pos",
    "details": "[26-May-2025 16:40:39 UTC] PHP Warning:  Undefined array key \"cmp_data\" in /wordpress/wp-content/plugins/wp-analytics-pro/wp_analytics_pro.php on line 23",
    "log": "/logs/plugins/w/webuti-woocommerce-garanti-bankasi-sanal-pos/error.json"
  },
  {
    "message": "Function wp_enqueue_script was called <strong>incorrectly</strong>. Scripts and styles should not be registered or enqueued until the <code>wp_enqueue_scripts</code>, <code>admin_enqueue_scripts</code>, or <code>login_enqueue_scripts</code> hooks. This notice was triggered by the <code>jqplot</code> handle. Please see <a href=\"https://developer.wordpress.org/advanced-administration/debug/debug-wordpress/\">Debugging in WordPress</a> for more information. (This message was added in version 3.3.0.) in /wordpress/wp-includes/functions.php on line 6121",
    "level": "NOTICE",
    "type": "PHP",
    "test": "ast-sqlite-boot",
    "plugin": "webuti-woocommerce-garanti-bankasi-sanal-pos",
    "details": "[26-May-2025 16:40:39 UTC] PHP Notice:  Function wp_enqueue_script was called <strong>incorrectly</strong>. Scripts and styles should not be registered or enqueued until the <code>wp_enqueue_scripts</code>, <code>admin_enqueue_scripts</code>, or <code>login_enqueue_scripts</code> hooks. This notice was triggered by the <code>jqplot</code> handle. Please see <a href=\"https://developer.wordpress.org/advanced-administration/debug/debug-wordpress/\">Debugging in WordPress</a> for more information. (This message was added in version 3.3.0.) in /wordpress/wp-includes/functions.php on line 6121",
    "log": "/logs/plugins/w/webuti-woocommerce-garanti-bankasi-sanal-pos/error.json"
  },
  {
    "message": "Function wp_enqueue_script was called <strong>incorrectly</strong>. Scripts and styles should not be registered or enqueued until the <code>wp_enqueue_scripts</code>, <code>admin_enqueue_scripts</code>, or <code>login_enqueue_scripts</code> hooks. This notice was triggered by the <code>jqplottime</code> handle. Please see <a href=\"https://developer.wordpress.org/advanced-administration/debug/debug-wordpress/\">Debugging in WordPress</a> for more information. (This message was added in version 3.3.0.) in /wordpress/wp-includes/functions.php on line 6121",
    "level": "NOTICE",
    "type": "PHP",
    "test": "ast-sqlite-boot",
    "plugin": "webuti-woocommerce-garanti-bankasi-sanal-pos",
    "details": "[26-May-2025 16:40:39 UTC] PHP Notice:  Function wp_enqueue_script was called <strong>incorrectly</strong>. Scripts and styles should not be registered or enqueued until the <code>wp_enqueue_scripts</code>, <code>admin_enqueue_scripts</code>, or <code>login_enqueue_scripts</code> hooks. This notice was triggered by the <code>jqplottime</code> handle. Please see <a href=\"https://developer.wordpress.org/advanced-administration/debug/debug-wordpress/\">Debugging in WordPress</a> for more information. (This message was added in version 3.3.0.) in /wordpress/wp-includes/functions.php on line 6121",
    "log": "/logs/plugins/w/webuti-woocommerce-garanti-bankasi-sanal-pos/error.json"
  },
  {
    "message": "Undefined array key \"stdt\" in /wordpress/wp-content/plugins/wp-analytics-pro/wp_analytics_pro.php on line 20",
    "level": "WARNING",
    "type": "PHP",
    "test": "ast-sqlite-boot",
    "plugin": "webuti-woocommerce-garanti-bankasi-sanal-pos",
    "details": "[26-May-2025 16:40:46 UTC] PHP Warning:  Undefined array key \"stdt\" in /wordpress/wp-content/plugins/wp-analytics-pro/wp_analytics_pro.php on line 20",
    "log": "/logs/plugins/w/webuti-woocommerce-garanti-bankasi-sanal-pos/error.json"
  },
  {
    "message": "Undefined array key \"enddt\" in /wordpress/wp-content/plugins/wp-analytics-pro/wp_analytics_pro.php on line 21",
    "level": "WARNING",
    "type": "PHP",
    "test": "ast-sqlite-boot",
    "plugin": "webuti-woocommerce-garanti-bankasi-sanal-pos",
    "details": "[26-May-2025 16:40:46 UTC] PHP Warning:  Undefined array key \"enddt\" in /wordpress/wp-content/plugins/wp-analytics-pro/wp_analytics_pro.php on line 21",
    "log": "/logs/plugins/w/webuti-woocommerce-garanti-bankasi-sanal-pos/error.json"
  },
  {
    "message": "Undefined array key \"cmp_data\" in /wordpress/wp-content/plugins/wp-analytics-pro/wp_analytics_pro.php on line 23",
    "level": "WARNING",
    "type": "PHP",
    "test": "ast-sqlite-boot",
    "plugin": "webuti-woocommerce-garanti-bankasi-sanal-pos",
    "details": "[26-May-2025 16:40:46 UTC] PHP Warning:  Undefined array key \"cmp_data\" in /wordpress/wp-content/plugins/wp-analytics-pro/wp_analytics_pro.php on line 23",
    "log": "/logs/plugins/w/webuti-woocommerce-garanti-bankasi-sanal-pos/error.json"
  },
  {
    "message": "Undefined array key \"stdt\" in /wordpress/wp-content/plugins/wp-analytics-pro/wp_analytics_pro.php on line 20",
    "level": "WARNING",
    "type": "PHP",
    "test": "ast-sqlite-boot",
    "plugin": "webuti-woocommerce-garanti-bankasi-sanal-pos",
    "details": "[26-May-2025 16:40:47 UTC] PHP Warning:  Undefined array key \"stdt\" in /wordpress/wp-content/plugins/wp-analytics-pro/wp_analytics_pro.php on line 20",
    "log": "/logs/plugins/w/webuti-woocommerce-garanti-bankasi-sanal-pos/error.json"
  },
  {
    "message": "Undefined array key \"enddt\" in /wordpress/wp-content/plugins/wp-analytics-pro/wp_analytics_pro.php on line 21",
    "level": "WARNING",
    "type": "PHP",
    "test": "ast-sqlite-boot",
    "plugin": "webuti-woocommerce-garanti-bankasi-sanal-pos",
    "details": "[26-May-2025 16:40:47 UTC] PHP Warning:  Undefined array key \"enddt\" in /wordpress/wp-content/plugins/wp-analytics-pro/wp_analytics_pro.php on line 21",
    "log": "/logs/plugins/w/webuti-woocommerce-garanti-bankasi-sanal-pos/error.json"
  },
  {
    "message": "Undefined array key \"cmp_data\" in /wordpress/wp-content/plugins/wp-analytics-pro/wp_analytics_pro.php on line 23",
    "level": "WARNING",
    "type": "PHP",
    "test": "ast-sqlite-boot",
    "plugin": "webuti-woocommerce-garanti-bankasi-sanal-pos",
    "details": "[26-May-2025 16:40:47 UTC] PHP Warning:  Undefined array key \"cmp_data\" in /wordpress/wp-content/plugins/wp-analytics-pro/wp_analytics_pro.php on line 23",
    "log": "/logs/plugins/w/webuti-woocommerce-garanti-bankasi-sanal-pos/error.json"
  },
  {
    "message": "Function wp_enqueue_script was called <strong>incorrectly</strong>. Scripts and styles should not be registered or enqueued until the <code>wp_enqueue_scripts</code>, <code>admin_enqueue_scripts</code>, or <code>login_enqueue_scripts</code> hooks. This notice was triggered by the <code>jqplot</code> handle. Please see <a href=\"https://developer.wordpress.org/advanced-administration/debug/debug-wordpress/\">Debugging in WordPress</a> for more information. (This message was added in version 3.3.0.) in /wordpress/wp-includes/functions.php on line 6121",
    "level": "NOTICE",
    "type": "PHP",
    "test": "ast-sqlite-boot",
    "plugin": "webuti-woocommerce-garanti-bankasi-sanal-pos",
    "details": "[26-May-2025 16:40:47 UTC] PHP Notice:  Function wp_enqueue_script was called <strong>incorrectly</strong>. Scripts and styles should not be registered or enqueued until the <code>wp_enqueue_scripts</code>, <code>admin_enqueue_scripts</code>, or <code>login_enqueue_scripts</code> hooks. This notice was triggered by the <code>jqplot</code> handle. Please see <a href=\"https://developer.wordpress.org/advanced-administration/debug/debug-wordpress/\">Debugging in WordPress</a> for more information. (This message was added in version 3.3.0.) in /wordpress/wp-includes/functions.php on line 6121",
    "log": "/logs/plugins/w/webuti-woocommerce-garanti-bankasi-sanal-pos/error.json"
  },
  {
    "message": "Function wp_enqueue_script was called <strong>incorrectly</strong>. Scripts and styles should not be registered or enqueued until the <code>wp_enqueue_scripts</code>, <code>admin_enqueue_scripts</code>, or <code>login_enqueue_scripts</code> hooks. This notice was triggered by the <code>jqplottime</code> handle. Please see <a href=\"https://developer.wordpress.org/advanced-administration/debug/debug-wordpress/\">Debugging in WordPress</a> for more information. (This message was added in version 3.3.0.) in /wordpress/wp-includes/functions.php on line 6121",
    "level": "NOTICE",
    "type": "PHP",
    "test": "ast-sqlite-boot",
    "plugin": "webuti-woocommerce-garanti-bankasi-sanal-pos",
    "details": "[26-May-2025 16:40:47 UTC] PHP Notice:  Function wp_enqueue_script was called <strong>incorrectly</strong>. Scripts and styles should not be registered or enqueued until the <code>wp_enqueue_scripts</code>, <code>admin_enqueue_scripts</code>, or <code>login_enqueue_scripts</code> hooks. This notice was triggered by the <code>jqplottime</code> handle. Please see <a href=\"https://developer.wordpress.org/advanced-administration/debug/debug-wordpress/\">Debugging in WordPress</a> for more information. (This message was added in version 3.3.0.) in /wordpress/wp-includes/functions.php on line 6121",
    "log": "/logs/plugins/w/webuti-woocommerce-garanti-bankasi-sanal-pos/error.json"
  },
  {
    "message": "Function wp_enqueue_style was called <strong>incorrectly</strong>. Scripts and styles should not be registered or enqueued until the <code>wp_enqueue_scripts</code>, <code>admin_enqueue_scripts</code>, or <code>login_enqueue_scripts</code> hooks. This notice was triggered by the <code>rdi_style</code> handle. Please see <a href=\"https://developer.wordpress.org/advanced-administration/debug/debug-wordpress/\">Debugging in WordPress</a> for more information. (This message was added in version 3.3.0.) in /wordpress/wp-includes/functions.php on line 6121",
    "level": "NOTICE",
    "type": "PHP",
    "test": "ast-sqlite-boot",
    "plugin": "webuti-woocommerce-garanti-bankasi-sanal-pos",
    "details": "[26-May-2025 16:41:17 UTC] PHP Notice:  Function wp_enqueue_style was called <strong>incorrectly</strong>. Scripts and styles should not be registered or enqueued until the <code>wp_enqueue_scripts</code>, <code>admin_enqueue_scripts</code>, or <code>login_enqueue_scripts</code> hooks. This notice was triggered by the <code>rdi_style</code> handle. Please see <a href=\"https://developer.wordpress.org/advanced-administration/debug/debug-wordpress/\">Debugging in WordPress</a> for more information. (This message was added in version 3.3.0.) in /wordpress/wp-includes/functions.php on line 6121",
    "log": "/logs/plugins/w/webuti-woocommerce-garanti-bankasi-sanal-pos/error.json"
  },
  {
    "message": "Function is_feed was called <strong>incorrectly</strong>. Conditional query tags do not work before the query is run. Before then, they always return false. Please see <a href=\"https://developer.wordpress.org/advanced-administration/debug/debug-wordpress/\">Debugging in WordPress</a> for more information. (This message was added in version 3.1.0.) in /wordpress/wp-includes/functions.php on line 6121",
    "level": "NOTICE",
    "type": "PHP",
    "test": "ast-sqlite-boot",
    "plugin": "webuti-woocommerce-garanti-bankasi-sanal-pos",
    "details": "[26-May-2025 16:41:17 UTC] PHP Notice:  Function is_feed was called <strong>incorrectly</strong>. Conditional query tags do not work before the query is run. Before then, they always return false. Please see <a href=\"https://developer.wordpress.org/advanced-administration/debug/debug-wordpress/\">Debugging in WordPress</a> for more information. (This message was added in version 3.1.0.) in /wordpress/wp-includes/functions.php on line 6121",
    "log": "/logs/plugins/w/webuti-woocommerce-garanti-bankasi-sanal-pos/error.json"
  },
  {
    "message": "Function wp_enqueue_style was called <strong>incorrectly</strong>. Scripts and styles should not be registered or enqueued until the <code>wp_enqueue_scripts</code>, <code>admin_enqueue_scripts</code>, or <code>login_enqueue_scripts</code> hooks. This notice was triggered by the <code>rdi_style</code> handle. Please see <a href=\"https://developer.wordpress.org/advanced-administration/debug/debug-wordpress/\">Debugging in WordPress</a> for more information. (This message was added in version 3.3.0.) in /wordpress/wp-includes/functions.php on line 6121",
    "level": "NOTICE",
    "type": "PHP",
    "test": "ast-sqlite-boot",
    "plugin": "webuti-woocommerce-garanti-bankasi-sanal-pos",
    "details": "[26-May-2025 16:41:25 UTC] PHP Notice:  Function wp_enqueue_style was called <strong>incorrectly</strong>. Scripts and styles should not be registered or enqueued until the <code>wp_enqueue_scripts</code>, <code>admin_enqueue_scripts</code>, or <code>login_enqueue_scripts</code> hooks. This notice was triggered by the <code>rdi_style</code> handle. Please see <a href=\"https://developer.wordpress.org/advanced-administration/debug/debug-wordpress/\">Debugging in WordPress</a> for more information. (This message was added in version 3.3.0.) in /wordpress/wp-includes/functions.php on line 6121",
    "log": "/logs/plugins/w/webuti-woocommerce-garanti-bankasi-sanal-pos/error.json"
  },
  {
    "message": "Function is_feed was called <strong>incorrectly</strong>. Conditional query tags do not work before the query is run. Before then, they always return false. Please see <a href=\"https://developer.wordpress.org/advanced-administration/debug/debug-wordpress/\">Debugging in WordPress</a> for more information. (This message was added in version 3.1.0.) in /wordpress/wp-includes/functions.php on line 6121",
    "level": "NOTICE",
    "type": "PHP",
    "test": "ast-sqlite-boot",
    "plugin": "webuti-woocommerce-garanti-bankasi-sanal-pos",
    "details": "[26-May-2025 16:41:25 UTC] PHP Notice:  Function is_feed was called <strong>incorrectly</strong>. Conditional query tags do not work before the query is run. Before then, they always return false. Please see <a href=\"https://developer.wordpress.org/advanced-administration/debug/debug-wordpress/\">Debugging in WordPress</a> for more information. (This message was added in version 3.1.0.) in /wordpress/wp-includes/functions.php on line 6121",
    "log": "/logs/plugins/w/webuti-woocommerce-garanti-bankasi-sanal-pos/error.json"
  },
  {
    "message": "Function wp_enqueue_style was called <strong>incorrectly</strong>. Scripts and styles should not be registered or enqueued until the <code>wp_enqueue_scripts</code>, <code>admin_enqueue_scripts</code>, or <code>login_enqueue_scripts</code> hooks. This notice was triggered by the <code>rdi_style</code> handle. Please see <a href=\"https://developer.wordpress.org/advanced-administration/debug/debug-wordpress/\">Debugging in WordPress</a> for more information. (This message was added in version 3.3.0.) in /wordpress/wp-includes/functions.php on line 6121",
    "level": "NOTICE",
    "type": "PHP",
    "test": "ast-sqlite-boot",
    "plugin": "webuti-woocommerce-garanti-bankasi-sanal-pos",
    "details": "[26-May-2025 16:41:34 UTC] PHP Notice:  Function wp_enqueue_style was called <strong>incorrectly</strong>. Scripts and styles should not be registered or enqueued until the <code>wp_enqueue_scripts</code>, <code>admin_enqueue_scripts</code>, or <code>login_enqueue_scripts</code> hooks. This notice was triggered by the <code>rdi_style</code> handle. Please see <a href=\"https://developer.wordpress.org/advanced-administration/debug/debug-wordpress/\">Debugging in WordPress</a> for more information. (This message was added in version 3.3.0.) in /wordpress/wp-includes/functions.php on line 6121",
    "log": "/logs/plugins/w/webuti-woocommerce-garanti-bankasi-sanal-pos/error.json"
  },
  {
    "message": "Function is_feed was called <strong>incorrectly</strong>. Conditional query tags do not work before the query is run. Before then, they always return false. Please see <a href=\"https://developer.wordpress.org/advanced-administration/debug/debug-wordpress/\">Debugging in WordPress</a> for more information. (This message was added in version 3.1.0.) in /wordpress/wp-includes/functions.php on line 6121",
    "level": "NOTICE",
    "type": "PHP",
    "test": "ast-sqlite-boot",
    "plugin": "webuti-woocommerce-garanti-bankasi-sanal-pos",
    "details": "[26-May-2025 16:41:34 UTC] PHP Notice:  Function is_feed was called <strong>incorrectly</strong>. Conditional query tags do not work before the query is run. Before then, they always return false. Please see <a href=\"https://developer.wordpress.org/advanced-administration/debug/debug-wordpress/\">Debugging in WordPress</a> for more information. (This message was added in version 3.1.0.) in /wordpress/wp-includes/functions.php on line 6121\n\n    at Object.onBind (file:///home/runner/work/playground-tester/playground-tester/node_modules/@wp-playground/cli/index.js:237:15)\n    at process.processTicksAndRejections (node:internal/process/task_queues:105:5)\n    at async V (file:///home/runner/work/playground-tester/playground-tester/node_modules/@wp-playground/cli/index.js:64:10)\n    at async ja (file:///home/runner/work/playground-tester/playground-tester/node_modules/@wp-playground/cli/cli.js:8161:12) {\n  [cause]: Error: Error when executing the blueprint step #5 ({\"step\":\"installPlugin\",\"pluginData\":{\"resource\":\"wordpress.org/plugins\",\"slug\":\"webuti-woocommerce-garanti-bankasi-sanal-pos\"},\"options\":{\"activate\":true}}) : Plugin /wordpress/wp-content/plugins/webuti-woocommerce-garanti-bankasi-sanal-pos could not be activated  WordPress exited with no error. Sometimes, when $_SERVER or site options are not configured correctly, WordPress exits early with a 301 redirect. Inspect the \"debug\" logs in the console for more details.\n      at Object.run (file:///home/runner/work/playground-tester/playground-tester/node_modules/@wp-playground/blueprints/index.js:12449:19)\n      at process.processTicksAndRejections (node:internal/process/task_queues:105:5)\n      at async ms (file:///home/runner/work/playground-tester/playground-tester/node_modules/@wp-playground/blueprints/index.js:12552:3)\n      ... 2 lines matching cause stack trace ...\n      at async ja (file:///home/runner/work/playground-tester/playground-tester/node_modules/@wp-playground/cli/cli.js:8161:12) {\n    [cause]: Error: Plugin /wordpress/wp-content/plugins/webuti-woocommerce-garanti-bankasi-sanal-pos could not be activated  WordPress exited with no error. Sometimes, when $_SERVER or site options are not configured correctly, WordPress exits early with a 301 redirect. Inspect the \"debug\" logs in the console for more details.\n        at wr (file:///home/runner/work/playground-tester/playground-tester/node_modules/@wp-playground/blueprints/index.js:119:51)\n        at process.processTicksAndRejections (node:internal/process/task_queues:105:5)\n        at async Object.gt [as installPlugin] (file:///home/runner/work/playground-tester/playground-tester/node_modules/@wp-playground/blueprints/index.js:974:42)\n        at async g (file:///home/runner/work/playground-tester/playground-tester/node_modules/@wp-playground/blueprints/index.js:12517:30)\n        at async Object.run (file:///home/runner/work/playground-tester/playground-tester/node_modules/@wp-playground/blueprints/index.js:12446:23)\n        at async ms (file:///home/runner/work/playground-tester/playground-tester/node_modules/@wp-playground/blueprints/index.js:12552:3)\n        at async Object.onBind (file:///home/runner/work/playground-tester/playground-tester/node_modules/@wp-playground/cli/index.js:227:48)\n        at async V (file:///home/runner/work/playground-tester/playground-tester/node_modules/@wp-playground/cli/index.js:64:10)\n        at async ja (file:///home/runner/work/playground-tester/playground-tester/node_modules/@wp-playground/cli/cli.js:8161:12)\n  }\n}\n\n",
    "log": "/logs/plugins/w/webuti-woocommerce-garanti-bankasi-sanal-pos/error.json"
  },
  {
    "message": "file:///home/runner/work/playground-tester/playground-tester/node_modules/@wp-playground/cli/index.js:237\n        throw new Error(y, { cause: u });\n              ^\n",
    "level": "FATAL",
    "type": "PLAYGROUND",
    "test": "asyncify-boot",
    "plugin": "webuti-woocommerce-garanti-bankasi-sanal-pos",
    "details": "file:///home/runner/work/playground-tester/playground-tester/node_modules/@wp-playground/cli/index.js:237\n        throw new Error(y, { cause: u });\n              ^\n",
    "log": "/tmp/tmp.O9Vnhl2Zq6"
  },
  {
    "message": "iconv_set_encoding(): Use of iconv.internal_encoding is deprecated in /wordpress/wp-content/plugins/wopzen2/vendor/ZF2/library/Zend/Validator/Hostname.php on line 490",
    "level": "DEPRECATED",
    "type": "PHP",
    "test": "asyncify-boot",
    "plugin": "webuti-woocommerce-garanti-bankasi-sanal-pos",
    "details": "[26-May-2025 16:35:44 UTC] PHP Deprecated:  iconv_set_encoding(): Use of iconv.internal_encoding is deprecated in /wordpress/wp-content/plugins/wopzen2/vendor/ZF2/library/Zend/Validator/Hostname.php on line 490",
    "log": "/logs/plugins/w/webuti-woocommerce-garanti-bankasi-sanal-pos/error.json"
  },
  {
    "message": "iconv_set_encoding(): Use of iconv.internal_encoding is deprecated in /wordpress/wp-content/plugins/wopzen2/vendor/ZF2/library/Zend/Validator/Hostname.php on line 586",
    "level": "DEPRECATED",
    "type": "PHP",
    "test": "asyncify-boot",
    "plugin": "webuti-woocommerce-garanti-bankasi-sanal-pos",
    "details": "[26-May-2025 16:35:44 UTC] PHP Deprecated:  iconv_set_encoding(): Use of iconv.internal_encoding is deprecated in /wordpress/wp-content/plugins/wopzen2/vendor/ZF2/library/Zend/Validator/Hostname.php on line 586",
    "log": "/logs/plugins/w/webuti-woocommerce-garanti-bankasi-sanal-pos/error.json"
  },
  {
    "message": "Uncaught Zend\\Uri\\Exception\\InvalidUriPartException: Host \"example.com:443\" is not valid or is not accepted by Zend\\Uri\\Http in /wordpress/wp-content/plugins/wopzen2/vendor/ZF2/library/Zend/Uri/Uri.php:729",
    "level": "FATAL",
    "type": "PHP",
    "test": "asyncify-boot",
    "plugin": "webuti-woocommerce-garanti-bankasi-sanal-pos",
    "details": "[26-May-2025 16:35:44 UTC] PHP Fatal error:  Uncaught Zend\\Uri\\Exception\\InvalidUriPartException: Host \"example.com:443\" is not valid or is not accepted by Zend\\Uri\\Http in /wordpress/wp-content/plugins/wopzen2/vendor/ZF2/library/Zend/Uri/Uri.php:729\nStack trace:\n#0 /wordpress/wp-content/plugins/wopzen2/vendor/ZF2/library/Zend/Http/PhpEnvironment/Request.php(285): Zend\\Uri\\Uri->setHost('example.com:443')\n#1 /wordpress/wp-content/plugins/wopzen2/vendor/ZF2/library/Zend/Http/PhpEnvironment/Request.php(85): Zend\\Http\\PhpEnvironment\\Request->setServer(Object(Zend\\Stdlib\\Parameters))\n#2 /wordpress/wp-content/plugins/wopzen2/vendor/ZF2/library/Zend/Mvc/Application.php(126): Zend\\Http\\PhpEnvironment\\Request->__construct()\n#3 /wordpress/wp-content/plugins/wopzen2/vendor/ZF2/library/Zend/Mvc/Service/ApplicationFactory.php(35): Zend\\Mvc\\Application->__construct(Array, Object(Zend\\ServiceManager\\ServiceManager))\n#4 [internal function]: Zend\\Mvc\\Service\\ApplicationFactory->createService(Object(Zend\\ServiceManager\\ServiceManager), 'application', 'Application')\n#5 /wordpress/wp-content/plugins/wopzen2/vendor/ZF2/library/Zend/ServiceManager/ServiceManager.php(726): call_user_func(Array, Object(Zend\\ServiceManager\\ServiceManager), 'application', 'Application')\n#6 /wordpress/wp-content/plugins/wopzen2/vendor/ZF2/library/Zend/ServiceManager/ServiceManager.php(841): Zend\\ServiceManager\\ServiceManager->createServiceViaCallback(Array, 'application', 'Application')\n#7 /wordpress/wp-content/plugins/wopzen2/vendor/ZF2/library/Zend/ServiceManager/ServiceManager.php(487): Zend\\ServiceManager\\ServiceManager->createFromFactory('application', 'Application')\n#8 /wordpress/wp-content/plugins/wopzen2/vendor/ZF2/library/Zend/ServiceManager/ServiceManager.php(442): Zend\\ServiceManager\\ServiceManager->create(Array)\n#9 /wordpress/wp-content/plugins/wopzen2/wpzf2.php(66): Zend\\ServiceManager\\ServiceManager->get('Application')\n#10 /wordpress/wp-admin/includes/plugin.php(2387): include_once('/wordpress/wp-c...')\n#11 /wordpress/wp-admin/includes/plugin.php(673): plugin_sandbox_scrape('wopzen2/wpzf2.p...')\n#12 /internal/eval.php(20): activate_plugin('wopzen2/wpzf2.p...')\n#13 {main}\n\nNext Zend\\ServiceManager\\Exception\\ServiceNotCreatedException: An exception was raised while creating \"Application\"; no instance returned in /wordpress/wp-content/plugins/wopzen2/vendor/ZF2/library/Zend/ServiceManager/ServiceManager.php:733\nStack trace:\n#0 /wordpress/wp-content/plugins/wopzen2/vendor/ZF2/library/Zend/ServiceManager/ServiceManager.php(841): Zend\\ServiceManager\\ServiceManager->createServiceViaCallback(Array, 'application', 'Application')\n#1 /wordpress/wp-content/plugins/wopzen2/vendor/ZF2/library/Zend/ServiceManager/ServiceManager.php(487): Zend\\ServiceManager\\ServiceManager->createFromFactory('application', 'Application')\n#2 /wordpress/wp-content/plugins/wopzen2/vendor/ZF2/library/Zend/ServiceManager/ServiceManager.php(442): Zend\\ServiceManager\\ServiceManager->create(Array)\n#3 /wordpress/wp-content/plugins/wopzen2/wpzf2.php(66): Zend\\ServiceManager\\ServiceManager->get('Application')\n#4 /wordpress/wp-admin/includes/plugin.php(2387): include_once('/wordpress/wp-c...')\n#5 /wordpress/wp-admin/includes/plugin.php(673): plugin_sandbox_scrape('wopzen2/wpzf2.p...')\n#6 /internal/eval.php(20): activate_plugin('wopzen2/wpzf2.p...')\n#7 {main}\n  thrown in /wordpress/wp-content/plugins/wopzen2/vendor/ZF2/library/Zend/ServiceManager/ServiceManager.php on line 733",
    "log": "/logs/plugins/w/webuti-woocommerce-garanti-bankasi-sanal-pos/error.json"
  },
  {
    "message": "iconv_set_encoding(): Use of iconv.internal_encoding is deprecated in /wordpress/wp-content/plugins/wopzen2/vendor/ZF2/library/Zend/Validator/Hostname.php on line 490",
    "level": "DEPRECATED",
    "type": "PHP",
    "test": "asyncify-boot",
    "plugin": "webuti-woocommerce-garanti-bankasi-sanal-pos",
    "details": "[26-May-2025 16:35:55 UTC] PHP Deprecated:  iconv_set_encoding(): Use of iconv.internal_encoding is deprecated in /wordpress/wp-content/plugins/wopzen2/vendor/ZF2/library/Zend/Validator/Hostname.php on line 490",
    "log": "/logs/plugins/w/webuti-woocommerce-garanti-bankasi-sanal-pos/error.json"
  },
  {
    "message": "iconv_set_encoding(): Use of iconv.internal_encoding is deprecated in /wordpress/wp-content/plugins/wopzen2/vendor/ZF2/library/Zend/Validator/Hostname.php on line 586",
    "level": "DEPRECATED",
    "type": "PHP",
    "test": "asyncify-boot",
    "plugin": "webuti-woocommerce-garanti-bankasi-sanal-pos",
    "details": "[26-May-2025 16:35:55 UTC] PHP Deprecated:  iconv_set_encoding(): Use of iconv.internal_encoding is deprecated in /wordpress/wp-content/plugins/wopzen2/vendor/ZF2/library/Zend/Validator/Hostname.php on line 586",
    "log": "/logs/plugins/w/webuti-woocommerce-garanti-bankasi-sanal-pos/error.json"
  },
  {
    "message": "Uncaught Zend\\Uri\\Exception\\InvalidUriPartException: Host \"example.com:443\" is not valid or is not accepted by Zend\\Uri\\Http in /wordpress/wp-content/plugins/wopzen2/vendor/ZF2/library/Zend/Uri/Uri.php:729",
    "level": "FATAL",
    "type": "PHP",
    "test": "asyncify-boot",
    "plugin": "webuti-woocommerce-garanti-bankasi-sanal-pos",
    "details": "[26-May-2025 16:35:55 UTC] PHP Fatal error:  Uncaught Zend\\Uri\\Exception\\InvalidUriPartException: Host \"example.com:443\" is not valid or is not accepted by Zend\\Uri\\Http in /wordpress/wp-content/plugins/wopzen2/vendor/ZF2/library/Zend/Uri/Uri.php:729\nStack trace:\n#0 /wordpress/wp-content/plugins/wopzen2/vendor/ZF2/library/Zend/Http/PhpEnvironment/Request.php(285): Zend\\Uri\\Uri->setHost('example.com:443')\n#1 /wordpress/wp-content/plugins/wopzen2/vendor/ZF2/library/Zend/Http/PhpEnvironment/Request.php(85): Zend\\Http\\PhpEnvironment\\Request->setServer(Object(Zend\\Stdlib\\Parameters))\n#2 /wordpress/wp-content/plugins/wopzen2/vendor/ZF2/library/Zend/Mvc/Application.php(126): Zend\\Http\\PhpEnvironment\\Request->__construct()\n#3 /wordpress/wp-content/plugins/wopzen2/vendor/ZF2/library/Zend/Mvc/Service/ApplicationFactory.php(35): Zend\\Mvc\\Application->__construct(Array, Object(Zend\\ServiceManager\\ServiceManager))\n#4 [internal function]: Zend\\Mvc\\Service\\ApplicationFactory->createService(Object(Zend\\ServiceManager\\ServiceManager), 'application', 'Application')\n#5 /wordpress/wp-content/plugins/wopzen2/vendor/ZF2/library/Zend/ServiceManager/ServiceManager.php(726): call_user_func(Array, Object(Zend\\ServiceManager\\ServiceManager), 'application', 'Application')\n#6 /wordpress/wp-content/plugins/wopzen2/vendor/ZF2/library/Zend/ServiceManager/ServiceManager.php(841): Zend\\ServiceManager\\ServiceManager->createServiceViaCallback(Array, 'application', 'Application')\n#7 /wordpress/wp-content/plugins/wopzen2/vendor/ZF2/library/Zend/ServiceManager/ServiceManager.php(487): Zend\\ServiceManager\\ServiceManager->createFromFactory('application', 'Application')\n#8 /wordpress/wp-content/plugins/wopzen2/vendor/ZF2/library/Zend/ServiceManager/ServiceManager.php(442): Zend\\ServiceManager\\ServiceManager->create(Array)\n#9 /wordpress/wp-content/plugins/wopzen2/wpzf2.php(66): Zend\\ServiceManager\\ServiceManager->get('Application')\n#10 /wordpress/wp-admin/includes/plugin.php(2387): include_once('/wordpress/wp-c...')\n#11 /wordpress/wp-admin/includes/plugin.php(673): plugin_sandbox_scrape('wopzen2/wpzf2.p...')\n#12 /internal/eval.php(20): activate_plugin('wopzen2/wpzf2.p...')\n#13 {main}\n\nNext Zend\\ServiceManager\\Exception\\ServiceNotCreatedException: An exception was raised while creating \"Application\"; no instance returned in /wordpress/wp-content/plugins/wopzen2/vendor/ZF2/library/Zend/ServiceManager/ServiceManager.php:733\nStack trace:\n#0 /wordpress/wp-content/plugins/wopzen2/vendor/ZF2/library/Zend/ServiceManager/ServiceManager.php(841): Zend\\ServiceManager\\ServiceManager->createServiceViaCallback(Array, 'application', 'Application')\n#1 /wordpress/wp-content/plugins/wopzen2/vendor/ZF2/library/Zend/ServiceManager/ServiceManager.php(487): Zend\\ServiceManager\\ServiceManager->createFromFactory('application', 'Application')\n#2 /wordpress/wp-content/plugins/wopzen2/vendor/ZF2/library/Zend/ServiceManager/ServiceManager.php(442): Zend\\ServiceManager\\ServiceManager->create(Array)\n#3 /wordpress/wp-content/plugins/wopzen2/wpzf2.php(66): Zend\\ServiceManager\\ServiceManager->get('Application')\n#4 /wordpress/wp-admin/includes/plugin.php(2387): include_once('/wordpress/wp-c...')\n#5 /wordpress/wp-admin/includes/plugin.php(673): plugin_sandbox_scrape('wopzen2/wpzf2.p...')\n#6 /internal/eval.php(20): activate_plugin('wopzen2/wpzf2.p...')\n#7 {main}\n  thrown in /wordpress/wp-content/plugins/wopzen2/vendor/ZF2/library/Zend/ServiceManager/ServiceManager.php on line 733",
    "log": "/logs/plugins/w/webuti-woocommerce-garanti-bankasi-sanal-pos/error.json"
  },
  {
    "message": "iconv_set_encoding(): Use of iconv.internal_encoding is deprecated in /wordpress/wp-content/plugins/wopzen2/vendor/ZF2/library/Zend/Validator/Hostname.php on line 490",
    "level": "DEPRECATED",
    "type": "PHP",
    "test": "asyncify-boot",
    "plugin": "webuti-woocommerce-garanti-bankasi-sanal-pos",
    "details": "[26-May-2025 16:36:08 UTC] PHP Deprecated:  iconv_set_encoding(): Use of iconv.internal_encoding is deprecated in /wordpress/wp-content/plugins/wopzen2/vendor/ZF2/library/Zend/Validator/Hostname.php on line 490",
    "log": "/logs/plugins/w/webuti-woocommerce-garanti-bankasi-sanal-pos/error.json"
  },
  {
    "message": "iconv_set_encoding(): Use of iconv.internal_encoding is deprecated in /wordpress/wp-content/plugins/wopzen2/vendor/ZF2/library/Zend/Validator/Hostname.php on line 586",
    "level": "DEPRECATED",
    "type": "PHP",
    "test": "asyncify-boot",
    "plugin": "webuti-woocommerce-garanti-bankasi-sanal-pos",
    "details": "[26-May-2025 16:36:08 UTC] PHP Deprecated:  iconv_set_encoding(): Use of iconv.internal_encoding is deprecated in /wordpress/wp-content/plugins/wopzen2/vendor/ZF2/library/Zend/Validator/Hostname.php on line 586",
    "log": "/logs/plugins/w/webuti-woocommerce-garanti-bankasi-sanal-pos/error.json"
  },
  {
    "message": "Uncaught Zend\\Uri\\Exception\\InvalidUriPartException: Host \"example.com:443\" is not valid or is not accepted by Zend\\Uri\\Http in /wordpress/wp-content/plugins/wopzen2/vendor/ZF2/library/Zend/Uri/Uri.php:729",
    "level": "FATAL",
    "type": "PHP",
    "test": "asyncify-boot",
    "plugin": "webuti-woocommerce-garanti-bankasi-sanal-pos",
    "details": "[26-May-2025 16:36:08 UTC] PHP Fatal error:  Uncaught Zend\\Uri\\Exception\\InvalidUriPartException: Host \"example.com:443\" is not valid or is not accepted by Zend\\Uri\\Http in /wordpress/wp-content/plugins/wopzen2/vendor/ZF2/library/Zend/Uri/Uri.php:729\nStack trace:\n#0 /wordpress/wp-content/plugins/wopzen2/vendor/ZF2/library/Zend/Http/PhpEnvironment/Request.php(285): Zend\\Uri\\Uri->setHost('example.com:443')\n#1 /wordpress/wp-content/plugins/wopzen2/vendor/ZF2/library/Zend/Http/PhpEnvironment/Request.php(85): Zend\\Http\\PhpEnvironment\\Request->setServer(Object(Zend\\Stdlib\\Parameters))\n#2 /wordpress/wp-content/plugins/wopzen2/vendor/ZF2/library/Zend/Mvc/Application.php(126): Zend\\Http\\PhpEnvironment\\Request->__construct()\n#3 /wordpress/wp-content/plugins/wopzen2/vendor/ZF2/library/Zend/Mvc/Service/ApplicationFactory.php(35): Zend\\Mvc\\Application->__construct(Array, Object(Zend\\ServiceManager\\ServiceManager))\n#4 [internal function]: Zend\\Mvc\\Service\\ApplicationFactory->createService(Object(Zend\\ServiceManager\\ServiceManager), 'application', 'Application')\n#5 /wordpress/wp-content/plugins/wopzen2/vendor/ZF2/library/Zend/ServiceManager/ServiceManager.php(726): call_user_func(Array, Object(Zend\\ServiceManager\\ServiceManager), 'application', 'Application')\n#6 /wordpress/wp-content/plugins/wopzen2/vendor/ZF2/library/Zend/ServiceManager/ServiceManager.php(841): Zend\\ServiceManager\\ServiceManager->createServiceViaCallback(Array, 'application', 'Application')\n#7 /wordpress/wp-content/plugins/wopzen2/vendor/ZF2/library/Zend/ServiceManager/ServiceManager.php(487): Zend\\ServiceManager\\ServiceManager->createFromFactory('application', 'Application')\n#8 /wordpress/wp-content/plugins/wopzen2/vendor/ZF2/library/Zend/ServiceManager/ServiceManager.php(442): Zend\\ServiceManager\\ServiceManager->create(Array)\n#9 /wordpress/wp-content/plugins/wopzen2/wpzf2.php(66): Zend\\ServiceManager\\ServiceManager->get('Application')\n#10 /wordpress/wp-admin/includes/plugin.php(2387): include_once('/wordpress/wp-c...')\n#11 /wordpress/wp-admin/includes/plugin.php(673): plugin_sandbox_scrape('wopzen2/wpzf2.p...')\n#12 /internal/eval.php(20): activate_plugin('wopzen2/wpzf2.p...')\n#13 {main}\n\nNext Zend\\ServiceManager\\Exception\\ServiceNotCreatedException: An exception was raised while creating \"Application\"; no instance returned in /wordpress/wp-content/plugins/wopzen2/vendor/ZF2/library/Zend/ServiceManager/ServiceManager.php:733\nStack trace:\n#0 /wordpress/wp-content/plugins/wopzen2/vendor/ZF2/library/Zend/ServiceManager/ServiceManager.php(841): Zend\\ServiceManager\\ServiceManager->createServiceViaCallback(Array, 'application', 'Application')\n#1 /wordpress/wp-content/plugins/wopzen2/vendor/ZF2/library/Zend/ServiceManager/ServiceManager.php(487): Zend\\ServiceManager\\ServiceManager->createFromFactory('application', 'Application')\n#2 /wordpress/wp-content/plugins/wopzen2/vendor/ZF2/library/Zend/ServiceManager/ServiceManager.php(442): Zend\\ServiceManager\\ServiceManager->create(Array)\n#3 /wordpress/wp-content/plugins/wopzen2/wpzf2.php(66): Zend\\ServiceManager\\ServiceManager->get('Application')\n#4 /wordpress/wp-admin/includes/plugin.php(2387): include_once('/wordpress/wp-c...')\n#5 /wordpress/wp-admin/includes/plugin.php(673): plugin_sandbox_scrape('wopzen2/wpzf2.p...')\n#6 /internal/eval.php(20): activate_plugin('wopzen2/wpzf2.p...')\n#7 {main}\n  thrown in /wordpress/wp-content/plugins/wopzen2/vendor/ZF2/library/Zend/ServiceManager/ServiceManager.php on line 733",
    "log": "/logs/plugins/w/webuti-woocommerce-garanti-bankasi-sanal-pos/error.json"
  },
  {
    "message": "Required parameter $timestamp follows optional parameter $formatted in /wordpress/wp-content/plugins/wordpress-file-monitor-plus/classes/wpfmp.class.php on line 681",
    "level": "DEPRECATED",
    "type": "PHP",
    "test": "asyncify-boot",
    "plugin": "webuti-woocommerce-garanti-bankasi-sanal-pos",
    "details": "[26-May-2025 16:36:16 UTC] PHP Deprecated:  Required parameter $timestamp follows optional parameter $formatted in /wordpress/wp-content/plugins/wordpress-file-monitor-plus/classes/wpfmp.class.php on line 681",
    "log": "/logs/plugins/w/webuti-woocommerce-garanti-bankasi-sanal-pos/error.json"
  },
  {
    "message": "Trying to access array offset on value of type bool in /wordpress/wp-content/plugins/wordpress-file-monitor-plus/classes/wpfmp.class.php on line 92",
    "level": "WARNING",
    "type": "PHP",
    "test": "asyncify-boot",
    "plugin": "webuti-woocommerce-garanti-bankasi-sanal-pos",
    "details": "[26-May-2025 16:36:16 UTC] PHP Warning:  Trying to access array offset on value of type bool in /wordpress/wp-content/plugins/wordpress-file-monitor-plus/classes/wpfmp.class.php on line 92",
    "log": "/logs/plugins/w/webuti-woocommerce-garanti-bankasi-sanal-pos/error.json"
  },
  {
    "message": "Trying to access array offset on value of type bool in /wordpress/wp-content/plugins/wordpress-file-monitor-plus/classes/wpfmp.class.php on line 98",
    "level": "WARNING",
    "type": "PHP",
    "test": "asyncify-boot",
    "plugin": "webuti-woocommerce-garanti-bankasi-sanal-pos",
    "details": "[26-May-2025 16:36:16 UTC] PHP Warning:  Trying to access array offset on value of type bool in /wordpress/wp-content/plugins/wordpress-file-monitor-plus/classes/wpfmp.class.php on line 98",
    "log": "/logs/plugins/w/webuti-woocommerce-garanti-bankasi-sanal-pos/error.json"
  },
  {
    "message": "Required parameter $timestamp follows optional parameter $formatted in /wordpress/wp-content/plugins/wordpress-file-monitor-plus/classes/wpfmp.class.php on line 681",
    "level": "DEPRECATED",
    "type": "PHP",
    "test": "asyncify-boot",
    "plugin": "webuti-woocommerce-garanti-bankasi-sanal-pos",
    "details": "[26-May-2025 16:36:16 UTC] PHP Deprecated:  Required parameter $timestamp follows optional parameter $formatted in /wordpress/wp-content/plugins/wordpress-file-monitor-plus/classes/wpfmp.class.php on line 681",
    "log": "/logs/plugins/w/webuti-woocommerce-garanti-bankasi-sanal-pos/error.json"
  },
  {
    "message": "Required parameter $timestamp follows optional parameter $formatted in /wordpress/wp-content/plugins/wordpress-file-monitor-plus/classes/wpfmp.class.php on line 681",
    "level": "DEPRECATED",
    "type": "PHP",
    "test": "asyncify-boot",
    "plugin": "webuti-woocommerce-garanti-bankasi-sanal-pos",
    "details": "[26-May-2025 16:36:25 UTC] PHP Deprecated:  Required parameter $timestamp follows optional parameter $formatted in /wordpress/wp-content/plugins/wordpress-file-monitor-plus/classes/wpfmp.class.php on line 681",
    "log": "/logs/plugins/w/webuti-woocommerce-garanti-bankasi-sanal-pos/error.json"
  },
  {
    "message": "Trying to access array offset on value of type bool in /wordpress/wp-content/plugins/wordpress-file-monitor-plus/classes/wpfmp.class.php on line 92",
    "level": "WARNING",
    "type": "PHP",
    "test": "asyncify-boot",
    "plugin": "webuti-woocommerce-garanti-bankasi-sanal-pos",
    "details": "[26-May-2025 16:36:25 UTC] PHP Warning:  Trying to access array offset on value of type bool in /wordpress/wp-content/plugins/wordpress-file-monitor-plus/classes/wpfmp.class.php on line 92",
    "log": "/logs/plugins/w/webuti-woocommerce-garanti-bankasi-sanal-pos/error.json"
  },
  {
    "message": "Trying to access array offset on value of type bool in /wordpress/wp-content/plugins/wordpress-file-monitor-plus/classes/wpfmp.class.php on line 98",
    "level": "WARNING",
    "type": "PHP",
    "test": "asyncify-boot",
    "plugin": "webuti-woocommerce-garanti-bankasi-sanal-pos",
    "details": "[26-May-2025 16:36:25 UTC] PHP Warning:  Trying to access array offset on value of type bool in /wordpress/wp-content/plugins/wordpress-file-monitor-plus/classes/wpfmp.class.php on line 98",
    "log": "/logs/plugins/w/webuti-woocommerce-garanti-bankasi-sanal-pos/error.json"
  },
  {
    "message": "Required parameter $timestamp follows optional parameter $formatted in /wordpress/wp-content/plugins/wordpress-file-monitor-plus/classes/wpfmp.class.php on line 681",
    "level": "DEPRECATED",
    "type": "PHP",
    "test": "asyncify-boot",
    "plugin": "webuti-woocommerce-garanti-bankasi-sanal-pos",
    "details": "[26-May-2025 16:36:26 UTC] PHP Deprecated:  Required parameter $timestamp follows optional parameter $formatted in /wordpress/wp-content/plugins/wordpress-file-monitor-plus/classes/wpfmp.class.php on line 681",
    "log": "/logs/plugins/w/webuti-woocommerce-garanti-bankasi-sanal-pos/error.json"
  },
  {
    "message": "Required parameter $timestamp follows optional parameter $formatted in /wordpress/wp-content/plugins/wordpress-file-monitor-plus/classes/wpfmp.class.php on line 681",
    "level": "DEPRECATED",
    "type": "PHP",
    "test": "asyncify-boot",
    "plugin": "webuti-woocommerce-garanti-bankasi-sanal-pos",
    "details": "[26-May-2025 16:36:34 UTC] PHP Deprecated:  Required parameter $timestamp follows optional parameter $formatted in /wordpress/wp-content/plugins/wordpress-file-monitor-plus/classes/wpfmp.class.php on line 681",
    "log": "/logs/plugins/w/webuti-woocommerce-garanti-bankasi-sanal-pos/error.json"
  },
  {
    "message": "Trying to access array offset on value of type bool in /wordpress/wp-content/plugins/wordpress-file-monitor-plus/classes/wpfmp.class.php on line 92",
    "level": "WARNING",
    "type": "PHP",
    "test": "asyncify-boot",
    "plugin": "webuti-woocommerce-garanti-bankasi-sanal-pos",
    "details": "[26-May-2025 16:36:34 UTC] PHP Warning:  Trying to access array offset on value of type bool in /wordpress/wp-content/plugins/wordpress-file-monitor-plus/classes/wpfmp.class.php on line 92",
    "log": "/logs/plugins/w/webuti-woocommerce-garanti-bankasi-sanal-pos/error.json"
  },
  {
    "message": "Trying to access array offset on value of type bool in /wordpress/wp-content/plugins/wordpress-file-monitor-plus/classes/wpfmp.class.php on line 98",
    "level": "WARNING",
    "type": "PHP",
    "test": "asyncify-boot",
    "plugin": "webuti-woocommerce-garanti-bankasi-sanal-pos",
    "details": "[26-May-2025 16:36:34 UTC] PHP Warning:  Trying to access array offset on value of type bool in /wordpress/wp-content/plugins/wordpress-file-monitor-plus/classes/wpfmp.class.php on line 98",
    "log": "/logs/plugins/w/webuti-woocommerce-garanti-bankasi-sanal-pos/error.json"
  },
  {
    "message": "Required parameter $timestamp follows optional parameter $formatted in /wordpress/wp-content/plugins/wordpress-file-monitor-plus/classes/wpfmp.class.php on line 681",
    "level": "DEPRECATED",
    "type": "PHP",
    "test": "asyncify-boot",
    "plugin": "webuti-woocommerce-garanti-bankasi-sanal-pos",
    "details": "[26-May-2025 16:36:35 UTC] PHP Deprecated:  Required parameter $timestamp follows optional parameter $formatted in /wordpress/wp-content/plugins/wordpress-file-monitor-plus/classes/wpfmp.class.php on line 681",
    "log": "/logs/plugins/w/webuti-woocommerce-garanti-bankasi-sanal-pos/error.json"
  },
  {
    "message": "Function _load_textdomain_just_in_time was called <strong>incorrectly</strong>. Translation loading for the <code>wp-idea-stream</code> domain was triggered too early. This is usually an indicator for some code in the plugin or theme running too early. Translations should be loaded at the <code>init</code> action or later. Please see <a href=\"https://developer.wordpress.org/advanced-administration/debug/debug-wordpress/\">Debugging in WordPress</a> for more information. (This message was added in version 6.7.0.) in /wordpress/wp-includes/functions.php on line 6121",
    "level": "NOTICE",
    "type": "PHP",
    "test": "asyncify-boot",
    "plugin": "webuti-woocommerce-garanti-bankasi-sanal-pos",
    "details": "[26-May-2025 16:37:38 UTC] PHP Notice:  Function _load_textdomain_just_in_time was called <strong>incorrectly</strong>. Translation loading for the <code>wp-idea-stream</code> domain was triggered too early. This is usually an indicator for some code in the plugin or theme running too early. Translations should be loaded at the <code>init</code> action or later. Please see <a href=\"https://developer.wordpress.org/advanced-administration/debug/debug-wordpress/\">Debugging in WordPress</a> for more information. (This message was added in version 6.7.0.) in /wordpress/wp-includes/functions.php on line 6121",
    "log": "/logs/plugins/w/webuti-woocommerce-garanti-bankasi-sanal-pos/error.json"
  },
  {
    "message": "Function _load_textdomain_just_in_time was called <strong>incorrectly</strong>. Translation loading for the <code>wp-idea-stream</code> domain was triggered too early. This is usually an indicator for some code in the plugin or theme running too early. Translations should be loaded at the <code>init</code> action or later. Please see <a href=\"https://developer.wordpress.org/advanced-administration/debug/debug-wordpress/\">Debugging in WordPress</a> for more information. (This message was added in version 6.7.0.) in /wordpress/wp-includes/functions.php on line 6121",
    "level": "NOTICE",
    "type": "PHP",
    "test": "asyncify-boot",
    "plugin": "webuti-woocommerce-garanti-bankasi-sanal-pos",
    "details": "[26-May-2025 16:37:47 UTC] PHP Notice:  Function _load_textdomain_just_in_time was called <strong>incorrectly</strong>. Translation loading for the <code>wp-idea-stream</code> domain was triggered too early. This is usually an indicator for some code in the plugin or theme running too early. Translations should be loaded at the <code>init</code> action or later. Please see <a href=\"https://developer.wordpress.org/advanced-administration/debug/debug-wordpress/\">Debugging in WordPress</a> for more information. (This message was added in version 6.7.0.) in /wordpress/wp-includes/functions.php on line 6121",
    "log": "/logs/plugins/w/webuti-woocommerce-garanti-bankasi-sanal-pos/error.json"
  },
  {
    "message": "Function _load_textdomain_just_in_time was called <strong>incorrectly</strong>. Translation loading for the <code>wp-idea-stream</code> domain was triggered too early. This is usually an indicator for some code in the plugin or theme running too early. Translations should be loaded at the <code>init</code> action or later. Please see <a href=\"https://developer.wordpress.org/advanced-administration/debug/debug-wordpress/\">Debugging in WordPress</a> for more information. (This message was added in version 6.7.0.) in /wordpress/wp-includes/functions.php on line 6121",
    "level": "NOTICE",
    "type": "PHP",
    "test": "asyncify-boot",
    "plugin": "webuti-woocommerce-garanti-bankasi-sanal-pos",
    "details": "[26-May-2025 16:37:57 UTC] PHP Notice:  Function _load_textdomain_just_in_time was called <strong>incorrectly</strong>. Translation loading for the <code>wp-idea-stream</code> domain was triggered too early. This is usually an indicator for some code in the plugin or theme running too early. Translations should be loaded at the <code>init</code> action or later. Please see <a href=\"https://developer.wordpress.org/advanced-administration/debug/debug-wordpress/\">Debugging in WordPress</a> for more information. (This message was added in version 6.7.0.) in /wordpress/wp-includes/functions.php on line 6121",
    "log": "/logs/plugins/w/webuti-woocommerce-garanti-bankasi-sanal-pos/error.json"
  },
  {
    "message": "Undefined array key \"stdt\" in /wordpress/wp-content/plugins/wp-analytics-pro/wp_analytics_pro.php on line 20",
    "level": "WARNING",
    "type": "PHP",
    "test": "asyncify-boot",
    "plugin": "webuti-woocommerce-garanti-bankasi-sanal-pos",
    "details": "[26-May-2025 16:40:29 UTC] PHP Warning:  Undefined array key \"stdt\" in /wordpress/wp-content/plugins/wp-analytics-pro/wp_analytics_pro.php on line 20",
    "log": "/logs/plugins/w/webuti-woocommerce-garanti-bankasi-sanal-pos/error.json"
  },
  {
    "message": "Undefined array key \"enddt\" in /wordpress/wp-content/plugins/wp-analytics-pro/wp_analytics_pro.php on line 21",
    "level": "WARNING",
    "type": "PHP",
    "test": "asyncify-boot",
    "plugin": "webuti-woocommerce-garanti-bankasi-sanal-pos",
    "details": "[26-May-2025 16:40:29 UTC] PHP Warning:  Undefined array key \"enddt\" in /wordpress/wp-content/plugins/wp-analytics-pro/wp_analytics_pro.php on line 21",
    "log": "/logs/plugins/w/webuti-woocommerce-garanti-bankasi-sanal-pos/error.json"
  },
  {
    "message": "Undefined array key \"cmp_data\" in /wordpress/wp-content/plugins/wp-analytics-pro/wp_analytics_pro.php on line 23",
    "level": "WARNING",
    "type": "PHP",
    "test": "asyncify-boot",
    "plugin": "webuti-woocommerce-garanti-bankasi-sanal-pos",
    "details": "[26-May-2025 16:40:29 UTC] PHP Warning:  Undefined array key \"cmp_data\" in /wordpress/wp-content/plugins/wp-analytics-pro/wp_analytics_pro.php on line 23",
    "log": "/logs/plugins/w/webuti-woocommerce-garanti-bankasi-sanal-pos/error.json"
  },
  {
    "message": "Undefined array key \"stdt\" in /wordpress/wp-content/plugins/wp-analytics-pro/wp_analytics_pro.php on line 20",
    "level": "WARNING",
    "type": "PHP",
    "test": "asyncify-boot",
    "plugin": "webuti-woocommerce-garanti-bankasi-sanal-pos",
    "details": "[26-May-2025 16:40:30 UTC] PHP Warning:  Undefined array key \"stdt\" in /wordpress/wp-content/plugins/wp-analytics-pro/wp_analytics_pro.php on line 20",
    "log": "/logs/plugins/w/webuti-woocommerce-garanti-bankasi-sanal-pos/error.json"
  },
  {
    "message": "Undefined array key \"enddt\" in /wordpress/wp-content/plugins/wp-analytics-pro/wp_analytics_pro.php on line 21",
    "level": "WARNING",
    "type": "PHP",
    "test": "asyncify-boot",
    "plugin": "webuti-woocommerce-garanti-bankasi-sanal-pos",
    "details": "[26-May-2025 16:40:30 UTC] PHP Warning:  Undefined array key \"enddt\" in /wordpress/wp-content/plugins/wp-analytics-pro/wp_analytics_pro.php on line 21",
    "log": "/logs/plugins/w/webuti-woocommerce-garanti-bankasi-sanal-pos/error.json"
  },
  {
    "message": "Undefined array key \"cmp_data\" in /wordpress/wp-content/plugins/wp-analytics-pro/wp_analytics_pro.php on line 23",
    "level": "WARNING",
    "type": "PHP",
    "test": "asyncify-boot",
    "plugin": "webuti-woocommerce-garanti-bankasi-sanal-pos",
    "details": "[26-May-2025 16:40:30 UTC] PHP Warning:  Undefined array key \"cmp_data\" in /wordpress/wp-content/plugins/wp-analytics-pro/wp_analytics_pro.php on line 23",
    "log": "/logs/plugins/w/webuti-woocommerce-garanti-bankasi-sanal-pos/error.json"
  },
  {
    "message": "Function wp_enqueue_script was called <strong>incorrectly</strong>. Scripts and styles should not be registered or enqueued until the <code>wp_enqueue_scripts</code>, <code>admin_enqueue_scripts</code>, or <code>login_enqueue_scripts</code> hooks. This notice was triggered by the <code>jqplot</code> handle. Please see <a href=\"https://developer.wordpress.org/advanced-administration/debug/debug-wordpress/\">Debugging in WordPress</a> for more information. (This message was added in version 3.3.0.) in /wordpress/wp-includes/functions.php on line 6121",
    "level": "NOTICE",
    "type": "PHP",
    "test": "asyncify-boot",
    "plugin": "webuti-woocommerce-garanti-bankasi-sanal-pos",
    "details": "[26-May-2025 16:40:30 UTC] PHP Notice:  Function wp_enqueue_script was called <strong>incorrectly</strong>. Scripts and styles should not be registered or enqueued until the <code>wp_enqueue_scripts</code>, <code>admin_enqueue_scripts</code>, or <code>login_enqueue_scripts</code> hooks. This notice was triggered by the <code>jqplot</code> handle. Please see <a href=\"https://developer.wordpress.org/advanced-administration/debug/debug-wordpress/\">Debugging in WordPress</a> for more information. (This message was added in version 3.3.0.) in /wordpress/wp-includes/functions.php on line 6121",
    "log": "/logs/plugins/w/webuti-woocommerce-garanti-bankasi-sanal-pos/error.json"
  },
  {
    "message": "Function wp_enqueue_script was called <strong>incorrectly</strong>. Scripts and styles should not be registered or enqueued until the <code>wp_enqueue_scripts</code>, <code>admin_enqueue_scripts</code>, or <code>login_enqueue_scripts</code> hooks. This notice was triggered by the <code>jqplottime</code> handle. Please see <a href=\"https://developer.wordpress.org/advanced-administration/debug/debug-wordpress/\">Debugging in WordPress</a> for more information. (This message was added in version 3.3.0.) in /wordpress/wp-includes/functions.php on line 6121",
    "level": "NOTICE",
    "type": "PHP",
    "test": "asyncify-boot",
    "plugin": "webuti-woocommerce-garanti-bankasi-sanal-pos",
    "details": "[26-May-2025 16:40:30 UTC] PHP Notice:  Function wp_enqueue_script was called <strong>incorrectly</strong>. Scripts and styles should not be registered or enqueued until the <code>wp_enqueue_scripts</code>, <code>admin_enqueue_scripts</code>, or <code>login_enqueue_scripts</code> hooks. This notice was triggered by the <code>jqplottime</code> handle. Please see <a href=\"https://developer.wordpress.org/advanced-administration/debug/debug-wordpress/\">Debugging in WordPress</a> for more information. (This message was added in version 3.3.0.) in /wordpress/wp-includes/functions.php on line 6121",
    "log": "/logs/plugins/w/webuti-woocommerce-garanti-bankasi-sanal-pos/error.json"
  },
  {
    "message": "Undefined array key \"stdt\" in /wordpress/wp-content/plugins/wp-analytics-pro/wp_analytics_pro.php on line 20",
    "level": "WARNING",
    "type": "PHP",
    "test": "asyncify-boot",
    "plugin": "webuti-woocommerce-garanti-bankasi-sanal-pos",
    "details": "[26-May-2025 16:40:37 UTC] PHP Warning:  Undefined array key \"stdt\" in /wordpress/wp-content/plugins/wp-analytics-pro/wp_analytics_pro.php on line 20",
    "log": "/logs/plugins/w/webuti-woocommerce-garanti-bankasi-sanal-pos/error.json"
  },
  {
    "message": "Undefined array key \"enddt\" in /wordpress/wp-content/plugins/wp-analytics-pro/wp_analytics_pro.php on line 21",
    "level": "WARNING",
    "type": "PHP",
    "test": "asyncify-boot",
    "plugin": "webuti-woocommerce-garanti-bankasi-sanal-pos",
    "details": "[26-May-2025 16:40:37 UTC] PHP Warning:  Undefined array key \"enddt\" in /wordpress/wp-content/plugins/wp-analytics-pro/wp_analytics_pro.php on line 21",
    "log": "/logs/plugins/w/webuti-woocommerce-garanti-bankasi-sanal-pos/error.json"
  },
  {
    "message": "Undefined array key \"cmp_data\" in /wordpress/wp-content/plugins/wp-analytics-pro/wp_analytics_pro.php on line 23",
    "level": "WARNING",
    "type": "PHP",
    "test": "asyncify-boot",
    "plugin": "webuti-woocommerce-garanti-bankasi-sanal-pos",
    "details": "[26-May-2025 16:40:37 UTC] PHP Warning:  Undefined array key \"cmp_data\" in /wordpress/wp-content/plugins/wp-analytics-pro/wp_analytics_pro.php on line 23",
    "log": "/logs/plugins/w/webuti-woocommerce-garanti-bankasi-sanal-pos/error.json"
  },
  {
    "message": "Undefined array key \"stdt\" in /wordpress/wp-content/plugins/wp-analytics-pro/wp_analytics_pro.php on line 20",
    "level": "WARNING",
    "type": "PHP",
    "test": "asyncify-boot",
    "plugin": "webuti-woocommerce-garanti-bankasi-sanal-pos",
    "details": "[26-May-2025 16:40:39 UTC] PHP Warning:  Undefined array key \"stdt\" in /wordpress/wp-content/plugins/wp-analytics-pro/wp_analytics_pro.php on line 20",
    "log": "/logs/plugins/w/webuti-woocommerce-garanti-bankasi-sanal-pos/error.json"
  },
  {
    "message": "Undefined array key \"enddt\" in /wordpress/wp-content/plugins/wp-analytics-pro/wp_analytics_pro.php on line 21",
    "level": "WARNING",
    "type": "PHP",
    "test": "asyncify-boot",
    "plugin": "webuti-woocommerce-garanti-bankasi-sanal-pos",
    "details": "[26-May-2025 16:40:39 UTC] PHP Warning:  Undefined array key \"enddt\" in /wordpress/wp-content/plugins/wp-analytics-pro/wp_analytics_pro.php on line 21",
    "log": "/logs/plugins/w/webuti-woocommerce-garanti-bankasi-sanal-pos/error.json"
  },
  {
    "message": "Undefined array key \"cmp_data\" in /wordpress/wp-content/plugins/wp-analytics-pro/wp_analytics_pro.php on line 23",
    "level": "WARNING",
    "type": "PHP",
    "test": "asyncify-boot",
    "plugin": "webuti-woocommerce-garanti-bankasi-sanal-pos",
    "details": "[26-May-2025 16:40:39 UTC] PHP Warning:  Undefined array key \"cmp_data\" in /wordpress/wp-content/plugins/wp-analytics-pro/wp_analytics_pro.php on line 23",
    "log": "/logs/plugins/w/webuti-woocommerce-garanti-bankasi-sanal-pos/error.json"
  },
  {
    "message": "Function wp_enqueue_script was called <strong>incorrectly</strong>. Scripts and styles should not be registered or enqueued until the <code>wp_enqueue_scripts</code>, <code>admin_enqueue_scripts</code>, or <code>login_enqueue_scripts</code> hooks. This notice was triggered by the <code>jqplot</code> handle. Please see <a href=\"https://developer.wordpress.org/advanced-administration/debug/debug-wordpress/\">Debugging in WordPress</a> for more information. (This message was added in version 3.3.0.) in /wordpress/wp-includes/functions.php on line 6121",
    "level": "NOTICE",
    "type": "PHP",
    "test": "asyncify-boot",
    "plugin": "webuti-woocommerce-garanti-bankasi-sanal-pos",
    "details": "[26-May-2025 16:40:39 UTC] PHP Notice:  Function wp_enqueue_script was called <strong>incorrectly</strong>. Scripts and styles should not be registered or enqueued until the <code>wp_enqueue_scripts</code>, <code>admin_enqueue_scripts</code>, or <code>login_enqueue_scripts</code> hooks. This notice was triggered by the <code>jqplot</code> handle. Please see <a href=\"https://developer.wordpress.org/advanced-administration/debug/debug-wordpress/\">Debugging in WordPress</a> for more information. (This message was added in version 3.3.0.) in /wordpress/wp-includes/functions.php on line 6121",
    "log": "/logs/plugins/w/webuti-woocommerce-garanti-bankasi-sanal-pos/error.json"
  },
  {
    "message": "Function wp_enqueue_script was called <strong>incorrectly</strong>. Scripts and styles should not be registered or enqueued until the <code>wp_enqueue_scripts</code>, <code>admin_enqueue_scripts</code>, or <code>login_enqueue_scripts</code> hooks. This notice was triggered by the <code>jqplottime</code> handle. Please see <a href=\"https://developer.wordpress.org/advanced-administration/debug/debug-wordpress/\">Debugging in WordPress</a> for more information. (This message was added in version 3.3.0.) in /wordpress/wp-includes/functions.php on line 6121",
    "level": "NOTICE",
    "type": "PHP",
    "test": "asyncify-boot",
    "plugin": "webuti-woocommerce-garanti-bankasi-sanal-pos",
    "details": "[26-May-2025 16:40:39 UTC] PHP Notice:  Function wp_enqueue_script was called <strong>incorrectly</strong>. Scripts and styles should not be registered or enqueued until the <code>wp_enqueue_scripts</code>, <code>admin_enqueue_scripts</code>, or <code>login_enqueue_scripts</code> hooks. This notice was triggered by the <code>jqplottime</code> handle. Please see <a href=\"https://developer.wordpress.org/advanced-administration/debug/debug-wordpress/\">Debugging in WordPress</a> for more information. (This message was added in version 3.3.0.) in /wordpress/wp-includes/functions.php on line 6121",
    "log": "/logs/plugins/w/webuti-woocommerce-garanti-bankasi-sanal-pos/error.json"
  },
  {
    "message": "Undefined array key \"stdt\" in /wordpress/wp-content/plugins/wp-analytics-pro/wp_analytics_pro.php on line 20",
    "level": "WARNING",
    "type": "PHP",
    "test": "asyncify-boot",
    "plugin": "webuti-woocommerce-garanti-bankasi-sanal-pos",
    "details": "[26-May-2025 16:40:46 UTC] PHP Warning:  Undefined array key \"stdt\" in /wordpress/wp-content/plugins/wp-analytics-pro/wp_analytics_pro.php on line 20",
    "log": "/logs/plugins/w/webuti-woocommerce-garanti-bankasi-sanal-pos/error.json"
  },
  {
    "message": "Undefined array key \"enddt\" in /wordpress/wp-content/plugins/wp-analytics-pro/wp_analytics_pro.php on line 21",
    "level": "WARNING",
    "type": "PHP",
    "test": "asyncify-boot",
    "plugin": "webuti-woocommerce-garanti-bankasi-sanal-pos",
    "details": "[26-May-2025 16:40:46 UTC] PHP Warning:  Undefined array key \"enddt\" in /wordpress/wp-content/plugins/wp-analytics-pro/wp_analytics_pro.php on line 21",
    "log": "/logs/plugins/w/webuti-woocommerce-garanti-bankasi-sanal-pos/error.json"
  },
  {
    "message": "Undefined array key \"cmp_data\" in /wordpress/wp-content/plugins/wp-analytics-pro/wp_analytics_pro.php on line 23",
    "level": "WARNING",
    "type": "PHP",
    "test": "asyncify-boot",
    "plugin": "webuti-woocommerce-garanti-bankasi-sanal-pos",
    "details": "[26-May-2025 16:40:46 UTC] PHP Warning:  Undefined array key \"cmp_data\" in /wordpress/wp-content/plugins/wp-analytics-pro/wp_analytics_pro.php on line 23",
    "log": "/logs/plugins/w/webuti-woocommerce-garanti-bankasi-sanal-pos/error.json"
  },
  {
    "message": "Undefined array key \"stdt\" in /wordpress/wp-content/plugins/wp-analytics-pro/wp_analytics_pro.php on line 20",
    "level": "WARNING",
    "type": "PHP",
    "test": "asyncify-boot",
    "plugin": "webuti-woocommerce-garanti-bankasi-sanal-pos",
    "details": "[26-May-2025 16:40:47 UTC] PHP Warning:  Undefined array key \"stdt\" in /wordpress/wp-content/plugins/wp-analytics-pro/wp_analytics_pro.php on line 20",
    "log": "/logs/plugins/w/webuti-woocommerce-garanti-bankasi-sanal-pos/error.json"
  },
  {
    "message": "Undefined array key \"enddt\" in /wordpress/wp-content/plugins/wp-analytics-pro/wp_analytics_pro.php on line 21",
    "level": "WARNING",
    "type": "PHP",
    "test": "asyncify-boot",
    "plugin": "webuti-woocommerce-garanti-bankasi-sanal-pos",
    "details": "[26-May-2025 16:40:47 UTC] PHP Warning:  Undefined array key \"enddt\" in /wordpress/wp-content/plugins/wp-analytics-pro/wp_analytics_pro.php on line 21",
    "log": "/logs/plugins/w/webuti-woocommerce-garanti-bankasi-sanal-pos/error.json"
  },
  {
    "message": "Undefined array key \"cmp_data\" in /wordpress/wp-content/plugins/wp-analytics-pro/wp_analytics_pro.php on line 23",
    "level": "WARNING",
    "type": "PHP",
    "test": "asyncify-boot",
    "plugin": "webuti-woocommerce-garanti-bankasi-sanal-pos",
    "details": "[26-May-2025 16:40:47 UTC] PHP Warning:  Undefined array key \"cmp_data\" in /wordpress/wp-content/plugins/wp-analytics-pro/wp_analytics_pro.php on line 23",
    "log": "/logs/plugins/w/webuti-woocommerce-garanti-bankasi-sanal-pos/error.json"
  },
  {
    "message": "Function wp_enqueue_script was called <strong>incorrectly</strong>. Scripts and styles should not be registered or enqueued until the <code>wp_enqueue_scripts</code>, <code>admin_enqueue_scripts</code>, or <code>login_enqueue_scripts</code> hooks. This notice was triggered by the <code>jqplot</code> handle. Please see <a href=\"https://developer.wordpress.org/advanced-administration/debug/debug-wordpress/\">Debugging in WordPress</a> for more information. (This message was added in version 3.3.0.) in /wordpress/wp-includes/functions.php on line 6121",
    "level": "NOTICE",
    "type": "PHP",
    "test": "asyncify-boot",
    "plugin": "webuti-woocommerce-garanti-bankasi-sanal-pos",
    "details": "[26-May-2025 16:40:47 UTC] PHP Notice:  Function wp_enqueue_script was called <strong>incorrectly</strong>. Scripts and styles should not be registered or enqueued until the <code>wp_enqueue_scripts</code>, <code>admin_enqueue_scripts</code>, or <code>login_enqueue_scripts</code> hooks. This notice was triggered by the <code>jqplot</code> handle. Please see <a href=\"https://developer.wordpress.org/advanced-administration/debug/debug-wordpress/\">Debugging in WordPress</a> for more information. (This message was added in version 3.3.0.) in /wordpress/wp-includes/functions.php on line 6121",
    "log": "/logs/plugins/w/webuti-woocommerce-garanti-bankasi-sanal-pos/error.json"
  },
  {
    "message": "Function wp_enqueue_script was called <strong>incorrectly</strong>. Scripts and styles should not be registered or enqueued until the <code>wp_enqueue_scripts</code>, <code>admin_enqueue_scripts</code>, or <code>login_enqueue_scripts</code> hooks. This notice was triggered by the <code>jqplottime</code> handle. Please see <a href=\"https://developer.wordpress.org/advanced-administration/debug/debug-wordpress/\">Debugging in WordPress</a> for more information. (This message was added in version 3.3.0.) in /wordpress/wp-includes/functions.php on line 6121",
    "level": "NOTICE",
    "type": "PHP",
    "test": "asyncify-boot",
    "plugin": "webuti-woocommerce-garanti-bankasi-sanal-pos",
    "details": "[26-May-2025 16:40:47 UTC] PHP Notice:  Function wp_enqueue_script was called <strong>incorrectly</strong>. Scripts and styles should not be registered or enqueued until the <code>wp_enqueue_scripts</code>, <code>admin_enqueue_scripts</code>, or <code>login_enqueue_scripts</code> hooks. This notice was triggered by the <code>jqplottime</code> handle. Please see <a href=\"https://developer.wordpress.org/advanced-administration/debug/debug-wordpress/\">Debugging in WordPress</a> for more information. (This message was added in version 3.3.0.) in /wordpress/wp-includes/functions.php on line 6121",
    "log": "/logs/plugins/w/webuti-woocommerce-garanti-bankasi-sanal-pos/error.json"
  },
  {
    "message": "Function wp_enqueue_style was called <strong>incorrectly</strong>. Scripts and styles should not be registered or enqueued until the <code>wp_enqueue_scripts</code>, <code>admin_enqueue_scripts</code>, or <code>login_enqueue_scripts</code> hooks. This notice was triggered by the <code>rdi_style</code> handle. Please see <a href=\"https://developer.wordpress.org/advanced-administration/debug/debug-wordpress/\">Debugging in WordPress</a> for more information. (This message was added in version 3.3.0.) in /wordpress/wp-includes/functions.php on line 6121",
    "level": "NOTICE",
    "type": "PHP",
    "test": "asyncify-boot",
    "plugin": "webuti-woocommerce-garanti-bankasi-sanal-pos",
    "details": "[26-May-2025 16:41:17 UTC] PHP Notice:  Function wp_enqueue_style was called <strong>incorrectly</strong>. Scripts and styles should not be registered or enqueued until the <code>wp_enqueue_scripts</code>, <code>admin_enqueue_scripts</code>, or <code>login_enqueue_scripts</code> hooks. This notice was triggered by the <code>rdi_style</code> handle. Please see <a href=\"https://developer.wordpress.org/advanced-administration/debug/debug-wordpress/\">Debugging in WordPress</a> for more information. (This message was added in version 3.3.0.) in /wordpress/wp-includes/functions.php on line 6121",
    "log": "/logs/plugins/w/webuti-woocommerce-garanti-bankasi-sanal-pos/error.json"
  },
  {
    "message": "Function is_feed was called <strong>incorrectly</strong>. Conditional query tags do not work before the query is run. Before then, they always return false. Please see <a href=\"https://developer.wordpress.org/advanced-administration/debug/debug-wordpress/\">Debugging in WordPress</a> for more information. (This message was added in version 3.1.0.) in /wordpress/wp-includes/functions.php on line 6121",
    "level": "NOTICE",
    "type": "PHP",
    "test": "asyncify-boot",
    "plugin": "webuti-woocommerce-garanti-bankasi-sanal-pos",
    "details": "[26-May-2025 16:41:17 UTC] PHP Notice:  Function is_feed was called <strong>incorrectly</strong>. Conditional query tags do not work before the query is run. Before then, they always return false. Please see <a href=\"https://developer.wordpress.org/advanced-administration/debug/debug-wordpress/\">Debugging in WordPress</a> for more information. (This message was added in version 3.1.0.) in /wordpress/wp-includes/functions.php on line 6121",
    "log": "/logs/plugins/w/webuti-woocommerce-garanti-bankasi-sanal-pos/error.json"
  },
  {
    "message": "Function wp_enqueue_style was called <strong>incorrectly</strong>. Scripts and styles should not be registered or enqueued until the <code>wp_enqueue_scripts</code>, <code>admin_enqueue_scripts</code>, or <code>login_enqueue_scripts</code> hooks. This notice was triggered by the <code>rdi_style</code> handle. Please see <a href=\"https://developer.wordpress.org/advanced-administration/debug/debug-wordpress/\">Debugging in WordPress</a> for more information. (This message was added in version 3.3.0.) in /wordpress/wp-includes/functions.php on line 6121",
    "level": "NOTICE",
    "type": "PHP",
    "test": "asyncify-boot",
    "plugin": "webuti-woocommerce-garanti-bankasi-sanal-pos",
    "details": "[26-May-2025 16:41:25 UTC] PHP Notice:  Function wp_enqueue_style was called <strong>incorrectly</strong>. Scripts and styles should not be registered or enqueued until the <code>wp_enqueue_scripts</code>, <code>admin_enqueue_scripts</code>, or <code>login_enqueue_scripts</code> hooks. This notice was triggered by the <code>rdi_style</code> handle. Please see <a href=\"https://developer.wordpress.org/advanced-administration/debug/debug-wordpress/\">Debugging in WordPress</a> for more information. (This message was added in version 3.3.0.) in /wordpress/wp-includes/functions.php on line 6121",
    "log": "/logs/plugins/w/webuti-woocommerce-garanti-bankasi-sanal-pos/error.json"
  },
  {
    "message": "Function is_feed was called <strong>incorrectly</strong>. Conditional query tags do not work before the query is run. Before then, they always return false. Please see <a href=\"https://developer.wordpress.org/advanced-administration/debug/debug-wordpress/\">Debugging in WordPress</a> for more information. (This message was added in version 3.1.0.) in /wordpress/wp-includes/functions.php on line 6121",
    "level": "NOTICE",
    "type": "PHP",
    "test": "asyncify-boot",
    "plugin": "webuti-woocommerce-garanti-bankasi-sanal-pos",
    "details": "[26-May-2025 16:41:25 UTC] PHP Notice:  Function is_feed was called <strong>incorrectly</strong>. Conditional query tags do not work before the query is run. Before then, they always return false. Please see <a href=\"https://developer.wordpress.org/advanced-administration/debug/debug-wordpress/\">Debugging in WordPress</a> for more information. (This message was added in version 3.1.0.) in /wordpress/wp-includes/functions.php on line 6121",
    "log": "/logs/plugins/w/webuti-woocommerce-garanti-bankasi-sanal-pos/error.json"
  },
  {
    "message": "Function wp_enqueue_style was called <strong>incorrectly</strong>. Scripts and styles should not be registered or enqueued until the <code>wp_enqueue_scripts</code>, <code>admin_enqueue_scripts</code>, or <code>login_enqueue_scripts</code> hooks. This notice was triggered by the <code>rdi_style</code> handle. Please see <a href=\"https://developer.wordpress.org/advanced-administration/debug/debug-wordpress/\">Debugging in WordPress</a> for more information. (This message was added in version 3.3.0.) in /wordpress/wp-includes/functions.php on line 6121",
    "level": "NOTICE",
    "type": "PHP",
    "test": "asyncify-boot",
    "plugin": "webuti-woocommerce-garanti-bankasi-sanal-pos",
    "details": "[26-May-2025 16:41:34 UTC] PHP Notice:  Function wp_enqueue_style was called <strong>incorrectly</strong>. Scripts and styles should not be registered or enqueued until the <code>wp_enqueue_scripts</code>, <code>admin_enqueue_scripts</code>, or <code>login_enqueue_scripts</code> hooks. This notice was triggered by the <code>rdi_style</code> handle. Please see <a href=\"https://developer.wordpress.org/advanced-administration/debug/debug-wordpress/\">Debugging in WordPress</a> for more information. (This message was added in version 3.3.0.) in /wordpress/wp-includes/functions.php on line 6121",
    "log": "/logs/plugins/w/webuti-woocommerce-garanti-bankasi-sanal-pos/error.json"
  },
  {
    "message": "Function is_feed was called <strong>incorrectly</strong>. Conditional query tags do not work before the query is run. Before then, they always return false. Please see <a href=\"https://developer.wordpress.org/advanced-administration/debug/debug-wordpress/\">Debugging in WordPress</a> for more information. (This message was added in version 3.1.0.) in /wordpress/wp-includes/functions.php on line 6121",
    "level": "NOTICE",
    "type": "PHP",
    "test": "asyncify-boot",
    "plugin": "webuti-woocommerce-garanti-bankasi-sanal-pos",
    "details": "[26-May-2025 16:41:34 UTC] PHP Notice:  Function is_feed was called <strong>incorrectly</strong>. Conditional query tags do not work before the query is run. Before then, they always return false. Please see <a href=\"https://developer.wordpress.org/advanced-administration/debug/debug-wordpress/\">Debugging in WordPress</a> for more information. (This message was added in version 3.1.0.) in /wordpress/wp-includes/functions.php on line 6121\n\n    at Object.onBind (file:///home/runner/work/playground-tester/playground-tester/node_modules/@wp-playground/cli/index.js:237:15)\n    at process.processTicksAndRejections (node:internal/process/task_queues:105:5)\n    at async V (file:///home/runner/work/playground-tester/playground-tester/node_modules/@wp-playground/cli/index.js:64:10)\n    at async ja (file:///home/runner/work/playground-tester/playground-tester/node_modules/@wp-playground/cli/cli.js:8161:12) {\n  [cause]: Error: Error when executing the blueprint step #1 ({\"step\":\"installPlugin\",\"pluginData\":{\"resource\":\"wordpress.org/plugins\",\"slug\":\"webuti-woocommerce-garanti-bankasi-sanal-pos\"},\"options\":{\"activate\":true}}) : Plugin /wordpress/wp-content/plugins/webuti-woocommerce-garanti-bankasi-sanal-pos could not be activated  WordPress exited with no error. Sometimes, when $_SERVER or site options are not configured correctly, WordPress exits early with a 301 redirect. Inspect the \"debug\" logs in the console for more details.\n      at Object.run (file:///home/runner/work/playground-tester/playground-tester/node_modules/@wp-playground/blueprints/index.js:12449:19)\n      at process.processTicksAndRejections (node:internal/process/task_queues:105:5)\n      at async ms (file:///home/runner/work/playground-tester/playground-tester/node_modules/@wp-playground/blueprints/index.js:12552:3)\n      ... 2 lines matching cause stack trace ...\n      at async ja (file:///home/runner/work/playground-tester/playground-tester/node_modules/@wp-playground/cli/cli.js:8161:12) {\n    [cause]: Error: Plugin /wordpress/wp-content/plugins/webuti-woocommerce-garanti-bankasi-sanal-pos could not be activated  WordPress exited with no error. Sometimes, when $_SERVER or site options are not configured correctly, WordPress exits early with a 301 redirect. Inspect the \"debug\" logs in the console for more details.\n        at wr (file:///home/runner/work/playground-tester/playground-tester/node_modules/@wp-playground/blueprints/index.js:119:51)\n        at process.processTicksAndRejections (node:internal/process/task_queues:105:5)\n        at async Object.gt [as installPlugin] (file:///home/runner/work/playground-tester/playground-tester/node_modules/@wp-playground/blueprints/index.js:974:42)\n        at async g (file:///home/runner/work/playground-tester/playground-tester/node_modules/@wp-playground/blueprints/index.js:12517:30)\n        at async Object.run (file:///home/runner/work/playground-tester/playground-tester/node_modules/@wp-playground/blueprints/index.js:12446:23)\n        at async ms (file:///home/runner/work/playground-tester/playground-tester/node_modules/@wp-playground/blueprints/index.js:12552:3)\n        at async Object.onBind (file:///home/runner/work/playground-tester/playground-tester/node_modules/@wp-playground/cli/index.js:227:48)\n        at async V (file:///home/runner/work/playground-tester/playground-tester/node_modules/@wp-playground/cli/index.js:64:10)\n        at async ja (file:///home/runner/work/playground-tester/playground-tester/node_modules/@wp-playground/cli/cli.js:8161:12)\n  }\n}\n\n",
    "log": "/logs/plugins/w/webuti-woocommerce-garanti-bankasi-sanal-pos/error.json"
  },
  {
    "message": "file:///home/runner/work/playground-tester/playground-tester/node_modules/@wp-playground/cli/index.js:237\n        throw new Error(y, { cause: u });\n              ^\n",
    "level": "FATAL",
    "type": "PLAYGROUND",
    "test": "jspi-boot",
    "plugin": "webuti-woocommerce-garanti-bankasi-sanal-pos",
    "details": "file:///home/runner/work/playground-tester/playground-tester/node_modules/@wp-playground/cli/index.js:237\n        throw new Error(y, { cause: u });\n              ^\n",
    "log": "/tmp/tmp.o7hd4k2ncY"
  },
  {
    "message": "iconv_set_encoding(): Use of iconv.internal_encoding is deprecated in /wordpress/wp-content/plugins/wopzen2/vendor/ZF2/library/Zend/Validator/Hostname.php on line 490",
    "level": "DEPRECATED",
    "type": "PHP",
    "test": "jspi-boot",
    "plugin": "webuti-woocommerce-garanti-bankasi-sanal-pos",
    "details": "[26-May-2025 16:35:44 UTC] PHP Deprecated:  iconv_set_encoding(): Use of iconv.internal_encoding is deprecated in /wordpress/wp-content/plugins/wopzen2/vendor/ZF2/library/Zend/Validator/Hostname.php on line 490",
    "log": "/logs/plugins/w/webuti-woocommerce-garanti-bankasi-sanal-pos/error.json"
  },
  {
    "message": "iconv_set_encoding(): Use of iconv.internal_encoding is deprecated in /wordpress/wp-content/plugins/wopzen2/vendor/ZF2/library/Zend/Validator/Hostname.php on line 586",
    "level": "DEPRECATED",
    "type": "PHP",
    "test": "jspi-boot",
    "plugin": "webuti-woocommerce-garanti-bankasi-sanal-pos",
    "details": "[26-May-2025 16:35:44 UTC] PHP Deprecated:  iconv_set_encoding(): Use of iconv.internal_encoding is deprecated in /wordpress/wp-content/plugins/wopzen2/vendor/ZF2/library/Zend/Validator/Hostname.php on line 586",
    "log": "/logs/plugins/w/webuti-woocommerce-garanti-bankasi-sanal-pos/error.json"
  },
  {
    "message": "Uncaught Zend\\Uri\\Exception\\InvalidUriPartException: Host \"example.com:443\" is not valid or is not accepted by Zend\\Uri\\Http in /wordpress/wp-content/plugins/wopzen2/vendor/ZF2/library/Zend/Uri/Uri.php:729",
    "level": "FATAL",
    "type": "PHP",
    "test": "jspi-boot",
    "plugin": "webuti-woocommerce-garanti-bankasi-sanal-pos",
    "details": "[26-May-2025 16:35:44 UTC] PHP Fatal error:  Uncaught Zend\\Uri\\Exception\\InvalidUriPartException: Host \"example.com:443\" is not valid or is not accepted by Zend\\Uri\\Http in /wordpress/wp-content/plugins/wopzen2/vendor/ZF2/library/Zend/Uri/Uri.php:729\nStack trace:\n#0 /wordpress/wp-content/plugins/wopzen2/vendor/ZF2/library/Zend/Http/PhpEnvironment/Request.php(285): Zend\\Uri\\Uri->setHost('example.com:443')\n#1 /wordpress/wp-content/plugins/wopzen2/vendor/ZF2/library/Zend/Http/PhpEnvironment/Request.php(85): Zend\\Http\\PhpEnvironment\\Request->setServer(Object(Zend\\Stdlib\\Parameters))\n#2 /wordpress/wp-content/plugins/wopzen2/vendor/ZF2/library/Zend/Mvc/Application.php(126): Zend\\Http\\PhpEnvironment\\Request->__construct()\n#3 /wordpress/wp-content/plugins/wopzen2/vendor/ZF2/library/Zend/Mvc/Service/ApplicationFactory.php(35): Zend\\Mvc\\Application->__construct(Array, Object(Zend\\ServiceManager\\ServiceManager))\n#4 [internal function]: Zend\\Mvc\\Service\\ApplicationFactory->createService(Object(Zend\\ServiceManager\\ServiceManager), 'application', 'Application')\n#5 /wordpress/wp-content/plugins/wopzen2/vendor/ZF2/library/Zend/ServiceManager/ServiceManager.php(726): call_user_func(Array, Object(Zend\\ServiceManager\\ServiceManager), 'application', 'Application')\n#6 /wordpress/wp-content/plugins/wopzen2/vendor/ZF2/library/Zend/ServiceManager/ServiceManager.php(841): Zend\\ServiceManager\\ServiceManager->createServiceViaCallback(Array, 'application', 'Application')\n#7 /wordpress/wp-content/plugins/wopzen2/vendor/ZF2/library/Zend/ServiceManager/ServiceManager.php(487): Zend\\ServiceManager\\ServiceManager->createFromFactory('application', 'Application')\n#8 /wordpress/wp-content/plugins/wopzen2/vendor/ZF2/library/Zend/ServiceManager/ServiceManager.php(442): Zend\\ServiceManager\\ServiceManager->create(Array)\n#9 /wordpress/wp-content/plugins/wopzen2/wpzf2.php(66): Zend\\ServiceManager\\ServiceManager->get('Application')\n#10 /wordpress/wp-admin/includes/plugin.php(2387): include_once('/wordpress/wp-c...')\n#11 /wordpress/wp-admin/includes/plugin.php(673): plugin_sandbox_scrape('wopzen2/wpzf2.p...')\n#12 /internal/eval.php(20): activate_plugin('wopzen2/wpzf2.p...')\n#13 {main}\n\nNext Zend\\ServiceManager\\Exception\\ServiceNotCreatedException: An exception was raised while creating \"Application\"; no instance returned in /wordpress/wp-content/plugins/wopzen2/vendor/ZF2/library/Zend/ServiceManager/ServiceManager.php:733\nStack trace:\n#0 /wordpress/wp-content/plugins/wopzen2/vendor/ZF2/library/Zend/ServiceManager/ServiceManager.php(841): Zend\\ServiceManager\\ServiceManager->createServiceViaCallback(Array, 'application', 'Application')\n#1 /wordpress/wp-content/plugins/wopzen2/vendor/ZF2/library/Zend/ServiceManager/ServiceManager.php(487): Zend\\ServiceManager\\ServiceManager->createFromFactory('application', 'Application')\n#2 /wordpress/wp-content/plugins/wopzen2/vendor/ZF2/library/Zend/ServiceManager/ServiceManager.php(442): Zend\\ServiceManager\\ServiceManager->create(Array)\n#3 /wordpress/wp-content/plugins/wopzen2/wpzf2.php(66): Zend\\ServiceManager\\ServiceManager->get('Application')\n#4 /wordpress/wp-admin/includes/plugin.php(2387): include_once('/wordpress/wp-c...')\n#5 /wordpress/wp-admin/includes/plugin.php(673): plugin_sandbox_scrape('wopzen2/wpzf2.p...')\n#6 /internal/eval.php(20): activate_plugin('wopzen2/wpzf2.p...')\n#7 {main}\n  thrown in /wordpress/wp-content/plugins/wopzen2/vendor/ZF2/library/Zend/ServiceManager/ServiceManager.php on line 733",
    "log": "/logs/plugins/w/webuti-woocommerce-garanti-bankasi-sanal-pos/error.json"
  },
  {
    "message": "iconv_set_encoding(): Use of iconv.internal_encoding is deprecated in /wordpress/wp-content/plugins/wopzen2/vendor/ZF2/library/Zend/Validator/Hostname.php on line 490",
    "level": "DEPRECATED",
    "type": "PHP",
    "test": "jspi-boot",
    "plugin": "webuti-woocommerce-garanti-bankasi-sanal-pos",
    "details": "[26-May-2025 16:35:55 UTC] PHP Deprecated:  iconv_set_encoding(): Use of iconv.internal_encoding is deprecated in /wordpress/wp-content/plugins/wopzen2/vendor/ZF2/library/Zend/Validator/Hostname.php on line 490",
    "log": "/logs/plugins/w/webuti-woocommerce-garanti-bankasi-sanal-pos/error.json"
  },
  {
    "message": "iconv_set_encoding(): Use of iconv.internal_encoding is deprecated in /wordpress/wp-content/plugins/wopzen2/vendor/ZF2/library/Zend/Validator/Hostname.php on line 586",
    "level": "DEPRECATED",
    "type": "PHP",
    "test": "jspi-boot",
    "plugin": "webuti-woocommerce-garanti-bankasi-sanal-pos",
    "details": "[26-May-2025 16:35:55 UTC] PHP Deprecated:  iconv_set_encoding(): Use of iconv.internal_encoding is deprecated in /wordpress/wp-content/plugins/wopzen2/vendor/ZF2/library/Zend/Validator/Hostname.php on line 586",
    "log": "/logs/plugins/w/webuti-woocommerce-garanti-bankasi-sanal-pos/error.json"
  },
  {
    "message": "Uncaught Zend\\Uri\\Exception\\InvalidUriPartException: Host \"example.com:443\" is not valid or is not accepted by Zend\\Uri\\Http in /wordpress/wp-content/plugins/wopzen2/vendor/ZF2/library/Zend/Uri/Uri.php:729",
    "level": "FATAL",
    "type": "PHP",
    "test": "jspi-boot",
    "plugin": "webuti-woocommerce-garanti-bankasi-sanal-pos",
    "details": "[26-May-2025 16:35:55 UTC] PHP Fatal error:  Uncaught Zend\\Uri\\Exception\\InvalidUriPartException: Host \"example.com:443\" is not valid or is not accepted by Zend\\Uri\\Http in /wordpress/wp-content/plugins/wopzen2/vendor/ZF2/library/Zend/Uri/Uri.php:729\nStack trace:\n#0 /wordpress/wp-content/plugins/wopzen2/vendor/ZF2/library/Zend/Http/PhpEnvironment/Request.php(285): Zend\\Uri\\Uri->setHost('example.com:443')\n#1 /wordpress/wp-content/plugins/wopzen2/vendor/ZF2/library/Zend/Http/PhpEnvironment/Request.php(85): Zend\\Http\\PhpEnvironment\\Request->setServer(Object(Zend\\Stdlib\\Parameters))\n#2 /wordpress/wp-content/plugins/wopzen2/vendor/ZF2/library/Zend/Mvc/Application.php(126): Zend\\Http\\PhpEnvironment\\Request->__construct()\n#3 /wordpress/wp-content/plugins/wopzen2/vendor/ZF2/library/Zend/Mvc/Service/ApplicationFactory.php(35): Zend\\Mvc\\Application->__construct(Array, Object(Zend\\ServiceManager\\ServiceManager))\n#4 [internal function]: Zend\\Mvc\\Service\\ApplicationFactory->createService(Object(Zend\\ServiceManager\\ServiceManager), 'application', 'Application')\n#5 /wordpress/wp-content/plugins/wopzen2/vendor/ZF2/library/Zend/ServiceManager/ServiceManager.php(726): call_user_func(Array, Object(Zend\\ServiceManager\\ServiceManager), 'application', 'Application')\n#6 /wordpress/wp-content/plugins/wopzen2/vendor/ZF2/library/Zend/ServiceManager/ServiceManager.php(841): Zend\\ServiceManager\\ServiceManager->createServiceViaCallback(Array, 'application', 'Application')\n#7 /wordpress/wp-content/plugins/wopzen2/vendor/ZF2/library/Zend/ServiceManager/ServiceManager.php(487): Zend\\ServiceManager\\ServiceManager->createFromFactory('application', 'Application')\n#8 /wordpress/wp-content/plugins/wopzen2/vendor/ZF2/library/Zend/ServiceManager/ServiceManager.php(442): Zend\\ServiceManager\\ServiceManager->create(Array)\n#9 /wordpress/wp-content/plugins/wopzen2/wpzf2.php(66): Zend\\ServiceManager\\ServiceManager->get('Application')\n#10 /wordpress/wp-admin/includes/plugin.php(2387): include_once('/wordpress/wp-c...')\n#11 /wordpress/wp-admin/includes/plugin.php(673): plugin_sandbox_scrape('wopzen2/wpzf2.p...')\n#12 /internal/eval.php(20): activate_plugin('wopzen2/wpzf2.p...')\n#13 {main}\n\nNext Zend\\ServiceManager\\Exception\\ServiceNotCreatedException: An exception was raised while creating \"Application\"; no instance returned in /wordpress/wp-content/plugins/wopzen2/vendor/ZF2/library/Zend/ServiceManager/ServiceManager.php:733\nStack trace:\n#0 /wordpress/wp-content/plugins/wopzen2/vendor/ZF2/library/Zend/ServiceManager/ServiceManager.php(841): Zend\\ServiceManager\\ServiceManager->createServiceViaCallback(Array, 'application', 'Application')\n#1 /wordpress/wp-content/plugins/wopzen2/vendor/ZF2/library/Zend/ServiceManager/ServiceManager.php(487): Zend\\ServiceManager\\ServiceManager->createFromFactory('application', 'Application')\n#2 /wordpress/wp-content/plugins/wopzen2/vendor/ZF2/library/Zend/ServiceManager/ServiceManager.php(442): Zend\\ServiceManager\\ServiceManager->create(Array)\n#3 /wordpress/wp-content/plugins/wopzen2/wpzf2.php(66): Zend\\ServiceManager\\ServiceManager->get('Application')\n#4 /wordpress/wp-admin/includes/plugin.php(2387): include_once('/wordpress/wp-c...')\n#5 /wordpress/wp-admin/includes/plugin.php(673): plugin_sandbox_scrape('wopzen2/wpzf2.p...')\n#6 /internal/eval.php(20): activate_plugin('wopzen2/wpzf2.p...')\n#7 {main}\n  thrown in /wordpress/wp-content/plugins/wopzen2/vendor/ZF2/library/Zend/ServiceManager/ServiceManager.php on line 733",
    "log": "/logs/plugins/w/webuti-woocommerce-garanti-bankasi-sanal-pos/error.json"
  },
  {
    "message": "iconv_set_encoding(): Use of iconv.internal_encoding is deprecated in /wordpress/wp-content/plugins/wopzen2/vendor/ZF2/library/Zend/Validator/Hostname.php on line 490",
    "level": "DEPRECATED",
    "type": "PHP",
    "test": "jspi-boot",
    "plugin": "webuti-woocommerce-garanti-bankasi-sanal-pos",
    "details": "[26-May-2025 16:36:08 UTC] PHP Deprecated:  iconv_set_encoding(): Use of iconv.internal_encoding is deprecated in /wordpress/wp-content/plugins/wopzen2/vendor/ZF2/library/Zend/Validator/Hostname.php on line 490",
    "log": "/logs/plugins/w/webuti-woocommerce-garanti-bankasi-sanal-pos/error.json"
  },
  {
    "message": "iconv_set_encoding(): Use of iconv.internal_encoding is deprecated in /wordpress/wp-content/plugins/wopzen2/vendor/ZF2/library/Zend/Validator/Hostname.php on line 586",
    "level": "DEPRECATED",
    "type": "PHP",
    "test": "jspi-boot",
    "plugin": "webuti-woocommerce-garanti-bankasi-sanal-pos",
    "details": "[26-May-2025 16:36:08 UTC] PHP Deprecated:  iconv_set_encoding(): Use of iconv.internal_encoding is deprecated in /wordpress/wp-content/plugins/wopzen2/vendor/ZF2/library/Zend/Validator/Hostname.php on line 586",
    "log": "/logs/plugins/w/webuti-woocommerce-garanti-bankasi-sanal-pos/error.json"
  },
  {
    "message": "Uncaught Zend\\Uri\\Exception\\InvalidUriPartException: Host \"example.com:443\" is not valid or is not accepted by Zend\\Uri\\Http in /wordpress/wp-content/plugins/wopzen2/vendor/ZF2/library/Zend/Uri/Uri.php:729",
    "level": "FATAL",
    "type": "PHP",
    "test": "jspi-boot",
    "plugin": "webuti-woocommerce-garanti-bankasi-sanal-pos",
    "details": "[26-May-2025 16:36:08 UTC] PHP Fatal error:  Uncaught Zend\\Uri\\Exception\\InvalidUriPartException: Host \"example.com:443\" is not valid or is not accepted by Zend\\Uri\\Http in /wordpress/wp-content/plugins/wopzen2/vendor/ZF2/library/Zend/Uri/Uri.php:729\nStack trace:\n#0 /wordpress/wp-content/plugins/wopzen2/vendor/ZF2/library/Zend/Http/PhpEnvironment/Request.php(285): Zend\\Uri\\Uri->setHost('example.com:443')\n#1 /wordpress/wp-content/plugins/wopzen2/vendor/ZF2/library/Zend/Http/PhpEnvironment/Request.php(85): Zend\\Http\\PhpEnvironment\\Request->setServer(Object(Zend\\Stdlib\\Parameters))\n#2 /wordpress/wp-content/plugins/wopzen2/vendor/ZF2/library/Zend/Mvc/Application.php(126): Zend\\Http\\PhpEnvironment\\Request->__construct()\n#3 /wordpress/wp-content/plugins/wopzen2/vendor/ZF2/library/Zend/Mvc/Service/ApplicationFactory.php(35): Zend\\Mvc\\Application->__construct(Array, Object(Zend\\ServiceManager\\ServiceManager))\n#4 [internal function]: Zend\\Mvc\\Service\\ApplicationFactory->createService(Object(Zend\\ServiceManager\\ServiceManager), 'application', 'Application')\n#5 /wordpress/wp-content/plugins/wopzen2/vendor/ZF2/library/Zend/ServiceManager/ServiceManager.php(726): call_user_func(Array, Object(Zend\\ServiceManager\\ServiceManager), 'application', 'Application')\n#6 /wordpress/wp-content/plugins/wopzen2/vendor/ZF2/library/Zend/ServiceManager/ServiceManager.php(841): Zend\\ServiceManager\\ServiceManager->createServiceViaCallback(Array, 'application', 'Application')\n#7 /wordpress/wp-content/plugins/wopzen2/vendor/ZF2/library/Zend/ServiceManager/ServiceManager.php(487): Zend\\ServiceManager\\ServiceManager->createFromFactory('application', 'Application')\n#8 /wordpress/wp-content/plugins/wopzen2/vendor/ZF2/library/Zend/ServiceManager/ServiceManager.php(442): Zend\\ServiceManager\\ServiceManager->create(Array)\n#9 /wordpress/wp-content/plugins/wopzen2/wpzf2.php(66): Zend\\ServiceManager\\ServiceManager->get('Application')\n#10 /wordpress/wp-admin/includes/plugin.php(2387): include_once('/wordpress/wp-c...')\n#11 /wordpress/wp-admin/includes/plugin.php(673): plugin_sandbox_scrape('wopzen2/wpzf2.p...')\n#12 /internal/eval.php(20): activate_plugin('wopzen2/wpzf2.p...')\n#13 {main}\n\nNext Zend\\ServiceManager\\Exception\\ServiceNotCreatedException: An exception was raised while creating \"Application\"; no instance returned in /wordpress/wp-content/plugins/wopzen2/vendor/ZF2/library/Zend/ServiceManager/ServiceManager.php:733\nStack trace:\n#0 /wordpress/wp-content/plugins/wopzen2/vendor/ZF2/library/Zend/ServiceManager/ServiceManager.php(841): Zend\\ServiceManager\\ServiceManager->createServiceViaCallback(Array, 'application', 'Application')\n#1 /wordpress/wp-content/plugins/wopzen2/vendor/ZF2/library/Zend/ServiceManager/ServiceManager.php(487): Zend\\ServiceManager\\ServiceManager->createFromFactory('application', 'Application')\n#2 /wordpress/wp-content/plugins/wopzen2/vendor/ZF2/library/Zend/ServiceManager/ServiceManager.php(442): Zend\\ServiceManager\\ServiceManager->create(Array)\n#3 /wordpress/wp-content/plugins/wopzen2/wpzf2.php(66): Zend\\ServiceManager\\ServiceManager->get('Application')\n#4 /wordpress/wp-admin/includes/plugin.php(2387): include_once('/wordpress/wp-c...')\n#5 /wordpress/wp-admin/includes/plugin.php(673): plugin_sandbox_scrape('wopzen2/wpzf2.p...')\n#6 /internal/eval.php(20): activate_plugin('wopzen2/wpzf2.p...')\n#7 {main}\n  thrown in /wordpress/wp-content/plugins/wopzen2/vendor/ZF2/library/Zend/ServiceManager/ServiceManager.php on line 733",
    "log": "/logs/plugins/w/webuti-woocommerce-garanti-bankasi-sanal-pos/error.json"
  },
  {
    "message": "Required parameter $timestamp follows optional parameter $formatted in /wordpress/wp-content/plugins/wordpress-file-monitor-plus/classes/wpfmp.class.php on line 681",
    "level": "DEPRECATED",
    "type": "PHP",
    "test": "jspi-boot",
    "plugin": "webuti-woocommerce-garanti-bankasi-sanal-pos",
    "details": "[26-May-2025 16:36:16 UTC] PHP Deprecated:  Required parameter $timestamp follows optional parameter $formatted in /wordpress/wp-content/plugins/wordpress-file-monitor-plus/classes/wpfmp.class.php on line 681",
    "log": "/logs/plugins/w/webuti-woocommerce-garanti-bankasi-sanal-pos/error.json"
  },
  {
    "message": "Trying to access array offset on value of type bool in /wordpress/wp-content/plugins/wordpress-file-monitor-plus/classes/wpfmp.class.php on line 92",
    "level": "WARNING",
    "type": "PHP",
    "test": "jspi-boot",
    "plugin": "webuti-woocommerce-garanti-bankasi-sanal-pos",
    "details": "[26-May-2025 16:36:16 UTC] PHP Warning:  Trying to access array offset on value of type bool in /wordpress/wp-content/plugins/wordpress-file-monitor-plus/classes/wpfmp.class.php on line 92",
    "log": "/logs/plugins/w/webuti-woocommerce-garanti-bankasi-sanal-pos/error.json"
  },
  {
    "message": "Trying to access array offset on value of type bool in /wordpress/wp-content/plugins/wordpress-file-monitor-plus/classes/wpfmp.class.php on line 98",
    "level": "WARNING",
    "type": "PHP",
    "test": "jspi-boot",
    "plugin": "webuti-woocommerce-garanti-bankasi-sanal-pos",
    "details": "[26-May-2025 16:36:16 UTC] PHP Warning:  Trying to access array offset on value of type bool in /wordpress/wp-content/plugins/wordpress-file-monitor-plus/classes/wpfmp.class.php on line 98",
    "log": "/logs/plugins/w/webuti-woocommerce-garanti-bankasi-sanal-pos/error.json"
  },
  {
    "message": "Required parameter $timestamp follows optional parameter $formatted in /wordpress/wp-content/plugins/wordpress-file-monitor-plus/classes/wpfmp.class.php on line 681",
    "level": "DEPRECATED",
    "type": "PHP",
    "test": "jspi-boot",
    "plugin": "webuti-woocommerce-garanti-bankasi-sanal-pos",
    "details": "[26-May-2025 16:36:16 UTC] PHP Deprecated:  Required parameter $timestamp follows optional parameter $formatted in /wordpress/wp-content/plugins/wordpress-file-monitor-plus/classes/wpfmp.class.php on line 681",
    "log": "/logs/plugins/w/webuti-woocommerce-garanti-bankasi-sanal-pos/error.json"
  },
  {
    "message": "Required parameter $timestamp follows optional parameter $formatted in /wordpress/wp-content/plugins/wordpress-file-monitor-plus/classes/wpfmp.class.php on line 681",
    "level": "DEPRECATED",
    "type": "PHP",
    "test": "jspi-boot",
    "plugin": "webuti-woocommerce-garanti-bankasi-sanal-pos",
    "details": "[26-May-2025 16:36:25 UTC] PHP Deprecated:  Required parameter $timestamp follows optional parameter $formatted in /wordpress/wp-content/plugins/wordpress-file-monitor-plus/classes/wpfmp.class.php on line 681",
    "log": "/logs/plugins/w/webuti-woocommerce-garanti-bankasi-sanal-pos/error.json"
  },
  {
    "message": "Trying to access array offset on value of type bool in /wordpress/wp-content/plugins/wordpress-file-monitor-plus/classes/wpfmp.class.php on line 92",
    "level": "WARNING",
    "type": "PHP",
    "test": "jspi-boot",
    "plugin": "webuti-woocommerce-garanti-bankasi-sanal-pos",
    "details": "[26-May-2025 16:36:25 UTC] PHP Warning:  Trying to access array offset on value of type bool in /wordpress/wp-content/plugins/wordpress-file-monitor-plus/classes/wpfmp.class.php on line 92",
    "log": "/logs/plugins/w/webuti-woocommerce-garanti-bankasi-sanal-pos/error.json"
  },
  {
    "message": "Trying to access array offset on value of type bool in /wordpress/wp-content/plugins/wordpress-file-monitor-plus/classes/wpfmp.class.php on line 98",
    "level": "WARNING",
    "type": "PHP",
    "test": "jspi-boot",
    "plugin": "webuti-woocommerce-garanti-bankasi-sanal-pos",
    "details": "[26-May-2025 16:36:25 UTC] PHP Warning:  Trying to access array offset on value of type bool in /wordpress/wp-content/plugins/wordpress-file-monitor-plus/classes/wpfmp.class.php on line 98",
    "log": "/logs/plugins/w/webuti-woocommerce-garanti-bankasi-sanal-pos/error.json"
  },
  {
    "message": "Required parameter $timestamp follows optional parameter $formatted in /wordpress/wp-content/plugins/wordpress-file-monitor-plus/classes/wpfmp.class.php on line 681",
    "level": "DEPRECATED",
    "type": "PHP",
    "test": "jspi-boot",
    "plugin": "webuti-woocommerce-garanti-bankasi-sanal-pos",
    "details": "[26-May-2025 16:36:26 UTC] PHP Deprecated:  Required parameter $timestamp follows optional parameter $formatted in /wordpress/wp-content/plugins/wordpress-file-monitor-plus/classes/wpfmp.class.php on line 681",
    "log": "/logs/plugins/w/webuti-woocommerce-garanti-bankasi-sanal-pos/error.json"
  },
  {
    "message": "Required parameter $timestamp follows optional parameter $formatted in /wordpress/wp-content/plugins/wordpress-file-monitor-plus/classes/wpfmp.class.php on line 681",
    "level": "DEPRECATED",
    "type": "PHP",
    "test": "jspi-boot",
    "plugin": "webuti-woocommerce-garanti-bankasi-sanal-pos",
    "details": "[26-May-2025 16:36:34 UTC] PHP Deprecated:  Required parameter $timestamp follows optional parameter $formatted in /wordpress/wp-content/plugins/wordpress-file-monitor-plus/classes/wpfmp.class.php on line 681",
    "log": "/logs/plugins/w/webuti-woocommerce-garanti-bankasi-sanal-pos/error.json"
  },
  {
    "message": "Trying to access array offset on value of type bool in /wordpress/wp-content/plugins/wordpress-file-monitor-plus/classes/wpfmp.class.php on line 92",
    "level": "WARNING",
    "type": "PHP",
    "test": "jspi-boot",
    "plugin": "webuti-woocommerce-garanti-bankasi-sanal-pos",
    "details": "[26-May-2025 16:36:34 UTC] PHP Warning:  Trying to access array offset on value of type bool in /wordpress/wp-content/plugins/wordpress-file-monitor-plus/classes/wpfmp.class.php on line 92",
    "log": "/logs/plugins/w/webuti-woocommerce-garanti-bankasi-sanal-pos/error.json"
  },
  {
    "message": "Trying to access array offset on value of type bool in /wordpress/wp-content/plugins/wordpress-file-monitor-plus/classes/wpfmp.class.php on line 98",
    "level": "WARNING",
    "type": "PHP",
    "test": "jspi-boot",
    "plugin": "webuti-woocommerce-garanti-bankasi-sanal-pos",
    "details": "[26-May-2025 16:36:34 UTC] PHP Warning:  Trying to access array offset on value of type bool in /wordpress/wp-content/plugins/wordpress-file-monitor-plus/classes/wpfmp.class.php on line 98",
    "log": "/logs/plugins/w/webuti-woocommerce-garanti-bankasi-sanal-pos/error.json"
  },
  {
    "message": "Required parameter $timestamp follows optional parameter $formatted in /wordpress/wp-content/plugins/wordpress-file-monitor-plus/classes/wpfmp.class.php on line 681",
    "level": "DEPRECATED",
    "type": "PHP",
    "test": "jspi-boot",
    "plugin": "webuti-woocommerce-garanti-bankasi-sanal-pos",
    "details": "[26-May-2025 16:36:35 UTC] PHP Deprecated:  Required parameter $timestamp follows optional parameter $formatted in /wordpress/wp-content/plugins/wordpress-file-monitor-plus/classes/wpfmp.class.php on line 681",
    "log": "/logs/plugins/w/webuti-woocommerce-garanti-bankasi-sanal-pos/error.json"
  },
  {
    "message": "Function _load_textdomain_just_in_time was called <strong>incorrectly</strong>. Translation loading for the <code>wp-idea-stream</code> domain was triggered too early. This is usually an indicator for some code in the plugin or theme running too early. Translations should be loaded at the <code>init</code> action or later. Please see <a href=\"https://developer.wordpress.org/advanced-administration/debug/debug-wordpress/\">Debugging in WordPress</a> for more information. (This message was added in version 6.7.0.) in /wordpress/wp-includes/functions.php on line 6121",
    "level": "NOTICE",
    "type": "PHP",
    "test": "jspi-boot",
    "plugin": "webuti-woocommerce-garanti-bankasi-sanal-pos",
    "details": "[26-May-2025 16:37:38 UTC] PHP Notice:  Function _load_textdomain_just_in_time was called <strong>incorrectly</strong>. Translation loading for the <code>wp-idea-stream</code> domain was triggered too early. This is usually an indicator for some code in the plugin or theme running too early. Translations should be loaded at the <code>init</code> action or later. Please see <a href=\"https://developer.wordpress.org/advanced-administration/debug/debug-wordpress/\">Debugging in WordPress</a> for more information. (This message was added in version 6.7.0.) in /wordpress/wp-includes/functions.php on line 6121",
    "log": "/logs/plugins/w/webuti-woocommerce-garanti-bankasi-sanal-pos/error.json"
  },
  {
    "message": "Function _load_textdomain_just_in_time was called <strong>incorrectly</strong>. Translation loading for the <code>wp-idea-stream</code> domain was triggered too early. This is usually an indicator for some code in the plugin or theme running too early. Translations should be loaded at the <code>init</code> action or later. Please see <a href=\"https://developer.wordpress.org/advanced-administration/debug/debug-wordpress/\">Debugging in WordPress</a> for more information. (This message was added in version 6.7.0.) in /wordpress/wp-includes/functions.php on line 6121",
    "level": "NOTICE",
    "type": "PHP",
    "test": "jspi-boot",
    "plugin": "webuti-woocommerce-garanti-bankasi-sanal-pos",
    "details": "[26-May-2025 16:37:47 UTC] PHP Notice:  Function _load_textdomain_just_in_time was called <strong>incorrectly</strong>. Translation loading for the <code>wp-idea-stream</code> domain was triggered too early. This is usually an indicator for some code in the plugin or theme running too early. Translations should be loaded at the <code>init</code> action or later. Please see <a href=\"https://developer.wordpress.org/advanced-administration/debug/debug-wordpress/\">Debugging in WordPress</a> for more information. (This message was added in version 6.7.0.) in /wordpress/wp-includes/functions.php on line 6121",
    "log": "/logs/plugins/w/webuti-woocommerce-garanti-bankasi-sanal-pos/error.json"
  },
  {
    "message": "Function _load_textdomain_just_in_time was called <strong>incorrectly</strong>. Translation loading for the <code>wp-idea-stream</code> domain was triggered too early. This is usually an indicator for some code in the plugin or theme running too early. Translations should be loaded at the <code>init</code> action or later. Please see <a href=\"https://developer.wordpress.org/advanced-administration/debug/debug-wordpress/\">Debugging in WordPress</a> for more information. (This message was added in version 6.7.0.) in /wordpress/wp-includes/functions.php on line 6121",
    "level": "NOTICE",
    "type": "PHP",
    "test": "jspi-boot",
    "plugin": "webuti-woocommerce-garanti-bankasi-sanal-pos",
    "details": "[26-May-2025 16:37:57 UTC] PHP Notice:  Function _load_textdomain_just_in_time was called <strong>incorrectly</strong>. Translation loading for the <code>wp-idea-stream</code> domain was triggered too early. This is usually an indicator for some code in the plugin or theme running too early. Translations should be loaded at the <code>init</code> action or later. Please see <a href=\"https://developer.wordpress.org/advanced-administration/debug/debug-wordpress/\">Debugging in WordPress</a> for more information. (This message was added in version 6.7.0.) in /wordpress/wp-includes/functions.php on line 6121",
    "log": "/logs/plugins/w/webuti-woocommerce-garanti-bankasi-sanal-pos/error.json"
  },
  {
    "message": "Undefined array key \"stdt\" in /wordpress/wp-content/plugins/wp-analytics-pro/wp_analytics_pro.php on line 20",
    "level": "WARNING",
    "type": "PHP",
    "test": "jspi-boot",
    "plugin": "webuti-woocommerce-garanti-bankasi-sanal-pos",
    "details": "[26-May-2025 16:40:29 UTC] PHP Warning:  Undefined array key \"stdt\" in /wordpress/wp-content/plugins/wp-analytics-pro/wp_analytics_pro.php on line 20",
    "log": "/logs/plugins/w/webuti-woocommerce-garanti-bankasi-sanal-pos/error.json"
  },
  {
    "message": "Undefined array key \"enddt\" in /wordpress/wp-content/plugins/wp-analytics-pro/wp_analytics_pro.php on line 21",
    "level": "WARNING",
    "type": "PHP",
    "test": "jspi-boot",
    "plugin": "webuti-woocommerce-garanti-bankasi-sanal-pos",
    "details": "[26-May-2025 16:40:29 UTC] PHP Warning:  Undefined array key \"enddt\" in /wordpress/wp-content/plugins/wp-analytics-pro/wp_analytics_pro.php on line 21",
    "log": "/logs/plugins/w/webuti-woocommerce-garanti-bankasi-sanal-pos/error.json"
  },
  {
    "message": "Undefined array key \"cmp_data\" in /wordpress/wp-content/plugins/wp-analytics-pro/wp_analytics_pro.php on line 23",
    "level": "WARNING",
    "type": "PHP",
    "test": "jspi-boot",
    "plugin": "webuti-woocommerce-garanti-bankasi-sanal-pos",
    "details": "[26-May-2025 16:40:29 UTC] PHP Warning:  Undefined array key \"cmp_data\" in /wordpress/wp-content/plugins/wp-analytics-pro/wp_analytics_pro.php on line 23",
    "log": "/logs/plugins/w/webuti-woocommerce-garanti-bankasi-sanal-pos/error.json"
  },
  {
    "message": "Undefined array key \"stdt\" in /wordpress/wp-content/plugins/wp-analytics-pro/wp_analytics_pro.php on line 20",
    "level": "WARNING",
    "type": "PHP",
    "test": "jspi-boot",
    "plugin": "webuti-woocommerce-garanti-bankasi-sanal-pos",
    "details": "[26-May-2025 16:40:30 UTC] PHP Warning:  Undefined array key \"stdt\" in /wordpress/wp-content/plugins/wp-analytics-pro/wp_analytics_pro.php on line 20",
    "log": "/logs/plugins/w/webuti-woocommerce-garanti-bankasi-sanal-pos/error.json"
  },
  {
    "message": "Undefined array key \"enddt\" in /wordpress/wp-content/plugins/wp-analytics-pro/wp_analytics_pro.php on line 21",
    "level": "WARNING",
    "type": "PHP",
    "test": "jspi-boot",
    "plugin": "webuti-woocommerce-garanti-bankasi-sanal-pos",
    "details": "[26-May-2025 16:40:30 UTC] PHP Warning:  Undefined array key \"enddt\" in /wordpress/wp-content/plugins/wp-analytics-pro/wp_analytics_pro.php on line 21",
    "log": "/logs/plugins/w/webuti-woocommerce-garanti-bankasi-sanal-pos/error.json"
  },
  {
    "message": "Undefined array key \"cmp_data\" in /wordpress/wp-content/plugins/wp-analytics-pro/wp_analytics_pro.php on line 23",
    "level": "WARNING",
    "type": "PHP",
    "test": "jspi-boot",
    "plugin": "webuti-woocommerce-garanti-bankasi-sanal-pos",
    "details": "[26-May-2025 16:40:30 UTC] PHP Warning:  Undefined array key \"cmp_data\" in /wordpress/wp-content/plugins/wp-analytics-pro/wp_analytics_pro.php on line 23",
    "log": "/logs/plugins/w/webuti-woocommerce-garanti-bankasi-sanal-pos/error.json"
  },
  {
    "message": "Function wp_enqueue_script was called <strong>incorrectly</strong>. Scripts and styles should not be registered or enqueued until the <code>wp_enqueue_scripts</code>, <code>admin_enqueue_scripts</code>, or <code>login_enqueue_scripts</code> hooks. This notice was triggered by the <code>jqplot</code> handle. Please see <a href=\"https://developer.wordpress.org/advanced-administration/debug/debug-wordpress/\">Debugging in WordPress</a> for more information. (This message was added in version 3.3.0.) in /wordpress/wp-includes/functions.php on line 6121",
    "level": "NOTICE",
    "type": "PHP",
    "test": "jspi-boot",
    "plugin": "webuti-woocommerce-garanti-bankasi-sanal-pos",
    "details": "[26-May-2025 16:40:30 UTC] PHP Notice:  Function wp_enqueue_script was called <strong>incorrectly</strong>. Scripts and styles should not be registered or enqueued until the <code>wp_enqueue_scripts</code>, <code>admin_enqueue_scripts</code>, or <code>login_enqueue_scripts</code> hooks. This notice was triggered by the <code>jqplot</code> handle. Please see <a href=\"https://developer.wordpress.org/advanced-administration/debug/debug-wordpress/\">Debugging in WordPress</a> for more information. (This message was added in version 3.3.0.) in /wordpress/wp-includes/functions.php on line 6121",
    "log": "/logs/plugins/w/webuti-woocommerce-garanti-bankasi-sanal-pos/error.json"
  },
  {
    "message": "Function wp_enqueue_script was called <strong>incorrectly</strong>. Scripts and styles should not be registered or enqueued until the <code>wp_enqueue_scripts</code>, <code>admin_enqueue_scripts</code>, or <code>login_enqueue_scripts</code> hooks. This notice was triggered by the <code>jqplottime</code> handle. Please see <a href=\"https://developer.wordpress.org/advanced-administration/debug/debug-wordpress/\">Debugging in WordPress</a> for more information. (This message was added in version 3.3.0.) in /wordpress/wp-includes/functions.php on line 6121",
    "level": "NOTICE",
    "type": "PHP",
    "test": "jspi-boot",
    "plugin": "webuti-woocommerce-garanti-bankasi-sanal-pos",
    "details": "[26-May-2025 16:40:30 UTC] PHP Notice:  Function wp_enqueue_script was called <strong>incorrectly</strong>. Scripts and styles should not be registered or enqueued until the <code>wp_enqueue_scripts</code>, <code>admin_enqueue_scripts</code>, or <code>login_enqueue_scripts</code> hooks. This notice was triggered by the <code>jqplottime</code> handle. Please see <a href=\"https://developer.wordpress.org/advanced-administration/debug/debug-wordpress/\">Debugging in WordPress</a> for more information. (This message was added in version 3.3.0.) in /wordpress/wp-includes/functions.php on line 6121",
    "log": "/logs/plugins/w/webuti-woocommerce-garanti-bankasi-sanal-pos/error.json"
  },
  {
    "message": "Undefined array key \"stdt\" in /wordpress/wp-content/plugins/wp-analytics-pro/wp_analytics_pro.php on line 20",
    "level": "WARNING",
    "type": "PHP",
    "test": "jspi-boot",
    "plugin": "webuti-woocommerce-garanti-bankasi-sanal-pos",
    "details": "[26-May-2025 16:40:37 UTC] PHP Warning:  Undefined array key \"stdt\" in /wordpress/wp-content/plugins/wp-analytics-pro/wp_analytics_pro.php on line 20",
    "log": "/logs/plugins/w/webuti-woocommerce-garanti-bankasi-sanal-pos/error.json"
  },
  {
    "message": "Undefined array key \"enddt\" in /wordpress/wp-content/plugins/wp-analytics-pro/wp_analytics_pro.php on line 21",
    "level": "WARNING",
    "type": "PHP",
    "test": "jspi-boot",
    "plugin": "webuti-woocommerce-garanti-bankasi-sanal-pos",
    "details": "[26-May-2025 16:40:37 UTC] PHP Warning:  Undefined array key \"enddt\" in /wordpress/wp-content/plugins/wp-analytics-pro/wp_analytics_pro.php on line 21",
    "log": "/logs/plugins/w/webuti-woocommerce-garanti-bankasi-sanal-pos/error.json"
  },
  {
    "message": "Undefined array key \"cmp_data\" in /wordpress/wp-content/plugins/wp-analytics-pro/wp_analytics_pro.php on line 23",
    "level": "WARNING",
    "type": "PHP",
    "test": "jspi-boot",
    "plugin": "webuti-woocommerce-garanti-bankasi-sanal-pos",
    "details": "[26-May-2025 16:40:37 UTC] PHP Warning:  Undefined array key \"cmp_data\" in /wordpress/wp-content/plugins/wp-analytics-pro/wp_analytics_pro.php on line 23",
    "log": "/logs/plugins/w/webuti-woocommerce-garanti-bankasi-sanal-pos/error.json"
  },
  {
    "message": "Undefined array key \"stdt\" in /wordpress/wp-content/plugins/wp-analytics-pro/wp_analytics_pro.php on line 20",
    "level": "WARNING",
    "type": "PHP",
    "test": "jspi-boot",
    "plugin": "webuti-woocommerce-garanti-bankasi-sanal-pos",
    "details": "[26-May-2025 16:40:39 UTC] PHP Warning:  Undefined array key \"stdt\" in /wordpress/wp-content/plugins/wp-analytics-pro/wp_analytics_pro.php on line 20",
    "log": "/logs/plugins/w/webuti-woocommerce-garanti-bankasi-sanal-pos/error.json"
  },
  {
    "message": "Undefined array key \"enddt\" in /wordpress/wp-content/plugins/wp-analytics-pro/wp_analytics_pro.php on line 21",
    "level": "WARNING",
    "type": "PHP",
    "test": "jspi-boot",
    "plugin": "webuti-woocommerce-garanti-bankasi-sanal-pos",
    "details": "[26-May-2025 16:40:39 UTC] PHP Warning:  Undefined array key \"enddt\" in /wordpress/wp-content/plugins/wp-analytics-pro/wp_analytics_pro.php on line 21",
    "log": "/logs/plugins/w/webuti-woocommerce-garanti-bankasi-sanal-pos/error.json"
  },
  {
    "message": "Undefined array key \"cmp_data\" in /wordpress/wp-content/plugins/wp-analytics-pro/wp_analytics_pro.php on line 23",
    "level": "WARNING",
    "type": "PHP",
    "test": "jspi-boot",
    "plugin": "webuti-woocommerce-garanti-bankasi-sanal-pos",
    "details": "[26-May-2025 16:40:39 UTC] PHP Warning:  Undefined array key \"cmp_data\" in /wordpress/wp-content/plugins/wp-analytics-pro/wp_analytics_pro.php on line 23",
    "log": "/logs/plugins/w/webuti-woocommerce-garanti-bankasi-sanal-pos/error.json"
  },
  {
    "message": "Function wp_enqueue_script was called <strong>incorrectly</strong>. Scripts and styles should not be registered or enqueued until the <code>wp_enqueue_scripts</code>, <code>admin_enqueue_scripts</code>, or <code>login_enqueue_scripts</code> hooks. This notice was triggered by the <code>jqplot</code> handle. Please see <a href=\"https://developer.wordpress.org/advanced-administration/debug/debug-wordpress/\">Debugging in WordPress</a> for more information. (This message was added in version 3.3.0.) in /wordpress/wp-includes/functions.php on line 6121",
    "level": "NOTICE",
    "type": "PHP",
    "test": "jspi-boot",
    "plugin": "webuti-woocommerce-garanti-bankasi-sanal-pos",
    "details": "[26-May-2025 16:40:39 UTC] PHP Notice:  Function wp_enqueue_script was called <strong>incorrectly</strong>. Scripts and styles should not be registered or enqueued until the <code>wp_enqueue_scripts</code>, <code>admin_enqueue_scripts</code>, or <code>login_enqueue_scripts</code> hooks. This notice was triggered by the <code>jqplot</code> handle. Please see <a href=\"https://developer.wordpress.org/advanced-administration/debug/debug-wordpress/\">Debugging in WordPress</a> for more information. (This message was added in version 3.3.0.) in /wordpress/wp-includes/functions.php on line 6121",
    "log": "/logs/plugins/w/webuti-woocommerce-garanti-bankasi-sanal-pos/error.json"
  },
  {
    "message": "Function wp_enqueue_script was called <strong>incorrectly</strong>. Scripts and styles should not be registered or enqueued until the <code>wp_enqueue_scripts</code>, <code>admin_enqueue_scripts</code>, or <code>login_enqueue_scripts</code> hooks. This notice was triggered by the <code>jqplottime</code> handle. Please see <a href=\"https://developer.wordpress.org/advanced-administration/debug/debug-wordpress/\">Debugging in WordPress</a> for more information. (This message was added in version 3.3.0.) in /wordpress/wp-includes/functions.php on line 6121",
    "level": "NOTICE",
    "type": "PHP",
    "test": "jspi-boot",
    "plugin": "webuti-woocommerce-garanti-bankasi-sanal-pos",
    "details": "[26-May-2025 16:40:39 UTC] PHP Notice:  Function wp_enqueue_script was called <strong>incorrectly</strong>. Scripts and styles should not be registered or enqueued until the <code>wp_enqueue_scripts</code>, <code>admin_enqueue_scripts</code>, or <code>login_enqueue_scripts</code> hooks. This notice was triggered by the <code>jqplottime</code> handle. Please see <a href=\"https://developer.wordpress.org/advanced-administration/debug/debug-wordpress/\">Debugging in WordPress</a> for more information. (This message was added in version 3.3.0.) in /wordpress/wp-includes/functions.php on line 6121",
    "log": "/logs/plugins/w/webuti-woocommerce-garanti-bankasi-sanal-pos/error.json"
  },
  {
    "message": "Undefined array key \"stdt\" in /wordpress/wp-content/plugins/wp-analytics-pro/wp_analytics_pro.php on line 20",
    "level": "WARNING",
    "type": "PHP",
    "test": "jspi-boot",
    "plugin": "webuti-woocommerce-garanti-bankasi-sanal-pos",
    "details": "[26-May-2025 16:40:46 UTC] PHP Warning:  Undefined array key \"stdt\" in /wordpress/wp-content/plugins/wp-analytics-pro/wp_analytics_pro.php on line 20",
    "log": "/logs/plugins/w/webuti-woocommerce-garanti-bankasi-sanal-pos/error.json"
  },
  {
    "message": "Undefined array key \"enddt\" in /wordpress/wp-content/plugins/wp-analytics-pro/wp_analytics_pro.php on line 21",
    "level": "WARNING",
    "type": "PHP",
    "test": "jspi-boot",
    "plugin": "webuti-woocommerce-garanti-bankasi-sanal-pos",
    "details": "[26-May-2025 16:40:46 UTC] PHP Warning:  Undefined array key \"enddt\" in /wordpress/wp-content/plugins/wp-analytics-pro/wp_analytics_pro.php on line 21",
    "log": "/logs/plugins/w/webuti-woocommerce-garanti-bankasi-sanal-pos/error.json"
  },
  {
    "message": "Undefined array key \"cmp_data\" in /wordpress/wp-content/plugins/wp-analytics-pro/wp_analytics_pro.php on line 23",
    "level": "WARNING",
    "type": "PHP",
    "test": "jspi-boot",
    "plugin": "webuti-woocommerce-garanti-bankasi-sanal-pos",
    "details": "[26-May-2025 16:40:46 UTC] PHP Warning:  Undefined array key \"cmp_data\" in /wordpress/wp-content/plugins/wp-analytics-pro/wp_analytics_pro.php on line 23",
    "log": "/logs/plugins/w/webuti-woocommerce-garanti-bankasi-sanal-pos/error.json"
  },
  {
    "message": "Undefined array key \"stdt\" in /wordpress/wp-content/plugins/wp-analytics-pro/wp_analytics_pro.php on line 20",
    "level": "WARNING",
    "type": "PHP",
    "test": "jspi-boot",
    "plugin": "webuti-woocommerce-garanti-bankasi-sanal-pos",
    "details": "[26-May-2025 16:40:47 UTC] PHP Warning:  Undefined array key \"stdt\" in /wordpress/wp-content/plugins/wp-analytics-pro/wp_analytics_pro.php on line 20",
    "log": "/logs/plugins/w/webuti-woocommerce-garanti-bankasi-sanal-pos/error.json"
  },
  {
    "message": "Undefined array key \"enddt\" in /wordpress/wp-content/plugins/wp-analytics-pro/wp_analytics_pro.php on line 21",
    "level": "WARNING",
    "type": "PHP",
    "test": "jspi-boot",
    "plugin": "webuti-woocommerce-garanti-bankasi-sanal-pos",
    "details": "[26-May-2025 16:40:47 UTC] PHP Warning:  Undefined array key \"enddt\" in /wordpress/wp-content/plugins/wp-analytics-pro/wp_analytics_pro.php on line 21",
    "log": "/logs/plugins/w/webuti-woocommerce-garanti-bankasi-sanal-pos/error.json"
  },
  {
    "message": "Undefined array key \"cmp_data\" in /wordpress/wp-content/plugins/wp-analytics-pro/wp_analytics_pro.php on line 23",
    "level": "WARNING",
    "type": "PHP",
    "test": "jspi-boot",
    "plugin": "webuti-woocommerce-garanti-bankasi-sanal-pos",
    "details": "[26-May-2025 16:40:47 UTC] PHP Warning:  Undefined array key \"cmp_data\" in /wordpress/wp-content/plugins/wp-analytics-pro/wp_analytics_pro.php on line 23",
    "log": "/logs/plugins/w/webuti-woocommerce-garanti-bankasi-sanal-pos/error.json"
  },
  {
    "message": "Function wp_enqueue_script was called <strong>incorrectly</strong>. Scripts and styles should not be registered or enqueued until the <code>wp_enqueue_scripts</code>, <code>admin_enqueue_scripts</code>, or <code>login_enqueue_scripts</code> hooks. This notice was triggered by the <code>jqplot</code> handle. Please see <a href=\"https://developer.wordpress.org/advanced-administration/debug/debug-wordpress/\">Debugging in WordPress</a> for more information. (This message was added in version 3.3.0.) in /wordpress/wp-includes/functions.php on line 6121",
    "level": "NOTICE",
    "type": "PHP",
    "test": "jspi-boot",
    "plugin": "webuti-woocommerce-garanti-bankasi-sanal-pos",
    "details": "[26-May-2025 16:40:47 UTC] PHP Notice:  Function wp_enqueue_script was called <strong>incorrectly</strong>. Scripts and styles should not be registered or enqueued until the <code>wp_enqueue_scripts</code>, <code>admin_enqueue_scripts</code>, or <code>login_enqueue_scripts</code> hooks. This notice was triggered by the <code>jqplot</code> handle. Please see <a href=\"https://developer.wordpress.org/advanced-administration/debug/debug-wordpress/\">Debugging in WordPress</a> for more information. (This message was added in version 3.3.0.) in /wordpress/wp-includes/functions.php on line 6121",
    "log": "/logs/plugins/w/webuti-woocommerce-garanti-bankasi-sanal-pos/error.json"
  },
  {
    "message": "Function wp_enqueue_script was called <strong>incorrectly</strong>. Scripts and styles should not be registered or enqueued until the <code>wp_enqueue_scripts</code>, <code>admin_enqueue_scripts</code>, or <code>login_enqueue_scripts</code> hooks. This notice was triggered by the <code>jqplottime</code> handle. Please see <a href=\"https://developer.wordpress.org/advanced-administration/debug/debug-wordpress/\">Debugging in WordPress</a> for more information. (This message was added in version 3.3.0.) in /wordpress/wp-includes/functions.php on line 6121",
    "level": "NOTICE",
    "type": "PHP",
    "test": "jspi-boot",
    "plugin": "webuti-woocommerce-garanti-bankasi-sanal-pos",
    "details": "[26-May-2025 16:40:47 UTC] PHP Notice:  Function wp_enqueue_script was called <strong>incorrectly</strong>. Scripts and styles should not be registered or enqueued until the <code>wp_enqueue_scripts</code>, <code>admin_enqueue_scripts</code>, or <code>login_enqueue_scripts</code> hooks. This notice was triggered by the <code>jqplottime</code> handle. Please see <a href=\"https://developer.wordpress.org/advanced-administration/debug/debug-wordpress/\">Debugging in WordPress</a> for more information. (This message was added in version 3.3.0.) in /wordpress/wp-includes/functions.php on line 6121",
    "log": "/logs/plugins/w/webuti-woocommerce-garanti-bankasi-sanal-pos/error.json"
  },
  {
    "message": "Function wp_enqueue_style was called <strong>incorrectly</strong>. Scripts and styles should not be registered or enqueued until the <code>wp_enqueue_scripts</code>, <code>admin_enqueue_scripts</code>, or <code>login_enqueue_scripts</code> hooks. This notice was triggered by the <code>rdi_style</code> handle. Please see <a href=\"https://developer.wordpress.org/advanced-administration/debug/debug-wordpress/\">Debugging in WordPress</a> for more information. (This message was added in version 3.3.0.) in /wordpress/wp-includes/functions.php on line 6121",
    "level": "NOTICE",
    "type": "PHP",
    "test": "jspi-boot",
    "plugin": "webuti-woocommerce-garanti-bankasi-sanal-pos",
    "details": "[26-May-2025 16:41:17 UTC] PHP Notice:  Function wp_enqueue_style was called <strong>incorrectly</strong>. Scripts and styles should not be registered or enqueued until the <code>wp_enqueue_scripts</code>, <code>admin_enqueue_scripts</code>, or <code>login_enqueue_scripts</code> hooks. This notice was triggered by the <code>rdi_style</code> handle. Please see <a href=\"https://developer.wordpress.org/advanced-administration/debug/debug-wordpress/\">Debugging in WordPress</a> for more information. (This message was added in version 3.3.0.) in /wordpress/wp-includes/functions.php on line 6121",
    "log": "/logs/plugins/w/webuti-woocommerce-garanti-bankasi-sanal-pos/error.json"
  },
  {
    "message": "Function is_feed was called <strong>incorrectly</strong>. Conditional query tags do not work before the query is run. Before then, they always return false. Please see <a href=\"https://developer.wordpress.org/advanced-administration/debug/debug-wordpress/\">Debugging in WordPress</a> for more information. (This message was added in version 3.1.0.) in /wordpress/wp-includes/functions.php on line 6121",
    "level": "NOTICE",
    "type": "PHP",
    "test": "jspi-boot",
    "plugin": "webuti-woocommerce-garanti-bankasi-sanal-pos",
    "details": "[26-May-2025 16:41:17 UTC] PHP Notice:  Function is_feed was called <strong>incorrectly</strong>. Conditional query tags do not work before the query is run. Before then, they always return false. Please see <a href=\"https://developer.wordpress.org/advanced-administration/debug/debug-wordpress/\">Debugging in WordPress</a> for more information. (This message was added in version 3.1.0.) in /wordpress/wp-includes/functions.php on line 6121",
    "log": "/logs/plugins/w/webuti-woocommerce-garanti-bankasi-sanal-pos/error.json"
  },
  {
    "message": "Function wp_enqueue_style was called <strong>incorrectly</strong>. Scripts and styles should not be registered or enqueued until the <code>wp_enqueue_scripts</code>, <code>admin_enqueue_scripts</code>, or <code>login_enqueue_scripts</code> hooks. This notice was triggered by the <code>rdi_style</code> handle. Please see <a href=\"https://developer.wordpress.org/advanced-administration/debug/debug-wordpress/\">Debugging in WordPress</a> for more information. (This message was added in version 3.3.0.) in /wordpress/wp-includes/functions.php on line 6121",
    "level": "NOTICE",
    "type": "PHP",
    "test": "jspi-boot",
    "plugin": "webuti-woocommerce-garanti-bankasi-sanal-pos",
    "details": "[26-May-2025 16:41:25 UTC] PHP Notice:  Function wp_enqueue_style was called <strong>incorrectly</strong>. Scripts and styles should not be registered or enqueued until the <code>wp_enqueue_scripts</code>, <code>admin_enqueue_scripts</code>, or <code>login_enqueue_scripts</code> hooks. This notice was triggered by the <code>rdi_style</code> handle. Please see <a href=\"https://developer.wordpress.org/advanced-administration/debug/debug-wordpress/\">Debugging in WordPress</a> for more information. (This message was added in version 3.3.0.) in /wordpress/wp-includes/functions.php on line 6121",
    "log": "/logs/plugins/w/webuti-woocommerce-garanti-bankasi-sanal-pos/error.json"
  },
  {
    "message": "Function is_feed was called <strong>incorrectly</strong>. Conditional query tags do not work before the query is run. Before then, they always return false. Please see <a href=\"https://developer.wordpress.org/advanced-administration/debug/debug-wordpress/\">Debugging in WordPress</a> for more information. (This message was added in version 3.1.0.) in /wordpress/wp-includes/functions.php on line 6121",
    "level": "NOTICE",
    "type": "PHP",
    "test": "jspi-boot",
    "plugin": "webuti-woocommerce-garanti-bankasi-sanal-pos",
    "details": "[26-May-2025 16:41:25 UTC] PHP Notice:  Function is_feed was called <strong>incorrectly</strong>. Conditional query tags do not work before the query is run. Before then, they always return false. Please see <a href=\"https://developer.wordpress.org/advanced-administration/debug/debug-wordpress/\">Debugging in WordPress</a> for more information. (This message was added in version 3.1.0.) in /wordpress/wp-includes/functions.php on line 6121",
    "log": "/logs/plugins/w/webuti-woocommerce-garanti-bankasi-sanal-pos/error.json"
  },
  {
    "message": "Function wp_enqueue_style was called <strong>incorrectly</strong>. Scripts and styles should not be registered or enqueued until the <code>wp_enqueue_scripts</code>, <code>admin_enqueue_scripts</code>, or <code>login_enqueue_scripts</code> hooks. This notice was triggered by the <code>rdi_style</code> handle. Please see <a href=\"https://developer.wordpress.org/advanced-administration/debug/debug-wordpress/\">Debugging in WordPress</a> for more information. (This message was added in version 3.3.0.) in /wordpress/wp-includes/functions.php on line 6121",
    "level": "NOTICE",
    "type": "PHP",
    "test": "jspi-boot",
    "plugin": "webuti-woocommerce-garanti-bankasi-sanal-pos",
    "details": "[26-May-2025 16:41:34 UTC] PHP Notice:  Function wp_enqueue_style was called <strong>incorrectly</strong>. Scripts and styles should not be registered or enqueued until the <code>wp_enqueue_scripts</code>, <code>admin_enqueue_scripts</code>, or <code>login_enqueue_scripts</code> hooks. This notice was triggered by the <code>rdi_style</code> handle. Please see <a href=\"https://developer.wordpress.org/advanced-administration/debug/debug-wordpress/\">Debugging in WordPress</a> for more information. (This message was added in version 3.3.0.) in /wordpress/wp-includes/functions.php on line 6121",
    "log": "/logs/plugins/w/webuti-woocommerce-garanti-bankasi-sanal-pos/error.json"
  },
  {
    "message": "Function is_feed was called <strong>incorrectly</strong>. Conditional query tags do not work before the query is run. Before then, they always return false. Please see <a href=\"https://developer.wordpress.org/advanced-administration/debug/debug-wordpress/\">Debugging in WordPress</a> for more information. (This message was added in version 3.1.0.) in /wordpress/wp-includes/functions.php on line 6121",
    "level": "NOTICE",
    "type": "PHP",
    "test": "jspi-boot",
    "plugin": "webuti-woocommerce-garanti-bankasi-sanal-pos",
    "details": "[26-May-2025 16:41:34 UTC] PHP Notice:  Function is_feed was called <strong>incorrectly</strong>. Conditional query tags do not work before the query is run. Before then, they always return false. Please see <a href=\"https://developer.wordpress.org/advanced-administration/debug/debug-wordpress/\">Debugging in WordPress</a> for more information. (This message was added in version 3.1.0.) in /wordpress/wp-includes/functions.php on line 6121\n\n    at Object.onBind (file:///home/runner/work/playground-tester/playground-tester/node_modules/@wp-playground/cli/index.js:237:15)\n    at process.processTicksAndRejections (node:internal/process/task_queues:105:5)\n    at async V (file:///home/runner/work/playground-tester/playground-tester/node_modules/@wp-playground/cli/index.js:64:10)\n    at async ja (file:///home/runner/work/playground-tester/playground-tester/node_modules/@wp-playground/cli/cli.js:8161:12) {\n  [cause]: Error: Error when executing the blueprint step #1 ({\"step\":\"installPlugin\",\"pluginData\":{\"resource\":\"wordpress.org/plugins\",\"slug\":\"webuti-woocommerce-garanti-bankasi-sanal-pos\"},\"options\":{\"activate\":true}}) : Plugin /wordpress/wp-content/plugins/webuti-woocommerce-garanti-bankasi-sanal-pos could not be activated  WordPress exited with no error. Sometimes, when $_SERVER or site options are not configured correctly, WordPress exits early with a 301 redirect. Inspect the \"debug\" logs in the console for more details.\n      at Object.run (file:///home/runner/work/playground-tester/playground-tester/node_modules/@wp-playground/blueprints/index.js:12449:19)\n      at process.processTicksAndRejections (node:internal/process/task_queues:105:5)\n      at async ms (file:///home/runner/work/playground-tester/playground-tester/node_modules/@wp-playground/blueprints/index.js:12552:3)\n      ... 2 lines matching cause stack trace ...\n      at async ja (file:///home/runner/work/playground-tester/playground-tester/node_modules/@wp-playground/cli/cli.js:8161:12) {\n    [cause]: Error: Plugin /wordpress/wp-content/plugins/webuti-woocommerce-garanti-bankasi-sanal-pos could not be activated  WordPress exited with no error. Sometimes, when $_SERVER or site options are not configured correctly, WordPress exits early with a 301 redirect. Inspect the \"debug\" logs in the console for more details.\n        at wr (file:///home/runner/work/playground-tester/playground-tester/node_modules/@wp-playground/blueprints/index.js:119:51)\n        at process.processTicksAndRejections (node:internal/process/task_queues:105:5)\n        at async Object.gt [as installPlugin] (file:///home/runner/work/playground-tester/playground-tester/node_modules/@wp-playground/blueprints/index.js:974:42)\n        at async g (file:///home/runner/work/playground-tester/playground-tester/node_modules/@wp-playground/blueprints/index.js:12517:30)\n        at async Object.run (file:///home/runner/work/playground-tester/playground-tester/node_modules/@wp-playground/blueprints/index.js:12446:23)\n        at async ms (file:///home/runner/work/playground-tester/playground-tester/node_modules/@wp-playground/blueprints/index.js:12552:3)\n        at async Object.onBind (file:///home/runner/work/playground-tester/playground-tester/node_modules/@wp-playground/cli/index.js:227:48)\n        at async V (file:///home/runner/work/playground-tester/playground-tester/node_modules/@wp-playground/cli/index.js:64:10)\n        at async ja (file:///home/runner/work/playground-tester/playground-tester/node_modules/@wp-playground/cli/cli.js:8161:12)\n  }\n}\n\n",
    "log": "/logs/plugins/w/webuti-woocommerce-garanti-bankasi-sanal-pos/error.json"
  }
]
