file:///home/runner/work/playground-tester/playground-tester/node_modules/@wp-playground/cli/index.js:237
        throw new Error(y, { cause: u });
              ^

Error: [01-May-2025 14:48:20 UTC] PHP Fatal error:  Uncaught PDOException: SQLSTATE[HY000] [2002] Address family not supported by protocol in /wordpress/wp-content/plugins/asura-connector/vendor/catfan/medoo/src/Medoo.php:476
Stack trace:
#0 /wordpress/wp-content/plugins/asura-connector/app/Utils/DB.php(50): Medoo\Medoo->__construct(Array)
#1 /wordpress/wp-content/plugins/asura-connector/app/Utils/DB.php(58): Dplugins\Asura\Connector\Utils\DB->__construct()
#2 /wordpress/wp-content/plugins/asura-connector/app/Utils/DB.php(105): Dplugins\Asura\Connector\Utils\DB::getInstance()
#3 /wordpress/wp-content/plugins/asura-connector/database/migrations/2021_07_10_000000_001_create_providers_table.php(11): Dplugins\Asura\Connector\Utils\DB::db()
#4 [internal function]: Dplugins\Asura\Connector\Database\Migrations\CreateProvidersTable::up()
#5 /wordpress/wp-content/plugins/asura-connector/app/Utils/Migration.php(29): call_user_func(Array)
#6 /wordpress/wp-content/plugins/asura-connector/app/Connector.php(88): Dplugins\Asura\Connector\Utils\Migration::migrate('/wordpress/wp-c...', 'Dplugins\\Asura\\...', 0, '001')
#7 /wordpress/wp-includes/class-wp-hook.php(324): Dplugins\Asura\Connector\Connector->plugin_activate(false)
#8 /wordpress/wp-includes/class-wp-hook.php(348): WP_Hook->apply_filters('', Array)
#9 /wordpress/wp-includes/plugin.php(517): WP_Hook->do_action(Array)
#10 /wordpress/wp-admin/includes/plugin.php(703): do_action('activate_asura-...', false)
#11 /internal/eval.php(20): activate_plugin('asura-connector...')
#12 {main}
  thrown in /wordpress/wp-content/plugins/asura-connector/vendor/catfan/medoo/src/Medoo.php on line 476
[01-May-2025 14:48:29 UTC] PHP Fatal error:  Uncaught PDOException: SQLSTATE[HY000] [2002] Address family not supported by protocol in /wordpress/wp-content/plugins/asura-connector/vendor/catfan/medoo/src/Medoo.php:476
Stack trace:
#0 /wordpress/wp-content/plugins/asura-connector/app/Utils/DB.php(50): Medoo\Medoo->__construct(Array)
#1 /wordpress/wp-content/plugins/asura-connector/app/Utils/DB.php(58): Dplugins\Asura\Connector\Utils\DB->__construct()
#2 /wordpress/wp-content/plugins/asura-connector/app/Utils/DB.php(105): Dplugins\Asura\Connector\Utils\DB::getInstance()
#3 /wordpress/wp-content/plugins/asura-connector/database/migrations/2021_07_10_000000_001_create_providers_table.php(11): Dplugins\Asura\Connector\Utils\DB::db()
#4 [internal function]: Dplugins\Asura\Connector\Database\Migrations\CreateProvidersTable::up()
#5 /wordpress/wp-content/plugins/asura-connector/app/Utils/Migration.php(29): call_user_func(Array)
#6 /wordpress/wp-content/plugins/asura-connector/app/Connector.php(88): Dplugins\Asura\Connector\Utils\Migration::migrate('/wordpress/wp-c...', 'Dplugins\\Asura\\...', 0, '001')
#7 /wordpress/wp-includes/class-wp-hook.php(324): Dplugins\Asura\Connector\Connector->plugin_activate(false)
#8 /wordpress/wp-includes/class-wp-hook.php(348): WP_Hook->apply_filters('', Array)
#9 /wordpress/wp-includes/plugin.php(517): WP_Hook->do_action(Array)
#10 /wordpress/wp-admin/includes/plugin.php(703): do_action('activate_asura-...', false)
#11 /internal/eval.php(20): activate_plugin('asura-connector...')
#12 {main}
  thrown in /wordpress/wp-content/plugins/asura-connector/vendor/catfan/medoo/src/Medoo.php on line 476
[01-May-2025 14:48:37 UTC] PHP Fatal error:  Uncaught PDOException: SQLSTATE[HY000] [2002] Address family not supported by protocol in /wordpress/wp-content/plugins/asura-connector/vendor/catfan/medoo/src/Medoo.php:476
Stack trace:
#0 /wordpress/wp-content/plugins/asura-connector/app/Utils/DB.php(50): Medoo\Medoo->__construct(Array)
#1 /wordpress/wp-content/plugins/asura-connector/app/Utils/DB.php(58): Dplugins\Asura\Connector\Utils\DB->__construct()
#2 /wordpress/wp-content/plugins/asura-connector/app/Utils/DB.php(105): Dplugins\Asura\Connector\Utils\DB::getInstance()
#3 /wordpress/wp-content/plugins/asura-connector/database/migrations/2021_07_10_000000_001_create_providers_table.php(11): Dplugins\Asura\Connector\Utils\DB::db()
#4 [internal function]: Dplugins\Asura\Connector\Database\Migrations\CreateProvidersTable::up()
#5 /wordpress/wp-content/plugins/asura-connector/app/Utils/Migration.php(29): call_user_func(Array)
#6 /wordpress/wp-content/plugins/asura-connector/app/Connector.php(88): Dplugins\Asura\Connector\Utils\Migration::migrate('/wordpress/wp-c...', 'Dplugins\\Asura\\...', 0, '001')
#7 /wordpress/wp-includes/class-wp-hook.php(324): Dplugins\Asura\Connector\Connector->plugin_activate(false)
#8 /wordpress/wp-includes/class-wp-hook.php(348): WP_Hook->apply_filters('', Array)
#9 /wordpress/wp-includes/plugin.php(517): WP_Hook->do_action(Array)
#10 /wordpress/wp-admin/includes/plugin.php(703): do_action('activate_asura-...', false)
#11 /internal/eval.php(20): activate_plugin('asura-connector...')
#12 {main}
  thrown in /wordpress/wp-content/plugins/asura-connector/vendor/catfan/medoo/src/Medoo.php on line 476
[01-May-2025 14:49:11 UTC] PHP Warning:  Undefined variable $_SESSION in /wordpress/wp-content/plugins/ab-tests-site-section/abtss.php on line 57
[01-May-2025 14:49:11 UTC] PHP Warning:  Trying to access array offset on value of type null in /wordpress/wp-content/plugins/ab-tests-site-section/abtss.php on line 57
[01-May-2025 14:49:11 UTC] PHP Warning:  Undefined variable $_SESSION in /wordpress/wp-content/plugins/ab-tests-site-section/abtss.php on line 57
[01-May-2025 14:49:11 UTC] PHP Warning:  Trying to access array offset on value of type null in /wordpress/wp-content/plugins/ab-tests-site-section/abtss.php on line 57
[01-May-2025 14:49:11 UTC] PHP Warning:  Undefined variable $_SESSION in /wordpress/wp-content/plugins/ab-tests-site-section/abtss.php on line 57
[01-May-2025 14:49:11 UTC] PHP Warning:  Trying to access array offset on value of type null in /wordpress/wp-content/plugins/ab-tests-site-section/abtss.php on line 57
[01-May-2025 14:49:12 UTC] PHP Fatal error:  Uncaught ValueError: DOMDocument::loadHTML(): Argument #1 ($source) must not be empty in /wordpress/wp-content/plugins/ab-tests-site-section/abtss.php:100
Stack trace:
#0 /wordpress/wp-content/plugins/ab-tests-site-section/abtss.php(100): DOMDocument->loadHTML('')
#1 /wordpress/wp-content/plugins/ab-tests-site-section/abtss.php(61): get_array_of_urls_abtss('')
#2 [internal function]: abtss_url_content_outgoing_filter('', 10)
#3 /internal/eval.php(34): ob_end_clean()
#4 {main}
  thrown in /wordpress/wp-content/plugins/ab-tests-site-section/abtss.php on line 100
[01-May-2025 14:49:19 UTC] PHP Warning:  Undefined variable $_SESSION in /wordpress/wp-content/plugins/ab-tests-site-section/abtss.php on line 57
[01-May-2025 14:49:19 UTC] PHP Warning:  Trying to access array offset on value of type null in /wordpress/wp-content/plugins/ab-tests-site-section/abtss.php on line 57
[01-May-2025 14:49:19 UTC] PHP Warning:  Undefined variable $_SESSION in /wordpress/wp-content/plugins/ab-tests-site-section/abtss.php on line 57
[01-May-2025 14:49:19 UTC] PHP Warning:  Trying to access array offset on value of type null in /wordpress/wp-content/plugins/ab-tests-site-section/abtss.php on line 57
[01-May-2025 14:49:20 UTC] PHP Warning:  Undefined variable $_SESSION in /wordpress/wp-content/plugins/ab-tests-site-section/abtss.php on line 57
[01-May-2025 14:49:20 UTC] PHP Warning:  Trying to access array offset on value of type null in /wordpress/wp-content/plugins/ab-tests-site-section/abtss.php on line 57
[01-May-2025 14:49:20 UTC] PHP Fatal error:  Uncaught ValueError: DOMDocument::loadHTML(): Argument #1 ($source) must not be empty in /wordpress/wp-content/plugins/ab-tests-site-section/abtss.php:100
Stack trace:
#0 /wordpress/wp-content/plugins/ab-tests-site-section/abtss.php(100): DOMDocument->loadHTML('')
#1 /wordpress/wp-content/plugins/ab-tests-site-section/abtss.php(61): get_array_of_urls_abtss('')
#2 [internal function]: abtss_url_content_outgoing_filter('', 10)
#3 /internal/eval.php(34): ob_end_clean()
#4 {main}
  thrown in /wordpress/wp-content/plugins/ab-tests-site-section/abtss.php on line 100
[01-May-2025 14:49:27 UTC] PHP Warning:  Undefined variable $_SESSION in /wordpress/wp-content/plugins/ab-tests-site-section/abtss.php on line 57
[01-May-2025 14:49:27 UTC] PHP Warning:  Trying to access array offset on value of type null in /wordpress/wp-content/plugins/ab-tests-site-section/abtss.php on line 57
[01-May-2025 14:49:27 UTC] PHP Warning:  Undefined variable $_SESSION in /wordpress/wp-content/plugins/ab-tests-site-section/abtss.php on line 57
[01-May-2025 14:49:27 UTC] PHP Warning:  Trying to access array offset on value of type null in /wordpress/wp-content/plugins/ab-tests-site-section/abtss.php on line 57
[01-May-2025 14:49:28 UTC] PHP Warning:  Undefined variable $_SESSION in /wordpress/wp-content/plugins/ab-tests-site-section/abtss.php on line 57
[01-May-2025 14:49:28 UTC] PHP Warning:  Trying to access array offset on value of type null in /wordpress/wp-content/plugins/ab-tests-site-section/abtss.php on line 57
[01-May-2025 14:49:28 UTC] PHP Fatal error:  Uncaught ValueError: DOMDocument::loadHTML(): Argument #1 ($source) must not be empty in /wordpress/wp-content/plugins/ab-tests-site-section/abtss.php:100
Stack trace:
#0 /wordpress/wp-content/plugins/ab-tests-site-section/abtss.php(100): DOMDocument->loadHTML('')
#1 /wordpress/wp-content/plugins/ab-tests-site-section/abtss.php(61): get_array_of_urls_abtss('')
#2 [internal function]: abtss_url_content_outgoing_filter('', 10)
#3 /internal/eval.php(34): ob_end_clean()
#4 {main}
  thrown in /wordpress/wp-content/plugins/ab-tests-site-section/abtss.php on line 100
[01-May-2025 14:50:39 UTC] PHP Warning:  Undefined variable $table_prefix in /wordpress/wp-content/plugins/attendance-list/attedance-list.php on line 42
[01-May-2025 14:50:41 UTC] PHP Notice:  Function wp_enqueue_script was called <strong>incorrectly</strong>. Scripts and styles should not be registered or enqueued until the <code>wp_enqueue_scripts</code>, <code>admin_enqueue_scripts</code>, or <code>login_enqueue_scripts</code> hooks. This notice was triggered by the <code>jquery</code> handle. Please see <a href="https://developer.wordpress.org/advanced-administration/debug/debug-wordpress/">Debugging in WordPress</a> for more information. (This message was added in version 3.3.0.) in /wordpress/wp-includes/functions.php on line 6121
[01-May-2025 14:50:48 UTC] PHP Warning:  Undefined variable $table_prefix in /wordpress/wp-content/plugins/attendance-list/attedance-list.php on line 42
[01-May-2025 14:50:50 UTC] PHP Notice:  Function wp_enqueue_script was called <strong>incorrectly</strong>. Scripts and styles should not be registered or enqueued until the <code>wp_enqueue_scripts</code>, <code>admin_enqueue_scripts</code>, or <code>login_enqueue_scripts</code> hooks. This notice was triggered by the <code>jquery</code> handle. Please see <a href="https://developer.wordpress.org/advanced-administration/debug/debug-wordpress/">Debugging in WordPress</a> for more information. (This message was added in version 3.3.0.) in /wordpress/wp-includes/functions.php on line 6121
[01-May-2025 14:50:57 UTC] PHP Warning:  Undefined variable $table_prefix in /wordpress/wp-content/plugins/attendance-list/attedance-list.php on line 42
[01-May-2025 14:50:58 UTC] PHP Notice:  Function wp_enqueue_script was called <strong>incorrectly</strong>. Scripts and styles should not be registered or enqueued until the <code>wp_enqueue_scripts</code>, <code>admin_enqueue_scripts</code>, or <code>login_enqueue_scripts</code> hooks. This notice was triggered by the <code>jquery</code> handle. Please see <a href="https://developer.wordpress.org/advanced-administration/debug/debug-wordpress/">Debugging in WordPress</a> for more information. (This message was added in version 3.3.0.) in /wordpress/wp-includes/functions.php on line 6121
[01-May-2025 14:53:16 UTC] PHP Warning:  "continue" targeting switch is equivalent to "break". Did you mean to use "continue 2"? in /wordpress/wp-content/plugins/admin-builder/inc/abMeta.php on line 119
[01-May-2025 14:53:16 UTC] PHP Warning:  "continue" targeting switch is equivalent to "break". Did you mean to use "continue 2"? in /wordpress/wp-content/plugins/admin-builder/inc/abMeta.php on line 162
[01-May-2025 14:53:17 UTC] PHP Warning:  "continue" targeting switch is equivalent to "break". Did you mean to use "continue 2"? in /wordpress/wp-content/plugins/admin-builder/inc/abMeta.php on line 119
[01-May-2025 14:53:17 UTC] PHP Warning:  "continue" targeting switch is equivalent to "break". Did you mean to use "continue 2"? in /wordpress/wp-content/plugins/admin-builder/inc/abMeta.php on line 162
[01-May-2025 14:53:25 UTC] PHP Warning:  "continue" targeting switch is equivalent to "break". Did you mean to use "continue 2"? in /wordpress/wp-content/plugins/admin-builder/inc/abMeta.php on line 119
[01-May-2025 14:53:25 UTC] PHP Warning:  "continue" targeting switch is equivalent to "break". Did you mean to use "continue 2"? in /wordpress/wp-content/plugins/admin-builder/inc/abMeta.php on line 162
[01-May-2025 14:53:26 UTC] PHP Warning:  "continue" targeting switch is equivalent to "break". Did you mean to use "continue 2"? in /wordpress/wp-content/plugins/admin-builder/inc/abMeta.php on line 119
[01-May-2025 14:53:26 UTC] PHP Warning:  "continue" targeting switch is equivalent to "break". Did you mean to use "continue 2"? in /wordpress/wp-content/plugins/admin-builder/inc/abMeta.php on line 162
[01-May-2025 14:53:33 UTC] PHP Warning:  "continue" targeting switch is equivalent to "break". Did you mean to use "continue 2"? in /wordpress/wp-content/plugins/admin-builder/inc/abMeta.php on line 119
[01-May-2025 14:53:33 UTC] PHP Warning:  "continue" targeting switch is equivalent to "break". Did you mean to use "continue 2"? in /wordpress/wp-content/plugins/admin-builder/inc/abMeta.php on line 162
[01-May-2025 14:53:34 UTC] PHP Warning:  "continue" targeting switch is equivalent to "break". Did you mean to use "continue 2"? in /wordpress/wp-content/plugins/admin-builder/inc/abMeta.php on line 119
[01-May-2025 14:53:34 UTC] PHP Warning:  "continue" targeting switch is equivalent to "break". Did you mean to use "continue 2"? in /wordpress/wp-content/plugins/admin-builder/inc/abMeta.php on line 162
[01-May-2025 14:54:04 UTC] PHP Deprecated:  Required parameter $fields follows optional parameter $fieldset in /wordpress/wp-content/plugins/advanced-categories-widget/inc/class-advanced-categories-widget-fields.php on line 33
[01-May-2025 14:54:04 UTC] PHP Deprecated:  Required parameter $instance follows optional parameter $fieldset in /wordpress/wp-content/plugins/advanced-categories-widget/inc/class-advanced-categories-widget-fields.php on line 33
[01-May-2025 14:54:04 UTC] PHP Deprecated:  Required parameter $widget follows optional parameter $fieldset in /wordpress/wp-content/plugins/advanced-categories-widget/inc/class-advanced-categories-widget-fields.php on line 33
[01-May-2025 14:54:04 UTC] PHP Deprecated:  Required parameter $instance follows optional parameter $fieldset in /wordpress/wp-content/plugins/advanced-categories-widget/inc/class-advanced-categories-widget-fields.php on line 82
[01-May-2025 14:54:04 UTC] PHP Deprecated:  Required parameter $widget follows optional parameter $fieldset in /wordpress/wp-content/plugins/advanced-categories-widget/inc/class-advanced-categories-widget-fields.php on line 82
[01-May-2025 14:54:13 UTC] PHP Deprecated:  Required parameter $fields follows optional parameter $fieldset in /wordpress/wp-content/plugins/advanced-categories-widget/inc/class-advanced-categories-widget-fields.php on line 33
[01-May-2025 14:54:13 UTC] PHP Deprecated:  Required parameter $instance follows optional parameter $fieldset in /wordpress/wp-content/plugins/advanced-categories-widget/inc/class-advanced-categories-widget-fields.php on line 33
[01-May-2025 14:54:13 UTC] PHP Deprecated:  Required parameter $widget follows optional parameter $fieldset in /wordpress/wp-content/plugins/advanced-categories-widget/inc/class-advanced-categories-widget-fields.php on line 33
[01-May-2025 14:54:13 UTC] PHP Deprecated:  Required parameter $instance follows optional parameter $fieldset in /wordpress/wp-content/plugins/advanced-categories-widget/inc/class-advanced-categories-widget-fields.php on line 82
[01-May-2025 14:54:13 UTC] PHP Deprecated:  Required parameter $widget follows optional parameter $fieldset in /wordpress/wp-content/plugins/advanced-categories-widget/inc/class-advanced-categories-widget-fields.php on line 82
[01-May-2025 14:54:21 UTC] PHP Deprecated:  Required parameter $fields follows optional parameter $fieldset in /wordpress/wp-content/plugins/advanced-categories-widget/inc/class-advanced-categories-widget-fields.php on line 33
[01-May-2025 14:54:21 UTC] PHP Deprecated:  Required parameter $instance follows optional parameter $fieldset in /wordpress/wp-content/plugins/advanced-categories-widget/inc/class-advanced-categories-widget-fields.php on line 33
[01-May-2025 14:54:21 UTC] PHP Deprecated:  Required parameter $widget follows optional parameter $fieldset in /wordpress/wp-content/plugins/advanced-categories-widget/inc/class-advanced-categories-widget-fields.php on line 33
[01-May-2025 14:54:21 UTC] PHP Deprecated:  Required parameter $instance follows optional parameter $fieldset in /wordpress/wp-content/plugins/advanced-categories-widget/inc/class-advanced-categories-widget-fields.php on line 82
[01-May-2025 14:54:21 UTC] PHP Deprecated:  Required parameter $widget follows optional parameter $fieldset in /wordpress/wp-content/plugins/advanced-categories-widget/inc/class-advanced-categories-widget-fields.php on line 82
[01-May-2025 14:54:30 UTC] WordPress database error <div style="clear:both">&nbsp;</div>
<div class="queries" style="clear:both;margin-bottom:2px;border:red dotted thin;">
<p>MySQL query:</p>
<p>ALTER TABLE wp_algol_wishlist_wishlists
                    ADD CONSTRAINT FKownerId FOREIGN KEY (ownerId)
                    REFERENCES wp_users(id) ON DELETE CASCADE ON UPDATE CASCADE;</p>
<p>Queries made or created this session were:</p>
<ol>
<li>Executing: BEGIN | (no parameters)</li>
<li>Executing: SELECT 1 FROM sqlite_temp_schema WHERE type = 'table' AND name = ? | parameters: wp_algol_wishlist_wishlists</li>
<li>Executing: SELECT COLUMN_NAME FROM _wp_sqlite_mysql_information_schema_columns WHERE table_schema = ? AND table_name = ? | parameters: database_name_here, wp_algol_wishlist_wishlists</li>
<li>Executing: SELECT 1 FROM sqlite_temp_schema WHERE type = 'table' AND name = ? | parameters: wp_algol_wishlist_wishlists</li>
<li>Executing: ROLLBACK | (no parameters)</li>
</ol>
</div>
<div style="clear:both;margin-bottom:2px;border:red dotted thin;" class="error_message" style="border-bottom:dotted blue thin;">
FOREIGN KEY and CHECK constraints are not supported yet.
</div>
<p>Backtrace:</p>
<pre>#0 /internal/shared/sqlite-database-integration/wp-includes/sqlite-ast/class-wp-sqlite-driver.php(690): WP_SQLite_Driver->new_driver_exception('FOREIGN KEY and...', 0, Object(Exception))
#1 /internal/shared/sqlite-database-integration/wp-includes/sqlite/class-wp-sqlite-db.php(472): WP_SQLite_Driver->query('ALTER TABLE wp_...')
#2 /internal/shared/sqlite-database-integration/wp-includes/sqlite/class-wp-sqlite-db.php(413): WP_SQLite_DB->_do_query('ALTER TABLE wp_...')
#3 /wordpress/wp-content/plugins/advanced-wishlist-for-woocommerce/src/Repositories/Wishlists/WishlistsRepositoryWordpress.php(514): WP_SQLite_DB->query('ALTER TABLE wp_...')
#4 /wordpress/wp-content/plugins/advanced-wishlist-for-woocommerce/src/VersionFree/PluginActions.php(59): AlgolWishlist\Repositories\Wishlists\WishlistsRepositoryWordpress->createTable()
#5 /wordpress/wp-includes/class-wp-hook.php(324): AlgolWishlist\VersionFree\PluginActions->install(false)
#6 /wordpress/wp-includes/class-wp-hook.php(348): WP_Hook->apply_filters('', Array)
#7 /wordpress/wp-includes/plugin.php(517): WP_Hook->do_action(Array)
#8 /wordpress/wp-admin/includes/plugin.php(703): do_action('activate_advanc...', false)
#9 /internal/eval.php(20): activate_plugin('advanced-wishli...')
#10 {main}</pre>
 for query ALTER TABLE wp_algol_wishlist_wishlists
                    ADD CONSTRAINT FKownerId FOREIGN KEY (ownerId)
                    REFERENCES wp_users(id) ON DELETE CASCADE ON UPDATE CASCADE; made by activate_plugin, do_action('activate_advanced-wishlist-for-woocommerce/advanced-wishlist-for-woocommerce.php'), WP_Hook->do_action, WP_Hook->apply_filters, AlgolWishlist\VersionFree\PluginActions->install, AlgolWishlist\Repositories\Wishlists\WishlistsRepositoryWordpress->createTable, WP_SQLite_DB->query, WP_SQLite_DB->print_error
[01-May-2025 14:54:30 UTC] WordPress database error <div style="clear:both">&nbsp;</div>
<div class="queries" style="clear:both;margin-bottom:2px;border:red dotted thin;">
<p>MySQL query:</p>
<p>ALTER TABLE wp_algol_wishlist_wishlists
                    ADD CONSTRAINT FKsessionId FOREIGN KEY (sessionKey)
                    REFERENCES wp_woocommerce_sessions(session_key) ON DELETE CASCADE ON UPDATE CASCADE;</p>
<p>Queries made or created this session were:</p>
<ol>
<li>Executing: BEGIN | (no parameters)</li>
<li>Executing: SELECT 1 FROM sqlite_temp_schema WHERE type = 'table' AND name = ? | parameters: wp_algol_wishlist_wishlists</li>
<li>Executing: SELECT COLUMN_NAME FROM _wp_sqlite_mysql_information_schema_columns WHERE table_schema = ? AND table_name = ? | parameters: database_name_here, wp_algol_wishlist_wishlists</li>
<li>Executing: SELECT 1 FROM sqlite_temp_schema WHERE type = 'table' AND name = ? | parameters: wp_algol_wishlist_wishlists</li>
<li>Executing: ROLLBACK | (no parameters)</li>
</ol>
</div>
<div style="clear:both;margin-bottom:2px;border:red dotted thin;" class="error_message" style="border-bottom:dotted blue thin;">
FOREIGN KEY and CHECK constraints are not supported yet.
</div>
<p>Backtrace:</p>
<pre>#0 /internal/shared/sqlite-database-integration/wp-includes/sqlite-ast/class-wp-sqlite-driver.php(690): WP_SQLite_Driver->new_driver_exception('FOREIGN KEY and...', 0, Object(Exception))
#1 /internal/shared/sqlite-database-integration/wp-includes/sqlite/class-wp-sqlite-db.php(472): WP_SQLite_Driver->query('ALTER TABLE wp_...')
#2 /internal/shared/sqlite-database-integration/wp-includes/sqlite/class-wp-sqlite-db.php(413): WP_SQLite_DB->_do_query('ALTER TABLE wp_...')
#3 /wordpress/wp-content/plugins/advanced-wishlist-for-woocommerce/src/Repositories/Wishlists/WishlistsRepositoryWordpress.php(519): WP_SQLite_DB->query('ALTER TABLE wp_...')
#4 /wordpress/wp-content/plugins/advanced-wishlist-for-woocommerce/src/VersionFree/PluginActions.php(59): AlgolWishlist\Repositories\Wishlists\WishlistsRepositoryWordpress->createTable()
#5 /wordpress/wp-includes/class-wp-hook.php(324): AlgolWishlist\VersionFree\PluginActions->install(false)
#6 /wordpress/wp-includes/class-wp-hook.php(348): WP_Hook->apply_filters('', Array)
#7 /wordpress/wp-includes/plugin.php(517): WP_Hook->do_action(Array)
#8 /wordpress/wp-admin/includes/plugin.php(703): do_action('activate_advanc...', false)
#9 /internal/eval.php(20): activate_plugin('advanced-wishli...')
#10 {main}</pre>
 for query ALTER TABLE wp_algol_wishlist_wishlists
                    ADD CONSTRAINT FKsessionId FOREIGN KEY (sessionKey)
                    REFERENCES wp_woocommerce_sessions(session_key) ON DELETE CASCADE ON UPDATE CASCADE; made by activate_plugin, do_action('activate_advanced-wishlist-for-woocommerce/advanced-wishlist-for-woocommerce.php'), WP_Hook->do_action, WP_Hook->apply_filters, AlgolWishlist\VersionFree\PluginActions->install, AlgolWishlist\Repositories\Wishlists\WishlistsRepositoryWordpress->createTable, WP_SQLite_DB->query, WP_SQLite_DB->print_error
[01-May-2025 14:54:31 UTC] WordPress database error <div style="clear:both">&nbsp;</div>
<div class="queries" style="clear:both;margin-bottom:2px;border:red dotted thin;">
<p>MySQL query:</p>
<p>ALTER TABLE wp_algol_wishlist_wishlists_and_products
                    ADD CONSTRAINT FKwishlistId FOREIGN KEY (wishlistId)
                    REFERENCES wp_algol_wishlist_wishlists(id) ON DELETE CASCADE ON UPDATE CASCADE;</p>
<p>Queries made or created this session were:</p>
<ol>
<li>Executing: BEGIN | (no parameters)</li>
<li>Executing: SELECT 1 FROM sqlite_temp_schema WHERE type = 'table' AND name = ? | parameters: wp_algol_wishlist_wishlists_and_products</li>
<li>Executing: SELECT COLUMN_NAME FROM _wp_sqlite_mysql_information_schema_columns WHERE table_schema = ? AND table_name = ? | parameters: database_name_here, wp_algol_wishlist_wishlists_and_products</li>
<li>Executing: SELECT 1 FROM sqlite_temp_schema WHERE type = 'table' AND name = ? | parameters: wp_algol_wishlist_wishlists_and_products</li>
<li>Executing: ROLLBACK | (no parameters)</li>
</ol>
</div>
<div style="clear:both;margin-bottom:2px;border:red dotted thin;" class="error_message" style="border-bottom:dotted blue thin;">
FOREIGN KEY and CHECK constraints are not supported yet.
</div>
<p>Backtrace:</p>
<pre>#0 /internal/shared/sqlite-database-integration/wp-includes/sqlite-ast/class-wp-sqlite-driver.php(690): WP_SQLite_Driver->new_driver_exception('FOREIGN KEY and...', 0, Object(Exception))
#1 /internal/shared/sqlite-database-integration/wp-includes/sqlite/class-wp-sqlite-db.php(472): WP_SQLite_Driver->query('ALTER TABLE wp_...')
#2 /internal/shared/sqlite-database-integration/wp-includes/sqlite/class-wp-sqlite-db.php(413): WP_SQLite_DB->_do_query('ALTER TABLE wp_...')
#3 /wordpress/wp-content/plugins/advanced-wishlist-for-woocommerce/src/Repositories/ItemsOfWishlist/ItemsOfWishlistRepositoryWordpress.php(710): WP_SQLite_DB->query('ALTER TABLE wp_...')
#4 /wordpress/wp-content/plugins/advanced-wishlist-for-woocommerce/src/VersionFree/PluginActions.php(60): AlgolWishlist\Repositories\ItemsOfWishlist\ItemsOfWishlistRepositoryWordpress->createTable()
#5 /wordpress/wp-includes/class-wp-hook.php(324): AlgolWishlist\VersionFree\PluginActions->install(false)
#6 /wordpress/wp-includes/class-wp-hook.php(348): WP_Hook->apply_filters('', Array)
#7 /wordpress/wp-includes/plugin.php(517): WP_Hook->do_action(Array)
#8 /wordpress/wp-admin/includes/plugin.php(703): do_action('activate_advanc...', false)
#9 /internal/eval.php(20): activate_plugin('advanced-wishli...')
#10 {main}</pre>
 for query ALTER TABLE wp_algol_wishlist_wishlists_and_products
                    ADD CONSTRAINT FKwishlistId FOREIGN KEY (wishlistId)
                    REFERENCES wp_algol_wishlist_wishlists(id) ON DELETE CASCADE ON UPDATE CASCADE; made by activate_plugin, do_action('activate_advanced-wishlist-for-woocommerce/advanced-wishlist-for-woocommerce.php'), WP_Hook->do_action, WP_Hook->apply_filters, AlgolWishlist\VersionFree\PluginActions->install, AlgolWishlist\Repositories\ItemsOfWishlist\ItemsOfWishlistRepositoryWordpress->createTable, WP_SQLite_DB->query, WP_SQLite_DB->print_error
[01-May-2025 14:54:31 UTC] WordPress database error <div style="clear:both">&nbsp;</div>
<div class="queries" style="clear:both;margin-bottom:2px;border:red dotted thin;">
<p>MySQL query:</p>
<p>ALTER TABLE wp_algol_wishlist_wishlists_and_products
                    ADD CONSTRAINT FKproductId FOREIGN KEY (productId)
                    REFERENCES wp_posts(id) ON DELETE CASCADE ON UPDATE CASCADE;</p>
<p>Queries made or created this session were:</p>
<ol>
<li>Executing: BEGIN | (no parameters)</li>
<li>Executing: SELECT 1 FROM sqlite_temp_schema WHERE type = 'table' AND name = ? | parameters: wp_algol_wishlist_wishlists_and_products</li>
<li>Executing: SELECT COLUMN_NAME FROM _wp_sqlite_mysql_information_schema_columns WHERE table_schema = ? AND table_name = ? | parameters: database_name_here, wp_algol_wishlist_wishlists_and_products</li>
<li>Executing: SELECT 1 FROM sqlite_temp_schema WHERE type = 'table' AND name = ? | parameters: wp_algol_wishlist_wishlists_and_products</li>
<li>Executing: ROLLBACK | (no parameters)</li>
</ol>
</div>
<div style="clear:both;margin-bottom:2px;border:red dotted thin;" class="error_message" style="border-bottom:dotted blue thin;">
FOREIGN KEY and CHECK constraints are not supported yet.
</div>
<p>Backtrace:</p>
<pre>#0 /internal/shared/sqlite-database-integration/wp-includes/sqlite-ast/class-wp-sqlite-driver.php(690): WP_SQLite_Driver->new_driver_exception('FOREIGN KEY and...', 0, Object(Exception))
#1 /internal/shared/sqlite-database-integration/wp-includes/sqlite/class-wp-sqlite-db.php(472): WP_SQLite_Driver->query('ALTER TABLE wp_...')
#2 /internal/shared/sqlite-database-integration/wp-includes/sqlite/class-wp-sqlite-db.php(413): WP_SQLite_DB->_do_query('ALTER TABLE wp_...')
#3 /wordpress/wp-content/plugins/advanced-wishlist-for-woocommerce/src/Repositories/ItemsOfWishlist/ItemsOfWishlistRepositoryWordpress.php(715): WP_SQLite_DB->query('ALTER TABLE wp_...')
#4 /wordpress/wp-content/plugins/advanced-wishlist-for-woocommerce/src/VersionFree/PluginActions.php(60): AlgolWishlist\Repositories\ItemsOfWishlist\ItemsOfWishlistRepositoryWordpress->createTable()
#5 /wordpress/wp-includes/class-wp-hook.php(324): AlgolWishlist\VersionFree\PluginActions->install(false)
#6 /wordpress/wp-includes/class-wp-hook.php(348): WP_Hook->apply_filters('', Array)
#7 /wordpress/wp-includes/plugin.php(517): WP_Hook->do_action(Array)
#8 /wordpress/wp-admin/includes/plugin.php(703): do_action('activate_advanc...', false)
#9 /internal/eval.php(20): activate_plugin('advanced-wishli...')
#10 {main}</pre>
 for query ALTER TABLE wp_algol_wishlist_wishlists_and_products
                    ADD CONSTRAINT FKproductId FOREIGN KEY (productId)
                    REFERENCES wp_posts(id) ON DELETE CASCADE ON UPDATE CASCADE; made by activate_plugin, do_action('activate_advanced-wishlist-for-woocommerce/advanced-wishlist-for-woocommerce.php'), WP_Hook->do_action, WP_Hook->apply_filters, AlgolWishlist\VersionFree\PluginActions->install, AlgolWishlist\Repositories\ItemsOfWishlist\ItemsOfWishlistRepositoryWordpress->createTable, WP_SQLite_DB->query, WP_SQLite_DB->print_error
[01-May-2025 14:54:31 UTC] PHP Fatal error:  Uncaught Error: Call to undefined function AlgolWishlist\Logger\wc_get_logger() in /wordpress/wp-content/plugins/advanced-wishlist-for-woocommerce/src/Logger/LoggerImpl.php:20
Stack trace:
#0 /wordpress/wp-content/plugins/advanced-wishlist-for-woocommerce/src/Context.php(35): AlgolWishlist\Logger\LoggerImpl->__construct()
#1 /wordpress/wp-content/plugins/advanced-wishlist-for-woocommerce/awlContext.php(20): AlgolWishlist\Context->__construct(Object(AlgolWishlist\Settings\SettingsFramework\OptionsManager))
#2 /wordpress/wp-content/plugins/advanced-wishlist-for-woocommerce/src/VersionFree/WishlistPageApp/WishlistPage.php(16): awlContext()
#3 /wordpress/wp-content/plugins/advanced-wishlist-for-woocommerce/src/VersionFree/PluginActions.php(62): AlgolWishlist\VersionFree\WishlistPageApp\WishlistPage->__construct()
#4 /wordpress/wp-includes/class-wp-hook.php(324): AlgolWishlist\VersionFree\PluginActions->install(false)
#5 /wordpress/wp-includes/class-wp-hook.php(348): WP_Hook->apply_filters('', Array)
#6 /wordpress/wp-includes/plugin.php(517): WP_Hook->do_action(Array)
#7 /wordpress/wp-admin/includes/plugin.php(703): do_action('activate_advanc...', false)
#8 /internal/eval.php(20): activate_plugin('advanced-wishli...')
#9 {main}
  thrown in /wordpress/wp-content/plugins/advanced-wishlist-for-woocommerce/src/Logger/LoggerImpl.php on line 20

    at Object.onBind (file:///home/runner/work/playground-tester/playground-tester/node_modules/@wp-playground/cli/index.js:237:15)
    at process.processTicksAndRejections (node:internal/process/task_queues:105:5)
    at async V (file:///home/runner/work/playground-tester/playground-tester/node_modules/@wp-playground/cli/index.js:64:10)
    at async ja (file:///home/runner/work/playground-tester/playground-tester/node_modules/@wp-playground/cli/cli.js:8161:12) {
  [cause]: Error: Error when executing the blueprint step #5 ({"step":"installPlugin","pluginData":{"resource":"wordpress.org/plugins","slug":"advanced-wishlist-for-woocommerce"},"options":{"activate":true}}) : PHP.run() failed with exit code 255 and the following output: 
      at Object.run (file:///home/runner/work/playground-tester/playground-tester/node_modules/@wp-playground/blueprints/index.js:12449:19)
      at process.processTicksAndRejections (node:internal/process/task_queues:105:5)
      at async ms (file:///home/runner/work/playground-tester/playground-tester/node_modules/@wp-playground/blueprints/index.js:12552:3)
      ... 2 lines matching cause stack trace ...
      at async ja (file:///home/runner/work/playground-tester/playground-tester/node_modules/@wp-playground/cli/cli.js:8161:12) {
    [cause]: PHPExecutionFailureError: PHP.run() failed with exit code 255 and the following output: 
        at PHP.run (file:///home/runner/work/playground-tester/playground-tester/node_modules/@php-wasm/universal/index.js:987:19)
        at process.processTicksAndRejections (node:internal/process/task_queues:105:5)
        at async wr (file:///home/runner/work/playground-tester/playground-tester/node_modules/@wp-playground/blueprints/index.js:33:39)
        at async Object.gt [as installPlugin] (file:///home/runner/work/playground-tester/playground-tester/node_modules/@wp-playground/blueprints/index.js:974:42)
        at async g (file:///home/runner/work/playground-tester/playground-tester/node_modules/@wp-playground/blueprints/index.js:12517:30)
        at async Object.run (file:///home/runner/work/playground-tester/playground-tester/node_modules/@wp-playground/blueprints/index.js:12446:23)
        at async ms (file:///home/runner/work/playground-tester/playground-tester/node_modules/@wp-playground/blueprints/index.js:12552:3)
        at async Object.onBind (file:///home/runner/work/playground-tester/playground-tester/node_modules/@wp-playground/cli/index.js:227:48)
        at async V (file:///home/runner/work/playground-tester/playground-tester/node_modules/@wp-playground/cli/index.js:64:10)
        at async ja (file:///home/runner/work/playground-tester/playground-tester/node_modules/@wp-playground/cli/cli.js:8161:12) {
      response: PHPResponse {
        httpStatusCode: 500,
        headers: {
          'x-powered-by': [ 'PHP/8.0.30-dev' ],
          'content-type': [ 'text/html; charset=UTF-8' ]
        },
        bytes: Uint8Array(0) [],
        exitCode: 255,
        errors: ''
      },
      source: 'request'
    }
  }
}

Node.js v23.11.0
