[
  {
    "message": "file:///home/runner/work/playground-tester/playground-tester/node_modules/@wp-playground/cli/run-cli-j-geJYS3.js:325\n        throw new Error($, { cause: h });\n              ^\n",
    "level": "FATAL",
    "type": "PLAYGROUND",
    "test": "ast-sqlite-boot",
    "plugin": "buddypress-remove-avatars",
    "details": "file:///home/runner/work/playground-tester/playground-tester/node_modules/@wp-playground/cli/run-cli-j-geJYS3.js:325\n        throw new Error($, { cause: h });\n              ^\n",
    "log": "/tmp/tmp.qUNqxI1vDo"
  },
  {
    "message": "Unparenthesized `a ? b : c ? d : e` is not supported. Use either `(a ? b : c) ? d : e` or `a ? b : (c ? d : e)` in /wordpress/wp-content/plugins/adtoniq/inc/messenger.php on line 156",
    "level": "FATAL",
    "type": "PHP",
    "test": "ast-sqlite-boot",
    "plugin": "buddypress-remove-avatars",
    "details": "[29-Jun-2025 16:58:48 UTC] PHP Fatal error:  Unparenthesized `a ? b : c ? d : e` is not supported. Use either `(a ? b : c) ? d : e` or `a ? b : (c ? d : e)` in /wordpress/wp-content/plugins/adtoniq/inc/messenger.php on line 156",
    "log": "/logs/plugins/b/buddypress-remove-avatars/error.json"
  },
  {
    "message": "Unparenthesized `a ? b : c ? d : e` is not supported. Use either `(a ? b : c) ? d : e` or `a ? b : (c ? d : e)` in /wordpress/wp-content/plugins/adtoniq/inc/messenger.php on line 156",
    "level": "FATAL",
    "type": "PHP",
    "test": "ast-sqlite-boot",
    "plugin": "buddypress-remove-avatars",
    "details": "[29-Jun-2025 16:58:56 UTC] PHP Fatal error:  Unparenthesized `a ? b : c ? d : e` is not supported. Use either `(a ? b : c) ? d : e` or `a ? b : (c ? d : e)` in /wordpress/wp-content/plugins/adtoniq/inc/messenger.php on line 156",
    "log": "/logs/plugins/b/buddypress-remove-avatars/error.json"
  },
  {
    "message": "Unparenthesized `a ? b : c ? d : e` is not supported. Use either `(a ? b : c) ? d : e` or `a ? b : (c ? d : e)` in /wordpress/wp-content/plugins/adtoniq/inc/messenger.php on line 156",
    "level": "FATAL",
    "type": "PHP",
    "test": "ast-sqlite-boot",
    "plugin": "buddypress-remove-avatars",
    "details": "[29-Jun-2025 16:59:04 UTC] PHP Fatal error:  Unparenthesized `a ? b : c ? d : e` is not supported. Use either `(a ? b : c) ? d : e` or `a ? b : (c ? d : e)` in /wordpress/wp-content/plugins/adtoniq/inc/messenger.php on line 156",
    "log": "/logs/plugins/b/buddypress-remove-avatars/error.json"
  },
  {
    "message": "Uncaught Exception: ошибка в запросе: INSERT INTO `wp_asc_log` (`time`, `error`, `success`, `info`, `supplier_id`) VALUES ('2025-06-29 17:00:09', 'ошибка в запросе: CREATE TABLE IF NOT EXISTS `wp_asc_currencies` (\r",
    "level": "FATAL",
    "type": "PHP",
    "test": "ast-sqlite-boot",
    "plugin": "buddypress-remove-avatars",
    "details": "[29-Jun-2025 17:00:09 UTC] PHP Fatal error:  Uncaught Exception: ошибка в запросе: INSERT INTO `wp_asc_log` (`time`, `error`, `success`, `info`, `supplier_id`) VALUES ('2025-06-29 17:00:09', 'ошибка в запросе: CREATE TABLE IF NOT EXISTS `wp_asc_currencies` (\r\n  \t\t\t\t`supplier_id` int(10) UNSIGNED NOT NULL,\r\n  \t\t\t\t`name` varchar(3) COLLATE utf8mb4_unicode_ci NOT NULL,\r\n  \t\t\t\t`rate` float NOT NULL,\r\n  \t\t\t\tUNIQUE KEY `supplier_id` (`supplier_id`,`name`),\r\n  \t\t\t\tCONSTRAINT `wp_asc_currencies_ibfk_1` FOREIGN KEY (`supplier_id`) REFERENCES `wp_asc_suppliers` (`supplier_id`) ON DELETE CASCADE                                             \r\n\t\t\t) ENGINE=InnoDB DEFAULT CHARSET=utf8mb4 COLLATE=utf8mb4_unicode_ci;', '', '', NULL) in /wordpress/wp-content/plugins/advanced-store-control-for-woocommerce/traits/model.php:63\nStack trace:\n#0 /wordpress/wp-content/plugins/advanced-store-control-for-woocommerce/models/log.php(39): ASC\\Models\\Model_Log->query('INSERT INTO `wp...')\n#1 /wordpress/wp-content/plugins/advanced-store-control-for-woocommerce/controllers/log.php(84): ASC\\Models\\Model_Log->create('2025-06-29 17:0...', 'NULL', Array)\n#2 /wordpress/wp-content/plugins/advanced-store-control-for-woocommerce/controllers/log.php(126): ASC\\Controllers\\Controller_Log->save(Array)\n#3 /wordpress/wp-content/plugins/advanced-store-control-for-woocommerce/controllers/log.php(105): ASC\\Controllers\\Controller_Log->set_error('\\xD0\\xBE\\xD1\\x88\\xD0\\xB8\\xD0\\xB1\\xD0\\xBA\\xD0\\xB0 \\xD0\\xB2...')\n#4 [internal function]: ASC\\Controllers\\Controller_Log::exception(Object(Exception))\n#5 {main}\n  thrown in /wordpress/wp-content/plugins/advanced-store-control-for-woocommerce/traits/model.php on line 63",
    "log": "/logs/plugins/b/buddypress-remove-avatars/error.json"
  },
  {
    "message": "Uncaught Exception: ошибка в запросе: INSERT INTO `wp_asc_log` (`time`, `error`, `success`, `info`, `supplier_id`) VALUES ('2025-06-29 17:00:17', 'ошибка в запросе: CREATE TABLE IF NOT EXISTS `wp_asc_currencies` (\r",
    "level": "FATAL",
    "type": "PHP",
    "test": "ast-sqlite-boot",
    "plugin": "buddypress-remove-avatars",
    "details": "[29-Jun-2025 17:00:17 UTC] PHP Fatal error:  Uncaught Exception: ошибка в запросе: INSERT INTO `wp_asc_log` (`time`, `error`, `success`, `info`, `supplier_id`) VALUES ('2025-06-29 17:00:17', 'ошибка в запросе: CREATE TABLE IF NOT EXISTS `wp_asc_currencies` (\r\n  \t\t\t\t`supplier_id` int(10) UNSIGNED NOT NULL,\r\n  \t\t\t\t`name` varchar(3) COLLATE utf8mb4_unicode_ci NOT NULL,\r\n  \t\t\t\t`rate` float NOT NULL,\r\n  \t\t\t\tUNIQUE KEY `supplier_id` (`supplier_id`,`name`),\r\n  \t\t\t\tCONSTRAINT `wp_asc_currencies_ibfk_1` FOREIGN KEY (`supplier_id`) REFERENCES `wp_asc_suppliers` (`supplier_id`) ON DELETE CASCADE                                             \r\n\t\t\t) ENGINE=InnoDB DEFAULT CHARSET=utf8mb4 COLLATE=utf8mb4_unicode_ci;', '', '', NULL) in /wordpress/wp-content/plugins/advanced-store-control-for-woocommerce/traits/model.php:63\nStack trace:\n#0 /wordpress/wp-content/plugins/advanced-store-control-for-woocommerce/models/log.php(39): ASC\\Models\\Model_Log->query('INSERT INTO `wp...')\n#1 /wordpress/wp-content/plugins/advanced-store-control-for-woocommerce/controllers/log.php(84): ASC\\Models\\Model_Log->create('2025-06-29 17:0...', 'NULL', Array)\n#2 /wordpress/wp-content/plugins/advanced-store-control-for-woocommerce/controllers/log.php(126): ASC\\Controllers\\Controller_Log->save(Array)\n#3 /wordpress/wp-content/plugins/advanced-store-control-for-woocommerce/controllers/log.php(105): ASC\\Controllers\\Controller_Log->set_error('\\xD0\\xBE\\xD1\\x88\\xD0\\xB8\\xD0\\xB1\\xD0\\xBA\\xD0\\xB0 \\xD0\\xB2...')\n#4 [internal function]: ASC\\Controllers\\Controller_Log::exception(Object(Exception))\n#5 {main}\n  thrown in /wordpress/wp-content/plugins/advanced-store-control-for-woocommerce/traits/model.php on line 63",
    "log": "/logs/plugins/b/buddypress-remove-avatars/error.json"
  },
  {
    "message": "Uncaught Exception: ошибка в запросе: INSERT INTO `wp_asc_log` (`time`, `error`, `success`, `info`, `supplier_id`) VALUES ('2025-06-29 17:00:26', 'ошибка в запросе: CREATE TABLE IF NOT EXISTS `wp_asc_currencies` (\r",
    "level": "FATAL",
    "type": "PHP",
    "test": "ast-sqlite-boot",
    "plugin": "buddypress-remove-avatars",
    "details": "[29-Jun-2025 17:00:26 UTC] PHP Fatal error:  Uncaught Exception: ошибка в запросе: INSERT INTO `wp_asc_log` (`time`, `error`, `success`, `info`, `supplier_id`) VALUES ('2025-06-29 17:00:26', 'ошибка в запросе: CREATE TABLE IF NOT EXISTS `wp_asc_currencies` (\r\n  \t\t\t\t`supplier_id` int(10) UNSIGNED NOT NULL,\r\n  \t\t\t\t`name` varchar(3) COLLATE utf8mb4_unicode_ci NOT NULL,\r\n  \t\t\t\t`rate` float NOT NULL,\r\n  \t\t\t\tUNIQUE KEY `supplier_id` (`supplier_id`,`name`),\r\n  \t\t\t\tCONSTRAINT `wp_asc_currencies_ibfk_1` FOREIGN KEY (`supplier_id`) REFERENCES `wp_asc_suppliers` (`supplier_id`) ON DELETE CASCADE                                             \r\n\t\t\t) ENGINE=InnoDB DEFAULT CHARSET=utf8mb4 COLLATE=utf8mb4_unicode_ci;', '', '', NULL) in /wordpress/wp-content/plugins/advanced-store-control-for-woocommerce/traits/model.php:63\nStack trace:\n#0 /wordpress/wp-content/plugins/advanced-store-control-for-woocommerce/models/log.php(39): ASC\\Models\\Model_Log->query('INSERT INTO `wp...')\n#1 /wordpress/wp-content/plugins/advanced-store-control-for-woocommerce/controllers/log.php(84): ASC\\Models\\Model_Log->create('2025-06-29 17:0...', 'NULL', Array)\n#2 /wordpress/wp-content/plugins/advanced-store-control-for-woocommerce/controllers/log.php(126): ASC\\Controllers\\Controller_Log->save(Array)\n#3 /wordpress/wp-content/plugins/advanced-store-control-for-woocommerce/controllers/log.php(105): ASC\\Controllers\\Controller_Log->set_error('\\xD0\\xBE\\xD1\\x88\\xD0\\xB8\\xD0\\xB1\\xD0\\xBA\\xD0\\xB0 \\xD0\\xB2...')\n#4 [internal function]: ASC\\Controllers\\Controller_Log::exception(Object(Exception))\n#5 {main}\n  thrown in /wordpress/wp-content/plugins/advanced-store-control-for-woocommerce/traits/model.php on line 63",
    "log": "/logs/plugins/b/buddypress-remove-avatars/error.json"
  },
  {
    "message": "Function get_plugin_data was called with an argument that is <strong>deprecated</strong> since version 3.0.0! The <code>Site Wide Only: true</code> plugin header is deprecated. Use <code>Network: true</code> instead. in /wordpress/wp-includes/functions.php on line 6121",
    "level": "DEPRECATED",
    "type": "PHP",
    "test": "ast-sqlite-boot",
    "plugin": "buddypress-remove-avatars",
    "details": "[29-Jun-2025 17:02:32 UTC] PHP Deprecated:  Function get_plugin_data was called with an argument that is <strong>deprecated</strong> since version 3.0.0! The <code>Site Wide Only: true</code> plugin header is deprecated. Use <code>Network: true</code> instead. in /wordpress/wp-includes/functions.php on line 6121",
    "log": "/logs/plugins/b/buddypress-remove-avatars/error.json"
  },
  {
    "message": "Function get_plugin_data was called with an argument that is <strong>deprecated</strong> since version 3.0.0! The <code>Site Wide Only: true</code> plugin header is deprecated. Use <code>Network: true</code> instead. in /wordpress/wp-includes/functions.php on line 6121",
    "level": "DEPRECATED",
    "type": "PHP",
    "test": "ast-sqlite-boot",
    "plugin": "buddypress-remove-avatars",
    "details": "[29-Jun-2025 17:02:33 UTC] PHP Deprecated:  Function get_plugin_data was called with an argument that is <strong>deprecated</strong> since version 3.0.0! The <code>Site Wide Only: true</code> plugin header is deprecated. Use <code>Network: true</code> instead. in /wordpress/wp-includes/functions.php on line 6121",
    "log": "/logs/plugins/b/buddypress-remove-avatars/error.json"
  },
  {
    "message": "Uncaught Error: Undefined constant \"BP_VERSION\" in /wordpress/wp-content/plugins/buddypress-remove-avatars/buddypress-remove-avatars.php:69",
    "level": "FATAL",
    "type": "PHP",
    "test": "ast-sqlite-boot",
    "plugin": "buddypress-remove-avatars",
    "details": "[29-Jun-2025 17:02:33 UTC] PHP Fatal error:  Uncaught Error: Undefined constant \"BP_VERSION\" in /wordpress/wp-content/plugins/buddypress-remove-avatars/buddypress-remove-avatars.php:69\nStack trace:\n#0 /wordpress/wp-includes/class-wp-hook.php(324): bp_remove_avatars_set_theme('')\n#1 /wordpress/wp-includes/class-wp-hook.php(348): WP_Hook->apply_filters(NULL, Array)\n#2 /wordpress/wp-includes/plugin.php(517): WP_Hook->do_action(Array)\n#3 /wordpress/wp-settings.php(578): do_action('plugins_loaded')\n#4 /wordpress/wp-config.php(102): require_once('/wordpress/wp-s...')\n#5 /wordpress/wp-load.php(50): require_once('/wordpress/wp-c...')\n#6 /internal/eval.php(3): require_once('/wordpress/wp-l...')\n#7 {main}\n  thrown in /wordpress/wp-content/plugins/buddypress-remove-avatars/buddypress-remove-avatars.php on line 69\n\n    at Object.onBind (file:///home/runner/work/playground-tester/playground-tester/node_modules/@wp-playground/cli/run-cli-j-geJYS3.js:325:15)\n    at process.processTicksAndRejections (node:internal/process/task_queues:105:5)\n    at async re (file:///home/runner/work/playground-tester/playground-tester/node_modules/@wp-playground/cli/run-cli-j-geJYS3.js:149:10) {\n  [cause]: Error: Error when executing the blueprint step #5 ({\"step\":\"installPlugin\",\"pluginData\":{\"resource\":\"wordpress.org/plugins\",\"slug\":\"buddypress-remove-avatars\"},\"options\":{\"activate\":true}}) : PHP.run() failed with exit code 255 and the following output: \n      at Object.run (file:///home/runner/work/playground-tester/playground-tester/node_modules/@wp-playground/blueprints/index.js:12093:19)\n      at process.processTicksAndRejections (node:internal/process/task_queues:105:5)\n      at async ys (file:///home/runner/work/playground-tester/playground-tester/node_modules/@wp-playground/blueprints/index.js:12196:3)\n      at async Object.onBind (file:///home/runner/work/playground-tester/playground-tester/node_modules/@wp-playground/cli/run-cli-j-geJYS3.js:315:48)\n      at async re (file:///home/runner/work/playground-tester/playground-tester/node_modules/@wp-playground/cli/run-cli-j-geJYS3.js:149:10) {\n    [cause]: PHPExecutionFailureError: PHP.run() failed with exit code 255 and the following output: \n        at PHP.run (file:///home/runner/work/playground-tester/playground-tester/node_modules/@php-wasm/universal/index.js:1034:19)\n        at process.processTicksAndRejections (node:internal/process/task_queues:105:5)\n        at async wr (file:///home/runner/work/playground-tester/playground-tester/node_modules/@wp-playground/blueprints/index.js:74:13)\n        at async Object.gt [as installPlugin] (file:///home/runner/work/playground-tester/playground-tester/node_modules/@wp-playground/blueprints/index.js:631:42)\n        at async g (file:///home/runner/work/playground-tester/playground-tester/node_modules/@wp-playground/blueprints/index.js:12161:30)\n        at async Object.run (file:///home/runner/work/playground-tester/playground-tester/node_modules/@wp-playground/blueprints/index.js:12090:23)\n        at async ys (file:///home/runner/work/playground-tester/playground-tester/node_modules/@wp-playground/blueprints/index.js:12196:3)\n        at async Object.onBind (file:///home/runner/work/playground-tester/playground-tester/node_modules/@wp-playground/cli/run-cli-j-geJYS3.js:315:48)\n        at async re (file:///home/runner/work/playground-tester/playground-tester/node_modules/@wp-playground/cli/run-cli-j-geJYS3.js:149:10) {\n      response: PHPResponse {\n        httpStatusCode: 500,\n        headers: {\n          'x-powered-by': [ 'PHP/8.0.30-dev' ],\n          'content-type': [ 'text/html; charset=UTF-8' ],\n          expires: [ 'Wed, 11 Jan 1984 05:00:00 GMT' ],\n          'cache-control': [ 'no-cache, must-revalidate, max-age=0, no-store, private' ]\n        },\n        bytes: Uint8Array(2653) [\n           60,  33,  68,  79,  67,  84,  89,  80,  69,  32, 104, 116,\n          109, 108,  62,  10,  60, 104, 116, 109, 108,  32, 108,  97,\n          110, 103,  61,  34, 101, 110,  45,  85,  83,  34,  62,  10,\n           60, 104, 101,  97, 100,  62,  10,   9,  60, 109, 101, 116,\n           97,  32, 104, 116, 116, 112,  45, 101, 113, 117, 105, 118,\n           61,  34,  67, 111, 110, 116, 101, 110, 116,  45,  84, 121,\n          112, 101,  34,  32,  99, 111, 110, 116, 101, 110, 116,  61,\n           34, 116, 101, 120, 116,  47, 104, 116, 109, 108,  59,  32,\n           99, 104,  97, 114,\n          ... 2553 more items\n        ],\n        exitCode: 255,\n        errors: ''\n      },\n      source: 'request'\n    }\n  }\n}\n\n",
    "log": "/logs/plugins/b/buddypress-remove-avatars/error.json"
  },
  {
    "message": "file:///home/runner/work/playground-tester/playground-tester/node_modules/@wp-playground/cli/run-cli-j-geJYS3.js:325\n        throw new Error($, { cause: h });\n              ^\n",
    "level": "FATAL",
    "type": "PLAYGROUND",
    "test": "asyncify-boot",
    "plugin": "buddypress-remove-avatars",
    "details": "file:///home/runner/work/playground-tester/playground-tester/node_modules/@wp-playground/cli/run-cli-j-geJYS3.js:325\n        throw new Error($, { cause: h });\n              ^\n",
    "log": "/tmp/tmp.bsKJoGQQdY"
  },
  {
    "message": "Unparenthesized `a ? b : c ? d : e` is not supported. Use either `(a ? b : c) ? d : e` or `a ? b : (c ? d : e)` in /wordpress/wp-content/plugins/adtoniq/inc/messenger.php on line 156",
    "level": "FATAL",
    "type": "PHP",
    "test": "asyncify-boot",
    "plugin": "buddypress-remove-avatars",
    "details": "[29-Jun-2025 16:58:48 UTC] PHP Fatal error:  Unparenthesized `a ? b : c ? d : e` is not supported. Use either `(a ? b : c) ? d : e` or `a ? b : (c ? d : e)` in /wordpress/wp-content/plugins/adtoniq/inc/messenger.php on line 156",
    "log": "/logs/plugins/b/buddypress-remove-avatars/error.json"
  },
  {
    "message": "Unparenthesized `a ? b : c ? d : e` is not supported. Use either `(a ? b : c) ? d : e` or `a ? b : (c ? d : e)` in /wordpress/wp-content/plugins/adtoniq/inc/messenger.php on line 156",
    "level": "FATAL",
    "type": "PHP",
    "test": "asyncify-boot",
    "plugin": "buddypress-remove-avatars",
    "details": "[29-Jun-2025 16:58:56 UTC] PHP Fatal error:  Unparenthesized `a ? b : c ? d : e` is not supported. Use either `(a ? b : c) ? d : e` or `a ? b : (c ? d : e)` in /wordpress/wp-content/plugins/adtoniq/inc/messenger.php on line 156",
    "log": "/logs/plugins/b/buddypress-remove-avatars/error.json"
  },
  {
    "message": "Unparenthesized `a ? b : c ? d : e` is not supported. Use either `(a ? b : c) ? d : e` or `a ? b : (c ? d : e)` in /wordpress/wp-content/plugins/adtoniq/inc/messenger.php on line 156",
    "level": "FATAL",
    "type": "PHP",
    "test": "asyncify-boot",
    "plugin": "buddypress-remove-avatars",
    "details": "[29-Jun-2025 16:59:04 UTC] PHP Fatal error:  Unparenthesized `a ? b : c ? d : e` is not supported. Use either `(a ? b : c) ? d : e` or `a ? b : (c ? d : e)` in /wordpress/wp-content/plugins/adtoniq/inc/messenger.php on line 156",
    "log": "/logs/plugins/b/buddypress-remove-avatars/error.json"
  },
  {
    "message": "Uncaught Exception: ошибка в запросе: INSERT INTO `wp_asc_log` (`time`, `error`, `success`, `info`, `supplier_id`) VALUES ('2025-06-29 17:00:09', 'ошибка в запросе: CREATE TABLE IF NOT EXISTS `wp_asc_currencies` (\r",
    "level": "FATAL",
    "type": "PHP",
    "test": "asyncify-boot",
    "plugin": "buddypress-remove-avatars",
    "details": "[29-Jun-2025 17:00:09 UTC] PHP Fatal error:  Uncaught Exception: ошибка в запросе: INSERT INTO `wp_asc_log` (`time`, `error`, `success`, `info`, `supplier_id`) VALUES ('2025-06-29 17:00:09', 'ошибка в запросе: CREATE TABLE IF NOT EXISTS `wp_asc_currencies` (\r\n  \t\t\t\t`supplier_id` int(10) UNSIGNED NOT NULL,\r\n  \t\t\t\t`name` varchar(3) COLLATE utf8mb4_unicode_ci NOT NULL,\r\n  \t\t\t\t`rate` float NOT NULL,\r\n  \t\t\t\tUNIQUE KEY `supplier_id` (`supplier_id`,`name`),\r\n  \t\t\t\tCONSTRAINT `wp_asc_currencies_ibfk_1` FOREIGN KEY (`supplier_id`) REFERENCES `wp_asc_suppliers` (`supplier_id`) ON DELETE CASCADE                                             \r\n\t\t\t) ENGINE=InnoDB DEFAULT CHARSET=utf8mb4 COLLATE=utf8mb4_unicode_ci;', '', '', NULL) in /wordpress/wp-content/plugins/advanced-store-control-for-woocommerce/traits/model.php:63\nStack trace:\n#0 /wordpress/wp-content/plugins/advanced-store-control-for-woocommerce/models/log.php(39): ASC\\Models\\Model_Log->query('INSERT INTO `wp...')\n#1 /wordpress/wp-content/plugins/advanced-store-control-for-woocommerce/controllers/log.php(84): ASC\\Models\\Model_Log->create('2025-06-29 17:0...', 'NULL', Array)\n#2 /wordpress/wp-content/plugins/advanced-store-control-for-woocommerce/controllers/log.php(126): ASC\\Controllers\\Controller_Log->save(Array)\n#3 /wordpress/wp-content/plugins/advanced-store-control-for-woocommerce/controllers/log.php(105): ASC\\Controllers\\Controller_Log->set_error('\\xD0\\xBE\\xD1\\x88\\xD0\\xB8\\xD0\\xB1\\xD0\\xBA\\xD0\\xB0 \\xD0\\xB2...')\n#4 [internal function]: ASC\\Controllers\\Controller_Log::exception(Object(Exception))\n#5 {main}\n  thrown in /wordpress/wp-content/plugins/advanced-store-control-for-woocommerce/traits/model.php on line 63",
    "log": "/logs/plugins/b/buddypress-remove-avatars/error.json"
  },
  {
    "message": "Uncaught Exception: ошибка в запросе: INSERT INTO `wp_asc_log` (`time`, `error`, `success`, `info`, `supplier_id`) VALUES ('2025-06-29 17:00:17', 'ошибка в запросе: CREATE TABLE IF NOT EXISTS `wp_asc_currencies` (\r",
    "level": "FATAL",
    "type": "PHP",
    "test": "asyncify-boot",
    "plugin": "buddypress-remove-avatars",
    "details": "[29-Jun-2025 17:00:17 UTC] PHP Fatal error:  Uncaught Exception: ошибка в запросе: INSERT INTO `wp_asc_log` (`time`, `error`, `success`, `info`, `supplier_id`) VALUES ('2025-06-29 17:00:17', 'ошибка в запросе: CREATE TABLE IF NOT EXISTS `wp_asc_currencies` (\r\n  \t\t\t\t`supplier_id` int(10) UNSIGNED NOT NULL,\r\n  \t\t\t\t`name` varchar(3) COLLATE utf8mb4_unicode_ci NOT NULL,\r\n  \t\t\t\t`rate` float NOT NULL,\r\n  \t\t\t\tUNIQUE KEY `supplier_id` (`supplier_id`,`name`),\r\n  \t\t\t\tCONSTRAINT `wp_asc_currencies_ibfk_1` FOREIGN KEY (`supplier_id`) REFERENCES `wp_asc_suppliers` (`supplier_id`) ON DELETE CASCADE                                             \r\n\t\t\t) ENGINE=InnoDB DEFAULT CHARSET=utf8mb4 COLLATE=utf8mb4_unicode_ci;', '', '', NULL) in /wordpress/wp-content/plugins/advanced-store-control-for-woocommerce/traits/model.php:63\nStack trace:\n#0 /wordpress/wp-content/plugins/advanced-store-control-for-woocommerce/models/log.php(39): ASC\\Models\\Model_Log->query('INSERT INTO `wp...')\n#1 /wordpress/wp-content/plugins/advanced-store-control-for-woocommerce/controllers/log.php(84): ASC\\Models\\Model_Log->create('2025-06-29 17:0...', 'NULL', Array)\n#2 /wordpress/wp-content/plugins/advanced-store-control-for-woocommerce/controllers/log.php(126): ASC\\Controllers\\Controller_Log->save(Array)\n#3 /wordpress/wp-content/plugins/advanced-store-control-for-woocommerce/controllers/log.php(105): ASC\\Controllers\\Controller_Log->set_error('\\xD0\\xBE\\xD1\\x88\\xD0\\xB8\\xD0\\xB1\\xD0\\xBA\\xD0\\xB0 \\xD0\\xB2...')\n#4 [internal function]: ASC\\Controllers\\Controller_Log::exception(Object(Exception))\n#5 {main}\n  thrown in /wordpress/wp-content/plugins/advanced-store-control-for-woocommerce/traits/model.php on line 63",
    "log": "/logs/plugins/b/buddypress-remove-avatars/error.json"
  },
  {
    "message": "Uncaught Exception: ошибка в запросе: INSERT INTO `wp_asc_log` (`time`, `error`, `success`, `info`, `supplier_id`) VALUES ('2025-06-29 17:00:26', 'ошибка в запросе: CREATE TABLE IF NOT EXISTS `wp_asc_currencies` (\r",
    "level": "FATAL",
    "type": "PHP",
    "test": "asyncify-boot",
    "plugin": "buddypress-remove-avatars",
    "details": "[29-Jun-2025 17:00:26 UTC] PHP Fatal error:  Uncaught Exception: ошибка в запросе: INSERT INTO `wp_asc_log` (`time`, `error`, `success`, `info`, `supplier_id`) VALUES ('2025-06-29 17:00:26', 'ошибка в запросе: CREATE TABLE IF NOT EXISTS `wp_asc_currencies` (\r\n  \t\t\t\t`supplier_id` int(10) UNSIGNED NOT NULL,\r\n  \t\t\t\t`name` varchar(3) COLLATE utf8mb4_unicode_ci NOT NULL,\r\n  \t\t\t\t`rate` float NOT NULL,\r\n  \t\t\t\tUNIQUE KEY `supplier_id` (`supplier_id`,`name`),\r\n  \t\t\t\tCONSTRAINT `wp_asc_currencies_ibfk_1` FOREIGN KEY (`supplier_id`) REFERENCES `wp_asc_suppliers` (`supplier_id`) ON DELETE CASCADE                                             \r\n\t\t\t) ENGINE=InnoDB DEFAULT CHARSET=utf8mb4 COLLATE=utf8mb4_unicode_ci;', '', '', NULL) in /wordpress/wp-content/plugins/advanced-store-control-for-woocommerce/traits/model.php:63\nStack trace:\n#0 /wordpress/wp-content/plugins/advanced-store-control-for-woocommerce/models/log.php(39): ASC\\Models\\Model_Log->query('INSERT INTO `wp...')\n#1 /wordpress/wp-content/plugins/advanced-store-control-for-woocommerce/controllers/log.php(84): ASC\\Models\\Model_Log->create('2025-06-29 17:0...', 'NULL', Array)\n#2 /wordpress/wp-content/plugins/advanced-store-control-for-woocommerce/controllers/log.php(126): ASC\\Controllers\\Controller_Log->save(Array)\n#3 /wordpress/wp-content/plugins/advanced-store-control-for-woocommerce/controllers/log.php(105): ASC\\Controllers\\Controller_Log->set_error('\\xD0\\xBE\\xD1\\x88\\xD0\\xB8\\xD0\\xB1\\xD0\\xBA\\xD0\\xB0 \\xD0\\xB2...')\n#4 [internal function]: ASC\\Controllers\\Controller_Log::exception(Object(Exception))\n#5 {main}\n  thrown in /wordpress/wp-content/plugins/advanced-store-control-for-woocommerce/traits/model.php on line 63",
    "log": "/logs/plugins/b/buddypress-remove-avatars/error.json"
  },
  {
    "message": "Function get_plugin_data was called with an argument that is <strong>deprecated</strong> since version 3.0.0! The <code>Site Wide Only: true</code> plugin header is deprecated. Use <code>Network: true</code> instead. in /wordpress/wp-includes/functions.php on line 6121",
    "level": "DEPRECATED",
    "type": "PHP",
    "test": "asyncify-boot",
    "plugin": "buddypress-remove-avatars",
    "details": "[29-Jun-2025 17:02:32 UTC] PHP Deprecated:  Function get_plugin_data was called with an argument that is <strong>deprecated</strong> since version 3.0.0! The <code>Site Wide Only: true</code> plugin header is deprecated. Use <code>Network: true</code> instead. in /wordpress/wp-includes/functions.php on line 6121",
    "log": "/logs/plugins/b/buddypress-remove-avatars/error.json"
  },
  {
    "message": "Function get_plugin_data was called with an argument that is <strong>deprecated</strong> since version 3.0.0! The <code>Site Wide Only: true</code> plugin header is deprecated. Use <code>Network: true</code> instead. in /wordpress/wp-includes/functions.php on line 6121",
    "level": "DEPRECATED",
    "type": "PHP",
    "test": "asyncify-boot",
    "plugin": "buddypress-remove-avatars",
    "details": "[29-Jun-2025 17:02:33 UTC] PHP Deprecated:  Function get_plugin_data was called with an argument that is <strong>deprecated</strong> since version 3.0.0! The <code>Site Wide Only: true</code> plugin header is deprecated. Use <code>Network: true</code> instead. in /wordpress/wp-includes/functions.php on line 6121",
    "log": "/logs/plugins/b/buddypress-remove-avatars/error.json"
  },
  {
    "message": "Uncaught Error: Undefined constant \"BP_VERSION\" in /wordpress/wp-content/plugins/buddypress-remove-avatars/buddypress-remove-avatars.php:69",
    "level": "FATAL",
    "type": "PHP",
    "test": "asyncify-boot",
    "plugin": "buddypress-remove-avatars",
    "details": "[29-Jun-2025 17:02:33 UTC] PHP Fatal error:  Uncaught Error: Undefined constant \"BP_VERSION\" in /wordpress/wp-content/plugins/buddypress-remove-avatars/buddypress-remove-avatars.php:69\nStack trace:\n#0 /wordpress/wp-includes/class-wp-hook.php(324): bp_remove_avatars_set_theme('')\n#1 /wordpress/wp-includes/class-wp-hook.php(348): WP_Hook->apply_filters(NULL, Array)\n#2 /wordpress/wp-includes/plugin.php(517): WP_Hook->do_action(Array)\n#3 /wordpress/wp-settings.php(578): do_action('plugins_loaded')\n#4 /wordpress/wp-config.php(102): require_once('/wordpress/wp-s...')\n#5 /wordpress/wp-load.php(50): require_once('/wordpress/wp-c...')\n#6 /internal/eval.php(3): require_once('/wordpress/wp-l...')\n#7 {main}\n  thrown in /wordpress/wp-content/plugins/buddypress-remove-avatars/buddypress-remove-avatars.php on line 69",
    "log": "/logs/plugins/b/buddypress-remove-avatars/error.json"
  },
  {
    "message": "Function get_plugin_data was called with an argument that is <strong>deprecated</strong> since version 3.0.0! The <code>Site Wide Only: true</code> plugin header is deprecated. Use <code>Network: true</code> instead. in /wordpress/wp-includes/functions.php on line 6121",
    "level": "DEPRECATED",
    "type": "PHP",
    "test": "asyncify-boot",
    "plugin": "buddypress-remove-avatars",
    "details": "[29-Jun-2025 17:02:41 UTC] PHP Deprecated:  Function get_plugin_data was called with an argument that is <strong>deprecated</strong> since version 3.0.0! The <code>Site Wide Only: true</code> plugin header is deprecated. Use <code>Network: true</code> instead. in /wordpress/wp-includes/functions.php on line 6121",
    "log": "/logs/plugins/b/buddypress-remove-avatars/error.json"
  },
  {
    "message": "Function get_plugin_data was called with an argument that is <strong>deprecated</strong> since version 3.0.0! The <code>Site Wide Only: true</code> plugin header is deprecated. Use <code>Network: true</code> instead. in /wordpress/wp-includes/functions.php on line 6121",
    "level": "DEPRECATED",
    "type": "PHP",
    "test": "asyncify-boot",
    "plugin": "buddypress-remove-avatars",
    "details": "[29-Jun-2025 17:02:43 UTC] PHP Deprecated:  Function get_plugin_data was called with an argument that is <strong>deprecated</strong> since version 3.0.0! The <code>Site Wide Only: true</code> plugin header is deprecated. Use <code>Network: true</code> instead. in /wordpress/wp-includes/functions.php on line 6121",
    "log": "/logs/plugins/b/buddypress-remove-avatars/error.json"
  },
  {
    "message": "Uncaught Error: Undefined constant \"BP_VERSION\" in /wordpress/wp-content/plugins/buddypress-remove-avatars/buddypress-remove-avatars.php:69",
    "level": "FATAL",
    "type": "PHP",
    "test": "asyncify-boot",
    "plugin": "buddypress-remove-avatars",
    "details": "[29-Jun-2025 17:02:43 UTC] PHP Fatal error:  Uncaught Error: Undefined constant \"BP_VERSION\" in /wordpress/wp-content/plugins/buddypress-remove-avatars/buddypress-remove-avatars.php:69\nStack trace:\n#0 /wordpress/wp-includes/class-wp-hook.php(324): bp_remove_avatars_set_theme('')\n#1 /wordpress/wp-includes/class-wp-hook.php(348): WP_Hook->apply_filters(NULL, Array)\n#2 /wordpress/wp-includes/plugin.php(517): WP_Hook->do_action(Array)\n#3 /wordpress/wp-settings.php(578): do_action('plugins_loaded')\n#4 /wordpress/wp-config.php(102): require_once('/wordpress/wp-s...')\n#5 /wordpress/wp-load.php(50): require_once('/wordpress/wp-c...')\n#6 /internal/eval.php(3): require_once('/wordpress/wp-l...')\n#7 {main}\n  thrown in /wordpress/wp-content/plugins/buddypress-remove-avatars/buddypress-remove-avatars.php on line 69\n\n    at Object.onBind (file:///home/runner/work/playground-tester/playground-tester/node_modules/@wp-playground/cli/run-cli-j-geJYS3.js:325:15)\n    at process.processTicksAndRejections (node:internal/process/task_queues:105:5)\n    at async re (file:///home/runner/work/playground-tester/playground-tester/node_modules/@wp-playground/cli/run-cli-j-geJYS3.js:149:10) {\n  [cause]: Error: Error when executing the blueprint step #1 ({\"step\":\"installPlugin\",\"pluginData\":{\"resource\":\"wordpress.org/plugins\",\"slug\":\"buddypress-remove-avatars\"},\"options\":{\"activate\":true}}) : PHP.run() failed with exit code 255 and the following output: \n      at Object.run (file:///home/runner/work/playground-tester/playground-tester/node_modules/@wp-playground/blueprints/index.js:12093:19)\n      at process.processTicksAndRejections (node:internal/process/task_queues:105:5)\n      at async ys (file:///home/runner/work/playground-tester/playground-tester/node_modules/@wp-playground/blueprints/index.js:12196:3)\n      at async Object.onBind (file:///home/runner/work/playground-tester/playground-tester/node_modules/@wp-playground/cli/run-cli-j-geJYS3.js:315:48)\n      at async re (file:///home/runner/work/playground-tester/playground-tester/node_modules/@wp-playground/cli/run-cli-j-geJYS3.js:149:10) {\n    [cause]: PHPExecutionFailureError: PHP.run() failed with exit code 255 and the following output: \n        at PHP.run (file:///home/runner/work/playground-tester/playground-tester/node_modules/@php-wasm/universal/index.js:1034:19)\n        at process.processTicksAndRejections (node:internal/process/task_queues:105:5)\n        at async wr (file:///home/runner/work/playground-tester/playground-tester/node_modules/@wp-playground/blueprints/index.js:74:13)\n        at async Object.gt [as installPlugin] (file:///home/runner/work/playground-tester/playground-tester/node_modules/@wp-playground/blueprints/index.js:631:42)\n        at async g (file:///home/runner/work/playground-tester/playground-tester/node_modules/@wp-playground/blueprints/index.js:12161:30)\n        at async Object.run (file:///home/runner/work/playground-tester/playground-tester/node_modules/@wp-playground/blueprints/index.js:12090:23)\n        at async ys (file:///home/runner/work/playground-tester/playground-tester/node_modules/@wp-playground/blueprints/index.js:12196:3)\n        at async Object.onBind (file:///home/runner/work/playground-tester/playground-tester/node_modules/@wp-playground/cli/run-cli-j-geJYS3.js:315:48)\n        at async re (file:///home/runner/work/playground-tester/playground-tester/node_modules/@wp-playground/cli/run-cli-j-geJYS3.js:149:10) {\n      response: PHPResponse {\n        httpStatusCode: 500,\n        headers: {\n          'x-powered-by': [ 'PHP/8.0.30-dev' ],\n          'content-type': [ 'text/html; charset=UTF-8' ],\n          expires: [ 'Wed, 11 Jan 1984 05:00:00 GMT' ],\n          'cache-control': [ 'no-cache, must-revalidate, max-age=0, no-store, private' ]\n        },\n        bytes: Uint8Array(2653) [\n           60,  33,  68,  79,  67,  84,  89,  80,  69,  32, 104, 116,\n          109, 108,  62,  10,  60, 104, 116, 109, 108,  32, 108,  97,\n          110, 103,  61,  34, 101, 110,  45,  85,  83,  34,  62,  10,\n           60, 104, 101,  97, 100,  62,  10,   9,  60, 109, 101, 116,\n           97,  32, 104, 116, 116, 112,  45, 101, 113, 117, 105, 118,\n           61,  34,  67, 111, 110, 116, 101, 110, 116,  45,  84, 121,\n          112, 101,  34,  32,  99, 111, 110, 116, 101, 110, 116,  61,\n           34, 116, 101, 120, 116,  47, 104, 116, 109, 108,  59,  32,\n           99, 104,  97, 114,\n          ... 2553 more items\n        ],\n        exitCode: 255,\n        errors: ''\n      },\n      source: 'request'\n    }\n  }\n}\n\n",
    "log": "/logs/plugins/b/buddypress-remove-avatars/error.json"
  },
  {
    "message": "file:///home/runner/work/playground-tester/playground-tester/node_modules/@wp-playground/cli/run-cli-j-geJYS3.js:325\n        throw new Error($, { cause: h });\n              ^\n",
    "level": "FATAL",
    "type": "PLAYGROUND",
    "test": "jspi-boot",
    "plugin": "buddypress-remove-avatars",
    "details": "file:///home/runner/work/playground-tester/playground-tester/node_modules/@wp-playground/cli/run-cli-j-geJYS3.js:325\n        throw new Error($, { cause: h });\n              ^\n",
    "log": "/tmp/tmp.j9BZndRhg3"
  },
  {
    "message": "Unparenthesized `a ? b : c ? d : e` is not supported. Use either `(a ? b : c) ? d : e` or `a ? b : (c ? d : e)` in /wordpress/wp-content/plugins/adtoniq/inc/messenger.php on line 156",
    "level": "FATAL",
    "type": "PHP",
    "test": "jspi-boot",
    "plugin": "buddypress-remove-avatars",
    "details": "[29-Jun-2025 16:58:48 UTC] PHP Fatal error:  Unparenthesized `a ? b : c ? d : e` is not supported. Use either `(a ? b : c) ? d : e` or `a ? b : (c ? d : e)` in /wordpress/wp-content/plugins/adtoniq/inc/messenger.php on line 156",
    "log": "/logs/plugins/b/buddypress-remove-avatars/error.json"
  },
  {
    "message": "Unparenthesized `a ? b : c ? d : e` is not supported. Use either `(a ? b : c) ? d : e` or `a ? b : (c ? d : e)` in /wordpress/wp-content/plugins/adtoniq/inc/messenger.php on line 156",
    "level": "FATAL",
    "type": "PHP",
    "test": "jspi-boot",
    "plugin": "buddypress-remove-avatars",
    "details": "[29-Jun-2025 16:58:56 UTC] PHP Fatal error:  Unparenthesized `a ? b : c ? d : e` is not supported. Use either `(a ? b : c) ? d : e` or `a ? b : (c ? d : e)` in /wordpress/wp-content/plugins/adtoniq/inc/messenger.php on line 156",
    "log": "/logs/plugins/b/buddypress-remove-avatars/error.json"
  },
  {
    "message": "Unparenthesized `a ? b : c ? d : e` is not supported. Use either `(a ? b : c) ? d : e` or `a ? b : (c ? d : e)` in /wordpress/wp-content/plugins/adtoniq/inc/messenger.php on line 156",
    "level": "FATAL",
    "type": "PHP",
    "test": "jspi-boot",
    "plugin": "buddypress-remove-avatars",
    "details": "[29-Jun-2025 16:59:04 UTC] PHP Fatal error:  Unparenthesized `a ? b : c ? d : e` is not supported. Use either `(a ? b : c) ? d : e` or `a ? b : (c ? d : e)` in /wordpress/wp-content/plugins/adtoniq/inc/messenger.php on line 156",
    "log": "/logs/plugins/b/buddypress-remove-avatars/error.json"
  },
  {
    "message": "Uncaught Exception: ошибка в запросе: INSERT INTO `wp_asc_log` (`time`, `error`, `success`, `info`, `supplier_id`) VALUES ('2025-06-29 17:00:09', 'ошибка в запросе: CREATE TABLE IF NOT EXISTS `wp_asc_currencies` (\r",
    "level": "FATAL",
    "type": "PHP",
    "test": "jspi-boot",
    "plugin": "buddypress-remove-avatars",
    "details": "[29-Jun-2025 17:00:09 UTC] PHP Fatal error:  Uncaught Exception: ошибка в запросе: INSERT INTO `wp_asc_log` (`time`, `error`, `success`, `info`, `supplier_id`) VALUES ('2025-06-29 17:00:09', 'ошибка в запросе: CREATE TABLE IF NOT EXISTS `wp_asc_currencies` (\r\n  \t\t\t\t`supplier_id` int(10) UNSIGNED NOT NULL,\r\n  \t\t\t\t`name` varchar(3) COLLATE utf8mb4_unicode_ci NOT NULL,\r\n  \t\t\t\t`rate` float NOT NULL,\r\n  \t\t\t\tUNIQUE KEY `supplier_id` (`supplier_id`,`name`),\r\n  \t\t\t\tCONSTRAINT `wp_asc_currencies_ibfk_1` FOREIGN KEY (`supplier_id`) REFERENCES `wp_asc_suppliers` (`supplier_id`) ON DELETE CASCADE                                             \r\n\t\t\t) ENGINE=InnoDB DEFAULT CHARSET=utf8mb4 COLLATE=utf8mb4_unicode_ci;', '', '', NULL) in /wordpress/wp-content/plugins/advanced-store-control-for-woocommerce/traits/model.php:63\nStack trace:\n#0 /wordpress/wp-content/plugins/advanced-store-control-for-woocommerce/models/log.php(39): ASC\\Models\\Model_Log->query('INSERT INTO `wp...')\n#1 /wordpress/wp-content/plugins/advanced-store-control-for-woocommerce/controllers/log.php(84): ASC\\Models\\Model_Log->create('2025-06-29 17:0...', 'NULL', Array)\n#2 /wordpress/wp-content/plugins/advanced-store-control-for-woocommerce/controllers/log.php(126): ASC\\Controllers\\Controller_Log->save(Array)\n#3 /wordpress/wp-content/plugins/advanced-store-control-for-woocommerce/controllers/log.php(105): ASC\\Controllers\\Controller_Log->set_error('\\xD0\\xBE\\xD1\\x88\\xD0\\xB8\\xD0\\xB1\\xD0\\xBA\\xD0\\xB0 \\xD0\\xB2...')\n#4 [internal function]: ASC\\Controllers\\Controller_Log::exception(Object(Exception))\n#5 {main}\n  thrown in /wordpress/wp-content/plugins/advanced-store-control-for-woocommerce/traits/model.php on line 63",
    "log": "/logs/plugins/b/buddypress-remove-avatars/error.json"
  },
  {
    "message": "Uncaught Exception: ошибка в запросе: INSERT INTO `wp_asc_log` (`time`, `error`, `success`, `info`, `supplier_id`) VALUES ('2025-06-29 17:00:17', 'ошибка в запросе: CREATE TABLE IF NOT EXISTS `wp_asc_currencies` (\r",
    "level": "FATAL",
    "type": "PHP",
    "test": "jspi-boot",
    "plugin": "buddypress-remove-avatars",
    "details": "[29-Jun-2025 17:00:17 UTC] PHP Fatal error:  Uncaught Exception: ошибка в запросе: INSERT INTO `wp_asc_log` (`time`, `error`, `success`, `info`, `supplier_id`) VALUES ('2025-06-29 17:00:17', 'ошибка в запросе: CREATE TABLE IF NOT EXISTS `wp_asc_currencies` (\r\n  \t\t\t\t`supplier_id` int(10) UNSIGNED NOT NULL,\r\n  \t\t\t\t`name` varchar(3) COLLATE utf8mb4_unicode_ci NOT NULL,\r\n  \t\t\t\t`rate` float NOT NULL,\r\n  \t\t\t\tUNIQUE KEY `supplier_id` (`supplier_id`,`name`),\r\n  \t\t\t\tCONSTRAINT `wp_asc_currencies_ibfk_1` FOREIGN KEY (`supplier_id`) REFERENCES `wp_asc_suppliers` (`supplier_id`) ON DELETE CASCADE                                             \r\n\t\t\t) ENGINE=InnoDB DEFAULT CHARSET=utf8mb4 COLLATE=utf8mb4_unicode_ci;', '', '', NULL) in /wordpress/wp-content/plugins/advanced-store-control-for-woocommerce/traits/model.php:63\nStack trace:\n#0 /wordpress/wp-content/plugins/advanced-store-control-for-woocommerce/models/log.php(39): ASC\\Models\\Model_Log->query('INSERT INTO `wp...')\n#1 /wordpress/wp-content/plugins/advanced-store-control-for-woocommerce/controllers/log.php(84): ASC\\Models\\Model_Log->create('2025-06-29 17:0...', 'NULL', Array)\n#2 /wordpress/wp-content/plugins/advanced-store-control-for-woocommerce/controllers/log.php(126): ASC\\Controllers\\Controller_Log->save(Array)\n#3 /wordpress/wp-content/plugins/advanced-store-control-for-woocommerce/controllers/log.php(105): ASC\\Controllers\\Controller_Log->set_error('\\xD0\\xBE\\xD1\\x88\\xD0\\xB8\\xD0\\xB1\\xD0\\xBA\\xD0\\xB0 \\xD0\\xB2...')\n#4 [internal function]: ASC\\Controllers\\Controller_Log::exception(Object(Exception))\n#5 {main}\n  thrown in /wordpress/wp-content/plugins/advanced-store-control-for-woocommerce/traits/model.php on line 63",
    "log": "/logs/plugins/b/buddypress-remove-avatars/error.json"
  },
  {
    "message": "Uncaught Exception: ошибка в запросе: INSERT INTO `wp_asc_log` (`time`, `error`, `success`, `info`, `supplier_id`) VALUES ('2025-06-29 17:00:26', 'ошибка в запросе: CREATE TABLE IF NOT EXISTS `wp_asc_currencies` (\r",
    "level": "FATAL",
    "type": "PHP",
    "test": "jspi-boot",
    "plugin": "buddypress-remove-avatars",
    "details": "[29-Jun-2025 17:00:26 UTC] PHP Fatal error:  Uncaught Exception: ошибка в запросе: INSERT INTO `wp_asc_log` (`time`, `error`, `success`, `info`, `supplier_id`) VALUES ('2025-06-29 17:00:26', 'ошибка в запросе: CREATE TABLE IF NOT EXISTS `wp_asc_currencies` (\r\n  \t\t\t\t`supplier_id` int(10) UNSIGNED NOT NULL,\r\n  \t\t\t\t`name` varchar(3) COLLATE utf8mb4_unicode_ci NOT NULL,\r\n  \t\t\t\t`rate` float NOT NULL,\r\n  \t\t\t\tUNIQUE KEY `supplier_id` (`supplier_id`,`name`),\r\n  \t\t\t\tCONSTRAINT `wp_asc_currencies_ibfk_1` FOREIGN KEY (`supplier_id`) REFERENCES `wp_asc_suppliers` (`supplier_id`) ON DELETE CASCADE                                             \r\n\t\t\t) ENGINE=InnoDB DEFAULT CHARSET=utf8mb4 COLLATE=utf8mb4_unicode_ci;', '', '', NULL) in /wordpress/wp-content/plugins/advanced-store-control-for-woocommerce/traits/model.php:63\nStack trace:\n#0 /wordpress/wp-content/plugins/advanced-store-control-for-woocommerce/models/log.php(39): ASC\\Models\\Model_Log->query('INSERT INTO `wp...')\n#1 /wordpress/wp-content/plugins/advanced-store-control-for-woocommerce/controllers/log.php(84): ASC\\Models\\Model_Log->create('2025-06-29 17:0...', 'NULL', Array)\n#2 /wordpress/wp-content/plugins/advanced-store-control-for-woocommerce/controllers/log.php(126): ASC\\Controllers\\Controller_Log->save(Array)\n#3 /wordpress/wp-content/plugins/advanced-store-control-for-woocommerce/controllers/log.php(105): ASC\\Controllers\\Controller_Log->set_error('\\xD0\\xBE\\xD1\\x88\\xD0\\xB8\\xD0\\xB1\\xD0\\xBA\\xD0\\xB0 \\xD0\\xB2...')\n#4 [internal function]: ASC\\Controllers\\Controller_Log::exception(Object(Exception))\n#5 {main}\n  thrown in /wordpress/wp-content/plugins/advanced-store-control-for-woocommerce/traits/model.php on line 63",
    "log": "/logs/plugins/b/buddypress-remove-avatars/error.json"
  },
  {
    "message": "Function get_plugin_data was called with an argument that is <strong>deprecated</strong> since version 3.0.0! The <code>Site Wide Only: true</code> plugin header is deprecated. Use <code>Network: true</code> instead. in /wordpress/wp-includes/functions.php on line 6121",
    "level": "DEPRECATED",
    "type": "PHP",
    "test": "jspi-boot",
    "plugin": "buddypress-remove-avatars",
    "details": "[29-Jun-2025 17:02:32 UTC] PHP Deprecated:  Function get_plugin_data was called with an argument that is <strong>deprecated</strong> since version 3.0.0! The <code>Site Wide Only: true</code> plugin header is deprecated. Use <code>Network: true</code> instead. in /wordpress/wp-includes/functions.php on line 6121",
    "log": "/logs/plugins/b/buddypress-remove-avatars/error.json"
  },
  {
    "message": "Function get_plugin_data was called with an argument that is <strong>deprecated</strong> since version 3.0.0! The <code>Site Wide Only: true</code> plugin header is deprecated. Use <code>Network: true</code> instead. in /wordpress/wp-includes/functions.php on line 6121",
    "level": "DEPRECATED",
    "type": "PHP",
    "test": "jspi-boot",
    "plugin": "buddypress-remove-avatars",
    "details": "[29-Jun-2025 17:02:33 UTC] PHP Deprecated:  Function get_plugin_data was called with an argument that is <strong>deprecated</strong> since version 3.0.0! The <code>Site Wide Only: true</code> plugin header is deprecated. Use <code>Network: true</code> instead. in /wordpress/wp-includes/functions.php on line 6121",
    "log": "/logs/plugins/b/buddypress-remove-avatars/error.json"
  },
  {
    "message": "Uncaught Error: Undefined constant \"BP_VERSION\" in /wordpress/wp-content/plugins/buddypress-remove-avatars/buddypress-remove-avatars.php:69",
    "level": "FATAL",
    "type": "PHP",
    "test": "jspi-boot",
    "plugin": "buddypress-remove-avatars",
    "details": "[29-Jun-2025 17:02:33 UTC] PHP Fatal error:  Uncaught Error: Undefined constant \"BP_VERSION\" in /wordpress/wp-content/plugins/buddypress-remove-avatars/buddypress-remove-avatars.php:69\nStack trace:\n#0 /wordpress/wp-includes/class-wp-hook.php(324): bp_remove_avatars_set_theme('')\n#1 /wordpress/wp-includes/class-wp-hook.php(348): WP_Hook->apply_filters(NULL, Array)\n#2 /wordpress/wp-includes/plugin.php(517): WP_Hook->do_action(Array)\n#3 /wordpress/wp-settings.php(578): do_action('plugins_loaded')\n#4 /wordpress/wp-config.php(102): require_once('/wordpress/wp-s...')\n#5 /wordpress/wp-load.php(50): require_once('/wordpress/wp-c...')\n#6 /internal/eval.php(3): require_once('/wordpress/wp-l...')\n#7 {main}\n  thrown in /wordpress/wp-content/plugins/buddypress-remove-avatars/buddypress-remove-avatars.php on line 69",
    "log": "/logs/plugins/b/buddypress-remove-avatars/error.json"
  },
  {
    "message": "Function get_plugin_data was called with an argument that is <strong>deprecated</strong> since version 3.0.0! The <code>Site Wide Only: true</code> plugin header is deprecated. Use <code>Network: true</code> instead. in /wordpress/wp-includes/functions.php on line 6121",
    "level": "DEPRECATED",
    "type": "PHP",
    "test": "jspi-boot",
    "plugin": "buddypress-remove-avatars",
    "details": "[29-Jun-2025 17:02:41 UTC] PHP Deprecated:  Function get_plugin_data was called with an argument that is <strong>deprecated</strong> since version 3.0.0! The <code>Site Wide Only: true</code> plugin header is deprecated. Use <code>Network: true</code> instead. in /wordpress/wp-includes/functions.php on line 6121",
    "log": "/logs/plugins/b/buddypress-remove-avatars/error.json"
  },
  {
    "message": "Function get_plugin_data was called with an argument that is <strong>deprecated</strong> since version 3.0.0! The <code>Site Wide Only: true</code> plugin header is deprecated. Use <code>Network: true</code> instead. in /wordpress/wp-includes/functions.php on line 6121",
    "level": "DEPRECATED",
    "type": "PHP",
    "test": "jspi-boot",
    "plugin": "buddypress-remove-avatars",
    "details": "[29-Jun-2025 17:02:43 UTC] PHP Deprecated:  Function get_plugin_data was called with an argument that is <strong>deprecated</strong> since version 3.0.0! The <code>Site Wide Only: true</code> plugin header is deprecated. Use <code>Network: true</code> instead. in /wordpress/wp-includes/functions.php on line 6121",
    "log": "/logs/plugins/b/buddypress-remove-avatars/error.json"
  },
  {
    "message": "Uncaught Error: Undefined constant \"BP_VERSION\" in /wordpress/wp-content/plugins/buddypress-remove-avatars/buddypress-remove-avatars.php:69",
    "level": "FATAL",
    "type": "PHP",
    "test": "jspi-boot",
    "plugin": "buddypress-remove-avatars",
    "details": "[29-Jun-2025 17:02:43 UTC] PHP Fatal error:  Uncaught Error: Undefined constant \"BP_VERSION\" in /wordpress/wp-content/plugins/buddypress-remove-avatars/buddypress-remove-avatars.php:69\nStack trace:\n#0 /wordpress/wp-includes/class-wp-hook.php(324): bp_remove_avatars_set_theme('')\n#1 /wordpress/wp-includes/class-wp-hook.php(348): WP_Hook->apply_filters(NULL, Array)\n#2 /wordpress/wp-includes/plugin.php(517): WP_Hook->do_action(Array)\n#3 /wordpress/wp-settings.php(578): do_action('plugins_loaded')\n#4 /wordpress/wp-config.php(102): require_once('/wordpress/wp-s...')\n#5 /wordpress/wp-load.php(50): require_once('/wordpress/wp-c...')\n#6 /internal/eval.php(3): require_once('/wordpress/wp-l...')\n#7 {main}\n  thrown in /wordpress/wp-content/plugins/buddypress-remove-avatars/buddypress-remove-avatars.php on line 69",
    "log": "/logs/plugins/b/buddypress-remove-avatars/error.json"
  },
  {
    "message": "Function get_plugin_data was called with an argument that is <strong>deprecated</strong> since version 3.0.0! The <code>Site Wide Only: true</code> plugin header is deprecated. Use <code>Network: true</code> instead. in /wordpress/wp-includes/functions.php on line 6121",
    "level": "DEPRECATED",
    "type": "PHP",
    "test": "jspi-boot",
    "plugin": "buddypress-remove-avatars",
    "details": "[29-Jun-2025 17:02:51 UTC] PHP Deprecated:  Function get_plugin_data was called with an argument that is <strong>deprecated</strong> since version 3.0.0! The <code>Site Wide Only: true</code> plugin header is deprecated. Use <code>Network: true</code> instead. in /wordpress/wp-includes/functions.php on line 6121",
    "log": "/logs/plugins/b/buddypress-remove-avatars/error.json"
  },
  {
    "message": "Function get_plugin_data was called with an argument that is <strong>deprecated</strong> since version 3.0.0! The <code>Site Wide Only: true</code> plugin header is deprecated. Use <code>Network: true</code> instead. in /wordpress/wp-includes/functions.php on line 6121",
    "level": "DEPRECATED",
    "type": "PHP",
    "test": "jspi-boot",
    "plugin": "buddypress-remove-avatars",
    "details": "[29-Jun-2025 17:02:52 UTC] PHP Deprecated:  Function get_plugin_data was called with an argument that is <strong>deprecated</strong> since version 3.0.0! The <code>Site Wide Only: true</code> plugin header is deprecated. Use <code>Network: true</code> instead. in /wordpress/wp-includes/functions.php on line 6121",
    "log": "/logs/plugins/b/buddypress-remove-avatars/error.json"
  },
  {
    "message": "Uncaught Error: Undefined constant \"BP_VERSION\" in /wordpress/wp-content/plugins/buddypress-remove-avatars/buddypress-remove-avatars.php:69",
    "level": "FATAL",
    "type": "PHP",
    "test": "jspi-boot",
    "plugin": "buddypress-remove-avatars",
    "details": "[29-Jun-2025 17:02:52 UTC] PHP Fatal error:  Uncaught Error: Undefined constant \"BP_VERSION\" in /wordpress/wp-content/plugins/buddypress-remove-avatars/buddypress-remove-avatars.php:69\nStack trace:\n#0 /wordpress/wp-includes/class-wp-hook.php(324): bp_remove_avatars_set_theme('')\n#1 /wordpress/wp-includes/class-wp-hook.php(348): WP_Hook->apply_filters(NULL, Array)\n#2 /wordpress/wp-includes/plugin.php(517): WP_Hook->do_action(Array)\n#3 /wordpress/wp-settings.php(578): do_action('plugins_loaded')\n#4 /wordpress/wp-config.php(102): require_once('/wordpress/wp-s...')\n#5 /wordpress/wp-load.php(50): require_once('/wordpress/wp-c...')\n#6 /internal/eval.php(3): require_once('/wordpress/wp-l...')\n#7 {main}\n  thrown in /wordpress/wp-content/plugins/buddypress-remove-avatars/buddypress-remove-avatars.php on line 69\n\n    at Object.onBind (file:///home/runner/work/playground-tester/playground-tester/node_modules/@wp-playground/cli/run-cli-j-geJYS3.js:325:15)\n    at process.processTicksAndRejections (node:internal/process/task_queues:105:5)\n    at async re (file:///home/runner/work/playground-tester/playground-tester/node_modules/@wp-playground/cli/run-cli-j-geJYS3.js:149:10) {\n  [cause]: Error: Error when executing the blueprint step #1 ({\"step\":\"installPlugin\",\"pluginData\":{\"resource\":\"wordpress.org/plugins\",\"slug\":\"buddypress-remove-avatars\"},\"options\":{\"activate\":true}}) : PHP.run() failed with exit code 255 and the following output: \n      at Object.run (file:///home/runner/work/playground-tester/playground-tester/node_modules/@wp-playground/blueprints/index.js:12093:19)\n      at process.processTicksAndRejections (node:internal/process/task_queues:105:5)\n      at async ys (file:///home/runner/work/playground-tester/playground-tester/node_modules/@wp-playground/blueprints/index.js:12196:3)\n      at async Object.onBind (file:///home/runner/work/playground-tester/playground-tester/node_modules/@wp-playground/cli/run-cli-j-geJYS3.js:315:48)\n      at async re (file:///home/runner/work/playground-tester/playground-tester/node_modules/@wp-playground/cli/run-cli-j-geJYS3.js:149:10) {\n    [cause]: PHPExecutionFailureError: PHP.run() failed with exit code 255 and the following output: \n        at PHP.run (file:///home/runner/work/playground-tester/playground-tester/node_modules/@php-wasm/universal/index.js:1034:19)\n        at process.processTicksAndRejections (node:internal/process/task_queues:105:5)\n        at async wr (file:///home/runner/work/playground-tester/playground-tester/node_modules/@wp-playground/blueprints/index.js:74:13)\n        at async Object.gt [as installPlugin] (file:///home/runner/work/playground-tester/playground-tester/node_modules/@wp-playground/blueprints/index.js:631:42)\n        at async g (file:///home/runner/work/playground-tester/playground-tester/node_modules/@wp-playground/blueprints/index.js:12161:30)\n        at async Object.run (file:///home/runner/work/playground-tester/playground-tester/node_modules/@wp-playground/blueprints/index.js:12090:23)\n        at async ys (file:///home/runner/work/playground-tester/playground-tester/node_modules/@wp-playground/blueprints/index.js:12196:3)\n        at async Object.onBind (file:///home/runner/work/playground-tester/playground-tester/node_modules/@wp-playground/cli/run-cli-j-geJYS3.js:315:48)\n        at async re (file:///home/runner/work/playground-tester/playground-tester/node_modules/@wp-playground/cli/run-cli-j-geJYS3.js:149:10) {\n      response: PHPResponse {\n        httpStatusCode: 500,\n        headers: {\n          'x-powered-by': [ 'PHP/8.0.30-dev' ],\n          'content-type': [ 'text/html; charset=UTF-8' ],\n          expires: [ 'Wed, 11 Jan 1984 05:00:00 GMT' ],\n          'cache-control': [ 'no-cache, must-revalidate, max-age=0, no-store, private' ]\n        },\n        bytes: Uint8Array(2653) [\n           60,  33,  68,  79,  67,  84,  89,  80,  69,  32, 104, 116,\n          109, 108,  62,  10,  60, 104, 116, 109, 108,  32, 108,  97,\n          110, 103,  61,  34, 101, 110,  45,  85,  83,  34,  62,  10,\n           60, 104, 101,  97, 100,  62,  10,   9,  60, 109, 101, 116,\n           97,  32, 104, 116, 116, 112,  45, 101, 113, 117, 105, 118,\n           61,  34,  67, 111, 110, 116, 101, 110, 116,  45,  84, 121,\n          112, 101,  34,  32,  99, 111, 110, 116, 101, 110, 116,  61,\n           34, 116, 101, 120, 116,  47, 104, 116, 109, 108,  59,  32,\n           99, 104,  97, 114,\n          ... 2553 more items\n        ],\n        exitCode: 255,\n        errors: ''\n      },\n      source: 'request'\n    }\n  }\n}\n\n",
    "log": "/logs/plugins/b/buddypress-remove-avatars/error.json"
  }
]
