file:///home/runner/work/playground-tester/playground-tester/node_modules/@wp-playground/cli/run-cli-j-geJYS3.js:325
        throw new Error($, { cause: h });
              ^

Error: [25-Jun-2025 19:45:49 UTC] PHP Fatal error:  Uncaught ArgumentCountError: Too few arguments to function WP_Widget::__construct(), 0 passed in /wordpress/wp-includes/class-wp-widget-factory.php on line 62 and at least 2 expected in /wordpress/wp-includes/class-wp-widget.php:163
Stack trace:
#0 /wordpress/wp-includes/class-wp-widget-factory.php(62): WP_Widget->__construct()
#1 /wordpress/wp-includes/widgets.php(123): WP_Widget_Factory->register('dcw_Dynamic_Con...')
#2 /wordpress/wp-content/plugins/dynamic-content-widget/dcw-dynamic-content-widget.php(151): register_widget('dcw_Dynamic_Con...')
#3 /wordpress/wp-includes/class-wp-hook.php(324): dcw_load_widget('')
#4 /wordpress/wp-includes/class-wp-hook.php(348): WP_Hook->apply_filters(NULL, Array)
#5 /wordpress/wp-includes/plugin.php(517): WP_Hook->do_action(Array)
#6 /wordpress/wp-includes/widgets.php(1870): do_action('widgets_init')
#7 /wordpress/wp-includes/class-wp-hook.php(324): wp_widgets_init('')
#8 /wordpress/wp-includes/class-wp-hook.php(348): WP_Hook->apply_filters(NULL, Array)
#9 /wordpress/wp-includes/plugin.php(517): WP_Hook->do_action(Array)
#10 /wordpress/wp-settings.php(727): do_action('init')
#11 /wordpress/wp-config.php(102): require_once('/wordpress/wp-s...')
#12 /wordpress/wp-load.php(50): require_once('/wordpress/wp-c...')
#13 /internal/eval.php(3): require_once('/wordpress/wp-l...')
#14 {main}
  thrown in /wordpress/wp-includes/class-wp-widget.php on line 163
[25-Jun-2025 19:45:59 UTC] PHP Fatal error:  Uncaught ArgumentCountError: Too few arguments to function WP_Widget::__construct(), 0 passed in /wordpress/wp-includes/class-wp-widget-factory.php on line 62 and at least 2 expected in /wordpress/wp-includes/class-wp-widget.php:163
Stack trace:
#0 /wordpress/wp-includes/class-wp-widget-factory.php(62): WP_Widget->__construct()
#1 /wordpress/wp-includes/widgets.php(123): WP_Widget_Factory->register('dcw_Dynamic_Con...')
#2 /wordpress/wp-content/plugins/dynamic-content-widget/dcw-dynamic-content-widget.php(151): register_widget('dcw_Dynamic_Con...')
#3 /wordpress/wp-includes/class-wp-hook.php(324): dcw_load_widget('')
#4 /wordpress/wp-includes/class-wp-hook.php(348): WP_Hook->apply_filters(NULL, Array)
#5 /wordpress/wp-includes/plugin.php(517): WP_Hook->do_action(Array)
#6 /wordpress/wp-includes/widgets.php(1870): do_action('widgets_init')
#7 /wordpress/wp-includes/class-wp-hook.php(324): wp_widgets_init('')
#8 /wordpress/wp-includes/class-wp-hook.php(348): WP_Hook->apply_filters(NULL, Array)
#9 /wordpress/wp-includes/plugin.php(517): WP_Hook->do_action(Array)
#10 /wordpress/wp-settings.php(727): do_action('init')
#11 /wordpress/wp-config.php(102): require_once('/wordpress/wp-s...')
#12 /wordpress/wp-load.php(50): require_once('/wordpress/wp-c...')
#13 /internal/eval.php(3): require_once('/wordpress/wp-l...')
#14 {main}
  thrown in /wordpress/wp-includes/class-wp-widget.php on line 163
[25-Jun-2025 19:46:08 UTC] PHP Fatal error:  Uncaught ArgumentCountError: Too few arguments to function WP_Widget::__construct(), 0 passed in /wordpress/wp-includes/class-wp-widget-factory.php on line 62 and at least 2 expected in /wordpress/wp-includes/class-wp-widget.php:163
Stack trace:
#0 /wordpress/wp-includes/class-wp-widget-factory.php(62): WP_Widget->__construct()
#1 /wordpress/wp-includes/widgets.php(123): WP_Widget_Factory->register('dcw_Dynamic_Con...')
#2 /wordpress/wp-content/plugins/dynamic-content-widget/dcw-dynamic-content-widget.php(151): register_widget('dcw_Dynamic_Con...')
#3 /wordpress/wp-includes/class-wp-hook.php(324): dcw_load_widget('')
#4 /wordpress/wp-includes/class-wp-hook.php(348): WP_Hook->apply_filters(NULL, Array)
#5 /wordpress/wp-includes/plugin.php(517): WP_Hook->do_action(Array)
#6 /wordpress/wp-includes/widgets.php(1870): do_action('widgets_init')
#7 /wordpress/wp-includes/class-wp-hook.php(324): wp_widgets_init('')
#8 /wordpress/wp-includes/class-wp-hook.php(348): WP_Hook->apply_filters(NULL, Array)
#9 /wordpress/wp-includes/plugin.php(517): WP_Hook->do_action(Array)
#10 /wordpress/wp-settings.php(727): do_action('init')
#11 /wordpress/wp-config.php(102): require_once('/wordpress/wp-s...')
#12 /wordpress/wp-load.php(50): require_once('/wordpress/wp-c...')
#13 /internal/eval.php(3): require_once('/wordpress/wp-l...')
#14 {main}
  thrown in /wordpress/wp-includes/class-wp-widget.php on line 163
[25-Jun-2025 19:47:16 UTC] PHP Warning:  Undefined variable $posts2 in /wordpress/wp-content/plugins/dynamic-faqs/dynamic-faqs.php on line 63
[25-Jun-2025 19:47:25 UTC] PHP Warning:  Undefined variable $posts2 in /wordpress/wp-content/plugins/dynamic-faqs/dynamic-faqs.php on line 63
[25-Jun-2025 19:47:34 UTC] PHP Warning:  Undefined variable $posts2 in /wordpress/wp-content/plugins/dynamic-faqs/dynamic-faqs.php on line 63
[25-Jun-2025 19:47:46 UTC] PHP Notice:  Undefined index: REMOTE_ADDR in /wordpress/wp-content/plugins/dynamic-mailto/admin/field_helpers.php on line 24
[25-Jun-2025 19:47:46 UTC] PHP Fatal error:  Uncaught Exception: Invalid IP in /wordpress/wp-content/plugins/dynamic-mailto/vendor/murrelljenna/freegeoip-php-wrapper/FreeGeoIp.php:47
Stack trace:
#0 /wordpress/wp-content/plugins/dynamic-mailto/admin/field_helpers.php(42): FreeGeoIp->fetch(NULL)
#1 /wordpress/wp-content/plugins/dynamic-mailto/admin/field_loader.php(42): jmurrell\DynMailto\Field_Helpers::get_user_location()
#2 /wordpress/wp-content/plugins/dynamic-mailto/admin/field_loader.php(98): jmurrell\DynMailto\Field_Loader::init_static_fields()
#3 /wordpress/wp-content/plugins/dynamic-mailto/dyn-mailto-widget.php(50): include_once('/wordpress/wp-c...')
#4 /wordpress/wp-includes/class-wp-widget-factory.php(62): jmurrell\DynMailto\Widget->__construct()
#5 /wordpress/wp-includes/widgets.php(123): WP_Widget_Factory->register('jmurrell\\DynMai...')
#6 /wordpress/wp-content/plugins/dynamic-mailto/dyn-mailto.php(33): register_widget('jmurrell\\DynMai...')
#7 /wordpress/wp-includes/class-wp-hook.php(324): jmurrell\DynMailto\register_dyn_mailto_widget('')
# in /wordpress/wp-content/plugins/dynamic-mailto/vendor/murrelljenna/freegeoip-php-wrapper/FreeGeoIp.php on line 47
[25-Jun-2025 19:47:57 UTC] PHP Notice:  Undefined index: REMOTE_ADDR in /wordpress/wp-content/plugins/dynamic-mailto/admin/field_helpers.php on line 24
[25-Jun-2025 19:47:57 UTC] PHP Fatal error:  Uncaught Exception: Invalid IP in /wordpress/wp-content/plugins/dynamic-mailto/vendor/murrelljenna/freegeoip-php-wrapper/FreeGeoIp.php:47
Stack trace:
#0 /wordpress/wp-content/plugins/dynamic-mailto/admin/field_helpers.php(42): FreeGeoIp->fetch(NULL)
#1 /wordpress/wp-content/plugins/dynamic-mailto/admin/field_loader.php(42): jmurrell\DynMailto\Field_Helpers::get_user_location()
#2 /wordpress/wp-content/plugins/dynamic-mailto/admin/field_loader.php(98): jmurrell\DynMailto\Field_Loader::init_static_fields()
#3 /wordpress/wp-content/plugins/dynamic-mailto/dyn-mailto-widget.php(50): include_once('/wordpress/wp-c...')
#4 /wordpress/wp-includes/class-wp-widget-factory.php(62): jmurrell\DynMailto\Widget->__construct()
#5 /wordpress/wp-includes/widgets.php(123): WP_Widget_Factory->register('jmurrell\\DynMai...')
#6 /wordpress/wp-content/plugins/dynamic-mailto/dyn-mailto.php(33): register_widget('jmurrell\\DynMai...')
#7 /wordpress/wp-includes/class-wp-hook.php(324): jmurrell\DynMailto\register_dyn_mailto_widget('')
# in /wordpress/wp-content/plugins/dynamic-mailto/vendor/murrelljenna/freegeoip-php-wrapper/FreeGeoIp.php on line 47
[25-Jun-2025 19:48:08 UTC] PHP Notice:  Undefined index: REMOTE_ADDR in /wordpress/wp-content/plugins/dynamic-mailto/admin/field_helpers.php on line 24
[25-Jun-2025 19:48:08 UTC] PHP Fatal error:  Uncaught Exception: Invalid IP in /wordpress/wp-content/plugins/dynamic-mailto/vendor/murrelljenna/freegeoip-php-wrapper/FreeGeoIp.php:47
Stack trace:
#0 /wordpress/wp-content/plugins/dynamic-mailto/admin/field_helpers.php(42): FreeGeoIp->fetch(NULL)
#1 /wordpress/wp-content/plugins/dynamic-mailto/admin/field_loader.php(42): jmurrell\DynMailto\Field_Helpers::get_user_location()
#2 /wordpress/wp-content/plugins/dynamic-mailto/admin/field_loader.php(98): jmurrell\DynMailto\Field_Loader::init_static_fields()
#3 /wordpress/wp-content/plugins/dynamic-mailto/dyn-mailto-widget.php(50): include_once('/wordpress/wp-c...')
#4 /wordpress/wp-includes/class-wp-widget-factory.php(62): jmurrell\DynMailto\Widget->__construct()
#5 /wordpress/wp-includes/widgets.php(123): WP_Widget_Factory->register('jmurrell\\DynMai...')
#6 /wordpress/wp-content/plugins/dynamic-mailto/dyn-mailto.php(33): register_widget('jmurrell\\DynMai...')
#7 /wordpress/wp-includes/class-wp-hook.php(324): jmurrell\DynMailto\register_dyn_mailto_widget('')
# in /wordpress/wp-content/plugins/dynamic-mailto/vendor/murrelljenna/freegeoip-php-wrapper/FreeGeoIp.php on line 47
[25-Jun-2025 19:48:17 UTC] PHP Notice:  spl_autoload_register(): Argument #2 ($do_throw) has been ignored, spl_autoload_register() will always throw in /wordpress/wp-content/plugins/cart2cart-interspire-to-woocommerce-migration/class/AutoLoad.php on line 11
[25-Jun-2025 19:48:17 UTC] PHP Fatal error:  Uncaught ValueError: curl_setopt(): Argument #2 ($option) is not a valid cURL option in /wordpress/wp-content/plugins/cart2cart-interspire-to-woocommerce-migration/class/Api.php:41
Stack trace:
#0 /wordpress/wp-content/plugins/cart2cart-interspire-to-woocommerce-migration/class/Api.php(41): curl_setopt(Object(CurlHandle), 1, true)
#1 /wordpress/wp-content/plugins/cart2cart-interspire-to-woocommerce-migration/class/Api.php(21): Cart2cart\Api->_init()
#2 /wordpress/wp-content/plugins/cart2cart-interspire-to-woocommerce-migration/class/Api.php(49): Cart2cart\Api->__construct('https://woocomm...', 10)
#3 /wordpress/wp-content/plugins/cart2cart-interspire-to-woocommerce-migration/class/Installer.php(9): Cart2cart\Api::getInstance('https://woocomm...')
#4 /wordpress/wp-includes/class-wp-hook.php(324): Cart2cart\Installer::activate(false)
#5 /wordpress/wp-includes/class-wp-hook.php(348): WP_Hook->apply_filters('', Array)
#6 /wordpress/wp-includes/plugin.php(517): WP_Hook->do_action(Array)
#7 /wordpress/wp-admin/includes/plugin.php(703): do_action('activate_cart2c...', false)
#8 /internal/eval.php(20): activate_plugin('cart2cart-inter...')
#9 {main}
  thrown in /wordpress/wp-content/plugins/cart2cart-interspire-to-woocommerce-migration/class/Api.php on line 41
[25-Jun-2025 19:48:25 UTC] PHP Notice:  spl_autoload_register(): Argument #2 ($do_throw) has been ignored, spl_autoload_register() will always throw in /wordpress/wp-content/plugins/cart2cart-interspire-to-woocommerce-migration/class/AutoLoad.php on line 11
[25-Jun-2025 19:48:25 UTC] PHP Fatal error:  Uncaught ValueError: curl_setopt(): Argument #2 ($option) is not a valid cURL option in /wordpress/wp-content/plugins/cart2cart-interspire-to-woocommerce-migration/class/Api.php:41
Stack trace:
#0 /wordpress/wp-content/plugins/cart2cart-interspire-to-woocommerce-migration/class/Api.php(41): curl_setopt(Object(CurlHandle), 1, true)
#1 /wordpress/wp-content/plugins/cart2cart-interspire-to-woocommerce-migration/class/Api.php(21): Cart2cart\Api->_init()
#2 /wordpress/wp-content/plugins/cart2cart-interspire-to-woocommerce-migration/class/Api.php(49): Cart2cart\Api->__construct('https://woocomm...', 10)
#3 /wordpress/wp-content/plugins/cart2cart-interspire-to-woocommerce-migration/class/Installer.php(9): Cart2cart\Api::getInstance('https://woocomm...')
#4 /wordpress/wp-includes/class-wp-hook.php(324): Cart2cart\Installer::activate(false)
#5 /wordpress/wp-includes/class-wp-hook.php(348): WP_Hook->apply_filters('', Array)
#6 /wordpress/wp-includes/plugin.php(517): WP_Hook->do_action(Array)
#7 /wordpress/wp-admin/includes/plugin.php(703): do_action('activate_cart2c...', false)
#8 /internal/eval.php(20): activate_plugin('cart2cart-inter...')
#9 {main}
  thrown in /wordpress/wp-content/plugins/cart2cart-interspire-to-woocommerce-migration/class/Api.php on line 41
[25-Jun-2025 19:48:33 UTC] PHP Notice:  spl_autoload_register(): Argument #2 ($do_throw) has been ignored, spl_autoload_register() will always throw in /wordpress/wp-content/plugins/cart2cart-interspire-to-woocommerce-migration/class/AutoLoad.php on line 11
[25-Jun-2025 19:48:33 UTC] PHP Fatal error:  Uncaught ValueError: curl_setopt(): Argument #2 ($option) is not a valid cURL option in /wordpress/wp-content/plugins/cart2cart-interspire-to-woocommerce-migration/class/Api.php:41
Stack trace:
#0 /wordpress/wp-content/plugins/cart2cart-interspire-to-woocommerce-migration/class/Api.php(41): curl_setopt(Object(CurlHandle), 1, true)
#1 /wordpress/wp-content/plugins/cart2cart-interspire-to-woocommerce-migration/class/Api.php(21): Cart2cart\Api->_init()
#2 /wordpress/wp-content/plugins/cart2cart-interspire-to-woocommerce-migration/class/Api.php(49): Cart2cart\Api->__construct('https://woocomm...', 10)
#3 /wordpress/wp-content/plugins/cart2cart-interspire-to-woocommerce-migration/class/Installer.php(9): Cart2cart\Api::getInstance('https://woocomm...')
#4 /wordpress/wp-includes/class-wp-hook.php(324): Cart2cart\Installer::activate(false)
#5 /wordpress/wp-includes/class-wp-hook.php(348): WP_Hook->apply_filters('', Array)
#6 /wordpress/wp-includes/plugin.php(517): WP_Hook->do_action(Array)
#7 /wordpress/wp-admin/includes/plugin.php(703): do_action('activate_cart2c...', false)
#8 /internal/eval.php(20): activate_plugin('cart2cart-inter...')
#9 {main}
  thrown in /wordpress/wp-content/plugins/cart2cart-interspire-to-woocommerce-migration/class/Api.php on line 41

    at Object.onBind (file:///home/runner/work/playground-tester/playground-tester/node_modules/@wp-playground/cli/run-cli-j-geJYS3.js:325:15)
    at process.processTicksAndRejections (node:internal/process/task_queues:105:5)
    at async re (file:///home/runner/work/playground-tester/playground-tester/node_modules/@wp-playground/cli/run-cli-j-geJYS3.js:149:10) {
  [cause]: Error: Error when executing the blueprint step #1 ({"step":"installPlugin","pluginData":{"resource":"wordpress.org/plugins","slug":"cart2cart-interspire-to-woocommerce-migration"},"options":{"activate":true}}) : PHP.run() failed with exit code 255 and the following output: 
      at Object.run (file:///home/runner/work/playground-tester/playground-tester/node_modules/@wp-playground/blueprints/index.js:12093:19)
      at process.processTicksAndRejections (node:internal/process/task_queues:105:5)
      at async ys (file:///home/runner/work/playground-tester/playground-tester/node_modules/@wp-playground/blueprints/index.js:12196:3)
      at async Object.onBind (file:///home/runner/work/playground-tester/playground-tester/node_modules/@wp-playground/cli/run-cli-j-geJYS3.js:315:48)
      at async re (file:///home/runner/work/playground-tester/playground-tester/node_modules/@wp-playground/cli/run-cli-j-geJYS3.js:149:10) {
    [cause]: PHPExecutionFailureError: PHP.run() failed with exit code 255 and the following output: 
        at PHP.run (file:///home/runner/work/playground-tester/playground-tester/node_modules/@php-wasm/universal/index.js:1034:19)
        at process.processTicksAndRejections (node:internal/process/task_queues:105:5)
        at async wr (file:///home/runner/work/playground-tester/playground-tester/node_modules/@wp-playground/blueprints/index.js:34:39)
        at async Object.gt [as installPlugin] (file:///home/runner/work/playground-tester/playground-tester/node_modules/@wp-playground/blueprints/index.js:631:42)
        at async g (file:///home/runner/work/playground-tester/playground-tester/node_modules/@wp-playground/blueprints/index.js:12161:30)
        at async Object.run (file:///home/runner/work/playground-tester/playground-tester/node_modules/@wp-playground/blueprints/index.js:12090:23)
        at async ys (file:///home/runner/work/playground-tester/playground-tester/node_modules/@wp-playground/blueprints/index.js:12196:3)
        at async Object.onBind (file:///home/runner/work/playground-tester/playground-tester/node_modules/@wp-playground/cli/run-cli-j-geJYS3.js:315:48)
        at async re (file:///home/runner/work/playground-tester/playground-tester/node_modules/@wp-playground/cli/run-cli-j-geJYS3.js:149:10) {
      response: PHPResponse {
        httpStatusCode: 500,
        headers: {
          'x-powered-by': [ 'PHP/8.0.30-dev' ],
          'content-type': [ 'text/html; charset=UTF-8' ]
        },
        bytes: Uint8Array(0) [],
        exitCode: 255,
        errors: ''
      },
      source: 'request'
    }
  }
}

Node.js v23.11.0
