file:///home/runner/work/playground-tester/playground-tester/node_modules/@wp-playground/cli/run-cli-j-geJYS3.js:325
        throw new Error($, { cause: h });
              ^

Error: [17-Jun-2025 19:23:29 UTC] PHP Warning:  Undefined array key "smbsugar_action" in /wordpress/wp-content/plugins/bizsugar-voting-button/wp-bizsugar-vote.php on line 22
[17-Jun-2025 19:23:39 UTC] PHP Warning:  Undefined array key "smbsugar_action" in /wordpress/wp-content/plugins/bizsugar-voting-button/wp-bizsugar-vote.php on line 22
[17-Jun-2025 19:23:49 UTC] PHP Warning:  Undefined array key "smbsugar_action" in /wordpress/wp-content/plugins/bizsugar-voting-button/wp-bizsugar-vote.php on line 22
[17-Jun-2025 19:23:57 UTC] PHP Fatal error:  Uncaught Exception: DateTimeZone::__construct(): Unknown or bad timezone () in /wordpress/wp-content/plugins/bktsk-live-scheduler/lib/class-bktskytschedulershortcode.php:24
Stack trace:
#0 /wordpress/wp-content/plugins/bktsk-live-scheduler/lib/class-bktskytschedulershortcode.php(24): DateTimeZone->__construct('')
#1 /wordpress/wp-content/plugins/bktsk-live-scheduler/lib/class-bktskytschedulershortcode.php(394): BktskYtSchedulerShortcode->__construct()
#2 /wordpress/wp-content/plugins/bktsk-live-scheduler/bktsk-yt-live-scheduler.php(43): require_once('/wordpress/wp-c...')
#3 /wordpress/wp-admin/includes/plugin.php(2387): include_once('/wordpress/wp-c...')
#4 /wordpress/wp-admin/includes/plugin.php(673): plugin_sandbox_scrape('bktsk-live-sche...')
#5 /internal/eval.php(20): activate_plugin('bktsk-live-sche...')
#6 {main}
  thrown in /wordpress/wp-content/plugins/bktsk-live-scheduler/lib/class-bktskytschedulershortcode.php on line 24
[17-Jun-2025 19:24:06 UTC] PHP Fatal error:  Uncaught Exception: DateTimeZone::__construct(): Unknown or bad timezone () in /wordpress/wp-content/plugins/bktsk-live-scheduler/lib/class-bktskytschedulershortcode.php:24
Stack trace:
#0 /wordpress/wp-content/plugins/bktsk-live-scheduler/lib/class-bktskytschedulershortcode.php(24): DateTimeZone->__construct('')
#1 /wordpress/wp-content/plugins/bktsk-live-scheduler/lib/class-bktskytschedulershortcode.php(394): BktskYtSchedulerShortcode->__construct()
#2 /wordpress/wp-content/plugins/bktsk-live-scheduler/bktsk-yt-live-scheduler.php(43): require_once('/wordpress/wp-c...')
#3 /wordpress/wp-admin/includes/plugin.php(2387): include_once('/wordpress/wp-c...')
#4 /wordpress/wp-admin/includes/plugin.php(673): plugin_sandbox_scrape('bktsk-live-sche...')
#5 /internal/eval.php(20): activate_plugin('bktsk-live-sche...')
#6 {main}
  thrown in /wordpress/wp-content/plugins/bktsk-live-scheduler/lib/class-bktskytschedulershortcode.php on line 24
[17-Jun-2025 19:24:15 UTC] PHP Fatal error:  Uncaught Exception: DateTimeZone::__construct(): Unknown or bad timezone () in /wordpress/wp-content/plugins/bktsk-live-scheduler/lib/class-bktskytschedulershortcode.php:24
Stack trace:
#0 /wordpress/wp-content/plugins/bktsk-live-scheduler/lib/class-bktskytschedulershortcode.php(24): DateTimeZone->__construct('')
#1 /wordpress/wp-content/plugins/bktsk-live-scheduler/lib/class-bktskytschedulershortcode.php(394): BktskYtSchedulerShortcode->__construct()
#2 /wordpress/wp-content/plugins/bktsk-live-scheduler/bktsk-yt-live-scheduler.php(43): require_once('/wordpress/wp-c...')
#3 /wordpress/wp-admin/includes/plugin.php(2387): include_once('/wordpress/wp-c...')
#4 /wordpress/wp-admin/includes/plugin.php(673): plugin_sandbox_scrape('bktsk-live-sche...')
#5 /internal/eval.php(20): activate_plugin('bktsk-live-sche...')
#6 {main}
  thrown in /wordpress/wp-content/plugins/bktsk-live-scheduler/lib/class-bktskytschedulershortcode.php on line 24

    at Object.onBind (file:///home/runner/work/playground-tester/playground-tester/node_modules/@wp-playground/cli/run-cli-j-geJYS3.js:325:15)
    at process.processTicksAndRejections (node:internal/process/task_queues:105:5)
    at async re (file:///home/runner/work/playground-tester/playground-tester/node_modules/@wp-playground/cli/run-cli-j-geJYS3.js:149:10) {
  [cause]: Error: Error when executing the blueprint step #1 ({"step":"installPlugin","pluginData":{"resource":"wordpress.org/plugins","slug":"bangla-virtual-keyboard"},"options":{"activate":true}}) : Could not download "https://downloads.wordpress.org/plugin/bangla-virtual-keyboard.latest-stable.zip".
  				Check if the URL is correct and the server is reachable.
  				If it is reachable, the server might be blocking the request.
  				Check the browser console and network tabs for more information.
  
  				## Does the console show the error "No 'Access-Control-Allow-Origin' header"?
  
  				This means the server that hosts your file does not allow requests from other sites
  				(cross-origin requests, or CORS).	You need to move the asset to a server that allows
  				cross-origin file downloads. Learn more about CORS at
  				https://developer.mozilla.org/en-US/docs/Web/HTTP/CORS.
  
  				If your file is on GitHub, load it from "raw.githubusercontent.com".
  				Here's how to do that:
  
  				1. Start with the original GitHub URL of the file. For example:
  				https://github.com/username/repository/blob/branch/filename.
  				2. Replace "github.com" with "raw.githubusercontent.com".
  				3. Remove the "/blob/" part of the URL.
  
  				The resulting URL should look like this:
  				https://raw.githubusercontent.com/username/repository/branch/filename
  
  				Error:
  				Error: Could not download "https://downloads.wordpress.org/plugin/bangla-virtual-keyboard.latest-stable.zip"
      at Object.run (file:///home/runner/work/playground-tester/playground-tester/node_modules/@wp-playground/blueprints/index.js:12093:19)
      at process.processTicksAndRejections (node:internal/process/task_queues:105:5)
      at async ys (file:///home/runner/work/playground-tester/playground-tester/node_modules/@wp-playground/blueprints/index.js:12196:3)
      at async Object.onBind (file:///home/runner/work/playground-tester/playground-tester/node_modules/@wp-playground/cli/run-cli-j-geJYS3.js:315:48)
      at async re (file:///home/runner/work/playground-tester/playground-tester/node_modules/@wp-playground/cli/run-cli-j-geJYS3.js:149:10) {
    [cause]: Error: Could not download "https://downloads.wordpress.org/plugin/bangla-virtual-keyboard.latest-stable.zip".
    				Check if the URL is correct and the server is reachable.
    				If it is reachable, the server might be blocking the request.
    				Check the browser console and network tabs for more information.
    
    				## Does the console show the error "No 'Access-Control-Allow-Origin' header"?
    
    				This means the server that hosts your file does not allow requests from other sites
    				(cross-origin requests, or CORS).	You need to move the asset to a server that allows
    				cross-origin file downloads. Learn more about CORS at
    				https://developer.mozilla.org/en-US/docs/Web/HTTP/CORS.
    
    				If your file is on GitHub, load it from "raw.githubusercontent.com".
    				Here's how to do that:
    
    				1. Start with the original GitHub URL of the file. For example:
    				https://github.com/username/repository/blob/branch/filename.
    				2. Replace "github.com" with "raw.githubusercontent.com".
    				3. Remove the "/blob/" part of the URL.
    
    				The resulting URL should look like this:
    				https://raw.githubusercontent.com/username/repository/branch/filename
    
    				Error:
    				Error: Could not download "https://downloads.wordpress.org/plugin/bangla-virtual-keyboard.latest-stable.zip"
        at Ct.resolve (file:///home/runner/work/playground-tester/playground-tester/node_modules/@wp-playground/blueprints/index.js:1129:13)
        at process.processTicksAndRejections (node:internal/process/task_queues:105:5)
        at async _.run (file:///home/runner/work/playground-tester/playground-tester/node_modules/@php-wasm/util/index.js:45:14)
  }
}

Node.js v23.11.0
