file:///home/runner/work/playground-tester/playground-tester/node_modules/@wp-playground/cli/run-cli-j-geJYS3.js:325
        throw new Error($, { cause: h });
              ^

Error: [07-Jul-2025 15:30:17 UTC] PHP Deprecated:  File upgrade-functions.php is <strong>deprecated</strong> since version 2.5.0! Use wp-admin/includes/upgrade.php instead. in /wordpress/wp-includes/functions.php on line 6121
[07-Jul-2025 15:30:27 UTC] PHP Deprecated:  File upgrade-functions.php is <strong>deprecated</strong> since version 2.5.0! Use wp-admin/includes/upgrade.php instead. in /wordpress/wp-includes/functions.php on line 6121
[07-Jul-2025 15:30:38 UTC] PHP Deprecated:  File upgrade-functions.php is <strong>deprecated</strong> since version 2.5.0! Use wp-admin/includes/upgrade.php instead. in /wordpress/wp-includes/functions.php on line 6121
[07-Jul-2025 15:31:53 UTC] PHP Deprecated:  Required parameter $term follows optional parameter $taxonomy in /wordpress/wp-content/plugins/webinane-commerce/includes/Classes/TaxonomyMetaboxes.php on line 103
[07-Jul-2025 15:31:54 UTC] PHP Deprecated:  Required parameter $term follows optional parameter $taxonomy in /wordpress/wp-content/plugins/webinane-commerce/includes/Classes/TaxonomyMetaboxes.php on line 103
[07-Jul-2025 15:31:54 UTC] PHP Deprecated:  Required parameter $tag follows optional parameter $content in /wordpress/wp-content/plugins/webinane-commerce/includes/Classes/Shortcodes.php on line 26
[07-Jul-2025 15:31:54 UTC] PHP Deprecated:  Required parameter $tag follows optional parameter $content in /wordpress/wp-content/plugins/webinane-commerce/includes/Classes/Shortcodes.php on line 45
[07-Jul-2025 15:31:54 UTC] PHP Deprecated:  Required parameter $tag follows optional parameter $content in /wordpress/wp-content/plugins/webinane-commerce/includes/Classes/Shortcodes.php on line 63
[07-Jul-2025 15:31:54 UTC] PHP Deprecated:  Required parameter $tag follows optional parameter $content in /wordpress/wp-content/plugins/webinane-commerce/includes/Classes/Shortcodes.php on line 81
[07-Jul-2025 15:32:05 UTC] PHP Deprecated:  Required parameter $term follows optional parameter $taxonomy in /wordpress/wp-content/plugins/webinane-commerce/includes/Classes/TaxonomyMetaboxes.php on line 103
[07-Jul-2025 15:32:07 UTC] PHP Deprecated:  Required parameter $term follows optional parameter $taxonomy in /wordpress/wp-content/plugins/webinane-commerce/includes/Classes/TaxonomyMetaboxes.php on line 103
[07-Jul-2025 15:32:07 UTC] PHP Deprecated:  Required parameter $tag follows optional parameter $content in /wordpress/wp-content/plugins/webinane-commerce/includes/Classes/Shortcodes.php on line 26
[07-Jul-2025 15:32:07 UTC] PHP Deprecated:  Required parameter $tag follows optional parameter $content in /wordpress/wp-content/plugins/webinane-commerce/includes/Classes/Shortcodes.php on line 45
[07-Jul-2025 15:32:07 UTC] PHP Deprecated:  Required parameter $tag follows optional parameter $content in /wordpress/wp-content/plugins/webinane-commerce/includes/Classes/Shortcodes.php on line 63
[07-Jul-2025 15:32:07 UTC] PHP Deprecated:  Required parameter $tag follows optional parameter $content in /wordpress/wp-content/plugins/webinane-commerce/includes/Classes/Shortcodes.php on line 81
[07-Jul-2025 15:32:19 UTC] PHP Deprecated:  Required parameter $term follows optional parameter $taxonomy in /wordpress/wp-content/plugins/webinane-commerce/includes/Classes/TaxonomyMetaboxes.php on line 103
[07-Jul-2025 15:32:21 UTC] PHP Deprecated:  Required parameter $term follows optional parameter $taxonomy in /wordpress/wp-content/plugins/webinane-commerce/includes/Classes/TaxonomyMetaboxes.php on line 103
[07-Jul-2025 15:32:21 UTC] PHP Deprecated:  Required parameter $tag follows optional parameter $content in /wordpress/wp-content/plugins/webinane-commerce/includes/Classes/Shortcodes.php on line 26
[07-Jul-2025 15:32:21 UTC] PHP Deprecated:  Required parameter $tag follows optional parameter $content in /wordpress/wp-content/plugins/webinane-commerce/includes/Classes/Shortcodes.php on line 45
[07-Jul-2025 15:32:21 UTC] PHP Deprecated:  Required parameter $tag follows optional parameter $content in /wordpress/wp-content/plugins/webinane-commerce/includes/Classes/Shortcodes.php on line 63
[07-Jul-2025 15:32:21 UTC] PHP Deprecated:  Required parameter $tag follows optional parameter $content in /wordpress/wp-content/plugins/webinane-commerce/includes/Classes/Shortcodes.php on line 81
[07-Jul-2025 15:35:02 UTC] PHP Fatal error:  Uncaught Exception: Плагин Woocommerce неактивен. Активируйте его и повторите активацию плагина Yml Export in /wordpress/wp-content/plugins/woo-yml-exporter/includes/class-yml-exporter-activator.php:30
Stack trace:
#0 /wordpress/wp-content/plugins/woo-yml-exporter/yml-exporter.php(32): Yml_Exporter_Activator::activate()
#1 /wordpress/wp-includes/class-wp-hook.php(324): activate_yml_exporter(false)
#2 /wordpress/wp-includes/class-wp-hook.php(348): WP_Hook->apply_filters('', Array)
#3 /wordpress/wp-includes/plugin.php(517): WP_Hook->do_action(Array)
#4 /wordpress/wp-admin/includes/plugin.php(703): do_action('activate_woo-ym...', false)
#5 /internal/eval.php(20): activate_plugin('woo-yml-exporte...')
#6 {main}
  thrown in /wordpress/wp-content/plugins/woo-yml-exporter/includes/class-yml-exporter-activator.php on line 30
[07-Jul-2025 15:35:10 UTC] PHP Fatal error:  Uncaught Exception: Плагин Woocommerce неактивен. Активируйте его и повторите активацию плагина Yml Export in /wordpress/wp-content/plugins/woo-yml-exporter/includes/class-yml-exporter-activator.php:30
Stack trace:
#0 /wordpress/wp-content/plugins/woo-yml-exporter/yml-exporter.php(32): Yml_Exporter_Activator::activate()
#1 /wordpress/wp-includes/class-wp-hook.php(324): activate_yml_exporter(false)
#2 /wordpress/wp-includes/class-wp-hook.php(348): WP_Hook->apply_filters('', Array)
#3 /wordpress/wp-includes/plugin.php(517): WP_Hook->do_action(Array)
#4 /wordpress/wp-admin/includes/plugin.php(703): do_action('activate_woo-ym...', false)
#5 /internal/eval.php(20): activate_plugin('woo-yml-exporte...')
#6 {main}
  thrown in /wordpress/wp-content/plugins/woo-yml-exporter/includes/class-yml-exporter-activator.php on line 30
[07-Jul-2025 15:35:19 UTC] PHP Fatal error:  Uncaught Exception: Плагин Woocommerce неактивен. Активируйте его и повторите активацию плагина Yml Export in /wordpress/wp-content/plugins/woo-yml-exporter/includes/class-yml-exporter-activator.php:30
Stack trace:
#0 /wordpress/wp-content/plugins/woo-yml-exporter/yml-exporter.php(32): Yml_Exporter_Activator::activate()
#1 /wordpress/wp-includes/class-wp-hook.php(324): activate_yml_exporter(false)
#2 /wordpress/wp-includes/class-wp-hook.php(348): WP_Hook->apply_filters('', Array)
#3 /wordpress/wp-includes/plugin.php(517): WP_Hook->do_action(Array)
#4 /wordpress/wp-admin/includes/plugin.php(703): do_action('activate_woo-ym...', false)
#5 /internal/eval.php(20): activate_plugin('woo-yml-exporte...')
#6 {main}
  thrown in /wordpress/wp-content/plugins/woo-yml-exporter/includes/class-yml-exporter-activator.php on line 30
[07-Jul-2025 15:36:34 UTC] PHP Notice:  Function wp_enqueue_script was called <strong>incorrectly</strong>. Scripts and styles should not be registered or enqueued until the <code>wp_enqueue_scripts</code>, <code>admin_enqueue_scripts</code>, or <code>login_enqueue_scripts</code> hooks. This notice was triggered by the <code>amelie</code> handle. Please see <a href="https://developer.wordpress.org/advanced-administration/debug/debug-wordpress/">Debugging in WordPress</a> for more information. (This message was added in version 3.3.0.) in /wordpress/wp-includes/functions.php on line 6121
[07-Jul-2025 15:36:45 UTC] PHP Notice:  Function wp_enqueue_script was called <strong>incorrectly</strong>. Scripts and styles should not be registered or enqueued until the <code>wp_enqueue_scripts</code>, <code>admin_enqueue_scripts</code>, or <code>login_enqueue_scripts</code> hooks. This notice was triggered by the <code>amelie</code> handle. Please see <a href="https://developer.wordpress.org/advanced-administration/debug/debug-wordpress/">Debugging in WordPress</a> for more information. (This message was added in version 3.3.0.) in /wordpress/wp-includes/functions.php on line 6121
[07-Jul-2025 15:36:54 UTC] PHP Notice:  Function wp_enqueue_script was called <strong>incorrectly</strong>. Scripts and styles should not be registered or enqueued until the <code>wp_enqueue_scripts</code>, <code>admin_enqueue_scripts</code>, or <code>login_enqueue_scripts</code> hooks. This notice was triggered by the <code>amelie</code> handle. Please see <a href="https://developer.wordpress.org/advanced-administration/debug/debug-wordpress/">Debugging in WordPress</a> for more information. (This message was added in version 3.3.0.) in /wordpress/wp-includes/functions.php on line 6121
[07-Jul-2025 15:37:04 UTC] PHP Warning:  Undefined variable $wpb_version in /wordpress/wp-content/plugins/wp-blocks/wp-blocks.php on line 104
[07-Jul-2025 15:37:14 UTC] PHP Warning:  Undefined variable $wpb_version in /wordpress/wp-content/plugins/wp-blocks/wp-blocks.php on line 104
[07-Jul-2025 15:37:24 UTC] PHP Warning:  Undefined variable $wpb_version in /wordpress/wp-content/plugins/wp-blocks/wp-blocks.php on line 104
[07-Jul-2025 15:37:37 UTC] PHP Warning:  Attempt to read property "success" on null in /wordpress/wp-content/plugins/wp-clanwars/classes/api.class.php on line 351
[07-Jul-2025 15:37:37 UTC] PHP Warning:  Attempt to read property "error" on null in /wordpress/wp-content/plugins/wp-clanwars/classes/api.class.php on line 352
[07-Jul-2025 15:37:37 UTC] PHP Warning:  Attempt to read property "code" on null in /wordpress/wp-content/plugins/wp-clanwars/classes/api.class.php on line 353
[07-Jul-2025 15:37:37 UTC] PHP Warning:  Attempt to read property "message" on null in /wordpress/wp-content/plugins/wp-clanwars/classes/api.class.php on line 353
[07-Jul-2025 15:37:49 UTC] PHP Warning:  Attempt to read property "success" on null in /wordpress/wp-content/plugins/wp-clanwars/classes/api.class.php on line 351
[07-Jul-2025 15:37:49 UTC] PHP Warning:  Attempt to read property "error" on null in /wordpress/wp-content/plugins/wp-clanwars/classes/api.class.php on line 352
[07-Jul-2025 15:37:49 UTC] PHP Warning:  Attempt to read property "code" on null in /wordpress/wp-content/plugins/wp-clanwars/classes/api.class.php on line 353
[07-Jul-2025 15:37:49 UTC] PHP Warning:  Attempt to read property "message" on null in /wordpress/wp-content/plugins/wp-clanwars/classes/api.class.php on line 353
[07-Jul-2025 15:38:03 UTC] PHP Warning:  Attempt to read property "success" on null in /wordpress/wp-content/plugins/wp-clanwars/classes/api.class.php on line 351
[07-Jul-2025 15:38:03 UTC] PHP Warning:  Attempt to read property "error" on null in /wordpress/wp-content/plugins/wp-clanwars/classes/api.class.php on line 352
[07-Jul-2025 15:38:03 UTC] PHP Warning:  Attempt to read property "code" on null in /wordpress/wp-content/plugins/wp-clanwars/classes/api.class.php on line 353
[07-Jul-2025 15:38:03 UTC] PHP Warning:  Attempt to read property "message" on null in /wordpress/wp-content/plugins/wp-clanwars/classes/api.class.php on line 353
[07-Jul-2025 15:39:14 UTC] PHP Fatal error:  Uncaught Error: Call to undefined function vc_map() in /wordpress/wp-content/plugins/weeby-testimonial/add-ons/testimony-addons.php:32
Stack trace:
#0 /wordpress/wp-includes/class-wp-hook.php(324): WEEBY_testimonial_class->push_js_option('')
#1 /wordpress/wp-includes/class-wp-hook.php(348): WP_Hook->apply_filters(NULL, Array)
#2 /wordpress/wp-includes/plugin.php(517): WP_Hook->do_action(Array)
#3 /wordpress/wp-settings.php(727): do_action('init')
#4 /wordpress/wp-config.php(102): require_once('/wordpress/wp-s...')
#5 /wordpress/wp-load.php(50): require_once('/wordpress/wp-c...')
#6 /internal/eval.php(3): require_once('/wordpress/wp-l...')
#7 {main}
  thrown in /wordpress/wp-content/plugins/weeby-testimonial/add-ons/testimony-addons.php on line 32
[07-Jul-2025 15:39:25 UTC] PHP Fatal error:  Uncaught Error: Call to undefined function vc_map() in /wordpress/wp-content/plugins/weeby-testimonial/add-ons/testimony-addons.php:32
Stack trace:
#0 /wordpress/wp-includes/class-wp-hook.php(324): WEEBY_testimonial_class->push_js_option('')
#1 /wordpress/wp-includes/class-wp-hook.php(348): WP_Hook->apply_filters(NULL, Array)
#2 /wordpress/wp-includes/plugin.php(517): WP_Hook->do_action(Array)
#3 /wordpress/wp-settings.php(727): do_action('init')
#4 /wordpress/wp-config.php(102): require_once('/wordpress/wp-s...')
#5 /wordpress/wp-load.php(50): require_once('/wordpress/wp-c...')
#6 /internal/eval.php(3): require_once('/wordpress/wp-l...')
#7 {main}
  thrown in /wordpress/wp-content/plugins/weeby-testimonial/add-ons/testimony-addons.php on line 32
[07-Jul-2025 15:39:35 UTC] PHP Fatal error:  Uncaught Error: Call to undefined function vc_map() in /wordpress/wp-content/plugins/weeby-testimonial/add-ons/testimony-addons.php:32
Stack trace:
#0 /wordpress/wp-includes/class-wp-hook.php(324): WEEBY_testimonial_class->push_js_option('')
#1 /wordpress/wp-includes/class-wp-hook.php(348): WP_Hook->apply_filters(NULL, Array)
#2 /wordpress/wp-includes/plugin.php(517): WP_Hook->do_action(Array)
#3 /wordpress/wp-settings.php(727): do_action('init')
#4 /wordpress/wp-config.php(102): require_once('/wordpress/wp-s...')
#5 /wordpress/wp-load.php(50): require_once('/wordpress/wp-c...')
#6 /internal/eval.php(3): require_once('/wordpress/wp-l...')
#7 {main}
  thrown in /wordpress/wp-content/plugins/weeby-testimonial/add-ons/testimony-addons.php on line 32
[07-Jul-2025 15:40:15 UTC] PHP Warning:  The magic method IO_Theme_Templates::__wakeup() must have public visibility in /wordpress/wp-content/plugins/woo-edit-templates/woo-edit-templates.php on line 118
[07-Jul-2025 15:40:15 UTC] PHP Warning:  The magic method IO_Theme_Templates::__wakeup() must have public visibility in /wordpress/wp-content/plugins/woo-edit-templates/woo-edit-templates.php on line 118
[07-Jul-2025 15:40:23 UTC] PHP Warning:  The magic method IO_Theme_Templates::__wakeup() must have public visibility in /wordpress/wp-content/plugins/woo-edit-templates/woo-edit-templates.php on line 118
[07-Jul-2025 15:40:24 UTC] PHP Warning:  The magic method IO_Theme_Templates::__wakeup() must have public visibility in /wordpress/wp-content/plugins/woo-edit-templates/woo-edit-templates.php on line 118
[07-Jul-2025 15:40:33 UTC] PHP Warning:  The magic method IO_Theme_Templates::__wakeup() must have public visibility in /wordpress/wp-content/plugins/woo-edit-templates/woo-edit-templates.php on line 118
[07-Jul-2025 15:40:34 UTC] PHP Warning:  The magic method IO_Theme_Templates::__wakeup() must have public visibility in /wordpress/wp-content/plugins/woo-edit-templates/woo-edit-templates.php on line 118
[07-Jul-2025 15:41:45 UTC] PHP Warning:  include_once(/wordpress/wp-content/plugins/wp-e-commerce/wpsc-includes/merchant.class.php): Failed to open stream: No such file or directory in /wordpress/wp-content/plugins/wp-e-commerce-fat-zebra-plugin/wp-e-commerce-fatzebra.php on line 3
[07-Jul-2025 15:41:45 UTC] PHP Warning:  include_once(): Failed opening '/wordpress/wp-content/plugins/wp-e-commerce/wpsc-includes/merchant.class.php' for inclusion (include_path='.:') in /wordpress/wp-content/plugins/wp-e-commerce-fat-zebra-plugin/wp-e-commerce-fatzebra.php on line 3
[07-Jul-2025 15:41:45 UTC] PHP Warning:  Undefined variable $num in /wordpress/wp-content/plugins/wp-e-commerce-fat-zebra-plugin/wp-e-commerce-fatzebra.php on line 27
[07-Jul-2025 15:41:45 UTC] PHP Fatal error:  Uncaught Error: Class "wpsc_merchant" not found in /wordpress/wp-content/plugins/wp-e-commerce-fat-zebra-plugin/wp-e-commerce-fatzebra.php:133
Stack trace:
#0 /wordpress/wp-admin/includes/plugin.php(2387): include_once()
#1 /wordpress/wp-admin/includes/plugin.php(673): plugin_sandbox_scrape('wp-e-commerce-f...')
#2 /internal/eval.php(20): activate_plugin('wp-e-commerce-f...')
#3 {main}
  thrown in /wordpress/wp-content/plugins/wp-e-commerce-fat-zebra-plugin/wp-e-commerce-fatzebra.php on line 133
[07-Jul-2025 15:41:53 UTC] PHP Warning:  include_once(/wordpress/wp-content/plugins/wp-e-commerce/wpsc-includes/merchant.class.php): Failed to open stream: No such file or directory in /wordpress/wp-content/plugins/wp-e-commerce-fat-zebra-plugin/wp-e-commerce-fatzebra.php on line 3
[07-Jul-2025 15:41:53 UTC] PHP Warning:  include_once(): Failed opening '/wordpress/wp-content/plugins/wp-e-commerce/wpsc-includes/merchant.class.php' for inclusion (include_path='.:') in /wordpress/wp-content/plugins/wp-e-commerce-fat-zebra-plugin/wp-e-commerce-fatzebra.php on line 3
[07-Jul-2025 15:41:53 UTC] PHP Warning:  Undefined variable $num in /wordpress/wp-content/plugins/wp-e-commerce-fat-zebra-plugin/wp-e-commerce-fatzebra.php on line 27
[07-Jul-2025 15:41:53 UTC] PHP Fatal error:  Uncaught Error: Class "wpsc_merchant" not found in /wordpress/wp-content/plugins/wp-e-commerce-fat-zebra-plugin/wp-e-commerce-fatzebra.php:133
Stack trace:
#0 /wordpress/wp-admin/includes/plugin.php(2387): include_once()
#1 /wordpress/wp-admin/includes/plugin.php(673): plugin_sandbox_scrape('wp-e-commerce-f...')
#2 /internal/eval.php(20): activate_plugin('wp-e-commerce-f...')
#3 {main}
  thrown in /wordpress/wp-content/plugins/wp-e-commerce-fat-zebra-plugin/wp-e-commerce-fatzebra.php on line 133
[07-Jul-2025 15:42:02 UTC] PHP Warning:  include_once(/wordpress/wp-content/plugins/wp-e-commerce/wpsc-includes/merchant.class.php): Failed to open stream: No such file or directory in /wordpress/wp-content/plugins/wp-e-commerce-fat-zebra-plugin/wp-e-commerce-fatzebra.php on line 3
[07-Jul-2025 15:42:02 UTC] PHP Warning:  include_once(): Failed opening '/wordpress/wp-content/plugins/wp-e-commerce/wpsc-includes/merchant.class.php' for inclusion (include_path='.:') in /wordpress/wp-content/plugins/wp-e-commerce-fat-zebra-plugin/wp-e-commerce-fatzebra.php on line 3
[07-Jul-2025 15:42:02 UTC] PHP Warning:  Undefined variable $num in /wordpress/wp-content/plugins/wp-e-commerce-fat-zebra-plugin/wp-e-commerce-fatzebra.php on line 27
[07-Jul-2025 15:42:02 UTC] PHP Fatal error:  Uncaught Error: Class "wpsc_merchant" not found in /wordpress/wp-content/plugins/wp-e-commerce-fat-zebra-plugin/wp-e-commerce-fatzebra.php:133
Stack trace:
#0 /wordpress/wp-admin/includes/plugin.php(2387): include_once()
#1 /wordpress/wp-admin/includes/plugin.php(673): plugin_sandbox_scrape('wp-e-commerce-f...')
#2 /internal/eval.php(20): activate_plugin('wp-e-commerce-f...')
#3 {main}
  thrown in /wordpress/wp-content/plugins/wp-e-commerce-fat-zebra-plugin/wp-e-commerce-fatzebra.php on line 133

    at Object.onBind (file:///home/runner/work/playground-tester/playground-tester/node_modules/@wp-playground/cli/run-cli-j-geJYS3.js:325:15)
    at process.processTicksAndRejections (node:internal/process/task_queues:105:5)
    at async re (file:///home/runner/work/playground-tester/playground-tester/node_modules/@wp-playground/cli/run-cli-j-geJYS3.js:149:10) {
  [cause]: Error: Error when executing the blueprint step #5 ({"step":"installPlugin","pluginData":{"resource":"wordpress.org/plugins","slug":"wp-youtube"},"options":{"activate":true}}) : Plugin /wordpress/wp-content/plugins/wp-youtube could not be activated – WordPress exited with no error. Sometimes, when $_SERVER or site options are not configured correctly, WordPress exits early with a 301 redirect. Inspect the "debug" logs in the console for more details.
      at Object.run (file:///home/runner/work/playground-tester/playground-tester/node_modules/@wp-playground/blueprints/index.js:12093:19)
      at process.processTicksAndRejections (node:internal/process/task_queues:105:5)
      at async ys (file:///home/runner/work/playground-tester/playground-tester/node_modules/@wp-playground/blueprints/index.js:12196:3)
      at async Object.onBind (file:///home/runner/work/playground-tester/playground-tester/node_modules/@wp-playground/cli/run-cli-j-geJYS3.js:315:48)
      at async re (file:///home/runner/work/playground-tester/playground-tester/node_modules/@wp-playground/cli/run-cli-j-geJYS3.js:149:10) {
    [cause]: Error: Plugin /wordpress/wp-content/plugins/wp-youtube could not be activated – WordPress exited with no error. Sometimes, when $_SERVER or site options are not configured correctly, WordPress exits early with a 301 redirect. Inspect the "debug" logs in the console for more details.
        at wr (file:///home/runner/work/playground-tester/playground-tester/node_modules/@wp-playground/blueprints/index.js:120:51)
        at process.processTicksAndRejections (node:internal/process/task_queues:105:5)
        at async Object.gt [as installPlugin] (file:///home/runner/work/playground-tester/playground-tester/node_modules/@wp-playground/blueprints/index.js:631:42)
        at async g (file:///home/runner/work/playground-tester/playground-tester/node_modules/@wp-playground/blueprints/index.js:12161:30)
        at async Object.run (file:///home/runner/work/playground-tester/playground-tester/node_modules/@wp-playground/blueprints/index.js:12090:23)
        at async ys (file:///home/runner/work/playground-tester/playground-tester/node_modules/@wp-playground/blueprints/index.js:12196:3)
        at async Object.onBind (file:///home/runner/work/playground-tester/playground-tester/node_modules/@wp-playground/cli/run-cli-j-geJYS3.js:315:48)
        at async re (file:///home/runner/work/playground-tester/playground-tester/node_modules/@wp-playground/cli/run-cli-j-geJYS3.js:149:10)
  }
}

Node.js v23.11.0
