file:///home/runner/work/playground-tester/playground-tester/node_modules/@wp-playground/cli/run-cli-j-geJYS3.js:325
        throw new Error($, { cause: h });
              ^

Error: [11-Jun-2025 11:47:36 UTC] PHP Warning:  The magic method Eliasis\Framework\Controller::__wakeup() must have public visibility in /wordpress/wp-content/plugins/search-inside/vendor/eliasis-framework/eliasis/src/Controller.php on line 61
[11-Jun-2025 11:47:36 UTC] PHP Warning:  The magic method Eliasis\Framework\Model::__wakeup() must have public visibility in /wordpress/wp-content/plugins/search-inside/vendor/eliasis-framework/eliasis/src/Model.php on line 64
[11-Jun-2025 11:47:47 UTC] PHP Warning:  The magic method Eliasis\Framework\Controller::__wakeup() must have public visibility in /wordpress/wp-content/plugins/search-inside/vendor/eliasis-framework/eliasis/src/Controller.php on line 61
[11-Jun-2025 11:47:47 UTC] PHP Warning:  The magic method Eliasis\Framework\Model::__wakeup() must have public visibility in /wordpress/wp-content/plugins/search-inside/vendor/eliasis-framework/eliasis/src/Model.php on line 64
[11-Jun-2025 11:47:58 UTC] PHP Warning:  The magic method Eliasis\Framework\Controller::__wakeup() must have public visibility in /wordpress/wp-content/plugins/search-inside/vendor/eliasis-framework/eliasis/src/Controller.php on line 61
[11-Jun-2025 11:47:58 UTC] PHP Warning:  The magic method Eliasis\Framework\Model::__wakeup() must have public visibility in /wordpress/wp-content/plugins/search-inside/vendor/eliasis-framework/eliasis/src/Model.php on line 64
[11-Jun-2025 11:49:11 UTC] [Squad Modules] [ERROR]: [Missing Divi] Requirements check failed: Divi Installation. Current: Not installed. Expected: Divi theme or Divi Builder plugin must be installed.
[11-Jun-2025 11:49:13 UTC] [Squad Modules] [ERROR]: [Missing Divi] Requirements check failed: Divi Installation. Current: Not installed. Expected: Divi theme or Divi Builder plugin must be installed.
[11-Jun-2025 11:49:18 UTC] [Squad Modules] [ERROR]: [Missing Divi] Requirements check failed: Divi Installation. Current: Not installed. Expected: Divi theme or Divi Builder plugin must be installed.
[11-Jun-2025 11:49:31 UTC] [Squad Modules] [ERROR]: [Missing Divi] Requirements check failed: Divi Installation. Current: Not installed. Expected: Divi theme or Divi Builder plugin must be installed.
[11-Jun-2025 11:49:32 UTC] [Squad Modules] [ERROR]: [Missing Divi] Requirements check failed: Divi Installation. Current: Not installed. Expected: Divi theme or Divi Builder plugin must be installed.
[11-Jun-2025 11:49:37 UTC] [Squad Modules] [ERROR]: [Missing Divi] Requirements check failed: Divi Installation. Current: Not installed. Expected: Divi theme or Divi Builder plugin must be installed.
[11-Jun-2025 11:49:38 UTC] [Squad Modules] [ERROR]: [Missing Divi] Requirements check failed: Divi Installation. Current: Not installed. Expected: Divi theme or Divi Builder plugin must be installed.
[11-Jun-2025 11:49:52 UTC] [Squad Modules] [ERROR]: [Missing Divi] Requirements check failed: Divi Installation. Current: Not installed. Expected: Divi theme or Divi Builder plugin must be installed.
[11-Jun-2025 11:49:54 UTC] [Squad Modules] [ERROR]: [Missing Divi] Requirements check failed: Divi Installation. Current: Not installed. Expected: Divi theme or Divi Builder plugin must be installed.
[11-Jun-2025 11:49:58 UTC] [Squad Modules] [ERROR]: [Missing Divi] Requirements check failed: Divi Installation. Current: Not installed. Expected: Divi theme or Divi Builder plugin must be installed.
[11-Jun-2025 11:49:59 UTC] [Squad Modules] [ERROR]: [Missing Divi] Requirements check failed: Divi Installation. Current: Not installed. Expected: Divi theme or Divi Builder plugin must be installed.
[11-Jun-2025 11:50:10 UTC] PHP Deprecated:  Required parameter $module_name follows optional parameter $per_page in /wordpress/wp-content/plugins/sugarcrmsuitecrm-customer-portal/actions/scp-common-action.php on line 70
[11-Jun-2025 11:50:10 UTC] PHP Deprecated:  Required parameter $order_by follows optional parameter $per_page in /wordpress/wp-content/plugins/sugarcrmsuitecrm-customer-portal/actions/scp-common-action.php on line 70
[11-Jun-2025 11:50:10 UTC] PHP Deprecated:  Required parameter $order follows optional parameter $per_page in /wordpress/wp-content/plugins/sugarcrmsuitecrm-customer-portal/actions/scp-common-action.php on line 70
[11-Jun-2025 11:50:10 UTC] PHP Deprecated:  Required parameter $view follows optional parameter $per_page in /wordpress/wp-content/plugins/sugarcrmsuitecrm-customer-portal/actions/scp-common-action.php on line 70
[11-Jun-2025 11:50:10 UTC] PHP Deprecated:  Required parameter $current_url follows optional parameter $per_page in /wordpress/wp-content/plugins/sugarcrmsuitecrm-customer-portal/actions/scp-common-action.php on line 70
[11-Jun-2025 11:50:10 UTC] PHP Warning:  Undefined array key "email_error" in /wordpress/wp-content/plugins/sugarcrmsuitecrm-customer-portal/actions/scp-common-action.php on line 302
[11-Jun-2025 11:50:10 UTC] PHP Warning:  Undefined array key "logout" in /wordpress/wp-content/plugins/sugarcrmsuitecrm-customer-portal/admin/settings.php on line 424
[11-Jun-2025 11:50:10 UTC] PHP Warning:  Undefined array key "page" in /wordpress/wp-content/plugins/sugarcrmsuitecrm-customer-portal/sugarcrmsuitecrm-customer-portal.php on line 291
[11-Jun-2025 11:50:10 UTC] PHP Warning:  Undefined array key "page" in /wordpress/wp-content/plugins/sugarcrmsuitecrm-customer-portal/sugarcrmsuitecrm-customer-portal.php on line 305
[11-Jun-2025 11:50:10 UTC] PHP Deprecated:  Function get_page_by_title is <strong>deprecated</strong> since version 6.2.0! Use WP_Query instead. in /wordpress/wp-includes/functions.php on line 6121
[11-Jun-2025 11:50:12 UTC] PHP Deprecated:  Required parameter $module_name follows optional parameter $per_page in /wordpress/wp-content/plugins/sugarcrmsuitecrm-customer-portal/actions/scp-common-action.php on line 70
[11-Jun-2025 11:50:12 UTC] PHP Deprecated:  Required parameter $order_by follows optional parameter $per_page in /wordpress/wp-content/plugins/sugarcrmsuitecrm-customer-portal/actions/scp-common-action.php on line 70
[11-Jun-2025 11:50:12 UTC] PHP Deprecated:  Required parameter $order follows optional parameter $per_page in /wordpress/wp-content/plugins/sugarcrmsuitecrm-customer-portal/actions/scp-common-action.php on line 70
[11-Jun-2025 11:50:12 UTC] PHP Deprecated:  Required parameter $view follows optional parameter $per_page in /wordpress/wp-content/plugins/sugarcrmsuitecrm-customer-portal/actions/scp-common-action.php on line 70
[11-Jun-2025 11:50:12 UTC] PHP Deprecated:  Required parameter $current_url follows optional parameter $per_page in /wordpress/wp-content/plugins/sugarcrmsuitecrm-customer-portal/actions/scp-common-action.php on line 70
[11-Jun-2025 11:50:12 UTC] PHP Warning:  Undefined array key "email_error" in /wordpress/wp-content/plugins/sugarcrmsuitecrm-customer-portal/actions/scp-common-action.php on line 302
[11-Jun-2025 11:50:12 UTC] PHP Warning:  Undefined array key "logout" in /wordpress/wp-content/plugins/sugarcrmsuitecrm-customer-portal/admin/settings.php on line 424
[11-Jun-2025 11:50:12 UTC] PHP Warning:  Undefined array key "page" in /wordpress/wp-content/plugins/sugarcrmsuitecrm-customer-portal/sugarcrmsuitecrm-customer-portal.php on line 291
[11-Jun-2025 11:50:12 UTC] PHP Warning:  Undefined array key "page" in /wordpress/wp-content/plugins/sugarcrmsuitecrm-customer-portal/sugarcrmsuitecrm-customer-portal.php on line 305
[11-Jun-2025 11:50:22 UTC] PHP Deprecated:  Required parameter $module_name follows optional parameter $per_page in /wordpress/wp-content/plugins/sugarcrmsuitecrm-customer-portal/actions/scp-common-action.php on line 70
[11-Jun-2025 11:50:22 UTC] PHP Deprecated:  Required parameter $order_by follows optional parameter $per_page in /wordpress/wp-content/plugins/sugarcrmsuitecrm-customer-portal/actions/scp-common-action.php on line 70
[11-Jun-2025 11:50:22 UTC] PHP Deprecated:  Required parameter $order follows optional parameter $per_page in /wordpress/wp-content/plugins/sugarcrmsuitecrm-customer-portal/actions/scp-common-action.php on line 70
[11-Jun-2025 11:50:22 UTC] PHP Deprecated:  Required parameter $view follows optional parameter $per_page in /wordpress/wp-content/plugins/sugarcrmsuitecrm-customer-portal/actions/scp-common-action.php on line 70
[11-Jun-2025 11:50:22 UTC] PHP Deprecated:  Required parameter $current_url follows optional parameter $per_page in /wordpress/wp-content/plugins/sugarcrmsuitecrm-customer-portal/actions/scp-common-action.php on line 70
[11-Jun-2025 11:50:22 UTC] PHP Warning:  Undefined array key "email_error" in /wordpress/wp-content/plugins/sugarcrmsuitecrm-customer-portal/actions/scp-common-action.php on line 302
[11-Jun-2025 11:50:22 UTC] PHP Warning:  Undefined array key "logout" in /wordpress/wp-content/plugins/sugarcrmsuitecrm-customer-portal/admin/settings.php on line 424
[11-Jun-2025 11:50:22 UTC] PHP Warning:  Undefined array key "page" in /wordpress/wp-content/plugins/sugarcrmsuitecrm-customer-portal/sugarcrmsuitecrm-customer-portal.php on line 291
[11-Jun-2025 11:50:22 UTC] PHP Warning:  Undefined array key "page" in /wordpress/wp-content/plugins/sugarcrmsuitecrm-customer-portal/sugarcrmsuitecrm-customer-portal.php on line 305
[11-Jun-2025 11:50:22 UTC] PHP Deprecated:  Function get_page_by_title is <strong>deprecated</strong> since version 6.2.0! Use WP_Query instead. in /wordpress/wp-includes/functions.php on line 6121
[11-Jun-2025 11:50:23 UTC] PHP Deprecated:  Required parameter $module_name follows optional parameter $per_page in /wordpress/wp-content/plugins/sugarcrmsuitecrm-customer-portal/actions/scp-common-action.php on line 70
[11-Jun-2025 11:50:23 UTC] PHP Deprecated:  Required parameter $order_by follows optional parameter $per_page in /wordpress/wp-content/plugins/sugarcrmsuitecrm-customer-portal/actions/scp-common-action.php on line 70
[11-Jun-2025 11:50:23 UTC] PHP Deprecated:  Required parameter $order follows optional parameter $per_page in /wordpress/wp-content/plugins/sugarcrmsuitecrm-customer-portal/actions/scp-common-action.php on line 70
[11-Jun-2025 11:50:23 UTC] PHP Deprecated:  Required parameter $view follows optional parameter $per_page in /wordpress/wp-content/plugins/sugarcrmsuitecrm-customer-portal/actions/scp-common-action.php on line 70
[11-Jun-2025 11:50:23 UTC] PHP Deprecated:  Required parameter $current_url follows optional parameter $per_page in /wordpress/wp-content/plugins/sugarcrmsuitecrm-customer-portal/actions/scp-common-action.php on line 70
[11-Jun-2025 11:50:23 UTC] PHP Warning:  Undefined array key "email_error" in /wordpress/wp-content/plugins/sugarcrmsuitecrm-customer-portal/actions/scp-common-action.php on line 302
[11-Jun-2025 11:50:23 UTC] PHP Warning:  Undefined array key "logout" in /wordpress/wp-content/plugins/sugarcrmsuitecrm-customer-portal/admin/settings.php on line 424
[11-Jun-2025 11:50:23 UTC] PHP Warning:  Undefined array key "page" in /wordpress/wp-content/plugins/sugarcrmsuitecrm-customer-portal/sugarcrmsuitecrm-customer-portal.php on line 291
[11-Jun-2025 11:50:23 UTC] PHP Warning:  Undefined array key "page" in /wordpress/wp-content/plugins/sugarcrmsuitecrm-customer-portal/sugarcrmsuitecrm-customer-portal.php on line 305
[11-Jun-2025 11:50:33 UTC] PHP Deprecated:  Required parameter $module_name follows optional parameter $per_page in /wordpress/wp-content/plugins/sugarcrmsuitecrm-customer-portal/actions/scp-common-action.php on line 70
[11-Jun-2025 11:50:33 UTC] PHP Deprecated:  Required parameter $order_by follows optional parameter $per_page in /wordpress/wp-content/plugins/sugarcrmsuitecrm-customer-portal/actions/scp-common-action.php on line 70
[11-Jun-2025 11:50:33 UTC] PHP Deprecated:  Required parameter $order follows optional parameter $per_page in /wordpress/wp-content/plugins/sugarcrmsuitecrm-customer-portal/actions/scp-common-action.php on line 70
[11-Jun-2025 11:50:33 UTC] PHP Deprecated:  Required parameter $view follows optional parameter $per_page in /wordpress/wp-content/plugins/sugarcrmsuitecrm-customer-portal/actions/scp-common-action.php on line 70
[11-Jun-2025 11:50:33 UTC] PHP Deprecated:  Required parameter $current_url follows optional parameter $per_page in /wordpress/wp-content/plugins/sugarcrmsuitecrm-customer-portal/actions/scp-common-action.php on line 70
[11-Jun-2025 11:50:33 UTC] PHP Warning:  Undefined array key "email_error" in /wordpress/wp-content/plugins/sugarcrmsuitecrm-customer-portal/actions/scp-common-action.php on line 302
[11-Jun-2025 11:50:33 UTC] PHP Warning:  Undefined array key "logout" in /wordpress/wp-content/plugins/sugarcrmsuitecrm-customer-portal/admin/settings.php on line 424
[11-Jun-2025 11:50:33 UTC] PHP Warning:  Undefined array key "page" in /wordpress/wp-content/plugins/sugarcrmsuitecrm-customer-portal/sugarcrmsuitecrm-customer-portal.php on line 291
[11-Jun-2025 11:50:33 UTC] PHP Warning:  Undefined array key "page" in /wordpress/wp-content/plugins/sugarcrmsuitecrm-customer-portal/sugarcrmsuitecrm-customer-portal.php on line 305
[11-Jun-2025 11:50:33 UTC] PHP Deprecated:  Function get_page_by_title is <strong>deprecated</strong> since version 6.2.0! Use WP_Query instead. in /wordpress/wp-includes/functions.php on line 6121
[11-Jun-2025 11:50:34 UTC] PHP Deprecated:  Required parameter $module_name follows optional parameter $per_page in /wordpress/wp-content/plugins/sugarcrmsuitecrm-customer-portal/actions/scp-common-action.php on line 70
[11-Jun-2025 11:50:34 UTC] PHP Deprecated:  Required parameter $order_by follows optional parameter $per_page in /wordpress/wp-content/plugins/sugarcrmsuitecrm-customer-portal/actions/scp-common-action.php on line 70
[11-Jun-2025 11:50:34 UTC] PHP Deprecated:  Required parameter $order follows optional parameter $per_page in /wordpress/wp-content/plugins/sugarcrmsuitecrm-customer-portal/actions/scp-common-action.php on line 70
[11-Jun-2025 11:50:34 UTC] PHP Deprecated:  Required parameter $view follows optional parameter $per_page in /wordpress/wp-content/plugins/sugarcrmsuitecrm-customer-portal/actions/scp-common-action.php on line 70
[11-Jun-2025 11:50:34 UTC] PHP Deprecated:  Required parameter $current_url follows optional parameter $per_page in /wordpress/wp-content/plugins/sugarcrmsuitecrm-customer-portal/actions/scp-common-action.php on line 70
[11-Jun-2025 11:50:34 UTC] PHP Warning:  Undefined array key "email_error" in /wordpress/wp-content/plugins/sugarcrmsuitecrm-customer-portal/actions/scp-common-action.php on line 302
[11-Jun-2025 11:50:34 UTC] PHP Warning:  Undefined array key "logout" in /wordpress/wp-content/plugins/sugarcrmsuitecrm-customer-portal/admin/settings.php on line 424
[11-Jun-2025 11:50:34 UTC] PHP Warning:  Undefined array key "page" in /wordpress/wp-content/plugins/sugarcrmsuitecrm-customer-portal/sugarcrmsuitecrm-customer-portal.php on line 291
[11-Jun-2025 11:50:34 UTC] PHP Warning:  Undefined array key "page" in /wordpress/wp-content/plugins/sugarcrmsuitecrm-customer-portal/sugarcrmsuitecrm-customer-portal.php on line 305
[11-Jun-2025 11:51:06 UTC] PHP Warning:  Undefined property: Superior_FAQ::$version_field_name in /wordpress/wp-content/plugins/superior-faq/superior-faq.php on line 885
[11-Jun-2025 11:51:06 UTC] PHP Warning:  Undefined property: Superior_FAQ::$version in /wordpress/wp-content/plugins/superior-faq/superior-faq.php on line 885
[11-Jun-2025 11:51:16 UTC] PHP Warning:  Undefined property: Superior_FAQ::$version_field_name in /wordpress/wp-content/plugins/superior-faq/superior-faq.php on line 885
[11-Jun-2025 11:51:16 UTC] PHP Warning:  Undefined property: Superior_FAQ::$version in /wordpress/wp-content/plugins/superior-faq/superior-faq.php on line 885
[11-Jun-2025 11:51:25 UTC] PHP Warning:  Undefined property: Superior_FAQ::$version_field_name in /wordpress/wp-content/plugins/superior-faq/superior-faq.php on line 885
[11-Jun-2025 11:51:25 UTC] PHP Warning:  Undefined property: Superior_FAQ::$version in /wordpress/wp-content/plugins/superior-faq/superior-faq.php on line 885
[11-Jun-2025 11:53:28 UTC] PHP Parse error:  syntax error, unexpected token "new" in /wordpress/wp-content/plugins/shop86/models/core.php on line 494
[11-Jun-2025 11:53:37 UTC] PHP Parse error:  syntax error, unexpected token "new" in /wordpress/wp-content/plugins/shop86/models/core.php on line 494
[11-Jun-2025 11:53:46 UTC] PHP Parse error:  syntax error, unexpected token "new" in /wordpress/wp-content/plugins/shop86/models/core.php on line 494

    at Object.onBind (file:///home/runner/work/playground-tester/playground-tester/node_modules/@wp-playground/cli/run-cli-j-geJYS3.js:325:15)
    at process.processTicksAndRejections (node:internal/process/task_queues:105:5)
    at async re (file:///home/runner/work/playground-tester/playground-tester/node_modules/@wp-playground/cli/run-cli-j-geJYS3.js:149:10) {
  [cause]: Error: Error when executing the blueprint step #5 ({"step":"installPlugin","pluginData":{"resource":"wordpress.org/plugins","slug":"short-and-tweet"},"options":{"activate":true}}) : Could not download "https://downloads.wordpress.org/plugin/short-and-tweet.latest-stable.zip".
  				Check if the URL is correct and the server is reachable.
  				If it is reachable, the server might be blocking the request.
  				Check the browser console and network tabs for more information.
  
  				## Does the console show the error "No 'Access-Control-Allow-Origin' header"?
  
  				This means the server that hosts your file does not allow requests from other sites
  				(cross-origin requests, or CORS).	You need to move the asset to a server that allows
  				cross-origin file downloads. Learn more about CORS at
  				https://developer.mozilla.org/en-US/docs/Web/HTTP/CORS.
  
  				If your file is on GitHub, load it from "raw.githubusercontent.com".
  				Here's how to do that:
  
  				1. Start with the original GitHub URL of the file. For example:
  				https://github.com/username/repository/blob/branch/filename.
  				2. Replace "github.com" with "raw.githubusercontent.com".
  				3. Remove the "/blob/" part of the URL.
  
  				The resulting URL should look like this:
  				https://raw.githubusercontent.com/username/repository/branch/filename
  
  				Error:
  				Error: Could not download "https://downloads.wordpress.org/plugin/short-and-tweet.latest-stable.zip"
      at Object.run (file:///home/runner/work/playground-tester/playground-tester/node_modules/@wp-playground/blueprints/index.js:12093:19)
      at process.processTicksAndRejections (node:internal/process/task_queues:105:5)
      at async ys (file:///home/runner/work/playground-tester/playground-tester/node_modules/@wp-playground/blueprints/index.js:12196:3)
      at async Object.onBind (file:///home/runner/work/playground-tester/playground-tester/node_modules/@wp-playground/cli/run-cli-j-geJYS3.js:315:48)
      at async re (file:///home/runner/work/playground-tester/playground-tester/node_modules/@wp-playground/cli/run-cli-j-geJYS3.js:149:10) {
    [cause]: Error: Could not download "https://downloads.wordpress.org/plugin/short-and-tweet.latest-stable.zip".
    				Check if the URL is correct and the server is reachable.
    				If it is reachable, the server might be blocking the request.
    				Check the browser console and network tabs for more information.
    
    				## Does the console show the error "No 'Access-Control-Allow-Origin' header"?
    
    				This means the server that hosts your file does not allow requests from other sites
    				(cross-origin requests, or CORS).	You need to move the asset to a server that allows
    				cross-origin file downloads. Learn more about CORS at
    				https://developer.mozilla.org/en-US/docs/Web/HTTP/CORS.
    
    				If your file is on GitHub, load it from "raw.githubusercontent.com".
    				Here's how to do that:
    
    				1. Start with the original GitHub URL of the file. For example:
    				https://github.com/username/repository/blob/branch/filename.
    				2. Replace "github.com" with "raw.githubusercontent.com".
    				3. Remove the "/blob/" part of the URL.
    
    				The resulting URL should look like this:
    				https://raw.githubusercontent.com/username/repository/branch/filename
    
    				Error:
    				Error: Could not download "https://downloads.wordpress.org/plugin/short-and-tweet.latest-stable.zip"
        at Ct.resolve (file:///home/runner/work/playground-tester/playground-tester/node_modules/@wp-playground/blueprints/index.js:1129:13)
        at process.processTicksAndRejections (node:internal/process/task_queues:105:5)
        at async _.run (file:///home/runner/work/playground-tester/playground-tester/node_modules/@php-wasm/util/index.js:45:14)
  }
}

Node.js v23.11.0
