file:///home/runner/work/playground-tester/playground-tester/node_modules/@wp-playground/cli/run-cli-j-geJYS3.js:325
        throw new Error($, { cause: h });
              ^

Error: [09-Jun-2025 13:56:20 UTC] PHP Warning:  Undefined array key "REMOTE_ADDR" in /wordpress/wp-content/plugins/bsecure-give/includes/class-bsecure-give.php on line 377
[09-Jun-2025 13:56:20 UTC] PHP Fatal error:  bSecure Give plugin required Give plugin to be installed and activate. in /wordpress/wp-content/plugins/bsecure-give/bsecure-give.php on line 613
[09-Jun-2025 13:56:29 UTC] PHP Warning:  Undefined array key "REMOTE_ADDR" in /wordpress/wp-content/plugins/bsecure-give/includes/class-bsecure-give.php on line 377
[09-Jun-2025 13:56:29 UTC] PHP Fatal error:  bSecure Give plugin required Give plugin to be installed and activate. in /wordpress/wp-content/plugins/bsecure-give/bsecure-give.php on line 613
[09-Jun-2025 13:56:38 UTC] PHP Warning:  Undefined array key "REMOTE_ADDR" in /wordpress/wp-content/plugins/bsecure-give/includes/class-bsecure-give.php on line 377
[09-Jun-2025 13:56:38 UTC] PHP Fatal error:  bSecure Give plugin required Give plugin to be installed and activate. in /wordpress/wp-content/plugins/bsecure-give/bsecure-give.php on line 613
[09-Jun-2025 13:58:48 UTC] PHP Warning:  Trying to access array offset on value of type bool in /wordpress/wp-content/plugins/1-for-wordpress/wp-plusone.php on line 29
[09-Jun-2025 13:58:48 UTC] PHP Warning:  Undefined variable $plusone_options in /wordpress/wp-content/plugins/1-for-wordpress/wp-plusone.php on line 115
[09-Jun-2025 13:58:48 UTC] PHP Warning:  Undefined array key "action" in /wordpress/wp-content/plugins/1-for-wordpress/wp-plusone.php on line 118
[09-Jun-2025 13:58:49 UTC] PHP Fatal error:  Uncaught TypeError: Cannot access offset of type string on string in /wordpress/wp-content/plugins/1-for-wordpress/wp-plusone.php:29
Stack trace:
#0 /wordpress/wp-content/plugins/1-for-wordpress/wp-plusone.php(36): activate_plusone()
#1 /wordpress/wp-settings.php(545): include_once('/wordpress/wp-c...')
#2 /wordpress/wp-config.php(102): require_once('/wordpress/wp-s...')
#3 /wordpress/wp-load.php(50): require_once('/wordpress/wp-c...')
#4 /internal/eval.php(3): require_once('/wordpress/wp-l...')
#5 {main}
  thrown in /wordpress/wp-content/plugins/1-for-wordpress/wp-plusone.php on line 29
[09-Jun-2025 13:58:58 UTC] PHP Warning:  Trying to access array offset on value of type bool in /wordpress/wp-content/plugins/1-for-wordpress/wp-plusone.php on line 29
[09-Jun-2025 13:58:58 UTC] PHP Warning:  Undefined variable $plusone_options in /wordpress/wp-content/plugins/1-for-wordpress/wp-plusone.php on line 115
[09-Jun-2025 13:58:58 UTC] PHP Warning:  Undefined array key "action" in /wordpress/wp-content/plugins/1-for-wordpress/wp-plusone.php on line 118
[09-Jun-2025 13:58:59 UTC] PHP Fatal error:  Uncaught TypeError: Cannot access offset of type string on string in /wordpress/wp-content/plugins/1-for-wordpress/wp-plusone.php:29
Stack trace:
#0 /wordpress/wp-content/plugins/1-for-wordpress/wp-plusone.php(36): activate_plusone()
#1 /wordpress/wp-settings.php(545): include_once('/wordpress/wp-c...')
#2 /wordpress/wp-config.php(102): require_once('/wordpress/wp-s...')
#3 /wordpress/wp-load.php(50): require_once('/wordpress/wp-c...')
#4 /internal/eval.php(3): require_once('/wordpress/wp-l...')
#5 {main}
  thrown in /wordpress/wp-content/plugins/1-for-wordpress/wp-plusone.php on line 29
[09-Jun-2025 13:59:08 UTC] PHP Warning:  Trying to access array offset on value of type bool in /wordpress/wp-content/plugins/1-for-wordpress/wp-plusone.php on line 29
[09-Jun-2025 13:59:08 UTC] PHP Warning:  Undefined variable $plusone_options in /wordpress/wp-content/plugins/1-for-wordpress/wp-plusone.php on line 115
[09-Jun-2025 13:59:08 UTC] PHP Warning:  Undefined array key "action" in /wordpress/wp-content/plugins/1-for-wordpress/wp-plusone.php on line 118
[09-Jun-2025 13:59:08 UTC] PHP Fatal error:  Uncaught TypeError: Cannot access offset of type string on string in /wordpress/wp-content/plugins/1-for-wordpress/wp-plusone.php:29
Stack trace:
#0 /wordpress/wp-content/plugins/1-for-wordpress/wp-plusone.php(36): activate_plusone()
#1 /wordpress/wp-settings.php(545): include_once('/wordpress/wp-c...')
#2 /wordpress/wp-config.php(102): require_once('/wordpress/wp-s...')
#3 /wordpress/wp-load.php(50): require_once('/wordpress/wp-c...')
#4 /internal/eval.php(3): require_once('/wordpress/wp-l...')
#5 {main}
  thrown in /wordpress/wp-content/plugins/1-for-wordpress/wp-plusone.php on line 29
[09-Jun-2025 14:01:12 UTC] PHP Notice:  Function _load_textdomain_just_in_time was called <strong>incorrectly</strong>. Translation loading for the <code>123rf</code> domain was triggered too early. This is usually an indicator for some code in the plugin or theme running too early. Translations should be loaded at the <code>init</code> action or later. Please see <a href="https://developer.wordpress.org/advanced-administration/debug/debug-wordpress/">Debugging in WordPress</a> for more information. (This message was added in version 6.7.0.) in /wordpress/wp-includes/functions.php on line 6121
[09-Jun-2025 14:01:22 UTC] PHP Notice:  Function _load_textdomain_just_in_time was called <strong>incorrectly</strong>. Translation loading for the <code>123rf</code> domain was triggered too early. This is usually an indicator for some code in the plugin or theme running too early. Translations should be loaded at the <code>init</code> action or later. Please see <a href="https://developer.wordpress.org/advanced-administration/debug/debug-wordpress/">Debugging in WordPress</a> for more information. (This message was added in version 6.7.0.) in /wordpress/wp-includes/functions.php on line 6121
[09-Jun-2025 14:01:33 UTC] PHP Notice:  Function _load_textdomain_just_in_time was called <strong>incorrectly</strong>. Translation loading for the <code>123rf</code> domain was triggered too early. This is usually an indicator for some code in the plugin or theme running too early. Translations should be loaded at the <code>init</code> action or later. Please see <a href="https://developer.wordpress.org/advanced-administration/debug/debug-wordpress/">Debugging in WordPress</a> for more information. (This message was added in version 6.7.0.) in /wordpress/wp-includes/functions.php on line 6121
[09-Jun-2025 14:03:49 UTC] PHP Notice:  Function wp_enqueue_script was called <strong>incorrectly</strong>. Scripts and styles should not be registered or enqueued until the <code>wp_enqueue_scripts</code>, <code>admin_enqueue_scripts</code>, or <code>login_enqueue_scripts</code> hooks. This notice was triggered by the <code>jquery-validate</code> handle. Please see <a href="https://developer.wordpress.org/advanced-administration/debug/debug-wordpress/">Debugging in WordPress</a> for more information. (This message was added in version 3.3.0.) in /wordpress/wp-includes/functions.php on line 6121
[09-Jun-2025 14:03:49 UTC] PHP Notice:  Function wp_enqueue_script was called <strong>incorrectly</strong>. Scripts and styles should not be registered or enqueued until the <code>wp_enqueue_scripts</code>, <code>admin_enqueue_scripts</code>, or <code>login_enqueue_scripts</code> hooks. This notice was triggered by the <code>oneshop-validate</code> handle. Please see <a href="https://developer.wordpress.org/advanced-administration/debug/debug-wordpress/">Debugging in WordPress</a> for more information. (This message was added in version 3.3.0.) in /wordpress/wp-includes/functions.php on line 6121
[09-Jun-2025 14:03:49 UTC] PHP Deprecated:  Function register_sidebar_widget is <strong>deprecated</strong> since version 2.8.0! Use wp_register_sidebar_widget() instead. in /wordpress/wp-includes/functions.php on line 6121
[09-Jun-2025 14:04:01 UTC] PHP Notice:  Function wp_enqueue_script was called <strong>incorrectly</strong>. Scripts and styles should not be registered or enqueued until the <code>wp_enqueue_scripts</code>, <code>admin_enqueue_scripts</code>, or <code>login_enqueue_scripts</code> hooks. This notice was triggered by the <code>jquery-validate</code> handle. Please see <a href="https://developer.wordpress.org/advanced-administration/debug/debug-wordpress/">Debugging in WordPress</a> for more information. (This message was added in version 3.3.0.) in /wordpress/wp-includes/functions.php on line 6121
[09-Jun-2025 14:04:01 UTC] PHP Notice:  Function wp_enqueue_script was called <strong>incorrectly</strong>. Scripts and styles should not be registered or enqueued until the <code>wp_enqueue_scripts</code>, <code>admin_enqueue_scripts</code>, or <code>login_enqueue_scripts</code> hooks. This notice was triggered by the <code>oneshop-validate</code> handle. Please see <a href="https://developer.wordpress.org/advanced-administration/debug/debug-wordpress/">Debugging in WordPress</a> for more information. (This message was added in version 3.3.0.) in /wordpress/wp-includes/functions.php on line 6121
[09-Jun-2025 14:04:01 UTC] PHP Deprecated:  Function register_sidebar_widget is <strong>deprecated</strong> since version 2.8.0! Use wp_register_sidebar_widget() instead. in /wordpress/wp-includes/functions.php on line 6121
[09-Jun-2025 14:04:13 UTC] PHP Notice:  Function wp_enqueue_script was called <strong>incorrectly</strong>. Scripts and styles should not be registered or enqueued until the <code>wp_enqueue_scripts</code>, <code>admin_enqueue_scripts</code>, or <code>login_enqueue_scripts</code> hooks. This notice was triggered by the <code>jquery-validate</code> handle. Please see <a href="https://developer.wordpress.org/advanced-administration/debug/debug-wordpress/">Debugging in WordPress</a> for more information. (This message was added in version 3.3.0.) in /wordpress/wp-includes/functions.php on line 6121
[09-Jun-2025 14:04:13 UTC] PHP Notice:  Function wp_enqueue_script was called <strong>incorrectly</strong>. Scripts and styles should not be registered or enqueued until the <code>wp_enqueue_scripts</code>, <code>admin_enqueue_scripts</code>, or <code>login_enqueue_scripts</code> hooks. This notice was triggered by the <code>oneshop-validate</code> handle. Please see <a href="https://developer.wordpress.org/advanced-administration/debug/debug-wordpress/">Debugging in WordPress</a> for more information. (This message was added in version 3.3.0.) in /wordpress/wp-includes/functions.php on line 6121
[09-Jun-2025 14:04:13 UTC] PHP Deprecated:  Function register_sidebar_widget is <strong>deprecated</strong> since version 2.8.0! Use wp_register_sidebar_widget() instead. in /wordpress/wp-includes/functions.php on line 6121
[09-Jun-2025 14:06:25 UTC] PHP Warning:  Undefined property: FAQ::$location in /wordpress/wp-content/plugins/bullet-faqs/bullet_faqs.php on line 40
[09-Jun-2025 14:06:34 UTC] PHP Warning:  Undefined property: FAQ::$location in /wordpress/wp-content/plugins/bullet-faqs/bullet_faqs.php on line 40
[09-Jun-2025 14:06:44 UTC] PHP Warning:  Undefined property: FAQ::$location in /wordpress/wp-content/plugins/bullet-faqs/bullet_faqs.php on line 40
[09-Jun-2025 14:07:24 UTC] PHP Fatal error:  Uncaught PDOException: SQLSTATE[HY000] [2002] Address family not supported by protocol in /wordpress/wp-content/plugins/bots-master/vendor/webxid/edmo/src/DB/Query.php:108
Stack trace:
#0 /wordpress/wp-content/plugins/bots-master/vendor/webxid/edmo/src/DB/Query.php(108): PDO->__construct('mysql:host=loca...', 'username_here', 'password_here', Array)
#1 /wordpress/wp-content/plugins/bots-master/vendor/webxid/edmo/src/DB.php(128): WebXID\EDMo\DB\Query::init('default', Array, false)
#2 /wordpress/wp-content/plugins/bots-master/vendor/webxid/edmo/src/DB.php(186): WebXID\EDMo\DB::connect()
#3 /wordpress/wp-content/plugins/bots-master/app/BotsMaster.php(147): WebXID\EDMo\DB::query('\n            CR...')
#4 /wordpress/wp-includes/class-wp-hook.php(324): WebXID\BotsMaster\BotsMaster->pluginActivation(false)
#5 /wordpress/wp-includes/class-wp-hook.php(348): WP_Hook->apply_filters('', Array)
#6 /wordpress/wp-includes/plugin.php(517): WP_Hook->do_action(Array)
#7 /wordpress/wp-admin/includes/plugin.php(703): do_action(' in /wordpress/wp-content/plugins/bots-master/vendor/webxid/edmo/src/DB/Query.php on line 108
[09-Jun-2025 14:07:34 UTC] PHP Fatal error:  Uncaught PDOException: SQLSTATE[HY000] [2002] Address family not supported by protocol in /wordpress/wp-content/plugins/bots-master/vendor/webxid/edmo/src/DB/Query.php:108
Stack trace:
#0 /wordpress/wp-content/plugins/bots-master/vendor/webxid/edmo/src/DB/Query.php(108): PDO->__construct('mysql:host=loca...', 'username_here', 'password_here', Array)
#1 /wordpress/wp-content/plugins/bots-master/vendor/webxid/edmo/src/DB.php(128): WebXID\EDMo\DB\Query::init('default', Array, false)
#2 /wordpress/wp-content/plugins/bots-master/vendor/webxid/edmo/src/DB.php(186): WebXID\EDMo\DB::connect()
#3 /wordpress/wp-content/plugins/bots-master/app/BotsMaster.php(147): WebXID\EDMo\DB::query('\n            CR...')
#4 /wordpress/wp-includes/class-wp-hook.php(324): WebXID\BotsMaster\BotsMaster->pluginActivation(false)
#5 /wordpress/wp-includes/class-wp-hook.php(348): WP_Hook->apply_filters('', Array)
#6 /wordpress/wp-includes/plugin.php(517): WP_Hook->do_action(Array)
#7 /wordpress/wp-admin/includes/plugin.php(703): do_action(' in /wordpress/wp-content/plugins/bots-master/vendor/webxid/edmo/src/DB/Query.php on line 108
[09-Jun-2025 14:07:44 UTC] PHP Fatal error:  Uncaught PDOException: SQLSTATE[HY000] [2002] Address family not supported by protocol in /wordpress/wp-content/plugins/bots-master/vendor/webxid/edmo/src/DB/Query.php:108
Stack trace:
#0 /wordpress/wp-content/plugins/bots-master/vendor/webxid/edmo/src/DB/Query.php(108): PDO->__construct('mysql:host=loca...', 'username_here', 'password_here', Array)
#1 /wordpress/wp-content/plugins/bots-master/vendor/webxid/edmo/src/DB.php(128): WebXID\EDMo\DB\Query::init('default', Array, false)
#2 /wordpress/wp-content/plugins/bots-master/vendor/webxid/edmo/src/DB.php(186): WebXID\EDMo\DB::connect()
#3 /wordpress/wp-content/plugins/bots-master/app/BotsMaster.php(147): WebXID\EDMo\DB::query('\n            CR...')
#4 /wordpress/wp-includes/class-wp-hook.php(324): WebXID\BotsMaster\BotsMaster->pluginActivation(false)
#5 /wordpress/wp-includes/class-wp-hook.php(348): WP_Hook->apply_filters('', Array)
#6 /wordpress/wp-includes/plugin.php(517): WP_Hook->do_action(Array)
#7 /wordpress/wp-admin/includes/plugin.php(703): do_action(' in /wordpress/wp-content/plugins/bots-master/vendor/webxid/edmo/src/DB/Query.php on line 108
[09-Jun-2025 14:08:26 UTC] PHP Fatal error:  Unparenthesized `a ? b : c ? d : e` is not supported. Use either `(a ? b : c) ? d : e` or `a ? b : (c ? d : e)` in /wordpress/wp-content/plugins/bravo-security/includes/functions.php on line 103

    at Object.onBind (file:///home/runner/work/playground-tester/playground-tester/node_modules/@wp-playground/cli/run-cli-j-geJYS3.js:325:15)
    at process.processTicksAndRejections (node:internal/process/task_queues:105:5)
    at async re (file:///home/runner/work/playground-tester/playground-tester/node_modules/@wp-playground/cli/run-cli-j-geJYS3.js:149:10) {
  [cause]: Error: Error when executing the blueprint step #5 ({"step":"installPlugin","pluginData":{"resource":"wordpress.org/plugins","slug":"bravo-security"},"options":{"activate":true}}) : PHP.run() failed with exit code 255 and the following output: 
      at Object.run (file:///home/runner/work/playground-tester/playground-tester/node_modules/@wp-playground/blueprints/index.js:12093:19)
      at process.processTicksAndRejections (node:internal/process/task_queues:105:5)
      at async ys (file:///home/runner/work/playground-tester/playground-tester/node_modules/@wp-playground/blueprints/index.js:12196:3)
      at async Object.onBind (file:///home/runner/work/playground-tester/playground-tester/node_modules/@wp-playground/cli/run-cli-j-geJYS3.js:315:48)
      at async re (file:///home/runner/work/playground-tester/playground-tester/node_modules/@wp-playground/cli/run-cli-j-geJYS3.js:149:10) {
    [cause]: PHPExecutionFailureError: PHP.run() failed with exit code 255 and the following output: 
        at PHP.run (file:///home/runner/work/playground-tester/playground-tester/node_modules/@php-wasm/universal/index.js:1034:19)
        at process.processTicksAndRejections (node:internal/process/task_queues:105:5)
        at async wr (file:///home/runner/work/playground-tester/playground-tester/node_modules/@wp-playground/blueprints/index.js:34:39)
        at async Object.gt [as installPlugin] (file:///home/runner/work/playground-tester/playground-tester/node_modules/@wp-playground/blueprints/index.js:631:42)
        at async g (file:///home/runner/work/playground-tester/playground-tester/node_modules/@wp-playground/blueprints/index.js:12161:30)
        at async Object.run (file:///home/runner/work/playground-tester/playground-tester/node_modules/@wp-playground/blueprints/index.js:12090:23)
        at async ys (file:///home/runner/work/playground-tester/playground-tester/node_modules/@wp-playground/blueprints/index.js:12196:3)
        at async Object.onBind (file:///home/runner/work/playground-tester/playground-tester/node_modules/@wp-playground/cli/run-cli-j-geJYS3.js:315:48)
        at async re (file:///home/runner/work/playground-tester/playground-tester/node_modules/@wp-playground/cli/run-cli-j-geJYS3.js:149:10) {
      response: PHPResponse {
        httpStatusCode: 500,
        headers: {
          'x-powered-by': [ 'PHP/8.0.30-dev' ],
          'content-type': [ 'text/html; charset=UTF-8' ]
        },
        bytes: Uint8Array(0) [],
        exitCode: 255,
        errors: ''
      },
      source: 'request'
    }
  }
}

Node.js v23.11.0
