[
{"message":"file:///home/runner/work/playground-tester/playground-tester/node_modules/@wp-playground/cli/index.js:237\n        throw new Error(y, { cause: u });\n              ^\n","level":"FATAL","type":"PLAYGROUND","test":"asyncify-boot","plugin":"quick-review-post-access","details":"file:///home/runner/work/playground-tester/playground-tester/node_modules/@wp-playground/cli/index.js:237\n        throw new Error(y, { cause: u });\n              ^\n","log":"/tmp/tmp.pyY31UtnGQ"}
,
{"message":"Function load_plugin_textdomain was called with an argument that is <strong>deprecated</strong> since version 2.7.0 with no alternative available. in /wordpress/wp-includes/functions.php on line 6121","level":"DEPRECATED","type":"PHP","test":"asyncify-boot","plugin":"quick-review-post-access","details":"[03-Jun-2025 07:49:21 UTC] PHP Deprecated:  Function load_plugin_textdomain was called with an argument that is <strong>deprecated</strong> since version 2.7.0 with no alternative available. in /wordpress/wp-includes/functions.php on line 6121","log":"/logs/plugins/q/quick-review-post-access/error.json"}
,
{"message":"Undefined variable $wpdb in /wordpress/wp-content/plugins/repost/repost.php on line 31","level":"WARNING","type":"PHP","test":"asyncify-boot","plugin":"quick-review-post-access","details":"[03-Jun-2025 07:49:21 UTC] PHP Warning:  Undefined variable $wpdb in /wordpress/wp-content/plugins/repost/repost.php on line 31","log":"/logs/plugins/q/quick-review-post-access/error.json"}
,
{"message":"Attempt to read property \"prefix\" on null in /wordpress/wp-content/plugins/repost/repost.php on line 31","level":"WARNING","type":"PHP","test":"asyncify-boot","plugin":"quick-review-post-access","details":"[03-Jun-2025 07:49:21 UTC] PHP Warning:  Attempt to read property \"prefix\" on null in /wordpress/wp-content/plugins/repost/repost.php on line 31","log":"/logs/plugins/q/quick-review-post-access/error.json"}
,
{"message":"Undefined variable $wpdb in /wordpress/wp-content/plugins/repost/repost.php on line 32","level":"WARNING","type":"PHP","test":"asyncify-boot","plugin":"quick-review-post-access","details":"[03-Jun-2025 07:49:21 UTC] PHP Warning:  Undefined variable $wpdb in /wordpress/wp-content/plugins/repost/repost.php on line 32","log":"/logs/plugins/q/quick-review-post-access/error.json"}
,
{"message":"Attempt to read property \"prefix\" on null in /wordpress/wp-content/plugins/repost/repost.php on line 32","level":"WARNING","type":"PHP","test":"asyncify-boot","plugin":"quick-review-post-access","details":"[03-Jun-2025 07:49:21 UTC] PHP Warning:  Attempt to read property \"prefix\" on null in /wordpress/wp-content/plugins/repost/repost.php on line 32","log":"/logs/plugins/q/quick-review-post-access/error.json"}
,
{"message":"Uncaught Error: Call to undefined function mysql_query() in /wordpress/wp-content/plugins/repost/repost.php:41","level":"FATAL","type":"PHP","test":"asyncify-boot","plugin":"quick-review-post-access","details":"[03-Jun-2025 07:49:21 UTC] PHP Fatal error:  Uncaught Error: Call to undefined function mysql_query() in /wordpress/wp-content/plugins/repost/repost.php:41\nStack trace:\n#0 /wordpress/wp-includes/class-wp-hook.php(324): repost_tables(false)\n#1 /wordpress/wp-includes/class-wp-hook.php(348): WP_Hook->apply_filters('', Array)\n#2 /wordpress/wp-includes/plugin.php(517): WP_Hook->do_action(Array)\n#3 /wordpress/wp-admin/includes/plugin.php(703): do_action('activate_repost...', false)\n#4 /internal/eval.php(20): activate_plugin('repost/repost.p...')\n#5 {main}\n  thrown in /wordpress/wp-content/plugins/repost/repost.php on line 41","log":"/logs/plugins/q/quick-review-post-access/error.json"}
,
{"message":"Function load_plugin_textdomain was called with an argument that is <strong>deprecated</strong> since version 2.7.0 with no alternative available. in /wordpress/wp-includes/functions.php on line 6121","level":"DEPRECATED","type":"PHP","test":"asyncify-boot","plugin":"quick-review-post-access","details":"[03-Jun-2025 07:49:29 UTC] PHP Deprecated:  Function load_plugin_textdomain was called with an argument that is <strong>deprecated</strong> since version 2.7.0 with no alternative available. in /wordpress/wp-includes/functions.php on line 6121","log":"/logs/plugins/q/quick-review-post-access/error.json"}
,
{"message":"Undefined variable $wpdb in /wordpress/wp-content/plugins/repost/repost.php on line 31","level":"WARNING","type":"PHP","test":"asyncify-boot","plugin":"quick-review-post-access","details":"[03-Jun-2025 07:49:29 UTC] PHP Warning:  Undefined variable $wpdb in /wordpress/wp-content/plugins/repost/repost.php on line 31","log":"/logs/plugins/q/quick-review-post-access/error.json"}
,
{"message":"Attempt to read property \"prefix\" on null in /wordpress/wp-content/plugins/repost/repost.php on line 31","level":"WARNING","type":"PHP","test":"asyncify-boot","plugin":"quick-review-post-access","details":"[03-Jun-2025 07:49:29 UTC] PHP Warning:  Attempt to read property \"prefix\" on null in /wordpress/wp-content/plugins/repost/repost.php on line 31","log":"/logs/plugins/q/quick-review-post-access/error.json"}
,
{"message":"Undefined variable $wpdb in /wordpress/wp-content/plugins/repost/repost.php on line 32","level":"WARNING","type":"PHP","test":"asyncify-boot","plugin":"quick-review-post-access","details":"[03-Jun-2025 07:49:29 UTC] PHP Warning:  Undefined variable $wpdb in /wordpress/wp-content/plugins/repost/repost.php on line 32","log":"/logs/plugins/q/quick-review-post-access/error.json"}
,
{"message":"Attempt to read property \"prefix\" on null in /wordpress/wp-content/plugins/repost/repost.php on line 32","level":"WARNING","type":"PHP","test":"asyncify-boot","plugin":"quick-review-post-access","details":"[03-Jun-2025 07:49:29 UTC] PHP Warning:  Attempt to read property \"prefix\" on null in /wordpress/wp-content/plugins/repost/repost.php on line 32","log":"/logs/plugins/q/quick-review-post-access/error.json"}
,
{"message":"Uncaught Error: Call to undefined function mysql_query() in /wordpress/wp-content/plugins/repost/repost.php:41","level":"FATAL","type":"PHP","test":"asyncify-boot","plugin":"quick-review-post-access","details":"[03-Jun-2025 07:49:29 UTC] PHP Fatal error:  Uncaught Error: Call to undefined function mysql_query() in /wordpress/wp-content/plugins/repost/repost.php:41\nStack trace:\n#0 /wordpress/wp-includes/class-wp-hook.php(324): repost_tables(false)\n#1 /wordpress/wp-includes/class-wp-hook.php(348): WP_Hook->apply_filters('', Array)\n#2 /wordpress/wp-includes/plugin.php(517): WP_Hook->do_action(Array)\n#3 /wordpress/wp-admin/includes/plugin.php(703): do_action('activate_repost...', false)\n#4 /internal/eval.php(20): activate_plugin('repost/repost.p...')\n#5 {main}\n  thrown in /wordpress/wp-content/plugins/repost/repost.php on line 41","log":"/logs/plugins/q/quick-review-post-access/error.json"}
,
{"message":"Function load_plugin_textdomain was called with an argument that is <strong>deprecated</strong> since version 2.7.0 with no alternative available. in /wordpress/wp-includes/functions.php on line 6121","level":"DEPRECATED","type":"PHP","test":"asyncify-boot","plugin":"quick-review-post-access","details":"[03-Jun-2025 07:49:36 UTC] PHP Deprecated:  Function load_plugin_textdomain was called with an argument that is <strong>deprecated</strong> since version 2.7.0 with no alternative available. in /wordpress/wp-includes/functions.php on line 6121","log":"/logs/plugins/q/quick-review-post-access/error.json"}
,
{"message":"Undefined variable $wpdb in /wordpress/wp-content/plugins/repost/repost.php on line 31","level":"WARNING","type":"PHP","test":"asyncify-boot","plugin":"quick-review-post-access","details":"[03-Jun-2025 07:49:36 UTC] PHP Warning:  Undefined variable $wpdb in /wordpress/wp-content/plugins/repost/repost.php on line 31","log":"/logs/plugins/q/quick-review-post-access/error.json"}
,
{"message":"Attempt to read property \"prefix\" on null in /wordpress/wp-content/plugins/repost/repost.php on line 31","level":"WARNING","type":"PHP","test":"asyncify-boot","plugin":"quick-review-post-access","details":"[03-Jun-2025 07:49:36 UTC] PHP Warning:  Attempt to read property \"prefix\" on null in /wordpress/wp-content/plugins/repost/repost.php on line 31","log":"/logs/plugins/q/quick-review-post-access/error.json"}
,
{"message":"Undefined variable $wpdb in /wordpress/wp-content/plugins/repost/repost.php on line 32","level":"WARNING","type":"PHP","test":"asyncify-boot","plugin":"quick-review-post-access","details":"[03-Jun-2025 07:49:36 UTC] PHP Warning:  Undefined variable $wpdb in /wordpress/wp-content/plugins/repost/repost.php on line 32","log":"/logs/plugins/q/quick-review-post-access/error.json"}
,
{"message":"Attempt to read property \"prefix\" on null in /wordpress/wp-content/plugins/repost/repost.php on line 32","level":"WARNING","type":"PHP","test":"asyncify-boot","plugin":"quick-review-post-access","details":"[03-Jun-2025 07:49:36 UTC] PHP Warning:  Attempt to read property \"prefix\" on null in /wordpress/wp-content/plugins/repost/repost.php on line 32","log":"/logs/plugins/q/quick-review-post-access/error.json"}
,
{"message":"Uncaught Error: Call to undefined function mysql_query() in /wordpress/wp-content/plugins/repost/repost.php:41","level":"FATAL","type":"PHP","test":"asyncify-boot","plugin":"quick-review-post-access","details":"[03-Jun-2025 07:49:36 UTC] PHP Fatal error:  Uncaught Error: Call to undefined function mysql_query() in /wordpress/wp-content/plugins/repost/repost.php:41\nStack trace:\n#0 /wordpress/wp-includes/class-wp-hook.php(324): repost_tables(false)\n#1 /wordpress/wp-includes/class-wp-hook.php(348): WP_Hook->apply_filters('', Array)\n#2 /wordpress/wp-includes/plugin.php(517): WP_Hook->do_action(Array)\n#3 /wordpress/wp-admin/includes/plugin.php(703): do_action('activate_repost...', false)\n#4 /internal/eval.php(20): activate_plugin('repost/repost.p...')\n#5 {main}\n  thrown in /wordpress/wp-content/plugins/repost/repost.php on line 41","log":"/logs/plugins/q/quick-review-post-access/error.json"}
,
{"message":"Unknown query type: (.","level":"FATAL","type":"SQL","test":"asyncify-boot","plugin":"quick-review-post-access","details":"[03-Jun-2025 07:49:57 UTC] WordPress database error <div style=\"clear:both\">&nbsp;</div>\n<div class=\"queries\" style=\"clear:both;margin-bottom:2px;border:red dotted thin;\">\n<p>MySQL query:</p>\n<p>(SELECT ID, post_date\r\n            FROM wp_posts\r\n            WHERE post_type = 'post'\r\n                  AND post_status = 'publish'\r\n                  AND post_date < '2025-06-03 07:49:57' - INTERVAL 2880 HOUR \r\n                  )ORDER BY post_date ASC \r\n            LIMIT 1 </p>\n<p>Queries made or created this session were:</p>\n<ol>\n<li>Executing: BEGIN | (no parameters)</li>\n<li>Executing: ROLLBACK | (no parameters)</li>\n</ol>\n</div>\n<div style=\"clear:both;margin-bottom:2px;border:red dotted thin;\" class=\"error_message\" style=\"border-bottom:dotted blue thin;\">\nError occurred at line 4117 in Function <code>handle_error</code>. Error message was: Unknown query type: (.\n</div>\n<p>Backtrace:</p>\n<pre>#0 /internal/shared/sqlite-database-integration/wp-includes/sqlite/class-wp-sqlite-db.php(287): WP_SQLite_Translator->get_error_message()\n#1 /wordpress/wp-includes/class-wpdb.php(3031): WP_SQLite_DB->query('(SELECT ID, pos...')\n#2 /wordpress/wp-content/plugins/republish-old-posts/republish-old-posts.php(119): wpdb->get_var('(SELECT ID, pos...', 0, 0)\n#3 /wordpress/wp-content/plugins/republish-old-posts/republish-old-posts.php(83): rop_republish_old_post()\n#4 /wordpress/wp-includes/class-wp-hook.php(324): rop('')\n#5 /wordpress/wp-includes/class-wp-hook.php(348): WP_Hook->apply_filters(NULL, Array)\n#6 /wordpress/wp-includes/plugin.php(517): WP_Hook->do_action(Array)\n#7 /wordpress/wp-settings.php(727): do_action('init')\n#8 /wordpress/wp-config.php(102): require_once('/wordpress/wp-s...')\n#9 /wordpress/wp-load.php(50): require_once('/wordpress/wp-c...')\n#10 /internal/eval.php(3): require_once('/wordpress/wp-l...')\n#11 {main}</pre>\n for query (SELECT ID, post_date\r\n            FROM wp_posts\r\n            WHERE post_type = 'post'\r\n                  AND post_status = 'publish'\r\n                  AND post_date < '2025-06-03 07:49:57' - INTERVAL 2880 HOUR \r\n                  )ORDER BY post_date ASC \r\n            LIMIT 1  made by require_once('wp-load.php'), require_once('wp-config.php'), require_once('wp-settings.php'), do_action('init'), WP_Hook->do_action, WP_Hook->apply_filters, rop, rop_republish_old_post, WP_SQLite_DB->query, WP_SQLite_DB->print_error","log":"/logs/plugins/q/quick-review-post-access/error.json"}
,
{"message":"Unknown query type: (.","level":"FATAL","type":"SQL","test":"asyncify-boot","plugin":"quick-review-post-access","details":"[03-Jun-2025 07:50:06 UTC] WordPress database error <div style=\"clear:both\">&nbsp;</div>\n<div class=\"queries\" style=\"clear:both;margin-bottom:2px;border:red dotted thin;\">\n<p>MySQL query:</p>\n<p>(SELECT ID, post_date\r\n            FROM wp_posts\r\n            WHERE post_type = 'post'\r\n                  AND post_status = 'publish'\r\n                  AND post_date < '2025-06-03 07:50:06' - INTERVAL 2880 HOUR \r\n                  )ORDER BY post_date ASC \r\n            LIMIT 1 </p>\n<p>Queries made or created this session were:</p>\n<ol>\n<li>Executing: BEGIN | (no parameters)</li>\n<li>Executing: ROLLBACK | (no parameters)</li>\n</ol>\n</div>\n<div style=\"clear:both;margin-bottom:2px;border:red dotted thin;\" class=\"error_message\" style=\"border-bottom:dotted blue thin;\">\nError occurred at line 4117 in Function <code>handle_error</code>. Error message was: Unknown query type: (.\n</div>\n<p>Backtrace:</p>\n<pre>#0 /internal/shared/sqlite-database-integration/wp-includes/sqlite/class-wp-sqlite-db.php(287): WP_SQLite_Translator->get_error_message()\n#1 /wordpress/wp-includes/class-wpdb.php(3031): WP_SQLite_DB->query('(SELECT ID, pos...')\n#2 /wordpress/wp-content/plugins/republish-old-posts/republish-old-posts.php(119): wpdb->get_var('(SELECT ID, pos...', 0, 0)\n#3 /wordpress/wp-content/plugins/republish-old-posts/republish-old-posts.php(83): rop_republish_old_post()\n#4 /wordpress/wp-includes/class-wp-hook.php(324): rop('')\n#5 /wordpress/wp-includes/class-wp-hook.php(348): WP_Hook->apply_filters(NULL, Array)\n#6 /wordpress/wp-includes/plugin.php(517): WP_Hook->do_action(Array)\n#7 /wordpress/wp-settings.php(727): do_action('init')\n#8 /wordpress/wp-config.php(102): require_once('/wordpress/wp-s...')\n#9 /wordpress/wp-load.php(50): require_once('/wordpress/wp-c...')\n#10 /internal/eval.php(3): require_once('/wordpress/wp-l...')\n#11 {main}</pre>\n for query (SELECT ID, post_date\r\n            FROM wp_posts\r\n            WHERE post_type = 'post'\r\n                  AND post_status = 'publish'\r\n                  AND post_date < '2025-06-03 07:50:06' - INTERVAL 2880 HOUR \r\n                  )ORDER BY post_date ASC \r\n            LIMIT 1  made by require_once('wp-load.php'), require_once('wp-config.php'), require_once('wp-settings.php'), do_action('init'), WP_Hook->do_action, WP_Hook->apply_filters, rop, rop_republish_old_post, WP_SQLite_DB->query, WP_SQLite_DB->print_error","log":"/logs/plugins/q/quick-review-post-access/error.json"}
,
{"message":"Uncaught Error: Call to undefined function create_function() in /wordpress/wp-content/plugins/responsive-bit-testimonials-manager/responsivebit_testimonials.php:515","level":"FATAL","type":"PHP","test":"asyncify-boot","plugin":"quick-review-post-access","details":"[03-Jun-2025 07:50:15 UTC] PHP Fatal error:  Uncaught Error: Call to undefined function create_function() in /wordpress/wp-content/plugins/responsive-bit-testimonials-manager/responsivebit_testimonials.php:515\nStack trace:\n#0 /wordpress/wp-admin/includes/plugin.php(2387): include_once()\n#1 /wordpress/wp-admin/includes/plugin.php(673): plugin_sandbox_scrape('responsive-bit-...')\n#2 /internal/eval.php(20): activate_plugin('responsive-bit-...')\n#3 {main}\n  thrown in /wordpress/wp-content/plugins/responsive-bit-testimonials-manager/responsivebit_testimonials.php on line 515","log":"/logs/plugins/q/quick-review-post-access/error.json"}
,
{"message":"Uncaught Error: Call to undefined function create_function() in /wordpress/wp-content/plugins/responsive-bit-testimonials-manager/responsivebit_testimonials.php:515","level":"FATAL","type":"PHP","test":"asyncify-boot","plugin":"quick-review-post-access","details":"[03-Jun-2025 07:50:23 UTC] PHP Fatal error:  Uncaught Error: Call to undefined function create_function() in /wordpress/wp-content/plugins/responsive-bit-testimonials-manager/responsivebit_testimonials.php:515\nStack trace:\n#0 /wordpress/wp-admin/includes/plugin.php(2387): include_once()\n#1 /wordpress/wp-admin/includes/plugin.php(673): plugin_sandbox_scrape('responsive-bit-...')\n#2 /internal/eval.php(20): activate_plugin('responsive-bit-...')\n#3 {main}\n  thrown in /wordpress/wp-content/plugins/responsive-bit-testimonials-manager/responsivebit_testimonials.php on line 515","log":"/logs/plugins/q/quick-review-post-access/error.json"}
,
{"message":"Uncaught Error: Call to undefined function create_function() in /wordpress/wp-content/plugins/responsive-bit-testimonials-manager/responsivebit_testimonials.php:515","level":"FATAL","type":"PHP","test":"asyncify-boot","plugin":"quick-review-post-access","details":"[03-Jun-2025 07:50:31 UTC] PHP Fatal error:  Uncaught Error: Call to undefined function create_function() in /wordpress/wp-content/plugins/responsive-bit-testimonials-manager/responsivebit_testimonials.php:515\nStack trace:\n#0 /wordpress/wp-admin/includes/plugin.php(2387): include_once()\n#1 /wordpress/wp-admin/includes/plugin.php(673): plugin_sandbox_scrape('responsive-bit-...')\n#2 /internal/eval.php(20): activate_plugin('responsive-bit-...')\n#3 {main}\n  thrown in /wordpress/wp-content/plugins/responsive-bit-testimonials-manager/responsivebit_testimonials.php on line 515","log":"/logs/plugins/q/quick-review-post-access/error.json"}
,
{"message":"Function is_embed was called <strong>incorrectly</strong>. Conditional query tags do not work before the query is run. Before then, they always return false. Please see <a href=\"https://developer.wordpress.org/advanced-administration/debug/debug-wordpress/\">Debugging in WordPress</a> for more information. (This message was added in version 3.1.0.) in /wordpress/wp-includes/functions.php on line 6121","level":"NOTICE","type":"PHP","test":"asyncify-boot","plugin":"quick-review-post-access","details":"[03-Jun-2025 07:51:10 UTC] PHP Notice:  Function is_embed was called <strong>incorrectly</strong>. Conditional query tags do not work before the query is run. Before then, they always return false. Please see <a href=\"https://developer.wordpress.org/advanced-administration/debug/debug-wordpress/\">Debugging in WordPress</a> for more information. (This message was added in version 3.1.0.) in /wordpress/wp-includes/functions.php on line 6121","log":"/logs/plugins/q/quick-review-post-access/error.json"}
,
{"message":"Function is_embed was called <strong>incorrectly</strong>. Conditional query tags do not work before the query is run. Before then, they always return false. Please see <a href=\"https://developer.wordpress.org/advanced-administration/debug/debug-wordpress/\">Debugging in WordPress</a> for more information. (This message was added in version 3.1.0.) in /wordpress/wp-includes/functions.php on line 6121","level":"NOTICE","type":"PHP","test":"asyncify-boot","plugin":"quick-review-post-access","details":"[03-Jun-2025 07:51:19 UTC] PHP Notice:  Function is_embed was called <strong>incorrectly</strong>. Conditional query tags do not work before the query is run. Before then, they always return false. Please see <a href=\"https://developer.wordpress.org/advanced-administration/debug/debug-wordpress/\">Debugging in WordPress</a> for more information. (This message was added in version 3.1.0.) in /wordpress/wp-includes/functions.php on line 6121","log":"/logs/plugins/q/quick-review-post-access/error.json"}
,
{"message":"Function is_embed was called <strong>incorrectly</strong>. Conditional query tags do not work before the query is run. Before then, they always return false. Please see <a href=\"https://developer.wordpress.org/advanced-administration/debug/debug-wordpress/\">Debugging in WordPress</a> for more information. (This message was added in version 3.1.0.) in /wordpress/wp-includes/functions.php on line 6121","level":"NOTICE","type":"PHP","test":"asyncify-boot","plugin":"quick-review-post-access","details":"[03-Jun-2025 07:51:28 UTC] PHP Notice:  Function is_embed was called <strong>incorrectly</strong>. Conditional query tags do not work before the query is run. Before then, they always return false. Please see <a href=\"https://developer.wordpress.org/advanced-administration/debug/debug-wordpress/\">Debugging in WordPress</a> for more information. (This message was added in version 3.1.0.) in /wordpress/wp-includes/functions.php on line 6121","log":"/logs/plugins/q/quick-review-post-access/error.json"}
,
{"message":"Array and string offset access syntax with curly braces is no longer supported in /wordpress/wp-content/plugins/page-theme/pageTheme.php on line 47","level":"FATAL","type":"PHP","test":"asyncify-boot","plugin":"quick-review-post-access","details":"[03-Jun-2025 07:51:37 UTC] PHP Fatal error:  Array and string offset access syntax with curly braces is no longer supported in /wordpress/wp-content/plugins/page-theme/pageTheme.php on line 47","log":"/logs/plugins/q/quick-review-post-access/error.json"}
,
{"message":"Array and string offset access syntax with curly braces is no longer supported in /wordpress/wp-content/plugins/page-theme/pageTheme.php on line 47","level":"FATAL","type":"PHP","test":"asyncify-boot","plugin":"quick-review-post-access","details":"[03-Jun-2025 07:51:45 UTC] PHP Fatal error:  Array and string offset access syntax with curly braces is no longer supported in /wordpress/wp-content/plugins/page-theme/pageTheme.php on line 47","log":"/logs/plugins/q/quick-review-post-access/error.json"}
,
{"message":"Array and string offset access syntax with curly braces is no longer supported in /wordpress/wp-content/plugins/page-theme/pageTheme.php on line 47","level":"FATAL","type":"PHP","test":"asyncify-boot","plugin":"quick-review-post-access","details":"[03-Jun-2025 07:51:53 UTC] PHP Fatal error:  Array and string offset access syntax with curly braces is no longer supported in /wordpress/wp-content/plugins/page-theme/pageTheme.php on line 47","log":"/logs/plugins/q/quick-review-post-access/error.json"}
,
{"message":"file_get_contents(/wordpress/.htaccess): Failed to open stream: No such file or directory in /wordpress/wp-content/plugins/rest-cache/includes/class.rewrite-rule.php on line 22","level":"WARNING","type":"PHP","test":"asyncify-boot","plugin":"quick-review-post-access","details":"[03-Jun-2025 07:53:12 UTC] PHP Warning:  file_get_contents(/wordpress/.htaccess): Failed to open stream: No such file or directory in /wordpress/wp-content/plugins/rest-cache/includes/class.rewrite-rule.php on line 22","log":"/logs/plugins/q/quick-review-post-access/error.json"}
,
{"message":"Undefined array key \"DOCUMENT_ROOT\" in /wordpress/wp-content/plugins/rest-cache/includes/class.rewrite-rule.php on line 44","level":"WARNING","type":"PHP","test":"asyncify-boot","plugin":"quick-review-post-access","details":"[03-Jun-2025 07:53:12 UTC] PHP Warning:  Undefined array key \"DOCUMENT_ROOT\" in /wordpress/wp-content/plugins/rest-cache/includes/class.rewrite-rule.php on line 44","log":"/logs/plugins/q/quick-review-post-access/error.json"}
,
{"message":"file_get_contents(/wordpress/.htaccess): Failed to open stream: No such file or directory in /wordpress/wp-content/plugins/rest-cache/includes/class.rewrite-rule.php on line 61","level":"WARNING","type":"PHP","test":"asyncify-boot","plugin":"quick-review-post-access","details":"[03-Jun-2025 07:53:12 UTC] PHP Warning:  file_get_contents(/wordpress/.htaccess): Failed to open stream: No such file or directory in /wordpress/wp-content/plugins/rest-cache/includes/class.rewrite-rule.php on line 61","log":"/logs/plugins/q/quick-review-post-access/error.json"}
,
{"message":"Uncaught GuzzleHttp\\Exception\\ClientException: Client error: `GET http://127.0.0.1:9406/wp-content/plugins/rest-cache/service/public/api/install` resulted in a `404 Not Found` response:","level":"FATAL","type":"PHP","test":"asyncify-boot","plugin":"quick-review-post-access","details":"[03-Jun-2025 07:53:16 UTC] PHP Fatal error:  Uncaught GuzzleHttp\\Exception\\ClientException: Client error: `GET http://127.0.0.1:9406/wp-content/plugins/rest-cache/service/public/api/install` resulted in a `404 Not Found` response:\n<!DOCTYPE html>\n<html lang=\"en-US\">\n<head>\n\t<meta charset=\"UTF-8\" />\n\t<meta name=\"viewport\" content=\"width=device-width, (truncated...)\n in /wordpress/wp-content/plugins/rest-cache/vendor/guzzlehttp/guzzle/src/Exception/RequestException.php:111\nStack trace:\n#0 /wordpress/wp-content/plugins/rest-cache/vendor/guzzlehttp/guzzle/src/Middleware.php(66): GuzzleHttp\\Exception\\RequestException::create(Object(GuzzleHttp\\Psr7\\Request), Object(GuzzleHttp\\Psr7\\Response))\n#1 /wordpress/wp-content/plugins/rest-cache/vendor/guzzlehttp/promises/src/Promise.php(203): GuzzleHttp\\Middleware::GuzzleHttp\\{closure}(Object(GuzzleHttp\\Psr7\\Response))\n#2 /wordpress/wp-content/plugins/rest-cache/vendor/guzzlehttp/promises/src/Promise.php(156): GuzzleHttp\\Promise\\Promise::callHandler(1, Object(GuzzleHttp\\Psr7\\Response), Array)\n#3 /wordpress/wp-content/plugins/rest-cache/vendor/guzzlehttp/promises/src/TaskQueue.php(47): GuzzleHttp\\Promise\\Promise::GuzzleHttp\\Promise\\{closure}()\n#4 /wordpress/wp-content/plugins/rest-cache/vendor/guzzlehttp/promises/src/Promise.php(246): GuzzleHttp\\Promise\\TaskQueue->run(true)\n#5 /wordpress/wp-content/plugins/rest-cache/vendor/guzzlehttp/promises/src/Promise.php(223): GuzzleHttp\\Promise\\Promise->invokeWaitFn()\n#6 /wordpress/wp-content/plugins/rest-cache/vendor/guzzlehttp/promises/src/Promise.php(267): GuzzleHttp\\Promise\\Promise->waitIfPending()\n#7 /wordpress/wp-content/plugins/rest-cache/vendor/guzzlehttp/promises/src/Promise.php(225): GuzzleHttp\\Promise\\Promise->invokeWaitList()\n#8 /wordpress/wp-content/plugins/rest-cache/vendor/guzzlehttp/promises/src/Promise.php(62): GuzzleHttp\\Promise\\Promise->waitIfPending()\n#9 /wordpress/wp-content/plugins/rest-cache/vendor/guzzlehttp/guzzle/src/Client.php(181): GuzzleHttp\\Promise\\Promise->wait()\n#10 /wordpress/wp-content/plugins/rest-cache/includes/class.plugin.php(94): GuzzleHttp\\Client->request('GET', 'http://127.0.0....', Array)\n#11 /wordpress/wp-includes/class-wp-hook.php(324): PerryRylance\\WordPress\\RESTCache\\Plugin->onActivate(false)\n#12 /wordpress/wp-includes/class-wp-hook.php(348): WP_Hook->apply_filters('', Array)\n#13 /wordpress/wp-includes/plugin.php(517): WP_Hook->do_action(Array)\n#14 /wordpress/wp-admin/includes/plugin.php(703): do_action('activate_rest-c...', false)\n#15 /internal/eval.php(20): activate_plugin('rest-cache/rest...')\n#16 {main}\n  thrown in /wordpress/wp-content/plugins/rest-cache/vendor/guzzlehttp/guzzle/src/Exception/RequestException.php on line 111","log":"/logs/plugins/q/quick-review-post-access/error.json"}
,
{"message":"Uncaught GuzzleHttp\\Exception\\ClientException: Client error: `GET http://127.0.0.1:9406/wp-content/plugins/rest-cache/service/public/api/install` resulted in a `404 Not Found` response:","level":"FATAL","type":"PHP","test":"asyncify-boot","plugin":"quick-review-post-access","details":"[03-Jun-2025 07:53:42 UTC] PHP Fatal error:  Uncaught GuzzleHttp\\Exception\\ClientException: Client error: `GET http://127.0.0.1:9406/wp-content/plugins/rest-cache/service/public/api/install` resulted in a `404 Not Found` response:\n<!DOCTYPE html>\n<html lang=\"en-US\">\n<head>\n\t<meta charset=\"UTF-8\" />\n\t<meta name=\"viewport\" content=\"width=device-width, (truncated...)\n in /wordpress/wp-content/plugins/rest-cache/vendor/guzzlehttp/guzzle/src/Exception/RequestException.php:111\nStack trace:\n#0 /wordpress/wp-content/plugins/rest-cache/vendor/guzzlehttp/guzzle/src/Middleware.php(66): GuzzleHttp\\Exception\\RequestException::create(Object(GuzzleHttp\\Psr7\\Request), Object(GuzzleHttp\\Psr7\\Response))\n#1 /wordpress/wp-content/plugins/rest-cache/vendor/guzzlehttp/promises/src/Promise.php(203): GuzzleHttp\\Middleware::GuzzleHttp\\{closure}(Object(GuzzleHttp\\Psr7\\Response))\n#2 /wordpress/wp-content/plugins/rest-cache/vendor/guzzlehttp/promises/src/Promise.php(156): GuzzleHttp\\Promise\\Promise::callHandler(1, Object(GuzzleHttp\\Psr7\\Response), Array)\n#3 /wordpress/wp-content/plugins/rest-cache/vendor/guzzlehttp/promises/src/TaskQueue.php(47): GuzzleHttp\\Promise\\Promise::GuzzleHttp\\Promise\\{closure}()\n#4 /wordpress/wp-content/plugins/rest-cache/vendor/guzzlehttp/promises/src/Promise.php(246): GuzzleHttp\\Promise\\TaskQueue->run(true)\n#5 /wordpress/wp-content/plugins/rest-cache/vendor/guzzlehttp/promises/src/Promise.php(223): GuzzleHttp\\Promise\\Promise->invokeWaitFn()\n#6 /wordpress/wp-content/plugins/rest-cache/vendor/guzzlehttp/promises/src/Promise.php(267): GuzzleHttp\\Promise\\Promise->waitIfPending()\n#7 /wordpress/wp-content/plugins/rest-cache/vendor/guzzlehttp/promises/src/Promise.php(225): GuzzleHttp\\Promise\\Promise->invokeWaitList()\n#8 /wordpress/wp-content/plugins/rest-cache/vendor/guzzlehttp/promises/src/Promise.php(62): GuzzleHttp\\Promise\\Promise->waitIfPending()\n#9 /wordpress/wp-content/plugins/rest-cache/vendor/guzzlehttp/guzzle/src/Client.php(181): GuzzleHttp\\Promise\\Promise->wait()\n#10 /wordpress/wp-content/plugins/rest-cache/includes/class.plugin.php(94): GuzzleHttp\\Client->request('GET', 'http://127.0.0....', Array)\n#11 /wordpress/wp-includes/class-wp-hook.php(324): PerryRylance\\WordPress\\RESTCache\\Plugin->onActivate(false)\n#12 /wordpress/wp-includes/class-wp-hook.php(348): WP_Hook->apply_filters('', Array)\n#13 /wordpress/wp-includes/plugin.php(517): WP_Hook->do_action(Array)\n#14 /wordpress/wp-admin/includes/plugin.php(703): do_action('activate_rest-c...', false)\n#15 /internal/eval.php(20): activate_plugin('rest-cache/rest...')\n#16 {main}\n  thrown in /wordpress/wp-content/plugins/rest-cache/vendor/guzzlehttp/guzzle/src/Exception/RequestException.php on line 111","log":"/logs/plugins/q/quick-review-post-access/error.json"}
,
{"message":"Uncaught GuzzleHttp\\Exception\\ClientException: Client error: `GET http://127.0.0.1:9406/wp-content/plugins/rest-cache/service/public/api/install` resulted in a `404 Not Found` response:","level":"FATAL","type":"PHP","test":"asyncify-boot","plugin":"quick-review-post-access","details":"[03-Jun-2025 07:54:09 UTC] PHP Fatal error:  Uncaught GuzzleHttp\\Exception\\ClientException: Client error: `GET http://127.0.0.1:9406/wp-content/plugins/rest-cache/service/public/api/install` resulted in a `404 Not Found` response:\n<!DOCTYPE html>\n<html lang=\"en-US\">\n<head>\n\t<meta charset=\"UTF-8\" />\n\t<meta name=\"viewport\" content=\"width=device-width, (truncated...)\n in /wordpress/wp-content/plugins/rest-cache/vendor/guzzlehttp/guzzle/src/Exception/RequestException.php:111\nStack trace:\n#0 /wordpress/wp-content/plugins/rest-cache/vendor/guzzlehttp/guzzle/src/Middleware.php(66): GuzzleHttp\\Exception\\RequestException::create(Object(GuzzleHttp\\Psr7\\Request), Object(GuzzleHttp\\Psr7\\Response))\n#1 /wordpress/wp-content/plugins/rest-cache/vendor/guzzlehttp/promises/src/Promise.php(203): GuzzleHttp\\Middleware::GuzzleHttp\\{closure}(Object(GuzzleHttp\\Psr7\\Response))\n#2 /wordpress/wp-content/plugins/rest-cache/vendor/guzzlehttp/promises/src/Promise.php(156): GuzzleHttp\\Promise\\Promise::callHandler(1, Object(GuzzleHttp\\Psr7\\Response), Array)\n#3 /wordpress/wp-content/plugins/rest-cache/vendor/guzzlehttp/promises/src/TaskQueue.php(47): GuzzleHttp\\Promise\\Promise::GuzzleHttp\\Promise\\{closure}()\n#4 /wordpress/wp-content/plugins/rest-cache/vendor/guzzlehttp/promises/src/Promise.php(246): GuzzleHttp\\Promise\\TaskQueue->run(true)\n#5 /wordpress/wp-content/plugins/rest-cache/vendor/guzzlehttp/promises/src/Promise.php(223): GuzzleHttp\\Promise\\Promise->invokeWaitFn()\n#6 /wordpress/wp-content/plugins/rest-cache/vendor/guzzlehttp/promises/src/Promise.php(267): GuzzleHttp\\Promise\\Promise->waitIfPending()\n#7 /wordpress/wp-content/plugins/rest-cache/vendor/guzzlehttp/promises/src/Promise.php(225): GuzzleHttp\\Promise\\Promise->invokeWaitList()\n#8 /wordpress/wp-content/plugins/rest-cache/vendor/guzzlehttp/promises/src/Promise.php(62): GuzzleHttp\\Promise\\Promise->waitIfPending()\n#9 /wordpress/wp-content/plugins/rest-cache/vendor/guzzlehttp/guzzle/src/Client.php(181): GuzzleHttp\\Promise\\Promise->wait()\n#10 /wordpress/wp-content/plugins/rest-cache/includes/class.plugin.php(94): GuzzleHttp\\Client->request('GET', 'http://127.0.0....', Array)\n#11 /wordpress/wp-includes/class-wp-hook.php(324): PerryRylance\\WordPress\\RESTCache\\Plugin->onActivate(false)\n#12 /wordpress/wp-includes/class-wp-hook.php(348): WP_Hook->apply_filters('', Array)\n#13 /wordpress/wp-includes/plugin.php(517): WP_Hook->do_action(Array)\n#14 /wordpress/wp-admin/includes/plugin.php(703): do_action('activate_rest-c...', false)\n#15 /internal/eval.php(20): activate_plugin('rest-cache/rest...')\n#16 {main}\n  thrown in /wordpress/wp-content/plugins/rest-cache/vendor/guzzlehttp/guzzle/src/Exception/RequestException.php on line 111","log":"/logs/plugins/q/quick-review-post-access/error.json"}
,
{"message":"Trying to access array offset on value of type bool in /wordpress/wp-content/plugins/reveal-modal/inc/metabox.php on line 10","level":"WARNING","type":"PHP","test":"asyncify-boot","plugin":"quick-review-post-access","details":"[03-Jun-2025 07:55:16 UTC] PHP Warning:  Trying to access array offset on value of type bool in /wordpress/wp-content/plugins/reveal-modal/inc/metabox.php on line 10","log":"/logs/plugins/q/quick-review-post-access/error.json"}
,
{"message":"Trying to access array offset on value of type bool in /wordpress/wp-content/plugins/reveal-modal/inc/metabox.php on line 10","level":"WARNING","type":"PHP","test":"asyncify-boot","plugin":"quick-review-post-access","details":"[03-Jun-2025 07:55:26 UTC] PHP Warning:  Trying to access array offset on value of type bool in /wordpress/wp-content/plugins/reveal-modal/inc/metabox.php on line 10","log":"/logs/plugins/q/quick-review-post-access/error.json"}
,
{"message":"Trying to access array offset on value of type bool in /wordpress/wp-content/plugins/reveal-modal/inc/metabox.php on line 10","level":"WARNING","type":"PHP","test":"asyncify-boot","plugin":"quick-review-post-access","details":"[03-Jun-2025 07:55:36 UTC] PHP Warning:  Trying to access array offset on value of type bool in /wordpress/wp-content/plugins/reveal-modal/inc/metabox.php on line 10","log":"/logs/plugins/q/quick-review-post-access/error.json"}
,
{"message":"SQLSTATE[23000]: Integrity constraint violation: 19 NOT NULL constraint failed: _mysql_data_types_cache.mysql_type.","level":"FATAL","type":"SQL","test":"asyncify-boot","plugin":"quick-review-post-access","details":"[03-Jun-2025 07:55:55 UTC] WordPress database error <div style=\"clear:both\">&nbsp;</div>\n<div class=\"queries\" style=\"clear:both;margin-bottom:2px;border:red dotted thin;\">\n<p>MySQL query:</p>\n<p>CREATE TABLE wp_reviewboxdata (Id INT NOT NULL AUTO_INCREMENT,ReviewBoxId INT NOT NULL,ReviewText text NOT NULL,ReviewerName varchar(100) NOT NULL,ReviewOrder int NOT NULL,IsActive TINYINT(2) NOT NULL,SubmitDate datetime NOT NULL,FOREIGN KEY (ReviewBoxId) REFERENCES wp_reviewboxsettings(Id) ON UPDATE CASCADE ON DELETE CASCADE,PRIMARY KEY (Id))ENGINE=INNODB</p>\n<p>Queries made or created this session were:</p>\n<ol>\n<li>Executing: BEGIN | (no parameters)</li>\n<li>Executing: INSERT INTO _mysql_data_types_cache (`table`, `column_or_index`, `mysql_type`)\n\t\t\t\tVALUES (:table, :column, :datatype)\n\t\t\t\tON CONFLICT(`table`, `column_or_index`) DO UPDATE SET `mysql_type` = :datatype\n\t\t\t | parameters: wp_reviewboxdata, Id, int</li>\n<li>Executing: INSERT INTO _mysql_data_types_cache (`table`, `column_or_index`, `mysql_type`)\n\t\t\t\tVALUES (:table, :column, :datatype)\n\t\t\t\tON CONFLICT(`table`, `column_or_index`) DO UPDATE SET `mysql_type` = :datatype\n\t\t\t | parameters: wp_reviewboxdata, ReviewBoxId, int</li>\n<li>Executing: INSERT INTO _mysql_data_types_cache (`table`, `column_or_index`, `mysql_type`)\n\t\t\t\tVALUES (:table, :column, :datatype)\n\t\t\t\tON CONFLICT(`table`, `column_or_index`) DO UPDATE SET `mysql_type` = :datatype\n\t\t\t | parameters: wp_reviewboxdata, ReviewText, text</li>\n<li>Executing: INSERT INTO _mysql_data_types_cache (`table`, `column_or_index`, `mysql_type`)\n\t\t\t\tVALUES (:table, :column, :datatype)\n\t\t\t\tON CONFLICT(`table`, `column_or_index`) DO UPDATE SET `mysql_type` = :datatype\n\t\t\t | parameters: wp_reviewboxdata, ReviewerName, varchar(100)</li>\n<li>Executing: INSERT INTO _mysql_data_types_cache (`table`, `column_or_index`, `mysql_type`)\n\t\t\t\tVALUES (:table, :column, :datatype)\n\t\t\t\tON CONFLICT(`table`, `column_or_index`) DO UPDATE SET `mysql_type` = :datatype\n\t\t\t | parameters: wp_reviewboxdata, ReviewOrder, int</li>\n<li>Executing: INSERT INTO _mysql_data_types_cache (`table`, `column_or_index`, `mysql_type`)\n\t\t\t\tVALUES (:table, :column, :datatype)\n\t\t\t\tON CONFLICT(`table`, `column_or_index`) DO UPDATE SET `mysql_type` = :datatype\n\t\t\t | parameters: wp_reviewboxdata, IsActive, tinyint(2)</li>\n<li>Executing: INSERT INTO _mysql_data_types_cache (`table`, `column_or_index`, `mysql_type`)\n\t\t\t\tVALUES (:table, :column, :datatype)\n\t\t\t\tON CONFLICT(`table`, `column_or_index`) DO UPDATE SET `mysql_type` = :datatype\n\t\t\t | parameters: wp_reviewboxdata, SubmitDate, datetime</li>\n<li>Executing: CREATE TABLE &quot;wp_reviewboxdata&quot; (\n&quot;Id&quot; integer PRIMARY KEY AUTOINCREMENT NOT NULL ON CONFLICT REPLACE DEFAULT 0,\n&quot;ReviewBoxId&quot; integer NOT NULL ON CONFLICT REPLACE DEFAULT 0,\n&quot;ReviewText&quot; text NOT NULL ON CONFLICT REPLACE DEFAULT '' COLLATE NOCASE,\n&quot;ReviewerName&quot; text NOT NULL ON CONFLICT REPLACE DEFAULT '' COLLATE NOCASE,\n&quot;ReviewOrder&quot; integer NOT NULL ON CONFLICT REPLACE DEFAULT 0,\n&quot;IsActive&quot; integer NOT NULL ON CONFLICT REPLACE DEFAULT 0,\n&quot;SubmitDate&quot; text NOT NULL ON CONFLICT REPLACE DEFAULT '' COLLATE NOCASE) | (no parameters)</li>\n<li>Executing: CREATE  INDEX  &quot;wp_reviewboxdata__&quot; ON &quot;wp_reviewboxdata&quot; (&quot;&quot;) | (no parameters)</li>\n<li>Executing: INSERT INTO _mysql_data_types_cache (`table`, `column_or_index`, `mysql_type`)\n\t\t\t\tVALUES (:table, :column, :datatype)\n\t\t\t\tON CONFLICT(`table`, `column_or_index`) DO UPDATE SET `mysql_type` = :datatype\n\t\t\t | parameters: wp_reviewboxdata, wp_reviewboxdata__, </li>\n<li>Executing: ROLLBACK | (no parameters)</li>\n</ol>\n</div>\n<div style=\"clear:both;margin-bottom:2px;border:red dotted thin;\" class=\"error_message\" style=\"border-bottom:dotted blue thin;\">\nError occurred at line 4117 in Function <code>handle_error</code>. Error message was: SQLSTATE[23000]: Integrity constraint violation: 19 NOT NULL constraint failed: _mysql_data_types_cache.mysql_type.\n</div>\n<p>Backtrace:</p>\n<pre>#0 /internal/shared/sqlite-database-integration/wp-includes/sqlite/class-wp-sqlite-db.php(287): WP_SQLite_Translator->get_error_message()\n#1 /wordpress/wp-admin/includes/upgrade.php(3280): WP_SQLite_DB->query('CREATE TABLE wp...')\n#2 /wordpress/wp-content/plugins/reviewpopup/includes/ManageReviewBox.php(278): dbDelta(Array)\n#3 /wordpress/wp-content/plugins/reviewpopup/reviewpopup.php(454): ManageReviewBox->CreateTable()\n#4 /wordpress/wp-includes/class-wp-hook.php(324): reviewpopup_activate(false)\n#5 /wordpress/wp-includes/class-wp-hook.php(348): WP_Hook->apply_filters('', Array)\n#6 /wordpress/wp-includes/plugin.php(517): WP_Hook->do_action(Array)\n#7 /wordpress/wp-admin/includes/plugin.php(703): do_action('activate_review...', false)\n#8 /internal/eval.php(20): activate_plugin('reviewpopup/rev...')\n#9 {main}</pre>\n for query CREATE TABLE wp_reviewboxdata (Id INT NOT NULL AUTO_INCREMENT,ReviewBoxId INT NOT NULL,ReviewText text NOT NULL,ReviewerName varchar(100) NOT NULL,ReviewOrder int NOT NULL,IsActive TINYINT(2) NOT NULL,SubmitDate datetime NOT NULL,FOREIGN KEY (ReviewBoxId) REFERENCES wp_reviewboxsettings(Id) ON UPDATE CASCADE ON DELETE CASCADE,PRIMARY KEY (Id))ENGINE=INNODB made by activate_plugin, do_action('activate_reviewpopup/reviewpopup.php'), WP_Hook->do_action, WP_Hook->apply_filters, reviewpopup_activate, ManageReviewBox->CreateTable, dbDelta, WP_SQLite_DB->query, WP_SQLite_DB->print_error","log":"/logs/plugins/q/quick-review-post-access/error.json"}
,
{"message":"SQLSTATE[23000]: Integrity constraint violation: 19 NOT NULL constraint failed: _mysql_data_types_cache.mysql_type.","level":"FATAL","type":"SQL","test":"asyncify-boot","plugin":"quick-review-post-access","details":"[03-Jun-2025 07:56:04 UTC] WordPress database error <div style=\"clear:both\">&nbsp;</div>\n<div class=\"queries\" style=\"clear:both;margin-bottom:2px;border:red dotted thin;\">\n<p>MySQL query:</p>\n<p>CREATE TABLE wp_reviewboxdata (Id INT NOT NULL AUTO_INCREMENT,ReviewBoxId INT NOT NULL,ReviewText text NOT NULL,ReviewerName varchar(100) NOT NULL,ReviewOrder int NOT NULL,IsActive TINYINT(2) NOT NULL,SubmitDate datetime NOT NULL,FOREIGN KEY (ReviewBoxId) REFERENCES wp_reviewboxsettings(Id) ON UPDATE CASCADE ON DELETE CASCADE,PRIMARY KEY (Id))ENGINE=INNODB</p>\n<p>Queries made or created this session were:</p>\n<ol>\n<li>Executing: BEGIN | (no parameters)</li>\n<li>Executing: INSERT INTO _mysql_data_types_cache (`table`, `column_or_index`, `mysql_type`)\n\t\t\t\tVALUES (:table, :column, :datatype)\n\t\t\t\tON CONFLICT(`table`, `column_or_index`) DO UPDATE SET `mysql_type` = :datatype\n\t\t\t | parameters: wp_reviewboxdata, Id, int</li>\n<li>Executing: INSERT INTO _mysql_data_types_cache (`table`, `column_or_index`, `mysql_type`)\n\t\t\t\tVALUES (:table, :column, :datatype)\n\t\t\t\tON CONFLICT(`table`, `column_or_index`) DO UPDATE SET `mysql_type` = :datatype\n\t\t\t | parameters: wp_reviewboxdata, ReviewBoxId, int</li>\n<li>Executing: INSERT INTO _mysql_data_types_cache (`table`, `column_or_index`, `mysql_type`)\n\t\t\t\tVALUES (:table, :column, :datatype)\n\t\t\t\tON CONFLICT(`table`, `column_or_index`) DO UPDATE SET `mysql_type` = :datatype\n\t\t\t | parameters: wp_reviewboxdata, ReviewText, text</li>\n<li>Executing: INSERT INTO _mysql_data_types_cache (`table`, `column_or_index`, `mysql_type`)\n\t\t\t\tVALUES (:table, :column, :datatype)\n\t\t\t\tON CONFLICT(`table`, `column_or_index`) DO UPDATE SET `mysql_type` = :datatype\n\t\t\t | parameters: wp_reviewboxdata, ReviewerName, varchar(100)</li>\n<li>Executing: INSERT INTO _mysql_data_types_cache (`table`, `column_or_index`, `mysql_type`)\n\t\t\t\tVALUES (:table, :column, :datatype)\n\t\t\t\tON CONFLICT(`table`, `column_or_index`) DO UPDATE SET `mysql_type` = :datatype\n\t\t\t | parameters: wp_reviewboxdata, ReviewOrder, int</li>\n<li>Executing: INSERT INTO _mysql_data_types_cache (`table`, `column_or_index`, `mysql_type`)\n\t\t\t\tVALUES (:table, :column, :datatype)\n\t\t\t\tON CONFLICT(`table`, `column_or_index`) DO UPDATE SET `mysql_type` = :datatype\n\t\t\t | parameters: wp_reviewboxdata, IsActive, tinyint(2)</li>\n<li>Executing: INSERT INTO _mysql_data_types_cache (`table`, `column_or_index`, `mysql_type`)\n\t\t\t\tVALUES (:table, :column, :datatype)\n\t\t\t\tON CONFLICT(`table`, `column_or_index`) DO UPDATE SET `mysql_type` = :datatype\n\t\t\t | parameters: wp_reviewboxdata, SubmitDate, datetime</li>\n<li>Executing: CREATE TABLE &quot;wp_reviewboxdata&quot; (\n&quot;Id&quot; integer PRIMARY KEY AUTOINCREMENT NOT NULL ON CONFLICT REPLACE DEFAULT 0,\n&quot;ReviewBoxId&quot; integer NOT NULL ON CONFLICT REPLACE DEFAULT 0,\n&quot;ReviewText&quot; text NOT NULL ON CONFLICT REPLACE DEFAULT '' COLLATE NOCASE,\n&quot;ReviewerName&quot; text NOT NULL ON CONFLICT REPLACE DEFAULT '' COLLATE NOCASE,\n&quot;ReviewOrder&quot; integer NOT NULL ON CONFLICT REPLACE DEFAULT 0,\n&quot;IsActive&quot; integer NOT NULL ON CONFLICT REPLACE DEFAULT 0,\n&quot;SubmitDate&quot; text NOT NULL ON CONFLICT REPLACE DEFAULT '' COLLATE NOCASE) | (no parameters)</li>\n<li>Executing: CREATE  INDEX  &quot;wp_reviewboxdata__&quot; ON &quot;wp_reviewboxdata&quot; (&quot;&quot;) | (no parameters)</li>\n<li>Executing: INSERT INTO _mysql_data_types_cache (`table`, `column_or_index`, `mysql_type`)\n\t\t\t\tVALUES (:table, :column, :datatype)\n\t\t\t\tON CONFLICT(`table`, `column_or_index`) DO UPDATE SET `mysql_type` = :datatype\n\t\t\t | parameters: wp_reviewboxdata, wp_reviewboxdata__, </li>\n<li>Executing: ROLLBACK | (no parameters)</li>\n</ol>\n</div>\n<div style=\"clear:both;margin-bottom:2px;border:red dotted thin;\" class=\"error_message\" style=\"border-bottom:dotted blue thin;\">\nError occurred at line 4117 in Function <code>handle_error</code>. Error message was: SQLSTATE[23000]: Integrity constraint violation: 19 NOT NULL constraint failed: _mysql_data_types_cache.mysql_type.\n</div>\n<p>Backtrace:</p>\n<pre>#0 /internal/shared/sqlite-database-integration/wp-includes/sqlite/class-wp-sqlite-db.php(287): WP_SQLite_Translator->get_error_message()\n#1 /wordpress/wp-admin/includes/upgrade.php(3280): WP_SQLite_DB->query('CREATE TABLE wp...')\n#2 /wordpress/wp-content/plugins/reviewpopup/includes/ManageReviewBox.php(278): dbDelta(Array)\n#3 /wordpress/wp-content/plugins/reviewpopup/reviewpopup.php(454): ManageReviewBox->CreateTable()\n#4 /wordpress/wp-includes/class-wp-hook.php(324): reviewpopup_activate(false)\n#5 /wordpress/wp-includes/class-wp-hook.php(348): WP_Hook->apply_filters('', Array)\n#6 /wordpress/wp-includes/plugin.php(517): WP_Hook->do_action(Array)\n#7 /wordpress/wp-admin/includes/plugin.php(703): do_action('activate_review...', false)\n#8 /internal/eval.php(20): activate_plugin('reviewpopup/rev...')\n#9 {main}</pre>\n for query CREATE TABLE wp_reviewboxdata (Id INT NOT NULL AUTO_INCREMENT,ReviewBoxId INT NOT NULL,ReviewText text NOT NULL,ReviewerName varchar(100) NOT NULL,ReviewOrder int NOT NULL,IsActive TINYINT(2) NOT NULL,SubmitDate datetime NOT NULL,FOREIGN KEY (ReviewBoxId) REFERENCES wp_reviewboxsettings(Id) ON UPDATE CASCADE ON DELETE CASCADE,PRIMARY KEY (Id))ENGINE=INNODB made by activate_plugin, do_action('activate_reviewpopup/reviewpopup.php'), WP_Hook->do_action, WP_Hook->apply_filters, reviewpopup_activate, ManageReviewBox->CreateTable, dbDelta, WP_SQLite_DB->query, WP_SQLite_DB->print_error","log":"/logs/plugins/q/quick-review-post-access/error.json"}
,
{"message":"Function _load_textdomain_just_in_time was called <strong>incorrectly</strong>. Translation loading for the <code>rfs-email-verification-for-gravity-forms</code> domain was triggered too early. This is usually an indicator for some code in the plugin or theme running too early. Translations should be loaded at the <code>init</code> action or later. Please see <a href=\"https://developer.wordpress.org/advanced-administration/debug/debug-wordpress/\">Debugging in WordPress</a> for more information. (This message was added in version 6.7.0.) in /wordpress/wp-includes/functions.php on line 6121","level":"NOTICE","type":"PHP","test":"asyncify-boot","plugin":"quick-review-post-access","details":"[03-Jun-2025 07:56:37 UTC] PHP Notice:  Function _load_textdomain_just_in_time was called <strong>incorrectly</strong>. Translation loading for the <code>rfs-email-verification-for-gravity-forms</code> domain was triggered too early. This is usually an indicator for some code in the plugin or theme running too early. Translations should be loaded at the <code>init</code> action or later. Please see <a href=\"https://developer.wordpress.org/advanced-administration/debug/debug-wordpress/\">Debugging in WordPress</a> for more information. (This message was added in version 6.7.0.) in /wordpress/wp-includes/functions.php on line 6121","log":"/logs/plugins/q/quick-review-post-access/error.json"}
,
{"message":"Function _load_textdomain_just_in_time was called <strong>incorrectly</strong>. Translation loading for the <code>rfs-email-verification-for-gravity-forms</code> domain was triggered too early. This is usually an indicator for some code in the plugin or theme running too early. Translations should be loaded at the <code>init</code> action or later. Please see <a href=\"https://developer.wordpress.org/advanced-administration/debug/debug-wordpress/\">Debugging in WordPress</a> for more information. (This message was added in version 6.7.0.) in /wordpress/wp-includes/functions.php on line 6121","level":"NOTICE","type":"PHP","test":"asyncify-boot","plugin":"quick-review-post-access","details":"[03-Jun-2025 07:56:45 UTC] PHP Notice:  Function _load_textdomain_just_in_time was called <strong>incorrectly</strong>. Translation loading for the <code>rfs-email-verification-for-gravity-forms</code> domain was triggered too early. This is usually an indicator for some code in the plugin or theme running too early. Translations should be loaded at the <code>init</code> action or later. Please see <a href=\"https://developer.wordpress.org/advanced-administration/debug/debug-wordpress/\">Debugging in WordPress</a> for more information. (This message was added in version 6.7.0.) in /wordpress/wp-includes/functions.php on line 6121","log":"/logs/plugins/q/quick-review-post-access/error.json"}
,
{"message":"Function _load_textdomain_just_in_time was called <strong>incorrectly</strong>. Translation loading for the <code>rfs-email-verification-for-gravity-forms</code> domain was triggered too early. This is usually an indicator for some code in the plugin or theme running too early. Translations should be loaded at the <code>init</code> action or later. Please see <a href=\"https://developer.wordpress.org/advanced-administration/debug/debug-wordpress/\">Debugging in WordPress</a> for more information. (This message was added in version 6.7.0.) in /wordpress/wp-includes/functions.php on line 6121","level":"NOTICE","type":"PHP","test":"asyncify-boot","plugin":"quick-review-post-access","details":"[03-Jun-2025 07:56:55 UTC] PHP Notice:  Function _load_textdomain_just_in_time was called <strong>incorrectly</strong>. Translation loading for the <code>rfs-email-verification-for-gravity-forms</code> domain was triggered too early. This is usually an indicator for some code in the plugin or theme running too early. Translations should be loaded at the <code>init</code> action or later. Please see <a href=\"https://developer.wordpress.org/advanced-administration/debug/debug-wordpress/\">Debugging in WordPress</a> for more information. (This message was added in version 6.7.0.) in /wordpress/wp-includes/functions.php on line 6121","log":"/logs/plugins/q/quick-review-post-access/error.json"}
,
{"message":"Uncaught Error: Non-static method TCR_QuickDraftsAccess::init() cannot be called statically in /wordpress/wp-content/plugins/quick-review-post-access/Quick_Review_Post_Access.php:59","level":"FATAL","type":"PHP","test":"asyncify-boot","plugin":"quick-review-post-access","details":"[03-Jun-2025 08:00:18 UTC] PHP Fatal error:  Uncaught Error: Non-static method TCR_QuickDraftsAccess::init() cannot be called statically in /wordpress/wp-content/plugins/quick-review-post-access/Quick_Review_Post_Access.php:59\nStack trace:\n#0 /wordpress/wp-admin/includes/plugin.php(2387): include_once()\n#1 /wordpress/wp-admin/includes/plugin.php(673): plugin_sandbox_scrape('quick-review-po...')\n#2 /internal/eval.php(20): activate_plugin('quick-review-po...')\n#3 {main}\n  thrown in /wordpress/wp-content/plugins/quick-review-post-access/Quick_Review_Post_Access.php on line 59","log":"/logs/plugins/q/quick-review-post-access/error.json"}
,
{"message":"Uncaught Error: Non-static method TCR_QuickDraftsAccess::init() cannot be called statically in /wordpress/wp-content/plugins/quick-review-post-access/Quick_Review_Post_Access.php:59","level":"FATAL","type":"PHP","test":"asyncify-boot","plugin":"quick-review-post-access","details":"[03-Jun-2025 08:00:26 UTC] PHP Fatal error:  Uncaught Error: Non-static method TCR_QuickDraftsAccess::init() cannot be called statically in /wordpress/wp-content/plugins/quick-review-post-access/Quick_Review_Post_Access.php:59\nStack trace:\n#0 /wordpress/wp-admin/includes/plugin.php(2387): include_once()\n#1 /wordpress/wp-admin/includes/plugin.php(673): plugin_sandbox_scrape('quick-review-po...')\n#2 /internal/eval.php(20): activate_plugin('quick-review-po...')\n#3 {main}\n  thrown in /wordpress/wp-content/plugins/quick-review-post-access/Quick_Review_Post_Access.php on line 59\n\n    at Object.onBind (file:///home/runner/work/playground-tester/playground-tester/node_modules/@wp-playground/cli/index.js:237:15)\n    at process.processTicksAndRejections (node:internal/process/task_queues:105:5)\n    at async V (file:///home/runner/work/playground-tester/playground-tester/node_modules/@wp-playground/cli/index.js:64:10)\n    at async ja (file:///home/runner/work/playground-tester/playground-tester/node_modules/@wp-playground/cli/cli.js:8161:12) {\n  [cause]: Error: Error when executing the blueprint step #1 ({\"step\":\"installPlugin\",\"pluginData\":{\"resource\":\"wordpress.org/plugins\",\"slug\":\"quick-review-post-access\"},\"options\":{\"activate\":true}}) : PHP.run() failed with exit code 255 and the following output: \n      at Object.run (file:///home/runner/work/playground-tester/playground-tester/node_modules/@wp-playground/blueprints/index.js:12449:19)\n      at process.processTicksAndRejections (node:internal/process/task_queues:105:5)\n      at async ms (file:///home/runner/work/playground-tester/playground-tester/node_modules/@wp-playground/blueprints/index.js:12552:3)\n      ... 2 lines matching cause stack trace ...\n      at async ja (file:///home/runner/work/playground-tester/playground-tester/node_modules/@wp-playground/cli/cli.js:8161:12) {\n    [cause]: PHPExecutionFailureError: PHP.run() failed with exit code 255 and the following output: \n        at PHP.run (file:///home/runner/work/playground-tester/playground-tester/node_modules/@php-wasm/universal/index.js:987:19)\n        at process.processTicksAndRejections (node:internal/process/task_queues:105:5)\n        at async wr (file:///home/runner/work/playground-tester/playground-tester/node_modules/@wp-playground/blueprints/index.js:33:39)\n        at async Object.gt [as installPlugin] (file:///home/runner/work/playground-tester/playground-tester/node_modules/@wp-playground/blueprints/index.js:974:42)\n        at async g (file:///home/runner/work/playground-tester/playground-tester/node_modules/@wp-playground/blueprints/index.js:12517:30)\n        at async Object.run (file:///home/runner/work/playground-tester/playground-tester/node_modules/@wp-playground/blueprints/index.js:12446:23)\n        at async ms (file:///home/runner/work/playground-tester/playground-tester/node_modules/@wp-playground/blueprints/index.js:12552:3)\n        at async Object.onBind (file:///home/runner/work/playground-tester/playground-tester/node_modules/@wp-playground/cli/index.js:227:48)\n        at async V (file:///home/runner/work/playground-tester/playground-tester/node_modules/@wp-playground/cli/index.js:64:10)\n        at async ja (file:///home/runner/work/playground-tester/playground-tester/node_modules/@wp-playground/cli/cli.js:8161:12) {\n      response: PHPResponse {\n        httpStatusCode: 500,\n        headers: {\n          'x-powered-by': [ 'PHP/8.0.30-dev' ],\n          'content-type': [ 'text/html; charset=UTF-8' ]\n        },\n        bytes: Uint8Array(0) [],\n        exitCode: 255,\n        errors: ''\n      },\n      source: 'request'\n    }\n  }\n}\n\n","log":"/logs/plugins/q/quick-review-post-access/error.json"}
]
