[
{"message":"file:///home/runner/work/playground-tester/playground-tester/node_modules/@wp-playground/cli/run-cli-j-geJYS3.js:325\n        throw new Error($, { cause: h });\n              ^\n","level":"FATAL","type":"PLAYGROUND","test":"jspi-boot","plugin":"kaze-plugin","details":"file:///home/runner/work/playground-tester/playground-tester/node_modules/@wp-playground/cli/run-cli-j-geJYS3.js:325\n        throw new Error($, { cause: h });\n              ^\n","log":"/tmp/tmp.lmJjNEmjSY"}
,
{"message":"Uncaught Error: Call to undefined function create_function() in /wordpress/wp-content/plugins/mycommentauthors/mycommentauthors.php:263","level":"FATAL","type":"PHP","test":"jspi-boot","plugin":"kaze-plugin","details":"[04-Jul-2025 16:56:25 UTC] PHP Fatal error:  Uncaught Error: Call to undefined function create_function() in /wordpress/wp-content/plugins/mycommentauthors/mycommentauthors.php:263\nStack trace:\n#0 /wordpress/wp-admin/includes/plugin.php(2387): include_once()\n#1 /wordpress/wp-admin/includes/plugin.php(673): plugin_sandbox_scrape('mycommentauthor...')\n#2 /internal/eval.php(20): activate_plugin('mycommentauthor...')\n#3 {main}\n  thrown in /wordpress/wp-content/plugins/mycommentauthors/mycommentauthors.php on line 263","log":"/logs/plugins/k/kaze-plugin/error.json"}
,
{"message":"Uncaught Error: Call to undefined function create_function() in /wordpress/wp-content/plugins/mycommentauthors/mycommentauthors.php:263","level":"FATAL","type":"PHP","test":"jspi-boot","plugin":"kaze-plugin","details":"[04-Jul-2025 16:56:32 UTC] PHP Fatal error:  Uncaught Error: Call to undefined function create_function() in /wordpress/wp-content/plugins/mycommentauthors/mycommentauthors.php:263\nStack trace:\n#0 /wordpress/wp-admin/includes/plugin.php(2387): include_once()\n#1 /wordpress/wp-admin/includes/plugin.php(673): plugin_sandbox_scrape('mycommentauthor...')\n#2 /internal/eval.php(20): activate_plugin('mycommentauthor...')\n#3 {main}\n  thrown in /wordpress/wp-content/plugins/mycommentauthors/mycommentauthors.php on line 263","log":"/logs/plugins/k/kaze-plugin/error.json"}
,
{"message":"Uncaught Error: Call to undefined function create_function() in /wordpress/wp-content/plugins/mycommentauthors/mycommentauthors.php:263","level":"FATAL","type":"PHP","test":"jspi-boot","plugin":"kaze-plugin","details":"[04-Jul-2025 16:56:41 UTC] PHP Fatal error:  Uncaught Error: Call to undefined function create_function() in /wordpress/wp-content/plugins/mycommentauthors/mycommentauthors.php:263\nStack trace:\n#0 /wordpress/wp-admin/includes/plugin.php(2387): include_once()\n#1 /wordpress/wp-admin/includes/plugin.php(673): plugin_sandbox_scrape('mycommentauthor...')\n#2 /internal/eval.php(20): activate_plugin('mycommentauthor...')\n#3 {main}\n  thrown in /wordpress/wp-content/plugins/mycommentauthors/mycommentauthors.php on line 263","log":"/logs/plugins/k/kaze-plugin/error.json"}
,
{"message":"Attempt to read property \"updates\" on bool in /wordpress/wp-content/plugins/mypluginsafeupgrade/mypluginsafeupgrade.php on line 39","level":"WARNING","type":"PHP","test":"jspi-boot","plugin":"kaze-plugin","details":"[04-Jul-2025 16:57:17 UTC] PHP Warning:  Attempt to read property \"updates\" on bool in /wordpress/wp-content/plugins/mypluginsafeupgrade/mypluginsafeupgrade.php on line 39","log":"/logs/plugins/k/kaze-plugin/error.json"}
,
{"message":"Trying to access array offset on value of type null in /wordpress/wp-content/plugins/mypluginsafeupgrade/mypluginsafeupgrade.php on line 39","level":"WARNING","type":"PHP","test":"jspi-boot","plugin":"kaze-plugin","details":"[04-Jul-2025 16:57:17 UTC] PHP Warning:  Trying to access array offset on value of type null in /wordpress/wp-content/plugins/mypluginsafeupgrade/mypluginsafeupgrade.php on line 39","log":"/logs/plugins/k/kaze-plugin/error.json"}
,
{"message":"Attempt to read property \"current\" on null in /wordpress/wp-content/plugins/mypluginsafeupgrade/mypluginsafeupgrade.php on line 39","level":"WARNING","type":"PHP","test":"jspi-boot","plugin":"kaze-plugin","details":"[04-Jul-2025 16:57:17 UTC] PHP Warning:  Attempt to read property \"current\" on null in /wordpress/wp-content/plugins/mypluginsafeupgrade/mypluginsafeupgrade.php on line 39","log":"/logs/plugins/k/kaze-plugin/error.json"}
,
{"message":"Uncaught Error: Undefined constant \"MYPLUGINSAFEUPGRADE_LINK\" in /wordpress/wp-content/plugins/mypluginsafeupgrade/mypluginsafeupgrade.php:49","level":"FATAL","type":"PHP","test":"jspi-boot","plugin":"kaze-plugin","details":"[04-Jul-2025 16:57:17 UTC] PHP Fatal error:  Uncaught Error: Undefined constant \"MYPLUGINSAFEUPGRADE_LINK\" in /wordpress/wp-content/plugins/mypluginsafeupgrade/mypluginsafeupgrade.php:49\nStack trace:\n#0 /wordpress/wp-admin/includes/plugin.php(2387): include_once()\n#1 /wordpress/wp-admin/includes/plugin.php(673): plugin_sandbox_scrape('mypluginsafeupg...')\n#2 /internal/eval.php(20): activate_plugin('mypluginsafeupg...')\n#3 {main}\n  thrown in /wordpress/wp-content/plugins/mypluginsafeupgrade/mypluginsafeupgrade.php on line 49","log":"/logs/plugins/k/kaze-plugin/error.json"}
,
{"message":"Attempt to read property \"updates\" on bool in /wordpress/wp-content/plugins/mypluginsafeupgrade/mypluginsafeupgrade.php on line 39","level":"WARNING","type":"PHP","test":"jspi-boot","plugin":"kaze-plugin","details":"[04-Jul-2025 16:57:26 UTC] PHP Warning:  Attempt to read property \"updates\" on bool in /wordpress/wp-content/plugins/mypluginsafeupgrade/mypluginsafeupgrade.php on line 39","log":"/logs/plugins/k/kaze-plugin/error.json"}
,
{"message":"Trying to access array offset on value of type null in /wordpress/wp-content/plugins/mypluginsafeupgrade/mypluginsafeupgrade.php on line 39","level":"WARNING","type":"PHP","test":"jspi-boot","plugin":"kaze-plugin","details":"[04-Jul-2025 16:57:26 UTC] PHP Warning:  Trying to access array offset on value of type null in /wordpress/wp-content/plugins/mypluginsafeupgrade/mypluginsafeupgrade.php on line 39","log":"/logs/plugins/k/kaze-plugin/error.json"}
,
{"message":"Attempt to read property \"current\" on null in /wordpress/wp-content/plugins/mypluginsafeupgrade/mypluginsafeupgrade.php on line 39","level":"WARNING","type":"PHP","test":"jspi-boot","plugin":"kaze-plugin","details":"[04-Jul-2025 16:57:26 UTC] PHP Warning:  Attempt to read property \"current\" on null in /wordpress/wp-content/plugins/mypluginsafeupgrade/mypluginsafeupgrade.php on line 39","log":"/logs/plugins/k/kaze-plugin/error.json"}
,
{"message":"Uncaught Error: Undefined constant \"MYPLUGINSAFEUPGRADE_LINK\" in /wordpress/wp-content/plugins/mypluginsafeupgrade/mypluginsafeupgrade.php:49","level":"FATAL","type":"PHP","test":"jspi-boot","plugin":"kaze-plugin","details":"[04-Jul-2025 16:57:26 UTC] PHP Fatal error:  Uncaught Error: Undefined constant \"MYPLUGINSAFEUPGRADE_LINK\" in /wordpress/wp-content/plugins/mypluginsafeupgrade/mypluginsafeupgrade.php:49\nStack trace:\n#0 /wordpress/wp-admin/includes/plugin.php(2387): include_once()\n#1 /wordpress/wp-admin/includes/plugin.php(673): plugin_sandbox_scrape('mypluginsafeupg...')\n#2 /internal/eval.php(20): activate_plugin('mypluginsafeupg...')\n#3 {main}\n  thrown in /wordpress/wp-content/plugins/mypluginsafeupgrade/mypluginsafeupgrade.php on line 49","log":"/logs/plugins/k/kaze-plugin/error.json"}
,
{"message":"Attempt to read property \"updates\" on bool in /wordpress/wp-content/plugins/mypluginsafeupgrade/mypluginsafeupgrade.php on line 39","level":"WARNING","type":"PHP","test":"jspi-boot","plugin":"kaze-plugin","details":"[04-Jul-2025 16:57:35 UTC] PHP Warning:  Attempt to read property \"updates\" on bool in /wordpress/wp-content/plugins/mypluginsafeupgrade/mypluginsafeupgrade.php on line 39","log":"/logs/plugins/k/kaze-plugin/error.json"}
,
{"message":"Trying to access array offset on value of type null in /wordpress/wp-content/plugins/mypluginsafeupgrade/mypluginsafeupgrade.php on line 39","level":"WARNING","type":"PHP","test":"jspi-boot","plugin":"kaze-plugin","details":"[04-Jul-2025 16:57:35 UTC] PHP Warning:  Trying to access array offset on value of type null in /wordpress/wp-content/plugins/mypluginsafeupgrade/mypluginsafeupgrade.php on line 39","log":"/logs/plugins/k/kaze-plugin/error.json"}
,
{"message":"Attempt to read property \"current\" on null in /wordpress/wp-content/plugins/mypluginsafeupgrade/mypluginsafeupgrade.php on line 39","level":"WARNING","type":"PHP","test":"jspi-boot","plugin":"kaze-plugin","details":"[04-Jul-2025 16:57:35 UTC] PHP Warning:  Attempt to read property \"current\" on null in /wordpress/wp-content/plugins/mypluginsafeupgrade/mypluginsafeupgrade.php on line 39","log":"/logs/plugins/k/kaze-plugin/error.json"}
,
{"message":"Uncaught Error: Undefined constant \"MYPLUGINSAFEUPGRADE_LINK\" in /wordpress/wp-content/plugins/mypluginsafeupgrade/mypluginsafeupgrade.php:49","level":"FATAL","type":"PHP","test":"jspi-boot","plugin":"kaze-plugin","details":"[04-Jul-2025 16:57:35 UTC] PHP Fatal error:  Uncaught Error: Undefined constant \"MYPLUGINSAFEUPGRADE_LINK\" in /wordpress/wp-content/plugins/mypluginsafeupgrade/mypluginsafeupgrade.php:49\nStack trace:\n#0 /wordpress/wp-admin/includes/plugin.php(2387): include_once()\n#1 /wordpress/wp-admin/includes/plugin.php(673): plugin_sandbox_scrape('mypluginsafeupg...')\n#2 /internal/eval.php(20): activate_plugin('mypluginsafeupg...')\n#3 {main}\n  thrown in /wordpress/wp-content/plugins/mypluginsafeupgrade/mypluginsafeupgrade.php on line 49","log":"/logs/plugins/k/kaze-plugin/error.json"}
,
{"message":"Uncaught PDOException: SQLSTATE[HY000] [2002] Address family not supported by protocol in /wordpress/wp-content/plugins/kahanit-wp-fw/library/Zend/Db/Adapter/Pdo/Abstract.php:128","level":"FATAL","type":"PHP","test":"jspi-boot","plugin":"kaze-plugin","details":"[04-Jul-2025 16:57:45 UTC] PHP Fatal error:  Uncaught PDOException: SQLSTATE[HY000] [2002] Address family not supported by protocol in /wordpress/wp-content/plugins/kahanit-wp-fw/library/Zend/Db/Adapter/Pdo/Abstract.php:128\nStack trace:\n#0 /wordpress/wp-content/plugins/kahanit-wp-fw/library/Zend/Db/Adapter/Pdo/Abstract.php(128): PDO->__construct('mysql:host=loca...', 'username_here', 'password_here', Array)\n#1 /wordpress/wp-content/plugins/kahanit-wp-fw/library/Zend/Db/Adapter/Pdo/Mysql.php(109): Zend_Db_Adapter_Pdo_Abstract->_connect()\n#2 /wordpress/wp-content/plugins/kahanit-wp-fw/library/Zend/Db/Adapter/Abstract.php(459): Zend_Db_Adapter_Pdo_Mysql->_connect()\n#3 /wordpress/wp-content/plugins/kahanit-wp-fw/library/Zend/Db/Adapter/Pdo/Abstract.php(238): Zend_Db_Adapter_Abstract->query('\\r\\nCREATE TABLE ...', Array)\n#4 /wordpress/wp-content/plugins/kahanit-wp-fw/kahanit-wp-fw.php(181): Zend_Db_Adapter_Pdo_Abstract->query('\\r\\nCREATE TABLE ...')\n#5 /wordpress/wp-content/plugins/kahanit-wp-fw/kahanit-wp-fw.php(94): Kahanit_WP_FW_Admin->install()\n#6 /wordpress/wp-content/plugins/kahanit-wp-fw/kahanit-wp-fw.php(217): Kahanit_WP_FW_Admin->__construct()\n#7 /wordpress/wp-admin/includes/plugin.php(2387): include_once('/wordpress/wp-c...')\n#8 /wordpress/wp-admin/includes/plugin.php(673): plugin_sandbox_scrape('kahanit-wp-fw/k...')\n#9 /internal/eval.php(20): activate_plugin('kahanit-wp-fw/k...')\n#10 {main}\n\nNext Zend_Db_Adapter_Exception: SQLSTATE[HY000] [2002] Address family not supported by protocol in /wordpress/wp-content/plugins/kahanit-wp-fw/library/Zend/Db/Adapter/Pdo/Abstract.php:144\nStack trace:\n#0 /wordpress/wp-content/plugins/kahanit-wp-fw/library/Zend/Db/Adapter/Pdo/Mysql.php(109): Zend_Db_Adapter_Pdo_Abstract->_connect()\n#1 /wordpress/wp-content/plugins/kahanit-wp-fw/library/Zend/Db/Adapter/Abstract.php(459): Zend_Db_Adapter_Pdo_Mysql->_connect()\n#2 /wordpress/wp-content/plugins/kahanit-wp-fw/library/Zend/Db/Adapter/Pdo/Abstract.php(238): Zend_Db_Adapter_Abstract->query('\\r\\nCREATE TABLE ...', Array)\n#3 /wordpress/wp-content/plugins/kahanit-wp-fw/kahanit-wp-fw.php(181): Zend_Db_Adapter_Pdo_Abstract->query('\\r\\nCREATE TABLE ...')\n#4 /wordpress/wp-content/plugins/kahanit-wp-fw/kahanit-wp-fw.php(94): Kahanit_WP_FW_Admin->install()\n#5 /wordpress/wp-content/plugins/kahanit-wp-fw/kahanit-wp-fw.php(217): Kahanit_WP_FW_Admin->__construct()\n#6 /wordpress/wp-admin/includes/plugin.php(2387): include_once('/wordpress/wp-c...')\n#7 /wordpress/wp-admin/includes/plugin.php(673): plugin_sandbox_scrape('kahanit-wp-fw/k...')\n#8 /internal/eval.php(20): activate_plugin('kahanit-wp-fw/k...')\n#9 {main}\n  thrown in /wordpress/wp-content/plugins/kahanit-wp-fw/library/Zend/Db/Adapter/Pdo/Abstract.php on line 144","log":"/logs/plugins/k/kaze-plugin/error.json"}
,
{"message":"Uncaught PDOException: SQLSTATE[HY000] [2002] Address family not supported by protocol in /wordpress/wp-content/plugins/kahanit-wp-fw/library/Zend/Db/Adapter/Pdo/Abstract.php:128","level":"FATAL","type":"PHP","test":"jspi-boot","plugin":"kaze-plugin","details":"[04-Jul-2025 16:57:55 UTC] PHP Fatal error:  Uncaught PDOException: SQLSTATE[HY000] [2002] Address family not supported by protocol in /wordpress/wp-content/plugins/kahanit-wp-fw/library/Zend/Db/Adapter/Pdo/Abstract.php:128\nStack trace:\n#0 /wordpress/wp-content/plugins/kahanit-wp-fw/library/Zend/Db/Adapter/Pdo/Abstract.php(128): PDO->__construct('mysql:host=loca...', 'username_here', 'password_here', Array)\n#1 /wordpress/wp-content/plugins/kahanit-wp-fw/library/Zend/Db/Adapter/Pdo/Mysql.php(109): Zend_Db_Adapter_Pdo_Abstract->_connect()\n#2 /wordpress/wp-content/plugins/kahanit-wp-fw/library/Zend/Db/Adapter/Abstract.php(459): Zend_Db_Adapter_Pdo_Mysql->_connect()\n#3 /wordpress/wp-content/plugins/kahanit-wp-fw/library/Zend/Db/Adapter/Pdo/Abstract.php(238): Zend_Db_Adapter_Abstract->query('\\r\\nCREATE TABLE ...', Array)\n#4 /wordpress/wp-content/plugins/kahanit-wp-fw/kahanit-wp-fw.php(181): Zend_Db_Adapter_Pdo_Abstract->query('\\r\\nCREATE TABLE ...')\n#5 /wordpress/wp-content/plugins/kahanit-wp-fw/kahanit-wp-fw.php(94): Kahanit_WP_FW_Admin->install()\n#6 /wordpress/wp-content/plugins/kahanit-wp-fw/kahanit-wp-fw.php(217): Kahanit_WP_FW_Admin->__construct()\n#7 /wordpress/wp-admin/includes/plugin.php(2387): include_once('/wordpress/wp-c...')\n#8 /wordpress/wp-admin/includes/plugin.php(673): plugin_sandbox_scrape('kahanit-wp-fw/k...')\n#9 /internal/eval.php(20): activate_plugin('kahanit-wp-fw/k...')\n#10 {main}\n\nNext Zend_Db_Adapter_Exception: SQLSTATE[HY000] [2002] Address family not supported by protocol in /wordpress/wp-content/plugins/kahanit-wp-fw/library/Zend/Db/Adapter/Pdo/Abstract.php:144\nStack trace:\n#0 /wordpress/wp-content/plugins/kahanit-wp-fw/library/Zend/Db/Adapter/Pdo/Mysql.php(109): Zend_Db_Adapter_Pdo_Abstract->_connect()\n#1 /wordpress/wp-content/plugins/kahanit-wp-fw/library/Zend/Db/Adapter/Abstract.php(459): Zend_Db_Adapter_Pdo_Mysql->_connect()\n#2 /wordpress/wp-content/plugins/kahanit-wp-fw/library/Zend/Db/Adapter/Pdo/Abstract.php(238): Zend_Db_Adapter_Abstract->query('\\r\\nCREATE TABLE ...', Array)\n#3 /wordpress/wp-content/plugins/kahanit-wp-fw/kahanit-wp-fw.php(181): Zend_Db_Adapter_Pdo_Abstract->query('\\r\\nCREATE TABLE ...')\n#4 /wordpress/wp-content/plugins/kahanit-wp-fw/kahanit-wp-fw.php(94): Kahanit_WP_FW_Admin->install()\n#5 /wordpress/wp-content/plugins/kahanit-wp-fw/kahanit-wp-fw.php(217): Kahanit_WP_FW_Admin->__construct()\n#6 /wordpress/wp-admin/includes/plugin.php(2387): include_once('/wordpress/wp-c...')\n#7 /wordpress/wp-admin/includes/plugin.php(673): plugin_sandbox_scrape('kahanit-wp-fw/k...')\n#8 /internal/eval.php(20): activate_plugin('kahanit-wp-fw/k...')\n#9 {main}\n  thrown in /wordpress/wp-content/plugins/kahanit-wp-fw/library/Zend/Db/Adapter/Pdo/Abstract.php on line 144","log":"/logs/plugins/k/kaze-plugin/error.json"}
,
{"message":"Uncaught PDOException: SQLSTATE[HY000] [2002] Address family not supported by protocol in /wordpress/wp-content/plugins/kahanit-wp-fw/library/Zend/Db/Adapter/Pdo/Abstract.php:128","level":"FATAL","type":"PHP","test":"jspi-boot","plugin":"kaze-plugin","details":"[04-Jul-2025 16:58:05 UTC] PHP Fatal error:  Uncaught PDOException: SQLSTATE[HY000] [2002] Address family not supported by protocol in /wordpress/wp-content/plugins/kahanit-wp-fw/library/Zend/Db/Adapter/Pdo/Abstract.php:128\nStack trace:\n#0 /wordpress/wp-content/plugins/kahanit-wp-fw/library/Zend/Db/Adapter/Pdo/Abstract.php(128): PDO->__construct('mysql:host=loca...', 'username_here', 'password_here', Array)\n#1 /wordpress/wp-content/plugins/kahanit-wp-fw/library/Zend/Db/Adapter/Pdo/Mysql.php(109): Zend_Db_Adapter_Pdo_Abstract->_connect()\n#2 /wordpress/wp-content/plugins/kahanit-wp-fw/library/Zend/Db/Adapter/Abstract.php(459): Zend_Db_Adapter_Pdo_Mysql->_connect()\n#3 /wordpress/wp-content/plugins/kahanit-wp-fw/library/Zend/Db/Adapter/Pdo/Abstract.php(238): Zend_Db_Adapter_Abstract->query('\\r\\nCREATE TABLE ...', Array)\n#4 /wordpress/wp-content/plugins/kahanit-wp-fw/kahanit-wp-fw.php(181): Zend_Db_Adapter_Pdo_Abstract->query('\\r\\nCREATE TABLE ...')\n#5 /wordpress/wp-content/plugins/kahanit-wp-fw/kahanit-wp-fw.php(94): Kahanit_WP_FW_Admin->install()\n#6 /wordpress/wp-content/plugins/kahanit-wp-fw/kahanit-wp-fw.php(217): Kahanit_WP_FW_Admin->__construct()\n#7 /wordpress/wp-admin/includes/plugin.php(2387): include_once('/wordpress/wp-c...')\n#8 /wordpress/wp-admin/includes/plugin.php(673): plugin_sandbox_scrape('kahanit-wp-fw/k...')\n#9 /internal/eval.php(20): activate_plugin('kahanit-wp-fw/k...')\n#10 {main}\n\nNext Zend_Db_Adapter_Exception: SQLSTATE[HY000] [2002] Address family not supported by protocol in /wordpress/wp-content/plugins/kahanit-wp-fw/library/Zend/Db/Adapter/Pdo/Abstract.php:144\nStack trace:\n#0 /wordpress/wp-content/plugins/kahanit-wp-fw/library/Zend/Db/Adapter/Pdo/Mysql.php(109): Zend_Db_Adapter_Pdo_Abstract->_connect()\n#1 /wordpress/wp-content/plugins/kahanit-wp-fw/library/Zend/Db/Adapter/Abstract.php(459): Zend_Db_Adapter_Pdo_Mysql->_connect()\n#2 /wordpress/wp-content/plugins/kahanit-wp-fw/library/Zend/Db/Adapter/Pdo/Abstract.php(238): Zend_Db_Adapter_Abstract->query('\\r\\nCREATE TABLE ...', Array)\n#3 /wordpress/wp-content/plugins/kahanit-wp-fw/kahanit-wp-fw.php(181): Zend_Db_Adapter_Pdo_Abstract->query('\\r\\nCREATE TABLE ...')\n#4 /wordpress/wp-content/plugins/kahanit-wp-fw/kahanit-wp-fw.php(94): Kahanit_WP_FW_Admin->install()\n#5 /wordpress/wp-content/plugins/kahanit-wp-fw/kahanit-wp-fw.php(217): Kahanit_WP_FW_Admin->__construct()\n#6 /wordpress/wp-admin/includes/plugin.php(2387): include_once('/wordpress/wp-c...')\n#7 /wordpress/wp-admin/includes/plugin.php(673): plugin_sandbox_scrape('kahanit-wp-fw/k...')\n#8 /internal/eval.php(20): activate_plugin('kahanit-wp-fw/k...')\n#9 {main}\n  thrown in /wordpress/wp-content/plugins/kahanit-wp-fw/library/Zend/Db/Adapter/Pdo/Abstract.php on line 144","log":"/logs/plugins/k/kaze-plugin/error.json"}
,
{"message":"Function register_sidebar_widget is <strong>deprecated</strong> since version 2.8.0! Use wp_register_sidebar_widget() instead. in /wordpress/wp-includes/functions.php on line 6121","level":"DEPRECATED","type":"PHP","test":"jspi-boot","plugin":"kaze-plugin","details":"[04-Jul-2025 16:58:44 UTC] PHP Deprecated:  Function register_sidebar_widget is <strong>deprecated</strong> since version 2.8.0! Use wp_register_sidebar_widget() instead. in /wordpress/wp-includes/functions.php on line 6121","log":"/logs/plugins/k/kaze-plugin/error.json"}
,
{"message":"Function register_widget_control is <strong>deprecated</strong> since version 2.8.0! Use wp_register_widget_control() instead. in /wordpress/wp-includes/functions.php on line 6121","level":"DEPRECATED","type":"PHP","test":"jspi-boot","plugin":"kaze-plugin","details":"[04-Jul-2025 16:58:44 UTC] PHP Deprecated:  Function register_widget_control is <strong>deprecated</strong> since version 2.8.0! Use wp_register_widget_control() instead. in /wordpress/wp-includes/functions.php on line 6121","log":"/logs/plugins/k/kaze-plugin/error.json"}
,
{"message":"Function register_sidebar_widget is <strong>deprecated</strong> since version 2.8.0! Use wp_register_sidebar_widget() instead. in /wordpress/wp-includes/functions.php on line 6121","level":"DEPRECATED","type":"PHP","test":"jspi-boot","plugin":"kaze-plugin","details":"[04-Jul-2025 16:58:53 UTC] PHP Deprecated:  Function register_sidebar_widget is <strong>deprecated</strong> since version 2.8.0! Use wp_register_sidebar_widget() instead. in /wordpress/wp-includes/functions.php on line 6121","log":"/logs/plugins/k/kaze-plugin/error.json"}
,
{"message":"Function register_widget_control is <strong>deprecated</strong> since version 2.8.0! Use wp_register_widget_control() instead. in /wordpress/wp-includes/functions.php on line 6121","level":"DEPRECATED","type":"PHP","test":"jspi-boot","plugin":"kaze-plugin","details":"[04-Jul-2025 16:58:53 UTC] PHP Deprecated:  Function register_widget_control is <strong>deprecated</strong> since version 2.8.0! Use wp_register_widget_control() instead. in /wordpress/wp-includes/functions.php on line 6121","log":"/logs/plugins/k/kaze-plugin/error.json"}
,
{"message":"Function register_sidebar_widget is <strong>deprecated</strong> since version 2.8.0! Use wp_register_sidebar_widget() instead. in /wordpress/wp-includes/functions.php on line 6121","level":"DEPRECATED","type":"PHP","test":"jspi-boot","plugin":"kaze-plugin","details":"[04-Jul-2025 16:59:01 UTC] PHP Deprecated:  Function register_sidebar_widget is <strong>deprecated</strong> since version 2.8.0! Use wp_register_sidebar_widget() instead. in /wordpress/wp-includes/functions.php on line 6121","log":"/logs/plugins/k/kaze-plugin/error.json"}
,
{"message":"Function register_widget_control is <strong>deprecated</strong> since version 2.8.0! Use wp_register_widget_control() instead. in /wordpress/wp-includes/functions.php on line 6121","level":"DEPRECATED","type":"PHP","test":"jspi-boot","plugin":"kaze-plugin","details":"[04-Jul-2025 16:59:01 UTC] PHP Deprecated:  Function register_widget_control is <strong>deprecated</strong> since version 2.8.0! Use wp_register_widget_control() instead. in /wordpress/wp-includes/functions.php on line 6121","log":"/logs/plugins/k/kaze-plugin/error.json"}
,
{"message":"Uncaught Error: Call to undefined function create_function() in /wordpress/wp-content/plugins/kalins-pdf-creation-station/kalins-pdf-creation-station.php:1221","level":"FATAL","type":"PHP","test":"jspi-boot","plugin":"kaze-plugin","details":"[04-Jul-2025 16:59:38 UTC] PHP Fatal error:  Uncaught Error: Call to undefined function create_function() in /wordpress/wp-content/plugins/kalins-pdf-creation-station/kalins-pdf-creation-station.php:1221\nStack trace:\n#0 /wordpress/wp-admin/includes/plugin.php(2387): include_once()\n#1 /wordpress/wp-admin/includes/plugin.php(673): plugin_sandbox_scrape('kalins-pdf-crea...')\n#2 /internal/eval.php(20): activate_plugin('kalins-pdf-crea...')\n#3 {main}\n  thrown in /wordpress/wp-content/plugins/kalins-pdf-creation-station/kalins-pdf-creation-station.php on line 1221","log":"/logs/plugins/k/kaze-plugin/error.json"}
,
{"message":"Uncaught Error: Call to undefined function create_function() in /wordpress/wp-content/plugins/kalins-pdf-creation-station/kalins-pdf-creation-station.php:1221","level":"FATAL","type":"PHP","test":"jspi-boot","plugin":"kaze-plugin","details":"[04-Jul-2025 16:59:46 UTC] PHP Fatal error:  Uncaught Error: Call to undefined function create_function() in /wordpress/wp-content/plugins/kalins-pdf-creation-station/kalins-pdf-creation-station.php:1221\nStack trace:\n#0 /wordpress/wp-admin/includes/plugin.php(2387): include_once()\n#1 /wordpress/wp-admin/includes/plugin.php(673): plugin_sandbox_scrape('kalins-pdf-crea...')\n#2 /internal/eval.php(20): activate_plugin('kalins-pdf-crea...')\n#3 {main}\n  thrown in /wordpress/wp-content/plugins/kalins-pdf-creation-station/kalins-pdf-creation-station.php on line 1221","log":"/logs/plugins/k/kaze-plugin/error.json"}
,
{"message":"Uncaught Error: Call to undefined function create_function() in /wordpress/wp-content/plugins/kalins-pdf-creation-station/kalins-pdf-creation-station.php:1221","level":"FATAL","type":"PHP","test":"jspi-boot","plugin":"kaze-plugin","details":"[04-Jul-2025 16:59:55 UTC] PHP Fatal error:  Uncaught Error: Call to undefined function create_function() in /wordpress/wp-content/plugins/kalins-pdf-creation-station/kalins-pdf-creation-station.php:1221\nStack trace:\n#0 /wordpress/wp-admin/includes/plugin.php(2387): include_once()\n#1 /wordpress/wp-admin/includes/plugin.php(673): plugin_sandbox_scrape('kalins-pdf-crea...')\n#2 /internal/eval.php(20): activate_plugin('kalins-pdf-crea...')\n#3 {main}\n  thrown in /wordpress/wp-content/plugins/kalins-pdf-creation-station/kalins-pdf-creation-station.php on line 1221","log":"/logs/plugins/k/kaze-plugin/error.json"}
,
{"message":"\"continue\" targeting switch is equivalent to \"break\". Did you mean to use \"continue 2\"? in /wordpress/wp-content/plugins/kanban-gravity-forms/kanban-gravity-forms.php on line 553","level":"WARNING","type":"PHP","test":"jspi-boot","plugin":"kaze-plugin","details":"[04-Jul-2025 17:00:33 UTC] PHP Warning:  \"continue\" targeting switch is equivalent to \"break\". Did you mean to use \"continue 2\"? in /wordpress/wp-content/plugins/kanban-gravity-forms/kanban-gravity-forms.php on line 553","log":"/logs/plugins/k/kaze-plugin/error.json"}
,
{"message":"\"continue\" targeting switch is equivalent to \"break\". Did you mean to use \"continue 2\"? in /wordpress/wp-content/plugins/kanban-gravity-forms/kanban-gravity-forms.php on line 553","level":"WARNING","type":"PHP","test":"jspi-boot","plugin":"kaze-plugin","details":"[04-Jul-2025 17:00:34 UTC] PHP Warning:  \"continue\" targeting switch is equivalent to \"break\". Did you mean to use \"continue 2\"? in /wordpress/wp-content/plugins/kanban-gravity-forms/kanban-gravity-forms.php on line 553","log":"/logs/plugins/k/kaze-plugin/error.json"}
,
{"message":"Function _load_textdomain_just_in_time was called <strong>incorrectly</strong>. Translation loading for the <code>kanban</code> domain was triggered too early. This is usually an indicator for some code in the plugin or theme running too early. Translations should be loaded at the <code>init</code> action or later. Please see <a href=\"https://developer.wordpress.org/advanced-administration/debug/debug-wordpress/\">Debugging in WordPress</a> for more information. (This message was added in version 6.7.0.) in /wordpress/wp-includes/functions.php on line 6121","level":"NOTICE","type":"PHP","test":"jspi-boot","plugin":"kaze-plugin","details":"[04-Jul-2025 17:00:34 UTC] PHP Notice:  Function _load_textdomain_just_in_time was called <strong>incorrectly</strong>. Translation loading for the <code>kanban</code> domain was triggered too early. This is usually an indicator for some code in the plugin or theme running too early. Translations should be loaded at the <code>init</code> action or later. Please see <a href=\"https://developer.wordpress.org/advanced-administration/debug/debug-wordpress/\">Debugging in WordPress</a> for more information. (This message was added in version 6.7.0.) in /wordpress/wp-includes/functions.php on line 6121","log":"/logs/plugins/k/kaze-plugin/error.json"}
,
{"message":"\"continue\" targeting switch is equivalent to \"break\". Did you mean to use \"continue 2\"? in /wordpress/wp-content/plugins/kanban-gravity-forms/kanban-gravity-forms.php on line 553","level":"WARNING","type":"PHP","test":"jspi-boot","plugin":"kaze-plugin","details":"[04-Jul-2025 17:00:42 UTC] PHP Warning:  \"continue\" targeting switch is equivalent to \"break\". Did you mean to use \"continue 2\"? in /wordpress/wp-content/plugins/kanban-gravity-forms/kanban-gravity-forms.php on line 553","log":"/logs/plugins/k/kaze-plugin/error.json"}
,
{"message":"\"continue\" targeting switch is equivalent to \"break\". Did you mean to use \"continue 2\"? in /wordpress/wp-content/plugins/kanban-gravity-forms/kanban-gravity-forms.php on line 553","level":"WARNING","type":"PHP","test":"jspi-boot","plugin":"kaze-plugin","details":"[04-Jul-2025 17:00:43 UTC] PHP Warning:  \"continue\" targeting switch is equivalent to \"break\". Did you mean to use \"continue 2\"? in /wordpress/wp-content/plugins/kanban-gravity-forms/kanban-gravity-forms.php on line 553","log":"/logs/plugins/k/kaze-plugin/error.json"}
,
{"message":"Function _load_textdomain_just_in_time was called <strong>incorrectly</strong>. Translation loading for the <code>kanban</code> domain was triggered too early. This is usually an indicator for some code in the plugin or theme running too early. Translations should be loaded at the <code>init</code> action or later. Please see <a href=\"https://developer.wordpress.org/advanced-administration/debug/debug-wordpress/\">Debugging in WordPress</a> for more information. (This message was added in version 6.7.0.) in /wordpress/wp-includes/functions.php on line 6121","level":"NOTICE","type":"PHP","test":"jspi-boot","plugin":"kaze-plugin","details":"[04-Jul-2025 17:00:43 UTC] PHP Notice:  Function _load_textdomain_just_in_time was called <strong>incorrectly</strong>. Translation loading for the <code>kanban</code> domain was triggered too early. This is usually an indicator for some code in the plugin or theme running too early. Translations should be loaded at the <code>init</code> action or later. Please see <a href=\"https://developer.wordpress.org/advanced-administration/debug/debug-wordpress/\">Debugging in WordPress</a> for more information. (This message was added in version 6.7.0.) in /wordpress/wp-includes/functions.php on line 6121","log":"/logs/plugins/k/kaze-plugin/error.json"}
,
{"message":"\"continue\" targeting switch is equivalent to \"break\". Did you mean to use \"continue 2\"? in /wordpress/wp-content/plugins/kanban-gravity-forms/kanban-gravity-forms.php on line 553","level":"WARNING","type":"PHP","test":"jspi-boot","plugin":"kaze-plugin","details":"[04-Jul-2025 17:00:52 UTC] PHP Warning:  \"continue\" targeting switch is equivalent to \"break\". Did you mean to use \"continue 2\"? in /wordpress/wp-content/plugins/kanban-gravity-forms/kanban-gravity-forms.php on line 553","log":"/logs/plugins/k/kaze-plugin/error.json"}
,
{"message":"\"continue\" targeting switch is equivalent to \"break\". Did you mean to use \"continue 2\"? in /wordpress/wp-content/plugins/kanban-gravity-forms/kanban-gravity-forms.php on line 553","level":"WARNING","type":"PHP","test":"jspi-boot","plugin":"kaze-plugin","details":"[04-Jul-2025 17:00:52 UTC] PHP Warning:  \"continue\" targeting switch is equivalent to \"break\". Did you mean to use \"continue 2\"? in /wordpress/wp-content/plugins/kanban-gravity-forms/kanban-gravity-forms.php on line 553","log":"/logs/plugins/k/kaze-plugin/error.json"}
,
{"message":"Function _load_textdomain_just_in_time was called <strong>incorrectly</strong>. Translation loading for the <code>kanban</code> domain was triggered too early. This is usually an indicator for some code in the plugin or theme running too early. Translations should be loaded at the <code>init</code> action or later. Please see <a href=\"https://developer.wordpress.org/advanced-administration/debug/debug-wordpress/\">Debugging in WordPress</a> for more information. (This message was added in version 6.7.0.) in /wordpress/wp-includes/functions.php on line 6121","level":"NOTICE","type":"PHP","test":"jspi-boot","plugin":"kaze-plugin","details":"[04-Jul-2025 17:00:52 UTC] PHP Notice:  Function _load_textdomain_just_in_time was called <strong>incorrectly</strong>. Translation loading for the <code>kanban</code> domain was triggered too early. This is usually an indicator for some code in the plugin or theme running too early. Translations should be loaded at the <code>init</code> action or later. Please see <a href=\"https://developer.wordpress.org/advanced-administration/debug/debug-wordpress/\">Debugging in WordPress</a> for more information. (This message was added in version 6.7.0.) in /wordpress/wp-includes/functions.php on line 6121","log":"/logs/plugins/k/kaze-plugin/error.json"}
,
{"message":"Undefined property: kantoniak\\AboutMeWidget::$base_id in /wordpress/wp-content/plugins/kantoniak-about-me/kantoniak-about-me.php on line 111","level":"WARNING","type":"PHP","test":"jspi-boot","plugin":"kaze-plugin","details":"[04-Jul-2025 17:01:31 UTC] PHP Warning:  Undefined property: kantoniak\\AboutMeWidget::$base_id in /wordpress/wp-content/plugins/kantoniak-about-me/kantoniak-about-me.php on line 111","log":"/logs/plugins/k/kaze-plugin/error.json"}
,
{"message":"Undefined property: kantoniak\\AboutMeWidget::$base_id in /wordpress/wp-content/plugins/kantoniak-about-me/kantoniak-about-me.php on line 111","level":"WARNING","type":"PHP","test":"jspi-boot","plugin":"kaze-plugin","details":"[04-Jul-2025 17:01:31 UTC] PHP Warning:  Undefined property: kantoniak\\AboutMeWidget::$base_id in /wordpress/wp-content/plugins/kantoniak-about-me/kantoniak-about-me.php on line 111","log":"/logs/plugins/k/kaze-plugin/error.json"}
,
{"message":"Undefined property: kantoniak\\AboutMeWidget::$base_id in /wordpress/wp-content/plugins/kantoniak-about-me/kantoniak-about-me.php on line 111","level":"WARNING","type":"PHP","test":"jspi-boot","plugin":"kaze-plugin","details":"[04-Jul-2025 17:01:39 UTC] PHP Warning:  Undefined property: kantoniak\\AboutMeWidget::$base_id in /wordpress/wp-content/plugins/kantoniak-about-me/kantoniak-about-me.php on line 111","log":"/logs/plugins/k/kaze-plugin/error.json"}
,
{"message":"Undefined property: kantoniak\\AboutMeWidget::$base_id in /wordpress/wp-content/plugins/kantoniak-about-me/kantoniak-about-me.php on line 111","level":"WARNING","type":"PHP","test":"jspi-boot","plugin":"kaze-plugin","details":"[04-Jul-2025 17:01:40 UTC] PHP Warning:  Undefined property: kantoniak\\AboutMeWidget::$base_id in /wordpress/wp-content/plugins/kantoniak-about-me/kantoniak-about-me.php on line 111","log":"/logs/plugins/k/kaze-plugin/error.json"}
,
{"message":"Undefined property: kantoniak\\AboutMeWidget::$base_id in /wordpress/wp-content/plugins/kantoniak-about-me/kantoniak-about-me.php on line 111","level":"WARNING","type":"PHP","test":"jspi-boot","plugin":"kaze-plugin","details":"[04-Jul-2025 17:01:47 UTC] PHP Warning:  Undefined property: kantoniak\\AboutMeWidget::$base_id in /wordpress/wp-content/plugins/kantoniak-about-me/kantoniak-about-me.php on line 111","log":"/logs/plugins/k/kaze-plugin/error.json"}
,
{"message":"Undefined property: kantoniak\\AboutMeWidget::$base_id in /wordpress/wp-content/plugins/kantoniak-about-me/kantoniak-about-me.php on line 111","level":"WARNING","type":"PHP","test":"jspi-boot","plugin":"kaze-plugin","details":"[04-Jul-2025 17:01:49 UTC] PHP Warning:  Undefined property: kantoniak\\AboutMeWidget::$base_id in /wordpress/wp-content/plugins/kantoniak-about-me/kantoniak-about-me.php on line 111","log":"/logs/plugins/k/kaze-plugin/error.json"}
,
{"message":"Trying to access array offset on value of type bool in /wordpress/wp-content/plugins/karmacracy-widget/karmacracy-start.php on line 44","level":"WARNING","type":"PHP","test":"jspi-boot","plugin":"kaze-plugin","details":"[04-Jul-2025 17:02:57 UTC] PHP Warning:  Trying to access array offset on value of type bool in /wordpress/wp-content/plugins/karmacracy-widget/karmacracy-start.php on line 44","log":"/logs/plugins/k/kaze-plugin/error.json"}
,
{"message":"Trying to access array offset on value of type bool in /wordpress/wp-content/plugins/karmacracy-widget/karmacracy-start.php on line 44","level":"WARNING","type":"PHP","test":"jspi-boot","plugin":"kaze-plugin","details":"[04-Jul-2025 17:03:06 UTC] PHP Warning:  Trying to access array offset on value of type bool in /wordpress/wp-content/plugins/karmacracy-widget/karmacracy-start.php on line 44","log":"/logs/plugins/k/kaze-plugin/error.json"}
,
{"message":"Trying to access array offset on value of type bool in /wordpress/wp-content/plugins/karmacracy-widget/karmacracy-start.php on line 44","level":"WARNING","type":"PHP","test":"jspi-boot","plugin":"kaze-plugin","details":"[04-Jul-2025 17:03:15 UTC] PHP Warning:  Trying to access array offset on value of type bool in /wordpress/wp-content/plugins/karmacracy-widget/karmacracy-start.php on line 44","log":"/logs/plugins/k/kaze-plugin/error.json"}
,
{"message":"Function _load_textdomain_just_in_time was called <strong>incorrectly</strong>. Translation loading for the <code>kashing</code> domain was triggered too early. This is usually an indicator for some code in the plugin or theme running too early. Translations should be loaded at the <code>init</code> action or later. Please see <a href=\"https://developer.wordpress.org/advanced-administration/debug/debug-wordpress/\">Debugging in WordPress</a> for more information. (This message was added in version 6.7.0.) in /wordpress/wp-includes/functions.php on line 6121","level":"NOTICE","type":"PHP","test":"jspi-boot","plugin":"kaze-plugin","details":"[04-Jul-2025 17:03:26 UTC] PHP Notice:  Function _load_textdomain_just_in_time was called <strong>incorrectly</strong>. Translation loading for the <code>kashing</code> domain was triggered too early. This is usually an indicator for some code in the plugin or theme running too early. Translations should be loaded at the <code>init</code> action or later. Please see <a href=\"https://developer.wordpress.org/advanced-administration/debug/debug-wordpress/\">Debugging in WordPress</a> for more information. (This message was added in version 6.7.0.) in /wordpress/wp-includes/functions.php on line 6121","log":"/logs/plugins/k/kaze-plugin/error.json"}
,
{"message":"Function _load_textdomain_just_in_time was called <strong>incorrectly</strong>. Translation loading for the <code>kashing</code> domain was triggered too early. This is usually an indicator for some code in the plugin or theme running too early. Translations should be loaded at the <code>init</code> action or later. Please see <a href=\"https://developer.wordpress.org/advanced-administration/debug/debug-wordpress/\">Debugging in WordPress</a> for more information. (This message was added in version 6.7.0.) in /wordpress/wp-includes/functions.php on line 6121","level":"NOTICE","type":"PHP","test":"jspi-boot","plugin":"kaze-plugin","details":"[04-Jul-2025 17:03:35 UTC] PHP Notice:  Function _load_textdomain_just_in_time was called <strong>incorrectly</strong>. Translation loading for the <code>kashing</code> domain was triggered too early. This is usually an indicator for some code in the plugin or theme running too early. Translations should be loaded at the <code>init</code> action or later. Please see <a href=\"https://developer.wordpress.org/advanced-administration/debug/debug-wordpress/\">Debugging in WordPress</a> for more information. (This message was added in version 6.7.0.) in /wordpress/wp-includes/functions.php on line 6121","log":"/logs/plugins/k/kaze-plugin/error.json"}
,
{"message":"Function _load_textdomain_just_in_time was called <strong>incorrectly</strong>. Translation loading for the <code>kashing</code> domain was triggered too early. This is usually an indicator for some code in the plugin or theme running too early. Translations should be loaded at the <code>init</code> action or later. Please see <a href=\"https://developer.wordpress.org/advanced-administration/debug/debug-wordpress/\">Debugging in WordPress</a> for more information. (This message was added in version 6.7.0.) in /wordpress/wp-includes/functions.php on line 6121","level":"NOTICE","type":"PHP","test":"jspi-boot","plugin":"kaze-plugin","details":"[04-Jul-2025 17:03:46 UTC] PHP Notice:  Function _load_textdomain_just_in_time was called <strong>incorrectly</strong>. Translation loading for the <code>kashing</code> domain was triggered too early. This is usually an indicator for some code in the plugin or theme running too early. Translations should be loaded at the <code>init</code> action or later. Please see <a href=\"https://developer.wordpress.org/advanced-administration/debug/debug-wordpress/\">Debugging in WordPress</a> for more information. (This message was added in version 6.7.0.) in /wordpress/wp-includes/functions.php on line 6121","log":"/logs/plugins/k/kaze-plugin/error.json"}
,
{"message":"Uncaught ArgumentCountError: Too few arguments to function WP_Widget::__construct(), 0 passed in /wordpress/wp-includes/class-wp-widget-factory.php on line 62 and at least 2 expected in /wordpress/wp-includes/class-wp-widget.php:163","level":"FATAL","type":"PHP","test":"jspi-boot","plugin":"kaze-plugin","details":"[04-Jul-2025 17:03:56 UTC] PHP Fatal error:  Uncaught ArgumentCountError: Too few arguments to function WP_Widget::__construct(), 0 passed in /wordpress/wp-includes/class-wp-widget-factory.php on line 62 and at least 2 expected in /wordpress/wp-includes/class-wp-widget.php:163\nStack trace:\n#0 /wordpress/wp-includes/class-wp-widget-factory.php(62): WP_Widget->__construct()\n#1 /wordpress/wp-includes/widgets.php(123): WP_Widget_Factory->register('KataMotivasiWid...')\n#2 /wordpress/wp-content/plugins/kata-motivasi-dan-mutiara/kata-motivasi-dan-mutiara.php(199): register_widget('KataMotivasiWid...')\n#3 /wordpress/wp-includes/class-wp-hook.php(324): KataMotivasiInit('')\n#4 /wordpress/wp-includes/class-wp-hook.php(348): WP_Hook->apply_filters(NULL, Array)\n#5 /wordpress/wp-includes/plugin.php(517): WP_Hook->do_action(Array)\n#6 /wordpress/wp-includes/widgets.php(1870): do_action('widgets_init')\n#7 /wordpress/wp-includes/class-wp-hook.php(324): wp_widgets_init('')\n#8 /wordpress/wp-includes/class-wp-hook.php(348): WP_Hook->apply_filters(NULL, Array)\n#9 /wordpress/wp-includes/plugin.php(517): WP_Hook->do_action(Array)\n#10 /wordpress/wp-settings.php(727): do_action('init')\n#11 /wordpress/wp-config.php(102): require_once('/wordpress/wp-s...')\n#12 /wordpress/wp-load.php(50): require_once('/wordpress/wp-c...')\n#13 /internal/eval.php(3): require_once('/wordpress/wp-l...')\n#14 {main}\n  thrown in /wordpress/wp-includes/class-wp-widget.php on line 163","log":"/logs/plugins/k/kaze-plugin/error.json"}
,
{"message":"Uncaught ArgumentCountError: Too few arguments to function WP_Widget::__construct(), 0 passed in /wordpress/wp-includes/class-wp-widget-factory.php on line 62 and at least 2 expected in /wordpress/wp-includes/class-wp-widget.php:163","level":"FATAL","type":"PHP","test":"jspi-boot","plugin":"kaze-plugin","details":"[04-Jul-2025 17:04:05 UTC] PHP Fatal error:  Uncaught ArgumentCountError: Too few arguments to function WP_Widget::__construct(), 0 passed in /wordpress/wp-includes/class-wp-widget-factory.php on line 62 and at least 2 expected in /wordpress/wp-includes/class-wp-widget.php:163\nStack trace:\n#0 /wordpress/wp-includes/class-wp-widget-factory.php(62): WP_Widget->__construct()\n#1 /wordpress/wp-includes/widgets.php(123): WP_Widget_Factory->register('KataMotivasiWid...')\n#2 /wordpress/wp-content/plugins/kata-motivasi-dan-mutiara/kata-motivasi-dan-mutiara.php(199): register_widget('KataMotivasiWid...')\n#3 /wordpress/wp-includes/class-wp-hook.php(324): KataMotivasiInit('')\n#4 /wordpress/wp-includes/class-wp-hook.php(348): WP_Hook->apply_filters(NULL, Array)\n#5 /wordpress/wp-includes/plugin.php(517): WP_Hook->do_action(Array)\n#6 /wordpress/wp-includes/widgets.php(1870): do_action('widgets_init')\n#7 /wordpress/wp-includes/class-wp-hook.php(324): wp_widgets_init('')\n#8 /wordpress/wp-includes/class-wp-hook.php(348): WP_Hook->apply_filters(NULL, Array)\n#9 /wordpress/wp-includes/plugin.php(517): WP_Hook->do_action(Array)\n#10 /wordpress/wp-settings.php(727): do_action('init')\n#11 /wordpress/wp-config.php(102): require_once('/wordpress/wp-s...')\n#12 /wordpress/wp-load.php(50): require_once('/wordpress/wp-c...')\n#13 /internal/eval.php(3): require_once('/wordpress/wp-l...')\n#14 {main}\n  thrown in /wordpress/wp-includes/class-wp-widget.php on line 163","log":"/logs/plugins/k/kaze-plugin/error.json"}
,
{"message":"Uncaught ArgumentCountError: Too few arguments to function WP_Widget::__construct(), 0 passed in /wordpress/wp-includes/class-wp-widget-factory.php on line 62 and at least 2 expected in /wordpress/wp-includes/class-wp-widget.php:163","level":"FATAL","type":"PHP","test":"jspi-boot","plugin":"kaze-plugin","details":"[04-Jul-2025 17:04:15 UTC] PHP Fatal error:  Uncaught ArgumentCountError: Too few arguments to function WP_Widget::__construct(), 0 passed in /wordpress/wp-includes/class-wp-widget-factory.php on line 62 and at least 2 expected in /wordpress/wp-includes/class-wp-widget.php:163\nStack trace:\n#0 /wordpress/wp-includes/class-wp-widget-factory.php(62): WP_Widget->__construct()\n#1 /wordpress/wp-includes/widgets.php(123): WP_Widget_Factory->register('KataMotivasiWid...')\n#2 /wordpress/wp-content/plugins/kata-motivasi-dan-mutiara/kata-motivasi-dan-mutiara.php(199): register_widget('KataMotivasiWid...')\n#3 /wordpress/wp-includes/class-wp-hook.php(324): KataMotivasiInit('')\n#4 /wordpress/wp-includes/class-wp-hook.php(348): WP_Hook->apply_filters(NULL, Array)\n#5 /wordpress/wp-includes/plugin.php(517): WP_Hook->do_action(Array)\n#6 /wordpress/wp-includes/widgets.php(1870): do_action('widgets_init')\n#7 /wordpress/wp-includes/class-wp-hook.php(324): wp_widgets_init('')\n#8 /wordpress/wp-includes/class-wp-hook.php(348): WP_Hook->apply_filters(NULL, Array)\n#9 /wordpress/wp-includes/plugin.php(517): WP_Hook->do_action(Array)\n#10 /wordpress/wp-settings.php(727): do_action('init')\n#11 /wordpress/wp-config.php(102): require_once('/wordpress/wp-s...')\n#12 /wordpress/wp-load.php(50): require_once('/wordpress/wp-c...')\n#13 /internal/eval.php(3): require_once('/wordpress/wp-l...')\n#14 {main}\n  thrown in /wordpress/wp-includes/class-wp-widget.php on line 163","log":"/logs/plugins/k/kaze-plugin/error.json"}
,
{"message":"Undefined array key \"lang\" in /wordpress/wp-content/plugins/kau-boys-autocompleter/autocompleter.php on line 30","level":"WARNING","type":"PHP","test":"jspi-boot","plugin":"kaze-plugin","details":"[04-Jul-2025 17:04:55 UTC] PHP Warning:  Undefined array key \"lang\" in /wordpress/wp-content/plugins/kau-boys-autocompleter/autocompleter.php on line 30","log":"/logs/plugins/k/kaze-plugin/error.json"}
,
{"message":"Undefined array key \"lang\" in /wordpress/wp-content/plugins/kau-boys-autocompleter/autocompleter.php on line 30","level":"WARNING","type":"PHP","test":"jspi-boot","plugin":"kaze-plugin","details":"[04-Jul-2025 17:05:05 UTC] PHP Warning:  Undefined array key \"lang\" in /wordpress/wp-content/plugins/kau-boys-autocompleter/autocompleter.php on line 30","log":"/logs/plugins/k/kaze-plugin/error.json"}
,
{"message":"Undefined array key \"lang\" in /wordpress/wp-content/plugins/kau-boys-autocompleter/autocompleter.php on line 30","level":"WARNING","type":"PHP","test":"jspi-boot","plugin":"kaze-plugin","details":"[04-Jul-2025 17:05:14 UTC] PHP Warning:  Undefined array key \"lang\" in /wordpress/wp-content/plugins/kau-boys-autocompleter/autocompleter.php on line 30\n\n    at Object.onBind (file:///home/runner/work/playground-tester/playground-tester/node_modules/@wp-playground/cli/run-cli-j-geJYS3.js:325:15)\n    at process.processTicksAndRejections (node:internal/process/task_queues:105:5)\n    at async re (file:///home/runner/work/playground-tester/playground-tester/node_modules/@wp-playground/cli/run-cli-j-geJYS3.js:149:10) {\n  [cause]: Error: Error when executing the blueprint step #1 ({\"step\":\"installPlugin\",\"pluginData\":{\"resource\":\"wordpress.org/plugins\",\"slug\":\"kaze-plugin\"},\"options\":{\"activate\":true}}) : Could not download \"https://downloads.wordpress.org/plugin/kaze-plugin.latest-stable.zip\".\n  \t\t\t\tCheck if the URL is correct and the server is reachable.\n  \t\t\t\tIf it is reachable, the server might be blocking the request.\n  \t\t\t\tCheck the browser console and network tabs for more information.\n  \n  \t\t\t\t## Does the console show the error \"No 'Access-Control-Allow-Origin' header\"?\n  \n  \t\t\t\tThis means the server that hosts your file does not allow requests from other sites\n  \t\t\t\t(cross-origin requests, or CORS).\tYou need to move the asset to a server that allows\n  \t\t\t\tcross-origin file downloads. Learn more about CORS at\n  \t\t\t\thttps://developer.mozilla.org/en-US/docs/Web/HTTP/CORS.\n  \n  \t\t\t\tIf your file is on GitHub, load it from \"raw.githubusercontent.com\".\n  \t\t\t\tHere's how to do that:\n  \n  \t\t\t\t1. Start with the original GitHub URL of the file. For example:\n  \t\t\t\thttps://github.com/username/repository/blob/branch/filename.\n  \t\t\t\t2. Replace \"github.com\" with \"raw.githubusercontent.com\".\n  \t\t\t\t3. Remove the \"/blob/\" part of the URL.\n  \n  \t\t\t\tThe resulting URL should look like this:\n  \t\t\t\thttps://raw.githubusercontent.com/username/repository/branch/filename\n  \n  \t\t\t\tError:\n  \t\t\t\tError: Could not download \"https://downloads.wordpress.org/plugin/kaze-plugin.latest-stable.zip\"\n      at Object.run (file:///home/runner/work/playground-tester/playground-tester/node_modules/@wp-playground/blueprints/index.js:12093:19)\n      at process.processTicksAndRejections (node:internal/process/task_queues:105:5)\n      at async ys (file:///home/runner/work/playground-tester/playground-tester/node_modules/@wp-playground/blueprints/index.js:12196:3)\n      at async Object.onBind (file:///home/runner/work/playground-tester/playground-tester/node_modules/@wp-playground/cli/run-cli-j-geJYS3.js:315:48)\n      at async re (file:///home/runner/work/playground-tester/playground-tester/node_modules/@wp-playground/cli/run-cli-j-geJYS3.js:149:10) {\n    [cause]: Error: Could not download \"https://downloads.wordpress.org/plugin/kaze-plugin.latest-stable.zip\".\n    \t\t\t\tCheck if the URL is correct and the server is reachable.\n    \t\t\t\tIf it is reachable, the server might be blocking the request.\n    \t\t\t\tCheck the browser console and network tabs for more information.\n    \n    \t\t\t\t## Does the console show the error \"No 'Access-Control-Allow-Origin' header\"?\n    \n    \t\t\t\tThis means the server that hosts your file does not allow requests from other sites\n    \t\t\t\t(cross-origin requests, or CORS).\tYou need to move the asset to a server that allows\n    \t\t\t\tcross-origin file downloads. Learn more about CORS at\n    \t\t\t\thttps://developer.mozilla.org/en-US/docs/Web/HTTP/CORS.\n    \n    \t\t\t\tIf your file is on GitHub, load it from \"raw.githubusercontent.com\".\n    \t\t\t\tHere's how to do that:\n    \n    \t\t\t\t1. Start with the original GitHub URL of the file. For example:\n    \t\t\t\thttps://github.com/username/repository/blob/branch/filename.\n    \t\t\t\t2. Replace \"github.com\" with \"raw.githubusercontent.com\".\n    \t\t\t\t3. Remove the \"/blob/\" part of the URL.\n    \n    \t\t\t\tThe resulting URL should look like this:\n    \t\t\t\thttps://raw.githubusercontent.com/username/repository/branch/filename\n    \n    \t\t\t\tError:\n    \t\t\t\tError: Could not download \"https://downloads.wordpress.org/plugin/kaze-plugin.latest-stable.zip\"\n        at Ct.resolve (file:///home/runner/work/playground-tester/playground-tester/node_modules/@wp-playground/blueprints/index.js:1129:13)\n        at process.processTicksAndRejections (node:internal/process/task_queues:105:5)\n        at async _.run (file:///home/runner/work/playground-tester/playground-tester/node_modules/@php-wasm/util/index.js:45:14)\n  }\n}\n\n","log":"/logs/plugins/k/kaze-plugin/error.json"}
]
