[
  {
    "message": "file:///home/runner/work/playground-tester/playground-tester/node_modules/@wp-playground/cli/run-cli-j-geJYS3.js:325\n        throw new Error($, { cause: h });\n              ^\n",
    "level": "FATAL",
    "type": "PLAYGROUND",
    "test": "ast-sqlite-boot",
    "plugin": "persianbookmark",
    "details": "file:///home/runner/work/playground-tester/playground-tester/node_modules/@wp-playground/cli/run-cli-j-geJYS3.js:325\n        throw new Error($, { cause: h });\n              ^\n",
    "log": "/tmp/tmp.olHnHYtRrr"
  },
  {
    "message": "Undefined array key 0 in /wordpress/wp-content/plugins/password-policy/src/class.db.php on line 37",
    "level": "WARNING",
    "type": "PHP",
    "test": "ast-sqlite-boot",
    "plugin": "persianbookmark",
    "details": "[18-Jun-2025 13:15:56 UTC] PHP Warning:  Undefined array key 0 in /wordpress/wp-content/plugins/password-policy/src/class.db.php on line 37",
    "log": "/logs/plugins/p/persianbookmark/error.json"
  },
  {
    "message": "Attempt to read property \"option_value\" on null in /wordpress/wp-content/plugins/password-policy/src/class.db.php on line 37",
    "level": "WARNING",
    "type": "PHP",
    "test": "ast-sqlite-boot",
    "plugin": "persianbookmark",
    "details": "[18-Jun-2025 13:15:56 UTC] PHP Warning:  Attempt to read property \"option_value\" on null in /wordpress/wp-content/plugins/password-policy/src/class.db.php on line 37",
    "log": "/logs/plugins/p/persianbookmark/error.json"
  },
  {
    "message": "Uncaught TypeError: get_object_vars(): Argument #1 ($object) must be of type object, null given in /wordpress/wp-content/plugins/password-policy/src/class.db.php:37",
    "level": "FATAL",
    "type": "PHP",
    "test": "ast-sqlite-boot",
    "plugin": "persianbookmark",
    "details": "[18-Jun-2025 13:15:56 UTC] PHP Fatal error:  Uncaught TypeError: get_object_vars(): Argument #1 ($object) must be of type object, null given in /wordpress/wp-content/plugins/password-policy/src/class.db.php:37\nStack trace:\n#0 /wordpress/wp-content/plugins/password-policy/src/class.db.php(37): get_object_vars(NULL)\n#1 /wordpress/wp-content/plugins/password-policy/password-policy.php(91): PSSP_Db->get_config()\n#2 /wordpress/wp-admin/includes/plugin.php(2387): include_once('/wordpress/wp-c...')\n#3 /wordpress/wp-admin/includes/plugin.php(673): plugin_sandbox_scrape('password-policy...')\n#4 /internal/eval.php(20): activate_plugin('password-policy...')\n#5 {main}\n  thrown in /wordpress/wp-content/plugins/password-policy/src/class.db.php on line 37",
    "log": "/logs/plugins/p/persianbookmark/error.json"
  },
  {
    "message": "Undefined array key 0 in /wordpress/wp-content/plugins/password-policy/src/class.db.php on line 37",
    "level": "WARNING",
    "type": "PHP",
    "test": "ast-sqlite-boot",
    "plugin": "persianbookmark",
    "details": "[18-Jun-2025 13:16:04 UTC] PHP Warning:  Undefined array key 0 in /wordpress/wp-content/plugins/password-policy/src/class.db.php on line 37",
    "log": "/logs/plugins/p/persianbookmark/error.json"
  },
  {
    "message": "Attempt to read property \"option_value\" on null in /wordpress/wp-content/plugins/password-policy/src/class.db.php on line 37",
    "level": "WARNING",
    "type": "PHP",
    "test": "ast-sqlite-boot",
    "plugin": "persianbookmark",
    "details": "[18-Jun-2025 13:16:04 UTC] PHP Warning:  Attempt to read property \"option_value\" on null in /wordpress/wp-content/plugins/password-policy/src/class.db.php on line 37",
    "log": "/logs/plugins/p/persianbookmark/error.json"
  },
  {
    "message": "Uncaught TypeError: get_object_vars(): Argument #1 ($object) must be of type object, null given in /wordpress/wp-content/plugins/password-policy/src/class.db.php:37",
    "level": "FATAL",
    "type": "PHP",
    "test": "ast-sqlite-boot",
    "plugin": "persianbookmark",
    "details": "[18-Jun-2025 13:16:04 UTC] PHP Fatal error:  Uncaught TypeError: get_object_vars(): Argument #1 ($object) must be of type object, null given in /wordpress/wp-content/plugins/password-policy/src/class.db.php:37\nStack trace:\n#0 /wordpress/wp-content/plugins/password-policy/src/class.db.php(37): get_object_vars(NULL)\n#1 /wordpress/wp-content/plugins/password-policy/password-policy.php(91): PSSP_Db->get_config()\n#2 /wordpress/wp-admin/includes/plugin.php(2387): include_once('/wordpress/wp-c...')\n#3 /wordpress/wp-admin/includes/plugin.php(673): plugin_sandbox_scrape('password-policy...')\n#4 /internal/eval.php(20): activate_plugin('password-policy...')\n#5 {main}\n  thrown in /wordpress/wp-content/plugins/password-policy/src/class.db.php on line 37",
    "log": "/logs/plugins/p/persianbookmark/error.json"
  },
  {
    "message": "Undefined array key 0 in /wordpress/wp-content/plugins/password-policy/src/class.db.php on line 37",
    "level": "WARNING",
    "type": "PHP",
    "test": "ast-sqlite-boot",
    "plugin": "persianbookmark",
    "details": "[18-Jun-2025 13:16:13 UTC] PHP Warning:  Undefined array key 0 in /wordpress/wp-content/plugins/password-policy/src/class.db.php on line 37",
    "log": "/logs/plugins/p/persianbookmark/error.json"
  },
  {
    "message": "Attempt to read property \"option_value\" on null in /wordpress/wp-content/plugins/password-policy/src/class.db.php on line 37",
    "level": "WARNING",
    "type": "PHP",
    "test": "ast-sqlite-boot",
    "plugin": "persianbookmark",
    "details": "[18-Jun-2025 13:16:13 UTC] PHP Warning:  Attempt to read property \"option_value\" on null in /wordpress/wp-content/plugins/password-policy/src/class.db.php on line 37",
    "log": "/logs/plugins/p/persianbookmark/error.json"
  },
  {
    "message": "Uncaught TypeError: get_object_vars(): Argument #1 ($object) must be of type object, null given in /wordpress/wp-content/plugins/password-policy/src/class.db.php:37",
    "level": "FATAL",
    "type": "PHP",
    "test": "ast-sqlite-boot",
    "plugin": "persianbookmark",
    "details": "[18-Jun-2025 13:16:13 UTC] PHP Fatal error:  Uncaught TypeError: get_object_vars(): Argument #1 ($object) must be of type object, null given in /wordpress/wp-content/plugins/password-policy/src/class.db.php:37\nStack trace:\n#0 /wordpress/wp-content/plugins/password-policy/src/class.db.php(37): get_object_vars(NULL)\n#1 /wordpress/wp-content/plugins/password-policy/password-policy.php(91): PSSP_Db->get_config()\n#2 /wordpress/wp-admin/includes/plugin.php(2387): include_once('/wordpress/wp-c...')\n#3 /wordpress/wp-admin/includes/plugin.php(673): plugin_sandbox_scrape('password-policy...')\n#4 /internal/eval.php(20): activate_plugin('password-policy...')\n#5 {main}\n  thrown in /wordpress/wp-content/plugins/password-policy/src/class.db.php on line 37",
    "log": "/logs/plugins/p/persianbookmark/error.json"
  },
  {
    "message": "curl_setopt(): CURLOPT_SSL_VERIFYHOST no longer accepts the value 1, value 2 will be used instead in /wordpress/wp-content/plugins/paypal-digital-goods-monetization-powered-by-cleeng/php/classes/Client.php on line 541",
    "level": "NOTICE",
    "type": "PHP",
    "test": "ast-sqlite-boot",
    "plugin": "persianbookmark",
    "details": "[18-Jun-2025 13:17:27 UTC] PHP Notice:  curl_setopt(): CURLOPT_SSL_VERIFYHOST no longer accepts the value 1, value 2 will be used instead in /wordpress/wp-content/plugins/paypal-digital-goods-monetization-powered-by-cleeng/php/classes/Client.php on line 541",
    "log": "/logs/plugins/p/persianbookmark/error.json"
  },
  {
    "message": "Uncaught CleengClientException: Authorization error (404). in /wordpress/wp-content/plugins/paypal-digital-goods-monetization-powered-by-cleeng/php/classes/Client.php:557",
    "level": "FATAL",
    "type": "PHP",
    "test": "ast-sqlite-boot",
    "plugin": "persianbookmark",
    "details": "[18-Jun-2025 13:17:27 UTC] PHP Fatal error:  Uncaught CleengClientException: Authorization error (404). in /wordpress/wp-content/plugins/paypal-digital-goods-monetization-powered-by-cleeng/php/classes/Client.php:557\nStack trace:\n#0 /wordpress/wp-content/plugins/paypal-digital-goods-monetization-powered-by-cleeng/php/classes/Client.php(891): Cleeng_Client->callApi('registerClientA...', Array)\n#1 /wordpress/wp-content/plugins/paypal-digital-goods-monetization-powered-by-cleeng/php/classes/Installer.php(115): Cleeng_Client->registerClientApp('My WordPress We...', 'Automatically c...', 'http://127.0.0....')\n#2 /wordpress/wp-content/plugins/paypal-digital-goods-monetization-powered-by-cleeng/php/classes/Core.php(126): Cleeng_Installer->register_client_app()\n#3 /wordpress/wp-content/plugins/paypal-digital-goods-monetization-powered-by-cleeng/cleengWP.php(28): Cleeng_Core->setup()\n#4 /wordpress/wp-admin/includes/plugin.php(2387): include_once('/wordpress/wp-c...')\n#5 /wordpress/wp-admin/includes/plugin.php(673): plugin_sandbox_scrape('paypal-digital-...')\n#6 /internal/eval.php(20): activate_plugin('paypal-digital-...')\n#7 {main}\n  thrown in /wordpress/wp-content/plugins/paypal-digital-goods-monetization-powered-by-cleeng/php/classes/Client.php on line 557",
    "log": "/logs/plugins/p/persianbookmark/error.json"
  },
  {
    "message": "curl_setopt(): CURLOPT_SSL_VERIFYHOST no longer accepts the value 1, value 2 will be used instead in /wordpress/wp-content/plugins/paypal-digital-goods-monetization-powered-by-cleeng/php/classes/Client.php on line 541",
    "level": "NOTICE",
    "type": "PHP",
    "test": "ast-sqlite-boot",
    "plugin": "persianbookmark",
    "details": "[18-Jun-2025 13:17:37 UTC] PHP Notice:  curl_setopt(): CURLOPT_SSL_VERIFYHOST no longer accepts the value 1, value 2 will be used instead in /wordpress/wp-content/plugins/paypal-digital-goods-monetization-powered-by-cleeng/php/classes/Client.php on line 541",
    "log": "/logs/plugins/p/persianbookmark/error.json"
  },
  {
    "message": "Uncaught CleengClientException: Authorization error (404). in /wordpress/wp-content/plugins/paypal-digital-goods-monetization-powered-by-cleeng/php/classes/Client.php:557",
    "level": "FATAL",
    "type": "PHP",
    "test": "ast-sqlite-boot",
    "plugin": "persianbookmark",
    "details": "[18-Jun-2025 13:17:37 UTC] PHP Fatal error:  Uncaught CleengClientException: Authorization error (404). in /wordpress/wp-content/plugins/paypal-digital-goods-monetization-powered-by-cleeng/php/classes/Client.php:557\nStack trace:\n#0 /wordpress/wp-content/plugins/paypal-digital-goods-monetization-powered-by-cleeng/php/classes/Client.php(891): Cleeng_Client->callApi('registerClientA...', Array)\n#1 /wordpress/wp-content/plugins/paypal-digital-goods-monetization-powered-by-cleeng/php/classes/Installer.php(115): Cleeng_Client->registerClientApp('My WordPress We...', 'Automatically c...', 'http://127.0.0....')\n#2 /wordpress/wp-content/plugins/paypal-digital-goods-monetization-powered-by-cleeng/php/classes/Core.php(126): Cleeng_Installer->register_client_app()\n#3 /wordpress/wp-content/plugins/paypal-digital-goods-monetization-powered-by-cleeng/cleengWP.php(28): Cleeng_Core->setup()\n#4 /wordpress/wp-admin/includes/plugin.php(2387): include_once('/wordpress/wp-c...')\n#5 /wordpress/wp-admin/includes/plugin.php(673): plugin_sandbox_scrape('paypal-digital-...')\n#6 /internal/eval.php(20): activate_plugin('paypal-digital-...')\n#7 {main}\n  thrown in /wordpress/wp-content/plugins/paypal-digital-goods-monetization-powered-by-cleeng/php/classes/Client.php on line 557",
    "log": "/logs/plugins/p/persianbookmark/error.json"
  },
  {
    "message": "curl_setopt(): CURLOPT_SSL_VERIFYHOST no longer accepts the value 1, value 2 will be used instead in /wordpress/wp-content/plugins/paypal-digital-goods-monetization-powered-by-cleeng/php/classes/Client.php on line 541",
    "level": "NOTICE",
    "type": "PHP",
    "test": "ast-sqlite-boot",
    "plugin": "persianbookmark",
    "details": "[18-Jun-2025 13:17:46 UTC] PHP Notice:  curl_setopt(): CURLOPT_SSL_VERIFYHOST no longer accepts the value 1, value 2 will be used instead in /wordpress/wp-content/plugins/paypal-digital-goods-monetization-powered-by-cleeng/php/classes/Client.php on line 541",
    "log": "/logs/plugins/p/persianbookmark/error.json"
  },
  {
    "message": "Uncaught CleengClientException: Authorization error (404). in /wordpress/wp-content/plugins/paypal-digital-goods-monetization-powered-by-cleeng/php/classes/Client.php:557",
    "level": "FATAL",
    "type": "PHP",
    "test": "ast-sqlite-boot",
    "plugin": "persianbookmark",
    "details": "[18-Jun-2025 13:17:47 UTC] PHP Fatal error:  Uncaught CleengClientException: Authorization error (404). in /wordpress/wp-content/plugins/paypal-digital-goods-monetization-powered-by-cleeng/php/classes/Client.php:557\nStack trace:\n#0 /wordpress/wp-content/plugins/paypal-digital-goods-monetization-powered-by-cleeng/php/classes/Client.php(891): Cleeng_Client->callApi('registerClientA...', Array)\n#1 /wordpress/wp-content/plugins/paypal-digital-goods-monetization-powered-by-cleeng/php/classes/Installer.php(115): Cleeng_Client->registerClientApp('My WordPress We...', 'Automatically c...', 'http://127.0.0....')\n#2 /wordpress/wp-content/plugins/paypal-digital-goods-monetization-powered-by-cleeng/php/classes/Core.php(126): Cleeng_Installer->register_client_app()\n#3 /wordpress/wp-content/plugins/paypal-digital-goods-monetization-powered-by-cleeng/cleengWP.php(28): Cleeng_Core->setup()\n#4 /wordpress/wp-admin/includes/plugin.php(2387): include_once('/wordpress/wp-c...')\n#5 /wordpress/wp-admin/includes/plugin.php(673): plugin_sandbox_scrape('paypal-digital-...')\n#6 /internal/eval.php(20): activate_plugin('paypal-digital-...')\n#7 {main}\n  thrown in /wordpress/wp-content/plugins/paypal-digital-goods-monetization-powered-by-cleeng/php/classes/Client.php on line 557",
    "log": "/logs/plugins/p/persianbookmark/error.json"
  },
  {
    "message": "Function _load_textdomain_just_in_time was called <strong>incorrectly</strong>. Translation loading for the <code>payment-gateway-for-telcell</code> domain was triggered too early. This is usually an indicator for some code in the plugin or theme running too early. Translations should be loaded at the <code>init</code> action or later. Please see <a href=\"https://developer.wordpress.org/advanced-administration/debug/debug-wordpress/\">Debugging in WordPress</a> for more information. (This message was added in version 6.7.0.) in /wordpress/wp-includes/functions.php on line 6121",
    "level": "NOTICE",
    "type": "PHP",
    "test": "ast-sqlite-boot",
    "plugin": "persianbookmark",
    "details": "[18-Jun-2025 13:19:51 UTC] PHP Notice:  Function _load_textdomain_just_in_time was called <strong>incorrectly</strong>. Translation loading for the <code>payment-gateway-for-telcell</code> domain was triggered too early. This is usually an indicator for some code in the plugin or theme running too early. Translations should be loaded at the <code>init</code> action or later. Please see <a href=\"https://developer.wordpress.org/advanced-administration/debug/debug-wordpress/\">Debugging in WordPress</a> for more information. (This message was added in version 6.7.0.) in /wordpress/wp-includes/functions.php on line 6121",
    "log": "/logs/plugins/p/persianbookmark/error.json"
  },
  {
    "message": "Function _load_textdomain_just_in_time was called <strong>incorrectly</strong>. Translation loading for the <code>payment-gateway-for-telcell</code> domain was triggered too early. This is usually an indicator for some code in the plugin or theme running too early. Translations should be loaded at the <code>init</code> action or later. Please see <a href=\"https://developer.wordpress.org/advanced-administration/debug/debug-wordpress/\">Debugging in WordPress</a> for more information. (This message was added in version 6.7.0.) in /wordpress/wp-includes/functions.php on line 6121",
    "level": "NOTICE",
    "type": "PHP",
    "test": "ast-sqlite-boot",
    "plugin": "persianbookmark",
    "details": "[18-Jun-2025 13:20:01 UTC] PHP Notice:  Function _load_textdomain_just_in_time was called <strong>incorrectly</strong>. Translation loading for the <code>payment-gateway-for-telcell</code> domain was triggered too early. This is usually an indicator for some code in the plugin or theme running too early. Translations should be loaded at the <code>init</code> action or later. Please see <a href=\"https://developer.wordpress.org/advanced-administration/debug/debug-wordpress/\">Debugging in WordPress</a> for more information. (This message was added in version 6.7.0.) in /wordpress/wp-includes/functions.php on line 6121",
    "log": "/logs/plugins/p/persianbookmark/error.json"
  },
  {
    "message": "Function _load_textdomain_just_in_time was called <strong>incorrectly</strong>. Translation loading for the <code>payment-gateway-for-telcell</code> domain was triggered too early. This is usually an indicator for some code in the plugin or theme running too early. Translations should be loaded at the <code>init</code> action or later. Please see <a href=\"https://developer.wordpress.org/advanced-administration/debug/debug-wordpress/\">Debugging in WordPress</a> for more information. (This message was added in version 6.7.0.) in /wordpress/wp-includes/functions.php on line 6121",
    "level": "NOTICE",
    "type": "PHP",
    "test": "ast-sqlite-boot",
    "plugin": "persianbookmark",
    "details": "[18-Jun-2025 13:20:10 UTC] PHP Notice:  Function _load_textdomain_just_in_time was called <strong>incorrectly</strong>. Translation loading for the <code>payment-gateway-for-telcell</code> domain was triggered too early. This is usually an indicator for some code in the plugin or theme running too early. Translations should be loaded at the <code>init</code> action or later. Please see <a href=\"https://developer.wordpress.org/advanced-administration/debug/debug-wordpress/\">Debugging in WordPress</a> for more information. (This message was added in version 6.7.0.) in /wordpress/wp-includes/functions.php on line 6121",
    "log": "/logs/plugins/p/persianbookmark/error.json"
  },
  {
    "message": "Function _load_textdomain_just_in_time was called <strong>incorrectly</strong>. Translation loading for the <code>easy-donations</code> domain was triggered too early. This is usually an indicator for some code in the plugin or theme running too early. Translations should be loaded at the <code>init</code> action or later. Please see <a href=\"https://developer.wordpress.org/advanced-administration/debug/debug-wordpress/\">Debugging in WordPress</a> for more information. (This message was added in version 6.7.0.) in /wordpress/wp-includes/functions.php on line 6121",
    "level": "NOTICE",
    "type": "PHP",
    "test": "ast-sqlite-boot",
    "plugin": "persianbookmark",
    "details": "[18-Jun-2025 13:20:21 UTC] PHP Notice:  Function _load_textdomain_just_in_time was called <strong>incorrectly</strong>. Translation loading for the <code>easy-donations</code> domain was triggered too early. This is usually an indicator for some code in the plugin or theme running too early. Translations should be loaded at the <code>init</code> action or later. Please see <a href=\"https://developer.wordpress.org/advanced-administration/debug/debug-wordpress/\">Debugging in WordPress</a> for more information. (This message was added in version 6.7.0.) in /wordpress/wp-includes/functions.php on line 6121",
    "log": "/logs/plugins/p/persianbookmark/error.json"
  },
  {
    "message": "Function _load_textdomain_just_in_time was called <strong>incorrectly</strong>. Translation loading for the <code>easy-donations</code> domain was triggered too early. This is usually an indicator for some code in the plugin or theme running too early. Translations should be loaded at the <code>init</code> action or later. Please see <a href=\"https://developer.wordpress.org/advanced-administration/debug/debug-wordpress/\">Debugging in WordPress</a> for more information. (This message was added in version 6.7.0.) in /wordpress/wp-includes/functions.php on line 6121",
    "level": "NOTICE",
    "type": "PHP",
    "test": "ast-sqlite-boot",
    "plugin": "persianbookmark",
    "details": "[18-Jun-2025 13:20:30 UTC] PHP Notice:  Function _load_textdomain_just_in_time was called <strong>incorrectly</strong>. Translation loading for the <code>easy-donations</code> domain was triggered too early. This is usually an indicator for some code in the plugin or theme running too early. Translations should be loaded at the <code>init</code> action or later. Please see <a href=\"https://developer.wordpress.org/advanced-administration/debug/debug-wordpress/\">Debugging in WordPress</a> for more information. (This message was added in version 6.7.0.) in /wordpress/wp-includes/functions.php on line 6121",
    "log": "/logs/plugins/p/persianbookmark/error.json"
  },
  {
    "message": "Function _load_textdomain_just_in_time was called <strong>incorrectly</strong>. Translation loading for the <code>easy-donations</code> domain was triggered too early. This is usually an indicator for some code in the plugin or theme running too early. Translations should be loaded at the <code>init</code> action or later. Please see <a href=\"https://developer.wordpress.org/advanced-administration/debug/debug-wordpress/\">Debugging in WordPress</a> for more information. (This message was added in version 6.7.0.) in /wordpress/wp-includes/functions.php on line 6121",
    "level": "NOTICE",
    "type": "PHP",
    "test": "ast-sqlite-boot",
    "plugin": "persianbookmark",
    "details": "[18-Jun-2025 13:20:39 UTC] PHP Notice:  Function _load_textdomain_just_in_time was called <strong>incorrectly</strong>. Translation loading for the <code>easy-donations</code> domain was triggered too early. This is usually an indicator for some code in the plugin or theme running too early. Translations should be loaded at the <code>init</code> action or later. Please see <a href=\"https://developer.wordpress.org/advanced-administration/debug/debug-wordpress/\">Debugging in WordPress</a> for more information. (This message was added in version 6.7.0.) in /wordpress/wp-includes/functions.php on line 6121\n\n    at Object.onBind (file:///home/runner/work/playground-tester/playground-tester/node_modules/@wp-playground/cli/run-cli-j-geJYS3.js:325:15)\n    at process.processTicksAndRejections (node:internal/process/task_queues:105:5)\n    at async re (file:///home/runner/work/playground-tester/playground-tester/node_modules/@wp-playground/cli/run-cli-j-geJYS3.js:149:10) {\n  [cause]: Error: Error when executing the blueprint step #5 ({\"step\":\"installPlugin\",\"pluginData\":{\"resource\":\"wordpress.org/plugins\",\"slug\":\"persianbookmark\"},\"options\":{\"activate\":true}}) : Could not download \"https://downloads.wordpress.org/plugin/persianbookmark.latest-stable.zip\".\n  \t\t\t\tCheck if the URL is correct and the server is reachable.\n  \t\t\t\tIf it is reachable, the server might be blocking the request.\n  \t\t\t\tCheck the browser console and network tabs for more information.\n  \n  \t\t\t\t## Does the console show the error \"No 'Access-Control-Allow-Origin' header\"?\n  \n  \t\t\t\tThis means the server that hosts your file does not allow requests from other sites\n  \t\t\t\t(cross-origin requests, or CORS).\tYou need to move the asset to a server that allows\n  \t\t\t\tcross-origin file downloads. Learn more about CORS at\n  \t\t\t\thttps://developer.mozilla.org/en-US/docs/Web/HTTP/CORS.\n  \n  \t\t\t\tIf your file is on GitHub, load it from \"raw.githubusercontent.com\".\n  \t\t\t\tHere's how to do that:\n  \n  \t\t\t\t1. Start with the original GitHub URL of the file. For example:\n  \t\t\t\thttps://github.com/username/repository/blob/branch/filename.\n  \t\t\t\t2. Replace \"github.com\" with \"raw.githubusercontent.com\".\n  \t\t\t\t3. Remove the \"/blob/\" part of the URL.\n  \n  \t\t\t\tThe resulting URL should look like this:\n  \t\t\t\thttps://raw.githubusercontent.com/username/repository/branch/filename\n  \n  \t\t\t\tError:\n  \t\t\t\tError: Could not download \"https://downloads.wordpress.org/plugin/persianbookmark.latest-stable.zip\"\n      at Object.run (file:///home/runner/work/playground-tester/playground-tester/node_modules/@wp-playground/blueprints/index.js:12093:19)\n      at process.processTicksAndRejections (node:internal/process/task_queues:105:5)\n      at async ys (file:///home/runner/work/playground-tester/playground-tester/node_modules/@wp-playground/blueprints/index.js:12196:3)\n      at async Object.onBind (file:///home/runner/work/playground-tester/playground-tester/node_modules/@wp-playground/cli/run-cli-j-geJYS3.js:315:48)\n      at async re (file:///home/runner/work/playground-tester/playground-tester/node_modules/@wp-playground/cli/run-cli-j-geJYS3.js:149:10) {\n    [cause]: Error: Could not download \"https://downloads.wordpress.org/plugin/persianbookmark.latest-stable.zip\".\n    \t\t\t\tCheck if the URL is correct and the server is reachable.\n    \t\t\t\tIf it is reachable, the server might be blocking the request.\n    \t\t\t\tCheck the browser console and network tabs for more information.\n    \n    \t\t\t\t## Does the console show the error \"No 'Access-Control-Allow-Origin' header\"?\n    \n    \t\t\t\tThis means the server that hosts your file does not allow requests from other sites\n    \t\t\t\t(cross-origin requests, or CORS).\tYou need to move the asset to a server that allows\n    \t\t\t\tcross-origin file downloads. Learn more about CORS at\n    \t\t\t\thttps://developer.mozilla.org/en-US/docs/Web/HTTP/CORS.\n    \n    \t\t\t\tIf your file is on GitHub, load it from \"raw.githubusercontent.com\".\n    \t\t\t\tHere's how to do that:\n    \n    \t\t\t\t1. Start with the original GitHub URL of the file. For example:\n    \t\t\t\thttps://github.com/username/repository/blob/branch/filename.\n    \t\t\t\t2. Replace \"github.com\" with \"raw.githubusercontent.com\".\n    \t\t\t\t3. Remove the \"/blob/\" part of the URL.\n    \n    \t\t\t\tThe resulting URL should look like this:\n    \t\t\t\thttps://raw.githubusercontent.com/username/repository/branch/filename\n    \n    \t\t\t\tError:\n    \t\t\t\tError: Could not download \"https://downloads.wordpress.org/plugin/persianbookmark.latest-stable.zip\"\n        at Ct.resolve (file:///home/runner/work/playground-tester/playground-tester/node_modules/@wp-playground/blueprints/index.js:1129:13)\n        at process.processTicksAndRejections (node:internal/process/task_queues:105:5)\n        at async _.run (file:///home/runner/work/playground-tester/playground-tester/node_modules/@php-wasm/util/index.js:45:14)\n  }\n}\n\n",
    "log": "/logs/plugins/p/persianbookmark/error.json"
  },
  {
    "message": "file:///home/runner/work/playground-tester/playground-tester/node_modules/@wp-playground/cli/run-cli-j-geJYS3.js:325\n        throw new Error($, { cause: h });\n              ^\n",
    "level": "FATAL",
    "type": "PLAYGROUND",
    "test": "asyncify-boot",
    "plugin": "persianbookmark",
    "details": "file:///home/runner/work/playground-tester/playground-tester/node_modules/@wp-playground/cli/run-cli-j-geJYS3.js:325\n        throw new Error($, { cause: h });\n              ^\n",
    "log": "/tmp/tmp.M19uozXIna"
  },
  {
    "message": "Undefined array key 0 in /wordpress/wp-content/plugins/password-policy/src/class.db.php on line 37",
    "level": "WARNING",
    "type": "PHP",
    "test": "asyncify-boot",
    "plugin": "persianbookmark",
    "details": "[18-Jun-2025 13:15:56 UTC] PHP Warning:  Undefined array key 0 in /wordpress/wp-content/plugins/password-policy/src/class.db.php on line 37",
    "log": "/logs/plugins/p/persianbookmark/error.json"
  },
  {
    "message": "Attempt to read property \"option_value\" on null in /wordpress/wp-content/plugins/password-policy/src/class.db.php on line 37",
    "level": "WARNING",
    "type": "PHP",
    "test": "asyncify-boot",
    "plugin": "persianbookmark",
    "details": "[18-Jun-2025 13:15:56 UTC] PHP Warning:  Attempt to read property \"option_value\" on null in /wordpress/wp-content/plugins/password-policy/src/class.db.php on line 37",
    "log": "/logs/plugins/p/persianbookmark/error.json"
  },
  {
    "message": "Uncaught TypeError: get_object_vars(): Argument #1 ($object) must be of type object, null given in /wordpress/wp-content/plugins/password-policy/src/class.db.php:37",
    "level": "FATAL",
    "type": "PHP",
    "test": "asyncify-boot",
    "plugin": "persianbookmark",
    "details": "[18-Jun-2025 13:15:56 UTC] PHP Fatal error:  Uncaught TypeError: get_object_vars(): Argument #1 ($object) must be of type object, null given in /wordpress/wp-content/plugins/password-policy/src/class.db.php:37\nStack trace:\n#0 /wordpress/wp-content/plugins/password-policy/src/class.db.php(37): get_object_vars(NULL)\n#1 /wordpress/wp-content/plugins/password-policy/password-policy.php(91): PSSP_Db->get_config()\n#2 /wordpress/wp-admin/includes/plugin.php(2387): include_once('/wordpress/wp-c...')\n#3 /wordpress/wp-admin/includes/plugin.php(673): plugin_sandbox_scrape('password-policy...')\n#4 /internal/eval.php(20): activate_plugin('password-policy...')\n#5 {main}\n  thrown in /wordpress/wp-content/plugins/password-policy/src/class.db.php on line 37",
    "log": "/logs/plugins/p/persianbookmark/error.json"
  },
  {
    "message": "Undefined array key 0 in /wordpress/wp-content/plugins/password-policy/src/class.db.php on line 37",
    "level": "WARNING",
    "type": "PHP",
    "test": "asyncify-boot",
    "plugin": "persianbookmark",
    "details": "[18-Jun-2025 13:16:04 UTC] PHP Warning:  Undefined array key 0 in /wordpress/wp-content/plugins/password-policy/src/class.db.php on line 37",
    "log": "/logs/plugins/p/persianbookmark/error.json"
  },
  {
    "message": "Attempt to read property \"option_value\" on null in /wordpress/wp-content/plugins/password-policy/src/class.db.php on line 37",
    "level": "WARNING",
    "type": "PHP",
    "test": "asyncify-boot",
    "plugin": "persianbookmark",
    "details": "[18-Jun-2025 13:16:04 UTC] PHP Warning:  Attempt to read property \"option_value\" on null in /wordpress/wp-content/plugins/password-policy/src/class.db.php on line 37",
    "log": "/logs/plugins/p/persianbookmark/error.json"
  },
  {
    "message": "Uncaught TypeError: get_object_vars(): Argument #1 ($object) must be of type object, null given in /wordpress/wp-content/plugins/password-policy/src/class.db.php:37",
    "level": "FATAL",
    "type": "PHP",
    "test": "asyncify-boot",
    "plugin": "persianbookmark",
    "details": "[18-Jun-2025 13:16:04 UTC] PHP Fatal error:  Uncaught TypeError: get_object_vars(): Argument #1 ($object) must be of type object, null given in /wordpress/wp-content/plugins/password-policy/src/class.db.php:37\nStack trace:\n#0 /wordpress/wp-content/plugins/password-policy/src/class.db.php(37): get_object_vars(NULL)\n#1 /wordpress/wp-content/plugins/password-policy/password-policy.php(91): PSSP_Db->get_config()\n#2 /wordpress/wp-admin/includes/plugin.php(2387): include_once('/wordpress/wp-c...')\n#3 /wordpress/wp-admin/includes/plugin.php(673): plugin_sandbox_scrape('password-policy...')\n#4 /internal/eval.php(20): activate_plugin('password-policy...')\n#5 {main}\n  thrown in /wordpress/wp-content/plugins/password-policy/src/class.db.php on line 37",
    "log": "/logs/plugins/p/persianbookmark/error.json"
  },
  {
    "message": "Undefined array key 0 in /wordpress/wp-content/plugins/password-policy/src/class.db.php on line 37",
    "level": "WARNING",
    "type": "PHP",
    "test": "asyncify-boot",
    "plugin": "persianbookmark",
    "details": "[18-Jun-2025 13:16:13 UTC] PHP Warning:  Undefined array key 0 in /wordpress/wp-content/plugins/password-policy/src/class.db.php on line 37",
    "log": "/logs/plugins/p/persianbookmark/error.json"
  },
  {
    "message": "Attempt to read property \"option_value\" on null in /wordpress/wp-content/plugins/password-policy/src/class.db.php on line 37",
    "level": "WARNING",
    "type": "PHP",
    "test": "asyncify-boot",
    "plugin": "persianbookmark",
    "details": "[18-Jun-2025 13:16:13 UTC] PHP Warning:  Attempt to read property \"option_value\" on null in /wordpress/wp-content/plugins/password-policy/src/class.db.php on line 37",
    "log": "/logs/plugins/p/persianbookmark/error.json"
  },
  {
    "message": "Uncaught TypeError: get_object_vars(): Argument #1 ($object) must be of type object, null given in /wordpress/wp-content/plugins/password-policy/src/class.db.php:37",
    "level": "FATAL",
    "type": "PHP",
    "test": "asyncify-boot",
    "plugin": "persianbookmark",
    "details": "[18-Jun-2025 13:16:13 UTC] PHP Fatal error:  Uncaught TypeError: get_object_vars(): Argument #1 ($object) must be of type object, null given in /wordpress/wp-content/plugins/password-policy/src/class.db.php:37\nStack trace:\n#0 /wordpress/wp-content/plugins/password-policy/src/class.db.php(37): get_object_vars(NULL)\n#1 /wordpress/wp-content/plugins/password-policy/password-policy.php(91): PSSP_Db->get_config()\n#2 /wordpress/wp-admin/includes/plugin.php(2387): include_once('/wordpress/wp-c...')\n#3 /wordpress/wp-admin/includes/plugin.php(673): plugin_sandbox_scrape('password-policy...')\n#4 /internal/eval.php(20): activate_plugin('password-policy...')\n#5 {main}\n  thrown in /wordpress/wp-content/plugins/password-policy/src/class.db.php on line 37",
    "log": "/logs/plugins/p/persianbookmark/error.json"
  },
  {
    "message": "curl_setopt(): CURLOPT_SSL_VERIFYHOST no longer accepts the value 1, value 2 will be used instead in /wordpress/wp-content/plugins/paypal-digital-goods-monetization-powered-by-cleeng/php/classes/Client.php on line 541",
    "level": "NOTICE",
    "type": "PHP",
    "test": "asyncify-boot",
    "plugin": "persianbookmark",
    "details": "[18-Jun-2025 13:17:27 UTC] PHP Notice:  curl_setopt(): CURLOPT_SSL_VERIFYHOST no longer accepts the value 1, value 2 will be used instead in /wordpress/wp-content/plugins/paypal-digital-goods-monetization-powered-by-cleeng/php/classes/Client.php on line 541",
    "log": "/logs/plugins/p/persianbookmark/error.json"
  },
  {
    "message": "Uncaught CleengClientException: Authorization error (404). in /wordpress/wp-content/plugins/paypal-digital-goods-monetization-powered-by-cleeng/php/classes/Client.php:557",
    "level": "FATAL",
    "type": "PHP",
    "test": "asyncify-boot",
    "plugin": "persianbookmark",
    "details": "[18-Jun-2025 13:17:27 UTC] PHP Fatal error:  Uncaught CleengClientException: Authorization error (404). in /wordpress/wp-content/plugins/paypal-digital-goods-monetization-powered-by-cleeng/php/classes/Client.php:557\nStack trace:\n#0 /wordpress/wp-content/plugins/paypal-digital-goods-monetization-powered-by-cleeng/php/classes/Client.php(891): Cleeng_Client->callApi('registerClientA...', Array)\n#1 /wordpress/wp-content/plugins/paypal-digital-goods-monetization-powered-by-cleeng/php/classes/Installer.php(115): Cleeng_Client->registerClientApp('My WordPress We...', 'Automatically c...', 'http://127.0.0....')\n#2 /wordpress/wp-content/plugins/paypal-digital-goods-monetization-powered-by-cleeng/php/classes/Core.php(126): Cleeng_Installer->register_client_app()\n#3 /wordpress/wp-content/plugins/paypal-digital-goods-monetization-powered-by-cleeng/cleengWP.php(28): Cleeng_Core->setup()\n#4 /wordpress/wp-admin/includes/plugin.php(2387): include_once('/wordpress/wp-c...')\n#5 /wordpress/wp-admin/includes/plugin.php(673): plugin_sandbox_scrape('paypal-digital-...')\n#6 /internal/eval.php(20): activate_plugin('paypal-digital-...')\n#7 {main}\n  thrown in /wordpress/wp-content/plugins/paypal-digital-goods-monetization-powered-by-cleeng/php/classes/Client.php on line 557",
    "log": "/logs/plugins/p/persianbookmark/error.json"
  },
  {
    "message": "curl_setopt(): CURLOPT_SSL_VERIFYHOST no longer accepts the value 1, value 2 will be used instead in /wordpress/wp-content/plugins/paypal-digital-goods-monetization-powered-by-cleeng/php/classes/Client.php on line 541",
    "level": "NOTICE",
    "type": "PHP",
    "test": "asyncify-boot",
    "plugin": "persianbookmark",
    "details": "[18-Jun-2025 13:17:37 UTC] PHP Notice:  curl_setopt(): CURLOPT_SSL_VERIFYHOST no longer accepts the value 1, value 2 will be used instead in /wordpress/wp-content/plugins/paypal-digital-goods-monetization-powered-by-cleeng/php/classes/Client.php on line 541",
    "log": "/logs/plugins/p/persianbookmark/error.json"
  },
  {
    "message": "Uncaught CleengClientException: Authorization error (404). in /wordpress/wp-content/plugins/paypal-digital-goods-monetization-powered-by-cleeng/php/classes/Client.php:557",
    "level": "FATAL",
    "type": "PHP",
    "test": "asyncify-boot",
    "plugin": "persianbookmark",
    "details": "[18-Jun-2025 13:17:37 UTC] PHP Fatal error:  Uncaught CleengClientException: Authorization error (404). in /wordpress/wp-content/plugins/paypal-digital-goods-monetization-powered-by-cleeng/php/classes/Client.php:557\nStack trace:\n#0 /wordpress/wp-content/plugins/paypal-digital-goods-monetization-powered-by-cleeng/php/classes/Client.php(891): Cleeng_Client->callApi('registerClientA...', Array)\n#1 /wordpress/wp-content/plugins/paypal-digital-goods-monetization-powered-by-cleeng/php/classes/Installer.php(115): Cleeng_Client->registerClientApp('My WordPress We...', 'Automatically c...', 'http://127.0.0....')\n#2 /wordpress/wp-content/plugins/paypal-digital-goods-monetization-powered-by-cleeng/php/classes/Core.php(126): Cleeng_Installer->register_client_app()\n#3 /wordpress/wp-content/plugins/paypal-digital-goods-monetization-powered-by-cleeng/cleengWP.php(28): Cleeng_Core->setup()\n#4 /wordpress/wp-admin/includes/plugin.php(2387): include_once('/wordpress/wp-c...')\n#5 /wordpress/wp-admin/includes/plugin.php(673): plugin_sandbox_scrape('paypal-digital-...')\n#6 /internal/eval.php(20): activate_plugin('paypal-digital-...')\n#7 {main}\n  thrown in /wordpress/wp-content/plugins/paypal-digital-goods-monetization-powered-by-cleeng/php/classes/Client.php on line 557",
    "log": "/logs/plugins/p/persianbookmark/error.json"
  },
  {
    "message": "curl_setopt(): CURLOPT_SSL_VERIFYHOST no longer accepts the value 1, value 2 will be used instead in /wordpress/wp-content/plugins/paypal-digital-goods-monetization-powered-by-cleeng/php/classes/Client.php on line 541",
    "level": "NOTICE",
    "type": "PHP",
    "test": "asyncify-boot",
    "plugin": "persianbookmark",
    "details": "[18-Jun-2025 13:17:46 UTC] PHP Notice:  curl_setopt(): CURLOPT_SSL_VERIFYHOST no longer accepts the value 1, value 2 will be used instead in /wordpress/wp-content/plugins/paypal-digital-goods-monetization-powered-by-cleeng/php/classes/Client.php on line 541",
    "log": "/logs/plugins/p/persianbookmark/error.json"
  },
  {
    "message": "Uncaught CleengClientException: Authorization error (404). in /wordpress/wp-content/plugins/paypal-digital-goods-monetization-powered-by-cleeng/php/classes/Client.php:557",
    "level": "FATAL",
    "type": "PHP",
    "test": "asyncify-boot",
    "plugin": "persianbookmark",
    "details": "[18-Jun-2025 13:17:47 UTC] PHP Fatal error:  Uncaught CleengClientException: Authorization error (404). in /wordpress/wp-content/plugins/paypal-digital-goods-monetization-powered-by-cleeng/php/classes/Client.php:557\nStack trace:\n#0 /wordpress/wp-content/plugins/paypal-digital-goods-monetization-powered-by-cleeng/php/classes/Client.php(891): Cleeng_Client->callApi('registerClientA...', Array)\n#1 /wordpress/wp-content/plugins/paypal-digital-goods-monetization-powered-by-cleeng/php/classes/Installer.php(115): Cleeng_Client->registerClientApp('My WordPress We...', 'Automatically c...', 'http://127.0.0....')\n#2 /wordpress/wp-content/plugins/paypal-digital-goods-monetization-powered-by-cleeng/php/classes/Core.php(126): Cleeng_Installer->register_client_app()\n#3 /wordpress/wp-content/plugins/paypal-digital-goods-monetization-powered-by-cleeng/cleengWP.php(28): Cleeng_Core->setup()\n#4 /wordpress/wp-admin/includes/plugin.php(2387): include_once('/wordpress/wp-c...')\n#5 /wordpress/wp-admin/includes/plugin.php(673): plugin_sandbox_scrape('paypal-digital-...')\n#6 /internal/eval.php(20): activate_plugin('paypal-digital-...')\n#7 {main}\n  thrown in /wordpress/wp-content/plugins/paypal-digital-goods-monetization-powered-by-cleeng/php/classes/Client.php on line 557",
    "log": "/logs/plugins/p/persianbookmark/error.json"
  },
  {
    "message": "Function _load_textdomain_just_in_time was called <strong>incorrectly</strong>. Translation loading for the <code>payment-gateway-for-telcell</code> domain was triggered too early. This is usually an indicator for some code in the plugin or theme running too early. Translations should be loaded at the <code>init</code> action or later. Please see <a href=\"https://developer.wordpress.org/advanced-administration/debug/debug-wordpress/\">Debugging in WordPress</a> for more information. (This message was added in version 6.7.0.) in /wordpress/wp-includes/functions.php on line 6121",
    "level": "NOTICE",
    "type": "PHP",
    "test": "asyncify-boot",
    "plugin": "persianbookmark",
    "details": "[18-Jun-2025 13:19:51 UTC] PHP Notice:  Function _load_textdomain_just_in_time was called <strong>incorrectly</strong>. Translation loading for the <code>payment-gateway-for-telcell</code> domain was triggered too early. This is usually an indicator for some code in the plugin or theme running too early. Translations should be loaded at the <code>init</code> action or later. Please see <a href=\"https://developer.wordpress.org/advanced-administration/debug/debug-wordpress/\">Debugging in WordPress</a> for more information. (This message was added in version 6.7.0.) in /wordpress/wp-includes/functions.php on line 6121",
    "log": "/logs/plugins/p/persianbookmark/error.json"
  },
  {
    "message": "Function _load_textdomain_just_in_time was called <strong>incorrectly</strong>. Translation loading for the <code>payment-gateway-for-telcell</code> domain was triggered too early. This is usually an indicator for some code in the plugin or theme running too early. Translations should be loaded at the <code>init</code> action or later. Please see <a href=\"https://developer.wordpress.org/advanced-administration/debug/debug-wordpress/\">Debugging in WordPress</a> for more information. (This message was added in version 6.7.0.) in /wordpress/wp-includes/functions.php on line 6121",
    "level": "NOTICE",
    "type": "PHP",
    "test": "asyncify-boot",
    "plugin": "persianbookmark",
    "details": "[18-Jun-2025 13:20:01 UTC] PHP Notice:  Function _load_textdomain_just_in_time was called <strong>incorrectly</strong>. Translation loading for the <code>payment-gateway-for-telcell</code> domain was triggered too early. This is usually an indicator for some code in the plugin or theme running too early. Translations should be loaded at the <code>init</code> action or later. Please see <a href=\"https://developer.wordpress.org/advanced-administration/debug/debug-wordpress/\">Debugging in WordPress</a> for more information. (This message was added in version 6.7.0.) in /wordpress/wp-includes/functions.php on line 6121",
    "log": "/logs/plugins/p/persianbookmark/error.json"
  },
  {
    "message": "Function _load_textdomain_just_in_time was called <strong>incorrectly</strong>. Translation loading for the <code>payment-gateway-for-telcell</code> domain was triggered too early. This is usually an indicator for some code in the plugin or theme running too early. Translations should be loaded at the <code>init</code> action or later. Please see <a href=\"https://developer.wordpress.org/advanced-administration/debug/debug-wordpress/\">Debugging in WordPress</a> for more information. (This message was added in version 6.7.0.) in /wordpress/wp-includes/functions.php on line 6121",
    "level": "NOTICE",
    "type": "PHP",
    "test": "asyncify-boot",
    "plugin": "persianbookmark",
    "details": "[18-Jun-2025 13:20:10 UTC] PHP Notice:  Function _load_textdomain_just_in_time was called <strong>incorrectly</strong>. Translation loading for the <code>payment-gateway-for-telcell</code> domain was triggered too early. This is usually an indicator for some code in the plugin or theme running too early. Translations should be loaded at the <code>init</code> action or later. Please see <a href=\"https://developer.wordpress.org/advanced-administration/debug/debug-wordpress/\">Debugging in WordPress</a> for more information. (This message was added in version 6.7.0.) in /wordpress/wp-includes/functions.php on line 6121",
    "log": "/logs/plugins/p/persianbookmark/error.json"
  },
  {
    "message": "Function _load_textdomain_just_in_time was called <strong>incorrectly</strong>. Translation loading for the <code>easy-donations</code> domain was triggered too early. This is usually an indicator for some code in the plugin or theme running too early. Translations should be loaded at the <code>init</code> action or later. Please see <a href=\"https://developer.wordpress.org/advanced-administration/debug/debug-wordpress/\">Debugging in WordPress</a> for more information. (This message was added in version 6.7.0.) in /wordpress/wp-includes/functions.php on line 6121",
    "level": "NOTICE",
    "type": "PHP",
    "test": "asyncify-boot",
    "plugin": "persianbookmark",
    "details": "[18-Jun-2025 13:20:21 UTC] PHP Notice:  Function _load_textdomain_just_in_time was called <strong>incorrectly</strong>. Translation loading for the <code>easy-donations</code> domain was triggered too early. This is usually an indicator for some code in the plugin or theme running too early. Translations should be loaded at the <code>init</code> action or later. Please see <a href=\"https://developer.wordpress.org/advanced-administration/debug/debug-wordpress/\">Debugging in WordPress</a> for more information. (This message was added in version 6.7.0.) in /wordpress/wp-includes/functions.php on line 6121",
    "log": "/logs/plugins/p/persianbookmark/error.json"
  },
  {
    "message": "Function _load_textdomain_just_in_time was called <strong>incorrectly</strong>. Translation loading for the <code>easy-donations</code> domain was triggered too early. This is usually an indicator for some code in the plugin or theme running too early. Translations should be loaded at the <code>init</code> action or later. Please see <a href=\"https://developer.wordpress.org/advanced-administration/debug/debug-wordpress/\">Debugging in WordPress</a> for more information. (This message was added in version 6.7.0.) in /wordpress/wp-includes/functions.php on line 6121",
    "level": "NOTICE",
    "type": "PHP",
    "test": "asyncify-boot",
    "plugin": "persianbookmark",
    "details": "[18-Jun-2025 13:20:30 UTC] PHP Notice:  Function _load_textdomain_just_in_time was called <strong>incorrectly</strong>. Translation loading for the <code>easy-donations</code> domain was triggered too early. This is usually an indicator for some code in the plugin or theme running too early. Translations should be loaded at the <code>init</code> action or later. Please see <a href=\"https://developer.wordpress.org/advanced-administration/debug/debug-wordpress/\">Debugging in WordPress</a> for more information. (This message was added in version 6.7.0.) in /wordpress/wp-includes/functions.php on line 6121",
    "log": "/logs/plugins/p/persianbookmark/error.json"
  },
  {
    "message": "Function _load_textdomain_just_in_time was called <strong>incorrectly</strong>. Translation loading for the <code>easy-donations</code> domain was triggered too early. This is usually an indicator for some code in the plugin or theme running too early. Translations should be loaded at the <code>init</code> action or later. Please see <a href=\"https://developer.wordpress.org/advanced-administration/debug/debug-wordpress/\">Debugging in WordPress</a> for more information. (This message was added in version 6.7.0.) in /wordpress/wp-includes/functions.php on line 6121",
    "level": "NOTICE",
    "type": "PHP",
    "test": "asyncify-boot",
    "plugin": "persianbookmark",
    "details": "[18-Jun-2025 13:20:39 UTC] PHP Notice:  Function _load_textdomain_just_in_time was called <strong>incorrectly</strong>. Translation loading for the <code>easy-donations</code> domain was triggered too early. This is usually an indicator for some code in the plugin or theme running too early. Translations should be loaded at the <code>init</code> action or later. Please see <a href=\"https://developer.wordpress.org/advanced-administration/debug/debug-wordpress/\">Debugging in WordPress</a> for more information. (This message was added in version 6.7.0.) in /wordpress/wp-includes/functions.php on line 6121\n\n    at Object.onBind (file:///home/runner/work/playground-tester/playground-tester/node_modules/@wp-playground/cli/run-cli-j-geJYS3.js:325:15)\n    at process.processTicksAndRejections (node:internal/process/task_queues:105:5)\n    at async re (file:///home/runner/work/playground-tester/playground-tester/node_modules/@wp-playground/cli/run-cli-j-geJYS3.js:149:10) {\n  [cause]: Error: Error when executing the blueprint step #1 ({\"step\":\"installPlugin\",\"pluginData\":{\"resource\":\"wordpress.org/plugins\",\"slug\":\"persianbookmark\"},\"options\":{\"activate\":true}}) : Could not download \"https://downloads.wordpress.org/plugin/persianbookmark.latest-stable.zip\".\n  \t\t\t\tCheck if the URL is correct and the server is reachable.\n  \t\t\t\tIf it is reachable, the server might be blocking the request.\n  \t\t\t\tCheck the browser console and network tabs for more information.\n  \n  \t\t\t\t## Does the console show the error \"No 'Access-Control-Allow-Origin' header\"?\n  \n  \t\t\t\tThis means the server that hosts your file does not allow requests from other sites\n  \t\t\t\t(cross-origin requests, or CORS).\tYou need to move the asset to a server that allows\n  \t\t\t\tcross-origin file downloads. Learn more about CORS at\n  \t\t\t\thttps://developer.mozilla.org/en-US/docs/Web/HTTP/CORS.\n  \n  \t\t\t\tIf your file is on GitHub, load it from \"raw.githubusercontent.com\".\n  \t\t\t\tHere's how to do that:\n  \n  \t\t\t\t1. Start with the original GitHub URL of the file. For example:\n  \t\t\t\thttps://github.com/username/repository/blob/branch/filename.\n  \t\t\t\t2. Replace \"github.com\" with \"raw.githubusercontent.com\".\n  \t\t\t\t3. Remove the \"/blob/\" part of the URL.\n  \n  \t\t\t\tThe resulting URL should look like this:\n  \t\t\t\thttps://raw.githubusercontent.com/username/repository/branch/filename\n  \n  \t\t\t\tError:\n  \t\t\t\tError: Could not download \"https://downloads.wordpress.org/plugin/persianbookmark.latest-stable.zip\"\n      at Object.run (file:///home/runner/work/playground-tester/playground-tester/node_modules/@wp-playground/blueprints/index.js:12093:19)\n      at process.processTicksAndRejections (node:internal/process/task_queues:105:5)\n      at async ys (file:///home/runner/work/playground-tester/playground-tester/node_modules/@wp-playground/blueprints/index.js:12196:3)\n      at async Object.onBind (file:///home/runner/work/playground-tester/playground-tester/node_modules/@wp-playground/cli/run-cli-j-geJYS3.js:315:48)\n      at async re (file:///home/runner/work/playground-tester/playground-tester/node_modules/@wp-playground/cli/run-cli-j-geJYS3.js:149:10) {\n    [cause]: Error: Could not download \"https://downloads.wordpress.org/plugin/persianbookmark.latest-stable.zip\".\n    \t\t\t\tCheck if the URL is correct and the server is reachable.\n    \t\t\t\tIf it is reachable, the server might be blocking the request.\n    \t\t\t\tCheck the browser console and network tabs for more information.\n    \n    \t\t\t\t## Does the console show the error \"No 'Access-Control-Allow-Origin' header\"?\n    \n    \t\t\t\tThis means the server that hosts your file does not allow requests from other sites\n    \t\t\t\t(cross-origin requests, or CORS).\tYou need to move the asset to a server that allows\n    \t\t\t\tcross-origin file downloads. Learn more about CORS at\n    \t\t\t\thttps://developer.mozilla.org/en-US/docs/Web/HTTP/CORS.\n    \n    \t\t\t\tIf your file is on GitHub, load it from \"raw.githubusercontent.com\".\n    \t\t\t\tHere's how to do that:\n    \n    \t\t\t\t1. Start with the original GitHub URL of the file. For example:\n    \t\t\t\thttps://github.com/username/repository/blob/branch/filename.\n    \t\t\t\t2. Replace \"github.com\" with \"raw.githubusercontent.com\".\n    \t\t\t\t3. Remove the \"/blob/\" part of the URL.\n    \n    \t\t\t\tThe resulting URL should look like this:\n    \t\t\t\thttps://raw.githubusercontent.com/username/repository/branch/filename\n    \n    \t\t\t\tError:\n    \t\t\t\tError: Could not download \"https://downloads.wordpress.org/plugin/persianbookmark.latest-stable.zip\"\n        at Ct.resolve (file:///home/runner/work/playground-tester/playground-tester/node_modules/@wp-playground/blueprints/index.js:1129:13)\n        at process.processTicksAndRejections (node:internal/process/task_queues:105:5)\n        at async _.run (file:///home/runner/work/playground-tester/playground-tester/node_modules/@php-wasm/util/index.js:45:14)\n  }\n}\n\n",
    "log": "/logs/plugins/p/persianbookmark/error.json"
  },
  {
    "message": "file:///home/runner/work/playground-tester/playground-tester/node_modules/@wp-playground/cli/run-cli-j-geJYS3.js:325\n        throw new Error($, { cause: h });\n              ^\n",
    "level": "FATAL",
    "type": "PLAYGROUND",
    "test": "jspi-boot",
    "plugin": "persianbookmark",
    "details": "file:///home/runner/work/playground-tester/playground-tester/node_modules/@wp-playground/cli/run-cli-j-geJYS3.js:325\n        throw new Error($, { cause: h });\n              ^\n",
    "log": "/tmp/tmp.u7AeedFHDI"
  },
  {
    "message": "Undefined array key 0 in /wordpress/wp-content/plugins/password-policy/src/class.db.php on line 37",
    "level": "WARNING",
    "type": "PHP",
    "test": "jspi-boot",
    "plugin": "persianbookmark",
    "details": "[18-Jun-2025 13:15:56 UTC] PHP Warning:  Undefined array key 0 in /wordpress/wp-content/plugins/password-policy/src/class.db.php on line 37",
    "log": "/logs/plugins/p/persianbookmark/error.json"
  },
  {
    "message": "Attempt to read property \"option_value\" on null in /wordpress/wp-content/plugins/password-policy/src/class.db.php on line 37",
    "level": "WARNING",
    "type": "PHP",
    "test": "jspi-boot",
    "plugin": "persianbookmark",
    "details": "[18-Jun-2025 13:15:56 UTC] PHP Warning:  Attempt to read property \"option_value\" on null in /wordpress/wp-content/plugins/password-policy/src/class.db.php on line 37",
    "log": "/logs/plugins/p/persianbookmark/error.json"
  },
  {
    "message": "Uncaught TypeError: get_object_vars(): Argument #1 ($object) must be of type object, null given in /wordpress/wp-content/plugins/password-policy/src/class.db.php:37",
    "level": "FATAL",
    "type": "PHP",
    "test": "jspi-boot",
    "plugin": "persianbookmark",
    "details": "[18-Jun-2025 13:15:56 UTC] PHP Fatal error:  Uncaught TypeError: get_object_vars(): Argument #1 ($object) must be of type object, null given in /wordpress/wp-content/plugins/password-policy/src/class.db.php:37\nStack trace:\n#0 /wordpress/wp-content/plugins/password-policy/src/class.db.php(37): get_object_vars(NULL)\n#1 /wordpress/wp-content/plugins/password-policy/password-policy.php(91): PSSP_Db->get_config()\n#2 /wordpress/wp-admin/includes/plugin.php(2387): include_once('/wordpress/wp-c...')\n#3 /wordpress/wp-admin/includes/plugin.php(673): plugin_sandbox_scrape('password-policy...')\n#4 /internal/eval.php(20): activate_plugin('password-policy...')\n#5 {main}\n  thrown in /wordpress/wp-content/plugins/password-policy/src/class.db.php on line 37",
    "log": "/logs/plugins/p/persianbookmark/error.json"
  },
  {
    "message": "Undefined array key 0 in /wordpress/wp-content/plugins/password-policy/src/class.db.php on line 37",
    "level": "WARNING",
    "type": "PHP",
    "test": "jspi-boot",
    "plugin": "persianbookmark",
    "details": "[18-Jun-2025 13:16:04 UTC] PHP Warning:  Undefined array key 0 in /wordpress/wp-content/plugins/password-policy/src/class.db.php on line 37",
    "log": "/logs/plugins/p/persianbookmark/error.json"
  },
  {
    "message": "Attempt to read property \"option_value\" on null in /wordpress/wp-content/plugins/password-policy/src/class.db.php on line 37",
    "level": "WARNING",
    "type": "PHP",
    "test": "jspi-boot",
    "plugin": "persianbookmark",
    "details": "[18-Jun-2025 13:16:04 UTC] PHP Warning:  Attempt to read property \"option_value\" on null in /wordpress/wp-content/plugins/password-policy/src/class.db.php on line 37",
    "log": "/logs/plugins/p/persianbookmark/error.json"
  },
  {
    "message": "Uncaught TypeError: get_object_vars(): Argument #1 ($object) must be of type object, null given in /wordpress/wp-content/plugins/password-policy/src/class.db.php:37",
    "level": "FATAL",
    "type": "PHP",
    "test": "jspi-boot",
    "plugin": "persianbookmark",
    "details": "[18-Jun-2025 13:16:04 UTC] PHP Fatal error:  Uncaught TypeError: get_object_vars(): Argument #1 ($object) must be of type object, null given in /wordpress/wp-content/plugins/password-policy/src/class.db.php:37\nStack trace:\n#0 /wordpress/wp-content/plugins/password-policy/src/class.db.php(37): get_object_vars(NULL)\n#1 /wordpress/wp-content/plugins/password-policy/password-policy.php(91): PSSP_Db->get_config()\n#2 /wordpress/wp-admin/includes/plugin.php(2387): include_once('/wordpress/wp-c...')\n#3 /wordpress/wp-admin/includes/plugin.php(673): plugin_sandbox_scrape('password-policy...')\n#4 /internal/eval.php(20): activate_plugin('password-policy...')\n#5 {main}\n  thrown in /wordpress/wp-content/plugins/password-policy/src/class.db.php on line 37",
    "log": "/logs/plugins/p/persianbookmark/error.json"
  },
  {
    "message": "Undefined array key 0 in /wordpress/wp-content/plugins/password-policy/src/class.db.php on line 37",
    "level": "WARNING",
    "type": "PHP",
    "test": "jspi-boot",
    "plugin": "persianbookmark",
    "details": "[18-Jun-2025 13:16:13 UTC] PHP Warning:  Undefined array key 0 in /wordpress/wp-content/plugins/password-policy/src/class.db.php on line 37",
    "log": "/logs/plugins/p/persianbookmark/error.json"
  },
  {
    "message": "Attempt to read property \"option_value\" on null in /wordpress/wp-content/plugins/password-policy/src/class.db.php on line 37",
    "level": "WARNING",
    "type": "PHP",
    "test": "jspi-boot",
    "plugin": "persianbookmark",
    "details": "[18-Jun-2025 13:16:13 UTC] PHP Warning:  Attempt to read property \"option_value\" on null in /wordpress/wp-content/plugins/password-policy/src/class.db.php on line 37",
    "log": "/logs/plugins/p/persianbookmark/error.json"
  },
  {
    "message": "Uncaught TypeError: get_object_vars(): Argument #1 ($object) must be of type object, null given in /wordpress/wp-content/plugins/password-policy/src/class.db.php:37",
    "level": "FATAL",
    "type": "PHP",
    "test": "jspi-boot",
    "plugin": "persianbookmark",
    "details": "[18-Jun-2025 13:16:13 UTC] PHP Fatal error:  Uncaught TypeError: get_object_vars(): Argument #1 ($object) must be of type object, null given in /wordpress/wp-content/plugins/password-policy/src/class.db.php:37\nStack trace:\n#0 /wordpress/wp-content/plugins/password-policy/src/class.db.php(37): get_object_vars(NULL)\n#1 /wordpress/wp-content/plugins/password-policy/password-policy.php(91): PSSP_Db->get_config()\n#2 /wordpress/wp-admin/includes/plugin.php(2387): include_once('/wordpress/wp-c...')\n#3 /wordpress/wp-admin/includes/plugin.php(673): plugin_sandbox_scrape('password-policy...')\n#4 /internal/eval.php(20): activate_plugin('password-policy...')\n#5 {main}\n  thrown in /wordpress/wp-content/plugins/password-policy/src/class.db.php on line 37",
    "log": "/logs/plugins/p/persianbookmark/error.json"
  },
  {
    "message": "curl_setopt(): CURLOPT_SSL_VERIFYHOST no longer accepts the value 1, value 2 will be used instead in /wordpress/wp-content/plugins/paypal-digital-goods-monetization-powered-by-cleeng/php/classes/Client.php on line 541",
    "level": "NOTICE",
    "type": "PHP",
    "test": "jspi-boot",
    "plugin": "persianbookmark",
    "details": "[18-Jun-2025 13:17:27 UTC] PHP Notice:  curl_setopt(): CURLOPT_SSL_VERIFYHOST no longer accepts the value 1, value 2 will be used instead in /wordpress/wp-content/plugins/paypal-digital-goods-monetization-powered-by-cleeng/php/classes/Client.php on line 541",
    "log": "/logs/plugins/p/persianbookmark/error.json"
  },
  {
    "message": "Uncaught CleengClientException: Authorization error (404). in /wordpress/wp-content/plugins/paypal-digital-goods-monetization-powered-by-cleeng/php/classes/Client.php:557",
    "level": "FATAL",
    "type": "PHP",
    "test": "jspi-boot",
    "plugin": "persianbookmark",
    "details": "[18-Jun-2025 13:17:27 UTC] PHP Fatal error:  Uncaught CleengClientException: Authorization error (404). in /wordpress/wp-content/plugins/paypal-digital-goods-monetization-powered-by-cleeng/php/classes/Client.php:557\nStack trace:\n#0 /wordpress/wp-content/plugins/paypal-digital-goods-monetization-powered-by-cleeng/php/classes/Client.php(891): Cleeng_Client->callApi('registerClientA...', Array)\n#1 /wordpress/wp-content/plugins/paypal-digital-goods-monetization-powered-by-cleeng/php/classes/Installer.php(115): Cleeng_Client->registerClientApp('My WordPress We...', 'Automatically c...', 'http://127.0.0....')\n#2 /wordpress/wp-content/plugins/paypal-digital-goods-monetization-powered-by-cleeng/php/classes/Core.php(126): Cleeng_Installer->register_client_app()\n#3 /wordpress/wp-content/plugins/paypal-digital-goods-monetization-powered-by-cleeng/cleengWP.php(28): Cleeng_Core->setup()\n#4 /wordpress/wp-admin/includes/plugin.php(2387): include_once('/wordpress/wp-c...')\n#5 /wordpress/wp-admin/includes/plugin.php(673): plugin_sandbox_scrape('paypal-digital-...')\n#6 /internal/eval.php(20): activate_plugin('paypal-digital-...')\n#7 {main}\n  thrown in /wordpress/wp-content/plugins/paypal-digital-goods-monetization-powered-by-cleeng/php/classes/Client.php on line 557",
    "log": "/logs/plugins/p/persianbookmark/error.json"
  },
  {
    "message": "curl_setopt(): CURLOPT_SSL_VERIFYHOST no longer accepts the value 1, value 2 will be used instead in /wordpress/wp-content/plugins/paypal-digital-goods-monetization-powered-by-cleeng/php/classes/Client.php on line 541",
    "level": "NOTICE",
    "type": "PHP",
    "test": "jspi-boot",
    "plugin": "persianbookmark",
    "details": "[18-Jun-2025 13:17:37 UTC] PHP Notice:  curl_setopt(): CURLOPT_SSL_VERIFYHOST no longer accepts the value 1, value 2 will be used instead in /wordpress/wp-content/plugins/paypal-digital-goods-monetization-powered-by-cleeng/php/classes/Client.php on line 541",
    "log": "/logs/plugins/p/persianbookmark/error.json"
  },
  {
    "message": "Uncaught CleengClientException: Authorization error (404). in /wordpress/wp-content/plugins/paypal-digital-goods-monetization-powered-by-cleeng/php/classes/Client.php:557",
    "level": "FATAL",
    "type": "PHP",
    "test": "jspi-boot",
    "plugin": "persianbookmark",
    "details": "[18-Jun-2025 13:17:37 UTC] PHP Fatal error:  Uncaught CleengClientException: Authorization error (404). in /wordpress/wp-content/plugins/paypal-digital-goods-monetization-powered-by-cleeng/php/classes/Client.php:557\nStack trace:\n#0 /wordpress/wp-content/plugins/paypal-digital-goods-monetization-powered-by-cleeng/php/classes/Client.php(891): Cleeng_Client->callApi('registerClientA...', Array)\n#1 /wordpress/wp-content/plugins/paypal-digital-goods-monetization-powered-by-cleeng/php/classes/Installer.php(115): Cleeng_Client->registerClientApp('My WordPress We...', 'Automatically c...', 'http://127.0.0....')\n#2 /wordpress/wp-content/plugins/paypal-digital-goods-monetization-powered-by-cleeng/php/classes/Core.php(126): Cleeng_Installer->register_client_app()\n#3 /wordpress/wp-content/plugins/paypal-digital-goods-monetization-powered-by-cleeng/cleengWP.php(28): Cleeng_Core->setup()\n#4 /wordpress/wp-admin/includes/plugin.php(2387): include_once('/wordpress/wp-c...')\n#5 /wordpress/wp-admin/includes/plugin.php(673): plugin_sandbox_scrape('paypal-digital-...')\n#6 /internal/eval.php(20): activate_plugin('paypal-digital-...')\n#7 {main}\n  thrown in /wordpress/wp-content/plugins/paypal-digital-goods-monetization-powered-by-cleeng/php/classes/Client.php on line 557",
    "log": "/logs/plugins/p/persianbookmark/error.json"
  },
  {
    "message": "curl_setopt(): CURLOPT_SSL_VERIFYHOST no longer accepts the value 1, value 2 will be used instead in /wordpress/wp-content/plugins/paypal-digital-goods-monetization-powered-by-cleeng/php/classes/Client.php on line 541",
    "level": "NOTICE",
    "type": "PHP",
    "test": "jspi-boot",
    "plugin": "persianbookmark",
    "details": "[18-Jun-2025 13:17:46 UTC] PHP Notice:  curl_setopt(): CURLOPT_SSL_VERIFYHOST no longer accepts the value 1, value 2 will be used instead in /wordpress/wp-content/plugins/paypal-digital-goods-monetization-powered-by-cleeng/php/classes/Client.php on line 541",
    "log": "/logs/plugins/p/persianbookmark/error.json"
  },
  {
    "message": "Uncaught CleengClientException: Authorization error (404). in /wordpress/wp-content/plugins/paypal-digital-goods-monetization-powered-by-cleeng/php/classes/Client.php:557",
    "level": "FATAL",
    "type": "PHP",
    "test": "jspi-boot",
    "plugin": "persianbookmark",
    "details": "[18-Jun-2025 13:17:47 UTC] PHP Fatal error:  Uncaught CleengClientException: Authorization error (404). in /wordpress/wp-content/plugins/paypal-digital-goods-monetization-powered-by-cleeng/php/classes/Client.php:557\nStack trace:\n#0 /wordpress/wp-content/plugins/paypal-digital-goods-monetization-powered-by-cleeng/php/classes/Client.php(891): Cleeng_Client->callApi('registerClientA...', Array)\n#1 /wordpress/wp-content/plugins/paypal-digital-goods-monetization-powered-by-cleeng/php/classes/Installer.php(115): Cleeng_Client->registerClientApp('My WordPress We...', 'Automatically c...', 'http://127.0.0....')\n#2 /wordpress/wp-content/plugins/paypal-digital-goods-monetization-powered-by-cleeng/php/classes/Core.php(126): Cleeng_Installer->register_client_app()\n#3 /wordpress/wp-content/plugins/paypal-digital-goods-monetization-powered-by-cleeng/cleengWP.php(28): Cleeng_Core->setup()\n#4 /wordpress/wp-admin/includes/plugin.php(2387): include_once('/wordpress/wp-c...')\n#5 /wordpress/wp-admin/includes/plugin.php(673): plugin_sandbox_scrape('paypal-digital-...')\n#6 /internal/eval.php(20): activate_plugin('paypal-digital-...')\n#7 {main}\n  thrown in /wordpress/wp-content/plugins/paypal-digital-goods-monetization-powered-by-cleeng/php/classes/Client.php on line 557",
    "log": "/logs/plugins/p/persianbookmark/error.json"
  },
  {
    "message": "Function _load_textdomain_just_in_time was called <strong>incorrectly</strong>. Translation loading for the <code>payment-gateway-for-telcell</code> domain was triggered too early. This is usually an indicator for some code in the plugin or theme running too early. Translations should be loaded at the <code>init</code> action or later. Please see <a href=\"https://developer.wordpress.org/advanced-administration/debug/debug-wordpress/\">Debugging in WordPress</a> for more information. (This message was added in version 6.7.0.) in /wordpress/wp-includes/functions.php on line 6121",
    "level": "NOTICE",
    "type": "PHP",
    "test": "jspi-boot",
    "plugin": "persianbookmark",
    "details": "[18-Jun-2025 13:19:51 UTC] PHP Notice:  Function _load_textdomain_just_in_time was called <strong>incorrectly</strong>. Translation loading for the <code>payment-gateway-for-telcell</code> domain was triggered too early. This is usually an indicator for some code in the plugin or theme running too early. Translations should be loaded at the <code>init</code> action or later. Please see <a href=\"https://developer.wordpress.org/advanced-administration/debug/debug-wordpress/\">Debugging in WordPress</a> for more information. (This message was added in version 6.7.0.) in /wordpress/wp-includes/functions.php on line 6121",
    "log": "/logs/plugins/p/persianbookmark/error.json"
  },
  {
    "message": "Function _load_textdomain_just_in_time was called <strong>incorrectly</strong>. Translation loading for the <code>payment-gateway-for-telcell</code> domain was triggered too early. This is usually an indicator for some code in the plugin or theme running too early. Translations should be loaded at the <code>init</code> action or later. Please see <a href=\"https://developer.wordpress.org/advanced-administration/debug/debug-wordpress/\">Debugging in WordPress</a> for more information. (This message was added in version 6.7.0.) in /wordpress/wp-includes/functions.php on line 6121",
    "level": "NOTICE",
    "type": "PHP",
    "test": "jspi-boot",
    "plugin": "persianbookmark",
    "details": "[18-Jun-2025 13:20:01 UTC] PHP Notice:  Function _load_textdomain_just_in_time was called <strong>incorrectly</strong>. Translation loading for the <code>payment-gateway-for-telcell</code> domain was triggered too early. This is usually an indicator for some code in the plugin or theme running too early. Translations should be loaded at the <code>init</code> action or later. Please see <a href=\"https://developer.wordpress.org/advanced-administration/debug/debug-wordpress/\">Debugging in WordPress</a> for more information. (This message was added in version 6.7.0.) in /wordpress/wp-includes/functions.php on line 6121",
    "log": "/logs/plugins/p/persianbookmark/error.json"
  },
  {
    "message": "Function _load_textdomain_just_in_time was called <strong>incorrectly</strong>. Translation loading for the <code>payment-gateway-for-telcell</code> domain was triggered too early. This is usually an indicator for some code in the plugin or theme running too early. Translations should be loaded at the <code>init</code> action or later. Please see <a href=\"https://developer.wordpress.org/advanced-administration/debug/debug-wordpress/\">Debugging in WordPress</a> for more information. (This message was added in version 6.7.0.) in /wordpress/wp-includes/functions.php on line 6121",
    "level": "NOTICE",
    "type": "PHP",
    "test": "jspi-boot",
    "plugin": "persianbookmark",
    "details": "[18-Jun-2025 13:20:10 UTC] PHP Notice:  Function _load_textdomain_just_in_time was called <strong>incorrectly</strong>. Translation loading for the <code>payment-gateway-for-telcell</code> domain was triggered too early. This is usually an indicator for some code in the plugin or theme running too early. Translations should be loaded at the <code>init</code> action or later. Please see <a href=\"https://developer.wordpress.org/advanced-administration/debug/debug-wordpress/\">Debugging in WordPress</a> for more information. (This message was added in version 6.7.0.) in /wordpress/wp-includes/functions.php on line 6121",
    "log": "/logs/plugins/p/persianbookmark/error.json"
  },
  {
    "message": "Function _load_textdomain_just_in_time was called <strong>incorrectly</strong>. Translation loading for the <code>easy-donations</code> domain was triggered too early. This is usually an indicator for some code in the plugin or theme running too early. Translations should be loaded at the <code>init</code> action or later. Please see <a href=\"https://developer.wordpress.org/advanced-administration/debug/debug-wordpress/\">Debugging in WordPress</a> for more information. (This message was added in version 6.7.0.) in /wordpress/wp-includes/functions.php on line 6121",
    "level": "NOTICE",
    "type": "PHP",
    "test": "jspi-boot",
    "plugin": "persianbookmark",
    "details": "[18-Jun-2025 13:20:21 UTC] PHP Notice:  Function _load_textdomain_just_in_time was called <strong>incorrectly</strong>. Translation loading for the <code>easy-donations</code> domain was triggered too early. This is usually an indicator for some code in the plugin or theme running too early. Translations should be loaded at the <code>init</code> action or later. Please see <a href=\"https://developer.wordpress.org/advanced-administration/debug/debug-wordpress/\">Debugging in WordPress</a> for more information. (This message was added in version 6.7.0.) in /wordpress/wp-includes/functions.php on line 6121",
    "log": "/logs/plugins/p/persianbookmark/error.json"
  },
  {
    "message": "Function _load_textdomain_just_in_time was called <strong>incorrectly</strong>. Translation loading for the <code>easy-donations</code> domain was triggered too early. This is usually an indicator for some code in the plugin or theme running too early. Translations should be loaded at the <code>init</code> action or later. Please see <a href=\"https://developer.wordpress.org/advanced-administration/debug/debug-wordpress/\">Debugging in WordPress</a> for more information. (This message was added in version 6.7.0.) in /wordpress/wp-includes/functions.php on line 6121",
    "level": "NOTICE",
    "type": "PHP",
    "test": "jspi-boot",
    "plugin": "persianbookmark",
    "details": "[18-Jun-2025 13:20:30 UTC] PHP Notice:  Function _load_textdomain_just_in_time was called <strong>incorrectly</strong>. Translation loading for the <code>easy-donations</code> domain was triggered too early. This is usually an indicator for some code in the plugin or theme running too early. Translations should be loaded at the <code>init</code> action or later. Please see <a href=\"https://developer.wordpress.org/advanced-administration/debug/debug-wordpress/\">Debugging in WordPress</a> for more information. (This message was added in version 6.7.0.) in /wordpress/wp-includes/functions.php on line 6121",
    "log": "/logs/plugins/p/persianbookmark/error.json"
  },
  {
    "message": "Function _load_textdomain_just_in_time was called <strong>incorrectly</strong>. Translation loading for the <code>easy-donations</code> domain was triggered too early. This is usually an indicator for some code in the plugin or theme running too early. Translations should be loaded at the <code>init</code> action or later. Please see <a href=\"https://developer.wordpress.org/advanced-administration/debug/debug-wordpress/\">Debugging in WordPress</a> for more information. (This message was added in version 6.7.0.) in /wordpress/wp-includes/functions.php on line 6121",
    "level": "NOTICE",
    "type": "PHP",
    "test": "jspi-boot",
    "plugin": "persianbookmark",
    "details": "[18-Jun-2025 13:20:39 UTC] PHP Notice:  Function _load_textdomain_just_in_time was called <strong>incorrectly</strong>. Translation loading for the <code>easy-donations</code> domain was triggered too early. This is usually an indicator for some code in the plugin or theme running too early. Translations should be loaded at the <code>init</code> action or later. Please see <a href=\"https://developer.wordpress.org/advanced-administration/debug/debug-wordpress/\">Debugging in WordPress</a> for more information. (This message was added in version 6.7.0.) in /wordpress/wp-includes/functions.php on line 6121\n\n    at Object.onBind (file:///home/runner/work/playground-tester/playground-tester/node_modules/@wp-playground/cli/run-cli-j-geJYS3.js:325:15)\n    at process.processTicksAndRejections (node:internal/process/task_queues:105:5)\n    at async re (file:///home/runner/work/playground-tester/playground-tester/node_modules/@wp-playground/cli/run-cli-j-geJYS3.js:149:10) {\n  [cause]: Error: Error when executing the blueprint step #1 ({\"step\":\"installPlugin\",\"pluginData\":{\"resource\":\"wordpress.org/plugins\",\"slug\":\"persianbookmark\"},\"options\":{\"activate\":true}}) : Could not download \"https://downloads.wordpress.org/plugin/persianbookmark.latest-stable.zip\".\n  \t\t\t\tCheck if the URL is correct and the server is reachable.\n  \t\t\t\tIf it is reachable, the server might be blocking the request.\n  \t\t\t\tCheck the browser console and network tabs for more information.\n  \n  \t\t\t\t## Does the console show the error \"No 'Access-Control-Allow-Origin' header\"?\n  \n  \t\t\t\tThis means the server that hosts your file does not allow requests from other sites\n  \t\t\t\t(cross-origin requests, or CORS).\tYou need to move the asset to a server that allows\n  \t\t\t\tcross-origin file downloads. Learn more about CORS at\n  \t\t\t\thttps://developer.mozilla.org/en-US/docs/Web/HTTP/CORS.\n  \n  \t\t\t\tIf your file is on GitHub, load it from \"raw.githubusercontent.com\".\n  \t\t\t\tHere's how to do that:\n  \n  \t\t\t\t1. Start with the original GitHub URL of the file. For example:\n  \t\t\t\thttps://github.com/username/repository/blob/branch/filename.\n  \t\t\t\t2. Replace \"github.com\" with \"raw.githubusercontent.com\".\n  \t\t\t\t3. Remove the \"/blob/\" part of the URL.\n  \n  \t\t\t\tThe resulting URL should look like this:\n  \t\t\t\thttps://raw.githubusercontent.com/username/repository/branch/filename\n  \n  \t\t\t\tError:\n  \t\t\t\tError: Could not download \"https://downloads.wordpress.org/plugin/persianbookmark.latest-stable.zip\"\n      at Object.run (file:///home/runner/work/playground-tester/playground-tester/node_modules/@wp-playground/blueprints/index.js:12093:19)\n      at process.processTicksAndRejections (node:internal/process/task_queues:105:5)\n      at async ys (file:///home/runner/work/playground-tester/playground-tester/node_modules/@wp-playground/blueprints/index.js:12196:3)\n      at async Object.onBind (file:///home/runner/work/playground-tester/playground-tester/node_modules/@wp-playground/cli/run-cli-j-geJYS3.js:315:48)\n      at async re (file:///home/runner/work/playground-tester/playground-tester/node_modules/@wp-playground/cli/run-cli-j-geJYS3.js:149:10) {\n    [cause]: Error: Could not download \"https://downloads.wordpress.org/plugin/persianbookmark.latest-stable.zip\".\n    \t\t\t\tCheck if the URL is correct and the server is reachable.\n    \t\t\t\tIf it is reachable, the server might be blocking the request.\n    \t\t\t\tCheck the browser console and network tabs for more information.\n    \n    \t\t\t\t## Does the console show the error \"No 'Access-Control-Allow-Origin' header\"?\n    \n    \t\t\t\tThis means the server that hosts your file does not allow requests from other sites\n    \t\t\t\t(cross-origin requests, or CORS).\tYou need to move the asset to a server that allows\n    \t\t\t\tcross-origin file downloads. Learn more about CORS at\n    \t\t\t\thttps://developer.mozilla.org/en-US/docs/Web/HTTP/CORS.\n    \n    \t\t\t\tIf your file is on GitHub, load it from \"raw.githubusercontent.com\".\n    \t\t\t\tHere's how to do that:\n    \n    \t\t\t\t1. Start with the original GitHub URL of the file. For example:\n    \t\t\t\thttps://github.com/username/repository/blob/branch/filename.\n    \t\t\t\t2. Replace \"github.com\" with \"raw.githubusercontent.com\".\n    \t\t\t\t3. Remove the \"/blob/\" part of the URL.\n    \n    \t\t\t\tThe resulting URL should look like this:\n    \t\t\t\thttps://raw.githubusercontent.com/username/repository/branch/filename\n    \n    \t\t\t\tError:\n    \t\t\t\tError: Could not download \"https://downloads.wordpress.org/plugin/persianbookmark.latest-stable.zip\"\n        at Ct.resolve (file:///home/runner/work/playground-tester/playground-tester/node_modules/@wp-playground/blueprints/index.js:1129:13)\n        at process.processTicksAndRejections (node:internal/process/task_queues:105:5)\n        at async _.run (file:///home/runner/work/playground-tester/playground-tester/node_modules/@php-wasm/util/index.js:45:14)\n  }\n}\n\n",
    "log": "/logs/plugins/p/persianbookmark/error.json"
  }
]
