[
{"message":"file:///home/runner/work/playground-tester/playground-tester/node_modules/@wp-playground/cli/index.js:237\n        throw new Error(y, { cause: u });\n              ^\n","level":"FATAL","type":"PLAYGROUND","test":"ast-sqlite-boot","plugin":"questions","details":"file:///home/runner/work/playground-tester/playground-tester/node_modules/@wp-playground/cli/index.js:237\n        throw new Error(y, { cause: u });\n              ^\n","log":"/tmp/tmp.YjANCcxRcN"}
,
{"message":"file_get_contents(/wordpress/.htaccess): Failed to open stream: No such file or directory in /wordpress/wp-content/plugins/rest-cache/includes/class.rewrite-rule.php on line 22","level":"WARNING","type":"PHP","test":"ast-sqlite-boot","plugin":"questions","details":"[21-May-2025 02:31:49 UTC] PHP Warning:  file_get_contents(/wordpress/.htaccess): Failed to open stream: No such file or directory in /wordpress/wp-content/plugins/rest-cache/includes/class.rewrite-rule.php on line 22","log":"/logs/plugins/q/questions/error.json"}
,
{"message":"Undefined array key \"DOCUMENT_ROOT\" in /wordpress/wp-content/plugins/rest-cache/includes/class.rewrite-rule.php on line 44","level":"WARNING","type":"PHP","test":"ast-sqlite-boot","plugin":"questions","details":"[21-May-2025 02:31:49 UTC] PHP Warning:  Undefined array key \"DOCUMENT_ROOT\" in /wordpress/wp-content/plugins/rest-cache/includes/class.rewrite-rule.php on line 44","log":"/logs/plugins/q/questions/error.json"}
,
{"message":"file_get_contents(/wordpress/.htaccess): Failed to open stream: No such file or directory in /wordpress/wp-content/plugins/rest-cache/includes/class.rewrite-rule.php on line 61","level":"WARNING","type":"PHP","test":"ast-sqlite-boot","plugin":"questions","details":"[21-May-2025 02:31:49 UTC] PHP Warning:  file_get_contents(/wordpress/.htaccess): Failed to open stream: No such file or directory in /wordpress/wp-content/plugins/rest-cache/includes/class.rewrite-rule.php on line 61","log":"/logs/plugins/q/questions/error.json"}
,
{"message":"Uncaught GuzzleHttp\\Exception\\ClientException: Client error: `GET http://127.0.0.1:9403/wp-content/plugins/rest-cache/service/public/api/install` resulted in a `404 Not Found` response:","level":"FATAL","type":"PHP","test":"ast-sqlite-boot","plugin":"questions","details":"[21-May-2025 02:31:52 UTC] PHP Fatal error:  Uncaught GuzzleHttp\\Exception\\ClientException: Client error: `GET http://127.0.0.1:9403/wp-content/plugins/rest-cache/service/public/api/install` resulted in a `404 Not Found` response:\n<!DOCTYPE html>\n<html lang=\"en-US\">\n<head>\n\t<meta charset=\"UTF-8\" />\n\t<meta name=\"viewport\" content=\"width=device-width, (truncated...)\n in /wordpress/wp-content/plugins/rest-cache/vendor/guzzlehttp/guzzle/src/Exception/RequestException.php:111\nStack trace:\n#0 /wordpress/wp-content/plugins/rest-cache/vendor/guzzlehttp/guzzle/src/Middleware.php(66): GuzzleHttp\\Exception\\RequestException::create(Object(GuzzleHttp\\Psr7\\Request), Object(GuzzleHttp\\Psr7\\Response))\n#1 /wordpress/wp-content/plugins/rest-cache/vendor/guzzlehttp/promises/src/Promise.php(203): GuzzleHttp\\Middleware::GuzzleHttp\\{closure}(Object(GuzzleHttp\\Psr7\\Response))\n#2 /wordpress/wp-content/plugins/rest-cache/vendor/guzzlehttp/promises/src/Promise.php(156): GuzzleHttp\\Promise\\Promise::callHandler(1, Object(GuzzleHttp\\Psr7\\Response), Array)\n#3 /wordpress/wp-content/plugins/rest-cache/vendor/guzzlehttp/promises/src/TaskQueue.php(47): GuzzleHttp\\Promise\\Promise::GuzzleHttp\\Promise\\{closure}()\n#4 /wordpress/wp-content/plugins/rest-cache/vendor/guzzlehttp/promises/src/Promise.php(246): GuzzleHttp\\Promise\\TaskQueue->run(true)\n#5 /wordpress/wp-content/plugins/rest-cache/vendor/guzzlehttp/promises/src/Promise.php(223): GuzzleHttp\\Promise\\Promise->invokeWaitFn()\n#6 /wordpress/wp-content/plugins/rest-cache/vendor/guzzlehttp/promises/src/Promise.php(267): GuzzleHttp\\Promise\\Promise->waitIfPending()\n#7 /wordpress/wp-content/plugins/rest-cache/vendor/guzzlehttp/promises/src/Promise.php(225): GuzzleHttp\\Promise\\Promise->invokeWaitList()\n#8 /wordpress/wp-content/plugins/rest-cache/vendor/guzzlehttp/promises/src/Promise.php(62): GuzzleHttp\\Promise\\Promise->waitIfPending()\n#9 /wordpress/wp-content/plugins/rest-cache/vendor/guzzlehttp/guzzle/src/Client.php(181): GuzzleHttp\\Promise\\Promise->wait()\n#10 /wordpress/wp-content/plugins/rest-cache/includes/class.plugin.php(94): GuzzleHttp\\Client->request('GET', 'http://127.0.0....', Array)\n#11 /wordpress/wp-includes/class-wp-hook.php(324): PerryRylance\\WordPress\\RESTCache\\Plugin->onActivate(false)\n#12 /wordpress/wp-includes/class-wp-hook.php(348): WP_Hook->apply_filters('', Array)\n#13 /wordpress/wp-includes/plugin.php(517): WP_Hook->do_action(Array)\n#14 /wordpress/wp-admin/includes/plugin.php(703): do_action('activate_rest-c...', false)\n#15 /internal/eval.php(20): activate_plugin('rest-cache/rest...')\n#16 {main}\n  thrown in /wordpress/wp-content/plugins/rest-cache/vendor/guzzlehttp/guzzle/src/Exception/RequestException.php on line 111","log":"/logs/plugins/q/questions/error.json"}
,
{"message":"Uncaught GuzzleHttp\\Exception\\ClientException: Client error: `GET http://127.0.0.1:9403/wp-content/plugins/rest-cache/service/public/api/install` resulted in a `404 Not Found` response:","level":"FATAL","type":"PHP","test":"ast-sqlite-boot","plugin":"questions","details":"[21-May-2025 02:32:16 UTC] PHP Fatal error:  Uncaught GuzzleHttp\\Exception\\ClientException: Client error: `GET http://127.0.0.1:9403/wp-content/plugins/rest-cache/service/public/api/install` resulted in a `404 Not Found` response:\n<!DOCTYPE html>\n<html lang=\"en-US\">\n<head>\n\t<meta charset=\"UTF-8\" />\n\t<meta name=\"viewport\" content=\"width=device-width, (truncated...)\n in /wordpress/wp-content/plugins/rest-cache/vendor/guzzlehttp/guzzle/src/Exception/RequestException.php:111\nStack trace:\n#0 /wordpress/wp-content/plugins/rest-cache/vendor/guzzlehttp/guzzle/src/Middleware.php(66): GuzzleHttp\\Exception\\RequestException::create(Object(GuzzleHttp\\Psr7\\Request), Object(GuzzleHttp\\Psr7\\Response))\n#1 /wordpress/wp-content/plugins/rest-cache/vendor/guzzlehttp/promises/src/Promise.php(203): GuzzleHttp\\Middleware::GuzzleHttp\\{closure}(Object(GuzzleHttp\\Psr7\\Response))\n#2 /wordpress/wp-content/plugins/rest-cache/vendor/guzzlehttp/promises/src/Promise.php(156): GuzzleHttp\\Promise\\Promise::callHandler(1, Object(GuzzleHttp\\Psr7\\Response), Array)\n#3 /wordpress/wp-content/plugins/rest-cache/vendor/guzzlehttp/promises/src/TaskQueue.php(47): GuzzleHttp\\Promise\\Promise::GuzzleHttp\\Promise\\{closure}()\n#4 /wordpress/wp-content/plugins/rest-cache/vendor/guzzlehttp/promises/src/Promise.php(246): GuzzleHttp\\Promise\\TaskQueue->run(true)\n#5 /wordpress/wp-content/plugins/rest-cache/vendor/guzzlehttp/promises/src/Promise.php(223): GuzzleHttp\\Promise\\Promise->invokeWaitFn()\n#6 /wordpress/wp-content/plugins/rest-cache/vendor/guzzlehttp/promises/src/Promise.php(267): GuzzleHttp\\Promise\\Promise->waitIfPending()\n#7 /wordpress/wp-content/plugins/rest-cache/vendor/guzzlehttp/promises/src/Promise.php(225): GuzzleHttp\\Promise\\Promise->invokeWaitList()\n#8 /wordpress/wp-content/plugins/rest-cache/vendor/guzzlehttp/promises/src/Promise.php(62): GuzzleHttp\\Promise\\Promise->waitIfPending()\n#9 /wordpress/wp-content/plugins/rest-cache/vendor/guzzlehttp/guzzle/src/Client.php(181): GuzzleHttp\\Promise\\Promise->wait()\n#10 /wordpress/wp-content/plugins/rest-cache/includes/class.plugin.php(94): GuzzleHttp\\Client->request('GET', 'http://127.0.0....', Array)\n#11 /wordpress/wp-includes/class-wp-hook.php(324): PerryRylance\\WordPress\\RESTCache\\Plugin->onActivate(false)\n#12 /wordpress/wp-includes/class-wp-hook.php(348): WP_Hook->apply_filters('', Array)\n#13 /wordpress/wp-includes/plugin.php(517): WP_Hook->do_action(Array)\n#14 /wordpress/wp-admin/includes/plugin.php(703): do_action('activate_rest-c...', false)\n#15 /internal/eval.php(20): activate_plugin('rest-cache/rest...')\n#16 {main}\n  thrown in /wordpress/wp-content/plugins/rest-cache/vendor/guzzlehttp/guzzle/src/Exception/RequestException.php on line 111","log":"/logs/plugins/q/questions/error.json"}
,
{"message":"Uncaught GuzzleHttp\\Exception\\ClientException: Client error: `GET http://127.0.0.1:9403/wp-content/plugins/rest-cache/service/public/api/install` resulted in a `404 Not Found` response:","level":"FATAL","type":"PHP","test":"ast-sqlite-boot","plugin":"questions","details":"[21-May-2025 02:32:41 UTC] PHP Fatal error:  Uncaught GuzzleHttp\\Exception\\ClientException: Client error: `GET http://127.0.0.1:9403/wp-content/plugins/rest-cache/service/public/api/install` resulted in a `404 Not Found` response:\n<!DOCTYPE html>\n<html lang=\"en-US\">\n<head>\n\t<meta charset=\"UTF-8\" />\n\t<meta name=\"viewport\" content=\"width=device-width, (truncated...)\n in /wordpress/wp-content/plugins/rest-cache/vendor/guzzlehttp/guzzle/src/Exception/RequestException.php:111\nStack trace:\n#0 /wordpress/wp-content/plugins/rest-cache/vendor/guzzlehttp/guzzle/src/Middleware.php(66): GuzzleHttp\\Exception\\RequestException::create(Object(GuzzleHttp\\Psr7\\Request), Object(GuzzleHttp\\Psr7\\Response))\n#1 /wordpress/wp-content/plugins/rest-cache/vendor/guzzlehttp/promises/src/Promise.php(203): GuzzleHttp\\Middleware::GuzzleHttp\\{closure}(Object(GuzzleHttp\\Psr7\\Response))\n#2 /wordpress/wp-content/plugins/rest-cache/vendor/guzzlehttp/promises/src/Promise.php(156): GuzzleHttp\\Promise\\Promise::callHandler(1, Object(GuzzleHttp\\Psr7\\Response), Array)\n#3 /wordpress/wp-content/plugins/rest-cache/vendor/guzzlehttp/promises/src/TaskQueue.php(47): GuzzleHttp\\Promise\\Promise::GuzzleHttp\\Promise\\{closure}()\n#4 /wordpress/wp-content/plugins/rest-cache/vendor/guzzlehttp/promises/src/Promise.php(246): GuzzleHttp\\Promise\\TaskQueue->run(true)\n#5 /wordpress/wp-content/plugins/rest-cache/vendor/guzzlehttp/promises/src/Promise.php(223): GuzzleHttp\\Promise\\Promise->invokeWaitFn()\n#6 /wordpress/wp-content/plugins/rest-cache/vendor/guzzlehttp/promises/src/Promise.php(267): GuzzleHttp\\Promise\\Promise->waitIfPending()\n#7 /wordpress/wp-content/plugins/rest-cache/vendor/guzzlehttp/promises/src/Promise.php(225): GuzzleHttp\\Promise\\Promise->invokeWaitList()\n#8 /wordpress/wp-content/plugins/rest-cache/vendor/guzzlehttp/promises/src/Promise.php(62): GuzzleHttp\\Promise\\Promise->waitIfPending()\n#9 /wordpress/wp-content/plugins/rest-cache/vendor/guzzlehttp/guzzle/src/Client.php(181): GuzzleHttp\\Promise\\Promise->wait()\n#10 /wordpress/wp-content/plugins/rest-cache/includes/class.plugin.php(94): GuzzleHttp\\Client->request('GET', 'http://127.0.0....', Array)\n#11 /wordpress/wp-includes/class-wp-hook.php(324): PerryRylance\\WordPress\\RESTCache\\Plugin->onActivate(false)\n#12 /wordpress/wp-includes/class-wp-hook.php(348): WP_Hook->apply_filters('', Array)\n#13 /wordpress/wp-includes/plugin.php(517): WP_Hook->do_action(Array)\n#14 /wordpress/wp-admin/includes/plugin.php(703): do_action('activate_rest-c...', false)\n#15 /internal/eval.php(20): activate_plugin('rest-cache/rest...')\n#16 {main}\n  thrown in /wordpress/wp-content/plugins/rest-cache/vendor/guzzlehttp/guzzle/src/Exception/RequestException.php on line 111","log":"/logs/plugins/q/questions/error.json"}
,
{"message":"Trying to access array offset on value of type bool in /wordpress/wp-content/plugins/retina-post-multisite/wp-retina.php on line 49","level":"WARNING","type":"PHP","test":"ast-sqlite-boot","plugin":"questions","details":"[21-May-2025 02:32:50 UTC] PHP Warning:  Trying to access array offset on value of type bool in /wordpress/wp-content/plugins/retina-post-multisite/wp-retina.php on line 49","log":"/logs/plugins/q/questions/error.json"}
,
{"message":"Trying to access array offset on value of type bool in /wordpress/wp-content/plugins/retina-post-multisite/wp-retina.php on line 50","level":"WARNING","type":"PHP","test":"ast-sqlite-boot","plugin":"questions","details":"[21-May-2025 02:32:50 UTC] PHP Warning:  Trying to access array offset on value of type bool in /wordpress/wp-content/plugins/retina-post-multisite/wp-retina.php on line 50","log":"/logs/plugins/q/questions/error.json"}
,
{"message":"Trying to access array offset on value of type bool in /wordpress/wp-content/plugins/retina-post-multisite/wp-retina.php on line 83","level":"WARNING","type":"PHP","test":"ast-sqlite-boot","plugin":"questions","details":"[21-May-2025 02:32:50 UTC] PHP Warning:  Trying to access array offset on value of type bool in /wordpress/wp-content/plugins/retina-post-multisite/wp-retina.php on line 83","log":"/logs/plugins/q/questions/error.json"}
,
{"message":"Trying to access array offset on value of type bool in /wordpress/wp-content/plugins/retina-post-multisite/wp-retina.php on line 91","level":"WARNING","type":"PHP","test":"ast-sqlite-boot","plugin":"questions","details":"[21-May-2025 02:32:50 UTC] PHP Warning:  Trying to access array offset on value of type bool in /wordpress/wp-content/plugins/retina-post-multisite/wp-retina.php on line 91","log":"/logs/plugins/q/questions/error.json"}
,
{"message":"Trying to access array offset on value of type bool in /wordpress/wp-content/plugins/retina-post-multisite/wp-retina.php on line 105","level":"WARNING","type":"PHP","test":"ast-sqlite-boot","plugin":"questions","details":"[21-May-2025 02:32:50 UTC] PHP Warning:  Trying to access array offset on value of type bool in /wordpress/wp-content/plugins/retina-post-multisite/wp-retina.php on line 105","log":"/logs/plugins/q/questions/error.json"}
,
{"message":"Trying to access array offset on value of type bool in /wordpress/wp-content/plugins/retina-post-multisite/wp-retina.php on line 49","level":"WARNING","type":"PHP","test":"ast-sqlite-boot","plugin":"questions","details":"[21-May-2025 02:32:57 UTC] PHP Warning:  Trying to access array offset on value of type bool in /wordpress/wp-content/plugins/retina-post-multisite/wp-retina.php on line 49","log":"/logs/plugins/q/questions/error.json"}
,
{"message":"Trying to access array offset on value of type bool in /wordpress/wp-content/plugins/retina-post-multisite/wp-retina.php on line 50","level":"WARNING","type":"PHP","test":"ast-sqlite-boot","plugin":"questions","details":"[21-May-2025 02:32:57 UTC] PHP Warning:  Trying to access array offset on value of type bool in /wordpress/wp-content/plugins/retina-post-multisite/wp-retina.php on line 50","log":"/logs/plugins/q/questions/error.json"}
,
{"message":"Trying to access array offset on value of type bool in /wordpress/wp-content/plugins/retina-post-multisite/wp-retina.php on line 83","level":"WARNING","type":"PHP","test":"ast-sqlite-boot","plugin":"questions","details":"[21-May-2025 02:32:57 UTC] PHP Warning:  Trying to access array offset on value of type bool in /wordpress/wp-content/plugins/retina-post-multisite/wp-retina.php on line 83","log":"/logs/plugins/q/questions/error.json"}
,
{"message":"Trying to access array offset on value of type bool in /wordpress/wp-content/plugins/retina-post-multisite/wp-retina.php on line 91","level":"WARNING","type":"PHP","test":"ast-sqlite-boot","plugin":"questions","details":"[21-May-2025 02:32:57 UTC] PHP Warning:  Trying to access array offset on value of type bool in /wordpress/wp-content/plugins/retina-post-multisite/wp-retina.php on line 91","log":"/logs/plugins/q/questions/error.json"}
,
{"message":"Trying to access array offset on value of type bool in /wordpress/wp-content/plugins/retina-post-multisite/wp-retina.php on line 105","level":"WARNING","type":"PHP","test":"ast-sqlite-boot","plugin":"questions","details":"[21-May-2025 02:32:57 UTC] PHP Warning:  Trying to access array offset on value of type bool in /wordpress/wp-content/plugins/retina-post-multisite/wp-retina.php on line 105","log":"/logs/plugins/q/questions/error.json"}
,
{"message":"Trying to access array offset on value of type bool in /wordpress/wp-content/plugins/retina-post-multisite/wp-retina.php on line 49","level":"WARNING","type":"PHP","test":"ast-sqlite-boot","plugin":"questions","details":"[21-May-2025 02:33:06 UTC] PHP Warning:  Trying to access array offset on value of type bool in /wordpress/wp-content/plugins/retina-post-multisite/wp-retina.php on line 49","log":"/logs/plugins/q/questions/error.json"}
,
{"message":"Trying to access array offset on value of type bool in /wordpress/wp-content/plugins/retina-post-multisite/wp-retina.php on line 50","level":"WARNING","type":"PHP","test":"ast-sqlite-boot","plugin":"questions","details":"[21-May-2025 02:33:06 UTC] PHP Warning:  Trying to access array offset on value of type bool in /wordpress/wp-content/plugins/retina-post-multisite/wp-retina.php on line 50","log":"/logs/plugins/q/questions/error.json"}
,
{"message":"Trying to access array offset on value of type bool in /wordpress/wp-content/plugins/retina-post-multisite/wp-retina.php on line 83","level":"WARNING","type":"PHP","test":"ast-sqlite-boot","plugin":"questions","details":"[21-May-2025 02:33:06 UTC] PHP Warning:  Trying to access array offset on value of type bool in /wordpress/wp-content/plugins/retina-post-multisite/wp-retina.php on line 83","log":"/logs/plugins/q/questions/error.json"}
,
{"message":"Trying to access array offset on value of type bool in /wordpress/wp-content/plugins/retina-post-multisite/wp-retina.php on line 91","level":"WARNING","type":"PHP","test":"ast-sqlite-boot","plugin":"questions","details":"[21-May-2025 02:33:06 UTC] PHP Warning:  Trying to access array offset on value of type bool in /wordpress/wp-content/plugins/retina-post-multisite/wp-retina.php on line 91","log":"/logs/plugins/q/questions/error.json"}
,
{"message":"Trying to access array offset on value of type bool in /wordpress/wp-content/plugins/retina-post-multisite/wp-retina.php on line 105","level":"WARNING","type":"PHP","test":"ast-sqlite-boot","plugin":"questions","details":"[21-May-2025 02:33:06 UTC] PHP Warning:  Trying to access array offset on value of type bool in /wordpress/wp-content/plugins/retina-post-multisite/wp-retina.php on line 105","log":"/logs/plugins/q/questions/error.json"}
,
{"message":"Function _load_textdomain_just_in_time was called <strong>incorrectly</strong>. Translation loading for the <code>reve-click2tweet</code> domain was triggered too early. This is usually an indicator for some code in the plugin or theme running too early. Translations should be loaded at the <code>init</code> action or later. Please see <a href=\"https://developer.wordpress.org/advanced-administration/debug/debug-wordpress/\">Debugging in WordPress</a> for more information. (This message was added in version 6.7.0.) in /wordpress/wp-includes/functions.php on line 6121","level":"NOTICE","type":"PHP","test":"ast-sqlite-boot","plugin":"questions","details":"[21-May-2025 02:33:15 UTC] PHP Notice:  Function _load_textdomain_just_in_time was called <strong>incorrectly</strong>. Translation loading for the <code>reve-click2tweet</code> domain was triggered too early. This is usually an indicator for some code in the plugin or theme running too early. Translations should be loaded at the <code>init</code> action or later. Please see <a href=\"https://developer.wordpress.org/advanced-administration/debug/debug-wordpress/\">Debugging in WordPress</a> for more information. (This message was added in version 6.7.0.) in /wordpress/wp-includes/functions.php on line 6121","log":"/logs/plugins/q/questions/error.json"}
,
{"message":"Function _load_textdomain_just_in_time was called <strong>incorrectly</strong>. Translation loading for the <code>reve-click2tweet</code> domain was triggered too early. This is usually an indicator for some code in the plugin or theme running too early. Translations should be loaded at the <code>init</code> action or later. Please see <a href=\"https://developer.wordpress.org/advanced-administration/debug/debug-wordpress/\">Debugging in WordPress</a> for more information. (This message was added in version 6.7.0.) in /wordpress/wp-includes/functions.php on line 6121","level":"NOTICE","type":"PHP","test":"ast-sqlite-boot","plugin":"questions","details":"[21-May-2025 02:33:24 UTC] PHP Notice:  Function _load_textdomain_just_in_time was called <strong>incorrectly</strong>. Translation loading for the <code>reve-click2tweet</code> domain was triggered too early. This is usually an indicator for some code in the plugin or theme running too early. Translations should be loaded at the <code>init</code> action or later. Please see <a href=\"https://developer.wordpress.org/advanced-administration/debug/debug-wordpress/\">Debugging in WordPress</a> for more information. (This message was added in version 6.7.0.) in /wordpress/wp-includes/functions.php on line 6121","log":"/logs/plugins/q/questions/error.json"}
,
{"message":"Function _load_textdomain_just_in_time was called <strong>incorrectly</strong>. Translation loading for the <code>reve-click2tweet</code> domain was triggered too early. This is usually an indicator for some code in the plugin or theme running too early. Translations should be loaded at the <code>init</code> action or later. Please see <a href=\"https://developer.wordpress.org/advanced-administration/debug/debug-wordpress/\">Debugging in WordPress</a> for more information. (This message was added in version 6.7.0.) in /wordpress/wp-includes/functions.php on line 6121","level":"NOTICE","type":"PHP","test":"ast-sqlite-boot","plugin":"questions","details":"[21-May-2025 02:33:33 UTC] PHP Notice:  Function _load_textdomain_just_in_time was called <strong>incorrectly</strong>. Translation loading for the <code>reve-click2tweet</code> domain was triggered too early. This is usually an indicator for some code in the plugin or theme running too early. Translations should be loaded at the <code>init</code> action or later. Please see <a href=\"https://developer.wordpress.org/advanced-administration/debug/debug-wordpress/\">Debugging in WordPress</a> for more information. (This message was added in version 6.7.0.) in /wordpress/wp-includes/functions.php on line 6121","log":"/logs/plugins/q/questions/error.json"}
,
{"message":"Uncaught Error: Call to undefined function create_function() in /wordpress/wp-content/plugins/rssfeedchecker/RSSFeedCheckerWidget.php:15","level":"FATAL","type":"PHP","test":"ast-sqlite-boot","plugin":"questions","details":"[21-May-2025 02:36:17 UTC] PHP Fatal error:  Uncaught Error: Call to undefined function create_function() in /wordpress/wp-content/plugins/rssfeedchecker/RSSFeedCheckerWidget.php:15\nStack trace:\n#0 /wordpress/wp-content/plugins/rssfeedchecker/RSSFeedChecker.php(42): RSSCheckWidget::init()\n#1 /wordpress/wp-content/plugins/rssfeedchecker/RSSFeedChecker.php(115): RSSChecker::init()\n#2 /wordpress/wp-admin/includes/plugin.php(2387): include_once('/wordpress/wp-c...')\n#3 /wordpress/wp-admin/includes/plugin.php(673): plugin_sandbox_scrape('rssfeedchecker/...')\n#4 /internal/eval.php(20): activate_plugin('rssfeedchecker/...')\n#5 {main}\n  thrown in /wordpress/wp-content/plugins/rssfeedchecker/RSSFeedCheckerWidget.php on line 15","log":"/logs/plugins/q/questions/error.json"}
,
{"message":"Uncaught Error: Call to undefined function create_function() in /wordpress/wp-content/plugins/rssfeedchecker/RSSFeedCheckerWidget.php:15","level":"FATAL","type":"PHP","test":"ast-sqlite-boot","plugin":"questions","details":"[21-May-2025 02:36:25 UTC] PHP Fatal error:  Uncaught Error: Call to undefined function create_function() in /wordpress/wp-content/plugins/rssfeedchecker/RSSFeedCheckerWidget.php:15\nStack trace:\n#0 /wordpress/wp-content/plugins/rssfeedchecker/RSSFeedChecker.php(42): RSSCheckWidget::init()\n#1 /wordpress/wp-content/plugins/rssfeedchecker/RSSFeedChecker.php(115): RSSChecker::init()\n#2 /wordpress/wp-admin/includes/plugin.php(2387): include_once('/wordpress/wp-c...')\n#3 /wordpress/wp-admin/includes/plugin.php(673): plugin_sandbox_scrape('rssfeedchecker/...')\n#4 /internal/eval.php(20): activate_plugin('rssfeedchecker/...')\n#5 {main}\n  thrown in /wordpress/wp-content/plugins/rssfeedchecker/RSSFeedCheckerWidget.php on line 15","log":"/logs/plugins/q/questions/error.json"}
,
{"message":"Uncaught Error: Call to undefined function create_function() in /wordpress/wp-content/plugins/rssfeedchecker/RSSFeedCheckerWidget.php:15","level":"FATAL","type":"PHP","test":"ast-sqlite-boot","plugin":"questions","details":"[21-May-2025 02:36:32 UTC] PHP Fatal error:  Uncaught Error: Call to undefined function create_function() in /wordpress/wp-content/plugins/rssfeedchecker/RSSFeedCheckerWidget.php:15\nStack trace:\n#0 /wordpress/wp-content/plugins/rssfeedchecker/RSSFeedChecker.php(42): RSSCheckWidget::init()\n#1 /wordpress/wp-content/plugins/rssfeedchecker/RSSFeedChecker.php(115): RSSChecker::init()\n#2 /wordpress/wp-admin/includes/plugin.php(2387): include_once('/wordpress/wp-c...')\n#3 /wordpress/wp-admin/includes/plugin.php(673): plugin_sandbox_scrape('rssfeedchecker/...')\n#4 /internal/eval.php(20): activate_plugin('rssfeedchecker/...')\n#5 {main}\n  thrown in /wordpress/wp-content/plugins/rssfeedchecker/RSSFeedCheckerWidget.php on line 15","log":"/logs/plugins/q/questions/error.json"}
,
{"message":"Function wp_enqueue_script was called <strong>incorrectly</strong>. Scripts and styles should not be registered or enqueued until the <code>wp_enqueue_scripts</code>, <code>admin_enqueue_scripts</code>, or <code>login_enqueue_scripts</code> hooks. This notice was triggered by the <code>jquery-slider</code> handle. Please see <a href=\"https://developer.wordpress.org/advanced-administration/debug/debug-wordpress/\">Debugging in WordPress</a> for more information. (This message was added in version 3.3.0.) in /wordpress/wp-includes/functions.php on line 6121","level":"NOTICE","type":"PHP","test":"ast-sqlite-boot","plugin":"questions","details":"[21-May-2025 02:37:35 UTC] PHP Notice:  Function wp_enqueue_script was called <strong>incorrectly</strong>. Scripts and styles should not be registered or enqueued until the <code>wp_enqueue_scripts</code>, <code>admin_enqueue_scripts</code>, or <code>login_enqueue_scripts</code> hooks. This notice was triggered by the <code>jquery-slider</code> handle. Please see <a href=\"https://developer.wordpress.org/advanced-administration/debug/debug-wordpress/\">Debugging in WordPress</a> for more information. (This message was added in version 3.3.0.) in /wordpress/wp-includes/functions.php on line 6121","log":"/logs/plugins/q/questions/error.json"}
,
{"message":"Function wp_enqueue_script was called <strong>incorrectly</strong>. Scripts and styles should not be registered or enqueued until the <code>wp_enqueue_scripts</code>, <code>admin_enqueue_scripts</code>, or <code>login_enqueue_scripts</code> hooks. This notice was triggered by the <code>pagiMore</code> handle. Please see <a href=\"https://developer.wordpress.org/advanced-administration/debug/debug-wordpress/\">Debugging in WordPress</a> for more information. (This message was added in version 3.3.0.) in /wordpress/wp-includes/functions.php on line 6121","level":"NOTICE","type":"PHP","test":"ast-sqlite-boot","plugin":"questions","details":"[21-May-2025 02:37:35 UTC] PHP Notice:  Function wp_enqueue_script was called <strong>incorrectly</strong>. Scripts and styles should not be registered or enqueued until the <code>wp_enqueue_scripts</code>, <code>admin_enqueue_scripts</code>, or <code>login_enqueue_scripts</code> hooks. This notice was triggered by the <code>pagiMore</code> handle. Please see <a href=\"https://developer.wordpress.org/advanced-administration/debug/debug-wordpress/\">Debugging in WordPress</a> for more information. (This message was added in version 3.3.0.) in /wordpress/wp-includes/functions.php on line 6121","log":"/logs/plugins/q/questions/error.json"}
,
{"message":"Function wp_enqueue_script was called <strong>incorrectly</strong>. Scripts and styles should not be registered or enqueued until the <code>wp_enqueue_scripts</code>, <code>admin_enqueue_scripts</code>, or <code>login_enqueue_scripts</code> hooks. This notice was triggered by the <code>jquery-slider</code> handle. Please see <a href=\"https://developer.wordpress.org/advanced-administration/debug/debug-wordpress/\">Debugging in WordPress</a> for more information. (This message was added in version 3.3.0.) in /wordpress/wp-includes/functions.php on line 6121","level":"NOTICE","type":"PHP","test":"ast-sqlite-boot","plugin":"questions","details":"[21-May-2025 02:37:44 UTC] PHP Notice:  Function wp_enqueue_script was called <strong>incorrectly</strong>. Scripts and styles should not be registered or enqueued until the <code>wp_enqueue_scripts</code>, <code>admin_enqueue_scripts</code>, or <code>login_enqueue_scripts</code> hooks. This notice was triggered by the <code>jquery-slider</code> handle. Please see <a href=\"https://developer.wordpress.org/advanced-administration/debug/debug-wordpress/\">Debugging in WordPress</a> for more information. (This message was added in version 3.3.0.) in /wordpress/wp-includes/functions.php on line 6121","log":"/logs/plugins/q/questions/error.json"}
,
{"message":"Function wp_enqueue_script was called <strong>incorrectly</strong>. Scripts and styles should not be registered or enqueued until the <code>wp_enqueue_scripts</code>, <code>admin_enqueue_scripts</code>, or <code>login_enqueue_scripts</code> hooks. This notice was triggered by the <code>pagiMore</code> handle. Please see <a href=\"https://developer.wordpress.org/advanced-administration/debug/debug-wordpress/\">Debugging in WordPress</a> for more information. (This message was added in version 3.3.0.) in /wordpress/wp-includes/functions.php on line 6121","level":"NOTICE","type":"PHP","test":"ast-sqlite-boot","plugin":"questions","details":"[21-May-2025 02:37:44 UTC] PHP Notice:  Function wp_enqueue_script was called <strong>incorrectly</strong>. Scripts and styles should not be registered or enqueued until the <code>wp_enqueue_scripts</code>, <code>admin_enqueue_scripts</code>, or <code>login_enqueue_scripts</code> hooks. This notice was triggered by the <code>pagiMore</code> handle. Please see <a href=\"https://developer.wordpress.org/advanced-administration/debug/debug-wordpress/\">Debugging in WordPress</a> for more information. (This message was added in version 3.3.0.) in /wordpress/wp-includes/functions.php on line 6121","log":"/logs/plugins/q/questions/error.json"}
,
{"message":"Function wp_enqueue_script was called <strong>incorrectly</strong>. Scripts and styles should not be registered or enqueued until the <code>wp_enqueue_scripts</code>, <code>admin_enqueue_scripts</code>, or <code>login_enqueue_scripts</code> hooks. This notice was triggered by the <code>jquery-slider</code> handle. Please see <a href=\"https://developer.wordpress.org/advanced-administration/debug/debug-wordpress/\">Debugging in WordPress</a> for more information. (This message was added in version 3.3.0.) in /wordpress/wp-includes/functions.php on line 6121","level":"NOTICE","type":"PHP","test":"ast-sqlite-boot","plugin":"questions","details":"[21-May-2025 02:37:52 UTC] PHP Notice:  Function wp_enqueue_script was called <strong>incorrectly</strong>. Scripts and styles should not be registered or enqueued until the <code>wp_enqueue_scripts</code>, <code>admin_enqueue_scripts</code>, or <code>login_enqueue_scripts</code> hooks. This notice was triggered by the <code>jquery-slider</code> handle. Please see <a href=\"https://developer.wordpress.org/advanced-administration/debug/debug-wordpress/\">Debugging in WordPress</a> for more information. (This message was added in version 3.3.0.) in /wordpress/wp-includes/functions.php on line 6121","log":"/logs/plugins/q/questions/error.json"}
,
{"message":"Function wp_enqueue_script was called <strong>incorrectly</strong>. Scripts and styles should not be registered or enqueued until the <code>wp_enqueue_scripts</code>, <code>admin_enqueue_scripts</code>, or <code>login_enqueue_scripts</code> hooks. This notice was triggered by the <code>pagiMore</code> handle. Please see <a href=\"https://developer.wordpress.org/advanced-administration/debug/debug-wordpress/\">Debugging in WordPress</a> for more information. (This message was added in version 3.3.0.) in /wordpress/wp-includes/functions.php on line 6121","level":"NOTICE","type":"PHP","test":"ast-sqlite-boot","plugin":"questions","details":"[21-May-2025 02:37:52 UTC] PHP Notice:  Function wp_enqueue_script was called <strong>incorrectly</strong>. Scripts and styles should not be registered or enqueued until the <code>wp_enqueue_scripts</code>, <code>admin_enqueue_scripts</code>, or <code>login_enqueue_scripts</code> hooks. This notice was triggered by the <code>pagiMore</code> handle. Please see <a href=\"https://developer.wordpress.org/advanced-administration/debug/debug-wordpress/\">Debugging in WordPress</a> for more information. (This message was added in version 3.3.0.) in /wordpress/wp-includes/functions.php on line 6121","log":"/logs/plugins/q/questions/error.json"}
,
{"message":"Uncaught Error: Undefined constant \"STDERR\" in /wordpress/wp-content/plugins/paygate-payweb-for-woocommerce/vendor/composer/platform_check.php:17","level":"FATAL","type":"PHP","test":"ast-sqlite-boot","plugin":"questions","details":"[21-May-2025 02:38:01 UTC] PHP Fatal error:  Uncaught Error: Undefined constant \"STDERR\" in /wordpress/wp-content/plugins/paygate-payweb-for-woocommerce/vendor/composer/platform_check.php:17\nStack trace:\n#0 /wordpress/wp-content/plugins/paygate-payweb-for-woocommerce/vendor/composer/autoload_real.php(25): require()\n#1 /wordpress/wp-content/plugins/paygate-payweb-for-woocommerce/vendor/autoload.php(25): ComposerAutoloaderInitc2f0ccfb52fb2e0db102388b139f230d::getLoader()\n#2 /wordpress/wp-content/plugins/paygate-payweb-for-woocommerce/gateway-paygate.php(24): require_once('/wordpress/wp-c...')\n#3 /wordpress/wp-admin/includes/plugin.php(2387): include_once('/wordpress/wp-c...')\n#4 /wordpress/wp-admin/includes/plugin.php(673): plugin_sandbox_scrape('paygate-payweb-...')\n#5 /internal/eval.php(20): activate_plugin('paygate-payweb-...')\n#6 {main}\n  thrown in /wordpress/wp-content/plugins/paygate-payweb-for-woocommerce/vendor/composer/platform_check.php on line 17","log":"/logs/plugins/q/questions/error.json"}
,
{"message":"Uncaught Error: Undefined constant \"STDERR\" in /wordpress/wp-content/plugins/paygate-payweb-for-woocommerce/vendor/composer/platform_check.php:17","level":"FATAL","type":"PHP","test":"ast-sqlite-boot","plugin":"questions","details":"[21-May-2025 02:38:09 UTC] PHP Fatal error:  Uncaught Error: Undefined constant \"STDERR\" in /wordpress/wp-content/plugins/paygate-payweb-for-woocommerce/vendor/composer/platform_check.php:17\nStack trace:\n#0 /wordpress/wp-content/plugins/paygate-payweb-for-woocommerce/vendor/composer/autoload_real.php(25): require()\n#1 /wordpress/wp-content/plugins/paygate-payweb-for-woocommerce/vendor/autoload.php(25): ComposerAutoloaderInitc2f0ccfb52fb2e0db102388b139f230d::getLoader()\n#2 /wordpress/wp-content/plugins/paygate-payweb-for-woocommerce/gateway-paygate.php(24): require_once('/wordpress/wp-c...')\n#3 /wordpress/wp-admin/includes/plugin.php(2387): include_once('/wordpress/wp-c...')\n#4 /wordpress/wp-admin/includes/plugin.php(673): plugin_sandbox_scrape('paygate-payweb-...')\n#5 /internal/eval.php(20): activate_plugin('paygate-payweb-...')\n#6 {main}\n  thrown in /wordpress/wp-content/plugins/paygate-payweb-for-woocommerce/vendor/composer/platform_check.php on line 17","log":"/logs/plugins/q/questions/error.json"}
,
{"message":"Uncaught Error: Undefined constant \"STDERR\" in /wordpress/wp-content/plugins/paygate-payweb-for-woocommerce/vendor/composer/platform_check.php:17","level":"FATAL","type":"PHP","test":"ast-sqlite-boot","plugin":"questions","details":"[21-May-2025 02:38:17 UTC] PHP Fatal error:  Uncaught Error: Undefined constant \"STDERR\" in /wordpress/wp-content/plugins/paygate-payweb-for-woocommerce/vendor/composer/platform_check.php:17\nStack trace:\n#0 /wordpress/wp-content/plugins/paygate-payweb-for-woocommerce/vendor/composer/autoload_real.php(25): require()\n#1 /wordpress/wp-content/plugins/paygate-payweb-for-woocommerce/vendor/autoload.php(25): ComposerAutoloaderInitc2f0ccfb52fb2e0db102388b139f230d::getLoader()\n#2 /wordpress/wp-content/plugins/paygate-payweb-for-woocommerce/gateway-paygate.php(24): require_once('/wordpress/wp-c...')\n#3 /wordpress/wp-admin/includes/plugin.php(2387): include_once('/wordpress/wp-c...')\n#4 /wordpress/wp-admin/includes/plugin.php(673): plugin_sandbox_scrape('paygate-payweb-...')\n#5 /internal/eval.php(20): activate_plugin('paygate-payweb-...')\n#6 {main}\n  thrown in /wordpress/wp-content/plugins/paygate-payweb-for-woocommerce/vendor/composer/platform_check.php on line 17","log":"/logs/plugins/q/questions/error.json"}
,
{"message":"Function _load_textdomain_just_in_time was called <strong>incorrectly</strong>. Translation loading for the <code>questions-locale</code> domain was triggered too early. This is usually an indicator for some code in the plugin or theme running too early. Translations should be loaded at the <code>init</code> action or later. Please see <a href=\"https://developer.wordpress.org/advanced-administration/debug/debug-wordpress/\">Debugging in WordPress</a> for more information. (This message was added in version 6.7.0.) in /wordpress/wp-includes/functions.php on line 6121","level":"NOTICE","type":"PHP","test":"ast-sqlite-boot","plugin":"questions","details":"[21-May-2025 02:39:21 UTC] PHP Notice:  Function _load_textdomain_just_in_time was called <strong>incorrectly</strong>. Translation loading for the <code>questions-locale</code> domain was triggered too early. This is usually an indicator for some code in the plugin or theme running too early. Translations should be loaded at the <code>init</code> action or later. Please see <a href=\"https://developer.wordpress.org/advanced-administration/debug/debug-wordpress/\">Debugging in WordPress</a> for more information. (This message was added in version 6.7.0.) in /wordpress/wp-includes/functions.php on line 6121","log":"/logs/plugins/q/questions/error.json"}
,
{"message":"Uncaught Error: Call to undefined function create_function() in /wordpress/wp-content/plugins/questions/components/charts/class-chart-creator.php:139","level":"FATAL","type":"PHP","test":"ast-sqlite-boot","plugin":"questions","details":"[21-May-2025 02:39:21 UTC] PHP Fatal error:  Uncaught Error: Call to undefined function create_function() in /wordpress/wp-content/plugins/questions/components/charts/class-chart-creator.php:139\nStack trace:\n#0 /wordpress/wp-content/plugins/questions/components/charts/dimple/chart-creator.php(141): qu_register_chart_creator('Questions_Chart...')\n#1 /wordpress/wp-content/plugins/questions/components/charts/component.php(57): include('/wordpress/wp-c...')\n#2 /wordpress/wp-includes/class-wp-hook.php(324): Questions_Charts->includes('')\n#3 /wordpress/wp-includes/class-wp-hook.php(348): WP_Hook->apply_filters(NULL, Array)\n#4 /wordpress/wp-includes/plugin.php(517): WP_Hook->do_action(Array)\n#5 /wordpress/wp-settings.php(578): do_action('plugins_loaded')\n#6 /wordpress/wp-config.php(102): require_once('/wordpress/wp-s...')\n#7 /wordpress/wp-load.php(50): require_once('/wordpress/wp-c...')\n#8 /internal/eval.php(3): require_once('/wordpress/wp-l...')\n#9 {main}\n  thrown in /wordpress/wp-content/plugins/questions/components/charts/class-chart-creator.php on line 139\n\n    at Object.onBind (file:///home/runner/work/playground-tester/playground-tester/node_modules/@wp-playground/cli/index.js:237:15)\n    at process.processTicksAndRejections (node:internal/process/task_queues:105:5)\n    at async V (file:///home/runner/work/playground-tester/playground-tester/node_modules/@wp-playground/cli/index.js:64:10)\n    at async ja (file:///home/runner/work/playground-tester/playground-tester/node_modules/@wp-playground/cli/cli.js:8161:12) {\n  [cause]: Error: Error when executing the blueprint step #5 ({\"step\":\"installPlugin\",\"pluginData\":{\"resource\":\"wordpress.org/plugins\",\"slug\":\"questions\"},\"options\":{\"activate\":true}}) : PHP.run() failed with exit code 255 and the following output: \n      at Object.run (file:///home/runner/work/playground-tester/playground-tester/node_modules/@wp-playground/blueprints/index.js:12449:19)\n      at process.processTicksAndRejections (node:internal/process/task_queues:105:5)\n      at async ms (file:///home/runner/work/playground-tester/playground-tester/node_modules/@wp-playground/blueprints/index.js:12552:3)\n      ... 2 lines matching cause stack trace ...\n      at async ja (file:///home/runner/work/playground-tester/playground-tester/node_modules/@wp-playground/cli/cli.js:8161:12) {\n    [cause]: PHPExecutionFailureError: PHP.run() failed with exit code 255 and the following output: \n        at PHP.run (file:///home/runner/work/playground-tester/playground-tester/node_modules/@php-wasm/universal/index.js:987:19)\n        at process.processTicksAndRejections (node:internal/process/task_queues:105:5)\n        at async wr (file:///home/runner/work/playground-tester/playground-tester/node_modules/@wp-playground/blueprints/index.js:73:13)\n        at async Object.gt [as installPlugin] (file:///home/runner/work/playground-tester/playground-tester/node_modules/@wp-playground/blueprints/index.js:974:42)\n        at async g (file:///home/runner/work/playground-tester/playground-tester/node_modules/@wp-playground/blueprints/index.js:12517:30)\n        at async Object.run (file:///home/runner/work/playground-tester/playground-tester/node_modules/@wp-playground/blueprints/index.js:12446:23)\n        at async ms (file:///home/runner/work/playground-tester/playground-tester/node_modules/@wp-playground/blueprints/index.js:12552:3)\n        at async Object.onBind (file:///home/runner/work/playground-tester/playground-tester/node_modules/@wp-playground/cli/index.js:227:48)\n        at async V (file:///home/runner/work/playground-tester/playground-tester/node_modules/@wp-playground/cli/index.js:64:10)\n        at async ja (file:///home/runner/work/playground-tester/playground-tester/node_modules/@wp-playground/cli/cli.js:8161:12) {\n      response: PHPResponse {\n        httpStatusCode: 500,\n        headers: {\n          'x-powered-by': [ 'PHP/8.0.30-dev' ],\n          'content-type': [ 'text/html; charset=UTF-8' ],\n          expires: [ 'Wed, 11 Jan 1984 05:00:00 GMT' ],\n          'cache-control': [ 'no-cache, must-revalidate, max-age=0, no-store, private' ]\n        },\n        bytes: Uint8Array(2653) [\n           60,  33,  68,  79,  67,  84,  89,  80,  69,  32, 104, 116,\n          109, 108,  62,  10,  60, 104, 116, 109, 108,  32, 108,  97,\n          110, 103,  61,  34, 101, 110,  45,  85,  83,  34,  62,  10,\n           60, 104, 101,  97, 100,  62,  10,   9,  60, 109, 101, 116,\n           97,  32, 104, 116, 116, 112,  45, 101, 113, 117, 105, 118,\n           61,  34,  67, 111, 110, 116, 101, 110, 116,  45,  84, 121,\n          112, 101,  34,  32,  99, 111, 110, 116, 101, 110, 116,  61,\n           34, 116, 101, 120, 116,  47, 104, 116, 109, 108,  59,  32,\n           99, 104,  97, 114,\n          ... 2553 more items\n        ],\n        exitCode: 255,\n        errors: ''\n      },\n      source: 'request'\n    }\n  }\n}\n\n","log":"/logs/plugins/q/questions/error.json"}
]
