file:///home/runner/work/playground-tester/playground-tester/node_modules/@wp-playground/cli/index.js:237
        throw new Error(y, { cause: u });
              ^

Error: [12-Apr-2025 18:32:28 UTC] PHP Fatal error:  Uncaught TypeError: call_user_func_array(): Argument #1 ($callback) must be a valid callback, non-static method CRT_Mask_Input::init() cannot be called statically in /wordpress/wp-includes/class-wp-hook.php:324
Stack trace:
#0 /wordpress/wp-includes/class-wp-hook.php(348): WP_Hook->apply_filters(NULL, Array)
#1 /wordpress/wp-includes/plugin.php(517): WP_Hook->do_action(Array)
#2 /wordpress/wp-settings.php(559): do_action('plugins_loaded')
#3 /wordpress/wp-config.php(102): require_once('/wordpress/wp-s...')
#4 /wordpress/wp-load.php(50): require_once('/wordpress/wp-c...')
#5 /internal/eval.php(3): require_once('/wordpress/wp-l...')
#6 {main}
  thrown in /wordpress/wp-includes/class-wp-hook.php on line 324
[12-Apr-2025 18:32:36 UTC] PHP Fatal error:  Uncaught TypeError: call_user_func_array(): Argument #1 ($callback) must be a valid callback, non-static method CRT_Mask_Input::init() cannot be called statically in /wordpress/wp-includes/class-wp-hook.php:324
Stack trace:
#0 /wordpress/wp-includes/class-wp-hook.php(348): WP_Hook->apply_filters(NULL, Array)
#1 /wordpress/wp-includes/plugin.php(517): WP_Hook->do_action(Array)
#2 /wordpress/wp-settings.php(559): do_action('plugins_loaded')
#3 /wordpress/wp-config.php(102): require_once('/wordpress/wp-s...')
#4 /wordpress/wp-load.php(50): require_once('/wordpress/wp-c...')
#5 /internal/eval.php(3): require_once('/wordpress/wp-l...')
#6 {main}
  thrown in /wordpress/wp-includes/class-wp-hook.php on line 324
[12-Apr-2025 18:32:44 UTC] PHP Fatal error:  Uncaught TypeError: call_user_func_array(): Argument #1 ($callback) must be a valid callback, non-static method CRT_Mask_Input::init() cannot be called statically in /wordpress/wp-includes/class-wp-hook.php:324
Stack trace:
#0 /wordpress/wp-includes/class-wp-hook.php(348): WP_Hook->apply_filters(NULL, Array)
#1 /wordpress/wp-includes/plugin.php(517): WP_Hook->do_action(Array)
#2 /wordpress/wp-settings.php(559): do_action('plugins_loaded')
#3 /wordpress/wp-config.php(102): require_once('/wordpress/wp-s...')
#4 /wordpress/wp-load.php(50): require_once('/wordpress/wp-c...')
#5 /internal/eval.php(3): require_once('/wordpress/wp-l...')
#6 {main}
  thrown in /wordpress/wp-includes/class-wp-hook.php on line 324
[12-Apr-2025 18:35:31 UTC] PHP Fatal error:  Uncaught TypeError: call_user_func_array(): Argument #1 ($callback) must be a valid callback, non-static method CatImgHandler::createTable() cannot be called statically in /wordpress/wp-includes/class-wp-hook.php:324
Stack trace:
#0 /wordpress/wp-includes/class-wp-hook.php(348): WP_Hook->apply_filters('', Array)
#1 /wordpress/wp-includes/plugin.php(517): WP_Hook->do_action(Array)
#2 /wordpress/wp-admin/includes/plugin.php(703): do_action('activate_maga-c...', false)
#3 /internal/eval.php(20): activate_plugin('maga-category-i...')
#4 {main}
  thrown in /wordpress/wp-includes/class-wp-hook.php on line 324
[12-Apr-2025 18:35:39 UTC] PHP Fatal error:  Uncaught TypeError: call_user_func_array(): Argument #1 ($callback) must be a valid callback, non-static method CatImgHandler::createTable() cannot be called statically in /wordpress/wp-includes/class-wp-hook.php:324
Stack trace:
#0 /wordpress/wp-includes/class-wp-hook.php(348): WP_Hook->apply_filters('', Array)
#1 /wordpress/wp-includes/plugin.php(517): WP_Hook->do_action(Array)
#2 /wordpress/wp-admin/includes/plugin.php(703): do_action('activate_maga-c...', false)
#3 /internal/eval.php(20): activate_plugin('maga-category-i...')
#4 {main}
  thrown in /wordpress/wp-includes/class-wp-hook.php on line 324
[12-Apr-2025 18:35:46 UTC] PHP Fatal error:  Uncaught TypeError: call_user_func_array(): Argument #1 ($callback) must be a valid callback, non-static method CatImgHandler::createTable() cannot be called statically in /wordpress/wp-includes/class-wp-hook.php:324
Stack trace:
#0 /wordpress/wp-includes/class-wp-hook.php(348): WP_Hook->apply_filters('', Array)
#1 /wordpress/wp-includes/plugin.php(517): WP_Hook->do_action(Array)
#2 /wordpress/wp-admin/includes/plugin.php(703): do_action('activate_maga-c...', false)
#3 /internal/eval.php(20): activate_plugin('maga-category-i...')
#4 {main}
  thrown in /wordpress/wp-includes/class-wp-hook.php on line 324
[12-Apr-2025 18:36:22 UTC] PHP Fatal error:  Uncaught Exception: Matrix Linker failed to register with remote server with error code: Send failure: Socket not connected in /wordpress/wp-content/plugins/matrix-linker/api.php:266
Stack trace:
#0 /wordpress/wp-content/plugins/matrix-linker/api.php(100): matrix_linker::http_request(Array)
#1 /wordpress/wp-content/plugins/matrix-linker/matrix-linker.php(220): matrix_linker::register_website('http://127.0.0....', 'WP', '3.1', Array)
#2 /wordpress/wp-includes/class-wp-hook.php(324): matrix_linker_install(false)
#3 /wordpress/wp-includes/class-wp-hook.php(348): WP_Hook->apply_filters('', Array)
#4 /wordpress/wp-includes/plugin.php(517): WP_Hook->do_action(Array)
#5 /wordpress/wp-admin/includes/plugin.php(703): do_action('activate_matrix...', false)
#6 /internal/eval.php(20): activate_plugin('matrix-linker/m...')
#7 {main}
  thrown in /wordpress/wp-content/plugins/matrix-linker/api.php on line 266
[12-Apr-2025 18:36:29 UTC] PHP Fatal error:  Uncaught Exception: Matrix Linker failed to register with remote server with error code: Empty reply from server in /wordpress/wp-content/plugins/matrix-linker/api.php:266
Stack trace:
#0 /wordpress/wp-content/plugins/matrix-linker/api.php(100): matrix_linker::http_request(Array)
#1 /wordpress/wp-content/plugins/matrix-linker/matrix-linker.php(220): matrix_linker::register_website('http://127.0.0....', 'WP', '3.1', Array)
#2 /wordpress/wp-includes/class-wp-hook.php(324): matrix_linker_install(false)
#3 /wordpress/wp-includes/class-wp-hook.php(348): WP_Hook->apply_filters('', Array)
#4 /wordpress/wp-includes/plugin.php(517): WP_Hook->do_action(Array)
#5 /wordpress/wp-admin/includes/plugin.php(703): do_action('activate_matrix...', false)
#6 /internal/eval.php(20): activate_plugin('matrix-linker/m...')
#7 {main}
  thrown in /wordpress/wp-content/plugins/matrix-linker/api.php on line 266
[12-Apr-2025 18:36:37 UTC] PHP Fatal error:  Uncaught Exception: Matrix Linker failed to register with remote server with error code: Empty reply from server in /wordpress/wp-content/plugins/matrix-linker/api.php:266
Stack trace:
#0 /wordpress/wp-content/plugins/matrix-linker/api.php(100): matrix_linker::http_request(Array)
#1 /wordpress/wp-content/plugins/matrix-linker/matrix-linker.php(220): matrix_linker::register_website('http://127.0.0....', 'WP', '3.1', Array)
#2 /wordpress/wp-includes/class-wp-hook.php(324): matrix_linker_install(false)
#3 /wordpress/wp-includes/class-wp-hook.php(348): WP_Hook->apply_filters('', Array)
#4 /wordpress/wp-includes/plugin.php(517): WP_Hook->do_action(Array)
#5 /wordpress/wp-admin/includes/plugin.php(703): do_action('activate_matrix...', false)
#6 /internal/eval.php(20): activate_plugin('matrix-linker/m...')
#7 {main}
  thrown in /wordpress/wp-content/plugins/matrix-linker/api.php on line 266
[12-Apr-2025 18:37:38 UTC] PHP Deprecated:  Required parameter $leavename follows optional parameter $id in /wordpress/wp-content/plugins/mh-board/mh-includes/mh_rewrite.php on line 36
[12-Apr-2025 18:37:39 UTC] PHP Deprecated:  Required parameter $leavename follows optional parameter $id in /wordpress/wp-content/plugins/mh-board/mh-includes/mh_rewrite.php on line 36
[12-Apr-2025 18:37:39 UTC] PHP Notice:  Function is_page was called <strong>incorrectly</strong>. Conditional query tags do not work before the query is run. Before then, they always return false. Please see <a href="https://developer.wordpress.org/advanced-administration/debug/debug-wordpress/">Debugging in WordPress</a> for more information. (This message was added in version 3.1.0.) in /wordpress/wp-includes/functions.php on line 6114
[12-Apr-2025 18:37:40 UTC] PHP Fatal error:  Uncaught ArgumentCountError: Too few arguments to function WP_Widget::__construct(), 0 passed in /wordpress/wp-includes/class-wp-widget-factory.php on line 62 and at least 2 expected in /wordpress/wp-includes/class-wp-widget.php:163
Stack trace:
#0 /wordpress/wp-includes/class-wp-widget-factory.php(62): WP_Widget->__construct()
#1 /wordpress/wp-includes/widgets.php(123): WP_Widget_Factory->register('MH_Board_Recent...')
#2 /wordpress/wp-content/plugins/mh-board/templates/widgets/mh_widgets.php(113): register_widget('MH_Board_Recent...')
#3 /wordpress/wp-includes/class-wp-hook.php(324): mh_board_wdiget_init('')
#4 /wordpress/wp-includes/class-wp-hook.php(348): WP_Hook->apply_filters(NULL, Array)
#5 /wordpress/wp-includes/plugin.php(517): WP_Hook->do_action(Array)
#6 /wordpress/wp-includes/widgets.php(1870): do_action('widgets_init')
#7 /wordpress/wp-includes/class-wp-hook.php(324): wp_widgets_init('')
#8 /wordpress/wp-includes/class-wp-hook.php(348): WP_Hook->apply_filters(NULL, Array)
#9 /wordpress/wp-includes/plugin.php(517): WP_Hook->do_action(Array)
#10 /wordpress/wp-settings.php(704): do_action('init')
#11 /wordpress/wp-config.php(102): require_once('/wordpress/wp-s...')
#12 /wordpress/wp-load.php(50): require_once('/wordpress/wp-c...')
#13 /internal/eval.php(3): require_once('/wordpress/wp-l...')
#14 {main}
  thrown in /wordpress/wp-includes/class-wp-widget.php on line 163
[12-Apr-2025 18:37:47 UTC] PHP Deprecated:  Required parameter $leavename follows optional parameter $id in /wordpress/wp-content/plugins/mh-board/mh-includes/mh_rewrite.php on line 36
[12-Apr-2025 18:37:48 UTC] PHP Deprecated:  Required parameter $leavename follows optional parameter $id in /wordpress/wp-content/plugins/mh-board/mh-includes/mh_rewrite.php on line 36
[12-Apr-2025 18:37:48 UTC] PHP Notice:  Function is_page was called <strong>incorrectly</strong>. Conditional query tags do not work before the query is run. Before then, they always return false. Please see <a href="https://developer.wordpress.org/advanced-administration/debug/debug-wordpress/">Debugging in WordPress</a> for more information. (This message was added in version 3.1.0.) in /wordpress/wp-includes/functions.php on line 6114
[12-Apr-2025 18:37:49 UTC] PHP Fatal error:  Uncaught ArgumentCountError: Too few arguments to function WP_Widget::__construct(), 0 passed in /wordpress/wp-includes/class-wp-widget-factory.php on line 62 and at least 2 expected in /wordpress/wp-includes/class-wp-widget.php:163
Stack trace:
#0 /wordpress/wp-includes/class-wp-widget-factory.php(62): WP_Widget->__construct()
#1 /wordpress/wp-includes/widgets.php(123): WP_Widget_Factory->register('MH_Board_Recent...')
#2 /wordpress/wp-content/plugins/mh-board/templates/widgets/mh_widgets.php(113): register_widget('MH_Board_Recent...')
#3 /wordpress/wp-includes/class-wp-hook.php(324): mh_board_wdiget_init('')
#4 /wordpress/wp-includes/class-wp-hook.php(348): WP_Hook->apply_filters(NULL, Array)
#5 /wordpress/wp-includes/plugin.php(517): WP_Hook->do_action(Array)
#6 /wordpress/wp-includes/widgets.php(1870): do_action('widgets_init')
#7 /wordpress/wp-includes/class-wp-hook.php(324): wp_widgets_init('')
#8 /wordpress/wp-includes/class-wp-hook.php(348): WP_Hook->apply_filters(NULL, Array)
#9 /wordpress/wp-includes/plugin.php(517): WP_Hook->do_action(Array)
#10 /wordpress/wp-settings.php(704): do_action('init')
#11 /wordpress/wp-config.php(102): require_once('/wordpress/wp-s...')
#12 /wordpress/wp-load.php(50): require_once('/wordpress/wp-c...')
#13 /internal/eval.php(3): require_once('/wordpress/wp-l...')
#14 {main}
  thrown in /wordpress/wp-includes/class-wp-widget.php on line 163
[12-Apr-2025 18:37:58 UTC] PHP Deprecated:  Required parameter $leavename follows optional parameter $id in /wordpress/wp-content/plugins/mh-board/mh-includes/mh_rewrite.php on line 36
[12-Apr-2025 18:37:59 UTC] PHP Deprecated:  Required parameter $leavename follows optional parameter $id in /wordpress/wp-content/plugins/mh-board/mh-includes/mh_rewrite.php on line 36
[12-Apr-2025 18:37:59 UTC] PHP Notice:  Function is_page was called <strong>incorrectly</strong>. Conditional query tags do not work before the query is run. Before then, they always return false. Please see <a href="https://developer.wordpress.org/advanced-administration/debug/debug-wordpress/">Debugging in WordPress</a> for more information. (This message was added in version 3.1.0.) in /wordpress/wp-includes/functions.php on line 6114
[12-Apr-2025 18:37:59 UTC] PHP Fatal error:  Uncaught ArgumentCountError: Too few arguments to function WP_Widget::__construct(), 0 passed in /wordpress/wp-includes/class-wp-widget-factory.php on line 62 and at least 2 expected in /wordpress/wp-includes/class-wp-widget.php:163
Stack trace:
#0 /wordpress/wp-includes/class-wp-widget-factory.php(62): WP_Widget->__construct()
#1 /wordpress/wp-includes/widgets.php(123): WP_Widget_Factory->register('MH_Board_Recent...')
#2 /wordpress/wp-content/plugins/mh-board/templates/widgets/mh_widgets.php(113): register_widget('MH_Board_Recent...')
#3 /wordpress/wp-includes/class-wp-hook.php(324): mh_board_wdiget_init('')
#4 /wordpress/wp-includes/class-wp-hook.php(348): WP_Hook->apply_filters(NULL, Array)
#5 /wordpress/wp-includes/plugin.php(517): WP_Hook->do_action(Array)
#6 /wordpress/wp-includes/widgets.php(1870): do_action('widgets_init')
#7 /wordpress/wp-includes/class-wp-hook.php(324): wp_widgets_init('')
#8 /wordpress/wp-includes/class-wp-hook.php(348): WP_Hook->apply_filters(NULL, Array)
#9 /wordpress/wp-includes/plugin.php(517): WP_Hook->do_action(Array)
#10 /wordpress/wp-settings.php(704): do_action('init')
#11 /wordpress/wp-config.php(102): require_once('/wordpress/wp-s...')
#12 /wordpress/wp-load.php(50): require_once('/wordpress/wp-c...')
#13 /internal/eval.php(3): require_once('/wordpress/wp-l...')
#14 {main}
  thrown in /wordpress/wp-includes/class-wp-widget.php on line 163
[12-Apr-2025 18:41:59 UTC] PHP Fatal error:  Unparenthesized `a ? b : c ? d : e` is not supported. Use either `(a ? b : c) ? d : e` or `a ? b : (c ? d : e)` in /wordpress/wp-content/plugins/multiplayer-plugin/multiplayergames.php on line 1691
[12-Apr-2025 18:42:07 UTC] PHP Fatal error:  Unparenthesized `a ? b : c ? d : e` is not supported. Use either `(a ? b : c) ? d : e` or `a ? b : (c ? d : e)` in /wordpress/wp-content/plugins/multiplayer-plugin/multiplayergames.php on line 1691
[12-Apr-2025 18:42:14 UTC] PHP Fatal error:  Unparenthesized `a ? b : c ? d : e` is not supported. Use either `(a ? b : c) ? d : e` or `a ? b : (c ? d : e)` in /wordpress/wp-content/plugins/multiplayer-plugin/multiplayergames.php on line 1691

    at Object.onBind (file:///home/runner/work/playground-tester/playground-tester/node_modules/@wp-playground/cli/index.js:237:15)
    at process.processTicksAndRejections (node:internal/process/task_queues:105:5)
    at async V (file:///home/runner/work/playground-tester/playground-tester/node_modules/@wp-playground/cli/index.js:64:10)
    at async ja (file:///home/runner/work/playground-tester/playground-tester/node_modules/@wp-playground/cli/cli.js:8161:12) {
  [cause]: Error: Error when executing the blueprint step #5 ({"step":"installPlugin","pluginData":{"resource":"wordpress.org/plugins","slug":"mailster-mandrill"},"options":{"activate":true}}) : Plugin /wordpress/wp-content/plugins/mailster-mandrill could not be activated – WordPress exited with no error. Sometimes, when $_SERVER or site options are not configured correctly, WordPress exits early with a 301 redirect. Inspect the "debug" logs in the console for more details.
      at Object.run (file:///home/runner/work/playground-tester/playground-tester/node_modules/@wp-playground/blueprints/index.js:12449:19)
      at process.processTicksAndRejections (node:internal/process/task_queues:105:5)
      at async ms (file:///home/runner/work/playground-tester/playground-tester/node_modules/@wp-playground/blueprints/index.js:12552:3)
      ... 2 lines matching cause stack trace ...
      at async ja (file:///home/runner/work/playground-tester/playground-tester/node_modules/@wp-playground/cli/cli.js:8161:12) {
    [cause]: Error: Plugin /wordpress/wp-content/plugins/mailster-mandrill could not be activated – WordPress exited with no error. Sometimes, when $_SERVER or site options are not configured correctly, WordPress exits early with a 301 redirect. Inspect the "debug" logs in the console for more details.
        at wr (file:///home/runner/work/playground-tester/playground-tester/node_modules/@wp-playground/blueprints/index.js:119:51)
        at process.processTicksAndRejections (node:internal/process/task_queues:105:5)
        at async Object.gt [as installPlugin] (file:///home/runner/work/playground-tester/playground-tester/node_modules/@wp-playground/blueprints/index.js:974:42)
        at async g (file:///home/runner/work/playground-tester/playground-tester/node_modules/@wp-playground/blueprints/index.js:12517:30)
        at async Object.run (file:///home/runner/work/playground-tester/playground-tester/node_modules/@wp-playground/blueprints/index.js:12446:23)
        at async ms (file:///home/runner/work/playground-tester/playground-tester/node_modules/@wp-playground/blueprints/index.js:12552:3)
        at async Object.onBind (file:///home/runner/work/playground-tester/playground-tester/node_modules/@wp-playground/cli/index.js:227:48)
        at async V (file:///home/runner/work/playground-tester/playground-tester/node_modules/@wp-playground/cli/index.js:64:10)
        at async ja (file:///home/runner/work/playground-tester/playground-tester/node_modules/@wp-playground/cli/cli.js:8161:12)
  }
}

Node.js v23.11.0
