[
{"message":"file:///home/runner/work/playground-tester/playground-tester/node_modules/@wp-playground/cli/index.js:237\n        throw new Error(y, { cause: u });\n              ^\n","level":"FATAL","type":"PLAYGROUND","test":"jspi-boot","plugin":"bridge-shipworks-shopp","details":"file:///home/runner/work/playground-tester/playground-tester/node_modules/@wp-playground/cli/index.js:237\n        throw new Error(y, { cause: u });\n              ^\n","log":"/tmp/tmp.GZYTQJwg1L"}
,
{"message":"Uncaught Error: Call to undefined function create_function() in /wordpress/wp-content/plugins/bx-ultimate-by-avinash-infotech/includes/widget.php:32","level":"FATAL","type":"PHP","test":"jspi-boot","plugin":"bridge-shipworks-shopp","details":"[06-May-2025 07:48:17 UTC] PHP Fatal error:  Uncaught Error: Call to undefined function create_function() in /wordpress/wp-content/plugins/bx-ultimate-by-avinash-infotech/includes/widget.php:32\nStack trace:\n#0 /wordpress/wp-content/plugins/bx-ultimate-by-avinash-infotech/index.php(32): include()\n#1 /wordpress/wp-admin/includes/plugin.php(2387): include_once('/wordpress/wp-c...')\n#2 /wordpress/wp-admin/includes/plugin.php(673): plugin_sandbox_scrape('bx-ultimate-by-...')\n#3 /internal/eval.php(20): activate_plugin('bx-ultimate-by-...')\n#4 {main}\n  thrown in /wordpress/wp-content/plugins/bx-ultimate-by-avinash-infotech/includes/widget.php on line 32","log":"/logs/plugins/b/bridge-shipworks-shopp/error.json"}
,
{"message":"Uncaught Error: Call to undefined function create_function() in /wordpress/wp-content/plugins/bx-ultimate-by-avinash-infotech/includes/widget.php:32","level":"FATAL","type":"PHP","test":"jspi-boot","plugin":"bridge-shipworks-shopp","details":"[06-May-2025 07:48:25 UTC] PHP Fatal error:  Uncaught Error: Call to undefined function create_function() in /wordpress/wp-content/plugins/bx-ultimate-by-avinash-infotech/includes/widget.php:32\nStack trace:\n#0 /wordpress/wp-content/plugins/bx-ultimate-by-avinash-infotech/index.php(32): include()\n#1 /wordpress/wp-admin/includes/plugin.php(2387): include_once('/wordpress/wp-c...')\n#2 /wordpress/wp-admin/includes/plugin.php(673): plugin_sandbox_scrape('bx-ultimate-by-...')\n#3 /internal/eval.php(20): activate_plugin('bx-ultimate-by-...')\n#4 {main}\n  thrown in /wordpress/wp-content/plugins/bx-ultimate-by-avinash-infotech/includes/widget.php on line 32","log":"/logs/plugins/b/bridge-shipworks-shopp/error.json"}
,
{"message":"Uncaught Error: Call to undefined function create_function() in /wordpress/wp-content/plugins/bx-ultimate-by-avinash-infotech/includes/widget.php:32","level":"FATAL","type":"PHP","test":"jspi-boot","plugin":"bridge-shipworks-shopp","details":"[06-May-2025 07:48:33 UTC] PHP Fatal error:  Uncaught Error: Call to undefined function create_function() in /wordpress/wp-content/plugins/bx-ultimate-by-avinash-infotech/includes/widget.php:32\nStack trace:\n#0 /wordpress/wp-content/plugins/bx-ultimate-by-avinash-infotech/index.php(32): include()\n#1 /wordpress/wp-admin/includes/plugin.php(2387): include_once('/wordpress/wp-c...')\n#2 /wordpress/wp-admin/includes/plugin.php(673): plugin_sandbox_scrape('bx-ultimate-by-...')\n#3 /internal/eval.php(20): activate_plugin('bx-ultimate-by-...')\n#4 {main}\n  thrown in /wordpress/wp-content/plugins/bx-ultimate-by-avinash-infotech/includes/widget.php on line 32","log":"/logs/plugins/b/bridge-shipworks-shopp/error.json"}
,
{"message":"Uncaught Error: Call to undefined function wc_get_logger() in /wordpress/wp-content/plugins/bayengage-email-marketing/bayengage-email-campaign-automation.php:84","level":"FATAL","type":"PHP","test":"jspi-boot","plugin":"bridge-shipworks-shopp","details":"[06-May-2025 07:49:36 UTC] PHP Fatal error:  Uncaught Error: Call to undefined function wc_get_logger() in /wordpress/wp-content/plugins/bayengage-email-marketing/bayengage-email-campaign-automation.php:84\nStack trace:\n#0 /wordpress/wp-includes/class-wp-hook.php(324): bem_do_plugin_after_install('')\n#1 /wordpress/wp-includes/class-wp-hook.php(348): WP_Hook->apply_filters(NULL, Array)\n#2 /wordpress/wp-includes/plugin.php(517): WP_Hook->do_action(Array)\n#3 /wordpress/wp-settings.php(727): do_action('init')\n#4 /wordpress/wp-config.php(102): require_once('/wordpress/wp-s...')\n#5 /wordpress/wp-load.php(50): require_once('/wordpress/wp-c...')\n#6 /internal/eval.php(3): require_once('/wordpress/wp-l...')\n#7 {main}\n  thrown in /wordpress/wp-content/plugins/bayengage-email-marketing/bayengage-email-campaign-automation.php on line 84","log":"/logs/plugins/b/bridge-shipworks-shopp/error.json"}
,
{"message":"Uncaught Error: Call to undefined function wc_get_logger() in /wordpress/wp-content/plugins/bayengage-email-marketing/bayengage-email-campaign-automation.php:84","level":"FATAL","type":"PHP","test":"jspi-boot","plugin":"bridge-shipworks-shopp","details":"[06-May-2025 07:49:44 UTC] PHP Fatal error:  Uncaught Error: Call to undefined function wc_get_logger() in /wordpress/wp-content/plugins/bayengage-email-marketing/bayengage-email-campaign-automation.php:84\nStack trace:\n#0 /wordpress/wp-includes/class-wp-hook.php(324): bem_do_plugin_after_install('')\n#1 /wordpress/wp-includes/class-wp-hook.php(348): WP_Hook->apply_filters(NULL, Array)\n#2 /wordpress/wp-includes/plugin.php(517): WP_Hook->do_action(Array)\n#3 /wordpress/wp-settings.php(727): do_action('init')\n#4 /wordpress/wp-config.php(102): require_once('/wordpress/wp-s...')\n#5 /wordpress/wp-load.php(50): require_once('/wordpress/wp-c...')\n#6 /internal/eval.php(3): require_once('/wordpress/wp-l...')\n#7 {main}\n  thrown in /wordpress/wp-content/plugins/bayengage-email-marketing/bayengage-email-campaign-automation.php on line 84","log":"/logs/plugins/b/bridge-shipworks-shopp/error.json"}
,
{"message":"Uncaught Error: Call to undefined function wc_get_logger() in /wordpress/wp-content/plugins/bayengage-email-marketing/bayengage-email-campaign-automation.php:84","level":"FATAL","type":"PHP","test":"jspi-boot","plugin":"bridge-shipworks-shopp","details":"[06-May-2025 07:49:53 UTC] PHP Fatal error:  Uncaught Error: Call to undefined function wc_get_logger() in /wordpress/wp-content/plugins/bayengage-email-marketing/bayengage-email-campaign-automation.php:84\nStack trace:\n#0 /wordpress/wp-includes/class-wp-hook.php(324): bem_do_plugin_after_install('')\n#1 /wordpress/wp-includes/class-wp-hook.php(348): WP_Hook->apply_filters(NULL, Array)\n#2 /wordpress/wp-includes/plugin.php(517): WP_Hook->do_action(Array)\n#3 /wordpress/wp-settings.php(727): do_action('init')\n#4 /wordpress/wp-config.php(102): require_once('/wordpress/wp-s...')\n#5 /wordpress/wp-load.php(50): require_once('/wordpress/wp-c...')\n#6 /internal/eval.php(3): require_once('/wordpress/wp-l...')\n#7 {main}\n  thrown in /wordpress/wp-content/plugins/bayengage-email-marketing/bayengage-email-campaign-automation.php on line 84","log":"/logs/plugins/b/bridge-shipworks-shopp/error.json"}
,
{"message":"include_once(includes/PDUpdater.php): Failed to open stream: No such file or directory in /wordpress/wp-content/plugins/bg-biblie-references/bg_bibrefs.php on line 85","level":"WARNING","type":"PHP","test":"jspi-boot","plugin":"bridge-shipworks-shopp","details":"[06-May-2025 07:52:16 UTC] PHP Warning:  include_once(includes/PDUpdater.php): Failed to open stream: No such file or directory in /wordpress/wp-content/plugins/bg-biblie-references/bg_bibrefs.php on line 85","log":"/logs/plugins/b/bridge-shipworks-shopp/error.json"}
,
{"message":"include_once(): Failed opening 'includes/PDUpdater.php' for inclusion (include_path='.:') in /wordpress/wp-content/plugins/bg-biblie-references/bg_bibrefs.php on line 85","level":"WARNING","type":"PHP","test":"jspi-boot","plugin":"bridge-shipworks-shopp","details":"[06-May-2025 07:52:16 UTC] PHP Warning:  include_once(): Failed opening 'includes/PDUpdater.php' for inclusion (include_path='.:') in /wordpress/wp-content/plugins/bg-biblie-references/bg_bibrefs.php on line 85","log":"/logs/plugins/b/bridge-shipworks-shopp/error.json"}
,
{"message":"Uncaught Error: Class \"PDUpdater\" not found in /wordpress/wp-content/plugins/bg-biblie-references/bg_bibrefs.php:145","level":"FATAL","type":"PHP","test":"jspi-boot","plugin":"bridge-shipworks-shopp","details":"[06-May-2025 07:52:16 UTC] PHP Fatal error:  Uncaught Error: Class \"PDUpdater\" not found in /wordpress/wp-content/plugins/bg-biblie-references/bg_bibrefs.php:145\nStack trace:\n#0 /wordpress/wp-admin/includes/plugin.php(2387): include_once()\n#1 /wordpress/wp-admin/includes/plugin.php(673): plugin_sandbox_scrape('bg-biblie-refer...')\n#2 /internal/eval.php(20): activate_plugin('bg-biblie-refer...')\n#3 {main}\n  thrown in /wordpress/wp-content/plugins/bg-biblie-references/bg_bibrefs.php on line 145","log":"/logs/plugins/b/bridge-shipworks-shopp/error.json"}
,
{"message":"include_once(includes/PDUpdater.php): Failed to open stream: No such file or directory in /wordpress/wp-content/plugins/bg-biblie-references/bg_bibrefs.php on line 85","level":"WARNING","type":"PHP","test":"jspi-boot","plugin":"bridge-shipworks-shopp","details":"[06-May-2025 07:52:25 UTC] PHP Warning:  include_once(includes/PDUpdater.php): Failed to open stream: No such file or directory in /wordpress/wp-content/plugins/bg-biblie-references/bg_bibrefs.php on line 85","log":"/logs/plugins/b/bridge-shipworks-shopp/error.json"}
,
{"message":"include_once(): Failed opening 'includes/PDUpdater.php' for inclusion (include_path='.:') in /wordpress/wp-content/plugins/bg-biblie-references/bg_bibrefs.php on line 85","level":"WARNING","type":"PHP","test":"jspi-boot","plugin":"bridge-shipworks-shopp","details":"[06-May-2025 07:52:25 UTC] PHP Warning:  include_once(): Failed opening 'includes/PDUpdater.php' for inclusion (include_path='.:') in /wordpress/wp-content/plugins/bg-biblie-references/bg_bibrefs.php on line 85","log":"/logs/plugins/b/bridge-shipworks-shopp/error.json"}
,
{"message":"Uncaught Error: Class \"PDUpdater\" not found in /wordpress/wp-content/plugins/bg-biblie-references/bg_bibrefs.php:145","level":"FATAL","type":"PHP","test":"jspi-boot","plugin":"bridge-shipworks-shopp","details":"[06-May-2025 07:52:25 UTC] PHP Fatal error:  Uncaught Error: Class \"PDUpdater\" not found in /wordpress/wp-content/plugins/bg-biblie-references/bg_bibrefs.php:145\nStack trace:\n#0 /wordpress/wp-admin/includes/plugin.php(2387): include_once()\n#1 /wordpress/wp-admin/includes/plugin.php(673): plugin_sandbox_scrape('bg-biblie-refer...')\n#2 /internal/eval.php(20): activate_plugin('bg-biblie-refer...')\n#3 {main}\n  thrown in /wordpress/wp-content/plugins/bg-biblie-references/bg_bibrefs.php on line 145","log":"/logs/plugins/b/bridge-shipworks-shopp/error.json"}
,
{"message":"include_once(includes/PDUpdater.php): Failed to open stream: No such file or directory in /wordpress/wp-content/plugins/bg-biblie-references/bg_bibrefs.php on line 85","level":"WARNING","type":"PHP","test":"jspi-boot","plugin":"bridge-shipworks-shopp","details":"[06-May-2025 07:52:34 UTC] PHP Warning:  include_once(includes/PDUpdater.php): Failed to open stream: No such file or directory in /wordpress/wp-content/plugins/bg-biblie-references/bg_bibrefs.php on line 85","log":"/logs/plugins/b/bridge-shipworks-shopp/error.json"}
,
{"message":"include_once(): Failed opening 'includes/PDUpdater.php' for inclusion (include_path='.:') in /wordpress/wp-content/plugins/bg-biblie-references/bg_bibrefs.php on line 85","level":"WARNING","type":"PHP","test":"jspi-boot","plugin":"bridge-shipworks-shopp","details":"[06-May-2025 07:52:34 UTC] PHP Warning:  include_once(): Failed opening 'includes/PDUpdater.php' for inclusion (include_path='.:') in /wordpress/wp-content/plugins/bg-biblie-references/bg_bibrefs.php on line 85","log":"/logs/plugins/b/bridge-shipworks-shopp/error.json"}
,
{"message":"Uncaught Error: Class \"PDUpdater\" not found in /wordpress/wp-content/plugins/bg-biblie-references/bg_bibrefs.php:145","level":"FATAL","type":"PHP","test":"jspi-boot","plugin":"bridge-shipworks-shopp","details":"[06-May-2025 07:52:34 UTC] PHP Fatal error:  Uncaught Error: Class \"PDUpdater\" not found in /wordpress/wp-content/plugins/bg-biblie-references/bg_bibrefs.php:145\nStack trace:\n#0 /wordpress/wp-admin/includes/plugin.php(2387): include_once()\n#1 /wordpress/wp-admin/includes/plugin.php(673): plugin_sandbox_scrape('bg-biblie-refer...')\n#2 /internal/eval.php(20): activate_plugin('bg-biblie-refer...')\n#3 {main}\n  thrown in /wordpress/wp-content/plugins/bg-biblie-references/bg_bibrefs.php on line 145","log":"/logs/plugins/b/bridge-shipworks-shopp/error.json"}
,
{"message":"[06-May-2025 07:53:39 UTC] API request failed: A valid URL was not provided.","level":"INFO","type":"OTHER","test":"jspi-boot","plugin":"bridge-shipworks-shopp","details":"[06-May-2025 07:53:39 UTC] API request failed: A valid URL was not provided.","log":"/logs/plugins/b/bridge-shipworks-shopp/error.json"}
,
{"message":"[06-May-2025 07:53:47 UTC] API request failed: A valid URL was not provided.","level":"INFO","type":"OTHER","test":"jspi-boot","plugin":"bridge-shipworks-shopp","details":"[06-May-2025 07:53:47 UTC] API request failed: A valid URL was not provided.","log":"/logs/plugins/b/bridge-shipworks-shopp/error.json"}
,
{"message":"[06-May-2025 07:53:57 UTC] API request failed: A valid URL was not provided.","level":"INFO","type":"OTHER","test":"jspi-boot","plugin":"bridge-shipworks-shopp","details":"[06-May-2025 07:53:57 UTC] API request failed: A valid URL was not provided.","log":"/logs/plugins/b/bridge-shipworks-shopp/error.json"}
,
{"message":"Uncaught TypeError: join(): Argument #2 ($array) must be of type ?array, bool given in /wordpress/wp-content/plugins/bigfishgames-syndicate/bigfishgames-syndicate.php:71","level":"FATAL","type":"PHP","test":"jspi-boot","plugin":"bridge-shipworks-shopp","details":"[06-May-2025 07:55:03 UTC] PHP Fatal error:  Uncaught TypeError: join(): Argument #2 ($array) must be of type ?array, bool given in /wordpress/wp-content/plugins/bigfishgames-syndicate/bigfishgames-syndicate.php:71\nStack trace:\n#0 /wordpress/wp-content/plugins/bigfishgames-syndicate/bigfishgames-syndicate.php(71): join('', false)\n#1 /wordpress/wp-includes/class-wp-hook.php(324): bigfishgames_syndicate_init('')\n#2 /wordpress/wp-includes/class-wp-hook.php(348): WP_Hook->apply_filters(NULL, Array)\n#3 /wordpress/wp-includes/plugin.php(517): WP_Hook->do_action(Array)\n#4 /wordpress/wp-settings.php(727): do_action('init')\n#5 /wordpress/wp-config.php(102): require_once('/wordpress/wp-s...')\n#6 /wordpress/wp-load.php(50): require_once('/wordpress/wp-c...')\n#7 /internal/eval.php(3): require_once('/wordpress/wp-l...')\n#8 {main}\n  thrown in /wordpress/wp-content/plugins/bigfishgames-syndicate/bigfishgames-syndicate.php on line 71","log":"/logs/plugins/b/bridge-shipworks-shopp/error.json"}
,
{"message":"Uncaught TypeError: join(): Argument #2 ($array) must be of type ?array, bool given in /wordpress/wp-content/plugins/bigfishgames-syndicate/bigfishgames-syndicate.php:71","level":"FATAL","type":"PHP","test":"jspi-boot","plugin":"bridge-shipworks-shopp","details":"[06-May-2025 07:55:12 UTC] PHP Fatal error:  Uncaught TypeError: join(): Argument #2 ($array) must be of type ?array, bool given in /wordpress/wp-content/plugins/bigfishgames-syndicate/bigfishgames-syndicate.php:71\nStack trace:\n#0 /wordpress/wp-content/plugins/bigfishgames-syndicate/bigfishgames-syndicate.php(71): join('', false)\n#1 /wordpress/wp-includes/class-wp-hook.php(324): bigfishgames_syndicate_init('')\n#2 /wordpress/wp-includes/class-wp-hook.php(348): WP_Hook->apply_filters(NULL, Array)\n#3 /wordpress/wp-includes/plugin.php(517): WP_Hook->do_action(Array)\n#4 /wordpress/wp-settings.php(727): do_action('init')\n#5 /wordpress/wp-config.php(102): require_once('/wordpress/wp-s...')\n#6 /wordpress/wp-load.php(50): require_once('/wordpress/wp-c...')\n#7 /internal/eval.php(3): require_once('/wordpress/wp-l...')\n#8 {main}\n  thrown in /wordpress/wp-content/plugins/bigfishgames-syndicate/bigfishgames-syndicate.php on line 71","log":"/logs/plugins/b/bridge-shipworks-shopp/error.json"}
,
{"message":"Uncaught TypeError: join(): Argument #2 ($array) must be of type ?array, bool given in /wordpress/wp-content/plugins/bigfishgames-syndicate/bigfishgames-syndicate.php:71","level":"FATAL","type":"PHP","test":"jspi-boot","plugin":"bridge-shipworks-shopp","details":"[06-May-2025 07:55:21 UTC] PHP Fatal error:  Uncaught TypeError: join(): Argument #2 ($array) must be of type ?array, bool given in /wordpress/wp-content/plugins/bigfishgames-syndicate/bigfishgames-syndicate.php:71\nStack trace:\n#0 /wordpress/wp-content/plugins/bigfishgames-syndicate/bigfishgames-syndicate.php(71): join('', false)\n#1 /wordpress/wp-includes/class-wp-hook.php(324): bigfishgames_syndicate_init('')\n#2 /wordpress/wp-includes/class-wp-hook.php(348): WP_Hook->apply_filters(NULL, Array)\n#3 /wordpress/wp-includes/plugin.php(517): WP_Hook->do_action(Array)\n#4 /wordpress/wp-settings.php(727): do_action('init')\n#5 /wordpress/wp-config.php(102): require_once('/wordpress/wp-s...')\n#6 /wordpress/wp-load.php(50): require_once('/wordpress/wp-c...')\n#7 /internal/eval.php(3): require_once('/wordpress/wp-l...')\n#8 {main}\n  thrown in /wordpress/wp-content/plugins/bigfishgames-syndicate/bigfishgames-syndicate.php on line 71","log":"/logs/plugins/b/bridge-shipworks-shopp/error.json"}
,
{"message":"Uncaught RuntimeException: <div style=\"clear:both\">&nbsp;</div>","level":"FATAL","type":"PHP","test":"jspi-boot","plugin":"bridge-shipworks-shopp","details":"[06-May-2025 07:55:33 UTC] PHP Fatal error:  Uncaught RuntimeException: <div style=\"clear:both\">&nbsp;</div>\n<div class=\"queries\" style=\"clear:both;margin-bottom:2px;border:red dotted thin;\">\n<p>MySQL query:</p>\n<p>CREATE TABLE IF NOT EXISTS wp_bit_social_accounts (\n             id BIGINT  UNSIGNED NOT NULL AUTO_INCREMENT\n, custom_app_id BIGINT(20) UNSIGNED NULL\n, profile_id VARCHAR(255) NOT NULL\n, account_id VARCHAR(255) NOT NULL\n, account_name VARCHAR(255) NOT NULL\n, details LONGTEXT  NOT NULL\n, platform VARCHAR(255) NOT NULL\n, account_type INTEGER  NOT NULL\n, status BOOLEAN  NOT NULL DEFAULT 1\n, created_at timestamp  NULL DEFAULT NULL\n, updated_at timestamp  NULL DEFAULT NULL,\nPRIMARY KEY (\nid\n), FOREIGN KEY (custom_app_id) REFERENCES wp_bit_social_custom_apps (id) ON DELETE CASCADE\n             ) </p>\n<p>Queries made or created this session were:</p>\n<ol>\n<li>Executing: BEGIN | (no parameters)</li>\n<li>Executing: SELECT 1 FROM `_wp_sqlite_mysql_information_schema_tables` WHERE table_schema = ? AND table_name = ? | parameters: database_name_here, wp_ in /wordpress/wp-content/plugins/bit-social/vendor/bitapps/wp-database/src/Blueprint.php on line 176","log":"/logs/plugins/b/bridge-shipworks-shopp/error.json"}
,
{"message":"Uncaught RuntimeException: <div style=\"clear:both\">&nbsp;</div>","level":"FATAL","type":"PHP","test":"jspi-boot","plugin":"bridge-shipworks-shopp","details":"[06-May-2025 07:55:44 UTC] PHP Fatal error:  Uncaught RuntimeException: <div style=\"clear:both\">&nbsp;</div>\n<div class=\"queries\" style=\"clear:both;margin-bottom:2px;border:red dotted thin;\">\n<p>MySQL query:</p>\n<p>CREATE TABLE IF NOT EXISTS wp_bit_social_accounts (\n             id BIGINT  UNSIGNED NOT NULL AUTO_INCREMENT\n, custom_app_id BIGINT(20) UNSIGNED NULL\n, profile_id VARCHAR(255) NOT NULL\n, account_id VARCHAR(255) NOT NULL\n, account_name VARCHAR(255) NOT NULL\n, details LONGTEXT  NOT NULL\n, platform VARCHAR(255) NOT NULL\n, account_type INTEGER  NOT NULL\n, status BOOLEAN  NOT NULL DEFAULT 1\n, created_at timestamp  NULL DEFAULT NULL\n, updated_at timestamp  NULL DEFAULT NULL,\nPRIMARY KEY (\nid\n), FOREIGN KEY (custom_app_id) REFERENCES wp_bit_social_custom_apps (id) ON DELETE CASCADE\n             ) </p>\n<p>Queries made or created this session were:</p>\n<ol>\n<li>Executing: BEGIN | (no parameters)</li>\n<li>Executing: INSERT INTO _mysql_data_types_cache (`table`, `column_or_index`, `mysql_type`)\n\t\t\t\tVALUES (:table, :column, :datatype)\n\t\t\t\tON CONFLICT(`ta in /wordpress/wp-content/plugins/bit-social/vendor/bitapps/wp-database/src/Blueprint.php on line 176","log":"/logs/plugins/b/bridge-shipworks-shopp/error.json"}
,
{"message":"Uncaught RuntimeException: <div style=\"clear:both\">&nbsp;</div>","level":"FATAL","type":"PHP","test":"jspi-boot","plugin":"bridge-shipworks-shopp","details":"[06-May-2025 07:55:56 UTC] PHP Fatal error:  Uncaught RuntimeException: <div style=\"clear:both\">&nbsp;</div>\n<div class=\"queries\" style=\"clear:both;margin-bottom:2px;border:red dotted thin;\">\n<p>MySQL query:</p>\n<p>CREATE TABLE IF NOT EXISTS wp_bit_social_accounts (\n             id BIGINT  UNSIGNED NOT NULL AUTO_INCREMENT\n, custom_app_id BIGINT(20) UNSIGNED NULL\n, profile_id VARCHAR(255) NOT NULL\n, account_id VARCHAR(255) NOT NULL\n, account_name VARCHAR(255) NOT NULL\n, details LONGTEXT  NOT NULL\n, platform VARCHAR(255) NOT NULL\n, account_type INTEGER  NOT NULL\n, status BOOLEAN  NOT NULL DEFAULT 1\n, created_at timestamp  NULL DEFAULT NULL\n, updated_at timestamp  NULL DEFAULT NULL,\nPRIMARY KEY (\nid\n), FOREIGN KEY (custom_app_id) REFERENCES wp_bit_social_custom_apps (id) ON DELETE CASCADE\n             ) </p>\n<p>Queries made or created this session were:</p>\n<ol>\n<li>Executing: BEGIN | (no parameters)</li>\n<li>Executing: INSERT INTO _mysql_data_types_cache (`table`, `column_or_index`, `mysql_type`)\n\t\t\t\tVALUES (:table, :column, :datatype)\n\t\t\t\tON CONFLICT(`ta in /wordpress/wp-content/plugins/bit-social/vendor/bitapps/wp-database/src/Blueprint.php on line 176","log":"/logs/plugins/b/bridge-shipworks-shopp/error.json"}
,
{"message":"Undefined array key \"DOCUMENT_ROOT\" in /wordpress/wp-content/plugins/block-archive-org-robots-txt/block-archive-org-robots-txt.php on line 44","level":"WARNING","type":"PHP","test":"jspi-boot","plugin":"bridge-shipworks-shopp","details":"[06-May-2025 07:56:28 UTC] PHP Warning:  Undefined array key \"DOCUMENT_ROOT\" in /wordpress/wp-content/plugins/block-archive-org-robots-txt/block-archive-org-robots-txt.php on line 44","log":"/logs/plugins/b/bridge-shipworks-shopp/error.json"}
,
{"message":"Undefined array key \"DOCUMENT_ROOT\" in /wordpress/wp-content/plugins/block-archive-org-robots-txt/block-archive-org-robots-txt.php on line 44","level":"WARNING","type":"PHP","test":"jspi-boot","plugin":"bridge-shipworks-shopp","details":"[06-May-2025 07:56:37 UTC] PHP Warning:  Undefined array key \"DOCUMENT_ROOT\" in /wordpress/wp-content/plugins/block-archive-org-robots-txt/block-archive-org-robots-txt.php on line 44","log":"/logs/plugins/b/bridge-shipworks-shopp/error.json"}
,
{"message":"Undefined array key \"DOCUMENT_ROOT\" in /wordpress/wp-content/plugins/block-archive-org-robots-txt/block-archive-org-robots-txt.php on line 44","level":"WARNING","type":"PHP","test":"jspi-boot","plugin":"bridge-shipworks-shopp","details":"[06-May-2025 07:56:46 UTC] PHP Warning:  Undefined array key \"DOCUMENT_ROOT\" in /wordpress/wp-content/plugins/block-archive-org-robots-txt/block-archive-org-robots-txt.php on line 44","log":"/logs/plugins/b/bridge-shipworks-shopp/error.json"}
,
{"message":"Function get_plugin_data was called with an argument that is <strong>deprecated</strong> since version 3.0.0! The <code>Site Wide Only: true</code> plugin header is deprecated. Use <code>Network: true</code> instead. in /wordpress/wp-includes/functions.php on line 6121","level":"DEPRECATED","type":"PHP","test":"jspi-boot","plugin":"bridge-shipworks-shopp","details":"[06-May-2025 07:57:23 UTC] PHP Deprecated:  Function get_plugin_data was called with an argument that is <strong>deprecated</strong> since version 3.0.0! The <code>Site Wide Only: true</code> plugin header is deprecated. Use <code>Network: true</code> instead. in /wordpress/wp-includes/functions.php on line 6121","log":"/logs/plugins/b/bridge-shipworks-shopp/error.json"}
,
{"message":"Function get_plugin_data was called with an argument that is <strong>deprecated</strong> since version 3.0.0! The <code>Site Wide Only: true</code> plugin header is deprecated. Use <code>Network: true</code> instead. in /wordpress/wp-includes/functions.php on line 6121","level":"DEPRECATED","type":"PHP","test":"jspi-boot","plugin":"bridge-shipworks-shopp","details":"[06-May-2025 07:57:24 UTC] PHP Deprecated:  Function get_plugin_data was called with an argument that is <strong>deprecated</strong> since version 3.0.0! The <code>Site Wide Only: true</code> plugin header is deprecated. Use <code>Network: true</code> instead. in /wordpress/wp-includes/functions.php on line 6121","log":"/logs/plugins/b/bridge-shipworks-shopp/error.json"}
,
{"message":"Uncaught Error: Attempt to modify property \"tagbox\" on null in /wordpress/wp-content/plugins/bp-tagbox/bp-tagbox.php:49","level":"FATAL","type":"PHP","test":"jspi-boot","plugin":"bridge-shipworks-shopp","details":"[06-May-2025 07:57:24 UTC] PHP Fatal error:  Uncaught Error: Attempt to modify property \"tagbox\" on null in /wordpress/wp-content/plugins/bp-tagbox/bp-tagbox.php:49\nStack trace:\n#0 /wordpress/wp-includes/class-wp-hook.php(324): bp_tagbox_setup_globals('')\n#1 /wordpress/wp-includes/class-wp-hook.php(348): WP_Hook->apply_filters(NULL, Array)\n#2 /wordpress/wp-includes/plugin.php(517): WP_Hook->do_action(Array)\n#3 /wordpress/wp-settings.php(578): do_action('plugins_loaded')\n#4 /wordpress/wp-config.php(102): require_once('/wordpress/wp-s...')\n#5 /wordpress/wp-load.php(50): require_once('/wordpress/wp-c...')\n#6 /internal/eval.php(3): require_once('/wordpress/wp-l...')\n#7 {main}\n  thrown in /wordpress/wp-content/plugins/bp-tagbox/bp-tagbox.php on line 49","log":"/logs/plugins/b/bridge-shipworks-shopp/error.json"}
,
{"message":"Function get_plugin_data was called with an argument that is <strong>deprecated</strong> since version 3.0.0! The <code>Site Wide Only: true</code> plugin header is deprecated. Use <code>Network: true</code> instead. in /wordpress/wp-includes/functions.php on line 6121","level":"DEPRECATED","type":"PHP","test":"jspi-boot","plugin":"bridge-shipworks-shopp","details":"[06-May-2025 07:57:31 UTC] PHP Deprecated:  Function get_plugin_data was called with an argument that is <strong>deprecated</strong> since version 3.0.0! The <code>Site Wide Only: true</code> plugin header is deprecated. Use <code>Network: true</code> instead. in /wordpress/wp-includes/functions.php on line 6121","log":"/logs/plugins/b/bridge-shipworks-shopp/error.json"}
,
{"message":"Function get_plugin_data was called with an argument that is <strong>deprecated</strong> since version 3.0.0! The <code>Site Wide Only: true</code> plugin header is deprecated. Use <code>Network: true</code> instead. in /wordpress/wp-includes/functions.php on line 6121","level":"DEPRECATED","type":"PHP","test":"jspi-boot","plugin":"bridge-shipworks-shopp","details":"[06-May-2025 07:57:32 UTC] PHP Deprecated:  Function get_plugin_data was called with an argument that is <strong>deprecated</strong> since version 3.0.0! The <code>Site Wide Only: true</code> plugin header is deprecated. Use <code>Network: true</code> instead. in /wordpress/wp-includes/functions.php on line 6121","log":"/logs/plugins/b/bridge-shipworks-shopp/error.json"}
,
{"message":"Uncaught Error: Attempt to modify property \"tagbox\" on null in /wordpress/wp-content/plugins/bp-tagbox/bp-tagbox.php:49","level":"FATAL","type":"PHP","test":"jspi-boot","plugin":"bridge-shipworks-shopp","details":"[06-May-2025 07:57:32 UTC] PHP Fatal error:  Uncaught Error: Attempt to modify property \"tagbox\" on null in /wordpress/wp-content/plugins/bp-tagbox/bp-tagbox.php:49\nStack trace:\n#0 /wordpress/wp-includes/class-wp-hook.php(324): bp_tagbox_setup_globals('')\n#1 /wordpress/wp-includes/class-wp-hook.php(348): WP_Hook->apply_filters(NULL, Array)\n#2 /wordpress/wp-includes/plugin.php(517): WP_Hook->do_action(Array)\n#3 /wordpress/wp-settings.php(578): do_action('plugins_loaded')\n#4 /wordpress/wp-config.php(102): require_once('/wordpress/wp-s...')\n#5 /wordpress/wp-load.php(50): require_once('/wordpress/wp-c...')\n#6 /internal/eval.php(3): require_once('/wordpress/wp-l...')\n#7 {main}\n  thrown in /wordpress/wp-content/plugins/bp-tagbox/bp-tagbox.php on line 49","log":"/logs/plugins/b/bridge-shipworks-shopp/error.json"}
,
{"message":"Function get_plugin_data was called with an argument that is <strong>deprecated</strong> since version 3.0.0! The <code>Site Wide Only: true</code> plugin header is deprecated. Use <code>Network: true</code> instead. in /wordpress/wp-includes/functions.php on line 6121","level":"DEPRECATED","type":"PHP","test":"jspi-boot","plugin":"bridge-shipworks-shopp","details":"[06-May-2025 07:57:40 UTC] PHP Deprecated:  Function get_plugin_data was called with an argument that is <strong>deprecated</strong> since version 3.0.0! The <code>Site Wide Only: true</code> plugin header is deprecated. Use <code>Network: true</code> instead. in /wordpress/wp-includes/functions.php on line 6121","log":"/logs/plugins/b/bridge-shipworks-shopp/error.json"}
,
{"message":"Function get_plugin_data was called with an argument that is <strong>deprecated</strong> since version 3.0.0! The <code>Site Wide Only: true</code> plugin header is deprecated. Use <code>Network: true</code> instead. in /wordpress/wp-includes/functions.php on line 6121","level":"DEPRECATED","type":"PHP","test":"jspi-boot","plugin":"bridge-shipworks-shopp","details":"[06-May-2025 07:57:41 UTC] PHP Deprecated:  Function get_plugin_data was called with an argument that is <strong>deprecated</strong> since version 3.0.0! The <code>Site Wide Only: true</code> plugin header is deprecated. Use <code>Network: true</code> instead. in /wordpress/wp-includes/functions.php on line 6121","log":"/logs/plugins/b/bridge-shipworks-shopp/error.json"}
,
{"message":"Uncaught Error: Attempt to modify property \"tagbox\" on null in /wordpress/wp-content/plugins/bp-tagbox/bp-tagbox.php:49","level":"FATAL","type":"PHP","test":"jspi-boot","plugin":"bridge-shipworks-shopp","details":"[06-May-2025 07:57:41 UTC] PHP Fatal error:  Uncaught Error: Attempt to modify property \"tagbox\" on null in /wordpress/wp-content/plugins/bp-tagbox/bp-tagbox.php:49\nStack trace:\n#0 /wordpress/wp-includes/class-wp-hook.php(324): bp_tagbox_setup_globals('')\n#1 /wordpress/wp-includes/class-wp-hook.php(348): WP_Hook->apply_filters(NULL, Array)\n#2 /wordpress/wp-includes/plugin.php(517): WP_Hook->do_action(Array)\n#3 /wordpress/wp-settings.php(578): do_action('plugins_loaded')\n#4 /wordpress/wp-config.php(102): require_once('/wordpress/wp-s...')\n#5 /wordpress/wp-load.php(50): require_once('/wordpress/wp-c...')\n#6 /internal/eval.php(3): require_once('/wordpress/wp-l...')\n#7 {main}\n  thrown in /wordpress/wp-content/plugins/bp-tagbox/bp-tagbox.php on line 49","log":"/logs/plugins/b/bridge-shipworks-shopp/error.json"}
,
{"message":"Function get_plugin_data was called with an argument that is <strong>deprecated</strong> since version 3.0.0! The <code>Site Wide Only: true</code> plugin header is deprecated. Use <code>Network: true</code> instead. in /wordpress/wp-includes/functions.php on line 6121","level":"DEPRECATED","type":"PHP","test":"jspi-boot","plugin":"bridge-shipworks-shopp","details":"[06-May-2025 07:57:50 UTC] PHP Deprecated:  Function get_plugin_data was called with an argument that is <strong>deprecated</strong> since version 3.0.0! The <code>Site Wide Only: true</code> plugin header is deprecated. Use <code>Network: true</code> instead. in /wordpress/wp-includes/functions.php on line 6121","log":"/logs/plugins/b/bridge-shipworks-shopp/error.json"}
,
{"message":"Function get_plugin_data was called with an argument that is <strong>deprecated</strong> since version 3.0.0! The <code>Site Wide Only: true</code> plugin header is deprecated. Use <code>Network: true</code> instead. in /wordpress/wp-includes/functions.php on line 6121","level":"DEPRECATED","type":"PHP","test":"jspi-boot","plugin":"bridge-shipworks-shopp","details":"[06-May-2025 07:58:00 UTC] PHP Deprecated:  Function get_plugin_data was called with an argument that is <strong>deprecated</strong> since version 3.0.0! The <code>Site Wide Only: true</code> plugin header is deprecated. Use <code>Network: true</code> instead. in /wordpress/wp-includes/functions.php on line 6121","log":"/logs/plugins/b/bridge-shipworks-shopp/error.json"}
,
{"message":"Function get_plugin_data was called with an argument that is <strong>deprecated</strong> since version 3.0.0! The <code>Site Wide Only: true</code> plugin header is deprecated. Use <code>Network: true</code> instead. in /wordpress/wp-includes/functions.php on line 6121","level":"DEPRECATED","type":"PHP","test":"jspi-boot","plugin":"bridge-shipworks-shopp","details":"[06-May-2025 07:58:09 UTC] PHP Deprecated:  Function get_plugin_data was called with an argument that is <strong>deprecated</strong> since version 3.0.0! The <code>Site Wide Only: true</code> plugin header is deprecated. Use <code>Network: true</code> instead. in /wordpress/wp-includes/functions.php on line 6121","log":"/logs/plugins/b/bridge-shipworks-shopp/error.json"}
,
{"message":"Function get_plugin_data was called with an argument that is <strong>deprecated</strong> since version 3.0.0! The <code>Site Wide Only: true</code> plugin header is deprecated. Use <code>Network: true</code> instead. in /wordpress/wp-includes/functions.php on line 6121","level":"DEPRECATED","type":"PHP","test":"jspi-boot","plugin":"bridge-shipworks-shopp","details":"[06-May-2025 07:58:18 UTC] PHP Deprecated:  Function get_plugin_data was called with an argument that is <strong>deprecated</strong> since version 3.0.0! The <code>Site Wide Only: true</code> plugin header is deprecated. Use <code>Network: true</code> instead. in /wordpress/wp-includes/functions.php on line 6121","log":"/logs/plugins/b/bridge-shipworks-shopp/error.json"}
,
{"message":"Undefined variable $textdomain in /wordpress/wp-content/plugins/breadcrumb-navxt-widget-plugin/bcnavxt-widget.php on line 41","level":"WARNING","type":"PHP","test":"jspi-boot","plugin":"bridge-shipworks-shopp","details":"[06-May-2025 07:58:19 UTC] PHP Warning:  Undefined variable $textdomain in /wordpress/wp-content/plugins/breadcrumb-navxt-widget-plugin/bcnavxt-widget.php on line 41","log":"/logs/plugins/b/bridge-shipworks-shopp/error.json"}
,
{"message":"Undefined variable $replacement in /wordpress/wp-content/plugins/breadcrumb-navxt-widget-plugin/bcnavxt-widget.php on line 41","level":"WARNING","type":"PHP","test":"jspi-boot","plugin":"bridge-shipworks-shopp","details":"[06-May-2025 07:58:19 UTC] PHP Warning:  Undefined variable $replacement in /wordpress/wp-content/plugins/breadcrumb-navxt-widget-plugin/bcnavxt-widget.php on line 41","log":"/logs/plugins/b/bridge-shipworks-shopp/error.json"}
,
{"message":"Uncaught Error: Undefined constant \"widget_BreadCrumb_NavXT\" in /wordpress/wp-content/plugins/breadcrumb-navxt-widget-plugin/bcnavxt-widget.php:41","level":"FATAL","type":"PHP","test":"jspi-boot","plugin":"bridge-shipworks-shopp","details":"[06-May-2025 07:58:19 UTC] PHP Fatal error:  Uncaught Error: Undefined constant \"widget_BreadCrumb_NavXT\" in /wordpress/wp-content/plugins/breadcrumb-navxt-widget-plugin/bcnavxt-widget.php:41\nStack trace:\n#0 /wordpress/wp-includes/class-wp-hook.php(324): register_BreadCrumb_NavXT_widget('')\n#1 /wordpress/wp-includes/class-wp-hook.php(348): WP_Hook->apply_filters(NULL, Array)\n#2 /wordpress/wp-includes/plugin.php(517): WP_Hook->do_action(Array)\n#3 /wordpress/wp-settings.php(578): do_action('plugins_loaded')\n#4 /wordpress/wp-config.php(102): require_once('/wordpress/wp-s...')\n#5 /wordpress/wp-load.php(50): require_once('/wordpress/wp-c...')\n#6 /internal/eval.php(3): require_once('/wordpress/wp-l...')\n#7 {main}\n  thrown in /wordpress/wp-content/plugins/breadcrumb-navxt-widget-plugin/bcnavxt-widget.php on line 41","log":"/logs/plugins/b/bridge-shipworks-shopp/error.json"}
,
{"message":"Function get_plugin_data was called with an argument that is <strong>deprecated</strong> since version 3.0.0! The <code>Site Wide Only: true</code> plugin header is deprecated. Use <code>Network: true</code> instead. in /wordpress/wp-includes/functions.php on line 6121","level":"DEPRECATED","type":"PHP","test":"jspi-boot","plugin":"bridge-shipworks-shopp","details":"[06-May-2025 07:58:27 UTC] PHP Deprecated:  Function get_plugin_data was called with an argument that is <strong>deprecated</strong> since version 3.0.0! The <code>Site Wide Only: true</code> plugin header is deprecated. Use <code>Network: true</code> instead. in /wordpress/wp-includes/functions.php on line 6121","log":"/logs/plugins/b/bridge-shipworks-shopp/error.json"}
,
{"message":"Undefined variable $textdomain in /wordpress/wp-content/plugins/breadcrumb-navxt-widget-plugin/bcnavxt-widget.php on line 41","level":"WARNING","type":"PHP","test":"jspi-boot","plugin":"bridge-shipworks-shopp","details":"[06-May-2025 07:58:28 UTC] PHP Warning:  Undefined variable $textdomain in /wordpress/wp-content/plugins/breadcrumb-navxt-widget-plugin/bcnavxt-widget.php on line 41","log":"/logs/plugins/b/bridge-shipworks-shopp/error.json"}
,
{"message":"Undefined variable $replacement in /wordpress/wp-content/plugins/breadcrumb-navxt-widget-plugin/bcnavxt-widget.php on line 41","level":"WARNING","type":"PHP","test":"jspi-boot","plugin":"bridge-shipworks-shopp","details":"[06-May-2025 07:58:28 UTC] PHP Warning:  Undefined variable $replacement in /wordpress/wp-content/plugins/breadcrumb-navxt-widget-plugin/bcnavxt-widget.php on line 41","log":"/logs/plugins/b/bridge-shipworks-shopp/error.json"}
,
{"message":"Uncaught Error: Undefined constant \"widget_BreadCrumb_NavXT\" in /wordpress/wp-content/plugins/breadcrumb-navxt-widget-plugin/bcnavxt-widget.php:41","level":"FATAL","type":"PHP","test":"jspi-boot","plugin":"bridge-shipworks-shopp","details":"[06-May-2025 07:58:28 UTC] PHP Fatal error:  Uncaught Error: Undefined constant \"widget_BreadCrumb_NavXT\" in /wordpress/wp-content/plugins/breadcrumb-navxt-widget-plugin/bcnavxt-widget.php:41\nStack trace:\n#0 /wordpress/wp-includes/class-wp-hook.php(324): register_BreadCrumb_NavXT_widget('')\n#1 /wordpress/wp-includes/class-wp-hook.php(348): WP_Hook->apply_filters(NULL, Array)\n#2 /wordpress/wp-includes/plugin.php(517): WP_Hook->do_action(Array)\n#3 /wordpress/wp-settings.php(578): do_action('plugins_loaded')\n#4 /wordpress/wp-config.php(102): require_once('/wordpress/wp-s...')\n#5 /wordpress/wp-load.php(50): require_once('/wordpress/wp-c...')\n#6 /internal/eval.php(3): require_once('/wordpress/wp-l...')\n#7 {main}\n  thrown in /wordpress/wp-content/plugins/breadcrumb-navxt-widget-plugin/bcnavxt-widget.php on line 41","log":"/logs/plugins/b/bridge-shipworks-shopp/error.json"}
,
{"message":"Function get_plugin_data was called with an argument that is <strong>deprecated</strong> since version 3.0.0! The <code>Site Wide Only: true</code> plugin header is deprecated. Use <code>Network: true</code> instead. in /wordpress/wp-includes/functions.php on line 6121","level":"DEPRECATED","type":"PHP","test":"jspi-boot","plugin":"bridge-shipworks-shopp","details":"[06-May-2025 07:58:36 UTC] PHP Deprecated:  Function get_plugin_data was called with an argument that is <strong>deprecated</strong> since version 3.0.0! The <code>Site Wide Only: true</code> plugin header is deprecated. Use <code>Network: true</code> instead. in /wordpress/wp-includes/functions.php on line 6121","log":"/logs/plugins/b/bridge-shipworks-shopp/error.json"}
,
{"message":"Undefined variable $textdomain in /wordpress/wp-content/plugins/breadcrumb-navxt-widget-plugin/bcnavxt-widget.php on line 41","level":"WARNING","type":"PHP","test":"jspi-boot","plugin":"bridge-shipworks-shopp","details":"[06-May-2025 07:58:37 UTC] PHP Warning:  Undefined variable $textdomain in /wordpress/wp-content/plugins/breadcrumb-navxt-widget-plugin/bcnavxt-widget.php on line 41","log":"/logs/plugins/b/bridge-shipworks-shopp/error.json"}
,
{"message":"Undefined variable $replacement in /wordpress/wp-content/plugins/breadcrumb-navxt-widget-plugin/bcnavxt-widget.php on line 41","level":"WARNING","type":"PHP","test":"jspi-boot","plugin":"bridge-shipworks-shopp","details":"[06-May-2025 07:58:37 UTC] PHP Warning:  Undefined variable $replacement in /wordpress/wp-content/plugins/breadcrumb-navxt-widget-plugin/bcnavxt-widget.php on line 41","log":"/logs/plugins/b/bridge-shipworks-shopp/error.json"}
,
{"message":"Uncaught Error: Undefined constant \"widget_BreadCrumb_NavXT\" in /wordpress/wp-content/plugins/breadcrumb-navxt-widget-plugin/bcnavxt-widget.php:41","level":"FATAL","type":"PHP","test":"jspi-boot","plugin":"bridge-shipworks-shopp","details":"[06-May-2025 07:58:37 UTC] PHP Fatal error:  Uncaught Error: Undefined constant \"widget_BreadCrumb_NavXT\" in /wordpress/wp-content/plugins/breadcrumb-navxt-widget-plugin/bcnavxt-widget.php:41\nStack trace:\n#0 /wordpress/wp-includes/class-wp-hook.php(324): register_BreadCrumb_NavXT_widget('')\n#1 /wordpress/wp-includes/class-wp-hook.php(348): WP_Hook->apply_filters(NULL, Array)\n#2 /wordpress/wp-includes/plugin.php(517): WP_Hook->do_action(Array)\n#3 /wordpress/wp-settings.php(578): do_action('plugins_loaded')\n#4 /wordpress/wp-config.php(102): require_once('/wordpress/wp-s...')\n#5 /wordpress/wp-load.php(50): require_once('/wordpress/wp-c...')\n#6 /internal/eval.php(3): require_once('/wordpress/wp-l...')\n#7 {main}\n  thrown in /wordpress/wp-content/plugins/breadcrumb-navxt-widget-plugin/bcnavxt-widget.php on line 41\n\n    at Object.onBind (file:///home/runner/work/playground-tester/playground-tester/node_modules/@wp-playground/cli/index.js:237:15)\n    at process.processTicksAndRejections (node:internal/process/task_queues:105:5)\n    at async V (file:///home/runner/work/playground-tester/playground-tester/node_modules/@wp-playground/cli/index.js:64:10)\n    at async ja (file:///home/runner/work/playground-tester/playground-tester/node_modules/@wp-playground/cli/cli.js:8161:12) {\n  [cause]: Error: Error when executing the blueprint step #1 ({\"step\":\"installPlugin\",\"pluginData\":{\"resource\":\"wordpress.org/plugins\",\"slug\":\"bridge-shipworks-shopp\"},\"options\":{\"activate\":true}}) : Could not download \"https://downloads.wordpress.org/plugin/bridge-shipworks-shopp.latest-stable.zip\".\n  \t\t\t\tCheck if the URL is correct and the server is reachable.\n  \t\t\t\tIf it is reachable, the server might be blocking the request.\n  \t\t\t\tCheck the browser console and network tabs for more information.\n  \n  \t\t\t\t## Does the console show the error \"No 'Access-Control-Allow-Origin' header\"?\n  \n  \t\t\t\tThis means the server that hosts your file does not allow requests from other sites\n  \t\t\t\t(cross-origin requests, or CORS).\tYou need to move the asset to a server that allows\n  \t\t\t\tcross-origin file downloads. Learn more about CORS at\n  \t\t\t\thttps://developer.mozilla.org/en-US/docs/Web/HTTP/CORS.\n  \n  \t\t\t\tIf your file is on GitHub, load it from \"raw.githubusercontent.com\".\n  \t\t\t\tHere's how to do that:\n  \n  \t\t\t\t1. Start with the original GitHub URL of the file. For example:\n  \t\t\t\thttps://github.com/username/repository/blob/branch/filename.\n  \t\t\t\t2. Replace \"github.com\" with \"raw.githubusercontent.com\".\n  \t\t\t\t3. Remove the \"/blob/\" part of the URL.\n  \n  \t\t\t\tThe resulting URL should look like this:\n  \t\t\t\thttps://raw.githubusercontent.com/username/repository/branch/filename\n  \n  \t\t\t\tError:\n  \t\t\t\tError: Could not download \"https://downloads.wordpress.org/plugin/bridge-shipworks-shopp.latest-stable.zip\"\n      at Object.run (file:///home/runner/work/playground-tester/playground-tester/node_modules/@wp-playground/blueprints/index.js:12449:19)\n      at process.processTicksAndRejections (node:internal/process/task_queues:105:5)\n      at async ms (file:///home/runner/work/playground-tester/playground-tester/node_modules/@wp-playground/blueprints/index.js:12552:3)\n      at async Object.onBind (file:///home/runner/work/playground-tester/playground-tester/node_modules/@wp-playground/cli/index.js:227:48)\n      at async V (file:///home/runner/work/playground-tester/playground-tester/node_modules/@wp-playground/cli/index.js:64:10)\n      at async ja (file:///home/runner/work/playground-tester/playground-tester/node_modules/@wp-playground/cli/cli.js:8161:12) {\n    [cause]: Error: Could not download \"https://downloads.wordpress.org/plugin/bridge-shipworks-shopp.latest-stable.zip\".\n    \t\t\t\tCheck if the URL is correct and the server is reachable.\n    \t\t\t\tIf it is reachable, the server might be blocking the request.\n    \t\t\t\tCheck the browser console and network tabs for more information.\n    \n    \t\t\t\t## Does the console show the error \"No 'Access-Control-Allow-Origin' header\"?\n    \n    \t\t\t\tThis means the server that hosts your file does not allow requests from other sites\n    \t\t\t\t(cross-origin requests, or CORS).\tYou need to move the asset to a server that allows\n    \t\t\t\tcross-origin file downloads. Learn more about CORS at\n    \t\t\t\thttps://developer.mozilla.org/en-US/docs/Web/HTTP/CORS.\n    \n    \t\t\t\tIf your file is on GitHub, load it from \"raw.githubusercontent.com\".\n    \t\t\t\tHere's how to do that:\n    \n    \t\t\t\t1. Start with the original GitHub URL of the file. For example:\n    \t\t\t\thttps://github.com/username/repository/blob/branch/filename.\n    \t\t\t\t2. Replace \"github.com\" with \"raw.githubusercontent.com\".\n    \t\t\t\t3. Remove the \"/blob/\" part of the URL.\n    \n    \t\t\t\tThe resulting URL should look like this:\n    \t\t\t\thttps://raw.githubusercontent.com/username/repository/branch/filename\n    \n    \t\t\t\tError:\n    \t\t\t\tError: Could not download \"https://downloads.wordpress.org/plugin/bridge-shipworks-shopp.latest-stable.zip\"\n        at Ct.resolve (file:///home/runner/work/playground-tester/playground-tester/node_modules/@wp-playground/blueprints/index.js:1472:13)\n        at process.processTicksAndRejections (node:internal/process/task_queues:105:5)\n        at async _.run (file:///home/runner/work/playground-tester/playground-tester/node_modules/@php-wasm/util/index.js:45:14)\n  }\n}\n\n","log":"/logs/plugins/b/bridge-shipworks-shopp/error.json"}
]
