[
{"message":"file:///home/runner/work/playground-tester/playground-tester/node_modules/@wp-playground/cli/index.js:237\n        throw new Error(y, { cause: u });\n              ^\n","level":"FATAL","type":"PLAYGROUND","test":"ast-sqlite-boot","plugin":"html-in-comments","details":"file:///home/runner/work/playground-tester/playground-tester/node_modules/@wp-playground/cli/index.js:237\n        throw new Error(y, { cause: u });\n              ^\n","log":"/tmp/tmp.MqJQXIcXkD"}
,
{"message":"Function wp_enqueue_style was called <strong>incorrectly</strong>. Scripts and styles should not be registered or enqueued until the <code>wp_enqueue_scripts</code>, <code>admin_enqueue_scripts</code>, or <code>login_enqueue_scripts</code> hooks. This notice was triggered by the <code>noticiero_de_portada_styles.css</code> handle. Please see <a href=\"https://developer.wordpress.org/advanced-administration/debug/debug-wordpress/\">Debugging in WordPress</a> for more information. (This message was added in version 3.3.0.) in /wordpress/wp-includes/functions.php on line 6121","level":"NOTICE","type":"PHP","test":"ast-sqlite-boot","plugin":"html-in-comments","details":"[08-May-2025 03:19:59 UTC] PHP Notice:  Function wp_enqueue_style was called <strong>incorrectly</strong>. Scripts and styles should not be registered or enqueued until the <code>wp_enqueue_scripts</code>, <code>admin_enqueue_scripts</code>, or <code>login_enqueue_scripts</code> hooks. This notice was triggered by the <code>noticiero_de_portada_styles.css</code> handle. Please see <a href=\"https://developer.wordpress.org/advanced-administration/debug/debug-wordpress/\">Debugging in WordPress</a> for more information. (This message was added in version 3.3.0.) in /wordpress/wp-includes/functions.php on line 6121","log":"/logs/plugins/h/html-in-comments/error.json"}
,
{"message":"Function is_feed was called <strong>incorrectly</strong>. Conditional query tags do not work before the query is run. Before then, they always return false. Please see <a href=\"https://developer.wordpress.org/advanced-administration/debug/debug-wordpress/\">Debugging in WordPress</a> for more information. (This message was added in version 3.1.0.) in /wordpress/wp-includes/functions.php on line 6121","level":"NOTICE","type":"PHP","test":"ast-sqlite-boot","plugin":"html-in-comments","details":"[08-May-2025 03:19:59 UTC] PHP Notice:  Function is_feed was called <strong>incorrectly</strong>. Conditional query tags do not work before the query is run. Before then, they always return false. Please see <a href=\"https://developer.wordpress.org/advanced-administration/debug/debug-wordpress/\">Debugging in WordPress</a> for more information. (This message was added in version 3.1.0.) in /wordpress/wp-includes/functions.php on line 6121","log":"/logs/plugins/h/html-in-comments/error.json"}
,
{"message":"Function wp_enqueue_style was called <strong>incorrectly</strong>. Scripts and styles should not be registered or enqueued until the <code>wp_enqueue_scripts</code>, <code>admin_enqueue_scripts</code>, or <code>login_enqueue_scripts</code> hooks. This notice was triggered by the <code>noticiero_de_portada_styles.css</code> handle. Please see <a href=\"https://developer.wordpress.org/advanced-administration/debug/debug-wordpress/\">Debugging in WordPress</a> for more information. (This message was added in version 3.3.0.) in /wordpress/wp-includes/functions.php on line 6121","level":"NOTICE","type":"PHP","test":"ast-sqlite-boot","plugin":"html-in-comments","details":"[08-May-2025 03:20:08 UTC] PHP Notice:  Function wp_enqueue_style was called <strong>incorrectly</strong>. Scripts and styles should not be registered or enqueued until the <code>wp_enqueue_scripts</code>, <code>admin_enqueue_scripts</code>, or <code>login_enqueue_scripts</code> hooks. This notice was triggered by the <code>noticiero_de_portada_styles.css</code> handle. Please see <a href=\"https://developer.wordpress.org/advanced-administration/debug/debug-wordpress/\">Debugging in WordPress</a> for more information. (This message was added in version 3.3.0.) in /wordpress/wp-includes/functions.php on line 6121","log":"/logs/plugins/h/html-in-comments/error.json"}
,
{"message":"Function is_feed was called <strong>incorrectly</strong>. Conditional query tags do not work before the query is run. Before then, they always return false. Please see <a href=\"https://developer.wordpress.org/advanced-administration/debug/debug-wordpress/\">Debugging in WordPress</a> for more information. (This message was added in version 3.1.0.) in /wordpress/wp-includes/functions.php on line 6121","level":"NOTICE","type":"PHP","test":"ast-sqlite-boot","plugin":"html-in-comments","details":"[08-May-2025 03:20:08 UTC] PHP Notice:  Function is_feed was called <strong>incorrectly</strong>. Conditional query tags do not work before the query is run. Before then, they always return false. Please see <a href=\"https://developer.wordpress.org/advanced-administration/debug/debug-wordpress/\">Debugging in WordPress</a> for more information. (This message was added in version 3.1.0.) in /wordpress/wp-includes/functions.php on line 6121","log":"/logs/plugins/h/html-in-comments/error.json"}
,
{"message":"Function wp_enqueue_style was called <strong>incorrectly</strong>. Scripts and styles should not be registered or enqueued until the <code>wp_enqueue_scripts</code>, <code>admin_enqueue_scripts</code>, or <code>login_enqueue_scripts</code> hooks. This notice was triggered by the <code>noticiero_de_portada_styles.css</code> handle. Please see <a href=\"https://developer.wordpress.org/advanced-administration/debug/debug-wordpress/\">Debugging in WordPress</a> for more information. (This message was added in version 3.3.0.) in /wordpress/wp-includes/functions.php on line 6121","level":"NOTICE","type":"PHP","test":"ast-sqlite-boot","plugin":"html-in-comments","details":"[08-May-2025 03:20:18 UTC] PHP Notice:  Function wp_enqueue_style was called <strong>incorrectly</strong>. Scripts and styles should not be registered or enqueued until the <code>wp_enqueue_scripts</code>, <code>admin_enqueue_scripts</code>, or <code>login_enqueue_scripts</code> hooks. This notice was triggered by the <code>noticiero_de_portada_styles.css</code> handle. Please see <a href=\"https://developer.wordpress.org/advanced-administration/debug/debug-wordpress/\">Debugging in WordPress</a> for more information. (This message was added in version 3.3.0.) in /wordpress/wp-includes/functions.php on line 6121","log":"/logs/plugins/h/html-in-comments/error.json"}
,
{"message":"Function is_feed was called <strong>incorrectly</strong>. Conditional query tags do not work before the query is run. Before then, they always return false. Please see <a href=\"https://developer.wordpress.org/advanced-administration/debug/debug-wordpress/\">Debugging in WordPress</a> for more information. (This message was added in version 3.1.0.) in /wordpress/wp-includes/functions.php on line 6121","level":"NOTICE","type":"PHP","test":"ast-sqlite-boot","plugin":"html-in-comments","details":"[08-May-2025 03:20:18 UTC] PHP Notice:  Function is_feed was called <strong>incorrectly</strong>. Conditional query tags do not work before the query is run. Before then, they always return false. Please see <a href=\"https://developer.wordpress.org/advanced-administration/debug/debug-wordpress/\">Debugging in WordPress</a> for more information. (This message was added in version 3.1.0.) in /wordpress/wp-includes/functions.php on line 6121","log":"/logs/plugins/h/html-in-comments/error.json"}
,
{"message":"Undefined variable $hqcrm in /wordpress/wp-content/plugins/hq-goabroad/includes/utils.php on line 435","level":"WARNING","type":"PHP","test":"ast-sqlite-boot","plugin":"html-in-comments","details":"[08-May-2025 03:20:27 UTC] PHP Warning:  Undefined variable $hqcrm in /wordpress/wp-content/plugins/hq-goabroad/includes/utils.php on line 435","log":"/logs/plugins/h/html-in-comments/error.json"}
,
{"message":"Undefined variable $hqcrm in /wordpress/wp-content/plugins/hq-goabroad/includes/utils.php on line 435","level":"WARNING","type":"PHP","test":"ast-sqlite-boot","plugin":"html-in-comments","details":"[08-May-2025 03:20:39 UTC] PHP Warning:  Undefined variable $hqcrm in /wordpress/wp-content/plugins/hq-goabroad/includes/utils.php on line 435","log":"/logs/plugins/h/html-in-comments/error.json"}
,
{"message":"Undefined variable $hqcrm in /wordpress/wp-content/plugins/hq-goabroad/includes/utils.php on line 435","level":"WARNING","type":"PHP","test":"ast-sqlite-boot","plugin":"html-in-comments","details":"[08-May-2025 03:20:49 UTC] PHP Warning:  Undefined variable $hqcrm in /wordpress/wp-content/plugins/hq-goabroad/includes/utils.php on line 435","log":"/logs/plugins/h/html-in-comments/error.json"}
,
{"message":"Uncaught Error: Call to undefined function create_function() in /wordpress/wp-content/plugins/hoppening/classes/widget.php:98","level":"FATAL","type":"PHP","test":"ast-sqlite-boot","plugin":"html-in-comments","details":"[08-May-2025 03:21:28 UTC] PHP Fatal error:  Uncaught Error: Call to undefined function create_function() in /wordpress/wp-content/plugins/hoppening/classes/widget.php:98\nStack trace:\n#0 /wordpress/wp-content/plugins/hoppening/hoppening.php(32): require()\n#1 /wordpress/wp-admin/includes/plugin.php(2387): include_once('/wordpress/wp-c...')\n#2 /wordpress/wp-admin/includes/plugin.php(673): plugin_sandbox_scrape('hoppening/hoppe...')\n#3 /internal/eval.php(20): activate_plugin('hoppening/hoppe...')\n#4 {main}\n  thrown in /wordpress/wp-content/plugins/hoppening/classes/widget.php on line 98","log":"/logs/plugins/h/html-in-comments/error.json"}
,
{"message":"Uncaught Error: Call to undefined function create_function() in /wordpress/wp-content/plugins/hoppening/classes/widget.php:98","level":"FATAL","type":"PHP","test":"ast-sqlite-boot","plugin":"html-in-comments","details":"[08-May-2025 03:21:36 UTC] PHP Fatal error:  Uncaught Error: Call to undefined function create_function() in /wordpress/wp-content/plugins/hoppening/classes/widget.php:98\nStack trace:\n#0 /wordpress/wp-content/plugins/hoppening/hoppening.php(32): require()\n#1 /wordpress/wp-admin/includes/plugin.php(2387): include_once('/wordpress/wp-c...')\n#2 /wordpress/wp-admin/includes/plugin.php(673): plugin_sandbox_scrape('hoppening/hoppe...')\n#3 /internal/eval.php(20): activate_plugin('hoppening/hoppe...')\n#4 {main}\n  thrown in /wordpress/wp-content/plugins/hoppening/classes/widget.php on line 98","log":"/logs/plugins/h/html-in-comments/error.json"}
,
{"message":"Uncaught Error: Call to undefined function create_function() in /wordpress/wp-content/plugins/hoppening/classes/widget.php:98","level":"FATAL","type":"PHP","test":"ast-sqlite-boot","plugin":"html-in-comments","details":"[08-May-2025 03:21:44 UTC] PHP Fatal error:  Uncaught Error: Call to undefined function create_function() in /wordpress/wp-content/plugins/hoppening/classes/widget.php:98\nStack trace:\n#0 /wordpress/wp-content/plugins/hoppening/hoppening.php(32): require()\n#1 /wordpress/wp-admin/includes/plugin.php(2387): include_once('/wordpress/wp-c...')\n#2 /wordpress/wp-admin/includes/plugin.php(673): plugin_sandbox_scrape('hoppening/hoppe...')\n#3 /internal/eval.php(20): activate_plugin('hoppening/hoppe...')\n#4 {main}\n  thrown in /wordpress/wp-content/plugins/hoppening/classes/widget.php on line 98","log":"/logs/plugins/h/html-in-comments/error.json"}
,
{"message":"Uncaught ArgumentCountError: Too few arguments to function WP_Widget::__construct(), 0 passed in /wordpress/wp-includes/class-wp-widget-factory.php on line 62 and at least 2 expected in /wordpress/wp-includes/class-wp-widget.php:163","level":"FATAL","type":"PHP","test":"ast-sqlite-boot","plugin":"html-in-comments","details":"[08-May-2025 03:21:54 UTC] PHP Fatal error:  Uncaught ArgumentCountError: Too few arguments to function WP_Widget::__construct(), 0 passed in /wordpress/wp-includes/class-wp-widget-factory.php on line 62 and at least 2 expected in /wordpress/wp-includes/class-wp-widget.php:163\nStack trace:\n#0 /wordpress/wp-includes/class-wp-widget-factory.php(62): WP_Widget->__construct()\n#1 /wordpress/wp-includes/widgets.php(123): WP_Widget_Factory->register('Hosted_FTP_Widg...')\n#2 /wordpress/wp-content/plugins/hostedftp/hostedftp.php(41): register_widget('Hosted_FTP_Widg...')\n#3 /wordpress/wp-includes/class-wp-hook.php(324): hostedftp_load_widgets('')\n#4 /wordpress/wp-includes/class-wp-hook.php(348): WP_Hook->apply_filters(NULL, Array)\n#5 /wordpress/wp-includes/plugin.php(517): WP_Hook->do_action(Array)\n#6 /wordpress/wp-includes/widgets.php(1870): do_action('widgets_init')\n#7 /wordpress/wp-includes/class-wp-hook.php(324): wp_widgets_init('')\n#8 /wordpress/wp-includes/class-wp-hook.php(348): WP_Hook->apply_filters(NULL, Array)\n#9 /wordpress/wp-includes/plugin.php(517): WP_Hook->do_action(Array)\n#10 /wordpress/wp-settings.php(727): do_action('init')\n#11 /wordpress/wp-config.php(102): require_once('/wordpress/wp-s...')\n#12 /wordpress/wp-load.php(50): require_once('/wordpress/wp-c...')\n#13 /internal/eval.php(3): require_once('/wordpress/wp-l...')\n#14 {main}\n  thrown in /wordpress/wp-includes/class-wp-widget.php on line 163","log":"/logs/plugins/h/html-in-comments/error.json"}
,
{"message":"Uncaught ArgumentCountError: Too few arguments to function WP_Widget::__construct(), 0 passed in /wordpress/wp-includes/class-wp-widget-factory.php on line 62 and at least 2 expected in /wordpress/wp-includes/class-wp-widget.php:163","level":"FATAL","type":"PHP","test":"ast-sqlite-boot","plugin":"html-in-comments","details":"[08-May-2025 03:22:03 UTC] PHP Fatal error:  Uncaught ArgumentCountError: Too few arguments to function WP_Widget::__construct(), 0 passed in /wordpress/wp-includes/class-wp-widget-factory.php on line 62 and at least 2 expected in /wordpress/wp-includes/class-wp-widget.php:163\nStack trace:\n#0 /wordpress/wp-includes/class-wp-widget-factory.php(62): WP_Widget->__construct()\n#1 /wordpress/wp-includes/widgets.php(123): WP_Widget_Factory->register('Hosted_FTP_Widg...')\n#2 /wordpress/wp-content/plugins/hostedftp/hostedftp.php(41): register_widget('Hosted_FTP_Widg...')\n#3 /wordpress/wp-includes/class-wp-hook.php(324): hostedftp_load_widgets('')\n#4 /wordpress/wp-includes/class-wp-hook.php(348): WP_Hook->apply_filters(NULL, Array)\n#5 /wordpress/wp-includes/plugin.php(517): WP_Hook->do_action(Array)\n#6 /wordpress/wp-includes/widgets.php(1870): do_action('widgets_init')\n#7 /wordpress/wp-includes/class-wp-hook.php(324): wp_widgets_init('')\n#8 /wordpress/wp-includes/class-wp-hook.php(348): WP_Hook->apply_filters(NULL, Array)\n#9 /wordpress/wp-includes/plugin.php(517): WP_Hook->do_action(Array)\n#10 /wordpress/wp-settings.php(727): do_action('init')\n#11 /wordpress/wp-config.php(102): require_once('/wordpress/wp-s...')\n#12 /wordpress/wp-load.php(50): require_once('/wordpress/wp-c...')\n#13 /internal/eval.php(3): require_once('/wordpress/wp-l...')\n#14 {main}\n  thrown in /wordpress/wp-includes/class-wp-widget.php on line 163","log":"/logs/plugins/h/html-in-comments/error.json"}
,
{"message":"Uncaught ArgumentCountError: Too few arguments to function WP_Widget::__construct(), 0 passed in /wordpress/wp-includes/class-wp-widget-factory.php on line 62 and at least 2 expected in /wordpress/wp-includes/class-wp-widget.php:163","level":"FATAL","type":"PHP","test":"ast-sqlite-boot","plugin":"html-in-comments","details":"[08-May-2025 03:22:12 UTC] PHP Fatal error:  Uncaught ArgumentCountError: Too few arguments to function WP_Widget::__construct(), 0 passed in /wordpress/wp-includes/class-wp-widget-factory.php on line 62 and at least 2 expected in /wordpress/wp-includes/class-wp-widget.php:163\nStack trace:\n#0 /wordpress/wp-includes/class-wp-widget-factory.php(62): WP_Widget->__construct()\n#1 /wordpress/wp-includes/widgets.php(123): WP_Widget_Factory->register('Hosted_FTP_Widg...')\n#2 /wordpress/wp-content/plugins/hostedftp/hostedftp.php(41): register_widget('Hosted_FTP_Widg...')\n#3 /wordpress/wp-includes/class-wp-hook.php(324): hostedftp_load_widgets('')\n#4 /wordpress/wp-includes/class-wp-hook.php(348): WP_Hook->apply_filters(NULL, Array)\n#5 /wordpress/wp-includes/plugin.php(517): WP_Hook->do_action(Array)\n#6 /wordpress/wp-includes/widgets.php(1870): do_action('widgets_init')\n#7 /wordpress/wp-includes/class-wp-hook.php(324): wp_widgets_init('')\n#8 /wordpress/wp-includes/class-wp-hook.php(348): WP_Hook->apply_filters(NULL, Array)\n#9 /wordpress/wp-includes/plugin.php(517): WP_Hook->do_action(Array)\n#10 /wordpress/wp-settings.php(727): do_action('init')\n#11 /wordpress/wp-config.php(102): require_once('/wordpress/wp-s...')\n#12 /wordpress/wp-load.php(50): require_once('/wordpress/wp-c...')\n#13 /internal/eval.php(3): require_once('/wordpress/wp-l...')\n#14 {main}\n  thrown in /wordpress/wp-includes/class-wp-widget.php on line 163","log":"/logs/plugins/h/html-in-comments/error.json"}
,
{"message":"Uncaught Exception: SQLSTATE[HY000] [2002] Address family not supported by protocol in /wordpress/wp-content/plugins/hexreport-sales-analytics-for-woocommerce/vendor/codesvault/howdy-qb/src/Utilities.php:23","level":"FATAL","type":"PHP","test":"ast-sqlite-boot","plugin":"html-in-comments","details":"[08-May-2025 03:26:19 UTC] PHP Fatal error:  Uncaught Exception: SQLSTATE[HY000] [2002] Address family not supported by protocol in /wordpress/wp-content/plugins/hexreport-sales-analytics-for-woocommerce/vendor/codesvault/howdy-qb/src/Utilities.php:23\nStack trace:\n#0 /wordpress/wp-content/plugins/hexreport-sales-analytics-for-woocommerce/vendor/codesvault/howdy-qb/src/Connect.php(28): CodesVault\\Howdyqb\\Utilities::throughException(Object(PDOException))\n#1 /wordpress/wp-content/plugins/hexreport-sales-analytics-for-woocommerce/vendor/codesvault/howdy-qb/src/QueryFactory.php(32): CodesVault\\Howdyqb\\Connect::pdo()\n#2 /wordpress/wp-content/plugins/hexreport-sales-analytics-for-woocommerce/vendor/codesvault/howdy-qb/src/DB.php(30): CodesVault\\Howdyqb\\QueryFactory->__construct('pdo')\n#3 /wordpress/wp-content/plugins/hexreport-sales-analytics-for-woocommerce/database/Migrations/CacheMigration.php(16): CodesVault\\Howdyqb\\DB::create('hexreport_visit...')\n#4 /wordpress/wp-content/plugins/hexreport-sales-analytics-for-woocommerce/app/Core/Lib/SingleTon.php(12): HexReport\\Database\\Migrations\\CacheMigration->__construct()\n#5 /wordpress/wp-content/plugins/hexreport-sales-analytics-for-woocommerce/app/Services/ActivationService.php(23): HexReport\\Database\\Migrations\\CacheMigration::getInstance()\n#6 /wordpress/wp-includes/class-wp-hook.php(324): HexReport\\App\\Services\\ActivationService::activate(false)\n#7 /wordpress/wp-includes/class-wp-hook.php(348): WP_Hook->apply_filters('', Array)\n#8 /wordpress/wp-includes/plugin.php(517): WP_Hook->do_action(Array)\n#9 /wordpress/wp-admin/includes/plugin.php(703): do_action('activate_hexrep...', false)\n#10 /internal/eval.php(20): activate_plugin('hexreport-sales...')\n#11 {main}\n  thrown in /wordpress/wp-content/plugins/hexreport-sales-analytics-for-woocommerce/vendor/codesvault/howdy-qb/src/Utilities.php on line 23","log":"/logs/plugins/h/html-in-comments/error.json"}
,
{"message":"Uncaught Exception: SQLSTATE[HY000] [2002] Address family not supported by protocol in /wordpress/wp-content/plugins/hexreport-sales-analytics-for-woocommerce/vendor/codesvault/howdy-qb/src/Utilities.php:23","level":"FATAL","type":"PHP","test":"ast-sqlite-boot","plugin":"html-in-comments","details":"[08-May-2025 03:26:28 UTC] PHP Fatal error:  Uncaught Exception: SQLSTATE[HY000] [2002] Address family not supported by protocol in /wordpress/wp-content/plugins/hexreport-sales-analytics-for-woocommerce/vendor/codesvault/howdy-qb/src/Utilities.php:23\nStack trace:\n#0 /wordpress/wp-content/plugins/hexreport-sales-analytics-for-woocommerce/vendor/codesvault/howdy-qb/src/Connect.php(28): CodesVault\\Howdyqb\\Utilities::throughException(Object(PDOException))\n#1 /wordpress/wp-content/plugins/hexreport-sales-analytics-for-woocommerce/vendor/codesvault/howdy-qb/src/QueryFactory.php(32): CodesVault\\Howdyqb\\Connect::pdo()\n#2 /wordpress/wp-content/plugins/hexreport-sales-analytics-for-woocommerce/vendor/codesvault/howdy-qb/src/DB.php(30): CodesVault\\Howdyqb\\QueryFactory->__construct('pdo')\n#3 /wordpress/wp-content/plugins/hexreport-sales-analytics-for-woocommerce/database/Migrations/CacheMigration.php(16): CodesVault\\Howdyqb\\DB::create('hexreport_visit...')\n#4 /wordpress/wp-content/plugins/hexreport-sales-analytics-for-woocommerce/app/Core/Lib/SingleTon.php(12): HexReport\\Database\\Migrations\\CacheMigration->__construct()\n#5 /wordpress/wp-content/plugins/hexreport-sales-analytics-for-woocommerce/app/Services/ActivationService.php(23): HexReport\\Database\\Migrations\\CacheMigration::getInstance()\n#6 /wordpress/wp-includes/class-wp-hook.php(324): HexReport\\App\\Services\\ActivationService::activate(false)\n#7 /wordpress/wp-includes/class-wp-hook.php(348): WP_Hook->apply_filters('', Array)\n#8 /wordpress/wp-includes/plugin.php(517): WP_Hook->do_action(Array)\n#9 /wordpress/wp-admin/includes/plugin.php(703): do_action('activate_hexrep...', false)\n#10 /internal/eval.php(20): activate_plugin('hexreport-sales...')\n#11 {main}\n  thrown in /wordpress/wp-content/plugins/hexreport-sales-analytics-for-woocommerce/vendor/codesvault/howdy-qb/src/Utilities.php on line 23","log":"/logs/plugins/h/html-in-comments/error.json"}
,
{"message":"Uncaught Exception: SQLSTATE[HY000] [2002] Address family not supported by protocol in /wordpress/wp-content/plugins/hexreport-sales-analytics-for-woocommerce/vendor/codesvault/howdy-qb/src/Utilities.php:23","level":"FATAL","type":"PHP","test":"ast-sqlite-boot","plugin":"html-in-comments","details":"[08-May-2025 03:26:37 UTC] PHP Fatal error:  Uncaught Exception: SQLSTATE[HY000] [2002] Address family not supported by protocol in /wordpress/wp-content/plugins/hexreport-sales-analytics-for-woocommerce/vendor/codesvault/howdy-qb/src/Utilities.php:23\nStack trace:\n#0 /wordpress/wp-content/plugins/hexreport-sales-analytics-for-woocommerce/vendor/codesvault/howdy-qb/src/Connect.php(28): CodesVault\\Howdyqb\\Utilities::throughException(Object(PDOException))\n#1 /wordpress/wp-content/plugins/hexreport-sales-analytics-for-woocommerce/vendor/codesvault/howdy-qb/src/QueryFactory.php(32): CodesVault\\Howdyqb\\Connect::pdo()\n#2 /wordpress/wp-content/plugins/hexreport-sales-analytics-for-woocommerce/vendor/codesvault/howdy-qb/src/DB.php(30): CodesVault\\Howdyqb\\QueryFactory->__construct('pdo')\n#3 /wordpress/wp-content/plugins/hexreport-sales-analytics-for-woocommerce/database/Migrations/CacheMigration.php(16): CodesVault\\Howdyqb\\DB::create('hexreport_visit...')\n#4 /wordpress/wp-content/plugins/hexreport-sales-analytics-for-woocommerce/app/Core/Lib/SingleTon.php(12): HexReport\\Database\\Migrations\\CacheMigration->__construct()\n#5 /wordpress/wp-content/plugins/hexreport-sales-analytics-for-woocommerce/app/Services/ActivationService.php(23): HexReport\\Database\\Migrations\\CacheMigration::getInstance()\n#6 /wordpress/wp-includes/class-wp-hook.php(324): HexReport\\App\\Services\\ActivationService::activate(false)\n#7 /wordpress/wp-includes/class-wp-hook.php(348): WP_Hook->apply_filters('', Array)\n#8 /wordpress/wp-includes/plugin.php(517): WP_Hook->do_action(Array)\n#9 /wordpress/wp-admin/includes/plugin.php(703): do_action('activate_hexrep...', false)\n#10 /internal/eval.php(20): activate_plugin('hexreport-sales...')\n#11 {main}\n  thrown in /wordpress/wp-content/plugins/hexreport-sales-analytics-for-woocommerce/vendor/codesvault/howdy-qb/src/Utilities.php on line 23\n\n    at Object.onBind (file:///home/runner/work/playground-tester/playground-tester/node_modules/@wp-playground/cli/index.js:237:15)\n    at process.processTicksAndRejections (node:internal/process/task_queues:105:5)\n    at async V (file:///home/runner/work/playground-tester/playground-tester/node_modules/@wp-playground/cli/index.js:64:10)\n    at async ja (file:///home/runner/work/playground-tester/playground-tester/node_modules/@wp-playground/cli/cli.js:8161:12) {\n  [cause]: Error: Error when executing the blueprint step #5 ({\"step\":\"installPlugin\",\"pluginData\":{\"resource\":\"wordpress.org/plugins\",\"slug\":\"html-in-comments\"},\"options\":{\"activate\":true}}) : Could not download \"https://downloads.wordpress.org/plugin/html-in-comments.latest-stable.zip\".\n  \t\t\t\tCheck if the URL is correct and the server is reachable.\n  \t\t\t\tIf it is reachable, the server might be blocking the request.\n  \t\t\t\tCheck the browser console and network tabs for more information.\n  \n  \t\t\t\t## Does the console show the error \"No 'Access-Control-Allow-Origin' header\"?\n  \n  \t\t\t\tThis means the server that hosts your file does not allow requests from other sites\n  \t\t\t\t(cross-origin requests, or CORS).\tYou need to move the asset to a server that allows\n  \t\t\t\tcross-origin file downloads. Learn more about CORS at\n  \t\t\t\thttps://developer.mozilla.org/en-US/docs/Web/HTTP/CORS.\n  \n  \t\t\t\tIf your file is on GitHub, load it from \"raw.githubusercontent.com\".\n  \t\t\t\tHere's how to do that:\n  \n  \t\t\t\t1. Start with the original GitHub URL of the file. For example:\n  \t\t\t\thttps://github.com/username/repository/blob/branch/filename.\n  \t\t\t\t2. Replace \"github.com\" with \"raw.githubusercontent.com\".\n  \t\t\t\t3. Remove the \"/blob/\" part of the URL.\n  \n  \t\t\t\tThe resulting URL should look like this:\n  \t\t\t\thttps://raw.githubusercontent.com/username/repository/branch/filename\n  \n  \t\t\t\tError:\n  \t\t\t\tError: Could not download \"https://downloads.wordpress.org/plugin/html-in-comments.latest-stable.zip\"\n      at Object.run (file:///home/runner/work/playground-tester/playground-tester/node_modules/@wp-playground/blueprints/index.js:12449:19)\n      at process.processTicksAndRejections (node:internal/process/task_queues:105:5)\n      at async ms (file:///home/runner/work/playground-tester/playground-tester/node_modules/@wp-playground/blueprints/index.js:12552:3)\n      at async Object.onBind (file:///home/runner/work/playground-tester/playground-tester/node_modules/@wp-playground/cli/index.js:227:48)\n      at async V (file:///home/runner/work/playground-tester/playground-tester/node_modules/@wp-playground/cli/index.js:64:10)\n      at async ja (file:///home/runner/work/playground-tester/playground-tester/node_modules/@wp-playground/cli/cli.js:8161:12) {\n    [cause]: Error: Could not download \"https://downloads.wordpress.org/plugin/html-in-comments.latest-stable.zip\".\n    \t\t\t\tCheck if the URL is correct and the server is reachable.\n    \t\t\t\tIf it is reachable, the server might be blocking the request.\n    \t\t\t\tCheck the browser console and network tabs for more information.\n    \n    \t\t\t\t## Does the console show the error \"No 'Access-Control-Allow-Origin' header\"?\n    \n    \t\t\t\tThis means the server that hosts your file does not allow requests from other sites\n    \t\t\t\t(cross-origin requests, or CORS).\tYou need to move the asset to a server that allows\n    \t\t\t\tcross-origin file downloads. Learn more about CORS at\n    \t\t\t\thttps://developer.mozilla.org/en-US/docs/Web/HTTP/CORS.\n    \n    \t\t\t\tIf your file is on GitHub, load it from \"raw.githubusercontent.com\".\n    \t\t\t\tHere's how to do that:\n    \n    \t\t\t\t1. Start with the original GitHub URL of the file. For example:\n    \t\t\t\thttps://github.com/username/repository/blob/branch/filename.\n    \t\t\t\t2. Replace \"github.com\" with \"raw.githubusercontent.com\".\n    \t\t\t\t3. Remove the \"/blob/\" part of the URL.\n    \n    \t\t\t\tThe resulting URL should look like this:\n    \t\t\t\thttps://raw.githubusercontent.com/username/repository/branch/filename\n    \n    \t\t\t\tError:\n    \t\t\t\tError: Could not download \"https://downloads.wordpress.org/plugin/html-in-comments.latest-stable.zip\"\n        at Ct.resolve (file:///home/runner/work/playground-tester/playground-tester/node_modules/@wp-playground/blueprints/index.js:1472:13)\n        at process.processTicksAndRejections (node:internal/process/task_queues:105:5)\n        at async _.run (file:///home/runner/work/playground-tester/playground-tester/node_modules/@php-wasm/util/index.js:45:14)\n  }\n}\n\n","log":"/logs/plugins/h/html-in-comments/error.json"}
]
