file:///home/runner/work/playground-tester/playground-tester/node_modules/@wp-playground/cli/run-cli-j-geJYS3.js:325
        throw new Error($, { cause: h });
              ^

Error: [21-Jun-2025 18:53:23 UTC] PHP Notice:  Undefined index: REMOTE_ADDR in /wordpress/wp-content/plugins/dynamic-mailto/admin/field_helpers.php on line 24
[21-Jun-2025 18:53:23 UTC] PHP Fatal error:  Uncaught Exception: Invalid IP in /wordpress/wp-content/plugins/dynamic-mailto/vendor/murrelljenna/freegeoip-php-wrapper/FreeGeoIp.php:47
Stack trace:
#0 /wordpress/wp-content/plugins/dynamic-mailto/admin/field_helpers.php(42): FreeGeoIp->fetch(NULL)
#1 /wordpress/wp-content/plugins/dynamic-mailto/admin/field_loader.php(42): jmurrell\DynMailto\Field_Helpers::get_user_location()
#2 /wordpress/wp-content/plugins/dynamic-mailto/admin/field_loader.php(98): jmurrell\DynMailto\Field_Loader::init_static_fields()
#3 /wordpress/wp-content/plugins/dynamic-mailto/dyn-mailto-widget.php(50): include_once('/wordpress/wp-c...')
#4 /wordpress/wp-includes/class-wp-widget-factory.php(62): jmurrell\DynMailto\Widget->__construct()
#5 /wordpress/wp-includes/widgets.php(123): WP_Widget_Factory->register('jmurrell\\DynMai...')
#6 /wordpress/wp-content/plugins/dynamic-mailto/dyn-mailto.php(33): register_widget('jmurrell\\DynMai...')
#7 /wordpress/wp-includes/class-wp-hook.php(324): jmurrell\DynMailto\register_dyn_mailto_widget('')
# in /wordpress/wp-content/plugins/dynamic-mailto/vendor/murrelljenna/freegeoip-php-wrapper/FreeGeoIp.php on line 47
[21-Jun-2025 18:53:35 UTC] PHP Notice:  Undefined index: REMOTE_ADDR in /wordpress/wp-content/plugins/dynamic-mailto/admin/field_helpers.php on line 24
[21-Jun-2025 18:53:35 UTC] PHP Fatal error:  Uncaught Exception: Invalid IP in /wordpress/wp-content/plugins/dynamic-mailto/vendor/murrelljenna/freegeoip-php-wrapper/FreeGeoIp.php:47
Stack trace:
#0 /wordpress/wp-content/plugins/dynamic-mailto/admin/field_helpers.php(42): FreeGeoIp->fetch(NULL)
#1 /wordpress/wp-content/plugins/dynamic-mailto/admin/field_loader.php(42): jmurrell\DynMailto\Field_Helpers::get_user_location()
#2 /wordpress/wp-content/plugins/dynamic-mailto/admin/field_loader.php(98): jmurrell\DynMailto\Field_Loader::init_static_fields()
#3 /wordpress/wp-content/plugins/dynamic-mailto/dyn-mailto-widget.php(50): include_once('/wordpress/wp-c...')
#4 /wordpress/wp-includes/class-wp-widget-factory.php(62): jmurrell\DynMailto\Widget->__construct()
#5 /wordpress/wp-includes/widgets.php(123): WP_Widget_Factory->register('jmurrell\\DynMai...')
#6 /wordpress/wp-content/plugins/dynamic-mailto/dyn-mailto.php(33): register_widget('jmurrell\\DynMai...')
#7 /wordpress/wp-includes/class-wp-hook.php(324): jmurrell\DynMailto\register_dyn_mailto_widget('')
# in /wordpress/wp-content/plugins/dynamic-mailto/vendor/murrelljenna/freegeoip-php-wrapper/FreeGeoIp.php on line 47
[21-Jun-2025 18:53:47 UTC] PHP Notice:  Undefined index: REMOTE_ADDR in /wordpress/wp-content/plugins/dynamic-mailto/admin/field_helpers.php on line 24
[21-Jun-2025 18:53:47 UTC] PHP Fatal error:  Uncaught Exception: Invalid IP in /wordpress/wp-content/plugins/dynamic-mailto/vendor/murrelljenna/freegeoip-php-wrapper/FreeGeoIp.php:47
Stack trace:
#0 /wordpress/wp-content/plugins/dynamic-mailto/admin/field_helpers.php(42): FreeGeoIp->fetch(NULL)
#1 /wordpress/wp-content/plugins/dynamic-mailto/admin/field_loader.php(42): jmurrell\DynMailto\Field_Helpers::get_user_location()
#2 /wordpress/wp-content/plugins/dynamic-mailto/admin/field_loader.php(98): jmurrell\DynMailto\Field_Loader::init_static_fields()
#3 /wordpress/wp-content/plugins/dynamic-mailto/dyn-mailto-widget.php(50): include_once('/wordpress/wp-c...')
#4 /wordpress/wp-includes/class-wp-widget-factory.php(62): jmurrell\DynMailto\Widget->__construct()
#5 /wordpress/wp-includes/widgets.php(123): WP_Widget_Factory->register('jmurrell\\DynMai...')
#6 /wordpress/wp-content/plugins/dynamic-mailto/dyn-mailto.php(33): register_widget('jmurrell\\DynMai...')
#7 /wordpress/wp-includes/class-wp-hook.php(324): jmurrell\DynMailto\register_dyn_mailto_widget('')
# in /wordpress/wp-content/plugins/dynamic-mailto/vendor/murrelljenna/freegeoip-php-wrapper/FreeGeoIp.php on line 47
[21-Jun-2025 18:54:04 UTC] PHP Notice:  Function _load_textdomain_just_in_time was called <strong>incorrectly</strong>. Translation loading for the <code>camoo-cdn</code> domain was triggered too early. This is usually an indicator for some code in the plugin or theme running too early. Translations should be loaded at the <code>init</code> action or later. Please see <a href="https://developer.wordpress.org/advanced-administration/debug/debug-wordpress/">Debugging in WordPress</a> for more information. (This message was added in version 6.7.0.) in /wordpress/wp-includes/functions.php on line 6121
[21-Jun-2025 18:55:03 UTC] PHP Deprecated:  Required parameter $column_name follows optional parameter $empty in /wordpress/wp-content/plugins/category-subscriptions/includes/category_subscriptions_class.php on line 176
[21-Jun-2025 18:55:03 UTC] PHP Deprecated:  Required parameter $user_id follows optional parameter $empty in /wordpress/wp-content/plugins/category-subscriptions/includes/category_subscriptions_class.php on line 176
[21-Jun-2025 18:55:04 UTC] PHP Deprecated:  Required parameter $column_name follows optional parameter $empty in /wordpress/wp-content/plugins/category-subscriptions/includes/category_subscriptions_class.php on line 176
[21-Jun-2025 18:55:04 UTC] PHP Deprecated:  Required parameter $user_id follows optional parameter $empty in /wordpress/wp-content/plugins/category-subscriptions/includes/category_subscriptions_class.php on line 176
[21-Jun-2025 18:55:04 UTC] PHP Notice:  Function wp_register_style was called <strong>incorrectly</strong>. Scripts and styles should not be registered or enqueued until the <code>wp_enqueue_scripts</code>, <code>admin_enqueue_scripts</code>, or <code>login_enqueue_scripts</code> hooks. This notice was triggered by the <code>admin.css</code> handle. Please see <a href="https://developer.wordpress.org/advanced-administration/debug/debug-wordpress/">Debugging in WordPress</a> for more information. (This message was added in version 3.3.0.) in /wordpress/wp-includes/functions.php on line 6121
[21-Jun-2025 18:55:04 UTC] PHP Notice:  Function is_feed was called <strong>incorrectly</strong>. Conditional query tags do not work before the query is run. Before then, they always return false. Please see <a href="https://developer.wordpress.org/advanced-administration/debug/debug-wordpress/">Debugging in WordPress</a> for more information. (This message was added in version 3.1.0.) in /wordpress/wp-includes/functions.php on line 6121
[21-Jun-2025 18:55:04 UTC] PHP Notice:  Function wp_register_script was called <strong>incorrectly</strong>. Scripts and styles should not be registered or enqueued until the <code>wp_enqueue_scripts</code>, <code>admin_enqueue_scripts</code>, or <code>login_enqueue_scripts</code> hooks. This notice was triggered by the <code>jquery.cookie.js</code> handle. Please see <a href="https://developer.wordpress.org/advanced-administration/debug/debug-wordpress/">Debugging in WordPress</a> for more information. (This message was added in version 3.3.0.) in /wordpress/wp-includes/functions.php on line 6121
[21-Jun-2025 18:55:04 UTC] PHP Notice:  Function wp_register_script was called <strong>incorrectly</strong>. Scripts and styles should not be registered or enqueued until the <code>wp_enqueue_scripts</code>, <code>admin_enqueue_scripts</code>, or <code>login_enqueue_scripts</code> hooks. This notice was triggered by the <code>admin.js</code> handle. Please see <a href="https://developer.wordpress.org/advanced-administration/debug/debug-wordpress/">Debugging in WordPress</a> for more information. (This message was added in version 3.3.0.) in /wordpress/wp-includes/functions.php on line 6121
[21-Jun-2025 18:55:13 UTC] PHP Deprecated:  Required parameter $column_name follows optional parameter $empty in /wordpress/wp-content/plugins/category-subscriptions/includes/category_subscriptions_class.php on line 176
[21-Jun-2025 18:55:13 UTC] PHP Deprecated:  Required parameter $user_id follows optional parameter $empty in /wordpress/wp-content/plugins/category-subscriptions/includes/category_subscriptions_class.php on line 176
[21-Jun-2025 18:55:15 UTC] PHP Deprecated:  Required parameter $column_name follows optional parameter $empty in /wordpress/wp-content/plugins/category-subscriptions/includes/category_subscriptions_class.php on line 176
[21-Jun-2025 18:55:15 UTC] PHP Deprecated:  Required parameter $user_id follows optional parameter $empty in /wordpress/wp-content/plugins/category-subscriptions/includes/category_subscriptions_class.php on line 176
[21-Jun-2025 18:55:15 UTC] PHP Notice:  Function wp_register_style was called <strong>incorrectly</strong>. Scripts and styles should not be registered or enqueued until the <code>wp_enqueue_scripts</code>, <code>admin_enqueue_scripts</code>, or <code>login_enqueue_scripts</code> hooks. This notice was triggered by the <code>admin.css</code> handle. Please see <a href="https://developer.wordpress.org/advanced-administration/debug/debug-wordpress/">Debugging in WordPress</a> for more information. (This message was added in version 3.3.0.) in /wordpress/wp-includes/functions.php on line 6121
[21-Jun-2025 18:55:15 UTC] PHP Notice:  Function is_feed was called <strong>incorrectly</strong>. Conditional query tags do not work before the query is run. Before then, they always return false. Please see <a href="https://developer.wordpress.org/advanced-administration/debug/debug-wordpress/">Debugging in WordPress</a> for more information. (This message was added in version 3.1.0.) in /wordpress/wp-includes/functions.php on line 6121
[21-Jun-2025 18:55:15 UTC] PHP Notice:  Function wp_register_script was called <strong>incorrectly</strong>. Scripts and styles should not be registered or enqueued until the <code>wp_enqueue_scripts</code>, <code>admin_enqueue_scripts</code>, or <code>login_enqueue_scripts</code> hooks. This notice was triggered by the <code>jquery.cookie.js</code> handle. Please see <a href="https://developer.wordpress.org/advanced-administration/debug/debug-wordpress/">Debugging in WordPress</a> for more information. (This message was added in version 3.3.0.) in /wordpress/wp-includes/functions.php on line 6121
[21-Jun-2025 18:55:15 UTC] PHP Notice:  Function wp_register_script was called <strong>incorrectly</strong>. Scripts and styles should not be registered or enqueued until the <code>wp_enqueue_scripts</code>, <code>admin_enqueue_scripts</code>, or <code>login_enqueue_scripts</code> hooks. This notice was triggered by the <code>admin.js</code> handle. Please see <a href="https://developer.wordpress.org/advanced-administration/debug/debug-wordpress/">Debugging in WordPress</a> for more information. (This message was added in version 3.3.0.) in /wordpress/wp-includes/functions.php on line 6121
[21-Jun-2025 18:55:24 UTC] PHP Deprecated:  Required parameter $column_name follows optional parameter $empty in /wordpress/wp-content/plugins/category-subscriptions/includes/category_subscriptions_class.php on line 176
[21-Jun-2025 18:55:24 UTC] PHP Deprecated:  Required parameter $user_id follows optional parameter $empty in /wordpress/wp-content/plugins/category-subscriptions/includes/category_subscriptions_class.php on line 176
[21-Jun-2025 18:55:26 UTC] PHP Deprecated:  Required parameter $column_name follows optional parameter $empty in /wordpress/wp-content/plugins/category-subscriptions/includes/category_subscriptions_class.php on line 176
[21-Jun-2025 18:55:26 UTC] PHP Deprecated:  Required parameter $user_id follows optional parameter $empty in /wordpress/wp-content/plugins/category-subscriptions/includes/category_subscriptions_class.php on line 176
[21-Jun-2025 18:55:26 UTC] PHP Notice:  Function wp_register_style was called <strong>incorrectly</strong>. Scripts and styles should not be registered or enqueued until the <code>wp_enqueue_scripts</code>, <code>admin_enqueue_scripts</code>, or <code>login_enqueue_scripts</code> hooks. This notice was triggered by the <code>admin.css</code> handle. Please see <a href="https://developer.wordpress.org/advanced-administration/debug/debug-wordpress/">Debugging in WordPress</a> for more information. (This message was added in version 3.3.0.) in /wordpress/wp-includes/functions.php on line 6121
[21-Jun-2025 18:55:26 UTC] PHP Notice:  Function is_feed was called <strong>incorrectly</strong>. Conditional query tags do not work before the query is run. Before then, they always return false. Please see <a href="https://developer.wordpress.org/advanced-administration/debug/debug-wordpress/">Debugging in WordPress</a> for more information. (This message was added in version 3.1.0.) in /wordpress/wp-includes/functions.php on line 6121
[21-Jun-2025 18:55:26 UTC] PHP Notice:  Function wp_register_script was called <strong>incorrectly</strong>. Scripts and styles should not be registered or enqueued until the <code>wp_enqueue_scripts</code>, <code>admin_enqueue_scripts</code>, or <code>login_enqueue_scripts</code> hooks. This notice was triggered by the <code>jquery.cookie.js</code> handle. Please see <a href="https://developer.wordpress.org/advanced-administration/debug/debug-wordpress/">Debugging in WordPress</a> for more information. (This message was added in version 3.3.0.) in /wordpress/wp-includes/functions.php on line 6121
[21-Jun-2025 18:55:26 UTC] PHP Notice:  Function wp_register_script was called <strong>incorrectly</strong>. Scripts and styles should not be registered or enqueued until the <code>wp_enqueue_scripts</code>, <code>admin_enqueue_scripts</code>, or <code>login_enqueue_scripts</code> hooks. This notice was triggered by the <code>admin.js</code> handle. Please see <a href="https://developer.wordpress.org/advanced-administration/debug/debug-wordpress/">Debugging in WordPress</a> for more information. (This message was added in version 3.3.0.) in /wordpress/wp-includes/functions.php on line 6121
[21-Jun-2025 18:55:57 UTC] PHP Deprecated:  Required parameter $bg_color follows optional parameter $show_url in /wordpress/wp-content/plugins/cc-ontario-tax-calculator/cc-income-tax-on-layout.php on line 2
[21-Jun-2025 18:55:57 UTC] PHP Deprecated:  Required parameter $border_color follows optional parameter $show_url in /wordpress/wp-content/plugins/cc-ontario-tax-calculator/cc-income-tax-on-layout.php on line 2
[21-Jun-2025 18:55:57 UTC] PHP Deprecated:  Required parameter $text_color follows optional parameter $show_url in /wordpress/wp-content/plugins/cc-ontario-tax-calculator/cc-income-tax-on-layout.php on line 2
[21-Jun-2025 18:55:58 UTC] PHP Deprecated:  Required parameter $bg_color follows optional parameter $show_url in /wordpress/wp-content/plugins/cc-ontario-tax-calculator/cc-income-tax-on-layout.php on line 2
[21-Jun-2025 18:55:58 UTC] PHP Deprecated:  Required parameter $border_color follows optional parameter $show_url in /wordpress/wp-content/plugins/cc-ontario-tax-calculator/cc-income-tax-on-layout.php on line 2
[21-Jun-2025 18:55:58 UTC] PHP Deprecated:  Required parameter $text_color follows optional parameter $show_url in /wordpress/wp-content/plugins/cc-ontario-tax-calculator/cc-income-tax-on-layout.php on line 2
[21-Jun-2025 18:56:07 UTC] PHP Deprecated:  Required parameter $bg_color follows optional parameter $show_url in /wordpress/wp-content/plugins/cc-ontario-tax-calculator/cc-income-tax-on-layout.php on line 2
[21-Jun-2025 18:56:07 UTC] PHP Deprecated:  Required parameter $border_color follows optional parameter $show_url in /wordpress/wp-content/plugins/cc-ontario-tax-calculator/cc-income-tax-on-layout.php on line 2
[21-Jun-2025 18:56:07 UTC] PHP Deprecated:  Required parameter $text_color follows optional parameter $show_url in /wordpress/wp-content/plugins/cc-ontario-tax-calculator/cc-income-tax-on-layout.php on line 2
[21-Jun-2025 18:56:08 UTC] PHP Deprecated:  Required parameter $bg_color follows optional parameter $show_url in /wordpress/wp-content/plugins/cc-ontario-tax-calculator/cc-income-tax-on-layout.php on line 2
[21-Jun-2025 18:56:08 UTC] PHP Deprecated:  Required parameter $border_color follows optional parameter $show_url in /wordpress/wp-content/plugins/cc-ontario-tax-calculator/cc-income-tax-on-layout.php on line 2
[21-Jun-2025 18:56:08 UTC] PHP Deprecated:  Required parameter $text_color follows optional parameter $show_url in /wordpress/wp-content/plugins/cc-ontario-tax-calculator/cc-income-tax-on-layout.php on line 2
[21-Jun-2025 18:56:16 UTC] PHP Deprecated:  Required parameter $bg_color follows optional parameter $show_url in /wordpress/wp-content/plugins/cc-ontario-tax-calculator/cc-income-tax-on-layout.php on line 2
[21-Jun-2025 18:56:16 UTC] PHP Deprecated:  Required parameter $border_color follows optional parameter $show_url in /wordpress/wp-content/plugins/cc-ontario-tax-calculator/cc-income-tax-on-layout.php on line 2
[21-Jun-2025 18:56:16 UTC] PHP Deprecated:  Required parameter $text_color follows optional parameter $show_url in /wordpress/wp-content/plugins/cc-ontario-tax-calculator/cc-income-tax-on-layout.php on line 2
[21-Jun-2025 18:56:17 UTC] PHP Deprecated:  Required parameter $bg_color follows optional parameter $show_url in /wordpress/wp-content/plugins/cc-ontario-tax-calculator/cc-income-tax-on-layout.php on line 2
[21-Jun-2025 18:56:17 UTC] PHP Deprecated:  Required parameter $border_color follows optional parameter $show_url in /wordpress/wp-content/plugins/cc-ontario-tax-calculator/cc-income-tax-on-layout.php on line 2
[21-Jun-2025 18:56:17 UTC] PHP Deprecated:  Required parameter $text_color follows optional parameter $show_url in /wordpress/wp-content/plugins/cc-ontario-tax-calculator/cc-income-tax-on-layout.php on line 2
[21-Jun-2025 18:56:27 UTC] PHP Fatal error:  Uncaught Error: Class "WPCF7_ContactForm" not found in /wordpress/wp-content/plugins/cf7-pipedrive-integration/class/class-cf7-pipedrive-admin-settings.php:542
Stack trace:
#0 /wordpress/wp-content/plugins/cf7-pipedrive-integration/class/class-cf7-pipedrive-admin-settings.php(67): Cf7_Pipedrive_Admin_Settings->get_cf7_forms()
#1 /wordpress/wp-content/plugins/cf7-pipedrive-integration/class/class-cf7-pipedrive-admin-settings.php(59): Cf7_Pipedrive_Admin_Settings->__construct()
#2 /wordpress/wp-content/plugins/cf7-pipedrive-integration/class-cf7-pipedrive.php(47): Cf7_Pipedrive_Admin_Settings::get_instance()
#3 /wordpress/wp-content/plugins/cf7-pipedrive-integration/class-cf7-pipedrive.php(66): Cf7_Pipedrive->__construct()
#4 /wordpress/wp-includes/class-wp-hook.php(324): Cf7_Pipedrive::get_instance('')
#5 /wordpress/wp-includes/class-wp-hook.php(348): WP_Hook->apply_filters(NULL, Array)
#6 /wordpress/wp-includes/plugin.php(517): WP_Hook->do_action(Array)
#7 /wordpress/wp-settings.php(578): do_action('plugins_loaded')
#8 /wordpress/wp-config.php(102): require_once('/wordpress/wp-s...')
#9 /wordpress/wp-load.php(50): require_once('/wordpress/wp-c...')
#10 /internal/eval.php(3): require_once('/wordpress/wp-l...')
#11 {main}
  thrown in /wordpress/wp-content/plugins/cf7-pipedrive-integration/class/class-cf7-pipedrive-admin-settings.php on line 542
[21-Jun-2025 18:56:36 UTC] PHP Fatal error:  Uncaught Error: Class "WPCF7_ContactForm" not found in /wordpress/wp-content/plugins/cf7-pipedrive-integration/class/class-cf7-pipedrive-admin-settings.php:542
Stack trace:
#0 /wordpress/wp-content/plugins/cf7-pipedrive-integration/class/class-cf7-pipedrive-admin-settings.php(67): Cf7_Pipedrive_Admin_Settings->get_cf7_forms()
#1 /wordpress/wp-content/plugins/cf7-pipedrive-integration/class/class-cf7-pipedrive-admin-settings.php(59): Cf7_Pipedrive_Admin_Settings->__construct()
#2 /wordpress/wp-content/plugins/cf7-pipedrive-integration/class-cf7-pipedrive.php(47): Cf7_Pipedrive_Admin_Settings::get_instance()
#3 /wordpress/wp-content/plugins/cf7-pipedrive-integration/class-cf7-pipedrive.php(66): Cf7_Pipedrive->__construct()
#4 /wordpress/wp-includes/class-wp-hook.php(324): Cf7_Pipedrive::get_instance('')
#5 /wordpress/wp-includes/class-wp-hook.php(348): WP_Hook->apply_filters(NULL, Array)
#6 /wordpress/wp-includes/plugin.php(517): WP_Hook->do_action(Array)
#7 /wordpress/wp-settings.php(578): do_action('plugins_loaded')
#8 /wordpress/wp-config.php(102): require_once('/wordpress/wp-s...')
#9 /wordpress/wp-load.php(50): require_once('/wordpress/wp-c...')
#10 /internal/eval.php(3): require_once('/wordpress/wp-l...')
#11 {main}
  thrown in /wordpress/wp-content/plugins/cf7-pipedrive-integration/class/class-cf7-pipedrive-admin-settings.php on line 542
[21-Jun-2025 18:56:46 UTC] PHP Fatal error:  Uncaught Error: Class "WPCF7_ContactForm" not found in /wordpress/wp-content/plugins/cf7-pipedrive-integration/class/class-cf7-pipedrive-admin-settings.php:542
Stack trace:
#0 /wordpress/wp-content/plugins/cf7-pipedrive-integration/class/class-cf7-pipedrive-admin-settings.php(67): Cf7_Pipedrive_Admin_Settings->get_cf7_forms()
#1 /wordpress/wp-content/plugins/cf7-pipedrive-integration/class/class-cf7-pipedrive-admin-settings.php(59): Cf7_Pipedrive_Admin_Settings->__construct()
#2 /wordpress/wp-content/plugins/cf7-pipedrive-integration/class-cf7-pipedrive.php(47): Cf7_Pipedrive_Admin_Settings::get_instance()
#3 /wordpress/wp-content/plugins/cf7-pipedrive-integration/class-cf7-pipedrive.php(66): Cf7_Pipedrive->__construct()
#4 /wordpress/wp-includes/class-wp-hook.php(324): Cf7_Pipedrive::get_instance('')
#5 /wordpress/wp-includes/class-wp-hook.php(348): WP_Hook->apply_filters(NULL, Array)
#6 /wordpress/wp-includes/plugin.php(517): WP_Hook->do_action(Array)
#7 /wordpress/wp-settings.php(578): do_action('plugins_loaded')
#8 /wordpress/wp-config.php(102): require_once('/wordpress/wp-s...')
#9 /wordpress/wp-load.php(50): require_once('/wordpress/wp-c...')
#10 /internal/eval.php(3): require_once('/wordpress/wp-l...')
#11 {main}
  thrown in /wordpress/wp-content/plugins/cf7-pipedrive-integration/class/class-cf7-pipedrive-admin-settings.php on line 542
[21-Jun-2025 18:56:58 UTC] PHP Fatal error:  Uncaught Error: Typed property BeycanPress\Chainium\Models\User::$charset must not be accessed before initialization in /wordpress/wp-content/plugins/chainium/app/Models/TableCreator.php:53
Stack trace:
#0 /wordpress/wp-content/plugins/chainium/app/Models/User.php(62): BeycanPress\Chainium\Models\User->createTable()
#1 /wordpress/wp-content/plugins/chainium/app/Services/AbstractService.php(40): BeycanPress\Chainium\Models\User->__construct()
#2 /wordpress/wp-content/plugins/chainium/app/Services/Matching.php(16): BeycanPress\Chainium\Services\AbstractService->__construct()
#3 /wordpress/wp-includes/class-wp-hook.php(324): BeycanPress\Chainium\Services\Matching->BeycanPress\Chainium\Services\{closure}('')
#4 /wordpress/wp-includes/class-wp-hook.php(348): WP_Hook->apply_filters(NULL, Array)
#5 /wordpress/wp-includes/plugin.php(517): WP_Hook->do_action(Array)
#6 /wordpress/wp-settings.php(727): do_action('init')
#7 /wordpress/wp-config.php(102): require_once('/wordpress/wp-s...')
#8 /wordpress/wp-load.php(50): require_once('/wordpress/wp-c...')
#9 /internal/eval.php(3): require_once('/wordpress/wp-l...')
#10 {main}
  thrown in /wordpress/wp-content/plugins/chainium/app/Models/TableCreator.php on line 53
[21-Jun-2025 18:57:08 UTC] PHP Fatal error:  Uncaught Error: Typed property BeycanPress\Chainium\Models\User::$charset must not be accessed before initialization in /wordpress/wp-content/plugins/chainium/app/Models/TableCreator.php:53
Stack trace:
#0 /wordpress/wp-content/plugins/chainium/app/Models/User.php(62): BeycanPress\Chainium\Models\User->createTable()
#1 /wordpress/wp-content/plugins/chainium/app/Services/AbstractService.php(40): BeycanPress\Chainium\Models\User->__construct()
#2 /wordpress/wp-content/plugins/chainium/app/Services/Matching.php(16): BeycanPress\Chainium\Services\AbstractService->__construct()
#3 /wordpress/wp-includes/class-wp-hook.php(324): BeycanPress\Chainium\Services\Matching->BeycanPress\Chainium\Services\{closure}('')
#4 /wordpress/wp-includes/class-wp-hook.php(348): WP_Hook->apply_filters(NULL, Array)
#5 /wordpress/wp-includes/plugin.php(517): WP_Hook->do_action(Array)
#6 /wordpress/wp-settings.php(727): do_action('init')
#7 /wordpress/wp-config.php(102): require_once('/wordpress/wp-s...')
#8 /wordpress/wp-load.php(50): require_once('/wordpress/wp-c...')
#9 /internal/eval.php(3): require_once('/wordpress/wp-l...')
#10 {main}
  thrown in /wordpress/wp-content/plugins/chainium/app/Models/TableCreator.php on line 53
[21-Jun-2025 18:57:19 UTC] PHP Fatal error:  Uncaught Error: Typed property BeycanPress\Chainium\Models\User::$charset must not be accessed before initialization in /wordpress/wp-content/plugins/chainium/app/Models/TableCreator.php:53
Stack trace:
#0 /wordpress/wp-content/plugins/chainium/app/Models/User.php(62): BeycanPress\Chainium\Models\User->createTable()
#1 /wordpress/wp-content/plugins/chainium/app/Services/AbstractService.php(40): BeycanPress\Chainium\Models\User->__construct()
#2 /wordpress/wp-content/plugins/chainium/app/Services/Matching.php(16): BeycanPress\Chainium\Services\AbstractService->__construct()
#3 /wordpress/wp-includes/class-wp-hook.php(324): BeycanPress\Chainium\Services\Matching->BeycanPress\Chainium\Services\{closure}('')
#4 /wordpress/wp-includes/class-wp-hook.php(348): WP_Hook->apply_filters(NULL, Array)
#5 /wordpress/wp-includes/plugin.php(517): WP_Hook->do_action(Array)
#6 /wordpress/wp-settings.php(727): do_action('init')
#7 /wordpress/wp-config.php(102): require_once('/wordpress/wp-s...')
#8 /wordpress/wp-load.php(50): require_once('/wordpress/wp-c...')
#9 /internal/eval.php(3): require_once('/wordpress/wp-l...')
#10 {main}
  thrown in /wordpress/wp-content/plugins/chainium/app/Models/TableCreator.php on line 53
[21-Jun-2025 18:57:59 UTC] PHP Warning:  Trying to access array offset on value of type null in /wordpress/wp-content/plugins/chimppress/includes/class-MCAPI.php on line 2397
[21-Jun-2025 18:57:59 UTC] PHP Warning:  Trying to access array offset on value of type null in /wordpress/wp-content/plugins/chimppress/includes/class-MCAPI.php on line 2414
[21-Jun-2025 18:57:59 UTC] PHP Warning:  Undefined array key 1 in /wordpress/wp-content/plugins/chimppress/includes/class-MCAPI.php on line 2451
[21-Jun-2025 18:58:00 UTC] PHP Warning:  Trying to access array offset on value of type null in /wordpress/wp-content/plugins/chimppress/includes/class-MCAPI.php on line 2397
[21-Jun-2025 18:58:00 UTC] PHP Warning:  Trying to access array offset on value of type null in /wordpress/wp-content/plugins/chimppress/includes/class-MCAPI.php on line 2414
[21-Jun-2025 18:58:00 UTC] PHP Warning:  Undefined array key 1 in /wordpress/wp-content/plugins/chimppress/includes/class-MCAPI.php on line 2451
[21-Jun-2025 18:58:10 UTC] PHP Warning:  Trying to access array offset on value of type null in /wordpress/wp-content/plugins/chimppress/includes/class-MCAPI.php on line 2397
[21-Jun-2025 18:58:10 UTC] PHP Warning:  Trying to access array offset on value of type null in /wordpress/wp-content/plugins/chimppress/includes/class-MCAPI.php on line 2414
[21-Jun-2025 18:58:10 UTC] PHP Warning:  Undefined array key 1 in /wordpress/wp-content/plugins/chimppress/includes/class-MCAPI.php on line 2451
[21-Jun-2025 18:58:11 UTC] PHP Warning:  Trying to access array offset on value of type null in /wordpress/wp-content/plugins/chimppress/includes/class-MCAPI.php on line 2397
[21-Jun-2025 18:58:11 UTC] PHP Warning:  Trying to access array offset on value of type null in /wordpress/wp-content/plugins/chimppress/includes/class-MCAPI.php on line 2414
[21-Jun-2025 18:58:11 UTC] PHP Warning:  Undefined array key 1 in /wordpress/wp-content/plugins/chimppress/includes/class-MCAPI.php on line 2451
[21-Jun-2025 18:58:20 UTC] PHP Warning:  Trying to access array offset on value of type null in /wordpress/wp-content/plugins/chimppress/includes/class-MCAPI.php on line 2397
[21-Jun-2025 18:58:20 UTC] PHP Warning:  Trying to access array offset on value of type null in /wordpress/wp-content/plugins/chimppress/includes/class-MCAPI.php on line 2414
[21-Jun-2025 18:58:20 UTC] PHP Warning:  Undefined array key 1 in /wordpress/wp-content/plugins/chimppress/includes/class-MCAPI.php on line 2451
[21-Jun-2025 18:58:21 UTC] PHP Warning:  Trying to access array offset on value of type null in /wordpress/wp-content/plugins/chimppress/includes/class-MCAPI.php on line 2397
[21-Jun-2025 18:58:21 UTC] PHP Warning:  Trying to access array offset on value of type null in /wordpress/wp-content/plugins/chimppress/includes/class-MCAPI.php on line 2414
[21-Jun-2025 18:58:21 UTC] PHP Warning:  Undefined array key 1 in /wordpress/wp-content/plugins/chimppress/includes/class-MCAPI.php on line 2451
[21-Jun-2025 19:00:32 UTC] PHP Fatal error:  Uncaught Error: Undefined constant "action" in /wordpress/wp-content/plugins/comment-text/cjd_comment_text.php:11
Stack trace:
#0 /wordpress/wp-admin/includes/plugin.php(2387): include_once()
#1 /wordpress/wp-admin/includes/plugin.php(673): plugin_sandbox_scrape('comment-text/cj...')
#2 /internal/eval.php(20): activate_plugin('comment-text/cj...')
#3 {main}
  thrown in /wordpress/wp-content/plugins/comment-text/cjd_comment_text.php on line 11
[21-Jun-2025 19:00:41 UTC] PHP Fatal error:  Uncaught Error: Undefined constant "action" in /wordpress/wp-content/plugins/comment-text/cjd_comment_text.php:11
Stack trace:
#0 /wordpress/wp-admin/includes/plugin.php(2387): include_once()
#1 /wordpress/wp-admin/includes/plugin.php(673): plugin_sandbox_scrape('comment-text/cj...')
#2 /internal/eval.php(20): activate_plugin('comment-text/cj...')
#3 {main}
  thrown in /wordpress/wp-content/plugins/comment-text/cjd_comment_text.php on line 11
[21-Jun-2025 19:00:49 UTC] PHP Fatal error:  Uncaught Error: Undefined constant "action" in /wordpress/wp-content/plugins/comment-text/cjd_comment_text.php:11
Stack trace:
#0 /wordpress/wp-admin/includes/plugin.php(2387): include_once()
#1 /wordpress/wp-admin/includes/plugin.php(673): plugin_sandbox_scrape('comment-text/cj...')
#2 /internal/eval.php(20): activate_plugin('comment-text/cj...')
#3 {main}
  thrown in /wordpress/wp-content/plugins/comment-text/cjd_comment_text.php on line 11

    at Object.onBind (file:///home/runner/work/playground-tester/playground-tester/node_modules/@wp-playground/cli/run-cli-j-geJYS3.js:325:15)
    at process.processTicksAndRejections (node:internal/process/task_queues:105:5)
    at async re (file:///home/runner/work/playground-tester/playground-tester/node_modules/@wp-playground/cli/run-cli-j-geJYS3.js:149:10) {
  [cause]: Error: Error when executing the blueprint step #1 ({"step":"installPlugin","pluginData":{"resource":"wordpress.org/plugins","slug":"comment-text"},"options":{"activate":true}}) : PHP.run() failed with exit code 255 and the following output: 
      at Object.run (file:///home/runner/work/playground-tester/playground-tester/node_modules/@wp-playground/blueprints/index.js:12093:19)
      at process.processTicksAndRejections (node:internal/process/task_queues:105:5)
      at async ys (file:///home/runner/work/playground-tester/playground-tester/node_modules/@wp-playground/blueprints/index.js:12196:3)
      at async Object.onBind (file:///home/runner/work/playground-tester/playground-tester/node_modules/@wp-playground/cli/run-cli-j-geJYS3.js:315:48)
      at async re (file:///home/runner/work/playground-tester/playground-tester/node_modules/@wp-playground/cli/run-cli-j-geJYS3.js:149:10) {
    [cause]: PHPExecutionFailureError: PHP.run() failed with exit code 255 and the following output: 
        at PHP.run (file:///home/runner/work/playground-tester/playground-tester/node_modules/@php-wasm/universal/index.js:1034:19)
        at process.processTicksAndRejections (node:internal/process/task_queues:105:5)
        at async wr (file:///home/runner/work/playground-tester/playground-tester/node_modules/@wp-playground/blueprints/index.js:34:39)
        at async Object.gt [as installPlugin] (file:///home/runner/work/playground-tester/playground-tester/node_modules/@wp-playground/blueprints/index.js:631:42)
        at async g (file:///home/runner/work/playground-tester/playground-tester/node_modules/@wp-playground/blueprints/index.js:12161:30)
        at async Object.run (file:///home/runner/work/playground-tester/playground-tester/node_modules/@wp-playground/blueprints/index.js:12090:23)
        at async ys (file:///home/runner/work/playground-tester/playground-tester/node_modules/@wp-playground/blueprints/index.js:12196:3)
        at async Object.onBind (file:///home/runner/work/playground-tester/playground-tester/node_modules/@wp-playground/cli/run-cli-j-geJYS3.js:315:48)
        at async re (file:///home/runner/work/playground-tester/playground-tester/node_modules/@wp-playground/cli/run-cli-j-geJYS3.js:149:10) {
      response: PHPResponse {
        httpStatusCode: 500,
        headers: {
          'x-powered-by': [ 'PHP/8.0.30-dev' ],
          'content-type': [ 'text/html; charset=UTF-8' ]
        },
        bytes: Uint8Array(0) [],
        exitCode: 255,
        errors: ''
      },
      source: 'request'
    }
  }
}

Node.js v23.11.0
