file:///home/runner/work/playground-tester/playground-tester/node_modules/@wp-playground/cli/index.js:237
        throw new Error(y, { cause: u });
              ^

Error: [18-May-2025 07:47:23 UTC] PHP Warning:  Undefined array key "DOCUMENT_ROOT" in /wordpress/wp-content/plugins/wp-portability/wp-portability.php on line 65
[18-May-2025 07:47:23 UTC] PHP Warning:  Undefined array key "DOCUMENT_ROOT" in /wordpress/wp-content/plugins/wp-portability/wp-portability.php on line 65
[18-May-2025 07:47:28 UTC] PHP Warning:  Undefined array key "DOCUMENT_ROOT" in /wordpress/wp-content/plugins/wp-portability/wp-portability.php on line 65
[18-May-2025 07:47:29 UTC] PHP Warning:  Undefined array key "DOCUMENT_ROOT" in /wordpress/wp-content/plugins/wp-portability/wp-portability.php on line 65
[18-May-2025 07:47:48 UTC] PHP Fatal error:  Uncaught TypeError: get_object_vars(): Argument #1 ($object) must be of type object, bool given in /wordpress/wp-includes/class-wpdb.php:3181
Stack trace:
#0 /wordpress/wp-includes/class-wpdb.php(3181): get_object_vars(true)
#1 /wordpress/wp-content/plugins/wp-power-stats/admin/wp-power-stats-admin.php(259): wpdb->get_results('SHOW VARIABLES ...', 'ARRAY_A')
#2 /wordpress/wp-content/plugins/wp-power-stats/admin/wp-power-stats-admin.php(208): PowerStatsAdmin::init_tables(Object(WP_SQLite_DB))
#3 /wordpress/wp-includes/class-wp-hook.php(324): PowerStatsAdmin::activate(false)
#4 /wordpress/wp-includes/class-wp-hook.php(348): WP_Hook->apply_filters('', Array)
#5 /wordpress/wp-includes/plugin.php(517): WP_Hook->do_action(Array)
#6 /wordpress/wp-admin/includes/plugin.php(703): do_action('activate_wp-pow...', false)
#7 /internal/eval.php(20): activate_plugin('wp-power-stats/...')
#8 {main}
  thrown in /wordpress/wp-includes/class-wpdb.php on line 3181
[18-May-2025 07:47:50 UTC] PHP Fatal error:  Uncaught TypeError: get_object_vars(): Argument #1 ($object) must be of type object, bool given in /wordpress/wp-includes/class-wpdb.php:3181
Stack trace:
#0 /wordpress/wp-includes/class-wpdb.php(3181): get_object_vars(true)
#1 /wordpress/wp-content/plugins/wp-power-stats/admin/wp-power-stats-admin.php(259): wpdb->get_results('SHOW VARIABLES ...', 'ARRAY_A')
#2 /wordpress/wp-content/plugins/wp-power-stats/admin/wp-power-stats-admin.php(208): PowerStatsAdmin::init_tables(Object(WP_SQLite_DB))
#3 /wordpress/wp-includes/class-wp-hook.php(324): PowerStatsAdmin::activate(false)
#4 /wordpress/wp-includes/class-wp-hook.php(348): WP_Hook->apply_filters('', Array)
#5 /wordpress/wp-includes/plugin.php(517): WP_Hook->do_action(Array)
#6 /wordpress/wp-admin/includes/plugin.php(703): do_action('activate_wp-pow...', false)
#7 /internal/eval.php(20): activate_plugin('wp-power-stats/...')
#8 {main}
  thrown in /wordpress/wp-includes/class-wpdb.php on line 3181
[18-May-2025 07:48:34 UTC] PHP Warning:  The magic method RainbowHilite\Core\Singleton::__wakeup() must have public visibility in /wordpress/wp-content/plugins/wp-rainbow-hilite/include/RainbowHilite/Core/Singleton.php on line 28
[18-May-2025 07:48:35 UTC] PHP Warning:  The magic method RainbowHilite\Core\Singleton::__wakeup() must have public visibility in /wordpress/wp-content/plugins/wp-rainbow-hilite/include/RainbowHilite/Core/Singleton.php on line 28
[18-May-2025 07:48:43 UTC] PHP Warning:  The magic method RainbowHilite\Core\Singleton::__wakeup() must have public visibility in /wordpress/wp-content/plugins/wp-rainbow-hilite/include/RainbowHilite/Core/Singleton.php on line 28
[18-May-2025 07:48:43 UTC] PHP Warning:  The magic method RainbowHilite\Core\Singleton::__wakeup() must have public visibility in /wordpress/wp-content/plugins/wp-rainbow-hilite/include/RainbowHilite/Core/Singleton.php on line 28
[18-May-2025 07:49:32 UTC] PHP Warning:  Undefined array key "REMOTE_ADDR" in /wordpress/wp-content/plugins/wp-safe-mode/wp-safe-mode-loader.php on line 161
[18-May-2025 07:49:42 UTC] PHP Warning:  Undefined array key "REMOTE_ADDR" in /wordpress/wp-content/plugins/wp-safe-mode/wp-safe-mode-loader.php on line 161
[18-May-2025 07:51:30 UTC] PHP Deprecated:  Required parameter $wrapper follows optional parameter $type in /wordpress/wp-content/plugins/wgauge/freemius/includes/class-fs-logger.php on line 145
[18-May-2025 07:51:32 UTC] PHP Deprecated:  Required parameter $wrapper follows optional parameter $type in /wordpress/wp-content/plugins/wgauge/freemius/includes/class-fs-logger.php on line 145
[18-May-2025 07:51:40 UTC] PHP Deprecated:  Required parameter $wrapper follows optional parameter $type in /wordpress/wp-content/plugins/wgauge/freemius/includes/class-fs-logger.php on line 145
[18-May-2025 07:51:42 UTC] PHP Deprecated:  Required parameter $wrapper follows optional parameter $type in /wordpress/wp-content/plugins/wgauge/freemius/includes/class-fs-logger.php on line 145
[18-May-2025 07:51:49 UTC] PHP Deprecated:  Required parameter $wrapper follows optional parameter $type in /wordpress/wp-content/plugins/wgauge/freemius/includes/class-fs-logger.php on line 145
[18-May-2025 07:51:50 UTC] PHP Deprecated:  Required parameter $wrapper follows optional parameter $type in /wordpress/wp-content/plugins/wgauge/freemius/includes/class-fs-logger.php on line 145
[18-May-2025 07:59:24 UTC] PHP Warning:  require(api/dreamhost_api.class.php): Failed to open stream: No such file or directory in /wordpress/wp-content/plugins/wp-dreamlists/frontend_interface.php on line 6
[18-May-2025 07:59:24 UTC] PHP Fatal error:  Uncaught Error: Failed opening required 'api/dreamhost_api.class.php' (include_path='.:') in /wordpress/wp-content/plugins/wp-dreamlists/frontend_interface.php:6
Stack trace:
#0 /wordpress/wp-content/plugins/wp-dreamlists/dreamhost_subscribers.php(13): require()
#1 /wordpress/wp-admin/includes/plugin.php(2387): include_once('/wordpress/wp-c...')
#2 /wordpress/wp-admin/includes/plugin.php(673): plugin_sandbox_scrape('wp-dreamlists/d...')
#3 /internal/eval.php(20): activate_plugin('wp-dreamlists/d...')
#4 {main}
  thrown in /wordpress/wp-content/plugins/wp-dreamlists/frontend_interface.php on line 6
[18-May-2025 07:59:27 UTC] PHP Warning:  require(api/dreamhost_api.class.php): Failed to open stream: No such file or directory in /wordpress/wp-content/plugins/wp-dreamlists/frontend_interface.php on line 6
[18-May-2025 07:59:27 UTC] PHP Fatal error:  Uncaught Error: Failed opening required 'api/dreamhost_api.class.php' (include_path='.:') in /wordpress/wp-content/plugins/wp-dreamlists/frontend_interface.php:6
Stack trace:
#0 /wordpress/wp-content/plugins/wp-dreamlists/dreamhost_subscribers.php(13): require()
#1 /wordpress/wp-admin/includes/plugin.php(2387): include_once('/wordpress/wp-c...')
#2 /wordpress/wp-admin/includes/plugin.php(673): plugin_sandbox_scrape('wp-dreamlists/d...')
#3 /internal/eval.php(20): activate_plugin('wp-dreamlists/d...')
#4 {main}
  thrown in /wordpress/wp-content/plugins/wp-dreamlists/frontend_interface.php on line 6
[18-May-2025 07:59:32 UTC] PHP Warning:  require(api/dreamhost_api.class.php): Failed to open stream: No such file or directory in /wordpress/wp-content/plugins/wp-dreamlists/frontend_interface.php on line 6
[18-May-2025 07:59:32 UTC] PHP Fatal error:  Uncaught Error: Failed opening required 'api/dreamhost_api.class.php' (include_path='.:') in /wordpress/wp-content/plugins/wp-dreamlists/frontend_interface.php:6
Stack trace:
#0 /wordpress/wp-content/plugins/wp-dreamlists/dreamhost_subscribers.php(13): require()
#1 /wordpress/wp-admin/includes/plugin.php(2387): include_once('/wordpress/wp-c...')
#2 /wordpress/wp-admin/includes/plugin.php(673): plugin_sandbox_scrape('wp-dreamlists/d...')
#3 /internal/eval.php(20): activate_plugin('wp-dreamlists/d...')
#4 {main}
  thrown in /wordpress/wp-content/plugins/wp-dreamlists/frontend_interface.php on line 6
[18-May-2025 07:59:48 UTC] PHP Fatal error:  Uncaught Exception: mCrypt extension seems not to be installed in /wordpress/wp-content/plugins/wp-faucet-direct/lib/block_io.php:11
Stack trace:
#0 /wordpress/wp-content/plugins/wp-faucet-direct/wp-faucet-direct.php(17): require_once()
#1 /wordpress/wp-admin/includes/plugin.php(2387): include_once('/wordpress/wp-c...')
#2 /wordpress/wp-admin/includes/plugin.php(673): plugin_sandbox_scrape('wp-faucet-direc...')
#3 /internal/eval.php(20): activate_plugin('wp-faucet-direc...')
#4 {main}
  thrown in /wordpress/wp-content/plugins/wp-faucet-direct/lib/block_io.php on line 11
[18-May-2025 07:59:52 UTC] PHP Fatal error:  Uncaught Exception: mCrypt extension seems not to be installed in /wordpress/wp-content/plugins/wp-faucet-direct/lib/block_io.php:11
Stack trace:
#0 /wordpress/wp-content/plugins/wp-faucet-direct/wp-faucet-direct.php(17): require_once()
#1 /wordpress/wp-admin/includes/plugin.php(2387): include_once('/wordpress/wp-c...')
#2 /wordpress/wp-admin/includes/plugin.php(673): plugin_sandbox_scrape('wp-faucet-direc...')
#3 /internal/eval.php(20): activate_plugin('wp-faucet-direc...')
#4 {main}
  thrown in /wordpress/wp-content/plugins/wp-faucet-direct/lib/block_io.php on line 11
[18-May-2025 08:00:51 UTC] PHP Warning:  Trying to access array offset on value of type bool in /wordpress/wp-content/plugins/w2ski-widget/includes/class-w2ski-widget.php on line 28
[18-May-2025 08:00:55 UTC] PHP Warning:  Trying to access array offset on value of type bool in /wordpress/wp-content/plugins/w2ski-widget/includes/class-w2ski-widget.php on line 28

    at Object.onBind (file:///home/runner/work/playground-tester/playground-tester/node_modules/@wp-playground/cli/index.js:237:15)
    at process.processTicksAndRejections (node:internal/process/task_queues:105:5)
    at async V (file:///home/runner/work/playground-tester/playground-tester/node_modules/@wp-playground/cli/index.js:64:10)
    at async ja (file:///home/runner/work/playground-tester/playground-tester/node_modules/@wp-playground/cli/cli.js:8161:12) {
  [cause]: Error: Error when executing the blueprint step #1 ({"step":"installPlugin","pluginData":{"resource":"url","url":"https://github-proxy.com/proxy/?repo=Automattic/sqlite-database-integration&branch=develop"},"options":{"activate":false}}) : Could not download "https://github-proxy.com/proxy/?repo=Automattic/sqlite-database-integration&branch=develop".
  				Check if the URL is correct and the server is reachable.
  				If it is reachable, the server might be blocking the request.
  				Check the browser console and network tabs for more information.
  
  				## Does the console show the error "No 'Access-Control-Allow-Origin' header"?
  
  				This means the server that hosts your file does not allow requests from other sites
  				(cross-origin requests, or CORS).	You need to move the asset to a server that allows
  				cross-origin file downloads. Learn more about CORS at
  				https://developer.mozilla.org/en-US/docs/Web/HTTP/CORS.
  
  				If your file is on GitHub, load it from "raw.githubusercontent.com".
  				Here's how to do that:
  
  				1. Start with the original GitHub URL of the file. For example:
  				https://github.com/username/repository/blob/branch/filename.
  				2. Replace "github.com" with "raw.githubusercontent.com".
  				3. Remove the "/blob/" part of the URL.
  
  				The resulting URL should look like this:
  				https://raw.githubusercontent.com/username/repository/branch/filename
  
  				Error:
  				TypeError: fetch failed
      at Object.run (file:///home/runner/work/playground-tester/playground-tester/node_modules/@wp-playground/blueprints/index.js:12449:19)
      at process.processTicksAndRejections (node:internal/process/task_queues:105:5)
      at async ms (file:///home/runner/work/playground-tester/playground-tester/node_modules/@wp-playground/blueprints/index.js:12552:3)
      at async Object.onBind (file:///home/runner/work/playground-tester/playground-tester/node_modules/@wp-playground/cli/index.js:227:48)
      at async V (file:///home/runner/work/playground-tester/playground-tester/node_modules/@wp-playground/cli/index.js:64:10)
      at async ja (file:///home/runner/work/playground-tester/playground-tester/node_modules/@wp-playground/cli/cli.js:8161:12) {
    [cause]: Error: Could not download "https://github-proxy.com/proxy/?repo=Automattic/sqlite-database-integration&branch=develop".
    				Check if the URL is correct and the server is reachable.
    				If it is reachable, the server might be blocking the request.
    				Check the browser console and network tabs for more information.
    
    				## Does the console show the error "No 'Access-Control-Allow-Origin' header"?
    
    				This means the server that hosts your file does not allow requests from other sites
    				(cross-origin requests, or CORS).	You need to move the asset to a server that allows
    				cross-origin file downloads. Learn more about CORS at
    				https://developer.mozilla.org/en-US/docs/Web/HTTP/CORS.
    
    				If your file is on GitHub, load it from "raw.githubusercontent.com".
    				Here's how to do that:
    
    				1. Start with the original GitHub URL of the file. For example:
    				https://github.com/username/repository/blob/branch/filename.
    				2. Replace "github.com" with "raw.githubusercontent.com".
    				3. Remove the "/blob/" part of the URL.
    
    				The resulting URL should look like this:
    				https://raw.githubusercontent.com/username/repository/branch/filename
    
    				Error:
    				TypeError: fetch failed
        at Ft.resolve (file:///home/runner/work/playground-tester/playground-tester/node_modules/@wp-playground/blueprints/index.js:1472:13)
        at process.processTicksAndRejections (node:internal/process/task_queues:105:5)
        at async _.run (file:///home/runner/work/playground-tester/playground-tester/node_modules/@php-wasm/util/index.js:45:14)
  }
}

Node.js v23.11.0
