[
  {
    "message": "file:///home/runner/work/playground-tester/playground-tester/node_modules/@wp-playground/cli/index.js:237\n        throw new Error(y, { cause: u });\n              ^\n",
    "level": "FATAL",
    "type": "PLAYGROUND",
    "test": "ast-sqlite-boot",
    "plugin": "wp-internetvista",
    "details": "file:///home/runner/work/playground-tester/playground-tester/node_modules/@wp-playground/cli/index.js:237\n        throw new Error(y, { cause: u });\n              ^\n",
    "log": "/tmp/tmp.5cW3ZOyjFb"
  },
  {
    "message": "The use statement with non-compound name 'Exception' has no effect in /wordpress/wp-content/plugins/wl-wc-newsletter/db/upgrade_to_1_1.php on line 5",
    "level": "WARNING",
    "type": "PHP",
    "test": "ast-sqlite-boot",
    "plugin": "wp-internetvista",
    "details": "[13-Apr-2025 02:07:43 UTC] PHP Warning:  The use statement with non-compound name 'Exception' has no effect in /wordpress/wp-content/plugins/wl-wc-newsletter/db/upgrade_to_1_1.php on line 5",
    "log": "/logs/plugins/w/wp-internetvista/error.json"
  },
  {
    "message": "The use statement with non-compound name 'PDOException' has no effect in /wordpress/wp-content/plugins/wl-wc-newsletter/db/upgrade_to_1_1.php on line 6",
    "level": "WARNING",
    "type": "PHP",
    "test": "ast-sqlite-boot",
    "plugin": "wp-internetvista",
    "details": "[13-Apr-2025 02:07:43 UTC] PHP Warning:  The use statement with non-compound name 'PDOException' has no effect in /wordpress/wp-content/plugins/wl-wc-newsletter/db/upgrade_to_1_1.php on line 6",
    "log": "/logs/plugins/w/wp-internetvista/error.json"
  },
  {
    "message": "The use statement with non-compound name 'PDO' has no effect in /wordpress/wp-content/plugins/wl-wc-newsletter/db/upgrade_to_1_1.php on line 7",
    "level": "WARNING",
    "type": "PHP",
    "test": "ast-sqlite-boot",
    "plugin": "wp-internetvista",
    "details": "[13-Apr-2025 02:07:43 UTC] PHP Warning:  The use statement with non-compound name 'PDO' has no effect in /wordpress/wp-content/plugins/wl-wc-newsletter/db/upgrade_to_1_1.php on line 7",
    "log": "/logs/plugins/w/wp-internetvista/error.json"
  },
  {
    "message": "Uncaught PDOException: SQLSTATE[HY000] [2002] Address family not supported by protocol in /wordpress/wp-content/plugins/wl-wc-newsletter/db/upgrade_to_1_1.php:20",
    "level": "FATAL",
    "type": "PHP",
    "test": "ast-sqlite-boot",
    "plugin": "wp-internetvista",
    "details": "[13-Apr-2025 02:07:43 UTC] PHP Fatal error:  Uncaught PDOException: SQLSTATE[HY000] [2002] Address family not supported by protocol in /wordpress/wp-content/plugins/wl-wc-newsletter/db/upgrade_to_1_1.php:20\nStack trace:\n#0 /wordpress/wp-content/plugins/wl-wc-newsletter/db/upgrade_to_1_1.php(20): PDO->__construct('mysql:host=loca...', 'username_here', 'password_here')\n#1 /wordpress/wp-content/plugins/wl-wc-newsletter/db/migrate.php(159): require_once('/wordpress/wp-c...')\n#2 /wordpress/wp-content/plugins/wl-wc-newsletter/admin_functions.php(390): require_once('/wordpress/wp-c...')\n#3 /wordpress/wp-includes/class-wp-hook.php(324): wlwcn_activated(false)\n#4 /wordpress/wp-includes/class-wp-hook.php(348): WP_Hook->apply_filters('', Array)\n#5 /wordpress/wp-includes/plugin.php(517): WP_Hook->do_action(Array)\n#6 /wordpress/wp-admin/includes/plugin.php(703): do_action('activate_wl-wc-...', false)\n#7 /internal/eval.php(20): activate_plugin('wl-wc-newslette...')\n#8 {main}\n  thrown in /wordpress/wp-content/plugins/wl-wc-newsletter/db/upgrade_to_1_1.php on line 20",
    "log": "/logs/plugins/w/wp-internetvista/error.json"
  },
  {
    "message": "The use statement with non-compound name 'Exception' has no effect in /wordpress/wp-content/plugins/wl-wc-newsletter/db/upgrade_to_1_1.php on line 5",
    "level": "WARNING",
    "type": "PHP",
    "test": "ast-sqlite-boot",
    "plugin": "wp-internetvista",
    "details": "[13-Apr-2025 02:07:56 UTC] PHP Warning:  The use statement with non-compound name 'Exception' has no effect in /wordpress/wp-content/plugins/wl-wc-newsletter/db/upgrade_to_1_1.php on line 5",
    "log": "/logs/plugins/w/wp-internetvista/error.json"
  },
  {
    "message": "The use statement with non-compound name 'PDOException' has no effect in /wordpress/wp-content/plugins/wl-wc-newsletter/db/upgrade_to_1_1.php on line 6",
    "level": "WARNING",
    "type": "PHP",
    "test": "ast-sqlite-boot",
    "plugin": "wp-internetvista",
    "details": "[13-Apr-2025 02:07:56 UTC] PHP Warning:  The use statement with non-compound name 'PDOException' has no effect in /wordpress/wp-content/plugins/wl-wc-newsletter/db/upgrade_to_1_1.php on line 6",
    "log": "/logs/plugins/w/wp-internetvista/error.json"
  },
  {
    "message": "The use statement with non-compound name 'PDO' has no effect in /wordpress/wp-content/plugins/wl-wc-newsletter/db/upgrade_to_1_1.php on line 7",
    "level": "WARNING",
    "type": "PHP",
    "test": "ast-sqlite-boot",
    "plugin": "wp-internetvista",
    "details": "[13-Apr-2025 02:07:56 UTC] PHP Warning:  The use statement with non-compound name 'PDO' has no effect in /wordpress/wp-content/plugins/wl-wc-newsletter/db/upgrade_to_1_1.php on line 7",
    "log": "/logs/plugins/w/wp-internetvista/error.json"
  },
  {
    "message": "Uncaught PDOException: SQLSTATE[HY000] [2002] Address family not supported by protocol in /wordpress/wp-content/plugins/wl-wc-newsletter/db/upgrade_to_1_1.php:20",
    "level": "FATAL",
    "type": "PHP",
    "test": "ast-sqlite-boot",
    "plugin": "wp-internetvista",
    "details": "[13-Apr-2025 02:07:56 UTC] PHP Fatal error:  Uncaught PDOException: SQLSTATE[HY000] [2002] Address family not supported by protocol in /wordpress/wp-content/plugins/wl-wc-newsletter/db/upgrade_to_1_1.php:20\nStack trace:\n#0 /wordpress/wp-content/plugins/wl-wc-newsletter/db/upgrade_to_1_1.php(20): PDO->__construct('mysql:host=loca...', 'username_here', 'password_here')\n#1 /wordpress/wp-content/plugins/wl-wc-newsletter/db/migrate.php(159): require_once('/wordpress/wp-c...')\n#2 /wordpress/wp-content/plugins/wl-wc-newsletter/admin_functions.php(390): require_once('/wordpress/wp-c...')\n#3 /wordpress/wp-includes/class-wp-hook.php(324): wlwcn_activated(false)\n#4 /wordpress/wp-includes/class-wp-hook.php(348): WP_Hook->apply_filters('', Array)\n#5 /wordpress/wp-includes/plugin.php(517): WP_Hook->do_action(Array)\n#6 /wordpress/wp-admin/includes/plugin.php(703): do_action('activate_wl-wc-...', false)\n#7 /internal/eval.php(20): activate_plugin('wl-wc-newslette...')\n#8 {main}\n  thrown in /wordpress/wp-content/plugins/wl-wc-newsletter/db/upgrade_to_1_1.php on line 20",
    "log": "/logs/plugins/w/wp-internetvista/error.json"
  },
  {
    "message": "The use statement with non-compound name 'Exception' has no effect in /wordpress/wp-content/plugins/wl-wc-newsletter/db/upgrade_to_1_1.php on line 5",
    "level": "WARNING",
    "type": "PHP",
    "test": "ast-sqlite-boot",
    "plugin": "wp-internetvista",
    "details": "[13-Apr-2025 02:08:08 UTC] PHP Warning:  The use statement with non-compound name 'Exception' has no effect in /wordpress/wp-content/plugins/wl-wc-newsletter/db/upgrade_to_1_1.php on line 5",
    "log": "/logs/plugins/w/wp-internetvista/error.json"
  },
  {
    "message": "The use statement with non-compound name 'PDOException' has no effect in /wordpress/wp-content/plugins/wl-wc-newsletter/db/upgrade_to_1_1.php on line 6",
    "level": "WARNING",
    "type": "PHP",
    "test": "ast-sqlite-boot",
    "plugin": "wp-internetvista",
    "details": "[13-Apr-2025 02:08:08 UTC] PHP Warning:  The use statement with non-compound name 'PDOException' has no effect in /wordpress/wp-content/plugins/wl-wc-newsletter/db/upgrade_to_1_1.php on line 6",
    "log": "/logs/plugins/w/wp-internetvista/error.json"
  },
  {
    "message": "The use statement with non-compound name 'PDO' has no effect in /wordpress/wp-content/plugins/wl-wc-newsletter/db/upgrade_to_1_1.php on line 7",
    "level": "WARNING",
    "type": "PHP",
    "test": "ast-sqlite-boot",
    "plugin": "wp-internetvista",
    "details": "[13-Apr-2025 02:08:08 UTC] PHP Warning:  The use statement with non-compound name 'PDO' has no effect in /wordpress/wp-content/plugins/wl-wc-newsletter/db/upgrade_to_1_1.php on line 7",
    "log": "/logs/plugins/w/wp-internetvista/error.json"
  },
  {
    "message": "Uncaught PDOException: SQLSTATE[HY000] [2002] Address family not supported by protocol in /wordpress/wp-content/plugins/wl-wc-newsletter/db/upgrade_to_1_1.php:20",
    "level": "FATAL",
    "type": "PHP",
    "test": "ast-sqlite-boot",
    "plugin": "wp-internetvista",
    "details": "[13-Apr-2025 02:08:08 UTC] PHP Fatal error:  Uncaught PDOException: SQLSTATE[HY000] [2002] Address family not supported by protocol in /wordpress/wp-content/plugins/wl-wc-newsletter/db/upgrade_to_1_1.php:20\nStack trace:\n#0 /wordpress/wp-content/plugins/wl-wc-newsletter/db/upgrade_to_1_1.php(20): PDO->__construct('mysql:host=loca...', 'username_here', 'password_here')\n#1 /wordpress/wp-content/plugins/wl-wc-newsletter/db/migrate.php(159): require_once('/wordpress/wp-c...')\n#2 /wordpress/wp-content/plugins/wl-wc-newsletter/admin_functions.php(390): require_once('/wordpress/wp-c...')\n#3 /wordpress/wp-includes/class-wp-hook.php(324): wlwcn_activated(false)\n#4 /wordpress/wp-includes/class-wp-hook.php(348): WP_Hook->apply_filters('', Array)\n#5 /wordpress/wp-includes/plugin.php(517): WP_Hook->do_action(Array)\n#6 /wordpress/wp-admin/includes/plugin.php(703): do_action('activate_wl-wc-...', false)\n#7 /internal/eval.php(20): activate_plugin('wl-wc-newslette...')\n#8 {main}\n  thrown in /wordpress/wp-content/plugins/wl-wc-newsletter/db/upgrade_to_1_1.php on line 20",
    "log": "/logs/plugins/w/wp-internetvista/error.json"
  },
  {
    "message": "Uncaught ArgumentCountError: Too few arguments to function WP_Widget::__construct(), 0 passed in /wordpress/wp-includes/class-wp-widget-factory.php on line 62 and at least 2 expected in /wordpress/wp-includes/class-wp-widget.php:163",
    "level": "FATAL",
    "type": "PHP",
    "test": "ast-sqlite-boot",
    "plugin": "wp-internetvista",
    "details": "[13-Apr-2025 02:12:00 UTC] PHP Fatal error:  Uncaught ArgumentCountError: Too few arguments to function WP_Widget::__construct(), 0 passed in /wordpress/wp-includes/class-wp-widget-factory.php on line 62 and at least 2 expected in /wordpress/wp-includes/class-wp-widget.php:163\nStack trace:\n#0 /wordpress/wp-includes/class-wp-widget-factory.php(62): WP_Widget->__construct()\n#1 /wordpress/wp-includes/widgets.php(123): WP_Widget_Factory->register('ClickBankAdDisp...')\n#2 /wordpress/wp-content/plugins/wp-clickbank-ad-display/WPClickBankAdDisplay.php(23): register_widget('ClickBankAdDisp...')\n#3 /wordpress/wp-includes/class-wp-hook.php(324): ClickBank_load_advertisement_widgets('')\n#4 /wordpress/wp-includes/class-wp-hook.php(348): WP_Hook->apply_filters(NULL, Array)\n#5 /wordpress/wp-includes/plugin.php(517): WP_Hook->do_action(Array)\n#6 /wordpress/wp-includes/widgets.php(1870): do_action('widgets_init')\n#7 /wordpress/wp-includes/class-wp-hook.php(324): wp_widgets_init('')\n#8 /wordpress/wp-includes/class-wp-hook.php(348): WP_Hook->apply_filters(NULL, Array)\n#9 /wordpress/wp-includes/plugin.php(517): WP_Hook->do_action(Array)\n#10 /wordpress/wp-settings.php(704): do_action('init')\n#11 /wordpress/wp-config.php(102): require_once('/wordpress/wp-s...')\n#12 /wordpress/wp-load.php(50): require_once('/wordpress/wp-c...')\n#13 /internal/eval.php(3): require_once('/wordpress/wp-l...')\n#14 {main}\n  thrown in /wordpress/wp-includes/class-wp-widget.php on line 163",
    "log": "/logs/plugins/w/wp-internetvista/error.json"
  },
  {
    "message": "Uncaught ArgumentCountError: Too few arguments to function WP_Widget::__construct(), 0 passed in /wordpress/wp-includes/class-wp-widget-factory.php on line 62 and at least 2 expected in /wordpress/wp-includes/class-wp-widget.php:163",
    "level": "FATAL",
    "type": "PHP",
    "test": "ast-sqlite-boot",
    "plugin": "wp-internetvista",
    "details": "[13-Apr-2025 02:12:09 UTC] PHP Fatal error:  Uncaught ArgumentCountError: Too few arguments to function WP_Widget::__construct(), 0 passed in /wordpress/wp-includes/class-wp-widget-factory.php on line 62 and at least 2 expected in /wordpress/wp-includes/class-wp-widget.php:163\nStack trace:\n#0 /wordpress/wp-includes/class-wp-widget-factory.php(62): WP_Widget->__construct()\n#1 /wordpress/wp-includes/widgets.php(123): WP_Widget_Factory->register('ClickBankAdDisp...')\n#2 /wordpress/wp-content/plugins/wp-clickbank-ad-display/WPClickBankAdDisplay.php(23): register_widget('ClickBankAdDisp...')\n#3 /wordpress/wp-includes/class-wp-hook.php(324): ClickBank_load_advertisement_widgets('')\n#4 /wordpress/wp-includes/class-wp-hook.php(348): WP_Hook->apply_filters(NULL, Array)\n#5 /wordpress/wp-includes/plugin.php(517): WP_Hook->do_action(Array)\n#6 /wordpress/wp-includes/widgets.php(1870): do_action('widgets_init')\n#7 /wordpress/wp-includes/class-wp-hook.php(324): wp_widgets_init('')\n#8 /wordpress/wp-includes/class-wp-hook.php(348): WP_Hook->apply_filters(NULL, Array)\n#9 /wordpress/wp-includes/plugin.php(517): WP_Hook->do_action(Array)\n#10 /wordpress/wp-settings.php(704): do_action('init')\n#11 /wordpress/wp-config.php(102): require_once('/wordpress/wp-s...')\n#12 /wordpress/wp-load.php(50): require_once('/wordpress/wp-c...')\n#13 /internal/eval.php(3): require_once('/wordpress/wp-l...')\n#14 {main}\n  thrown in /wordpress/wp-includes/class-wp-widget.php on line 163",
    "log": "/logs/plugins/w/wp-internetvista/error.json"
  },
  {
    "message": "Uncaught ArgumentCountError: Too few arguments to function WP_Widget::__construct(), 0 passed in /wordpress/wp-includes/class-wp-widget-factory.php on line 62 and at least 2 expected in /wordpress/wp-includes/class-wp-widget.php:163",
    "level": "FATAL",
    "type": "PHP",
    "test": "ast-sqlite-boot",
    "plugin": "wp-internetvista",
    "details": "[13-Apr-2025 02:12:18 UTC] PHP Fatal error:  Uncaught ArgumentCountError: Too few arguments to function WP_Widget::__construct(), 0 passed in /wordpress/wp-includes/class-wp-widget-factory.php on line 62 and at least 2 expected in /wordpress/wp-includes/class-wp-widget.php:163\nStack trace:\n#0 /wordpress/wp-includes/class-wp-widget-factory.php(62): WP_Widget->__construct()\n#1 /wordpress/wp-includes/widgets.php(123): WP_Widget_Factory->register('ClickBankAdDisp...')\n#2 /wordpress/wp-content/plugins/wp-clickbank-ad-display/WPClickBankAdDisplay.php(23): register_widget('ClickBankAdDisp...')\n#3 /wordpress/wp-includes/class-wp-hook.php(324): ClickBank_load_advertisement_widgets('')\n#4 /wordpress/wp-includes/class-wp-hook.php(348): WP_Hook->apply_filters(NULL, Array)\n#5 /wordpress/wp-includes/plugin.php(517): WP_Hook->do_action(Array)\n#6 /wordpress/wp-includes/widgets.php(1870): do_action('widgets_init')\n#7 /wordpress/wp-includes/class-wp-hook.php(324): wp_widgets_init('')\n#8 /wordpress/wp-includes/class-wp-hook.php(348): WP_Hook->apply_filters(NULL, Array)\n#9 /wordpress/wp-includes/plugin.php(517): WP_Hook->do_action(Array)\n#10 /wordpress/wp-settings.php(704): do_action('init')\n#11 /wordpress/wp-config.php(102): require_once('/wordpress/wp-s...')\n#12 /wordpress/wp-load.php(50): require_once('/wordpress/wp-c...')\n#13 /internal/eval.php(3): require_once('/wordpress/wp-l...')\n#14 {main}\n  thrown in /wordpress/wp-includes/class-wp-widget.php on line 163",
    "log": "/logs/plugins/w/wp-internetvista/error.json"
  },
  {
    "message": "Required parameter $wrapper follows optional parameter $type in /wordpress/wp-content/plugins/widgets-on-pages-and-posts/freemius/includes/class-fs-logger.php on line 143",
    "level": "DEPRECATED",
    "type": "PHP",
    "test": "ast-sqlite-boot",
    "plugin": "wp-internetvista",
    "details": "[13-Apr-2025 02:15:26 UTC] PHP Deprecated:  Required parameter $wrapper follows optional parameter $type in /wordpress/wp-content/plugins/widgets-on-pages-and-posts/freemius/includes/class-fs-logger.php on line 143",
    "log": "/logs/plugins/w/wp-internetvista/error.json"
  },
  {
    "message": "Trying to access array offset on value of type bool in /wordpress/wp-content/plugins/widgets-on-pages-and-posts/includes/class-widgets-on-pages-activator.php on line 44",
    "level": "WARNING",
    "type": "PHP",
    "test": "ast-sqlite-boot",
    "plugin": "wp-internetvista",
    "details": "[13-Apr-2025 02:15:28 UTC] PHP Warning:  Trying to access array offset on value of type bool in /wordpress/wp-content/plugins/widgets-on-pages-and-posts/includes/class-widgets-on-pages-activator.php on line 44",
    "log": "/logs/plugins/w/wp-internetvista/error.json"
  },
  {
    "message": "Trying to access array offset on value of type bool in /wordpress/wp-content/plugins/widgets-on-pages-and-posts/includes/class-widgets-on-pages-activator.php on line 47",
    "level": "WARNING",
    "type": "PHP",
    "test": "ast-sqlite-boot",
    "plugin": "wp-internetvista",
    "details": "[13-Apr-2025 02:15:28 UTC] PHP Warning:  Trying to access array offset on value of type bool in /wordpress/wp-content/plugins/widgets-on-pages-and-posts/includes/class-widgets-on-pages-activator.php on line 47",
    "log": "/logs/plugins/w/wp-internetvista/error.json"
  },
  {
    "message": "Required parameter $wrapper follows optional parameter $type in /wordpress/wp-content/plugins/widgets-on-pages-and-posts/freemius/includes/class-fs-logger.php on line 143",
    "level": "DEPRECATED",
    "type": "PHP",
    "test": "ast-sqlite-boot",
    "plugin": "wp-internetvista",
    "details": "[13-Apr-2025 02:15:29 UTC] PHP Deprecated:  Required parameter $wrapper follows optional parameter $type in /wordpress/wp-content/plugins/widgets-on-pages-and-posts/freemius/includes/class-fs-logger.php on line 143",
    "log": "/logs/plugins/w/wp-internetvista/error.json"
  },
  {
    "message": "Required parameter $wrapper follows optional parameter $type in /wordpress/wp-content/plugins/widgets-on-pages-and-posts/freemius/includes/class-fs-logger.php on line 143",
    "level": "DEPRECATED",
    "type": "PHP",
    "test": "ast-sqlite-boot",
    "plugin": "wp-internetvista",
    "details": "[13-Apr-2025 02:15:37 UTC] PHP Deprecated:  Required parameter $wrapper follows optional parameter $type in /wordpress/wp-content/plugins/widgets-on-pages-and-posts/freemius/includes/class-fs-logger.php on line 143",
    "log": "/logs/plugins/w/wp-internetvista/error.json"
  },
  {
    "message": "Trying to access array offset on value of type bool in /wordpress/wp-content/plugins/widgets-on-pages-and-posts/includes/class-widgets-on-pages-activator.php on line 44",
    "level": "WARNING",
    "type": "PHP",
    "test": "ast-sqlite-boot",
    "plugin": "wp-internetvista",
    "details": "[13-Apr-2025 02:15:38 UTC] PHP Warning:  Trying to access array offset on value of type bool in /wordpress/wp-content/plugins/widgets-on-pages-and-posts/includes/class-widgets-on-pages-activator.php on line 44",
    "log": "/logs/plugins/w/wp-internetvista/error.json"
  },
  {
    "message": "Trying to access array offset on value of type bool in /wordpress/wp-content/plugins/widgets-on-pages-and-posts/includes/class-widgets-on-pages-activator.php on line 47",
    "level": "WARNING",
    "type": "PHP",
    "test": "ast-sqlite-boot",
    "plugin": "wp-internetvista",
    "details": "[13-Apr-2025 02:15:38 UTC] PHP Warning:  Trying to access array offset on value of type bool in /wordpress/wp-content/plugins/widgets-on-pages-and-posts/includes/class-widgets-on-pages-activator.php on line 47",
    "log": "/logs/plugins/w/wp-internetvista/error.json"
  },
  {
    "message": "Required parameter $wrapper follows optional parameter $type in /wordpress/wp-content/plugins/widgets-on-pages-and-posts/freemius/includes/class-fs-logger.php on line 143",
    "level": "DEPRECATED",
    "type": "PHP",
    "test": "ast-sqlite-boot",
    "plugin": "wp-internetvista",
    "details": "[13-Apr-2025 02:15:40 UTC] PHP Deprecated:  Required parameter $wrapper follows optional parameter $type in /wordpress/wp-content/plugins/widgets-on-pages-and-posts/freemius/includes/class-fs-logger.php on line 143",
    "log": "/logs/plugins/w/wp-internetvista/error.json"
  },
  {
    "message": "Required parameter $wrapper follows optional parameter $type in /wordpress/wp-content/plugins/widgets-on-pages-and-posts/freemius/includes/class-fs-logger.php on line 143",
    "level": "DEPRECATED",
    "type": "PHP",
    "test": "ast-sqlite-boot",
    "plugin": "wp-internetvista",
    "details": "[13-Apr-2025 02:15:49 UTC] PHP Deprecated:  Required parameter $wrapper follows optional parameter $type in /wordpress/wp-content/plugins/widgets-on-pages-and-posts/freemius/includes/class-fs-logger.php on line 143",
    "log": "/logs/plugins/w/wp-internetvista/error.json"
  },
  {
    "message": "Trying to access array offset on value of type bool in /wordpress/wp-content/plugins/widgets-on-pages-and-posts/includes/class-widgets-on-pages-activator.php on line 44",
    "level": "WARNING",
    "type": "PHP",
    "test": "ast-sqlite-boot",
    "plugin": "wp-internetvista",
    "details": "[13-Apr-2025 02:15:50 UTC] PHP Warning:  Trying to access array offset on value of type bool in /wordpress/wp-content/plugins/widgets-on-pages-and-posts/includes/class-widgets-on-pages-activator.php on line 44",
    "log": "/logs/plugins/w/wp-internetvista/error.json"
  },
  {
    "message": "Trying to access array offset on value of type bool in /wordpress/wp-content/plugins/widgets-on-pages-and-posts/includes/class-widgets-on-pages-activator.php on line 47",
    "level": "WARNING",
    "type": "PHP",
    "test": "ast-sqlite-boot",
    "plugin": "wp-internetvista",
    "details": "[13-Apr-2025 02:15:50 UTC] PHP Warning:  Trying to access array offset on value of type bool in /wordpress/wp-content/plugins/widgets-on-pages-and-posts/includes/class-widgets-on-pages-activator.php on line 47",
    "log": "/logs/plugins/w/wp-internetvista/error.json"
  },
  {
    "message": "Required parameter $wrapper follows optional parameter $type in /wordpress/wp-content/plugins/widgets-on-pages-and-posts/freemius/includes/class-fs-logger.php on line 143",
    "level": "DEPRECATED",
    "type": "PHP",
    "test": "ast-sqlite-boot",
    "plugin": "wp-internetvista",
    "details": "[13-Apr-2025 02:15:51 UTC] PHP Deprecated:  Required parameter $wrapper follows optional parameter $type in /wordpress/wp-content/plugins/widgets-on-pages-and-posts/freemius/includes/class-fs-logger.php on line 143",
    "log": "/logs/plugins/w/wp-internetvista/error.json"
  },
  {
    "message": "\"continue\" targeting switch is equivalent to \"break\". Did you mean to use \"continue 2\"? in /wordpress/wp-content/plugins/woocommerce-paymaster-gateway-019/wc-paymaster.php on line 1284",
    "level": "WARNING",
    "type": "PHP",
    "test": "ast-sqlite-boot",
    "plugin": "wp-internetvista",
    "details": "[13-Apr-2025 02:16:00 UTC] PHP Warning:  \"continue\" targeting switch is equivalent to \"break\". Did you mean to use \"continue 2\"? in /wordpress/wp-content/plugins/woocommerce-paymaster-gateway-019/wc-paymaster.php on line 1284",
    "log": "/logs/plugins/w/wp-internetvista/error.json"
  },
  {
    "message": "\"continue\" targeting switch is equivalent to \"break\". Did you mean to use \"continue 2\"? in /wordpress/wp-content/plugins/woocommerce-paymaster-gateway-019/wc-paymaster.php on line 1285",
    "level": "WARNING",
    "type": "PHP",
    "test": "ast-sqlite-boot",
    "plugin": "wp-internetvista",
    "details": "[13-Apr-2025 02:16:00 UTC] PHP Warning:  \"continue\" targeting switch is equivalent to \"break\". Did you mean to use \"continue 2\"? in /wordpress/wp-content/plugins/woocommerce-paymaster-gateway-019/wc-paymaster.php on line 1285",
    "log": "/logs/plugins/w/wp-internetvista/error.json"
  },
  {
    "message": "\"continue\" targeting switch is equivalent to \"break\". Did you mean to use \"continue 2\"? in /wordpress/wp-content/plugins/woocommerce-paymaster-gateway-019/wc-paymaster.php on line 1284",
    "level": "WARNING",
    "type": "PHP",
    "test": "ast-sqlite-boot",
    "plugin": "wp-internetvista",
    "details": "[13-Apr-2025 02:16:01 UTC] PHP Warning:  \"continue\" targeting switch is equivalent to \"break\". Did you mean to use \"continue 2\"? in /wordpress/wp-content/plugins/woocommerce-paymaster-gateway-019/wc-paymaster.php on line 1284",
    "log": "/logs/plugins/w/wp-internetvista/error.json"
  },
  {
    "message": "\"continue\" targeting switch is equivalent to \"break\". Did you mean to use \"continue 2\"? in /wordpress/wp-content/plugins/woocommerce-paymaster-gateway-019/wc-paymaster.php on line 1285",
    "level": "WARNING",
    "type": "PHP",
    "test": "ast-sqlite-boot",
    "plugin": "wp-internetvista",
    "details": "[13-Apr-2025 02:16:01 UTC] PHP Warning:  \"continue\" targeting switch is equivalent to \"break\". Did you mean to use \"continue 2\"? in /wordpress/wp-content/plugins/woocommerce-paymaster-gateway-019/wc-paymaster.php on line 1285",
    "log": "/logs/plugins/w/wp-internetvista/error.json"
  },
  {
    "message": "\"continue\" targeting switch is equivalent to \"break\". Did you mean to use \"continue 2\"? in /wordpress/wp-content/plugins/woocommerce-paymaster-gateway-019/wc-paymaster.php on line 1284",
    "level": "WARNING",
    "type": "PHP",
    "test": "ast-sqlite-boot",
    "plugin": "wp-internetvista",
    "details": "[13-Apr-2025 02:16:09 UTC] PHP Warning:  \"continue\" targeting switch is equivalent to \"break\". Did you mean to use \"continue 2\"? in /wordpress/wp-content/plugins/woocommerce-paymaster-gateway-019/wc-paymaster.php on line 1284",
    "log": "/logs/plugins/w/wp-internetvista/error.json"
  },
  {
    "message": "\"continue\" targeting switch is equivalent to \"break\". Did you mean to use \"continue 2\"? in /wordpress/wp-content/plugins/woocommerce-paymaster-gateway-019/wc-paymaster.php on line 1285",
    "level": "WARNING",
    "type": "PHP",
    "test": "ast-sqlite-boot",
    "plugin": "wp-internetvista",
    "details": "[13-Apr-2025 02:16:10 UTC] PHP Warning:  \"continue\" targeting switch is equivalent to \"break\". Did you mean to use \"continue 2\"? in /wordpress/wp-content/plugins/woocommerce-paymaster-gateway-019/wc-paymaster.php on line 1285",
    "log": "/logs/plugins/w/wp-internetvista/error.json"
  },
  {
    "message": "\"continue\" targeting switch is equivalent to \"break\". Did you mean to use \"continue 2\"? in /wordpress/wp-content/plugins/woocommerce-paymaster-gateway-019/wc-paymaster.php on line 1284",
    "level": "WARNING",
    "type": "PHP",
    "test": "ast-sqlite-boot",
    "plugin": "wp-internetvista",
    "details": "[13-Apr-2025 02:16:11 UTC] PHP Warning:  \"continue\" targeting switch is equivalent to \"break\". Did you mean to use \"continue 2\"? in /wordpress/wp-content/plugins/woocommerce-paymaster-gateway-019/wc-paymaster.php on line 1284",
    "log": "/logs/plugins/w/wp-internetvista/error.json"
  },
  {
    "message": "\"continue\" targeting switch is equivalent to \"break\". Did you mean to use \"continue 2\"? in /wordpress/wp-content/plugins/woocommerce-paymaster-gateway-019/wc-paymaster.php on line 1285",
    "level": "WARNING",
    "type": "PHP",
    "test": "ast-sqlite-boot",
    "plugin": "wp-internetvista",
    "details": "[13-Apr-2025 02:16:11 UTC] PHP Warning:  \"continue\" targeting switch is equivalent to \"break\". Did you mean to use \"continue 2\"? in /wordpress/wp-content/plugins/woocommerce-paymaster-gateway-019/wc-paymaster.php on line 1285",
    "log": "/logs/plugins/w/wp-internetvista/error.json"
  },
  {
    "message": "\"continue\" targeting switch is equivalent to \"break\". Did you mean to use \"continue 2\"? in /wordpress/wp-content/plugins/woocommerce-paymaster-gateway-019/wc-paymaster.php on line 1284",
    "level": "WARNING",
    "type": "PHP",
    "test": "ast-sqlite-boot",
    "plugin": "wp-internetvista",
    "details": "[13-Apr-2025 02:16:19 UTC] PHP Warning:  \"continue\" targeting switch is equivalent to \"break\". Did you mean to use \"continue 2\"? in /wordpress/wp-content/plugins/woocommerce-paymaster-gateway-019/wc-paymaster.php on line 1284",
    "log": "/logs/plugins/w/wp-internetvista/error.json"
  },
  {
    "message": "\"continue\" targeting switch is equivalent to \"break\". Did you mean to use \"continue 2\"? in /wordpress/wp-content/plugins/woocommerce-paymaster-gateway-019/wc-paymaster.php on line 1285",
    "level": "WARNING",
    "type": "PHP",
    "test": "ast-sqlite-boot",
    "plugin": "wp-internetvista",
    "details": "[13-Apr-2025 02:16:19 UTC] PHP Warning:  \"continue\" targeting switch is equivalent to \"break\". Did you mean to use \"continue 2\"? in /wordpress/wp-content/plugins/woocommerce-paymaster-gateway-019/wc-paymaster.php on line 1285",
    "log": "/logs/plugins/w/wp-internetvista/error.json"
  },
  {
    "message": "\"continue\" targeting switch is equivalent to \"break\". Did you mean to use \"continue 2\"? in /wordpress/wp-content/plugins/woocommerce-paymaster-gateway-019/wc-paymaster.php on line 1284",
    "level": "WARNING",
    "type": "PHP",
    "test": "ast-sqlite-boot",
    "plugin": "wp-internetvista",
    "details": "[13-Apr-2025 02:16:20 UTC] PHP Warning:  \"continue\" targeting switch is equivalent to \"break\". Did you mean to use \"continue 2\"? in /wordpress/wp-content/plugins/woocommerce-paymaster-gateway-019/wc-paymaster.php on line 1284",
    "log": "/logs/plugins/w/wp-internetvista/error.json"
  },
  {
    "message": "\"continue\" targeting switch is equivalent to \"break\". Did you mean to use \"continue 2\"? in /wordpress/wp-content/plugins/woocommerce-paymaster-gateway-019/wc-paymaster.php on line 1285",
    "level": "WARNING",
    "type": "PHP",
    "test": "ast-sqlite-boot",
    "plugin": "wp-internetvista",
    "details": "[13-Apr-2025 02:16:20 UTC] PHP Warning:  \"continue\" targeting switch is equivalent to \"break\". Did you mean to use \"continue 2\"? in /wordpress/wp-content/plugins/woocommerce-paymaster-gateway-019/wc-paymaster.php on line 1285",
    "log": "/logs/plugins/w/wp-internetvista/error.json"
  },
  {
    "message": "syntax error, unexpected token \"if\", expecting \"function\" or \"const\" in /wordpress/wp-content/plugins/wordpress-lexicon/lexikon.php on line 137",
    "level": "PARSE",
    "type": "PHP",
    "test": "ast-sqlite-boot",
    "plugin": "wp-internetvista",
    "details": "[13-Apr-2025 02:16:28 UTC] PHP Parse error:  syntax error, unexpected token \"if\", expecting \"function\" or \"const\" in /wordpress/wp-content/plugins/wordpress-lexicon/lexikon.php on line 137",
    "log": "/logs/plugins/w/wp-internetvista/error.json"
  },
  {
    "message": "syntax error, unexpected token \"if\", expecting \"function\" or \"const\" in /wordpress/wp-content/plugins/wordpress-lexicon/lexikon.php on line 137",
    "level": "PARSE",
    "type": "PHP",
    "test": "ast-sqlite-boot",
    "plugin": "wp-internetvista",
    "details": "[13-Apr-2025 02:16:35 UTC] PHP Parse error:  syntax error, unexpected token \"if\", expecting \"function\" or \"const\" in /wordpress/wp-content/plugins/wordpress-lexicon/lexikon.php on line 137",
    "log": "/logs/plugins/w/wp-internetvista/error.json"
  },
  {
    "message": "syntax error, unexpected token \"if\", expecting \"function\" or \"const\" in /wordpress/wp-content/plugins/wordpress-lexicon/lexikon.php on line 137",
    "level": "PARSE",
    "type": "PHP",
    "test": "ast-sqlite-boot",
    "plugin": "wp-internetvista",
    "details": "[13-Apr-2025 02:16:43 UTC] PHP Parse error:  syntax error, unexpected token \"if\", expecting \"function\" or \"const\" in /wordpress/wp-content/plugins/wordpress-lexicon/lexikon.php on line 137",
    "log": "/logs/plugins/w/wp-internetvista/error.json"
  },
  {
    "message": "Undefined variable $wp_version in /wordpress/wp-content/plugins/wp-amember-dashboard-widget/wp-amember.php on line 14",
    "level": "WARNING",
    "type": "PHP",
    "test": "ast-sqlite-boot",
    "plugin": "wp-internetvista",
    "details": "[13-Apr-2025 02:16:51 UTC] PHP Warning:  Undefined variable $wp_version in /wordpress/wp-content/plugins/wp-amember-dashboard-widget/wp-amember.php on line 14",
    "log": "/logs/plugins/w/wp-internetvista/error.json"
  },
  {
    "message": "Uncaught TypeError: call_user_func_array(): Argument #1 ($callback) must be a valid callback, function \"widget_wpAmember_init\" not found or invalid function name in /wordpress/wp-includes/class-wp-hook.php:324",
    "level": "FATAL",
    "type": "PHP",
    "test": "ast-sqlite-boot",
    "plugin": "wp-internetvista",
    "details": "[13-Apr-2025 02:16:52 UTC] PHP Fatal error:  Uncaught TypeError: call_user_func_array(): Argument #1 ($callback) must be a valid callback, function \"widget_wpAmember_init\" not found or invalid function name in /wordpress/wp-includes/class-wp-hook.php:324\nStack trace:\n#0 /wordpress/wp-includes/class-wp-hook.php(348): WP_Hook->apply_filters(NULL, Array)\n#1 /wordpress/wp-includes/plugin.php(517): WP_Hook->do_action(Array)\n#2 /wordpress/wp-includes/widgets.php(1870): do_action('widgets_init')\n#3 /wordpress/wp-includes/class-wp-hook.php(324): wp_widgets_init('')\n#4 /wordpress/wp-includes/class-wp-hook.php(348): WP_Hook->apply_filters(NULL, Array)\n#5 /wordpress/wp-includes/plugin.php(517): WP_Hook->do_action(Array)\n#6 /wordpress/wp-settings.php(704): do_action('init')\n#7 /wordpress/wp-config.php(102): require_once('/wordpress/wp-s...')\n#8 /wordpress/wp-load.php(50): require_once('/wordpress/wp-c...')\n#9 /internal/eval.php(3): require_once('/wordpress/wp-l...')\n#10 {main}\n  thrown in /wordpress/wp-includes/class-wp-hook.php on line 324",
    "log": "/logs/plugins/w/wp-internetvista/error.json"
  },
  {
    "message": "Undefined variable $wp_version in /wordpress/wp-content/plugins/wp-amember-dashboard-widget/wp-amember.php on line 14",
    "level": "WARNING",
    "type": "PHP",
    "test": "ast-sqlite-boot",
    "plugin": "wp-internetvista",
    "details": "[13-Apr-2025 02:16:59 UTC] PHP Warning:  Undefined variable $wp_version in /wordpress/wp-content/plugins/wp-amember-dashboard-widget/wp-amember.php on line 14",
    "log": "/logs/plugins/w/wp-internetvista/error.json"
  },
  {
    "message": "Uncaught TypeError: call_user_func_array(): Argument #1 ($callback) must be a valid callback, function \"widget_wpAmember_init\" not found or invalid function name in /wordpress/wp-includes/class-wp-hook.php:324",
    "level": "FATAL",
    "type": "PHP",
    "test": "ast-sqlite-boot",
    "plugin": "wp-internetvista",
    "details": "[13-Apr-2025 02:17:00 UTC] PHP Fatal error:  Uncaught TypeError: call_user_func_array(): Argument #1 ($callback) must be a valid callback, function \"widget_wpAmember_init\" not found or invalid function name in /wordpress/wp-includes/class-wp-hook.php:324\nStack trace:\n#0 /wordpress/wp-includes/class-wp-hook.php(348): WP_Hook->apply_filters(NULL, Array)\n#1 /wordpress/wp-includes/plugin.php(517): WP_Hook->do_action(Array)\n#2 /wordpress/wp-includes/widgets.php(1870): do_action('widgets_init')\n#3 /wordpress/wp-includes/class-wp-hook.php(324): wp_widgets_init('')\n#4 /wordpress/wp-includes/class-wp-hook.php(348): WP_Hook->apply_filters(NULL, Array)\n#5 /wordpress/wp-includes/plugin.php(517): WP_Hook->do_action(Array)\n#6 /wordpress/wp-settings.php(704): do_action('init')\n#7 /wordpress/wp-config.php(102): require_once('/wordpress/wp-s...')\n#8 /wordpress/wp-load.php(50): require_once('/wordpress/wp-c...')\n#9 /internal/eval.php(3): require_once('/wordpress/wp-l...')\n#10 {main}\n  thrown in /wordpress/wp-includes/class-wp-hook.php on line 324",
    "log": "/logs/plugins/w/wp-internetvista/error.json"
  },
  {
    "message": "Undefined variable $wp_version in /wordpress/wp-content/plugins/wp-amember-dashboard-widget/wp-amember.php on line 14",
    "level": "WARNING",
    "type": "PHP",
    "test": "ast-sqlite-boot",
    "plugin": "wp-internetvista",
    "details": "[13-Apr-2025 02:17:07 UTC] PHP Warning:  Undefined variable $wp_version in /wordpress/wp-content/plugins/wp-amember-dashboard-widget/wp-amember.php on line 14",
    "log": "/logs/plugins/w/wp-internetvista/error.json"
  },
  {
    "message": "Uncaught TypeError: call_user_func_array(): Argument #1 ($callback) must be a valid callback, function \"widget_wpAmember_init\" not found or invalid function name in /wordpress/wp-includes/class-wp-hook.php:324",
    "level": "FATAL",
    "type": "PHP",
    "test": "ast-sqlite-boot",
    "plugin": "wp-internetvista",
    "details": "[13-Apr-2025 02:17:08 UTC] PHP Fatal error:  Uncaught TypeError: call_user_func_array(): Argument #1 ($callback) must be a valid callback, function \"widget_wpAmember_init\" not found or invalid function name in /wordpress/wp-includes/class-wp-hook.php:324\nStack trace:\n#0 /wordpress/wp-includes/class-wp-hook.php(348): WP_Hook->apply_filters(NULL, Array)\n#1 /wordpress/wp-includes/plugin.php(517): WP_Hook->do_action(Array)\n#2 /wordpress/wp-includes/widgets.php(1870): do_action('widgets_init')\n#3 /wordpress/wp-includes/class-wp-hook.php(324): wp_widgets_init('')\n#4 /wordpress/wp-includes/class-wp-hook.php(348): WP_Hook->apply_filters(NULL, Array)\n#5 /wordpress/wp-includes/plugin.php(517): WP_Hook->do_action(Array)\n#6 /wordpress/wp-settings.php(704): do_action('init')\n#7 /wordpress/wp-config.php(102): require_once('/wordpress/wp-s...')\n#8 /wordpress/wp-load.php(50): require_once('/wordpress/wp-c...')\n#9 /internal/eval.php(3): require_once('/wordpress/wp-l...')\n#10 {main}\n  thrown in /wordpress/wp-includes/class-wp-hook.php on line 324",
    "log": "/logs/plugins/w/wp-internetvista/error.json"
  },
  {
    "message": "SQLSTATE[HY000]: General error: 20 datatype mismatch.",
    "level": "FATAL",
    "type": "SQL",
    "test": "ast-sqlite-boot",
    "plugin": "wp-internetvista",
    "details": "[13-Apr-2025 02:17:26 UTC] WordPress database error <div style=\"clear:both\">&nbsp;</div>\n<div class=\"queries\" style=\"clear:both;margin-bottom:2px;border:red dotted thin;\">\n<p>MySQL query:</p>\n<p>INSERT INTO `wp_church_donation_settings` \r\n        (`id` ,`payment_gateway_name` ,`payment_method` ,`credentials_data` ,`enabled`) \r\n        VALUES \r\n        ('', 'Authorize', 'AIM', '', '1')</p>\n<p>Queries made or created this session were:</p>\n<ol>\n<li>Executing: BEGIN | (no parameters)</li>\n<li>Executing: INSERT INTO `wp_church_donation_settings` \r\n        (`id` ,`payment_gateway_name` ,`payment_method` ,`credentials_data` ,`enabled`) \r\n        VALUES \r\n        (:param0 , :param1 , :param2 , :param3 , :param4 ) | parameters: , Authorize, AIM, , 1</li>\n<li>Executing: ROLLBACK | (no parameters)</li>\n</ol>\n</div>\n<div style=\"clear:both;margin-bottom:2px;border:red dotted thin;\" class=\"error_message\" style=\"border-bottom:dotted blue thin;\">\nError occurred at line 4117 in Function <code>handle_error</code>. Error message was: SQLSTATE[HY000]: General error: 20 datatype mismatch.\n</div>\n<p>Backtrace:</p>\n<pre>#0 /internal/shared/sqlite-database-integration/wp-includes/sqlite/class-wp-sqlite-db.php(287): WP_SQLite_Translator->get_error_message()\n#1 /wordpress/wp-admin/includes/upgrade.php(3271): WP_SQLite_DB->query('INSERT INTO `wp...')\n#2 /wordpress/wp-content/plugins/wp-church-donation/wp-church-donation.php(166): dbDelta(Array)\n#3 /wordpress/wp-includes/class-wp-hook.php(324): install_wp_church_donation(false)\n#4 /wordpress/wp-includes/class-wp-hook.php(348): WP_Hook->apply_filters('', Array)\n#5 /wordpress/wp-includes/plugin.php(517): WP_Hook->do_action(Array)\n#6 /wordpress/wp-admin/includes/plugin.php(703): do_action('activate_wp-chu...', false)\n#7 /internal/eval.php(20): activate_plugin('wp-church-donat...')\n#8 {main}</pre>\n for query INSERT INTO `wp_church_donation_settings` \r\n        (`id` ,`payment_gateway_name` ,`payment_method` ,`credentials_data` ,`enabled`) \r\n        VALUES \r\n        ('', 'Authorize', 'AIM', '', '1') made by activate_plugin, do_action('activate_wp-church-donation/wp-church-donation.php'), WP_Hook->do_action, WP_Hook->apply_filters, install_wp_church_donation, dbDelta, WP_SQLite_DB->query, WP_SQLite_DB->print_error",
    "log": "/logs/plugins/w/wp-internetvista/error.json"
  },
  {
    "message": "SQLSTATE[HY000]: General error: 20 datatype mismatch.",
    "level": "FATAL",
    "type": "SQL",
    "test": "ast-sqlite-boot",
    "plugin": "wp-internetvista",
    "details": "[13-Apr-2025 02:17:26 UTC] WordPress database error <div style=\"clear:both\">&nbsp;</div>\n<div class=\"queries\" style=\"clear:both;margin-bottom:2px;border:red dotted thin;\">\n<p>MySQL query:</p>\n<p>INSERT INTO `wp_church_donation_content` \r\n        (`id` ,`donation_form_heading` ,`donation_form_message` ,`thank_you_page_content` ,`thank_you_email_subject`,`thank_you_email_content`) \r\n        VALUES \r\n        ('', \r\n        'Make your donation', \r\n        'Thank you for your interest in supporting our Church. Your financial contributions provide an immediate answer to the most pressing needs for outreach.\r\n        These gifts help us overcome the everyday challenges that stand between our future vision and our present reality. Your gift will go to the area of greatest need. If you wish your donation to be designated for a particular area or program, please note your wishes in the comment box. \r\n        Thank you for your generosity.', \r\n        'Thank you for your interest in supporting our Church. Your financial contributions provide an immediate answer to the most pressing needs for outreach.\r\n        These gifts help us overcome the everyday challenges that stand between our future vision and our present reality. Your gift will go to the area of greatest need. If you wish your donation to be designated for a particular area or program. \r\n        Thank you for your donation.',\r\n        'We received your donation, thank you very much for this.',\r\n        'Thank you for your interest in supporting our Church. Your financial contributions provide an immediate answer to the most pressing needs for outreach.\r\n        These gifts help us overcome the everyday challenges that stand between our future vision and our present reality. Your gift will go to the area of greatest need. If you wish your donation to be designated for a particular area or program.\r\n        Thank you for your donation.')</p>\n<p>Queries made or created this session were:</p>\n<ol>\n<li>Executing: BEGIN | (no parameters)</li>\n<li>Executing: INSERT INTO `wp_church_donation_content` \r\n        (`id` ,`donation_form_heading` ,`donation_form_message` ,`thank_you_page_content` ,`thank_you_email_subject`,`thank_you_email_content`) \r\n        VALUES \r\n        (:param0 , \r\n        :param1 , \r\n        :param2 , \r\n        :param3 ,\r\n        :param4 ,\r\n        :param5 ) | parameters: , Make your donation, Thank you for your interest in supporting our Church. Your financial contributions provide an immediate answer to the most pressing needs for outreach.\r\n        These gifts help us overcome the everyday challenges that stand between our future vision and our present reality. Your gift will go to the area of greatest need. If you wish your donation to be designated for a particular area or program, please note your wishes in the comment box. \r\n        Thank you for your generosity., Thank you for your interest in supporting our Church. Your financial contributions provide an immediate answer to the most pressing needs for outreach.\r\n        These gifts help us overcome the everyday challenges that stand between our future vision and our present reality. Your gift will go to the area of greatest need. If you wish your donation to be designated for a particular area or program. \r\n        Thank you for your donation., We received your donation, thank you very much for this., Thank you for your interest in supporting our Church. Your financial contributions provide an immediate answer to the most pressing needs for outreach.\r\n        These gifts help us overcome the everyday challenges that stand between our future vision and our present reality. Your gift will go to the area of greatest need. If you wish your donation to be designated for a particular area or program.\r\n        Thank you for your donation.</li>\n<li>Executing: ROLLBACK | (no parameters)</li>\n</ol>\n</div>\n<div style=\"clear:both;margin-bottom:2px;border:red dotted thin;\" class=\"error_message\" style=\"border-bottom:dotted blue thin;\">\nError occurred at line 4117 in Function <code>handle_error</code>. Error message was: SQLSTATE[HY000]: General error: 20 datatype mismatch.\n</div>\n<p>Backtrace:</p>\n<pre>#0 /internal/shared/sqlite-database-integration/wp-includes/sqlite/class-wp-sqlite-db.php(287): WP_SQLite_Translator->get_error_message()\n#1 /wordpress/wp-admin/includes/upgrade.php(3271): WP_SQLite_DB->query('INSERT INTO `wp...')\n#2 /wordpress/wp-content/plugins/wp-church-donation/wp-church-donation.php(168): dbDelta(Array)\n#3 /wordpress/wp-includes/class-wp-hook.php(324): install_wp_church_donation(false)\n#4 /wordpress/wp-includes/class-wp-hook.php(348): WP_Hook->apply_filters('', Array)\n#5 /wordpress/wp-includes/plugin.php(517): WP_Hook->do_action(Array)\n#6 /wordpress/wp-admin/includes/plugin.php(703): do_action('activate_wp-chu...', false)\n#7 /internal/eval.php(20): activate_plugin('wp-church-donat...')\n#8 {main}</pre>\n for query INSERT INTO `wp_church_donation_content` \r\n        (`id` ,`donation_form_heading` ,`donation_form_message` ,`thank_you_page_content` ,`thank_you_email_subject`,`thank_you_email_content`) \r\n        VALUES \r\n        ('', \r\n        'Make your donation', \r\n        'Thank you for your interest in supporting our Church. Your financial contributions provide an immediate answer to the most pressing needs for outreach.\r\n        These gifts help us overcome the everyday challenges that stand between our future vision and our present reality. Your gift will go to the area of greatest need. If you wish your donation to be designated for a particular area or program, please note your wishes in the comment box. \r\n        Thank you for your generosity.', \r\n        'Thank you for your interest in supporting our Church. Your financial contributions provide an immediate answer to the most pressing needs for outreach.\r\n        These gifts help us overcome the everyday challenges that stand between our future vision and our present reality. Your gift will go to the area of greatest need. If you wish your donation to be designated for a particular area or program. \r\n        Thank you for your donation.',\r\n        'We received your donation, thank you very much for this.',\r\n        'Thank you for your interest in supporting our Church. Your financial contributions provide an immediate answer to the most pressing needs for outreach.\r\n        These gifts help us overcome the everyday challenges that stand between our future vision and our present reality. Your gift will go to the area of greatest need. If you wish your donation to be designated for a particular area or program.\r\n        Thank you for your donation.') made by activate_plugin, do_action('activate_wp-church-donation/wp-church-donation.php'), WP_Hook->do_action, WP_Hook->apply_filters, install_wp_church_donation, dbDelta, WP_SQLite_DB->query, WP_SQLite_DB->print_error",
    "log": "/logs/plugins/w/wp-internetvista/error.json"
  },
  {
    "message": "SQLSTATE[HY000]: General error: 20 datatype mismatch.",
    "level": "FATAL",
    "type": "SQL",
    "test": "ast-sqlite-boot",
    "plugin": "wp-internetvista",
    "details": "[13-Apr-2025 02:17:35 UTC] WordPress database error <div style=\"clear:both\">&nbsp;</div>\n<div class=\"queries\" style=\"clear:both;margin-bottom:2px;border:red dotted thin;\">\n<p>MySQL query:</p>\n<p>INSERT INTO `wp_church_donation_settings` \r\n        (`id` ,`payment_gateway_name` ,`payment_method` ,`credentials_data` ,`enabled`) \r\n        VALUES \r\n        ('', 'Authorize', 'AIM', '', '1')</p>\n<p>Queries made or created this session were:</p>\n<ol>\n<li>Executing: BEGIN | (no parameters)</li>\n<li>Executing: INSERT INTO `wp_church_donation_settings` \r\n        (`id` ,`payment_gateway_name` ,`payment_method` ,`credentials_data` ,`enabled`) \r\n        VALUES \r\n        (:param0 , :param1 , :param2 , :param3 , :param4 ) | parameters: , Authorize, AIM, , 1</li>\n<li>Executing: ROLLBACK | (no parameters)</li>\n</ol>\n</div>\n<div style=\"clear:both;margin-bottom:2px;border:red dotted thin;\" class=\"error_message\" style=\"border-bottom:dotted blue thin;\">\nError occurred at line 4117 in Function <code>handle_error</code>. Error message was: SQLSTATE[HY000]: General error: 20 datatype mismatch.\n</div>\n<p>Backtrace:</p>\n<pre>#0 /internal/shared/sqlite-database-integration/wp-includes/sqlite/class-wp-sqlite-db.php(287): WP_SQLite_Translator->get_error_message()\n#1 /wordpress/wp-admin/includes/upgrade.php(3271): WP_SQLite_DB->query('INSERT INTO `wp...')\n#2 /wordpress/wp-content/plugins/wp-church-donation/wp-church-donation.php(166): dbDelta(Array)\n#3 /wordpress/wp-includes/class-wp-hook.php(324): install_wp_church_donation(false)\n#4 /wordpress/wp-includes/class-wp-hook.php(348): WP_Hook->apply_filters('', Array)\n#5 /wordpress/wp-includes/plugin.php(517): WP_Hook->do_action(Array)\n#6 /wordpress/wp-admin/includes/plugin.php(703): do_action('activate_wp-chu...', false)\n#7 /internal/eval.php(20): activate_plugin('wp-church-donat...')\n#8 {main}</pre>\n for query INSERT INTO `wp_church_donation_settings` \r\n        (`id` ,`payment_gateway_name` ,`payment_method` ,`credentials_data` ,`enabled`) \r\n        VALUES \r\n        ('', 'Authorize', 'AIM', '', '1') made by activate_plugin, do_action('activate_wp-church-donation/wp-church-donation.php'), WP_Hook->do_action, WP_Hook->apply_filters, install_wp_church_donation, dbDelta, WP_SQLite_DB->query, WP_SQLite_DB->print_error",
    "log": "/logs/plugins/w/wp-internetvista/error.json"
  },
  {
    "message": "SQLSTATE[HY000]: General error: 20 datatype mismatch.",
    "level": "FATAL",
    "type": "SQL",
    "test": "ast-sqlite-boot",
    "plugin": "wp-internetvista",
    "details": "[13-Apr-2025 02:17:35 UTC] WordPress database error <div style=\"clear:both\">&nbsp;</div>\n<div class=\"queries\" style=\"clear:both;margin-bottom:2px;border:red dotted thin;\">\n<p>MySQL query:</p>\n<p>INSERT INTO `wp_church_donation_content` \r\n        (`id` ,`donation_form_heading` ,`donation_form_message` ,`thank_you_page_content` ,`thank_you_email_subject`,`thank_you_email_content`) \r\n        VALUES \r\n        ('', \r\n        'Make your donation', \r\n        'Thank you for your interest in supporting our Church. Your financial contributions provide an immediate answer to the most pressing needs for outreach.\r\n        These gifts help us overcome the everyday challenges that stand between our future vision and our present reality. Your gift will go to the area of greatest need. If you wish your donation to be designated for a particular area or program, please note your wishes in the comment box. \r\n        Thank you for your generosity.', \r\n        'Thank you for your interest in supporting our Church. Your financial contributions provide an immediate answer to the most pressing needs for outreach.\r\n        These gifts help us overcome the everyday challenges that stand between our future vision and our present reality. Your gift will go to the area of greatest need. If you wish your donation to be designated for a particular area or program. \r\n        Thank you for your donation.',\r\n        'We received your donation, thank you very much for this.',\r\n        'Thank you for your interest in supporting our Church. Your financial contributions provide an immediate answer to the most pressing needs for outreach.\r\n        These gifts help us overcome the everyday challenges that stand between our future vision and our present reality. Your gift will go to the area of greatest need. If you wish your donation to be designated for a particular area or program.\r\n        Thank you for your donation.')</p>\n<p>Queries made or created this session were:</p>\n<ol>\n<li>Executing: BEGIN | (no parameters)</li>\n<li>Executing: INSERT INTO `wp_church_donation_content` \r\n        (`id` ,`donation_form_heading` ,`donation_form_message` ,`thank_you_page_content` ,`thank_you_email_subject`,`thank_you_email_content`) \r\n        VALUES \r\n        (:param0 , \r\n        :param1 , \r\n        :param2 , \r\n        :param3 ,\r\n        :param4 ,\r\n        :param5 ) | parameters: , Make your donation, Thank you for your interest in supporting our Church. Your financial contributions provide an immediate answer to the most pressing needs for outreach.\r\n        These gifts help us overcome the everyday challenges that stand between our future vision and our present reality. Your gift will go to the area of greatest need. If you wish your donation to be designated for a particular area or program, please note your wishes in the comment box. \r\n        Thank you for your generosity., Thank you for your interest in supporting our Church. Your financial contributions provide an immediate answer to the most pressing needs for outreach.\r\n        These gifts help us overcome the everyday challenges that stand between our future vision and our present reality. Your gift will go to the area of greatest need. If you wish your donation to be designated for a particular area or program. \r\n        Thank you for your donation., We received your donation, thank you very much for this., Thank you for your interest in supporting our Church. Your financial contributions provide an immediate answer to the most pressing needs for outreach.\r\n        These gifts help us overcome the everyday challenges that stand between our future vision and our present reality. Your gift will go to the area of greatest need. If you wish your donation to be designated for a particular area or program.\r\n        Thank you for your donation.</li>\n<li>Executing: ROLLBACK | (no parameters)</li>\n</ol>\n</div>\n<div style=\"clear:both;margin-bottom:2px;border:red dotted thin;\" class=\"error_message\" style=\"border-bottom:dotted blue thin;\">\nError occurred at line 4117 in Function <code>handle_error</code>. Error message was: SQLSTATE[HY000]: General error: 20 datatype mismatch.\n</div>\n<p>Backtrace:</p>\n<pre>#0 /internal/shared/sqlite-database-integration/wp-includes/sqlite/class-wp-sqlite-db.php(287): WP_SQLite_Translator->get_error_message()\n#1 /wordpress/wp-admin/includes/upgrade.php(3271): WP_SQLite_DB->query('INSERT INTO `wp...')\n#2 /wordpress/wp-content/plugins/wp-church-donation/wp-church-donation.php(168): dbDelta(Array)\n#3 /wordpress/wp-includes/class-wp-hook.php(324): install_wp_church_donation(false)\n#4 /wordpress/wp-includes/class-wp-hook.php(348): WP_Hook->apply_filters('', Array)\n#5 /wordpress/wp-includes/plugin.php(517): WP_Hook->do_action(Array)\n#6 /wordpress/wp-admin/includes/plugin.php(703): do_action('activate_wp-chu...', false)\n#7 /internal/eval.php(20): activate_plugin('wp-church-donat...')\n#8 {main}</pre>\n for query INSERT INTO `wp_church_donation_content` \r\n        (`id` ,`donation_form_heading` ,`donation_form_message` ,`thank_you_page_content` ,`thank_you_email_subject`,`thank_you_email_content`) \r\n        VALUES \r\n        ('', \r\n        'Make your donation', \r\n        'Thank you for your interest in supporting our Church. Your financial contributions provide an immediate answer to the most pressing needs for outreach.\r\n        These gifts help us overcome the everyday challenges that stand between our future vision and our present reality. Your gift will go to the area of greatest need. If you wish your donation to be designated for a particular area or program, please note your wishes in the comment box. \r\n        Thank you for your generosity.', \r\n        'Thank you for your interest in supporting our Church. Your financial contributions provide an immediate answer to the most pressing needs for outreach.\r\n        These gifts help us overcome the everyday challenges that stand between our future vision and our present reality. Your gift will go to the area of greatest need. If you wish your donation to be designated for a particular area or program. \r\n        Thank you for your donation.',\r\n        'We received your donation, thank you very much for this.',\r\n        'Thank you for your interest in supporting our Church. Your financial contributions provide an immediate answer to the most pressing needs for outreach.\r\n        These gifts help us overcome the everyday challenges that stand between our future vision and our present reality. Your gift will go to the area of greatest need. If you wish your donation to be designated for a particular area or program.\r\n        Thank you for your donation.') made by activate_plugin, do_action('activate_wp-church-donation/wp-church-donation.php'), WP_Hook->do_action, WP_Hook->apply_filters, install_wp_church_donation, dbDelta, WP_SQLite_DB->query, WP_SQLite_DB->print_error\n\n    at Object.onBind (file:///home/runner/work/playground-tester/playground-tester/node_modules/@wp-playground/cli/index.js:237:15)\n    at process.processTicksAndRejections (node:internal/process/task_queues:105:5)\n    at async V (file:///home/runner/work/playground-tester/playground-tester/node_modules/@wp-playground/cli/index.js:64:10)\n    at async ja (file:///home/runner/work/playground-tester/playground-tester/node_modules/@wp-playground/cli/cli.js:8161:12) {\n  [cause]: Error: Error when executing the blueprint step #5 ({\"step\":\"installPlugin\",\"pluginData\":{\"resource\":\"wordpress.org/plugins\",\"slug\":\"wp-internetvista\"},\"options\":{\"activate\":true}}) : Plugin /wordpress/wp-content/plugins/wp-internetvista could not be activated  WordPress exited with no error. Sometimes, when $_SERVER or site options are not configured correctly, WordPress exits early with a 301 redirect. Inspect the \"debug\" logs in the console for more details.\n      at Object.run (file:///home/runner/work/playground-tester/playground-tester/node_modules/@wp-playground/blueprints/index.js:12449:19)\n      at process.processTicksAndRejections (node:internal/process/task_queues:105:5)\n      at async ms (file:///home/runner/work/playground-tester/playground-tester/node_modules/@wp-playground/blueprints/index.js:12552:3)\n      ... 2 lines matching cause stack trace ...\n      at async ja (file:///home/runner/work/playground-tester/playground-tester/node_modules/@wp-playground/cli/cli.js:8161:12) {\n    [cause]: Error: Plugin /wordpress/wp-content/plugins/wp-internetvista could not be activated  WordPress exited with no error. Sometimes, when $_SERVER or site options are not configured correctly, WordPress exits early with a 301 redirect. Inspect the \"debug\" logs in the console for more details.\n        at wr (file:///home/runner/work/playground-tester/playground-tester/node_modules/@wp-playground/blueprints/index.js:119:51)\n        at process.processTicksAndRejections (node:internal/process/task_queues:105:5)\n        at async Object.gt [as installPlugin] (file:///home/runner/work/playground-tester/playground-tester/node_modules/@wp-playground/blueprints/index.js:974:42)\n        at async g (file:///home/runner/work/playground-tester/playground-tester/node_modules/@wp-playground/blueprints/index.js:12517:30)\n        at async Object.run (file:///home/runner/work/playground-tester/playground-tester/node_modules/@wp-playground/blueprints/index.js:12446:23)\n        at async ms (file:///home/runner/work/playground-tester/playground-tester/node_modules/@wp-playground/blueprints/index.js:12552:3)\n        at async Object.onBind (file:///home/runner/work/playground-tester/playground-tester/node_modules/@wp-playground/cli/index.js:227:48)\n        at async V (file:///home/runner/work/playground-tester/playground-tester/node_modules/@wp-playground/cli/index.js:64:10)\n        at async ja (file:///home/runner/work/playground-tester/playground-tester/node_modules/@wp-playground/cli/cli.js:8161:12)\n  }\n}\n\n",
    "log": "/logs/plugins/w/wp-internetvista/error.json"
  },
  {
    "message": "file:///home/runner/work/playground-tester/playground-tester/node_modules/@wp-playground/cli/index.js:237\n        throw new Error(y, { cause: u });\n              ^\n",
    "level": "FATAL",
    "type": "PLAYGROUND",
    "test": "asyncify-boot",
    "plugin": "wp-internetvista",
    "details": "file:///home/runner/work/playground-tester/playground-tester/node_modules/@wp-playground/cli/index.js:237\n        throw new Error(y, { cause: u });\n              ^\n",
    "log": "/tmp/tmp.eMI9mjjsss"
  },
  {
    "message": "The use statement with non-compound name 'Exception' has no effect in /wordpress/wp-content/plugins/wl-wc-newsletter/db/upgrade_to_1_1.php on line 5",
    "level": "WARNING",
    "type": "PHP",
    "test": "asyncify-boot",
    "plugin": "wp-internetvista",
    "details": "[13-Apr-2025 02:07:43 UTC] PHP Warning:  The use statement with non-compound name 'Exception' has no effect in /wordpress/wp-content/plugins/wl-wc-newsletter/db/upgrade_to_1_1.php on line 5",
    "log": "/logs/plugins/w/wp-internetvista/error.json"
  },
  {
    "message": "The use statement with non-compound name 'PDOException' has no effect in /wordpress/wp-content/plugins/wl-wc-newsletter/db/upgrade_to_1_1.php on line 6",
    "level": "WARNING",
    "type": "PHP",
    "test": "asyncify-boot",
    "plugin": "wp-internetvista",
    "details": "[13-Apr-2025 02:07:43 UTC] PHP Warning:  The use statement with non-compound name 'PDOException' has no effect in /wordpress/wp-content/plugins/wl-wc-newsletter/db/upgrade_to_1_1.php on line 6",
    "log": "/logs/plugins/w/wp-internetvista/error.json"
  },
  {
    "message": "The use statement with non-compound name 'PDO' has no effect in /wordpress/wp-content/plugins/wl-wc-newsletter/db/upgrade_to_1_1.php on line 7",
    "level": "WARNING",
    "type": "PHP",
    "test": "asyncify-boot",
    "plugin": "wp-internetvista",
    "details": "[13-Apr-2025 02:07:43 UTC] PHP Warning:  The use statement with non-compound name 'PDO' has no effect in /wordpress/wp-content/plugins/wl-wc-newsletter/db/upgrade_to_1_1.php on line 7",
    "log": "/logs/plugins/w/wp-internetvista/error.json"
  },
  {
    "message": "Uncaught PDOException: SQLSTATE[HY000] [2002] Address family not supported by protocol in /wordpress/wp-content/plugins/wl-wc-newsletter/db/upgrade_to_1_1.php:20",
    "level": "FATAL",
    "type": "PHP",
    "test": "asyncify-boot",
    "plugin": "wp-internetvista",
    "details": "[13-Apr-2025 02:07:43 UTC] PHP Fatal error:  Uncaught PDOException: SQLSTATE[HY000] [2002] Address family not supported by protocol in /wordpress/wp-content/plugins/wl-wc-newsletter/db/upgrade_to_1_1.php:20\nStack trace:\n#0 /wordpress/wp-content/plugins/wl-wc-newsletter/db/upgrade_to_1_1.php(20): PDO->__construct('mysql:host=loca...', 'username_here', 'password_here')\n#1 /wordpress/wp-content/plugins/wl-wc-newsletter/db/migrate.php(159): require_once('/wordpress/wp-c...')\n#2 /wordpress/wp-content/plugins/wl-wc-newsletter/admin_functions.php(390): require_once('/wordpress/wp-c...')\n#3 /wordpress/wp-includes/class-wp-hook.php(324): wlwcn_activated(false)\n#4 /wordpress/wp-includes/class-wp-hook.php(348): WP_Hook->apply_filters('', Array)\n#5 /wordpress/wp-includes/plugin.php(517): WP_Hook->do_action(Array)\n#6 /wordpress/wp-admin/includes/plugin.php(703): do_action('activate_wl-wc-...', false)\n#7 /internal/eval.php(20): activate_plugin('wl-wc-newslette...')\n#8 {main}\n  thrown in /wordpress/wp-content/plugins/wl-wc-newsletter/db/upgrade_to_1_1.php on line 20",
    "log": "/logs/plugins/w/wp-internetvista/error.json"
  },
  {
    "message": "The use statement with non-compound name 'Exception' has no effect in /wordpress/wp-content/plugins/wl-wc-newsletter/db/upgrade_to_1_1.php on line 5",
    "level": "WARNING",
    "type": "PHP",
    "test": "asyncify-boot",
    "plugin": "wp-internetvista",
    "details": "[13-Apr-2025 02:07:56 UTC] PHP Warning:  The use statement with non-compound name 'Exception' has no effect in /wordpress/wp-content/plugins/wl-wc-newsletter/db/upgrade_to_1_1.php on line 5",
    "log": "/logs/plugins/w/wp-internetvista/error.json"
  },
  {
    "message": "The use statement with non-compound name 'PDOException' has no effect in /wordpress/wp-content/plugins/wl-wc-newsletter/db/upgrade_to_1_1.php on line 6",
    "level": "WARNING",
    "type": "PHP",
    "test": "asyncify-boot",
    "plugin": "wp-internetvista",
    "details": "[13-Apr-2025 02:07:56 UTC] PHP Warning:  The use statement with non-compound name 'PDOException' has no effect in /wordpress/wp-content/plugins/wl-wc-newsletter/db/upgrade_to_1_1.php on line 6",
    "log": "/logs/plugins/w/wp-internetvista/error.json"
  },
  {
    "message": "The use statement with non-compound name 'PDO' has no effect in /wordpress/wp-content/plugins/wl-wc-newsletter/db/upgrade_to_1_1.php on line 7",
    "level": "WARNING",
    "type": "PHP",
    "test": "asyncify-boot",
    "plugin": "wp-internetvista",
    "details": "[13-Apr-2025 02:07:56 UTC] PHP Warning:  The use statement with non-compound name 'PDO' has no effect in /wordpress/wp-content/plugins/wl-wc-newsletter/db/upgrade_to_1_1.php on line 7",
    "log": "/logs/plugins/w/wp-internetvista/error.json"
  },
  {
    "message": "Uncaught PDOException: SQLSTATE[HY000] [2002] Address family not supported by protocol in /wordpress/wp-content/plugins/wl-wc-newsletter/db/upgrade_to_1_1.php:20",
    "level": "FATAL",
    "type": "PHP",
    "test": "asyncify-boot",
    "plugin": "wp-internetvista",
    "details": "[13-Apr-2025 02:07:56 UTC] PHP Fatal error:  Uncaught PDOException: SQLSTATE[HY000] [2002] Address family not supported by protocol in /wordpress/wp-content/plugins/wl-wc-newsletter/db/upgrade_to_1_1.php:20\nStack trace:\n#0 /wordpress/wp-content/plugins/wl-wc-newsletter/db/upgrade_to_1_1.php(20): PDO->__construct('mysql:host=loca...', 'username_here', 'password_here')\n#1 /wordpress/wp-content/plugins/wl-wc-newsletter/db/migrate.php(159): require_once('/wordpress/wp-c...')\n#2 /wordpress/wp-content/plugins/wl-wc-newsletter/admin_functions.php(390): require_once('/wordpress/wp-c...')\n#3 /wordpress/wp-includes/class-wp-hook.php(324): wlwcn_activated(false)\n#4 /wordpress/wp-includes/class-wp-hook.php(348): WP_Hook->apply_filters('', Array)\n#5 /wordpress/wp-includes/plugin.php(517): WP_Hook->do_action(Array)\n#6 /wordpress/wp-admin/includes/plugin.php(703): do_action('activate_wl-wc-...', false)\n#7 /internal/eval.php(20): activate_plugin('wl-wc-newslette...')\n#8 {main}\n  thrown in /wordpress/wp-content/plugins/wl-wc-newsletter/db/upgrade_to_1_1.php on line 20",
    "log": "/logs/plugins/w/wp-internetvista/error.json"
  },
  {
    "message": "The use statement with non-compound name 'Exception' has no effect in /wordpress/wp-content/plugins/wl-wc-newsletter/db/upgrade_to_1_1.php on line 5",
    "level": "WARNING",
    "type": "PHP",
    "test": "asyncify-boot",
    "plugin": "wp-internetvista",
    "details": "[13-Apr-2025 02:08:08 UTC] PHP Warning:  The use statement with non-compound name 'Exception' has no effect in /wordpress/wp-content/plugins/wl-wc-newsletter/db/upgrade_to_1_1.php on line 5",
    "log": "/logs/plugins/w/wp-internetvista/error.json"
  },
  {
    "message": "The use statement with non-compound name 'PDOException' has no effect in /wordpress/wp-content/plugins/wl-wc-newsletter/db/upgrade_to_1_1.php on line 6",
    "level": "WARNING",
    "type": "PHP",
    "test": "asyncify-boot",
    "plugin": "wp-internetvista",
    "details": "[13-Apr-2025 02:08:08 UTC] PHP Warning:  The use statement with non-compound name 'PDOException' has no effect in /wordpress/wp-content/plugins/wl-wc-newsletter/db/upgrade_to_1_1.php on line 6",
    "log": "/logs/plugins/w/wp-internetvista/error.json"
  },
  {
    "message": "The use statement with non-compound name 'PDO' has no effect in /wordpress/wp-content/plugins/wl-wc-newsletter/db/upgrade_to_1_1.php on line 7",
    "level": "WARNING",
    "type": "PHP",
    "test": "asyncify-boot",
    "plugin": "wp-internetvista",
    "details": "[13-Apr-2025 02:08:08 UTC] PHP Warning:  The use statement with non-compound name 'PDO' has no effect in /wordpress/wp-content/plugins/wl-wc-newsletter/db/upgrade_to_1_1.php on line 7",
    "log": "/logs/plugins/w/wp-internetvista/error.json"
  },
  {
    "message": "Uncaught PDOException: SQLSTATE[HY000] [2002] Address family not supported by protocol in /wordpress/wp-content/plugins/wl-wc-newsletter/db/upgrade_to_1_1.php:20",
    "level": "FATAL",
    "type": "PHP",
    "test": "asyncify-boot",
    "plugin": "wp-internetvista",
    "details": "[13-Apr-2025 02:08:08 UTC] PHP Fatal error:  Uncaught PDOException: SQLSTATE[HY000] [2002] Address family not supported by protocol in /wordpress/wp-content/plugins/wl-wc-newsletter/db/upgrade_to_1_1.php:20\nStack trace:\n#0 /wordpress/wp-content/plugins/wl-wc-newsletter/db/upgrade_to_1_1.php(20): PDO->__construct('mysql:host=loca...', 'username_here', 'password_here')\n#1 /wordpress/wp-content/plugins/wl-wc-newsletter/db/migrate.php(159): require_once('/wordpress/wp-c...')\n#2 /wordpress/wp-content/plugins/wl-wc-newsletter/admin_functions.php(390): require_once('/wordpress/wp-c...')\n#3 /wordpress/wp-includes/class-wp-hook.php(324): wlwcn_activated(false)\n#4 /wordpress/wp-includes/class-wp-hook.php(348): WP_Hook->apply_filters('', Array)\n#5 /wordpress/wp-includes/plugin.php(517): WP_Hook->do_action(Array)\n#6 /wordpress/wp-admin/includes/plugin.php(703): do_action('activate_wl-wc-...', false)\n#7 /internal/eval.php(20): activate_plugin('wl-wc-newslette...')\n#8 {main}\n  thrown in /wordpress/wp-content/plugins/wl-wc-newsletter/db/upgrade_to_1_1.php on line 20",
    "log": "/logs/plugins/w/wp-internetvista/error.json"
  },
  {
    "message": "Uncaught ArgumentCountError: Too few arguments to function WP_Widget::__construct(), 0 passed in /wordpress/wp-includes/class-wp-widget-factory.php on line 62 and at least 2 expected in /wordpress/wp-includes/class-wp-widget.php:163",
    "level": "FATAL",
    "type": "PHP",
    "test": "asyncify-boot",
    "plugin": "wp-internetvista",
    "details": "[13-Apr-2025 02:12:00 UTC] PHP Fatal error:  Uncaught ArgumentCountError: Too few arguments to function WP_Widget::__construct(), 0 passed in /wordpress/wp-includes/class-wp-widget-factory.php on line 62 and at least 2 expected in /wordpress/wp-includes/class-wp-widget.php:163\nStack trace:\n#0 /wordpress/wp-includes/class-wp-widget-factory.php(62): WP_Widget->__construct()\n#1 /wordpress/wp-includes/widgets.php(123): WP_Widget_Factory->register('ClickBankAdDisp...')\n#2 /wordpress/wp-content/plugins/wp-clickbank-ad-display/WPClickBankAdDisplay.php(23): register_widget('ClickBankAdDisp...')\n#3 /wordpress/wp-includes/class-wp-hook.php(324): ClickBank_load_advertisement_widgets('')\n#4 /wordpress/wp-includes/class-wp-hook.php(348): WP_Hook->apply_filters(NULL, Array)\n#5 /wordpress/wp-includes/plugin.php(517): WP_Hook->do_action(Array)\n#6 /wordpress/wp-includes/widgets.php(1870): do_action('widgets_init')\n#7 /wordpress/wp-includes/class-wp-hook.php(324): wp_widgets_init('')\n#8 /wordpress/wp-includes/class-wp-hook.php(348): WP_Hook->apply_filters(NULL, Array)\n#9 /wordpress/wp-includes/plugin.php(517): WP_Hook->do_action(Array)\n#10 /wordpress/wp-settings.php(704): do_action('init')\n#11 /wordpress/wp-config.php(102): require_once('/wordpress/wp-s...')\n#12 /wordpress/wp-load.php(50): require_once('/wordpress/wp-c...')\n#13 /internal/eval.php(3): require_once('/wordpress/wp-l...')\n#14 {main}\n  thrown in /wordpress/wp-includes/class-wp-widget.php on line 163",
    "log": "/logs/plugins/w/wp-internetvista/error.json"
  },
  {
    "message": "Uncaught ArgumentCountError: Too few arguments to function WP_Widget::__construct(), 0 passed in /wordpress/wp-includes/class-wp-widget-factory.php on line 62 and at least 2 expected in /wordpress/wp-includes/class-wp-widget.php:163",
    "level": "FATAL",
    "type": "PHP",
    "test": "asyncify-boot",
    "plugin": "wp-internetvista",
    "details": "[13-Apr-2025 02:12:09 UTC] PHP Fatal error:  Uncaught ArgumentCountError: Too few arguments to function WP_Widget::__construct(), 0 passed in /wordpress/wp-includes/class-wp-widget-factory.php on line 62 and at least 2 expected in /wordpress/wp-includes/class-wp-widget.php:163\nStack trace:\n#0 /wordpress/wp-includes/class-wp-widget-factory.php(62): WP_Widget->__construct()\n#1 /wordpress/wp-includes/widgets.php(123): WP_Widget_Factory->register('ClickBankAdDisp...')\n#2 /wordpress/wp-content/plugins/wp-clickbank-ad-display/WPClickBankAdDisplay.php(23): register_widget('ClickBankAdDisp...')\n#3 /wordpress/wp-includes/class-wp-hook.php(324): ClickBank_load_advertisement_widgets('')\n#4 /wordpress/wp-includes/class-wp-hook.php(348): WP_Hook->apply_filters(NULL, Array)\n#5 /wordpress/wp-includes/plugin.php(517): WP_Hook->do_action(Array)\n#6 /wordpress/wp-includes/widgets.php(1870): do_action('widgets_init')\n#7 /wordpress/wp-includes/class-wp-hook.php(324): wp_widgets_init('')\n#8 /wordpress/wp-includes/class-wp-hook.php(348): WP_Hook->apply_filters(NULL, Array)\n#9 /wordpress/wp-includes/plugin.php(517): WP_Hook->do_action(Array)\n#10 /wordpress/wp-settings.php(704): do_action('init')\n#11 /wordpress/wp-config.php(102): require_once('/wordpress/wp-s...')\n#12 /wordpress/wp-load.php(50): require_once('/wordpress/wp-c...')\n#13 /internal/eval.php(3): require_once('/wordpress/wp-l...')\n#14 {main}\n  thrown in /wordpress/wp-includes/class-wp-widget.php on line 163",
    "log": "/logs/plugins/w/wp-internetvista/error.json"
  },
  {
    "message": "Uncaught ArgumentCountError: Too few arguments to function WP_Widget::__construct(), 0 passed in /wordpress/wp-includes/class-wp-widget-factory.php on line 62 and at least 2 expected in /wordpress/wp-includes/class-wp-widget.php:163",
    "level": "FATAL",
    "type": "PHP",
    "test": "asyncify-boot",
    "plugin": "wp-internetvista",
    "details": "[13-Apr-2025 02:12:18 UTC] PHP Fatal error:  Uncaught ArgumentCountError: Too few arguments to function WP_Widget::__construct(), 0 passed in /wordpress/wp-includes/class-wp-widget-factory.php on line 62 and at least 2 expected in /wordpress/wp-includes/class-wp-widget.php:163\nStack trace:\n#0 /wordpress/wp-includes/class-wp-widget-factory.php(62): WP_Widget->__construct()\n#1 /wordpress/wp-includes/widgets.php(123): WP_Widget_Factory->register('ClickBankAdDisp...')\n#2 /wordpress/wp-content/plugins/wp-clickbank-ad-display/WPClickBankAdDisplay.php(23): register_widget('ClickBankAdDisp...')\n#3 /wordpress/wp-includes/class-wp-hook.php(324): ClickBank_load_advertisement_widgets('')\n#4 /wordpress/wp-includes/class-wp-hook.php(348): WP_Hook->apply_filters(NULL, Array)\n#5 /wordpress/wp-includes/plugin.php(517): WP_Hook->do_action(Array)\n#6 /wordpress/wp-includes/widgets.php(1870): do_action('widgets_init')\n#7 /wordpress/wp-includes/class-wp-hook.php(324): wp_widgets_init('')\n#8 /wordpress/wp-includes/class-wp-hook.php(348): WP_Hook->apply_filters(NULL, Array)\n#9 /wordpress/wp-includes/plugin.php(517): WP_Hook->do_action(Array)\n#10 /wordpress/wp-settings.php(704): do_action('init')\n#11 /wordpress/wp-config.php(102): require_once('/wordpress/wp-s...')\n#12 /wordpress/wp-load.php(50): require_once('/wordpress/wp-c...')\n#13 /internal/eval.php(3): require_once('/wordpress/wp-l...')\n#14 {main}\n  thrown in /wordpress/wp-includes/class-wp-widget.php on line 163",
    "log": "/logs/plugins/w/wp-internetvista/error.json"
  },
  {
    "message": "Required parameter $wrapper follows optional parameter $type in /wordpress/wp-content/plugins/widgets-on-pages-and-posts/freemius/includes/class-fs-logger.php on line 143",
    "level": "DEPRECATED",
    "type": "PHP",
    "test": "asyncify-boot",
    "plugin": "wp-internetvista",
    "details": "[13-Apr-2025 02:15:26 UTC] PHP Deprecated:  Required parameter $wrapper follows optional parameter $type in /wordpress/wp-content/plugins/widgets-on-pages-and-posts/freemius/includes/class-fs-logger.php on line 143",
    "log": "/logs/plugins/w/wp-internetvista/error.json"
  },
  {
    "message": "Trying to access array offset on value of type bool in /wordpress/wp-content/plugins/widgets-on-pages-and-posts/includes/class-widgets-on-pages-activator.php on line 44",
    "level": "WARNING",
    "type": "PHP",
    "test": "asyncify-boot",
    "plugin": "wp-internetvista",
    "details": "[13-Apr-2025 02:15:28 UTC] PHP Warning:  Trying to access array offset on value of type bool in /wordpress/wp-content/plugins/widgets-on-pages-and-posts/includes/class-widgets-on-pages-activator.php on line 44",
    "log": "/logs/plugins/w/wp-internetvista/error.json"
  },
  {
    "message": "Trying to access array offset on value of type bool in /wordpress/wp-content/plugins/widgets-on-pages-and-posts/includes/class-widgets-on-pages-activator.php on line 47",
    "level": "WARNING",
    "type": "PHP",
    "test": "asyncify-boot",
    "plugin": "wp-internetvista",
    "details": "[13-Apr-2025 02:15:28 UTC] PHP Warning:  Trying to access array offset on value of type bool in /wordpress/wp-content/plugins/widgets-on-pages-and-posts/includes/class-widgets-on-pages-activator.php on line 47",
    "log": "/logs/plugins/w/wp-internetvista/error.json"
  },
  {
    "message": "Required parameter $wrapper follows optional parameter $type in /wordpress/wp-content/plugins/widgets-on-pages-and-posts/freemius/includes/class-fs-logger.php on line 143",
    "level": "DEPRECATED",
    "type": "PHP",
    "test": "asyncify-boot",
    "plugin": "wp-internetvista",
    "details": "[13-Apr-2025 02:15:29 UTC] PHP Deprecated:  Required parameter $wrapper follows optional parameter $type in /wordpress/wp-content/plugins/widgets-on-pages-and-posts/freemius/includes/class-fs-logger.php on line 143",
    "log": "/logs/plugins/w/wp-internetvista/error.json"
  },
  {
    "message": "Required parameter $wrapper follows optional parameter $type in /wordpress/wp-content/plugins/widgets-on-pages-and-posts/freemius/includes/class-fs-logger.php on line 143",
    "level": "DEPRECATED",
    "type": "PHP",
    "test": "asyncify-boot",
    "plugin": "wp-internetvista",
    "details": "[13-Apr-2025 02:15:37 UTC] PHP Deprecated:  Required parameter $wrapper follows optional parameter $type in /wordpress/wp-content/plugins/widgets-on-pages-and-posts/freemius/includes/class-fs-logger.php on line 143",
    "log": "/logs/plugins/w/wp-internetvista/error.json"
  },
  {
    "message": "Trying to access array offset on value of type bool in /wordpress/wp-content/plugins/widgets-on-pages-and-posts/includes/class-widgets-on-pages-activator.php on line 44",
    "level": "WARNING",
    "type": "PHP",
    "test": "asyncify-boot",
    "plugin": "wp-internetvista",
    "details": "[13-Apr-2025 02:15:38 UTC] PHP Warning:  Trying to access array offset on value of type bool in /wordpress/wp-content/plugins/widgets-on-pages-and-posts/includes/class-widgets-on-pages-activator.php on line 44",
    "log": "/logs/plugins/w/wp-internetvista/error.json"
  },
  {
    "message": "Trying to access array offset on value of type bool in /wordpress/wp-content/plugins/widgets-on-pages-and-posts/includes/class-widgets-on-pages-activator.php on line 47",
    "level": "WARNING",
    "type": "PHP",
    "test": "asyncify-boot",
    "plugin": "wp-internetvista",
    "details": "[13-Apr-2025 02:15:38 UTC] PHP Warning:  Trying to access array offset on value of type bool in /wordpress/wp-content/plugins/widgets-on-pages-and-posts/includes/class-widgets-on-pages-activator.php on line 47",
    "log": "/logs/plugins/w/wp-internetvista/error.json"
  },
  {
    "message": "Required parameter $wrapper follows optional parameter $type in /wordpress/wp-content/plugins/widgets-on-pages-and-posts/freemius/includes/class-fs-logger.php on line 143",
    "level": "DEPRECATED",
    "type": "PHP",
    "test": "asyncify-boot",
    "plugin": "wp-internetvista",
    "details": "[13-Apr-2025 02:15:40 UTC] PHP Deprecated:  Required parameter $wrapper follows optional parameter $type in /wordpress/wp-content/plugins/widgets-on-pages-and-posts/freemius/includes/class-fs-logger.php on line 143",
    "log": "/logs/plugins/w/wp-internetvista/error.json"
  },
  {
    "message": "Required parameter $wrapper follows optional parameter $type in /wordpress/wp-content/plugins/widgets-on-pages-and-posts/freemius/includes/class-fs-logger.php on line 143",
    "level": "DEPRECATED",
    "type": "PHP",
    "test": "asyncify-boot",
    "plugin": "wp-internetvista",
    "details": "[13-Apr-2025 02:15:49 UTC] PHP Deprecated:  Required parameter $wrapper follows optional parameter $type in /wordpress/wp-content/plugins/widgets-on-pages-and-posts/freemius/includes/class-fs-logger.php on line 143",
    "log": "/logs/plugins/w/wp-internetvista/error.json"
  },
  {
    "message": "Trying to access array offset on value of type bool in /wordpress/wp-content/plugins/widgets-on-pages-and-posts/includes/class-widgets-on-pages-activator.php on line 44",
    "level": "WARNING",
    "type": "PHP",
    "test": "asyncify-boot",
    "plugin": "wp-internetvista",
    "details": "[13-Apr-2025 02:15:50 UTC] PHP Warning:  Trying to access array offset on value of type bool in /wordpress/wp-content/plugins/widgets-on-pages-and-posts/includes/class-widgets-on-pages-activator.php on line 44",
    "log": "/logs/plugins/w/wp-internetvista/error.json"
  },
  {
    "message": "Trying to access array offset on value of type bool in /wordpress/wp-content/plugins/widgets-on-pages-and-posts/includes/class-widgets-on-pages-activator.php on line 47",
    "level": "WARNING",
    "type": "PHP",
    "test": "asyncify-boot",
    "plugin": "wp-internetvista",
    "details": "[13-Apr-2025 02:15:50 UTC] PHP Warning:  Trying to access array offset on value of type bool in /wordpress/wp-content/plugins/widgets-on-pages-and-posts/includes/class-widgets-on-pages-activator.php on line 47",
    "log": "/logs/plugins/w/wp-internetvista/error.json"
  },
  {
    "message": "Required parameter $wrapper follows optional parameter $type in /wordpress/wp-content/plugins/widgets-on-pages-and-posts/freemius/includes/class-fs-logger.php on line 143",
    "level": "DEPRECATED",
    "type": "PHP",
    "test": "asyncify-boot",
    "plugin": "wp-internetvista",
    "details": "[13-Apr-2025 02:15:51 UTC] PHP Deprecated:  Required parameter $wrapper follows optional parameter $type in /wordpress/wp-content/plugins/widgets-on-pages-and-posts/freemius/includes/class-fs-logger.php on line 143",
    "log": "/logs/plugins/w/wp-internetvista/error.json"
  },
  {
    "message": "\"continue\" targeting switch is equivalent to \"break\". Did you mean to use \"continue 2\"? in /wordpress/wp-content/plugins/woocommerce-paymaster-gateway-019/wc-paymaster.php on line 1284",
    "level": "WARNING",
    "type": "PHP",
    "test": "asyncify-boot",
    "plugin": "wp-internetvista",
    "details": "[13-Apr-2025 02:16:00 UTC] PHP Warning:  \"continue\" targeting switch is equivalent to \"break\". Did you mean to use \"continue 2\"? in /wordpress/wp-content/plugins/woocommerce-paymaster-gateway-019/wc-paymaster.php on line 1284",
    "log": "/logs/plugins/w/wp-internetvista/error.json"
  },
  {
    "message": "\"continue\" targeting switch is equivalent to \"break\". Did you mean to use \"continue 2\"? in /wordpress/wp-content/plugins/woocommerce-paymaster-gateway-019/wc-paymaster.php on line 1285",
    "level": "WARNING",
    "type": "PHP",
    "test": "asyncify-boot",
    "plugin": "wp-internetvista",
    "details": "[13-Apr-2025 02:16:00 UTC] PHP Warning:  \"continue\" targeting switch is equivalent to \"break\". Did you mean to use \"continue 2\"? in /wordpress/wp-content/plugins/woocommerce-paymaster-gateway-019/wc-paymaster.php on line 1285",
    "log": "/logs/plugins/w/wp-internetvista/error.json"
  },
  {
    "message": "\"continue\" targeting switch is equivalent to \"break\". Did you mean to use \"continue 2\"? in /wordpress/wp-content/plugins/woocommerce-paymaster-gateway-019/wc-paymaster.php on line 1284",
    "level": "WARNING",
    "type": "PHP",
    "test": "asyncify-boot",
    "plugin": "wp-internetvista",
    "details": "[13-Apr-2025 02:16:01 UTC] PHP Warning:  \"continue\" targeting switch is equivalent to \"break\". Did you mean to use \"continue 2\"? in /wordpress/wp-content/plugins/woocommerce-paymaster-gateway-019/wc-paymaster.php on line 1284",
    "log": "/logs/plugins/w/wp-internetvista/error.json"
  },
  {
    "message": "\"continue\" targeting switch is equivalent to \"break\". Did you mean to use \"continue 2\"? in /wordpress/wp-content/plugins/woocommerce-paymaster-gateway-019/wc-paymaster.php on line 1285",
    "level": "WARNING",
    "type": "PHP",
    "test": "asyncify-boot",
    "plugin": "wp-internetvista",
    "details": "[13-Apr-2025 02:16:01 UTC] PHP Warning:  \"continue\" targeting switch is equivalent to \"break\". Did you mean to use \"continue 2\"? in /wordpress/wp-content/plugins/woocommerce-paymaster-gateway-019/wc-paymaster.php on line 1285",
    "log": "/logs/plugins/w/wp-internetvista/error.json"
  },
  {
    "message": "\"continue\" targeting switch is equivalent to \"break\". Did you mean to use \"continue 2\"? in /wordpress/wp-content/plugins/woocommerce-paymaster-gateway-019/wc-paymaster.php on line 1284",
    "level": "WARNING",
    "type": "PHP",
    "test": "asyncify-boot",
    "plugin": "wp-internetvista",
    "details": "[13-Apr-2025 02:16:09 UTC] PHP Warning:  \"continue\" targeting switch is equivalent to \"break\". Did you mean to use \"continue 2\"? in /wordpress/wp-content/plugins/woocommerce-paymaster-gateway-019/wc-paymaster.php on line 1284",
    "log": "/logs/plugins/w/wp-internetvista/error.json"
  },
  {
    "message": "\"continue\" targeting switch is equivalent to \"break\". Did you mean to use \"continue 2\"? in /wordpress/wp-content/plugins/woocommerce-paymaster-gateway-019/wc-paymaster.php on line 1285",
    "level": "WARNING",
    "type": "PHP",
    "test": "asyncify-boot",
    "plugin": "wp-internetvista",
    "details": "[13-Apr-2025 02:16:10 UTC] PHP Warning:  \"continue\" targeting switch is equivalent to \"break\". Did you mean to use \"continue 2\"? in /wordpress/wp-content/plugins/woocommerce-paymaster-gateway-019/wc-paymaster.php on line 1285",
    "log": "/logs/plugins/w/wp-internetvista/error.json"
  },
  {
    "message": "\"continue\" targeting switch is equivalent to \"break\". Did you mean to use \"continue 2\"? in /wordpress/wp-content/plugins/woocommerce-paymaster-gateway-019/wc-paymaster.php on line 1284",
    "level": "WARNING",
    "type": "PHP",
    "test": "asyncify-boot",
    "plugin": "wp-internetvista",
    "details": "[13-Apr-2025 02:16:11 UTC] PHP Warning:  \"continue\" targeting switch is equivalent to \"break\". Did you mean to use \"continue 2\"? in /wordpress/wp-content/plugins/woocommerce-paymaster-gateway-019/wc-paymaster.php on line 1284",
    "log": "/logs/plugins/w/wp-internetvista/error.json"
  },
  {
    "message": "\"continue\" targeting switch is equivalent to \"break\". Did you mean to use \"continue 2\"? in /wordpress/wp-content/plugins/woocommerce-paymaster-gateway-019/wc-paymaster.php on line 1285",
    "level": "WARNING",
    "type": "PHP",
    "test": "asyncify-boot",
    "plugin": "wp-internetvista",
    "details": "[13-Apr-2025 02:16:11 UTC] PHP Warning:  \"continue\" targeting switch is equivalent to \"break\". Did you mean to use \"continue 2\"? in /wordpress/wp-content/plugins/woocommerce-paymaster-gateway-019/wc-paymaster.php on line 1285",
    "log": "/logs/plugins/w/wp-internetvista/error.json"
  },
  {
    "message": "\"continue\" targeting switch is equivalent to \"break\". Did you mean to use \"continue 2\"? in /wordpress/wp-content/plugins/woocommerce-paymaster-gateway-019/wc-paymaster.php on line 1284",
    "level": "WARNING",
    "type": "PHP",
    "test": "asyncify-boot",
    "plugin": "wp-internetvista",
    "details": "[13-Apr-2025 02:16:19 UTC] PHP Warning:  \"continue\" targeting switch is equivalent to \"break\". Did you mean to use \"continue 2\"? in /wordpress/wp-content/plugins/woocommerce-paymaster-gateway-019/wc-paymaster.php on line 1284",
    "log": "/logs/plugins/w/wp-internetvista/error.json"
  },
  {
    "message": "\"continue\" targeting switch is equivalent to \"break\". Did you mean to use \"continue 2\"? in /wordpress/wp-content/plugins/woocommerce-paymaster-gateway-019/wc-paymaster.php on line 1285",
    "level": "WARNING",
    "type": "PHP",
    "test": "asyncify-boot",
    "plugin": "wp-internetvista",
    "details": "[13-Apr-2025 02:16:19 UTC] PHP Warning:  \"continue\" targeting switch is equivalent to \"break\". Did you mean to use \"continue 2\"? in /wordpress/wp-content/plugins/woocommerce-paymaster-gateway-019/wc-paymaster.php on line 1285",
    "log": "/logs/plugins/w/wp-internetvista/error.json"
  },
  {
    "message": "\"continue\" targeting switch is equivalent to \"break\". Did you mean to use \"continue 2\"? in /wordpress/wp-content/plugins/woocommerce-paymaster-gateway-019/wc-paymaster.php on line 1284",
    "level": "WARNING",
    "type": "PHP",
    "test": "asyncify-boot",
    "plugin": "wp-internetvista",
    "details": "[13-Apr-2025 02:16:20 UTC] PHP Warning:  \"continue\" targeting switch is equivalent to \"break\". Did you mean to use \"continue 2\"? in /wordpress/wp-content/plugins/woocommerce-paymaster-gateway-019/wc-paymaster.php on line 1284",
    "log": "/logs/plugins/w/wp-internetvista/error.json"
  },
  {
    "message": "\"continue\" targeting switch is equivalent to \"break\". Did you mean to use \"continue 2\"? in /wordpress/wp-content/plugins/woocommerce-paymaster-gateway-019/wc-paymaster.php on line 1285",
    "level": "WARNING",
    "type": "PHP",
    "test": "asyncify-boot",
    "plugin": "wp-internetvista",
    "details": "[13-Apr-2025 02:16:20 UTC] PHP Warning:  \"continue\" targeting switch is equivalent to \"break\". Did you mean to use \"continue 2\"? in /wordpress/wp-content/plugins/woocommerce-paymaster-gateway-019/wc-paymaster.php on line 1285",
    "log": "/logs/plugins/w/wp-internetvista/error.json"
  },
  {
    "message": "syntax error, unexpected token \"if\", expecting \"function\" or \"const\" in /wordpress/wp-content/plugins/wordpress-lexicon/lexikon.php on line 137",
    "level": "PARSE",
    "type": "PHP",
    "test": "asyncify-boot",
    "plugin": "wp-internetvista",
    "details": "[13-Apr-2025 02:16:28 UTC] PHP Parse error:  syntax error, unexpected token \"if\", expecting \"function\" or \"const\" in /wordpress/wp-content/plugins/wordpress-lexicon/lexikon.php on line 137",
    "log": "/logs/plugins/w/wp-internetvista/error.json"
  },
  {
    "message": "syntax error, unexpected token \"if\", expecting \"function\" or \"const\" in /wordpress/wp-content/plugins/wordpress-lexicon/lexikon.php on line 137",
    "level": "PARSE",
    "type": "PHP",
    "test": "asyncify-boot",
    "plugin": "wp-internetvista",
    "details": "[13-Apr-2025 02:16:35 UTC] PHP Parse error:  syntax error, unexpected token \"if\", expecting \"function\" or \"const\" in /wordpress/wp-content/plugins/wordpress-lexicon/lexikon.php on line 137",
    "log": "/logs/plugins/w/wp-internetvista/error.json"
  },
  {
    "message": "syntax error, unexpected token \"if\", expecting \"function\" or \"const\" in /wordpress/wp-content/plugins/wordpress-lexicon/lexikon.php on line 137",
    "level": "PARSE",
    "type": "PHP",
    "test": "asyncify-boot",
    "plugin": "wp-internetvista",
    "details": "[13-Apr-2025 02:16:43 UTC] PHP Parse error:  syntax error, unexpected token \"if\", expecting \"function\" or \"const\" in /wordpress/wp-content/plugins/wordpress-lexicon/lexikon.php on line 137",
    "log": "/logs/plugins/w/wp-internetvista/error.json"
  },
  {
    "message": "Undefined variable $wp_version in /wordpress/wp-content/plugins/wp-amember-dashboard-widget/wp-amember.php on line 14",
    "level": "WARNING",
    "type": "PHP",
    "test": "asyncify-boot",
    "plugin": "wp-internetvista",
    "details": "[13-Apr-2025 02:16:51 UTC] PHP Warning:  Undefined variable $wp_version in /wordpress/wp-content/plugins/wp-amember-dashboard-widget/wp-amember.php on line 14",
    "log": "/logs/plugins/w/wp-internetvista/error.json"
  },
  {
    "message": "Uncaught TypeError: call_user_func_array(): Argument #1 ($callback) must be a valid callback, function \"widget_wpAmember_init\" not found or invalid function name in /wordpress/wp-includes/class-wp-hook.php:324",
    "level": "FATAL",
    "type": "PHP",
    "test": "asyncify-boot",
    "plugin": "wp-internetvista",
    "details": "[13-Apr-2025 02:16:52 UTC] PHP Fatal error:  Uncaught TypeError: call_user_func_array(): Argument #1 ($callback) must be a valid callback, function \"widget_wpAmember_init\" not found or invalid function name in /wordpress/wp-includes/class-wp-hook.php:324\nStack trace:\n#0 /wordpress/wp-includes/class-wp-hook.php(348): WP_Hook->apply_filters(NULL, Array)\n#1 /wordpress/wp-includes/plugin.php(517): WP_Hook->do_action(Array)\n#2 /wordpress/wp-includes/widgets.php(1870): do_action('widgets_init')\n#3 /wordpress/wp-includes/class-wp-hook.php(324): wp_widgets_init('')\n#4 /wordpress/wp-includes/class-wp-hook.php(348): WP_Hook->apply_filters(NULL, Array)\n#5 /wordpress/wp-includes/plugin.php(517): WP_Hook->do_action(Array)\n#6 /wordpress/wp-settings.php(704): do_action('init')\n#7 /wordpress/wp-config.php(102): require_once('/wordpress/wp-s...')\n#8 /wordpress/wp-load.php(50): require_once('/wordpress/wp-c...')\n#9 /internal/eval.php(3): require_once('/wordpress/wp-l...')\n#10 {main}\n  thrown in /wordpress/wp-includes/class-wp-hook.php on line 324",
    "log": "/logs/plugins/w/wp-internetvista/error.json"
  },
  {
    "message": "Undefined variable $wp_version in /wordpress/wp-content/plugins/wp-amember-dashboard-widget/wp-amember.php on line 14",
    "level": "WARNING",
    "type": "PHP",
    "test": "asyncify-boot",
    "plugin": "wp-internetvista",
    "details": "[13-Apr-2025 02:16:59 UTC] PHP Warning:  Undefined variable $wp_version in /wordpress/wp-content/plugins/wp-amember-dashboard-widget/wp-amember.php on line 14",
    "log": "/logs/plugins/w/wp-internetvista/error.json"
  },
  {
    "message": "Uncaught TypeError: call_user_func_array(): Argument #1 ($callback) must be a valid callback, function \"widget_wpAmember_init\" not found or invalid function name in /wordpress/wp-includes/class-wp-hook.php:324",
    "level": "FATAL",
    "type": "PHP",
    "test": "asyncify-boot",
    "plugin": "wp-internetvista",
    "details": "[13-Apr-2025 02:17:00 UTC] PHP Fatal error:  Uncaught TypeError: call_user_func_array(): Argument #1 ($callback) must be a valid callback, function \"widget_wpAmember_init\" not found or invalid function name in /wordpress/wp-includes/class-wp-hook.php:324\nStack trace:\n#0 /wordpress/wp-includes/class-wp-hook.php(348): WP_Hook->apply_filters(NULL, Array)\n#1 /wordpress/wp-includes/plugin.php(517): WP_Hook->do_action(Array)\n#2 /wordpress/wp-includes/widgets.php(1870): do_action('widgets_init')\n#3 /wordpress/wp-includes/class-wp-hook.php(324): wp_widgets_init('')\n#4 /wordpress/wp-includes/class-wp-hook.php(348): WP_Hook->apply_filters(NULL, Array)\n#5 /wordpress/wp-includes/plugin.php(517): WP_Hook->do_action(Array)\n#6 /wordpress/wp-settings.php(704): do_action('init')\n#7 /wordpress/wp-config.php(102): require_once('/wordpress/wp-s...')\n#8 /wordpress/wp-load.php(50): require_once('/wordpress/wp-c...')\n#9 /internal/eval.php(3): require_once('/wordpress/wp-l...')\n#10 {main}\n  thrown in /wordpress/wp-includes/class-wp-hook.php on line 324",
    "log": "/logs/plugins/w/wp-internetvista/error.json"
  },
  {
    "message": "Undefined variable $wp_version in /wordpress/wp-content/plugins/wp-amember-dashboard-widget/wp-amember.php on line 14",
    "level": "WARNING",
    "type": "PHP",
    "test": "asyncify-boot",
    "plugin": "wp-internetvista",
    "details": "[13-Apr-2025 02:17:07 UTC] PHP Warning:  Undefined variable $wp_version in /wordpress/wp-content/plugins/wp-amember-dashboard-widget/wp-amember.php on line 14",
    "log": "/logs/plugins/w/wp-internetvista/error.json"
  },
  {
    "message": "Uncaught TypeError: call_user_func_array(): Argument #1 ($callback) must be a valid callback, function \"widget_wpAmember_init\" not found or invalid function name in /wordpress/wp-includes/class-wp-hook.php:324",
    "level": "FATAL",
    "type": "PHP",
    "test": "asyncify-boot",
    "plugin": "wp-internetvista",
    "details": "[13-Apr-2025 02:17:08 UTC] PHP Fatal error:  Uncaught TypeError: call_user_func_array(): Argument #1 ($callback) must be a valid callback, function \"widget_wpAmember_init\" not found or invalid function name in /wordpress/wp-includes/class-wp-hook.php:324\nStack trace:\n#0 /wordpress/wp-includes/class-wp-hook.php(348): WP_Hook->apply_filters(NULL, Array)\n#1 /wordpress/wp-includes/plugin.php(517): WP_Hook->do_action(Array)\n#2 /wordpress/wp-includes/widgets.php(1870): do_action('widgets_init')\n#3 /wordpress/wp-includes/class-wp-hook.php(324): wp_widgets_init('')\n#4 /wordpress/wp-includes/class-wp-hook.php(348): WP_Hook->apply_filters(NULL, Array)\n#5 /wordpress/wp-includes/plugin.php(517): WP_Hook->do_action(Array)\n#6 /wordpress/wp-settings.php(704): do_action('init')\n#7 /wordpress/wp-config.php(102): require_once('/wordpress/wp-s...')\n#8 /wordpress/wp-load.php(50): require_once('/wordpress/wp-c...')\n#9 /internal/eval.php(3): require_once('/wordpress/wp-l...')\n#10 {main}\n  thrown in /wordpress/wp-includes/class-wp-hook.php on line 324",
    "log": "/logs/plugins/w/wp-internetvista/error.json"
  },
  {
    "message": "SQLSTATE[HY000]: General error: 20 datatype mismatch.",
    "level": "FATAL",
    "type": "SQL",
    "test": "asyncify-boot",
    "plugin": "wp-internetvista",
    "details": "[13-Apr-2025 02:17:26 UTC] WordPress database error <div style=\"clear:both\">&nbsp;</div>\n<div class=\"queries\" style=\"clear:both;margin-bottom:2px;border:red dotted thin;\">\n<p>MySQL query:</p>\n<p>INSERT INTO `wp_church_donation_settings` \r\n        (`id` ,`payment_gateway_name` ,`payment_method` ,`credentials_data` ,`enabled`) \r\n        VALUES \r\n        ('', 'Authorize', 'AIM', '', '1')</p>\n<p>Queries made or created this session were:</p>\n<ol>\n<li>Executing: BEGIN | (no parameters)</li>\n<li>Executing: INSERT INTO `wp_church_donation_settings` \r\n        (`id` ,`payment_gateway_name` ,`payment_method` ,`credentials_data` ,`enabled`) \r\n        VALUES \r\n        (:param0 , :param1 , :param2 , :param3 , :param4 ) | parameters: , Authorize, AIM, , 1</li>\n<li>Executing: ROLLBACK | (no parameters)</li>\n</ol>\n</div>\n<div style=\"clear:both;margin-bottom:2px;border:red dotted thin;\" class=\"error_message\" style=\"border-bottom:dotted blue thin;\">\nError occurred at line 4117 in Function <code>handle_error</code>. Error message was: SQLSTATE[HY000]: General error: 20 datatype mismatch.\n</div>\n<p>Backtrace:</p>\n<pre>#0 /internal/shared/sqlite-database-integration/wp-includes/sqlite/class-wp-sqlite-db.php(287): WP_SQLite_Translator->get_error_message()\n#1 /wordpress/wp-admin/includes/upgrade.php(3271): WP_SQLite_DB->query('INSERT INTO `wp...')\n#2 /wordpress/wp-content/plugins/wp-church-donation/wp-church-donation.php(166): dbDelta(Array)\n#3 /wordpress/wp-includes/class-wp-hook.php(324): install_wp_church_donation(false)\n#4 /wordpress/wp-includes/class-wp-hook.php(348): WP_Hook->apply_filters('', Array)\n#5 /wordpress/wp-includes/plugin.php(517): WP_Hook->do_action(Array)\n#6 /wordpress/wp-admin/includes/plugin.php(703): do_action('activate_wp-chu...', false)\n#7 /internal/eval.php(20): activate_plugin('wp-church-donat...')\n#8 {main}</pre>\n for query INSERT INTO `wp_church_donation_settings` \r\n        (`id` ,`payment_gateway_name` ,`payment_method` ,`credentials_data` ,`enabled`) \r\n        VALUES \r\n        ('', 'Authorize', 'AIM', '', '1') made by activate_plugin, do_action('activate_wp-church-donation/wp-church-donation.php'), WP_Hook->do_action, WP_Hook->apply_filters, install_wp_church_donation, dbDelta, WP_SQLite_DB->query, WP_SQLite_DB->print_error",
    "log": "/logs/plugins/w/wp-internetvista/error.json"
  },
  {
    "message": "SQLSTATE[HY000]: General error: 20 datatype mismatch.",
    "level": "FATAL",
    "type": "SQL",
    "test": "asyncify-boot",
    "plugin": "wp-internetvista",
    "details": "[13-Apr-2025 02:17:26 UTC] WordPress database error <div style=\"clear:both\">&nbsp;</div>\n<div class=\"queries\" style=\"clear:both;margin-bottom:2px;border:red dotted thin;\">\n<p>MySQL query:</p>\n<p>INSERT INTO `wp_church_donation_content` \r\n        (`id` ,`donation_form_heading` ,`donation_form_message` ,`thank_you_page_content` ,`thank_you_email_subject`,`thank_you_email_content`) \r\n        VALUES \r\n        ('', \r\n        'Make your donation', \r\n        'Thank you for your interest in supporting our Church. Your financial contributions provide an immediate answer to the most pressing needs for outreach.\r\n        These gifts help us overcome the everyday challenges that stand between our future vision and our present reality. Your gift will go to the area of greatest need. If you wish your donation to be designated for a particular area or program, please note your wishes in the comment box. \r\n        Thank you for your generosity.', \r\n        'Thank you for your interest in supporting our Church. Your financial contributions provide an immediate answer to the most pressing needs for outreach.\r\n        These gifts help us overcome the everyday challenges that stand between our future vision and our present reality. Your gift will go to the area of greatest need. If you wish your donation to be designated for a particular area or program. \r\n        Thank you for your donation.',\r\n        'We received your donation, thank you very much for this.',\r\n        'Thank you for your interest in supporting our Church. Your financial contributions provide an immediate answer to the most pressing needs for outreach.\r\n        These gifts help us overcome the everyday challenges that stand between our future vision and our present reality. Your gift will go to the area of greatest need. If you wish your donation to be designated for a particular area or program.\r\n        Thank you for your donation.')</p>\n<p>Queries made or created this session were:</p>\n<ol>\n<li>Executing: BEGIN | (no parameters)</li>\n<li>Executing: INSERT INTO `wp_church_donation_content` \r\n        (`id` ,`donation_form_heading` ,`donation_form_message` ,`thank_you_page_content` ,`thank_you_email_subject`,`thank_you_email_content`) \r\n        VALUES \r\n        (:param0 , \r\n        :param1 , \r\n        :param2 , \r\n        :param3 ,\r\n        :param4 ,\r\n        :param5 ) | parameters: , Make your donation, Thank you for your interest in supporting our Church. Your financial contributions provide an immediate answer to the most pressing needs for outreach.\r\n        These gifts help us overcome the everyday challenges that stand between our future vision and our present reality. Your gift will go to the area of greatest need. If you wish your donation to be designated for a particular area or program, please note your wishes in the comment box. \r\n        Thank you for your generosity., Thank you for your interest in supporting our Church. Your financial contributions provide an immediate answer to the most pressing needs for outreach.\r\n        These gifts help us overcome the everyday challenges that stand between our future vision and our present reality. Your gift will go to the area of greatest need. If you wish your donation to be designated for a particular area or program. \r\n        Thank you for your donation., We received your donation, thank you very much for this., Thank you for your interest in supporting our Church. Your financial contributions provide an immediate answer to the most pressing needs for outreach.\r\n        These gifts help us overcome the everyday challenges that stand between our future vision and our present reality. Your gift will go to the area of greatest need. If you wish your donation to be designated for a particular area or program.\r\n        Thank you for your donation.</li>\n<li>Executing: ROLLBACK | (no parameters)</li>\n</ol>\n</div>\n<div style=\"clear:both;margin-bottom:2px;border:red dotted thin;\" class=\"error_message\" style=\"border-bottom:dotted blue thin;\">\nError occurred at line 4117 in Function <code>handle_error</code>. Error message was: SQLSTATE[HY000]: General error: 20 datatype mismatch.\n</div>\n<p>Backtrace:</p>\n<pre>#0 /internal/shared/sqlite-database-integration/wp-includes/sqlite/class-wp-sqlite-db.php(287): WP_SQLite_Translator->get_error_message()\n#1 /wordpress/wp-admin/includes/upgrade.php(3271): WP_SQLite_DB->query('INSERT INTO `wp...')\n#2 /wordpress/wp-content/plugins/wp-church-donation/wp-church-donation.php(168): dbDelta(Array)\n#3 /wordpress/wp-includes/class-wp-hook.php(324): install_wp_church_donation(false)\n#4 /wordpress/wp-includes/class-wp-hook.php(348): WP_Hook->apply_filters('', Array)\n#5 /wordpress/wp-includes/plugin.php(517): WP_Hook->do_action(Array)\n#6 /wordpress/wp-admin/includes/plugin.php(703): do_action('activate_wp-chu...', false)\n#7 /internal/eval.php(20): activate_plugin('wp-church-donat...')\n#8 {main}</pre>\n for query INSERT INTO `wp_church_donation_content` \r\n        (`id` ,`donation_form_heading` ,`donation_form_message` ,`thank_you_page_content` ,`thank_you_email_subject`,`thank_you_email_content`) \r\n        VALUES \r\n        ('', \r\n        'Make your donation', \r\n        'Thank you for your interest in supporting our Church. Your financial contributions provide an immediate answer to the most pressing needs for outreach.\r\n        These gifts help us overcome the everyday challenges that stand between our future vision and our present reality. Your gift will go to the area of greatest need. If you wish your donation to be designated for a particular area or program, please note your wishes in the comment box. \r\n        Thank you for your generosity.', \r\n        'Thank you for your interest in supporting our Church. Your financial contributions provide an immediate answer to the most pressing needs for outreach.\r\n        These gifts help us overcome the everyday challenges that stand between our future vision and our present reality. Your gift will go to the area of greatest need. If you wish your donation to be designated for a particular area or program. \r\n        Thank you for your donation.',\r\n        'We received your donation, thank you very much for this.',\r\n        'Thank you for your interest in supporting our Church. Your financial contributions provide an immediate answer to the most pressing needs for outreach.\r\n        These gifts help us overcome the everyday challenges that stand between our future vision and our present reality. Your gift will go to the area of greatest need. If you wish your donation to be designated for a particular area or program.\r\n        Thank you for your donation.') made by activate_plugin, do_action('activate_wp-church-donation/wp-church-donation.php'), WP_Hook->do_action, WP_Hook->apply_filters, install_wp_church_donation, dbDelta, WP_SQLite_DB->query, WP_SQLite_DB->print_error",
    "log": "/logs/plugins/w/wp-internetvista/error.json"
  },
  {
    "message": "SQLSTATE[HY000]: General error: 20 datatype mismatch.",
    "level": "FATAL",
    "type": "SQL",
    "test": "asyncify-boot",
    "plugin": "wp-internetvista",
    "details": "[13-Apr-2025 02:17:35 UTC] WordPress database error <div style=\"clear:both\">&nbsp;</div>\n<div class=\"queries\" style=\"clear:both;margin-bottom:2px;border:red dotted thin;\">\n<p>MySQL query:</p>\n<p>INSERT INTO `wp_church_donation_settings` \r\n        (`id` ,`payment_gateway_name` ,`payment_method` ,`credentials_data` ,`enabled`) \r\n        VALUES \r\n        ('', 'Authorize', 'AIM', '', '1')</p>\n<p>Queries made or created this session were:</p>\n<ol>\n<li>Executing: BEGIN | (no parameters)</li>\n<li>Executing: INSERT INTO `wp_church_donation_settings` \r\n        (`id` ,`payment_gateway_name` ,`payment_method` ,`credentials_data` ,`enabled`) \r\n        VALUES \r\n        (:param0 , :param1 , :param2 , :param3 , :param4 ) | parameters: , Authorize, AIM, , 1</li>\n<li>Executing: ROLLBACK | (no parameters)</li>\n</ol>\n</div>\n<div style=\"clear:both;margin-bottom:2px;border:red dotted thin;\" class=\"error_message\" style=\"border-bottom:dotted blue thin;\">\nError occurred at line 4117 in Function <code>handle_error</code>. Error message was: SQLSTATE[HY000]: General error: 20 datatype mismatch.\n</div>\n<p>Backtrace:</p>\n<pre>#0 /internal/shared/sqlite-database-integration/wp-includes/sqlite/class-wp-sqlite-db.php(287): WP_SQLite_Translator->get_error_message()\n#1 /wordpress/wp-admin/includes/upgrade.php(3271): WP_SQLite_DB->query('INSERT INTO `wp...')\n#2 /wordpress/wp-content/plugins/wp-church-donation/wp-church-donation.php(166): dbDelta(Array)\n#3 /wordpress/wp-includes/class-wp-hook.php(324): install_wp_church_donation(false)\n#4 /wordpress/wp-includes/class-wp-hook.php(348): WP_Hook->apply_filters('', Array)\n#5 /wordpress/wp-includes/plugin.php(517): WP_Hook->do_action(Array)\n#6 /wordpress/wp-admin/includes/plugin.php(703): do_action('activate_wp-chu...', false)\n#7 /internal/eval.php(20): activate_plugin('wp-church-donat...')\n#8 {main}</pre>\n for query INSERT INTO `wp_church_donation_settings` \r\n        (`id` ,`payment_gateway_name` ,`payment_method` ,`credentials_data` ,`enabled`) \r\n        VALUES \r\n        ('', 'Authorize', 'AIM', '', '1') made by activate_plugin, do_action('activate_wp-church-donation/wp-church-donation.php'), WP_Hook->do_action, WP_Hook->apply_filters, install_wp_church_donation, dbDelta, WP_SQLite_DB->query, WP_SQLite_DB->print_error",
    "log": "/logs/plugins/w/wp-internetvista/error.json"
  },
  {
    "message": "SQLSTATE[HY000]: General error: 20 datatype mismatch.",
    "level": "FATAL",
    "type": "SQL",
    "test": "asyncify-boot",
    "plugin": "wp-internetvista",
    "details": "[13-Apr-2025 02:17:35 UTC] WordPress database error <div style=\"clear:both\">&nbsp;</div>\n<div class=\"queries\" style=\"clear:both;margin-bottom:2px;border:red dotted thin;\">\n<p>MySQL query:</p>\n<p>INSERT INTO `wp_church_donation_content` \r\n        (`id` ,`donation_form_heading` ,`donation_form_message` ,`thank_you_page_content` ,`thank_you_email_subject`,`thank_you_email_content`) \r\n        VALUES \r\n        ('', \r\n        'Make your donation', \r\n        'Thank you for your interest in supporting our Church. Your financial contributions provide an immediate answer to the most pressing needs for outreach.\r\n        These gifts help us overcome the everyday challenges that stand between our future vision and our present reality. Your gift will go to the area of greatest need. If you wish your donation to be designated for a particular area or program, please note your wishes in the comment box. \r\n        Thank you for your generosity.', \r\n        'Thank you for your interest in supporting our Church. Your financial contributions provide an immediate answer to the most pressing needs for outreach.\r\n        These gifts help us overcome the everyday challenges that stand between our future vision and our present reality. Your gift will go to the area of greatest need. If you wish your donation to be designated for a particular area or program. \r\n        Thank you for your donation.',\r\n        'We received your donation, thank you very much for this.',\r\n        'Thank you for your interest in supporting our Church. Your financial contributions provide an immediate answer to the most pressing needs for outreach.\r\n        These gifts help us overcome the everyday challenges that stand between our future vision and our present reality. Your gift will go to the area of greatest need. If you wish your donation to be designated for a particular area or program.\r\n        Thank you for your donation.')</p>\n<p>Queries made or created this session were:</p>\n<ol>\n<li>Executing: BEGIN | (no parameters)</li>\n<li>Executing: INSERT INTO `wp_church_donation_content` \r\n        (`id` ,`donation_form_heading` ,`donation_form_message` ,`thank_you_page_content` ,`thank_you_email_subject`,`thank_you_email_content`) \r\n        VALUES \r\n        (:param0 , \r\n        :param1 , \r\n        :param2 , \r\n        :param3 ,\r\n        :param4 ,\r\n        :param5 ) | parameters: , Make your donation, Thank you for your interest in supporting our Church. Your financial contributions provide an immediate answer to the most pressing needs for outreach.\r\n        These gifts help us overcome the everyday challenges that stand between our future vision and our present reality. Your gift will go to the area of greatest need. If you wish your donation to be designated for a particular area or program, please note your wishes in the comment box. \r\n        Thank you for your generosity., Thank you for your interest in supporting our Church. Your financial contributions provide an immediate answer to the most pressing needs for outreach.\r\n        These gifts help us overcome the everyday challenges that stand between our future vision and our present reality. Your gift will go to the area of greatest need. If you wish your donation to be designated for a particular area or program. \r\n        Thank you for your donation., We received your donation, thank you very much for this., Thank you for your interest in supporting our Church. Your financial contributions provide an immediate answer to the most pressing needs for outreach.\r\n        These gifts help us overcome the everyday challenges that stand between our future vision and our present reality. Your gift will go to the area of greatest need. If you wish your donation to be designated for a particular area or program.\r\n        Thank you for your donation.</li>\n<li>Executing: ROLLBACK | (no parameters)</li>\n</ol>\n</div>\n<div style=\"clear:both;margin-bottom:2px;border:red dotted thin;\" class=\"error_message\" style=\"border-bottom:dotted blue thin;\">\nError occurred at line 4117 in Function <code>handle_error</code>. Error message was: SQLSTATE[HY000]: General error: 20 datatype mismatch.\n</div>\n<p>Backtrace:</p>\n<pre>#0 /internal/shared/sqlite-database-integration/wp-includes/sqlite/class-wp-sqlite-db.php(287): WP_SQLite_Translator->get_error_message()\n#1 /wordpress/wp-admin/includes/upgrade.php(3271): WP_SQLite_DB->query('INSERT INTO `wp...')\n#2 /wordpress/wp-content/plugins/wp-church-donation/wp-church-donation.php(168): dbDelta(Array)\n#3 /wordpress/wp-includes/class-wp-hook.php(324): install_wp_church_donation(false)\n#4 /wordpress/wp-includes/class-wp-hook.php(348): WP_Hook->apply_filters('', Array)\n#5 /wordpress/wp-includes/plugin.php(517): WP_Hook->do_action(Array)\n#6 /wordpress/wp-admin/includes/plugin.php(703): do_action('activate_wp-chu...', false)\n#7 /internal/eval.php(20): activate_plugin('wp-church-donat...')\n#8 {main}</pre>\n for query INSERT INTO `wp_church_donation_content` \r\n        (`id` ,`donation_form_heading` ,`donation_form_message` ,`thank_you_page_content` ,`thank_you_email_subject`,`thank_you_email_content`) \r\n        VALUES \r\n        ('', \r\n        'Make your donation', \r\n        'Thank you for your interest in supporting our Church. Your financial contributions provide an immediate answer to the most pressing needs for outreach.\r\n        These gifts help us overcome the everyday challenges that stand between our future vision and our present reality. Your gift will go to the area of greatest need. If you wish your donation to be designated for a particular area or program, please note your wishes in the comment box. \r\n        Thank you for your generosity.', \r\n        'Thank you for your interest in supporting our Church. Your financial contributions provide an immediate answer to the most pressing needs for outreach.\r\n        These gifts help us overcome the everyday challenges that stand between our future vision and our present reality. Your gift will go to the area of greatest need. If you wish your donation to be designated for a particular area or program. \r\n        Thank you for your donation.',\r\n        'We received your donation, thank you very much for this.',\r\n        'Thank you for your interest in supporting our Church. Your financial contributions provide an immediate answer to the most pressing needs for outreach.\r\n        These gifts help us overcome the everyday challenges that stand between our future vision and our present reality. Your gift will go to the area of greatest need. If you wish your donation to be designated for a particular area or program.\r\n        Thank you for your donation.') made by activate_plugin, do_action('activate_wp-church-donation/wp-church-donation.php'), WP_Hook->do_action, WP_Hook->apply_filters, install_wp_church_donation, dbDelta, WP_SQLite_DB->query, WP_SQLite_DB->print_error\n\n    at Object.onBind (file:///home/runner/work/playground-tester/playground-tester/node_modules/@wp-playground/cli/index.js:237:15)\n    at process.processTicksAndRejections (node:internal/process/task_queues:105:5)\n    at async V (file:///home/runner/work/playground-tester/playground-tester/node_modules/@wp-playground/cli/index.js:64:10)\n    at async ja (file:///home/runner/work/playground-tester/playground-tester/node_modules/@wp-playground/cli/cli.js:8161:12) {\n  [cause]: Error: Error when executing the blueprint step #1 ({\"step\":\"installPlugin\",\"pluginData\":{\"resource\":\"wordpress.org/plugins\",\"slug\":\"wp-internetvista\"},\"options\":{\"activate\":true}}) : Plugin /wordpress/wp-content/plugins/wp-internetvista could not be activated  WordPress exited with no error. Sometimes, when $_SERVER or site options are not configured correctly, WordPress exits early with a 301 redirect. Inspect the \"debug\" logs in the console for more details.\n      at Object.run (file:///home/runner/work/playground-tester/playground-tester/node_modules/@wp-playground/blueprints/index.js:12449:19)\n      at process.processTicksAndRejections (node:internal/process/task_queues:105:5)\n      at async ms (file:///home/runner/work/playground-tester/playground-tester/node_modules/@wp-playground/blueprints/index.js:12552:3)\n      ... 2 lines matching cause stack trace ...\n      at async ja (file:///home/runner/work/playground-tester/playground-tester/node_modules/@wp-playground/cli/cli.js:8161:12) {\n    [cause]: Error: Plugin /wordpress/wp-content/plugins/wp-internetvista could not be activated  WordPress exited with no error. Sometimes, when $_SERVER or site options are not configured correctly, WordPress exits early with a 301 redirect. Inspect the \"debug\" logs in the console for more details.\n        at wr (file:///home/runner/work/playground-tester/playground-tester/node_modules/@wp-playground/blueprints/index.js:119:51)\n        at process.processTicksAndRejections (node:internal/process/task_queues:105:5)\n        at async Object.gt [as installPlugin] (file:///home/runner/work/playground-tester/playground-tester/node_modules/@wp-playground/blueprints/index.js:974:42)\n        at async g (file:///home/runner/work/playground-tester/playground-tester/node_modules/@wp-playground/blueprints/index.js:12517:30)\n        at async Object.run (file:///home/runner/work/playground-tester/playground-tester/node_modules/@wp-playground/blueprints/index.js:12446:23)\n        at async ms (file:///home/runner/work/playground-tester/playground-tester/node_modules/@wp-playground/blueprints/index.js:12552:3)\n        at async Object.onBind (file:///home/runner/work/playground-tester/playground-tester/node_modules/@wp-playground/cli/index.js:227:48)\n        at async V (file:///home/runner/work/playground-tester/playground-tester/node_modules/@wp-playground/cli/index.js:64:10)\n        at async ja (file:///home/runner/work/playground-tester/playground-tester/node_modules/@wp-playground/cli/cli.js:8161:12)\n  }\n}\n\n",
    "log": "/logs/plugins/w/wp-internetvista/error.json"
  },
  {
    "message": "file:///home/runner/work/playground-tester/playground-tester/node_modules/@wp-playground/cli/index.js:237\n        throw new Error(y, { cause: u });\n              ^\n",
    "level": "FATAL",
    "type": "PLAYGROUND",
    "test": "jspi-boot",
    "plugin": "wp-internetvista",
    "details": "file:///home/runner/work/playground-tester/playground-tester/node_modules/@wp-playground/cli/index.js:237\n        throw new Error(y, { cause: u });\n              ^\n",
    "log": "/tmp/tmp.JcOEjUnO8s"
  },
  {
    "message": "The use statement with non-compound name 'Exception' has no effect in /wordpress/wp-content/plugins/wl-wc-newsletter/db/upgrade_to_1_1.php on line 5",
    "level": "WARNING",
    "type": "PHP",
    "test": "jspi-boot",
    "plugin": "wp-internetvista",
    "details": "[13-Apr-2025 02:07:43 UTC] PHP Warning:  The use statement with non-compound name 'Exception' has no effect in /wordpress/wp-content/plugins/wl-wc-newsletter/db/upgrade_to_1_1.php on line 5",
    "log": "/logs/plugins/w/wp-internetvista/error.json"
  },
  {
    "message": "The use statement with non-compound name 'PDOException' has no effect in /wordpress/wp-content/plugins/wl-wc-newsletter/db/upgrade_to_1_1.php on line 6",
    "level": "WARNING",
    "type": "PHP",
    "test": "jspi-boot",
    "plugin": "wp-internetvista",
    "details": "[13-Apr-2025 02:07:43 UTC] PHP Warning:  The use statement with non-compound name 'PDOException' has no effect in /wordpress/wp-content/plugins/wl-wc-newsletter/db/upgrade_to_1_1.php on line 6",
    "log": "/logs/plugins/w/wp-internetvista/error.json"
  },
  {
    "message": "The use statement with non-compound name 'PDO' has no effect in /wordpress/wp-content/plugins/wl-wc-newsletter/db/upgrade_to_1_1.php on line 7",
    "level": "WARNING",
    "type": "PHP",
    "test": "jspi-boot",
    "plugin": "wp-internetvista",
    "details": "[13-Apr-2025 02:07:43 UTC] PHP Warning:  The use statement with non-compound name 'PDO' has no effect in /wordpress/wp-content/plugins/wl-wc-newsletter/db/upgrade_to_1_1.php on line 7",
    "log": "/logs/plugins/w/wp-internetvista/error.json"
  },
  {
    "message": "Uncaught PDOException: SQLSTATE[HY000] [2002] Address family not supported by protocol in /wordpress/wp-content/plugins/wl-wc-newsletter/db/upgrade_to_1_1.php:20",
    "level": "FATAL",
    "type": "PHP",
    "test": "jspi-boot",
    "plugin": "wp-internetvista",
    "details": "[13-Apr-2025 02:07:43 UTC] PHP Fatal error:  Uncaught PDOException: SQLSTATE[HY000] [2002] Address family not supported by protocol in /wordpress/wp-content/plugins/wl-wc-newsletter/db/upgrade_to_1_1.php:20\nStack trace:\n#0 /wordpress/wp-content/plugins/wl-wc-newsletter/db/upgrade_to_1_1.php(20): PDO->__construct('mysql:host=loca...', 'username_here', 'password_here')\n#1 /wordpress/wp-content/plugins/wl-wc-newsletter/db/migrate.php(159): require_once('/wordpress/wp-c...')\n#2 /wordpress/wp-content/plugins/wl-wc-newsletter/admin_functions.php(390): require_once('/wordpress/wp-c...')\n#3 /wordpress/wp-includes/class-wp-hook.php(324): wlwcn_activated(false)\n#4 /wordpress/wp-includes/class-wp-hook.php(348): WP_Hook->apply_filters('', Array)\n#5 /wordpress/wp-includes/plugin.php(517): WP_Hook->do_action(Array)\n#6 /wordpress/wp-admin/includes/plugin.php(703): do_action('activate_wl-wc-...', false)\n#7 /internal/eval.php(20): activate_plugin('wl-wc-newslette...')\n#8 {main}\n  thrown in /wordpress/wp-content/plugins/wl-wc-newsletter/db/upgrade_to_1_1.php on line 20",
    "log": "/logs/plugins/w/wp-internetvista/error.json"
  },
  {
    "message": "The use statement with non-compound name 'Exception' has no effect in /wordpress/wp-content/plugins/wl-wc-newsletter/db/upgrade_to_1_1.php on line 5",
    "level": "WARNING",
    "type": "PHP",
    "test": "jspi-boot",
    "plugin": "wp-internetvista",
    "details": "[13-Apr-2025 02:07:56 UTC] PHP Warning:  The use statement with non-compound name 'Exception' has no effect in /wordpress/wp-content/plugins/wl-wc-newsletter/db/upgrade_to_1_1.php on line 5",
    "log": "/logs/plugins/w/wp-internetvista/error.json"
  },
  {
    "message": "The use statement with non-compound name 'PDOException' has no effect in /wordpress/wp-content/plugins/wl-wc-newsletter/db/upgrade_to_1_1.php on line 6",
    "level": "WARNING",
    "type": "PHP",
    "test": "jspi-boot",
    "plugin": "wp-internetvista",
    "details": "[13-Apr-2025 02:07:56 UTC] PHP Warning:  The use statement with non-compound name 'PDOException' has no effect in /wordpress/wp-content/plugins/wl-wc-newsletter/db/upgrade_to_1_1.php on line 6",
    "log": "/logs/plugins/w/wp-internetvista/error.json"
  },
  {
    "message": "The use statement with non-compound name 'PDO' has no effect in /wordpress/wp-content/plugins/wl-wc-newsletter/db/upgrade_to_1_1.php on line 7",
    "level": "WARNING",
    "type": "PHP",
    "test": "jspi-boot",
    "plugin": "wp-internetvista",
    "details": "[13-Apr-2025 02:07:56 UTC] PHP Warning:  The use statement with non-compound name 'PDO' has no effect in /wordpress/wp-content/plugins/wl-wc-newsletter/db/upgrade_to_1_1.php on line 7",
    "log": "/logs/plugins/w/wp-internetvista/error.json"
  },
  {
    "message": "Uncaught PDOException: SQLSTATE[HY000] [2002] Address family not supported by protocol in /wordpress/wp-content/plugins/wl-wc-newsletter/db/upgrade_to_1_1.php:20",
    "level": "FATAL",
    "type": "PHP",
    "test": "jspi-boot",
    "plugin": "wp-internetvista",
    "details": "[13-Apr-2025 02:07:56 UTC] PHP Fatal error:  Uncaught PDOException: SQLSTATE[HY000] [2002] Address family not supported by protocol in /wordpress/wp-content/plugins/wl-wc-newsletter/db/upgrade_to_1_1.php:20\nStack trace:\n#0 /wordpress/wp-content/plugins/wl-wc-newsletter/db/upgrade_to_1_1.php(20): PDO->__construct('mysql:host=loca...', 'username_here', 'password_here')\n#1 /wordpress/wp-content/plugins/wl-wc-newsletter/db/migrate.php(159): require_once('/wordpress/wp-c...')\n#2 /wordpress/wp-content/plugins/wl-wc-newsletter/admin_functions.php(390): require_once('/wordpress/wp-c...')\n#3 /wordpress/wp-includes/class-wp-hook.php(324): wlwcn_activated(false)\n#4 /wordpress/wp-includes/class-wp-hook.php(348): WP_Hook->apply_filters('', Array)\n#5 /wordpress/wp-includes/plugin.php(517): WP_Hook->do_action(Array)\n#6 /wordpress/wp-admin/includes/plugin.php(703): do_action('activate_wl-wc-...', false)\n#7 /internal/eval.php(20): activate_plugin('wl-wc-newslette...')\n#8 {main}\n  thrown in /wordpress/wp-content/plugins/wl-wc-newsletter/db/upgrade_to_1_1.php on line 20",
    "log": "/logs/plugins/w/wp-internetvista/error.json"
  },
  {
    "message": "The use statement with non-compound name 'Exception' has no effect in /wordpress/wp-content/plugins/wl-wc-newsletter/db/upgrade_to_1_1.php on line 5",
    "level": "WARNING",
    "type": "PHP",
    "test": "jspi-boot",
    "plugin": "wp-internetvista",
    "details": "[13-Apr-2025 02:08:08 UTC] PHP Warning:  The use statement with non-compound name 'Exception' has no effect in /wordpress/wp-content/plugins/wl-wc-newsletter/db/upgrade_to_1_1.php on line 5",
    "log": "/logs/plugins/w/wp-internetvista/error.json"
  },
  {
    "message": "The use statement with non-compound name 'PDOException' has no effect in /wordpress/wp-content/plugins/wl-wc-newsletter/db/upgrade_to_1_1.php on line 6",
    "level": "WARNING",
    "type": "PHP",
    "test": "jspi-boot",
    "plugin": "wp-internetvista",
    "details": "[13-Apr-2025 02:08:08 UTC] PHP Warning:  The use statement with non-compound name 'PDOException' has no effect in /wordpress/wp-content/plugins/wl-wc-newsletter/db/upgrade_to_1_1.php on line 6",
    "log": "/logs/plugins/w/wp-internetvista/error.json"
  },
  {
    "message": "The use statement with non-compound name 'PDO' has no effect in /wordpress/wp-content/plugins/wl-wc-newsletter/db/upgrade_to_1_1.php on line 7",
    "level": "WARNING",
    "type": "PHP",
    "test": "jspi-boot",
    "plugin": "wp-internetvista",
    "details": "[13-Apr-2025 02:08:08 UTC] PHP Warning:  The use statement with non-compound name 'PDO' has no effect in /wordpress/wp-content/plugins/wl-wc-newsletter/db/upgrade_to_1_1.php on line 7",
    "log": "/logs/plugins/w/wp-internetvista/error.json"
  },
  {
    "message": "Uncaught PDOException: SQLSTATE[HY000] [2002] Address family not supported by protocol in /wordpress/wp-content/plugins/wl-wc-newsletter/db/upgrade_to_1_1.php:20",
    "level": "FATAL",
    "type": "PHP",
    "test": "jspi-boot",
    "plugin": "wp-internetvista",
    "details": "[13-Apr-2025 02:08:08 UTC] PHP Fatal error:  Uncaught PDOException: SQLSTATE[HY000] [2002] Address family not supported by protocol in /wordpress/wp-content/plugins/wl-wc-newsletter/db/upgrade_to_1_1.php:20\nStack trace:\n#0 /wordpress/wp-content/plugins/wl-wc-newsletter/db/upgrade_to_1_1.php(20): PDO->__construct('mysql:host=loca...', 'username_here', 'password_here')\n#1 /wordpress/wp-content/plugins/wl-wc-newsletter/db/migrate.php(159): require_once('/wordpress/wp-c...')\n#2 /wordpress/wp-content/plugins/wl-wc-newsletter/admin_functions.php(390): require_once('/wordpress/wp-c...')\n#3 /wordpress/wp-includes/class-wp-hook.php(324): wlwcn_activated(false)\n#4 /wordpress/wp-includes/class-wp-hook.php(348): WP_Hook->apply_filters('', Array)\n#5 /wordpress/wp-includes/plugin.php(517): WP_Hook->do_action(Array)\n#6 /wordpress/wp-admin/includes/plugin.php(703): do_action('activate_wl-wc-...', false)\n#7 /internal/eval.php(20): activate_plugin('wl-wc-newslette...')\n#8 {main}\n  thrown in /wordpress/wp-content/plugins/wl-wc-newsletter/db/upgrade_to_1_1.php on line 20",
    "log": "/logs/plugins/w/wp-internetvista/error.json"
  },
  {
    "message": "Uncaught ArgumentCountError: Too few arguments to function WP_Widget::__construct(), 0 passed in /wordpress/wp-includes/class-wp-widget-factory.php on line 62 and at least 2 expected in /wordpress/wp-includes/class-wp-widget.php:163",
    "level": "FATAL",
    "type": "PHP",
    "test": "jspi-boot",
    "plugin": "wp-internetvista",
    "details": "[13-Apr-2025 02:12:00 UTC] PHP Fatal error:  Uncaught ArgumentCountError: Too few arguments to function WP_Widget::__construct(), 0 passed in /wordpress/wp-includes/class-wp-widget-factory.php on line 62 and at least 2 expected in /wordpress/wp-includes/class-wp-widget.php:163\nStack trace:\n#0 /wordpress/wp-includes/class-wp-widget-factory.php(62): WP_Widget->__construct()\n#1 /wordpress/wp-includes/widgets.php(123): WP_Widget_Factory->register('ClickBankAdDisp...')\n#2 /wordpress/wp-content/plugins/wp-clickbank-ad-display/WPClickBankAdDisplay.php(23): register_widget('ClickBankAdDisp...')\n#3 /wordpress/wp-includes/class-wp-hook.php(324): ClickBank_load_advertisement_widgets('')\n#4 /wordpress/wp-includes/class-wp-hook.php(348): WP_Hook->apply_filters(NULL, Array)\n#5 /wordpress/wp-includes/plugin.php(517): WP_Hook->do_action(Array)\n#6 /wordpress/wp-includes/widgets.php(1870): do_action('widgets_init')\n#7 /wordpress/wp-includes/class-wp-hook.php(324): wp_widgets_init('')\n#8 /wordpress/wp-includes/class-wp-hook.php(348): WP_Hook->apply_filters(NULL, Array)\n#9 /wordpress/wp-includes/plugin.php(517): WP_Hook->do_action(Array)\n#10 /wordpress/wp-settings.php(704): do_action('init')\n#11 /wordpress/wp-config.php(102): require_once('/wordpress/wp-s...')\n#12 /wordpress/wp-load.php(50): require_once('/wordpress/wp-c...')\n#13 /internal/eval.php(3): require_once('/wordpress/wp-l...')\n#14 {main}\n  thrown in /wordpress/wp-includes/class-wp-widget.php on line 163",
    "log": "/logs/plugins/w/wp-internetvista/error.json"
  },
  {
    "message": "Uncaught ArgumentCountError: Too few arguments to function WP_Widget::__construct(), 0 passed in /wordpress/wp-includes/class-wp-widget-factory.php on line 62 and at least 2 expected in /wordpress/wp-includes/class-wp-widget.php:163",
    "level": "FATAL",
    "type": "PHP",
    "test": "jspi-boot",
    "plugin": "wp-internetvista",
    "details": "[13-Apr-2025 02:12:09 UTC] PHP Fatal error:  Uncaught ArgumentCountError: Too few arguments to function WP_Widget::__construct(), 0 passed in /wordpress/wp-includes/class-wp-widget-factory.php on line 62 and at least 2 expected in /wordpress/wp-includes/class-wp-widget.php:163\nStack trace:\n#0 /wordpress/wp-includes/class-wp-widget-factory.php(62): WP_Widget->__construct()\n#1 /wordpress/wp-includes/widgets.php(123): WP_Widget_Factory->register('ClickBankAdDisp...')\n#2 /wordpress/wp-content/plugins/wp-clickbank-ad-display/WPClickBankAdDisplay.php(23): register_widget('ClickBankAdDisp...')\n#3 /wordpress/wp-includes/class-wp-hook.php(324): ClickBank_load_advertisement_widgets('')\n#4 /wordpress/wp-includes/class-wp-hook.php(348): WP_Hook->apply_filters(NULL, Array)\n#5 /wordpress/wp-includes/plugin.php(517): WP_Hook->do_action(Array)\n#6 /wordpress/wp-includes/widgets.php(1870): do_action('widgets_init')\n#7 /wordpress/wp-includes/class-wp-hook.php(324): wp_widgets_init('')\n#8 /wordpress/wp-includes/class-wp-hook.php(348): WP_Hook->apply_filters(NULL, Array)\n#9 /wordpress/wp-includes/plugin.php(517): WP_Hook->do_action(Array)\n#10 /wordpress/wp-settings.php(704): do_action('init')\n#11 /wordpress/wp-config.php(102): require_once('/wordpress/wp-s...')\n#12 /wordpress/wp-load.php(50): require_once('/wordpress/wp-c...')\n#13 /internal/eval.php(3): require_once('/wordpress/wp-l...')\n#14 {main}\n  thrown in /wordpress/wp-includes/class-wp-widget.php on line 163",
    "log": "/logs/plugins/w/wp-internetvista/error.json"
  },
  {
    "message": "Uncaught ArgumentCountError: Too few arguments to function WP_Widget::__construct(), 0 passed in /wordpress/wp-includes/class-wp-widget-factory.php on line 62 and at least 2 expected in /wordpress/wp-includes/class-wp-widget.php:163",
    "level": "FATAL",
    "type": "PHP",
    "test": "jspi-boot",
    "plugin": "wp-internetvista",
    "details": "[13-Apr-2025 02:12:18 UTC] PHP Fatal error:  Uncaught ArgumentCountError: Too few arguments to function WP_Widget::__construct(), 0 passed in /wordpress/wp-includes/class-wp-widget-factory.php on line 62 and at least 2 expected in /wordpress/wp-includes/class-wp-widget.php:163\nStack trace:\n#0 /wordpress/wp-includes/class-wp-widget-factory.php(62): WP_Widget->__construct()\n#1 /wordpress/wp-includes/widgets.php(123): WP_Widget_Factory->register('ClickBankAdDisp...')\n#2 /wordpress/wp-content/plugins/wp-clickbank-ad-display/WPClickBankAdDisplay.php(23): register_widget('ClickBankAdDisp...')\n#3 /wordpress/wp-includes/class-wp-hook.php(324): ClickBank_load_advertisement_widgets('')\n#4 /wordpress/wp-includes/class-wp-hook.php(348): WP_Hook->apply_filters(NULL, Array)\n#5 /wordpress/wp-includes/plugin.php(517): WP_Hook->do_action(Array)\n#6 /wordpress/wp-includes/widgets.php(1870): do_action('widgets_init')\n#7 /wordpress/wp-includes/class-wp-hook.php(324): wp_widgets_init('')\n#8 /wordpress/wp-includes/class-wp-hook.php(348): WP_Hook->apply_filters(NULL, Array)\n#9 /wordpress/wp-includes/plugin.php(517): WP_Hook->do_action(Array)\n#10 /wordpress/wp-settings.php(704): do_action('init')\n#11 /wordpress/wp-config.php(102): require_once('/wordpress/wp-s...')\n#12 /wordpress/wp-load.php(50): require_once('/wordpress/wp-c...')\n#13 /internal/eval.php(3): require_once('/wordpress/wp-l...')\n#14 {main}\n  thrown in /wordpress/wp-includes/class-wp-widget.php on line 163",
    "log": "/logs/plugins/w/wp-internetvista/error.json"
  },
  {
    "message": "Required parameter $wrapper follows optional parameter $type in /wordpress/wp-content/plugins/widgets-on-pages-and-posts/freemius/includes/class-fs-logger.php on line 143",
    "level": "DEPRECATED",
    "type": "PHP",
    "test": "jspi-boot",
    "plugin": "wp-internetvista",
    "details": "[13-Apr-2025 02:15:26 UTC] PHP Deprecated:  Required parameter $wrapper follows optional parameter $type in /wordpress/wp-content/plugins/widgets-on-pages-and-posts/freemius/includes/class-fs-logger.php on line 143",
    "log": "/logs/plugins/w/wp-internetvista/error.json"
  },
  {
    "message": "Trying to access array offset on value of type bool in /wordpress/wp-content/plugins/widgets-on-pages-and-posts/includes/class-widgets-on-pages-activator.php on line 44",
    "level": "WARNING",
    "type": "PHP",
    "test": "jspi-boot",
    "plugin": "wp-internetvista",
    "details": "[13-Apr-2025 02:15:28 UTC] PHP Warning:  Trying to access array offset on value of type bool in /wordpress/wp-content/plugins/widgets-on-pages-and-posts/includes/class-widgets-on-pages-activator.php on line 44",
    "log": "/logs/plugins/w/wp-internetvista/error.json"
  },
  {
    "message": "Trying to access array offset on value of type bool in /wordpress/wp-content/plugins/widgets-on-pages-and-posts/includes/class-widgets-on-pages-activator.php on line 47",
    "level": "WARNING",
    "type": "PHP",
    "test": "jspi-boot",
    "plugin": "wp-internetvista",
    "details": "[13-Apr-2025 02:15:28 UTC] PHP Warning:  Trying to access array offset on value of type bool in /wordpress/wp-content/plugins/widgets-on-pages-and-posts/includes/class-widgets-on-pages-activator.php on line 47",
    "log": "/logs/plugins/w/wp-internetvista/error.json"
  },
  {
    "message": "Required parameter $wrapper follows optional parameter $type in /wordpress/wp-content/plugins/widgets-on-pages-and-posts/freemius/includes/class-fs-logger.php on line 143",
    "level": "DEPRECATED",
    "type": "PHP",
    "test": "jspi-boot",
    "plugin": "wp-internetvista",
    "details": "[13-Apr-2025 02:15:29 UTC] PHP Deprecated:  Required parameter $wrapper follows optional parameter $type in /wordpress/wp-content/plugins/widgets-on-pages-and-posts/freemius/includes/class-fs-logger.php on line 143",
    "log": "/logs/plugins/w/wp-internetvista/error.json"
  },
  {
    "message": "Required parameter $wrapper follows optional parameter $type in /wordpress/wp-content/plugins/widgets-on-pages-and-posts/freemius/includes/class-fs-logger.php on line 143",
    "level": "DEPRECATED",
    "type": "PHP",
    "test": "jspi-boot",
    "plugin": "wp-internetvista",
    "details": "[13-Apr-2025 02:15:37 UTC] PHP Deprecated:  Required parameter $wrapper follows optional parameter $type in /wordpress/wp-content/plugins/widgets-on-pages-and-posts/freemius/includes/class-fs-logger.php on line 143",
    "log": "/logs/plugins/w/wp-internetvista/error.json"
  },
  {
    "message": "Trying to access array offset on value of type bool in /wordpress/wp-content/plugins/widgets-on-pages-and-posts/includes/class-widgets-on-pages-activator.php on line 44",
    "level": "WARNING",
    "type": "PHP",
    "test": "jspi-boot",
    "plugin": "wp-internetvista",
    "details": "[13-Apr-2025 02:15:38 UTC] PHP Warning:  Trying to access array offset on value of type bool in /wordpress/wp-content/plugins/widgets-on-pages-and-posts/includes/class-widgets-on-pages-activator.php on line 44",
    "log": "/logs/plugins/w/wp-internetvista/error.json"
  },
  {
    "message": "Trying to access array offset on value of type bool in /wordpress/wp-content/plugins/widgets-on-pages-and-posts/includes/class-widgets-on-pages-activator.php on line 47",
    "level": "WARNING",
    "type": "PHP",
    "test": "jspi-boot",
    "plugin": "wp-internetvista",
    "details": "[13-Apr-2025 02:15:38 UTC] PHP Warning:  Trying to access array offset on value of type bool in /wordpress/wp-content/plugins/widgets-on-pages-and-posts/includes/class-widgets-on-pages-activator.php on line 47",
    "log": "/logs/plugins/w/wp-internetvista/error.json"
  },
  {
    "message": "Required parameter $wrapper follows optional parameter $type in /wordpress/wp-content/plugins/widgets-on-pages-and-posts/freemius/includes/class-fs-logger.php on line 143",
    "level": "DEPRECATED",
    "type": "PHP",
    "test": "jspi-boot",
    "plugin": "wp-internetvista",
    "details": "[13-Apr-2025 02:15:40 UTC] PHP Deprecated:  Required parameter $wrapper follows optional parameter $type in /wordpress/wp-content/plugins/widgets-on-pages-and-posts/freemius/includes/class-fs-logger.php on line 143",
    "log": "/logs/plugins/w/wp-internetvista/error.json"
  },
  {
    "message": "Required parameter $wrapper follows optional parameter $type in /wordpress/wp-content/plugins/widgets-on-pages-and-posts/freemius/includes/class-fs-logger.php on line 143",
    "level": "DEPRECATED",
    "type": "PHP",
    "test": "jspi-boot",
    "plugin": "wp-internetvista",
    "details": "[13-Apr-2025 02:15:49 UTC] PHP Deprecated:  Required parameter $wrapper follows optional parameter $type in /wordpress/wp-content/plugins/widgets-on-pages-and-posts/freemius/includes/class-fs-logger.php on line 143",
    "log": "/logs/plugins/w/wp-internetvista/error.json"
  },
  {
    "message": "Trying to access array offset on value of type bool in /wordpress/wp-content/plugins/widgets-on-pages-and-posts/includes/class-widgets-on-pages-activator.php on line 44",
    "level": "WARNING",
    "type": "PHP",
    "test": "jspi-boot",
    "plugin": "wp-internetvista",
    "details": "[13-Apr-2025 02:15:50 UTC] PHP Warning:  Trying to access array offset on value of type bool in /wordpress/wp-content/plugins/widgets-on-pages-and-posts/includes/class-widgets-on-pages-activator.php on line 44",
    "log": "/logs/plugins/w/wp-internetvista/error.json"
  },
  {
    "message": "Trying to access array offset on value of type bool in /wordpress/wp-content/plugins/widgets-on-pages-and-posts/includes/class-widgets-on-pages-activator.php on line 47",
    "level": "WARNING",
    "type": "PHP",
    "test": "jspi-boot",
    "plugin": "wp-internetvista",
    "details": "[13-Apr-2025 02:15:50 UTC] PHP Warning:  Trying to access array offset on value of type bool in /wordpress/wp-content/plugins/widgets-on-pages-and-posts/includes/class-widgets-on-pages-activator.php on line 47",
    "log": "/logs/plugins/w/wp-internetvista/error.json"
  },
  {
    "message": "Required parameter $wrapper follows optional parameter $type in /wordpress/wp-content/plugins/widgets-on-pages-and-posts/freemius/includes/class-fs-logger.php on line 143",
    "level": "DEPRECATED",
    "type": "PHP",
    "test": "jspi-boot",
    "plugin": "wp-internetvista",
    "details": "[13-Apr-2025 02:15:51 UTC] PHP Deprecated:  Required parameter $wrapper follows optional parameter $type in /wordpress/wp-content/plugins/widgets-on-pages-and-posts/freemius/includes/class-fs-logger.php on line 143",
    "log": "/logs/plugins/w/wp-internetvista/error.json"
  },
  {
    "message": "\"continue\" targeting switch is equivalent to \"break\". Did you mean to use \"continue 2\"? in /wordpress/wp-content/plugins/woocommerce-paymaster-gateway-019/wc-paymaster.php on line 1284",
    "level": "WARNING",
    "type": "PHP",
    "test": "jspi-boot",
    "plugin": "wp-internetvista",
    "details": "[13-Apr-2025 02:16:00 UTC] PHP Warning:  \"continue\" targeting switch is equivalent to \"break\". Did you mean to use \"continue 2\"? in /wordpress/wp-content/plugins/woocommerce-paymaster-gateway-019/wc-paymaster.php on line 1284",
    "log": "/logs/plugins/w/wp-internetvista/error.json"
  },
  {
    "message": "\"continue\" targeting switch is equivalent to \"break\". Did you mean to use \"continue 2\"? in /wordpress/wp-content/plugins/woocommerce-paymaster-gateway-019/wc-paymaster.php on line 1285",
    "level": "WARNING",
    "type": "PHP",
    "test": "jspi-boot",
    "plugin": "wp-internetvista",
    "details": "[13-Apr-2025 02:16:00 UTC] PHP Warning:  \"continue\" targeting switch is equivalent to \"break\". Did you mean to use \"continue 2\"? in /wordpress/wp-content/plugins/woocommerce-paymaster-gateway-019/wc-paymaster.php on line 1285",
    "log": "/logs/plugins/w/wp-internetvista/error.json"
  },
  {
    "message": "\"continue\" targeting switch is equivalent to \"break\". Did you mean to use \"continue 2\"? in /wordpress/wp-content/plugins/woocommerce-paymaster-gateway-019/wc-paymaster.php on line 1284",
    "level": "WARNING",
    "type": "PHP",
    "test": "jspi-boot",
    "plugin": "wp-internetvista",
    "details": "[13-Apr-2025 02:16:01 UTC] PHP Warning:  \"continue\" targeting switch is equivalent to \"break\". Did you mean to use \"continue 2\"? in /wordpress/wp-content/plugins/woocommerce-paymaster-gateway-019/wc-paymaster.php on line 1284",
    "log": "/logs/plugins/w/wp-internetvista/error.json"
  },
  {
    "message": "\"continue\" targeting switch is equivalent to \"break\". Did you mean to use \"continue 2\"? in /wordpress/wp-content/plugins/woocommerce-paymaster-gateway-019/wc-paymaster.php on line 1285",
    "level": "WARNING",
    "type": "PHP",
    "test": "jspi-boot",
    "plugin": "wp-internetvista",
    "details": "[13-Apr-2025 02:16:01 UTC] PHP Warning:  \"continue\" targeting switch is equivalent to \"break\". Did you mean to use \"continue 2\"? in /wordpress/wp-content/plugins/woocommerce-paymaster-gateway-019/wc-paymaster.php on line 1285",
    "log": "/logs/plugins/w/wp-internetvista/error.json"
  },
  {
    "message": "\"continue\" targeting switch is equivalent to \"break\". Did you mean to use \"continue 2\"? in /wordpress/wp-content/plugins/woocommerce-paymaster-gateway-019/wc-paymaster.php on line 1284",
    "level": "WARNING",
    "type": "PHP",
    "test": "jspi-boot",
    "plugin": "wp-internetvista",
    "details": "[13-Apr-2025 02:16:09 UTC] PHP Warning:  \"continue\" targeting switch is equivalent to \"break\". Did you mean to use \"continue 2\"? in /wordpress/wp-content/plugins/woocommerce-paymaster-gateway-019/wc-paymaster.php on line 1284",
    "log": "/logs/plugins/w/wp-internetvista/error.json"
  },
  {
    "message": "\"continue\" targeting switch is equivalent to \"break\". Did you mean to use \"continue 2\"? in /wordpress/wp-content/plugins/woocommerce-paymaster-gateway-019/wc-paymaster.php on line 1285",
    "level": "WARNING",
    "type": "PHP",
    "test": "jspi-boot",
    "plugin": "wp-internetvista",
    "details": "[13-Apr-2025 02:16:10 UTC] PHP Warning:  \"continue\" targeting switch is equivalent to \"break\". Did you mean to use \"continue 2\"? in /wordpress/wp-content/plugins/woocommerce-paymaster-gateway-019/wc-paymaster.php on line 1285",
    "log": "/logs/plugins/w/wp-internetvista/error.json"
  },
  {
    "message": "\"continue\" targeting switch is equivalent to \"break\". Did you mean to use \"continue 2\"? in /wordpress/wp-content/plugins/woocommerce-paymaster-gateway-019/wc-paymaster.php on line 1284",
    "level": "WARNING",
    "type": "PHP",
    "test": "jspi-boot",
    "plugin": "wp-internetvista",
    "details": "[13-Apr-2025 02:16:11 UTC] PHP Warning:  \"continue\" targeting switch is equivalent to \"break\". Did you mean to use \"continue 2\"? in /wordpress/wp-content/plugins/woocommerce-paymaster-gateway-019/wc-paymaster.php on line 1284",
    "log": "/logs/plugins/w/wp-internetvista/error.json"
  },
  {
    "message": "\"continue\" targeting switch is equivalent to \"break\". Did you mean to use \"continue 2\"? in /wordpress/wp-content/plugins/woocommerce-paymaster-gateway-019/wc-paymaster.php on line 1285",
    "level": "WARNING",
    "type": "PHP",
    "test": "jspi-boot",
    "plugin": "wp-internetvista",
    "details": "[13-Apr-2025 02:16:11 UTC] PHP Warning:  \"continue\" targeting switch is equivalent to \"break\". Did you mean to use \"continue 2\"? in /wordpress/wp-content/plugins/woocommerce-paymaster-gateway-019/wc-paymaster.php on line 1285",
    "log": "/logs/plugins/w/wp-internetvista/error.json"
  },
  {
    "message": "\"continue\" targeting switch is equivalent to \"break\". Did you mean to use \"continue 2\"? in /wordpress/wp-content/plugins/woocommerce-paymaster-gateway-019/wc-paymaster.php on line 1284",
    "level": "WARNING",
    "type": "PHP",
    "test": "jspi-boot",
    "plugin": "wp-internetvista",
    "details": "[13-Apr-2025 02:16:19 UTC] PHP Warning:  \"continue\" targeting switch is equivalent to \"break\". Did you mean to use \"continue 2\"? in /wordpress/wp-content/plugins/woocommerce-paymaster-gateway-019/wc-paymaster.php on line 1284",
    "log": "/logs/plugins/w/wp-internetvista/error.json"
  },
  {
    "message": "\"continue\" targeting switch is equivalent to \"break\". Did you mean to use \"continue 2\"? in /wordpress/wp-content/plugins/woocommerce-paymaster-gateway-019/wc-paymaster.php on line 1285",
    "level": "WARNING",
    "type": "PHP",
    "test": "jspi-boot",
    "plugin": "wp-internetvista",
    "details": "[13-Apr-2025 02:16:19 UTC] PHP Warning:  \"continue\" targeting switch is equivalent to \"break\". Did you mean to use \"continue 2\"? in /wordpress/wp-content/plugins/woocommerce-paymaster-gateway-019/wc-paymaster.php on line 1285",
    "log": "/logs/plugins/w/wp-internetvista/error.json"
  },
  {
    "message": "\"continue\" targeting switch is equivalent to \"break\". Did you mean to use \"continue 2\"? in /wordpress/wp-content/plugins/woocommerce-paymaster-gateway-019/wc-paymaster.php on line 1284",
    "level": "WARNING",
    "type": "PHP",
    "test": "jspi-boot",
    "plugin": "wp-internetvista",
    "details": "[13-Apr-2025 02:16:20 UTC] PHP Warning:  \"continue\" targeting switch is equivalent to \"break\". Did you mean to use \"continue 2\"? in /wordpress/wp-content/plugins/woocommerce-paymaster-gateway-019/wc-paymaster.php on line 1284",
    "log": "/logs/plugins/w/wp-internetvista/error.json"
  },
  {
    "message": "\"continue\" targeting switch is equivalent to \"break\". Did you mean to use \"continue 2\"? in /wordpress/wp-content/plugins/woocommerce-paymaster-gateway-019/wc-paymaster.php on line 1285",
    "level": "WARNING",
    "type": "PHP",
    "test": "jspi-boot",
    "plugin": "wp-internetvista",
    "details": "[13-Apr-2025 02:16:20 UTC] PHP Warning:  \"continue\" targeting switch is equivalent to \"break\". Did you mean to use \"continue 2\"? in /wordpress/wp-content/plugins/woocommerce-paymaster-gateway-019/wc-paymaster.php on line 1285",
    "log": "/logs/plugins/w/wp-internetvista/error.json"
  },
  {
    "message": "syntax error, unexpected token \"if\", expecting \"function\" or \"const\" in /wordpress/wp-content/plugins/wordpress-lexicon/lexikon.php on line 137",
    "level": "PARSE",
    "type": "PHP",
    "test": "jspi-boot",
    "plugin": "wp-internetvista",
    "details": "[13-Apr-2025 02:16:28 UTC] PHP Parse error:  syntax error, unexpected token \"if\", expecting \"function\" or \"const\" in /wordpress/wp-content/plugins/wordpress-lexicon/lexikon.php on line 137",
    "log": "/logs/plugins/w/wp-internetvista/error.json"
  },
  {
    "message": "syntax error, unexpected token \"if\", expecting \"function\" or \"const\" in /wordpress/wp-content/plugins/wordpress-lexicon/lexikon.php on line 137",
    "level": "PARSE",
    "type": "PHP",
    "test": "jspi-boot",
    "plugin": "wp-internetvista",
    "details": "[13-Apr-2025 02:16:35 UTC] PHP Parse error:  syntax error, unexpected token \"if\", expecting \"function\" or \"const\" in /wordpress/wp-content/plugins/wordpress-lexicon/lexikon.php on line 137",
    "log": "/logs/plugins/w/wp-internetvista/error.json"
  },
  {
    "message": "syntax error, unexpected token \"if\", expecting \"function\" or \"const\" in /wordpress/wp-content/plugins/wordpress-lexicon/lexikon.php on line 137",
    "level": "PARSE",
    "type": "PHP",
    "test": "jspi-boot",
    "plugin": "wp-internetvista",
    "details": "[13-Apr-2025 02:16:43 UTC] PHP Parse error:  syntax error, unexpected token \"if\", expecting \"function\" or \"const\" in /wordpress/wp-content/plugins/wordpress-lexicon/lexikon.php on line 137",
    "log": "/logs/plugins/w/wp-internetvista/error.json"
  },
  {
    "message": "Undefined variable $wp_version in /wordpress/wp-content/plugins/wp-amember-dashboard-widget/wp-amember.php on line 14",
    "level": "WARNING",
    "type": "PHP",
    "test": "jspi-boot",
    "plugin": "wp-internetvista",
    "details": "[13-Apr-2025 02:16:51 UTC] PHP Warning:  Undefined variable $wp_version in /wordpress/wp-content/plugins/wp-amember-dashboard-widget/wp-amember.php on line 14",
    "log": "/logs/plugins/w/wp-internetvista/error.json"
  },
  {
    "message": "Uncaught TypeError: call_user_func_array(): Argument #1 ($callback) must be a valid callback, function \"widget_wpAmember_init\" not found or invalid function name in /wordpress/wp-includes/class-wp-hook.php:324",
    "level": "FATAL",
    "type": "PHP",
    "test": "jspi-boot",
    "plugin": "wp-internetvista",
    "details": "[13-Apr-2025 02:16:52 UTC] PHP Fatal error:  Uncaught TypeError: call_user_func_array(): Argument #1 ($callback) must be a valid callback, function \"widget_wpAmember_init\" not found or invalid function name in /wordpress/wp-includes/class-wp-hook.php:324\nStack trace:\n#0 /wordpress/wp-includes/class-wp-hook.php(348): WP_Hook->apply_filters(NULL, Array)\n#1 /wordpress/wp-includes/plugin.php(517): WP_Hook->do_action(Array)\n#2 /wordpress/wp-includes/widgets.php(1870): do_action('widgets_init')\n#3 /wordpress/wp-includes/class-wp-hook.php(324): wp_widgets_init('')\n#4 /wordpress/wp-includes/class-wp-hook.php(348): WP_Hook->apply_filters(NULL, Array)\n#5 /wordpress/wp-includes/plugin.php(517): WP_Hook->do_action(Array)\n#6 /wordpress/wp-settings.php(704): do_action('init')\n#7 /wordpress/wp-config.php(102): require_once('/wordpress/wp-s...')\n#8 /wordpress/wp-load.php(50): require_once('/wordpress/wp-c...')\n#9 /internal/eval.php(3): require_once('/wordpress/wp-l...')\n#10 {main}\n  thrown in /wordpress/wp-includes/class-wp-hook.php on line 324",
    "log": "/logs/plugins/w/wp-internetvista/error.json"
  },
  {
    "message": "Undefined variable $wp_version in /wordpress/wp-content/plugins/wp-amember-dashboard-widget/wp-amember.php on line 14",
    "level": "WARNING",
    "type": "PHP",
    "test": "jspi-boot",
    "plugin": "wp-internetvista",
    "details": "[13-Apr-2025 02:16:59 UTC] PHP Warning:  Undefined variable $wp_version in /wordpress/wp-content/plugins/wp-amember-dashboard-widget/wp-amember.php on line 14",
    "log": "/logs/plugins/w/wp-internetvista/error.json"
  },
  {
    "message": "Uncaught TypeError: call_user_func_array(): Argument #1 ($callback) must be a valid callback, function \"widget_wpAmember_init\" not found or invalid function name in /wordpress/wp-includes/class-wp-hook.php:324",
    "level": "FATAL",
    "type": "PHP",
    "test": "jspi-boot",
    "plugin": "wp-internetvista",
    "details": "[13-Apr-2025 02:17:00 UTC] PHP Fatal error:  Uncaught TypeError: call_user_func_array(): Argument #1 ($callback) must be a valid callback, function \"widget_wpAmember_init\" not found or invalid function name in /wordpress/wp-includes/class-wp-hook.php:324\nStack trace:\n#0 /wordpress/wp-includes/class-wp-hook.php(348): WP_Hook->apply_filters(NULL, Array)\n#1 /wordpress/wp-includes/plugin.php(517): WP_Hook->do_action(Array)\n#2 /wordpress/wp-includes/widgets.php(1870): do_action('widgets_init')\n#3 /wordpress/wp-includes/class-wp-hook.php(324): wp_widgets_init('')\n#4 /wordpress/wp-includes/class-wp-hook.php(348): WP_Hook->apply_filters(NULL, Array)\n#5 /wordpress/wp-includes/plugin.php(517): WP_Hook->do_action(Array)\n#6 /wordpress/wp-settings.php(704): do_action('init')\n#7 /wordpress/wp-config.php(102): require_once('/wordpress/wp-s...')\n#8 /wordpress/wp-load.php(50): require_once('/wordpress/wp-c...')\n#9 /internal/eval.php(3): require_once('/wordpress/wp-l...')\n#10 {main}\n  thrown in /wordpress/wp-includes/class-wp-hook.php on line 324",
    "log": "/logs/plugins/w/wp-internetvista/error.json"
  },
  {
    "message": "Undefined variable $wp_version in /wordpress/wp-content/plugins/wp-amember-dashboard-widget/wp-amember.php on line 14",
    "level": "WARNING",
    "type": "PHP",
    "test": "jspi-boot",
    "plugin": "wp-internetvista",
    "details": "[13-Apr-2025 02:17:07 UTC] PHP Warning:  Undefined variable $wp_version in /wordpress/wp-content/plugins/wp-amember-dashboard-widget/wp-amember.php on line 14",
    "log": "/logs/plugins/w/wp-internetvista/error.json"
  },
  {
    "message": "Uncaught TypeError: call_user_func_array(): Argument #1 ($callback) must be a valid callback, function \"widget_wpAmember_init\" not found or invalid function name in /wordpress/wp-includes/class-wp-hook.php:324",
    "level": "FATAL",
    "type": "PHP",
    "test": "jspi-boot",
    "plugin": "wp-internetvista",
    "details": "[13-Apr-2025 02:17:08 UTC] PHP Fatal error:  Uncaught TypeError: call_user_func_array(): Argument #1 ($callback) must be a valid callback, function \"widget_wpAmember_init\" not found or invalid function name in /wordpress/wp-includes/class-wp-hook.php:324\nStack trace:\n#0 /wordpress/wp-includes/class-wp-hook.php(348): WP_Hook->apply_filters(NULL, Array)\n#1 /wordpress/wp-includes/plugin.php(517): WP_Hook->do_action(Array)\n#2 /wordpress/wp-includes/widgets.php(1870): do_action('widgets_init')\n#3 /wordpress/wp-includes/class-wp-hook.php(324): wp_widgets_init('')\n#4 /wordpress/wp-includes/class-wp-hook.php(348): WP_Hook->apply_filters(NULL, Array)\n#5 /wordpress/wp-includes/plugin.php(517): WP_Hook->do_action(Array)\n#6 /wordpress/wp-settings.php(704): do_action('init')\n#7 /wordpress/wp-config.php(102): require_once('/wordpress/wp-s...')\n#8 /wordpress/wp-load.php(50): require_once('/wordpress/wp-c...')\n#9 /internal/eval.php(3): require_once('/wordpress/wp-l...')\n#10 {main}\n  thrown in /wordpress/wp-includes/class-wp-hook.php on line 324",
    "log": "/logs/plugins/w/wp-internetvista/error.json"
  },
  {
    "message": "SQLSTATE[HY000]: General error: 20 datatype mismatch.",
    "level": "FATAL",
    "type": "SQL",
    "test": "jspi-boot",
    "plugin": "wp-internetvista",
    "details": "[13-Apr-2025 02:17:26 UTC] WordPress database error <div style=\"clear:both\">&nbsp;</div>\n<div class=\"queries\" style=\"clear:both;margin-bottom:2px;border:red dotted thin;\">\n<p>MySQL query:</p>\n<p>INSERT INTO `wp_church_donation_settings` \r\n        (`id` ,`payment_gateway_name` ,`payment_method` ,`credentials_data` ,`enabled`) \r\n        VALUES \r\n        ('', 'Authorize', 'AIM', '', '1')</p>\n<p>Queries made or created this session were:</p>\n<ol>\n<li>Executing: BEGIN | (no parameters)</li>\n<li>Executing: INSERT INTO `wp_church_donation_settings` \r\n        (`id` ,`payment_gateway_name` ,`payment_method` ,`credentials_data` ,`enabled`) \r\n        VALUES \r\n        (:param0 , :param1 , :param2 , :param3 , :param4 ) | parameters: , Authorize, AIM, , 1</li>\n<li>Executing: ROLLBACK | (no parameters)</li>\n</ol>\n</div>\n<div style=\"clear:both;margin-bottom:2px;border:red dotted thin;\" class=\"error_message\" style=\"border-bottom:dotted blue thin;\">\nError occurred at line 4117 in Function <code>handle_error</code>. Error message was: SQLSTATE[HY000]: General error: 20 datatype mismatch.\n</div>\n<p>Backtrace:</p>\n<pre>#0 /internal/shared/sqlite-database-integration/wp-includes/sqlite/class-wp-sqlite-db.php(287): WP_SQLite_Translator->get_error_message()\n#1 /wordpress/wp-admin/includes/upgrade.php(3271): WP_SQLite_DB->query('INSERT INTO `wp...')\n#2 /wordpress/wp-content/plugins/wp-church-donation/wp-church-donation.php(166): dbDelta(Array)\n#3 /wordpress/wp-includes/class-wp-hook.php(324): install_wp_church_donation(false)\n#4 /wordpress/wp-includes/class-wp-hook.php(348): WP_Hook->apply_filters('', Array)\n#5 /wordpress/wp-includes/plugin.php(517): WP_Hook->do_action(Array)\n#6 /wordpress/wp-admin/includes/plugin.php(703): do_action('activate_wp-chu...', false)\n#7 /internal/eval.php(20): activate_plugin('wp-church-donat...')\n#8 {main}</pre>\n for query INSERT INTO `wp_church_donation_settings` \r\n        (`id` ,`payment_gateway_name` ,`payment_method` ,`credentials_data` ,`enabled`) \r\n        VALUES \r\n        ('', 'Authorize', 'AIM', '', '1') made by activate_plugin, do_action('activate_wp-church-donation/wp-church-donation.php'), WP_Hook->do_action, WP_Hook->apply_filters, install_wp_church_donation, dbDelta, WP_SQLite_DB->query, WP_SQLite_DB->print_error",
    "log": "/logs/plugins/w/wp-internetvista/error.json"
  },
  {
    "message": "SQLSTATE[HY000]: General error: 20 datatype mismatch.",
    "level": "FATAL",
    "type": "SQL",
    "test": "jspi-boot",
    "plugin": "wp-internetvista",
    "details": "[13-Apr-2025 02:17:26 UTC] WordPress database error <div style=\"clear:both\">&nbsp;</div>\n<div class=\"queries\" style=\"clear:both;margin-bottom:2px;border:red dotted thin;\">\n<p>MySQL query:</p>\n<p>INSERT INTO `wp_church_donation_content` \r\n        (`id` ,`donation_form_heading` ,`donation_form_message` ,`thank_you_page_content` ,`thank_you_email_subject`,`thank_you_email_content`) \r\n        VALUES \r\n        ('', \r\n        'Make your donation', \r\n        'Thank you for your interest in supporting our Church. Your financial contributions provide an immediate answer to the most pressing needs for outreach.\r\n        These gifts help us overcome the everyday challenges that stand between our future vision and our present reality. Your gift will go to the area of greatest need. If you wish your donation to be designated for a particular area or program, please note your wishes in the comment box. \r\n        Thank you for your generosity.', \r\n        'Thank you for your interest in supporting our Church. Your financial contributions provide an immediate answer to the most pressing needs for outreach.\r\n        These gifts help us overcome the everyday challenges that stand between our future vision and our present reality. Your gift will go to the area of greatest need. If you wish your donation to be designated for a particular area or program. \r\n        Thank you for your donation.',\r\n        'We received your donation, thank you very much for this.',\r\n        'Thank you for your interest in supporting our Church. Your financial contributions provide an immediate answer to the most pressing needs for outreach.\r\n        These gifts help us overcome the everyday challenges that stand between our future vision and our present reality. Your gift will go to the area of greatest need. If you wish your donation to be designated for a particular area or program.\r\n        Thank you for your donation.')</p>\n<p>Queries made or created this session were:</p>\n<ol>\n<li>Executing: BEGIN | (no parameters)</li>\n<li>Executing: INSERT INTO `wp_church_donation_content` \r\n        (`id` ,`donation_form_heading` ,`donation_form_message` ,`thank_you_page_content` ,`thank_you_email_subject`,`thank_you_email_content`) \r\n        VALUES \r\n        (:param0 , \r\n        :param1 , \r\n        :param2 , \r\n        :param3 ,\r\n        :param4 ,\r\n        :param5 ) | parameters: , Make your donation, Thank you for your interest in supporting our Church. Your financial contributions provide an immediate answer to the most pressing needs for outreach.\r\n        These gifts help us overcome the everyday challenges that stand between our future vision and our present reality. Your gift will go to the area of greatest need. If you wish your donation to be designated for a particular area or program, please note your wishes in the comment box. \r\n        Thank you for your generosity., Thank you for your interest in supporting our Church. Your financial contributions provide an immediate answer to the most pressing needs for outreach.\r\n        These gifts help us overcome the everyday challenges that stand between our future vision and our present reality. Your gift will go to the area of greatest need. If you wish your donation to be designated for a particular area or program. \r\n        Thank you for your donation., We received your donation, thank you very much for this., Thank you for your interest in supporting our Church. Your financial contributions provide an immediate answer to the most pressing needs for outreach.\r\n        These gifts help us overcome the everyday challenges that stand between our future vision and our present reality. Your gift will go to the area of greatest need. If you wish your donation to be designated for a particular area or program.\r\n        Thank you for your donation.</li>\n<li>Executing: ROLLBACK | (no parameters)</li>\n</ol>\n</div>\n<div style=\"clear:both;margin-bottom:2px;border:red dotted thin;\" class=\"error_message\" style=\"border-bottom:dotted blue thin;\">\nError occurred at line 4117 in Function <code>handle_error</code>. Error message was: SQLSTATE[HY000]: General error: 20 datatype mismatch.\n</div>\n<p>Backtrace:</p>\n<pre>#0 /internal/shared/sqlite-database-integration/wp-includes/sqlite/class-wp-sqlite-db.php(287): WP_SQLite_Translator->get_error_message()\n#1 /wordpress/wp-admin/includes/upgrade.php(3271): WP_SQLite_DB->query('INSERT INTO `wp...')\n#2 /wordpress/wp-content/plugins/wp-church-donation/wp-church-donation.php(168): dbDelta(Array)\n#3 /wordpress/wp-includes/class-wp-hook.php(324): install_wp_church_donation(false)\n#4 /wordpress/wp-includes/class-wp-hook.php(348): WP_Hook->apply_filters('', Array)\n#5 /wordpress/wp-includes/plugin.php(517): WP_Hook->do_action(Array)\n#6 /wordpress/wp-admin/includes/plugin.php(703): do_action('activate_wp-chu...', false)\n#7 /internal/eval.php(20): activate_plugin('wp-church-donat...')\n#8 {main}</pre>\n for query INSERT INTO `wp_church_donation_content` \r\n        (`id` ,`donation_form_heading` ,`donation_form_message` ,`thank_you_page_content` ,`thank_you_email_subject`,`thank_you_email_content`) \r\n        VALUES \r\n        ('', \r\n        'Make your donation', \r\n        'Thank you for your interest in supporting our Church. Your financial contributions provide an immediate answer to the most pressing needs for outreach.\r\n        These gifts help us overcome the everyday challenges that stand between our future vision and our present reality. Your gift will go to the area of greatest need. If you wish your donation to be designated for a particular area or program, please note your wishes in the comment box. \r\n        Thank you for your generosity.', \r\n        'Thank you for your interest in supporting our Church. Your financial contributions provide an immediate answer to the most pressing needs for outreach.\r\n        These gifts help us overcome the everyday challenges that stand between our future vision and our present reality. Your gift will go to the area of greatest need. If you wish your donation to be designated for a particular area or program. \r\n        Thank you for your donation.',\r\n        'We received your donation, thank you very much for this.',\r\n        'Thank you for your interest in supporting our Church. Your financial contributions provide an immediate answer to the most pressing needs for outreach.\r\n        These gifts help us overcome the everyday challenges that stand between our future vision and our present reality. Your gift will go to the area of greatest need. If you wish your donation to be designated for a particular area or program.\r\n        Thank you for your donation.') made by activate_plugin, do_action('activate_wp-church-donation/wp-church-donation.php'), WP_Hook->do_action, WP_Hook->apply_filters, install_wp_church_donation, dbDelta, WP_SQLite_DB->query, WP_SQLite_DB->print_error",
    "log": "/logs/plugins/w/wp-internetvista/error.json"
  },
  {
    "message": "SQLSTATE[HY000]: General error: 20 datatype mismatch.",
    "level": "FATAL",
    "type": "SQL",
    "test": "jspi-boot",
    "plugin": "wp-internetvista",
    "details": "[13-Apr-2025 02:17:35 UTC] WordPress database error <div style=\"clear:both\">&nbsp;</div>\n<div class=\"queries\" style=\"clear:both;margin-bottom:2px;border:red dotted thin;\">\n<p>MySQL query:</p>\n<p>INSERT INTO `wp_church_donation_settings` \r\n        (`id` ,`payment_gateway_name` ,`payment_method` ,`credentials_data` ,`enabled`) \r\n        VALUES \r\n        ('', 'Authorize', 'AIM', '', '1')</p>\n<p>Queries made or created this session were:</p>\n<ol>\n<li>Executing: BEGIN | (no parameters)</li>\n<li>Executing: INSERT INTO `wp_church_donation_settings` \r\n        (`id` ,`payment_gateway_name` ,`payment_method` ,`credentials_data` ,`enabled`) \r\n        VALUES \r\n        (:param0 , :param1 , :param2 , :param3 , :param4 ) | parameters: , Authorize, AIM, , 1</li>\n<li>Executing: ROLLBACK | (no parameters)</li>\n</ol>\n</div>\n<div style=\"clear:both;margin-bottom:2px;border:red dotted thin;\" class=\"error_message\" style=\"border-bottom:dotted blue thin;\">\nError occurred at line 4117 in Function <code>handle_error</code>. Error message was: SQLSTATE[HY000]: General error: 20 datatype mismatch.\n</div>\n<p>Backtrace:</p>\n<pre>#0 /internal/shared/sqlite-database-integration/wp-includes/sqlite/class-wp-sqlite-db.php(287): WP_SQLite_Translator->get_error_message()\n#1 /wordpress/wp-admin/includes/upgrade.php(3271): WP_SQLite_DB->query('INSERT INTO `wp...')\n#2 /wordpress/wp-content/plugins/wp-church-donation/wp-church-donation.php(166): dbDelta(Array)\n#3 /wordpress/wp-includes/class-wp-hook.php(324): install_wp_church_donation(false)\n#4 /wordpress/wp-includes/class-wp-hook.php(348): WP_Hook->apply_filters('', Array)\n#5 /wordpress/wp-includes/plugin.php(517): WP_Hook->do_action(Array)\n#6 /wordpress/wp-admin/includes/plugin.php(703): do_action('activate_wp-chu...', false)\n#7 /internal/eval.php(20): activate_plugin('wp-church-donat...')\n#8 {main}</pre>\n for query INSERT INTO `wp_church_donation_settings` \r\n        (`id` ,`payment_gateway_name` ,`payment_method` ,`credentials_data` ,`enabled`) \r\n        VALUES \r\n        ('', 'Authorize', 'AIM', '', '1') made by activate_plugin, do_action('activate_wp-church-donation/wp-church-donation.php'), WP_Hook->do_action, WP_Hook->apply_filters, install_wp_church_donation, dbDelta, WP_SQLite_DB->query, WP_SQLite_DB->print_error",
    "log": "/logs/plugins/w/wp-internetvista/error.json"
  },
  {
    "message": "SQLSTATE[HY000]: General error: 20 datatype mismatch.",
    "level": "FATAL",
    "type": "SQL",
    "test": "jspi-boot",
    "plugin": "wp-internetvista",
    "details": "[13-Apr-2025 02:17:35 UTC] WordPress database error <div style=\"clear:both\">&nbsp;</div>\n<div class=\"queries\" style=\"clear:both;margin-bottom:2px;border:red dotted thin;\">\n<p>MySQL query:</p>\n<p>INSERT INTO `wp_church_donation_content` \r\n        (`id` ,`donation_form_heading` ,`donation_form_message` ,`thank_you_page_content` ,`thank_you_email_subject`,`thank_you_email_content`) \r\n        VALUES \r\n        ('', \r\n        'Make your donation', \r\n        'Thank you for your interest in supporting our Church. Your financial contributions provide an immediate answer to the most pressing needs for outreach.\r\n        These gifts help us overcome the everyday challenges that stand between our future vision and our present reality. Your gift will go to the area of greatest need. If you wish your donation to be designated for a particular area or program, please note your wishes in the comment box. \r\n        Thank you for your generosity.', \r\n        'Thank you for your interest in supporting our Church. Your financial contributions provide an immediate answer to the most pressing needs for outreach.\r\n        These gifts help us overcome the everyday challenges that stand between our future vision and our present reality. Your gift will go to the area of greatest need. If you wish your donation to be designated for a particular area or program. \r\n        Thank you for your donation.',\r\n        'We received your donation, thank you very much for this.',\r\n        'Thank you for your interest in supporting our Church. Your financial contributions provide an immediate answer to the most pressing needs for outreach.\r\n        These gifts help us overcome the everyday challenges that stand between our future vision and our present reality. Your gift will go to the area of greatest need. If you wish your donation to be designated for a particular area or program.\r\n        Thank you for your donation.')</p>\n<p>Queries made or created this session were:</p>\n<ol>\n<li>Executing: BEGIN | (no parameters)</li>\n<li>Executing: INSERT INTO `wp_church_donation_content` \r\n        (`id` ,`donation_form_heading` ,`donation_form_message` ,`thank_you_page_content` ,`thank_you_email_subject`,`thank_you_email_content`) \r\n        VALUES \r\n        (:param0 , \r\n        :param1 , \r\n        :param2 , \r\n        :param3 ,\r\n        :param4 ,\r\n        :param5 ) | parameters: , Make your donation, Thank you for your interest in supporting our Church. Your financial contributions provide an immediate answer to the most pressing needs for outreach.\r\n        These gifts help us overcome the everyday challenges that stand between our future vision and our present reality. Your gift will go to the area of greatest need. If you wish your donation to be designated for a particular area or program, please note your wishes in the comment box. \r\n        Thank you for your generosity., Thank you for your interest in supporting our Church. Your financial contributions provide an immediate answer to the most pressing needs for outreach.\r\n        These gifts help us overcome the everyday challenges that stand between our future vision and our present reality. Your gift will go to the area of greatest need. If you wish your donation to be designated for a particular area or program. \r\n        Thank you for your donation., We received your donation, thank you very much for this., Thank you for your interest in supporting our Church. Your financial contributions provide an immediate answer to the most pressing needs for outreach.\r\n        These gifts help us overcome the everyday challenges that stand between our future vision and our present reality. Your gift will go to the area of greatest need. If you wish your donation to be designated for a particular area or program.\r\n        Thank you for your donation.</li>\n<li>Executing: ROLLBACK | (no parameters)</li>\n</ol>\n</div>\n<div style=\"clear:both;margin-bottom:2px;border:red dotted thin;\" class=\"error_message\" style=\"border-bottom:dotted blue thin;\">\nError occurred at line 4117 in Function <code>handle_error</code>. Error message was: SQLSTATE[HY000]: General error: 20 datatype mismatch.\n</div>\n<p>Backtrace:</p>\n<pre>#0 /internal/shared/sqlite-database-integration/wp-includes/sqlite/class-wp-sqlite-db.php(287): WP_SQLite_Translator->get_error_message()\n#1 /wordpress/wp-admin/includes/upgrade.php(3271): WP_SQLite_DB->query('INSERT INTO `wp...')\n#2 /wordpress/wp-content/plugins/wp-church-donation/wp-church-donation.php(168): dbDelta(Array)\n#3 /wordpress/wp-includes/class-wp-hook.php(324): install_wp_church_donation(false)\n#4 /wordpress/wp-includes/class-wp-hook.php(348): WP_Hook->apply_filters('', Array)\n#5 /wordpress/wp-includes/plugin.php(517): WP_Hook->do_action(Array)\n#6 /wordpress/wp-admin/includes/plugin.php(703): do_action('activate_wp-chu...', false)\n#7 /internal/eval.php(20): activate_plugin('wp-church-donat...')\n#8 {main}</pre>\n for query INSERT INTO `wp_church_donation_content` \r\n        (`id` ,`donation_form_heading` ,`donation_form_message` ,`thank_you_page_content` ,`thank_you_email_subject`,`thank_you_email_content`) \r\n        VALUES \r\n        ('', \r\n        'Make your donation', \r\n        'Thank you for your interest in supporting our Church. Your financial contributions provide an immediate answer to the most pressing needs for outreach.\r\n        These gifts help us overcome the everyday challenges that stand between our future vision and our present reality. Your gift will go to the area of greatest need. If you wish your donation to be designated for a particular area or program, please note your wishes in the comment box. \r\n        Thank you for your generosity.', \r\n        'Thank you for your interest in supporting our Church. Your financial contributions provide an immediate answer to the most pressing needs for outreach.\r\n        These gifts help us overcome the everyday challenges that stand between our future vision and our present reality. Your gift will go to the area of greatest need. If you wish your donation to be designated for a particular area or program. \r\n        Thank you for your donation.',\r\n        'We received your donation, thank you very much for this.',\r\n        'Thank you for your interest in supporting our Church. Your financial contributions provide an immediate answer to the most pressing needs for outreach.\r\n        These gifts help us overcome the everyday challenges that stand between our future vision and our present reality. Your gift will go to the area of greatest need. If you wish your donation to be designated for a particular area or program.\r\n        Thank you for your donation.') made by activate_plugin, do_action('activate_wp-church-donation/wp-church-donation.php'), WP_Hook->do_action, WP_Hook->apply_filters, install_wp_church_donation, dbDelta, WP_SQLite_DB->query, WP_SQLite_DB->print_error\n\n    at Object.onBind (file:///home/runner/work/playground-tester/playground-tester/node_modules/@wp-playground/cli/index.js:237:15)\n    at process.processTicksAndRejections (node:internal/process/task_queues:105:5)\n    at async V (file:///home/runner/work/playground-tester/playground-tester/node_modules/@wp-playground/cli/index.js:64:10)\n    at async ja (file:///home/runner/work/playground-tester/playground-tester/node_modules/@wp-playground/cli/cli.js:8161:12) {\n  [cause]: Error: Error when executing the blueprint step #1 ({\"step\":\"installPlugin\",\"pluginData\":{\"resource\":\"wordpress.org/plugins\",\"slug\":\"wp-internetvista\"},\"options\":{\"activate\":true}}) : Plugin /wordpress/wp-content/plugins/wp-internetvista could not be activated  WordPress exited with no error. Sometimes, when $_SERVER or site options are not configured correctly, WordPress exits early with a 301 redirect. Inspect the \"debug\" logs in the console for more details.\n      at Object.run (file:///home/runner/work/playground-tester/playground-tester/node_modules/@wp-playground/blueprints/index.js:12449:19)\n      at process.processTicksAndRejections (node:internal/process/task_queues:105:5)\n      at async ms (file:///home/runner/work/playground-tester/playground-tester/node_modules/@wp-playground/blueprints/index.js:12552:3)\n      ... 2 lines matching cause stack trace ...\n      at async ja (file:///home/runner/work/playground-tester/playground-tester/node_modules/@wp-playground/cli/cli.js:8161:12) {\n    [cause]: Error: Plugin /wordpress/wp-content/plugins/wp-internetvista could not be activated  WordPress exited with no error. Sometimes, when $_SERVER or site options are not configured correctly, WordPress exits early with a 301 redirect. Inspect the \"debug\" logs in the console for more details.\n        at wr (file:///home/runner/work/playground-tester/playground-tester/node_modules/@wp-playground/blueprints/index.js:119:51)\n        at process.processTicksAndRejections (node:internal/process/task_queues:105:5)\n        at async Object.gt [as installPlugin] (file:///home/runner/work/playground-tester/playground-tester/node_modules/@wp-playground/blueprints/index.js:974:42)\n        at async g (file:///home/runner/work/playground-tester/playground-tester/node_modules/@wp-playground/blueprints/index.js:12517:30)\n        at async Object.run (file:///home/runner/work/playground-tester/playground-tester/node_modules/@wp-playground/blueprints/index.js:12446:23)\n        at async ms (file:///home/runner/work/playground-tester/playground-tester/node_modules/@wp-playground/blueprints/index.js:12552:3)\n        at async Object.onBind (file:///home/runner/work/playground-tester/playground-tester/node_modules/@wp-playground/cli/index.js:227:48)\n        at async V (file:///home/runner/work/playground-tester/playground-tester/node_modules/@wp-playground/cli/index.js:64:10)\n        at async ja (file:///home/runner/work/playground-tester/playground-tester/node_modules/@wp-playground/cli/cli.js:8161:12)\n  }\n}\n\n",
    "log": "/logs/plugins/w/wp-internetvista/error.json"
  }
]
