file:///home/runner/work/playground-tester/playground-tester/node_modules/@wp-playground/cli/run-cli-j-geJYS3.js:325
        throw new Error($, { cause: h });
              ^

Error: [24-Jun-2025 11:26:17 UTC] PHP Fatal error:  Uncaught Error: Call to undefined function create_function() in /wordpress/wp-content/plugins/samandehi-logo-manager/index.php:168
Stack trace:
#0 /wordpress/wp-admin/includes/plugin.php(2387): include_once()
#1 /wordpress/wp-admin/includes/plugin.php(673): plugin_sandbox_scrape('samandehi-logo-...')
#2 /internal/eval.php(20): activate_plugin('samandehi-logo-...')
#3 {main}
  thrown in /wordpress/wp-content/plugins/samandehi-logo-manager/index.php on line 168
[24-Jun-2025 11:26:23 UTC] PHP Fatal error:  Uncaught Error: Call to undefined function create_function() in /wordpress/wp-content/plugins/samandehi-logo-manager/index.php:168
Stack trace:
#0 /wordpress/wp-admin/includes/plugin.php(2387): include_once()
#1 /wordpress/wp-admin/includes/plugin.php(673): plugin_sandbox_scrape('samandehi-logo-...')
#2 /internal/eval.php(20): activate_plugin('samandehi-logo-...')
#3 {main}
  thrown in /wordpress/wp-content/plugins/samandehi-logo-manager/index.php on line 168
[24-Jun-2025 11:26:31 UTC] PHP Fatal error:  Uncaught Error: Call to undefined function create_function() in /wordpress/wp-content/plugins/samandehi-logo-manager/index.php:168
Stack trace:
#0 /wordpress/wp-admin/includes/plugin.php(2387): include_once()
#1 /wordpress/wp-admin/includes/plugin.php(673): plugin_sandbox_scrape('samandehi-logo-...')
#2 /internal/eval.php(20): activate_plugin('samandehi-logo-...')
#3 {main}
  thrown in /wordpress/wp-content/plugins/samandehi-logo-manager/index.php on line 168
[24-Jun-2025 11:27:09 UTC] PHP Fatal error:  Array and string offset access syntax with curly braces is no longer supported in /wordpress/wp-content/plugins/shoutem-api/controllers/class-shoutem-controller-view.php on line 41
[24-Jun-2025 11:27:18 UTC] PHP Fatal error:  Array and string offset access syntax with curly braces is no longer supported in /wordpress/wp-content/plugins/shoutem-api/controllers/class-shoutem-controller-view.php on line 41
[24-Jun-2025 11:27:28 UTC] PHP Fatal error:  Array and string offset access syntax with curly braces is no longer supported in /wordpress/wp-content/plugins/shoutem-api/controllers/class-shoutem-controller-view.php on line 41
[24-Jun-2025 11:27:42 UTC] WordPress database error <div style="clear:both">&nbsp;</div>
<div class="queries" style="clear:both;margin-bottom:2px;border:red dotted thin;">
<p>MySQL query:</p>
<p>CREATE TABLE wp_stellarpay_subscriptions_meta (
            id BIGINT UNSIGNED NOT NULL AUTO_INCREMENT,
            subscription_id BIGINT UNSIGNED NOT NULL,
            meta_key Varchar(255) NOT NULL,
            meta_value LONGTEXT NOT NULL,
            PRIMARY KEY  (id),
            FOREIGN KEY (subscription_id) REFERENCES wp_stellarpay_subscriptions (id)
        ) DEFAULT CHARACTER SET utf8mb4</p>
<p>Queries made or created this session were:</p>
<ol>
<li>Executing: BEGIN IMMEDIATE | (no parameters)</li>
<li>Executing: INSERT INTO `_wp_sqlite_mysql_information_schema_tables` (`table_schema`, `table_name`, `table_type`, `engine`, `row_format`, `table_collation`, `table_comment`) VALUES (?, ?, ?, ?, ?, ?, ?) | parameters: database_name_here, wp_stellarpay_subscriptions_meta, BASE TABLE, InnoDB, Dynamic, utf8mb4_general_ci, </li>
<li>Executing: INSERT INTO `_wp_sqlite_mysql_information_schema_columns` (`table_schema`, `table_name`, `column_name`, `ordinal_position`, `column_default`, `is_nullable`, `data_type`, `character_maximum_length`, `character_octet_length`, `numeric_precision`, `numeric_scale`, `datetime_precision`, `character_set_name`, `collation_name`, `column_type`, `column_key`, `extra`, `privileges`, `column_comment`, `generation_expression`, `srs_id`) VALUES (?, ?, ?, ?, ?, ?, ?, ?, ?, ?, ?, ?, ?, ?, ?, ?, ?, ?, ?, ?, ?) | parameters: database_name_here, wp_stellarpay_subscriptions_meta, id, 1, , NO, bigint, , , 20, 0, , , , bigint unsigned, , auto_increment, select,insert,update,references, , , </li>
<li>Executing: INSERT INTO `_wp_sqlite_mysql_information_schema_columns` (`table_schema`, `table_name`, `column_name`, `ordinal_position`, `column_default`, `is_nullable`, `data_type`, `character_maximum_length`, `character_octet_length`, `numeric_precision`, `numeric_scale`, `datetime_precision`, `character_set_name`, `collation_name`, `column_type`, `column_key`, `extra`, `privileges`, `column_comment`, `generation_expression`, `srs_id`) VALUES (?, ?, ?, ?, ?, ?, ?, ?, ?, ?, ?, ?, ?, ?, ?, ?, ?, ?, ?, ?, ?) | parameters: database_name_here, wp_stellarpay_subscriptions_meta, subscription_id, 2, , NO, bigint, , , 20, 0, , , , bigint unsigned, , , select,insert,update,references, , , </li>
<li>Executing: INSERT INTO `_wp_sqlite_mysql_information_schema_columns` (`table_schema`, `table_name`, `column_name`, `ordinal_position`, `column_default`, `is_nullable`, `data_type`, `character_maximum_length`, `character_octet_length`, `numeric_precision`, `numeric_scale`, `datetime_precision`, `character_set_name`, `collation_name`, `column_type`, `column_key`, `extra`, `privileges`, `column_comment`, `generation_expression`, `srs_id`) VALUES (?, ?, ?, ?, ?, ?, ?, ?, ?, ?, ?, ?, ?, ?, ?, ?, ?, ?, ?, ?, ?) | parameters: database_name_here, wp_stellarpay_subscriptions_meta, meta_key, 3, , NO, varchar, 255, 1020, , , , utf8mb4, utf8mb4_general_ci, varchar(255), , , select,insert,update,references, , , </li>
<li>Executing: INSERT INTO `_wp_sqlite_mysql_information_schema_columns` (`table_schema`, `table_name`, `column_name`, `ordinal_position`, `column_default`, `is_nullable`, `data_type`, `character_maximum_length`, `character_octet_length`, `numeric_precision`, `numeric_scale`, `datetime_precision`, `character_set_name`, `collation_name`, `column_type`, `column_key`, `extra`, `privileges`, `column_comment`, `generation_expression`, `srs_id`) VALUES (?, ?, ?, ?, ?, ?, ?, ?, ?, ?, ?, ?, ?, ?, ?, ?, ?, ?, ?, ?, ?) | parameters: database_name_here, wp_stellarpay_subscriptions_meta, meta_value, 4, , NO, longtext, 4294967295, 4294967295, , , , utf8mb4, utf8mb4_general_ci, longtext, , , select,insert,update,references, , , </li>
<li>Executing: 
					SELECT column_name, data_type, is_nullable, character_maximum_length
					FROM `_wp_sqlite_mysql_information_schema_columns`
					WHERE table_schema = ?
					AND table_name = ?
					AND column_name IN (?)
				 | parameters: database_name_here, wp_stellarpay_subscriptions_meta, id</li>
<li>Executing: INSERT INTO `_wp_sqlite_mysql_information_schema_statistics` (`table_schema`, `table_name`, `non_unique`, `index_schema`, `index_name`, `seq_in_index`, `column_name`, `collation`, `cardinality`, `sub_part`, `packed`, `nullable`, `index_type`, `comment`, `index_comment`, `is_visible`, `expression`) VALUES (?, ?, ?, ?, ?, ?, ?, ?, ?, ?, ?, ?, ?, ?, ?, ?, ?) | parameters: database_name_here, wp_stellarpay_subscriptions_meta, 0, database_name_here, PRIMARY, 1, id, A, 0, , , , BTREE, , , YES, </li>
<li>Executing: INSERT INTO `_wp_sqlite_mysql_information_schema_table_constraints` (`table_schema`, `table_name`, `constraint_schema`, `constraint_name`, `constraint_type`) VALUES (?, ?, ?, ?, ?) | parameters: database_name_here, wp_stellarpay_subscriptions_meta, database_name_here, PRIMARY, PRIMARY KEY</li>
<li>Executing: 
				UPDATE `_wp_sqlite_mysql_information_schema_columns` AS c
				SET (column_key, is_nullable) = (
					SELECT
						CASE
							WHEN MAX(s.index_name = 'PRIMARY') THEN 'PRI'
							WHEN MAX(s.non_unique = 0 AND s.seq_in_index = 1) THEN 'UNI'
							WHEN MAX(s.seq_in_index = 1) THEN 'MUL'
							ELSE ''
						END,
						CASE
							WHEN MAX(s.index_name = 'PRIMARY') THEN 'NO'
							ELSE c.is_nullable
						END
					FROM `_wp_sqlite_mysql_information_schema_statistics` AS s
					WHERE s.table_schema = c.table_schema
					AND s.table_name = c.table_name
					AND s.column_name = c.column_name
				)
			    WHERE c.table_schema = ?
			    AND c.table_name = ?
			 | parameters: database_name_here, wp_stellarpay_subscriptions_meta</li>
<li>Executing: ROLLBACK | (no parameters)</li>
</ol>
</div>
<div style="clear:both;margin-bottom:2px;border:red dotted thin;" class="error_message" style="border-bottom:dotted blue thin;">
FOREIGN KEY and CHECK constraints are not supported yet.
</div>
<p>Backtrace:</p>
<pre>#0 /internal/shared/sqlite-database-integration/wp-includes/sqlite-ast/class-wp-sqlite-driver.php(683): WP_SQLite_Driver->new_driver_exception('FOREIGN KEY and...', 0, Object(Exception))
#1 /internal/shared/sqlite-database-integration/wp-includes/sqlite/class-wp-sqlite-db.php(491): WP_SQLite_Driver->query('CREATE TABLE wp...')
#2 /internal/shared/sqlite-database-integration/wp-includes/sqlite/class-wp-sqlite-db.php(432): WP_SQLite_DB->_do_query('CREATE TABLE wp...')
#3 /wordpress/wp-admin/includes/upgrade.php(3280): WP_SQLite_DB->query('CREATE TABLE wp...')
#4 /wordpress/wp-content/plugins/stellarpay/vendor/vendor-prefixed/stellarwp/db/src/DB/DB.php(83): dbDelta(Array)
#5 /wordpress/wp-content/plugins/stellarpay/vendor/vendor-prefixed/stellarwp/db/src/DB/DB.php(284): StellarPay\Vendors\StellarWP\DB\DB::StellarPay\Vendors\StellarWP\DB\{closure}()
#6 /wordpress/wp-content/plugins/stellarpay/vendor/vendor-prefixed/stellarwp/db/src/DB/DB.php(84): StellarPay\Vendors\StellarWP\DB\DB::runQueryWithErrorChecking(Object(Closure))
#7 /wordpress/wp-content/plugins/stellarpay/src/Subscriptions/Migrations/CreateSubscriptionMetaDatabaseTable.php(55): StellarPay\Vendors\StellarWP\DB\DB::delta('CREATE TABLE wp...')
#8 /wordpress/wp-content/plugins/stellarpay/src/PluginSetup/Actions/CreateDatabaseTable.php(49): StellarPay\Subscriptions\Migrations\CreateSubscriptionMetaDatabaseTable->run()
#9 [internal function]: StellarPay\PluginSetup\Actions\CreateDatabaseTable->__invoke('stellarpay_curr...')
#10 /wordpress/wp-content/plugins/stellarpay/src/Core/Hooks.php(66): call_user_func_array(Array, Array)
#11 /wordpress/wp-includes/class-wp-hook.php(326): StellarPay\Core\Hooks::StellarPay\Core\{closure}('stellarpay_curr...')
#12 /wordpress/wp-includes/class-wp-hook.php(348): WP_Hook->apply_filters('', Array)
#13 /wordpress/wp-includes/plugin.php(517): WP_Hook->do_action(Array)
#14 /wordpress/wp-includes/option.php(1177): do_action('add_option_stel...', 'stellarpay_curr...', '1.9.0')
#15 /wordpress/wp-includes/option.php(930): add_option('stellarpay_curr...', '1.9.0', '', 'off')
#16 /wordpress/wp-content/plugins/stellarpay/src/PluginSetup/Actions/RecordPluginVersion.php(34): update_option('stellarpay_curr...', '1.9.0', false)
#17 /wordpress/wp-content/plugins/stellarpay/src/PluginSetup/Plugin.php(270): StellarPay\PluginSetup\Actions\RecordPluginVersion->__invoke()
#18 /wordpress/wp-content/plugins/stellarpay/src/PluginSetup/Plugin.php(143): StellarPay\PluginSetup\Plugin->recordPluginVersion()
#19 [internal function]: StellarPay\PluginSetup\Plugin->init('')
#20 /wordpress/wp-content/plugins/stellarpay/src/Core/Hooks.php(66): call_user_func_array(Array, Array)
#21 /wordpress/wp-includes/class-wp-hook.php(324): StellarPay\Core\Hooks::StellarPay\Core\{closure}('')
#22 /wordpress/wp-includes/class-wp-hook.php(348): WP_Hook->apply_filters(NULL, Array)
#23 /wordpress/wp-includes/plugin.php(517): WP_Hook->do_action(Array)
#24 /wordpress/wp-settings.php(578): do_action('plugins_loaded')
#25 /wordpress/wp-config.php(102): require_once('/wordpress/wp-s...')
#26 /wordpress/wp-load.php(50): require_once('/wordpress/wp-c...')
#27 /internal/eval.php(3): require_once('/wordpress/wp-l...')
#28 {main}</pre>
 for query CREATE TABLE wp_stellarpay_subscriptions_meta (
            id BIGINT UNSIGNED NOT NULL AUTO_INCREMENT,
            subscription_id BIGINT UNSIGNED NOT NULL,
            meta_key Varchar(255) NOT NULL,
            meta_value LONGTEXT NOT NULL,
            PRIMARY KEY  (id),
            FOREIGN KEY (subscription_id) REFERENCES wp_stellarpay_subscriptions (id)
        ) DEFAULT CHARACTER SET utf8mb4 made by require_once('wp-load.php'), require_once('wp-config.php'), require_once('wp-settings.php'), do_action('plugins_loaded'), WP_Hook->do_action, WP_Hook->apply_filters, StellarPay\Core\Hooks::StellarPay\Core\{closure}, call_user_func_array, StellarPay\PluginSetup\Plugin->init, StellarPay\PluginSetup\Plugin->recordPluginVersion, StellarPay\PluginSetup\Actions\RecordPluginVersion->__invoke, update_option, add_option, do_action('add_option_stellarpay_current_version'), WP_Hook->do_action, WP_Hook->apply_filters, StellarPay\Core\Hooks::StellarPay\Core\{closure}, call_user_func_array, StellarPay\PluginSetup\Actions\CreateDatabaseTable->__invoke, StellarPay\Subscriptions\Migrations\CreateSubscriptionMetaDatabaseTable->run, StellarPay\Vendors\StellarWP\DB\DB::delta, StellarPay\Vendors\StellarWP\DB\DB::runQueryWithErrorChecking, StellarPay\Vendors\StellarWP\DB\DB::StellarPay\Vendors\StellarWP\DB\{closure}, dbDelta, WP_SQLite_DB->query, WP_SQLite_DB->print_error
[24-Jun-2025 11:27:42 UTC] PHP Fatal error:  Uncaught StellarPay\Vendors\StellarWP\DB\Database\Exceptions\DatabaseQueryException: Database Query in /wordpress/wp-content/plugins/stellarpay/vendor/vendor-prefixed/stellarwp/db/src/DB/DB.php:296
Stack trace:
#0 /wordpress/wp-content/plugins/stellarpay/vendor/vendor-prefixed/stellarwp/db/src/DB/DB.php(84): StellarPay\Vendors\StellarWP\DB\DB::runQueryWithErrorChecking(Object(Closure))
#1 /wordpress/wp-content/plugins/stellarpay/src/Subscriptions/Migrations/CreateSubscriptionMetaDatabaseTable.php(55): StellarPay\Vendors\StellarWP\DB\DB::delta('CREATE TABLE wp...')
#2 /wordpress/wp-content/plugins/stellarpay/src/PluginSetup/Actions/CreateDatabaseTable.php(49): StellarPay\Subscriptions\Migrations\CreateSubscriptionMetaDatabaseTable->run()
#3 [internal function]: StellarPay\PluginSetup\Actions\CreateDatabaseTable->__invoke('stellarpay_curr...')
#4 /wordpress/wp-content/plugins/stellarpay/src/Core/Hooks.php(66): call_user_func_array(Array, Array)
#5 /wordpress/wp-includes/class-wp-hook.php(326): StellarPay\Core\H in /wordpress/wp-content/plugins/stellarpay/src/Subscriptions/Migrations/CreateSubscriptionMetaDatabaseTable.php on line 63
[24-Jun-2025 11:27:56 UTC] WordPress database error <div style="clear:both">&nbsp;</div>
<div class="queries" style="clear:both;margin-bottom:2px;border:red dotted thin;">
<p>MySQL query:</p>
<p>CREATE TABLE wp_stellarpay_subscriptions_meta (
            id BIGINT UNSIGNED NOT NULL AUTO_INCREMENT,
            subscription_id BIGINT UNSIGNED NOT NULL,
            meta_key Varchar(255) NOT NULL,
            meta_value LONGTEXT NOT NULL,
            PRIMARY KEY  (id),
            FOREIGN KEY (subscription_id) REFERENCES wp_stellarpay_subscriptions (id)
        ) DEFAULT CHARACTER SET utf8mb4</p>
<p>Queries made or created this session were:</p>
<ol>
<li>Executing: BEGIN IMMEDIATE | (no parameters)</li>
<li>Executing: INSERT INTO `_wp_sqlite_mysql_information_schema_tables` (`table_schema`, `table_name`, `table_type`, `engine`, `row_format`, `table_collation`, `table_comment`) VALUES (?, ?, ?, ?, ?, ?, ?) | parameters: database_name_here, wp_stellarpay_subscriptions_meta, BASE TABLE, InnoDB, Dynamic, utf8mb4_general_ci, </li>
<li>Executing: INSERT INTO `_wp_sqlite_mysql_information_schema_columns` (`table_schema`, `table_name`, `column_name`, `ordinal_position`, `column_default`, `is_nullable`, `data_type`, `character_maximum_length`, `character_octet_length`, `numeric_precision`, `numeric_scale`, `datetime_precision`, `character_set_name`, `collation_name`, `column_type`, `column_key`, `extra`, `privileges`, `column_comment`, `generation_expression`, `srs_id`) VALUES (?, ?, ?, ?, ?, ?, ?, ?, ?, ?, ?, ?, ?, ?, ?, ?, ?, ?, ?, ?, ?) | parameters: database_name_here, wp_stellarpay_subscriptions_meta, id, 1, , NO, bigint, , , 20, 0, , , , bigint unsigned, , auto_increment, select,insert,update,references, , , </li>
<li>Executing: INSERT INTO `_wp_sqlite_mysql_information_schema_columns` (`table_schema`, `table_name`, `column_name`, `ordinal_position`, `column_default`, `is_nullable`, `data_type`, `character_maximum_length`, `character_octet_length`, `numeric_precision`, `numeric_scale`, `datetime_precision`, `character_set_name`, `collation_name`, `column_type`, `column_key`, `extra`, `privileges`, `column_comment`, `generation_expression`, `srs_id`) VALUES (?, ?, ?, ?, ?, ?, ?, ?, ?, ?, ?, ?, ?, ?, ?, ?, ?, ?, ?, ?, ?) | parameters: database_name_here, wp_stellarpay_subscriptions_meta, subscription_id, 2, , NO, bigint, , , 20, 0, , , , bigint unsigned, , , select,insert,update,references, , , </li>
<li>Executing: INSERT INTO `_wp_sqlite_mysql_information_schema_columns` (`table_schema`, `table_name`, `column_name`, `ordinal_position`, `column_default`, `is_nullable`, `data_type`, `character_maximum_length`, `character_octet_length`, `numeric_precision`, `numeric_scale`, `datetime_precision`, `character_set_name`, `collation_name`, `column_type`, `column_key`, `extra`, `privileges`, `column_comment`, `generation_expression`, `srs_id`) VALUES (?, ?, ?, ?, ?, ?, ?, ?, ?, ?, ?, ?, ?, ?, ?, ?, ?, ?, ?, ?, ?) | parameters: database_name_here, wp_stellarpay_subscriptions_meta, meta_key, 3, , NO, varchar, 255, 1020, , , , utf8mb4, utf8mb4_general_ci, varchar(255), , , select,insert,update,references, , , </li>
<li>Executing: INSERT INTO `_wp_sqlite_mysql_information_schema_columns` (`table_schema`, `table_name`, `column_name`, `ordinal_position`, `column_default`, `is_nullable`, `data_type`, `character_maximum_length`, `character_octet_length`, `numeric_precision`, `numeric_scale`, `datetime_precision`, `character_set_name`, `collation_name`, `column_type`, `column_key`, `extra`, `privileges`, `column_comment`, `generation_expression`, `srs_id`) VALUES (?, ?, ?, ?, ?, ?, ?, ?, ?, ?, ?, ?, ?, ?, ?, ?, ?, ?, ?, ?, ?) | parameters: database_name_here, wp_stellarpay_subscriptions_meta, meta_value, 4, , NO, longtext, 4294967295, 4294967295, , , , utf8mb4, utf8mb4_general_ci, longtext, , , select,insert,update,references, , , </li>
<li>Executing: 
					SELECT column_name, data_type, is_nullable, character_maximum_length
					FROM `_wp_sqlite_mysql_information_schema_columns`
					WHERE table_schema = ?
					AND table_name = ?
					AND column_name IN (?)
				 | parameters: database_name_here, wp_stellarpay_subscriptions_meta, id</li>
<li>Executing: INSERT INTO `_wp_sqlite_mysql_information_schema_statistics` (`table_schema`, `table_name`, `non_unique`, `index_schema`, `index_name`, `seq_in_index`, `column_name`, `collation`, `cardinality`, `sub_part`, `packed`, `nullable`, `index_type`, `comment`, `index_comment`, `is_visible`, `expression`) VALUES (?, ?, ?, ?, ?, ?, ?, ?, ?, ?, ?, ?, ?, ?, ?, ?, ?) | parameters: database_name_here, wp_stellarpay_subscriptions_meta, 0, database_name_here, PRIMARY, 1, id, A, 0, , , , BTREE, , , YES, </li>
<li>Executing: INSERT INTO `_wp_sqlite_mysql_information_schema_table_constraints` (`table_schema`, `table_name`, `constraint_schema`, `constraint_name`, `constraint_type`) VALUES (?, ?, ?, ?, ?) | parameters: database_name_here, wp_stellarpay_subscriptions_meta, database_name_here, PRIMARY, PRIMARY KEY</li>
<li>Executing: 
				UPDATE `_wp_sqlite_mysql_information_schema_columns` AS c
				SET (column_key, is_nullable) = (
					SELECT
						CASE
							WHEN MAX(s.index_name = 'PRIMARY') THEN 'PRI'
							WHEN MAX(s.non_unique = 0 AND s.seq_in_index = 1) THEN 'UNI'
							WHEN MAX(s.seq_in_index = 1) THEN 'MUL'
							ELSE ''
						END,
						CASE
							WHEN MAX(s.index_name = 'PRIMARY') THEN 'NO'
							ELSE c.is_nullable
						END
					FROM `_wp_sqlite_mysql_information_schema_statistics` AS s
					WHERE s.table_schema = c.table_schema
					AND s.table_name = c.table_name
					AND s.column_name = c.column_name
				)
			    WHERE c.table_schema = ?
			    AND c.table_name = ?
			 | parameters: database_name_here, wp_stellarpay_subscriptions_meta</li>
<li>Executing: ROLLBACK | (no parameters)</li>
</ol>
</div>
<div style="clear:both;margin-bottom:2px;border:red dotted thin;" class="error_message" style="border-bottom:dotted blue thin;">
FOREIGN KEY and CHECK constraints are not supported yet.
</div>
<p>Backtrace:</p>
<pre>#0 /internal/shared/sqlite-database-integration/wp-includes/sqlite-ast/class-wp-sqlite-driver.php(683): WP_SQLite_Driver->new_driver_exception('FOREIGN KEY and...', 0, Object(Exception))
#1 /internal/shared/sqlite-database-integration/wp-includes/sqlite/class-wp-sqlite-db.php(491): WP_SQLite_Driver->query('CREATE TABLE wp...')
#2 /internal/shared/sqlite-database-integration/wp-includes/sqlite/class-wp-sqlite-db.php(432): WP_SQLite_DB->_do_query('CREATE TABLE wp...')
#3 /wordpress/wp-admin/includes/upgrade.php(3280): WP_SQLite_DB->query('CREATE TABLE wp...')
#4 /wordpress/wp-content/plugins/stellarpay/vendor/vendor-prefixed/stellarwp/db/src/DB/DB.php(83): dbDelta(Array)
#5 /wordpress/wp-content/plugins/stellarpay/vendor/vendor-prefixed/stellarwp/db/src/DB/DB.php(284): StellarPay\Vendors\StellarWP\DB\DB::StellarPay\Vendors\StellarWP\DB\{closure}()
#6 /wordpress/wp-content/plugins/stellarpay/vendor/vendor-prefixed/stellarwp/db/src/DB/DB.php(84): StellarPay\Vendors\StellarWP\DB\DB::runQueryWithErrorChecking(Object(Closure))
#7 /wordpress/wp-content/plugins/stellarpay/src/Subscriptions/Migrations/CreateSubscriptionMetaDatabaseTable.php(55): StellarPay\Vendors\StellarWP\DB\DB::delta('CREATE TABLE wp...')
#8 /wordpress/wp-content/plugins/stellarpay/src/PluginSetup/Actions/CreateDatabaseTable.php(49): StellarPay\Subscriptions\Migrations\CreateSubscriptionMetaDatabaseTable->run()
#9 [internal function]: StellarPay\PluginSetup\Actions\CreateDatabaseTable->__invoke('stellarpay_curr...')
#10 /wordpress/wp-content/plugins/stellarpay/src/Core/Hooks.php(66): call_user_func_array(Array, Array)
#11 /wordpress/wp-includes/class-wp-hook.php(326): StellarPay\Core\Hooks::StellarPay\Core\{closure}('stellarpay_curr...')
#12 /wordpress/wp-includes/class-wp-hook.php(348): WP_Hook->apply_filters('', Array)
#13 /wordpress/wp-includes/plugin.php(517): WP_Hook->do_action(Array)
#14 /wordpress/wp-includes/option.php(1177): do_action('add_option_stel...', 'stellarpay_curr...', '1.9.0')
#15 /wordpress/wp-includes/option.php(930): add_option('stellarpay_curr...', '1.9.0', '', 'off')
#16 /wordpress/wp-content/plugins/stellarpay/src/PluginSetup/Actions/RecordPluginVersion.php(34): update_option('stellarpay_curr...', '1.9.0', false)
#17 /wordpress/wp-content/plugins/stellarpay/src/PluginSetup/Plugin.php(270): StellarPay\PluginSetup\Actions\RecordPluginVersion->__invoke()
#18 /wordpress/wp-content/plugins/stellarpay/src/PluginSetup/Plugin.php(143): StellarPay\PluginSetup\Plugin->recordPluginVersion()
#19 [internal function]: StellarPay\PluginSetup\Plugin->init('')
#20 /wordpress/wp-content/plugins/stellarpay/src/Core/Hooks.php(66): call_user_func_array(Array, Array)
#21 /wordpress/wp-includes/class-wp-hook.php(324): StellarPay\Core\Hooks::StellarPay\Core\{closure}('')
#22 /wordpress/wp-includes/class-wp-hook.php(348): WP_Hook->apply_filters(NULL, Array)
#23 /wordpress/wp-includes/plugin.php(517): WP_Hook->do_action(Array)
#24 /wordpress/wp-settings.php(578): do_action('plugins_loaded')
#25 /wordpress/wp-config.php(102): require_once('/wordpress/wp-s...')
#26 /wordpress/wp-load.php(50): require_once('/wordpress/wp-c...')
#27 /internal/eval.php(3): require_once('/wordpress/wp-l...')
#28 {main}</pre>
 for query CREATE TABLE wp_stellarpay_subscriptions_meta (
            id BIGINT UNSIGNED NOT NULL AUTO_INCREMENT,
            subscription_id BIGINT UNSIGNED NOT NULL,
            meta_key Varchar(255) NOT NULL,
            meta_value LONGTEXT NOT NULL,
            PRIMARY KEY  (id),
            FOREIGN KEY (subscription_id) REFERENCES wp_stellarpay_subscriptions (id)
        ) DEFAULT CHARACTER SET utf8mb4 made by require_once('wp-load.php'), require_once('wp-config.php'), require_once('wp-settings.php'), do_action('plugins_loaded'), WP_Hook->do_action, WP_Hook->apply_filters, StellarPay\Core\Hooks::StellarPay\Core\{closure}, call_user_func_array, StellarPay\PluginSetup\Plugin->init, StellarPay\PluginSetup\Plugin->recordPluginVersion, StellarPay\PluginSetup\Actions\RecordPluginVersion->__invoke, update_option, add_option, do_action('add_option_stellarpay_current_version'), WP_Hook->do_action, WP_Hook->apply_filters, StellarPay\Core\Hooks::StellarPay\Core\{closure}, call_user_func_array, StellarPay\PluginSetup\Actions\CreateDatabaseTable->__invoke, StellarPay\Subscriptions\Migrations\CreateSubscriptionMetaDatabaseTable->run, StellarPay\Vendors\StellarWP\DB\DB::delta, StellarPay\Vendors\StellarWP\DB\DB::runQueryWithErrorChecking, StellarPay\Vendors\StellarWP\DB\DB::StellarPay\Vendors\StellarWP\DB\{closure}, dbDelta, WP_SQLite_DB->query, WP_SQLite_DB->print_error
[24-Jun-2025 11:27:56 UTC] PHP Fatal error:  Uncaught StellarPay\Vendors\StellarWP\DB\Database\Exceptions\DatabaseQueryException: Database Query in /wordpress/wp-content/plugins/stellarpay/vendor/vendor-prefixed/stellarwp/db/src/DB/DB.php:296
Stack trace:
#0 /wordpress/wp-content/plugins/stellarpay/vendor/vendor-prefixed/stellarwp/db/src/DB/DB.php(84): StellarPay\Vendors\StellarWP\DB\DB::runQueryWithErrorChecking(Object(Closure))
#1 /wordpress/wp-content/plugins/stellarpay/src/Subscriptions/Migrations/CreateSubscriptionMetaDatabaseTable.php(55): StellarPay\Vendors\StellarWP\DB\DB::delta('CREATE TABLE wp...')
#2 /wordpress/wp-content/plugins/stellarpay/src/PluginSetup/Actions/CreateDatabaseTable.php(49): StellarPay\Subscriptions\Migrations\CreateSubscriptionMetaDatabaseTable->run()
#3 [internal function]: StellarPay\PluginSetup\Actions\CreateDatabaseTable->__invoke('stellarpay_curr...')
#4 /wordpress/wp-content/plugins/stellarpay/src/Core/Hooks.php(66): call_user_func_array(Array, Array)
#5 /wordpress/wp-includes/class-wp-hook.php(326): StellarPay\Core\H in /wordpress/wp-content/plugins/stellarpay/src/Subscriptions/Migrations/CreateSubscriptionMetaDatabaseTable.php on line 63
[24-Jun-2025 11:28:10 UTC] WordPress database error <div style="clear:both">&nbsp;</div>
<div class="queries" style="clear:both;margin-bottom:2px;border:red dotted thin;">
<p>MySQL query:</p>
<p>CREATE TABLE wp_stellarpay_subscriptions_meta (
            id BIGINT UNSIGNED NOT NULL AUTO_INCREMENT,
            subscription_id BIGINT UNSIGNED NOT NULL,
            meta_key Varchar(255) NOT NULL,
            meta_value LONGTEXT NOT NULL,
            PRIMARY KEY  (id),
            FOREIGN KEY (subscription_id) REFERENCES wp_stellarpay_subscriptions (id)
        ) DEFAULT CHARACTER SET utf8mb4</p>
<p>Queries made or created this session were:</p>
<ol>
<li>Executing: BEGIN IMMEDIATE | (no parameters)</li>
<li>Executing: INSERT INTO `_wp_sqlite_mysql_information_schema_tables` (`table_schema`, `table_name`, `table_type`, `engine`, `row_format`, `table_collation`, `table_comment`) VALUES (?, ?, ?, ?, ?, ?, ?) | parameters: database_name_here, wp_stellarpay_subscriptions_meta, BASE TABLE, InnoDB, Dynamic, utf8mb4_general_ci, </li>
<li>Executing: INSERT INTO `_wp_sqlite_mysql_information_schema_columns` (`table_schema`, `table_name`, `column_name`, `ordinal_position`, `column_default`, `is_nullable`, `data_type`, `character_maximum_length`, `character_octet_length`, `numeric_precision`, `numeric_scale`, `datetime_precision`, `character_set_name`, `collation_name`, `column_type`, `column_key`, `extra`, `privileges`, `column_comment`, `generation_expression`, `srs_id`) VALUES (?, ?, ?, ?, ?, ?, ?, ?, ?, ?, ?, ?, ?, ?, ?, ?, ?, ?, ?, ?, ?) | parameters: database_name_here, wp_stellarpay_subscriptions_meta, id, 1, , NO, bigint, , , 20, 0, , , , bigint unsigned, , auto_increment, select,insert,update,references, , , </li>
<li>Executing: INSERT INTO `_wp_sqlite_mysql_information_schema_columns` (`table_schema`, `table_name`, `column_name`, `ordinal_position`, `column_default`, `is_nullable`, `data_type`, `character_maximum_length`, `character_octet_length`, `numeric_precision`, `numeric_scale`, `datetime_precision`, `character_set_name`, `collation_name`, `column_type`, `column_key`, `extra`, `privileges`, `column_comment`, `generation_expression`, `srs_id`) VALUES (?, ?, ?, ?, ?, ?, ?, ?, ?, ?, ?, ?, ?, ?, ?, ?, ?, ?, ?, ?, ?) | parameters: database_name_here, wp_stellarpay_subscriptions_meta, subscription_id, 2, , NO, bigint, , , 20, 0, , , , bigint unsigned, , , select,insert,update,references, , , </li>
<li>Executing: INSERT INTO `_wp_sqlite_mysql_information_schema_columns` (`table_schema`, `table_name`, `column_name`, `ordinal_position`, `column_default`, `is_nullable`, `data_type`, `character_maximum_length`, `character_octet_length`, `numeric_precision`, `numeric_scale`, `datetime_precision`, `character_set_name`, `collation_name`, `column_type`, `column_key`, `extra`, `privileges`, `column_comment`, `generation_expression`, `srs_id`) VALUES (?, ?, ?, ?, ?, ?, ?, ?, ?, ?, ?, ?, ?, ?, ?, ?, ?, ?, ?, ?, ?) | parameters: database_name_here, wp_stellarpay_subscriptions_meta, meta_key, 3, , NO, varchar, 255, 1020, , , , utf8mb4, utf8mb4_general_ci, varchar(255), , , select,insert,update,references, , , </li>
<li>Executing: INSERT INTO `_wp_sqlite_mysql_information_schema_columns` (`table_schema`, `table_name`, `column_name`, `ordinal_position`, `column_default`, `is_nullable`, `data_type`, `character_maximum_length`, `character_octet_length`, `numeric_precision`, `numeric_scale`, `datetime_precision`, `character_set_name`, `collation_name`, `column_type`, `column_key`, `extra`, `privileges`, `column_comment`, `generation_expression`, `srs_id`) VALUES (?, ?, ?, ?, ?, ?, ?, ?, ?, ?, ?, ?, ?, ?, ?, ?, ?, ?, ?, ?, ?) | parameters: database_name_here, wp_stellarpay_subscriptions_meta, meta_value, 4, , NO, longtext, 4294967295, 4294967295, , , , utf8mb4, utf8mb4_general_ci, longtext, , , select,insert,update,references, , , </li>
<li>Executing: 
					SELECT column_name, data_type, is_nullable, character_maximum_length
					FROM `_wp_sqlite_mysql_information_schema_columns`
					WHERE table_schema = ?
					AND table_name = ?
					AND column_name IN (?)
				 | parameters: database_name_here, wp_stellarpay_subscriptions_meta, id</li>
<li>Executing: INSERT INTO `_wp_sqlite_mysql_information_schema_statistics` (`table_schema`, `table_name`, `non_unique`, `index_schema`, `index_name`, `seq_in_index`, `column_name`, `collation`, `cardinality`, `sub_part`, `packed`, `nullable`, `index_type`, `comment`, `index_comment`, `is_visible`, `expression`) VALUES (?, ?, ?, ?, ?, ?, ?, ?, ?, ?, ?, ?, ?, ?, ?, ?, ?) | parameters: database_name_here, wp_stellarpay_subscriptions_meta, 0, database_name_here, PRIMARY, 1, id, A, 0, , , , BTREE, , , YES, </li>
<li>Executing: INSERT INTO `_wp_sqlite_mysql_information_schema_table_constraints` (`table_schema`, `table_name`, `constraint_schema`, `constraint_name`, `constraint_type`) VALUES (?, ?, ?, ?, ?) | parameters: database_name_here, wp_stellarpay_subscriptions_meta, database_name_here, PRIMARY, PRIMARY KEY</li>
<li>Executing: 
				UPDATE `_wp_sqlite_mysql_information_schema_columns` AS c
				SET (column_key, is_nullable) = (
					SELECT
						CASE
							WHEN MAX(s.index_name = 'PRIMARY') THEN 'PRI'
							WHEN MAX(s.non_unique = 0 AND s.seq_in_index = 1) THEN 'UNI'
							WHEN MAX(s.seq_in_index = 1) THEN 'MUL'
							ELSE ''
						END,
						CASE
							WHEN MAX(s.index_name = 'PRIMARY') THEN 'NO'
							ELSE c.is_nullable
						END
					FROM `_wp_sqlite_mysql_information_schema_statistics` AS s
					WHERE s.table_schema = c.table_schema
					AND s.table_name = c.table_name
					AND s.column_name = c.column_name
				)
			    WHERE c.table_schema = ?
			    AND c.table_name = ?
			 | parameters: database_name_here, wp_stellarpay_subscriptions_meta</li>
<li>Executing: ROLLBACK | (no parameters)</li>
</ol>
</div>
<div style="clear:both;margin-bottom:2px;border:red dotted thin;" class="error_message" style="border-bottom:dotted blue thin;">
FOREIGN KEY and CHECK constraints are not supported yet.
</div>
<p>Backtrace:</p>
<pre>#0 /internal/shared/sqlite-database-integration/wp-includes/sqlite-ast/class-wp-sqlite-driver.php(683): WP_SQLite_Driver->new_driver_exception('FOREIGN KEY and...', 0, Object(Exception))
#1 /internal/shared/sqlite-database-integration/wp-includes/sqlite/class-wp-sqlite-db.php(491): WP_SQLite_Driver->query('CREATE TABLE wp...')
#2 /internal/shared/sqlite-database-integration/wp-includes/sqlite/class-wp-sqlite-db.php(432): WP_SQLite_DB->_do_query('CREATE TABLE wp...')
#3 /wordpress/wp-admin/includes/upgrade.php(3280): WP_SQLite_DB->query('CREATE TABLE wp...')
#4 /wordpress/wp-content/plugins/stellarpay/vendor/vendor-prefixed/stellarwp/db/src/DB/DB.php(83): dbDelta(Array)
#5 /wordpress/wp-content/plugins/stellarpay/vendor/vendor-prefixed/stellarwp/db/src/DB/DB.php(284): StellarPay\Vendors\StellarWP\DB\DB::StellarPay\Vendors\StellarWP\DB\{closure}()
#6 /wordpress/wp-content/plugins/stellarpay/vendor/vendor-prefixed/stellarwp/db/src/DB/DB.php(84): StellarPay\Vendors\StellarWP\DB\DB::runQueryWithErrorChecking(Object(Closure))
#7 /wordpress/wp-content/plugins/stellarpay/src/Subscriptions/Migrations/CreateSubscriptionMetaDatabaseTable.php(55): StellarPay\Vendors\StellarWP\DB\DB::delta('CREATE TABLE wp...')
#8 /wordpress/wp-content/plugins/stellarpay/src/PluginSetup/Actions/CreateDatabaseTable.php(49): StellarPay\Subscriptions\Migrations\CreateSubscriptionMetaDatabaseTable->run()
#9 [internal function]: StellarPay\PluginSetup\Actions\CreateDatabaseTable->__invoke('stellarpay_curr...')
#10 /wordpress/wp-content/plugins/stellarpay/src/Core/Hooks.php(66): call_user_func_array(Array, Array)
#11 /wordpress/wp-includes/class-wp-hook.php(326): StellarPay\Core\Hooks::StellarPay\Core\{closure}('stellarpay_curr...')
#12 /wordpress/wp-includes/class-wp-hook.php(348): WP_Hook->apply_filters('', Array)
#13 /wordpress/wp-includes/plugin.php(517): WP_Hook->do_action(Array)
#14 /wordpress/wp-includes/option.php(1177): do_action('add_option_stel...', 'stellarpay_curr...', '1.9.0')
#15 /wordpress/wp-includes/option.php(930): add_option('stellarpay_curr...', '1.9.0', '', 'off')
#16 /wordpress/wp-content/plugins/stellarpay/src/PluginSetup/Actions/RecordPluginVersion.php(34): update_option('stellarpay_curr...', '1.9.0', false)
#17 /wordpress/wp-content/plugins/stellarpay/src/PluginSetup/Plugin.php(270): StellarPay\PluginSetup\Actions\RecordPluginVersion->__invoke()
#18 /wordpress/wp-content/plugins/stellarpay/src/PluginSetup/Plugin.php(143): StellarPay\PluginSetup\Plugin->recordPluginVersion()
#19 [internal function]: StellarPay\PluginSetup\Plugin->init('')
#20 /wordpress/wp-content/plugins/stellarpay/src/Core/Hooks.php(66): call_user_func_array(Array, Array)
#21 /wordpress/wp-includes/class-wp-hook.php(324): StellarPay\Core\Hooks::StellarPay\Core\{closure}('')
#22 /wordpress/wp-includes/class-wp-hook.php(348): WP_Hook->apply_filters(NULL, Array)
#23 /wordpress/wp-includes/plugin.php(517): WP_Hook->do_action(Array)
#24 /wordpress/wp-settings.php(578): do_action('plugins_loaded')
#25 /wordpress/wp-config.php(102): require_once('/wordpress/wp-s...')
#26 /wordpress/wp-load.php(50): require_once('/wordpress/wp-c...')
#27 /internal/eval.php(3): require_once('/wordpress/wp-l...')
#28 {main}</pre>
 for query CREATE TABLE wp_stellarpay_subscriptions_meta (
            id BIGINT UNSIGNED NOT NULL AUTO_INCREMENT,
            subscription_id BIGINT UNSIGNED NOT NULL,
            meta_key Varchar(255) NOT NULL,
            meta_value LONGTEXT NOT NULL,
            PRIMARY KEY  (id),
            FOREIGN KEY (subscription_id) REFERENCES wp_stellarpay_subscriptions (id)
        ) DEFAULT CHARACTER SET utf8mb4 made by require_once('wp-load.php'), require_once('wp-config.php'), require_once('wp-settings.php'), do_action('plugins_loaded'), WP_Hook->do_action, WP_Hook->apply_filters, StellarPay\Core\Hooks::StellarPay\Core\{closure}, call_user_func_array, StellarPay\PluginSetup\Plugin->init, StellarPay\PluginSetup\Plugin->recordPluginVersion, StellarPay\PluginSetup\Actions\RecordPluginVersion->__invoke, update_option, add_option, do_action('add_option_stellarpay_current_version'), WP_Hook->do_action, WP_Hook->apply_filters, StellarPay\Core\Hooks::StellarPay\Core\{closure}, call_user_func_array, StellarPay\PluginSetup\Actions\CreateDatabaseTable->__invoke, StellarPay\Subscriptions\Migrations\CreateSubscriptionMetaDatabaseTable->run, StellarPay\Vendors\StellarWP\DB\DB::delta, StellarPay\Vendors\StellarWP\DB\DB::runQueryWithErrorChecking, StellarPay\Vendors\StellarWP\DB\DB::StellarPay\Vendors\StellarWP\DB\{closure}, dbDelta, WP_SQLite_DB->query, WP_SQLite_DB->print_error
[24-Jun-2025 11:28:10 UTC] PHP Fatal error:  Uncaught StellarPay\Vendors\StellarWP\DB\Database\Exceptions\DatabaseQueryException: Database Query in /wordpress/wp-content/plugins/stellarpay/vendor/vendor-prefixed/stellarwp/db/src/DB/DB.php:296
Stack trace:
#0 /wordpress/wp-content/plugins/stellarpay/vendor/vendor-prefixed/stellarwp/db/src/DB/DB.php(84): StellarPay\Vendors\StellarWP\DB\DB::runQueryWithErrorChecking(Object(Closure))
#1 /wordpress/wp-content/plugins/stellarpay/src/Subscriptions/Migrations/CreateSubscriptionMetaDatabaseTable.php(55): StellarPay\Vendors\StellarWP\DB\DB::delta('CREATE TABLE wp...')
#2 /wordpress/wp-content/plugins/stellarpay/src/PluginSetup/Actions/CreateDatabaseTable.php(49): StellarPay\Subscriptions\Migrations\CreateSubscriptionMetaDatabaseTable->run()
#3 [internal function]: StellarPay\PluginSetup\Actions\CreateDatabaseTable->__invoke('stellarpay_curr...')
#4 /wordpress/wp-content/plugins/stellarpay/src/Core/Hooks.php(66): call_user_func_array(Array, Array)
#5 /wordpress/wp-includes/class-wp-hook.php(326): StellarPay\Core\H in /wordpress/wp-content/plugins/stellarpay/src/Subscriptions/Migrations/CreateSubscriptionMetaDatabaseTable.php on line 63
[24-Jun-2025 11:28:20 UTC] PHP Notice:  Function wp_enqueue_script was called <strong>incorrectly</strong>. Scripts and styles should not be registered or enqueued until the <code>wp_enqueue_scripts</code>, <code>admin_enqueue_scripts</code>, or <code>login_enqueue_scripts</code> hooks. This notice was triggered by the <code>WM_scrollbar_color_picker_js</code> handle. Please see <a href="https://developer.wordpress.org/advanced-administration/debug/debug-wordpress/">Debugging in WordPress</a> for more information. (This message was added in version 3.3.0.) in /wordpress/wp-includes/functions.php on line 6121
[24-Jun-2025 11:28:20 UTC] PHP Notice:  Function wp_enqueue_style was called <strong>incorrectly</strong>. Scripts and styles should not be registered or enqueued until the <code>wp_enqueue_scripts</code>, <code>admin_enqueue_scripts</code>, or <code>login_enqueue_scripts</code> hooks. This notice was triggered by the <code>WM_scrollbar_css</code> handle. Please see <a href="https://developer.wordpress.org/advanced-administration/debug/debug-wordpress/">Debugging in WordPress</a> for more information. (This message was added in version 3.3.0.) in /wordpress/wp-includes/functions.php on line 6121
[24-Jun-2025 11:28:20 UTC] PHP Notice:  Function is_feed was called <strong>incorrectly</strong>. Conditional query tags do not work before the query is run. Before then, they always return false. Please see <a href="https://developer.wordpress.org/advanced-administration/debug/debug-wordpress/">Debugging in WordPress</a> for more information. (This message was added in version 3.1.0.) in /wordpress/wp-includes/functions.php on line 6121
[24-Jun-2025 11:28:28 UTC] PHP Notice:  Function wp_enqueue_script was called <strong>incorrectly</strong>. Scripts and styles should not be registered or enqueued until the <code>wp_enqueue_scripts</code>, <code>admin_enqueue_scripts</code>, or <code>login_enqueue_scripts</code> hooks. This notice was triggered by the <code>WM_scrollbar_color_picker_js</code> handle. Please see <a href="https://developer.wordpress.org/advanced-administration/debug/debug-wordpress/">Debugging in WordPress</a> for more information. (This message was added in version 3.3.0.) in /wordpress/wp-includes/functions.php on line 6121
[24-Jun-2025 11:28:28 UTC] PHP Notice:  Function wp_enqueue_style was called <strong>incorrectly</strong>. Scripts and styles should not be registered or enqueued until the <code>wp_enqueue_scripts</code>, <code>admin_enqueue_scripts</code>, or <code>login_enqueue_scripts</code> hooks. This notice was triggered by the <code>WM_scrollbar_css</code> handle. Please see <a href="https://developer.wordpress.org/advanced-administration/debug/debug-wordpress/">Debugging in WordPress</a> for more information. (This message was added in version 3.3.0.) in /wordpress/wp-includes/functions.php on line 6121
[24-Jun-2025 11:28:28 UTC] PHP Notice:  Function is_feed was called <strong>incorrectly</strong>. Conditional query tags do not work before the query is run. Before then, they always return false. Please see <a href="https://developer.wordpress.org/advanced-administration/debug/debug-wordpress/">Debugging in WordPress</a> for more information. (This message was added in version 3.1.0.) in /wordpress/wp-includes/functions.php on line 6121
[24-Jun-2025 11:28:37 UTC] PHP Notice:  Function wp_enqueue_script was called <strong>incorrectly</strong>. Scripts and styles should not be registered or enqueued until the <code>wp_enqueue_scripts</code>, <code>admin_enqueue_scripts</code>, or <code>login_enqueue_scripts</code> hooks. This notice was triggered by the <code>WM_scrollbar_color_picker_js</code> handle. Please see <a href="https://developer.wordpress.org/advanced-administration/debug/debug-wordpress/">Debugging in WordPress</a> for more information. (This message was added in version 3.3.0.) in /wordpress/wp-includes/functions.php on line 6121
[24-Jun-2025 11:28:37 UTC] PHP Notice:  Function wp_enqueue_style was called <strong>incorrectly</strong>. Scripts and styles should not be registered or enqueued until the <code>wp_enqueue_scripts</code>, <code>admin_enqueue_scripts</code>, or <code>login_enqueue_scripts</code> hooks. This notice was triggered by the <code>WM_scrollbar_css</code> handle. Please see <a href="https://developer.wordpress.org/advanced-administration/debug/debug-wordpress/">Debugging in WordPress</a> for more information. (This message was added in version 3.3.0.) in /wordpress/wp-includes/functions.php on line 6121
[24-Jun-2025 11:28:37 UTC] PHP Notice:  Function is_feed was called <strong>incorrectly</strong>. Conditional query tags do not work before the query is run. Before then, they always return false. Please see <a href="https://developer.wordpress.org/advanced-administration/debug/debug-wordpress/">Debugging in WordPress</a> for more information. (This message was added in version 3.1.0.) in /wordpress/wp-includes/functions.php on line 6121
[24-Jun-2025 11:30:11 UTC] PHP Fatal error:  Array and string offset access syntax with curly braces is no longer supported in /wordpress/wp-content/plugins/seo-auto-links/seo-auto-links-functions.php on line 18
[24-Jun-2025 11:30:19 UTC] PHP Fatal error:  Array and string offset access syntax with curly braces is no longer supported in /wordpress/wp-content/plugins/seo-auto-links/seo-auto-links-functions.php on line 18
[24-Jun-2025 11:30:28 UTC] PHP Fatal error:  Array and string offset access syntax with curly braces is no longer supported in /wordpress/wp-content/plugins/seo-auto-links/seo-auto-links-functions.php on line 18
[24-Jun-2025 11:31:26 UTC] PHP Deprecated:  Required parameter $shareRail follows optional parameter $args in /wordpress/wp-content/plugins/share-rail/plugin/facebook.php on line 21
[24-Jun-2025 11:31:26 UTC] PHP Deprecated:  Required parameter $shareRail follows optional parameter $args in /wordpress/wp-content/plugins/share-rail/plugin/twitter.php on line 30
[24-Jun-2025 11:31:26 UTC] PHP Warning:  Undefined variable $plugins in /wordpress/wp-content/plugins/share-rail/share-rail.php on line 77
[24-Jun-2025 11:31:26 UTC] PHP Warning:  foreach() argument must be of type array|object, null given in /wordpress/wp-content/plugins/share-rail/share-rail.php on line 77
[24-Jun-2025 11:31:27 UTC] PHP Deprecated:  Required parameter $shareRail follows optional parameter $args in /wordpress/wp-content/plugins/share-rail/plugin/facebook.php on line 21
[24-Jun-2025 11:31:27 UTC] PHP Deprecated:  Required parameter $shareRail follows optional parameter $args in /wordpress/wp-content/plugins/share-rail/plugin/twitter.php on line 30
[24-Jun-2025 11:31:27 UTC] PHP Warning:  Undefined variable $plugins in /wordpress/wp-content/plugins/share-rail/share-rail.php on line 77
[24-Jun-2025 11:31:27 UTC] PHP Warning:  foreach() argument must be of type array|object, null given in /wordpress/wp-content/plugins/share-rail/share-rail.php on line 77
[24-Jun-2025 11:31:35 UTC] PHP Deprecated:  Required parameter $shareRail follows optional parameter $args in /wordpress/wp-content/plugins/share-rail/plugin/facebook.php on line 21
[24-Jun-2025 11:31:35 UTC] PHP Deprecated:  Required parameter $shareRail follows optional parameter $args in /wordpress/wp-content/plugins/share-rail/plugin/twitter.php on line 30
[24-Jun-2025 11:31:35 UTC] PHP Warning:  Undefined variable $plugins in /wordpress/wp-content/plugins/share-rail/share-rail.php on line 77
[24-Jun-2025 11:31:35 UTC] PHP Warning:  foreach() argument must be of type array|object, null given in /wordpress/wp-content/plugins/share-rail/share-rail.php on line 77
[24-Jun-2025 11:31:36 UTC] PHP Deprecated:  Required parameter $shareRail follows optional parameter $args in /wordpress/wp-content/plugins/share-rail/plugin/facebook.php on line 21
[24-Jun-2025 11:31:36 UTC] PHP Deprecated:  Required parameter $shareRail follows optional parameter $args in /wordpress/wp-content/plugins/share-rail/plugin/twitter.php on line 30
[24-Jun-2025 11:31:36 UTC] PHP Warning:  Undefined variable $plugins in /wordpress/wp-content/plugins/share-rail/share-rail.php on line 77
[24-Jun-2025 11:31:36 UTC] PHP Warning:  foreach() argument must be of type array|object, null given in /wordpress/wp-content/plugins/share-rail/share-rail.php on line 77
[24-Jun-2025 11:31:45 UTC] PHP Deprecated:  Required parameter $shareRail follows optional parameter $args in /wordpress/wp-content/plugins/share-rail/plugin/facebook.php on line 21
[24-Jun-2025 11:31:45 UTC] PHP Deprecated:  Required parameter $shareRail follows optional parameter $args in /wordpress/wp-content/plugins/share-rail/plugin/twitter.php on line 30
[24-Jun-2025 11:31:45 UTC] PHP Warning:  Undefined variable $plugins in /wordpress/wp-content/plugins/share-rail/share-rail.php on line 77
[24-Jun-2025 11:31:45 UTC] PHP Warning:  foreach() argument must be of type array|object, null given in /wordpress/wp-content/plugins/share-rail/share-rail.php on line 77
[24-Jun-2025 11:31:45 UTC] PHP Deprecated:  Required parameter $shareRail follows optional parameter $args in /wordpress/wp-content/plugins/share-rail/plugin/facebook.php on line 21
[24-Jun-2025 11:31:45 UTC] PHP Deprecated:  Required parameter $shareRail follows optional parameter $args in /wordpress/wp-content/plugins/share-rail/plugin/twitter.php on line 30
[24-Jun-2025 11:31:45 UTC] PHP Warning:  Undefined variable $plugins in /wordpress/wp-content/plugins/share-rail/share-rail.php on line 77
[24-Jun-2025 11:31:45 UTC] PHP Warning:  foreach() argument must be of type array|object, null given in /wordpress/wp-content/plugins/share-rail/share-rail.php on line 77
[24-Jun-2025 11:31:54 UTC] PHP Deprecated:  File upgrade-functions.php is <strong>deprecated</strong> since version 2.5.0! Use wp-admin/includes/upgrade.php instead. in /wordpress/wp-includes/functions.php on line 6121
[24-Jun-2025 11:31:54 UTC] PHP Fatal error:  Uncaught TypeError: call_user_func_array(): Argument #1 ($callback) must be a valid callback, non-static method SherkPortfolio::createTablesOnDatabase() cannot be called statically in /wordpress/wp-includes/class-wp-hook.php:324
Stack trace:
#0 /wordpress/wp-includes/class-wp-hook.php(348): WP_Hook->apply_filters('', Array)
#1 /wordpress/wp-includes/plugin.php(517): WP_Hook->do_action(Array)
#2 /wordpress/wp-admin/includes/plugin.php(703): do_action('activate_sherky...', false)
#3 /internal/eval.php(20): activate_plugin('sherky-simple-p...')
#4 {main}
  thrown in /wordpress/wp-includes/class-wp-hook.php on line 324
[24-Jun-2025 11:32:02 UTC] PHP Deprecated:  File upgrade-functions.php is <strong>deprecated</strong> since version 2.5.0! Use wp-admin/includes/upgrade.php instead. in /wordpress/wp-includes/functions.php on line 6121
[24-Jun-2025 11:32:02 UTC] PHP Fatal error:  Uncaught TypeError: call_user_func_array(): Argument #1 ($callback) must be a valid callback, non-static method SherkPortfolio::createTablesOnDatabase() cannot be called statically in /wordpress/wp-includes/class-wp-hook.php:324
Stack trace:
#0 /wordpress/wp-includes/class-wp-hook.php(348): WP_Hook->apply_filters('', Array)
#1 /wordpress/wp-includes/plugin.php(517): WP_Hook->do_action(Array)
#2 /wordpress/wp-admin/includes/plugin.php(703): do_action('activate_sherky...', false)
#3 /internal/eval.php(20): activate_plugin('sherky-simple-p...')
#4 {main}
  thrown in /wordpress/wp-includes/class-wp-hook.php on line 324
[24-Jun-2025 11:32:10 UTC] PHP Deprecated:  File upgrade-functions.php is <strong>deprecated</strong> since version 2.5.0! Use wp-admin/includes/upgrade.php instead. in /wordpress/wp-includes/functions.php on line 6121
[24-Jun-2025 11:32:10 UTC] PHP Fatal error:  Uncaught TypeError: call_user_func_array(): Argument #1 ($callback) must be a valid callback, non-static method SherkPortfolio::createTablesOnDatabase() cannot be called statically in /wordpress/wp-includes/class-wp-hook.php:324
Stack trace:
#0 /wordpress/wp-includes/class-wp-hook.php(348): WP_Hook->apply_filters('', Array)
#1 /wordpress/wp-includes/plugin.php(517): WP_Hook->do_action(Array)
#2 /wordpress/wp-admin/includes/plugin.php(703): do_action('activate_sherky...', false)
#3 /internal/eval.php(20): activate_plugin('sherky-simple-p...')
#4 {main}
  thrown in /wordpress/wp-includes/class-wp-hook.php on line 324
[24-Jun-2025 11:32:46 UTC] PHP Deprecated:  Required parameter $nonce follows optional parameter $points in /wordpress/wp-content/plugins/shopper-rewards-free-for-wp-ecommerce/core/transactions.php on line 377
[24-Jun-2025 11:32:46 UTC] PHP Warning:  Undefined array key "id" in /internal/shared/sqlite-database-integration/wp-includes/sqlite-ast/class-wp-sqlite-information-schema-builder.php on line 1055
[24-Jun-2025 11:32:46 UTC] PHP Warning:  Trying to access array offset on value of type null in /internal/shared/sqlite-database-integration/wp-includes/sqlite-ast/class-wp-sqlite-information-schema-builder.php on line 1055
[24-Jun-2025 11:32:47 UTC] PHP Deprecated:  Required parameter $nonce follows optional parameter $points in /wordpress/wp-content/plugins/shopper-rewards-free-for-wp-ecommerce/core/transactions.php on line 377
[24-Jun-2025 11:32:56 UTC] PHP Deprecated:  Required parameter $nonce follows optional parameter $points in /wordpress/wp-content/plugins/shopper-rewards-free-for-wp-ecommerce/core/transactions.php on line 377
[24-Jun-2025 11:32:56 UTC] PHP Warning:  Undefined array key "id" in /internal/shared/sqlite-database-integration/wp-includes/sqlite-ast/class-wp-sqlite-information-schema-builder.php on line 1055
[24-Jun-2025 11:32:56 UTC] PHP Warning:  Trying to access array offset on value of type null in /internal/shared/sqlite-database-integration/wp-includes/sqlite-ast/class-wp-sqlite-information-schema-builder.php on line 1055
[24-Jun-2025 11:32:57 UTC] PHP Deprecated:  Required parameter $nonce follows optional parameter $points in /wordpress/wp-content/plugins/shopper-rewards-free-for-wp-ecommerce/core/transactions.php on line 377
[24-Jun-2025 11:33:06 UTC] PHP Deprecated:  Required parameter $nonce follows optional parameter $points in /wordpress/wp-content/plugins/shopper-rewards-free-for-wp-ecommerce/core/transactions.php on line 377
[24-Jun-2025 11:33:06 UTC] PHP Warning:  Undefined array key "id" in /internal/shared/sqlite-database-integration/wp-includes/sqlite-ast/class-wp-sqlite-information-schema-builder.php on line 1055
[24-Jun-2025 11:33:06 UTC] PHP Warning:  Trying to access array offset on value of type null in /internal/shared/sqlite-database-integration/wp-includes/sqlite-ast/class-wp-sqlite-information-schema-builder.php on line 1055
[24-Jun-2025 11:33:07 UTC] PHP Deprecated:  Required parameter $nonce follows optional parameter $points in /wordpress/wp-content/plugins/shopper-rewards-free-for-wp-ecommerce/core/transactions.php on line 377
[24-Jun-2025 11:33:16 UTC] PHP Parse error:  syntax error, unexpected ')' in /wordpress/wp-content/plugins/show-environment-in-editor/show-environment-in-editor.php on line 39
[24-Jun-2025 11:33:25 UTC] PHP Parse error:  syntax error, unexpected ')' in /wordpress/wp-content/plugins/show-environment-in-editor/show-environment-in-editor.php on line 39
[24-Jun-2025 11:33:35 UTC] PHP Parse error:  syntax error, unexpected ')' in /wordpress/wp-content/plugins/show-environment-in-editor/show-environment-in-editor.php on line 39
[24-Jun-2025 11:34:12 UTC] PHP Deprecated:  Required parameter $position follows optional parameter $args in /wordpress/wp-content/plugins/showtweets-plugin/showtweets-plugin.php on line 174
[24-Jun-2025 11:34:12 UTC] PHP Fatal error:  Uncaught Error: Call to undefined function create_function() in /wordpress/wp-content/plugins/showtweets-plugin/showtweets-plugin.php:340
Stack trace:
#0 /wordpress/wp-admin/includes/plugin.php(2387): include_once()
#1 /wordpress/wp-admin/includes/plugin.php(673): plugin_sandbox_scrape('showtweets-plug...')
#2 /internal/eval.php(20): activate_plugin('showtweets-plug...')
#3 {main}
  thrown in /wordpress/wp-content/plugins/showtweets-plugin/showtweets-plugin.php on line 340
[24-Jun-2025 11:34:21 UTC] PHP Deprecated:  Required parameter $position follows optional parameter $args in /wordpress/wp-content/plugins/showtweets-plugin/showtweets-plugin.php on line 174
[24-Jun-2025 11:34:21 UTC] PHP Fatal error:  Uncaught Error: Call to undefined function create_function() in /wordpress/wp-content/plugins/showtweets-plugin/showtweets-plugin.php:340
Stack trace:
#0 /wordpress/wp-admin/includes/plugin.php(2387): include_once()
#1 /wordpress/wp-admin/includes/plugin.php(673): plugin_sandbox_scrape('showtweets-plug...')
#2 /internal/eval.php(20): activate_plugin('showtweets-plug...')
#3 {main}
  thrown in /wordpress/wp-content/plugins/showtweets-plugin/showtweets-plugin.php on line 340
[24-Jun-2025 11:34:30 UTC] PHP Deprecated:  Required parameter $position follows optional parameter $args in /wordpress/wp-content/plugins/showtweets-plugin/showtweets-plugin.php on line 174
[24-Jun-2025 11:34:30 UTC] PHP Fatal error:  Uncaught Error: Call to undefined function create_function() in /wordpress/wp-content/plugins/showtweets-plugin/showtweets-plugin.php:340
Stack trace:
#0 /wordpress/wp-admin/includes/plugin.php(2387): include_once()
#1 /wordpress/wp-admin/includes/plugin.php(673): plugin_sandbox_scrape('showtweets-plug...')
#2 /internal/eval.php(20): activate_plugin('showtweets-plug...')
#3 {main}
  thrown in /wordpress/wp-content/plugins/showtweets-plugin/showtweets-plugin.php on line 340
[24-Jun-2025 11:36:06 UTC] PHP Warning:  Undefined variable $wpdb in /wordpress/wp-content/plugins/subdomains-listing/subdomains-list.php on line 33
[24-Jun-2025 11:36:06 UTC] PHP Warning:  Attempt to read property "prefix" on null in /wordpress/wp-content/plugins/subdomains-listing/subdomains-list.php on line 33
[24-Jun-2025 11:36:16 UTC] PHP Warning:  Undefined variable $wpdb in /wordpress/wp-content/plugins/subdomains-listing/subdomains-list.php on line 33
[24-Jun-2025 11:36:16 UTC] PHP Warning:  Attempt to read property "prefix" on null in /wordpress/wp-content/plugins/subdomains-listing/subdomains-list.php on line 33
[24-Jun-2025 11:36:24 UTC] PHP Warning:  Undefined variable $wpdb in /wordpress/wp-content/plugins/subdomains-listing/subdomains-list.php on line 33
[24-Jun-2025 11:36:24 UTC] PHP Warning:  Attempt to read property "prefix" on null in /wordpress/wp-content/plugins/subdomains-listing/subdomains-list.php on line 33
[24-Jun-2025 11:37:08 UTC] PHP Fatal error:  Uncaught Error: Call to undefined function create_function() in /wordpress/wp-content/plugins/sidevideoembed/sidevideoembed.php:142
Stack trace:
#0 /wordpress/wp-admin/includes/plugin.php(2387): include_once()
#1 /wordpress/wp-admin/includes/plugin.php(673): plugin_sandbox_scrape('sidevideoembed/...')
#2 /internal/eval.php(20): activate_plugin('sidevideoembed/...')
#3 {main}
  thrown in /wordpress/wp-content/plugins/sidevideoembed/sidevideoembed.php on line 142
[24-Jun-2025 11:37:16 UTC] PHP Fatal error:  Uncaught Error: Call to undefined function create_function() in /wordpress/wp-content/plugins/sidevideoembed/sidevideoembed.php:142
Stack trace:
#0 /wordpress/wp-admin/includes/plugin.php(2387): include_once()
#1 /wordpress/wp-admin/includes/plugin.php(673): plugin_sandbox_scrape('sidevideoembed/...')
#2 /internal/eval.php(20): activate_plugin('sidevideoembed/...')
#3 {main}
  thrown in /wordpress/wp-content/plugins/sidevideoembed/sidevideoembed.php on line 142
[24-Jun-2025 11:37:24 UTC] PHP Fatal error:  Uncaught Error: Call to undefined function create_function() in /wordpress/wp-content/plugins/sidevideoembed/sidevideoembed.php:142
Stack trace:
#0 /wordpress/wp-admin/includes/plugin.php(2387): include_once()
#1 /wordpress/wp-admin/includes/plugin.php(673): plugin_sandbox_scrape('sidevideoembed/...')
#2 /internal/eval.php(20): activate_plugin('sidevideoembed/...')
#3 {main}
  thrown in /wordpress/wp-content/plugins/sidevideoembed/sidevideoembed.php on line 142

    at Object.onBind (file:///home/runner/work/playground-tester/playground-tester/node_modules/@wp-playground/cli/run-cli-j-geJYS3.js:325:15)
    at process.processTicksAndRejections (node:internal/process/task_queues:105:5)
    at async re (file:///home/runner/work/playground-tester/playground-tester/node_modules/@wp-playground/cli/run-cli-j-geJYS3.js:149:10) {
  [cause]: Error: Error when executing the blueprint step #1 ({"step":"installPlugin","pluginData":{"resource":"wordpress.org/plugins","slug":"stop-linking-to-images"},"options":{"activate":true}}) : Could not download "https://downloads.wordpress.org/plugin/stop-linking-to-images.latest-stable.zip".
  				Check if the URL is correct and the server is reachable.
  				If it is reachable, the server might be blocking the request.
  				Check the browser console and network tabs for more information.
  
  				## Does the console show the error "No 'Access-Control-Allow-Origin' header"?
  
  				This means the server that hosts your file does not allow requests from other sites
  				(cross-origin requests, or CORS).	You need to move the asset to a server that allows
  				cross-origin file downloads. Learn more about CORS at
  				https://developer.mozilla.org/en-US/docs/Web/HTTP/CORS.
  
  				If your file is on GitHub, load it from "raw.githubusercontent.com".
  				Here's how to do that:
  
  				1. Start with the original GitHub URL of the file. For example:
  				https://github.com/username/repository/blob/branch/filename.
  				2. Replace "github.com" with "raw.githubusercontent.com".
  				3. Remove the "/blob/" part of the URL.
  
  				The resulting URL should look like this:
  				https://raw.githubusercontent.com/username/repository/branch/filename
  
  				Error:
  				Error: Could not download "https://downloads.wordpress.org/plugin/stop-linking-to-images.latest-stable.zip"
      at Object.run (file:///home/runner/work/playground-tester/playground-tester/node_modules/@wp-playground/blueprints/index.js:12093:19)
      at process.processTicksAndRejections (node:internal/process/task_queues:105:5)
      at async ys (file:///home/runner/work/playground-tester/playground-tester/node_modules/@wp-playground/blueprints/index.js:12196:3)
      at async Object.onBind (file:///home/runner/work/playground-tester/playground-tester/node_modules/@wp-playground/cli/run-cli-j-geJYS3.js:315:48)
      at async re (file:///home/runner/work/playground-tester/playground-tester/node_modules/@wp-playground/cli/run-cli-j-geJYS3.js:149:10) {
    [cause]: Error: Could not download "https://downloads.wordpress.org/plugin/stop-linking-to-images.latest-stable.zip".
    				Check if the URL is correct and the server is reachable.
    				If it is reachable, the server might be blocking the request.
    				Check the browser console and network tabs for more information.
    
    				## Does the console show the error "No 'Access-Control-Allow-Origin' header"?
    
    				This means the server that hosts your file does not allow requests from other sites
    				(cross-origin requests, or CORS).	You need to move the asset to a server that allows
    				cross-origin file downloads. Learn more about CORS at
    				https://developer.mozilla.org/en-US/docs/Web/HTTP/CORS.
    
    				If your file is on GitHub, load it from "raw.githubusercontent.com".
    				Here's how to do that:
    
    				1. Start with the original GitHub URL of the file. For example:
    				https://github.com/username/repository/blob/branch/filename.
    				2. Replace "github.com" with "raw.githubusercontent.com".
    				3. Remove the "/blob/" part of the URL.
    
    				The resulting URL should look like this:
    				https://raw.githubusercontent.com/username/repository/branch/filename
    
    				Error:
    				Error: Could not download "https://downloads.wordpress.org/plugin/stop-linking-to-images.latest-stable.zip"
        at Ct.resolve (file:///home/runner/work/playground-tester/playground-tester/node_modules/@wp-playground/blueprints/index.js:1129:13)
        at process.processTicksAndRejections (node:internal/process/task_queues:105:5)
        at async _.run (file:///home/runner/work/playground-tester/playground-tester/node_modules/@php-wasm/util/index.js:45:14)
  }
}

Node.js v23.11.0
