file:///home/runner/work/playground-tester/playground-tester/node_modules/@wp-playground/cli/index.js:237
        throw new Error(y, { cause: u });
              ^

Error: [06-May-2025 13:42:06 UTC] PHP Fatal error:  Cannot use 'Object' as class name as it is reserved in /wordpress/wp-content/plugins/historical-comment-count/class/Object.class.php on line 4
[06-May-2025 13:42:14 UTC] PHP Fatal error:  Cannot use 'Object' as class name as it is reserved in /wordpress/wp-content/plugins/historical-comment-count/class/Object.class.php on line 4
[06-May-2025 13:42:22 UTC] PHP Fatal error:  Cannot use 'Object' as class name as it is reserved in /wordpress/wp-content/plugins/historical-comment-count/class/Object.class.php on line 4
[06-May-2025 13:44:48 UTC] PHP Fatal error:  Array and string offset access syntax with curly braces is no longer supported in /wordpress/wp-content/plugins/hits-ie6-pngfix/hits-pngfix.php on line 325
[06-May-2025 13:44:56 UTC] PHP Fatal error:  Array and string offset access syntax with curly braces is no longer supported in /wordpress/wp-content/plugins/hits-ie6-pngfix/hits-pngfix.php on line 325
[06-May-2025 13:45:05 UTC] PHP Fatal error:  Array and string offset access syntax with curly braces is no longer supported in /wordpress/wp-content/plugins/hits-ie6-pngfix/hits-pngfix.php on line 325
[06-May-2025 13:46:08 UTC] PHP Deprecated:  Function register_sidebar_widget is <strong>deprecated</strong> since version 2.8.0! Use wp_register_sidebar_widget() instead. in /wordpress/wp-includes/functions.php on line 6121
[06-May-2025 13:46:08 UTC] PHP Deprecated:  Function register_widget_control is <strong>deprecated</strong> since version 2.8.0! Use wp_register_widget_control() instead. in /wordpress/wp-includes/functions.php on line 6121
[06-May-2025 13:46:17 UTC] PHP Deprecated:  Function register_sidebar_widget is <strong>deprecated</strong> since version 2.8.0! Use wp_register_sidebar_widget() instead. in /wordpress/wp-includes/functions.php on line 6121
[06-May-2025 13:46:17 UTC] PHP Deprecated:  Function register_widget_control is <strong>deprecated</strong> since version 2.8.0! Use wp_register_widget_control() instead. in /wordpress/wp-includes/functions.php on line 6121
[06-May-2025 13:46:24 UTC] PHP Deprecated:  Function register_sidebar_widget is <strong>deprecated</strong> since version 2.8.0! Use wp_register_sidebar_widget() instead. in /wordpress/wp-includes/functions.php on line 6121
[06-May-2025 13:46:24 UTC] PHP Deprecated:  Function register_widget_control is <strong>deprecated</strong> since version 2.8.0! Use wp_register_widget_control() instead. in /wordpress/wp-includes/functions.php on line 6121
[06-May-2025 13:47:57 UTC] PHP Fatal error:  Uncaught PDOException: SQLSTATE[HY000] [2002] Address family not supported by protocol in /wordpress/wp-content/plugins/hrefprompt/lib/db.class.php:25
Stack trace:
#0 /wordpress/wp-content/plugins/hrefprompt/lib/db.class.php(25): PDO->__construct('mysql:host=loca...', 'username_here', 'password_here')
#1 /wordpress/wp-content/plugins/hrefprompt/hrefprompt.php(54): hrefp_db->__construct()
#2 /wordpress/wp-admin/includes/plugin.php(2387): include_once('/wordpress/wp-c...')
#3 /wordpress/wp-admin/includes/plugin.php(673): plugin_sandbox_scrape('hrefprompt/href...')
#4 /internal/eval.php(20): activate_plugin('hrefprompt/href...')
#5 {main}
  thrown in /wordpress/wp-content/plugins/hrefprompt/lib/db.class.php on line 25
[06-May-2025 13:48:06 UTC] PHP Fatal error:  Uncaught PDOException: SQLSTATE[HY000] [2002] Address family not supported by protocol in /wordpress/wp-content/plugins/hrefprompt/lib/db.class.php:25
Stack trace:
#0 /wordpress/wp-content/plugins/hrefprompt/lib/db.class.php(25): PDO->__construct('mysql:host=loca...', 'username_here', 'password_here')
#1 /wordpress/wp-content/plugins/hrefprompt/hrefprompt.php(54): hrefp_db->__construct()
#2 /wordpress/wp-admin/includes/plugin.php(2387): include_once('/wordpress/wp-c...')
#3 /wordpress/wp-admin/includes/plugin.php(673): plugin_sandbox_scrape('hrefprompt/href...')
#4 /internal/eval.php(20): activate_plugin('hrefprompt/href...')
#5 {main}
  thrown in /wordpress/wp-content/plugins/hrefprompt/lib/db.class.php on line 25
[06-May-2025 13:48:17 UTC] PHP Fatal error:  Uncaught PDOException: SQLSTATE[HY000] [2002] Address family not supported by protocol in /wordpress/wp-content/plugins/hrefprompt/lib/db.class.php:25
Stack trace:
#0 /wordpress/wp-content/plugins/hrefprompt/lib/db.class.php(25): PDO->__construct('mysql:host=loca...', 'username_here', 'password_here')
#1 /wordpress/wp-content/plugins/hrefprompt/hrefprompt.php(54): hrefp_db->__construct()
#2 /wordpress/wp-admin/includes/plugin.php(2387): include_once('/wordpress/wp-c...')
#3 /wordpress/wp-admin/includes/plugin.php(673): plugin_sandbox_scrape('hrefprompt/href...')
#4 /internal/eval.php(20): activate_plugin('hrefprompt/href...')
#5 {main}
  thrown in /wordpress/wp-content/plugins/hrefprompt/lib/db.class.php on line 25
[06-May-2025 13:48:53 UTC] PHP Fatal error:  Uncaught TypeError: array_merge(): Argument #2 must be of type array, bool given in /wordpress/wp-content/plugins/htauth-sync/htauthsync.php:70
Stack trace:
#0 /wordpress/wp-content/plugins/htauth-sync/htauthsync.php(70): array_merge(Array, false)
#1 /wordpress/wp-content/plugins/htauth-sync/htauthsync.php(53): HTAuthSync->refresh()
#2 /wordpress/wp-content/plugins/htauth-sync/htauthsync.php(432): HTAuthSync->__construct()
#3 /wordpress/wp-admin/includes/plugin.php(2387): include_once('/wordpress/wp-c...')
#4 /wordpress/wp-admin/includes/plugin.php(673): plugin_sandbox_scrape('htauth-sync/hta...')
#5 /internal/eval.php(20): activate_plugin('htauth-sync/hta...')
#6 {main}
  thrown in /wordpress/wp-content/plugins/htauth-sync/htauthsync.php on line 70

    at Object.onBind (file:///home/runner/work/playground-tester/playground-tester/node_modules/@wp-playground/cli/index.js:237:15)
    at process.processTicksAndRejections (node:internal/process/task_queues:105:5)
    at async V (file:///home/runner/work/playground-tester/playground-tester/node_modules/@wp-playground/cli/index.js:64:10)
    at async ja (file:///home/runner/work/playground-tester/playground-tester/node_modules/@wp-playground/cli/cli.js:8161:12) {
  [cause]: Error: Error when executing the blueprint step #5 ({"step":"installPlugin","pluginData":{"resource":"wordpress.org/plugins","slug":"htauth-sync"},"options":{"activate":true}}) : PHP.run() failed with exit code 255 and the following output: 
      at Object.run (file:///home/runner/work/playground-tester/playground-tester/node_modules/@wp-playground/blueprints/index.js:12449:19)
      at process.processTicksAndRejections (node:internal/process/task_queues:105:5)
      at async ms (file:///home/runner/work/playground-tester/playground-tester/node_modules/@wp-playground/blueprints/index.js:12552:3)
      ... 2 lines matching cause stack trace ...
      at async ja (file:///home/runner/work/playground-tester/playground-tester/node_modules/@wp-playground/cli/cli.js:8161:12) {
    [cause]: PHPExecutionFailureError: PHP.run() failed with exit code 255 and the following output: 
        at PHP.run (file:///home/runner/work/playground-tester/playground-tester/node_modules/@php-wasm/universal/index.js:987:19)
        at process.processTicksAndRejections (node:internal/process/task_queues:105:5)
        at async wr (file:///home/runner/work/playground-tester/playground-tester/node_modules/@wp-playground/blueprints/index.js:33:39)
        at async Object.gt [as installPlugin] (file:///home/runner/work/playground-tester/playground-tester/node_modules/@wp-playground/blueprints/index.js:974:42)
        at async g (file:///home/runner/work/playground-tester/playground-tester/node_modules/@wp-playground/blueprints/index.js:12517:30)
        at async Object.run (file:///home/runner/work/playground-tester/playground-tester/node_modules/@wp-playground/blueprints/index.js:12446:23)
        at async ms (file:///home/runner/work/playground-tester/playground-tester/node_modules/@wp-playground/blueprints/index.js:12552:3)
        at async Object.onBind (file:///home/runner/work/playground-tester/playground-tester/node_modules/@wp-playground/cli/index.js:227:48)
        at async V (file:///home/runner/work/playground-tester/playground-tester/node_modules/@wp-playground/cli/index.js:64:10)
        at async ja (file:///home/runner/work/playground-tester/playground-tester/node_modules/@wp-playground/cli/cli.js:8161:12) {
      response: PHPResponse {
        httpStatusCode: 500,
        headers: {
          'x-powered-by': [ 'PHP/8.0.30-dev' ],
          'content-type': [ 'text/html; charset=UTF-8' ]
        },
        bytes: Uint8Array(0) [],
        exitCode: 255,
        errors: ''
      },
      source: 'request'
    }
  }
}

Node.js v23.11.0
