file:///home/runner/work/playground-tester/playground-tester/node_modules/@wp-playground/cli/run-cli-j-geJYS3.js:325
        throw new Error($, { cause: h });
              ^

Error: [26-Jun-2025 17:50:22 UTC] PHP Notice:  Function _load_textdomain_just_in_time was called <strong>incorrectly</strong>. Translation loading for the <code>woocommerce</code> domain was triggered too early. This is usually an indicator for some code in the plugin or theme running too early. Translations should be loaded at the <code>init</code> action or later. Please see <a href="https://developer.wordpress.org/advanced-administration/debug/debug-wordpress/">Debugging in WordPress</a> for more information. (This message was added in version 6.7.0.) in /wordpress/wp-includes/functions.php on line 6121
[26-Jun-2025 17:50:29 UTC] PHP Notice:  Function _load_textdomain_just_in_time was called <strong>incorrectly</strong>. Translation loading for the <code>businessonbot</code> domain was triggered too early. This is usually an indicator for some code in the plugin or theme running too early. Translations should be loaded at the <code>init</code> action or later. Please see <a href="https://developer.wordpress.org/advanced-administration/debug/debug-wordpress/">Debugging in WordPress</a> for more information. (This message was added in version 6.7.0.) in /wordpress/wp-includes/functions.php on line 6121
[26-Jun-2025 17:51:06 UTC] PHP Notice:  Function _load_textdomain_just_in_time was called <strong>incorrectly</strong>. Translation loading for the <code>woocommerce</code> domain was triggered too early. This is usually an indicator for some code in the plugin or theme running too early. Translations should be loaded at the <code>init</code> action or later. Please see <a href="https://developer.wordpress.org/advanced-administration/debug/debug-wordpress/">Debugging in WordPress</a> for more information. (This message was added in version 6.7.0.) in /wordpress/wp-includes/functions.php on line 6121
[26-Jun-2025 17:51:14 UTC] PHP Notice:  Function _load_textdomain_just_in_time was called <strong>incorrectly</strong>. Translation loading for the <code>businessonbot</code> domain was triggered too early. This is usually an indicator for some code in the plugin or theme running too early. Translations should be loaded at the <code>init</code> action or later. Please see <a href="https://developer.wordpress.org/advanced-administration/debug/debug-wordpress/">Debugging in WordPress</a> for more information. (This message was added in version 6.7.0.) in /wordpress/wp-includes/functions.php on line 6121
[26-Jun-2025 17:51:47 UTC] PHP Notice:  Function _load_textdomain_just_in_time was called <strong>incorrectly</strong>. Translation loading for the <code>woocommerce</code> domain was triggered too early. This is usually an indicator for some code in the plugin or theme running too early. Translations should be loaded at the <code>init</code> action or later. Please see <a href="https://developer.wordpress.org/advanced-administration/debug/debug-wordpress/">Debugging in WordPress</a> for more information. (This message was added in version 6.7.0.) in /wordpress/wp-includes/functions.php on line 6121
[26-Jun-2025 17:51:53 UTC] PHP Notice:  Function _load_textdomain_just_in_time was called <strong>incorrectly</strong>. Translation loading for the <code>businessonbot</code> domain was triggered too early. This is usually an indicator for some code in the plugin or theme running too early. Translations should be loaded at the <code>init</code> action or later. Please see <a href="https://developer.wordpress.org/advanced-administration/debug/debug-wordpress/">Debugging in WordPress</a> for more information. (This message was added in version 6.7.0.) in /wordpress/wp-includes/functions.php on line 6121
[26-Jun-2025 17:53:32 UTC] PHP Fatal error:  Uncaught Error: Undefined constant "UNU_DEC_1918_TEXTDOMAIN" in /wordpress/wp-content/plugins/1-decembrie-1918/1-decembrie-1918.php:13
Stack trace:
#0 /wordpress/wp-admin/includes/plugin.php(2387): include_once()
#1 /wordpress/wp-admin/includes/plugin.php(673): plugin_sandbox_scrape('1-decembrie-191...')
#2 /internal/eval.php(20): activate_plugin('1-decembrie-191...')
#3 {main}
  thrown in /wordpress/wp-content/plugins/1-decembrie-1918/1-decembrie-1918.php on line 13
[26-Jun-2025 17:53:40 UTC] PHP Fatal error:  Uncaught Error: Undefined constant "UNU_DEC_1918_TEXTDOMAIN" in /wordpress/wp-content/plugins/1-decembrie-1918/1-decembrie-1918.php:13
Stack trace:
#0 /wordpress/wp-admin/includes/plugin.php(2387): include_once()
#1 /wordpress/wp-admin/includes/plugin.php(673): plugin_sandbox_scrape('1-decembrie-191...')
#2 /internal/eval.php(20): activate_plugin('1-decembrie-191...')
#3 {main}
  thrown in /wordpress/wp-content/plugins/1-decembrie-1918/1-decembrie-1918.php on line 13
[26-Jun-2025 17:53:49 UTC] PHP Fatal error:  Uncaught Error: Undefined constant "UNU_DEC_1918_TEXTDOMAIN" in /wordpress/wp-content/plugins/1-decembrie-1918/1-decembrie-1918.php:13
Stack trace:
#0 /wordpress/wp-admin/includes/plugin.php(2387): include_once()
#1 /wordpress/wp-admin/includes/plugin.php(673): plugin_sandbox_scrape('1-decembrie-191...')
#2 /internal/eval.php(20): activate_plugin('1-decembrie-191...')
#3 {main}
  thrown in /wordpress/wp-content/plugins/1-decembrie-1918/1-decembrie-1918.php on line 13
[26-Jun-2025 17:56:14 UTC] [TCS-GCP] [ERROR]   WooCommerce not installed or not active.
[26-Jun-2025 17:56:24 UTC] [TCS-GCP] [ERROR]   WooCommerce not installed or not active.
[26-Jun-2025 17:56:33 UTC] [TCS-GCP] [ERROR]   WooCommerce not installed or not active.
[26-Jun-2025 17:58:21 UTC] PHP Fatal error:  Uncaught Error: Class 'WC_Admin_Settings' not found in /wordpress/wp-content/plugins/1qlick/1qlick.php:30
Stack trace:
#0 /wordpress/wp-content/plugins/1qlick/1qlick.php(55): OneQlick\OneQlick::bootstrap()
#1 /wordpress/wp-includes/class-wp-hook.php(324): OneQlick\{closure}('')
#2 /wordpress/wp-includes/class-wp-hook.php(348): WP_Hook->apply_filters(NULL, Array)
#3 /wordpress/wp-includes/plugin.php(517): WP_Hook->do_action(Array)
#4 /wordpress/wp-settings.php(578): do_action('plugins_loaded')
#5 /wordpress/wp-config.php(102): require_once('/wordpress/wp-s...')
#6 /wordpress/wp-load.php(50): require_once('/wordpress/wp-c...')
#7 /internal/eval.php(3): require_once('/wordpress/wp-l...')
#8 {main}
  thrown in /wordpress/wp-content/plugins/1qlick/1qlick.php on line 30
[26-Jun-2025 17:58:32 UTC] PHP Fatal error:  Uncaught Error: Class 'WC_Admin_Settings' not found in /wordpress/wp-content/plugins/1qlick/1qlick.php:30
Stack trace:
#0 /wordpress/wp-content/plugins/1qlick/1qlick.php(55): OneQlick\OneQlick::bootstrap()
#1 /wordpress/wp-includes/class-wp-hook.php(324): OneQlick\{closure}('')
#2 /wordpress/wp-includes/class-wp-hook.php(348): WP_Hook->apply_filters(NULL, Array)
#3 /wordpress/wp-includes/plugin.php(517): WP_Hook->do_action(Array)
#4 /wordpress/wp-settings.php(578): do_action('plugins_loaded')
#5 /wordpress/wp-config.php(102): require_once('/wordpress/wp-s...')
#6 /wordpress/wp-load.php(50): require_once('/wordpress/wp-c...')
#7 /internal/eval.php(3): require_once('/wordpress/wp-l...')
#8 {main}
  thrown in /wordpress/wp-content/plugins/1qlick/1qlick.php on line 30
[26-Jun-2025 17:58:42 UTC] PHP Fatal error:  Uncaught Error: Class 'WC_Admin_Settings' not found in /wordpress/wp-content/plugins/1qlick/1qlick.php:30
Stack trace:
#0 /wordpress/wp-content/plugins/1qlick/1qlick.php(55): OneQlick\OneQlick::bootstrap()
#1 /wordpress/wp-includes/class-wp-hook.php(324): OneQlick\{closure}('')
#2 /wordpress/wp-includes/class-wp-hook.php(348): WP_Hook->apply_filters(NULL, Array)
#3 /wordpress/wp-includes/plugin.php(517): WP_Hook->do_action(Array)
#4 /wordpress/wp-settings.php(578): do_action('plugins_loaded')
#5 /wordpress/wp-config.php(102): require_once('/wordpress/wp-s...')
#6 /wordpress/wp-load.php(50): require_once('/wordpress/wp-c...')
#7 /internal/eval.php(3): require_once('/wordpress/wp-l...')
#8 {main}
  thrown in /wordpress/wp-content/plugins/1qlick/1qlick.php on line 30
[26-Jun-2025 17:58:52 UTC] PHP Warning:  Undefined array key "HTTP_USER_AGENT" in /wordpress/wp-content/plugins/51degreesmobi/51Degrees/51Degrees.php on line 118
[26-Jun-2025 17:58:52 UTC] PHP Fatal error:  Uncaught Error: Call to undefined function WP_Filesystem() in /wordpress/wp-content/plugins/51degreesmobi/51DWordpress.php:817
Stack trace:
#0 /wordpress/wp-includes/class-wp-hook.php(324): _51d_set_options(false)
#1 /wordpress/wp-includes/class-wp-hook.php(348): WP_Hook->apply_filters('', Array)
#2 /wordpress/wp-includes/plugin.php(517): WP_Hook->do_action(Array)
#3 /wordpress/wp-admin/includes/plugin.php(703): do_action('activate_51degr...', false)
#4 /internal/eval.php(20): activate_plugin('51degreesmobi/5...')
#5 {main}
  thrown in /wordpress/wp-content/plugins/51degreesmobi/51DWordpress.php on line 817
[26-Jun-2025 17:59:01 UTC] PHP Warning:  Undefined array key "HTTP_USER_AGENT" in /wordpress/wp-content/plugins/51degreesmobi/51Degrees/51Degrees.php on line 118
[26-Jun-2025 17:59:01 UTC] PHP Fatal error:  Uncaught Error: Call to undefined function WP_Filesystem() in /wordpress/wp-content/plugins/51degreesmobi/51DWordpress.php:817
Stack trace:
#0 /wordpress/wp-includes/class-wp-hook.php(324): _51d_set_options(false)
#1 /wordpress/wp-includes/class-wp-hook.php(348): WP_Hook->apply_filters('', Array)
#2 /wordpress/wp-includes/plugin.php(517): WP_Hook->do_action(Array)
#3 /wordpress/wp-admin/includes/plugin.php(703): do_action('activate_51degr...', false)
#4 /internal/eval.php(20): activate_plugin('51degreesmobi/5...')
#5 {main}
  thrown in /wordpress/wp-content/plugins/51degreesmobi/51DWordpress.php on line 817
[26-Jun-2025 17:59:11 UTC] PHP Warning:  Undefined array key "HTTP_USER_AGENT" in /wordpress/wp-content/plugins/51degreesmobi/51Degrees/51Degrees.php on line 118
[26-Jun-2025 17:59:11 UTC] PHP Fatal error:  Uncaught Error: Call to undefined function WP_Filesystem() in /wordpress/wp-content/plugins/51degreesmobi/51DWordpress.php:817
Stack trace:
#0 /wordpress/wp-includes/class-wp-hook.php(324): _51d_set_options(false)
#1 /wordpress/wp-includes/class-wp-hook.php(348): WP_Hook->apply_filters('', Array)
#2 /wordpress/wp-includes/plugin.php(517): WP_Hook->do_action(Array)
#3 /wordpress/wp-admin/includes/plugin.php(703): do_action('activate_51degr...', false)
#4 /internal/eval.php(20): activate_plugin('51degreesmobi/5...')
#5 {main}
  thrown in /wordpress/wp-content/plugins/51degreesmobi/51DWordpress.php on line 817

    at Object.onBind (file:///home/runner/work/playground-tester/playground-tester/node_modules/@wp-playground/cli/run-cli-j-geJYS3.js:325:15)
    at process.processTicksAndRejections (node:internal/process/task_queues:105:5)
    at async re (file:///home/runner/work/playground-tester/playground-tester/node_modules/@wp-playground/cli/run-cli-j-geJYS3.js:149:10) {
  [cause]: Error: Error when executing the blueprint step #1 ({"step":"installPlugin","pluginData":{"resource":"wordpress.org/plugins","slug":"51degreesmobi"},"options":{"activate":true}}) : PHP.run() failed with exit code 255 and the following output: 
      at Object.run (file:///home/runner/work/playground-tester/playground-tester/node_modules/@wp-playground/blueprints/index.js:12093:19)
      at process.processTicksAndRejections (node:internal/process/task_queues:105:5)
      at async ys (file:///home/runner/work/playground-tester/playground-tester/node_modules/@wp-playground/blueprints/index.js:12196:3)
      at async Object.onBind (file:///home/runner/work/playground-tester/playground-tester/node_modules/@wp-playground/cli/run-cli-j-geJYS3.js:315:48)
      at async re (file:///home/runner/work/playground-tester/playground-tester/node_modules/@wp-playground/cli/run-cli-j-geJYS3.js:149:10) {
    [cause]: PHPExecutionFailureError: PHP.run() failed with exit code 255 and the following output: 
        at PHP.run (file:///home/runner/work/playground-tester/playground-tester/node_modules/@php-wasm/universal/index.js:1034:19)
        at process.processTicksAndRejections (node:internal/process/task_queues:105:5)
        at async wr (file:///home/runner/work/playground-tester/playground-tester/node_modules/@wp-playground/blueprints/index.js:34:39)
        at async Object.gt [as installPlugin] (file:///home/runner/work/playground-tester/playground-tester/node_modules/@wp-playground/blueprints/index.js:631:42)
        at async g (file:///home/runner/work/playground-tester/playground-tester/node_modules/@wp-playground/blueprints/index.js:12161:30)
        at async Object.run (file:///home/runner/work/playground-tester/playground-tester/node_modules/@wp-playground/blueprints/index.js:12090:23)
        at async ys (file:///home/runner/work/playground-tester/playground-tester/node_modules/@wp-playground/blueprints/index.js:12196:3)
        at async Object.onBind (file:///home/runner/work/playground-tester/playground-tester/node_modules/@wp-playground/cli/run-cli-j-geJYS3.js:315:48)
        at async re (file:///home/runner/work/playground-tester/playground-tester/node_modules/@wp-playground/cli/run-cli-j-geJYS3.js:149:10) {
      response: PHPResponse {
        httpStatusCode: 500,
        headers: {
          'x-powered-by': [ 'PHP/8.0.30-dev' ],
          'set-cookie': [ '51D_Bandwidth=1750960751.05' ],
          'content-type': [ 'text/html; charset=UTF-8' ]
        },
        bytes: Uint8Array(0) [],
        exitCode: 255,
        errors: ''
      },
      source: 'request'
    }
  }
}

Node.js v23.11.0
