[
{"message":"file:///home/runner/work/playground-tester/playground-tester/node_modules/@wp-playground/cli/index.js:237\n        throw new Error(y, { cause: u });\n              ^\n","level":"FATAL","type":"PLAYGROUND","test":"jspi-boot","plugin":"review-widgets-for-foursquare","details":"file:///home/runner/work/playground-tester/playground-tester/node_modules/@wp-playground/cli/index.js:237\n        throw new Error(y, { cause: u });\n              ^\n","log":"/tmp/tmp.8MTqYL3t7q"}
,
{"message":"Required parameter $blocking follows optional parameter $useragent in /wordpress/wp-content/plugins/repubhub-headlines-widget/repubhub-common-widget.php on line 116","level":"DEPRECATED","type":"PHP","test":"jspi-boot","plugin":"review-widgets-for-foursquare","details":"[22-May-2025 22:28:19 UTC] PHP Deprecated:  Required parameter $blocking follows optional parameter $useragent in /wordpress/wp-content/plugins/repubhub-headlines-widget/repubhub-common-widget.php on line 116","log":"/logs/plugins/r/review-widgets-for-foursquare/error.json"}
,
{"message":"Required parameter $blocking follows optional parameter $useragent in /wordpress/wp-content/plugins/repubhub-headlines-widget/repubhub-common-widget.php on line 116","level":"DEPRECATED","type":"PHP","test":"jspi-boot","plugin":"review-widgets-for-foursquare","details":"[22-May-2025 22:28:20 UTC] PHP Deprecated:  Required parameter $blocking follows optional parameter $useragent in /wordpress/wp-content/plugins/repubhub-headlines-widget/repubhub-common-widget.php on line 116","log":"/logs/plugins/r/review-widgets-for-foursquare/error.json"}
,
{"message":"Required parameter $blocking follows optional parameter $useragent in /wordpress/wp-content/plugins/repubhub-headlines-widget/repubhub-common-widget.php on line 116","level":"DEPRECATED","type":"PHP","test":"jspi-boot","plugin":"review-widgets-for-foursquare","details":"[22-May-2025 22:28:28 UTC] PHP Deprecated:  Required parameter $blocking follows optional parameter $useragent in /wordpress/wp-content/plugins/repubhub-headlines-widget/repubhub-common-widget.php on line 116","log":"/logs/plugins/r/review-widgets-for-foursquare/error.json"}
,
{"message":"Required parameter $blocking follows optional parameter $useragent in /wordpress/wp-content/plugins/repubhub-headlines-widget/repubhub-common-widget.php on line 116","level":"DEPRECATED","type":"PHP","test":"jspi-boot","plugin":"review-widgets-for-foursquare","details":"[22-May-2025 22:28:29 UTC] PHP Deprecated:  Required parameter $blocking follows optional parameter $useragent in /wordpress/wp-content/plugins/repubhub-headlines-widget/repubhub-common-widget.php on line 116","log":"/logs/plugins/r/review-widgets-for-foursquare/error.json"}
,
{"message":"Required parameter $blocking follows optional parameter $useragent in /wordpress/wp-content/plugins/repubhub-headlines-widget/repubhub-common-widget.php on line 116","level":"DEPRECATED","type":"PHP","test":"jspi-boot","plugin":"review-widgets-for-foursquare","details":"[22-May-2025 22:28:37 UTC] PHP Deprecated:  Required parameter $blocking follows optional parameter $useragent in /wordpress/wp-content/plugins/repubhub-headlines-widget/repubhub-common-widget.php on line 116","log":"/logs/plugins/r/review-widgets-for-foursquare/error.json"}
,
{"message":"Required parameter $blocking follows optional parameter $useragent in /wordpress/wp-content/plugins/repubhub-headlines-widget/repubhub-common-widget.php on line 116","level":"DEPRECATED","type":"PHP","test":"jspi-boot","plugin":"review-widgets-for-foursquare","details":"[22-May-2025 22:28:38 UTC] PHP Deprecated:  Required parameter $blocking follows optional parameter $useragent in /wordpress/wp-content/plugins/repubhub-headlines-widget/repubhub-common-widget.php on line 116","log":"/logs/plugins/r/review-widgets-for-foursquare/error.json"}
,
{"message":"Function load_plugin_textdomain was called with an argument that is <strong>deprecated</strong> since version 2.7.0 with no alternative available. in /wordpress/wp-includes/functions.php on line 6121","level":"DEPRECATED","type":"PHP","test":"jspi-boot","plugin":"review-widgets-for-foursquare","details":"[22-May-2025 22:30:36 UTC] PHP Deprecated:  Function load_plugin_textdomain was called with an argument that is <strong>deprecated</strong> since version 2.7.0 with no alternative available. in /wordpress/wp-includes/functions.php on line 6121","log":"/logs/plugins/r/review-widgets-for-foursquare/error.json"}
,
{"message":"Trying to access array offset on value of type bool in /wordpress/wp-content/plugins/revisioner/revisioner.php on line 169","level":"WARNING","type":"PHP","test":"jspi-boot","plugin":"review-widgets-for-foursquare","details":"[22-May-2025 22:30:36 UTC] PHP Warning:  Trying to access array offset on value of type bool in /wordpress/wp-content/plugins/revisioner/revisioner.php on line 169","log":"/logs/plugins/r/review-widgets-for-foursquare/error.json"}
,
{"message":"Trying to access array offset on value of type bool in /wordpress/wp-content/plugins/revisioner/revisioner.php on line 170","level":"WARNING","type":"PHP","test":"jspi-boot","plugin":"review-widgets-for-foursquare","details":"[22-May-2025 22:30:36 UTC] PHP Warning:  Trying to access array offset on value of type bool in /wordpress/wp-content/plugins/revisioner/revisioner.php on line 170","log":"/logs/plugins/r/review-widgets-for-foursquare/error.json"}
,
{"message":"Constant WP_POST_REVISIONS already defined in /wordpress/wp-content/plugins/revisioner/revisioner.php on line 173","level":"WARNING","type":"PHP","test":"jspi-boot","plugin":"review-widgets-for-foursquare","details":"[22-May-2025 22:30:36 UTC] PHP Warning:  Constant WP_POST_REVISIONS already defined in /wordpress/wp-content/plugins/revisioner/revisioner.php on line 173","log":"/logs/plugins/r/review-widgets-for-foursquare/error.json"}
,
{"message":"Constant AUTOSAVE_INTERVAL already defined in /wordpress/wp-content/plugins/revisioner/revisioner.php on line 174","level":"WARNING","type":"PHP","test":"jspi-boot","plugin":"review-widgets-for-foursquare","details":"[22-May-2025 22:30:36 UTC] PHP Warning:  Constant AUTOSAVE_INTERVAL already defined in /wordpress/wp-content/plugins/revisioner/revisioner.php on line 174","log":"/logs/plugins/r/review-widgets-for-foursquare/error.json"}
,
{"message":"Function load_plugin_textdomain was called with an argument that is <strong>deprecated</strong> since version 2.7.0 with no alternative available. in /wordpress/wp-includes/functions.php on line 6121","level":"DEPRECATED","type":"PHP","test":"jspi-boot","plugin":"review-widgets-for-foursquare","details":"[22-May-2025 22:30:37 UTC] PHP Deprecated:  Function load_plugin_textdomain was called with an argument that is <strong>deprecated</strong> since version 2.7.0 with no alternative available. in /wordpress/wp-includes/functions.php on line 6121","log":"/logs/plugins/r/review-widgets-for-foursquare/error.json"}
,
{"message":"Function load_plugin_textdomain was called with an argument that is <strong>deprecated</strong> since version 2.7.0 with no alternative available. in /wordpress/wp-includes/functions.php on line 6121","level":"DEPRECATED","type":"PHP","test":"jspi-boot","plugin":"review-widgets-for-foursquare","details":"[22-May-2025 22:30:45 UTC] PHP Deprecated:  Function load_plugin_textdomain was called with an argument that is <strong>deprecated</strong> since version 2.7.0 with no alternative available. in /wordpress/wp-includes/functions.php on line 6121","log":"/logs/plugins/r/review-widgets-for-foursquare/error.json"}
,
{"message":"Trying to access array offset on value of type bool in /wordpress/wp-content/plugins/revisioner/revisioner.php on line 169","level":"WARNING","type":"PHP","test":"jspi-boot","plugin":"review-widgets-for-foursquare","details":"[22-May-2025 22:30:45 UTC] PHP Warning:  Trying to access array offset on value of type bool in /wordpress/wp-content/plugins/revisioner/revisioner.php on line 169","log":"/logs/plugins/r/review-widgets-for-foursquare/error.json"}
,
{"message":"Trying to access array offset on value of type bool in /wordpress/wp-content/plugins/revisioner/revisioner.php on line 170","level":"WARNING","type":"PHP","test":"jspi-boot","plugin":"review-widgets-for-foursquare","details":"[22-May-2025 22:30:45 UTC] PHP Warning:  Trying to access array offset on value of type bool in /wordpress/wp-content/plugins/revisioner/revisioner.php on line 170","log":"/logs/plugins/r/review-widgets-for-foursquare/error.json"}
,
{"message":"Constant WP_POST_REVISIONS already defined in /wordpress/wp-content/plugins/revisioner/revisioner.php on line 173","level":"WARNING","type":"PHP","test":"jspi-boot","plugin":"review-widgets-for-foursquare","details":"[22-May-2025 22:30:45 UTC] PHP Warning:  Constant WP_POST_REVISIONS already defined in /wordpress/wp-content/plugins/revisioner/revisioner.php on line 173","log":"/logs/plugins/r/review-widgets-for-foursquare/error.json"}
,
{"message":"Constant AUTOSAVE_INTERVAL already defined in /wordpress/wp-content/plugins/revisioner/revisioner.php on line 174","level":"WARNING","type":"PHP","test":"jspi-boot","plugin":"review-widgets-for-foursquare","details":"[22-May-2025 22:30:45 UTC] PHP Warning:  Constant AUTOSAVE_INTERVAL already defined in /wordpress/wp-content/plugins/revisioner/revisioner.php on line 174","log":"/logs/plugins/r/review-widgets-for-foursquare/error.json"}
,
{"message":"Function load_plugin_textdomain was called with an argument that is <strong>deprecated</strong> since version 2.7.0 with no alternative available. in /wordpress/wp-includes/functions.php on line 6121","level":"DEPRECATED","type":"PHP","test":"jspi-boot","plugin":"review-widgets-for-foursquare","details":"[22-May-2025 22:30:46 UTC] PHP Deprecated:  Function load_plugin_textdomain was called with an argument that is <strong>deprecated</strong> since version 2.7.0 with no alternative available. in /wordpress/wp-includes/functions.php on line 6121","log":"/logs/plugins/r/review-widgets-for-foursquare/error.json"}
,
{"message":"Function load_plugin_textdomain was called with an argument that is <strong>deprecated</strong> since version 2.7.0 with no alternative available. in /wordpress/wp-includes/functions.php on line 6121","level":"DEPRECATED","type":"PHP","test":"jspi-boot","plugin":"review-widgets-for-foursquare","details":"[22-May-2025 22:30:54 UTC] PHP Deprecated:  Function load_plugin_textdomain was called with an argument that is <strong>deprecated</strong> since version 2.7.0 with no alternative available. in /wordpress/wp-includes/functions.php on line 6121","log":"/logs/plugins/r/review-widgets-for-foursquare/error.json"}
,
{"message":"Trying to access array offset on value of type bool in /wordpress/wp-content/plugins/revisioner/revisioner.php on line 169","level":"WARNING","type":"PHP","test":"jspi-boot","plugin":"review-widgets-for-foursquare","details":"[22-May-2025 22:30:54 UTC] PHP Warning:  Trying to access array offset on value of type bool in /wordpress/wp-content/plugins/revisioner/revisioner.php on line 169","log":"/logs/plugins/r/review-widgets-for-foursquare/error.json"}
,
{"message":"Trying to access array offset on value of type bool in /wordpress/wp-content/plugins/revisioner/revisioner.php on line 170","level":"WARNING","type":"PHP","test":"jspi-boot","plugin":"review-widgets-for-foursquare","details":"[22-May-2025 22:30:54 UTC] PHP Warning:  Trying to access array offset on value of type bool in /wordpress/wp-content/plugins/revisioner/revisioner.php on line 170","log":"/logs/plugins/r/review-widgets-for-foursquare/error.json"}
,
{"message":"Constant WP_POST_REVISIONS already defined in /wordpress/wp-content/plugins/revisioner/revisioner.php on line 173","level":"WARNING","type":"PHP","test":"jspi-boot","plugin":"review-widgets-for-foursquare","details":"[22-May-2025 22:30:54 UTC] PHP Warning:  Constant WP_POST_REVISIONS already defined in /wordpress/wp-content/plugins/revisioner/revisioner.php on line 173","log":"/logs/plugins/r/review-widgets-for-foursquare/error.json"}
,
{"message":"Constant AUTOSAVE_INTERVAL already defined in /wordpress/wp-content/plugins/revisioner/revisioner.php on line 174","level":"WARNING","type":"PHP","test":"jspi-boot","plugin":"review-widgets-for-foursquare","details":"[22-May-2025 22:30:54 UTC] PHP Warning:  Constant AUTOSAVE_INTERVAL already defined in /wordpress/wp-content/plugins/revisioner/revisioner.php on line 174","log":"/logs/plugins/r/review-widgets-for-foursquare/error.json"}
,
{"message":"Function load_plugin_textdomain was called with an argument that is <strong>deprecated</strong> since version 2.7.0 with no alternative available. in /wordpress/wp-includes/functions.php on line 6121","level":"DEPRECATED","type":"PHP","test":"jspi-boot","plugin":"review-widgets-for-foursquare","details":"[22-May-2025 22:30:55 UTC] PHP Deprecated:  Function load_plugin_textdomain was called with an argument that is <strong>deprecated</strong> since version 2.7.0 with no alternative available. in /wordpress/wp-includes/functions.php on line 6121","log":"/logs/plugins/r/review-widgets-for-foursquare/error.json"}
,
{"message":"Trying to access array offset on value of type bool in /wordpress/wp-content/plugins/rich-meta-in-rdfa/rich-meta-in-rdfa.php on line 75","level":"WARNING","type":"PHP","test":"jspi-boot","plugin":"review-widgets-for-foursquare","details":"[22-May-2025 22:31:03 UTC] PHP Warning:  Trying to access array offset on value of type bool in /wordpress/wp-content/plugins/rich-meta-in-rdfa/rich-meta-in-rdfa.php on line 75","log":"/logs/plugins/r/review-widgets-for-foursquare/error.json"}
,
{"message":"Trying to access array offset on value of type bool in /wordpress/wp-content/plugins/rich-meta-in-rdfa/rich-meta-in-rdfa.php on line 75","level":"WARNING","type":"PHP","test":"jspi-boot","plugin":"review-widgets-for-foursquare","details":"[22-May-2025 22:31:04 UTC] PHP Warning:  Trying to access array offset on value of type bool in /wordpress/wp-content/plugins/rich-meta-in-rdfa/rich-meta-in-rdfa.php on line 75","log":"/logs/plugins/r/review-widgets-for-foursquare/error.json"}
,
{"message":"Trying to access array offset on value of type bool in /wordpress/wp-content/plugins/rich-meta-in-rdfa/rich-meta-in-rdfa.php on line 75","level":"WARNING","type":"PHP","test":"jspi-boot","plugin":"review-widgets-for-foursquare","details":"[22-May-2025 22:31:12 UTC] PHP Warning:  Trying to access array offset on value of type bool in /wordpress/wp-content/plugins/rich-meta-in-rdfa/rich-meta-in-rdfa.php on line 75","log":"/logs/plugins/r/review-widgets-for-foursquare/error.json"}
,
{"message":"Trying to access array offset on value of type bool in /wordpress/wp-content/plugins/rich-meta-in-rdfa/rich-meta-in-rdfa.php on line 75","level":"WARNING","type":"PHP","test":"jspi-boot","plugin":"review-widgets-for-foursquare","details":"[22-May-2025 22:31:13 UTC] PHP Warning:  Trying to access array offset on value of type bool in /wordpress/wp-content/plugins/rich-meta-in-rdfa/rich-meta-in-rdfa.php on line 75","log":"/logs/plugins/r/review-widgets-for-foursquare/error.json"}
,
{"message":"Trying to access array offset on value of type bool in /wordpress/wp-content/plugins/rich-meta-in-rdfa/rich-meta-in-rdfa.php on line 75","level":"WARNING","type":"PHP","test":"jspi-boot","plugin":"review-widgets-for-foursquare","details":"[22-May-2025 22:31:21 UTC] PHP Warning:  Trying to access array offset on value of type bool in /wordpress/wp-content/plugins/rich-meta-in-rdfa/rich-meta-in-rdfa.php on line 75","log":"/logs/plugins/r/review-widgets-for-foursquare/error.json"}
,
{"message":"Trying to access array offset on value of type bool in /wordpress/wp-content/plugins/rich-meta-in-rdfa/rich-meta-in-rdfa.php on line 75","level":"WARNING","type":"PHP","test":"jspi-boot","plugin":"review-widgets-for-foursquare","details":"[22-May-2025 22:31:22 UTC] PHP Warning:  Trying to access array offset on value of type bool in /wordpress/wp-content/plugins/rich-meta-in-rdfa/rich-meta-in-rdfa.php on line 75","log":"/logs/plugins/r/review-widgets-for-foursquare/error.json"}
,
{"message":"Uncaught PDOException: SQLSTATE[HY000] [2002] Address family not supported by protocol in /wordpress/wp-content/plugins/rise-hotel-booking/rise-hotel-booking.php:167","level":"FATAL","type":"PHP","test":"jspi-boot","plugin":"review-widgets-for-foursquare","details":"[22-May-2025 22:31:32 UTC] PHP Fatal error:  Uncaught PDOException: SQLSTATE[HY000] [2002] Address family not supported by protocol in /wordpress/wp-content/plugins/rise-hotel-booking/rise-hotel-booking.php:167\nStack trace:\n#0 /wordpress/wp-content/plugins/rise-hotel-booking/rise-hotel-booking.php(167): PDO->__construct('mysql:host=loca...', 'username_here', 'password_here')\n#1 /wordpress/wp-includes/class-wp-hook.php(324): RISE->createTables(false)\n#2 /wordpress/wp-includes/class-wp-hook.php(348): WP_Hook->apply_filters('', Array)\n#3 /wordpress/wp-includes/plugin.php(517): WP_Hook->do_action(Array)\n#4 /wordpress/wp-admin/includes/plugin.php(703): do_action('activate_rise-h...', false)\n#5 /internal/eval.php(20): activate_plugin('rise-hotel-book...')\n#6 {main}\n  thrown in /wordpress/wp-content/plugins/rise-hotel-booking/rise-hotel-booking.php on line 167","log":"/logs/plugins/r/review-widgets-for-foursquare/error.json"}
,
{"message":"Uncaught PDOException: SQLSTATE[HY000] [2002] Address family not supported by protocol in /wordpress/wp-content/plugins/rise-hotel-booking/rise-hotel-booking.php:167","level":"FATAL","type":"PHP","test":"jspi-boot","plugin":"review-widgets-for-foursquare","details":"[22-May-2025 22:31:41 UTC] PHP Fatal error:  Uncaught PDOException: SQLSTATE[HY000] [2002] Address family not supported by protocol in /wordpress/wp-content/plugins/rise-hotel-booking/rise-hotel-booking.php:167\nStack trace:\n#0 /wordpress/wp-content/plugins/rise-hotel-booking/rise-hotel-booking.php(167): PDO->__construct('mysql:host=loca...', 'username_here', 'password_here')\n#1 /wordpress/wp-includes/class-wp-hook.php(324): RISE->createTables(false)\n#2 /wordpress/wp-includes/class-wp-hook.php(348): WP_Hook->apply_filters('', Array)\n#3 /wordpress/wp-includes/plugin.php(517): WP_Hook->do_action(Array)\n#4 /wordpress/wp-admin/includes/plugin.php(703): do_action('activate_rise-h...', false)\n#5 /internal/eval.php(20): activate_plugin('rise-hotel-book...')\n#6 {main}\n  thrown in /wordpress/wp-content/plugins/rise-hotel-booking/rise-hotel-booking.php on line 167","log":"/logs/plugins/r/review-widgets-for-foursquare/error.json"}
,
{"message":"Uncaught PDOException: SQLSTATE[HY000] [2002] Address family not supported by protocol in /wordpress/wp-content/plugins/rise-hotel-booking/rise-hotel-booking.php:167","level":"FATAL","type":"PHP","test":"jspi-boot","plugin":"review-widgets-for-foursquare","details":"[22-May-2025 22:31:50 UTC] PHP Fatal error:  Uncaught PDOException: SQLSTATE[HY000] [2002] Address family not supported by protocol in /wordpress/wp-content/plugins/rise-hotel-booking/rise-hotel-booking.php:167\nStack trace:\n#0 /wordpress/wp-content/plugins/rise-hotel-booking/rise-hotel-booking.php(167): PDO->__construct('mysql:host=loca...', 'username_here', 'password_here')\n#1 /wordpress/wp-includes/class-wp-hook.php(324): RISE->createTables(false)\n#2 /wordpress/wp-includes/class-wp-hook.php(348): WP_Hook->apply_filters('', Array)\n#3 /wordpress/wp-includes/plugin.php(517): WP_Hook->do_action(Array)\n#4 /wordpress/wp-admin/includes/plugin.php(703): do_action('activate_rise-h...', false)\n#5 /internal/eval.php(20): activate_plugin('rise-hotel-book...')\n#6 {main}\n  thrown in /wordpress/wp-content/plugins/rise-hotel-booking/rise-hotel-booking.php on line 167","log":"/logs/plugins/r/review-widgets-for-foursquare/error.json"}
,
{"message":"compact(): Undefined variable $WP_VERSION in /wordpress/wp-content/plugins/rs-system-diagnostic/rs-system-diagnostic.php on line 147","level":"WARNING","type":"PHP","test":"jspi-boot","plugin":"review-widgets-for-foursquare","details":"[22-May-2025 22:33:36 UTC] PHP Warning:  compact(): Undefined variable $WP_VERSION in /wordpress/wp-content/plugins/rs-system-diagnostic/rs-system-diagnostic.php on line 147","log":"/logs/plugins/r/review-widgets-for-foursquare/error.json"}
,
{"message":"Undefined array key \"QUERY_STRING\" in /wordpress/wp-content/plugins/rs-system-diagnostic/rs-system-diagnostic.php on line 194","level":"WARNING","type":"PHP","test":"jspi-boot","plugin":"review-widgets-for-foursquare","details":"[22-May-2025 22:33:36 UTC] PHP Warning:  Undefined array key \"QUERY_STRING\" in /wordpress/wp-content/plugins/rs-system-diagnostic/rs-system-diagnostic.php on line 194","log":"/logs/plugins/r/review-widgets-for-foursquare/error.json"}
,
{"message":"compact(): Undefined variable $WP_VERSION in /wordpress/wp-content/plugins/rs-system-diagnostic/rs-system-diagnostic.php on line 147","level":"WARNING","type":"PHP","test":"jspi-boot","plugin":"review-widgets-for-foursquare","details":"[22-May-2025 22:33:45 UTC] PHP Warning:  compact(): Undefined variable $WP_VERSION in /wordpress/wp-content/plugins/rs-system-diagnostic/rs-system-diagnostic.php on line 147","log":"/logs/plugins/r/review-widgets-for-foursquare/error.json"}
,
{"message":"Undefined array key \"QUERY_STRING\" in /wordpress/wp-content/plugins/rs-system-diagnostic/rs-system-diagnostic.php on line 194","level":"WARNING","type":"PHP","test":"jspi-boot","plugin":"review-widgets-for-foursquare","details":"[22-May-2025 22:33:45 UTC] PHP Warning:  Undefined array key \"QUERY_STRING\" in /wordpress/wp-content/plugins/rs-system-diagnostic/rs-system-diagnostic.php on line 194","log":"/logs/plugins/r/review-widgets-for-foursquare/error.json"}
,
{"message":"compact(): Undefined variable $WP_VERSION in /wordpress/wp-content/plugins/rs-system-diagnostic/rs-system-diagnostic.php on line 147","level":"WARNING","type":"PHP","test":"jspi-boot","plugin":"review-widgets-for-foursquare","details":"[22-May-2025 22:33:54 UTC] PHP Warning:  compact(): Undefined variable $WP_VERSION in /wordpress/wp-content/plugins/rs-system-diagnostic/rs-system-diagnostic.php on line 147","log":"/logs/plugins/r/review-widgets-for-foursquare/error.json"}
,
{"message":"Undefined array key \"QUERY_STRING\" in /wordpress/wp-content/plugins/rs-system-diagnostic/rs-system-diagnostic.php on line 194","level":"WARNING","type":"PHP","test":"jspi-boot","plugin":"review-widgets-for-foursquare","details":"[22-May-2025 22:33:54 UTC] PHP Warning:  Undefined array key \"QUERY_STRING\" in /wordpress/wp-content/plugins/rs-system-diagnostic/rs-system-diagnostic.php on line 194","log":"/logs/plugins/r/review-widgets-for-foursquare/error.json"}
,
{"message":"Trying to access array offset on value of type null in /wordpress/wp-content/plugins/rss-image-feed/image-rss.php on line 133","level":"WARNING","type":"PHP","test":"jspi-boot","plugin":"review-widgets-for-foursquare","details":"[22-May-2025 22:34:02 UTC] PHP Warning:  Trying to access array offset on value of type null in /wordpress/wp-content/plugins/rss-image-feed/image-rss.php on line 133","log":"/logs/plugins/r/review-widgets-for-foursquare/error.json"}
,
{"message":"Trying to access array offset on value of type null in /wordpress/wp-content/plugins/rss-image-feed/image-rss.php on line 152","level":"WARNING","type":"PHP","test":"jspi-boot","plugin":"review-widgets-for-foursquare","details":"[22-May-2025 22:34:02 UTC] PHP Warning:  Trying to access array offset on value of type null in /wordpress/wp-content/plugins/rss-image-feed/image-rss.php on line 152","log":"/logs/plugins/r/review-widgets-for-foursquare/error.json"}
,
{"message":"Uncaught Error: Call to undefined function get_current_screen() in /wordpress/wp-content/plugins/rss-image-feed/image-rss.php:187","level":"FATAL","type":"PHP","test":"jspi-boot","plugin":"review-widgets-for-foursquare","details":"[22-May-2025 22:34:02 UTC] PHP Fatal error:  Uncaught Error: Call to undefined function get_current_screen() in /wordpress/wp-content/plugins/rss-image-feed/image-rss.php:187\nStack trace:\n#0 /wordpress/wp-includes/class-wp-hook.php(324): Rss_Image_Feed->_install(false)\n#1 /wordpress/wp-includes/class-wp-hook.php(348): WP_Hook->apply_filters('', Array)\n#2 /wordpress/wp-includes/plugin.php(517): WP_Hook->do_action(Array)\n#3 /wordpress/wp-admin/includes/plugin.php(703): do_action('activate_rss-im...', false)\n#4 /internal/eval.php(20): activate_plugin('rss-image-feed/...')\n#5 {main}\n  thrown in /wordpress/wp-content/plugins/rss-image-feed/image-rss.php on line 187","log":"/logs/plugins/r/review-widgets-for-foursquare/error.json"}
,
{"message":"Trying to access array offset on value of type null in /wordpress/wp-content/plugins/rss-image-feed/image-rss.php on line 133","level":"WARNING","type":"PHP","test":"jspi-boot","plugin":"review-widgets-for-foursquare","details":"[22-May-2025 22:34:10 UTC] PHP Warning:  Trying to access array offset on value of type null in /wordpress/wp-content/plugins/rss-image-feed/image-rss.php on line 133","log":"/logs/plugins/r/review-widgets-for-foursquare/error.json"}
,
{"message":"Trying to access array offset on value of type null in /wordpress/wp-content/plugins/rss-image-feed/image-rss.php on line 152","level":"WARNING","type":"PHP","test":"jspi-boot","plugin":"review-widgets-for-foursquare","details":"[22-May-2025 22:34:10 UTC] PHP Warning:  Trying to access array offset on value of type null in /wordpress/wp-content/plugins/rss-image-feed/image-rss.php on line 152","log":"/logs/plugins/r/review-widgets-for-foursquare/error.json"}
,
{"message":"Uncaught Error: Call to undefined function get_current_screen() in /wordpress/wp-content/plugins/rss-image-feed/image-rss.php:187","level":"FATAL","type":"PHP","test":"jspi-boot","plugin":"review-widgets-for-foursquare","details":"[22-May-2025 22:34:10 UTC] PHP Fatal error:  Uncaught Error: Call to undefined function get_current_screen() in /wordpress/wp-content/plugins/rss-image-feed/image-rss.php:187\nStack trace:\n#0 /wordpress/wp-includes/class-wp-hook.php(324): Rss_Image_Feed->_install(false)\n#1 /wordpress/wp-includes/class-wp-hook.php(348): WP_Hook->apply_filters('', Array)\n#2 /wordpress/wp-includes/plugin.php(517): WP_Hook->do_action(Array)\n#3 /wordpress/wp-admin/includes/plugin.php(703): do_action('activate_rss-im...', false)\n#4 /internal/eval.php(20): activate_plugin('rss-image-feed/...')\n#5 {main}\n  thrown in /wordpress/wp-content/plugins/rss-image-feed/image-rss.php on line 187","log":"/logs/plugins/r/review-widgets-for-foursquare/error.json"}
,
{"message":"Trying to access array offset on value of type null in /wordpress/wp-content/plugins/rss-image-feed/image-rss.php on line 133","level":"WARNING","type":"PHP","test":"jspi-boot","plugin":"review-widgets-for-foursquare","details":"[22-May-2025 22:34:18 UTC] PHP Warning:  Trying to access array offset on value of type null in /wordpress/wp-content/plugins/rss-image-feed/image-rss.php on line 133","log":"/logs/plugins/r/review-widgets-for-foursquare/error.json"}
,
{"message":"Trying to access array offset on value of type null in /wordpress/wp-content/plugins/rss-image-feed/image-rss.php on line 152","level":"WARNING","type":"PHP","test":"jspi-boot","plugin":"review-widgets-for-foursquare","details":"[22-May-2025 22:34:18 UTC] PHP Warning:  Trying to access array offset on value of type null in /wordpress/wp-content/plugins/rss-image-feed/image-rss.php on line 152","log":"/logs/plugins/r/review-widgets-for-foursquare/error.json"}
,
{"message":"Uncaught Error: Call to undefined function get_current_screen() in /wordpress/wp-content/plugins/rss-image-feed/image-rss.php:187","level":"FATAL","type":"PHP","test":"jspi-boot","plugin":"review-widgets-for-foursquare","details":"[22-May-2025 22:34:18 UTC] PHP Fatal error:  Uncaught Error: Call to undefined function get_current_screen() in /wordpress/wp-content/plugins/rss-image-feed/image-rss.php:187\nStack trace:\n#0 /wordpress/wp-includes/class-wp-hook.php(324): Rss_Image_Feed->_install(false)\n#1 /wordpress/wp-includes/class-wp-hook.php(348): WP_Hook->apply_filters('', Array)\n#2 /wordpress/wp-includes/plugin.php(517): WP_Hook->do_action(Array)\n#3 /wordpress/wp-admin/includes/plugin.php(703): do_action('activate_rss-im...', false)\n#4 /internal/eval.php(20): activate_plugin('rss-image-feed/...')\n#5 {main}\n  thrown in /wordpress/wp-content/plugins/rss-image-feed/image-rss.php on line 187","log":"/logs/plugins/r/review-widgets-for-foursquare/error.json"}
,
{"message":"Uncaught Error: Undefined constant \"wpcat_init_method\" in /wordpress/wp-content/plugins/post-2-tabs-jquery-tabs/post2tabs.php:47","level":"FATAL","type":"PHP","test":"jspi-boot","plugin":"review-widgets-for-foursquare","details":"[22-May-2025 22:35:19 UTC] PHP Fatal error:  Uncaught Error: Undefined constant \"wpcat_init_method\" in /wordpress/wp-content/plugins/post-2-tabs-jquery-tabs/post2tabs.php:47\nStack trace:\n#0 /wordpress/wp-admin/includes/plugin.php(2387): include_once()\n#1 /wordpress/wp-admin/includes/plugin.php(673): plugin_sandbox_scrape('post-2-tabs-jqu...')\n#2 /internal/eval.php(20): activate_plugin('post-2-tabs-jqu...')\n#3 {main}\n  thrown in /wordpress/wp-content/plugins/post-2-tabs-jquery-tabs/post2tabs.php on line 47","log":"/logs/plugins/r/review-widgets-for-foursquare/error.json"}
,
{"message":"Uncaught Error: Undefined constant \"wpcat_init_method\" in /wordpress/wp-content/plugins/post-2-tabs-jquery-tabs/post2tabs.php:47","level":"FATAL","type":"PHP","test":"jspi-boot","plugin":"review-widgets-for-foursquare","details":"[22-May-2025 22:35:26 UTC] PHP Fatal error:  Uncaught Error: Undefined constant \"wpcat_init_method\" in /wordpress/wp-content/plugins/post-2-tabs-jquery-tabs/post2tabs.php:47\nStack trace:\n#0 /wordpress/wp-admin/includes/plugin.php(2387): include_once()\n#1 /wordpress/wp-admin/includes/plugin.php(673): plugin_sandbox_scrape('post-2-tabs-jqu...')\n#2 /internal/eval.php(20): activate_plugin('post-2-tabs-jqu...')\n#3 {main}\n  thrown in /wordpress/wp-content/plugins/post-2-tabs-jquery-tabs/post2tabs.php on line 47","log":"/logs/plugins/r/review-widgets-for-foursquare/error.json"}
,
{"message":"Uncaught Error: Undefined constant \"wpcat_init_method\" in /wordpress/wp-content/plugins/post-2-tabs-jquery-tabs/post2tabs.php:47","level":"FATAL","type":"PHP","test":"jspi-boot","plugin":"review-widgets-for-foursquare","details":"[22-May-2025 22:35:34 UTC] PHP Fatal error:  Uncaught Error: Undefined constant \"wpcat_init_method\" in /wordpress/wp-content/plugins/post-2-tabs-jquery-tabs/post2tabs.php:47\nStack trace:\n#0 /wordpress/wp-admin/includes/plugin.php(2387): include_once()\n#1 /wordpress/wp-admin/includes/plugin.php(673): plugin_sandbox_scrape('post-2-tabs-jqu...')\n#2 /internal/eval.php(20): activate_plugin('post-2-tabs-jqu...')\n#3 {main}\n  thrown in /wordpress/wp-content/plugins/post-2-tabs-jquery-tabs/post2tabs.php on line 47","log":"/logs/plugins/r/review-widgets-for-foursquare/error.json"}
,
{"message":"Function _load_textdomain_just_in_time was called <strong>incorrectly</strong>. Translation loading for the <code>pronamic-pay-with-mollie-for-woocommerce</code> domain was triggered too early. This is usually an indicator for some code in the plugin or theme running too early. Translations should be loaded at the <code>init</code> action or later. Please see <a href=\"https://developer.wordpress.org/advanced-administration/debug/debug-wordpress/\">Debugging in WordPress</a> for more information. (This message was added in version 6.7.0.) in /wordpress/wp-includes/functions.php on line 6121","level":"NOTICE","type":"PHP","test":"jspi-boot","plugin":"review-widgets-for-foursquare","details":"[22-May-2025 22:36:36 UTC] PHP Notice:  Function _load_textdomain_just_in_time was called <strong>incorrectly</strong>. Translation loading for the <code>pronamic-pay-with-mollie-for-woocommerce</code> domain was triggered too early. This is usually an indicator for some code in the plugin or theme running too early. Translations should be loaded at the <code>init</code> action or later. Please see <a href=\"https://developer.wordpress.org/advanced-administration/debug/debug-wordpress/\">Debugging in WordPress</a> for more information. (This message was added in version 6.7.0.) in /wordpress/wp-includes/functions.php on line 6121","log":"/logs/plugins/r/review-widgets-for-foursquare/error.json"}
,
{"message":"Function _load_textdomain_just_in_time was called <strong>incorrectly</strong>. Translation loading for the <code>pronamic-pay-with-mollie-for-woocommerce</code> domain was triggered too early. This is usually an indicator for some code in the plugin or theme running too early. Translations should be loaded at the <code>init</code> action or later. Please see <a href=\"https://developer.wordpress.org/advanced-administration/debug/debug-wordpress/\">Debugging in WordPress</a> for more information. (This message was added in version 6.7.0.) in /wordpress/wp-includes/functions.php on line 6121","level":"NOTICE","type":"PHP","test":"jspi-boot","plugin":"review-widgets-for-foursquare","details":"[22-May-2025 22:36:52 UTC] PHP Notice:  Function _load_textdomain_just_in_time was called <strong>incorrectly</strong>. Translation loading for the <code>pronamic-pay-with-mollie-for-woocommerce</code> domain was triggered too early. This is usually an indicator for some code in the plugin or theme running too early. Translations should be loaded at the <code>init</code> action or later. Please see <a href=\"https://developer.wordpress.org/advanced-administration/debug/debug-wordpress/\">Debugging in WordPress</a> for more information. (This message was added in version 6.7.0.) in /wordpress/wp-includes/functions.php on line 6121","log":"/logs/plugins/r/review-widgets-for-foursquare/error.json"}
,
{"message":"Function _load_textdomain_just_in_time was called <strong>incorrectly</strong>. Translation loading for the <code>pronamic-pay-with-mollie-for-woocommerce</code> domain was triggered too early. This is usually an indicator for some code in the plugin or theme running too early. Translations should be loaded at the <code>init</code> action or later. Please see <a href=\"https://developer.wordpress.org/advanced-administration/debug/debug-wordpress/\">Debugging in WordPress</a> for more information. (This message was added in version 6.7.0.) in /wordpress/wp-includes/functions.php on line 6121","level":"NOTICE","type":"PHP","test":"jspi-boot","plugin":"review-widgets-for-foursquare","details":"[22-May-2025 22:37:09 UTC] PHP Notice:  Function _load_textdomain_just_in_time was called <strong>incorrectly</strong>. Translation loading for the <code>pronamic-pay-with-mollie-for-woocommerce</code> domain was triggered too early. This is usually an indicator for some code in the plugin or theme running too early. Translations should be loaded at the <code>init</code> action or later. Please see <a href=\"https://developer.wordpress.org/advanced-administration/debug/debug-wordpress/\">Debugging in WordPress</a> for more information. (This message was added in version 6.7.0.) in /wordpress/wp-includes/functions.php on line 6121","log":"/logs/plugins/r/review-widgets-for-foursquare/error.json"}
,
{"message":"Function wp_enqueue_script was called <strong>incorrectly</strong>. Scripts and styles should not be registered or enqueued until the <code>wp_enqueue_scripts</code>, <code>admin_enqueue_scripts</code>, or <code>login_enqueue_scripts</code> hooks. This notice was triggered by the <code>thickbox</code> handle. Please see <a href=\"https://developer.wordpress.org/advanced-administration/debug/debug-wordpress/\">Debugging in WordPress</a> for more information. (This message was added in version 3.3.0.) in /wordpress/wp-includes/functions.php on line 6121","level":"NOTICE","type":"PHP","test":"jspi-boot","plugin":"review-widgets-for-foursquare","details":"[22-May-2025 22:38:16 UTC] PHP Notice:  Function wp_enqueue_script was called <strong>incorrectly</strong>. Scripts and styles should not be registered or enqueued until the <code>wp_enqueue_scripts</code>, <code>admin_enqueue_scripts</code>, or <code>login_enqueue_scripts</code> hooks. This notice was triggered by the <code>thickbox</code> handle. Please see <a href=\"https://developer.wordpress.org/advanced-administration/debug/debug-wordpress/\">Debugging in WordPress</a> for more information. (This message was added in version 3.3.0.) in /wordpress/wp-includes/functions.php on line 6121","log":"/logs/plugins/r/review-widgets-for-foursquare/error.json"}
,
{"message":"Function wp_enqueue_style was called <strong>incorrectly</strong>. Scripts and styles should not be registered or enqueued until the <code>wp_enqueue_scripts</code>, <code>admin_enqueue_scripts</code>, or <code>login_enqueue_scripts</code> hooks. This notice was triggered by the <code>thickbox</code> handle. Please see <a href=\"https://developer.wordpress.org/advanced-administration/debug/debug-wordpress/\">Debugging in WordPress</a> for more information. (This message was added in version 3.3.0.) in /wordpress/wp-includes/functions.php on line 6121","level":"NOTICE","type":"PHP","test":"jspi-boot","plugin":"review-widgets-for-foursquare","details":"[22-May-2025 22:38:16 UTC] PHP Notice:  Function wp_enqueue_style was called <strong>incorrectly</strong>. Scripts and styles should not be registered or enqueued until the <code>wp_enqueue_scripts</code>, <code>admin_enqueue_scripts</code>, or <code>login_enqueue_scripts</code> hooks. This notice was triggered by the <code>thickbox</code> handle. Please see <a href=\"https://developer.wordpress.org/advanced-administration/debug/debug-wordpress/\">Debugging in WordPress</a> for more information. (This message was added in version 3.3.0.) in /wordpress/wp-includes/functions.php on line 6121","log":"/logs/plugins/r/review-widgets-for-foursquare/error.json"}
,
{"message":"Function is_feed was called <strong>incorrectly</strong>. Conditional query tags do not work before the query is run. Before then, they always return false. Please see <a href=\"https://developer.wordpress.org/advanced-administration/debug/debug-wordpress/\">Debugging in WordPress</a> for more information. (This message was added in version 3.1.0.) in /wordpress/wp-includes/functions.php on line 6121","level":"NOTICE","type":"PHP","test":"jspi-boot","plugin":"review-widgets-for-foursquare","details":"[22-May-2025 22:38:16 UTC] PHP Notice:  Function is_feed was called <strong>incorrectly</strong>. Conditional query tags do not work before the query is run. Before then, they always return false. Please see <a href=\"https://developer.wordpress.org/advanced-administration/debug/debug-wordpress/\">Debugging in WordPress</a> for more information. (This message was added in version 3.1.0.) in /wordpress/wp-includes/functions.php on line 6121","log":"/logs/plugins/r/review-widgets-for-foursquare/error.json"}
,
{"message":"Function wp_enqueue_script was called <strong>incorrectly</strong>. Scripts and styles should not be registered or enqueued until the <code>wp_enqueue_scripts</code>, <code>admin_enqueue_scripts</code>, or <code>login_enqueue_scripts</code> hooks. This notice was triggered by the <code>thickbox</code> handle. Please see <a href=\"https://developer.wordpress.org/advanced-administration/debug/debug-wordpress/\">Debugging in WordPress</a> for more information. (This message was added in version 3.3.0.) in /wordpress/wp-includes/functions.php on line 6121","level":"NOTICE","type":"PHP","test":"jspi-boot","plugin":"review-widgets-for-foursquare","details":"[22-May-2025 22:38:25 UTC] PHP Notice:  Function wp_enqueue_script was called <strong>incorrectly</strong>. Scripts and styles should not be registered or enqueued until the <code>wp_enqueue_scripts</code>, <code>admin_enqueue_scripts</code>, or <code>login_enqueue_scripts</code> hooks. This notice was triggered by the <code>thickbox</code> handle. Please see <a href=\"https://developer.wordpress.org/advanced-administration/debug/debug-wordpress/\">Debugging in WordPress</a> for more information. (This message was added in version 3.3.0.) in /wordpress/wp-includes/functions.php on line 6121","log":"/logs/plugins/r/review-widgets-for-foursquare/error.json"}
,
{"message":"Function wp_enqueue_style was called <strong>incorrectly</strong>. Scripts and styles should not be registered or enqueued until the <code>wp_enqueue_scripts</code>, <code>admin_enqueue_scripts</code>, or <code>login_enqueue_scripts</code> hooks. This notice was triggered by the <code>thickbox</code> handle. Please see <a href=\"https://developer.wordpress.org/advanced-administration/debug/debug-wordpress/\">Debugging in WordPress</a> for more information. (This message was added in version 3.3.0.) in /wordpress/wp-includes/functions.php on line 6121","level":"NOTICE","type":"PHP","test":"jspi-boot","plugin":"review-widgets-for-foursquare","details":"[22-May-2025 22:38:25 UTC] PHP Notice:  Function wp_enqueue_style was called <strong>incorrectly</strong>. Scripts and styles should not be registered or enqueued until the <code>wp_enqueue_scripts</code>, <code>admin_enqueue_scripts</code>, or <code>login_enqueue_scripts</code> hooks. This notice was triggered by the <code>thickbox</code> handle. Please see <a href=\"https://developer.wordpress.org/advanced-administration/debug/debug-wordpress/\">Debugging in WordPress</a> for more information. (This message was added in version 3.3.0.) in /wordpress/wp-includes/functions.php on line 6121","log":"/logs/plugins/r/review-widgets-for-foursquare/error.json"}
,
{"message":"Function is_feed was called <strong>incorrectly</strong>. Conditional query tags do not work before the query is run. Before then, they always return false. Please see <a href=\"https://developer.wordpress.org/advanced-administration/debug/debug-wordpress/\">Debugging in WordPress</a> for more information. (This message was added in version 3.1.0.) in /wordpress/wp-includes/functions.php on line 6121","level":"NOTICE","type":"PHP","test":"jspi-boot","plugin":"review-widgets-for-foursquare","details":"[22-May-2025 22:38:25 UTC] PHP Notice:  Function is_feed was called <strong>incorrectly</strong>. Conditional query tags do not work before the query is run. Before then, they always return false. Please see <a href=\"https://developer.wordpress.org/advanced-administration/debug/debug-wordpress/\">Debugging in WordPress</a> for more information. (This message was added in version 3.1.0.) in /wordpress/wp-includes/functions.php on line 6121","log":"/logs/plugins/r/review-widgets-for-foursquare/error.json"}
,
{"message":"Function wp_enqueue_script was called <strong>incorrectly</strong>. Scripts and styles should not be registered or enqueued until the <code>wp_enqueue_scripts</code>, <code>admin_enqueue_scripts</code>, or <code>login_enqueue_scripts</code> hooks. This notice was triggered by the <code>thickbox</code> handle. Please see <a href=\"https://developer.wordpress.org/advanced-administration/debug/debug-wordpress/\">Debugging in WordPress</a> for more information. (This message was added in version 3.3.0.) in /wordpress/wp-includes/functions.php on line 6121","level":"NOTICE","type":"PHP","test":"jspi-boot","plugin":"review-widgets-for-foursquare","details":"[22-May-2025 22:38:34 UTC] PHP Notice:  Function wp_enqueue_script was called <strong>incorrectly</strong>. Scripts and styles should not be registered or enqueued until the <code>wp_enqueue_scripts</code>, <code>admin_enqueue_scripts</code>, or <code>login_enqueue_scripts</code> hooks. This notice was triggered by the <code>thickbox</code> handle. Please see <a href=\"https://developer.wordpress.org/advanced-administration/debug/debug-wordpress/\">Debugging in WordPress</a> for more information. (This message was added in version 3.3.0.) in /wordpress/wp-includes/functions.php on line 6121","log":"/logs/plugins/r/review-widgets-for-foursquare/error.json"}
,
{"message":"Function wp_enqueue_style was called <strong>incorrectly</strong>. Scripts and styles should not be registered or enqueued until the <code>wp_enqueue_scripts</code>, <code>admin_enqueue_scripts</code>, or <code>login_enqueue_scripts</code> hooks. This notice was triggered by the <code>thickbox</code> handle. Please see <a href=\"https://developer.wordpress.org/advanced-administration/debug/debug-wordpress/\">Debugging in WordPress</a> for more information. (This message was added in version 3.3.0.) in /wordpress/wp-includes/functions.php on line 6121","level":"NOTICE","type":"PHP","test":"jspi-boot","plugin":"review-widgets-for-foursquare","details":"[22-May-2025 22:38:34 UTC] PHP Notice:  Function wp_enqueue_style was called <strong>incorrectly</strong>. Scripts and styles should not be registered or enqueued until the <code>wp_enqueue_scripts</code>, <code>admin_enqueue_scripts</code>, or <code>login_enqueue_scripts</code> hooks. This notice was triggered by the <code>thickbox</code> handle. Please see <a href=\"https://developer.wordpress.org/advanced-administration/debug/debug-wordpress/\">Debugging in WordPress</a> for more information. (This message was added in version 3.3.0.) in /wordpress/wp-includes/functions.php on line 6121","log":"/logs/plugins/r/review-widgets-for-foursquare/error.json"}
,
{"message":"Function is_feed was called <strong>incorrectly</strong>. Conditional query tags do not work before the query is run. Before then, they always return false. Please see <a href=\"https://developer.wordpress.org/advanced-administration/debug/debug-wordpress/\">Debugging in WordPress</a> for more information. (This message was added in version 3.1.0.) in /wordpress/wp-includes/functions.php on line 6121","level":"NOTICE","type":"PHP","test":"jspi-boot","plugin":"review-widgets-for-foursquare","details":"[22-May-2025 22:38:34 UTC] PHP Notice:  Function is_feed was called <strong>incorrectly</strong>. Conditional query tags do not work before the query is run. Before then, they always return false. Please see <a href=\"https://developer.wordpress.org/advanced-administration/debug/debug-wordpress/\">Debugging in WordPress</a> for more information. (This message was added in version 3.1.0.) in /wordpress/wp-includes/functions.php on line 6121","log":"/logs/plugins/r/review-widgets-for-foursquare/error.json"}
,
{"message":"WP_SQLite_Information_Schema_Exception::__construct(): Implicitly marking parameter $previous as nullable is deprecated, the explicit nullable type must be used instead in /internal/shared/sqlite-database-integration/wp-includes/sqlite-ast/class-wp-sqlite-information-schema-exception.php on line 37","level":"DEPRECATED","type":"PHP","test":"jspi-boot","plugin":"review-widgets-for-foursquare","details":"[22-May-2025 22:39:08 UTC] PHP Deprecated:  WP_SQLite_Information_Schema_Exception::__construct(): Implicitly marking parameter $previous as nullable is deprecated, the explicit nullable type must be used instead in /internal/shared/sqlite-database-integration/wp-includes/sqlite-ast/class-wp-sqlite-information-schema-exception.php on line 37","log":"/logs/plugins/r/review-widgets-for-foursquare/error.json"}
,
{"message":"WP_SQLite_Information_Schema_Exception::__construct(): Implicitly marking parameter $previous as nullable is deprecated, the explicit nullable type must be used instead in /internal/shared/sqlite-database-integration/wp-includes/sqlite-ast/class-wp-sqlite-information-schema-exception.php on line 37","level":"DEPRECATED","type":"PHP","test":"jspi-boot","plugin":"review-widgets-for-foursquare","details":"[22-May-2025 22:39:10 UTC] PHP Deprecated:  WP_SQLite_Information_Schema_Exception::__construct(): Implicitly marking parameter $previous as nullable is deprecated, the explicit nullable type must be used instead in /internal/shared/sqlite-database-integration/wp-includes/sqlite-ast/class-wp-sqlite-information-schema-exception.php on line 37","log":"/logs/plugins/r/review-widgets-for-foursquare/error.json"}
,
{"message":"WP_SQLite_Information_Schema_Exception::__construct(): Implicitly marking parameter $previous as nullable is deprecated, the explicit nullable type must be used instead in /internal/shared/sqlite-database-integration/wp-includes/sqlite-ast/class-wp-sqlite-information-schema-exception.php on line 37","level":"DEPRECATED","type":"PHP","test":"jspi-boot","plugin":"review-widgets-for-foursquare","details":"[22-May-2025 22:39:11 UTC] PHP Deprecated:  WP_SQLite_Information_Schema_Exception::__construct(): Implicitly marking parameter $previous as nullable is deprecated, the explicit nullable type must be used instead in /internal/shared/sqlite-database-integration/wp-includes/sqlite-ast/class-wp-sqlite-information-schema-exception.php on line 37","log":"/logs/plugins/r/review-widgets-for-foursquare/error.json"}
,
{"message":"SQLSTATE[HY000]: General error: 1 duplicate column name: highlight.","level":"FATAL","type":"SQL","test":"jspi-boot","plugin":"review-widgets-for-foursquare","details":"[22-May-2025 22:39:17 UTC] WordPress database error <div style=\"clear:both\">&nbsp;</div>\n<div class=\"queries\" style=\"clear:both;margin-bottom:2px;border:red dotted thin;\">\n<p>MySQL query:</p>\n<p>ALTER TABLE `wp_trustindex_foursquare_reviews` ADD highlight VARCHAR(11) NULL AFTER rating</p>\n<p>Queries made or created this session were:</p>\n<ol>\n<li>Executing: BEGIN | (no parameters)</li>\n<li>Executing: INSERT INTO _mysql_data_types_cache (`table`, `column_or_index`, `mysql_type`)\n\t\t\t\tVALUES (:table, :column, :datatype)\n\t\t\t\tON CONFLICT(`table`, `column_or_index`) DO UPDATE SET `mysql_type` = :datatype\n\t\t\t | parameters: wp_trustindex_foursquare_reviews, HIGHLIGHT, varchar(11)</li>\n<li>Executing: ALTER TABLE wp_trustindex_foursquare_reviews ADD highlight text NULL   | (no parameters)</li>\n<li>Executing: ROLLBACK | (no parameters)</li>\n</ol>\n</div>\n<div style=\"clear:both;margin-bottom:2px;border:red dotted thin;\" class=\"error_message\" style=\"border-bottom:dotted blue thin;\">\nError occurred at line 4117 in Function <code>handle_error</code>. Error message was: SQLSTATE[HY000]: General error: 1 duplicate column name: highlight.\n</div>\n<p>Backtrace:</p>\n<pre>#0 /internal/shared/sqlite-database-integration/wp-includes/sqlite/class-wp-sqlite-db.php(287): WP_SQLite_Translator->get_error_message()\n#1 /wordpress/wp-content/plugins/review-widgets-for-foursquare/include/update.php(10): WP_SQLite_DB->query('ALTER TABLE `wp...')\n#2 /wordpress/wp-content/plugins/review-widgets-for-foursquare/trustindex-plugin.class.php(224): include('/wordpress/wp-c...')\n#3 /wordpress/wp-includes/class-wp-hook.php(324): TrustindexPlugin_foursquare->load('')\n#4 /wordpress/wp-includes/class-wp-hook.php(348): WP_Hook->apply_filters(NULL, Array)\n#5 /wordpress/wp-includes/plugin.php(517): WP_Hook->do_action(Array)\n#6 /wordpress/wp-settings.php(578): do_action('plugins_loaded')\n#7 /wordpress/wp-config.php(102): require_once('/wordpress/wp-s...')\n#8 /wordpress/wp-load.php(50): require_once('/wordpress/wp-c...')\n#9 /internal/eval.php(3): require_once('/wordpress/wp-l...')\n#10 {main}</pre>\n for query ALTER TABLE `wp_trustindex_foursquare_reviews` ADD highlight VARCHAR(11) NULL AFTER rating made by require_once('wp-load.php'), require_once('wp-config.php'), require_once('wp-settings.php'), do_action('plugins_loaded'), WP_Hook->do_action, WP_Hook->apply_filters, TrustindexPlugin_foursquare->load, include('/plugins/review-widgets-for-foursquare/include/update.php'), WP_SQLite_DB->query, WP_SQLite_DB->print_error","log":"/logs/plugins/r/review-widgets-for-foursquare/error.json"}
,
{"message":"SQLSTATE[HY000]: General error: 1 near \"SET\": syntax error.","level":"FATAL","type":"SQL","test":"jspi-boot","plugin":"review-widgets-for-foursquare","details":"[22-May-2025 22:39:17 UTC] WordPress database error <div style=\"clear:both\">&nbsp;</div>\n<div class=\"queries\" style=\"clear:both;margin-bottom:2px;border:red dotted thin;\">\n<p>MySQL query:</p>\n<p>ALTER TABLE `wp_trustindex_foursquare_reviews` ADD reply TEXT CHARACTER SET utf8mb4 COLLATE utf8mb4_general_ci NULL AFTER date</p>\n<p>Queries made or created this session were:</p>\n<ol>\n<li>Executing: BEGIN | (no parameters)</li>\n<li>Executing: INSERT INTO _mysql_data_types_cache (`table`, `column_or_index`, `mysql_type`)\n\t\t\t\tVALUES (:table, :column, :datatype)\n\t\t\t\tON CONFLICT(`table`, `column_or_index`) DO UPDATE SET `mysql_type` = :datatype\n\t\t\t | parameters: wp_trustindex_foursquare_reviews, REPLY, text</li>\n<li>Executing: ALTER TABLE wp_trustindex_foursquare_reviews ADD reply text CHARACTER SET utf8mb4 COLLATE utf8mb4_general_ci NULL   | (no parameters)</li>\n<li>Executing: ROLLBACK | (no parameters)</li>\n</ol>\n</div>\n<div style=\"clear:both;margin-bottom:2px;border:red dotted thin;\" class=\"error_message\" style=\"border-bottom:dotted blue thin;\">\nError occurred at line 4117 in Function <code>handle_error</code>. Error message was: SQLSTATE[HY000]: General error: 1 near \"SET\": syntax error.\n</div>\n<p>Backtrace:</p>\n<pre>#0 /internal/shared/sqlite-database-integration/wp-includes/sqlite/class-wp-sqlite-db.php(287): WP_SQLite_Translator->get_error_message()\n#1 /wordpress/wp-content/plugins/review-widgets-for-foursquare/include/update.php(14): WP_SQLite_DB->query('ALTER TABLE `wp...')\n#2 /wordpress/wp-content/plugins/review-widgets-for-foursquare/trustindex-plugin.class.php(224): include('/wordpress/wp-c...')\n#3 /wordpress/wp-includes/class-wp-hook.php(324): TrustindexPlugin_foursquare->load('')\n#4 /wordpress/wp-includes/class-wp-hook.php(348): WP_Hook->apply_filters(NULL, Array)\n#5 /wordpress/wp-includes/plugin.php(517): WP_Hook->do_action(Array)\n#6 /wordpress/wp-settings.php(578): do_action('plugins_loaded')\n#7 /wordpress/wp-config.php(102): require_once('/wordpress/wp-s...')\n#8 /wordpress/wp-load.php(50): require_once('/wordpress/wp-c...')\n#9 /internal/eval.php(3): require_once('/wordpress/wp-l...')\n#10 {main}</pre>\n for query ALTER TABLE `wp_trustindex_foursquare_reviews` ADD reply TEXT CHARACTER SET utf8mb4 COLLATE utf8mb4_general_ci NULL AFTER date made by require_once('wp-load.php'), require_once('wp-config.php'), require_once('wp-settings.php'), do_action('plugins_loaded'), WP_Hook->do_action, WP_Hook->apply_filters, TrustindexPlugin_foursquare->load, include('/plugins/review-widgets-for-foursquare/include/update.php'), WP_SQLite_DB->query, WP_SQLite_DB->print_error","log":"/logs/plugins/r/review-widgets-for-foursquare/error.json"}
,
{"message":"SQLSTATE[HY000]: General error: 1 duplicate column name: reviewId.","level":"FATAL","type":"SQL","test":"jspi-boot","plugin":"review-widgets-for-foursquare","details":"[22-May-2025 22:39:17 UTC] WordPress database error <div style=\"clear:both\">&nbsp;</div>\n<div class=\"queries\" style=\"clear:both;margin-bottom:2px;border:red dotted thin;\">\n<p>MySQL query:</p>\n<p>ALTER TABLE `wp_trustindex_foursquare_reviews` ADD reviewId TEXT NULL AFTER date</p>\n<p>Queries made or created this session were:</p>\n<ol>\n<li>Executing: BEGIN | (no parameters)</li>\n<li>Executing: INSERT INTO _mysql_data_types_cache (`table`, `column_or_index`, `mysql_type`)\n\t\t\t\tVALUES (:table, :column, :datatype)\n\t\t\t\tON CONFLICT(`table`, `column_or_index`) DO UPDATE SET `mysql_type` = :datatype\n\t\t\t | parameters: wp_trustindex_foursquare_reviews, REVIEWID, text</li>\n<li>Executing: ALTER TABLE wp_trustindex_foursquare_reviews ADD reviewId text NULL   | (no parameters)</li>\n<li>Executing: ROLLBACK | (no parameters)</li>\n</ol>\n</div>\n<div style=\"clear:both;margin-bottom:2px;border:red dotted thin;\" class=\"error_message\" style=\"border-bottom:dotted blue thin;\">\nError occurred at line 4117 in Function <code>handle_error</code>. Error message was: SQLSTATE[HY000]: General error: 1 duplicate column name: reviewId.\n</div>\n<p>Backtrace:</p>\n<pre>#0 /internal/shared/sqlite-database-integration/wp-includes/sqlite/class-wp-sqlite-db.php(287): WP_SQLite_Translator->get_error_message()\n#1 /wordpress/wp-content/plugins/review-widgets-for-foursquare/include/update.php(20): WP_SQLite_DB->query('ALTER TABLE `wp...')\n#2 /wordpress/wp-content/plugins/review-widgets-for-foursquare/trustindex-plugin.class.php(224): include('/wordpress/wp-c...')\n#3 /wordpress/wp-includes/class-wp-hook.php(324): TrustindexPlugin_foursquare->load('')\n#4 /wordpress/wp-includes/class-wp-hook.php(348): WP_Hook->apply_filters(NULL, Array)\n#5 /wordpress/wp-includes/plugin.php(517): WP_Hook->do_action(Array)\n#6 /wordpress/wp-settings.php(578): do_action('plugins_loaded')\n#7 /wordpress/wp-config.php(102): require_once('/wordpress/wp-s...')\n#8 /wordpress/wp-load.php(50): require_once('/wordpress/wp-c...')\n#9 /internal/eval.php(3): require_once('/wordpress/wp-l...')\n#10 {main}</pre>\n for query ALTER TABLE `wp_trustindex_foursquare_reviews` ADD reviewId TEXT NULL AFTER date made by require_once('wp-load.php'), require_once('wp-config.php'), require_once('wp-settings.php'), do_action('plugins_loaded'), WP_Hook->do_action, WP_Hook->apply_filters, TrustindexPlugin_foursquare->load, include('/plugins/review-widgets-for-foursquare/include/update.php'), WP_SQLite_DB->query, WP_SQLite_DB->print_error","log":"/logs/plugins/r/review-widgets-for-foursquare/error.json"}
,
{"message":"SQLSTATE[HY000]: General error: 1 duplicate column name: hidden.","level":"FATAL","type":"SQL","test":"jspi-boot","plugin":"review-widgets-for-foursquare","details":"[22-May-2025 22:39:17 UTC] WordPress database error <div style=\"clear:both\">&nbsp;</div>\n<div class=\"queries\" style=\"clear:both;margin-bottom:2px;border:red dotted thin;\">\n<p>MySQL query:</p>\n<p>ALTER TABLE `wp_trustindex_foursquare_reviews` ADD hidden TINYINT(1) NOT NULL DEFAULT 0 AFTER id</p>\n<p>Queries made or created this session were:</p>\n<ol>\n<li>Executing: BEGIN | (no parameters)</li>\n<li>Executing: INSERT INTO _mysql_data_types_cache (`table`, `column_or_index`, `mysql_type`)\n\t\t\t\tVALUES (:table, :column, :datatype)\n\t\t\t\tON CONFLICT(`table`, `column_or_index`) DO UPDATE SET `mysql_type` = :datatype\n\t\t\t | parameters: wp_trustindex_foursquare_reviews, HIDDEN, tinyint(1)</li>\n<li>Executing: ALTER TABLE wp_trustindex_foursquare_reviews ADD hidden integer NOT NULL DEFAULT 0   | (no parameters)</li>\n<li>Executing: ROLLBACK | (no parameters)</li>\n</ol>\n</div>\n<div style=\"clear:both;margin-bottom:2px;border:red dotted thin;\" class=\"error_message\" style=\"border-bottom:dotted blue thin;\">\nError occurred at line 4117 in Function <code>handle_error</code>. Error message was: SQLSTATE[HY000]: General error: 1 duplicate column name: hidden.\n</div>\n<p>Backtrace:</p>\n<pre>#0 /internal/shared/sqlite-database-integration/wp-includes/sqlite/class-wp-sqlite-db.php(287): WP_SQLite_Translator->get_error_message()\n#1 /wordpress/wp-content/plugins/review-widgets-for-foursquare/include/update.php(24): WP_SQLite_DB->query('ALTER TABLE `wp...')\n#2 /wordpress/wp-content/plugins/review-widgets-for-foursquare/trustindex-plugin.class.php(224): include('/wordpress/wp-c...')\n#3 /wordpress/wp-includes/class-wp-hook.php(324): TrustindexPlugin_foursquare->load('')\n#4 /wordpress/wp-includes/class-wp-hook.php(348): WP_Hook->apply_filters(NULL, Array)\n#5 /wordpress/wp-includes/plugin.php(517): WP_Hook->do_action(Array)\n#6 /wordpress/wp-settings.php(578): do_action('plugins_loaded')\n#7 /wordpress/wp-config.php(102): require_once('/wordpress/wp-s...')\n#8 /wordpress/wp-load.php(50): require_once('/wordpress/wp-c...')\n#9 /internal/eval.php(3): require_once('/wordpress/wp-l...')\n#10 {main}</pre>\n for query ALTER TABLE `wp_trustindex_foursquare_reviews` ADD hidden TINYINT(1) NOT NULL DEFAULT 0 AFTER id made by require_once('wp-load.php'), require_once('wp-config.php'), require_once('wp-settings.php'), do_action('plugins_loaded'), WP_Hook->do_action, WP_Hook->apply_filters, TrustindexPlugin_foursquare->load, include('/plugins/review-widgets-for-foursquare/include/update.php'), WP_SQLite_DB->query, WP_SQLite_DB->print_error","log":"/logs/plugins/r/review-widgets-for-foursquare/error.json"}
,
{"message":"SQLSTATE[HY000]: General error: 1 duplicate column name: highlight.","level":"FATAL","type":"SQL","test":"jspi-boot","plugin":"review-widgets-for-foursquare","details":"[22-May-2025 22:39:20 UTC] WordPress database error <div style=\"clear:both\">&nbsp;</div>\n<div class=\"queries\" style=\"clear:both;margin-bottom:2px;border:red dotted thin;\">\n<p>MySQL query:</p>\n<p>ALTER TABLE `wp_trustindex_foursquare_reviews` ADD highlight VARCHAR(11) NULL AFTER rating</p>\n<p>Queries made or created this session were:</p>\n<ol>\n<li>Executing: BEGIN | (no parameters)</li>\n<li>Executing: INSERT INTO _mysql_data_types_cache (`table`, `column_or_index`, `mysql_type`)\n\t\t\t\tVALUES (:table, :column, :datatype)\n\t\t\t\tON CONFLICT(`table`, `column_or_index`) DO UPDATE SET `mysql_type` = :datatype\n\t\t\t | parameters: wp_trustindex_foursquare_reviews, HIGHLIGHT, varchar(11)</li>\n<li>Executing: ALTER TABLE wp_trustindex_foursquare_reviews ADD highlight text NULL   | (no parameters)</li>\n<li>Executing: ROLLBACK | (no parameters)</li>\n</ol>\n</div>\n<div style=\"clear:both;margin-bottom:2px;border:red dotted thin;\" class=\"error_message\" style=\"border-bottom:dotted blue thin;\">\nError occurred at line 4117 in Function <code>handle_error</code>. Error message was: SQLSTATE[HY000]: General error: 1 duplicate column name: highlight.\n</div>\n<p>Backtrace:</p>\n<pre>#0 /internal/shared/sqlite-database-integration/wp-includes/sqlite/class-wp-sqlite-db.php(287): WP_SQLite_Translator->get_error_message()\n#1 /wordpress/wp-content/plugins/review-widgets-for-foursquare/include/update.php(10): WP_SQLite_DB->query('ALTER TABLE `wp...')\n#2 /wordpress/wp-content/plugins/review-widgets-for-foursquare/trustindex-plugin.class.php(224): include('/wordpress/wp-c...')\n#3 /wordpress/wp-includes/class-wp-hook.php(324): TrustindexPlugin_foursquare->load('')\n#4 /wordpress/wp-includes/class-wp-hook.php(348): WP_Hook->apply_filters(NULL, Array)\n#5 /wordpress/wp-includes/plugin.php(517): WP_Hook->do_action(Array)\n#6 /wordpress/wp-settings.php(578): do_action('plugins_loaded')\n#7 /wordpress/wp-config.php(102): require_once('/wordpress/wp-s...')\n#8 /wordpress/wp-load.php(50): require_once('/wordpress/wp-c...')\n#9 /internal/eval.php(3): require_once('/wordpress/wp-l...')\n#10 {main}</pre>\n for query ALTER TABLE `wp_trustindex_foursquare_reviews` ADD highlight VARCHAR(11) NULL AFTER rating made by require_once('wp-load.php'), require_once('wp-config.php'), require_once('wp-settings.php'), do_action('plugins_loaded'), WP_Hook->do_action, WP_Hook->apply_filters, TrustindexPlugin_foursquare->load, include('/plugins/review-widgets-for-foursquare/include/update.php'), WP_SQLite_DB->query, WP_SQLite_DB->print_error","log":"/logs/plugins/r/review-widgets-for-foursquare/error.json"}
,
{"message":"SQLSTATE[HY000]: General error: 1 near \"SET\": syntax error.","level":"FATAL","type":"SQL","test":"jspi-boot","plugin":"review-widgets-for-foursquare","details":"[22-May-2025 22:39:20 UTC] WordPress database error <div style=\"clear:both\">&nbsp;</div>\n<div class=\"queries\" style=\"clear:both;margin-bottom:2px;border:red dotted thin;\">\n<p>MySQL query:</p>\n<p>ALTER TABLE `wp_trustindex_foursquare_reviews` ADD reply TEXT CHARACTER SET utf8mb4 COLLATE utf8mb4_general_ci NULL AFTER date</p>\n<p>Queries made or created this session were:</p>\n<ol>\n<li>Executing: BEGIN | (no parameters)</li>\n<li>Executing: INSERT INTO _mysql_data_types_cache (`table`, `column_or_index`, `mysql_type`)\n\t\t\t\tVALUES (:table, :column, :datatype)\n\t\t\t\tON CONFLICT(`table`, `column_or_index`) DO UPDATE SET `mysql_type` = :datatype\n\t\t\t | parameters: wp_trustindex_foursquare_reviews, REPLY, text</li>\n<li>Executing: ALTER TABLE wp_trustindex_foursquare_reviews ADD reply text CHARACTER SET utf8mb4 COLLATE utf8mb4_general_ci NULL   | (no parameters)</li>\n<li>Executing: ROLLBACK | (no parameters)</li>\n</ol>\n</div>\n<div style=\"clear:both;margin-bottom:2px;border:red dotted thin;\" class=\"error_message\" style=\"border-bottom:dotted blue thin;\">\nError occurred at line 4117 in Function <code>handle_error</code>. Error message was: SQLSTATE[HY000]: General error: 1 near \"SET\": syntax error.\n</div>\n<p>Backtrace:</p>\n<pre>#0 /internal/shared/sqlite-database-integration/wp-includes/sqlite/class-wp-sqlite-db.php(287): WP_SQLite_Translator->get_error_message()\n#1 /wordpress/wp-content/plugins/review-widgets-for-foursquare/include/update.php(14): WP_SQLite_DB->query('ALTER TABLE `wp...')\n#2 /wordpress/wp-content/plugins/review-widgets-for-foursquare/trustindex-plugin.class.php(224): include('/wordpress/wp-c...')\n#3 /wordpress/wp-includes/class-wp-hook.php(324): TrustindexPlugin_foursquare->load('')\n#4 /wordpress/wp-includes/class-wp-hook.php(348): WP_Hook->apply_filters(NULL, Array)\n#5 /wordpress/wp-includes/plugin.php(517): WP_Hook->do_action(Array)\n#6 /wordpress/wp-settings.php(578): do_action('plugins_loaded')\n#7 /wordpress/wp-config.php(102): require_once('/wordpress/wp-s...')\n#8 /wordpress/wp-load.php(50): require_once('/wordpress/wp-c...')\n#9 /internal/eval.php(3): require_once('/wordpress/wp-l...')\n#10 {main}</pre>\n for query ALTER TABLE `wp_trustindex_foursquare_reviews` ADD reply TEXT CHARACTER SET utf8mb4 COLLATE utf8mb4_general_ci NULL AFTER date made by require_once('wp-load.php'), require_once('wp-config.php'), require_once('wp-settings.php'), do_action('plugins_loaded'), WP_Hook->do_action, WP_Hook->apply_filters, TrustindexPlugin_foursquare->load, include('/plugins/review-widgets-for-foursquare/include/update.php'), WP_SQLite_DB->query, WP_SQLite_DB->print_error","log":"/logs/plugins/r/review-widgets-for-foursquare/error.json"}
,
{"message":"SQLSTATE[HY000]: General error: 1 duplicate column name: reviewId.","level":"FATAL","type":"SQL","test":"jspi-boot","plugin":"review-widgets-for-foursquare","details":"[22-May-2025 22:39:20 UTC] WordPress database error <div style=\"clear:both\">&nbsp;</div>\n<div class=\"queries\" style=\"clear:both;margin-bottom:2px;border:red dotted thin;\">\n<p>MySQL query:</p>\n<p>ALTER TABLE `wp_trustindex_foursquare_reviews` ADD reviewId TEXT NULL AFTER date</p>\n<p>Queries made or created this session were:</p>\n<ol>\n<li>Executing: BEGIN | (no parameters)</li>\n<li>Executing: INSERT INTO _mysql_data_types_cache (`table`, `column_or_index`, `mysql_type`)\n\t\t\t\tVALUES (:table, :column, :datatype)\n\t\t\t\tON CONFLICT(`table`, `column_or_index`) DO UPDATE SET `mysql_type` = :datatype\n\t\t\t | parameters: wp_trustindex_foursquare_reviews, REVIEWID, text</li>\n<li>Executing: ALTER TABLE wp_trustindex_foursquare_reviews ADD reviewId text NULL   | (no parameters)</li>\n<li>Executing: ROLLBACK | (no parameters)</li>\n</ol>\n</div>\n<div style=\"clear:both;margin-bottom:2px;border:red dotted thin;\" class=\"error_message\" style=\"border-bottom:dotted blue thin;\">\nError occurred at line 4117 in Function <code>handle_error</code>. Error message was: SQLSTATE[HY000]: General error: 1 duplicate column name: reviewId.\n</div>\n<p>Backtrace:</p>\n<pre>#0 /internal/shared/sqlite-database-integration/wp-includes/sqlite/class-wp-sqlite-db.php(287): WP_SQLite_Translator->get_error_message()\n#1 /wordpress/wp-content/plugins/review-widgets-for-foursquare/include/update.php(20): WP_SQLite_DB->query('ALTER TABLE `wp...')\n#2 /wordpress/wp-content/plugins/review-widgets-for-foursquare/trustindex-plugin.class.php(224): include('/wordpress/wp-c...')\n#3 /wordpress/wp-includes/class-wp-hook.php(324): TrustindexPlugin_foursquare->load('')\n#4 /wordpress/wp-includes/class-wp-hook.php(348): WP_Hook->apply_filters(NULL, Array)\n#5 /wordpress/wp-includes/plugin.php(517): WP_Hook->do_action(Array)\n#6 /wordpress/wp-settings.php(578): do_action('plugins_loaded')\n#7 /wordpress/wp-config.php(102): require_once('/wordpress/wp-s...')\n#8 /wordpress/wp-load.php(50): require_once('/wordpress/wp-c...')\n#9 /internal/eval.php(3): require_once('/wordpress/wp-l...')\n#10 {main}</pre>\n for query ALTER TABLE `wp_trustindex_foursquare_reviews` ADD reviewId TEXT NULL AFTER date made by require_once('wp-load.php'), require_once('wp-config.php'), require_once('wp-settings.php'), do_action('plugins_loaded'), WP_Hook->do_action, WP_Hook->apply_filters, TrustindexPlugin_foursquare->load, include('/plugins/review-widgets-for-foursquare/include/update.php'), WP_SQLite_DB->query, WP_SQLite_DB->print_error","log":"/logs/plugins/r/review-widgets-for-foursquare/error.json"}
,
{"message":"SQLSTATE[HY000]: General error: 1 duplicate column name: hidden.","level":"FATAL","type":"SQL","test":"jspi-boot","plugin":"review-widgets-for-foursquare","details":"[22-May-2025 22:39:20 UTC] WordPress database error <div style=\"clear:both\">&nbsp;</div>\n<div class=\"queries\" style=\"clear:both;margin-bottom:2px;border:red dotted thin;\">\n<p>MySQL query:</p>\n<p>ALTER TABLE `wp_trustindex_foursquare_reviews` ADD hidden TINYINT(1) NOT NULL DEFAULT 0 AFTER id</p>\n<p>Queries made or created this session were:</p>\n<ol>\n<li>Executing: BEGIN | (no parameters)</li>\n<li>Executing: INSERT INTO _mysql_data_types_cache (`table`, `column_or_index`, `mysql_type`)\n\t\t\t\tVALUES (:table, :column, :datatype)\n\t\t\t\tON CONFLICT(`table`, `column_or_index`) DO UPDATE SET `mysql_type` = :datatype\n\t\t\t | parameters: wp_trustindex_foursquare_reviews, HIDDEN, tinyint(1)</li>\n<li>Executing: ALTER TABLE wp_trustindex_foursquare_reviews ADD hidden integer NOT NULL DEFAULT 0   | (no parameters)</li>\n<li>Executing: ROLLBACK | (no parameters)</li>\n</ol>\n</div>\n<div style=\"clear:both;margin-bottom:2px;border:red dotted thin;\" class=\"error_message\" style=\"border-bottom:dotted blue thin;\">\nError occurred at line 4117 in Function <code>handle_error</code>. Error message was: SQLSTATE[HY000]: General error: 1 duplicate column name: hidden.\n</div>\n<p>Backtrace:</p>\n<pre>#0 /internal/shared/sqlite-database-integration/wp-includes/sqlite/class-wp-sqlite-db.php(287): WP_SQLite_Translator->get_error_message()\n#1 /wordpress/wp-content/plugins/review-widgets-for-foursquare/include/update.php(24): WP_SQLite_DB->query('ALTER TABLE `wp...')\n#2 /wordpress/wp-content/plugins/review-widgets-for-foursquare/trustindex-plugin.class.php(224): include('/wordpress/wp-c...')\n#3 /wordpress/wp-includes/class-wp-hook.php(324): TrustindexPlugin_foursquare->load('')\n#4 /wordpress/wp-includes/class-wp-hook.php(348): WP_Hook->apply_filters(NULL, Array)\n#5 /wordpress/wp-includes/plugin.php(517): WP_Hook->do_action(Array)\n#6 /wordpress/wp-settings.php(578): do_action('plugins_loaded')\n#7 /wordpress/wp-config.php(102): require_once('/wordpress/wp-s...')\n#8 /wordpress/wp-load.php(50): require_once('/wordpress/wp-c...')\n#9 /internal/eval.php(3): require_once('/wordpress/wp-l...')\n#10 {main}</pre>\n for query ALTER TABLE `wp_trustindex_foursquare_reviews` ADD hidden TINYINT(1) NOT NULL DEFAULT 0 AFTER id made by require_once('wp-load.php'), require_once('wp-config.php'), require_once('wp-settings.php'), do_action('plugins_loaded'), WP_Hook->do_action, WP_Hook->apply_filters, TrustindexPlugin_foursquare->load, include('/plugins/review-widgets-for-foursquare/include/update.php'), WP_SQLite_DB->query, WP_SQLite_DB->print_error\n\n    at Object.onBind (file:///home/runner/work/playground-tester/playground-tester/node_modules/@wp-playground/cli/index.js:237:15)\n    at process.processTicksAndRejections (node:internal/process/task_queues:105:5)\n    at async V (file:///home/runner/work/playground-tester/playground-tester/node_modules/@wp-playground/cli/index.js:64:10)\n    at async ja (file:///home/runner/work/playground-tester/playground-tester/node_modules/@wp-playground/cli/cli.js:8161:12) {\n  [cause]: Error: Error when executing the blueprint step #3 ({\"step\":\"installPlugin\",\"pluginZipFile\":{\"resource\":\"wordpress.org/plugins\",\"slug\":\"review-widgets-for-foursquare\"},\"options\":{\"activate\":true},\"pluginData\":{\"resource\":\"wordpress.org/plugins\",\"slug\":\"review-widgets-for-foursquare\"}}) : Plugin /wordpress/wp-content/plugins/review-widgets-for-foursquare could not be activated  WordPress exited with no error. Sometimes, when $_SERVER or site options are not configured correctly, WordPress exits early with a 301 redirect. Inspect the \"debug\" logs in the console for more details.\n      at Object.run (file:///home/runner/work/playground-tester/playground-tester/node_modules/@wp-playground/blueprints/index.js:12449:19)\n      at process.processTicksAndRejections (node:internal/process/task_queues:105:5)\n      at async ms (file:///home/runner/work/playground-tester/playground-tester/node_modules/@wp-playground/blueprints/index.js:12552:3)\n      ... 2 lines matching cause stack trace ...\n      at async ja (file:///home/runner/work/playground-tester/playground-tester/node_modules/@wp-playground/cli/cli.js:8161:12) {\n    [cause]: Error: Plugin /wordpress/wp-content/plugins/review-widgets-for-foursquare could not be activated  WordPress exited with no error. Sometimes, when $_SERVER or site options are not configured correctly, WordPress exits early with a 301 redirect. Inspect the \"debug\" logs in the console for more details.\n        at wr (file:///home/runner/work/playground-tester/playground-tester/node_modules/@wp-playground/blueprints/index.js:119:51)\n        at process.processTicksAndRejections (node:internal/process/task_queues:105:5)\n        at async Object.gt [as installPlugin] (file:///home/runner/work/playground-tester/playground-tester/node_modules/@wp-playground/blueprints/index.js:974:42)\n        at async g (file:///home/runner/work/playground-tester/playground-tester/node_modules/@wp-playground/blueprints/index.js:12517:30)\n        at async Object.run (file:///home/runner/work/playground-tester/playground-tester/node_modules/@wp-playground/blueprints/index.js:12446:23)\n        at async ms (file:///home/runner/work/playground-tester/playground-tester/node_modules/@wp-playground/blueprints/index.js:12552:3)\n        at async Object.onBind (file:///home/runner/work/playground-tester/playground-tester/node_modules/@wp-playground/cli/index.js:227:48)\n        at async V (file:///home/runner/work/playground-tester/playground-tester/node_modules/@wp-playground/cli/index.js:64:10)\n        at async ja (file:///home/runner/work/playground-tester/playground-tester/node_modules/@wp-playground/cli/cli.js:8161:12)\n  }\n}\n\n","log":"/logs/plugins/r/review-widgets-for-foursquare/error.json"}
]
