[
{"message":"file:///home/runner/work/playground-tester/playground-tester/node_modules/@wp-playground/cli/index.js:237\n        throw new Error(y, { cause: u });\n              ^\n","level":"FATAL","type":"PLAYGROUND","test":"ast-sqlite-boot","plugin":"wp-spamfree-anti-spam","details":"file:///home/runner/work/playground-tester/playground-tester/node_modules/@wp-playground/cli/index.js:237\n        throw new Error(y, { cause: u });\n              ^\n","log":"/tmp/tmp.L8sObcRM0j"}
,
{"message":"Uncaught ArgumentCountError: Too few arguments to function WP_Widget::__construct(), 0 passed in /wordpress/wp-includes/class-wp-widget-factory.php on line 62 and at least 2 expected in /wordpress/wp-includes/class-wp-widget.php:163","level":"FATAL","type":"PHP","test":"ast-sqlite-boot","plugin":"wp-spamfree-anti-spam","details":"[23-May-2025 10:53:37 UTC] PHP Fatal error:  Uncaught ArgumentCountError: Too few arguments to function WP_Widget::__construct(), 0 passed in /wordpress/wp-includes/class-wp-widget-factory.php on line 62 and at least 2 expected in /wordpress/wp-includes/class-wp-widget.php:163\nStack trace:\n#0 /wordpress/wp-includes/class-wp-widget-factory.php(62): WP_Widget->__construct()\n#1 /wordpress/wp-includes/widgets.php(123): WP_Widget_Factory->register('wprestashop_cat...')\n#2 /wordpress/wp-content/plugins/wprestashop/widget.php(35): register_widget('wprestashop_cat...')\n#3 /wordpress/wp-includes/class-wp-hook.php(324): wprestashop_load_widgets('')\n#4 /wordpress/wp-includes/class-wp-hook.php(348): WP_Hook->apply_filters(NULL, Array)\n#5 /wordpress/wp-includes/plugin.php(517): WP_Hook->do_action(Array)\n#6 /wordpress/wp-includes/widgets.php(1870): do_action('widgets_init')\n#7 /wordpress/wp-includes/class-wp-hook.php(324): wp_widgets_init('')\n#8 /wordpress/wp-includes/class-wp-hook.php(348): WP_Hook->apply_filters(NULL, Array)\n#9 /wordpress/wp-includes/plugin.php(517): WP_Hook->do_action(Array)\n#10 /wordpress/wp-settings.php(727): do_action('init')\n#11 /wordpress/wp-config.php(102): require_once('/wordpress/wp-s...')\n#12 /wordpress/wp-load.php(50): require_once('/wordpress/wp-c...')\n#13 /internal/eval.php(3): require_once('/wordpress/wp-l...')\n#14 {main}\n  thrown in /wordpress/wp-includes/class-wp-widget.php on line 163","log":"/logs/plugins/w/wp-spamfree-anti-spam/error.json"}
,
{"message":"Uncaught ArgumentCountError: Too few arguments to function WP_Widget::__construct(), 0 passed in /wordpress/wp-includes/class-wp-widget-factory.php on line 62 and at least 2 expected in /wordpress/wp-includes/class-wp-widget.php:163","level":"FATAL","type":"PHP","test":"ast-sqlite-boot","plugin":"wp-spamfree-anti-spam","details":"[23-May-2025 10:53:47 UTC] PHP Fatal error:  Uncaught ArgumentCountError: Too few arguments to function WP_Widget::__construct(), 0 passed in /wordpress/wp-includes/class-wp-widget-factory.php on line 62 and at least 2 expected in /wordpress/wp-includes/class-wp-widget.php:163\nStack trace:\n#0 /wordpress/wp-includes/class-wp-widget-factory.php(62): WP_Widget->__construct()\n#1 /wordpress/wp-includes/widgets.php(123): WP_Widget_Factory->register('wprestashop_cat...')\n#2 /wordpress/wp-content/plugins/wprestashop/widget.php(35): register_widget('wprestashop_cat...')\n#3 /wordpress/wp-includes/class-wp-hook.php(324): wprestashop_load_widgets('')\n#4 /wordpress/wp-includes/class-wp-hook.php(348): WP_Hook->apply_filters(NULL, Array)\n#5 /wordpress/wp-includes/plugin.php(517): WP_Hook->do_action(Array)\n#6 /wordpress/wp-includes/widgets.php(1870): do_action('widgets_init')\n#7 /wordpress/wp-includes/class-wp-hook.php(324): wp_widgets_init('')\n#8 /wordpress/wp-includes/class-wp-hook.php(348): WP_Hook->apply_filters(NULL, Array)\n#9 /wordpress/wp-includes/plugin.php(517): WP_Hook->do_action(Array)\n#10 /wordpress/wp-settings.php(727): do_action('init')\n#11 /wordpress/wp-config.php(102): require_once('/wordpress/wp-s...')\n#12 /wordpress/wp-load.php(50): require_once('/wordpress/wp-c...')\n#13 /internal/eval.php(3): require_once('/wordpress/wp-l...')\n#14 {main}\n  thrown in /wordpress/wp-includes/class-wp-widget.php on line 163","log":"/logs/plugins/w/wp-spamfree-anti-spam/error.json"}
,
{"message":"Uncaught ArgumentCountError: Too few arguments to function WP_Widget::__construct(), 0 passed in /wordpress/wp-includes/class-wp-widget-factory.php on line 62 and at least 2 expected in /wordpress/wp-includes/class-wp-widget.php:163","level":"FATAL","type":"PHP","test":"ast-sqlite-boot","plugin":"wp-spamfree-anti-spam","details":"[23-May-2025 10:53:56 UTC] PHP Fatal error:  Uncaught ArgumentCountError: Too few arguments to function WP_Widget::__construct(), 0 passed in /wordpress/wp-includes/class-wp-widget-factory.php on line 62 and at least 2 expected in /wordpress/wp-includes/class-wp-widget.php:163\nStack trace:\n#0 /wordpress/wp-includes/class-wp-widget-factory.php(62): WP_Widget->__construct()\n#1 /wordpress/wp-includes/widgets.php(123): WP_Widget_Factory->register('wprestashop_cat...')\n#2 /wordpress/wp-content/plugins/wprestashop/widget.php(35): register_widget('wprestashop_cat...')\n#3 /wordpress/wp-includes/class-wp-hook.php(324): wprestashop_load_widgets('')\n#4 /wordpress/wp-includes/class-wp-hook.php(348): WP_Hook->apply_filters(NULL, Array)\n#5 /wordpress/wp-includes/plugin.php(517): WP_Hook->do_action(Array)\n#6 /wordpress/wp-includes/widgets.php(1870): do_action('widgets_init')\n#7 /wordpress/wp-includes/class-wp-hook.php(324): wp_widgets_init('')\n#8 /wordpress/wp-includes/class-wp-hook.php(348): WP_Hook->apply_filters(NULL, Array)\n#9 /wordpress/wp-includes/plugin.php(517): WP_Hook->do_action(Array)\n#10 /wordpress/wp-settings.php(727): do_action('init')\n#11 /wordpress/wp-config.php(102): require_once('/wordpress/wp-s...')\n#12 /wordpress/wp-load.php(50): require_once('/wordpress/wp-c...')\n#13 /internal/eval.php(3): require_once('/wordpress/wp-l...')\n#14 {main}\n  thrown in /wordpress/wp-includes/class-wp-widget.php on line 163","log":"/logs/plugins/w/wp-spamfree-anti-spam/error.json"}
,
{"message":"Undefined array key \"wcd_display_in_menus\" in /wordpress/wp-content/plugins/woo-cart-dropdown/woocommerce-cart-dropdown.php on line 478","level":"WARNING","type":"PHP","test":"ast-sqlite-boot","plugin":"wp-spamfree-anti-spam","details":"[23-May-2025 10:54:57 UTC] PHP Warning:  Undefined array key \"wcd_display_in_menus\" in /wordpress/wp-content/plugins/woo-cart-dropdown/woocommerce-cart-dropdown.php on line 478","log":"/logs/plugins/w/wp-spamfree-anti-spam/error.json"}
,
{"message":"Undefined array key \"wcd_display_in_menus\" in /wordpress/wp-content/plugins/woo-cart-dropdown/woocommerce-cart-dropdown.php on line 478","level":"WARNING","type":"PHP","test":"ast-sqlite-boot","plugin":"wp-spamfree-anti-spam","details":"[23-May-2025 10:55:06 UTC] PHP Warning:  Undefined array key \"wcd_display_in_menus\" in /wordpress/wp-content/plugins/woo-cart-dropdown/woocommerce-cart-dropdown.php on line 478","log":"/logs/plugins/w/wp-spamfree-anti-spam/error.json"}
,
{"message":"Undefined array key \"wcd_display_in_menus\" in /wordpress/wp-content/plugins/woo-cart-dropdown/woocommerce-cart-dropdown.php on line 478","level":"WARNING","type":"PHP","test":"ast-sqlite-boot","plugin":"wp-spamfree-anti-spam","details":"[23-May-2025 10:55:15 UTC] PHP Warning:  Undefined array key \"wcd_display_in_menus\" in /wordpress/wp-content/plugins/woo-cart-dropdown/woocommerce-cart-dropdown.php on line 478","log":"/logs/plugins/w/wp-spamfree-anti-spam/error.json"}
,
{"message":"Required parameter $config follows optional parameter $skip_create_path in /wordpress/wp-content/plugins/woo-license-keys/vendor/10quality/wpmvc-phpfastcache/src/psr4/phpFastCache.php on line 113","level":"DEPRECATED","type":"PHP","test":"ast-sqlite-boot","plugin":"wp-spamfree-anti-spam","details":"[23-May-2025 10:55:26 UTC] PHP Deprecated:  Required parameter $config follows optional parameter $skip_create_path in /wordpress/wp-content/plugins/woo-license-keys/vendor/10quality/wpmvc-phpfastcache/src/psr4/phpFastCache.php on line 113","log":"/logs/plugins/w/wp-spamfree-anti-spam/error.json"}
,
{"message":"Required parameter $config follows optional parameter $skip_create_path in /wordpress/wp-content/plugins/woo-license-keys/vendor/10quality/wpmvc-phpfastcache/src/psr4/phpFastCache.php on line 113","level":"DEPRECATED","type":"PHP","test":"ast-sqlite-boot","plugin":"wp-spamfree-anti-spam","details":"[23-May-2025 10:55:35 UTC] PHP Deprecated:  Required parameter $config follows optional parameter $skip_create_path in /wordpress/wp-content/plugins/woo-license-keys/vendor/10quality/wpmvc-phpfastcache/src/psr4/phpFastCache.php on line 113","log":"/logs/plugins/w/wp-spamfree-anti-spam/error.json"}
,
{"message":"Required parameter $config follows optional parameter $skip_create_path in /wordpress/wp-content/plugins/woo-license-keys/vendor/10quality/wpmvc-phpfastcache/src/psr4/phpFastCache.php on line 113","level":"DEPRECATED","type":"PHP","test":"ast-sqlite-boot","plugin":"wp-spamfree-anti-spam","details":"[23-May-2025 10:55:45 UTC] PHP Deprecated:  Required parameter $config follows optional parameter $skip_create_path in /wordpress/wp-content/plugins/woo-license-keys/vendor/10quality/wpmvc-phpfastcache/src/psr4/phpFastCache.php on line 113","log":"/logs/plugins/w/wp-spamfree-anti-spam/error.json"}
,
{"message":"Uncaught Error: Call to undefined function is_shop() in /wordpress/wp-content/plugins/woo-shop-product-review-popup/woo-shop-product-review.php:18","level":"FATAL","type":"PHP","test":"ast-sqlite-boot","plugin":"wp-spamfree-anti-spam","details":"[23-May-2025 10:56:21 UTC] PHP Fatal error:  Uncaught Error: Call to undefined function is_shop() in /wordpress/wp-content/plugins/woo-shop-product-review-popup/woo-shop-product-review.php:18\nStack trace:\n#0 /wordpress/wp-includes/class-wp-hook.php(324): woo_shop_product_review_popup('')\n#1 /wordpress/wp-includes/class-wp-hook.php(348): WP_Hook->apply_filters(NULL, Array)\n#2 /wordpress/wp-includes/plugin.php(517): WP_Hook->do_action(Array)\n#3 /wordpress/wp-settings.php(727): do_action('init')\n#4 /wordpress/wp-config.php(102): require_once('/wordpress/wp-s...')\n#5 /wordpress/wp-load.php(50): require_once('/wordpress/wp-c...')\n#6 /internal/eval.php(3): require_once('/wordpress/wp-l...')\n#7 {main}\n  thrown in /wordpress/wp-content/plugins/woo-shop-product-review-popup/woo-shop-product-review.php on line 18","log":"/logs/plugins/w/wp-spamfree-anti-spam/error.json"}
,
{"message":"Uncaught Error: Call to undefined function is_shop() in /wordpress/wp-content/plugins/woo-shop-product-review-popup/woo-shop-product-review.php:18","level":"FATAL","type":"PHP","test":"ast-sqlite-boot","plugin":"wp-spamfree-anti-spam","details":"[23-May-2025 10:56:29 UTC] PHP Fatal error:  Uncaught Error: Call to undefined function is_shop() in /wordpress/wp-content/plugins/woo-shop-product-review-popup/woo-shop-product-review.php:18\nStack trace:\n#0 /wordpress/wp-includes/class-wp-hook.php(324): woo_shop_product_review_popup('')\n#1 /wordpress/wp-includes/class-wp-hook.php(348): WP_Hook->apply_filters(NULL, Array)\n#2 /wordpress/wp-includes/plugin.php(517): WP_Hook->do_action(Array)\n#3 /wordpress/wp-settings.php(727): do_action('init')\n#4 /wordpress/wp-config.php(102): require_once('/wordpress/wp-s...')\n#5 /wordpress/wp-load.php(50): require_once('/wordpress/wp-c...')\n#6 /internal/eval.php(3): require_once('/wordpress/wp-l...')\n#7 {main}\n  thrown in /wordpress/wp-content/plugins/woo-shop-product-review-popup/woo-shop-product-review.php on line 18","log":"/logs/plugins/w/wp-spamfree-anti-spam/error.json"}
,
{"message":"Uncaught Error: Call to undefined function is_shop() in /wordpress/wp-content/plugins/woo-shop-product-review-popup/woo-shop-product-review.php:18","level":"FATAL","type":"PHP","test":"ast-sqlite-boot","plugin":"wp-spamfree-anti-spam","details":"[23-May-2025 10:56:37 UTC] PHP Fatal error:  Uncaught Error: Call to undefined function is_shop() in /wordpress/wp-content/plugins/woo-shop-product-review-popup/woo-shop-product-review.php:18\nStack trace:\n#0 /wordpress/wp-includes/class-wp-hook.php(324): woo_shop_product_review_popup('')\n#1 /wordpress/wp-includes/class-wp-hook.php(348): WP_Hook->apply_filters(NULL, Array)\n#2 /wordpress/wp-includes/plugin.php(517): WP_Hook->do_action(Array)\n#3 /wordpress/wp-settings.php(727): do_action('init')\n#4 /wordpress/wp-config.php(102): require_once('/wordpress/wp-s...')\n#5 /wordpress/wp-load.php(50): require_once('/wordpress/wp-c...')\n#6 /internal/eval.php(3): require_once('/wordpress/wp-l...')\n#7 {main}\n  thrown in /wordpress/wp-content/plugins/woo-shop-product-review-popup/woo-shop-product-review.php on line 18","log":"/logs/plugins/w/wp-spamfree-anti-spam/error.json"}
,
{"message":"Required parameter $wb_all_option follows optional parameter $wb_call_option in /wordpress/wp-content/plugins/woobag-cart-popup-lite/public/templates/woo-bag-public-display-content.php on line 275","level":"DEPRECATED","type":"PHP","test":"ast-sqlite-boot","plugin":"wp-spamfree-anti-spam","details":"[23-May-2025 10:56:46 UTC] PHP Deprecated:  Required parameter $wb_all_option follows optional parameter $wb_call_option in /wordpress/wp-content/plugins/woobag-cart-popup-lite/public/templates/woo-bag-public-display-content.php on line 275","log":"/logs/plugins/w/wp-spamfree-anti-spam/error.json"}
,
{"message":"Required parameter $wb_template_name_part follows optional parameter $wb_call_option in /wordpress/wp-content/plugins/woobag-cart-popup-lite/public/templates/woo-bag-public-display-content.php on line 275","level":"DEPRECATED","type":"PHP","test":"ast-sqlite-boot","plugin":"wp-spamfree-anti-spam","details":"[23-May-2025 10:56:46 UTC] PHP Deprecated:  Required parameter $wb_template_name_part follows optional parameter $wb_call_option in /wordpress/wp-content/plugins/woobag-cart-popup-lite/public/templates/woo-bag-public-display-content.php on line 275","log":"/logs/plugins/w/wp-spamfree-anti-spam/error.json"}
,
{"message":"Uncaught Error: [] operator not supported for strings in /wordpress/wp-content/plugins/woobag-cart-popup-lite/includes/settings/wb-product-settings.php:34","level":"FATAL","type":"PHP","test":"ast-sqlite-boot","plugin":"wp-spamfree-anti-spam","details":"[23-May-2025 10:56:46 UTC] PHP Fatal error:  Uncaught Error: [] operator not supported for strings in /wordpress/wp-content/plugins/woobag-cart-popup-lite/includes/settings/wb-product-settings.php:34\nStack trace:\n#0 /wordpress/wp-content/plugins/woobag-cart-popup-lite/woo-bag.php(339): wb_plugin_setting('')\n#1 /wordpress/wp-content/plugins/woobag-cart-popup-lite/includes/wb-core-functions.php(1733): Woo_Bag->wb_default_settings('activate')\n#2 /wordpress/wp-content/plugins/woobag-cart-popup-lite/includes/wb-template-functions.php(48): wb_default_options('activate')\n#3 /wordpress/wp-content/plugins/woobag-cart-popup-lite/includes/class-woo-bag-activator.php(88): wb_activate_plugin('activate')\n#4 /wordpress/wp-content/plugins/woobag-cart-popup-lite/includes/class-woo-bag-activator.php(64): Woo_Bag_Activator::wb_default_create_options('')\n#5 /wordpress/wp-includes/class-wp-hook.php(324): Woo_Bag_Activator::wb_install(false)\n#6 /wordpress/wp-includes/class-wp-hook.php(348): WP_Hook->apply_filters('', Array)\n#7 /wordpress/wp-includes/plugin.php(517): WP_Hook->do_action(Array)\n#8 /wordpress/wp-admin/includes/plugin.php(703): do_action('activate_woobag...', false)\n#9 /internal/eval.php(20): activate_plugin('woobag-cart-pop...')\n#10 {main}\n  thrown in /wordpress/wp-content/plugins/woobag-cart-popup-lite/includes/settings/wb-product-settings.php on line 34","log":"/logs/plugins/w/wp-spamfree-anti-spam/error.json"}
,
{"message":"Required parameter $wb_all_option follows optional parameter $wb_call_option in /wordpress/wp-content/plugins/woobag-cart-popup-lite/public/templates/woo-bag-public-display-content.php on line 275","level":"DEPRECATED","type":"PHP","test":"ast-sqlite-boot","plugin":"wp-spamfree-anti-spam","details":"[23-May-2025 10:56:52 UTC] PHP Deprecated:  Required parameter $wb_all_option follows optional parameter $wb_call_option in /wordpress/wp-content/plugins/woobag-cart-popup-lite/public/templates/woo-bag-public-display-content.php on line 275","log":"/logs/plugins/w/wp-spamfree-anti-spam/error.json"}
,
{"message":"Required parameter $wb_template_name_part follows optional parameter $wb_call_option in /wordpress/wp-content/plugins/woobag-cart-popup-lite/public/templates/woo-bag-public-display-content.php on line 275","level":"DEPRECATED","type":"PHP","test":"ast-sqlite-boot","plugin":"wp-spamfree-anti-spam","details":"[23-May-2025 10:56:52 UTC] PHP Deprecated:  Required parameter $wb_template_name_part follows optional parameter $wb_call_option in /wordpress/wp-content/plugins/woobag-cart-popup-lite/public/templates/woo-bag-public-display-content.php on line 275","log":"/logs/plugins/w/wp-spamfree-anti-spam/error.json"}
,
{"message":"SQLSTATE[HY000]: General error: 1 no such table: wp_woocommerce_attribute_taxonomies.","level":"FATAL","type":"SQL","test":"ast-sqlite-boot","plugin":"wp-spamfree-anti-spam","details":"[23-May-2025 10:56:52 UTC] WordPress database error <div style=\"clear:both\">&nbsp;</div>\n<div class=\"queries\" style=\"clear:both;margin-bottom:2px;border:red dotted thin;\">\n<p>MySQL query:</p>\n<p>SELECT * FROM wp_woocommerce_attribute_taxonomies</p>\n<p>Queries made or created this session were:</p>\n<ol>\n<li>Executing: BEGIN | (no parameters)</li>\n<li>Executing: SELECT * FROM wp_woocommerce_attribute_taxonomies | (no parameters)</li>\n<li>Executing: ROLLBACK | (no parameters)</li>\n</ol>\n</div>\n<div style=\"clear:both;margin-bottom:2px;border:red dotted thin;\" class=\"error_message\" style=\"border-bottom:dotted blue thin;\">\nError occurred at line 4117 in Function <code>handle_error</code>. Error message was: SQLSTATE[HY000]: General error: 1 no such table: wp_woocommerce_attribute_taxonomies.\n</div>\n<p>Backtrace:</p>\n<pre>#0 /internal/shared/sqlite-database-integration/wp-includes/sqlite/class-wp-sqlite-db.php(287): WP_SQLite_Translator->get_error_message()\n#1 /wordpress/wp-includes/class-wpdb.php(3146): WP_SQLite_DB->query('SELECT * FROM w...')\n#2 /wordpress/wp-content/plugins/woobag-cart-popup-lite/includes/wb-cart-functions.php(119): wpdb->get_results('SELECT * FROM w...')\n#3 /wordpress/wp-content/plugins/woobag-cart-popup-lite/includes/settings/wb-product-settings.php(21): wb_get_custom_attribute()\n#4 /wordpress/wp-includes/class-wp-hook.php(324): wb_plugin_setting(Array)\n#5 /wordpress/wp-includes/plugin.php(205): WP_Hook->apply_filters(Array, Array)\n#6 /wordpress/wp-content/plugins/woobag-cart-popup-lite/admin/class-woo-bag-setting-framework.php(78): apply_filters('wb_register_set...', Array)\n#7 /wordpress/wp-content/plugins/woobag-cart-popup-lite/woo-bag.php(122): Woo_Bag_Setting_framework->__construct('/wordpress/wp-c...', 'wb_setting')\n#8 /wordpress/wp-content/plugins/woobag-cart-popup-lite/woo-bag.php(490): Woo_Bag->__construct()\n#9 /wordpress/wp-content/plugins/woobag-cart-popup-lite/woo-bag.php(494): WB()\n#10 /wordpress/wp-admin/includes/plugin.php(2387): include_once('/wordpress/wp-c...')\n#11 /wordpress/wp-admin/includes/plugin.php(673): plugin_sandbox_scrape('woobag-cart-pop...')\n#12 /internal/eval.php(20): activate_plugin('woobag-cart-pop...')\n#13 {main}</pre>\n for query SELECT * FROM wp_woocommerce_attribute_taxonomies made by activate_plugin, plugin_sandbox_scrape, include_once('/plugins/woobag-cart-popup-lite/woo-bag.php'), WB, Woo_Bag->__construct, Woo_Bag_Setting_framework->__construct, apply_filters('wb_register_settings'), WP_Hook->apply_filters, wb_plugin_setting, wb_get_custom_attribute, WP_SQLite_DB->query, WP_SQLite_DB->print_error","log":"/logs/plugins/w/wp-spamfree-anti-spam/error.json"}
,
{"message":"Uncaught Error: [] operator not supported for strings in /wordpress/wp-content/plugins/woobag-cart-popup-lite/includes/settings/wb-product-settings.php:34","level":"FATAL","type":"PHP","test":"ast-sqlite-boot","plugin":"wp-spamfree-anti-spam","details":"[23-May-2025 10:56:52 UTC] PHP Fatal error:  Uncaught Error: [] operator not supported for strings in /wordpress/wp-content/plugins/woobag-cart-popup-lite/includes/settings/wb-product-settings.php:34\nStack trace:\n#0 /wordpress/wp-content/plugins/woobag-cart-popup-lite/woo-bag.php(339): wb_plugin_setting('')\n#1 /wordpress/wp-content/plugins/woobag-cart-popup-lite/includes/wb-core-functions.php(1733): Woo_Bag->wb_default_settings('activate')\n#2 /wordpress/wp-content/plugins/woobag-cart-popup-lite/includes/wb-template-functions.php(48): wb_default_options('activate')\n#3 /wordpress/wp-content/plugins/woobag-cart-popup-lite/includes/class-woo-bag-activator.php(88): wb_activate_plugin('activate')\n#4 /wordpress/wp-content/plugins/woobag-cart-popup-lite/includes/class-woo-bag-activator.php(64): Woo_Bag_Activator::wb_default_create_options('')\n#5 /wordpress/wp-includes/class-wp-hook.php(324): Woo_Bag_Activator::wb_install(false)\n#6 /wordpress/wp-includes/class-wp-hook.php(348): WP_Hook->apply_filters('', Array)\n#7 /wordpress/wp-includes/plugin.php(517): WP_Hook->do_action(Array)\n#8 /wordpress/wp-admin/includes/plugin.php(703): do_action('activate_woobag...', false)\n#9 /internal/eval.php(20): activate_plugin('woobag-cart-pop...')\n#10 {main}\n  thrown in /wordpress/wp-content/plugins/woobag-cart-popup-lite/includes/settings/wb-product-settings.php on line 34","log":"/logs/plugins/w/wp-spamfree-anti-spam/error.json"}
,
{"message":"Required parameter $wb_all_option follows optional parameter $wb_call_option in /wordpress/wp-content/plugins/woobag-cart-popup-lite/public/templates/woo-bag-public-display-content.php on line 275","level":"DEPRECATED","type":"PHP","test":"ast-sqlite-boot","plugin":"wp-spamfree-anti-spam","details":"[23-May-2025 10:56:59 UTC] PHP Deprecated:  Required parameter $wb_all_option follows optional parameter $wb_call_option in /wordpress/wp-content/plugins/woobag-cart-popup-lite/public/templates/woo-bag-public-display-content.php on line 275","log":"/logs/plugins/w/wp-spamfree-anti-spam/error.json"}
,
{"message":"Required parameter $wb_template_name_part follows optional parameter $wb_call_option in /wordpress/wp-content/plugins/woobag-cart-popup-lite/public/templates/woo-bag-public-display-content.php on line 275","level":"DEPRECATED","type":"PHP","test":"ast-sqlite-boot","plugin":"wp-spamfree-anti-spam","details":"[23-May-2025 10:56:59 UTC] PHP Deprecated:  Required parameter $wb_template_name_part follows optional parameter $wb_call_option in /wordpress/wp-content/plugins/woobag-cart-popup-lite/public/templates/woo-bag-public-display-content.php on line 275","log":"/logs/plugins/w/wp-spamfree-anti-spam/error.json"}
,
{"message":"SQLSTATE[HY000]: General error: 1 no such table: wp_woocommerce_attribute_taxonomies.","level":"FATAL","type":"SQL","test":"ast-sqlite-boot","plugin":"wp-spamfree-anti-spam","details":"[23-May-2025 10:56:59 UTC] WordPress database error <div style=\"clear:both\">&nbsp;</div>\n<div class=\"queries\" style=\"clear:both;margin-bottom:2px;border:red dotted thin;\">\n<p>MySQL query:</p>\n<p>SELECT * FROM wp_woocommerce_attribute_taxonomies</p>\n<p>Queries made or created this session were:</p>\n<ol>\n<li>Executing: BEGIN | (no parameters)</li>\n<li>Executing: SELECT * FROM wp_woocommerce_attribute_taxonomies | (no parameters)</li>\n<li>Executing: ROLLBACK | (no parameters)</li>\n</ol>\n</div>\n<div style=\"clear:both;margin-bottom:2px;border:red dotted thin;\" class=\"error_message\" style=\"border-bottom:dotted blue thin;\">\nError occurred at line 4117 in Function <code>handle_error</code>. Error message was: SQLSTATE[HY000]: General error: 1 no such table: wp_woocommerce_attribute_taxonomies.\n</div>\n<p>Backtrace:</p>\n<pre>#0 /internal/shared/sqlite-database-integration/wp-includes/sqlite/class-wp-sqlite-db.php(287): WP_SQLite_Translator->get_error_message()\n#1 /wordpress/wp-includes/class-wpdb.php(3146): WP_SQLite_DB->query('SELECT * FROM w...')\n#2 /wordpress/wp-content/plugins/woobag-cart-popup-lite/includes/wb-cart-functions.php(119): wpdb->get_results('SELECT * FROM w...')\n#3 /wordpress/wp-content/plugins/woobag-cart-popup-lite/includes/settings/wb-product-settings.php(21): wb_get_custom_attribute()\n#4 /wordpress/wp-includes/class-wp-hook.php(324): wb_plugin_setting(Array)\n#5 /wordpress/wp-includes/plugin.php(205): WP_Hook->apply_filters(Array, Array)\n#6 /wordpress/wp-content/plugins/woobag-cart-popup-lite/admin/class-woo-bag-setting-framework.php(78): apply_filters('wb_register_set...', Array)\n#7 /wordpress/wp-content/plugins/woobag-cart-popup-lite/woo-bag.php(122): Woo_Bag_Setting_framework->__construct('/wordpress/wp-c...', 'wb_setting')\n#8 /wordpress/wp-content/plugins/woobag-cart-popup-lite/woo-bag.php(490): Woo_Bag->__construct()\n#9 /wordpress/wp-content/plugins/woobag-cart-popup-lite/woo-bag.php(494): WB()\n#10 /wordpress/wp-admin/includes/plugin.php(2387): include_once('/wordpress/wp-c...')\n#11 /wordpress/wp-admin/includes/plugin.php(673): plugin_sandbox_scrape('woobag-cart-pop...')\n#12 /internal/eval.php(20): activate_plugin('woobag-cart-pop...')\n#13 {main}</pre>\n for query SELECT * FROM wp_woocommerce_attribute_taxonomies made by activate_plugin, plugin_sandbox_scrape, include_once('/plugins/woobag-cart-popup-lite/woo-bag.php'), WB, Woo_Bag->__construct, Woo_Bag_Setting_framework->__construct, apply_filters('wb_register_settings'), WP_Hook->apply_filters, wb_plugin_setting, wb_get_custom_attribute, WP_SQLite_DB->query, WP_SQLite_DB->print_error","log":"/logs/plugins/w/wp-spamfree-anti-spam/error.json"}
,
{"message":"Uncaught Error: [] operator not supported for strings in /wordpress/wp-content/plugins/woobag-cart-popup-lite/includes/settings/wb-product-settings.php:34","level":"FATAL","type":"PHP","test":"ast-sqlite-boot","plugin":"wp-spamfree-anti-spam","details":"[23-May-2025 10:56:59 UTC] PHP Fatal error:  Uncaught Error: [] operator not supported for strings in /wordpress/wp-content/plugins/woobag-cart-popup-lite/includes/settings/wb-product-settings.php:34\nStack trace:\n#0 /wordpress/wp-content/plugins/woobag-cart-popup-lite/woo-bag.php(339): wb_plugin_setting('')\n#1 /wordpress/wp-content/plugins/woobag-cart-popup-lite/includes/wb-core-functions.php(1733): Woo_Bag->wb_default_settings('activate')\n#2 /wordpress/wp-content/plugins/woobag-cart-popup-lite/includes/wb-template-functions.php(48): wb_default_options('activate')\n#3 /wordpress/wp-content/plugins/woobag-cart-popup-lite/includes/class-woo-bag-activator.php(88): wb_activate_plugin('activate')\n#4 /wordpress/wp-content/plugins/woobag-cart-popup-lite/includes/class-woo-bag-activator.php(64): Woo_Bag_Activator::wb_default_create_options('')\n#5 /wordpress/wp-includes/class-wp-hook.php(324): Woo_Bag_Activator::wb_install(false)\n#6 /wordpress/wp-includes/class-wp-hook.php(348): WP_Hook->apply_filters('', Array)\n#7 /wordpress/wp-includes/plugin.php(517): WP_Hook->do_action(Array)\n#8 /wordpress/wp-admin/includes/plugin.php(703): do_action('activate_woobag...', false)\n#9 /internal/eval.php(20): activate_plugin('woobag-cart-pop...')\n#10 {main}\n  thrown in /wordpress/wp-content/plugins/woobag-cart-popup-lite/includes/settings/wb-product-settings.php on line 34","log":"/logs/plugins/w/wp-spamfree-anti-spam/error.json"}
,
{"message":"Undefined variable $Base_name in /wordpress/wp-content/plugins/wp-auto-backup/Data.php on line 47","level":"WARNING","type":"PHP","test":"ast-sqlite-boot","plugin":"wp-spamfree-anti-spam","details":"[23-May-2025 10:57:08 UTC] PHP Warning:  Undefined variable $Base_name in /wordpress/wp-content/plugins/wp-auto-backup/Data.php on line 47","log":"/logs/plugins/w/wp-spamfree-anti-spam/error.json"}
,
{"message":"Uncaught PDOException: SQLSTATE[HY000] [2002] Address family not supported by protocol in /wordpress/wp-content/plugins/wp-auto-backup/Store.class.php:16","level":"FATAL","type":"PHP","test":"ast-sqlite-boot","plugin":"wp-spamfree-anti-spam","details":"[23-May-2025 10:57:09 UTC] PHP Fatal error:  Uncaught PDOException: SQLSTATE[HY000] [2002] Address family not supported by protocol in /wordpress/wp-content/plugins/wp-auto-backup/Store.class.php:16\nStack trace:\n#0 /wordpress/wp-content/plugins/wp-auto-backup/Store.class.php(16): PDO->__construct('mysql:host=;dbn...', '', '')\n#1 /wordpress/wp-content/plugins/wp-auto-backup/Store.class.php(44): dj_store->Open_DataBase()\n#2 /wordpress/wp-content/plugins/wp-auto-backup/Database_Backup.php(361): dj_store->Sql_Operation_WR('\\nCREATE TABLE I...')\n#3 /wordpress/wp-content/plugins/wp-auto-backup/Main.php(61): dj_operation->Create_BackUp_Table()\n#4 /wordpress/wp-includes/class-wp-hook.php(324): dj_databases_backup->create_options_table('')\n#5 /wordpress/wp-includes/class-wp-hook.php(348): WP_Hook->apply_filters(NULL, Array)\n#6 /wordpress/wp-includes/plugin.php(517): WP_Hook->do_action(Array)\n#7 /wordpress/wp-settings.php(727): do_action('init')\n#8 /wordpress/wp-config.php(102): require_once('/wordpress/wp-s...')\n#9 /wordpress/wp-load.php(50): require_once('/wordpress/wp-c...')\n#10 /internal/eval.php(3): require_once('/wordpress/wp-l...')\n#11 {main}\n  thrown in /wordpress/wp-content/plugins/wp-auto-backup/Store.class.php on line 16","log":"/logs/plugins/w/wp-spamfree-anti-spam/error.json"}
,
{"message":"Undefined variable $Base_name in /wordpress/wp-content/plugins/wp-auto-backup/Data.php on line 47","level":"WARNING","type":"PHP","test":"ast-sqlite-boot","plugin":"wp-spamfree-anti-spam","details":"[23-May-2025 10:57:16 UTC] PHP Warning:  Undefined variable $Base_name in /wordpress/wp-content/plugins/wp-auto-backup/Data.php on line 47","log":"/logs/plugins/w/wp-spamfree-anti-spam/error.json"}
,
{"message":"Uncaught PDOException: SQLSTATE[HY000] [2002] Address family not supported by protocol in /wordpress/wp-content/plugins/wp-auto-backup/Store.class.php:16","level":"FATAL","type":"PHP","test":"ast-sqlite-boot","plugin":"wp-spamfree-anti-spam","details":"[23-May-2025 10:57:17 UTC] PHP Fatal error:  Uncaught PDOException: SQLSTATE[HY000] [2002] Address family not supported by protocol in /wordpress/wp-content/plugins/wp-auto-backup/Store.class.php:16\nStack trace:\n#0 /wordpress/wp-content/plugins/wp-auto-backup/Store.class.php(16): PDO->__construct('mysql:host=;dbn...', '', '')\n#1 /wordpress/wp-content/plugins/wp-auto-backup/Store.class.php(44): dj_store->Open_DataBase()\n#2 /wordpress/wp-content/plugins/wp-auto-backup/Database_Backup.php(361): dj_store->Sql_Operation_WR('\\nCREATE TABLE I...')\n#3 /wordpress/wp-content/plugins/wp-auto-backup/Main.php(61): dj_operation->Create_BackUp_Table()\n#4 /wordpress/wp-includes/class-wp-hook.php(324): dj_databases_backup->create_options_table('')\n#5 /wordpress/wp-includes/class-wp-hook.php(348): WP_Hook->apply_filters(NULL, Array)\n#6 /wordpress/wp-includes/plugin.php(517): WP_Hook->do_action(Array)\n#7 /wordpress/wp-settings.php(727): do_action('init')\n#8 /wordpress/wp-config.php(102): require_once('/wordpress/wp-s...')\n#9 /wordpress/wp-load.php(50): require_once('/wordpress/wp-c...')\n#10 /internal/eval.php(3): require_once('/wordpress/wp-l...')\n#11 {main}\n  thrown in /wordpress/wp-content/plugins/wp-auto-backup/Store.class.php on line 16","log":"/logs/plugins/w/wp-spamfree-anti-spam/error.json"}
,
{"message":"Undefined variable $Base_name in /wordpress/wp-content/plugins/wp-auto-backup/Data.php on line 47","level":"WARNING","type":"PHP","test":"ast-sqlite-boot","plugin":"wp-spamfree-anti-spam","details":"[23-May-2025 10:57:24 UTC] PHP Warning:  Undefined variable $Base_name in /wordpress/wp-content/plugins/wp-auto-backup/Data.php on line 47","log":"/logs/plugins/w/wp-spamfree-anti-spam/error.json"}
,
{"message":"Uncaught PDOException: SQLSTATE[HY000] [2002] Address family not supported by protocol in /wordpress/wp-content/plugins/wp-auto-backup/Store.class.php:16","level":"FATAL","type":"PHP","test":"ast-sqlite-boot","plugin":"wp-spamfree-anti-spam","details":"[23-May-2025 10:57:25 UTC] PHP Fatal error:  Uncaught PDOException: SQLSTATE[HY000] [2002] Address family not supported by protocol in /wordpress/wp-content/plugins/wp-auto-backup/Store.class.php:16\nStack trace:\n#0 /wordpress/wp-content/plugins/wp-auto-backup/Store.class.php(16): PDO->__construct('mysql:host=;dbn...', '', '')\n#1 /wordpress/wp-content/plugins/wp-auto-backup/Store.class.php(44): dj_store->Open_DataBase()\n#2 /wordpress/wp-content/plugins/wp-auto-backup/Database_Backup.php(361): dj_store->Sql_Operation_WR('\\nCREATE TABLE I...')\n#3 /wordpress/wp-content/plugins/wp-auto-backup/Main.php(61): dj_operation->Create_BackUp_Table()\n#4 /wordpress/wp-includes/class-wp-hook.php(324): dj_databases_backup->create_options_table('')\n#5 /wordpress/wp-includes/class-wp-hook.php(348): WP_Hook->apply_filters(NULL, Array)\n#6 /wordpress/wp-includes/plugin.php(517): WP_Hook->do_action(Array)\n#7 /wordpress/wp-settings.php(727): do_action('init')\n#8 /wordpress/wp-config.php(102): require_once('/wordpress/wp-s...')\n#9 /wordpress/wp-load.php(50): require_once('/wordpress/wp-c...')\n#10 /internal/eval.php(3): require_once('/wordpress/wp-l...')\n#11 {main}\n  thrown in /wordpress/wp-content/plugins/wp-auto-backup/Store.class.php on line 16","log":"/logs/plugins/w/wp-spamfree-anti-spam/error.json"}
,
{"message":"Uncaught Error: Non-static method WP_Present_Core::action_init_register_post_type() cannot be called statically in /wordpress/wp-content/plugins/wp-present/wp-present.php:107","level":"FATAL","type":"PHP","test":"ast-sqlite-boot","plugin":"wp-spamfree-anti-spam","details":"[23-May-2025 10:59:49 UTC] PHP Fatal error:  Uncaught Error: Non-static method WP_Present_Core::action_init_register_post_type() cannot be called statically in /wordpress/wp-content/plugins/wp-present/wp-present.php:107\nStack trace:\n#0 /wordpress/wp-includes/class-wp-hook.php(324): WP_Present_Loader->activate(false)\n#1 /wordpress/wp-includes/class-wp-hook.php(348): WP_Hook->apply_filters('', Array)\n#2 /wordpress/wp-includes/plugin.php(517): WP_Hook->do_action(Array)\n#3 /wordpress/wp-admin/includes/plugin.php(703): do_action('activate_wp-pre...', false)\n#4 /internal/eval.php(20): activate_plugin('wp-present/wp-p...')\n#5 {main}\n  thrown in /wordpress/wp-content/plugins/wp-present/wp-present.php on line 107","log":"/logs/plugins/w/wp-spamfree-anti-spam/error.json"}
,
{"message":"Uncaught Error: Non-static method WP_Present_Core::action_init_register_post_type() cannot be called statically in /wordpress/wp-content/plugins/wp-present/wp-present.php:107","level":"FATAL","type":"PHP","test":"ast-sqlite-boot","plugin":"wp-spamfree-anti-spam","details":"[23-May-2025 10:59:57 UTC] PHP Fatal error:  Uncaught Error: Non-static method WP_Present_Core::action_init_register_post_type() cannot be called statically in /wordpress/wp-content/plugins/wp-present/wp-present.php:107\nStack trace:\n#0 /wordpress/wp-includes/class-wp-hook.php(324): WP_Present_Loader->activate(false)\n#1 /wordpress/wp-includes/class-wp-hook.php(348): WP_Hook->apply_filters('', Array)\n#2 /wordpress/wp-includes/plugin.php(517): WP_Hook->do_action(Array)\n#3 /wordpress/wp-admin/includes/plugin.php(703): do_action('activate_wp-pre...', false)\n#4 /internal/eval.php(20): activate_plugin('wp-present/wp-p...')\n#5 {main}\n  thrown in /wordpress/wp-content/plugins/wp-present/wp-present.php on line 107","log":"/logs/plugins/w/wp-spamfree-anti-spam/error.json"}
,
{"message":"Uncaught Error: Non-static method WP_Present_Core::action_init_register_post_type() cannot be called statically in /wordpress/wp-content/plugins/wp-present/wp-present.php:107","level":"FATAL","type":"PHP","test":"ast-sqlite-boot","plugin":"wp-spamfree-anti-spam","details":"[23-May-2025 11:00:04 UTC] PHP Fatal error:  Uncaught Error: Non-static method WP_Present_Core::action_init_register_post_type() cannot be called statically in /wordpress/wp-content/plugins/wp-present/wp-present.php:107\nStack trace:\n#0 /wordpress/wp-includes/class-wp-hook.php(324): WP_Present_Loader->activate(false)\n#1 /wordpress/wp-includes/class-wp-hook.php(348): WP_Hook->apply_filters('', Array)\n#2 /wordpress/wp-includes/plugin.php(517): WP_Hook->do_action(Array)\n#3 /wordpress/wp-admin/includes/plugin.php(703): do_action('activate_wp-pre...', false)\n#4 /internal/eval.php(20): activate_plugin('wp-present/wp-p...')\n#5 {main}\n  thrown in /wordpress/wp-content/plugins/wp-present/wp-present.php on line 107\n\n    at Object.onBind (file:///home/runner/work/playground-tester/playground-tester/node_modules/@wp-playground/cli/index.js:237:15)\n    at process.processTicksAndRejections (node:internal/process/task_queues:105:5)\n    at async V (file:///home/runner/work/playground-tester/playground-tester/node_modules/@wp-playground/cli/index.js:64:10)\n    at async ja (file:///home/runner/work/playground-tester/playground-tester/node_modules/@wp-playground/cli/cli.js:8161:12) {\n  [cause]: Error: Error when executing the blueprint step #5 ({\"step\":\"installPlugin\",\"pluginData\":{\"resource\":\"wordpress.org/plugins\",\"slug\":\"wp-spamfree-anti-spam\"},\"options\":{\"activate\":true}}) : Could not download \"https://downloads.wordpress.org/plugin/wp-spamfree-anti-spam.latest-stable.zip\".\n  \t\t\t\tCheck if the URL is correct and the server is reachable.\n  \t\t\t\tIf it is reachable, the server might be blocking the request.\n  \t\t\t\tCheck the browser console and network tabs for more information.\n  \n  \t\t\t\t## Does the console show the error \"No 'Access-Control-Allow-Origin' header\"?\n  \n  \t\t\t\tThis means the server that hosts your file does not allow requests from other sites\n  \t\t\t\t(cross-origin requests, or CORS).\tYou need to move the asset to a server that allows\n  \t\t\t\tcross-origin file downloads. Learn more about CORS at\n  \t\t\t\thttps://developer.mozilla.org/en-US/docs/Web/HTTP/CORS.\n  \n  \t\t\t\tIf your file is on GitHub, load it from \"raw.githubusercontent.com\".\n  \t\t\t\tHere's how to do that:\n  \n  \t\t\t\t1. Start with the original GitHub URL of the file. For example:\n  \t\t\t\thttps://github.com/username/repository/blob/branch/filename.\n  \t\t\t\t2. Replace \"github.com\" with \"raw.githubusercontent.com\".\n  \t\t\t\t3. Remove the \"/blob/\" part of the URL.\n  \n  \t\t\t\tThe resulting URL should look like this:\n  \t\t\t\thttps://raw.githubusercontent.com/username/repository/branch/filename\n  \n  \t\t\t\tError:\n  \t\t\t\tError: Could not download \"https://downloads.wordpress.org/plugin/wp-spamfree-anti-spam.latest-stable.zip\"\n      at Object.run (file:///home/runner/work/playground-tester/playground-tester/node_modules/@wp-playground/blueprints/index.js:12449:19)\n      at process.processTicksAndRejections (node:internal/process/task_queues:105:5)\n      at async ms (file:///home/runner/work/playground-tester/playground-tester/node_modules/@wp-playground/blueprints/index.js:12552:3)\n      at async Object.onBind (file:///home/runner/work/playground-tester/playground-tester/node_modules/@wp-playground/cli/index.js:227:48)\n      at async V (file:///home/runner/work/playground-tester/playground-tester/node_modules/@wp-playground/cli/index.js:64:10)\n      at async ja (file:///home/runner/work/playground-tester/playground-tester/node_modules/@wp-playground/cli/cli.js:8161:12) {\n    [cause]: Error: Could not download \"https://downloads.wordpress.org/plugin/wp-spamfree-anti-spam.latest-stable.zip\".\n    \t\t\t\tCheck if the URL is correct and the server is reachable.\n    \t\t\t\tIf it is reachable, the server might be blocking the request.\n    \t\t\t\tCheck the browser console and network tabs for more information.\n    \n    \t\t\t\t## Does the console show the error \"No 'Access-Control-Allow-Origin' header\"?\n    \n    \t\t\t\tThis means the server that hosts your file does not allow requests from other sites\n    \t\t\t\t(cross-origin requests, or CORS).\tYou need to move the asset to a server that allows\n    \t\t\t\tcross-origin file downloads. Learn more about CORS at\n    \t\t\t\thttps://developer.mozilla.org/en-US/docs/Web/HTTP/CORS.\n    \n    \t\t\t\tIf your file is on GitHub, load it from \"raw.githubusercontent.com\".\n    \t\t\t\tHere's how to do that:\n    \n    \t\t\t\t1. Start with the original GitHub URL of the file. For example:\n    \t\t\t\thttps://github.com/username/repository/blob/branch/filename.\n    \t\t\t\t2. Replace \"github.com\" with \"raw.githubusercontent.com\".\n    \t\t\t\t3. Remove the \"/blob/\" part of the URL.\n    \n    \t\t\t\tThe resulting URL should look like this:\n    \t\t\t\thttps://raw.githubusercontent.com/username/repository/branch/filename\n    \n    \t\t\t\tError:\n    \t\t\t\tError: Could not download \"https://downloads.wordpress.org/plugin/wp-spamfree-anti-spam.latest-stable.zip\"\n        at Ct.resolve (file:///home/runner/work/playground-tester/playground-tester/node_modules/@wp-playground/blueprints/index.js:1472:13)\n        at process.processTicksAndRejections (node:internal/process/task_queues:105:5)\n        at async _.run (file:///home/runner/work/playground-tester/playground-tester/node_modules/@php-wasm/util/index.js:45:14)\n  }\n}\n\n","log":"/logs/plugins/w/wp-spamfree-anti-spam/error.json"}
]
