file:///home/runner/work/playground-tester/playground-tester/node_modules/@wp-playground/cli/run-cli-j-geJYS3.js:325
        throw new Error($, { cause: h });
              ^

Error: [19-Jun-2025 10:33:08 UTC] PHP Deprecated:  Required parameter $srcParams follows optional parameter $src in /wordpress/wp-content/plugins/cb-visual-shortcode/vendor/CBPoint/VSFramework/EventArgs.class.php on line 51
[19-Jun-2025 10:33:18 UTC] PHP Deprecated:  Required parameter $srcParams follows optional parameter $src in /wordpress/wp-content/plugins/cb-visual-shortcode/vendor/CBPoint/VSFramework/EventArgs.class.php on line 51
[19-Jun-2025 10:33:28 UTC] PHP Deprecated:  Required parameter $srcParams follows optional parameter $src in /wordpress/wp-content/plugins/cb-visual-shortcode/vendor/CBPoint/VSFramework/EventArgs.class.php on line 51
[19-Jun-2025 10:34:06 UTC] PHP Notice:  Function wp_enqueue_style was called <strong>incorrectly</strong>. Scripts and styles should not be registered or enqueued until the <code>wp_enqueue_scripts</code>, <code>admin_enqueue_scripts</code>, or <code>login_enqueue_scripts</code> hooks. This notice was triggered by the <code>wp-color-picker</code> handle. Please see <a href="https://developer.wordpress.org/advanced-administration/debug/debug-wordpress/">Debugging in WordPress</a> for more information. (This message was added in version 3.3.0.) in /wordpress/wp-includes/functions.php on line 6121
[19-Jun-2025 10:34:06 UTC] PHP Notice:  Function is_feed was called <strong>incorrectly</strong>. Conditional query tags do not work before the query is run. Before then, they always return false. Please see <a href="https://developer.wordpress.org/advanced-administration/debug/debug-wordpress/">Debugging in WordPress</a> for more information. (This message was added in version 3.1.0.) in /wordpress/wp-includes/functions.php on line 6121
[19-Jun-2025 10:34:15 UTC] PHP Notice:  Function wp_enqueue_style was called <strong>incorrectly</strong>. Scripts and styles should not be registered or enqueued until the <code>wp_enqueue_scripts</code>, <code>admin_enqueue_scripts</code>, or <code>login_enqueue_scripts</code> hooks. This notice was triggered by the <code>wp-color-picker</code> handle. Please see <a href="https://developer.wordpress.org/advanced-administration/debug/debug-wordpress/">Debugging in WordPress</a> for more information. (This message was added in version 3.3.0.) in /wordpress/wp-includes/functions.php on line 6121
[19-Jun-2025 10:34:15 UTC] PHP Notice:  Function is_feed was called <strong>incorrectly</strong>. Conditional query tags do not work before the query is run. Before then, they always return false. Please see <a href="https://developer.wordpress.org/advanced-administration/debug/debug-wordpress/">Debugging in WordPress</a> for more information. (This message was added in version 3.1.0.) in /wordpress/wp-includes/functions.php on line 6121
[19-Jun-2025 10:34:25 UTC] PHP Notice:  Function wp_enqueue_style was called <strong>incorrectly</strong>. Scripts and styles should not be registered or enqueued until the <code>wp_enqueue_scripts</code>, <code>admin_enqueue_scripts</code>, or <code>login_enqueue_scripts</code> hooks. This notice was triggered by the <code>wp-color-picker</code> handle. Please see <a href="https://developer.wordpress.org/advanced-administration/debug/debug-wordpress/">Debugging in WordPress</a> for more information. (This message was added in version 3.3.0.) in /wordpress/wp-includes/functions.php on line 6121
[19-Jun-2025 10:34:25 UTC] PHP Notice:  Function is_feed was called <strong>incorrectly</strong>. Conditional query tags do not work before the query is run. Before then, they always return false. Please see <a href="https://developer.wordpress.org/advanced-administration/debug/debug-wordpress/">Debugging in WordPress</a> for more information. (This message was added in version 3.1.0.) in /wordpress/wp-includes/functions.php on line 6121
[19-Jun-2025 10:35:25 UTC] PHP Warning:  Private methods cannot be final as they are never overridden by other classes in /wordpress/wp-content/plugins/circle-progress-bar/includes/class-circle-progress-bar-singleton.php on line 47
[19-Jun-2025 10:35:26 UTC] PHP Warning:  Private methods cannot be final as they are never overridden by other classes in /wordpress/wp-content/plugins/circle-progress-bar/includes/class-circle-progress-bar-singleton.php on line 47
[19-Jun-2025 10:35:35 UTC] PHP Warning:  Private methods cannot be final as they are never overridden by other classes in /wordpress/wp-content/plugins/circle-progress-bar/includes/class-circle-progress-bar-singleton.php on line 47
[19-Jun-2025 10:35:36 UTC] PHP Warning:  Private methods cannot be final as they are never overridden by other classes in /wordpress/wp-content/plugins/circle-progress-bar/includes/class-circle-progress-bar-singleton.php on line 47
[19-Jun-2025 10:35:44 UTC] PHP Warning:  Private methods cannot be final as they are never overridden by other classes in /wordpress/wp-content/plugins/circle-progress-bar/includes/class-circle-progress-bar-singleton.php on line 47
[19-Jun-2025 10:35:45 UTC] PHP Warning:  Private methods cannot be final as they are never overridden by other classes in /wordpress/wp-content/plugins/circle-progress-bar/includes/class-circle-progress-bar-singleton.php on line 47
[19-Jun-2025 10:38:21 UTC] PHP Deprecated:  Required parameter $cookies follows optional parameter $timeout in /wordpress/wp-content/plugins/comparepress/lib/nusoap.php on line 2620
[19-Jun-2025 11:38:21 Europe/London] PHP Warning:  Trying to access array offset on value of type bool in /wordpress/wp-content/plugins/comparepress/admin/utility/utility_functions.php on line 154
[19-Jun-2025 11:38:21 Europe/London] PHP Warning:  foreach() argument must be of type array|object, null given in /wordpress/wp-content/plugins/comparepress/admin/utility/utility_functions.php on line 154
[19-Jun-2025 10:38:22 UTC] PHP Deprecated:  Required parameter $cookies follows optional parameter $timeout in /wordpress/wp-content/plugins/comparepress/lib/nusoap.php on line 2620
[19-Jun-2025 11:38:22 Europe/London] PHP Warning:  Trying to access array offset on value of type bool in /wordpress/wp-content/plugins/comparepress/admin/utility/utility_functions.php on line 154
[19-Jun-2025 11:38:22 Europe/London] PHP Warning:  foreach() argument must be of type array|object, null given in /wordpress/wp-content/plugins/comparepress/admin/utility/utility_functions.php on line 154
[19-Jun-2025 11:38:22 Europe/London] PHP Warning:  Trying to access array offset on value of type bool in /wordpress/wp-content/plugins/comparepress/admin/utility/utility_functions.php on line 172
[19-Jun-2025 11:38:22 Europe/London] PHP Warning:  foreach() argument must be of type array|object, null given in /wordpress/wp-content/plugins/comparepress/admin/utility/utility_functions.php on line 172
[19-Jun-2025 11:38:22 Europe/London] PHP Warning:  Trying to access array offset on value of type bool in /wordpress/wp-content/plugins/comparepress/admin/utility/enqueue_scripts.php on line 25
[19-Jun-2025 11:38:22 Europe/London] PHP Warning:  foreach() argument must be of type array|object, null given in /wordpress/wp-content/plugins/comparepress/admin/utility/enqueue_scripts.php on line 25
[19-Jun-2025 10:38:31 UTC] PHP Deprecated:  Required parameter $cookies follows optional parameter $timeout in /wordpress/wp-content/plugins/comparepress/lib/nusoap.php on line 2620
[19-Jun-2025 11:38:31 Europe/London] PHP Warning:  Trying to access array offset on value of type bool in /wordpress/wp-content/plugins/comparepress/admin/utility/utility_functions.php on line 154
[19-Jun-2025 11:38:31 Europe/London] PHP Warning:  foreach() argument must be of type array|object, null given in /wordpress/wp-content/plugins/comparepress/admin/utility/utility_functions.php on line 154
[19-Jun-2025 10:38:32 UTC] PHP Deprecated:  Required parameter $cookies follows optional parameter $timeout in /wordpress/wp-content/plugins/comparepress/lib/nusoap.php on line 2620
[19-Jun-2025 11:38:32 Europe/London] PHP Warning:  Trying to access array offset on value of type bool in /wordpress/wp-content/plugins/comparepress/admin/utility/utility_functions.php on line 154
[19-Jun-2025 11:38:32 Europe/London] PHP Warning:  foreach() argument must be of type array|object, null given in /wordpress/wp-content/plugins/comparepress/admin/utility/utility_functions.php on line 154
[19-Jun-2025 11:38:32 Europe/London] PHP Warning:  Trying to access array offset on value of type bool in /wordpress/wp-content/plugins/comparepress/admin/utility/utility_functions.php on line 172
[19-Jun-2025 11:38:32 Europe/London] PHP Warning:  foreach() argument must be of type array|object, null given in /wordpress/wp-content/plugins/comparepress/admin/utility/utility_functions.php on line 172
[19-Jun-2025 11:38:32 Europe/London] PHP Warning:  Trying to access array offset on value of type bool in /wordpress/wp-content/plugins/comparepress/admin/utility/enqueue_scripts.php on line 25
[19-Jun-2025 11:38:32 Europe/London] PHP Warning:  foreach() argument must be of type array|object, null given in /wordpress/wp-content/plugins/comparepress/admin/utility/enqueue_scripts.php on line 25
[19-Jun-2025 10:38:41 UTC] PHP Deprecated:  Required parameter $cookies follows optional parameter $timeout in /wordpress/wp-content/plugins/comparepress/lib/nusoap.php on line 2620
[19-Jun-2025 11:38:41 Europe/London] PHP Warning:  Trying to access array offset on value of type bool in /wordpress/wp-content/plugins/comparepress/admin/utility/utility_functions.php on line 154
[19-Jun-2025 11:38:41 Europe/London] PHP Warning:  foreach() argument must be of type array|object, null given in /wordpress/wp-content/plugins/comparepress/admin/utility/utility_functions.php on line 154
[19-Jun-2025 10:38:42 UTC] PHP Deprecated:  Required parameter $cookies follows optional parameter $timeout in /wordpress/wp-content/plugins/comparepress/lib/nusoap.php on line 2620
[19-Jun-2025 11:38:42 Europe/London] PHP Warning:  Trying to access array offset on value of type bool in /wordpress/wp-content/plugins/comparepress/admin/utility/utility_functions.php on line 154
[19-Jun-2025 11:38:42 Europe/London] PHP Warning:  foreach() argument must be of type array|object, null given in /wordpress/wp-content/plugins/comparepress/admin/utility/utility_functions.php on line 154
[19-Jun-2025 11:38:42 Europe/London] PHP Warning:  Trying to access array offset on value of type bool in /wordpress/wp-content/plugins/comparepress/admin/utility/utility_functions.php on line 172
[19-Jun-2025 11:38:42 Europe/London] PHP Warning:  foreach() argument must be of type array|object, null given in /wordpress/wp-content/plugins/comparepress/admin/utility/utility_functions.php on line 172
[19-Jun-2025 11:38:42 Europe/London] PHP Warning:  Trying to access array offset on value of type bool in /wordpress/wp-content/plugins/comparepress/admin/utility/enqueue_scripts.php on line 25
[19-Jun-2025 11:38:42 Europe/London] PHP Warning:  foreach() argument must be of type array|object, null given in /wordpress/wp-content/plugins/comparepress/admin/utility/enqueue_scripts.php on line 25
[19-Jun-2025 10:38:52 UTC] PHP Warning:  Constant MCB_PLUGIN_URL already defined in /wordpress/wp-content/plugins/contact-bot/contactbot.php on line 29
[19-Jun-2025 10:38:53 UTC] PHP Warning:  Constant MCB_PLUGIN_URL already defined in /wordpress/wp-content/plugins/contact-bot/contactbot.php on line 29
[19-Jun-2025 10:39:02 UTC] PHP Warning:  Constant MCB_PLUGIN_URL already defined in /wordpress/wp-content/plugins/contact-bot/contactbot.php on line 29
[19-Jun-2025 10:39:03 UTC] PHP Warning:  Constant MCB_PLUGIN_URL already defined in /wordpress/wp-content/plugins/contact-bot/contactbot.php on line 29
[19-Jun-2025 10:39:12 UTC] PHP Warning:  Constant MCB_PLUGIN_URL already defined in /wordpress/wp-content/plugins/contact-bot/contactbot.php on line 29
[19-Jun-2025 10:39:13 UTC] PHP Warning:  Constant MCB_PLUGIN_URL already defined in /wordpress/wp-content/plugins/contact-bot/contactbot.php on line 29
[19-Jun-2025 10:39:22 UTC] WordPress database error <div style="clear:both">&nbsp;</div>
<div class="queries" style="clear:both;margin-bottom:2px;border:red dotted thin;">
<p>MySQL query:</p>
<p>SHOW TABLE STATUS WHERE name="xyz_cfm_form"</p>
<p>Queries made or created this session were:</p>
<ol>
<li>Executing: BEGIN IMMEDIATE | (no parameters)</li>
<li>Executing: SELECT * FROM `_wp_sqlite_mysql_information_schema_tables` WHERE table_schema = ? AND `name` = 'xyz_cfm_form' ORDER BY table_name | parameters: database_name_here</li>
<li>Executing: ROLLBACK | (no parameters)</li>
</ol>
</div>
<div style="clear:both;margin-bottom:2px;border:red dotted thin;" class="error_message" style="border-bottom:dotted blue thin;">
SQLSTATE[HY000]: General error: 1 no such column: name
</div>
<p>Backtrace:</p>
<pre>#0 /internal/shared/sqlite-database-integration/wp-includes/sqlite-ast/class-wp-sqlite-driver.php(683): WP_SQLite_Driver->new_driver_exception('SQLSTATE[HY000]...', 'HY000', Object(PDOException))
#1 /internal/shared/sqlite-database-integration/wp-includes/sqlite/class-wp-sqlite-db.php(491): WP_SQLite_Driver->query('SHOW TABLE STAT...')
#2 /internal/shared/sqlite-database-integration/wp-includes/sqlite/class-wp-sqlite-db.php(432): WP_SQLite_DB->_do_query('SHOW TABLE STAT...')
#3 /wordpress/wp-includes/class-wpdb.php(3146): WP_SQLite_DB->query('SHOW TABLE STAT...')
#4 /wordpress/wp-content/plugins/contact-form-manager/admin/install.php(71): wpdb->get_results('SHOW TABLE STAT...')
#5 /wordpress/wp-content/plugins/contact-form-manager/admin/install.php(21): cfm_install()
#6 /wordpress/wp-includes/class-wp-hook.php(324): cfm_network_install(false)
#7 /wordpress/wp-includes/class-wp-hook.php(348): WP_Hook->apply_filters('', Array)
#8 /wordpress/wp-includes/plugin.php(517): WP_Hook->do_action(Array)
#9 /wordpress/wp-admin/includes/plugin.php(703): do_action('activate_contac...', false)
#10 /internal/eval.php(20): activate_plugin('contact-form-ma...')
#11 {main}</pre>
 for query SHOW TABLE STATUS WHERE name="xyz_cfm_form" made by activate_plugin, do_action('activate_contact-form-manager/contact-form-manager.php'), WP_Hook->do_action, WP_Hook->apply_filters, cfm_network_install, cfm_install, WP_SQLite_DB->query, WP_SQLite_DB->print_error
[19-Jun-2025 10:39:22 UTC] WordPress database error <div style="clear:both">&nbsp;</div>
<div class="queries" style="clear:both;margin-bottom:2px;border:red dotted thin;">
<p>MySQL query:</p>
<p>SHOW TABLE STATUS WHERE name="wp_xyz_cfm_form"</p>
<p>Queries made or created this session were:</p>
<ol>
<li>Executing: BEGIN IMMEDIATE | (no parameters)</li>
<li>Executing: SELECT * FROM `_wp_sqlite_mysql_information_schema_tables` WHERE table_schema = ? AND `name` = 'wp_xyz_cfm_form' ORDER BY table_name | parameters: database_name_here</li>
<li>Executing: ROLLBACK | (no parameters)</li>
</ol>
</div>
<div style="clear:both;margin-bottom:2px;border:red dotted thin;" class="error_message" style="border-bottom:dotted blue thin;">
SQLSTATE[HY000]: General error: 1 no such column: name
</div>
<p>Backtrace:</p>
<pre>#0 /internal/shared/sqlite-database-integration/wp-includes/sqlite-ast/class-wp-sqlite-driver.php(683): WP_SQLite_Driver->new_driver_exception('SQLSTATE[HY000]...', 'HY000', Object(PDOException))
#1 /internal/shared/sqlite-database-integration/wp-includes/sqlite/class-wp-sqlite-db.php(491): WP_SQLite_Driver->query('SHOW TABLE STAT...')
#2 /internal/shared/sqlite-database-integration/wp-includes/sqlite/class-wp-sqlite-db.php(432): WP_SQLite_DB->_do_query('SHOW TABLE STAT...')
#3 /wordpress/wp-includes/class-wpdb.php(3146): WP_SQLite_DB->query('SHOW TABLE STAT...')
#4 /wordpress/wp-content/plugins/contact-form-manager/admin/install.php(76): wpdb->get_results('SHOW TABLE STAT...')
#5 /wordpress/wp-content/plugins/contact-form-manager/admin/install.php(21): cfm_install()
#6 /wordpress/wp-includes/class-wp-hook.php(324): cfm_network_install(false)
#7 /wordpress/wp-includes/class-wp-hook.php(348): WP_Hook->apply_filters('', Array)
#8 /wordpress/wp-includes/plugin.php(517): WP_Hook->do_action(Array)
#9 /wordpress/wp-admin/includes/plugin.php(703): do_action('activate_contac...', false)
#10 /internal/eval.php(20): activate_plugin('contact-form-ma...')
#11 {main}</pre>
 for query SHOW TABLE STATUS WHERE name="wp_xyz_cfm_form" made by activate_plugin, do_action('activate_contact-form-manager/contact-form-manager.php'), WP_Hook->do_action, WP_Hook->apply_filters, cfm_network_install, cfm_install, WP_SQLite_DB->query, WP_SQLite_DB->print_error
[19-Jun-2025 10:39:22 UTC] WordPress database error <div style="clear:both">&nbsp;</div>
<div class="queries" style="clear:both;margin-bottom:2px;border:red dotted thin;">
<p>MySQL query:</p>
<p>ALTER TABLE wp_xyz_cfm_form ADD (`from_email_id` int not null default '0' ,`reply_sender_email_id` int not null default '0')</p>
<p>Queries made or created this session were:</p>
<ol>
<li>Executing: BEGIN IMMEDIATE | (no parameters)</li>
<li>Executing: SELECT 1 FROM sqlite_temp_schema WHERE type = 'table' AND name = ? | parameters: wp_xyz_cfm_form</li>
<li>Executing: SELECT
					COLUMN_NAME,
					LOWER(COLUMN_NAME) AS COLUMN_NAME_LOWERCASE
				FROM `_wp_sqlite_mysql_information_schema_columns` WHERE table_schema = ? AND table_name = ? | parameters: database_name_here, wp_xyz_cfm_form</li>
<li>Executing: SELECT 1 FROM sqlite_temp_schema WHERE type = 'table' AND name = ? | parameters: wp_xyz_cfm_form</li>
<li>Executing: ROLLBACK | (no parameters)</li>
</ol>
</div>
<div style="clear:both;margin-bottom:2px;border:red dotted thin;" class="error_message" style="border-bottom:dotted blue thin;">
WP_SQLite_Information_Schema_Builder::get_value(): Argument #1 ($node) must be of type WP_Parser_Node, null given, called in /internal/shared/sqlite-database-integration/wp-includes/sqlite-ast/class-wp-sqlite-information-schema-builder.php on line 523
</div>
<p>Backtrace:</p>
<pre>#0 /internal/shared/sqlite-database-integration/wp-includes/sqlite-ast/class-wp-sqlite-driver.php(683): WP_SQLite_Driver->new_driver_exception('WP_SQLite_Infor...', 0, Object(TypeError))
#1 /internal/shared/sqlite-database-integration/wp-includes/sqlite/class-wp-sqlite-db.php(491): WP_SQLite_Driver->query('ALTER TABLE wp_...')
#2 /internal/shared/sqlite-database-integration/wp-includes/sqlite/class-wp-sqlite-db.php(432): WP_SQLite_DB->_do_query('ALTER TABLE wp_...')
#3 /wordpress/wp-content/plugins/contact-form-manager/admin/install.php(114): WP_SQLite_DB->query('ALTER TABLE wp_...')
#4 /wordpress/wp-content/plugins/contact-form-manager/admin/install.php(21): cfm_install()
#5 /wordpress/wp-includes/class-wp-hook.php(324): cfm_network_install(false)
#6 /wordpress/wp-includes/class-wp-hook.php(348): WP_Hook->apply_filters('', Array)
#7 /wordpress/wp-includes/plugin.php(517): WP_Hook->do_action(Array)
#8 /wordpress/wp-admin/includes/plugin.php(703): do_action('activate_contac...', false)
#9 /internal/eval.php(20): activate_plugin('contact-form-ma...')
#10 {main}</pre>
 for query ALTER TABLE wp_xyz_cfm_form ADD (`from_email_id` int not null default '0' ,`reply_sender_email_id` int not null default '0') made by activate_plugin, do_action('activate_contact-form-manager/contact-form-manager.php'), WP_Hook->do_action, WP_Hook->apply_filters, cfm_network_install, cfm_install, WP_SQLite_DB->query, WP_SQLite_DB->print_error
[19-Jun-2025 10:39:22 UTC] WordPress database error <div style="clear:both">&nbsp;</div>
<div class="queries" style="clear:both;margin-bottom:2px;border:red dotted thin;">
<p>MySQL query:</p>
<p>ALTER TABLE wp_xyz_cfm_form ADD (`redisplay_option` int not null default 2)</p>
<p>Queries made or created this session were:</p>
<ol>
<li>Executing: BEGIN IMMEDIATE | (no parameters)</li>
<li>Executing: SELECT 1 FROM sqlite_temp_schema WHERE type = 'table' AND name = ? | parameters: wp_xyz_cfm_form</li>
<li>Executing: SELECT
					COLUMN_NAME,
					LOWER(COLUMN_NAME) AS COLUMN_NAME_LOWERCASE
				FROM `_wp_sqlite_mysql_information_schema_columns` WHERE table_schema = ? AND table_name = ? | parameters: database_name_here, wp_xyz_cfm_form</li>
<li>Executing: SELECT 1 FROM sqlite_temp_schema WHERE type = 'table' AND name = ? | parameters: wp_xyz_cfm_form</li>
<li>Executing: ROLLBACK | (no parameters)</li>
</ol>
</div>
<div style="clear:both;margin-bottom:2px;border:red dotted thin;" class="error_message" style="border-bottom:dotted blue thin;">
WP_SQLite_Information_Schema_Builder::get_value(): Argument #1 ($node) must be of type WP_Parser_Node, null given, called in /internal/shared/sqlite-database-integration/wp-includes/sqlite-ast/class-wp-sqlite-information-schema-builder.php on line 523
</div>
<p>Backtrace:</p>
<pre>#0 /internal/shared/sqlite-database-integration/wp-includes/sqlite-ast/class-wp-sqlite-driver.php(683): WP_SQLite_Driver->new_driver_exception('WP_SQLite_Infor...', 0, Object(TypeError))
#1 /internal/shared/sqlite-database-integration/wp-includes/sqlite/class-wp-sqlite-db.php(491): WP_SQLite_Driver->query('ALTER TABLE wp_...')
#2 /internal/shared/sqlite-database-integration/wp-includes/sqlite/class-wp-sqlite-db.php(432): WP_SQLite_DB->_do_query('ALTER TABLE wp_...')
#3 /wordpress/wp-content/plugins/contact-form-manager/admin/install.php(138): WP_SQLite_DB->query('ALTER TABLE wp_...')
#4 /wordpress/wp-content/plugins/contact-form-manager/admin/install.php(21): cfm_install()
#5 /wordpress/wp-includes/class-wp-hook.php(324): cfm_network_install(false)
#6 /wordpress/wp-includes/class-wp-hook.php(348): WP_Hook->apply_filters('', Array)
#7 /wordpress/wp-includes/plugin.php(517): WP_Hook->do_action(Array)
#8 /wordpress/wp-admin/includes/plugin.php(703): do_action('activate_contac...', false)
#9 /internal/eval.php(20): activate_plugin('contact-form-ma...')
#10 {main}</pre>
 for query ALTER TABLE wp_xyz_cfm_form ADD (`redisplay_option` int not null default 2) made by activate_plugin, do_action('activate_contact-form-manager/contact-form-manager.php'), WP_Hook->do_action, WP_Hook->apply_filters, cfm_network_install, cfm_install, WP_SQLite_DB->query, WP_SQLite_DB->print_error
[19-Jun-2025 10:39:22 UTC] WordPress database error <div style="clear:both">&nbsp;</div>
<div class="queries" style="clear:both;margin-bottom:2px;border:red dotted thin;">
<p>MySQL query:</p>
<p>ALTER TABLE wp_xyz_cfm_form ADD
				(`newsletter_email_shortcode` varchar(225) COLLATE utf8_unicode_ci NOT NULL,
				`newsletter_email_list` text COLLATE utf8_unicode_ci NOT NULL,
				`newsletter_custom_fields` text COLLATE utf8_unicode_ci NOT NULL,
				`newsletter_optin_mode` varchar(225) COLLATE utf8_unicode_ci NOT NULL,
				`newsletter_subscription_status` int(11) NOT NULL )</p>
<p>Queries made or created this session were:</p>
<ol>
<li>Executing: BEGIN IMMEDIATE | (no parameters)</li>
<li>Executing: SELECT 1 FROM sqlite_temp_schema WHERE type = 'table' AND name = ? | parameters: wp_xyz_cfm_form</li>
<li>Executing: SELECT
					COLUMN_NAME,
					LOWER(COLUMN_NAME) AS COLUMN_NAME_LOWERCASE
				FROM `_wp_sqlite_mysql_information_schema_columns` WHERE table_schema = ? AND table_name = ? | parameters: database_name_here, wp_xyz_cfm_form</li>
<li>Executing: SELECT 1 FROM sqlite_temp_schema WHERE type = 'table' AND name = ? | parameters: wp_xyz_cfm_form</li>
<li>Executing: ROLLBACK | (no parameters)</li>
</ol>
</div>
<div style="clear:both;margin-bottom:2px;border:red dotted thin;" class="error_message" style="border-bottom:dotted blue thin;">
WP_SQLite_Information_Schema_Builder::get_value(): Argument #1 ($node) must be of type WP_Parser_Node, null given, called in /internal/shared/sqlite-database-integration/wp-includes/sqlite-ast/class-wp-sqlite-information-schema-builder.php on line 523
</div>
<p>Backtrace:</p>
<pre>#0 /internal/shared/sqlite-database-integration/wp-includes/sqlite-ast/class-wp-sqlite-driver.php(683): WP_SQLite_Driver->new_driver_exception('WP_SQLite_Infor...', 0, Object(TypeError))
#1 /internal/shared/sqlite-database-integration/wp-includes/sqlite/class-wp-sqlite-db.php(491): WP_SQLite_Driver->query('ALTER TABLE wp_...')
#2 /internal/shared/sqlite-database-integration/wp-includes/sqlite/class-wp-sqlite-db.php(432): WP_SQLite_DB->_do_query('ALTER TABLE wp_...')
#3 /wordpress/wp-content/plugins/contact-form-manager/admin/install.php(151): WP_SQLite_DB->query('ALTER TABLE wp_...')
#4 /wordpress/wp-content/plugins/contact-form-manager/admin/install.php(21): cfm_install()
#5 /wordpress/wp-includes/class-wp-hook.php(324): cfm_network_install(false)
#6 /wordpress/wp-includes/class-wp-hook.php(348): WP_Hook->apply_filters('', Array)
#7 /wordpress/wp-includes/plugin.php(517): WP_Hook->do_action(Array)
#8 /wordpress/wp-admin/includes/plugin.php(703): do_action('activate_contac...', false)
#9 /internal/eval.php(20): activate_plugin('contact-form-ma...')
#10 {main}</pre>
 for query ALTER TABLE wp_xyz_cfm_form ADD
				(`newsletter_email_shortcode` varchar(225) COLLATE utf8_unicode_ci NOT NULL,
				`newsletter_email_list` text COLLATE utf8_unicode_ci NOT NULL,
				`newsletter_custom_fields` text COLLATE utf8_unicode_ci NOT NULL,
				`newsletter_optin_mode` varchar(225) COLLATE utf8_unicode_ci NOT NULL,
				`newsletter_subscription_status` int(11) NOT NULL ) made by activate_plugin, do_action('activate_contact-form-manager/contact-form-manager.php'), WP_Hook->do_action, WP_Hook->apply_filters, cfm_network_install, cfm_install, WP_SQLite_DB->query, WP_SQLite_DB->print_error
[19-Jun-2025 10:39:22 UTC] WordPress database error <div style="clear:both">&nbsp;</div>
<div class="queries" style="clear:both;margin-bottom:2px;border:red dotted thin;">
<p>MySQL query:</p>
<p>ALTER TABLE wp_xyz_cfm_form ADD (`bcc_email` text COLLATE utf8_unicode_ci NOT NULL)</p>
<p>Queries made or created this session were:</p>
<ol>
<li>Executing: BEGIN IMMEDIATE | (no parameters)</li>
<li>Executing: SELECT 1 FROM sqlite_temp_schema WHERE type = 'table' AND name = ? | parameters: wp_xyz_cfm_form</li>
<li>Executing: SELECT
					COLUMN_NAME,
					LOWER(COLUMN_NAME) AS COLUMN_NAME_LOWERCASE
				FROM `_wp_sqlite_mysql_information_schema_columns` WHERE table_schema = ? AND table_name = ? | parameters: database_name_here, wp_xyz_cfm_form</li>
<li>Executing: SELECT 1 FROM sqlite_temp_schema WHERE type = 'table' AND name = ? | parameters: wp_xyz_cfm_form</li>
<li>Executing: ROLLBACK | (no parameters)</li>
</ol>
</div>
<div style="clear:both;margin-bottom:2px;border:red dotted thin;" class="error_message" style="border-bottom:dotted blue thin;">
WP_SQLite_Information_Schema_Builder::get_value(): Argument #1 ($node) must be of type WP_Parser_Node, null given, called in /internal/shared/sqlite-database-integration/wp-includes/sqlite-ast/class-wp-sqlite-information-schema-builder.php on line 523
</div>
<p>Backtrace:</p>
<pre>#0 /internal/shared/sqlite-database-integration/wp-includes/sqlite-ast/class-wp-sqlite-driver.php(683): WP_SQLite_Driver->new_driver_exception('WP_SQLite_Infor...', 0, Object(TypeError))
#1 /internal/shared/sqlite-database-integration/wp-includes/sqlite/class-wp-sqlite-db.php(491): WP_SQLite_Driver->query('ALTER TABLE wp_...')
#2 /internal/shared/sqlite-database-integration/wp-includes/sqlite/class-wp-sqlite-db.php(432): WP_SQLite_DB->_do_query('ALTER TABLE wp_...')
#3 /wordpress/wp-content/plugins/contact-form-manager/admin/install.php(169): WP_SQLite_DB->query('ALTER TABLE wp_...')
#4 /wordpress/wp-content/plugins/contact-form-manager/admin/install.php(21): cfm_install()
#5 /wordpress/wp-includes/class-wp-hook.php(324): cfm_network_install(false)
#6 /wordpress/wp-includes/class-wp-hook.php(348): WP_Hook->apply_filters('', Array)
#7 /wordpress/wp-includes/plugin.php(517): WP_Hook->do_action(Array)
#8 /wordpress/wp-admin/includes/plugin.php(703): do_action('activate_contac...', false)
#9 /internal/eval.php(20): activate_plugin('contact-form-ma...')
#10 {main}</pre>
 for query ALTER TABLE wp_xyz_cfm_form ADD (`bcc_email` text COLLATE utf8_unicode_ci NOT NULL) made by activate_plugin, do_action('activate_contact-form-manager/contact-form-manager.php'), WP_Hook->do_action, WP_Hook->apply_filters, cfm_network_install, cfm_install, WP_SQLite_DB->query, WP_SQLite_DB->print_error
[19-Jun-2025 10:39:22 UTC] WordPress database error <div style="clear:both">&nbsp;</div>
<div class="queries" style="clear:both;margin-bottom:2px;border:red dotted thin;">
<p>MySQL query:</p>
<p>SHOW TABLE STATUS WHERE name="xyz_cfm_form_elements"</p>
<p>Queries made or created this session were:</p>
<ol>
<li>Executing: BEGIN IMMEDIATE | (no parameters)</li>
<li>Executing: SELECT * FROM `_wp_sqlite_mysql_information_schema_tables` WHERE table_schema = ? AND `name` = 'xyz_cfm_form_elements' ORDER BY table_name | parameters: database_name_here</li>
<li>Executing: ROLLBACK | (no parameters)</li>
</ol>
</div>
<div style="clear:both;margin-bottom:2px;border:red dotted thin;" class="error_message" style="border-bottom:dotted blue thin;">
SQLSTATE[HY000]: General error: 1 no such column: name
</div>
<p>Backtrace:</p>
<pre>#0 /internal/shared/sqlite-database-integration/wp-includes/sqlite-ast/class-wp-sqlite-driver.php(683): WP_SQLite_Driver->new_driver_exception('SQLSTATE[HY000]...', 'HY000', Object(PDOException))
#1 /internal/shared/sqlite-database-integration/wp-includes/sqlite/class-wp-sqlite-db.php(491): WP_SQLite_Driver->query('SHOW TABLE STAT...')
#2 /internal/shared/sqlite-database-integration/wp-includes/sqlite/class-wp-sqlite-db.php(432): WP_SQLite_DB->_do_query('SHOW TABLE STAT...')
#3 /wordpress/wp-includes/class-wpdb.php(3146): WP_SQLite_DB->query('SHOW TABLE STAT...')
#4 /wordpress/wp-content/plugins/contact-form-manager/admin/install.php(178): wpdb->get_results('SHOW TABLE STAT...')
#5 /wordpress/wp-content/plugins/contact-form-manager/admin/install.php(21): cfm_install()
#6 /wordpress/wp-includes/class-wp-hook.php(324): cfm_network_install(false)
#7 /wordpress/wp-includes/class-wp-hook.php(348): WP_Hook->apply_filters('', Array)
#8 /wordpress/wp-includes/plugin.php(517): WP_Hook->do_action(Array)
#9 /wordpress/wp-admin/includes/plugin.php(703): do_action('activate_contac...', false)
#10 /internal/eval.php(20): activate_plugin('contact-form-ma...')
#11 {main}</pre>
 for query SHOW TABLE STATUS WHERE name="xyz_cfm_form_elements" made by activate_plugin, do_action('activate_contact-form-manager/contact-form-manager.php'), WP_Hook->do_action, WP_Hook->apply_filters, cfm_network_install, cfm_install, WP_SQLite_DB->query, WP_SQLite_DB->print_error
[19-Jun-2025 10:39:22 UTC] WordPress database error <div style="clear:both">&nbsp;</div>
<div class="queries" style="clear:both;margin-bottom:2px;border:red dotted thin;">
<p>MySQL query:</p>
<p>SHOW TABLE STATUS WHERE name="wp_xyz_cfm_form_elements"</p>
<p>Queries made or created this session were:</p>
<ol>
<li>Executing: BEGIN IMMEDIATE | (no parameters)</li>
<li>Executing: SELECT * FROM `_wp_sqlite_mysql_information_schema_tables` WHERE table_schema = ? AND `name` = 'wp_xyz_cfm_form_elements' ORDER BY table_name | parameters: database_name_here</li>
<li>Executing: ROLLBACK | (no parameters)</li>
</ol>
</div>
<div style="clear:both;margin-bottom:2px;border:red dotted thin;" class="error_message" style="border-bottom:dotted blue thin;">
SQLSTATE[HY000]: General error: 1 no such column: name
</div>
<p>Backtrace:</p>
<pre>#0 /internal/shared/sqlite-database-integration/wp-includes/sqlite-ast/class-wp-sqlite-driver.php(683): WP_SQLite_Driver->new_driver_exception('SQLSTATE[HY000]...', 'HY000', Object(PDOException))
#1 /internal/shared/sqlite-database-integration/wp-includes/sqlite/class-wp-sqlite-db.php(491): WP_SQLite_Driver->query('SHOW TABLE STAT...')
#2 /internal/shared/sqlite-database-integration/wp-includes/sqlite/class-wp-sqlite-db.php(432): WP_SQLite_DB->_do_query('SHOW TABLE STAT...')
#3 /wordpress/wp-includes/class-wpdb.php(3146): WP_SQLite_DB->query('SHOW TABLE STAT...')
#4 /wordpress/wp-content/plugins/contact-form-manager/admin/install.php(183): wpdb->get_results('SHOW TABLE STAT...')
#5 /wordpress/wp-content/plugins/contact-form-manager/admin/install.php(21): cfm_install()
#6 /wordpress/wp-includes/class-wp-hook.php(324): cfm_network_install(false)
#7 /wordpress/wp-includes/class-wp-hook.php(348): WP_Hook->apply_filters('', Array)
#8 /wordpress/wp-includes/plugin.php(517): WP_Hook->do_action(Array)
#9 /wordpress/wp-admin/includes/plugin.php(703): do_action('activate_contac...', false)
#10 /internal/eval.php(20): activate_plugin('contact-form-ma...')
#11 {main}</pre>
 for query SHOW TABLE STATUS WHERE name="wp_xyz_cfm_form_elements" made by activate_plugin, do_action('activate_contact-form-manager/contact-form-manager.php'), WP_Hook->do_action, WP_Hook->apply_filters, cfm_network_install, cfm_install, WP_SQLite_DB->query, WP_SQLite_DB->print_error
[19-Jun-2025 10:39:23 UTC] WordPress database error <div style="clear:both">&nbsp;</div>
<div class="queries" style="clear:both;margin-bottom:2px;border:red dotted thin;">
<p>MySQL query:</p>
<p>ALTER TABLE wp_xyz_cfm_form_elements ADD (`client_view_check_radio_line_break_count` int not null default '0' ,`client_view_multi_select_drop_down` int not null default '0')</p>
<p>Queries made or created this session were:</p>
<ol>
<li>Executing: BEGIN IMMEDIATE | (no parameters)</li>
<li>Executing: SELECT 1 FROM sqlite_temp_schema WHERE type = 'table' AND name = ? | parameters: wp_xyz_cfm_form_elements</li>
<li>Executing: SELECT
					COLUMN_NAME,
					LOWER(COLUMN_NAME) AS COLUMN_NAME_LOWERCASE
				FROM `_wp_sqlite_mysql_information_schema_columns` WHERE table_schema = ? AND table_name = ? | parameters: database_name_here, wp_xyz_cfm_form_elements</li>
<li>Executing: SELECT 1 FROM sqlite_temp_schema WHERE type = 'table' AND name = ? | parameters: wp_xyz_cfm_form_elements</li>
<li>Executing: ROLLBACK | (no parameters)</li>
</ol>
</div>
<div style="clear:both;margin-bottom:2px;border:red dotted thin;" class="error_message" style="border-bottom:dotted blue thin;">
WP_SQLite_Information_Schema_Builder::get_value(): Argument #1 ($node) must be of type WP_Parser_Node, null given, called in /internal/shared/sqlite-database-integration/wp-includes/sqlite-ast/class-wp-sqlite-information-schema-builder.php on line 523
</div>
<p>Backtrace:</p>
<pre>#0 /internal/shared/sqlite-database-integration/wp-includes/sqlite-ast/class-wp-sqlite-driver.php(683): WP_SQLite_Driver->new_driver_exception('WP_SQLite_Infor...', 0, Object(TypeError))
#1 /internal/shared/sqlite-database-integration/wp-includes/sqlite/class-wp-sqlite-db.php(491): WP_SQLite_Driver->query('ALTER TABLE wp_...')
#2 /internal/shared/sqlite-database-integration/wp-includes/sqlite/class-wp-sqlite-db.php(432): WP_SQLite_DB->_do_query('ALTER TABLE wp_...')
#3 /wordpress/wp-content/plugins/contact-form-manager/admin/install.php(217): WP_SQLite_DB->query('ALTER TABLE wp_...')
#4 /wordpress/wp-content/plugins/contact-form-manager/admin/install.php(21): cfm_install()
#5 /wordpress/wp-includes/class-wp-hook.php(324): cfm_network_install(false)
#6 /wordpress/wp-includes/class-wp-hook.php(348): WP_Hook->apply_filters('', Array)
#7 /wordpress/wp-includes/plugin.php(517): WP_Hook->do_action(Array)
#8 /wordpress/wp-admin/includes/plugin.php(703): do_action('activate_contac...', false)
#9 /internal/eval.php(20): activate_plugin('contact-form-ma...')
#10 {main}</pre>
 for query ALTER TABLE wp_xyz_cfm_form_elements ADD (`client_view_check_radio_line_break_count` int not null default '0' ,`client_view_multi_select_drop_down` int not null default '0') made by activate_plugin, do_action('activate_contact-form-manager/contact-form-manager.php'), WP_Hook->do_action, WP_Hook->apply_filters, cfm_network_install, cfm_install, WP_SQLite_DB->query, WP_SQLite_DB->print_error
[19-Jun-2025 10:39:23 UTC] WordPress database error <div style="clear:both">&nbsp;</div>
<div class="queries" style="clear:both;margin-bottom:2px;border:red dotted thin;">
<p>MySQL query:</p>
<p>SHOW TABLE STATUS WHERE name="xyz_cfm_sender_email_address"</p>
<p>Queries made or created this session were:</p>
<ol>
<li>Executing: BEGIN IMMEDIATE | (no parameters)</li>
<li>Executing: SELECT * FROM `_wp_sqlite_mysql_information_schema_tables` WHERE table_schema = ? AND `name` = 'xyz_cfm_sender_email_address' ORDER BY table_name | parameters: database_name_here</li>
<li>Executing: ROLLBACK | (no parameters)</li>
</ol>
</div>
<div style="clear:both;margin-bottom:2px;border:red dotted thin;" class="error_message" style="border-bottom:dotted blue thin;">
SQLSTATE[HY000]: General error: 1 no such column: name
</div>
<p>Backtrace:</p>
<pre>#0 /internal/shared/sqlite-database-integration/wp-includes/sqlite-ast/class-wp-sqlite-driver.php(683): WP_SQLite_Driver->new_driver_exception('SQLSTATE[HY000]...', 'HY000', Object(PDOException))
#1 /internal/shared/sqlite-database-integration/wp-includes/sqlite/class-wp-sqlite-db.php(491): WP_SQLite_Driver->query('SHOW TABLE STAT...')
#2 /internal/shared/sqlite-database-integration/wp-includes/sqlite/class-wp-sqlite-db.php(432): WP_SQLite_DB->_do_query('SHOW TABLE STAT...')
#3 /wordpress/wp-includes/class-wpdb.php(3146): WP_SQLite_DB->query('SHOW TABLE STAT...')
#4 /wordpress/wp-content/plugins/contact-form-manager/admin/install.php(223): wpdb->get_results('SHOW TABLE STAT...')
#5 /wordpress/wp-content/plugins/contact-form-manager/admin/install.php(21): cfm_install()
#6 /wordpress/wp-includes/class-wp-hook.php(324): cfm_network_install(false)
#7 /wordpress/wp-includes/class-wp-hook.php(348): WP_Hook->apply_filters('', Array)
#8 /wordpress/wp-includes/plugin.php(517): WP_Hook->do_action(Array)
#9 /wordpress/wp-admin/includes/plugin.php(703): do_action('activate_contac...', false)
#10 /internal/eval.php(20): activate_plugin('contact-form-ma...')
#11 {main}</pre>
 for query SHOW TABLE STATUS WHERE name="xyz_cfm_sender_email_address" made by activate_plugin, do_action('activate_contact-form-manager/contact-form-manager.php'), WP_Hook->do_action, WP_Hook->apply_filters, cfm_network_install, cfm_install, WP_SQLite_DB->query, WP_SQLite_DB->print_error
[19-Jun-2025 10:39:23 UTC] WordPress database error <div style="clear:both">&nbsp;</div>
<div class="queries" style="clear:both;margin-bottom:2px;border:red dotted thin;">
<p>MySQL query:</p>
<p>SHOW TABLE STATUS WHERE name="wp_xyz_cfm_sender_email_address"</p>
<p>Queries made or created this session were:</p>
<ol>
<li>Executing: BEGIN IMMEDIATE | (no parameters)</li>
<li>Executing: SELECT * FROM `_wp_sqlite_mysql_information_schema_tables` WHERE table_schema = ? AND `name` = 'wp_xyz_cfm_sender_email_address' ORDER BY table_name | parameters: database_name_here</li>
<li>Executing: ROLLBACK | (no parameters)</li>
</ol>
</div>
<div style="clear:both;margin-bottom:2px;border:red dotted thin;" class="error_message" style="border-bottom:dotted blue thin;">
SQLSTATE[HY000]: General error: 1 no such column: name
</div>
<p>Backtrace:</p>
<pre>#0 /internal/shared/sqlite-database-integration/wp-includes/sqlite-ast/class-wp-sqlite-driver.php(683): WP_SQLite_Driver->new_driver_exception('SQLSTATE[HY000]...', 'HY000', Object(PDOException))
#1 /internal/shared/sqlite-database-integration/wp-includes/sqlite/class-wp-sqlite-db.php(491): WP_SQLite_Driver->query('SHOW TABLE STAT...')
#2 /internal/shared/sqlite-database-integration/wp-includes/sqlite/class-wp-sqlite-db.php(432): WP_SQLite_DB->_do_query('SHOW TABLE STAT...')
#3 /wordpress/wp-includes/class-wpdb.php(3146): WP_SQLite_DB->query('SHOW TABLE STAT...')
#4 /wordpress/wp-content/plugins/contact-form-manager/admin/install.php(228): wpdb->get_results('SHOW TABLE STAT...')
#5 /wordpress/wp-content/plugins/contact-form-manager/admin/install.php(21): cfm_install()
#6 /wordpress/wp-includes/class-wp-hook.php(324): cfm_network_install(false)
#7 /wordpress/wp-includes/class-wp-hook.php(348): WP_Hook->apply_filters('', Array)
#8 /wordpress/wp-includes/plugin.php(517): WP_Hook->do_action(Array)
#9 /wordpress/wp-admin/includes/plugin.php(703): do_action('activate_contac...', false)
#10 /internal/eval.php(20): activate_plugin('contact-form-ma...')
#11 {main}</pre>
 for query SHOW TABLE STATUS WHERE name="wp_xyz_cfm_sender_email_address" made by activate_plugin, do_action('activate_contact-form-manager/contact-form-manager.php'), WP_Hook->do_action, WP_Hook->apply_filters, cfm_network_install, cfm_install, WP_SQLite_DB->query, WP_SQLite_DB->print_error
[19-Jun-2025 10:39:23 UTC] WordPress database error <div style="clear:both">&nbsp;</div>
<div class="queries" style="clear:both;margin-bottom:2px;border:red dotted thin;">
<p>MySQL query:</p>
<p>SHOW TABLE STATUS WHERE name="wp_xyz_cfm_theme_details"</p>
<p>Queries made or created this session were:</p>
<ol>
<li>Executing: BEGIN IMMEDIATE | (no parameters)</li>
<li>Executing: SELECT * FROM `_wp_sqlite_mysql_information_schema_tables` WHERE table_schema = ? AND `name` = 'wp_xyz_cfm_theme_details' ORDER BY table_name | parameters: database_name_here</li>
<li>Executing: ROLLBACK | (no parameters)</li>
</ol>
</div>
<div style="clear:both;margin-bottom:2px;border:red dotted thin;" class="error_message" style="border-bottom:dotted blue thin;">
SQLSTATE[HY000]: General error: 1 no such column: name
</div>
<p>Backtrace:</p>
<pre>#0 /internal/shared/sqlite-database-integration/wp-includes/sqlite-ast/class-wp-sqlite-driver.php(683): WP_SQLite_Driver->new_driver_exception('SQLSTATE[HY000]...', 'HY000', Object(PDOException))
#1 /internal/shared/sqlite-database-integration/wp-includes/sqlite/class-wp-sqlite-db.php(491): WP_SQLite_Driver->query('SHOW TABLE STAT...')
#2 /internal/shared/sqlite-database-integration/wp-includes/sqlite/class-wp-sqlite-db.php(432): WP_SQLite_DB->_do_query('SHOW TABLE STAT...')
#3 /wordpress/wp-includes/class-wpdb.php(3146): WP_SQLite_DB->query('SHOW TABLE STAT...')
#4 /wordpress/wp-content/plugins/contact-form-manager/admin/install.php(463): wpdb->get_results('SHOW TABLE STAT...')
#5 /wordpress/wp-content/plugins/contact-form-manager/admin/install.php(21): cfm_install()
#6 /wordpress/wp-includes/class-wp-hook.php(324): cfm_network_install(false)
#7 /wordpress/wp-includes/class-wp-hook.php(348): WP_Hook->apply_filters('', Array)
#8 /wordpress/wp-includes/plugin.php(517): WP_Hook->do_action(Array)
#9 /wordpress/wp-admin/includes/plugin.php(703): do_action('activate_contac...', false)
#10 /internal/eval.php(20): activate_plugin('contact-form-ma...')
#11 {main}</pre>
 for query SHOW TABLE STATUS WHERE name="wp_xyz_cfm_theme_details" made by activate_plugin, do_action('activate_contact-form-manager/contact-form-manager.php'), WP_Hook->do_action, WP_Hook->apply_filters, cfm_network_install, cfm_install, WP_SQLite_DB->query, WP_SQLite_DB->print_error
[19-Jun-2025 10:39:34 UTC] WordPress database error <div style="clear:both">&nbsp;</div>
<div class="queries" style="clear:both;margin-bottom:2px;border:red dotted thin;">
<p>MySQL query:</p>
<p>SHOW TABLE STATUS WHERE name="xyz_cfm_form"</p>
<p>Queries made or created this session were:</p>
<ol>
<li>Executing: BEGIN IMMEDIATE | (no parameters)</li>
<li>Executing: SELECT * FROM `_wp_sqlite_mysql_information_schema_tables` WHERE table_schema = ? AND `name` = 'xyz_cfm_form' ORDER BY table_name | parameters: database_name_here</li>
<li>Executing: ROLLBACK | (no parameters)</li>
</ol>
</div>
<div style="clear:both;margin-bottom:2px;border:red dotted thin;" class="error_message" style="border-bottom:dotted blue thin;">
SQLSTATE[HY000]: General error: 1 no such column: name
</div>
<p>Backtrace:</p>
<pre>#0 /internal/shared/sqlite-database-integration/wp-includes/sqlite-ast/class-wp-sqlite-driver.php(683): WP_SQLite_Driver->new_driver_exception('SQLSTATE[HY000]...', 'HY000', Object(PDOException))
#1 /internal/shared/sqlite-database-integration/wp-includes/sqlite/class-wp-sqlite-db.php(491): WP_SQLite_Driver->query('SHOW TABLE STAT...')
#2 /internal/shared/sqlite-database-integration/wp-includes/sqlite/class-wp-sqlite-db.php(432): WP_SQLite_DB->_do_query('SHOW TABLE STAT...')
#3 /wordpress/wp-includes/class-wpdb.php(3146): WP_SQLite_DB->query('SHOW TABLE STAT...')
#4 /wordpress/wp-content/plugins/contact-form-manager/admin/install.php(71): wpdb->get_results('SHOW TABLE STAT...')
#5 /wordpress/wp-content/plugins/contact-form-manager/admin/install.php(21): cfm_install()
#6 /wordpress/wp-includes/class-wp-hook.php(324): cfm_network_install(false)
#7 /wordpress/wp-includes/class-wp-hook.php(348): WP_Hook->apply_filters('', Array)
#8 /wordpress/wp-includes/plugin.php(517): WP_Hook->do_action(Array)
#9 /wordpress/wp-admin/includes/plugin.php(703): do_action('activate_contac...', false)
#10 /internal/eval.php(20): activate_plugin('contact-form-ma...')
#11 {main}</pre>
 for query SHOW TABLE STATUS WHERE name="xyz_cfm_form" made by activate_plugin, do_action('activate_contact-form-manager/contact-form-manager.php'), WP_Hook->do_action, WP_Hook->apply_filters, cfm_network_install, cfm_install, WP_SQLite_DB->query, WP_SQLite_DB->print_error
[19-Jun-2025 10:39:34 UTC] WordPress database error <div style="clear:both">&nbsp;</div>
<div class="queries" style="clear:both;margin-bottom:2px;border:red dotted thin;">
<p>MySQL query:</p>
<p>SHOW TABLE STATUS WHERE name="wp_xyz_cfm_form"</p>
<p>Queries made or created this session were:</p>
<ol>
<li>Executing: BEGIN IMMEDIATE | (no parameters)</li>
<li>Executing: SELECT * FROM `_wp_sqlite_mysql_information_schema_tables` WHERE table_schema = ? AND `name` = 'wp_xyz_cfm_form' ORDER BY table_name | parameters: database_name_here</li>
<li>Executing: ROLLBACK | (no parameters)</li>
</ol>
</div>
<div style="clear:both;margin-bottom:2px;border:red dotted thin;" class="error_message" style="border-bottom:dotted blue thin;">
SQLSTATE[HY000]: General error: 1 no such column: name
</div>
<p>Backtrace:</p>
<pre>#0 /internal/shared/sqlite-database-integration/wp-includes/sqlite-ast/class-wp-sqlite-driver.php(683): WP_SQLite_Driver->new_driver_exception('SQLSTATE[HY000]...', 'HY000', Object(PDOException))
#1 /internal/shared/sqlite-database-integration/wp-includes/sqlite/class-wp-sqlite-db.php(491): WP_SQLite_Driver->query('SHOW TABLE STAT...')
#2 /internal/shared/sqlite-database-integration/wp-includes/sqlite/class-wp-sqlite-db.php(432): WP_SQLite_DB->_do_query('SHOW TABLE STAT...')
#3 /wordpress/wp-includes/class-wpdb.php(3146): WP_SQLite_DB->query('SHOW TABLE STAT...')
#4 /wordpress/wp-content/plugins/contact-form-manager/admin/install.php(76): wpdb->get_results('SHOW TABLE STAT...')
#5 /wordpress/wp-content/plugins/contact-form-manager/admin/install.php(21): cfm_install()
#6 /wordpress/wp-includes/class-wp-hook.php(324): cfm_network_install(false)
#7 /wordpress/wp-includes/class-wp-hook.php(348): WP_Hook->apply_filters('', Array)
#8 /wordpress/wp-includes/plugin.php(517): WP_Hook->do_action(Array)
#9 /wordpress/wp-admin/includes/plugin.php(703): do_action('activate_contac...', false)
#10 /internal/eval.php(20): activate_plugin('contact-form-ma...')
#11 {main}</pre>
 for query SHOW TABLE STATUS WHERE name="wp_xyz_cfm_form" made by activate_plugin, do_action('activate_contact-form-manager/contact-form-manager.php'), WP_Hook->do_action, WP_Hook->apply_filters, cfm_network_install, cfm_install, WP_SQLite_DB->query, WP_SQLite_DB->print_error
[19-Jun-2025 10:39:34 UTC] WordPress database error <div style="clear:both">&nbsp;</div>
<div class="queries" style="clear:both;margin-bottom:2px;border:red dotted thin;">
<p>MySQL query:</p>
<p>ALTER TABLE wp_xyz_cfm_form ADD (`from_email_id` int not null default '0' ,`reply_sender_email_id` int not null default '0')</p>
<p>Queries made or created this session were:</p>
<ol>
<li>Executing: BEGIN IMMEDIATE | (no parameters)</li>
<li>Executing: SELECT 1 FROM sqlite_temp_schema WHERE type = 'table' AND name = ? | parameters: wp_xyz_cfm_form</li>
<li>Executing: SELECT
					COLUMN_NAME,
					LOWER(COLUMN_NAME) AS COLUMN_NAME_LOWERCASE
				FROM `_wp_sqlite_mysql_information_schema_columns` WHERE table_schema = ? AND table_name = ? | parameters: database_name_here, wp_xyz_cfm_form</li>
<li>Executing: SELECT 1 FROM sqlite_temp_schema WHERE type = 'table' AND name = ? | parameters: wp_xyz_cfm_form</li>
<li>Executing: ROLLBACK | (no parameters)</li>
</ol>
</div>
<div style="clear:both;margin-bottom:2px;border:red dotted thin;" class="error_message" style="border-bottom:dotted blue thin;">
WP_SQLite_Information_Schema_Builder::get_value(): Argument #1 ($node) must be of type WP_Parser_Node, null given, called in /internal/shared/sqlite-database-integration/wp-includes/sqlite-ast/class-wp-sqlite-information-schema-builder.php on line 523
</div>
<p>Backtrace:</p>
<pre>#0 /internal/shared/sqlite-database-integration/wp-includes/sqlite-ast/class-wp-sqlite-driver.php(683): WP_SQLite_Driver->new_driver_exception('WP_SQLite_Infor...', 0, Object(TypeError))
#1 /internal/shared/sqlite-database-integration/wp-includes/sqlite/class-wp-sqlite-db.php(491): WP_SQLite_Driver->query('ALTER TABLE wp_...')
#2 /internal/shared/sqlite-database-integration/wp-includes/sqlite/class-wp-sqlite-db.php(432): WP_SQLite_DB->_do_query('ALTER TABLE wp_...')
#3 /wordpress/wp-content/plugins/contact-form-manager/admin/install.php(114): WP_SQLite_DB->query('ALTER TABLE wp_...')
#4 /wordpress/wp-content/plugins/contact-form-manager/admin/install.php(21): cfm_install()
#5 /wordpress/wp-includes/class-wp-hook.php(324): cfm_network_install(false)
#6 /wordpress/wp-includes/class-wp-hook.php(348): WP_Hook->apply_filters('', Array)
#7 /wordpress/wp-includes/plugin.php(517): WP_Hook->do_action(Array)
#8 /wordpress/wp-admin/includes/plugin.php(703): do_action('activate_contac...', false)
#9 /internal/eval.php(20): activate_plugin('contact-form-ma...')
#10 {main}</pre>
 for query ALTER TABLE wp_xyz_cfm_form ADD (`from_email_id` int not null default '0' ,`reply_sender_email_id` int not null default '0') made by activate_plugin, do_action('activate_contact-form-manager/contact-form-manager.php'), WP_Hook->do_action, WP_Hook->apply_filters, cfm_network_install, cfm_install, WP_SQLite_DB->query, WP_SQLite_DB->print_error
[19-Jun-2025 10:39:34 UTC] WordPress database error <div style="clear:both">&nbsp;</div>
<div class="queries" style="clear:both;margin-bottom:2px;border:red dotted thin;">
<p>MySQL query:</p>
<p>ALTER TABLE wp_xyz_cfm_form ADD (`redisplay_option` int not null default 2)</p>
<p>Queries made or created this session were:</p>
<ol>
<li>Executing: BEGIN IMMEDIATE | (no parameters)</li>
<li>Executing: SELECT 1 FROM sqlite_temp_schema WHERE type = 'table' AND name = ? | parameters: wp_xyz_cfm_form</li>
<li>Executing: SELECT
					COLUMN_NAME,
					LOWER(COLUMN_NAME) AS COLUMN_NAME_LOWERCASE
				FROM `_wp_sqlite_mysql_information_schema_columns` WHERE table_schema = ? AND table_name = ? | parameters: database_name_here, wp_xyz_cfm_form</li>
<li>Executing: SELECT 1 FROM sqlite_temp_schema WHERE type = 'table' AND name = ? | parameters: wp_xyz_cfm_form</li>
<li>Executing: ROLLBACK | (no parameters)</li>
</ol>
</div>
<div style="clear:both;margin-bottom:2px;border:red dotted thin;" class="error_message" style="border-bottom:dotted blue thin;">
WP_SQLite_Information_Schema_Builder::get_value(): Argument #1 ($node) must be of type WP_Parser_Node, null given, called in /internal/shared/sqlite-database-integration/wp-includes/sqlite-ast/class-wp-sqlite-information-schema-builder.php on line 523
</div>
<p>Backtrace:</p>
<pre>#0 /internal/shared/sqlite-database-integration/wp-includes/sqlite-ast/class-wp-sqlite-driver.php(683): WP_SQLite_Driver->new_driver_exception('WP_SQLite_Infor...', 0, Object(TypeError))
#1 /internal/shared/sqlite-database-integration/wp-includes/sqlite/class-wp-sqlite-db.php(491): WP_SQLite_Driver->query('ALTER TABLE wp_...')
#2 /internal/shared/sqlite-database-integration/wp-includes/sqlite/class-wp-sqlite-db.php(432): WP_SQLite_DB->_do_query('ALTER TABLE wp_...')
#3 /wordpress/wp-content/plugins/contact-form-manager/admin/install.php(138): WP_SQLite_DB->query('ALTER TABLE wp_...')
#4 /wordpress/wp-content/plugins/contact-form-manager/admin/install.php(21): cfm_install()
#5 /wordpress/wp-includes/class-wp-hook.php(324): cfm_network_install(false)
#6 /wordpress/wp-includes/class-wp-hook.php(348): WP_Hook->apply_filters('', Array)
#7 /wordpress/wp-includes/plugin.php(517): WP_Hook->do_action(Array)
#8 /wordpress/wp-admin/includes/plugin.php(703): do_action('activate_contac...', false)
#9 /internal/eval.php(20): activate_plugin('contact-form-ma...')
#10 {main}</pre>
 for query ALTER TABLE wp_xyz_cfm_form ADD (`redisplay_option` int not null default 2) made by activate_plugin, do_action('activate_contact-form-manager/contact-form-manager.php'), WP_Hook->do_action, WP_Hook->apply_filters, cfm_network_install, cfm_install, WP_SQLite_DB->query, WP_SQLite_DB->print_error
[19-Jun-2025 10:39:34 UTC] WordPress database error <div style="clear:both">&nbsp;</div>
<div class="queries" style="clear:both;margin-bottom:2px;border:red dotted thin;">
<p>MySQL query:</p>
<p>ALTER TABLE wp_xyz_cfm_form ADD
				(`newsletter_email_shortcode` varchar(225) COLLATE utf8_unicode_ci NOT NULL,
				`newsletter_email_list` text COLLATE utf8_unicode_ci NOT NULL,
				`newsletter_custom_fields` text COLLATE utf8_unicode_ci NOT NULL,
				`newsletter_optin_mode` varchar(225) COLLATE utf8_unicode_ci NOT NULL,
				`newsletter_subscription_status` int(11) NOT NULL )</p>
<p>Queries made or created this session were:</p>
<ol>
<li>Executing: BEGIN IMMEDIATE | (no parameters)</li>
<li>Executing: SELECT 1 FROM sqlite_temp_schema WHERE type = 'table' AND name = ? | parameters: wp_xyz_cfm_form</li>
<li>Executing: SELECT
					COLUMN_NAME,
					LOWER(COLUMN_NAME) AS COLUMN_NAME_LOWERCASE
				FROM `_wp_sqlite_mysql_information_schema_columns` WHERE table_schema = ? AND table_name = ? | parameters: database_name_here, wp_xyz_cfm_form</li>
<li>Executing: SELECT 1 FROM sqlite_temp_schema WHERE type = 'table' AND name = ? | parameters: wp_xyz_cfm_form</li>
<li>Executing: ROLLBACK | (no parameters)</li>
</ol>
</div>
<div style="clear:both;margin-bottom:2px;border:red dotted thin;" class="error_message" style="border-bottom:dotted blue thin;">
WP_SQLite_Information_Schema_Builder::get_value(): Argument #1 ($node) must be of type WP_Parser_Node, null given, called in /internal/shared/sqlite-database-integration/wp-includes/sqlite-ast/class-wp-sqlite-information-schema-builder.php on line 523
</div>
<p>Backtrace:</p>
<pre>#0 /internal/shared/sqlite-database-integration/wp-includes/sqlite-ast/class-wp-sqlite-driver.php(683): WP_SQLite_Driver->new_driver_exception('WP_SQLite_Infor...', 0, Object(TypeError))
#1 /internal/shared/sqlite-database-integration/wp-includes/sqlite/class-wp-sqlite-db.php(491): WP_SQLite_Driver->query('ALTER TABLE wp_...')
#2 /internal/shared/sqlite-database-integration/wp-includes/sqlite/class-wp-sqlite-db.php(432): WP_SQLite_DB->_do_query('ALTER TABLE wp_...')
#3 /wordpress/wp-content/plugins/contact-form-manager/admin/install.php(151): WP_SQLite_DB->query('ALTER TABLE wp_...')
#4 /wordpress/wp-content/plugins/contact-form-manager/admin/install.php(21): cfm_install()
#5 /wordpress/wp-includes/class-wp-hook.php(324): cfm_network_install(false)
#6 /wordpress/wp-includes/class-wp-hook.php(348): WP_Hook->apply_filters('', Array)
#7 /wordpress/wp-includes/plugin.php(517): WP_Hook->do_action(Array)
#8 /wordpress/wp-admin/includes/plugin.php(703): do_action('activate_contac...', false)
#9 /internal/eval.php(20): activate_plugin('contact-form-ma...')
#10 {main}</pre>
 for query ALTER TABLE wp_xyz_cfm_form ADD
				(`newsletter_email_shortcode` varchar(225) COLLATE utf8_unicode_ci NOT NULL,
				`newsletter_email_list` text COLLATE utf8_unicode_ci NOT NULL,
				`newsletter_custom_fields` text COLLATE utf8_unicode_ci NOT NULL,
				`newsletter_optin_mode` varchar(225) COLLATE utf8_unicode_ci NOT NULL,
				`newsletter_subscription_status` int(11) NOT NULL ) made by activate_plugin, do_action('activate_contact-form-manager/contact-form-manager.php'), WP_Hook->do_action, WP_Hook->apply_filters, cfm_network_install, cfm_install, WP_SQLite_DB->query, WP_SQLite_DB->print_error
[19-Jun-2025 10:39:34 UTC] WordPress database error <div style="clear:both">&nbsp;</div>
<div class="queries" style="clear:both;margin-bottom:2px;border:red dotted thin;">
<p>MySQL query:</p>
<p>ALTER TABLE wp_xyz_cfm_form ADD (`bcc_email` text COLLATE utf8_unicode_ci NOT NULL)</p>
<p>Queries made or created this session were:</p>
<ol>
<li>Executing: BEGIN IMMEDIATE | (no parameters)</li>
<li>Executing: SELECT 1 FROM sqlite_temp_schema WHERE type = 'table' AND name = ? | parameters: wp_xyz_cfm_form</li>
<li>Executing: SELECT
					COLUMN_NAME,
					LOWER(COLUMN_NAME) AS COLUMN_NAME_LOWERCASE
				FROM `_wp_sqlite_mysql_information_schema_columns` WHERE table_schema = ? AND table_name = ? | parameters: database_name_here, wp_xyz_cfm_form</li>
<li>Executing: SELECT 1 FROM sqlite_temp_schema WHERE type = 'table' AND name = ? | parameters: wp_xyz_cfm_form</li>
<li>Executing: ROLLBACK | (no parameters)</li>
</ol>
</div>
<div style="clear:both;margin-bottom:2px;border:red dotted thin;" class="error_message" style="border-bottom:dotted blue thin;">
WP_SQLite_Information_Schema_Builder::get_value(): Argument #1 ($node) must be of type WP_Parser_Node, null given, called in /internal/shared/sqlite-database-integration/wp-includes/sqlite-ast/class-wp-sqlite-information-schema-builder.php on line 523
</div>
<p>Backtrace:</p>
<pre>#0 /internal/shared/sqlite-database-integration/wp-includes/sqlite-ast/class-wp-sqlite-driver.php(683): WP_SQLite_Driver->new_driver_exception('WP_SQLite_Infor...', 0, Object(TypeError))
#1 /internal/shared/sqlite-database-integration/wp-includes/sqlite/class-wp-sqlite-db.php(491): WP_SQLite_Driver->query('ALTER TABLE wp_...')
#2 /internal/shared/sqlite-database-integration/wp-includes/sqlite/class-wp-sqlite-db.php(432): WP_SQLite_DB->_do_query('ALTER TABLE wp_...')
#3 /wordpress/wp-content/plugins/contact-form-manager/admin/install.php(169): WP_SQLite_DB->query('ALTER TABLE wp_...')
#4 /wordpress/wp-content/plugins/contact-form-manager/admin/install.php(21): cfm_install()
#5 /wordpress/wp-includes/class-wp-hook.php(324): cfm_network_install(false)
#6 /wordpress/wp-includes/class-wp-hook.php(348): WP_Hook->apply_filters('', Array)
#7 /wordpress/wp-includes/plugin.php(517): WP_Hook->do_action(Array)
#8 /wordpress/wp-admin/includes/plugin.php(703): do_action('activate_contac...', false)
#9 /internal/eval.php(20): activate_plugin('contact-form-ma...')
#10 {main}</pre>
 for query ALTER TABLE wp_xyz_cfm_form ADD (`bcc_email` text COLLATE utf8_unicode_ci NOT NULL) made by activate_plugin, do_action('activate_contact-form-manager/contact-form-manager.php'), WP_Hook->do_action, WP_Hook->apply_filters, cfm_network_install, cfm_install, WP_SQLite_DB->query, WP_SQLite_DB->print_error
[19-Jun-2025 10:39:34 UTC] WordPress database error <div style="clear:both">&nbsp;</div>
<div class="queries" style="clear:both;margin-bottom:2px;border:red dotted thin;">
<p>MySQL query:</p>
<p>SHOW TABLE STATUS WHERE name="xyz_cfm_form_elements"</p>
<p>Queries made or created this session were:</p>
<ol>
<li>Executing: BEGIN IMMEDIATE | (no parameters)</li>
<li>Executing: SELECT * FROM `_wp_sqlite_mysql_information_schema_tables` WHERE table_schema = ? AND `name` = 'xyz_cfm_form_elements' ORDER BY table_name | parameters: database_name_here</li>
<li>Executing: ROLLBACK | (no parameters)</li>
</ol>
</div>
<div style="clear:both;margin-bottom:2px;border:red dotted thin;" class="error_message" style="border-bottom:dotted blue thin;">
SQLSTATE[HY000]: General error: 1 no such column: name
</div>
<p>Backtrace:</p>
<pre>#0 /internal/shared/sqlite-database-integration/wp-includes/sqlite-ast/class-wp-sqlite-driver.php(683): WP_SQLite_Driver->new_driver_exception('SQLSTATE[HY000]...', 'HY000', Object(PDOException))
#1 /internal/shared/sqlite-database-integration/wp-includes/sqlite/class-wp-sqlite-db.php(491): WP_SQLite_Driver->query('SHOW TABLE STAT...')
#2 /internal/shared/sqlite-database-integration/wp-includes/sqlite/class-wp-sqlite-db.php(432): WP_SQLite_DB->_do_query('SHOW TABLE STAT...')
#3 /wordpress/wp-includes/class-wpdb.php(3146): WP_SQLite_DB->query('SHOW TABLE STAT...')
#4 /wordpress/wp-content/plugins/contact-form-manager/admin/install.php(178): wpdb->get_results('SHOW TABLE STAT...')
#5 /wordpress/wp-content/plugins/contact-form-manager/admin/install.php(21): cfm_install()
#6 /wordpress/wp-includes/class-wp-hook.php(324): cfm_network_install(false)
#7 /wordpress/wp-includes/class-wp-hook.php(348): WP_Hook->apply_filters('', Array)
#8 /wordpress/wp-includes/plugin.php(517): WP_Hook->do_action(Array)
#9 /wordpress/wp-admin/includes/plugin.php(703): do_action('activate_contac...', false)
#10 /internal/eval.php(20): activate_plugin('contact-form-ma...')
#11 {main}</pre>
 for query SHOW TABLE STATUS WHERE name="xyz_cfm_form_elements" made by activate_plugin, do_action('activate_contact-form-manager/contact-form-manager.php'), WP_Hook->do_action, WP_Hook->apply_filters, cfm_network_install, cfm_install, WP_SQLite_DB->query, WP_SQLite_DB->print_error
[19-Jun-2025 10:39:34 UTC] WordPress database error <div style="clear:both">&nbsp;</div>
<div class="queries" style="clear:both;margin-bottom:2px;border:red dotted thin;">
<p>MySQL query:</p>
<p>SHOW TABLE STATUS WHERE name="wp_xyz_cfm_form_elements"</p>
<p>Queries made or created this session were:</p>
<ol>
<li>Executing: BEGIN IMMEDIATE | (no parameters)</li>
<li>Executing: SELECT * FROM `_wp_sqlite_mysql_information_schema_tables` WHERE table_schema = ? AND `name` = 'wp_xyz_cfm_form_elements' ORDER BY table_name | parameters: database_name_here</li>
<li>Executing: ROLLBACK | (no parameters)</li>
</ol>
</div>
<div style="clear:both;margin-bottom:2px;border:red dotted thin;" class="error_message" style="border-bottom:dotted blue thin;">
SQLSTATE[HY000]: General error: 1 no such column: name
</div>
<p>Backtrace:</p>
<pre>#0 /internal/shared/sqlite-database-integration/wp-includes/sqlite-ast/class-wp-sqlite-driver.php(683): WP_SQLite_Driver->new_driver_exception('SQLSTATE[HY000]...', 'HY000', Object(PDOException))
#1 /internal/shared/sqlite-database-integration/wp-includes/sqlite/class-wp-sqlite-db.php(491): WP_SQLite_Driver->query('SHOW TABLE STAT...')
#2 /internal/shared/sqlite-database-integration/wp-includes/sqlite/class-wp-sqlite-db.php(432): WP_SQLite_DB->_do_query('SHOW TABLE STAT...')
#3 /wordpress/wp-includes/class-wpdb.php(3146): WP_SQLite_DB->query('SHOW TABLE STAT...')
#4 /wordpress/wp-content/plugins/contact-form-manager/admin/install.php(183): wpdb->get_results('SHOW TABLE STAT...')
#5 /wordpress/wp-content/plugins/contact-form-manager/admin/install.php(21): cfm_install()
#6 /wordpress/wp-includes/class-wp-hook.php(324): cfm_network_install(false)
#7 /wordpress/wp-includes/class-wp-hook.php(348): WP_Hook->apply_filters('', Array)
#8 /wordpress/wp-includes/plugin.php(517): WP_Hook->do_action(Array)
#9 /wordpress/wp-admin/includes/plugin.php(703): do_action('activate_contac...', false)
#10 /internal/eval.php(20): activate_plugin('contact-form-ma...')
#11 {main}</pre>
 for query SHOW TABLE STATUS WHERE name="wp_xyz_cfm_form_elements" made by activate_plugin, do_action('activate_contact-form-manager/contact-form-manager.php'), WP_Hook->do_action, WP_Hook->apply_filters, cfm_network_install, cfm_install, WP_SQLite_DB->query, WP_SQLite_DB->print_error
[19-Jun-2025 10:39:34 UTC] WordPress database error <div style="clear:both">&nbsp;</div>
<div class="queries" style="clear:both;margin-bottom:2px;border:red dotted thin;">
<p>MySQL query:</p>
<p>ALTER TABLE wp_xyz_cfm_form_elements ADD (`client_view_check_radio_line_break_count` int not null default '0' ,`client_view_multi_select_drop_down` int not null default '0')</p>
<p>Queries made or created this session were:</p>
<ol>
<li>Executing: BEGIN IMMEDIATE | (no parameters)</li>
<li>Executing: SELECT 1 FROM sqlite_temp_schema WHERE type = 'table' AND name = ? | parameters: wp_xyz_cfm_form_elements</li>
<li>Executing: SELECT
					COLUMN_NAME,
					LOWER(COLUMN_NAME) AS COLUMN_NAME_LOWERCASE
				FROM `_wp_sqlite_mysql_information_schema_columns` WHERE table_schema = ? AND table_name = ? | parameters: database_name_here, wp_xyz_cfm_form_elements</li>
<li>Executing: SELECT 1 FROM sqlite_temp_schema WHERE type = 'table' AND name = ? | parameters: wp_xyz_cfm_form_elements</li>
<li>Executing: ROLLBACK | (no parameters)</li>
</ol>
</div>
<div style="clear:both;margin-bottom:2px;border:red dotted thin;" class="error_message" style="border-bottom:dotted blue thin;">
WP_SQLite_Information_Schema_Builder::get_value(): Argument #1 ($node) must be of type WP_Parser_Node, null given, called in /internal/shared/sqlite-database-integration/wp-includes/sqlite-ast/class-wp-sqlite-information-schema-builder.php on line 523
</div>
<p>Backtrace:</p>
<pre>#0 /internal/shared/sqlite-database-integration/wp-includes/sqlite-ast/class-wp-sqlite-driver.php(683): WP_SQLite_Driver->new_driver_exception('WP_SQLite_Infor...', 0, Object(TypeError))
#1 /internal/shared/sqlite-database-integration/wp-includes/sqlite/class-wp-sqlite-db.php(491): WP_SQLite_Driver->query('ALTER TABLE wp_...')
#2 /internal/shared/sqlite-database-integration/wp-includes/sqlite/class-wp-sqlite-db.php(432): WP_SQLite_DB->_do_query('ALTER TABLE wp_...')
#3 /wordpress/wp-content/plugins/contact-form-manager/admin/install.php(217): WP_SQLite_DB->query('ALTER TABLE wp_...')
#4 /wordpress/wp-content/plugins/contact-form-manager/admin/install.php(21): cfm_install()
#5 /wordpress/wp-includes/class-wp-hook.php(324): cfm_network_install(false)
#6 /wordpress/wp-includes/class-wp-hook.php(348): WP_Hook->apply_filters('', Array)
#7 /wordpress/wp-includes/plugin.php(517): WP_Hook->do_action(Array)
#8 /wordpress/wp-admin/includes/plugin.php(703): do_action('activate_contac...', false)
#9 /internal/eval.php(20): activate_plugin('contact-form-ma...')
#10 {main}</pre>
 for query ALTER TABLE wp_xyz_cfm_form_elements ADD (`client_view_check_radio_line_break_count` int not null default '0' ,`client_view_multi_select_drop_down` int not null default '0') made by activate_plugin, do_action('activate_contact-form-manager/contact-form-manager.php'), WP_Hook->do_action, WP_Hook->apply_filters, cfm_network_install, cfm_install, WP_SQLite_DB->query, WP_SQLite_DB->print_error
[19-Jun-2025 10:39:34 UTC] WordPress database error <div style="clear:both">&nbsp;</div>
<div class="queries" style="clear:both;margin-bottom:2px;border:red dotted thin;">
<p>MySQL query:</p>
<p>SHOW TABLE STATUS WHERE name="xyz_cfm_sender_email_address"</p>
<p>Queries made or created this session were:</p>
<ol>
<li>Executing: BEGIN IMMEDIATE | (no parameters)</li>
<li>Executing: SELECT * FROM `_wp_sqlite_mysql_information_schema_tables` WHERE table_schema = ? AND `name` = 'xyz_cfm_sender_email_address' ORDER BY table_name | parameters: database_name_here</li>
<li>Executing: ROLLBACK | (no parameters)</li>
</ol>
</div>
<div style="clear:both;margin-bottom:2px;border:red dotted thin;" class="error_message" style="border-bottom:dotted blue thin;">
SQLSTATE[HY000]: General error: 1 no such column: name
</div>
<p>Backtrace:</p>
<pre>#0 /internal/shared/sqlite-database-integration/wp-includes/sqlite-ast/class-wp-sqlite-driver.php(683): WP_SQLite_Driver->new_driver_exception('SQLSTATE[HY000]...', 'HY000', Object(PDOException))
#1 /internal/shared/sqlite-database-integration/wp-includes/sqlite/class-wp-sqlite-db.php(491): WP_SQLite_Driver->query('SHOW TABLE STAT...')
#2 /internal/shared/sqlite-database-integration/wp-includes/sqlite/class-wp-sqlite-db.php(432): WP_SQLite_DB->_do_query('SHOW TABLE STAT...')
#3 /wordpress/wp-includes/class-wpdb.php(3146): WP_SQLite_DB->query('SHOW TABLE STAT...')
#4 /wordpress/wp-content/plugins/contact-form-manager/admin/install.php(223): wpdb->get_results('SHOW TABLE STAT...')
#5 /wordpress/wp-content/plugins/contact-form-manager/admin/install.php(21): cfm_install()
#6 /wordpress/wp-includes/class-wp-hook.php(324): cfm_network_install(false)
#7 /wordpress/wp-includes/class-wp-hook.php(348): WP_Hook->apply_filters('', Array)
#8 /wordpress/wp-includes/plugin.php(517): WP_Hook->do_action(Array)
#9 /wordpress/wp-admin/includes/plugin.php(703): do_action('activate_contac...', false)
#10 /internal/eval.php(20): activate_plugin('contact-form-ma...')
#11 {main}</pre>
 for query SHOW TABLE STATUS WHERE name="xyz_cfm_sender_email_address" made by activate_plugin, do_action('activate_contact-form-manager/contact-form-manager.php'), WP_Hook->do_action, WP_Hook->apply_filters, cfm_network_install, cfm_install, WP_SQLite_DB->query, WP_SQLite_DB->print_error
[19-Jun-2025 10:39:34 UTC] WordPress database error <div style="clear:both">&nbsp;</div>
<div class="queries" style="clear:both;margin-bottom:2px;border:red dotted thin;">
<p>MySQL query:</p>
<p>SHOW TABLE STATUS WHERE name="wp_xyz_cfm_sender_email_address"</p>
<p>Queries made or created this session were:</p>
<ol>
<li>Executing: BEGIN IMMEDIATE | (no parameters)</li>
<li>Executing: SELECT * FROM `_wp_sqlite_mysql_information_schema_tables` WHERE table_schema = ? AND `name` = 'wp_xyz_cfm_sender_email_address' ORDER BY table_name | parameters: database_name_here</li>
<li>Executing: ROLLBACK | (no parameters)</li>
</ol>
</div>
<div style="clear:both;margin-bottom:2px;border:red dotted thin;" class="error_message" style="border-bottom:dotted blue thin;">
SQLSTATE[HY000]: General error: 1 no such column: name
</div>
<p>Backtrace:</p>
<pre>#0 /internal/shared/sqlite-database-integration/wp-includes/sqlite-ast/class-wp-sqlite-driver.php(683): WP_SQLite_Driver->new_driver_exception('SQLSTATE[HY000]...', 'HY000', Object(PDOException))
#1 /internal/shared/sqlite-database-integration/wp-includes/sqlite/class-wp-sqlite-db.php(491): WP_SQLite_Driver->query('SHOW TABLE STAT...')
#2 /internal/shared/sqlite-database-integration/wp-includes/sqlite/class-wp-sqlite-db.php(432): WP_SQLite_DB->_do_query('SHOW TABLE STAT...')
#3 /wordpress/wp-includes/class-wpdb.php(3146): WP_SQLite_DB->query('SHOW TABLE STAT...')
#4 /wordpress/wp-content/plugins/contact-form-manager/admin/install.php(228): wpdb->get_results('SHOW TABLE STAT...')
#5 /wordpress/wp-content/plugins/contact-form-manager/admin/install.php(21): cfm_install()
#6 /wordpress/wp-includes/class-wp-hook.php(324): cfm_network_install(false)
#7 /wordpress/wp-includes/class-wp-hook.php(348): WP_Hook->apply_filters('', Array)
#8 /wordpress/wp-includes/plugin.php(517): WP_Hook->do_action(Array)
#9 /wordpress/wp-admin/includes/plugin.php(703): do_action('activate_contac...', false)
#10 /internal/eval.php(20): activate_plugin('contact-form-ma...')
#11 {main}</pre>
 for query SHOW TABLE STATUS WHERE name="wp_xyz_cfm_sender_email_address" made by activate_plugin, do_action('activate_contact-form-manager/contact-form-manager.php'), WP_Hook->do_action, WP_Hook->apply_filters, cfm_network_install, cfm_install, WP_SQLite_DB->query, WP_SQLite_DB->print_error
[19-Jun-2025 10:39:34 UTC] WordPress database error <div style="clear:both">&nbsp;</div>
<div class="queries" style="clear:both;margin-bottom:2px;border:red dotted thin;">
<p>MySQL query:</p>
<p>SHOW TABLE STATUS WHERE name="wp_xyz_cfm_theme_details"</p>
<p>Queries made or created this session were:</p>
<ol>
<li>Executing: BEGIN IMMEDIATE | (no parameters)</li>
<li>Executing: SELECT * FROM `_wp_sqlite_mysql_information_schema_tables` WHERE table_schema = ? AND `name` = 'wp_xyz_cfm_theme_details' ORDER BY table_name | parameters: database_name_here</li>
<li>Executing: ROLLBACK | (no parameters)</li>
</ol>
</div>
<div style="clear:both;margin-bottom:2px;border:red dotted thin;" class="error_message" style="border-bottom:dotted blue thin;">
SQLSTATE[HY000]: General error: 1 no such column: name
</div>
<p>Backtrace:</p>
<pre>#0 /internal/shared/sqlite-database-integration/wp-includes/sqlite-ast/class-wp-sqlite-driver.php(683): WP_SQLite_Driver->new_driver_exception('SQLSTATE[HY000]...', 'HY000', Object(PDOException))
#1 /internal/shared/sqlite-database-integration/wp-includes/sqlite/class-wp-sqlite-db.php(491): WP_SQLite_Driver->query('SHOW TABLE STAT...')
#2 /internal/shared/sqlite-database-integration/wp-includes/sqlite/class-wp-sqlite-db.php(432): WP_SQLite_DB->_do_query('SHOW TABLE STAT...')
#3 /wordpress/wp-includes/class-wpdb.php(3146): WP_SQLite_DB->query('SHOW TABLE STAT...')
#4 /wordpress/wp-content/plugins/contact-form-manager/admin/install.php(463): wpdb->get_results('SHOW TABLE STAT...')
#5 /wordpress/wp-content/plugins/contact-form-manager/admin/install.php(21): cfm_install()
#6 /wordpress/wp-includes/class-wp-hook.php(324): cfm_network_install(false)
#7 /wordpress/wp-includes/class-wp-hook.php(348): WP_Hook->apply_filters('', Array)
#8 /wordpress/wp-includes/plugin.php(517): WP_Hook->do_action(Array)
#9 /wordpress/wp-admin/includes/plugin.php(703): do_action('activate_contac...', false)
#10 /internal/eval.php(20): activate_plugin('contact-form-ma...')
#11 {main}</pre>
 for query SHOW TABLE STATUS WHERE name="wp_xyz_cfm_theme_details" made by activate_plugin, do_action('activate_contact-form-manager/contact-form-manager.php'), WP_Hook->do_action, WP_Hook->apply_filters, cfm_network_install, cfm_install, WP_SQLite_DB->query, WP_SQLite_DB->print_error
[19-Jun-2025 10:39:44 UTC] WordPress database error <div style="clear:both">&nbsp;</div>
<div class="queries" style="clear:both;margin-bottom:2px;border:red dotted thin;">
<p>MySQL query:</p>
<p>SHOW TABLE STATUS WHERE name="xyz_cfm_form"</p>
<p>Queries made or created this session were:</p>
<ol>
<li>Executing: BEGIN IMMEDIATE | (no parameters)</li>
<li>Executing: SELECT * FROM `_wp_sqlite_mysql_information_schema_tables` WHERE table_schema = ? AND `name` = 'xyz_cfm_form' ORDER BY table_name | parameters: database_name_here</li>
<li>Executing: ROLLBACK | (no parameters)</li>
</ol>
</div>
<div style="clear:both;margin-bottom:2px;border:red dotted thin;" class="error_message" style="border-bottom:dotted blue thin;">
SQLSTATE[HY000]: General error: 1 no such column: name
</div>
<p>Backtrace:</p>
<pre>#0 /internal/shared/sqlite-database-integration/wp-includes/sqlite-ast/class-wp-sqlite-driver.php(683): WP_SQLite_Driver->new_driver_exception('SQLSTATE[HY000]...', 'HY000', Object(PDOException))
#1 /internal/shared/sqlite-database-integration/wp-includes/sqlite/class-wp-sqlite-db.php(491): WP_SQLite_Driver->query('SHOW TABLE STAT...')
#2 /internal/shared/sqlite-database-integration/wp-includes/sqlite/class-wp-sqlite-db.php(432): WP_SQLite_DB->_do_query('SHOW TABLE STAT...')
#3 /wordpress/wp-includes/class-wpdb.php(3146): WP_SQLite_DB->query('SHOW TABLE STAT...')
#4 /wordpress/wp-content/plugins/contact-form-manager/admin/install.php(71): wpdb->get_results('SHOW TABLE STAT...')
#5 /wordpress/wp-content/plugins/contact-form-manager/admin/install.php(21): cfm_install()
#6 /wordpress/wp-includes/class-wp-hook.php(324): cfm_network_install(false)
#7 /wordpress/wp-includes/class-wp-hook.php(348): WP_Hook->apply_filters('', Array)
#8 /wordpress/wp-includes/plugin.php(517): WP_Hook->do_action(Array)
#9 /wordpress/wp-admin/includes/plugin.php(703): do_action('activate_contac...', false)
#10 /internal/eval.php(20): activate_plugin('contact-form-ma...')
#11 {main}</pre>
 for query SHOW TABLE STATUS WHERE name="xyz_cfm_form" made by activate_plugin, do_action('activate_contact-form-manager/contact-form-manager.php'), WP_Hook->do_action, WP_Hook->apply_filters, cfm_network_install, cfm_install, WP_SQLite_DB->query, WP_SQLite_DB->print_error
[19-Jun-2025 10:39:44 UTC] WordPress database error <div style="clear:both">&nbsp;</div>
<div class="queries" style="clear:both;margin-bottom:2px;border:red dotted thin;">
<p>MySQL query:</p>
<p>SHOW TABLE STATUS WHERE name="wp_xyz_cfm_form"</p>
<p>Queries made or created this session were:</p>
<ol>
<li>Executing: BEGIN IMMEDIATE | (no parameters)</li>
<li>Executing: SELECT * FROM `_wp_sqlite_mysql_information_schema_tables` WHERE table_schema = ? AND `name` = 'wp_xyz_cfm_form' ORDER BY table_name | parameters: database_name_here</li>
<li>Executing: ROLLBACK | (no parameters)</li>
</ol>
</div>
<div style="clear:both;margin-bottom:2px;border:red dotted thin;" class="error_message" style="border-bottom:dotted blue thin;">
SQLSTATE[HY000]: General error: 1 no such column: name
</div>
<p>Backtrace:</p>
<pre>#0 /internal/shared/sqlite-database-integration/wp-includes/sqlite-ast/class-wp-sqlite-driver.php(683): WP_SQLite_Driver->new_driver_exception('SQLSTATE[HY000]...', 'HY000', Object(PDOException))
#1 /internal/shared/sqlite-database-integration/wp-includes/sqlite/class-wp-sqlite-db.php(491): WP_SQLite_Driver->query('SHOW TABLE STAT...')
#2 /internal/shared/sqlite-database-integration/wp-includes/sqlite/class-wp-sqlite-db.php(432): WP_SQLite_DB->_do_query('SHOW TABLE STAT...')
#3 /wordpress/wp-includes/class-wpdb.php(3146): WP_SQLite_DB->query('SHOW TABLE STAT...')
#4 /wordpress/wp-content/plugins/contact-form-manager/admin/install.php(76): wpdb->get_results('SHOW TABLE STAT...')
#5 /wordpress/wp-content/plugins/contact-form-manager/admin/install.php(21): cfm_install()
#6 /wordpress/wp-includes/class-wp-hook.php(324): cfm_network_install(false)
#7 /wordpress/wp-includes/class-wp-hook.php(348): WP_Hook->apply_filters('', Array)
#8 /wordpress/wp-includes/plugin.php(517): WP_Hook->do_action(Array)
#9 /wordpress/wp-admin/includes/plugin.php(703): do_action('activate_contac...', false)
#10 /internal/eval.php(20): activate_plugin('contact-form-ma...')
#11 {main}</pre>
 for query SHOW TABLE STATUS WHERE name="wp_xyz_cfm_form" made by activate_plugin, do_action('activate_contact-form-manager/contact-form-manager.php'), WP_Hook->do_action, WP_Hook->apply_filters, cfm_network_install, cfm_install, WP_SQLite_DB->query, WP_SQLite_DB->print_error
[19-Jun-2025 10:39:44 UTC] WordPress database error <div style="clear:both">&nbsp;</div>
<div class="queries" style="clear:both;margin-bottom:2px;border:red dotted thin;">
<p>MySQL query:</p>
<p>ALTER TABLE wp_xyz_cfm_form ADD (`from_email_id` int not null default '0' ,`reply_sender_email_id` int not null default '0')</p>
<p>Queries made or created this session were:</p>
<ol>
<li>Executing: BEGIN IMMEDIATE | (no parameters)</li>
<li>Executing: SELECT 1 FROM sqlite_temp_schema WHERE type = 'table' AND name = ? | parameters: wp_xyz_cfm_form</li>
<li>Executing: SELECT
					COLUMN_NAME,
					LOWER(COLUMN_NAME) AS COLUMN_NAME_LOWERCASE
				FROM `_wp_sqlite_mysql_information_schema_columns` WHERE table_schema = ? AND table_name = ? | parameters: database_name_here, wp_xyz_cfm_form</li>
<li>Executing: SELECT 1 FROM sqlite_temp_schema WHERE type = 'table' AND name = ? | parameters: wp_xyz_cfm_form</li>
<li>Executing: ROLLBACK | (no parameters)</li>
</ol>
</div>
<div style="clear:both;margin-bottom:2px;border:red dotted thin;" class="error_message" style="border-bottom:dotted blue thin;">
WP_SQLite_Information_Schema_Builder::get_value(): Argument #1 ($node) must be of type WP_Parser_Node, null given, called in /internal/shared/sqlite-database-integration/wp-includes/sqlite-ast/class-wp-sqlite-information-schema-builder.php on line 523
</div>
<p>Backtrace:</p>
<pre>#0 /internal/shared/sqlite-database-integration/wp-includes/sqlite-ast/class-wp-sqlite-driver.php(683): WP_SQLite_Driver->new_driver_exception('WP_SQLite_Infor...', 0, Object(TypeError))
#1 /internal/shared/sqlite-database-integration/wp-includes/sqlite/class-wp-sqlite-db.php(491): WP_SQLite_Driver->query('ALTER TABLE wp_...')
#2 /internal/shared/sqlite-database-integration/wp-includes/sqlite/class-wp-sqlite-db.php(432): WP_SQLite_DB->_do_query('ALTER TABLE wp_...')
#3 /wordpress/wp-content/plugins/contact-form-manager/admin/install.php(114): WP_SQLite_DB->query('ALTER TABLE wp_...')
#4 /wordpress/wp-content/plugins/contact-form-manager/admin/install.php(21): cfm_install()
#5 /wordpress/wp-includes/class-wp-hook.php(324): cfm_network_install(false)
#6 /wordpress/wp-includes/class-wp-hook.php(348): WP_Hook->apply_filters('', Array)
#7 /wordpress/wp-includes/plugin.php(517): WP_Hook->do_action(Array)
#8 /wordpress/wp-admin/includes/plugin.php(703): do_action('activate_contac...', false)
#9 /internal/eval.php(20): activate_plugin('contact-form-ma...')
#10 {main}</pre>
 for query ALTER TABLE wp_xyz_cfm_form ADD (`from_email_id` int not null default '0' ,`reply_sender_email_id` int not null default '0') made by activate_plugin, do_action('activate_contact-form-manager/contact-form-manager.php'), WP_Hook->do_action, WP_Hook->apply_filters, cfm_network_install, cfm_install, WP_SQLite_DB->query, WP_SQLite_DB->print_error
[19-Jun-2025 10:39:44 UTC] WordPress database error <div style="clear:both">&nbsp;</div>
<div class="queries" style="clear:both;margin-bottom:2px;border:red dotted thin;">
<p>MySQL query:</p>
<p>ALTER TABLE wp_xyz_cfm_form ADD (`redisplay_option` int not null default 2)</p>
<p>Queries made or created this session were:</p>
<ol>
<li>Executing: BEGIN IMMEDIATE | (no parameters)</li>
<li>Executing: SELECT 1 FROM sqlite_temp_schema WHERE type = 'table' AND name = ? | parameters: wp_xyz_cfm_form</li>
<li>Executing: SELECT
					COLUMN_NAME,
					LOWER(COLUMN_NAME) AS COLUMN_NAME_LOWERCASE
				FROM `_wp_sqlite_mysql_information_schema_columns` WHERE table_schema = ? AND table_name = ? | parameters: database_name_here, wp_xyz_cfm_form</li>
<li>Executing: SELECT 1 FROM sqlite_temp_schema WHERE type = 'table' AND name = ? | parameters: wp_xyz_cfm_form</li>
<li>Executing: ROLLBACK | (no parameters)</li>
</ol>
</div>
<div style="clear:both;margin-bottom:2px;border:red dotted thin;" class="error_message" style="border-bottom:dotted blue thin;">
WP_SQLite_Information_Schema_Builder::get_value(): Argument #1 ($node) must be of type WP_Parser_Node, null given, called in /internal/shared/sqlite-database-integration/wp-includes/sqlite-ast/class-wp-sqlite-information-schema-builder.php on line 523
</div>
<p>Backtrace:</p>
<pre>#0 /internal/shared/sqlite-database-integration/wp-includes/sqlite-ast/class-wp-sqlite-driver.php(683): WP_SQLite_Driver->new_driver_exception('WP_SQLite_Infor...', 0, Object(TypeError))
#1 /internal/shared/sqlite-database-integration/wp-includes/sqlite/class-wp-sqlite-db.php(491): WP_SQLite_Driver->query('ALTER TABLE wp_...')
#2 /internal/shared/sqlite-database-integration/wp-includes/sqlite/class-wp-sqlite-db.php(432): WP_SQLite_DB->_do_query('ALTER TABLE wp_...')
#3 /wordpress/wp-content/plugins/contact-form-manager/admin/install.php(138): WP_SQLite_DB->query('ALTER TABLE wp_...')
#4 /wordpress/wp-content/plugins/contact-form-manager/admin/install.php(21): cfm_install()
#5 /wordpress/wp-includes/class-wp-hook.php(324): cfm_network_install(false)
#6 /wordpress/wp-includes/class-wp-hook.php(348): WP_Hook->apply_filters('', Array)
#7 /wordpress/wp-includes/plugin.php(517): WP_Hook->do_action(Array)
#8 /wordpress/wp-admin/includes/plugin.php(703): do_action('activate_contac...', false)
#9 /internal/eval.php(20): activate_plugin('contact-form-ma...')
#10 {main}</pre>
 for query ALTER TABLE wp_xyz_cfm_form ADD (`redisplay_option` int not null default 2) made by activate_plugin, do_action('activate_contact-form-manager/contact-form-manager.php'), WP_Hook->do_action, WP_Hook->apply_filters, cfm_network_install, cfm_install, WP_SQLite_DB->query, WP_SQLite_DB->print_error
[19-Jun-2025 10:39:44 UTC] WordPress database error <div style="clear:both">&nbsp;</div>
<div class="queries" style="clear:both;margin-bottom:2px;border:red dotted thin;">
<p>MySQL query:</p>
<p>ALTER TABLE wp_xyz_cfm_form ADD
				(`newsletter_email_shortcode` varchar(225) COLLATE utf8_unicode_ci NOT NULL,
				`newsletter_email_list` text COLLATE utf8_unicode_ci NOT NULL,
				`newsletter_custom_fields` text COLLATE utf8_unicode_ci NOT NULL,
				`newsletter_optin_mode` varchar(225) COLLATE utf8_unicode_ci NOT NULL,
				`newsletter_subscription_status` int(11) NOT NULL )</p>
<p>Queries made or created this session were:</p>
<ol>
<li>Executing: BEGIN IMMEDIATE | (no parameters)</li>
<li>Executing: SELECT 1 FROM sqlite_temp_schema WHERE type = 'table' AND name = ? | parameters: wp_xyz_cfm_form</li>
<li>Executing: SELECT
					COLUMN_NAME,
					LOWER(COLUMN_NAME) AS COLUMN_NAME_LOWERCASE
				FROM `_wp_sqlite_mysql_information_schema_columns` WHERE table_schema = ? AND table_name = ? | parameters: database_name_here, wp_xyz_cfm_form</li>
<li>Executing: SELECT 1 FROM sqlite_temp_schema WHERE type = 'table' AND name = ? | parameters: wp_xyz_cfm_form</li>
<li>Executing: ROLLBACK | (no parameters)</li>
</ol>
</div>
<div style="clear:both;margin-bottom:2px;border:red dotted thin;" class="error_message" style="border-bottom:dotted blue thin;">
WP_SQLite_Information_Schema_Builder::get_value(): Argument #1 ($node) must be of type WP_Parser_Node, null given, called in /internal/shared/sqlite-database-integration/wp-includes/sqlite-ast/class-wp-sqlite-information-schema-builder.php on line 523
</div>
<p>Backtrace:</p>
<pre>#0 /internal/shared/sqlite-database-integration/wp-includes/sqlite-ast/class-wp-sqlite-driver.php(683): WP_SQLite_Driver->new_driver_exception('WP_SQLite_Infor...', 0, Object(TypeError))
#1 /internal/shared/sqlite-database-integration/wp-includes/sqlite/class-wp-sqlite-db.php(491): WP_SQLite_Driver->query('ALTER TABLE wp_...')
#2 /internal/shared/sqlite-database-integration/wp-includes/sqlite/class-wp-sqlite-db.php(432): WP_SQLite_DB->_do_query('ALTER TABLE wp_...')
#3 /wordpress/wp-content/plugins/contact-form-manager/admin/install.php(151): WP_SQLite_DB->query('ALTER TABLE wp_...')
#4 /wordpress/wp-content/plugins/contact-form-manager/admin/install.php(21): cfm_install()
#5 /wordpress/wp-includes/class-wp-hook.php(324): cfm_network_install(false)
#6 /wordpress/wp-includes/class-wp-hook.php(348): WP_Hook->apply_filters('', Array)
#7 /wordpress/wp-includes/plugin.php(517): WP_Hook->do_action(Array)
#8 /wordpress/wp-admin/includes/plugin.php(703): do_action('activate_contac...', false)
#9 /internal/eval.php(20): activate_plugin('contact-form-ma...')
#10 {main}</pre>
 for query ALTER TABLE wp_xyz_cfm_form ADD
				(`newsletter_email_shortcode` varchar(225) COLLATE utf8_unicode_ci NOT NULL,
				`newsletter_email_list` text COLLATE utf8_unicode_ci NOT NULL,
				`newsletter_custom_fields` text COLLATE utf8_unicode_ci NOT NULL,
				`newsletter_optin_mode` varchar(225) COLLATE utf8_unicode_ci NOT NULL,
				`newsletter_subscription_status` int(11) NOT NULL ) made by activate_plugin, do_action('activate_contact-form-manager/contact-form-manager.php'), WP_Hook->do_action, WP_Hook->apply_filters, cfm_network_install, cfm_install, WP_SQLite_DB->query, WP_SQLite_DB->print_error
[19-Jun-2025 10:39:44 UTC] WordPress database error <div style="clear:both">&nbsp;</div>
<div class="queries" style="clear:both;margin-bottom:2px;border:red dotted thin;">
<p>MySQL query:</p>
<p>ALTER TABLE wp_xyz_cfm_form ADD (`bcc_email` text COLLATE utf8_unicode_ci NOT NULL)</p>
<p>Queries made or created this session were:</p>
<ol>
<li>Executing: BEGIN IMMEDIATE | (no parameters)</li>
<li>Executing: SELECT 1 FROM sqlite_temp_schema WHERE type = 'table' AND name = ? | parameters: wp_xyz_cfm_form</li>
<li>Executing: SELECT
					COLUMN_NAME,
					LOWER(COLUMN_NAME) AS COLUMN_NAME_LOWERCASE
				FROM `_wp_sqlite_mysql_information_schema_columns` WHERE table_schema = ? AND table_name = ? | parameters: database_name_here, wp_xyz_cfm_form</li>
<li>Executing: SELECT 1 FROM sqlite_temp_schema WHERE type = 'table' AND name = ? | parameters: wp_xyz_cfm_form</li>
<li>Executing: ROLLBACK | (no parameters)</li>
</ol>
</div>
<div style="clear:both;margin-bottom:2px;border:red dotted thin;" class="error_message" style="border-bottom:dotted blue thin;">
WP_SQLite_Information_Schema_Builder::get_value(): Argument #1 ($node) must be of type WP_Parser_Node, null given, called in /internal/shared/sqlite-database-integration/wp-includes/sqlite-ast/class-wp-sqlite-information-schema-builder.php on line 523
</div>
<p>Backtrace:</p>
<pre>#0 /internal/shared/sqlite-database-integration/wp-includes/sqlite-ast/class-wp-sqlite-driver.php(683): WP_SQLite_Driver->new_driver_exception('WP_SQLite_Infor...', 0, Object(TypeError))
#1 /internal/shared/sqlite-database-integration/wp-includes/sqlite/class-wp-sqlite-db.php(491): WP_SQLite_Driver->query('ALTER TABLE wp_...')
#2 /internal/shared/sqlite-database-integration/wp-includes/sqlite/class-wp-sqlite-db.php(432): WP_SQLite_DB->_do_query('ALTER TABLE wp_...')
#3 /wordpress/wp-content/plugins/contact-form-manager/admin/install.php(169): WP_SQLite_DB->query('ALTER TABLE wp_...')
#4 /wordpress/wp-content/plugins/contact-form-manager/admin/install.php(21): cfm_install()
#5 /wordpress/wp-includes/class-wp-hook.php(324): cfm_network_install(false)
#6 /wordpress/wp-includes/class-wp-hook.php(348): WP_Hook->apply_filters('', Array)
#7 /wordpress/wp-includes/plugin.php(517): WP_Hook->do_action(Array)
#8 /wordpress/wp-admin/includes/plugin.php(703): do_action('activate_contac...', false)
#9 /internal/eval.php(20): activate_plugin('contact-form-ma...')
#10 {main}</pre>
 for query ALTER TABLE wp_xyz_cfm_form ADD (`bcc_email` text COLLATE utf8_unicode_ci NOT NULL) made by activate_plugin, do_action('activate_contact-form-manager/contact-form-manager.php'), WP_Hook->do_action, WP_Hook->apply_filters, cfm_network_install, cfm_install, WP_SQLite_DB->query, WP_SQLite_DB->print_error
[19-Jun-2025 10:39:44 UTC] WordPress database error <div style="clear:both">&nbsp;</div>
<div class="queries" style="clear:both;margin-bottom:2px;border:red dotted thin;">
<p>MySQL query:</p>
<p>SHOW TABLE STATUS WHERE name="xyz_cfm_form_elements"</p>
<p>Queries made or created this session were:</p>
<ol>
<li>Executing: BEGIN IMMEDIATE | (no parameters)</li>
<li>Executing: SELECT * FROM `_wp_sqlite_mysql_information_schema_tables` WHERE table_schema = ? AND `name` = 'xyz_cfm_form_elements' ORDER BY table_name | parameters: database_name_here</li>
<li>Executing: ROLLBACK | (no parameters)</li>
</ol>
</div>
<div style="clear:both;margin-bottom:2px;border:red dotted thin;" class="error_message" style="border-bottom:dotted blue thin;">
SQLSTATE[HY000]: General error: 1 no such column: name
</div>
<p>Backtrace:</p>
<pre>#0 /internal/shared/sqlite-database-integration/wp-includes/sqlite-ast/class-wp-sqlite-driver.php(683): WP_SQLite_Driver->new_driver_exception('SQLSTATE[HY000]...', 'HY000', Object(PDOException))
#1 /internal/shared/sqlite-database-integration/wp-includes/sqlite/class-wp-sqlite-db.php(491): WP_SQLite_Driver->query('SHOW TABLE STAT...')
#2 /internal/shared/sqlite-database-integration/wp-includes/sqlite/class-wp-sqlite-db.php(432): WP_SQLite_DB->_do_query('SHOW TABLE STAT...')
#3 /wordpress/wp-includes/class-wpdb.php(3146): WP_SQLite_DB->query('SHOW TABLE STAT...')
#4 /wordpress/wp-content/plugins/contact-form-manager/admin/install.php(178): wpdb->get_results('SHOW TABLE STAT...')
#5 /wordpress/wp-content/plugins/contact-form-manager/admin/install.php(21): cfm_install()
#6 /wordpress/wp-includes/class-wp-hook.php(324): cfm_network_install(false)
#7 /wordpress/wp-includes/class-wp-hook.php(348): WP_Hook->apply_filters('', Array)
#8 /wordpress/wp-includes/plugin.php(517): WP_Hook->do_action(Array)
#9 /wordpress/wp-admin/includes/plugin.php(703): do_action('activate_contac...', false)
#10 /internal/eval.php(20): activate_plugin('contact-form-ma...')
#11 {main}</pre>
 for query SHOW TABLE STATUS WHERE name="xyz_cfm_form_elements" made by activate_plugin, do_action('activate_contact-form-manager/contact-form-manager.php'), WP_Hook->do_action, WP_Hook->apply_filters, cfm_network_install, cfm_install, WP_SQLite_DB->query, WP_SQLite_DB->print_error
[19-Jun-2025 10:39:44 UTC] WordPress database error <div style="clear:both">&nbsp;</div>
<div class="queries" style="clear:both;margin-bottom:2px;border:red dotted thin;">
<p>MySQL query:</p>
<p>SHOW TABLE STATUS WHERE name="wp_xyz_cfm_form_elements"</p>
<p>Queries made or created this session were:</p>
<ol>
<li>Executing: BEGIN IMMEDIATE | (no parameters)</li>
<li>Executing: SELECT * FROM `_wp_sqlite_mysql_information_schema_tables` WHERE table_schema = ? AND `name` = 'wp_xyz_cfm_form_elements' ORDER BY table_name | parameters: database_name_here</li>
<li>Executing: ROLLBACK | (no parameters)</li>
</ol>
</div>
<div style="clear:both;margin-bottom:2px;border:red dotted thin;" class="error_message" style="border-bottom:dotted blue thin;">
SQLSTATE[HY000]: General error: 1 no such column: name
</div>
<p>Backtrace:</p>
<pre>#0 /internal/shared/sqlite-database-integration/wp-includes/sqlite-ast/class-wp-sqlite-driver.php(683): WP_SQLite_Driver->new_driver_exception('SQLSTATE[HY000]...', 'HY000', Object(PDOException))
#1 /internal/shared/sqlite-database-integration/wp-includes/sqlite/class-wp-sqlite-db.php(491): WP_SQLite_Driver->query('SHOW TABLE STAT...')
#2 /internal/shared/sqlite-database-integration/wp-includes/sqlite/class-wp-sqlite-db.php(432): WP_SQLite_DB->_do_query('SHOW TABLE STAT...')
#3 /wordpress/wp-includes/class-wpdb.php(3146): WP_SQLite_DB->query('SHOW TABLE STAT...')
#4 /wordpress/wp-content/plugins/contact-form-manager/admin/install.php(183): wpdb->get_results('SHOW TABLE STAT...')
#5 /wordpress/wp-content/plugins/contact-form-manager/admin/install.php(21): cfm_install()
#6 /wordpress/wp-includes/class-wp-hook.php(324): cfm_network_install(false)
#7 /wordpress/wp-includes/class-wp-hook.php(348): WP_Hook->apply_filters('', Array)
#8 /wordpress/wp-includes/plugin.php(517): WP_Hook->do_action(Array)
#9 /wordpress/wp-admin/includes/plugin.php(703): do_action('activate_contac...', false)
#10 /internal/eval.php(20): activate_plugin('contact-form-ma...')
#11 {main}</pre>
 for query SHOW TABLE STATUS WHERE name="wp_xyz_cfm_form_elements" made by activate_plugin, do_action('activate_contact-form-manager/contact-form-manager.php'), WP_Hook->do_action, WP_Hook->apply_filters, cfm_network_install, cfm_install, WP_SQLite_DB->query, WP_SQLite_DB->print_error
[19-Jun-2025 10:39:44 UTC] WordPress database error <div style="clear:both">&nbsp;</div>
<div class="queries" style="clear:both;margin-bottom:2px;border:red dotted thin;">
<p>MySQL query:</p>
<p>ALTER TABLE wp_xyz_cfm_form_elements ADD (`client_view_check_radio_line_break_count` int not null default '0' ,`client_view_multi_select_drop_down` int not null default '0')</p>
<p>Queries made or created this session were:</p>
<ol>
<li>Executing: BEGIN IMMEDIATE | (no parameters)</li>
<li>Executing: SELECT 1 FROM sqlite_temp_schema WHERE type = 'table' AND name = ? | parameters: wp_xyz_cfm_form_elements</li>
<li>Executing: SELECT
					COLUMN_NAME,
					LOWER(COLUMN_NAME) AS COLUMN_NAME_LOWERCASE
				FROM `_wp_sqlite_mysql_information_schema_columns` WHERE table_schema = ? AND table_name = ? | parameters: database_name_here, wp_xyz_cfm_form_elements</li>
<li>Executing: SELECT 1 FROM sqlite_temp_schema WHERE type = 'table' AND name = ? | parameters: wp_xyz_cfm_form_elements</li>
<li>Executing: ROLLBACK | (no parameters)</li>
</ol>
</div>
<div style="clear:both;margin-bottom:2px;border:red dotted thin;" class="error_message" style="border-bottom:dotted blue thin;">
WP_SQLite_Information_Schema_Builder::get_value(): Argument #1 ($node) must be of type WP_Parser_Node, null given, called in /internal/shared/sqlite-database-integration/wp-includes/sqlite-ast/class-wp-sqlite-information-schema-builder.php on line 523
</div>
<p>Backtrace:</p>
<pre>#0 /internal/shared/sqlite-database-integration/wp-includes/sqlite-ast/class-wp-sqlite-driver.php(683): WP_SQLite_Driver->new_driver_exception('WP_SQLite_Infor...', 0, Object(TypeError))
#1 /internal/shared/sqlite-database-integration/wp-includes/sqlite/class-wp-sqlite-db.php(491): WP_SQLite_Driver->query('ALTER TABLE wp_...')
#2 /internal/shared/sqlite-database-integration/wp-includes/sqlite/class-wp-sqlite-db.php(432): WP_SQLite_DB->_do_query('ALTER TABLE wp_...')
#3 /wordpress/wp-content/plugins/contact-form-manager/admin/install.php(217): WP_SQLite_DB->query('ALTER TABLE wp_...')
#4 /wordpress/wp-content/plugins/contact-form-manager/admin/install.php(21): cfm_install()
#5 /wordpress/wp-includes/class-wp-hook.php(324): cfm_network_install(false)
#6 /wordpress/wp-includes/class-wp-hook.php(348): WP_Hook->apply_filters('', Array)
#7 /wordpress/wp-includes/plugin.php(517): WP_Hook->do_action(Array)
#8 /wordpress/wp-admin/includes/plugin.php(703): do_action('activate_contac...', false)
#9 /internal/eval.php(20): activate_plugin('contact-form-ma...')
#10 {main}</pre>
 for query ALTER TABLE wp_xyz_cfm_form_elements ADD (`client_view_check_radio_line_break_count` int not null default '0' ,`client_view_multi_select_drop_down` int not null default '0') made by activate_plugin, do_action('activate_contact-form-manager/contact-form-manager.php'), WP_Hook->do_action, WP_Hook->apply_filters, cfm_network_install, cfm_install, WP_SQLite_DB->query, WP_SQLite_DB->print_error
[19-Jun-2025 10:39:44 UTC] WordPress database error <div style="clear:both">&nbsp;</div>
<div class="queries" style="clear:both;margin-bottom:2px;border:red dotted thin;">
<p>MySQL query:</p>
<p>SHOW TABLE STATUS WHERE name="xyz_cfm_sender_email_address"</p>
<p>Queries made or created this session were:</p>
<ol>
<li>Executing: BEGIN IMMEDIATE | (no parameters)</li>
<li>Executing: SELECT * FROM `_wp_sqlite_mysql_information_schema_tables` WHERE table_schema = ? AND `name` = 'xyz_cfm_sender_email_address' ORDER BY table_name | parameters: database_name_here</li>
<li>Executing: ROLLBACK | (no parameters)</li>
</ol>
</div>
<div style="clear:both;margin-bottom:2px;border:red dotted thin;" class="error_message" style="border-bottom:dotted blue thin;">
SQLSTATE[HY000]: General error: 1 no such column: name
</div>
<p>Backtrace:</p>
<pre>#0 /internal/shared/sqlite-database-integration/wp-includes/sqlite-ast/class-wp-sqlite-driver.php(683): WP_SQLite_Driver->new_driver_exception('SQLSTATE[HY000]...', 'HY000', Object(PDOException))
#1 /internal/shared/sqlite-database-integration/wp-includes/sqlite/class-wp-sqlite-db.php(491): WP_SQLite_Driver->query('SHOW TABLE STAT...')
#2 /internal/shared/sqlite-database-integration/wp-includes/sqlite/class-wp-sqlite-db.php(432): WP_SQLite_DB->_do_query('SHOW TABLE STAT...')
#3 /wordpress/wp-includes/class-wpdb.php(3146): WP_SQLite_DB->query('SHOW TABLE STAT...')
#4 /wordpress/wp-content/plugins/contact-form-manager/admin/install.php(223): wpdb->get_results('SHOW TABLE STAT...')
#5 /wordpress/wp-content/plugins/contact-form-manager/admin/install.php(21): cfm_install()
#6 /wordpress/wp-includes/class-wp-hook.php(324): cfm_network_install(false)
#7 /wordpress/wp-includes/class-wp-hook.php(348): WP_Hook->apply_filters('', Array)
#8 /wordpress/wp-includes/plugin.php(517): WP_Hook->do_action(Array)
#9 /wordpress/wp-admin/includes/plugin.php(703): do_action('activate_contac...', false)
#10 /internal/eval.php(20): activate_plugin('contact-form-ma...')
#11 {main}</pre>
 for query SHOW TABLE STATUS WHERE name="xyz_cfm_sender_email_address" made by activate_plugin, do_action('activate_contact-form-manager/contact-form-manager.php'), WP_Hook->do_action, WP_Hook->apply_filters, cfm_network_install, cfm_install, WP_SQLite_DB->query, WP_SQLite_DB->print_error
[19-Jun-2025 10:39:44 UTC] WordPress database error <div style="clear:both">&nbsp;</div>
<div class="queries" style="clear:both;margin-bottom:2px;border:red dotted thin;">
<p>MySQL query:</p>
<p>SHOW TABLE STATUS WHERE name="wp_xyz_cfm_sender_email_address"</p>
<p>Queries made or created this session were:</p>
<ol>
<li>Executing: BEGIN IMMEDIATE | (no parameters)</li>
<li>Executing: SELECT * FROM `_wp_sqlite_mysql_information_schema_tables` WHERE table_schema = ? AND `name` = 'wp_xyz_cfm_sender_email_address' ORDER BY table_name | parameters: database_name_here</li>
<li>Executing: ROLLBACK | (no parameters)</li>
</ol>
</div>
<div style="clear:both;margin-bottom:2px;border:red dotted thin;" class="error_message" style="border-bottom:dotted blue thin;">
SQLSTATE[HY000]: General error: 1 no such column: name
</div>
<p>Backtrace:</p>
<pre>#0 /internal/shared/sqlite-database-integration/wp-includes/sqlite-ast/class-wp-sqlite-driver.php(683): WP_SQLite_Driver->new_driver_exception('SQLSTATE[HY000]...', 'HY000', Object(PDOException))
#1 /internal/shared/sqlite-database-integration/wp-includes/sqlite/class-wp-sqlite-db.php(491): WP_SQLite_Driver->query('SHOW TABLE STAT...')
#2 /internal/shared/sqlite-database-integration/wp-includes/sqlite/class-wp-sqlite-db.php(432): WP_SQLite_DB->_do_query('SHOW TABLE STAT...')
#3 /wordpress/wp-includes/class-wpdb.php(3146): WP_SQLite_DB->query('SHOW TABLE STAT...')
#4 /wordpress/wp-content/plugins/contact-form-manager/admin/install.php(228): wpdb->get_results('SHOW TABLE STAT...')
#5 /wordpress/wp-content/plugins/contact-form-manager/admin/install.php(21): cfm_install()
#6 /wordpress/wp-includes/class-wp-hook.php(324): cfm_network_install(false)
#7 /wordpress/wp-includes/class-wp-hook.php(348): WP_Hook->apply_filters('', Array)
#8 /wordpress/wp-includes/plugin.php(517): WP_Hook->do_action(Array)
#9 /wordpress/wp-admin/includes/plugin.php(703): do_action('activate_contac...', false)
#10 /internal/eval.php(20): activate_plugin('contact-form-ma...')
#11 {main}</pre>
 for query SHOW TABLE STATUS WHERE name="wp_xyz_cfm_sender_email_address" made by activate_plugin, do_action('activate_contact-form-manager/contact-form-manager.php'), WP_Hook->do_action, WP_Hook->apply_filters, cfm_network_install, cfm_install, WP_SQLite_DB->query, WP_SQLite_DB->print_error
[19-Jun-2025 10:39:44 UTC] WordPress database error <div style="clear:both">&nbsp;</div>
<div class="queries" style="clear:both;margin-bottom:2px;border:red dotted thin;">
<p>MySQL query:</p>
<p>SHOW TABLE STATUS WHERE name="wp_xyz_cfm_theme_details"</p>
<p>Queries made or created this session were:</p>
<ol>
<li>Executing: BEGIN IMMEDIATE | (no parameters)</li>
<li>Executing: SELECT * FROM `_wp_sqlite_mysql_information_schema_tables` WHERE table_schema = ? AND `name` = 'wp_xyz_cfm_theme_details' ORDER BY table_name | parameters: database_name_here</li>
<li>Executing: ROLLBACK | (no parameters)</li>
</ol>
</div>
<div style="clear:both;margin-bottom:2px;border:red dotted thin;" class="error_message" style="border-bottom:dotted blue thin;">
SQLSTATE[HY000]: General error: 1 no such column: name
</div>
<p>Backtrace:</p>
<pre>#0 /internal/shared/sqlite-database-integration/wp-includes/sqlite-ast/class-wp-sqlite-driver.php(683): WP_SQLite_Driver->new_driver_exception('SQLSTATE[HY000]...', 'HY000', Object(PDOException))
#1 /internal/shared/sqlite-database-integration/wp-includes/sqlite/class-wp-sqlite-db.php(491): WP_SQLite_Driver->query('SHOW TABLE STAT...')
#2 /internal/shared/sqlite-database-integration/wp-includes/sqlite/class-wp-sqlite-db.php(432): WP_SQLite_DB->_do_query('SHOW TABLE STAT...')
#3 /wordpress/wp-includes/class-wpdb.php(3146): WP_SQLite_DB->query('SHOW TABLE STAT...')
#4 /wordpress/wp-content/plugins/contact-form-manager/admin/install.php(463): wpdb->get_results('SHOW TABLE STAT...')
#5 /wordpress/wp-content/plugins/contact-form-manager/admin/install.php(21): cfm_install()
#6 /wordpress/wp-includes/class-wp-hook.php(324): cfm_network_install(false)
#7 /wordpress/wp-includes/class-wp-hook.php(348): WP_Hook->apply_filters('', Array)
#8 /wordpress/wp-includes/plugin.php(517): WP_Hook->do_action(Array)
#9 /wordpress/wp-admin/includes/plugin.php(703): do_action('activate_contac...', false)
#10 /internal/eval.php(20): activate_plugin('contact-form-ma...')
#11 {main}</pre>
 for query SHOW TABLE STATUS WHERE name="wp_xyz_cfm_theme_details" made by activate_plugin, do_action('activate_contact-form-manager/contact-form-manager.php'), WP_Hook->do_action, WP_Hook->apply_filters, cfm_network_install, cfm_install, WP_SQLite_DB->query, WP_SQLite_DB->print_error
[19-Jun-2025 10:39:55 UTC] PHP Deprecated:  Required parameter $convers8_user_id follows optional parameter $status in /wordpress/wp-content/plugins/convers8/connect.php on line 80
[19-Jun-2025 10:39:55 UTC] PHP Deprecated:  File registration.php is <strong>deprecated</strong> since version 3.1.0 with no alternative available. This file no longer needs to be included. in /wordpress/wp-includes/functions.php on line 6121
[19-Jun-2025 10:39:55 UTC] PHP Fatal error:  Uncaught Error: Undefined constant "CONVERS8_LOGIN_FAILED" in /wordpress/wp-content/plugins/convers8/connect.php:4
Stack trace:
#0 /wordpress/wp-content/plugins/convers8/Convers8.php(20): include_once()
#1 /wordpress/wp-admin/includes/plugin.php(2387): include_once('/wordpress/wp-c...')
#2 /wordpress/wp-admin/includes/plugin.php(673): plugin_sandbox_scrape('convers8/Conver...')
#3 /internal/eval.php(20): activate_plugin('convers8/Conver...')
#4 {main}
  thrown in /wordpress/wp-content/plugins/convers8/connect.php on line 4
[19-Jun-2025 10:40:04 UTC] PHP Deprecated:  Required parameter $convers8_user_id follows optional parameter $status in /wordpress/wp-content/plugins/convers8/connect.php on line 80
[19-Jun-2025 10:40:04 UTC] PHP Deprecated:  File registration.php is <strong>deprecated</strong> since version 3.1.0 with no alternative available. This file no longer needs to be included. in /wordpress/wp-includes/functions.php on line 6121
[19-Jun-2025 10:40:04 UTC] PHP Fatal error:  Uncaught Error: Undefined constant "CONVERS8_LOGIN_FAILED" in /wordpress/wp-content/plugins/convers8/connect.php:4
Stack trace:
#0 /wordpress/wp-content/plugins/convers8/Convers8.php(20): include_once()
#1 /wordpress/wp-admin/includes/plugin.php(2387): include_once('/wordpress/wp-c...')
#2 /wordpress/wp-admin/includes/plugin.php(673): plugin_sandbox_scrape('convers8/Conver...')
#3 /internal/eval.php(20): activate_plugin('convers8/Conver...')
#4 {main}
  thrown in /wordpress/wp-content/plugins/convers8/connect.php on line 4
[19-Jun-2025 10:40:13 UTC] PHP Deprecated:  Required parameter $convers8_user_id follows optional parameter $status in /wordpress/wp-content/plugins/convers8/connect.php on line 80
[19-Jun-2025 10:40:13 UTC] PHP Deprecated:  File registration.php is <strong>deprecated</strong> since version 3.1.0 with no alternative available. This file no longer needs to be included. in /wordpress/wp-includes/functions.php on line 6121
[19-Jun-2025 10:40:13 UTC] PHP Fatal error:  Uncaught Error: Undefined constant "CONVERS8_LOGIN_FAILED" in /wordpress/wp-content/plugins/convers8/connect.php:4
Stack trace:
#0 /wordpress/wp-content/plugins/convers8/Convers8.php(20): include_once()
#1 /wordpress/wp-admin/includes/plugin.php(2387): include_once('/wordpress/wp-c...')
#2 /wordpress/wp-admin/includes/plugin.php(673): plugin_sandbox_scrape('convers8/Conver...')
#3 /internal/eval.php(20): activate_plugin('convers8/Conver...')
#4 {main}
  thrown in /wordpress/wp-content/plugins/convers8/connect.php on line 4

    at Object.onBind (file:///home/runner/work/playground-tester/playground-tester/node_modules/@wp-playground/cli/run-cli-j-geJYS3.js:325:15)
    at process.processTicksAndRejections (node:internal/process/task_queues:105:5)
    at async re (file:///home/runner/work/playground-tester/playground-tester/node_modules/@wp-playground/cli/run-cli-j-geJYS3.js:149:10) {
  [cause]: Error: Error when executing the blueprint step #1 ({"step":"installPlugin","pluginData":{"resource":"wordpress.org/plugins","slug":"corona-update"},"options":{"activate":true}}) : memory access out of bounds
      at Object.run (file:///home/runner/work/playground-tester/playground-tester/node_modules/@wp-playground/blueprints/index.js:12093:19)
      at process.processTicksAndRejections (node:internal/process/task_queues:105:5)
      at async ys (file:///home/runner/work/playground-tester/playground-tester/node_modules/@wp-playground/blueprints/index.js:12196:3)
      at async Object.onBind (file:///home/runner/work/playground-tester/playground-tester/node_modules/@wp-playground/cli/run-cli-j-geJYS3.js:315:48)
      at async re (file:///home/runner/work/playground-tester/playground-tester/node_modules/@wp-playground/cli/run-cli-j-geJYS3.js:149:10) {
    [cause]: Error: memory access out of bounds
        at PHP.G (file:///home/runner/work/playground-tester/playground-tester/node_modules/@php-wasm/universal/index.js:1504:78)
        at process.processTicksAndRejections (node:internal/process/task_queues:105:5)
        at async PHP.run (file:///home/runner/work/playground-tester/playground-tester/node_modules/@php-wasm/universal/index.js:1031:17)
        at async wr (file:///home/runner/work/playground-tester/playground-tester/node_modules/@wp-playground/blueprints/index.js:74:13)
        at async Object.gt [as installPlugin] (file:///home/runner/work/playground-tester/playground-tester/node_modules/@wp-playground/blueprints/index.js:631:42)
        at async g (file:///home/runner/work/playground-tester/playground-tester/node_modules/@wp-playground/blueprints/index.js:12161:30)
        at async Object.run (file:///home/runner/work/playground-tester/playground-tester/node_modules/@wp-playground/blueprints/index.js:12090:23)
        at async ys (file:///home/runner/work/playground-tester/playground-tester/node_modules/@wp-playground/blueprints/index.js:12196:3)
        at async Object.onBind (file:///home/runner/work/playground-tester/playground-tester/node_modules/@wp-playground/cli/run-cli-j-geJYS3.js:315:48)
        at async re (file:///home/runner/work/playground-tester/playground-tester/node_modules/@wp-playground/cli/run-cli-j-geJYS3.js:149:10) {
      cause: Error: Rethrown
          at UnhandledRejectionsTarget.e (file:///home/runner/work/playground-tester/playground-tester/node_modules/@php-wasm/universal/index.js:1481:19)
          at [nodejs.internal.kHybridDispatch] (node:internal/event_target:827:20)
          at UnhandledRejectionsTarget.dispatchEvent (node:internal/event_target:762:26)
          at t.wasmExports.<computed> (file:///home/runner/work/playground-tester/playground-tester/node_modules/@php-wasm/universal/index.js:637:15)
          at invoke_iiiii (file:///home/runner/work/playground-tester/playground-tester/node_modules/@php-wasm/node/index.js:99383:14)
          at php.wasm._php_stream_xport_create (wasm://wasm/php.wasm-0424c09e:wasm-function[2265]:0x13998e)
          at php.wasm.php_stream_url_wrap_http_ex (wasm://wasm/php.wasm-0424c09e:wasm-function[6937]:0x45bfd2)
          at php.wasm.php_stream_url_wrap_http_ex (wasm://wasm/php.wasm-0424c09e:wasm-function[6937]:0x45efc5)
          at php.wasm.php_stream_url_wrap_http_ex (wasm://wasm/php.wasm-0424c09e:wasm-function[6937]:0x45efc5)
          at php.wasm.php_stream_url_wrap_http_ex (wasm://wasm/php.wasm-0424c09e:wasm-function[6937]:0x45efc5) {
        cause: RuntimeError: memory access out of bounds
            at php.wasm.emscripten_builtin_free (wasm://wasm/php.wasm-0424c09e:wasm-function[117]:0xd431)
            at php.wasm.CRYPTO_clear_free (wasm://wasm/php.wasm-0424c09e:wasm-function[265]:0x1c8f3)
            at php.wasm.BN_clear_free (wasm://wasm/php.wasm-0424c09e:wasm-function[278]:0x1d7f0)
            at php.wasm.BN_CTX_free (wasm://wasm/php.wasm-0424c09e:wasm-function[324]:0x25baa)
            at php.wasm.ossl_ecdsa_verify_sig (wasm://wasm/php.wasm-0424c09e:wasm-function[14164]:0x7997fd)
            at php.wasm.ossl_ecdsa_verify (wasm://wasm/php.wasm-0424c09e:wasm-function[14165]:0x79989b)
            at php.wasm.ECDSA_verify (wasm://wasm/php.wasm-0424c09e:wasm-function[8935]:0x59af23)
            at php.wasm.pkey_ec_verify (wasm://wasm/php.wasm-0424c09e:wasm-function[13530]:0x75b435)
            at php.wasm.EVP_PKEY_verify (wasm://wasm/php.wasm-0424c09e:wasm-function[5730]:0x3999dd)
            at php.wasm.EVP_DigestVerifyFinal (wasm://wasm/php.wasm-0424c09e:wasm-function[4344]:0x2a274f) {
          cause: Error
              at Asyncify.handleSleep (file:///home/runner/work/playground-tester/playground-tester/node_modules/@php-wasm/node/index.js:99711:45)
              at returnCallback (file:///home/runner/work/playground-tester/playground-tester/node_modules/@php-wasm/node/index.js:98722:51)
              at wasm_poll_socket (file:///home/runner/work/playground-tester/playground-tester/node_modules/@php-wasm/node/index.js:98729:12)
              at php.wasm.php_pollfd_for (wasm://wasm/php.wasm-0424c09e:wasm-function[1239]:0xad01b)
              at php.wasm.php_openssl_sockop_set_option (wasm://wasm/php.wasm-0424c09e:wasm-function[13746]:0x76b9da)
              at php.wasm._php_stream_set_option (wasm://wasm/php.wasm-0424c09e:wasm-function[646]:0x4a5cd)
              at php.wasm.php_stream_xport_crypto_enable (wasm://wasm/php.wasm-0424c09e:wasm-function[2163]:0x12aaf9)
              at php.wasm.php_openssl_sockop_set_option (wasm://wasm/php.wasm-0424c09e:wasm-function[13746]:0x76b47f)
              at php.wasm._php_stream_set_option (wasm://wasm/php.wasm-0424c09e:wasm-function[646]:0x4a5cd)
              at php.wasm.dynCall_iiiii (wasm://wasm/php.wasm-0424c09e:wasm-function[17568]:0x88d2bb)
        },
        betterMessage: 'memory access out of bounds'
      }
    }
  }
}

Node.js v23.11.0
