[
{"message":"file:///home/runner/work/playground-tester/playground-tester/node_modules/@wp-playground/cli/index.js:237\n        throw new Error(y, { cause: u });\n              ^\n","level":"FATAL","type":"PLAYGROUND","test":"ast-sqlite-boot","plugin":"finale-woocommerce-sales-countdown-timer-discount","details":"file:///home/runner/work/playground-tester/playground-tester/node_modules/@wp-playground/cli/index.js:237\n        throw new Error(y, { cause: u });\n              ^\n","log":"/tmp/tmp.hnzxKGVWMR"}
,
{"message":"Uncaught PDOException: SQLSTATE[HY000] [2002] Address family not supported by protocol in /wordpress/wp-content/plugins/firestudio/shared/init.php:20","level":"FATAL","type":"PHP","test":"ast-sqlite-boot","plugin":"finale-woocommerce-sales-countdown-timer-discount","details":"[10-May-2025 23:46:24 UTC] PHP Fatal error:  Uncaught PDOException: SQLSTATE[HY000] [2002] Address family not supported by protocol in /wordpress/wp-content/plugins/firestudio/shared/init.php:20\nStack trace:\n#0 /wordpress/wp-content/plugins/firestudio/shared/init.php(20): PDO->__construct('mysql:host=loca...', 'username_here', 'password_here')\n#1 /wordpress/wp-content/plugins/firestudio/shared/autoload.php(42): require_once('/wordpress/wp-c...')\n#2 /wordpress/wp-content/plugins/firestudio/plugin.php(48): require_once('/wordpress/wp-c...')\n#3 /wordpress/wp-admin/includes/plugin.php(2387): include_once('/wordpress/wp-c...')\n#4 /wordpress/wp-admin/includes/plugin.php(673): plugin_sandbox_scrape('firestudio/plug...')\n#5 /internal/eval.php(20): activate_plugin('firestudio/plug...')\n#6 {main}\n  thrown in /wordpress/wp-content/plugins/firestudio/shared/init.php on line 20","log":"/logs/plugins/f/finale-woocommerce-sales-countdown-timer-discount/error.json"}
,
{"message":"Uncaught PDOException: SQLSTATE[HY000] [2002] Address family not supported by protocol in /wordpress/wp-content/plugins/firestudio/shared/init.php:20","level":"FATAL","type":"PHP","test":"ast-sqlite-boot","plugin":"finale-woocommerce-sales-countdown-timer-discount","details":"[10-May-2025 23:46:33 UTC] PHP Fatal error:  Uncaught PDOException: SQLSTATE[HY000] [2002] Address family not supported by protocol in /wordpress/wp-content/plugins/firestudio/shared/init.php:20\nStack trace:\n#0 /wordpress/wp-content/plugins/firestudio/shared/init.php(20): PDO->__construct('mysql:host=loca...', 'username_here', 'password_here')\n#1 /wordpress/wp-content/plugins/firestudio/shared/autoload.php(42): require_once('/wordpress/wp-c...')\n#2 /wordpress/wp-content/plugins/firestudio/plugin.php(48): require_once('/wordpress/wp-c...')\n#3 /wordpress/wp-admin/includes/plugin.php(2387): include_once('/wordpress/wp-c...')\n#4 /wordpress/wp-admin/includes/plugin.php(673): plugin_sandbox_scrape('firestudio/plug...')\n#5 /internal/eval.php(20): activate_plugin('firestudio/plug...')\n#6 {main}\n  thrown in /wordpress/wp-content/plugins/firestudio/shared/init.php on line 20","log":"/logs/plugins/f/finale-woocommerce-sales-countdown-timer-discount/error.json"}
,
{"message":"Uncaught PDOException: SQLSTATE[HY000] [2002] Address family not supported by protocol in /wordpress/wp-content/plugins/firestudio/shared/init.php:20","level":"FATAL","type":"PHP","test":"ast-sqlite-boot","plugin":"finale-woocommerce-sales-countdown-timer-discount","details":"[10-May-2025 23:46:41 UTC] PHP Fatal error:  Uncaught PDOException: SQLSTATE[HY000] [2002] Address family not supported by protocol in /wordpress/wp-content/plugins/firestudio/shared/init.php:20\nStack trace:\n#0 /wordpress/wp-content/plugins/firestudio/shared/init.php(20): PDO->__construct('mysql:host=loca...', 'username_here', 'password_here')\n#1 /wordpress/wp-content/plugins/firestudio/shared/autoload.php(42): require_once('/wordpress/wp-c...')\n#2 /wordpress/wp-content/plugins/firestudio/plugin.php(48): require_once('/wordpress/wp-c...')\n#3 /wordpress/wp-admin/includes/plugin.php(2387): include_once('/wordpress/wp-c...')\n#4 /wordpress/wp-admin/includes/plugin.php(673): plugin_sandbox_scrape('firestudio/plug...')\n#5 /internal/eval.php(20): activate_plugin('firestudio/plug...')\n#6 {main}\n  thrown in /wordpress/wp-content/plugins/firestudio/shared/init.php on line 20","log":"/logs/plugins/f/finale-woocommerce-sales-countdown-timer-discount/error.json"}
,
{"message":"Undefined variable $wp_version in /wordpress/wp-content/plugins/fl3r-randavatar/randavatar.php on line 809","level":"WARNING","type":"PHP","test":"ast-sqlite-boot","plugin":"finale-woocommerce-sales-countdown-timer-discount","details":"[10-May-2025 23:49:10 UTC] PHP Warning:  Undefined variable $wp_version in /wordpress/wp-content/plugins/fl3r-randavatar/randavatar.php on line 809","log":"/logs/plugins/f/finale-woocommerce-sales-countdown-timer-discount/error.json"}
,
{"message":"Trying to access array offset on value of type null in /wordpress/wp-content/plugins/fl3r-randavatar/randavatar.php on line 809","level":"WARNING","type":"PHP","test":"ast-sqlite-boot","plugin":"finale-woocommerce-sales-countdown-timer-discount","details":"[10-May-2025 23:49:11 UTC] PHP Warning:  Trying to access array offset on value of type null in /wordpress/wp-content/plugins/fl3r-randavatar/randavatar.php on line 809","log":"/logs/plugins/f/finale-woocommerce-sales-countdown-timer-discount/error.json"}
,
{"message":"Function register_sidebar_widget is <strong>deprecated</strong> since version 2.8.0! Use wp_register_sidebar_widget() instead. in /wordpress/wp-includes/functions.php on line 6121","level":"DEPRECATED","type":"PHP","test":"ast-sqlite-boot","plugin":"finale-woocommerce-sales-countdown-timer-discount","details":"[10-May-2025 23:49:12 UTC] PHP Deprecated:  Function register_sidebar_widget is <strong>deprecated</strong> since version 2.8.0! Use wp_register_sidebar_widget() instead. in /wordpress/wp-includes/functions.php on line 6121","log":"/logs/plugins/f/finale-woocommerce-sales-countdown-timer-discount/error.json"}
,
{"message":"Function register_widget_control is <strong>deprecated</strong> since version 2.8.0! Use wp_register_widget_control() instead. in /wordpress/wp-includes/functions.php on line 6121","level":"DEPRECATED","type":"PHP","test":"ast-sqlite-boot","plugin":"finale-woocommerce-sales-countdown-timer-discount","details":"[10-May-2025 23:49:12 UTC] PHP Deprecated:  Function register_widget_control is <strong>deprecated</strong> since version 2.8.0! Use wp_register_widget_control() instead. in /wordpress/wp-includes/functions.php on line 6121","log":"/logs/plugins/f/finale-woocommerce-sales-countdown-timer-discount/error.json"}
,
{"message":"Undefined variable $wp_version in /wordpress/wp-content/plugins/fl3r-randavatar/randavatar.php on line 809","level":"WARNING","type":"PHP","test":"ast-sqlite-boot","plugin":"finale-woocommerce-sales-countdown-timer-discount","details":"[10-May-2025 23:49:20 UTC] PHP Warning:  Undefined variable $wp_version in /wordpress/wp-content/plugins/fl3r-randavatar/randavatar.php on line 809","log":"/logs/plugins/f/finale-woocommerce-sales-countdown-timer-discount/error.json"}
,
{"message":"Trying to access array offset on value of type null in /wordpress/wp-content/plugins/fl3r-randavatar/randavatar.php on line 809","level":"WARNING","type":"PHP","test":"ast-sqlite-boot","plugin":"finale-woocommerce-sales-countdown-timer-discount","details":"[10-May-2025 23:49:21 UTC] PHP Warning:  Trying to access array offset on value of type null in /wordpress/wp-content/plugins/fl3r-randavatar/randavatar.php on line 809","log":"/logs/plugins/f/finale-woocommerce-sales-countdown-timer-discount/error.json"}
,
{"message":"Function register_sidebar_widget is <strong>deprecated</strong> since version 2.8.0! Use wp_register_sidebar_widget() instead. in /wordpress/wp-includes/functions.php on line 6121","level":"DEPRECATED","type":"PHP","test":"ast-sqlite-boot","plugin":"finale-woocommerce-sales-countdown-timer-discount","details":"[10-May-2025 23:49:21 UTC] PHP Deprecated:  Function register_sidebar_widget is <strong>deprecated</strong> since version 2.8.0! Use wp_register_sidebar_widget() instead. in /wordpress/wp-includes/functions.php on line 6121","log":"/logs/plugins/f/finale-woocommerce-sales-countdown-timer-discount/error.json"}
,
{"message":"Function register_widget_control is <strong>deprecated</strong> since version 2.8.0! Use wp_register_widget_control() instead. in /wordpress/wp-includes/functions.php on line 6121","level":"DEPRECATED","type":"PHP","test":"ast-sqlite-boot","plugin":"finale-woocommerce-sales-countdown-timer-discount","details":"[10-May-2025 23:49:21 UTC] PHP Deprecated:  Function register_widget_control is <strong>deprecated</strong> since version 2.8.0! Use wp_register_widget_control() instead. in /wordpress/wp-includes/functions.php on line 6121","log":"/logs/plugins/f/finale-woocommerce-sales-countdown-timer-discount/error.json"}
,
{"message":"Undefined variable $wp_version in /wordpress/wp-content/plugins/fl3r-randavatar/randavatar.php on line 809","level":"WARNING","type":"PHP","test":"ast-sqlite-boot","plugin":"finale-woocommerce-sales-countdown-timer-discount","details":"[10-May-2025 23:49:28 UTC] PHP Warning:  Undefined variable $wp_version in /wordpress/wp-content/plugins/fl3r-randavatar/randavatar.php on line 809","log":"/logs/plugins/f/finale-woocommerce-sales-countdown-timer-discount/error.json"}
,
{"message":"Trying to access array offset on value of type null in /wordpress/wp-content/plugins/fl3r-randavatar/randavatar.php on line 809","level":"WARNING","type":"PHP","test":"ast-sqlite-boot","plugin":"finale-woocommerce-sales-countdown-timer-discount","details":"[10-May-2025 23:49:29 UTC] PHP Warning:  Trying to access array offset on value of type null in /wordpress/wp-content/plugins/fl3r-randavatar/randavatar.php on line 809","log":"/logs/plugins/f/finale-woocommerce-sales-countdown-timer-discount/error.json"}
,
{"message":"Function register_sidebar_widget is <strong>deprecated</strong> since version 2.8.0! Use wp_register_sidebar_widget() instead. in /wordpress/wp-includes/functions.php on line 6121","level":"DEPRECATED","type":"PHP","test":"ast-sqlite-boot","plugin":"finale-woocommerce-sales-countdown-timer-discount","details":"[10-May-2025 23:49:29 UTC] PHP Deprecated:  Function register_sidebar_widget is <strong>deprecated</strong> since version 2.8.0! Use wp_register_sidebar_widget() instead. in /wordpress/wp-includes/functions.php on line 6121","log":"/logs/plugins/f/finale-woocommerce-sales-countdown-timer-discount/error.json"}
,
{"message":"Function register_widget_control is <strong>deprecated</strong> since version 2.8.0! Use wp_register_widget_control() instead. in /wordpress/wp-includes/functions.php on line 6121","level":"DEPRECATED","type":"PHP","test":"ast-sqlite-boot","plugin":"finale-woocommerce-sales-countdown-timer-discount","details":"[10-May-2025 23:49:29 UTC] PHP Deprecated:  Function register_widget_control is <strong>deprecated</strong> since version 2.8.0! Use wp_register_widget_control() instead. in /wordpress/wp-includes/functions.php on line 6121","log":"/logs/plugins/f/finale-woocommerce-sales-countdown-timer-discount/error.json"}
,
{"message":"Function _load_textdomain_just_in_time was called <strong>incorrectly</strong>. Translation loading for the <code>faculty-weekly-schedule</code> domain was triggered too early. This is usually an indicator for some code in the plugin or theme running too early. Translations should be loaded at the <code>init</code> action or later. Please see <a href=\"https://developer.wordpress.org/advanced-administration/debug/debug-wordpress/\">Debugging in WordPress</a> for more information. (This message was added in version 6.7.0.) in /wordpress/wp-includes/functions.php on line 6121","level":"NOTICE","type":"PHP","test":"ast-sqlite-boot","plugin":"finale-woocommerce-sales-countdown-timer-discount","details":"[10-May-2025 23:50:38 UTC] PHP Notice:  Function _load_textdomain_just_in_time was called <strong>incorrectly</strong>. Translation loading for the <code>faculty-weekly-schedule</code> domain was triggered too early. This is usually an indicator for some code in the plugin or theme running too early. Translations should be loaded at the <code>init</code> action or later. Please see <a href=\"https://developer.wordpress.org/advanced-administration/debug/debug-wordpress/\">Debugging in WordPress</a> for more information. (This message was added in version 6.7.0.) in /wordpress/wp-includes/functions.php on line 6121","log":"/logs/plugins/f/finale-woocommerce-sales-countdown-timer-discount/error.json"}
,
{"message":"Function _load_textdomain_just_in_time was called <strong>incorrectly</strong>. Translation loading for the <code>faculty-weekly-schedule</code> domain was triggered too early. This is usually an indicator for some code in the plugin or theme running too early. Translations should be loaded at the <code>init</code> action or later. Please see <a href=\"https://developer.wordpress.org/advanced-administration/debug/debug-wordpress/\">Debugging in WordPress</a> for more information. (This message was added in version 6.7.0.) in /wordpress/wp-includes/functions.php on line 6121","level":"NOTICE","type":"PHP","test":"ast-sqlite-boot","plugin":"finale-woocommerce-sales-countdown-timer-discount","details":"[10-May-2025 23:50:50 UTC] PHP Notice:  Function _load_textdomain_just_in_time was called <strong>incorrectly</strong>. Translation loading for the <code>faculty-weekly-schedule</code> domain was triggered too early. This is usually an indicator for some code in the plugin or theme running too early. Translations should be loaded at the <code>init</code> action or later. Please see <a href=\"https://developer.wordpress.org/advanced-administration/debug/debug-wordpress/\">Debugging in WordPress</a> for more information. (This message was added in version 6.7.0.) in /wordpress/wp-includes/functions.php on line 6121","log":"/logs/plugins/f/finale-woocommerce-sales-countdown-timer-discount/error.json"}
,
{"message":"Function _load_textdomain_just_in_time was called <strong>incorrectly</strong>. Translation loading for the <code>faculty-weekly-schedule</code> domain was triggered too early. This is usually an indicator for some code in the plugin or theme running too early. Translations should be loaded at the <code>init</code> action or later. Please see <a href=\"https://developer.wordpress.org/advanced-administration/debug/debug-wordpress/\">Debugging in WordPress</a> for more information. (This message was added in version 6.7.0.) in /wordpress/wp-includes/functions.php on line 6121","level":"NOTICE","type":"PHP","test":"ast-sqlite-boot","plugin":"finale-woocommerce-sales-countdown-timer-discount","details":"[10-May-2025 23:51:01 UTC] PHP Notice:  Function _load_textdomain_just_in_time was called <strong>incorrectly</strong>. Translation loading for the <code>faculty-weekly-schedule</code> domain was triggered too early. This is usually an indicator for some code in the plugin or theme running too early. Translations should be loaded at the <code>init</code> action or later. Please see <a href=\"https://developer.wordpress.org/advanced-administration/debug/debug-wordpress/\">Debugging in WordPress</a> for more information. (This message was added in version 6.7.0.) in /wordpress/wp-includes/functions.php on line 6121\n\n    at Object.onBind (file:///home/runner/work/playground-tester/playground-tester/node_modules/@wp-playground/cli/index.js:237:15)\n    at process.processTicksAndRejections (node:internal/process/task_queues:105:5)\n    at async V (file:///home/runner/work/playground-tester/playground-tester/node_modules/@wp-playground/cli/index.js:64:10)\n    at async ja (file:///home/runner/work/playground-tester/playground-tester/node_modules/@wp-playground/cli/cli.js:8161:12) {\n  [cause]: Error: Error when executing the blueprint step #5 ({\"step\":\"installPlugin\",\"pluginData\":{\"resource\":\"wordpress.org/plugins\",\"slug\":\"finale-woocommerce-sales-countdown-timer-discount\"},\"options\":{\"activate\":true}}) : Plugin /wordpress/wp-content/plugins/finale-woocommerce-sales-countdown-timer-discount could not be activated – WordPress exited with no error. Sometimes, when $_SERVER or site options are not configured correctly, WordPress exits early with a 301 redirect. Inspect the \"debug\" logs in the console for more details.\n      at Object.run (file:///home/runner/work/playground-tester/playground-tester/node_modules/@wp-playground/blueprints/index.js:12449:19)\n      at process.processTicksAndRejections (node:internal/process/task_queues:105:5)\n      at async ms (file:///home/runner/work/playground-tester/playground-tester/node_modules/@wp-playground/blueprints/index.js:12552:3)\n      ... 2 lines matching cause stack trace ...\n      at async ja (file:///home/runner/work/playground-tester/playground-tester/node_modules/@wp-playground/cli/cli.js:8161:12) {\n    [cause]: Error: Plugin /wordpress/wp-content/plugins/finale-woocommerce-sales-countdown-timer-discount could not be activated – WordPress exited with no error. Sometimes, when $_SERVER or site options are not configured correctly, WordPress exits early with a 301 redirect. Inspect the \"debug\" logs in the console for more details.\n        at wr (file:///home/runner/work/playground-tester/playground-tester/node_modules/@wp-playground/blueprints/index.js:119:51)\n        at process.processTicksAndRejections (node:internal/process/task_queues:105:5)\n        at async Object.gt [as installPlugin] (file:///home/runner/work/playground-tester/playground-tester/node_modules/@wp-playground/blueprints/index.js:974:42)\n        at async g (file:///home/runner/work/playground-tester/playground-tester/node_modules/@wp-playground/blueprints/index.js:12517:30)\n        at async Object.run (file:///home/runner/work/playground-tester/playground-tester/node_modules/@wp-playground/blueprints/index.js:12446:23)\n        at async ms (file:///home/runner/work/playground-tester/playground-tester/node_modules/@wp-playground/blueprints/index.js:12552:3)\n        at async Object.onBind (file:///home/runner/work/playground-tester/playground-tester/node_modules/@wp-playground/cli/index.js:227:48)\n        at async V (file:///home/runner/work/playground-tester/playground-tester/node_modules/@wp-playground/cli/index.js:64:10)\n        at async ja (file:///home/runner/work/playground-tester/playground-tester/node_modules/@wp-playground/cli/cli.js:8161:12)\n  }\n}\n\n","log":"/logs/plugins/f/finale-woocommerce-sales-countdown-timer-discount/error.json"}
]
