file:///home/runner/work/playground-tester/playground-tester/node_modules/@wp-playground/cli/index.js:237
        throw new Error(y, { cause: u });
              ^

Error: [05-May-2025 10:32:16 UTC] WordPress database error <div style="clear:both">&nbsp;</div>
<div class="queries" style="clear:both;margin-bottom:2px;border:red dotted thin;">
<p>MySQL query:</p>
<p>ALTER TABLE wp_linkboss_sync_batch CHANGE COLUMN status sent_status VARCHAR(20) NULL DEFAULT NULL COMMENT 'bool(1=Sent, NULL=Not Sent)'</p>
<p>Queries made or created this session were:</p>
<ol>
<li>Executing: BEGIN | (no parameters)</li>
<li>Executing: INSERT INTO _mysql_data_types_cache (`table`, `column_or_index`, `mysql_type`)
				VALUES (:table, :column, :datatype)
				ON CONFLICT(`table`, `column_or_index`) DO UPDATE SET `mysql_type` = :datatype
			 | parameters: wp_linkboss_sync_batch, sent_status, varchar(20)</li>
<li>Executing: DROP TRIGGER IF EXISTS &quot;__wp_linkboss_sync_batch_status_on_update__&quot; | (no parameters)</li>
<li>Executing: SELECT sql FROM sqlite_master WHERE type=&quot;table&quot; AND name=:table | (no parameters)</li>
<li>Executing: SELECT * FROM pragma_index_list(&quot;wp_linkboss_sync_batch&quot;) as l; | (no parameters)</li>
<li>Executing: CREATE TABLE `_tmp__wp_linkboss_sync_batch_28694009` as SELECT * FROM `wp_linkboss_sync_batch` | (no parameters)</li>
<li>Executing: ROLLBACK | (no parameters)</li>
</ol>
</div>
<div style="clear:both;margin-bottom:2px;border:red dotted thin;" class="error_message" style="border-bottom:dotted blue thin;">
Error occurred at line 4117 in Function <code>handle_error</code>. Error message was: SQLSTATE[HY000]: General error: 1 no such table: wp_linkboss_sync_batch.
</div>
<p>Backtrace:</p>
<pre>#0 /internal/shared/sqlite-database-integration/wp-includes/sqlite/class-wp-sqlite-db.php(287): WP_SQLite_Translator->get_error_message()
#1 /wordpress/wp-content/plugins/semantic-linkboss/includes/class-installer.php(111): WP_SQLite_DB->query('ALTER TABLE wp_...')
#2 /wordpress/wp-content/plugins/semantic-linkboss/includes/class-installer.php(31): SEMANTIC_LB\Installer->create_tables()
#3 /wordpress/wp-content/plugins/semantic-linkboss/semantic-linkboss.php(136): SEMANTIC_LB\Installer->run()
#4 /wordpress/wp-content/plugins/semantic-linkboss/semantic-linkboss.php(158): semantic_lb_activate()
#5 /wordpress/wp-includes/class-wp-hook.php(324): semantic_lb_on_activate(false)
#6 /wordpress/wp-includes/class-wp-hook.php(348): WP_Hook->apply_filters('', Array)
#7 /wordpress/wp-includes/plugin.php(517): WP_Hook->do_action(Array)
#8 /wordpress/wp-admin/includes/plugin.php(703): do_action('activate_semant...', false)
#9 /internal/eval.php(20): activate_plugin('semantic-linkbo...')
#10 {main}</pre>
 for query ALTER TABLE wp_linkboss_sync_batch CHANGE COLUMN status sent_status VARCHAR(20) NULL DEFAULT NULL COMMENT 'bool(1=Sent, NULL=Not Sent)' made by activate_plugin, do_action('activate_semantic-linkboss/semantic-linkboss.php'), WP_Hook->do_action, WP_Hook->apply_filters, semantic_lb_on_activate, semantic_lb_activate, SEMANTIC_LB\Installer->run, SEMANTIC_LB\Installer->create_tables, WP_SQLite_DB->query, WP_SQLite_DB->print_error
[05-May-2025 10:32:26 UTC] WordPress database error <div style="clear:both">&nbsp;</div>
<div class="queries" style="clear:both;margin-bottom:2px;border:red dotted thin;">
<p>MySQL query:</p>
<p>ALTER TABLE wp_linkboss_sync_batch CHANGE COLUMN status sent_status VARCHAR(20) NULL DEFAULT NULL COMMENT 'bool(1=Sent, NULL=Not Sent)'</p>
<p>Queries made or created this session were:</p>
<ol>
<li>Executing: BEGIN | (no parameters)</li>
<li>Executing: INSERT INTO _mysql_data_types_cache (`table`, `column_or_index`, `mysql_type`)
				VALUES (:table, :column, :datatype)
				ON CONFLICT(`table`, `column_or_index`) DO UPDATE SET `mysql_type` = :datatype
			 | parameters: wp_linkboss_sync_batch, sent_status, varchar(20)</li>
<li>Executing: DROP TRIGGER IF EXISTS &quot;__wp_linkboss_sync_batch_status_on_update__&quot; | (no parameters)</li>
<li>Executing: SELECT sql FROM sqlite_master WHERE type=&quot;table&quot; AND name=:table | (no parameters)</li>
<li>Executing: SELECT * FROM pragma_index_list(&quot;wp_linkboss_sync_batch&quot;) as l; | (no parameters)</li>
<li>Executing: CREATE TABLE `_tmp__wp_linkboss_sync_batch_99424630` as SELECT * FROM `wp_linkboss_sync_batch` | (no parameters)</li>
<li>Executing: ROLLBACK | (no parameters)</li>
</ol>
</div>
<div style="clear:both;margin-bottom:2px;border:red dotted thin;" class="error_message" style="border-bottom:dotted blue thin;">
Error occurred at line 4117 in Function <code>handle_error</code>. Error message was: SQLSTATE[HY000]: General error: 1 no such table: wp_linkboss_sync_batch.
</div>
<p>Backtrace:</p>
<pre>#0 /internal/shared/sqlite-database-integration/wp-includes/sqlite/class-wp-sqlite-db.php(287): WP_SQLite_Translator->get_error_message()
#1 /wordpress/wp-content/plugins/semantic-linkboss/includes/class-installer.php(111): WP_SQLite_DB->query('ALTER TABLE wp_...')
#2 /wordpress/wp-content/plugins/semantic-linkboss/includes/class-installer.php(31): SEMANTIC_LB\Installer->create_tables()
#3 /wordpress/wp-content/plugins/semantic-linkboss/semantic-linkboss.php(136): SEMANTIC_LB\Installer->run()
#4 /wordpress/wp-content/plugins/semantic-linkboss/semantic-linkboss.php(158): semantic_lb_activate()
#5 /wordpress/wp-includes/class-wp-hook.php(324): semantic_lb_on_activate(false)
#6 /wordpress/wp-includes/class-wp-hook.php(348): WP_Hook->apply_filters('', Array)
#7 /wordpress/wp-includes/plugin.php(517): WP_Hook->do_action(Array)
#8 /wordpress/wp-admin/includes/plugin.php(703): do_action('activate_semant...', false)
#9 /internal/eval.php(20): activate_plugin('semantic-linkbo...')
#10 {main}</pre>
 for query ALTER TABLE wp_linkboss_sync_batch CHANGE COLUMN status sent_status VARCHAR(20) NULL DEFAULT NULL COMMENT 'bool(1=Sent, NULL=Not Sent)' made by activate_plugin, do_action('activate_semantic-linkboss/semantic-linkboss.php'), WP_Hook->do_action, WP_Hook->apply_filters, semantic_lb_on_activate, semantic_lb_activate, SEMANTIC_LB\Installer->run, SEMANTIC_LB\Installer->create_tables, WP_SQLite_DB->query, WP_SQLite_DB->print_error
[05-May-2025 10:32:36 UTC] PHP Fatal error:  Uncaught TypeError: call_user_func_array(): Argument #1 ($callback) must be a valid callback, class "searchterms-admin" not found in /wordpress/wp-includes/class-wp-hook.php:324
Stack trace:
#0 /wordpress/wp-includes/class-wp-hook.php(348): WP_Hook->apply_filters('', Array)
#1 /wordpress/wp-includes/plugin.php(517): WP_Hook->do_action(Array)
#2 /wordpress/wp-admin/includes/plugin.php(703): do_action('activate_seo-se...', false)
#3 /internal/eval.php(20): activate_plugin('seo-searchterms...')
#4 {main}
  thrown in /wordpress/wp-includes/class-wp-hook.php on line 324
[05-May-2025 10:32:44 UTC] PHP Fatal error:  Uncaught TypeError: call_user_func_array(): Argument #1 ($callback) must be a valid callback, class "searchterms-admin" not found in /wordpress/wp-includes/class-wp-hook.php:324
Stack trace:
#0 /wordpress/wp-includes/class-wp-hook.php(348): WP_Hook->apply_filters('', Array)
#1 /wordpress/wp-includes/plugin.php(517): WP_Hook->do_action(Array)
#2 /wordpress/wp-admin/includes/plugin.php(703): do_action('activate_seo-se...', false)
#3 /internal/eval.php(20): activate_plugin('seo-searchterms...')
#4 {main}
  thrown in /wordpress/wp-includes/class-wp-hook.php on line 324
[05-May-2025 10:32:52 UTC] PHP Fatal error:  Uncaught TypeError: call_user_func_array(): Argument #1 ($callback) must be a valid callback, class "searchterms-admin" not found in /wordpress/wp-includes/class-wp-hook.php:324
Stack trace:
#0 /wordpress/wp-includes/class-wp-hook.php(348): WP_Hook->apply_filters('', Array)
#1 /wordpress/wp-includes/plugin.php(517): WP_Hook->do_action(Array)
#2 /wordpress/wp-admin/includes/plugin.php(703): do_action('activate_seo-se...', false)
#3 /internal/eval.php(20): activate_plugin('seo-searchterms...')
#4 {main}
  thrown in /wordpress/wp-includes/class-wp-hook.php on line 324
[05-May-2025 10:33:02 UTC] PHP Notice:  Function wp_enqueue_style was called <strong>incorrectly</strong>. Scripts and styles should not be registered or enqueued until the <code>wp_enqueue_scripts</code>, <code>admin_enqueue_scripts</code>, or <code>login_enqueue_scripts</code> hooks. This notice was triggered by the <code>sat-admin-style</code> handle. Please see <a href="https://developer.wordpress.org/advanced-administration/debug/debug-wordpress/">Debugging in WordPress</a> for more information. (This message was added in version 3.3.0.) in /wordpress/wp-includes/functions.php on line 6121
[05-May-2025 10:33:02 UTC] PHP Notice:  Function is_feed was called <strong>incorrectly</strong>. Conditional query tags do not work before the query is run. Before then, they always return false. Please see <a href="https://developer.wordpress.org/advanced-administration/debug/debug-wordpress/">Debugging in WordPress</a> for more information. (This message was added in version 3.1.0.) in /wordpress/wp-includes/functions.php on line 6121
[05-May-2025 10:33:11 UTC] PHP Notice:  Function wp_enqueue_style was called <strong>incorrectly</strong>. Scripts and styles should not be registered or enqueued until the <code>wp_enqueue_scripts</code>, <code>admin_enqueue_scripts</code>, or <code>login_enqueue_scripts</code> hooks. This notice was triggered by the <code>sat-admin-style</code> handle. Please see <a href="https://developer.wordpress.org/advanced-administration/debug/debug-wordpress/">Debugging in WordPress</a> for more information. (This message was added in version 3.3.0.) in /wordpress/wp-includes/functions.php on line 6121
[05-May-2025 10:33:11 UTC] PHP Notice:  Function is_feed was called <strong>incorrectly</strong>. Conditional query tags do not work before the query is run. Before then, they always return false. Please see <a href="https://developer.wordpress.org/advanced-administration/debug/debug-wordpress/">Debugging in WordPress</a> for more information. (This message was added in version 3.1.0.) in /wordpress/wp-includes/functions.php on line 6121
[05-May-2025 10:33:20 UTC] PHP Notice:  Function wp_enqueue_style was called <strong>incorrectly</strong>. Scripts and styles should not be registered or enqueued until the <code>wp_enqueue_scripts</code>, <code>admin_enqueue_scripts</code>, or <code>login_enqueue_scripts</code> hooks. This notice was triggered by the <code>sat-admin-style</code> handle. Please see <a href="https://developer.wordpress.org/advanced-administration/debug/debug-wordpress/">Debugging in WordPress</a> for more information. (This message was added in version 3.3.0.) in /wordpress/wp-includes/functions.php on line 6121
[05-May-2025 10:33:20 UTC] PHP Notice:  Function is_feed was called <strong>incorrectly</strong>. Conditional query tags do not work before the query is run. Before then, they always return false. Please see <a href="https://developer.wordpress.org/advanced-administration/debug/debug-wordpress/">Debugging in WordPress</a> for more information. (This message was added in version 3.1.0.) in /wordpress/wp-includes/functions.php on line 6121
[05-May-2025 10:33:29 UTC] PHP Deprecated:  The called constructor method for WP_Widget class in SherkSkillsWidget is <strong>deprecated</strong> since version 4.3.0! Use <code>__construct()</code> instead. in /wordpress/wp-includes/functions.php on line 6121
[05-May-2025 10:33:38 UTC] PHP Deprecated:  The called constructor method for WP_Widget class in SherkSkillsWidget is <strong>deprecated</strong> since version 4.3.0! Use <code>__construct()</code> instead. in /wordpress/wp-includes/functions.php on line 6121
[05-May-2025 10:33:48 UTC] PHP Deprecated:  The called constructor method for WP_Widget class in SherkSkillsWidget is <strong>deprecated</strong> since version 4.3.0! Use <code>__construct()</code> instead. in /wordpress/wp-includes/functions.php on line 6121
[05-May-2025 10:36:13 UTC] PHP Fatal error:  Uncaught Exception: DateTimeZone::__construct(): Unknown or bad timezone () in /wordpress/wp-content/plugins/simple-schedule-notice/simple-schedule-notice.php:47
Stack trace:
#0 /wordpress/wp-content/plugins/simple-schedule-notice/simple-schedule-notice.php(47): DateTimeZone->__construct('')
#1 /wordpress/wp-content/plugins/simple-schedule-notice/simple-schedule-notice.php(944): Simple_Schedulenotice_Class->__construct()
#2 /wordpress/wp-admin/includes/plugin.php(2387): include_once('/wordpress/wp-c...')
#3 /wordpress/wp-admin/includes/plugin.php(673): plugin_sandbox_scrape('simple-schedule...')
#4 /internal/eval.php(20): activate_plugin('simple-schedule...')
#5 {main}
  thrown in /wordpress/wp-content/plugins/simple-schedule-notice/simple-schedule-notice.php on line 47
[05-May-2025 10:36:21 UTC] PHP Fatal error:  Uncaught Exception: DateTimeZone::__construct(): Unknown or bad timezone () in /wordpress/wp-content/plugins/simple-schedule-notice/simple-schedule-notice.php:47
Stack trace:
#0 /wordpress/wp-content/plugins/simple-schedule-notice/simple-schedule-notice.php(47): DateTimeZone->__construct('')
#1 /wordpress/wp-content/plugins/simple-schedule-notice/simple-schedule-notice.php(944): Simple_Schedulenotice_Class->__construct()
#2 /wordpress/wp-admin/includes/plugin.php(2387): include_once('/wordpress/wp-c...')
#3 /wordpress/wp-admin/includes/plugin.php(673): plugin_sandbox_scrape('simple-schedule...')
#4 /internal/eval.php(20): activate_plugin('simple-schedule...')
#5 {main}
  thrown in /wordpress/wp-content/plugins/simple-schedule-notice/simple-schedule-notice.php on line 47
[05-May-2025 10:36:28 UTC] PHP Fatal error:  Uncaught Exception: DateTimeZone::__construct(): Unknown or bad timezone () in /wordpress/wp-content/plugins/simple-schedule-notice/simple-schedule-notice.php:47
Stack trace:
#0 /wordpress/wp-content/plugins/simple-schedule-notice/simple-schedule-notice.php(47): DateTimeZone->__construct('')
#1 /wordpress/wp-content/plugins/simple-schedule-notice/simple-schedule-notice.php(944): Simple_Schedulenotice_Class->__construct()
#2 /wordpress/wp-admin/includes/plugin.php(2387): include_once('/wordpress/wp-c...')
#3 /wordpress/wp-admin/includes/plugin.php(673): plugin_sandbox_scrape('simple-schedule...')
#4 /internal/eval.php(20): activate_plugin('simple-schedule...')
#5 {main}
  thrown in /wordpress/wp-content/plugins/simple-schedule-notice/simple-schedule-notice.php on line 47
[05-May-2025 10:38:29 UTC] PHP Notice:  Function _load_textdomain_just_in_time was called <strong>incorrectly</strong>. Translation loading for the <code>share-and-follow</code> domain was triggered too early. This is usually an indicator for some code in the plugin or theme running too early. Translations should be loaded at the <code>init</code> action or later. Please see <a href="https://developer.wordpress.org/advanced-administration/debug/debug-wordpress/">Debugging in WordPress</a> for more information. (This message was added in version 6.7.0.) in /wordpress/wp-includes/functions.php on line 6121
[05-May-2025 10:38:29 UTC] PHP Fatal error:  Uncaught ArgumentCountError: Too few arguments to function WP_Widget::__construct(), 0 passed in /wordpress/wp-includes/class-wp-widget-factory.php on line 62 and at least 2 expected in /wordpress/wp-includes/class-wp-widget.php:163
Stack trace:
#0 /wordpress/wp-includes/class-wp-widget-factory.php(62): WP_Widget->__construct()
#1 /wordpress/wp-includes/widgets.php(123): WP_Widget_Factory->register('Share_Widget')
#2 /wordpress/wp-content/plugins/share-and-follow/share-and-follow.php(1210): register_widget('Share_Widget')
#3 /wordpress/wp-includes/class-wp-hook.php(324): ShareAndFollow->load_widgets('')
#4 /wordpress/wp-includes/class-wp-hook.php(348): WP_Hook->apply_filters(NULL, Array)
#5 /wordpress/wp-includes/plugin.php(517): WP_Hook->do_action(Array)
#6 /wordpress/wp-includes/widgets.php(1870): do_action('widgets_init')
#7 /wordpress/wp-includes/class-wp-hook.php(324): wp_widgets_init('')
#8 /wordpress/wp-includes/class-wp-hook.php(348): WP_Hook->apply_filters(NULL, Array)
#9 /wordpress/wp-includes/plugin.php(517): WP_Hook->do_action(Array)
#10 /wordpress/wp-settings.php(727): do_action('init')
#11 /wordpress/wp-config.php(102): require_once('/wordpress/wp-s...')
#12 /wordpress/wp-load.php(50): require_once('/wordpress/wp-c...')
#13 /internal/eval.php(3): require_once('/wordpress/wp-l...')
#14 {main}
  thrown in /wordpress/wp-includes/class-wp-widget.php on line 163
[05-May-2025 10:38:39 UTC] PHP Notice:  Function _load_textdomain_just_in_time was called <strong>incorrectly</strong>. Translation loading for the <code>share-and-follow</code> domain was triggered too early. This is usually an indicator for some code in the plugin or theme running too early. Translations should be loaded at the <code>init</code> action or later. Please see <a href="https://developer.wordpress.org/advanced-administration/debug/debug-wordpress/">Debugging in WordPress</a> for more information. (This message was added in version 6.7.0.) in /wordpress/wp-includes/functions.php on line 6121
[05-May-2025 10:38:40 UTC] PHP Fatal error:  Uncaught ArgumentCountError: Too few arguments to function WP_Widget::__construct(), 0 passed in /wordpress/wp-includes/class-wp-widget-factory.php on line 62 and at least 2 expected in /wordpress/wp-includes/class-wp-widget.php:163
Stack trace:
#0 /wordpress/wp-includes/class-wp-widget-factory.php(62): WP_Widget->__construct()
#1 /wordpress/wp-includes/widgets.php(123): WP_Widget_Factory->register('Share_Widget')
#2 /wordpress/wp-content/plugins/share-and-follow/share-and-follow.php(1210): register_widget('Share_Widget')
#3 /wordpress/wp-includes/class-wp-hook.php(324): ShareAndFollow->load_widgets('')
#4 /wordpress/wp-includes/class-wp-hook.php(348): WP_Hook->apply_filters(NULL, Array)
#5 /wordpress/wp-includes/plugin.php(517): WP_Hook->do_action(Array)
#6 /wordpress/wp-includes/widgets.php(1870): do_action('widgets_init')
#7 /wordpress/wp-includes/class-wp-hook.php(324): wp_widgets_init('')
#8 /wordpress/wp-includes/class-wp-hook.php(348): WP_Hook->apply_filters(NULL, Array)
#9 /wordpress/wp-includes/plugin.php(517): WP_Hook->do_action(Array)
#10 /wordpress/wp-settings.php(727): do_action('init')
#11 /wordpress/wp-config.php(102): require_once('/wordpress/wp-s...')
#12 /wordpress/wp-load.php(50): require_once('/wordpress/wp-c...')
#13 /internal/eval.php(3): require_once('/wordpress/wp-l...')
#14 {main}
  thrown in /wordpress/wp-includes/class-wp-widget.php on line 163
[05-May-2025 10:38:50 UTC] PHP Notice:  Function _load_textdomain_just_in_time was called <strong>incorrectly</strong>. Translation loading for the <code>share-and-follow</code> domain was triggered too early. This is usually an indicator for some code in the plugin or theme running too early. Translations should be loaded at the <code>init</code> action or later. Please see <a href="https://developer.wordpress.org/advanced-administration/debug/debug-wordpress/">Debugging in WordPress</a> for more information. (This message was added in version 6.7.0.) in /wordpress/wp-includes/functions.php on line 6121
[05-May-2025 10:38:50 UTC] PHP Fatal error:  Uncaught ArgumentCountError: Too few arguments to function WP_Widget::__construct(), 0 passed in /wordpress/wp-includes/class-wp-widget-factory.php on line 62 and at least 2 expected in /wordpress/wp-includes/class-wp-widget.php:163
Stack trace:
#0 /wordpress/wp-includes/class-wp-widget-factory.php(62): WP_Widget->__construct()
#1 /wordpress/wp-includes/widgets.php(123): WP_Widget_Factory->register('Share_Widget')
#2 /wordpress/wp-content/plugins/share-and-follow/share-and-follow.php(1210): register_widget('Share_Widget')
#3 /wordpress/wp-includes/class-wp-hook.php(324): ShareAndFollow->load_widgets('')
#4 /wordpress/wp-includes/class-wp-hook.php(348): WP_Hook->apply_filters(NULL, Array)
#5 /wordpress/wp-includes/plugin.php(517): WP_Hook->do_action(Array)
#6 /wordpress/wp-includes/widgets.php(1870): do_action('widgets_init')
#7 /wordpress/wp-includes/class-wp-hook.php(324): wp_widgets_init('')
#8 /wordpress/wp-includes/class-wp-hook.php(348): WP_Hook->apply_filters(NULL, Array)
#9 /wordpress/wp-includes/plugin.php(517): WP_Hook->do_action(Array)
#10 /wordpress/wp-settings.php(727): do_action('init')
#11 /wordpress/wp-config.php(102): require_once('/wordpress/wp-s...')
#12 /wordpress/wp-load.php(50): require_once('/wordpress/wp-c...')
#13 /internal/eval.php(3): require_once('/wordpress/wp-l...')
#14 {main}
  thrown in /wordpress/wp-includes/class-wp-widget.php on line 163

    at Object.onBind (file:///home/runner/work/playground-tester/playground-tester/node_modules/@wp-playground/cli/index.js:237:15)
    at process.processTicksAndRejections (node:internal/process/task_queues:105:5)
    at async V (file:///home/runner/work/playground-tester/playground-tester/node_modules/@wp-playground/cli/index.js:64:10)
    at async ja (file:///home/runner/work/playground-tester/playground-tester/node_modules/@wp-playground/cli/cli.js:8161:12) {
  [cause]: Error: Error when executing the blueprint step #1 ({"step":"installPlugin","pluginData":{"resource":"wordpress.org/plugins","slug":"share-and-follow"},"options":{"activate":true}}) : PHP.run() failed with exit code 255 and the following output: 
      at Object.run (file:///home/runner/work/playground-tester/playground-tester/node_modules/@wp-playground/blueprints/index.js:12449:19)
      at process.processTicksAndRejections (node:internal/process/task_queues:105:5)
      at async ms (file:///home/runner/work/playground-tester/playground-tester/node_modules/@wp-playground/blueprints/index.js:12552:3)
      ... 2 lines matching cause stack trace ...
      at async ja (file:///home/runner/work/playground-tester/playground-tester/node_modules/@wp-playground/cli/cli.js:8161:12) {
    [cause]: PHPExecutionFailureError: PHP.run() failed with exit code 255 and the following output: 
        at PHP.run (file:///home/runner/work/playground-tester/playground-tester/node_modules/@php-wasm/universal/index.js:987:19)
        at process.processTicksAndRejections (node:internal/process/task_queues:105:5)
        at async wr (file:///home/runner/work/playground-tester/playground-tester/node_modules/@wp-playground/blueprints/index.js:73:13)
        at async Object.gt [as installPlugin] (file:///home/runner/work/playground-tester/playground-tester/node_modules/@wp-playground/blueprints/index.js:974:42)
        at async g (file:///home/runner/work/playground-tester/playground-tester/node_modules/@wp-playground/blueprints/index.js:12517:30)
        at async Object.run (file:///home/runner/work/playground-tester/playground-tester/node_modules/@wp-playground/blueprints/index.js:12446:23)
        at async ms (file:///home/runner/work/playground-tester/playground-tester/node_modules/@wp-playground/blueprints/index.js:12552:3)
        at async Object.onBind (file:///home/runner/work/playground-tester/playground-tester/node_modules/@wp-playground/cli/index.js:227:48)
        at async V (file:///home/runner/work/playground-tester/playground-tester/node_modules/@wp-playground/cli/index.js:64:10)
        at async ja (file:///home/runner/work/playground-tester/playground-tester/node_modules/@wp-playground/cli/cli.js:8161:12) {
      response: PHPResponse {
        httpStatusCode: 500,
        headers: {
          'x-powered-by': [ 'PHP/8.0.30-dev' ],
          'content-type': [ 'text/html; charset=UTF-8' ],
          expires: [ 'Wed, 11 Jan 1984 05:00:00 GMT' ],
          'cache-control': [ 'no-cache, must-revalidate, max-age=0, no-store, private' ]
        },
        bytes: Uint8Array(2653) [
           60,  33,  68,  79,  67,  84,  89,  80,  69,  32, 104, 116,
          109, 108,  62,  10,  60, 104, 116, 109, 108,  32, 108,  97,
          110, 103,  61,  34, 101, 110,  45,  85,  83,  34,  62,  10,
           60, 104, 101,  97, 100,  62,  10,   9,  60, 109, 101, 116,
           97,  32, 104, 116, 116, 112,  45, 101, 113, 117, 105, 118,
           61,  34,  67, 111, 110, 116, 101, 110, 116,  45,  84, 121,
          112, 101,  34,  32,  99, 111, 110, 116, 101, 110, 116,  61,
           34, 116, 101, 120, 116,  47, 104, 116, 109, 108,  59,  32,
           99, 104,  97, 114,
          ... 2553 more items
        ],
        exitCode: 255,
        errors: ''
      },
      source: 'request'
    }
  }
}

Node.js v23.11.0
