file:///home/runner/work/playground-tester/playground-tester/node_modules/@wp-playground/cli/index.js:237
        throw new Error(y, { cause: u });
              ^

Error: [25-May-2025 06:55:31 UTC] PHP Deprecated:  Function register_sidebar_widget is <strong>deprecated</strong> since version 2.8.0! Use wp_register_sidebar_widget() instead. in /wordpress/wp-includes/functions.php on line 6121
[25-May-2025 06:55:40 UTC] PHP Deprecated:  Function register_sidebar_widget is <strong>deprecated</strong> since version 2.8.0! Use wp_register_sidebar_widget() instead. in /wordpress/wp-includes/functions.php on line 6121
[25-May-2025 06:55:49 UTC] PHP Deprecated:  Function register_sidebar_widget is <strong>deprecated</strong> since version 2.8.0! Use wp_register_sidebar_widget() instead. in /wordpress/wp-includes/functions.php on line 6121
[25-May-2025 06:58:52 UTC] PHP Warning:  Undefined array key "mctdir" in /wordpress/wp-content/plugins/the-codetree-backup/codetree-backup.php on line 356
[25-May-2025 06:58:53 UTC] PHP Warning:  Undefined array key "mctdir" in /wordpress/wp-content/plugins/the-codetree-backup/codetree-backup.php on line 356
[25-May-2025 06:59:01 UTC] PHP Warning:  Undefined array key "mctdir" in /wordpress/wp-content/plugins/the-codetree-backup/codetree-backup.php on line 356
[25-May-2025 06:59:02 UTC] PHP Warning:  Undefined array key "mctdir" in /wordpress/wp-content/plugins/the-codetree-backup/codetree-backup.php on line 356
[25-May-2025 06:59:10 UTC] PHP Warning:  Undefined array key "mctdir" in /wordpress/wp-content/plugins/the-codetree-backup/codetree-backup.php on line 356
[25-May-2025 06:59:11 UTC] PHP Warning:  Undefined array key "mctdir" in /wordpress/wp-content/plugins/the-codetree-backup/codetree-backup.php on line 356
[25-May-2025 06:59:45 UTC] PHP Fatal error:  Array and string offset access syntax with curly braces is no longer supported in /wordpress/wp-content/plugins/the-holy-scripturizer/scripturizer.php on line 515
[25-May-2025 06:59:52 UTC] PHP Fatal error:  Array and string offset access syntax with curly braces is no longer supported in /wordpress/wp-content/plugins/the-holy-scripturizer/scripturizer.php on line 515
[25-May-2025 06:59:59 UTC] PHP Fatal error:  Array and string offset access syntax with curly braces is no longer supported in /wordpress/wp-content/plugins/the-holy-scripturizer/scripturizer.php on line 515
[25-May-2025 07:00:56 UTC] PHP Warning:  Trying to access array offset on value of type null in /wordpress/wp-content/plugins/the-scientific-diet-selector-free/diet-chooser.php on line 32
[25-May-2025 07:00:56 UTC] PHP Warning:  Trying to access array offset on value of type null in /wordpress/wp-content/plugins/the-scientific-diet-selector-free/diet-chooser.php on line 114
[25-May-2025 07:00:56 UTC] PHP Warning:  foreach() argument must be of type array|object, null given in /wordpress/wp-content/plugins/the-scientific-diet-selector-free/diet-chooser.php on line 115
[25-May-2025 07:00:57 UTC] PHP Warning:  Trying to access array offset on value of type null in /wordpress/wp-content/plugins/the-scientific-diet-selector-free/diet-chooser.php on line 32
[25-May-2025 07:00:57 UTC] PHP Warning:  Trying to access array offset on value of type null in /wordpress/wp-content/plugins/the-scientific-diet-selector-free/diet-chooser.php on line 114
[25-May-2025 07:00:57 UTC] PHP Warning:  foreach() argument must be of type array|object, null given in /wordpress/wp-content/plugins/the-scientific-diet-selector-free/diet-chooser.php on line 115
[25-May-2025 07:01:05 UTC] PHP Warning:  Trying to access array offset on value of type null in /wordpress/wp-content/plugins/the-scientific-diet-selector-free/diet-chooser.php on line 32
[25-May-2025 07:01:06 UTC] PHP Warning:  Trying to access array offset on value of type null in /wordpress/wp-content/plugins/the-scientific-diet-selector-free/diet-chooser.php on line 114
[25-May-2025 07:01:06 UTC] PHP Warning:  foreach() argument must be of type array|object, null given in /wordpress/wp-content/plugins/the-scientific-diet-selector-free/diet-chooser.php on line 115
[25-May-2025 07:01:07 UTC] PHP Warning:  Trying to access array offset on value of type null in /wordpress/wp-content/plugins/the-scientific-diet-selector-free/diet-chooser.php on line 32
[25-May-2025 07:01:12 UTC] PHP Warning:  Trying to access array offset on value of type null in /wordpress/wp-content/plugins/the-scientific-diet-selector-free/diet-chooser.php on line 114
[25-May-2025 07:01:12 UTC] PHP Warning:  foreach() argument must be of type array|object, null given in /wordpress/wp-content/plugins/the-scientific-diet-selector-free/diet-chooser.php on line 115
[25-May-2025 07:01:20 UTC] PHP Warning:  Trying to access array offset on value of type null in /wordpress/wp-content/plugins/the-scientific-diet-selector-free/diet-chooser.php on line 32
[25-May-2025 07:01:25 UTC] PHP Warning:  Trying to access array offset on value of type null in /wordpress/wp-content/plugins/the-scientific-diet-selector-free/diet-chooser.php on line 114
[25-May-2025 07:01:25 UTC] PHP Warning:  foreach() argument must be of type array|object, null given in /wordpress/wp-content/plugins/the-scientific-diet-selector-free/diet-chooser.php on line 115
[25-May-2025 07:01:26 UTC] PHP Warning:  Trying to access array offset on value of type null in /wordpress/wp-content/plugins/the-scientific-diet-selector-free/diet-chooser.php on line 32
[25-May-2025 07:01:26 UTC] PHP Warning:  Trying to access array offset on value of type null in /wordpress/wp-content/plugins/the-scientific-diet-selector-free/diet-chooser.php on line 114
[25-May-2025 07:01:26 UTC] PHP Warning:  foreach() argument must be of type array|object, null given in /wordpress/wp-content/plugins/the-scientific-diet-selector-free/diet-chooser.php on line 115
[25-May-2025 07:01:36 UTC] OpenSSL SSL_connect: SSL_ERROR_SYSCALL in connection to app.thevoicedesigner.com:443 
[25-May-2025 07:01:36 UTC] PHP Fatal error:  Uncaught Httpful\Exception\ConnectionErrorException: Unable to connect to "https://app.thevoicedesigner.com/api/apps": 35 OpenSSL SSL_connect: SSL_ERROR_SYSCALL in connection to app.thevoicedesigner.com:443  in /wordpress/wp-content/plugins/the-voice-designer-by-data-driven-design/vendor/nategood/httpful/src/Httpful/Request.php:1028
Stack trace:
#0 /wordpress/wp-content/plugins/the-voice-designer-by-data-driven-design/vendor/nategood/httpful/src/Httpful/Request.php(204): Httpful\Request->buildResponse(false)
#1 /wordpress/wp-content/plugins/the-voice-designer-by-data-driven-design/src/BackendApi.php(53): Httpful\Request->send()
#2 /wordpress/wp-content/plugins/the-voice-designer-by-data-driven-design/src/BackendApi.php(32): DataDrivenDesign\VoiceDesigner\BackendApi->makeRequest(Object(Httpful\Request))
#3 /wordpress/wp-content/plugins/the-voice-designer-by-data-driven-design/src/Plugin.php(16): DataDrivenDesign\VoiceDesigner\BackendApi->createApp()
#4 /wordpress/wp-includes/class-wp-hook.php(324): DataDrivenD in /wordpress/wp-content/plugins/the-voice-designer-by-data-driven-design/vendor/nategood/httpful/src/Httpful/Request.php on line 1028
[25-May-2025 07:01:45 UTC] OpenSSL SSL_connect: SSL_ERROR_SYSCALL in connection to app.thevoicedesigner.com:443 
[25-May-2025 07:01:45 UTC] PHP Fatal error:  Uncaught Httpful\Exception\ConnectionErrorException: Unable to connect to "https://app.thevoicedesigner.com/api/apps": 35 OpenSSL SSL_connect: SSL_ERROR_SYSCALL in connection to app.thevoicedesigner.com:443  in /wordpress/wp-content/plugins/the-voice-designer-by-data-driven-design/vendor/nategood/httpful/src/Httpful/Request.php:1028
Stack trace:
#0 /wordpress/wp-content/plugins/the-voice-designer-by-data-driven-design/vendor/nategood/httpful/src/Httpful/Request.php(204): Httpful\Request->buildResponse(false)
#1 /wordpress/wp-content/plugins/the-voice-designer-by-data-driven-design/src/BackendApi.php(53): Httpful\Request->send()
#2 /wordpress/wp-content/plugins/the-voice-designer-by-data-driven-design/src/BackendApi.php(32): DataDrivenDesign\VoiceDesigner\BackendApi->makeRequest(Object(Httpful\Request))
#3 /wordpress/wp-content/plugins/the-voice-designer-by-data-driven-design/src/Plugin.php(16): DataDrivenDesign\VoiceDesigner\BackendApi->createApp()
#4 /wordpress/wp-includes/class-wp-hook.php(324): DataDrivenD in /wordpress/wp-content/plugins/the-voice-designer-by-data-driven-design/vendor/nategood/httpful/src/Httpful/Request.php on line 1028
[25-May-2025 07:01:53 UTC] OpenSSL SSL_connect: SSL_ERROR_SYSCALL in connection to app.thevoicedesigner.com:443 
[25-May-2025 07:01:53 UTC] PHP Fatal error:  Uncaught Httpful\Exception\ConnectionErrorException: Unable to connect to "https://app.thevoicedesigner.com/api/apps": 35 OpenSSL SSL_connect: SSL_ERROR_SYSCALL in connection to app.thevoicedesigner.com:443  in /wordpress/wp-content/plugins/the-voice-designer-by-data-driven-design/vendor/nategood/httpful/src/Httpful/Request.php:1028
Stack trace:
#0 /wordpress/wp-content/plugins/the-voice-designer-by-data-driven-design/vendor/nategood/httpful/src/Httpful/Request.php(204): Httpful\Request->buildResponse(false)
#1 /wordpress/wp-content/plugins/the-voice-designer-by-data-driven-design/src/BackendApi.php(53): Httpful\Request->send()
#2 /wordpress/wp-content/plugins/the-voice-designer-by-data-driven-design/src/BackendApi.php(32): DataDrivenDesign\VoiceDesigner\BackendApi->makeRequest(Object(Httpful\Request))
#3 /wordpress/wp-content/plugins/the-voice-designer-by-data-driven-design/src/Plugin.php(16): DataDrivenDesign\VoiceDesigner\BackendApi->createApp()
#4 /wordpress/wp-includes/class-wp-hook.php(324): DataDrivenD in /wordpress/wp-content/plugins/the-voice-designer-by-data-driven-design/vendor/nategood/httpful/src/Httpful/Request.php on line 1028
[25-May-2025 07:05:04 UTC] PHP Warning:  Undefined variable $alow_rss_error in /wordpress/wp-content/plugins/thebestvideo-informer/thebestvideo.php on line 200
[25-May-2025 07:05:04 UTC] PHP Warning:  Undefined variable $true in /wordpress/wp-content/plugins/thebestvideo-informer/thebestvideo.php on line 200
[25-May-2025 07:05:04 UTC] PHP Warning:  Undefined variable $alow_rss_error in /wordpress/wp-content/plugins/thebestvideo-informer/thebestvideo.php on line 200
[25-May-2025 07:05:04 UTC] PHP Warning:  Undefined variable $true in /wordpress/wp-content/plugins/thebestvideo-informer/thebestvideo.php on line 200
[25-May-2025 07:05:12 UTC] PHP Warning:  Undefined variable $alow_rss_error in /wordpress/wp-content/plugins/thebestvideo-informer/thebestvideo.php on line 200
[25-May-2025 07:05:12 UTC] PHP Warning:  Undefined variable $true in /wordpress/wp-content/plugins/thebestvideo-informer/thebestvideo.php on line 200
[25-May-2025 07:05:13 UTC] PHP Warning:  Undefined variable $alow_rss_error in /wordpress/wp-content/plugins/thebestvideo-informer/thebestvideo.php on line 200
[25-May-2025 07:05:13 UTC] PHP Warning:  Undefined variable $true in /wordpress/wp-content/plugins/thebestvideo-informer/thebestvideo.php on line 200
[25-May-2025 07:05:21 UTC] PHP Warning:  Undefined variable $alow_rss_error in /wordpress/wp-content/plugins/thebestvideo-informer/thebestvideo.php on line 200
[25-May-2025 07:05:21 UTC] PHP Warning:  Undefined variable $true in /wordpress/wp-content/plugins/thebestvideo-informer/thebestvideo.php on line 200
[25-May-2025 07:05:21 UTC] PHP Warning:  Undefined variable $alow_rss_error in /wordpress/wp-content/plugins/thebestvideo-informer/thebestvideo.php on line 200
[25-May-2025 07:05:21 UTC] PHP Warning:  Undefined variable $true in /wordpress/wp-content/plugins/thebestvideo-informer/thebestvideo.php on line 200
[25-May-2025 07:05:57 UTC] PHP Fatal error:  Array and string offset access syntax with curly braces is no longer supported in /wordpress/wp-content/plugins/trackerly/trackerly.php on line 283

    at Object.onBind (file:///home/runner/work/playground-tester/playground-tester/node_modules/@wp-playground/cli/index.js:237:15)
    at process.processTicksAndRejections (node:internal/process/task_queues:105:5)
    at async V (file:///home/runner/work/playground-tester/playground-tester/node_modules/@wp-playground/cli/index.js:64:10)
    at async ja (file:///home/runner/work/playground-tester/playground-tester/node_modules/@wp-playground/cli/cli.js:8161:12) {
  [cause]: Error: Error when executing the blueprint step #5 ({"step":"installPlugin","pluginData":{"resource":"wordpress.org/plugins","slug":"trackerly"},"options":{"activate":true}}) : PHP.run() failed with exit code 255 and the following output: 
      at Object.run (file:///home/runner/work/playground-tester/playground-tester/node_modules/@wp-playground/blueprints/index.js:12449:19)
      at process.processTicksAndRejections (node:internal/process/task_queues:105:5)
      at async ms (file:///home/runner/work/playground-tester/playground-tester/node_modules/@wp-playground/blueprints/index.js:12552:3)
      ... 2 lines matching cause stack trace ...
      at async ja (file:///home/runner/work/playground-tester/playground-tester/node_modules/@wp-playground/cli/cli.js:8161:12) {
    [cause]: PHPExecutionFailureError: PHP.run() failed with exit code 255 and the following output: 
        at PHP.run (file:///home/runner/work/playground-tester/playground-tester/node_modules/@php-wasm/universal/index.js:987:19)
        at process.processTicksAndRejections (node:internal/process/task_queues:105:5)
        at async wr (file:///home/runner/work/playground-tester/playground-tester/node_modules/@wp-playground/blueprints/index.js:33:39)
        at async Object.gt [as installPlugin] (file:///home/runner/work/playground-tester/playground-tester/node_modules/@wp-playground/blueprints/index.js:974:42)
        at async g (file:///home/runner/work/playground-tester/playground-tester/node_modules/@wp-playground/blueprints/index.js:12517:30)
        at async Object.run (file:///home/runner/work/playground-tester/playground-tester/node_modules/@wp-playground/blueprints/index.js:12446:23)
        at async ms (file:///home/runner/work/playground-tester/playground-tester/node_modules/@wp-playground/blueprints/index.js:12552:3)
        at async Object.onBind (file:///home/runner/work/playground-tester/playground-tester/node_modules/@wp-playground/cli/index.js:227:48)
        at async V (file:///home/runner/work/playground-tester/playground-tester/node_modules/@wp-playground/cli/index.js:64:10)
        at async ja (file:///home/runner/work/playground-tester/playground-tester/node_modules/@wp-playground/cli/cli.js:8161:12) {
      response: PHPResponse {
        httpStatusCode: 500,
        headers: {
          'x-powered-by': [ 'PHP/8.0.30-dev' ],
          'content-type': [ 'text/html; charset=UTF-8' ]
        },
        bytes: Uint8Array(0) [],
        exitCode: 255,
        errors: ''
      },
      source: 'request'
    }
  }
}

Node.js v23.11.0
