file:///home/runner/work/playground-tester/playground-tester/node_modules/@wp-playground/cli/index.js:237
        throw new Error(y, { cause: u });
              ^

Error: [08-May-2025 13:38:09 UTC] PHP Warning:  Undefined variable $Base_name in /wordpress/wp-content/plugins/wp-auto-backup/Data.php on line 47
[08-May-2025 13:38:10 UTC] PHP Fatal error:  Uncaught PDOException: SQLSTATE[HY000] [2002] Address family not supported by protocol in /wordpress/wp-content/plugins/wp-auto-backup/Store.class.php:16
Stack trace:
#0 /wordpress/wp-content/plugins/wp-auto-backup/Store.class.php(16): PDO->__construct('mysql:host=;dbn...', '', '')
#1 /wordpress/wp-content/plugins/wp-auto-backup/Store.class.php(44): dj_store->Open_DataBase()
#2 /wordpress/wp-content/plugins/wp-auto-backup/Database_Backup.php(361): dj_store->Sql_Operation_WR('\nCREATE TABLE I...')
#3 /wordpress/wp-content/plugins/wp-auto-backup/Main.php(61): dj_operation->Create_BackUp_Table()
#4 /wordpress/wp-includes/class-wp-hook.php(324): dj_databases_backup->create_options_table('')
#5 /wordpress/wp-includes/class-wp-hook.php(348): WP_Hook->apply_filters(NULL, Array)
#6 /wordpress/wp-includes/plugin.php(517): WP_Hook->do_action(Array)
#7 /wordpress/wp-settings.php(727): do_action('init')
#8 /wordpress/wp-config.php(102): require_once('/wordpress/wp-s...')
#9 /wordpress/wp-load.php(50): require_once('/wordpress/wp-c...')
#10 /internal/eval.php(3): require_once('/wordpress/wp-l...')
#11 {main}
  thrown in /wordpress/wp-content/plugins/wp-auto-backup/Store.class.php on line 16
[08-May-2025 13:38:18 UTC] PHP Warning:  Undefined variable $Base_name in /wordpress/wp-content/plugins/wp-auto-backup/Data.php on line 47
[08-May-2025 13:38:20 UTC] PHP Fatal error:  Uncaught PDOException: SQLSTATE[HY000] [2002] Address family not supported by protocol in /wordpress/wp-content/plugins/wp-auto-backup/Store.class.php:16
Stack trace:
#0 /wordpress/wp-content/plugins/wp-auto-backup/Store.class.php(16): PDO->__construct('mysql:host=;dbn...', '', '')
#1 /wordpress/wp-content/plugins/wp-auto-backup/Store.class.php(44): dj_store->Open_DataBase()
#2 /wordpress/wp-content/plugins/wp-auto-backup/Database_Backup.php(361): dj_store->Sql_Operation_WR('\nCREATE TABLE I...')
#3 /wordpress/wp-content/plugins/wp-auto-backup/Main.php(61): dj_operation->Create_BackUp_Table()
#4 /wordpress/wp-includes/class-wp-hook.php(324): dj_databases_backup->create_options_table('')
#5 /wordpress/wp-includes/class-wp-hook.php(348): WP_Hook->apply_filters(NULL, Array)
#6 /wordpress/wp-includes/plugin.php(517): WP_Hook->do_action(Array)
#7 /wordpress/wp-settings.php(727): do_action('init')
#8 /wordpress/wp-config.php(102): require_once('/wordpress/wp-s...')
#9 /wordpress/wp-load.php(50): require_once('/wordpress/wp-c...')
#10 /internal/eval.php(3): require_once('/wordpress/wp-l...')
#11 {main}
  thrown in /wordpress/wp-content/plugins/wp-auto-backup/Store.class.php on line 16
[08-May-2025 13:38:27 UTC] PHP Warning:  Undefined variable $Base_name in /wordpress/wp-content/plugins/wp-auto-backup/Data.php on line 47
[08-May-2025 13:38:28 UTC] PHP Fatal error:  Uncaught PDOException: SQLSTATE[HY000] [2002] Address family not supported by protocol in /wordpress/wp-content/plugins/wp-auto-backup/Store.class.php:16
Stack trace:
#0 /wordpress/wp-content/plugins/wp-auto-backup/Store.class.php(16): PDO->__construct('mysql:host=;dbn...', '', '')
#1 /wordpress/wp-content/plugins/wp-auto-backup/Store.class.php(44): dj_store->Open_DataBase()
#2 /wordpress/wp-content/plugins/wp-auto-backup/Database_Backup.php(361): dj_store->Sql_Operation_WR('\nCREATE TABLE I...')
#3 /wordpress/wp-content/plugins/wp-auto-backup/Main.php(61): dj_operation->Create_BackUp_Table()
#4 /wordpress/wp-includes/class-wp-hook.php(324): dj_databases_backup->create_options_table('')
#5 /wordpress/wp-includes/class-wp-hook.php(348): WP_Hook->apply_filters(NULL, Array)
#6 /wordpress/wp-includes/plugin.php(517): WP_Hook->do_action(Array)
#7 /wordpress/wp-settings.php(727): do_action('init')
#8 /wordpress/wp-config.php(102): require_once('/wordpress/wp-s...')
#9 /wordpress/wp-load.php(50): require_once('/wordpress/wp-c...')
#10 /internal/eval.php(3): require_once('/wordpress/wp-l...')
#11 {main}
  thrown in /wordpress/wp-content/plugins/wp-auto-backup/Store.class.php on line 16
[08-May-2025 13:39:05 UTC] PHP Notice:  Function wp_enqueue_script was called <strong>incorrectly</strong>. Scripts and styles should not be registered or enqueued until the <code>wp_enqueue_scripts</code>, <code>admin_enqueue_scripts</code>, or <code>login_enqueue_scripts</code> hooks. This notice was triggered by the <code>tp-custom-clock-plugin-js</code> handle. Please see <a href="https://developer.wordpress.org/advanced-administration/debug/debug-wordpress/">Debugging in WordPress</a> for more information. (This message was added in version 3.3.0.) in /wordpress/wp-includes/functions.php on line 6121
[08-May-2025 13:39:05 UTC] PHP Notice:  Function wp_enqueue_style was called <strong>incorrectly</strong>. Scripts and styles should not be registered or enqueued until the <code>wp_enqueue_scripts</code>, <code>admin_enqueue_scripts</code>, or <code>login_enqueue_scripts</code> hooks. This notice was triggered by the <code>tp-custom-clock-plugin-css</code> handle. Please see <a href="https://developer.wordpress.org/advanced-administration/debug/debug-wordpress/">Debugging in WordPress</a> for more information. (This message was added in version 3.3.0.) in /wordpress/wp-includes/functions.php on line 6121
[08-May-2025 13:39:05 UTC] PHP Notice:  Function is_feed was called <strong>incorrectly</strong>. Conditional query tags do not work before the query is run. Before then, they always return false. Please see <a href="https://developer.wordpress.org/advanced-administration/debug/debug-wordpress/">Debugging in WordPress</a> for more information. (This message was added in version 3.1.0.) in /wordpress/wp-includes/functions.php on line 6121
[08-May-2025 13:39:13 UTC] PHP Notice:  Function wp_enqueue_script was called <strong>incorrectly</strong>. Scripts and styles should not be registered or enqueued until the <code>wp_enqueue_scripts</code>, <code>admin_enqueue_scripts</code>, or <code>login_enqueue_scripts</code> hooks. This notice was triggered by the <code>tp-custom-clock-plugin-js</code> handle. Please see <a href="https://developer.wordpress.org/advanced-administration/debug/debug-wordpress/">Debugging in WordPress</a> for more information. (This message was added in version 3.3.0.) in /wordpress/wp-includes/functions.php on line 6121
[08-May-2025 13:39:13 UTC] PHP Notice:  Function wp_enqueue_style was called <strong>incorrectly</strong>. Scripts and styles should not be registered or enqueued until the <code>wp_enqueue_scripts</code>, <code>admin_enqueue_scripts</code>, or <code>login_enqueue_scripts</code> hooks. This notice was triggered by the <code>tp-custom-clock-plugin-css</code> handle. Please see <a href="https://developer.wordpress.org/advanced-administration/debug/debug-wordpress/">Debugging in WordPress</a> for more information. (This message was added in version 3.3.0.) in /wordpress/wp-includes/functions.php on line 6121
[08-May-2025 13:39:13 UTC] PHP Notice:  Function is_feed was called <strong>incorrectly</strong>. Conditional query tags do not work before the query is run. Before then, they always return false. Please see <a href="https://developer.wordpress.org/advanced-administration/debug/debug-wordpress/">Debugging in WordPress</a> for more information. (This message was added in version 3.1.0.) in /wordpress/wp-includes/functions.php on line 6121
[08-May-2025 13:39:22 UTC] PHP Notice:  Function wp_enqueue_script was called <strong>incorrectly</strong>. Scripts and styles should not be registered or enqueued until the <code>wp_enqueue_scripts</code>, <code>admin_enqueue_scripts</code>, or <code>login_enqueue_scripts</code> hooks. This notice was triggered by the <code>tp-custom-clock-plugin-js</code> handle. Please see <a href="https://developer.wordpress.org/advanced-administration/debug/debug-wordpress/">Debugging in WordPress</a> for more information. (This message was added in version 3.3.0.) in /wordpress/wp-includes/functions.php on line 6121
[08-May-2025 13:39:22 UTC] PHP Notice:  Function wp_enqueue_style was called <strong>incorrectly</strong>. Scripts and styles should not be registered or enqueued until the <code>wp_enqueue_scripts</code>, <code>admin_enqueue_scripts</code>, or <code>login_enqueue_scripts</code> hooks. This notice was triggered by the <code>tp-custom-clock-plugin-css</code> handle. Please see <a href="https://developer.wordpress.org/advanced-administration/debug/debug-wordpress/">Debugging in WordPress</a> for more information. (This message was added in version 3.3.0.) in /wordpress/wp-includes/functions.php on line 6121
[08-May-2025 13:39:22 UTC] PHP Notice:  Function is_feed was called <strong>incorrectly</strong>. Conditional query tags do not work before the query is run. Before then, they always return false. Please see <a href="https://developer.wordpress.org/advanced-administration/debug/debug-wordpress/">Debugging in WordPress</a> for more information. (This message was added in version 3.1.0.) in /wordpress/wp-includes/functions.php on line 6121
[08-May-2025 13:40:22 UTC] PHP Warning:  "continue" targeting switch is equivalent to "break". Did you mean to use "continue 2"? in /wordpress/wp-content/plugins/wp-ecommerce-compare-products/admin/admin-interface.php on line 243
[08-May-2025 13:40:22 UTC] PHP Fatal error:  Uncaught Error: Call to undefined function create_function() in /wordpress/wp-content/plugins/wp-ecommerce-compare-products/widget/class-compare_widget.php:6
Stack trace:
#0 /wordpress/wp-content/plugins/wp-ecommerce-compare-products/compare_products.php(66): include()
#1 /wordpress/wp-admin/includes/plugin.php(2387): include_once('/wordpress/wp-c...')
#2 /wordpress/wp-admin/includes/plugin.php(673): plugin_sandbox_scrape('wp-ecommerce-co...')
#3 /internal/eval.php(20): activate_plugin('wp-ecommerce-co...')
#4 {main}
  thrown in /wordpress/wp-content/plugins/wp-ecommerce-compare-products/widget/class-compare_widget.php on line 6
[08-May-2025 13:40:30 UTC] PHP Warning:  "continue" targeting switch is equivalent to "break". Did you mean to use "continue 2"? in /wordpress/wp-content/plugins/wp-ecommerce-compare-products/admin/admin-interface.php on line 243
[08-May-2025 13:40:30 UTC] PHP Fatal error:  Uncaught Error: Call to undefined function create_function() in /wordpress/wp-content/plugins/wp-ecommerce-compare-products/widget/class-compare_widget.php:6
Stack trace:
#0 /wordpress/wp-content/plugins/wp-ecommerce-compare-products/compare_products.php(66): include()
#1 /wordpress/wp-admin/includes/plugin.php(2387): include_once('/wordpress/wp-c...')
#2 /wordpress/wp-admin/includes/plugin.php(673): plugin_sandbox_scrape('wp-ecommerce-co...')
#3 /internal/eval.php(20): activate_plugin('wp-ecommerce-co...')
#4 {main}
  thrown in /wordpress/wp-content/plugins/wp-ecommerce-compare-products/widget/class-compare_widget.php on line 6
[08-May-2025 13:40:39 UTC] PHP Warning:  "continue" targeting switch is equivalent to "break". Did you mean to use "continue 2"? in /wordpress/wp-content/plugins/wp-ecommerce-compare-products/admin/admin-interface.php on line 243
[08-May-2025 13:40:39 UTC] PHP Fatal error:  Uncaught Error: Call to undefined function create_function() in /wordpress/wp-content/plugins/wp-ecommerce-compare-products/widget/class-compare_widget.php:6
Stack trace:
#0 /wordpress/wp-content/plugins/wp-ecommerce-compare-products/compare_products.php(66): include()
#1 /wordpress/wp-admin/includes/plugin.php(2387): include_once('/wordpress/wp-c...')
#2 /wordpress/wp-admin/includes/plugin.php(673): plugin_sandbox_scrape('wp-ecommerce-co...')
#3 /internal/eval.php(20): activate_plugin('wp-ecommerce-co...')
#4 {main}
  thrown in /wordpress/wp-content/plugins/wp-ecommerce-compare-products/widget/class-compare_widget.php on line 6
[08-May-2025 13:41:21 UTC] PHP Fatal error:  Uncaught Error: Undefined constant "wpgft_eval_PostData" in /wordpress/wp-content/plugins/wp-gift-cert/wpgft-loader.php:414
Stack trace:
#0 /wordpress/wp-content/plugins/wp-gift-cert/wpgft.php(38): require_once()
#1 /wordpress/wp-admin/includes/plugin.php(2387): include_once('/wordpress/wp-c...')
#2 /wordpress/wp-admin/includes/plugin.php(673): plugin_sandbox_scrape('wp-gift-cert/wp...')
#3 /internal/eval.php(20): activate_plugin('wp-gift-cert/wp...')
#4 {main}
  thrown in /wordpress/wp-content/plugins/wp-gift-cert/wpgft-loader.php on line 414
[08-May-2025 13:41:29 UTC] PHP Fatal error:  Uncaught Error: Undefined constant "wpgft_eval_PostData" in /wordpress/wp-content/plugins/wp-gift-cert/wpgft-loader.php:414
Stack trace:
#0 /wordpress/wp-content/plugins/wp-gift-cert/wpgft.php(38): require_once()
#1 /wordpress/wp-admin/includes/plugin.php(2387): include_once('/wordpress/wp-c...')
#2 /wordpress/wp-admin/includes/plugin.php(673): plugin_sandbox_scrape('wp-gift-cert/wp...')
#3 /internal/eval.php(20): activate_plugin('wp-gift-cert/wp...')
#4 {main}
  thrown in /wordpress/wp-content/plugins/wp-gift-cert/wpgft-loader.php on line 414
[08-May-2025 13:41:37 UTC] PHP Fatal error:  Uncaught Error: Undefined constant "wpgft_eval_PostData" in /wordpress/wp-content/plugins/wp-gift-cert/wpgft-loader.php:414
Stack trace:
#0 /wordpress/wp-content/plugins/wp-gift-cert/wpgft.php(38): require_once()
#1 /wordpress/wp-admin/includes/plugin.php(2387): include_once('/wordpress/wp-c...')
#2 /wordpress/wp-admin/includes/plugin.php(673): plugin_sandbox_scrape('wp-gift-cert/wp...')
#3 /internal/eval.php(20): activate_plugin('wp-gift-cert/wp...')
#4 {main}
  thrown in /wordpress/wp-content/plugins/wp-gift-cert/wpgft-loader.php on line 414
[08-May-2025 13:41:45 UTC] PHP Deprecated:  Required parameter $file follows optional parameter $hook in /wordpress/wp-content/plugins/wp-hooks-browser/wp-hooks-browser.php on line 364
[08-May-2025 13:41:45 UTC] PHP Deprecated:  Required parameter $pattern follows optional parameter $hook in /wordpress/wp-content/plugins/wp-hooks-browser/wp-hooks-browser.php on line 364
[08-May-2025 13:41:46 UTC] PHP Deprecated:  Required parameter $file follows optional parameter $hook in /wordpress/wp-content/plugins/wp-hooks-browser/wp-hooks-browser.php on line 364
[08-May-2025 13:41:46 UTC] PHP Deprecated:  Required parameter $pattern follows optional parameter $hook in /wordpress/wp-content/plugins/wp-hooks-browser/wp-hooks-browser.php on line 364
[08-May-2025 13:41:55 UTC] PHP Deprecated:  Required parameter $file follows optional parameter $hook in /wordpress/wp-content/plugins/wp-hooks-browser/wp-hooks-browser.php on line 364
[08-May-2025 13:41:55 UTC] PHP Deprecated:  Required parameter $pattern follows optional parameter $hook in /wordpress/wp-content/plugins/wp-hooks-browser/wp-hooks-browser.php on line 364
[08-May-2025 13:41:55 UTC] PHP Deprecated:  Required parameter $file follows optional parameter $hook in /wordpress/wp-content/plugins/wp-hooks-browser/wp-hooks-browser.php on line 364
[08-May-2025 13:41:55 UTC] PHP Deprecated:  Required parameter $pattern follows optional parameter $hook in /wordpress/wp-content/plugins/wp-hooks-browser/wp-hooks-browser.php on line 364
[08-May-2025 13:42:03 UTC] PHP Deprecated:  Required parameter $file follows optional parameter $hook in /wordpress/wp-content/plugins/wp-hooks-browser/wp-hooks-browser.php on line 364
[08-May-2025 13:42:03 UTC] PHP Deprecated:  Required parameter $pattern follows optional parameter $hook in /wordpress/wp-content/plugins/wp-hooks-browser/wp-hooks-browser.php on line 364
[08-May-2025 13:42:04 UTC] PHP Deprecated:  Required parameter $file follows optional parameter $hook in /wordpress/wp-content/plugins/wp-hooks-browser/wp-hooks-browser.php on line 364
[08-May-2025 13:42:04 UTC] PHP Deprecated:  Required parameter $pattern follows optional parameter $hook in /wordpress/wp-content/plugins/wp-hooks-browser/wp-hooks-browser.php on line 364
[08-May-2025 13:42:12 UTC] PHP Warning:  Undefined variable $user_setting in /wordpress/wp-content/plugins/wp-imageengine/functions.php on line 245
[08-May-2025 13:42:12 UTC] PHP Warning:  Undefined variable $user_setting in /wordpress/wp-content/plugins/wp-imageengine/functions.php on line 285
[08-May-2025 13:42:13 UTC] PHP Warning:  Undefined variable $user_setting in /wordpress/wp-content/plugins/wp-imageengine/functions.php on line 245
[08-May-2025 13:42:13 UTC] PHP Warning:  Undefined variable $user_setting in /wordpress/wp-content/plugins/wp-imageengine/functions.php on line 285
[08-May-2025 13:42:21 UTC] PHP Warning:  Undefined variable $user_setting in /wordpress/wp-content/plugins/wp-imageengine/functions.php on line 245
[08-May-2025 13:42:21 UTC] PHP Warning:  Undefined variable $user_setting in /wordpress/wp-content/plugins/wp-imageengine/functions.php on line 285
[08-May-2025 13:42:22 UTC] PHP Warning:  Undefined variable $user_setting in /wordpress/wp-content/plugins/wp-imageengine/functions.php on line 245
[08-May-2025 13:42:22 UTC] PHP Warning:  Undefined variable $user_setting in /wordpress/wp-content/plugins/wp-imageengine/functions.php on line 285
[08-May-2025 13:42:29 UTC] PHP Warning:  Undefined variable $user_setting in /wordpress/wp-content/plugins/wp-imageengine/functions.php on line 245
[08-May-2025 13:42:29 UTC] PHP Warning:  Undefined variable $user_setting in /wordpress/wp-content/plugins/wp-imageengine/functions.php on line 285
[08-May-2025 13:42:30 UTC] PHP Warning:  Undefined variable $user_setting in /wordpress/wp-content/plugins/wp-imageengine/functions.php on line 245
[08-May-2025 13:42:30 UTC] PHP Warning:  Undefined variable $user_setting in /wordpress/wp-content/plugins/wp-imageengine/functions.php on line 285
[08-May-2025 13:43:08 UTC] PHP Deprecated:  Required parameter $attr follows optional parameter $output in /wordpress/wp-content/plugins/wp-media-manager-lite/inc/class/wpmdia-gallery-metadata.php on line 198
[08-May-2025 13:43:09 UTC] PHP Deprecated:  Required parameter $attr follows optional parameter $output in /wordpress/wp-content/plugins/wp-media-manager-lite/inc/class/wpmdia-gallery-metadata.php on line 198
[08-May-2025 13:43:17 UTC] PHP Deprecated:  Required parameter $attr follows optional parameter $output in /wordpress/wp-content/plugins/wp-media-manager-lite/inc/class/wpmdia-gallery-metadata.php on line 198
[08-May-2025 13:43:18 UTC] PHP Deprecated:  Required parameter $attr follows optional parameter $output in /wordpress/wp-content/plugins/wp-media-manager-lite/inc/class/wpmdia-gallery-metadata.php on line 198
[08-May-2025 13:43:27 UTC] PHP Deprecated:  Required parameter $attr follows optional parameter $output in /wordpress/wp-content/plugins/wp-media-manager-lite/inc/class/wpmdia-gallery-metadata.php on line 198
[08-May-2025 13:43:28 UTC] PHP Deprecated:  Required parameter $attr follows optional parameter $output in /wordpress/wp-content/plugins/wp-media-manager-lite/inc/class/wpmdia-gallery-metadata.php on line 198
[08-May-2025 13:43:37 UTC] PHP Fatal error:  Uncaught ArgumentCountError: Too few arguments to function WP_Widget::__construct(), 0 passed in /wordpress/wp-includes/class-wp-widget-factory.php on line 62 and at least 2 expected in /wordpress/wp-includes/class-wp-widget.php:163
Stack trace:
#0 /wordpress/wp-includes/class-wp-widget-factory.php(62): WP_Widget->__construct()
#1 /wordpress/wp-includes/widgets.php(123): WP_Widget_Factory->register('mycategoryorder...')
#2 /wordpress/wp-content/plugins/wp-order-categories-widget/mycategoryorder.php(464): register_widget('mycategoryorder...')
#3 /wordpress/wp-includes/class-wp-hook.php(324): mycategoryorder_widgets_init('')
#4 /wordpress/wp-includes/class-wp-hook.php(348): WP_Hook->apply_filters(NULL, Array)
#5 /wordpress/wp-includes/plugin.php(517): WP_Hook->do_action(Array)
#6 /wordpress/wp-includes/widgets.php(1870): do_action('widgets_init')
#7 /wordpress/wp-includes/class-wp-hook.php(324): wp_widgets_init('')
#8 /wordpress/wp-includes/class-wp-hook.php(348): WP_Hook->apply_filters(NULL, Array)
#9 /wordpress/wp-includes/plugin.php(517): WP_Hook->do_action(Array)
#10 /wordpress/wp-settings.php(727): do_action('init')
#11 /wordpress/wp-config.php(102): require_once('/wordpress/wp-s...')
#12 /wordpress/wp-load.php(50): require_once('/wordpress/wp-c...')
#13 /internal/eval.php(3): require_once('/wordpress/wp-l...')
#14 {main}
  thrown in /wordpress/wp-includes/class-wp-widget.php on line 163
[08-May-2025 13:43:46 UTC] PHP Fatal error:  Uncaught ArgumentCountError: Too few arguments to function WP_Widget::__construct(), 0 passed in /wordpress/wp-includes/class-wp-widget-factory.php on line 62 and at least 2 expected in /wordpress/wp-includes/class-wp-widget.php:163
Stack trace:
#0 /wordpress/wp-includes/class-wp-widget-factory.php(62): WP_Widget->__construct()
#1 /wordpress/wp-includes/widgets.php(123): WP_Widget_Factory->register('mycategoryorder...')
#2 /wordpress/wp-content/plugins/wp-order-categories-widget/mycategoryorder.php(464): register_widget('mycategoryorder...')
#3 /wordpress/wp-includes/class-wp-hook.php(324): mycategoryorder_widgets_init('')
#4 /wordpress/wp-includes/class-wp-hook.php(348): WP_Hook->apply_filters(NULL, Array)
#5 /wordpress/wp-includes/plugin.php(517): WP_Hook->do_action(Array)
#6 /wordpress/wp-includes/widgets.php(1870): do_action('widgets_init')
#7 /wordpress/wp-includes/class-wp-hook.php(324): wp_widgets_init('')
#8 /wordpress/wp-includes/class-wp-hook.php(348): WP_Hook->apply_filters(NULL, Array)
#9 /wordpress/wp-includes/plugin.php(517): WP_Hook->do_action(Array)
#10 /wordpress/wp-settings.php(727): do_action('init')
#11 /wordpress/wp-config.php(102): require_once('/wordpress/wp-s...')
#12 /wordpress/wp-load.php(50): require_once('/wordpress/wp-c...')
#13 /internal/eval.php(3): require_once('/wordpress/wp-l...')
#14 {main}
  thrown in /wordpress/wp-includes/class-wp-widget.php on line 163
[08-May-2025 13:43:55 UTC] PHP Fatal error:  Uncaught ArgumentCountError: Too few arguments to function WP_Widget::__construct(), 0 passed in /wordpress/wp-includes/class-wp-widget-factory.php on line 62 and at least 2 expected in /wordpress/wp-includes/class-wp-widget.php:163
Stack trace:
#0 /wordpress/wp-includes/class-wp-widget-factory.php(62): WP_Widget->__construct()
#1 /wordpress/wp-includes/widgets.php(123): WP_Widget_Factory->register('mycategoryorder...')
#2 /wordpress/wp-content/plugins/wp-order-categories-widget/mycategoryorder.php(464): register_widget('mycategoryorder...')
#3 /wordpress/wp-includes/class-wp-hook.php(324): mycategoryorder_widgets_init('')
#4 /wordpress/wp-includes/class-wp-hook.php(348): WP_Hook->apply_filters(NULL, Array)
#5 /wordpress/wp-includes/plugin.php(517): WP_Hook->do_action(Array)
#6 /wordpress/wp-includes/widgets.php(1870): do_action('widgets_init')
#7 /wordpress/wp-includes/class-wp-hook.php(324): wp_widgets_init('')
#8 /wordpress/wp-includes/class-wp-hook.php(348): WP_Hook->apply_filters(NULL, Array)
#9 /wordpress/wp-includes/plugin.php(517): WP_Hook->do_action(Array)
#10 /wordpress/wp-settings.php(727): do_action('init')
#11 /wordpress/wp-config.php(102): require_once('/wordpress/wp-s...')
#12 /wordpress/wp-load.php(50): require_once('/wordpress/wp-c...')
#13 /internal/eval.php(3): require_once('/wordpress/wp-l...')
#14 {main}
  thrown in /wordpress/wp-includes/class-wp-widget.php on line 163
[08-May-2025 13:44:05 UTC] PHP Notice:  Only variables should be assigned by reference in /wordpress/wp-content/plugins/wpsocialstreamer/wpsocialstreamer.php on line 120
[08-May-2025 13:44:05 UTC] PHP Fatal error:  Uncaught ArgumentCountError: Too few arguments to function WP_Widget::__construct(), 0 passed in /wordpress/wp-includes/class-wp-widget-factory.php on line 62 and at least 2 expected in /wordpress/wp-includes/class-wp-widget.php:163
Stack trace:
#0 /wordpress/wp-includes/class-wp-widget-factory.php(62): WP_Widget->__construct()
#1 /wordpress/wp-includes/widgets.php(123): WP_Widget_Factory->register('WP_Widget_WPSS_...')
#2 /wordpress/wp-content/plugins/wpsocialstreamer/includes/widget.php(9): register_widget('WP_Widget_WPSS_...')
#3 /wordpress/wp-content/plugins/wpsocialstreamer/wpsocialstreamer.php(125): require('/wordpress/wp-c...')
#4 /wordpress/wp-includes/class-wp-hook.php(324): WPSocialStreamer->init('')
#5 /wordpress/wp-includes/class-wp-hook.php(348): WP_Hook->apply_filters(NULL, Array)
#6 /wordpress/wp-includes/plugin.php(517): WP_Hook->do_action(Array)
#7 /wordpress/wp-settings.php(727): do_action('init')
#8 /wordpress/wp-config.php(102): require_once('/wordpress/wp-s...')
#9 /wordpress/wp-load.php(50): require_once('/wordpress/wp-c...')
#10 /internal/eval.php(3): require_once('/wordpress/wp-l...')
#11 {main}
  thrown in /wordpress/wp-includes/class-wp-widget.php on line 163
[08-May-2025 13:44:14 UTC] PHP Notice:  Only variables should be assigned by reference in /wordpress/wp-content/plugins/wpsocialstreamer/wpsocialstreamer.php on line 120
[08-May-2025 13:44:14 UTC] PHP Fatal error:  Uncaught ArgumentCountError: Too few arguments to function WP_Widget::__construct(), 0 passed in /wordpress/wp-includes/class-wp-widget-factory.php on line 62 and at least 2 expected in /wordpress/wp-includes/class-wp-widget.php:163
Stack trace:
#0 /wordpress/wp-includes/class-wp-widget-factory.php(62): WP_Widget->__construct()
#1 /wordpress/wp-includes/widgets.php(123): WP_Widget_Factory->register('WP_Widget_WPSS_...')
#2 /wordpress/wp-content/plugins/wpsocialstreamer/includes/widget.php(9): register_widget('WP_Widget_WPSS_...')
#3 /wordpress/wp-content/plugins/wpsocialstreamer/wpsocialstreamer.php(125): require('/wordpress/wp-c...')
#4 /wordpress/wp-includes/class-wp-hook.php(324): WPSocialStreamer->init('')
#5 /wordpress/wp-includes/class-wp-hook.php(348): WP_Hook->apply_filters(NULL, Array)
#6 /wordpress/wp-includes/plugin.php(517): WP_Hook->do_action(Array)
#7 /wordpress/wp-settings.php(727): do_action('init')
#8 /wordpress/wp-config.php(102): require_once('/wordpress/wp-s...')
#9 /wordpress/wp-load.php(50): require_once('/wordpress/wp-c...')
#10 /internal/eval.php(3): require_once('/wordpress/wp-l...')
#11 {main}
  thrown in /wordpress/wp-includes/class-wp-widget.php on line 163
[08-May-2025 13:44:23 UTC] PHP Notice:  Only variables should be assigned by reference in /wordpress/wp-content/plugins/wpsocialstreamer/wpsocialstreamer.php on line 120
[08-May-2025 13:44:23 UTC] PHP Fatal error:  Uncaught ArgumentCountError: Too few arguments to function WP_Widget::__construct(), 0 passed in /wordpress/wp-includes/class-wp-widget-factory.php on line 62 and at least 2 expected in /wordpress/wp-includes/class-wp-widget.php:163
Stack trace:
#0 /wordpress/wp-includes/class-wp-widget-factory.php(62): WP_Widget->__construct()
#1 /wordpress/wp-includes/widgets.php(123): WP_Widget_Factory->register('WP_Widget_WPSS_...')
#2 /wordpress/wp-content/plugins/wpsocialstreamer/includes/widget.php(9): register_widget('WP_Widget_WPSS_...')
#3 /wordpress/wp-content/plugins/wpsocialstreamer/wpsocialstreamer.php(125): require('/wordpress/wp-c...')
#4 /wordpress/wp-includes/class-wp-hook.php(324): WPSocialStreamer->init('')
#5 /wordpress/wp-includes/class-wp-hook.php(348): WP_Hook->apply_filters(NULL, Array)
#6 /wordpress/wp-includes/plugin.php(517): WP_Hook->do_action(Array)
#7 /wordpress/wp-settings.php(727): do_action('init')
#8 /wordpress/wp-config.php(102): require_once('/wordpress/wp-s...')
#9 /wordpress/wp-load.php(50): require_once('/wordpress/wp-c...')
#10 /internal/eval.php(3): require_once('/wordpress/wp-l...')
#11 {main}
  thrown in /wordpress/wp-includes/class-wp-widget.php on line 163
[08-May-2025 13:45:05 UTC] PHP Fatal error:  Uncaught ArgumentCountError: Too few arguments to function WP_Widget::__construct(), 0 passed in /wordpress/wp-includes/class-wp-widget-factory.php on line 62 and at least 2 expected in /wordpress/wp-includes/class-wp-widget.php:163
Stack trace:
#0 /wordpress/wp-includes/class-wp-widget-factory.php(62): WP_Widget->__construct()
#1 /wordpress/wp-includes/widgets.php(123): WP_Widget_Factory->register('wetterinfoGadge...')
#2 /wordpress/wp-content/plugins/wetterinfo-wetter/wetterinfo.php(21): register_widget('wetterinfoGadge...')
#3 /wordpress/wp-includes/class-wp-hook.php(324): wetterinfo_init('')
#4 /wordpress/wp-includes/class-wp-hook.php(348): WP_Hook->apply_filters(NULL, Array)
#5 /wordpress/wp-includes/plugin.php(517): WP_Hook->do_action(Array)
#6 /wordpress/wp-includes/widgets.php(1870): do_action('widgets_init')
#7 /wordpress/wp-includes/class-wp-hook.php(324): wp_widgets_init('')
#8 /wordpress/wp-includes/class-wp-hook.php(348): WP_Hook->apply_filters(NULL, Array)
#9 /wordpress/wp-includes/plugin.php(517): WP_Hook->do_action(Array)
#10 /wordpress/wp-settings.php(727): do_action('init')
#11 /wordpress/wp-config.php(102): require_once('/wordpress/wp-s...')
#12 /wordpress/wp-load.php(50): require_once('/wordpress/wp-c...')
#13 /internal/eval.php(3): require_once('/wordpress/wp-l...')
#14 {main}
  thrown in /wordpress/wp-includes/class-wp-widget.php on line 163
[08-May-2025 13:45:13 UTC] PHP Fatal error:  Uncaught ArgumentCountError: Too few arguments to function WP_Widget::__construct(), 0 passed in /wordpress/wp-includes/class-wp-widget-factory.php on line 62 and at least 2 expected in /wordpress/wp-includes/class-wp-widget.php:163
Stack trace:
#0 /wordpress/wp-includes/class-wp-widget-factory.php(62): WP_Widget->__construct()
#1 /wordpress/wp-includes/widgets.php(123): WP_Widget_Factory->register('wetterinfoGadge...')
#2 /wordpress/wp-content/plugins/wetterinfo-wetter/wetterinfo.php(21): register_widget('wetterinfoGadge...')
#3 /wordpress/wp-includes/class-wp-hook.php(324): wetterinfo_init('')
#4 /wordpress/wp-includes/class-wp-hook.php(348): WP_Hook->apply_filters(NULL, Array)
#5 /wordpress/wp-includes/plugin.php(517): WP_Hook->do_action(Array)
#6 /wordpress/wp-includes/widgets.php(1870): do_action('widgets_init')
#7 /wordpress/wp-includes/class-wp-hook.php(324): wp_widgets_init('')
#8 /wordpress/wp-includes/class-wp-hook.php(348): WP_Hook->apply_filters(NULL, Array)
#9 /wordpress/wp-includes/plugin.php(517): WP_Hook->do_action(Array)
#10 /wordpress/wp-settings.php(727): do_action('init')
#11 /wordpress/wp-config.php(102): require_once('/wordpress/wp-s...')
#12 /wordpress/wp-load.php(50): require_once('/wordpress/wp-c...')
#13 /internal/eval.php(3): require_once('/wordpress/wp-l...')
#14 {main}
  thrown in /wordpress/wp-includes/class-wp-widget.php on line 163
[08-May-2025 13:45:22 UTC] PHP Fatal error:  Uncaught ArgumentCountError: Too few arguments to function WP_Widget::__construct(), 0 passed in /wordpress/wp-includes/class-wp-widget-factory.php on line 62 and at least 2 expected in /wordpress/wp-includes/class-wp-widget.php:163
Stack trace:
#0 /wordpress/wp-includes/class-wp-widget-factory.php(62): WP_Widget->__construct()
#1 /wordpress/wp-includes/widgets.php(123): WP_Widget_Factory->register('wetterinfoGadge...')
#2 /wordpress/wp-content/plugins/wetterinfo-wetter/wetterinfo.php(21): register_widget('wetterinfoGadge...')
#3 /wordpress/wp-includes/class-wp-hook.php(324): wetterinfo_init('')
#4 /wordpress/wp-includes/class-wp-hook.php(348): WP_Hook->apply_filters(NULL, Array)
#5 /wordpress/wp-includes/plugin.php(517): WP_Hook->do_action(Array)
#6 /wordpress/wp-includes/widgets.php(1870): do_action('widgets_init')
#7 /wordpress/wp-includes/class-wp-hook.php(324): wp_widgets_init('')
#8 /wordpress/wp-includes/class-wp-hook.php(348): WP_Hook->apply_filters(NULL, Array)
#9 /wordpress/wp-includes/plugin.php(517): WP_Hook->do_action(Array)
#10 /wordpress/wp-settings.php(727): do_action('init')
#11 /wordpress/wp-config.php(102): require_once('/wordpress/wp-s...')
#12 /wordpress/wp-load.php(50): require_once('/wordpress/wp-c...')
#13 /internal/eval.php(3): require_once('/wordpress/wp-l...')
#14 {main}
  thrown in /wordpress/wp-includes/class-wp-widget.php on line 163
[08-May-2025 13:46:01 UTC] PHP Fatal error:  Array and string offset access syntax with curly braces is no longer supported in /wordpress/wp-content/plugins/wp-powerplaygallery/power_play.php on line 767
[08-May-2025 13:46:09 UTC] PHP Fatal error:  Array and string offset access syntax with curly braces is no longer supported in /wordpress/wp-content/plugins/wp-powerplaygallery/power_play.php on line 767
[08-May-2025 13:46:18 UTC] PHP Fatal error:  Array and string offset access syntax with curly braces is no longer supported in /wordpress/wp-content/plugins/wp-powerplaygallery/power_play.php on line 767

    at Object.onBind (file:///home/runner/work/playground-tester/playground-tester/node_modules/@wp-playground/cli/index.js:237:15)
    at process.processTicksAndRejections (node:internal/process/task_queues:105:5)
    at async V (file:///home/runner/work/playground-tester/playground-tester/node_modules/@wp-playground/cli/index.js:64:10)
    at async ja (file:///home/runner/work/playground-tester/playground-tester/node_modules/@wp-playground/cli/cli.js:8161:12) {
  [cause]: Error: Error when executing the blueprint step #1 ({"step":"installPlugin","pluginData":{"resource":"wordpress.org/plugins","slug":"wp-powerplaygallery"},"options":{"activate":true}}) : PHP.run() failed with exit code 255 and the following output: 
      at Object.run (file:///home/runner/work/playground-tester/playground-tester/node_modules/@wp-playground/blueprints/index.js:12449:19)
      at process.processTicksAndRejections (node:internal/process/task_queues:105:5)
      at async ms (file:///home/runner/work/playground-tester/playground-tester/node_modules/@wp-playground/blueprints/index.js:12552:3)
      ... 2 lines matching cause stack trace ...
      at async ja (file:///home/runner/work/playground-tester/playground-tester/node_modules/@wp-playground/cli/cli.js:8161:12) {
    [cause]: PHPExecutionFailureError: PHP.run() failed with exit code 255 and the following output: 
        at PHP.run (file:///home/runner/work/playground-tester/playground-tester/node_modules/@php-wasm/universal/index.js:987:19)
        at process.processTicksAndRejections (node:internal/process/task_queues:105:5)
        at async wr (file:///home/runner/work/playground-tester/playground-tester/node_modules/@wp-playground/blueprints/index.js:33:39)
        at async Object.gt [as installPlugin] (file:///home/runner/work/playground-tester/playground-tester/node_modules/@wp-playground/blueprints/index.js:974:42)
        at async g (file:///home/runner/work/playground-tester/playground-tester/node_modules/@wp-playground/blueprints/index.js:12517:30)
        at async Object.run (file:///home/runner/work/playground-tester/playground-tester/node_modules/@wp-playground/blueprints/index.js:12446:23)
        at async ms (file:///home/runner/work/playground-tester/playground-tester/node_modules/@wp-playground/blueprints/index.js:12552:3)
        at async Object.onBind (file:///home/runner/work/playground-tester/playground-tester/node_modules/@wp-playground/cli/index.js:227:48)
        at async V (file:///home/runner/work/playground-tester/playground-tester/node_modules/@wp-playground/cli/index.js:64:10)
        at async ja (file:///home/runner/work/playground-tester/playground-tester/node_modules/@wp-playground/cli/cli.js:8161:12) {
      response: PHPResponse {
        httpStatusCode: 500,
        headers: {
          'x-powered-by': [ 'PHP/8.0.30-dev' ],
          'content-type': [ 'text/html; charset=UTF-8' ]
        },
        bytes: Uint8Array(0) [],
        exitCode: 255,
        errors: ''
      },
      source: 'request'
    }
  }
}

Node.js v23.11.0
