file:///home/runner/work/playground-tester/playground-tester/node_modules/@wp-playground/cli/index.js:237
        throw new Error(y, { cause: u });
              ^

Error: [16-May-2025 20:29:55 UTC] PHP Fatal error:  Uncaught Error: Call to undefined function EburyLabs\wp_get_sites() in /wordpress/wp-content/plugins/wp-hreflang/lib/EburyLabs/Hreflang.class.php:56
Stack trace:
#0 /wordpress/wp-content/plugins/wp-hreflang/wp-hreflang.php(27): EburyLabs\Hreflang->__construct()
#1 /wordpress/wp-admin/includes/plugin.php(2387): include_once('/wordpress/wp-c...')
#2 /wordpress/wp-admin/includes/plugin.php(673): plugin_sandbox_scrape('wp-hreflang/wp-...')
#3 /internal/eval.php(20): activate_plugin('wp-hreflang/wp-...')
#4 {main}
  thrown in /wordpress/wp-content/plugins/wp-hreflang/lib/EburyLabs/Hreflang.class.php on line 56
[16-May-2025 20:30:03 UTC] PHP Fatal error:  Uncaught Error: Call to undefined function EburyLabs\wp_get_sites() in /wordpress/wp-content/plugins/wp-hreflang/lib/EburyLabs/Hreflang.class.php:56
Stack trace:
#0 /wordpress/wp-content/plugins/wp-hreflang/wp-hreflang.php(27): EburyLabs\Hreflang->__construct()
#1 /wordpress/wp-admin/includes/plugin.php(2387): include_once('/wordpress/wp-c...')
#2 /wordpress/wp-admin/includes/plugin.php(673): plugin_sandbox_scrape('wp-hreflang/wp-...')
#3 /internal/eval.php(20): activate_plugin('wp-hreflang/wp-...')
#4 {main}
  thrown in /wordpress/wp-content/plugins/wp-hreflang/lib/EburyLabs/Hreflang.class.php on line 56
[16-May-2025 20:30:10 UTC] PHP Fatal error:  Uncaught Error: Call to undefined function EburyLabs\wp_get_sites() in /wordpress/wp-content/plugins/wp-hreflang/lib/EburyLabs/Hreflang.class.php:56
Stack trace:
#0 /wordpress/wp-content/plugins/wp-hreflang/wp-hreflang.php(27): EburyLabs\Hreflang->__construct()
#1 /wordpress/wp-admin/includes/plugin.php(2387): include_once('/wordpress/wp-c...')
#2 /wordpress/wp-admin/includes/plugin.php(673): plugin_sandbox_scrape('wp-hreflang/wp-...')
#3 /internal/eval.php(20): activate_plugin('wp-hreflang/wp-...')
#4 {main}
  thrown in /wordpress/wp-content/plugins/wp-hreflang/lib/EburyLabs/Hreflang.class.php on line 56
[16-May-2025 20:30:20 UTC] PHP Notice:  Function _load_textdomain_just_in_time was called <strong>incorrectly</strong>. Translation loading for the <code>wp-ie-buster</code> domain was triggered too early. This is usually an indicator for some code in the plugin or theme running too early. Translations should be loaded at the <code>init</code> action or later. Please see <a href="https://developer.wordpress.org/advanced-administration/debug/debug-wordpress/">Debugging in WordPress</a> for more information. (This message was added in version 6.7.0.) in /wordpress/wp-includes/functions.php on line 6121
[16-May-2025 20:30:29 UTC] PHP Notice:  Function _load_textdomain_just_in_time was called <strong>incorrectly</strong>. Translation loading for the <code>wp-ie-buster</code> domain was triggered too early. This is usually an indicator for some code in the plugin or theme running too early. Translations should be loaded at the <code>init</code> action or later. Please see <a href="https://developer.wordpress.org/advanced-administration/debug/debug-wordpress/">Debugging in WordPress</a> for more information. (This message was added in version 6.7.0.) in /wordpress/wp-includes/functions.php on line 6121
[16-May-2025 20:30:38 UTC] PHP Notice:  Function _load_textdomain_just_in_time was called <strong>incorrectly</strong>. Translation loading for the <code>wp-ie-buster</code> domain was triggered too early. This is usually an indicator for some code in the plugin or theme running too early. Translations should be loaded at the <code>init</code> action or later. Please see <a href="https://developer.wordpress.org/advanced-administration/debug/debug-wordpress/">Debugging in WordPress</a> for more information. (This message was added in version 6.7.0.) in /wordpress/wp-includes/functions.php on line 6121
[16-May-2025 20:31:18 UTC] PHP Notice:  Function _load_textdomain_just_in_time was called <strong>incorrectly</strong>. Translation loading for the <code>wp_linker</code> domain was triggered too early. This is usually an indicator for some code in the plugin or theme running too early. Translations should be loaded at the <code>init</code> action or later. Please see <a href="https://developer.wordpress.org/advanced-administration/debug/debug-wordpress/">Debugging in WordPress</a> for more information. (This message was added in version 6.7.0.) in /wordpress/wp-includes/functions.php on line 6121
[16-May-2025 20:31:26 UTC] PHP Notice:  Function _load_textdomain_just_in_time was called <strong>incorrectly</strong>. Translation loading for the <code>wp_linker</code> domain was triggered too early. This is usually an indicator for some code in the plugin or theme running too early. Translations should be loaded at the <code>init</code> action or later. Please see <a href="https://developer.wordpress.org/advanced-administration/debug/debug-wordpress/">Debugging in WordPress</a> for more information. (This message was added in version 6.7.0.) in /wordpress/wp-includes/functions.php on line 6121
[16-May-2025 20:31:35 UTC] PHP Notice:  Function _load_textdomain_just_in_time was called <strong>incorrectly</strong>. Translation loading for the <code>wp_linker</code> domain was triggered too early. This is usually an indicator for some code in the plugin or theme running too early. Translations should be loaded at the <code>init</code> action or later. Please see <a href="https://developer.wordpress.org/advanced-administration/debug/debug-wordpress/">Debugging in WordPress</a> for more information. (This message was added in version 6.7.0.) in /wordpress/wp-includes/functions.php on line 6121
[16-May-2025 20:31:45 UTC] PHP Warning:  The magic method b2s_WpLoginTheme::__wakeup() must have public visibility in /wordpress/wp-content/plugins/wp-login-theme/wp-login-theme.php on line 69
[16-May-2025 20:31:47 UTC] PHP Warning:  The magic method b2s_WpLoginTheme::__wakeup() must have public visibility in /wordpress/wp-content/plugins/wp-login-theme/wp-login-theme.php on line 69
[16-May-2025 20:31:55 UTC] PHP Warning:  The magic method b2s_WpLoginTheme::__wakeup() must have public visibility in /wordpress/wp-content/plugins/wp-login-theme/wp-login-theme.php on line 69
[16-May-2025 20:31:56 UTC] PHP Warning:  The magic method b2s_WpLoginTheme::__wakeup() must have public visibility in /wordpress/wp-content/plugins/wp-login-theme/wp-login-theme.php on line 69
[16-May-2025 20:32:04 UTC] PHP Warning:  The magic method b2s_WpLoginTheme::__wakeup() must have public visibility in /wordpress/wp-content/plugins/wp-login-theme/wp-login-theme.php on line 69
[16-May-2025 20:32:05 UTC] PHP Warning:  The magic method b2s_WpLoginTheme::__wakeup() must have public visibility in /wordpress/wp-content/plugins/wp-login-theme/wp-login-theme.php on line 69
[16-May-2025 20:33:38 UTC] PHP Fatal error:  Uncaught PDOException: SQLSTATE[HY000] [2002] Address family not supported by protocol in /wordpress/wp-content/plugins/wp-xapi-lrs/include/WpUtil.php:43
Stack trace:
#0 /wordpress/wp-content/plugins/wp-xapi-lrs/include/WpUtil.php(43): PDO->__construct('mysql:host=loca...', 'username_here', 'password_here')
#1 /wordpress/wp-content/plugins/wp-xapi-lrs/wp-xapi-lrs.php(27): xapilrs\WpUtil::getCompatiblePdo()
#2 /wordpress/wp-includes/class-wp-hook.php(324): xapilrs_activate(false)
#3 /wordpress/wp-includes/class-wp-hook.php(348): WP_Hook->apply_filters('', Array)
#4 /wordpress/wp-includes/plugin.php(517): WP_Hook->do_action(Array)
#5 /wordpress/wp-admin/includes/plugin.php(703): do_action('activate_wp-xap...', false)
#6 /internal/eval.php(20): activate_plugin('wp-xapi-lrs/wp-...')
#7 {main}
  thrown in /wordpress/wp-content/plugins/wp-xapi-lrs/include/WpUtil.php on line 43
[16-May-2025 20:33:46 UTC] PHP Fatal error:  Uncaught PDOException: SQLSTATE[HY000] [2002] Address family not supported by protocol in /wordpress/wp-content/plugins/wp-xapi-lrs/include/WpUtil.php:43
Stack trace:
#0 /wordpress/wp-content/plugins/wp-xapi-lrs/include/WpUtil.php(43): PDO->__construct('mysql:host=loca...', 'username_here', 'password_here')
#1 /wordpress/wp-content/plugins/wp-xapi-lrs/wp-xapi-lrs.php(27): xapilrs\WpUtil::getCompatiblePdo()
#2 /wordpress/wp-includes/class-wp-hook.php(324): xapilrs_activate(false)
#3 /wordpress/wp-includes/class-wp-hook.php(348): WP_Hook->apply_filters('', Array)
#4 /wordpress/wp-includes/plugin.php(517): WP_Hook->do_action(Array)
#5 /wordpress/wp-admin/includes/plugin.php(703): do_action('activate_wp-xap...', false)
#6 /internal/eval.php(20): activate_plugin('wp-xapi-lrs/wp-...')
#7 {main}
  thrown in /wordpress/wp-content/plugins/wp-xapi-lrs/include/WpUtil.php on line 43
[16-May-2025 20:33:54 UTC] PHP Fatal error:  Uncaught PDOException: SQLSTATE[HY000] [2002] Address family not supported by protocol in /wordpress/wp-content/plugins/wp-xapi-lrs/include/WpUtil.php:43
Stack trace:
#0 /wordpress/wp-content/plugins/wp-xapi-lrs/include/WpUtil.php(43): PDO->__construct('mysql:host=loca...', 'username_here', 'password_here')
#1 /wordpress/wp-content/plugins/wp-xapi-lrs/wp-xapi-lrs.php(27): xapilrs\WpUtil::getCompatiblePdo()
#2 /wordpress/wp-includes/class-wp-hook.php(324): xapilrs_activate(false)
#3 /wordpress/wp-includes/class-wp-hook.php(348): WP_Hook->apply_filters('', Array)
#4 /wordpress/wp-includes/plugin.php(517): WP_Hook->do_action(Array)
#5 /wordpress/wp-admin/includes/plugin.php(703): do_action('activate_wp-xap...', false)
#6 /internal/eval.php(20): activate_plugin('wp-xapi-lrs/wp-...')
#7 {main}
  thrown in /wordpress/wp-content/plugins/wp-xapi-lrs/include/WpUtil.php on line 43
[16-May-2025 20:35:55 UTC] PHP Deprecated:  Required parameter $text follows optional parameter $vals in /wordpress/wp-content/plugins/weaver-themes-shortcode-compatibility/weaver-themes-compatibility.php on line 188
[16-May-2025 20:35:55 UTC] PHP Deprecated:  Required parameter $text follows optional parameter $vals in /wordpress/wp-content/plugins/weaver-themes-shortcode-compatibility/weaver-themes-compatibility.php on line 205
[16-May-2025 20:35:55 UTC] PHP Deprecated:  Required parameter $text follows optional parameter $args in /wordpress/wp-content/plugins/weaver-themes-shortcode-compatibility/weaver-themes-compatibility.php on line 353
[16-May-2025 20:35:55 UTC] PHP Deprecated:  Required parameter $text follows optional parameter $args in /wordpress/wp-content/plugins/weaver-themes-shortcode-compatibility/weaver-themes-compatibility.php on line 368
[16-May-2025 20:35:55 UTC] PHP Deprecated:  Required parameter $text follows optional parameter $args in /wordpress/wp-content/plugins/weaver-themes-shortcode-compatibility/weaver-themes-compatibility.php on line 379
[16-May-2025 20:35:55 UTC] PHP Deprecated:  Required parameter $text follows optional parameter $args in /wordpress/wp-content/plugins/weaver-themes-shortcode-compatibility/weaver-themes-compatibility.php on line 391
[16-May-2025 20:35:55 UTC] PHP Deprecated:  Required parameter $text follows optional parameter $args in /wordpress/wp-content/plugins/weaver-themes-shortcode-compatibility/weaver-themes-compatibility.php on line 404
[16-May-2025 20:35:55 UTC] PHP Deprecated:  Required parameter $text follows optional parameter $args in /wordpress/wp-content/plugins/weaver-themes-shortcode-compatibility/weaver-themes-compatibility.php on line 411
[16-May-2025 20:35:55 UTC] PHP Deprecated:  Required parameter $text follows optional parameter $args in /wordpress/wp-content/plugins/weaver-themes-shortcode-compatibility/weaver-themes-compatibility.php on line 462
[16-May-2025 20:35:55 UTC] PHP Deprecated:  Required parameter $text follows optional parameter $args in /wordpress/wp-content/plugins/weaver-themes-shortcode-compatibility/weaver-themes-compatibility.php on line 470
[16-May-2025 20:35:55 UTC] PHP Deprecated:  Required parameter $text follows optional parameter $args in /wordpress/wp-content/plugins/weaver-themes-shortcode-compatibility/weaver-themes-compatibility.php on line 478
[16-May-2025 20:35:55 UTC] PHP Deprecated:  Required parameter $text follows optional parameter $args in /wordpress/wp-content/plugins/weaver-themes-shortcode-compatibility/weaver-themes-compatibility.php on line 485
[16-May-2025 20:35:55 UTC] PHP Deprecated:  Required parameter $text follows optional parameter $args in /wordpress/wp-content/plugins/weaver-themes-shortcode-compatibility/weaver-themes-compatibility.php on line 494
[16-May-2025 20:35:56 UTC] PHP Deprecated:  Required parameter $text follows optional parameter $vals in /wordpress/wp-content/plugins/weaver-themes-shortcode-compatibility/weaver-themes-compatibility.php on line 188
[16-May-2025 20:35:56 UTC] PHP Deprecated:  Required parameter $text follows optional parameter $vals in /wordpress/wp-content/plugins/weaver-themes-shortcode-compatibility/weaver-themes-compatibility.php on line 205
[16-May-2025 20:35:56 UTC] PHP Deprecated:  Required parameter $text follows optional parameter $args in /wordpress/wp-content/plugins/weaver-themes-shortcode-compatibility/weaver-themes-compatibility.php on line 353
[16-May-2025 20:35:56 UTC] PHP Deprecated:  Required parameter $text follows optional parameter $args in /wordpress/wp-content/plugins/weaver-themes-shortcode-compatibility/weaver-themes-compatibility.php on line 368
[16-May-2025 20:35:56 UTC] PHP Deprecated:  Required parameter $text follows optional parameter $args in /wordpress/wp-content/plugins/weaver-themes-shortcode-compatibility/weaver-themes-compatibility.php on line 379
[16-May-2025 20:35:56 UTC] PHP Deprecated:  Required parameter $text follows optional parameter $args in /wordpress/wp-content/plugins/weaver-themes-shortcode-compatibility/weaver-themes-compatibility.php on line 391
[16-May-2025 20:35:56 UTC] PHP Deprecated:  Required parameter $text follows optional parameter $args in /wordpress/wp-content/plugins/weaver-themes-shortcode-compatibility/weaver-themes-compatibility.php on line 404
[16-May-2025 20:35:56 UTC] PHP Deprecated:  Required parameter $text follows optional parameter $args in /wordpress/wp-content/plugins/weaver-themes-shortcode-compatibility/weaver-themes-compatibility.php on line 411
[16-May-2025 20:35:56 UTC] PHP Deprecated:  Required parameter $text follows optional parameter $args in /wordpress/wp-content/plugins/weaver-themes-shortcode-compatibility/weaver-themes-compatibility.php on line 462
[16-May-2025 20:35:56 UTC] PHP Deprecated:  Required parameter $text follows optional parameter $args in /wordpress/wp-content/plugins/weaver-themes-shortcode-compatibility/weaver-themes-compatibility.php on line 470
[16-May-2025 20:35:56 UTC] PHP Deprecated:  Required parameter $text follows optional parameter $args in /wordpress/wp-content/plugins/weaver-themes-shortcode-compatibility/weaver-themes-compatibility.php on line 478
[16-May-2025 20:35:56 UTC] PHP Deprecated:  Required parameter $text follows optional parameter $args in /wordpress/wp-content/plugins/weaver-themes-shortcode-compatibility/weaver-themes-compatibility.php on line 485
[16-May-2025 20:35:56 UTC] PHP Deprecated:  Required parameter $text follows optional parameter $args in /wordpress/wp-content/plugins/weaver-themes-shortcode-compatibility/weaver-themes-compatibility.php on line 494
[16-May-2025 20:36:03 UTC] PHP Deprecated:  Required parameter $text follows optional parameter $vals in /wordpress/wp-content/plugins/weaver-themes-shortcode-compatibility/weaver-themes-compatibility.php on line 188
[16-May-2025 20:36:03 UTC] PHP Deprecated:  Required parameter $text follows optional parameter $vals in /wordpress/wp-content/plugins/weaver-themes-shortcode-compatibility/weaver-themes-compatibility.php on line 205
[16-May-2025 20:36:03 UTC] PHP Deprecated:  Required parameter $text follows optional parameter $args in /wordpress/wp-content/plugins/weaver-themes-shortcode-compatibility/weaver-themes-compatibility.php on line 353
[16-May-2025 20:36:03 UTC] PHP Deprecated:  Required parameter $text follows optional parameter $args in /wordpress/wp-content/plugins/weaver-themes-shortcode-compatibility/weaver-themes-compatibility.php on line 368
[16-May-2025 20:36:03 UTC] PHP Deprecated:  Required parameter $text follows optional parameter $args in /wordpress/wp-content/plugins/weaver-themes-shortcode-compatibility/weaver-themes-compatibility.php on line 379
[16-May-2025 20:36:03 UTC] PHP Deprecated:  Required parameter $text follows optional parameter $args in /wordpress/wp-content/plugins/weaver-themes-shortcode-compatibility/weaver-themes-compatibility.php on line 391
[16-May-2025 20:36:03 UTC] PHP Deprecated:  Required parameter $text follows optional parameter $args in /wordpress/wp-content/plugins/weaver-themes-shortcode-compatibility/weaver-themes-compatibility.php on line 404
[16-May-2025 20:36:03 UTC] PHP Deprecated:  Required parameter $text follows optional parameter $args in /wordpress/wp-content/plugins/weaver-themes-shortcode-compatibility/weaver-themes-compatibility.php on line 411
[16-May-2025 20:36:03 UTC] PHP Deprecated:  Required parameter $text follows optional parameter $args in /wordpress/wp-content/plugins/weaver-themes-shortcode-compatibility/weaver-themes-compatibility.php on line 462
[16-May-2025 20:36:03 UTC] PHP Deprecated:  Required parameter $text follows optional parameter $args in /wordpress/wp-content/plugins/weaver-themes-shortcode-compatibility/weaver-themes-compatibility.php on line 470
[16-May-2025 20:36:03 UTC] PHP Deprecated:  Required parameter $text follows optional parameter $args in /wordpress/wp-content/plugins/weaver-themes-shortcode-compatibility/weaver-themes-compatibility.php on line 478
[16-May-2025 20:36:03 UTC] PHP Deprecated:  Required parameter $text follows optional parameter $args in /wordpress/wp-content/plugins/weaver-themes-shortcode-compatibility/weaver-themes-compatibility.php on line 485
[16-May-2025 20:36:03 UTC] PHP Deprecated:  Required parameter $text follows optional parameter $args in /wordpress/wp-content/plugins/weaver-themes-shortcode-compatibility/weaver-themes-compatibility.php on line 494
[16-May-2025 20:36:04 UTC] PHP Deprecated:  Required parameter $text follows optional parameter $vals in /wordpress/wp-content/plugins/weaver-themes-shortcode-compatibility/weaver-themes-compatibility.php on line 188
[16-May-2025 20:36:04 UTC] PHP Deprecated:  Required parameter $text follows optional parameter $vals in /wordpress/wp-content/plugins/weaver-themes-shortcode-compatibility/weaver-themes-compatibility.php on line 205
[16-May-2025 20:36:04 UTC] PHP Deprecated:  Required parameter $text follows optional parameter $args in /wordpress/wp-content/plugins/weaver-themes-shortcode-compatibility/weaver-themes-compatibility.php on line 353
[16-May-2025 20:36:04 UTC] PHP Deprecated:  Required parameter $text follows optional parameter $args in /wordpress/wp-content/plugins/weaver-themes-shortcode-compatibility/weaver-themes-compatibility.php on line 368
[16-May-2025 20:36:04 UTC] PHP Deprecated:  Required parameter $text follows optional parameter $args in /wordpress/wp-content/plugins/weaver-themes-shortcode-compatibility/weaver-themes-compatibility.php on line 379
[16-May-2025 20:36:04 UTC] PHP Deprecated:  Required parameter $text follows optional parameter $args in /wordpress/wp-content/plugins/weaver-themes-shortcode-compatibility/weaver-themes-compatibility.php on line 391
[16-May-2025 20:36:04 UTC] PHP Deprecated:  Required parameter $text follows optional parameter $args in /wordpress/wp-content/plugins/weaver-themes-shortcode-compatibility/weaver-themes-compatibility.php on line 404
[16-May-2025 20:36:04 UTC] PHP Deprecated:  Required parameter $text follows optional parameter $args in /wordpress/wp-content/plugins/weaver-themes-shortcode-compatibility/weaver-themes-compatibility.php on line 411
[16-May-2025 20:36:04 UTC] PHP Deprecated:  Required parameter $text follows optional parameter $args in /wordpress/wp-content/plugins/weaver-themes-shortcode-compatibility/weaver-themes-compatibility.php on line 462
[16-May-2025 20:36:04 UTC] PHP Deprecated:  Required parameter $text follows optional parameter $args in /wordpress/wp-content/plugins/weaver-themes-shortcode-compatibility/weaver-themes-compatibility.php on line 470
[16-May-2025 20:36:04 UTC] PHP Deprecated:  Required parameter $text follows optional parameter $args in /wordpress/wp-content/plugins/weaver-themes-shortcode-compatibility/weaver-themes-compatibility.php on line 478
[16-May-2025 20:36:04 UTC] PHP Deprecated:  Required parameter $text follows optional parameter $args in /wordpress/wp-content/plugins/weaver-themes-shortcode-compatibility/weaver-themes-compatibility.php on line 485
[16-May-2025 20:36:04 UTC] PHP Deprecated:  Required parameter $text follows optional parameter $args in /wordpress/wp-content/plugins/weaver-themes-shortcode-compatibility/weaver-themes-compatibility.php on line 494
[16-May-2025 20:36:12 UTC] PHP Deprecated:  Required parameter $text follows optional parameter $vals in /wordpress/wp-content/plugins/weaver-themes-shortcode-compatibility/weaver-themes-compatibility.php on line 188
[16-May-2025 20:36:12 UTC] PHP Deprecated:  Required parameter $text follows optional parameter $vals in /wordpress/wp-content/plugins/weaver-themes-shortcode-compatibility/weaver-themes-compatibility.php on line 205
[16-May-2025 20:36:12 UTC] PHP Deprecated:  Required parameter $text follows optional parameter $args in /wordpress/wp-content/plugins/weaver-themes-shortcode-compatibility/weaver-themes-compatibility.php on line 353
[16-May-2025 20:36:12 UTC] PHP Deprecated:  Required parameter $text follows optional parameter $args in /wordpress/wp-content/plugins/weaver-themes-shortcode-compatibility/weaver-themes-compatibility.php on line 368
[16-May-2025 20:36:12 UTC] PHP Deprecated:  Required parameter $text follows optional parameter $args in /wordpress/wp-content/plugins/weaver-themes-shortcode-compatibility/weaver-themes-compatibility.php on line 379
[16-May-2025 20:36:12 UTC] PHP Deprecated:  Required parameter $text follows optional parameter $args in /wordpress/wp-content/plugins/weaver-themes-shortcode-compatibility/weaver-themes-compatibility.php on line 391
[16-May-2025 20:36:12 UTC] PHP Deprecated:  Required parameter $text follows optional parameter $args in /wordpress/wp-content/plugins/weaver-themes-shortcode-compatibility/weaver-themes-compatibility.php on line 404
[16-May-2025 20:36:12 UTC] PHP Deprecated:  Required parameter $text follows optional parameter $args in /wordpress/wp-content/plugins/weaver-themes-shortcode-compatibility/weaver-themes-compatibility.php on line 411
[16-May-2025 20:36:12 UTC] PHP Deprecated:  Required parameter $text follows optional parameter $args in /wordpress/wp-content/plugins/weaver-themes-shortcode-compatibility/weaver-themes-compatibility.php on line 462
[16-May-2025 20:36:12 UTC] PHP Deprecated:  Required parameter $text follows optional parameter $args in /wordpress/wp-content/plugins/weaver-themes-shortcode-compatibility/weaver-themes-compatibility.php on line 470
[16-May-2025 20:36:12 UTC] PHP Deprecated:  Required parameter $text follows optional parameter $args in /wordpress/wp-content/plugins/weaver-themes-shortcode-compatibility/weaver-themes-compatibility.php on line 478
[16-May-2025 20:36:12 UTC] PHP Deprecated:  Required parameter $text follows optional parameter $args in /wordpress/wp-content/plugins/weaver-themes-shortcode-compatibility/weaver-themes-compatibility.php on line 485
[16-May-2025 20:36:12 UTC] PHP Deprecated:  Required parameter $text follows optional parameter $args in /wordpress/wp-content/plugins/weaver-themes-shortcode-compatibility/weaver-themes-compatibility.php on line 494
[16-May-2025 20:36:13 UTC] PHP Deprecated:  Required parameter $text follows optional parameter $vals in /wordpress/wp-content/plugins/weaver-themes-shortcode-compatibility/weaver-themes-compatibility.php on line 188
[16-May-2025 20:36:13 UTC] PHP Deprecated:  Required parameter $text follows optional parameter $vals in /wordpress/wp-content/plugins/weaver-themes-shortcode-compatibility/weaver-themes-compatibility.php on line 205
[16-May-2025 20:36:13 UTC] PHP Deprecated:  Required parameter $text follows optional parameter $args in /wordpress/wp-content/plugins/weaver-themes-shortcode-compatibility/weaver-themes-compatibility.php on line 353
[16-May-2025 20:36:13 UTC] PHP Deprecated:  Required parameter $text follows optional parameter $args in /wordpress/wp-content/plugins/weaver-themes-shortcode-compatibility/weaver-themes-compatibility.php on line 368
[16-May-2025 20:36:13 UTC] PHP Deprecated:  Required parameter $text follows optional parameter $args in /wordpress/wp-content/plugins/weaver-themes-shortcode-compatibility/weaver-themes-compatibility.php on line 379
[16-May-2025 20:36:13 UTC] PHP Deprecated:  Required parameter $text follows optional parameter $args in /wordpress/wp-content/plugins/weaver-themes-shortcode-compatibility/weaver-themes-compatibility.php on line 391
[16-May-2025 20:36:13 UTC] PHP Deprecated:  Required parameter $text follows optional parameter $args in /wordpress/wp-content/plugins/weaver-themes-shortcode-compatibility/weaver-themes-compatibility.php on line 404
[16-May-2025 20:36:13 UTC] PHP Deprecated:  Required parameter $text follows optional parameter $args in /wordpress/wp-content/plugins/weaver-themes-shortcode-compatibility/weaver-themes-compatibility.php on line 411
[16-May-2025 20:36:13 UTC] PHP Deprecated:  Required parameter $text follows optional parameter $args in /wordpress/wp-content/plugins/weaver-themes-shortcode-compatibility/weaver-themes-compatibility.php on line 462
[16-May-2025 20:36:13 UTC] PHP Deprecated:  Required parameter $text follows optional parameter $args in /wordpress/wp-content/plugins/weaver-themes-shortcode-compatibility/weaver-themes-compatibility.php on line 470
[16-May-2025 20:36:13 UTC] PHP Deprecated:  Required parameter $text follows optional parameter $args in /wordpress/wp-content/plugins/weaver-themes-shortcode-compatibility/weaver-themes-compatibility.php on line 478
[16-May-2025 20:36:13 UTC] PHP Deprecated:  Required parameter $text follows optional parameter $args in /wordpress/wp-content/plugins/weaver-themes-shortcode-compatibility/weaver-themes-compatibility.php on line 485
[16-May-2025 20:36:13 UTC] PHP Deprecated:  Required parameter $text follows optional parameter $args in /wordpress/wp-content/plugins/weaver-themes-shortcode-compatibility/weaver-themes-compatibility.php on line 494

    at Object.onBind (file:///home/runner/work/playground-tester/playground-tester/node_modules/@wp-playground/cli/index.js:237:15)
    at process.processTicksAndRejections (node:internal/process/task_queues:105:5)
    at async V (file:///home/runner/work/playground-tester/playground-tester/node_modules/@wp-playground/cli/index.js:64:10)
    at async ja (file:///home/runner/work/playground-tester/playground-tester/node_modules/@wp-playground/cli/cli.js:8161:12) {
  [cause]: Error: Error when executing the blueprint step #1 ({"step":"installPlugin","pluginData":{"resource":"wordpress.org/plugins","slug":"woo-in-stock-notifier"},"options":{"activate":true}}) : Plugin /wordpress/wp-content/plugins/woo-in-stock-notifier could not be activated – WordPress exited with no error. Sometimes, when $_SERVER or site options are not configured correctly, WordPress exits early with a 301 redirect. Inspect the "debug" logs in the console for more details.
      at Object.run (file:///home/runner/work/playground-tester/playground-tester/node_modules/@wp-playground/blueprints/index.js:12449:19)
      at process.processTicksAndRejections (node:internal/process/task_queues:105:5)
      at async ms (file:///home/runner/work/playground-tester/playground-tester/node_modules/@wp-playground/blueprints/index.js:12552:3)
      ... 2 lines matching cause stack trace ...
      at async ja (file:///home/runner/work/playground-tester/playground-tester/node_modules/@wp-playground/cli/cli.js:8161:12) {
    [cause]: Error: Plugin /wordpress/wp-content/plugins/woo-in-stock-notifier could not be activated – WordPress exited with no error. Sometimes, when $_SERVER or site options are not configured correctly, WordPress exits early with a 301 redirect. Inspect the "debug" logs in the console for more details.
        at wr (file:///home/runner/work/playground-tester/playground-tester/node_modules/@wp-playground/blueprints/index.js:119:51)
        at process.processTicksAndRejections (node:internal/process/task_queues:105:5)
        at async Object.gt [as installPlugin] (file:///home/runner/work/playground-tester/playground-tester/node_modules/@wp-playground/blueprints/index.js:974:42)
        at async g (file:///home/runner/work/playground-tester/playground-tester/node_modules/@wp-playground/blueprints/index.js:12517:30)
        at async Object.run (file:///home/runner/work/playground-tester/playground-tester/node_modules/@wp-playground/blueprints/index.js:12446:23)
        at async ms (file:///home/runner/work/playground-tester/playground-tester/node_modules/@wp-playground/blueprints/index.js:12552:3)
        at async Object.onBind (file:///home/runner/work/playground-tester/playground-tester/node_modules/@wp-playground/cli/index.js:227:48)
        at async V (file:///home/runner/work/playground-tester/playground-tester/node_modules/@wp-playground/cli/index.js:64:10)
        at async ja (file:///home/runner/work/playground-tester/playground-tester/node_modules/@wp-playground/cli/cli.js:8161:12)
  }
}

Node.js v23.11.0
