[
{"message":"file:///home/runner/work/playground-tester/playground-tester/node_modules/@wp-playground/cli/index.js:237\n        throw new Error(y, { cause: u });\n              ^\n","level":"FATAL","type":"PLAYGROUND","test":"ast-sqlite-boot","plugin":"two-factor-auth-for-woocommerce","details":"file:///home/runner/work/playground-tester/playground-tester/node_modules/@wp-playground/cli/index.js:237\n        throw new Error(y, { cause: u });\n              ^\n","log":"/tmp/tmp.STJSwwK9FV"}
,
{"message":"Uncaught Exception: GMP extension seems not to be installed in /wordpress/wp-content/plugins/trezor-connect-plugin/BitcoinECDSA.php:11","level":"FATAL","type":"PHP","test":"ast-sqlite-boot","plugin":"two-factor-auth-for-woocommerce","details":"[02-Jun-2025 16:59:00 UTC] PHP Fatal error:  Uncaught Exception: GMP extension seems not to be installed in /wordpress/wp-content/plugins/trezor-connect-plugin/BitcoinECDSA.php:11\nStack trace:\n#0 /wordpress/wp-content/plugins/trezor-connect-plugin/WPTrezorPlugin.php(28): require()\n#1 /wordpress/wp-admin/includes/plugin.php(2387): include_once('/wordpress/wp-c...')\n#2 /wordpress/wp-admin/includes/plugin.php(673): plugin_sandbox_scrape('trezor-connect-...')\n#3 /internal/eval.php(20): activate_plugin('trezor-connect-...')\n#4 {main}\n  thrown in /wordpress/wp-content/plugins/trezor-connect-plugin/BitcoinECDSA.php on line 11","log":"/logs/plugins/t/two-factor-auth-for-woocommerce/error.json"}
,
{"message":"Uncaught Exception: GMP extension seems not to be installed in /wordpress/wp-content/plugins/trezor-connect-plugin/BitcoinECDSA.php:11","level":"FATAL","type":"PHP","test":"ast-sqlite-boot","plugin":"two-factor-auth-for-woocommerce","details":"[02-Jun-2025 16:59:07 UTC] PHP Fatal error:  Uncaught Exception: GMP extension seems not to be installed in /wordpress/wp-content/plugins/trezor-connect-plugin/BitcoinECDSA.php:11\nStack trace:\n#0 /wordpress/wp-content/plugins/trezor-connect-plugin/WPTrezorPlugin.php(28): require()\n#1 /wordpress/wp-admin/includes/plugin.php(2387): include_once('/wordpress/wp-c...')\n#2 /wordpress/wp-admin/includes/plugin.php(673): plugin_sandbox_scrape('trezor-connect-...')\n#3 /internal/eval.php(20): activate_plugin('trezor-connect-...')\n#4 {main}\n  thrown in /wordpress/wp-content/plugins/trezor-connect-plugin/BitcoinECDSA.php on line 11","log":"/logs/plugins/t/two-factor-auth-for-woocommerce/error.json"}
,
{"message":"Uncaught Exception: GMP extension seems not to be installed in /wordpress/wp-content/plugins/trezor-connect-plugin/BitcoinECDSA.php:11","level":"FATAL","type":"PHP","test":"ast-sqlite-boot","plugin":"two-factor-auth-for-woocommerce","details":"[02-Jun-2025 16:59:14 UTC] PHP Fatal error:  Uncaught Exception: GMP extension seems not to be installed in /wordpress/wp-content/plugins/trezor-connect-plugin/BitcoinECDSA.php:11\nStack trace:\n#0 /wordpress/wp-content/plugins/trezor-connect-plugin/WPTrezorPlugin.php(28): require()\n#1 /wordpress/wp-admin/includes/plugin.php(2387): include_once('/wordpress/wp-c...')\n#2 /wordpress/wp-admin/includes/plugin.php(673): plugin_sandbox_scrape('trezor-connect-...')\n#3 /internal/eval.php(20): activate_plugin('trezor-connect-...')\n#4 {main}\n  thrown in /wordpress/wp-content/plugins/trezor-connect-plugin/BitcoinECDSA.php on line 11","log":"/logs/plugins/t/two-factor-auth-for-woocommerce/error.json"}
,
{"message":"Function _load_textdomain_just_in_time was called <strong>incorrectly</strong>. Translation loading for the <code>wc-triplea-crypto-payment</code> domain was triggered too early. This is usually an indicator for some code in the plugin or theme running too early. Translations should be loaded at the <code>init</code> action or later. Please see <a href=\"https://developer.wordpress.org/advanced-administration/debug/debug-wordpress/\">Debugging in WordPress</a> for more information. (This message was added in version 6.7.0.) in /wordpress/wp-includes/functions.php on line 6121","level":"NOTICE","type":"PHP","test":"ast-sqlite-boot","plugin":"two-factor-auth-for-woocommerce","details":"[02-Jun-2025 16:59:43 UTC] PHP Notice:  Function _load_textdomain_just_in_time was called <strong>incorrectly</strong>. Translation loading for the <code>wc-triplea-crypto-payment</code> domain was triggered too early. This is usually an indicator for some code in the plugin or theme running too early. Translations should be loaded at the <code>init</code> action or later. Please see <a href=\"https://developer.wordpress.org/advanced-administration/debug/debug-wordpress/\">Debugging in WordPress</a> for more information. (This message was added in version 6.7.0.) in /wordpress/wp-includes/functions.php on line 6121","log":"/logs/plugins/t/two-factor-auth-for-woocommerce/error.json"}
,
{"message":"Function _load_textdomain_just_in_time was called <strong>incorrectly</strong>. Translation loading for the <code>wc-triplea-crypto-payment</code> domain was triggered too early. This is usually an indicator for some code in the plugin or theme running too early. Translations should be loaded at the <code>init</code> action or later. Please see <a href=\"https://developer.wordpress.org/advanced-administration/debug/debug-wordpress/\">Debugging in WordPress</a> for more information. (This message was added in version 6.7.0.) in /wordpress/wp-includes/functions.php on line 6121","level":"NOTICE","type":"PHP","test":"ast-sqlite-boot","plugin":"two-factor-auth-for-woocommerce","details":"[02-Jun-2025 16:59:53 UTC] PHP Notice:  Function _load_textdomain_just_in_time was called <strong>incorrectly</strong>. Translation loading for the <code>wc-triplea-crypto-payment</code> domain was triggered too early. This is usually an indicator for some code in the plugin or theme running too early. Translations should be loaded at the <code>init</code> action or later. Please see <a href=\"https://developer.wordpress.org/advanced-administration/debug/debug-wordpress/\">Debugging in WordPress</a> for more information. (This message was added in version 6.7.0.) in /wordpress/wp-includes/functions.php on line 6121","log":"/logs/plugins/t/two-factor-auth-for-woocommerce/error.json"}
,
{"message":"Function _load_textdomain_just_in_time was called <strong>incorrectly</strong>. Translation loading for the <code>wc-triplea-crypto-payment</code> domain was triggered too early. This is usually an indicator for some code in the plugin or theme running too early. Translations should be loaded at the <code>init</code> action or later. Please see <a href=\"https://developer.wordpress.org/advanced-administration/debug/debug-wordpress/\">Debugging in WordPress</a> for more information. (This message was added in version 6.7.0.) in /wordpress/wp-includes/functions.php on line 6121","level":"NOTICE","type":"PHP","test":"ast-sqlite-boot","plugin":"two-factor-auth-for-woocommerce","details":"[02-Jun-2025 17:00:02 UTC] PHP Notice:  Function _load_textdomain_just_in_time was called <strong>incorrectly</strong>. Translation loading for the <code>wc-triplea-crypto-payment</code> domain was triggered too early. This is usually an indicator for some code in the plugin or theme running too early. Translations should be loaded at the <code>init</code> action or later. Please see <a href=\"https://developer.wordpress.org/advanced-administration/debug/debug-wordpress/\">Debugging in WordPress</a> for more information. (This message was added in version 6.7.0.) in /wordpress/wp-includes/functions.php on line 6121","log":"/logs/plugins/t/two-factor-auth-for-woocommerce/error.json"}
,
{"message":"Uncaught ArgumentCountError: Too few arguments to function WP_Widget::__construct(), 0 passed in /wordpress/wp-includes/class-wp-widget-factory.php on line 62 and at least 2 expected in /wordpress/wp-includes/class-wp-widget.php:163","level":"FATAL","type":"PHP","test":"ast-sqlite-boot","plugin":"two-factor-auth-for-woocommerce","details":"[02-Jun-2025 17:00:12 UTC] PHP Fatal error:  Uncaught ArgumentCountError: Too few arguments to function WP_Widget::__construct(), 0 passed in /wordpress/wp-includes/class-wp-widget-factory.php on line 62 and at least 2 expected in /wordpress/wp-includes/class-wp-widget.php:163\nStack trace:\n#0 /wordpress/wp-includes/class-wp-widget-factory.php(62): WP_Widget->__construct()\n#1 /wordpress/wp-includes/widgets.php(123): WP_Widget_Factory->register('Turkish_Lira_Wi...')\n#2 /wordpress/wp-content/plugins/turkish-lira-exchange-rates/turkishlira.php(16): register_widget('Turkish_Lira_Wi...')\n#3 /wordpress/wp-includes/class-wp-hook.php(324): turkish_lira_load_widgets('')\n#4 /wordpress/wp-includes/class-wp-hook.php(348): WP_Hook->apply_filters(NULL, Array)\n#5 /wordpress/wp-includes/plugin.php(517): WP_Hook->do_action(Array)\n#6 /wordpress/wp-includes/widgets.php(1870): do_action('widgets_init')\n#7 /wordpress/wp-includes/class-wp-hook.php(324): wp_widgets_init('')\n#8 /wordpress/wp-includes/class-wp-hook.php(348): WP_Hook->apply_filters(NULL, Array)\n#9 /wordpress/wp-includes/plugin.php(517): WP_Hook->do_action(Array)\n#10 /wordpress/wp-settings.php(727): do_action('init')\n#11 /wordpress/wp-config.php(102): require_once('/wordpress/wp-s...')\n#12 /wordpress/wp-load.php(50): require_once('/wordpress/wp-c...')\n#13 /internal/eval.php(3): require_once('/wordpress/wp-l...')\n#14 {main}\n  thrown in /wordpress/wp-includes/class-wp-widget.php on line 163","log":"/logs/plugins/t/two-factor-auth-for-woocommerce/error.json"}
,
{"message":"Uncaught ArgumentCountError: Too few arguments to function WP_Widget::__construct(), 0 passed in /wordpress/wp-includes/class-wp-widget-factory.php on line 62 and at least 2 expected in /wordpress/wp-includes/class-wp-widget.php:163","level":"FATAL","type":"PHP","test":"ast-sqlite-boot","plugin":"two-factor-auth-for-woocommerce","details":"[02-Jun-2025 17:00:20 UTC] PHP Fatal error:  Uncaught ArgumentCountError: Too few arguments to function WP_Widget::__construct(), 0 passed in /wordpress/wp-includes/class-wp-widget-factory.php on line 62 and at least 2 expected in /wordpress/wp-includes/class-wp-widget.php:163\nStack trace:\n#0 /wordpress/wp-includes/class-wp-widget-factory.php(62): WP_Widget->__construct()\n#1 /wordpress/wp-includes/widgets.php(123): WP_Widget_Factory->register('Turkish_Lira_Wi...')\n#2 /wordpress/wp-content/plugins/turkish-lira-exchange-rates/turkishlira.php(16): register_widget('Turkish_Lira_Wi...')\n#3 /wordpress/wp-includes/class-wp-hook.php(324): turkish_lira_load_widgets('')\n#4 /wordpress/wp-includes/class-wp-hook.php(348): WP_Hook->apply_filters(NULL, Array)\n#5 /wordpress/wp-includes/plugin.php(517): WP_Hook->do_action(Array)\n#6 /wordpress/wp-includes/widgets.php(1870): do_action('widgets_init')\n#7 /wordpress/wp-includes/class-wp-hook.php(324): wp_widgets_init('')\n#8 /wordpress/wp-includes/class-wp-hook.php(348): WP_Hook->apply_filters(NULL, Array)\n#9 /wordpress/wp-includes/plugin.php(517): WP_Hook->do_action(Array)\n#10 /wordpress/wp-settings.php(727): do_action('init')\n#11 /wordpress/wp-config.php(102): require_once('/wordpress/wp-s...')\n#12 /wordpress/wp-load.php(50): require_once('/wordpress/wp-c...')\n#13 /internal/eval.php(3): require_once('/wordpress/wp-l...')\n#14 {main}\n  thrown in /wordpress/wp-includes/class-wp-widget.php on line 163","log":"/logs/plugins/t/two-factor-auth-for-woocommerce/error.json"}
,
{"message":"Uncaught ArgumentCountError: Too few arguments to function WP_Widget::__construct(), 0 passed in /wordpress/wp-includes/class-wp-widget-factory.php on line 62 and at least 2 expected in /wordpress/wp-includes/class-wp-widget.php:163","level":"FATAL","type":"PHP","test":"ast-sqlite-boot","plugin":"two-factor-auth-for-woocommerce","details":"[02-Jun-2025 17:00:29 UTC] PHP Fatal error:  Uncaught ArgumentCountError: Too few arguments to function WP_Widget::__construct(), 0 passed in /wordpress/wp-includes/class-wp-widget-factory.php on line 62 and at least 2 expected in /wordpress/wp-includes/class-wp-widget.php:163\nStack trace:\n#0 /wordpress/wp-includes/class-wp-widget-factory.php(62): WP_Widget->__construct()\n#1 /wordpress/wp-includes/widgets.php(123): WP_Widget_Factory->register('Turkish_Lira_Wi...')\n#2 /wordpress/wp-content/plugins/turkish-lira-exchange-rates/turkishlira.php(16): register_widget('Turkish_Lira_Wi...')\n#3 /wordpress/wp-includes/class-wp-hook.php(324): turkish_lira_load_widgets('')\n#4 /wordpress/wp-includes/class-wp-hook.php(348): WP_Hook->apply_filters(NULL, Array)\n#5 /wordpress/wp-includes/plugin.php(517): WP_Hook->do_action(Array)\n#6 /wordpress/wp-includes/widgets.php(1870): do_action('widgets_init')\n#7 /wordpress/wp-includes/class-wp-hook.php(324): wp_widgets_init('')\n#8 /wordpress/wp-includes/class-wp-hook.php(348): WP_Hook->apply_filters(NULL, Array)\n#9 /wordpress/wp-includes/plugin.php(517): WP_Hook->do_action(Array)\n#10 /wordpress/wp-settings.php(727): do_action('init')\n#11 /wordpress/wp-config.php(102): require_once('/wordpress/wp-s...')\n#12 /wordpress/wp-load.php(50): require_once('/wordpress/wp-c...')\n#13 /internal/eval.php(3): require_once('/wordpress/wp-l...')\n#14 {main}\n  thrown in /wordpress/wp-includes/class-wp-widget.php on line 163","log":"/logs/plugins/t/two-factor-auth-for-woocommerce/error.json"}
,
{"message":"Required parameter $module_path follows optional parameter $file_path in /wordpress/wp-content/plugins/tm-style-switcher/cherry-framework/cherry-core.php on line 380","level":"DEPRECATED","type":"PHP","test":"ast-sqlite-boot","plugin":"two-factor-auth-for-woocommerce","details":"[02-Jun-2025 17:01:06 UTC] PHP Deprecated:  Required parameter $module_path follows optional parameter $file_path in /wordpress/wp-content/plugins/tm-style-switcher/cherry-framework/cherry-core.php on line 380","log":"/logs/plugins/t/two-factor-auth-for-woocommerce/error.json"}
,
{"message":"Required parameter $core follows optional parameter $class_name in /wordpress/wp-content/plugins/tm-style-switcher/cherry-framework/modules/cherry-toolkit/cherry-toolkit.php on line 82","level":"DEPRECATED","type":"PHP","test":"ast-sqlite-boot","plugin":"two-factor-auth-for-woocommerce","details":"[02-Jun-2025 17:01:06 UTC] PHP Deprecated:  Required parameter $core follows optional parameter $class_name in /wordpress/wp-content/plugins/tm-style-switcher/cherry-framework/modules/cherry-toolkit/cherry-toolkit.php on line 82","log":"/logs/plugins/t/two-factor-auth-for-woocommerce/error.json"}
,
{"message":"Required parameter $args follows optional parameter $class_name in /wordpress/wp-content/plugins/tm-style-switcher/cherry-framework/modules/cherry-toolkit/cherry-toolkit.php on line 82","level":"DEPRECATED","type":"PHP","test":"ast-sqlite-boot","plugin":"two-factor-auth-for-woocommerce","details":"[02-Jun-2025 17:01:06 UTC] PHP Deprecated:  Required parameter $args follows optional parameter $class_name in /wordpress/wp-content/plugins/tm-style-switcher/cherry-framework/modules/cherry-toolkit/cherry-toolkit.php on line 82","log":"/logs/plugins/t/two-factor-auth-for-woocommerce/error.json"}
,
{"message":"Required parameter $after follows optional parameter $text in /wordpress/wp-content/plugins/tm-style-switcher/cherry-framework/modules/cherry-utility/inc/cherry-satellite-utilit.php on line 90","level":"DEPRECATED","type":"PHP","test":"ast-sqlite-boot","plugin":"two-factor-auth-for-woocommerce","details":"[02-Jun-2025 17:01:06 UTC] PHP Deprecated:  Required parameter $after follows optional parameter $text in /wordpress/wp-content/plugins/tm-style-switcher/cherry-framework/modules/cherry-utility/inc/cherry-satellite-utilit.php on line 90","log":"/logs/plugins/t/two-factor-auth-for-woocommerce/error.json"}
,
{"message":"Required parameter $module_path follows optional parameter $file_path in /wordpress/wp-content/plugins/tm-style-switcher/cherry-framework/cherry-core.php on line 380","level":"DEPRECATED","type":"PHP","test":"ast-sqlite-boot","plugin":"two-factor-auth-for-woocommerce","details":"[02-Jun-2025 17:01:15 UTC] PHP Deprecated:  Required parameter $module_path follows optional parameter $file_path in /wordpress/wp-content/plugins/tm-style-switcher/cherry-framework/cherry-core.php on line 380","log":"/logs/plugins/t/two-factor-auth-for-woocommerce/error.json"}
,
{"message":"Required parameter $core follows optional parameter $class_name in /wordpress/wp-content/plugins/tm-style-switcher/cherry-framework/modules/cherry-toolkit/cherry-toolkit.php on line 82","level":"DEPRECATED","type":"PHP","test":"ast-sqlite-boot","plugin":"two-factor-auth-for-woocommerce","details":"[02-Jun-2025 17:01:15 UTC] PHP Deprecated:  Required parameter $core follows optional parameter $class_name in /wordpress/wp-content/plugins/tm-style-switcher/cherry-framework/modules/cherry-toolkit/cherry-toolkit.php on line 82","log":"/logs/plugins/t/two-factor-auth-for-woocommerce/error.json"}
,
{"message":"Required parameter $args follows optional parameter $class_name in /wordpress/wp-content/plugins/tm-style-switcher/cherry-framework/modules/cherry-toolkit/cherry-toolkit.php on line 82","level":"DEPRECATED","type":"PHP","test":"ast-sqlite-boot","plugin":"two-factor-auth-for-woocommerce","details":"[02-Jun-2025 17:01:15 UTC] PHP Deprecated:  Required parameter $args follows optional parameter $class_name in /wordpress/wp-content/plugins/tm-style-switcher/cherry-framework/modules/cherry-toolkit/cherry-toolkit.php on line 82","log":"/logs/plugins/t/two-factor-auth-for-woocommerce/error.json"}
,
{"message":"Required parameter $after follows optional parameter $text in /wordpress/wp-content/plugins/tm-style-switcher/cherry-framework/modules/cherry-utility/inc/cherry-satellite-utilit.php on line 90","level":"DEPRECATED","type":"PHP","test":"ast-sqlite-boot","plugin":"two-factor-auth-for-woocommerce","details":"[02-Jun-2025 17:01:15 UTC] PHP Deprecated:  Required parameter $after follows optional parameter $text in /wordpress/wp-content/plugins/tm-style-switcher/cherry-framework/modules/cherry-utility/inc/cherry-satellite-utilit.php on line 90","log":"/logs/plugins/t/two-factor-auth-for-woocommerce/error.json"}
,
{"message":"Required parameter $module_path follows optional parameter $file_path in /wordpress/wp-content/plugins/tm-style-switcher/cherry-framework/cherry-core.php on line 380","level":"DEPRECATED","type":"PHP","test":"ast-sqlite-boot","plugin":"two-factor-auth-for-woocommerce","details":"[02-Jun-2025 17:01:24 UTC] PHP Deprecated:  Required parameter $module_path follows optional parameter $file_path in /wordpress/wp-content/plugins/tm-style-switcher/cherry-framework/cherry-core.php on line 380","log":"/logs/plugins/t/two-factor-auth-for-woocommerce/error.json"}
,
{"message":"Required parameter $core follows optional parameter $class_name in /wordpress/wp-content/plugins/tm-style-switcher/cherry-framework/modules/cherry-toolkit/cherry-toolkit.php on line 82","level":"DEPRECATED","type":"PHP","test":"ast-sqlite-boot","plugin":"two-factor-auth-for-woocommerce","details":"[02-Jun-2025 17:01:24 UTC] PHP Deprecated:  Required parameter $core follows optional parameter $class_name in /wordpress/wp-content/plugins/tm-style-switcher/cherry-framework/modules/cherry-toolkit/cherry-toolkit.php on line 82","log":"/logs/plugins/t/two-factor-auth-for-woocommerce/error.json"}
,
{"message":"Required parameter $args follows optional parameter $class_name in /wordpress/wp-content/plugins/tm-style-switcher/cherry-framework/modules/cherry-toolkit/cherry-toolkit.php on line 82","level":"DEPRECATED","type":"PHP","test":"ast-sqlite-boot","plugin":"two-factor-auth-for-woocommerce","details":"[02-Jun-2025 17:01:24 UTC] PHP Deprecated:  Required parameter $args follows optional parameter $class_name in /wordpress/wp-content/plugins/tm-style-switcher/cherry-framework/modules/cherry-toolkit/cherry-toolkit.php on line 82","log":"/logs/plugins/t/two-factor-auth-for-woocommerce/error.json"}
,
{"message":"Required parameter $after follows optional parameter $text in /wordpress/wp-content/plugins/tm-style-switcher/cherry-framework/modules/cherry-utility/inc/cherry-satellite-utilit.php on line 90","level":"DEPRECATED","type":"PHP","test":"ast-sqlite-boot","plugin":"two-factor-auth-for-woocommerce","details":"[02-Jun-2025 17:01:24 UTC] PHP Deprecated:  Required parameter $after follows optional parameter $text in /wordpress/wp-content/plugins/tm-style-switcher/cherry-framework/modules/cherry-utility/inc/cherry-satellite-utilit.php on line 90","log":"/logs/plugins/t/two-factor-auth-for-woocommerce/error.json"}
,
{"message":"Array and string offset access syntax with curly braces is no longer supported in /wordpress/wp-content/plugins/tnx-wp/tnx.php on line 536","level":"FATAL","type":"PHP","test":"ast-sqlite-boot","plugin":"two-factor-auth-for-woocommerce","details":"[02-Jun-2025 17:02:02 UTC] PHP Fatal error:  Array and string offset access syntax with curly braces is no longer supported in /wordpress/wp-content/plugins/tnx-wp/tnx.php on line 536","log":"/logs/plugins/t/two-factor-auth-for-woocommerce/error.json"}
,
{"message":"Array and string offset access syntax with curly braces is no longer supported in /wordpress/wp-content/plugins/tnx-wp/tnx.php on line 536","level":"FATAL","type":"PHP","test":"ast-sqlite-boot","plugin":"two-factor-auth-for-woocommerce","details":"[02-Jun-2025 17:02:10 UTC] PHP Fatal error:  Array and string offset access syntax with curly braces is no longer supported in /wordpress/wp-content/plugins/tnx-wp/tnx.php on line 536","log":"/logs/plugins/t/two-factor-auth-for-woocommerce/error.json"}
,
{"message":"Array and string offset access syntax with curly braces is no longer supported in /wordpress/wp-content/plugins/tnx-wp/tnx.php on line 536","level":"FATAL","type":"PHP","test":"ast-sqlite-boot","plugin":"two-factor-auth-for-woocommerce","details":"[02-Jun-2025 17:02:18 UTC] PHP Fatal error:  Array and string offset access syntax with curly braces is no longer supported in /wordpress/wp-content/plugins/tnx-wp/tnx.php on line 536","log":"/logs/plugins/t/two-factor-auth-for-woocommerce/error.json"}
,
{"message":"Uncaught Error: Call to undefined function create_function() in /wordpress/wp-content/plugins/todays-date-widget/today.php:54","level":"FATAL","type":"PHP","test":"ast-sqlite-boot","plugin":"two-factor-auth-for-woocommerce","details":"[02-Jun-2025 17:02:26 UTC] PHP Fatal error:  Uncaught Error: Call to undefined function create_function() in /wordpress/wp-content/plugins/todays-date-widget/today.php:54\nStack trace:\n#0 /wordpress/wp-admin/includes/plugin.php(2387): include_once()\n#1 /wordpress/wp-admin/includes/plugin.php(673): plugin_sandbox_scrape('todays-date-wid...')\n#2 /internal/eval.php(20): activate_plugin('todays-date-wid...')\n#3 {main}\n  thrown in /wordpress/wp-content/plugins/todays-date-widget/today.php on line 54","log":"/logs/plugins/t/two-factor-auth-for-woocommerce/error.json"}
,
{"message":"Uncaught Error: Call to undefined function create_function() in /wordpress/wp-content/plugins/todays-date-widget/today.php:54","level":"FATAL","type":"PHP","test":"ast-sqlite-boot","plugin":"two-factor-auth-for-woocommerce","details":"[02-Jun-2025 17:02:34 UTC] PHP Fatal error:  Uncaught Error: Call to undefined function create_function() in /wordpress/wp-content/plugins/todays-date-widget/today.php:54\nStack trace:\n#0 /wordpress/wp-admin/includes/plugin.php(2387): include_once()\n#1 /wordpress/wp-admin/includes/plugin.php(673): plugin_sandbox_scrape('todays-date-wid...')\n#2 /internal/eval.php(20): activate_plugin('todays-date-wid...')\n#3 {main}\n  thrown in /wordpress/wp-content/plugins/todays-date-widget/today.php on line 54","log":"/logs/plugins/t/two-factor-auth-for-woocommerce/error.json"}
,
{"message":"Uncaught Error: Call to undefined function create_function() in /wordpress/wp-content/plugins/todays-date-widget/today.php:54","level":"FATAL","type":"PHP","test":"ast-sqlite-boot","plugin":"two-factor-auth-for-woocommerce","details":"[02-Jun-2025 17:02:42 UTC] PHP Fatal error:  Uncaught Error: Call to undefined function create_function() in /wordpress/wp-content/plugins/todays-date-widget/today.php:54\nStack trace:\n#0 /wordpress/wp-admin/includes/plugin.php(2387): include_once()\n#1 /wordpress/wp-admin/includes/plugin.php(673): plugin_sandbox_scrape('todays-date-wid...')\n#2 /internal/eval.php(20): activate_plugin('todays-date-wid...')\n#3 {main}\n  thrown in /wordpress/wp-content/plugins/todays-date-widget/today.php on line 54","log":"/logs/plugins/t/two-factor-auth-for-woocommerce/error.json"}
,
{"message":"Function _load_textdomain_just_in_time was called <strong>incorrectly</strong>. Translation loading for the <code>toolbar-publish-button</code> domain was triggered too early. This is usually an indicator for some code in the plugin or theme running too early. Translations should be loaded at the <code>init</code> action or later. Please see <a href=\"https://developer.wordpress.org/advanced-administration/debug/debug-wordpress/\">Debugging in WordPress</a> for more information. (This message was added in version 6.7.0.) in /wordpress/wp-includes/functions.php on line 6121","level":"NOTICE","type":"PHP","test":"ast-sqlite-boot","plugin":"two-factor-auth-for-woocommerce","details":"[02-Jun-2025 17:04:10 UTC] PHP Notice:  Function _load_textdomain_just_in_time was called <strong>incorrectly</strong>. Translation loading for the <code>toolbar-publish-button</code> domain was triggered too early. This is usually an indicator for some code in the plugin or theme running too early. Translations should be loaded at the <code>init</code> action or later. Please see <a href=\"https://developer.wordpress.org/advanced-administration/debug/debug-wordpress/\">Debugging in WordPress</a> for more information. (This message was added in version 6.7.0.) in /wordpress/wp-includes/functions.php on line 6121","log":"/logs/plugins/t/two-factor-auth-for-woocommerce/error.json"}
,
{"message":"Function _load_textdomain_just_in_time was called <strong>incorrectly</strong>. Translation loading for the <code>toolbar-publish-button</code> domain was triggered too early. This is usually an indicator for some code in the plugin or theme running too early. Translations should be loaded at the <code>init</code> action or later. Please see <a href=\"https://developer.wordpress.org/advanced-administration/debug/debug-wordpress/\">Debugging in WordPress</a> for more information. (This message was added in version 6.7.0.) in /wordpress/wp-includes/functions.php on line 6121","level":"NOTICE","type":"PHP","test":"ast-sqlite-boot","plugin":"two-factor-auth-for-woocommerce","details":"[02-Jun-2025 17:04:18 UTC] PHP Notice:  Function _load_textdomain_just_in_time was called <strong>incorrectly</strong>. Translation loading for the <code>toolbar-publish-button</code> domain was triggered too early. This is usually an indicator for some code in the plugin or theme running too early. Translations should be loaded at the <code>init</code> action or later. Please see <a href=\"https://developer.wordpress.org/advanced-administration/debug/debug-wordpress/\">Debugging in WordPress</a> for more information. (This message was added in version 6.7.0.) in /wordpress/wp-includes/functions.php on line 6121","log":"/logs/plugins/t/two-factor-auth-for-woocommerce/error.json"}
,
{"message":"Function _load_textdomain_just_in_time was called <strong>incorrectly</strong>. Translation loading for the <code>toolbar-publish-button</code> domain was triggered too early. This is usually an indicator for some code in the plugin or theme running too early. Translations should be loaded at the <code>init</code> action or later. Please see <a href=\"https://developer.wordpress.org/advanced-administration/debug/debug-wordpress/\">Debugging in WordPress</a> for more information. (This message was added in version 6.7.0.) in /wordpress/wp-includes/functions.php on line 6121","level":"NOTICE","type":"PHP","test":"ast-sqlite-boot","plugin":"two-factor-auth-for-woocommerce","details":"[02-Jun-2025 17:04:26 UTC] PHP Notice:  Function _load_textdomain_just_in_time was called <strong>incorrectly</strong>. Translation loading for the <code>toolbar-publish-button</code> domain was triggered too early. This is usually an indicator for some code in the plugin or theme running too early. Translations should be loaded at the <code>init</code> action or later. Please see <a href=\"https://developer.wordpress.org/advanced-administration/debug/debug-wordpress/\">Debugging in WordPress</a> for more information. (This message was added in version 6.7.0.) in /wordpress/wp-includes/functions.php on line 6121","log":"/logs/plugins/t/two-factor-auth-for-woocommerce/error.json"}
,
{"message":"Function wp_enqueue_style was called <strong>incorrectly</strong>. Scripts and styles should not be registered or enqueued until the <code>wp_enqueue_scripts</code>, <code>admin_enqueue_scripts</code>, or <code>login_enqueue_scripts</code> hooks. This notice was triggered by the <code>casanova.vn</code> handle. Please see <a href=\"https://developer.wordpress.org/advanced-administration/debug/debug-wordpress/\">Debugging in WordPress</a> for more information. (This message was added in version 3.3.0.) in /wordpress/wp-includes/functions.php on line 6121","level":"NOTICE","type":"PHP","test":"ast-sqlite-boot","plugin":"two-factor-auth-for-woocommerce","details":"[02-Jun-2025 17:05:53 UTC] PHP Notice:  Function wp_enqueue_style was called <strong>incorrectly</strong>. Scripts and styles should not be registered or enqueued until the <code>wp_enqueue_scripts</code>, <code>admin_enqueue_scripts</code>, or <code>login_enqueue_scripts</code> hooks. This notice was triggered by the <code>casanova.vn</code> handle. Please see <a href=\"https://developer.wordpress.org/advanced-administration/debug/debug-wordpress/\">Debugging in WordPress</a> for more information. (This message was added in version 3.3.0.) in /wordpress/wp-includes/functions.php on line 6121","log":"/logs/plugins/t/two-factor-auth-for-woocommerce/error.json"}
,
{"message":"Function is_feed was called <strong>incorrectly</strong>. Conditional query tags do not work before the query is run. Before then, they always return false. Please see <a href=\"https://developer.wordpress.org/advanced-administration/debug/debug-wordpress/\">Debugging in WordPress</a> for more information. (This message was added in version 3.1.0.) in /wordpress/wp-includes/functions.php on line 6121","level":"NOTICE","type":"PHP","test":"ast-sqlite-boot","plugin":"two-factor-auth-for-woocommerce","details":"[02-Jun-2025 17:05:53 UTC] PHP Notice:  Function is_feed was called <strong>incorrectly</strong>. Conditional query tags do not work before the query is run. Before then, they always return false. Please see <a href=\"https://developer.wordpress.org/advanced-administration/debug/debug-wordpress/\">Debugging in WordPress</a> for more information. (This message was added in version 3.1.0.) in /wordpress/wp-includes/functions.php on line 6121","log":"/logs/plugins/t/two-factor-auth-for-woocommerce/error.json"}
,
{"message":"Function wp_enqueue_script was called <strong>incorrectly</strong>. Scripts and styles should not be registered or enqueued until the <code>wp_enqueue_scripts</code>, <code>admin_enqueue_scripts</code>, or <code>login_enqueue_scripts</code> hooks. This notice was triggered by the <code>my-ajax-handle</code> handle. Please see <a href=\"https://developer.wordpress.org/advanced-administration/debug/debug-wordpress/\">Debugging in WordPress</a> for more information. (This message was added in version 3.3.0.) in /wordpress/wp-includes/functions.php on line 6121","level":"NOTICE","type":"PHP","test":"ast-sqlite-boot","plugin":"two-factor-auth-for-woocommerce","details":"[02-Jun-2025 17:05:53 UTC] PHP Notice:  Function wp_enqueue_script was called <strong>incorrectly</strong>. Scripts and styles should not be registered or enqueued until the <code>wp_enqueue_scripts</code>, <code>admin_enqueue_scripts</code>, or <code>login_enqueue_scripts</code> hooks. This notice was triggered by the <code>my-ajax-handle</code> handle. Please see <a href=\"https://developer.wordpress.org/advanced-administration/debug/debug-wordpress/\">Debugging in WordPress</a> for more information. (This message was added in version 3.3.0.) in /wordpress/wp-includes/functions.php on line 6121","log":"/logs/plugins/t/two-factor-auth-for-woocommerce/error.json"}
,
{"message":"Function wp_enqueue_style was called <strong>incorrectly</strong>. Scripts and styles should not be registered or enqueued until the <code>wp_enqueue_scripts</code>, <code>admin_enqueue_scripts</code>, or <code>login_enqueue_scripts</code> hooks. This notice was triggered by the <code>casanova.vn</code> handle. Please see <a href=\"https://developer.wordpress.org/advanced-administration/debug/debug-wordpress/\">Debugging in WordPress</a> for more information. (This message was added in version 3.3.0.) in /wordpress/wp-includes/functions.php on line 6121","level":"NOTICE","type":"PHP","test":"ast-sqlite-boot","plugin":"two-factor-auth-for-woocommerce","details":"[02-Jun-2025 17:06:02 UTC] PHP Notice:  Function wp_enqueue_style was called <strong>incorrectly</strong>. Scripts and styles should not be registered or enqueued until the <code>wp_enqueue_scripts</code>, <code>admin_enqueue_scripts</code>, or <code>login_enqueue_scripts</code> hooks. This notice was triggered by the <code>casanova.vn</code> handle. Please see <a href=\"https://developer.wordpress.org/advanced-administration/debug/debug-wordpress/\">Debugging in WordPress</a> for more information. (This message was added in version 3.3.0.) in /wordpress/wp-includes/functions.php on line 6121","log":"/logs/plugins/t/two-factor-auth-for-woocommerce/error.json"}
,
{"message":"Function is_feed was called <strong>incorrectly</strong>. Conditional query tags do not work before the query is run. Before then, they always return false. Please see <a href=\"https://developer.wordpress.org/advanced-administration/debug/debug-wordpress/\">Debugging in WordPress</a> for more information. (This message was added in version 3.1.0.) in /wordpress/wp-includes/functions.php on line 6121","level":"NOTICE","type":"PHP","test":"ast-sqlite-boot","plugin":"two-factor-auth-for-woocommerce","details":"[02-Jun-2025 17:06:02 UTC] PHP Notice:  Function is_feed was called <strong>incorrectly</strong>. Conditional query tags do not work before the query is run. Before then, they always return false. Please see <a href=\"https://developer.wordpress.org/advanced-administration/debug/debug-wordpress/\">Debugging in WordPress</a> for more information. (This message was added in version 3.1.0.) in /wordpress/wp-includes/functions.php on line 6121","log":"/logs/plugins/t/two-factor-auth-for-woocommerce/error.json"}
,
{"message":"Function wp_enqueue_script was called <strong>incorrectly</strong>. Scripts and styles should not be registered or enqueued until the <code>wp_enqueue_scripts</code>, <code>admin_enqueue_scripts</code>, or <code>login_enqueue_scripts</code> hooks. This notice was triggered by the <code>my-ajax-handle</code> handle. Please see <a href=\"https://developer.wordpress.org/advanced-administration/debug/debug-wordpress/\">Debugging in WordPress</a> for more information. (This message was added in version 3.3.0.) in /wordpress/wp-includes/functions.php on line 6121","level":"NOTICE","type":"PHP","test":"ast-sqlite-boot","plugin":"two-factor-auth-for-woocommerce","details":"[02-Jun-2025 17:06:02 UTC] PHP Notice:  Function wp_enqueue_script was called <strong>incorrectly</strong>. Scripts and styles should not be registered or enqueued until the <code>wp_enqueue_scripts</code>, <code>admin_enqueue_scripts</code>, or <code>login_enqueue_scripts</code> hooks. This notice was triggered by the <code>my-ajax-handle</code> handle. Please see <a href=\"https://developer.wordpress.org/advanced-administration/debug/debug-wordpress/\">Debugging in WordPress</a> for more information. (This message was added in version 3.3.0.) in /wordpress/wp-includes/functions.php on line 6121","log":"/logs/plugins/t/two-factor-auth-for-woocommerce/error.json"}
,
{"message":"Function wp_enqueue_style was called <strong>incorrectly</strong>. Scripts and styles should not be registered or enqueued until the <code>wp_enqueue_scripts</code>, <code>admin_enqueue_scripts</code>, or <code>login_enqueue_scripts</code> hooks. This notice was triggered by the <code>casanova.vn</code> handle. Please see <a href=\"https://developer.wordpress.org/advanced-administration/debug/debug-wordpress/\">Debugging in WordPress</a> for more information. (This message was added in version 3.3.0.) in /wordpress/wp-includes/functions.php on line 6121","level":"NOTICE","type":"PHP","test":"ast-sqlite-boot","plugin":"two-factor-auth-for-woocommerce","details":"[02-Jun-2025 17:06:11 UTC] PHP Notice:  Function wp_enqueue_style was called <strong>incorrectly</strong>. Scripts and styles should not be registered or enqueued until the <code>wp_enqueue_scripts</code>, <code>admin_enqueue_scripts</code>, or <code>login_enqueue_scripts</code> hooks. This notice was triggered by the <code>casanova.vn</code> handle. Please see <a href=\"https://developer.wordpress.org/advanced-administration/debug/debug-wordpress/\">Debugging in WordPress</a> for more information. (This message was added in version 3.3.0.) in /wordpress/wp-includes/functions.php on line 6121","log":"/logs/plugins/t/two-factor-auth-for-woocommerce/error.json"}
,
{"message":"Function is_feed was called <strong>incorrectly</strong>. Conditional query tags do not work before the query is run. Before then, they always return false. Please see <a href=\"https://developer.wordpress.org/advanced-administration/debug/debug-wordpress/\">Debugging in WordPress</a> for more information. (This message was added in version 3.1.0.) in /wordpress/wp-includes/functions.php on line 6121","level":"NOTICE","type":"PHP","test":"ast-sqlite-boot","plugin":"two-factor-auth-for-woocommerce","details":"[02-Jun-2025 17:06:11 UTC] PHP Notice:  Function is_feed was called <strong>incorrectly</strong>. Conditional query tags do not work before the query is run. Before then, they always return false. Please see <a href=\"https://developer.wordpress.org/advanced-administration/debug/debug-wordpress/\">Debugging in WordPress</a> for more information. (This message was added in version 3.1.0.) in /wordpress/wp-includes/functions.php on line 6121","log":"/logs/plugins/t/two-factor-auth-for-woocommerce/error.json"}
,
{"message":"Function wp_enqueue_script was called <strong>incorrectly</strong>. Scripts and styles should not be registered or enqueued until the <code>wp_enqueue_scripts</code>, <code>admin_enqueue_scripts</code>, or <code>login_enqueue_scripts</code> hooks. This notice was triggered by the <code>my-ajax-handle</code> handle. Please see <a href=\"https://developer.wordpress.org/advanced-administration/debug/debug-wordpress/\">Debugging in WordPress</a> for more information. (This message was added in version 3.3.0.) in /wordpress/wp-includes/functions.php on line 6121","level":"NOTICE","type":"PHP","test":"ast-sqlite-boot","plugin":"two-factor-auth-for-woocommerce","details":"[02-Jun-2025 17:06:11 UTC] PHP Notice:  Function wp_enqueue_script was called <strong>incorrectly</strong>. Scripts and styles should not be registered or enqueued until the <code>wp_enqueue_scripts</code>, <code>admin_enqueue_scripts</code>, or <code>login_enqueue_scripts</code> hooks. This notice was triggered by the <code>my-ajax-handle</code> handle. Please see <a href=\"https://developer.wordpress.org/advanced-administration/debug/debug-wordpress/\">Debugging in WordPress</a> for more information. (This message was added in version 3.3.0.) in /wordpress/wp-includes/functions.php on line 6121","log":"/logs/plugins/t/two-factor-auth-for-woocommerce/error.json"}
,
{"message":"Uncaught Error: Call to undefined function create_function() in /wordpress/wp-content/plugins/twitter-facebook-google-yahoo-all-inclusive/ui.php:184","level":"FATAL","type":"PHP","test":"ast-sqlite-boot","plugin":"two-factor-auth-for-woocommerce","details":"[02-Jun-2025 17:06:20 UTC] PHP Fatal error:  Uncaught Error: Call to undefined function create_function() in /wordpress/wp-content/plugins/twitter-facebook-google-yahoo-all-inclusive/ui.php:184\nStack trace:\n#0 /wordpress/wp-content/plugins/twitter-facebook-google-yahoo-all-inclusive/all-inclusive.php(83): require_once()\n#1 /wordpress/wp-admin/includes/plugin.php(2387): include_once('/wordpress/wp-c...')\n#2 /wordpress/wp-admin/includes/plugin.php(673): plugin_sandbox_scrape('twitter-faceboo...')\n#3 /internal/eval.php(20): activate_plugin('twitter-faceboo...')\n#4 {main}\n  thrown in /wordpress/wp-content/plugins/twitter-facebook-google-yahoo-all-inclusive/ui.php on line 184","log":"/logs/plugins/t/two-factor-auth-for-woocommerce/error.json"}
,
{"message":"Uncaught Error: Call to undefined function create_function() in /wordpress/wp-content/plugins/twitter-facebook-google-yahoo-all-inclusive/ui.php:184","level":"FATAL","type":"PHP","test":"ast-sqlite-boot","plugin":"two-factor-auth-for-woocommerce","details":"[02-Jun-2025 17:06:28 UTC] PHP Fatal error:  Uncaught Error: Call to undefined function create_function() in /wordpress/wp-content/plugins/twitter-facebook-google-yahoo-all-inclusive/ui.php:184\nStack trace:\n#0 /wordpress/wp-content/plugins/twitter-facebook-google-yahoo-all-inclusive/all-inclusive.php(83): require_once()\n#1 /wordpress/wp-admin/includes/plugin.php(2387): include_once('/wordpress/wp-c...')\n#2 /wordpress/wp-admin/includes/plugin.php(673): plugin_sandbox_scrape('twitter-faceboo...')\n#3 /internal/eval.php(20): activate_plugin('twitter-faceboo...')\n#4 {main}\n  thrown in /wordpress/wp-content/plugins/twitter-facebook-google-yahoo-all-inclusive/ui.php on line 184","log":"/logs/plugins/t/two-factor-auth-for-woocommerce/error.json"}
,
{"message":"Uncaught Error: Call to undefined function create_function() in /wordpress/wp-content/plugins/twitter-facebook-google-yahoo-all-inclusive/ui.php:184","level":"FATAL","type":"PHP","test":"ast-sqlite-boot","plugin":"two-factor-auth-for-woocommerce","details":"[02-Jun-2025 17:06:36 UTC] PHP Fatal error:  Uncaught Error: Call to undefined function create_function() in /wordpress/wp-content/plugins/twitter-facebook-google-yahoo-all-inclusive/ui.php:184\nStack trace:\n#0 /wordpress/wp-content/plugins/twitter-facebook-google-yahoo-all-inclusive/all-inclusive.php(83): require_once()\n#1 /wordpress/wp-admin/includes/plugin.php(2387): include_once('/wordpress/wp-c...')\n#2 /wordpress/wp-admin/includes/plugin.php(673): plugin_sandbox_scrape('twitter-faceboo...')\n#3 /internal/eval.php(20): activate_plugin('twitter-faceboo...')\n#4 {main}\n  thrown in /wordpress/wp-content/plugins/twitter-facebook-google-yahoo-all-inclusive/ui.php on line 184\n\n    at Object.onBind (file:///home/runner/work/playground-tester/playground-tester/node_modules/@wp-playground/cli/index.js:237:15)\n    at process.processTicksAndRejections (node:internal/process/task_queues:105:5)\n    at async V (file:///home/runner/work/playground-tester/playground-tester/node_modules/@wp-playground/cli/index.js:64:10)\n    at async ja (file:///home/runner/work/playground-tester/playground-tester/node_modules/@wp-playground/cli/cli.js:8161:12) {\n  [cause]: Error: Error when executing the blueprint step #5 ({\"step\":\"installPlugin\",\"pluginData\":{\"resource\":\"wordpress.org/plugins\",\"slug\":\"two-factor-auth-for-woocommerce\"},\"options\":{\"activate\":true}}) : Plugin /wordpress/wp-content/plugins/two-factor-auth-for-woocommerce could not be activated – WordPress exited with no error. Sometimes, when $_SERVER or site options are not configured correctly, WordPress exits early with a 301 redirect. Inspect the \"debug\" logs in the console for more details.\n      at Object.run (file:///home/runner/work/playground-tester/playground-tester/node_modules/@wp-playground/blueprints/index.js:12449:19)\n      at process.processTicksAndRejections (node:internal/process/task_queues:105:5)\n      at async ms (file:///home/runner/work/playground-tester/playground-tester/node_modules/@wp-playground/blueprints/index.js:12552:3)\n      ... 2 lines matching cause stack trace ...\n      at async ja (file:///home/runner/work/playground-tester/playground-tester/node_modules/@wp-playground/cli/cli.js:8161:12) {\n    [cause]: Error: Plugin /wordpress/wp-content/plugins/two-factor-auth-for-woocommerce could not be activated – WordPress exited with no error. Sometimes, when $_SERVER or site options are not configured correctly, WordPress exits early with a 301 redirect. Inspect the \"debug\" logs in the console for more details.\n        at wr (file:///home/runner/work/playground-tester/playground-tester/node_modules/@wp-playground/blueprints/index.js:119:51)\n        at process.processTicksAndRejections (node:internal/process/task_queues:105:5)\n        at async Object.gt [as installPlugin] (file:///home/runner/work/playground-tester/playground-tester/node_modules/@wp-playground/blueprints/index.js:974:42)\n        at async g (file:///home/runner/work/playground-tester/playground-tester/node_modules/@wp-playground/blueprints/index.js:12517:30)\n        at async Object.run (file:///home/runner/work/playground-tester/playground-tester/node_modules/@wp-playground/blueprints/index.js:12446:23)\n        at async ms (file:///home/runner/work/playground-tester/playground-tester/node_modules/@wp-playground/blueprints/index.js:12552:3)\n        at async Object.onBind (file:///home/runner/work/playground-tester/playground-tester/node_modules/@wp-playground/cli/index.js:227:48)\n        at async V (file:///home/runner/work/playground-tester/playground-tester/node_modules/@wp-playground/cli/index.js:64:10)\n        at async ja (file:///home/runner/work/playground-tester/playground-tester/node_modules/@wp-playground/cli/cli.js:8161:12)\n  }\n}\n\n","log":"/logs/plugins/t/two-factor-auth-for-woocommerce/error.json"}
]
