[
{"message":"file:///home/runner/work/playground-tester/playground-tester/node_modules/@wp-playground/cli/index.js:237\n        throw new Error(y, { cause: u });\n              ^\n","level":"FATAL","type":"PLAYGROUND","test":"asyncify-boot","plugin":"comments-notify-author","details":"file:///home/runner/work/playground-tester/playground-tester/node_modules/@wp-playground/cli/index.js:237\n        throw new Error(y, { cause: u });\n              ^\n","log":"/tmp/tmp.vCU6jDTYac"}
,
{"message":"Required parameter $length follows optional parameter $after in /wordpress/wp-content/plugins/cataloggi/public/class-ctlggi-public.php on line 273","level":"DEPRECATED","type":"PHP","test":"asyncify-boot","plugin":"comments-notify-author","details":"[07-May-2025 23:49:18 UTC] PHP Deprecated:  Required parameter $length follows optional parameter $after in /wordpress/wp-content/plugins/cataloggi/public/class-ctlggi-public.php on line 273","log":"/logs/plugins/c/comments-notify-author/error.json"}
,
{"message":"Required parameter $length follows optional parameter $after in /wordpress/wp-content/plugins/cataloggi/public/class-ctlggi-public.php on line 273","level":"DEPRECATED","type":"PHP","test":"asyncify-boot","plugin":"comments-notify-author","details":"[07-May-2025 23:49:20 UTC] PHP Deprecated:  Required parameter $length follows optional parameter $after in /wordpress/wp-content/plugins/cataloggi/public/class-ctlggi-public.php on line 273","log":"/logs/plugins/c/comments-notify-author/error.json"}
,
{"message":"Required parameter $length follows optional parameter $after in /wordpress/wp-content/plugins/cataloggi/public/class-ctlggi-public.php on line 273","level":"DEPRECATED","type":"PHP","test":"asyncify-boot","plugin":"comments-notify-author","details":"[07-May-2025 23:49:29 UTC] PHP Deprecated:  Required parameter $length follows optional parameter $after in /wordpress/wp-content/plugins/cataloggi/public/class-ctlggi-public.php on line 273","log":"/logs/plugins/c/comments-notify-author/error.json"}
,
{"message":"Required parameter $length follows optional parameter $after in /wordpress/wp-content/plugins/cataloggi/public/class-ctlggi-public.php on line 273","level":"DEPRECATED","type":"PHP","test":"asyncify-boot","plugin":"comments-notify-author","details":"[07-May-2025 23:49:31 UTC] PHP Deprecated:  Required parameter $length follows optional parameter $after in /wordpress/wp-content/plugins/cataloggi/public/class-ctlggi-public.php on line 273","log":"/logs/plugins/c/comments-notify-author/error.json"}
,
{"message":"Required parameter $length follows optional parameter $after in /wordpress/wp-content/plugins/cataloggi/public/class-ctlggi-public.php on line 273","level":"DEPRECATED","type":"PHP","test":"asyncify-boot","plugin":"comments-notify-author","details":"[07-May-2025 23:49:41 UTC] PHP Deprecated:  Required parameter $length follows optional parameter $after in /wordpress/wp-content/plugins/cataloggi/public/class-ctlggi-public.php on line 273","log":"/logs/plugins/c/comments-notify-author/error.json"}
,
{"message":"Required parameter $length follows optional parameter $after in /wordpress/wp-content/plugins/cataloggi/public/class-ctlggi-public.php on line 273","level":"DEPRECATED","type":"PHP","test":"asyncify-boot","plugin":"comments-notify-author","details":"[07-May-2025 23:49:42 UTC] PHP Deprecated:  Required parameter $length follows optional parameter $after in /wordpress/wp-content/plugins/cataloggi/public/class-ctlggi-public.php on line 273","log":"/logs/plugins/c/comments-notify-author/error.json"}
,
{"message":"Undefined array key \"page\" in /wordpress/wp-content/plugins/checkout-subscription/classes/class-vwcs-checkout-subscription.php on line 13","level":"WARNING","type":"PHP","test":"asyncify-boot","plugin":"comments-notify-author","details":"[07-May-2025 23:51:17 UTC] PHP Warning:  Undefined array key \"page\" in /wordpress/wp-content/plugins/checkout-subscription/classes/class-vwcs-checkout-subscription.php on line 13","log":"/logs/plugins/c/comments-notify-author/error.json"}
,
{"message":"Undefined variable $address_fields in /wordpress/wp-content/plugins/checkout-subscription/classes/class-vwcs-checkout-subscription.php on line 19","level":"WARNING","type":"PHP","test":"asyncify-boot","plugin":"comments-notify-author","details":"[07-May-2025 23:51:17 UTC] PHP Warning:  Undefined variable $address_fields in /wordpress/wp-content/plugins/checkout-subscription/classes/class-vwcs-checkout-subscription.php on line 19","log":"/logs/plugins/c/comments-notify-author/error.json"}
,
{"message":"Undefined array key \"page\" in /wordpress/wp-content/plugins/checkout-subscription/classes/class-vwcs-checkout-subscription.php on line 13","level":"WARNING","type":"PHP","test":"asyncify-boot","plugin":"comments-notify-author","details":"[07-May-2025 23:51:18 UTC] PHP Warning:  Undefined array key \"page\" in /wordpress/wp-content/plugins/checkout-subscription/classes/class-vwcs-checkout-subscription.php on line 13","log":"/logs/plugins/c/comments-notify-author/error.json"}
,
{"message":"Undefined variable $address_fields in /wordpress/wp-content/plugins/checkout-subscription/classes/class-vwcs-checkout-subscription.php on line 19","level":"WARNING","type":"PHP","test":"asyncify-boot","plugin":"comments-notify-author","details":"[07-May-2025 23:51:18 UTC] PHP Warning:  Undefined variable $address_fields in /wordpress/wp-content/plugins/checkout-subscription/classes/class-vwcs-checkout-subscription.php on line 19","log":"/logs/plugins/c/comments-notify-author/error.json"}
,
{"message":"Undefined array key \"page\" in /wordpress/wp-content/plugins/checkout-subscription/classes/class-vwcs-checkout-subscription.php on line 13","level":"WARNING","type":"PHP","test":"asyncify-boot","plugin":"comments-notify-author","details":"[07-May-2025 23:51:26 UTC] PHP Warning:  Undefined array key \"page\" in /wordpress/wp-content/plugins/checkout-subscription/classes/class-vwcs-checkout-subscription.php on line 13","log":"/logs/plugins/c/comments-notify-author/error.json"}
,
{"message":"Undefined variable $address_fields in /wordpress/wp-content/plugins/checkout-subscription/classes/class-vwcs-checkout-subscription.php on line 19","level":"WARNING","type":"PHP","test":"asyncify-boot","plugin":"comments-notify-author","details":"[07-May-2025 23:51:26 UTC] PHP Warning:  Undefined variable $address_fields in /wordpress/wp-content/plugins/checkout-subscription/classes/class-vwcs-checkout-subscription.php on line 19","log":"/logs/plugins/c/comments-notify-author/error.json"}
,
{"message":"Undefined array key \"page\" in /wordpress/wp-content/plugins/checkout-subscription/classes/class-vwcs-checkout-subscription.php on line 13","level":"WARNING","type":"PHP","test":"asyncify-boot","plugin":"comments-notify-author","details":"[07-May-2025 23:51:27 UTC] PHP Warning:  Undefined array key \"page\" in /wordpress/wp-content/plugins/checkout-subscription/classes/class-vwcs-checkout-subscription.php on line 13","log":"/logs/plugins/c/comments-notify-author/error.json"}
,
{"message":"Undefined variable $address_fields in /wordpress/wp-content/plugins/checkout-subscription/classes/class-vwcs-checkout-subscription.php on line 19","level":"WARNING","type":"PHP","test":"asyncify-boot","plugin":"comments-notify-author","details":"[07-May-2025 23:51:27 UTC] PHP Warning:  Undefined variable $address_fields in /wordpress/wp-content/plugins/checkout-subscription/classes/class-vwcs-checkout-subscription.php on line 19","log":"/logs/plugins/c/comments-notify-author/error.json"}
,
{"message":"Undefined array key \"page\" in /wordpress/wp-content/plugins/checkout-subscription/classes/class-vwcs-checkout-subscription.php on line 13","level":"WARNING","type":"PHP","test":"asyncify-boot","plugin":"comments-notify-author","details":"[07-May-2025 23:51:35 UTC] PHP Warning:  Undefined array key \"page\" in /wordpress/wp-content/plugins/checkout-subscription/classes/class-vwcs-checkout-subscription.php on line 13","log":"/logs/plugins/c/comments-notify-author/error.json"}
,
{"message":"Undefined variable $address_fields in /wordpress/wp-content/plugins/checkout-subscription/classes/class-vwcs-checkout-subscription.php on line 19","level":"WARNING","type":"PHP","test":"asyncify-boot","plugin":"comments-notify-author","details":"[07-May-2025 23:51:35 UTC] PHP Warning:  Undefined variable $address_fields in /wordpress/wp-content/plugins/checkout-subscription/classes/class-vwcs-checkout-subscription.php on line 19","log":"/logs/plugins/c/comments-notify-author/error.json"}
,
{"message":"Undefined array key \"page\" in /wordpress/wp-content/plugins/checkout-subscription/classes/class-vwcs-checkout-subscription.php on line 13","level":"WARNING","type":"PHP","test":"asyncify-boot","plugin":"comments-notify-author","details":"[07-May-2025 23:51:36 UTC] PHP Warning:  Undefined array key \"page\" in /wordpress/wp-content/plugins/checkout-subscription/classes/class-vwcs-checkout-subscription.php on line 13","log":"/logs/plugins/c/comments-notify-author/error.json"}
,
{"message":"Undefined variable $address_fields in /wordpress/wp-content/plugins/checkout-subscription/classes/class-vwcs-checkout-subscription.php on line 19","level":"WARNING","type":"PHP","test":"asyncify-boot","plugin":"comments-notify-author","details":"[07-May-2025 23:51:36 UTC] PHP Warning:  Undefined variable $address_fields in /wordpress/wp-content/plugins/checkout-subscription/classes/class-vwcs-checkout-subscription.php on line 19","log":"/logs/plugins/c/comments-notify-author/error.json"}
,
{"message":"Function register_widget_control is <strong>deprecated</strong> since version 2.8.0! Use wp_register_widget_control() instead. in /wordpress/wp-includes/functions.php on line 6121","level":"DEPRECATED","type":"PHP","test":"asyncify-boot","plugin":"comments-notify-author","details":"[07-May-2025 23:51:46 UTC] PHP Deprecated:  Function register_widget_control is <strong>deprecated</strong> since version 2.8.0! Use wp_register_widget_control() instead. in /wordpress/wp-includes/functions.php on line 6121","log":"/logs/plugins/c/comments-notify-author/error.json"}
,
{"message":"Function register_sidebar_widget is <strong>deprecated</strong> since version 2.8.0! Use wp_register_sidebar_widget() instead. in /wordpress/wp-includes/functions.php on line 6121","level":"DEPRECATED","type":"PHP","test":"asyncify-boot","plugin":"comments-notify-author","details":"[07-May-2025 23:51:46 UTC] PHP Deprecated:  Function register_sidebar_widget is <strong>deprecated</strong> since version 2.8.0! Use wp_register_sidebar_widget() instead. in /wordpress/wp-includes/functions.php on line 6121","log":"/logs/plugins/c/comments-notify-author/error.json"}
,
{"message":"Function register_widget_control is <strong>deprecated</strong> since version 2.8.0! Use wp_register_widget_control() instead. in /wordpress/wp-includes/functions.php on line 6121","level":"DEPRECATED","type":"PHP","test":"asyncify-boot","plugin":"comments-notify-author","details":"[07-May-2025 23:51:54 UTC] PHP Deprecated:  Function register_widget_control is <strong>deprecated</strong> since version 2.8.0! Use wp_register_widget_control() instead. in /wordpress/wp-includes/functions.php on line 6121","log":"/logs/plugins/c/comments-notify-author/error.json"}
,
{"message":"Function register_sidebar_widget is <strong>deprecated</strong> since version 2.8.0! Use wp_register_sidebar_widget() instead. in /wordpress/wp-includes/functions.php on line 6121","level":"DEPRECATED","type":"PHP","test":"asyncify-boot","plugin":"comments-notify-author","details":"[07-May-2025 23:51:54 UTC] PHP Deprecated:  Function register_sidebar_widget is <strong>deprecated</strong> since version 2.8.0! Use wp_register_sidebar_widget() instead. in /wordpress/wp-includes/functions.php on line 6121","log":"/logs/plugins/c/comments-notify-author/error.json"}
,
{"message":"Function register_widget_control is <strong>deprecated</strong> since version 2.8.0! Use wp_register_widget_control() instead. in /wordpress/wp-includes/functions.php on line 6121","level":"DEPRECATED","type":"PHP","test":"asyncify-boot","plugin":"comments-notify-author","details":"[07-May-2025 23:52:03 UTC] PHP Deprecated:  Function register_widget_control is <strong>deprecated</strong> since version 2.8.0! Use wp_register_widget_control() instead. in /wordpress/wp-includes/functions.php on line 6121","log":"/logs/plugins/c/comments-notify-author/error.json"}
,
{"message":"Function register_sidebar_widget is <strong>deprecated</strong> since version 2.8.0! Use wp_register_sidebar_widget() instead. in /wordpress/wp-includes/functions.php on line 6121","level":"DEPRECATED","type":"PHP","test":"asyncify-boot","plugin":"comments-notify-author","details":"[07-May-2025 23:52:03 UTC] PHP Deprecated:  Function register_sidebar_widget is <strong>deprecated</strong> since version 2.8.0! Use wp_register_sidebar_widget() instead. in /wordpress/wp-includes/functions.php on line 6121","log":"/logs/plugins/c/comments-notify-author/error.json"}
,
{"message":"Only variables should be passed by reference in /wordpress/wp-content/plugins/cleeng/cleengWP.php on line 29","level":"NOTICE","type":"PHP","test":"asyncify-boot","plugin":"comments-notify-author","details":"[07-May-2025 23:53:12 UTC] PHP Notice:  Only variables should be passed by reference in /wordpress/wp-content/plugins/cleeng/cleengWP.php on line 29","log":"/logs/plugins/c/comments-notify-author/error.json"}
,
{"message":"curl_setopt(): CURLOPT_SSL_VERIFYHOST no longer accepts the value 1, value 2 will be used instead in /wordpress/wp-content/plugins/cleeng/php/classes/Client.php on line 541","level":"NOTICE","type":"PHP","test":"asyncify-boot","plugin":"comments-notify-author","details":"[07-May-2025 23:53:13 UTC] PHP Notice:  curl_setopt(): CURLOPT_SSL_VERIFYHOST no longer accepts the value 1, value 2 will be used instead in /wordpress/wp-content/plugins/cleeng/php/classes/Client.php on line 541","log":"/logs/plugins/c/comments-notify-author/error.json"}
,
{"message":"Uncaught CleengClientException: Authorization error (404). in /wordpress/wp-content/plugins/cleeng/php/classes/Client.php:557","level":"FATAL","type":"PHP","test":"asyncify-boot","plugin":"comments-notify-author","details":"[07-May-2025 23:53:13 UTC] PHP Fatal error:  Uncaught CleengClientException: Authorization error (404). in /wordpress/wp-content/plugins/cleeng/php/classes/Client.php:557\nStack trace:\n#0 /wordpress/wp-content/plugins/cleeng/php/classes/Client.php(891): Cleeng_Client->callApi('registerClientA...', Array)\n#1 /wordpress/wp-content/plugins/cleeng/php/classes/Installer.php(115): Cleeng_Client->registerClientApp('My WordPress We...', 'Automatically c...', 'http://127.0.0....')\n#2 /wordpress/wp-content/plugins/cleeng/php/classes/Core.php(132): Cleeng_Installer->register_client_app()\n#3 /wordpress/wp-content/plugins/cleeng/cleengWP.php(34): Cleeng_Core->setup()\n#4 /wordpress/wp-admin/includes/plugin.php(2387): include_once('/wordpress/wp-c...')\n#5 /wordpress/wp-admin/includes/plugin.php(673): plugin_sandbox_scrape('cleeng/cleengWP...')\n#6 /internal/eval.php(20): activate_plugin('cleeng/cleengWP...')\n#7 {main}\n  thrown in /wordpress/wp-content/plugins/cleeng/php/classes/Client.php on line 557","log":"/logs/plugins/c/comments-notify-author/error.json"}
,
{"message":"Only variables should be passed by reference in /wordpress/wp-content/plugins/cleeng/cleengWP.php on line 29","level":"NOTICE","type":"PHP","test":"asyncify-boot","plugin":"comments-notify-author","details":"[07-May-2025 23:53:21 UTC] PHP Notice:  Only variables should be passed by reference in /wordpress/wp-content/plugins/cleeng/cleengWP.php on line 29","log":"/logs/plugins/c/comments-notify-author/error.json"}
,
{"message":"curl_setopt(): CURLOPT_SSL_VERIFYHOST no longer accepts the value 1, value 2 will be used instead in /wordpress/wp-content/plugins/cleeng/php/classes/Client.php on line 541","level":"NOTICE","type":"PHP","test":"asyncify-boot","plugin":"comments-notify-author","details":"[07-May-2025 23:53:21 UTC] PHP Notice:  curl_setopt(): CURLOPT_SSL_VERIFYHOST no longer accepts the value 1, value 2 will be used instead in /wordpress/wp-content/plugins/cleeng/php/classes/Client.php on line 541","log":"/logs/plugins/c/comments-notify-author/error.json"}
,
{"message":"Uncaught CleengClientException: Authorization error (404). in /wordpress/wp-content/plugins/cleeng/php/classes/Client.php:557","level":"FATAL","type":"PHP","test":"asyncify-boot","plugin":"comments-notify-author","details":"[07-May-2025 23:53:21 UTC] PHP Fatal error:  Uncaught CleengClientException: Authorization error (404). in /wordpress/wp-content/plugins/cleeng/php/classes/Client.php:557\nStack trace:\n#0 /wordpress/wp-content/plugins/cleeng/php/classes/Client.php(891): Cleeng_Client->callApi('registerClientA...', Array)\n#1 /wordpress/wp-content/plugins/cleeng/php/classes/Installer.php(115): Cleeng_Client->registerClientApp('My WordPress We...', 'Automatically c...', 'http://127.0.0....')\n#2 /wordpress/wp-content/plugins/cleeng/php/classes/Core.php(132): Cleeng_Installer->register_client_app()\n#3 /wordpress/wp-content/plugins/cleeng/cleengWP.php(34): Cleeng_Core->setup()\n#4 /wordpress/wp-admin/includes/plugin.php(2387): include_once('/wordpress/wp-c...')\n#5 /wordpress/wp-admin/includes/plugin.php(673): plugin_sandbox_scrape('cleeng/cleengWP...')\n#6 /internal/eval.php(20): activate_plugin('cleeng/cleengWP...')\n#7 {main}\n  thrown in /wordpress/wp-content/plugins/cleeng/php/classes/Client.php on line 557","log":"/logs/plugins/c/comments-notify-author/error.json"}
,
{"message":"Only variables should be passed by reference in /wordpress/wp-content/plugins/cleeng/cleengWP.php on line 29","level":"NOTICE","type":"PHP","test":"asyncify-boot","plugin":"comments-notify-author","details":"[07-May-2025 23:53:29 UTC] PHP Notice:  Only variables should be passed by reference in /wordpress/wp-content/plugins/cleeng/cleengWP.php on line 29","log":"/logs/plugins/c/comments-notify-author/error.json"}
,
{"message":"curl_setopt(): CURLOPT_SSL_VERIFYHOST no longer accepts the value 1, value 2 will be used instead in /wordpress/wp-content/plugins/cleeng/php/classes/Client.php on line 541","level":"NOTICE","type":"PHP","test":"asyncify-boot","plugin":"comments-notify-author","details":"[07-May-2025 23:53:29 UTC] PHP Notice:  curl_setopt(): CURLOPT_SSL_VERIFYHOST no longer accepts the value 1, value 2 will be used instead in /wordpress/wp-content/plugins/cleeng/php/classes/Client.php on line 541","log":"/logs/plugins/c/comments-notify-author/error.json"}
,
{"message":"Uncaught CleengClientException: Authorization error (404). in /wordpress/wp-content/plugins/cleeng/php/classes/Client.php:557","level":"FATAL","type":"PHP","test":"asyncify-boot","plugin":"comments-notify-author","details":"[07-May-2025 23:53:30 UTC] PHP Fatal error:  Uncaught CleengClientException: Authorization error (404). in /wordpress/wp-content/plugins/cleeng/php/classes/Client.php:557\nStack trace:\n#0 /wordpress/wp-content/plugins/cleeng/php/classes/Client.php(891): Cleeng_Client->callApi('registerClientA...', Array)\n#1 /wordpress/wp-content/plugins/cleeng/php/classes/Installer.php(115): Cleeng_Client->registerClientApp('My WordPress We...', 'Automatically c...', 'http://127.0.0....')\n#2 /wordpress/wp-content/plugins/cleeng/php/classes/Core.php(132): Cleeng_Installer->register_client_app()\n#3 /wordpress/wp-content/plugins/cleeng/cleengWP.php(34): Cleeng_Core->setup()\n#4 /wordpress/wp-admin/includes/plugin.php(2387): include_once('/wordpress/wp-c...')\n#5 /wordpress/wp-admin/includes/plugin.php(673): plugin_sandbox_scrape('cleeng/cleengWP...')\n#6 /internal/eval.php(20): activate_plugin('cleeng/cleengWP...')\n#7 {main}\n  thrown in /wordpress/wp-content/plugins/cleeng/php/classes/Client.php on line 557","log":"/logs/plugins/c/comments-notify-author/error.json"}
,
{"message":"Undefined variable $wpdb in /wordpress/wp-content/plugins/clickatell-otp/inc/db.php on line 5","level":"WARNING","type":"PHP","test":"asyncify-boot","plugin":"comments-notify-author","details":"[07-May-2025 23:53:38 UTC] PHP Warning:  Undefined variable $wpdb in /wordpress/wp-content/plugins/clickatell-otp/inc/db.php on line 5","log":"/logs/plugins/c/comments-notify-author/error.json"}
,
{"message":"Attempt to read property \"prefix\" on null in /wordpress/wp-content/plugins/clickatell-otp/inc/db.php on line 5","level":"WARNING","type":"PHP","test":"asyncify-boot","plugin":"comments-notify-author","details":"[07-May-2025 23:53:38 UTC] PHP Warning:  Attempt to read property \"prefix\" on null in /wordpress/wp-content/plugins/clickatell-otp/inc/db.php on line 5\n\n    at Object.onBind (file:///home/runner/work/playground-tester/playground-tester/node_modules/@wp-playground/cli/index.js:237:15)\n    at process.processTicksAndRejections (node:internal/process/task_queues:105:5)\n    at async V (file:///home/runner/work/playground-tester/playground-tester/node_modules/@wp-playground/cli/index.js:64:10)\n    at async ja (file:///home/runner/work/playground-tester/playground-tester/node_modules/@wp-playground/cli/cli.js:8161:12) {\n  [cause]: Error: Error when executing the blueprint step #1 ({\"step\":\"installPlugin\",\"pluginData\":{\"resource\":\"wordpress.org/plugins\",\"slug\":\"comments-notify-author\"},\"options\":{\"activate\":true}}) : Could not download \"https://downloads.wordpress.org/plugin/comments-notify-author.latest-stable.zip\".\n  \t\t\t\tCheck if the URL is correct and the server is reachable.\n  \t\t\t\tIf it is reachable, the server might be blocking the request.\n  \t\t\t\tCheck the browser console and network tabs for more information.\n  \n  \t\t\t\t## Does the console show the error \"No 'Access-Control-Allow-Origin' header\"?\n  \n  \t\t\t\tThis means the server that hosts your file does not allow requests from other sites\n  \t\t\t\t(cross-origin requests, or CORS).\tYou need to move the asset to a server that allows\n  \t\t\t\tcross-origin file downloads. Learn more about CORS at\n  \t\t\t\thttps://developer.mozilla.org/en-US/docs/Web/HTTP/CORS.\n  \n  \t\t\t\tIf your file is on GitHub, load it from \"raw.githubusercontent.com\".\n  \t\t\t\tHere's how to do that:\n  \n  \t\t\t\t1. Start with the original GitHub URL of the file. For example:\n  \t\t\t\thttps://github.com/username/repository/blob/branch/filename.\n  \t\t\t\t2. Replace \"github.com\" with \"raw.githubusercontent.com\".\n  \t\t\t\t3. Remove the \"/blob/\" part of the URL.\n  \n  \t\t\t\tThe resulting URL should look like this:\n  \t\t\t\thttps://raw.githubusercontent.com/username/repository/branch/filename\n  \n  \t\t\t\tError:\n  \t\t\t\tError: Could not download \"https://downloads.wordpress.org/plugin/comments-notify-author.latest-stable.zip\"\n      at Object.run (file:///home/runner/work/playground-tester/playground-tester/node_modules/@wp-playground/blueprints/index.js:12449:19)\n      at process.processTicksAndRejections (node:internal/process/task_queues:105:5)\n      at async ms (file:///home/runner/work/playground-tester/playground-tester/node_modules/@wp-playground/blueprints/index.js:12552:3)\n      at async Object.onBind (file:///home/runner/work/playground-tester/playground-tester/node_modules/@wp-playground/cli/index.js:227:48)\n      at async V (file:///home/runner/work/playground-tester/playground-tester/node_modules/@wp-playground/cli/index.js:64:10)\n      at async ja (file:///home/runner/work/playground-tester/playground-tester/node_modules/@wp-playground/cli/cli.js:8161:12) {\n    [cause]: Error: Could not download \"https://downloads.wordpress.org/plugin/comments-notify-author.latest-stable.zip\".\n    \t\t\t\tCheck if the URL is correct and the server is reachable.\n    \t\t\t\tIf it is reachable, the server might be blocking the request.\n    \t\t\t\tCheck the browser console and network tabs for more information.\n    \n    \t\t\t\t## Does the console show the error \"No 'Access-Control-Allow-Origin' header\"?\n    \n    \t\t\t\tThis means the server that hosts your file does not allow requests from other sites\n    \t\t\t\t(cross-origin requests, or CORS).\tYou need to move the asset to a server that allows\n    \t\t\t\tcross-origin file downloads. Learn more about CORS at\n    \t\t\t\thttps://developer.mozilla.org/en-US/docs/Web/HTTP/CORS.\n    \n    \t\t\t\tIf your file is on GitHub, load it from \"raw.githubusercontent.com\".\n    \t\t\t\tHere's how to do that:\n    \n    \t\t\t\t1. Start with the original GitHub URL of the file. For example:\n    \t\t\t\thttps://github.com/username/repository/blob/branch/filename.\n    \t\t\t\t2. Replace \"github.com\" with \"raw.githubusercontent.com\".\n    \t\t\t\t3. Remove the \"/blob/\" part of the URL.\n    \n    \t\t\t\tThe resulting URL should look like this:\n    \t\t\t\thttps://raw.githubusercontent.com/username/repository/branch/filename\n    \n    \t\t\t\tError:\n    \t\t\t\tError: Could not download \"https://downloads.wordpress.org/plugin/comments-notify-author.latest-stable.zip\"\n        at Ct.resolve (file:///home/runner/work/playground-tester/playground-tester/node_modules/@wp-playground/blueprints/index.js:1472:13)\n        at process.processTicksAndRejections (node:internal/process/task_queues:105:5)\n        at async _.run (file:///home/runner/work/playground-tester/playground-tester/node_modules/@php-wasm/util/index.js:45:14)\n  }\n}\n\n","log":"/logs/plugins/c/comments-notify-author/error.json"}
]
