file:///home/runner/work/playground-tester/playground-tester/node_modules/@wp-playground/cli/index.js:237
        throw new Error(y, { cause: u });
              ^

Error: [01-May-2025 04:53:53 UTC] OpenSSL SSL_connect: SSL_ERROR_SYSCALL in connection to app.thevoicedesigner.com:443 
[01-May-2025 04:53:53 UTC] PHP Fatal error:  Uncaught Httpful\Exception\ConnectionErrorException: Unable to connect to "https://app.thevoicedesigner.com/api/apps": 35 OpenSSL SSL_connect: SSL_ERROR_SYSCALL in connection to app.thevoicedesigner.com:443  in /wordpress/wp-content/plugins/the-voice-designer-by-data-driven-design/vendor/nategood/httpful/src/Httpful/Request.php:1028
Stack trace:
#0 /wordpress/wp-content/plugins/the-voice-designer-by-data-driven-design/vendor/nategood/httpful/src/Httpful/Request.php(204): Httpful\Request->buildResponse(false)
#1 /wordpress/wp-content/plugins/the-voice-designer-by-data-driven-design/src/BackendApi.php(53): Httpful\Request->send()
#2 /wordpress/wp-content/plugins/the-voice-designer-by-data-driven-design/src/BackendApi.php(32): DataDrivenDesign\VoiceDesigner\BackendApi->makeRequest(Object(Httpful\Request))
#3 /wordpress/wp-content/plugins/the-voice-designer-by-data-driven-design/src/Plugin.php(16): DataDrivenDesign\VoiceDesigner\BackendApi->createApp()
#4 /wordpress/wp-includes/class-wp-hook.php(324): DataDrivenD in /wordpress/wp-content/plugins/the-voice-designer-by-data-driven-design/vendor/nategood/httpful/src/Httpful/Request.php on line 1028
[01-May-2025 04:54:01 UTC] OpenSSL SSL_connect: SSL_ERROR_SYSCALL in connection to app.thevoicedesigner.com:443 
[01-May-2025 04:54:01 UTC] PHP Fatal error:  Uncaught Httpful\Exception\ConnectionErrorException: Unable to connect to "https://app.thevoicedesigner.com/api/apps": 35 OpenSSL SSL_connect: SSL_ERROR_SYSCALL in connection to app.thevoicedesigner.com:443  in /wordpress/wp-content/plugins/the-voice-designer-by-data-driven-design/vendor/nategood/httpful/src/Httpful/Request.php:1028
Stack trace:
#0 /wordpress/wp-content/plugins/the-voice-designer-by-data-driven-design/vendor/nategood/httpful/src/Httpful/Request.php(204): Httpful\Request->buildResponse(false)
#1 /wordpress/wp-content/plugins/the-voice-designer-by-data-driven-design/src/BackendApi.php(53): Httpful\Request->send()
#2 /wordpress/wp-content/plugins/the-voice-designer-by-data-driven-design/src/BackendApi.php(32): DataDrivenDesign\VoiceDesigner\BackendApi->makeRequest(Object(Httpful\Request))
#3 /wordpress/wp-content/plugins/the-voice-designer-by-data-driven-design/src/Plugin.php(16): DataDrivenDesign\VoiceDesigner\BackendApi->createApp()
#4 /wordpress/wp-includes/class-wp-hook.php(324): DataDrivenD in /wordpress/wp-content/plugins/the-voice-designer-by-data-driven-design/vendor/nategood/httpful/src/Httpful/Request.php on line 1028
[01-May-2025 04:54:09 UTC] OpenSSL SSL_connect: SSL_ERROR_SYSCALL in connection to app.thevoicedesigner.com:443 
[01-May-2025 04:54:09 UTC] PHP Fatal error:  Uncaught Httpful\Exception\ConnectionErrorException: Unable to connect to "https://app.thevoicedesigner.com/api/apps": 35 OpenSSL SSL_connect: SSL_ERROR_SYSCALL in connection to app.thevoicedesigner.com:443  in /wordpress/wp-content/plugins/the-voice-designer-by-data-driven-design/vendor/nategood/httpful/src/Httpful/Request.php:1028
Stack trace:
#0 /wordpress/wp-content/plugins/the-voice-designer-by-data-driven-design/vendor/nategood/httpful/src/Httpful/Request.php(204): Httpful\Request->buildResponse(false)
#1 /wordpress/wp-content/plugins/the-voice-designer-by-data-driven-design/src/BackendApi.php(53): Httpful\Request->send()
#2 /wordpress/wp-content/plugins/the-voice-designer-by-data-driven-design/src/BackendApi.php(32): DataDrivenDesign\VoiceDesigner\BackendApi->makeRequest(Object(Httpful\Request))
#3 /wordpress/wp-content/plugins/the-voice-designer-by-data-driven-design/src/Plugin.php(16): DataDrivenDesign\VoiceDesigner\BackendApi->createApp()
#4 /wordpress/wp-includes/class-wp-hook.php(324): DataDrivenD in /wordpress/wp-content/plugins/the-voice-designer-by-data-driven-design/vendor/nategood/httpful/src/Httpful/Request.php on line 1028
[01-May-2025 05:00:41 UTC] PHP Warning:  Undefined array key "QUERY_STRING" in /wordpress/wp-content/plugins/themefuse-coming-soon/tf_maintenance-maintenance-plugin.php on line 297
[01-May-2025 05:00:41 UTC] PHP Warning:  Undefined array key "tf_maintenance_complete_text" in /wordpress/wp-content/plugins/themefuse-coming-soon/tf_maintenance-maintenance-plugin.php on line 303
[01-May-2025 05:00:50 UTC] PHP Warning:  Undefined array key "QUERY_STRING" in /wordpress/wp-content/plugins/themefuse-coming-soon/tf_maintenance-maintenance-plugin.php on line 297
[01-May-2025 05:00:50 UTC] PHP Warning:  Undefined array key "tf_maintenance_complete_text" in /wordpress/wp-content/plugins/themefuse-coming-soon/tf_maintenance-maintenance-plugin.php on line 303
[01-May-2025 05:00:58 UTC] PHP Warning:  Undefined array key "QUERY_STRING" in /wordpress/wp-content/plugins/themefuse-coming-soon/tf_maintenance-maintenance-plugin.php on line 297
[01-May-2025 05:00:58 UTC] PHP Warning:  Undefined array key "tf_maintenance_complete_text" in /wordpress/wp-content/plugins/themefuse-coming-soon/tf_maintenance-maintenance-plugin.php on line 303
[01-May-2025 05:01:06 UTC] PHP Fatal error:  Uncaught Error: Undefined constant "WPLANG" in /wordpress/wp-content/plugins/tussendoor-shopp-12-nl/shopp-nl.php:79
Stack trace:
#0 /wordpress/wp-includes/class-wp-hook.php(324): ShoppNL::loadMoFile('/wordpress/wp-c...', 'default')
#1 /wordpress/wp-includes/plugin.php(205): WP_Hook->apply_filters('/wordpress/wp-c...', Array)
#2 /wordpress/wp-includes/l10n.php(795): apply_filters('load_textdomain...', '/wordpress/wp-c...', 'default')
#3 /wordpress/wp-includes/l10n.php(960): load_textdomain('default', '/wordpress/wp-c...', 'en_US')
#4 /wordpress/wp-settings.php(660): load_default_textdomain()
#5 /wordpress/wp-config.php(102): require_once('/wordpress/wp-s...')
#6 /wordpress/wp-load.php(50): require_once('/wordpress/wp-c...')
#7 /internal/eval.php(3): require_once('/wordpress/wp-l...')
#8 {main}
  thrown in /wordpress/wp-content/plugins/tussendoor-shopp-12-nl/shopp-nl.php on line 79
[01-May-2025 05:01:06 UTC] PHP Fatal error:  Uncaught Error: Undefined constant "WPLANG" in /wordpress/wp-content/plugins/tussendoor-shopp-12-nl/shopp-nl.php:79
Stack trace:
#0 /wordpress/wp-includes/class-wp-hook.php(324): ShoppNL::loadMoFile('/wordpress/wp-c...', 'default')
#1 /wordpress/wp-includes/plugin.php(205): WP_Hook->apply_filters('/wordpress/wp-c...', Array)
#2 /wordpress/wp-includes/l10n.php(795): apply_filters('load_textdomain...', '/wordpress/wp-c...', 'default')
#3 /wordpress/wp-includes/l10n.php(960): load_textdomain('default', '/wordpress/wp-c...', 'en_US')
#4 /wordpress/wp-includes/class-wp-fatal-error-handler.php(49): load_default_textdomain()
#5 [internal function]: WP_Fatal_Error_Handler->handle()
#6 {main}
  thrown in /wordpress/wp-content/plugins/tussendoor-shopp-12-nl/shopp-nl.php on line 79
[01-May-2025 05:01:14 UTC] PHP Fatal error:  Uncaught Error: Undefined constant "WPLANG" in /wordpress/wp-content/plugins/tussendoor-shopp-12-nl/shopp-nl.php:79
Stack trace:
#0 /wordpress/wp-includes/class-wp-hook.php(324): ShoppNL::loadMoFile('/wordpress/wp-c...', 'default')
#1 /wordpress/wp-includes/plugin.php(205): WP_Hook->apply_filters('/wordpress/wp-c...', Array)
#2 /wordpress/wp-includes/l10n.php(795): apply_filters('load_textdomain...', '/wordpress/wp-c...', 'default')
#3 /wordpress/wp-includes/l10n.php(960): load_textdomain('default', '/wordpress/wp-c...', 'en_US')
#4 /wordpress/wp-settings.php(660): load_default_textdomain()
#5 /wordpress/wp-config.php(102): require_once('/wordpress/wp-s...')
#6 /wordpress/wp-load.php(50): require_once('/wordpress/wp-c...')
#7 /internal/eval.php(3): require_once('/wordpress/wp-l...')
#8 {main}
  thrown in /wordpress/wp-content/plugins/tussendoor-shopp-12-nl/shopp-nl.php on line 79
[01-May-2025 05:01:14 UTC] PHP Fatal error:  Uncaught Error: Undefined constant "WPLANG" in /wordpress/wp-content/plugins/tussendoor-shopp-12-nl/shopp-nl.php:79
Stack trace:
#0 /wordpress/wp-includes/class-wp-hook.php(324): ShoppNL::loadMoFile('/wordpress/wp-c...', 'default')
#1 /wordpress/wp-includes/plugin.php(205): WP_Hook->apply_filters('/wordpress/wp-c...', Array)
#2 /wordpress/wp-includes/l10n.php(795): apply_filters('load_textdomain...', '/wordpress/wp-c...', 'default')
#3 /wordpress/wp-includes/l10n.php(960): load_textdomain('default', '/wordpress/wp-c...', 'en_US')
#4 /wordpress/wp-includes/class-wp-fatal-error-handler.php(49): load_default_textdomain()
#5 [internal function]: WP_Fatal_Error_Handler->handle()
#6 {main}
  thrown in /wordpress/wp-content/plugins/tussendoor-shopp-12-nl/shopp-nl.php on line 79
[01-May-2025 05:01:22 UTC] PHP Fatal error:  Uncaught Error: Undefined constant "WPLANG" in /wordpress/wp-content/plugins/tussendoor-shopp-12-nl/shopp-nl.php:79
Stack trace:
#0 /wordpress/wp-includes/class-wp-hook.php(324): ShoppNL::loadMoFile('/wordpress/wp-c...', 'default')
#1 /wordpress/wp-includes/plugin.php(205): WP_Hook->apply_filters('/wordpress/wp-c...', Array)
#2 /wordpress/wp-includes/l10n.php(795): apply_filters('load_textdomain...', '/wordpress/wp-c...', 'default')
#3 /wordpress/wp-includes/l10n.php(960): load_textdomain('default', '/wordpress/wp-c...', 'en_US')
#4 /wordpress/wp-settings.php(660): load_default_textdomain()
#5 /wordpress/wp-config.php(102): require_once('/wordpress/wp-s...')
#6 /wordpress/wp-load.php(50): require_once('/wordpress/wp-c...')
#7 /internal/eval.php(3): require_once('/wordpress/wp-l...')
#8 {main}
  thrown in /wordpress/wp-content/plugins/tussendoor-shopp-12-nl/shopp-nl.php on line 79
[01-May-2025 05:01:22 UTC] PHP Fatal error:  Uncaught Error: Undefined constant "WPLANG" in /wordpress/wp-content/plugins/tussendoor-shopp-12-nl/shopp-nl.php:79
Stack trace:
#0 /wordpress/wp-includes/class-wp-hook.php(324): ShoppNL::loadMoFile('/wordpress/wp-c...', 'default')
#1 /wordpress/wp-includes/plugin.php(205): WP_Hook->apply_filters('/wordpress/wp-c...', Array)
#2 /wordpress/wp-includes/l10n.php(795): apply_filters('load_textdomain...', '/wordpress/wp-c...', 'default')
#3 /wordpress/wp-includes/l10n.php(960): load_textdomain('default', '/wordpress/wp-c...', 'en_US')
#4 /wordpress/wp-includes/class-wp-fatal-error-handler.php(49): load_default_textdomain()
#5 [internal function]: WP_Fatal_Error_Handler->handle()
#6 {main}
  thrown in /wordpress/wp-content/plugins/tussendoor-shopp-12-nl/shopp-nl.php on line 79
[01-May-2025 05:01:49 UTC] PHP Deprecated:  Function register_sidebar_widget is <strong>deprecated</strong> since version 2.8.0! Use wp_register_sidebar_widget() instead. in /wordpress/wp-includes/functions.php on line 6121
[01-May-2025 05:01:49 UTC] PHP Deprecated:  Function register_widget_control is <strong>deprecated</strong> since version 2.8.0! Use wp_register_widget_control() instead. in /wordpress/wp-includes/functions.php on line 6121
[01-May-2025 05:01:56 UTC] PHP Deprecated:  Function register_sidebar_widget is <strong>deprecated</strong> since version 2.8.0! Use wp_register_sidebar_widget() instead. in /wordpress/wp-includes/functions.php on line 6121
[01-May-2025 05:01:57 UTC] PHP Deprecated:  Function register_widget_control is <strong>deprecated</strong> since version 2.8.0! Use wp_register_widget_control() instead. in /wordpress/wp-includes/functions.php on line 6121
[01-May-2025 05:02:04 UTC] PHP Deprecated:  Function register_sidebar_widget is <strong>deprecated</strong> since version 2.8.0! Use wp_register_sidebar_widget() instead. in /wordpress/wp-includes/functions.php on line 6121
[01-May-2025 05:02:04 UTC] PHP Deprecated:  Function register_widget_control is <strong>deprecated</strong> since version 2.8.0! Use wp_register_widget_control() instead. in /wordpress/wp-includes/functions.php on line 6121
[01-May-2025 05:02:12 UTC] PHP Fatal error:  Uncaught Error: Undefined constant "tf_create_shortcode" in /wordpress/wp-content/plugins/twitter-tweet-feed/twitter-feed.php:65
Stack trace:
#0 /wordpress/wp-admin/includes/plugin.php(2387): include_once()
#1 /wordpress/wp-admin/includes/plugin.php(673): plugin_sandbox_scrape('twitter-tweet-f...')
#2 /internal/eval.php(20): activate_plugin('twitter-tweet-f...')
#3 {main}
  thrown in /wordpress/wp-content/plugins/twitter-tweet-feed/twitter-feed.php on line 65
[01-May-2025 05:02:18 UTC] PHP Fatal error:  Uncaught Error: Undefined constant "tf_create_shortcode" in /wordpress/wp-content/plugins/twitter-tweet-feed/twitter-feed.php:65
Stack trace:
#0 /wordpress/wp-admin/includes/plugin.php(2387): include_once()
#1 /wordpress/wp-admin/includes/plugin.php(673): plugin_sandbox_scrape('twitter-tweet-f...')
#2 /internal/eval.php(20): activate_plugin('twitter-tweet-f...')
#3 {main}
  thrown in /wordpress/wp-content/plugins/twitter-tweet-feed/twitter-feed.php on line 65
[01-May-2025 05:02:25 UTC] PHP Fatal error:  Uncaught Error: Undefined constant "tf_create_shortcode" in /wordpress/wp-content/plugins/twitter-tweet-feed/twitter-feed.php:65
Stack trace:
#0 /wordpress/wp-admin/includes/plugin.php(2387): include_once()
#1 /wordpress/wp-admin/includes/plugin.php(673): plugin_sandbox_scrape('twitter-tweet-f...')
#2 /internal/eval.php(20): activate_plugin('twitter-tweet-f...')
#3 {main}
  thrown in /wordpress/wp-content/plugins/twitter-tweet-feed/twitter-feed.php on line 65

    at Object.onBind (file:///home/runner/work/playground-tester/playground-tester/node_modules/@wp-playground/cli/index.js:237:15)
    at process.processTicksAndRejections (node:internal/process/task_queues:105:5)
    at async V (file:///home/runner/work/playground-tester/playground-tester/node_modules/@wp-playground/cli/index.js:64:10)
    at async ja (file:///home/runner/work/playground-tester/playground-tester/node_modules/@wp-playground/cli/cli.js:8161:12) {
  [cause]: Error: Error when executing the blueprint step #1 ({"step":"installPlugin","pluginData":{"resource":"wordpress.org/plugins","slug":"twitter-tweet-feed"},"options":{"activate":true}}) : PHP.run() failed with exit code 255 and the following output: 
      at Object.run (file:///home/runner/work/playground-tester/playground-tester/node_modules/@wp-playground/blueprints/index.js:12449:19)
      at process.processTicksAndRejections (node:internal/process/task_queues:105:5)
      at async ms (file:///home/runner/work/playground-tester/playground-tester/node_modules/@wp-playground/blueprints/index.js:12552:3)
      ... 2 lines matching cause stack trace ...
      at async ja (file:///home/runner/work/playground-tester/playground-tester/node_modules/@wp-playground/cli/cli.js:8161:12) {
    [cause]: PHPExecutionFailureError: PHP.run() failed with exit code 255 and the following output: 
        at PHP.run (file:///home/runner/work/playground-tester/playground-tester/node_modules/@php-wasm/universal/index.js:987:19)
        at process.processTicksAndRejections (node:internal/process/task_queues:105:5)
        at async wr (file:///home/runner/work/playground-tester/playground-tester/node_modules/@wp-playground/blueprints/index.js:33:39)
        at async Object.gt [as installPlugin] (file:///home/runner/work/playground-tester/playground-tester/node_modules/@wp-playground/blueprints/index.js:974:42)
        at async g (file:///home/runner/work/playground-tester/playground-tester/node_modules/@wp-playground/blueprints/index.js:12517:30)
        at async Object.run (file:///home/runner/work/playground-tester/playground-tester/node_modules/@wp-playground/blueprints/index.js:12446:23)
        at async ms (file:///home/runner/work/playground-tester/playground-tester/node_modules/@wp-playground/blueprints/index.js:12552:3)
        at async Object.onBind (file:///home/runner/work/playground-tester/playground-tester/node_modules/@wp-playground/cli/index.js:227:48)
        at async V (file:///home/runner/work/playground-tester/playground-tester/node_modules/@wp-playground/cli/index.js:64:10)
        at async ja (file:///home/runner/work/playground-tester/playground-tester/node_modules/@wp-playground/cli/cli.js:8161:12) {
      response: PHPResponse {
        httpStatusCode: 500,
        headers: {
          'x-powered-by': [ 'PHP/8.0.30-dev' ],
          'content-type': [ 'text/html; charset=UTF-8' ]
        },
        bytes: Uint8Array(0) [],
        exitCode: 255,
        errors: ''
      },
      source: 'request'
    }
  }
}

Node.js v23.11.0
