file:///home/runner/work/playground-tester/playground-tester/node_modules/@wp-playground/cli/index.js:237
        throw new Error(y, { cause: u });
              ^

Error: [10-May-2025 07:45:52 UTC] PHP Warning:  Undefined variable $wpdb in /wordpress/wp-content/plugins/springest-partners/springest.php on line 29
[10-May-2025 07:45:52 UTC] PHP Warning:  Attempt to read property "prefix" on null in /wordpress/wp-content/plugins/springest-partners/springest.php on line 29
[10-May-2025 07:45:52 UTC] PHP Fatal error:  Uncaught Error: Attempt to assign property "springest_groups" on null in /wordpress/wp-content/plugins/springest-partners/springest.php:29
Stack trace:
#0 /wordpress/wp-admin/includes/plugin.php(2387): include_once()
#1 /wordpress/wp-admin/includes/plugin.php(673): plugin_sandbox_scrape('springest-partn...')
#2 /internal/eval.php(20): activate_plugin('springest-partn...')
#3 {main}
  thrown in /wordpress/wp-content/plugins/springest-partners/springest.php on line 29
[10-May-2025 07:45:59 UTC] PHP Warning:  Undefined variable $wpdb in /wordpress/wp-content/plugins/springest-partners/springest.php on line 29
[10-May-2025 07:45:59 UTC] PHP Warning:  Attempt to read property "prefix" on null in /wordpress/wp-content/plugins/springest-partners/springest.php on line 29
[10-May-2025 07:45:59 UTC] PHP Fatal error:  Uncaught Error: Attempt to assign property "springest_groups" on null in /wordpress/wp-content/plugins/springest-partners/springest.php:29
Stack trace:
#0 /wordpress/wp-admin/includes/plugin.php(2387): include_once()
#1 /wordpress/wp-admin/includes/plugin.php(673): plugin_sandbox_scrape('springest-partn...')
#2 /internal/eval.php(20): activate_plugin('springest-partn...')
#3 {main}
  thrown in /wordpress/wp-content/plugins/springest-partners/springest.php on line 29
[10-May-2025 07:46:07 UTC] PHP Warning:  Undefined variable $wpdb in /wordpress/wp-content/plugins/springest-partners/springest.php on line 29
[10-May-2025 07:46:07 UTC] PHP Warning:  Attempt to read property "prefix" on null in /wordpress/wp-content/plugins/springest-partners/springest.php on line 29
[10-May-2025 07:46:07 UTC] PHP Fatal error:  Uncaught Error: Attempt to assign property "springest_groups" on null in /wordpress/wp-content/plugins/springest-partners/springest.php:29
Stack trace:
#0 /wordpress/wp-admin/includes/plugin.php(2387): include_once()
#1 /wordpress/wp-admin/includes/plugin.php(673): plugin_sandbox_scrape('springest-partn...')
#2 /internal/eval.php(20): activate_plugin('springest-partn...')
#3 {main}
  thrown in /wordpress/wp-content/plugins/springest-partners/springest.php on line 29
[10-May-2025 07:47:46 UTC] WordPress database error <div style="clear:both">&nbsp;</div>
<div class="queries" style="clear:both;margin-bottom:2px;border:red dotted thin;">
<p>MySQL query:</p>
<p>ALTER TABLE wp_linkboss_sync_batch CHANGE COLUMN status sent_status VARCHAR(20) NULL DEFAULT NULL COMMENT 'bool(1=Sent, NULL=Not Sent)'</p>
<p>Queries made or created this session were:</p>
<ol>
<li>Executing: BEGIN | (no parameters)</li>
<li>Executing: INSERT INTO _mysql_data_types_cache (`table`, `column_or_index`, `mysql_type`)
				VALUES (:table, :column, :datatype)
				ON CONFLICT(`table`, `column_or_index`) DO UPDATE SET `mysql_type` = :datatype
			 | parameters: wp_linkboss_sync_batch, sent_status, varchar(20)</li>
<li>Executing: DROP TRIGGER IF EXISTS &quot;__wp_linkboss_sync_batch_status_on_update__&quot; | (no parameters)</li>
<li>Executing: SELECT sql FROM sqlite_master WHERE type=&quot;table&quot; AND name=:table | (no parameters)</li>
<li>Executing: SELECT * FROM pragma_index_list(&quot;wp_linkboss_sync_batch&quot;) as l; | (no parameters)</li>
<li>Executing: CREATE TABLE `_tmp__wp_linkboss_sync_batch_16238697` as SELECT * FROM `wp_linkboss_sync_batch` | (no parameters)</li>
<li>Executing: ROLLBACK | (no parameters)</li>
</ol>
</div>
<div style="clear:both;margin-bottom:2px;border:red dotted thin;" class="error_message" style="border-bottom:dotted blue thin;">
Error occurred at line 4117 in Function <code>handle_error</code>. Error message was: SQLSTATE[HY000]: General error: 1 no such table: wp_linkboss_sync_batch.
</div>
<p>Backtrace:</p>
<pre>#0 /internal/shared/sqlite-database-integration/wp-includes/sqlite/class-wp-sqlite-db.php(287): WP_SQLite_Translator->get_error_message()
#1 /wordpress/wp-content/plugins/semantic-linkboss/includes/class-installer.php(111): WP_SQLite_DB->query('ALTER TABLE wp_...')
#2 /wordpress/wp-content/plugins/semantic-linkboss/includes/class-installer.php(31): SEMANTIC_LB\Installer->create_tables()
#3 /wordpress/wp-content/plugins/semantic-linkboss/semantic-linkboss.php(136): SEMANTIC_LB\Installer->run()
#4 /wordpress/wp-content/plugins/semantic-linkboss/semantic-linkboss.php(158): semantic_lb_activate()
#5 /wordpress/wp-includes/class-wp-hook.php(324): semantic_lb_on_activate(false)
#6 /wordpress/wp-includes/class-wp-hook.php(348): WP_Hook->apply_filters('', Array)
#7 /wordpress/wp-includes/plugin.php(517): WP_Hook->do_action(Array)
#8 /wordpress/wp-admin/includes/plugin.php(703): do_action('activate_semant...', false)
#9 /internal/eval.php(20): activate_plugin('semantic-linkbo...')
#10 {main}</pre>
 for query ALTER TABLE wp_linkboss_sync_batch CHANGE COLUMN status sent_status VARCHAR(20) NULL DEFAULT NULL COMMENT 'bool(1=Sent, NULL=Not Sent)' made by activate_plugin, do_action('activate_semantic-linkboss/semantic-linkboss.php'), WP_Hook->do_action, WP_Hook->apply_filters, semantic_lb_on_activate, semantic_lb_activate, SEMANTIC_LB\Installer->run, SEMANTIC_LB\Installer->create_tables, WP_SQLite_DB->query, WP_SQLite_DB->print_error
[10-May-2025 07:47:55 UTC] WordPress database error <div style="clear:both">&nbsp;</div>
<div class="queries" style="clear:both;margin-bottom:2px;border:red dotted thin;">
<p>MySQL query:</p>
<p>ALTER TABLE wp_linkboss_sync_batch CHANGE COLUMN status sent_status VARCHAR(20) NULL DEFAULT NULL COMMENT 'bool(1=Sent, NULL=Not Sent)'</p>
<p>Queries made or created this session were:</p>
<ol>
<li>Executing: BEGIN | (no parameters)</li>
<li>Executing: INSERT INTO _mysql_data_types_cache (`table`, `column_or_index`, `mysql_type`)
				VALUES (:table, :column, :datatype)
				ON CONFLICT(`table`, `column_or_index`) DO UPDATE SET `mysql_type` = :datatype
			 | parameters: wp_linkboss_sync_batch, sent_status, varchar(20)</li>
<li>Executing: DROP TRIGGER IF EXISTS &quot;__wp_linkboss_sync_batch_status_on_update__&quot; | (no parameters)</li>
<li>Executing: SELECT sql FROM sqlite_master WHERE type=&quot;table&quot; AND name=:table | (no parameters)</li>
<li>Executing: SELECT * FROM pragma_index_list(&quot;wp_linkboss_sync_batch&quot;) as l; | (no parameters)</li>
<li>Executing: CREATE TABLE `_tmp__wp_linkboss_sync_batch_19185353` as SELECT * FROM `wp_linkboss_sync_batch` | (no parameters)</li>
<li>Executing: ROLLBACK | (no parameters)</li>
</ol>
</div>
<div style="clear:both;margin-bottom:2px;border:red dotted thin;" class="error_message" style="border-bottom:dotted blue thin;">
Error occurred at line 4117 in Function <code>handle_error</code>. Error message was: SQLSTATE[HY000]: General error: 1 no such table: wp_linkboss_sync_batch.
</div>
<p>Backtrace:</p>
<pre>#0 /internal/shared/sqlite-database-integration/wp-includes/sqlite/class-wp-sqlite-db.php(287): WP_SQLite_Translator->get_error_message()
#1 /wordpress/wp-content/plugins/semantic-linkboss/includes/class-installer.php(111): WP_SQLite_DB->query('ALTER TABLE wp_...')
#2 /wordpress/wp-content/plugins/semantic-linkboss/includes/class-installer.php(31): SEMANTIC_LB\Installer->create_tables()
#3 /wordpress/wp-content/plugins/semantic-linkboss/semantic-linkboss.php(136): SEMANTIC_LB\Installer->run()
#4 /wordpress/wp-content/plugins/semantic-linkboss/semantic-linkboss.php(158): semantic_lb_activate()
#5 /wordpress/wp-includes/class-wp-hook.php(324): semantic_lb_on_activate(false)
#6 /wordpress/wp-includes/class-wp-hook.php(348): WP_Hook->apply_filters('', Array)
#7 /wordpress/wp-includes/plugin.php(517): WP_Hook->do_action(Array)
#8 /wordpress/wp-admin/includes/plugin.php(703): do_action('activate_semant...', false)
#9 /internal/eval.php(20): activate_plugin('semantic-linkbo...')
#10 {main}</pre>
 for query ALTER TABLE wp_linkboss_sync_batch CHANGE COLUMN status sent_status VARCHAR(20) NULL DEFAULT NULL COMMENT 'bool(1=Sent, NULL=Not Sent)' made by activate_plugin, do_action('activate_semantic-linkboss/semantic-linkboss.php'), WP_Hook->do_action, WP_Hook->apply_filters, semantic_lb_on_activate, semantic_lb_activate, SEMANTIC_LB\Installer->run, SEMANTIC_LB\Installer->create_tables, WP_SQLite_DB->query, WP_SQLite_DB->print_error
[10-May-2025 07:51:36 UTC] PHP Fatal error:  Uncaught Exception: DateTimeZone::__construct(): Unknown or bad timezone () in /wordpress/wp-content/plugins/simple-schedule-notice/simple-schedule-notice.php:47
Stack trace:
#0 /wordpress/wp-content/plugins/simple-schedule-notice/simple-schedule-notice.php(47): DateTimeZone->__construct('')
#1 /wordpress/wp-content/plugins/simple-schedule-notice/simple-schedule-notice.php(944): Simple_Schedulenotice_Class->__construct()
#2 /wordpress/wp-admin/includes/plugin.php(2387): include_once('/wordpress/wp-c...')
#3 /wordpress/wp-admin/includes/plugin.php(673): plugin_sandbox_scrape('simple-schedule...')
#4 /internal/eval.php(20): activate_plugin('simple-schedule...')
#5 {main}
  thrown in /wordpress/wp-content/plugins/simple-schedule-notice/simple-schedule-notice.php on line 47
[10-May-2025 07:51:44 UTC] PHP Fatal error:  Uncaught Exception: DateTimeZone::__construct(): Unknown or bad timezone () in /wordpress/wp-content/plugins/simple-schedule-notice/simple-schedule-notice.php:47
Stack trace:
#0 /wordpress/wp-content/plugins/simple-schedule-notice/simple-schedule-notice.php(47): DateTimeZone->__construct('')
#1 /wordpress/wp-content/plugins/simple-schedule-notice/simple-schedule-notice.php(944): Simple_Schedulenotice_Class->__construct()
#2 /wordpress/wp-admin/includes/plugin.php(2387): include_once('/wordpress/wp-c...')
#3 /wordpress/wp-admin/includes/plugin.php(673): plugin_sandbox_scrape('simple-schedule...')
#4 /internal/eval.php(20): activate_plugin('simple-schedule...')
#5 {main}
  thrown in /wordpress/wp-content/plugins/simple-schedule-notice/simple-schedule-notice.php on line 47
[10-May-2025 07:51:52 UTC] PHP Fatal error:  Uncaught Exception: DateTimeZone::__construct(): Unknown or bad timezone () in /wordpress/wp-content/plugins/simple-schedule-notice/simple-schedule-notice.php:47
Stack trace:
#0 /wordpress/wp-content/plugins/simple-schedule-notice/simple-schedule-notice.php(47): DateTimeZone->__construct('')
#1 /wordpress/wp-content/plugins/simple-schedule-notice/simple-schedule-notice.php(944): Simple_Schedulenotice_Class->__construct()
#2 /wordpress/wp-admin/includes/plugin.php(2387): include_once('/wordpress/wp-c...')
#3 /wordpress/wp-admin/includes/plugin.php(673): plugin_sandbox_scrape('simple-schedule...')
#4 /internal/eval.php(20): activate_plugin('simple-schedule...')
#5 {main}
  thrown in /wordpress/wp-content/plugins/simple-schedule-notice/simple-schedule-notice.php on line 47
[10-May-2025 07:53:50 UTC] PHP Warning:  Undefined array key "REMOTE_ADDR" in /wordpress/wp-content/plugins/stop-war-stop-putin/stopwarstopputin.php on line 2314
[10-May-2025 07:54:00 UTC] PHP Warning:  Undefined array key "REMOTE_ADDR" in /wordpress/wp-content/plugins/stop-war-stop-putin/stopwarstopputin.php on line 2314
[10-May-2025 07:54:11 UTC] PHP Warning:  Undefined array key "REMOTE_ADDR" in /wordpress/wp-content/plugins/stop-war-stop-putin/stopwarstopputin.php on line 2314
[10-May-2025 07:54:41 UTC] PHP Fatal error:  Uncaught TypeError: Cannot access offset of type string on string in /wordpress/wp-content/plugins/shareasale-dealsbar/common/class-shareasale-dealsbar-toolbar.php:26
Stack trace:
#0 /wordpress/wp-content/plugins/shareasale-dealsbar/common/class-shareasale-dealsbar-toolbar.php(18): ShareASale_Dealsbar_Toolbar->load_dependencies()
#1 /wordpress/wp-content/plugins/shareasale-dealsbar/common/class-shareasale-dealsbar.php(37): ShareASale_Dealsbar_Toolbar->__construct('2.0.3')
#2 /wordpress/wp-content/plugins/shareasale-dealsbar/common/class-shareasale-dealsbar.php(19): ShareASale_Dealsbar->load_dependencies()
#3 /wordpress/wp-content/plugins/shareasale-dealsbar/dealsbar.php(20): ShareASale_Dealsbar->__construct()
#4 /wordpress/wp-content/plugins/shareasale-dealsbar/dealsbar.php(24): run_shareasale_dealsbar()
#5 /wordpress/wp-settings.php(545): include_once('/wordpress/wp-c...')
#6 /wordpress/wp-config.php(102): require_once('/wordpress/wp-s...')
#7 /wordpress/wp-load.php(50): require_once('/wordpress/wp-c...')
#8 /internal/eval.php(3): require_once('/wordpress/wp-l...')
#9 {main}
  thrown in /wordpress/wp-content/plugins/shareasale-dealsbar/common/class-shareasale-dealsbar-toolbar.php on line 26
[10-May-2025 07:54:50 UTC] PHP Fatal error:  Uncaught TypeError: Cannot access offset of type string on string in /wordpress/wp-content/plugins/shareasale-dealsbar/common/class-shareasale-dealsbar-toolbar.php:26
Stack trace:
#0 /wordpress/wp-content/plugins/shareasale-dealsbar/common/class-shareasale-dealsbar-toolbar.php(18): ShareASale_Dealsbar_Toolbar->load_dependencies()
#1 /wordpress/wp-content/plugins/shareasale-dealsbar/common/class-shareasale-dealsbar.php(37): ShareASale_Dealsbar_Toolbar->__construct('2.0.3')
#2 /wordpress/wp-content/plugins/shareasale-dealsbar/common/class-shareasale-dealsbar.php(19): ShareASale_Dealsbar->load_dependencies()
#3 /wordpress/wp-content/plugins/shareasale-dealsbar/dealsbar.php(20): ShareASale_Dealsbar->__construct()
#4 /wordpress/wp-content/plugins/shareasale-dealsbar/dealsbar.php(24): run_shareasale_dealsbar()
#5 /wordpress/wp-settings.php(545): include_once('/wordpress/wp-c...')
#6 /wordpress/wp-config.php(102): require_once('/wordpress/wp-s...')
#7 /wordpress/wp-load.php(50): require_once('/wordpress/wp-c...')
#8 /internal/eval.php(3): require_once('/wordpress/wp-l...')
#9 {main}
  thrown in /wordpress/wp-content/plugins/shareasale-dealsbar/common/class-shareasale-dealsbar-toolbar.php on line 26
[10-May-2025 07:54:59 UTC] PHP Fatal error:  Uncaught TypeError: Cannot access offset of type string on string in /wordpress/wp-content/plugins/shareasale-dealsbar/common/class-shareasale-dealsbar-toolbar.php:26
Stack trace:
#0 /wordpress/wp-content/plugins/shareasale-dealsbar/common/class-shareasale-dealsbar-toolbar.php(18): ShareASale_Dealsbar_Toolbar->load_dependencies()
#1 /wordpress/wp-content/plugins/shareasale-dealsbar/common/class-shareasale-dealsbar.php(37): ShareASale_Dealsbar_Toolbar->__construct('2.0.3')
#2 /wordpress/wp-content/plugins/shareasale-dealsbar/common/class-shareasale-dealsbar.php(19): ShareASale_Dealsbar->load_dependencies()
#3 /wordpress/wp-content/plugins/shareasale-dealsbar/dealsbar.php(20): ShareASale_Dealsbar->__construct()
#4 /wordpress/wp-content/plugins/shareasale-dealsbar/dealsbar.php(24): run_shareasale_dealsbar()
#5 /wordpress/wp-settings.php(545): include_once('/wordpress/wp-c...')
#6 /wordpress/wp-config.php(102): require_once('/wordpress/wp-s...')
#7 /wordpress/wp-load.php(50): require_once('/wordpress/wp-c...')
#8 /internal/eval.php(3): require_once('/wordpress/wp-l...')
#9 {main}
  thrown in /wordpress/wp-content/plugins/shareasale-dealsbar/common/class-shareasale-dealsbar-toolbar.php on line 26

    at Object.onBind (file:///home/runner/work/playground-tester/playground-tester/node_modules/@wp-playground/cli/index.js:237:15)
    at process.processTicksAndRejections (node:internal/process/task_queues:105:5)
    at async V (file:///home/runner/work/playground-tester/playground-tester/node_modules/@wp-playground/cli/index.js:64:10)
    at async ja (file:///home/runner/work/playground-tester/playground-tester/node_modules/@wp-playground/cli/cli.js:8161:12) {
  [cause]: Error: Error when executing the blueprint step #1 ({"step":"installPlugin","pluginData":{"resource":"wordpress.org/plugins","slug":"shareasale-dealsbar"},"options":{"activate":true}}) : PHP.run() failed with exit code 255 and the following output: 
      at Object.run (file:///home/runner/work/playground-tester/playground-tester/node_modules/@wp-playground/blueprints/index.js:12449:19)
      at process.processTicksAndRejections (node:internal/process/task_queues:105:5)
      at async ms (file:///home/runner/work/playground-tester/playground-tester/node_modules/@wp-playground/blueprints/index.js:12552:3)
      ... 2 lines matching cause stack trace ...
      at async ja (file:///home/runner/work/playground-tester/playground-tester/node_modules/@wp-playground/cli/cli.js:8161:12) {
    [cause]: PHPExecutionFailureError: PHP.run() failed with exit code 255 and the following output: 
        at PHP.run (file:///home/runner/work/playground-tester/playground-tester/node_modules/@php-wasm/universal/index.js:987:19)
        at process.processTicksAndRejections (node:internal/process/task_queues:105:5)
        at async wr (file:///home/runner/work/playground-tester/playground-tester/node_modules/@wp-playground/blueprints/index.js:73:13)
        at async Object.gt [as installPlugin] (file:///home/runner/work/playground-tester/playground-tester/node_modules/@wp-playground/blueprints/index.js:974:42)
        at async g (file:///home/runner/work/playground-tester/playground-tester/node_modules/@wp-playground/blueprints/index.js:12517:30)
        at async Object.run (file:///home/runner/work/playground-tester/playground-tester/node_modules/@wp-playground/blueprints/index.js:12446:23)
        at async ms (file:///home/runner/work/playground-tester/playground-tester/node_modules/@wp-playground/blueprints/index.js:12552:3)
        at async Object.onBind (file:///home/runner/work/playground-tester/playground-tester/node_modules/@wp-playground/cli/index.js:227:48)
        at async V (file:///home/runner/work/playground-tester/playground-tester/node_modules/@wp-playground/cli/index.js:64:10)
        at async ja (file:///home/runner/work/playground-tester/playground-tester/node_modules/@wp-playground/cli/cli.js:8161:12) {
      response: PHPResponse {
        httpStatusCode: 500,
        headers: {
          'x-powered-by': [ 'PHP/8.0.30-dev' ],
          'content-type': [ 'text/html; charset=UTF-8' ],
          expires: [ 'Wed, 11 Jan 1984 05:00:00 GMT' ],
          'cache-control': [ 'no-cache, must-revalidate, max-age=0, no-store, private' ]
        },
        bytes: Uint8Array(2653) [
           60,  33,  68,  79,  67,  84,  89,  80,  69,  32, 104, 116,
          109, 108,  62,  10,  60, 104, 116, 109, 108,  32, 108,  97,
          110, 103,  61,  34, 101, 110,  45,  85,  83,  34,  62,  10,
           60, 104, 101,  97, 100,  62,  10,   9,  60, 109, 101, 116,
           97,  32, 104, 116, 116, 112,  45, 101, 113, 117, 105, 118,
           61,  34,  67, 111, 110, 116, 101, 110, 116,  45,  84, 121,
          112, 101,  34,  32,  99, 111, 110, 116, 101, 110, 116,  61,
           34, 116, 101, 120, 116,  47, 104, 116, 109, 108,  59,  32,
           99, 104,  97, 114,
          ... 2553 more items
        ],
        exitCode: 255,
        errors: ''
      },
      source: 'request'
    }
  }
}

Node.js v23.11.0
