[
{"message":"file:///home/runner/work/playground-tester/playground-tester/node_modules/@wp-playground/cli/run-cli-j-geJYS3.js:325\n        throw new Error($, { cause: h });\n              ^\n","level":"FATAL","type":"PLAYGROUND","test":"ast-sqlite-boot","plugin":"cab-fare-calculator","details":"file:///home/runner/work/playground-tester/playground-tester/node_modules/@wp-playground/cli/run-cli-j-geJYS3.js:325\n        throw new Error($, { cause: h });\n              ^\n","log":"/tmp/tmp.LCBQVA6Oc8"}
,
{"message":"Function _load_textdomain_just_in_time was called <strong>incorrectly</strong>. Translation loading for the <code>cartnotify</code> domain was triggered too early. This is usually an indicator for some code in the plugin or theme running too early. Translations should be loaded at the <code>init</code> action or later. Please see <a href=\"https://developer.wordpress.org/advanced-administration/debug/debug-wordpress/\">Debugging in WordPress</a> for more information. (This message was added in version 6.7.0.) in /wordpress/wp-includes/functions.php on line 6121","level":"NOTICE","type":"PHP","test":"ast-sqlite-boot","plugin":"cab-fare-calculator","details":"[03-Jun-2025 13:57:18 UTC] PHP Notice:  Function _load_textdomain_just_in_time was called <strong>incorrectly</strong>. Translation loading for the <code>cartnotify</code> domain was triggered too early. This is usually an indicator for some code in the plugin or theme running too early. Translations should be loaded at the <code>init</code> action or later. Please see <a href=\"https://developer.wordpress.org/advanced-administration/debug/debug-wordpress/\">Debugging in WordPress</a> for more information. (This message was added in version 6.7.0.) in /wordpress/wp-includes/functions.php on line 6121","log":"/logs/plugins/c/cab-fare-calculator/error.json"}
,
{"message":"Function _load_textdomain_just_in_time was called <strong>incorrectly</strong>. Translation loading for the <code>cartnotify</code> domain was triggered too early. This is usually an indicator for some code in the plugin or theme running too early. Translations should be loaded at the <code>init</code> action or later. Please see <a href=\"https://developer.wordpress.org/advanced-administration/debug/debug-wordpress/\">Debugging in WordPress</a> for more information. (This message was added in version 6.7.0.) in /wordpress/wp-includes/functions.php on line 6121","level":"NOTICE","type":"PHP","test":"ast-sqlite-boot","plugin":"cab-fare-calculator","details":"[03-Jun-2025 13:57:29 UTC] PHP Notice:  Function _load_textdomain_just_in_time was called <strong>incorrectly</strong>. Translation loading for the <code>cartnotify</code> domain was triggered too early. This is usually an indicator for some code in the plugin or theme running too early. Translations should be loaded at the <code>init</code> action or later. Please see <a href=\"https://developer.wordpress.org/advanced-administration/debug/debug-wordpress/\">Debugging in WordPress</a> for more information. (This message was added in version 6.7.0.) in /wordpress/wp-includes/functions.php on line 6121","log":"/logs/plugins/c/cab-fare-calculator/error.json"}
,
{"message":"Function _load_textdomain_just_in_time was called <strong>incorrectly</strong>. Translation loading for the <code>cartnotify</code> domain was triggered too early. This is usually an indicator for some code in the plugin or theme running too early. Translations should be loaded at the <code>init</code> action or later. Please see <a href=\"https://developer.wordpress.org/advanced-administration/debug/debug-wordpress/\">Debugging in WordPress</a> for more information. (This message was added in version 6.7.0.) in /wordpress/wp-includes/functions.php on line 6121","level":"NOTICE","type":"PHP","test":"ast-sqlite-boot","plugin":"cab-fare-calculator","details":"[03-Jun-2025 13:57:40 UTC] PHP Notice:  Function _load_textdomain_just_in_time was called <strong>incorrectly</strong>. Translation loading for the <code>cartnotify</code> domain was triggered too early. This is usually an indicator for some code in the plugin or theme running too early. Translations should be loaded at the <code>init</code> action or later. Please see <a href=\"https://developer.wordpress.org/advanced-administration/debug/debug-wordpress/\">Debugging in WordPress</a> for more information. (This message was added in version 6.7.0.) in /wordpress/wp-includes/functions.php on line 6121","log":"/logs/plugins/c/cab-fare-calculator/error.json"}
,
{"message":"Private methods cannot be final as they are never overridden by other classes in /wordpress/wp-content/plugins/cc-scripts/includes/class-singleton.php on line 15","level":"WARNING","type":"PHP","test":"ast-sqlite-boot","plugin":"cab-fare-calculator","details":"[03-Jun-2025 13:58:14 UTC] PHP Warning:  Private methods cannot be final as they are never overridden by other classes in /wordpress/wp-content/plugins/cc-scripts/includes/class-singleton.php on line 15","log":"/logs/plugins/c/cab-fare-calculator/error.json"}
,
{"message":"Private methods cannot be final as they are never overridden by other classes in /wordpress/wp-content/plugins/cc-scripts/includes/class-singleton.php on line 15","level":"WARNING","type":"PHP","test":"ast-sqlite-boot","plugin":"cab-fare-calculator","details":"[03-Jun-2025 13:58:15 UTC] PHP Warning:  Private methods cannot be final as they are never overridden by other classes in /wordpress/wp-content/plugins/cc-scripts/includes/class-singleton.php on line 15","log":"/logs/plugins/c/cab-fare-calculator/error.json"}
,
{"message":"Function _load_textdomain_just_in_time was called <strong>incorrectly</strong>. Translation loading for the <code>cc-scripts</code> domain was triggered too early. This is usually an indicator for some code in the plugin or theme running too early. Translations should be loaded at the <code>init</code> action or later. Please see <a href=\"https://developer.wordpress.org/advanced-administration/debug/debug-wordpress/\">Debugging in WordPress</a> for more information. (This message was added in version 6.7.0.) in /wordpress/wp-includes/functions.php on line 6121","level":"NOTICE","type":"PHP","test":"ast-sqlite-boot","plugin":"cab-fare-calculator","details":"[03-Jun-2025 13:58:15 UTC] PHP Notice:  Function _load_textdomain_just_in_time was called <strong>incorrectly</strong>. Translation loading for the <code>cc-scripts</code> domain was triggered too early. This is usually an indicator for some code in the plugin or theme running too early. Translations should be loaded at the <code>init</code> action or later. Please see <a href=\"https://developer.wordpress.org/advanced-administration/debug/debug-wordpress/\">Debugging in WordPress</a> for more information. (This message was added in version 6.7.0.) in /wordpress/wp-includes/functions.php on line 6121","log":"/logs/plugins/c/cab-fare-calculator/error.json"}
,
{"message":"Private methods cannot be final as they are never overridden by other classes in /wordpress/wp-content/plugins/cc-scripts/includes/class-singleton.php on line 15","level":"WARNING","type":"PHP","test":"ast-sqlite-boot","plugin":"cab-fare-calculator","details":"[03-Jun-2025 13:58:24 UTC] PHP Warning:  Private methods cannot be final as they are never overridden by other classes in /wordpress/wp-content/plugins/cc-scripts/includes/class-singleton.php on line 15","log":"/logs/plugins/c/cab-fare-calculator/error.json"}
,
{"message":"Private methods cannot be final as they are never overridden by other classes in /wordpress/wp-content/plugins/cc-scripts/includes/class-singleton.php on line 15","level":"WARNING","type":"PHP","test":"ast-sqlite-boot","plugin":"cab-fare-calculator","details":"[03-Jun-2025 13:58:25 UTC] PHP Warning:  Private methods cannot be final as they are never overridden by other classes in /wordpress/wp-content/plugins/cc-scripts/includes/class-singleton.php on line 15","log":"/logs/plugins/c/cab-fare-calculator/error.json"}
,
{"message":"Function _load_textdomain_just_in_time was called <strong>incorrectly</strong>. Translation loading for the <code>cc-scripts</code> domain was triggered too early. This is usually an indicator for some code in the plugin or theme running too early. Translations should be loaded at the <code>init</code> action or later. Please see <a href=\"https://developer.wordpress.org/advanced-administration/debug/debug-wordpress/\">Debugging in WordPress</a> for more information. (This message was added in version 6.7.0.) in /wordpress/wp-includes/functions.php on line 6121","level":"NOTICE","type":"PHP","test":"ast-sqlite-boot","plugin":"cab-fare-calculator","details":"[03-Jun-2025 13:58:25 UTC] PHP Notice:  Function _load_textdomain_just_in_time was called <strong>incorrectly</strong>. Translation loading for the <code>cc-scripts</code> domain was triggered too early. This is usually an indicator for some code in the plugin or theme running too early. Translations should be loaded at the <code>init</code> action or later. Please see <a href=\"https://developer.wordpress.org/advanced-administration/debug/debug-wordpress/\">Debugging in WordPress</a> for more information. (This message was added in version 6.7.0.) in /wordpress/wp-includes/functions.php on line 6121","log":"/logs/plugins/c/cab-fare-calculator/error.json"}
,
{"message":"Private methods cannot be final as they are never overridden by other classes in /wordpress/wp-content/plugins/cc-scripts/includes/class-singleton.php on line 15","level":"WARNING","type":"PHP","test":"ast-sqlite-boot","plugin":"cab-fare-calculator","details":"[03-Jun-2025 13:58:33 UTC] PHP Warning:  Private methods cannot be final as they are never overridden by other classes in /wordpress/wp-content/plugins/cc-scripts/includes/class-singleton.php on line 15","log":"/logs/plugins/c/cab-fare-calculator/error.json"}
,
{"message":"Private methods cannot be final as they are never overridden by other classes in /wordpress/wp-content/plugins/cc-scripts/includes/class-singleton.php on line 15","level":"WARNING","type":"PHP","test":"ast-sqlite-boot","plugin":"cab-fare-calculator","details":"[03-Jun-2025 13:58:35 UTC] PHP Warning:  Private methods cannot be final as they are never overridden by other classes in /wordpress/wp-content/plugins/cc-scripts/includes/class-singleton.php on line 15","log":"/logs/plugins/c/cab-fare-calculator/error.json"}
,
{"message":"Function _load_textdomain_just_in_time was called <strong>incorrectly</strong>. Translation loading for the <code>cc-scripts</code> domain was triggered too early. This is usually an indicator for some code in the plugin or theme running too early. Translations should be loaded at the <code>init</code> action or later. Please see <a href=\"https://developer.wordpress.org/advanced-administration/debug/debug-wordpress/\">Debugging in WordPress</a> for more information. (This message was added in version 6.7.0.) in /wordpress/wp-includes/functions.php on line 6121","level":"NOTICE","type":"PHP","test":"ast-sqlite-boot","plugin":"cab-fare-calculator","details":"[03-Jun-2025 13:58:35 UTC] PHP Notice:  Function _load_textdomain_just_in_time was called <strong>incorrectly</strong>. Translation loading for the <code>cc-scripts</code> domain was triggered too early. This is usually an indicator for some code in the plugin or theme running too early. Translations should be loaded at the <code>init</code> action or later. Please see <a href=\"https://developer.wordpress.org/advanced-administration/debug/debug-wordpress/\">Debugging in WordPress</a> for more information. (This message was added in version 6.7.0.) in /wordpress/wp-includes/functions.php on line 6121","log":"/logs/plugins/c/cab-fare-calculator/error.json"}
,
{"message":"Uncaught Exception: No public or secret key given in /wordpress/wp-content/plugins/concursos-tap/public/class-concursos-tap.php:372","level":"FATAL","type":"PHP","test":"ast-sqlite-boot","plugin":"cab-fare-calculator","details":"[03-Jun-2025 14:03:28 UTC] PHP Fatal error:  Uncaught Exception: No public or secret key given in /wordpress/wp-content/plugins/concursos-tap/public/class-concursos-tap.php:372\nStack trace:\n#0 /wordpress/wp-content/plugins/concursos-tap/public/class-concursos-tap.php(327): Concursos_TAP->get_oauth_access_token()\n#1 /wordpress/wp-content/plugins/concursos-tap/public/class-concursos-tap.php(256): Concursos_TAP->remote_sync()\n#2 /wordpress/wp-content/plugins/concursos-tap/public/class-concursos-tap.php(161): Concursos_TAP::single_activate()\n#3 /wordpress/wp-includes/class-wp-hook.php(324): Concursos_TAP::activate(false)\n#4 /wordpress/wp-includes/class-wp-hook.php(348): WP_Hook->apply_filters('', Array)\n#5 /wordpress/wp-includes/plugin.php(517): WP_Hook->do_action(Array)\n#6 /wordpress/wp-admin/includes/plugin.php(703): do_action('activate_concur...', false)\n#7 /internal/eval.php(20): activate_plugin('concursos-tap/c...')\n#8 {main}\n  thrown in /wordpress/wp-content/plugins/concursos-tap/public/class-concursos-tap.php on line 372","log":"/logs/plugins/c/cab-fare-calculator/error.json"}
,
{"message":"Uncaught Exception: No public or secret key given in /wordpress/wp-content/plugins/concursos-tap/public/class-concursos-tap.php:372","level":"FATAL","type":"PHP","test":"ast-sqlite-boot","plugin":"cab-fare-calculator","details":"[03-Jun-2025 14:03:37 UTC] PHP Fatal error:  Uncaught Exception: No public or secret key given in /wordpress/wp-content/plugins/concursos-tap/public/class-concursos-tap.php:372\nStack trace:\n#0 /wordpress/wp-content/plugins/concursos-tap/public/class-concursos-tap.php(327): Concursos_TAP->get_oauth_access_token()\n#1 /wordpress/wp-content/plugins/concursos-tap/public/class-concursos-tap.php(256): Concursos_TAP->remote_sync()\n#2 /wordpress/wp-content/plugins/concursos-tap/public/class-concursos-tap.php(161): Concursos_TAP::single_activate()\n#3 /wordpress/wp-includes/class-wp-hook.php(324): Concursos_TAP::activate(false)\n#4 /wordpress/wp-includes/class-wp-hook.php(348): WP_Hook->apply_filters('', Array)\n#5 /wordpress/wp-includes/plugin.php(517): WP_Hook->do_action(Array)\n#6 /wordpress/wp-admin/includes/plugin.php(703): do_action('activate_concur...', false)\n#7 /internal/eval.php(20): activate_plugin('concursos-tap/c...')\n#8 {main}\n  thrown in /wordpress/wp-content/plugins/concursos-tap/public/class-concursos-tap.php on line 372","log":"/logs/plugins/c/cab-fare-calculator/error.json"}
,
{"message":"Uncaught Exception: No public or secret key given in /wordpress/wp-content/plugins/concursos-tap/public/class-concursos-tap.php:372","level":"FATAL","type":"PHP","test":"ast-sqlite-boot","plugin":"cab-fare-calculator","details":"[03-Jun-2025 14:03:46 UTC] PHP Fatal error:  Uncaught Exception: No public or secret key given in /wordpress/wp-content/plugins/concursos-tap/public/class-concursos-tap.php:372\nStack trace:\n#0 /wordpress/wp-content/plugins/concursos-tap/public/class-concursos-tap.php(327): Concursos_TAP->get_oauth_access_token()\n#1 /wordpress/wp-content/plugins/concursos-tap/public/class-concursos-tap.php(256): Concursos_TAP->remote_sync()\n#2 /wordpress/wp-content/plugins/concursos-tap/public/class-concursos-tap.php(161): Concursos_TAP::single_activate()\n#3 /wordpress/wp-includes/class-wp-hook.php(324): Concursos_TAP::activate(false)\n#4 /wordpress/wp-includes/class-wp-hook.php(348): WP_Hook->apply_filters('', Array)\n#5 /wordpress/wp-includes/plugin.php(517): WP_Hook->do_action(Array)\n#6 /wordpress/wp-admin/includes/plugin.php(703): do_action('activate_concur...', false)\n#7 /internal/eval.php(20): activate_plugin('concursos-tap/c...')\n#8 {main}\n  thrown in /wordpress/wp-content/plugins/concursos-tap/public/class-concursos-tap.php on line 372","log":"/logs/plugins/c/cab-fare-calculator/error.json"}
,
{"message":"Array and string offset access syntax with curly braces is no longer supported in /wordpress/wp-content/plugins/csv-importer-for-pods/parsecsv.lib.php on line 291","level":"FATAL","type":"PHP","test":"ast-sqlite-boot","plugin":"cab-fare-calculator","details":"[03-Jun-2025 14:09:06 UTC] PHP Fatal error:  Array and string offset access syntax with curly braces is no longer supported in /wordpress/wp-content/plugins/csv-importer-for-pods/parsecsv.lib.php on line 291","log":"/logs/plugins/c/cab-fare-calculator/error.json"}
,
{"message":"Array and string offset access syntax with curly braces is no longer supported in /wordpress/wp-content/plugins/csv-importer-for-pods/parsecsv.lib.php on line 291","level":"FATAL","type":"PHP","test":"ast-sqlite-boot","plugin":"cab-fare-calculator","details":"[03-Jun-2025 14:09:15 UTC] PHP Fatal error:  Array and string offset access syntax with curly braces is no longer supported in /wordpress/wp-content/plugins/csv-importer-for-pods/parsecsv.lib.php on line 291","log":"/logs/plugins/c/cab-fare-calculator/error.json"}
,
{"message":"Array and string offset access syntax with curly braces is no longer supported in /wordpress/wp-content/plugins/csv-importer-for-pods/parsecsv.lib.php on line 291","level":"FATAL","type":"PHP","test":"ast-sqlite-boot","plugin":"cab-fare-calculator","details":"[03-Jun-2025 14:09:24 UTC] PHP Fatal error:  Array and string offset access syntax with curly braces is no longer supported in /wordpress/wp-content/plugins/csv-importer-for-pods/parsecsv.lib.php on line 291","log":"/logs/plugins/c/cab-fare-calculator/error.json"}
,
{"message":"syntax error, unexpected ')' in /wordpress/wp-content/plugins/cab-fare-calculator/controllers/onepage.php on line 334","level":"PARSE","type":"PHP","test":"ast-sqlite-boot","plugin":"cab-fare-calculator","details":"[03-Jun-2025 14:09:36 UTC] PHP Parse error:  syntax error, unexpected ')' in /wordpress/wp-content/plugins/cab-fare-calculator/controllers/onepage.php on line 334\n\n    at Object.onBind (file:///home/runner/work/playground-tester/playground-tester/node_modules/@wp-playground/cli/run-cli-j-geJYS3.js:325:15)\n    at process.processTicksAndRejections (node:internal/process/task_queues:105:5)\n    at async re (file:///home/runner/work/playground-tester/playground-tester/node_modules/@wp-playground/cli/run-cli-j-geJYS3.js:149:10) {\n  [cause]: Error: Error when executing the blueprint step #5 ({\"step\":\"installPlugin\",\"pluginData\":{\"resource\":\"wordpress.org/plugins\",\"slug\":\"cab-fare-calculator\"},\"options\":{\"activate\":true}}) : PHP.run() failed with exit code 255 and the following output: \n      at Object.run (file:///home/runner/work/playground-tester/playground-tester/node_modules/@wp-playground/blueprints/index.js:12093:19)\n      at process.processTicksAndRejections (node:internal/process/task_queues:105:5)\n      at async ys (file:///home/runner/work/playground-tester/playground-tester/node_modules/@wp-playground/blueprints/index.js:12196:3)\n      at async Object.onBind (file:///home/runner/work/playground-tester/playground-tester/node_modules/@wp-playground/cli/run-cli-j-geJYS3.js:315:48)\n      at async re (file:///home/runner/work/playground-tester/playground-tester/node_modules/@wp-playground/cli/run-cli-j-geJYS3.js:149:10) {\n    [cause]: PHPExecutionFailureError: PHP.run() failed with exit code 255 and the following output: \n        at PHP.run (file:///home/runner/work/playground-tester/playground-tester/node_modules/@php-wasm/universal/index.js:1034:19)\n        at process.processTicksAndRejections (node:internal/process/task_queues:105:5)\n        at async wr (file:///home/runner/work/playground-tester/playground-tester/node_modules/@wp-playground/blueprints/index.js:74:13)\n        at async Object.gt [as installPlugin] (file:///home/runner/work/playground-tester/playground-tester/node_modules/@wp-playground/blueprints/index.js:631:42)\n        at async g (file:///home/runner/work/playground-tester/playground-tester/node_modules/@wp-playground/blueprints/index.js:12161:30)\n        at async Object.run (file:///home/runner/work/playground-tester/playground-tester/node_modules/@wp-playground/blueprints/index.js:12090:23)\n        at async ys (file:///home/runner/work/playground-tester/playground-tester/node_modules/@wp-playground/blueprints/index.js:12196:3)\n        at async Object.onBind (file:///home/runner/work/playground-tester/playground-tester/node_modules/@wp-playground/cli/run-cli-j-geJYS3.js:315:48)\n        at async re (file:///home/runner/work/playground-tester/playground-tester/node_modules/@wp-playground/cli/run-cli-j-geJYS3.js:149:10) {\n      response: PHPResponse {\n        httpStatusCode: 500,\n        headers: {\n          'x-powered-by': [ 'PHP/7.2.34-dev' ],\n          'content-type': [ 'text/html; charset=UTF-8' ],\n          expires: [ 'Wed, 11 Jan 1984 05:00:00 GMT' ],\n          'cache-control': [ 'no-cache, must-revalidate, max-age=0, no-store, private' ]\n        },\n        bytes: Uint8Array(2653) [\n           60,  33,  68,  79,  67,  84,  89,  80,  69,  32, 104, 116,\n          109, 108,  62,  10,  60, 104, 116, 109, 108,  32, 108,  97,\n          110, 103,  61,  34, 101, 110,  45,  85,  83,  34,  62,  10,\n           60, 104, 101,  97, 100,  62,  10,   9,  60, 109, 101, 116,\n           97,  32, 104, 116, 116, 112,  45, 101, 113, 117, 105, 118,\n           61,  34,  67, 111, 110, 116, 101, 110, 116,  45,  84, 121,\n          112, 101,  34,  32,  99, 111, 110, 116, 101, 110, 116,  61,\n           34, 116, 101, 120, 116,  47, 104, 116, 109, 108,  59,  32,\n           99, 104,  97, 114,\n          ... 2553 more items\n        ],\n        exitCode: 255,\n        errors: ''\n      },\n      source: 'request'\n    }\n  }\n}\n\n","log":"/logs/plugins/c/cab-fare-calculator/error.json"}
]
