file:///home/runner/work/playground-tester/playground-tester/node_modules/@wp-playground/cli/index.js:237
        throw new Error(y, { cause: u });
              ^

Error: [11-Apr-2025 17:25:09 UTC] WordPress database error <div style="clear:both">&nbsp;</div>
<div class="queries" style="clear:both;margin-bottom:2px;border:red dotted thin;">
<p>MySQL query:</p>
<p>SELECT * FROM wp_wpks</p>
<p>Queries made or created this session were:</p>
<ol>
<li>Executing: BEGIN | (no parameters)</li>
<li>Executing: SELECT * FROM `wp_wpks` | (no parameters)</li>
<li>Executing: ROLLBACK | (no parameters)</li>
</ol>
</div>
<div style="clear:both;margin-bottom:2px;border:red dotted thin;" class="error_message" style="border-bottom:dotted blue thin;">
SQLSTATE[HY000]: General error: 1 no such table: wp_wpks
</div>
<p>Backtrace:</p>
<pre>#0 /internal/shared/sqlite-database-integration/wp-includes/sqlite-ast/class-wp-sqlite-driver.php(690): WP_SQLite_Driver->new_driver_exception('SQLSTATE[HY000]...', 0, Object(PDOException))
#1 /internal/shared/sqlite-database-integration/wp-includes/sqlite/class-wp-sqlite-db.php(472): WP_SQLite_Driver->query('SELECT * FROM w...')
#2 /internal/shared/sqlite-database-integration/wp-includes/sqlite/class-wp-sqlite-db.php(413): WP_SQLite_DB->_do_query('SELECT * FROM w...')
#3 /wordpress/wp-includes/class-wpdb.php(3142): WP_SQLite_DB->query('SELECT * FROM w...')
#4 /wordpress/wp-content/plugins/wp-keyboard-shortcut/php/database.php(119): wpdb->get_results('SELECT * FROM w...')
#5 /wordpress/wp-content/plugins/wp-keyboard-shortcut/php/database.php(154): get_all_wpks()
#6 /wordpress/wp-content/plugins/wp-keyboard-shortcut/wpks.php(19): require_once('/wordpress/wp-c...')
#7 /wordpress/wp-content/plugins/wp-keyboard-shortcut/wpks.php(143): WP_Keyboard_Shortcut->__construct()
#8 /wordpress/wp-admin/includes/plugin.php(2387): include_once('/wordpress/wp-c...')
#9 /wordpress/wp-admin/includes/plugin.php(673): plugin_sandbox_scrape('wp-keyboard-sho...')
#10 /internal/eval.php(20): activate_plugin('wp-keyboard-sho...')
#11 {main}</pre>
 for query SELECT * FROM wp_wpks made by activate_plugin, plugin_sandbox_scrape, include_once('/plugins/wp-keyboard-shortcut/wpks.php'), WP_Keyboard_Shortcut->__construct, require_once('/plugins/wp-keyboard-shortcut/php/database.php'), get_all_wpks, WP_SQLite_DB->query, WP_SQLite_DB->print_error
[11-Apr-2025 17:25:09 UTC] WordPress database error <div style="clear:both">&nbsp;</div>
<div class="queries" style="clear:both;margin-bottom:2px;border:red dotted thin;">
<p>MySQL query:</p>
<p>SELECT * FROM wp_wpks</p>
<p>Queries made or created this session were:</p>
<ol>
<li>Executing: BEGIN | (no parameters)</li>
<li>Executing: SELECT * FROM `wp_wpks` | (no parameters)</li>
<li>Executing: ROLLBACK | (no parameters)</li>
</ol>
</div>
<div style="clear:both;margin-bottom:2px;border:red dotted thin;" class="error_message" style="border-bottom:dotted blue thin;">
SQLSTATE[HY000]: General error: 1 no such table: wp_wpks
</div>
<p>Backtrace:</p>
<pre>#0 /internal/shared/sqlite-database-integration/wp-includes/sqlite-ast/class-wp-sqlite-driver.php(690): WP_SQLite_Driver->new_driver_exception('SQLSTATE[HY000]...', 0, Object(PDOException))
#1 /internal/shared/sqlite-database-integration/wp-includes/sqlite/class-wp-sqlite-db.php(472): WP_SQLite_Driver->query('SELECT * FROM w...')
#2 /internal/shared/sqlite-database-integration/wp-includes/sqlite/class-wp-sqlite-db.php(413): WP_SQLite_DB->_do_query('SELECT * FROM w...')
#3 /wordpress/wp-includes/class-wpdb.php(3142): WP_SQLite_DB->query('SELECT * FROM w...')
#4 /wordpress/wp-content/plugins/wp-keyboard-shortcut/php/database.php(119): wpdb->get_results('SELECT * FROM w...')
#5 /wordpress/wp-content/plugins/wp-keyboard-shortcut/php/database.php(155): get_all_wpks()
#6 /wordpress/wp-content/plugins/wp-keyboard-shortcut/wpks.php(19): require_once('/wordpress/wp-c...')
#7 /wordpress/wp-content/plugins/wp-keyboard-shortcut/wpks.php(143): WP_Keyboard_Shortcut->__construct()
#8 /wordpress/wp-admin/includes/plugin.php(2387): include_once('/wordpress/wp-c...')
#9 /wordpress/wp-admin/includes/plugin.php(673): plugin_sandbox_scrape('wp-keyboard-sho...')
#10 /internal/eval.php(20): activate_plugin('wp-keyboard-sho...')
#11 {main}</pre>
 for query SELECT * FROM wp_wpks made by activate_plugin, plugin_sandbox_scrape, include_once('/plugins/wp-keyboard-shortcut/wpks.php'), WP_Keyboard_Shortcut->__construct, require_once('/plugins/wp-keyboard-shortcut/php/database.php'), get_all_wpks, WP_SQLite_DB->query, WP_SQLite_DB->print_error
[11-Apr-2025 17:25:09 UTC] PHP Warning:  Undefined array key "id" in /internal/shared/sqlite-database-integration/wp-includes/sqlite-ast/class-wp-sqlite-information-schema-builder.php on line 941
[11-Apr-2025 17:25:09 UTC] PHP Warning:  Trying to access array offset on value of type null in /internal/shared/sqlite-database-integration/wp-includes/sqlite-ast/class-wp-sqlite-information-schema-builder.php on line 941
[11-Apr-2025 17:25:18 UTC] WordPress database error <div style="clear:both">&nbsp;</div>
<div class="queries" style="clear:both;margin-bottom:2px;border:red dotted thin;">
<p>MySQL query:</p>
<p>SELECT * FROM wp_wpks</p>
<p>Queries made or created this session were:</p>
<ol>
<li>Executing: BEGIN | (no parameters)</li>
<li>Executing: SELECT * FROM wp_wpks | (no parameters)</li>
<li>Executing: ROLLBACK | (no parameters)</li>
</ol>
</div>
<div style="clear:both;margin-bottom:2px;border:red dotted thin;" class="error_message" style="border-bottom:dotted blue thin;">
Error occurred at line 4117 in Function <code>handle_error</code>. Error message was: SQLSTATE[HY000]: General error: 1 no such table: wp_wpks.
</div>
<p>Backtrace:</p>
<pre>#0 /internal/shared/sqlite-database-integration/wp-includes/sqlite/class-wp-sqlite-db.php(287): WP_SQLite_Translator->get_error_message()
#1 /wordpress/wp-includes/class-wpdb.php(3142): WP_SQLite_DB->query('SELECT * FROM w...')
#2 /wordpress/wp-content/plugins/wp-keyboard-shortcut/php/database.php(119): wpdb->get_results('SELECT * FROM w...')
#3 /wordpress/wp-content/plugins/wp-keyboard-shortcut/php/database.php(154): get_all_wpks()
#4 /wordpress/wp-content/plugins/wp-keyboard-shortcut/wpks.php(19): require_once('/wordpress/wp-c...')
#5 /wordpress/wp-content/plugins/wp-keyboard-shortcut/wpks.php(143): WP_Keyboard_Shortcut->__construct()
#6 /wordpress/wp-admin/includes/plugin.php(2387): include_once('/wordpress/wp-c...')
#7 /wordpress/wp-admin/includes/plugin.php(673): plugin_sandbox_scrape('wp-keyboard-sho...')
#8 /internal/eval.php(20): activate_plugin('wp-keyboard-sho...')
#9 {main}</pre>
 for query SELECT * FROM wp_wpks made by activate_plugin, plugin_sandbox_scrape, include_once('/plugins/wp-keyboard-shortcut/wpks.php'), WP_Keyboard_Shortcut->__construct, require_once('/plugins/wp-keyboard-shortcut/php/database.php'), get_all_wpks, WP_SQLite_DB->query, WP_SQLite_DB->print_error
[11-Apr-2025 17:25:18 UTC] WordPress database error <div style="clear:both">&nbsp;</div>
<div class="queries" style="clear:both;margin-bottom:2px;border:red dotted thin;">
<p>MySQL query:</p>
<p>SELECT * FROM wp_wpks</p>
<p>Queries made or created this session were:</p>
<ol>
<li>Executing: BEGIN | (no parameters)</li>
<li>Executing: SELECT * FROM wp_wpks | (no parameters)</li>
<li>Executing: ROLLBACK | (no parameters)</li>
</ol>
</div>
<div style="clear:both;margin-bottom:2px;border:red dotted thin;" class="error_message" style="border-bottom:dotted blue thin;">
Error occurred at line 4117 in Function <code>handle_error</code>. Error message was: SQLSTATE[HY000]: General error: 1 no such table: wp_wpks.
</div>
<p>Backtrace:</p>
<pre>#0 /internal/shared/sqlite-database-integration/wp-includes/sqlite/class-wp-sqlite-db.php(287): WP_SQLite_Translator->get_error_message()
#1 /wordpress/wp-includes/class-wpdb.php(3142): WP_SQLite_DB->query('SELECT * FROM w...')
#2 /wordpress/wp-content/plugins/wp-keyboard-shortcut/php/database.php(119): wpdb->get_results('SELECT * FROM w...')
#3 /wordpress/wp-content/plugins/wp-keyboard-shortcut/php/database.php(155): get_all_wpks()
#4 /wordpress/wp-content/plugins/wp-keyboard-shortcut/wpks.php(19): require_once('/wordpress/wp-c...')
#5 /wordpress/wp-content/plugins/wp-keyboard-shortcut/wpks.php(143): WP_Keyboard_Shortcut->__construct()
#6 /wordpress/wp-admin/includes/plugin.php(2387): include_once('/wordpress/wp-c...')
#7 /wordpress/wp-admin/includes/plugin.php(673): plugin_sandbox_scrape('wp-keyboard-sho...')
#8 /internal/eval.php(20): activate_plugin('wp-keyboard-sho...')
#9 {main}</pre>
 for query SELECT * FROM wp_wpks made by activate_plugin, plugin_sandbox_scrape, include_once('/plugins/wp-keyboard-shortcut/wpks.php'), WP_Keyboard_Shortcut->__construct, require_once('/plugins/wp-keyboard-shortcut/php/database.php'), get_all_wpks, WP_SQLite_DB->query, WP_SQLite_DB->print_error
[11-Apr-2025 17:25:18 UTC] WordPress database error <div style="clear:both">&nbsp;</div>
<div class="queries" style="clear:both;margin-bottom:2px;border:red dotted thin;">
<p>MySQL query:</p>
<p>CREATE TABLE wp_wpks (
		ID mediumint(9) NOT NULL AUTO_INCREMENT,
		time datetime DEFAULT '0000-00-00 00:00:00' NOT NULL,
		name tinytext NOT NULL,
		mode text NOT NULL,
		keycode text NOT NULL,
		comment text NOT NULL,
		url varchar(55) DEFAULT '' NOT NULL,
		target varchar(10) DEFAULT '' NOT NULL,
		toggle text NOT NULL,
		remove text NOT NULL,
		PRIMARY KEY  (id)
	) DEFAULT CHARACTER SET utf8mb4</p>
<p>Queries made or created this session were:</p>
<ol>
<li>Executing: BEGIN | (no parameters)</li>
<li>Executing: ROLLBACK | (no parameters)</li>
</ol>
</div>
<div style="clear:both;margin-bottom:2px;border:red dotted thin;" class="error_message" style="border-bottom:dotted blue thin;">
Error occurred at line 4117 in Function <code>handle_error</code>. Error message was: Cannot combine AUTOINCREMENT and multiple primary keys in SQLite.
</div>
<p>Backtrace:</p>
<pre>#0 /internal/shared/sqlite-database-integration/wp-includes/sqlite/class-wp-sqlite-db.php(287): WP_SQLite_Translator->get_error_message()
#1 /wordpress/wp-admin/includes/upgrade.php(3271): WP_SQLite_DB->query('CREATE TABLE wp...')
#2 /wordpress/wp-content/plugins/wp-keyboard-shortcut/php/database.php(28): dbDelta(Array)
#3 /wordpress/wp-includes/class-wp-hook.php(324): wpks_create_table(false)
#4 /wordpress/wp-includes/class-wp-hook.php(348): WP_Hook->apply_filters(NULL, Array)
#5 /wordpress/wp-includes/plugin.php(517): WP_Hook->do_action(Array)
#6 /wordpress/wp-admin/includes/plugin.php(703): do_action('activate_wp-key...', false)
#7 /internal/eval.php(20): activate_plugin('wp-keyboard-sho...')
#8 {main}</pre>
 for query CREATE TABLE wp_wpks (
		ID mediumint(9) NOT NULL AUTO_INCREMENT,
		time datetime DEFAULT '0000-00-00 00:00:00' NOT NULL,
		name tinytext NOT NULL,
		mode text NOT NULL,
		keycode text NOT NULL,
		comment text NOT NULL,
		url varchar(55) DEFAULT '' NOT NULL,
		target varchar(10) DEFAULT '' NOT NULL,
		toggle text NOT NULL,
		remove text NOT NULL,
		PRIMARY KEY  (id)
	) DEFAULT CHARACTER SET utf8mb4 made by activate_plugin, do_action('activate_wp-keyboard-shortcut/wpks.php'), WP_Hook->do_action, WP_Hook->apply_filters, wpks_create_table, dbDelta, WP_SQLite_DB->query, WP_SQLite_DB->print_error
[11-Apr-2025 17:25:19 UTC] WordPress database error <div style="clear:both">&nbsp;</div>
<div class="queries" style="clear:both;margin-bottom:2px;border:red dotted thin;">
<p>MySQL query:</p>
<p>SELECT * FROM wp_wpks</p>
<p>Queries made or created this session were:</p>
<ol>
<li>Executing: BEGIN | (no parameters)</li>
<li>Executing: SELECT * FROM wp_wpks | (no parameters)</li>
<li>Executing: ROLLBACK | (no parameters)</li>
</ol>
</div>
<div style="clear:both;margin-bottom:2px;border:red dotted thin;" class="error_message" style="border-bottom:dotted blue thin;">
Error occurred at line 4117 in Function <code>handle_error</code>. Error message was: SQLSTATE[HY000]: General error: 1 no such table: wp_wpks.
</div>
<p>Backtrace:</p>
<pre>#0 /internal/shared/sqlite-database-integration/wp-includes/sqlite/class-wp-sqlite-db.php(287): WP_SQLite_Translator->get_error_message()
#1 /wordpress/wp-includes/class-wpdb.php(3142): WP_SQLite_DB->query('SELECT * FROM w...')
#2 /wordpress/wp-content/plugins/wp-keyboard-shortcut/php/database.php(119): wpdb->get_results('SELECT * FROM w...')
#3 /wordpress/wp-content/plugins/wp-keyboard-shortcut/php/database.php(154): get_all_wpks()
#4 /wordpress/wp-content/plugins/wp-keyboard-shortcut/wpks.php(19): require_once('/wordpress/wp-c...')
#5 /wordpress/wp-content/plugins/wp-keyboard-shortcut/wpks.php(143): WP_Keyboard_Shortcut->__construct()
#6 /wordpress/wp-settings.php(526): include_once('/wordpress/wp-c...')
#7 /wordpress/wp-config.php(102): require_once('/wordpress/wp-s...')
#8 /wordpress/wp-load.php(50): require_once('/wordpress/wp-c...')
#9 /internal/eval.php(3): require_once('/wordpress/wp-l...')
#10 {main}</pre>
 for query SELECT * FROM wp_wpks made by require_once('wp-load.php'), require_once('wp-config.php'), require_once('wp-settings.php'), include_once('/plugins/wp-keyboard-shortcut/wpks.php'), WP_Keyboard_Shortcut->__construct, require_once('/plugins/wp-keyboard-shortcut/php/database.php'), get_all_wpks, WP_SQLite_DB->query, WP_SQLite_DB->print_error
[11-Apr-2025 17:25:19 UTC] WordPress database error <div style="clear:both">&nbsp;</div>
<div class="queries" style="clear:both;margin-bottom:2px;border:red dotted thin;">
<p>MySQL query:</p>
<p>SELECT * FROM wp_wpks</p>
<p>Queries made or created this session were:</p>
<ol>
<li>Executing: BEGIN | (no parameters)</li>
<li>Executing: SELECT * FROM wp_wpks | (no parameters)</li>
<li>Executing: ROLLBACK | (no parameters)</li>
</ol>
</div>
<div style="clear:both;margin-bottom:2px;border:red dotted thin;" class="error_message" style="border-bottom:dotted blue thin;">
Error occurred at line 4117 in Function <code>handle_error</code>. Error message was: SQLSTATE[HY000]: General error: 1 no such table: wp_wpks.
</div>
<p>Backtrace:</p>
<pre>#0 /internal/shared/sqlite-database-integration/wp-includes/sqlite/class-wp-sqlite-db.php(287): WP_SQLite_Translator->get_error_message()
#1 /wordpress/wp-includes/class-wpdb.php(3142): WP_SQLite_DB->query('SELECT * FROM w...')
#2 /wordpress/wp-content/plugins/wp-keyboard-shortcut/php/database.php(119): wpdb->get_results('SELECT * FROM w...')
#3 /wordpress/wp-content/plugins/wp-keyboard-shortcut/php/database.php(155): get_all_wpks()
#4 /wordpress/wp-content/plugins/wp-keyboard-shortcut/wpks.php(19): require_once('/wordpress/wp-c...')
#5 /wordpress/wp-content/plugins/wp-keyboard-shortcut/wpks.php(143): WP_Keyboard_Shortcut->__construct()
#6 /wordpress/wp-settings.php(526): include_once('/wordpress/wp-c...')
#7 /wordpress/wp-config.php(102): require_once('/wordpress/wp-s...')
#8 /wordpress/wp-load.php(50): require_once('/wordpress/wp-c...')
#9 /internal/eval.php(3): require_once('/wordpress/wp-l...')
#10 {main}</pre>
 for query SELECT * FROM wp_wpks made by require_once('wp-load.php'), require_once('wp-config.php'), require_once('wp-settings.php'), include_once('/plugins/wp-keyboard-shortcut/wpks.php'), WP_Keyboard_Shortcut->__construct, require_once('/plugins/wp-keyboard-shortcut/php/database.php'), get_all_wpks, WP_SQLite_DB->query, WP_SQLite_DB->print_error
[11-Apr-2025 17:25:27 UTC] WordPress database error <div style="clear:both">&nbsp;</div>
<div class="queries" style="clear:both;margin-bottom:2px;border:red dotted thin;">
<p>MySQL query:</p>
<p>SELECT * FROM wp_wpks</p>
<p>Queries made or created this session were:</p>
<ol>
<li>Executing: BEGIN | (no parameters)</li>
<li>Executing: SELECT * FROM wp_wpks | (no parameters)</li>
<li>Executing: ROLLBACK | (no parameters)</li>
</ol>
</div>
<div style="clear:both;margin-bottom:2px;border:red dotted thin;" class="error_message" style="border-bottom:dotted blue thin;">
Error occurred at line 4117 in Function <code>handle_error</code>. Error message was: SQLSTATE[HY000]: General error: 1 no such table: wp_wpks.
</div>
<p>Backtrace:</p>
<pre>#0 /internal/shared/sqlite-database-integration/wp-includes/sqlite/class-wp-sqlite-db.php(287): WP_SQLite_Translator->get_error_message()
#1 /wordpress/wp-includes/class-wpdb.php(3142): WP_SQLite_DB->query('SELECT * FROM w...')
#2 /wordpress/wp-content/plugins/wp-keyboard-shortcut/php/database.php(119): wpdb->get_results('SELECT * FROM w...')
#3 /wordpress/wp-content/plugins/wp-keyboard-shortcut/php/database.php(154): get_all_wpks()
#4 /wordpress/wp-content/plugins/wp-keyboard-shortcut/wpks.php(19): require_once('/wordpress/wp-c...')
#5 /wordpress/wp-content/plugins/wp-keyboard-shortcut/wpks.php(143): WP_Keyboard_Shortcut->__construct()
#6 /wordpress/wp-admin/includes/plugin.php(2387): include_once('/wordpress/wp-c...')
#7 /wordpress/wp-admin/includes/plugin.php(673): plugin_sandbox_scrape('wp-keyboard-sho...')
#8 /internal/eval.php(20): activate_plugin('wp-keyboard-sho...')
#9 {main}</pre>
 for query SELECT * FROM wp_wpks made by activate_plugin, plugin_sandbox_scrape, include_once('/plugins/wp-keyboard-shortcut/wpks.php'), WP_Keyboard_Shortcut->__construct, require_once('/plugins/wp-keyboard-shortcut/php/database.php'), get_all_wpks, WP_SQLite_DB->query, WP_SQLite_DB->print_error
[11-Apr-2025 17:25:27 UTC] WordPress database error <div style="clear:both">&nbsp;</div>
<div class="queries" style="clear:both;margin-bottom:2px;border:red dotted thin;">
<p>MySQL query:</p>
<p>SELECT * FROM wp_wpks</p>
<p>Queries made or created this session were:</p>
<ol>
<li>Executing: BEGIN | (no parameters)</li>
<li>Executing: SELECT * FROM wp_wpks | (no parameters)</li>
<li>Executing: ROLLBACK | (no parameters)</li>
</ol>
</div>
<div style="clear:both;margin-bottom:2px;border:red dotted thin;" class="error_message" style="border-bottom:dotted blue thin;">
Error occurred at line 4117 in Function <code>handle_error</code>. Error message was: SQLSTATE[HY000]: General error: 1 no such table: wp_wpks.
</div>
<p>Backtrace:</p>
<pre>#0 /internal/shared/sqlite-database-integration/wp-includes/sqlite/class-wp-sqlite-db.php(287): WP_SQLite_Translator->get_error_message()
#1 /wordpress/wp-includes/class-wpdb.php(3142): WP_SQLite_DB->query('SELECT * FROM w...')
#2 /wordpress/wp-content/plugins/wp-keyboard-shortcut/php/database.php(119): wpdb->get_results('SELECT * FROM w...')
#3 /wordpress/wp-content/plugins/wp-keyboard-shortcut/php/database.php(155): get_all_wpks()
#4 /wordpress/wp-content/plugins/wp-keyboard-shortcut/wpks.php(19): require_once('/wordpress/wp-c...')
#5 /wordpress/wp-content/plugins/wp-keyboard-shortcut/wpks.php(143): WP_Keyboard_Shortcut->__construct()
#6 /wordpress/wp-admin/includes/plugin.php(2387): include_once('/wordpress/wp-c...')
#7 /wordpress/wp-admin/includes/plugin.php(673): plugin_sandbox_scrape('wp-keyboard-sho...')
#8 /internal/eval.php(20): activate_plugin('wp-keyboard-sho...')
#9 {main}</pre>
 for query SELECT * FROM wp_wpks made by activate_plugin, plugin_sandbox_scrape, include_once('/plugins/wp-keyboard-shortcut/wpks.php'), WP_Keyboard_Shortcut->__construct, require_once('/plugins/wp-keyboard-shortcut/php/database.php'), get_all_wpks, WP_SQLite_DB->query, WP_SQLite_DB->print_error
[11-Apr-2025 17:25:27 UTC] WordPress database error <div style="clear:both">&nbsp;</div>
<div class="queries" style="clear:both;margin-bottom:2px;border:red dotted thin;">
<p>MySQL query:</p>
<p>CREATE TABLE wp_wpks (
		ID mediumint(9) NOT NULL AUTO_INCREMENT,
		time datetime DEFAULT '0000-00-00 00:00:00' NOT NULL,
		name tinytext NOT NULL,
		mode text NOT NULL,
		keycode text NOT NULL,
		comment text NOT NULL,
		url varchar(55) DEFAULT '' NOT NULL,
		target varchar(10) DEFAULT '' NOT NULL,
		toggle text NOT NULL,
		remove text NOT NULL,
		PRIMARY KEY  (id)
	) DEFAULT CHARACTER SET utf8mb4</p>
<p>Queries made or created this session were:</p>
<ol>
<li>Executing: BEGIN | (no parameters)</li>
<li>Executing: ROLLBACK | (no parameters)</li>
</ol>
</div>
<div style="clear:both;margin-bottom:2px;border:red dotted thin;" class="error_message" style="border-bottom:dotted blue thin;">
Error occurred at line 4117 in Function <code>handle_error</code>. Error message was: Cannot combine AUTOINCREMENT and multiple primary keys in SQLite.
</div>
<p>Backtrace:</p>
<pre>#0 /internal/shared/sqlite-database-integration/wp-includes/sqlite/class-wp-sqlite-db.php(287): WP_SQLite_Translator->get_error_message()
#1 /wordpress/wp-admin/includes/upgrade.php(3271): WP_SQLite_DB->query('CREATE TABLE wp...')
#2 /wordpress/wp-content/plugins/wp-keyboard-shortcut/php/database.php(28): dbDelta(Array)
#3 /wordpress/wp-includes/class-wp-hook.php(324): wpks_create_table(false)
#4 /wordpress/wp-includes/class-wp-hook.php(348): WP_Hook->apply_filters(NULL, Array)
#5 /wordpress/wp-includes/plugin.php(517): WP_Hook->do_action(Array)
#6 /wordpress/wp-admin/includes/plugin.php(703): do_action('activate_wp-key...', false)
#7 /internal/eval.php(20): activate_plugin('wp-keyboard-sho...')
#8 {main}</pre>
 for query CREATE TABLE wp_wpks (
		ID mediumint(9) NOT NULL AUTO_INCREMENT,
		time datetime DEFAULT '0000-00-00 00:00:00' NOT NULL,
		name tinytext NOT NULL,
		mode text NOT NULL,
		keycode text NOT NULL,
		comment text NOT NULL,
		url varchar(55) DEFAULT '' NOT NULL,
		target varchar(10) DEFAULT '' NOT NULL,
		toggle text NOT NULL,
		remove text NOT NULL,
		PRIMARY KEY  (id)
	) DEFAULT CHARACTER SET utf8mb4 made by activate_plugin, do_action('activate_wp-keyboard-shortcut/wpks.php'), WP_Hook->do_action, WP_Hook->apply_filters, wpks_create_table, dbDelta, WP_SQLite_DB->query, WP_SQLite_DB->print_error
[11-Apr-2025 17:25:28 UTC] WordPress database error <div style="clear:both">&nbsp;</div>
<div class="queries" style="clear:both;margin-bottom:2px;border:red dotted thin;">
<p>MySQL query:</p>
<p>SELECT * FROM wp_wpks</p>
<p>Queries made or created this session were:</p>
<ol>
<li>Executing: BEGIN | (no parameters)</li>
<li>Executing: SELECT * FROM wp_wpks | (no parameters)</li>
<li>Executing: ROLLBACK | (no parameters)</li>
</ol>
</div>
<div style="clear:both;margin-bottom:2px;border:red dotted thin;" class="error_message" style="border-bottom:dotted blue thin;">
Error occurred at line 4117 in Function <code>handle_error</code>. Error message was: SQLSTATE[HY000]: General error: 1 no such table: wp_wpks.
</div>
<p>Backtrace:</p>
<pre>#0 /internal/shared/sqlite-database-integration/wp-includes/sqlite/class-wp-sqlite-db.php(287): WP_SQLite_Translator->get_error_message()
#1 /wordpress/wp-includes/class-wpdb.php(3142): WP_SQLite_DB->query('SELECT * FROM w...')
#2 /wordpress/wp-content/plugins/wp-keyboard-shortcut/php/database.php(119): wpdb->get_results('SELECT * FROM w...')
#3 /wordpress/wp-content/plugins/wp-keyboard-shortcut/php/database.php(154): get_all_wpks()
#4 /wordpress/wp-content/plugins/wp-keyboard-shortcut/wpks.php(19): require_once('/wordpress/wp-c...')
#5 /wordpress/wp-content/plugins/wp-keyboard-shortcut/wpks.php(143): WP_Keyboard_Shortcut->__construct()
#6 /wordpress/wp-settings.php(526): include_once('/wordpress/wp-c...')
#7 /wordpress/wp-config.php(102): require_once('/wordpress/wp-s...')
#8 /wordpress/wp-load.php(50): require_once('/wordpress/wp-c...')
#9 /internal/eval.php(3): require_once('/wordpress/wp-l...')
#10 {main}</pre>
 for query SELECT * FROM wp_wpks made by require_once('wp-load.php'), require_once('wp-config.php'), require_once('wp-settings.php'), include_once('/plugins/wp-keyboard-shortcut/wpks.php'), WP_Keyboard_Shortcut->__construct, require_once('/plugins/wp-keyboard-shortcut/php/database.php'), get_all_wpks, WP_SQLite_DB->query, WP_SQLite_DB->print_error
[11-Apr-2025 17:25:28 UTC] WordPress database error <div style="clear:both">&nbsp;</div>
<div class="queries" style="clear:both;margin-bottom:2px;border:red dotted thin;">
<p>MySQL query:</p>
<p>SELECT * FROM wp_wpks</p>
<p>Queries made or created this session were:</p>
<ol>
<li>Executing: BEGIN | (no parameters)</li>
<li>Executing: SELECT * FROM wp_wpks | (no parameters)</li>
<li>Executing: ROLLBACK | (no parameters)</li>
</ol>
</div>
<div style="clear:both;margin-bottom:2px;border:red dotted thin;" class="error_message" style="border-bottom:dotted blue thin;">
Error occurred at line 4117 in Function <code>handle_error</code>. Error message was: SQLSTATE[HY000]: General error: 1 no such table: wp_wpks.
</div>
<p>Backtrace:</p>
<pre>#0 /internal/shared/sqlite-database-integration/wp-includes/sqlite/class-wp-sqlite-db.php(287): WP_SQLite_Translator->get_error_message()
#1 /wordpress/wp-includes/class-wpdb.php(3142): WP_SQLite_DB->query('SELECT * FROM w...')
#2 /wordpress/wp-content/plugins/wp-keyboard-shortcut/php/database.php(119): wpdb->get_results('SELECT * FROM w...')
#3 /wordpress/wp-content/plugins/wp-keyboard-shortcut/php/database.php(155): get_all_wpks()
#4 /wordpress/wp-content/plugins/wp-keyboard-shortcut/wpks.php(19): require_once('/wordpress/wp-c...')
#5 /wordpress/wp-content/plugins/wp-keyboard-shortcut/wpks.php(143): WP_Keyboard_Shortcut->__construct()
#6 /wordpress/wp-settings.php(526): include_once('/wordpress/wp-c...')
#7 /wordpress/wp-config.php(102): require_once('/wordpress/wp-s...')
#8 /wordpress/wp-load.php(50): require_once('/wordpress/wp-c...')
#9 /internal/eval.php(3): require_once('/wordpress/wp-l...')
#10 {main}</pre>
 for query SELECT * FROM wp_wpks made by require_once('wp-load.php'), require_once('wp-config.php'), require_once('wp-settings.php'), include_once('/plugins/wp-keyboard-shortcut/wpks.php'), WP_Keyboard_Shortcut->__construct, require_once('/plugins/wp-keyboard-shortcut/php/database.php'), get_all_wpks, WP_SQLite_DB->query, WP_SQLite_DB->print_error
[11-Apr-2025 17:25:37 UTC] PHP Warning:  Constant pmanagerCatTABLE already defined in /wordpress/wp-content/plugins/wp-programmmanager/category.php on line 3
[11-Apr-2025 17:25:38 UTC] PHP Warning:  Constant pmanagerCatTABLE already defined in /wordpress/wp-content/plugins/wp-programmmanager/category.php on line 3
[11-Apr-2025 17:25:46 UTC] PHP Warning:  Constant pmanagerCatTABLE already defined in /wordpress/wp-content/plugins/wp-programmmanager/category.php on line 3
[11-Apr-2025 17:25:47 UTC] PHP Warning:  Constant pmanagerCatTABLE already defined in /wordpress/wp-content/plugins/wp-programmmanager/category.php on line 3
[11-Apr-2025 17:25:55 UTC] PHP Warning:  Constant pmanagerCatTABLE already defined in /wordpress/wp-content/plugins/wp-programmmanager/category.php on line 3
[11-Apr-2025 17:25:56 UTC] PHP Warning:  Constant pmanagerCatTABLE already defined in /wordpress/wp-content/plugins/wp-programmmanager/category.php on line 3
[11-Apr-2025 17:26:05 UTC] PHP Deprecated:  Required parameter $args follows optional parameter $depth in /wordpress/wp-content/plugins/wp-sitemanager/modules/site-structure.php on line 799
[11-Apr-2025 17:26:05 UTC] PHP Deprecated:  Required parameter $output follows optional parameter $depth in /wordpress/wp-content/plugins/wp-sitemanager/modules/site-structure.php on line 799
[11-Apr-2025 17:26:05 UTC] PHP Deprecated:  Required parameter $request follows optional parameter $pagenum in /wordpress/wp-content/plugins/wp-sitemanager/modules/meta-manager.php on line 740
[11-Apr-2025 17:26:06 UTC] PHP Deprecated:  Required parameter $args follows optional parameter $depth in /wordpress/wp-content/plugins/wp-sitemanager/modules/site-structure.php on line 799
[11-Apr-2025 17:26:06 UTC] PHP Deprecated:  Required parameter $output follows optional parameter $depth in /wordpress/wp-content/plugins/wp-sitemanager/modules/site-structure.php on line 799
[11-Apr-2025 17:26:06 UTC] PHP Deprecated:  Required parameter $request follows optional parameter $pagenum in /wordpress/wp-content/plugins/wp-sitemanager/modules/meta-manager.php on line 740
[11-Apr-2025 17:26:07 UTC] PHP Warning:  Undefined array key "HTTP_USER_AGENT" in /wordpress/wp-content/plugins/wp-sitemanager/modules/theme_switcher.php on line 505
[11-Apr-2025 17:26:07 UTC] PHP Warning:  Undefined array key "DOCUMENT_ROOT" in /wordpress/wp-content/plugins/wp-sitemanager/modules/theme_switcher.php on line 506
[11-Apr-2025 17:26:15 UTC] PHP Deprecated:  Required parameter $args follows optional parameter $depth in /wordpress/wp-content/plugins/wp-sitemanager/modules/site-structure.php on line 799
[11-Apr-2025 17:26:15 UTC] PHP Deprecated:  Required parameter $output follows optional parameter $depth in /wordpress/wp-content/plugins/wp-sitemanager/modules/site-structure.php on line 799
[11-Apr-2025 17:26:15 UTC] PHP Deprecated:  Required parameter $request follows optional parameter $pagenum in /wordpress/wp-content/plugins/wp-sitemanager/modules/meta-manager.php on line 740
[11-Apr-2025 17:26:16 UTC] PHP Deprecated:  Required parameter $args follows optional parameter $depth in /wordpress/wp-content/plugins/wp-sitemanager/modules/site-structure.php on line 799
[11-Apr-2025 17:26:16 UTC] PHP Deprecated:  Required parameter $output follows optional parameter $depth in /wordpress/wp-content/plugins/wp-sitemanager/modules/site-structure.php on line 799
[11-Apr-2025 17:26:16 UTC] PHP Deprecated:  Required parameter $request follows optional parameter $pagenum in /wordpress/wp-content/plugins/wp-sitemanager/modules/meta-manager.php on line 740
[11-Apr-2025 17:26:16 UTC] PHP Warning:  Undefined array key "HTTP_USER_AGENT" in /wordpress/wp-content/plugins/wp-sitemanager/modules/theme_switcher.php on line 505
[11-Apr-2025 17:26:16 UTC] PHP Warning:  Undefined array key "DOCUMENT_ROOT" in /wordpress/wp-content/plugins/wp-sitemanager/modules/theme_switcher.php on line 506
[11-Apr-2025 17:26:24 UTC] PHP Deprecated:  Required parameter $args follows optional parameter $depth in /wordpress/wp-content/plugins/wp-sitemanager/modules/site-structure.php on line 799
[11-Apr-2025 17:26:24 UTC] PHP Deprecated:  Required parameter $output follows optional parameter $depth in /wordpress/wp-content/plugins/wp-sitemanager/modules/site-structure.php on line 799
[11-Apr-2025 17:26:24 UTC] PHP Deprecated:  Required parameter $request follows optional parameter $pagenum in /wordpress/wp-content/plugins/wp-sitemanager/modules/meta-manager.php on line 740
[11-Apr-2025 17:26:25 UTC] PHP Deprecated:  Required parameter $args follows optional parameter $depth in /wordpress/wp-content/plugins/wp-sitemanager/modules/site-structure.php on line 799
[11-Apr-2025 17:26:25 UTC] PHP Deprecated:  Required parameter $output follows optional parameter $depth in /wordpress/wp-content/plugins/wp-sitemanager/modules/site-structure.php on line 799
[11-Apr-2025 17:26:25 UTC] PHP Deprecated:  Required parameter $request follows optional parameter $pagenum in /wordpress/wp-content/plugins/wp-sitemanager/modules/meta-manager.php on line 740
[11-Apr-2025 17:26:25 UTC] PHP Warning:  Undefined array key "HTTP_USER_AGENT" in /wordpress/wp-content/plugins/wp-sitemanager/modules/theme_switcher.php on line 505
[11-Apr-2025 17:26:25 UTC] PHP Warning:  Undefined array key "DOCUMENT_ROOT" in /wordpress/wp-content/plugins/wp-sitemanager/modules/theme_switcher.php on line 506
[11-Apr-2025 17:30:34 UTC] PHP Warning:  Undefined array key "public_key" in /wordpress/wp-content/plugins/wp-recaptcha/recaptcha.php on line 120
[11-Apr-2025 17:30:34 UTC] PHP Warning:  Undefined array key "private_key" in /wordpress/wp-content/plugins/wp-recaptcha/recaptcha.php on line 121
[11-Apr-2025 17:30:42 UTC] PHP Warning:  Undefined array key "public_key" in /wordpress/wp-content/plugins/wp-recaptcha/recaptcha.php on line 120
[11-Apr-2025 17:30:43 UTC] PHP Warning:  Undefined array key "private_key" in /wordpress/wp-content/plugins/wp-recaptcha/recaptcha.php on line 121
[11-Apr-2025 17:30:50 UTC] PHP Warning:  Undefined array key "public_key" in /wordpress/wp-content/plugins/wp-recaptcha/recaptcha.php on line 120
[11-Apr-2025 17:30:50 UTC] PHP Warning:  Undefined array key "private_key" in /wordpress/wp-content/plugins/wp-recaptcha/recaptcha.php on line 121
[11-Apr-2025 17:31:34 UTC] PHP Deprecated:  Required parameter $gedcom follows optional parameter $gen in /wordpress/wp-content/plugins/wpgenealogy/public/Traits/Relationship.php on line 33
[11-Apr-2025 17:31:34 UTC] PHP Fatal error:  Uncaught PDOException: SQLSTATE[HY000] [2002] Address family not supported by protocol in /wordpress/wp-content/plugins/wpgenealogy/vendor/doctrine/dbal/lib/Doctrine/DBAL/Driver/PDOConnection.php:38
Stack trace:
#0 /wordpress/wp-content/plugins/wpgenealogy/vendor/doctrine/dbal/lib/Doctrine/DBAL/Driver/PDOConnection.php(38): PDO->__construct('mysql:host=loca...', 'username_here', 'password_here', Array)
#1 /wordpress/wp-content/plugins/wpgenealogy/vendor/illuminate/database/Connectors/Connector.php(67): Doctrine\DBAL\Driver\PDOConnection->__construct('mysql:host=loca...', 'username_here', 'password_here', Array)
#2 /wordpress/wp-content/plugins/wpgenealogy/vendor/illuminate/database/Connectors/Connector.php(46): Illuminate\Database\Connectors\Connector->createPdoConnection('mysql:host=loca...', 'username_here', 'password_here', Array)
#3 /wordpress/wp-content/plugins/wpgenealogy/vendor/illuminate/database/Connectors/MySqlConnector.php(24): Illuminate\Database\Connectors\Connector->createConnection('mysql:host=loca...', Array, Array)
#4 /wordpress/wp-content/plugins/wpgenealogy/vendor/illuminate/database/Connectors/ConnectionFactory.php(182): Illuminate\Database\Connectors\MySqlConnector->connect(Array)
#5 [internal function]: Illuminate\Database\Connectors\ConnectionFactory->Illuminate\Database\Connectors\{closure}()
#6 /wordpress/wp-content/plugins/wpgenealogy/vendor/illuminate/database/Connection.php(924): call_user_func(Object(Closure))
#7 /wordpress/wp-content/plugins/wpgenealogy/vendor/illuminate/database/Connection.php(457): Illuminate\Database\Connection->getPdo()
#8 /wordpress/wp-content/plugins/wpgenealogy/vendor/illuminate/database/Connection.php(662): Illuminate\Database\Connection->Illuminate\Database\{closure}('SET FOREIGN_KEY...', Array)
#9 /wordpress/wp-content/plugins/wpgenealogy/vendor/illuminate/database/Connection.php(629): Illuminate\Database\Connection->runQueryCallback('SET FOREIGN_KEY...', Array, Object(Closure))
#10 /wordpress/wp-content/plugins/wpgenealogy/vendor/illuminate/database/Connection.php(464): Illuminate\Database\Connection->run('SET FOREIGN_KEY...', Array, Object(Closure))
#11 /wordpress/wp-content/plugins/wpgenealogy/vendor/illuminate/database/Schema/Builder.php(266): Illuminate\Database\Connection->statement('SET FOREIGN_KEY...')
#12 /wordpress/wp-content/plugins/wpgenealogy/includes/class-wpgenealogy-activator.php(627): Illuminate\Database\Schema\Builder->enableForeignKeyConstraints()
#13 /wordpress/wp-content/plugins/wpgenealogy/includes/class-wpgenealogy-activator.php(43): WPGenealogy\WPGenealogy_Activator::create_tables()
#14 /wordpress/wp-content/plugins/wpgenealogy/wpgenealogy.php(90): WPGenealogy\WPGenealogy_Activator::activate()
#15 /wordpress/wp-includes/class-wp-hook.php(324): wpgenealogy_activate(false)
#16 /wordpress/wp-includes/class-wp-hook.php(348): WP_Hook->apply_filters(NULL, Array)
#17 /wordpress/wp-includes/plugin.php(517): WP_Hook->do_action(Array)
#18 /wordpress/wp-admin/includes/plugin.php(703): do_action('activate_wpgene...', false)
#19 /internal/eval.php(20): activate_plugin('wpgenealogy/wpg...')
#20 {main}

Next Doctrine\DBAL\Driver\PDO\Exception: SQLSTATE[HY000] [2002] Address family not supported by protocol in /wordpress/wp-content/plugins/wpgenealogy/vendor/doctrine/dbal/lib/Doctrine/DBAL/Driver/PDO/Exception.php:18
Stack trace:
#0 /wordpress/wp-content/plugins/wpgenealogy/vendor/doctrine/dbal/lib/Doctrine/DBAL/Driver/PDOConnection.php(42): Doctrine\DBAL\Driver\PDO\Exception::new(Object(PDOException))
#1 /wordpress/wp-content/plugins/wpgenealogy/vendor/illuminate/database/Connectors/Connector.php(67): Doctrine\DBAL\Driver\PDOConnection->__construct('mysql:host=loca...', 'username_here', 'password_here', Array)
#2 /wordpress/wp-content/plugins/wpgenealogy/vendor/illuminate/database/Connectors/Connector.php(46): Illuminate\Database\Connectors\Connector->createPdoConnection('mysql:host=loca...', 'username_here', 'password_here', Array)
#3 /wordpress/wp-content/plugins/wpgenealogy/vendor/illuminate/database/Connectors/MySqlConnector.php(24): Illuminate\Database\Connectors\Connector->createConnection('mysql:host=loca...', Array, Array)
#4 /wordpress/wp-content/plugins/wpgenealogy/vendor/illuminate/database/Connectors/ConnectionFactory.php(182): Illuminate\Database\Connectors\MySqlConnector->connect(Array)
#5 [internal function]: Illuminate\Database\Connectors\ConnectionFactory->Illuminate\Database\Connectors\{closure}()
#6 /wordpress/wp-content/plugins/wpgenealogy/vendor/illuminate/database/Connection.php(924): call_user_func(Object(Closure))
#7 /wordpress/wp-content/plugins/wpgenealogy/vendor/illuminate/database/Connection.php(457): Illuminate\Database\Connection->getPdo()
#8 /wordpress/wp-content/plugins/wpgenealogy/vendor/illuminate/database/Connection.php(662): Illuminate\Database\Connection->Illuminate\Database\{closure}('SET FOREIGN_KEY...', Array)
#9 /wordpress/wp-content/plugins/wpgenealogy/vendor/illuminate/database/Connection.php(629): Illuminate\Database\Connection->runQueryCallback('SET FOREIGN_KEY...', Array, Object(Closure))
#10 /wordpress/wp-content/plugins/wpgenealogy/vendor/illuminate/database/Connection.php(464): Illuminate\Database\Connection->run('SET FOREIGN_KEY...', Array, Object(Closure))
#11 /wordpress/wp-content/plugins/wpgenealogy/vendor/illuminate/database/Schema/Builder.php(266): Illuminate\Database\Connection->statement('SET FOREIGN_KEY...')
#12 /wordpress/wp-content/plugins/wpgenealogy/includes/class-wpgenealogy-activator.php(627): Illuminate\Database\Schema\Builder->enableForeignKeyConstraints()
#13 /wordpress/wp-content/plugins/wpgenealogy/includes/class-wpgenealogy-activator.php(43): WPGenealogy\WPGenealogy_Activator::create_tables()
#14 /wordpress/wp-content/plugins/wpgenealogy/wpgenealogy.php(90): WPGenealogy\WPGenealogy_Activator::activate()
#15 /wordpress/wp-includes/class-wp-hook.php(324): wpgenealogy_activate(false)
#16 /wordpress/wp-includes/class-wp-hook.php(348): WP_Hook->apply_filters(NULL, Array)
#17 /wordpress/wp-includes/plugin.php(517): WP_Hook->do_action(Array)
#18 /wordpress/wp-admin/includes/plugin.php(703): do_action('activate_wpgene...', false)
#19 /internal/eval.php(20): activate_plugin('wpgenealogy/wpg...')
#20 {main}

Next Illuminate\Database\QueryException: SQLSTATE[HY000] [2002] Address family not supported by protocol (SQL: SET FOREIGN_KEY_CHECKS=1;) in /wordpress/wp-content/plugins/wpgenealogy/vendor/illuminate/database/Connection.php:669
Stack trace:
#0 /wordpress/wp-content/plugins/wpgenealogy/vendor/illuminate/database/Connection.php(629): Illuminate\Database\Connection->runQueryCallback('SET FOREIGN_KEY...', Array, Object(Closure))
#1 /wordpress/wp-content/plugins/wpgenealogy/vendor/illuminate/database/Connection.php(464): Illuminate\Database\Connection->run('SET FOREIGN_KEY...', Array, Object(Closure))
#2 /wordpress/wp-content/plugins/wpgenealogy/vendor/illuminate/database/Schema/Builder.php(266): Illuminate\Database\Connection->statement('SET FOREIGN_KEY...')
#3 /wordpress/wp-content/plugins/wpgenealogy/includes/class-wpgenealogy-activator.php(627): Illuminate\Database\Schema\Builder->enableForeignKeyConstraints()
#4 /wordpress/wp-content/plugins/wpgenealogy/includes/class-wpgenealogy-activator.php(43): WPGenealogy\WPGenealogy_Activator::create_tables()
#5 /wordpress/wp-content/plugins/wpgenealogy/wpgenealogy.php(90): WPGenealogy\WPGenealogy_Activator::activate()
#6 /wordpress/wp-includes/class-wp-hook.php(324): wpgenealogy_activate(false)
#7 /wordpress/wp-includes/class-wp-hook.php(348): WP_Hook->apply_filters(NULL, Array)
#8 /wordpress/wp-includes/plugin.php(517): WP_Hook->do_action(Array)
#9 /wordpress/wp-admin/includes/plugin.php(703): do_action('activate_wpgene...', false)
#10 /internal/eval.php(20): activate_plugin('wpgenealogy/wpg...')
#11 {main}
  thrown in /wordpress/wp-content/plugins/wpgenealogy/vendor/illuminate/database/Connection.php on line 669
[11-Apr-2025 17:31:52 UTC] PHP Deprecated:  Required parameter $gedcom follows optional parameter $gen in /wordpress/wp-content/plugins/wpgenealogy/public/Traits/Relationship.php on line 33
[11-Apr-2025 17:31:53 UTC] PHP Fatal error:  Uncaught PDOException: SQLSTATE[HY000] [2002] Address family not supported by protocol in /wordpress/wp-content/plugins/wpgenealogy/vendor/doctrine/dbal/lib/Doctrine/DBAL/Driver/PDOConnection.php:38
Stack trace:
#0 /wordpress/wp-content/plugins/wpgenealogy/vendor/doctrine/dbal/lib/Doctrine/DBAL/Driver/PDOConnection.php(38): PDO->__construct('mysql:host=loca...', 'username_here', 'password_here', Array)
#1 /wordpress/wp-content/plugins/wpgenealogy/vendor/illuminate/database/Connectors/Connector.php(67): Doctrine\DBAL\Driver\PDOConnection->__construct('mysql:host=loca...', 'username_here', 'password_here', Array)
#2 /wordpress/wp-content/plugins/wpgenealogy/vendor/illuminate/database/Connectors/Connector.php(46): Illuminate\Database\Connectors\Connector->createPdoConnection('mysql:host=loca...', 'username_here', 'password_here', Array)
#3 /wordpress/wp-content/plugins/wpgenealogy/vendor/illuminate/database/Connectors/MySqlConnector.php(24): Illuminate\Database\Connectors\Connector->createConnection('mysql:host=loca...', Array, Array)
#4 /wordpress/wp-content/plugins/wpgenealogy/vendor/illuminate/database/Connectors/ConnectionFactory.php(182): Illuminate\Database\Connectors\MySqlConnector->connect(Array)
#5 [internal function]: Illuminate\Database\Connectors\ConnectionFactory->Illuminate\Database\Connectors\{closure}()
#6 /wordpress/wp-content/plugins/wpgenealogy/vendor/illuminate/database/Connection.php(924): call_user_func(Object(Closure))
#7 /wordpress/wp-content/plugins/wpgenealogy/vendor/illuminate/database/Connection.php(457): Illuminate\Database\Connection->getPdo()
#8 /wordpress/wp-content/plugins/wpgenealogy/vendor/illuminate/database/Connection.php(662): Illuminate\Database\Connection->Illuminate\Database\{closure}('SET FOREIGN_KEY...', Array)
#9 /wordpress/wp-content/plugins/wpgenealogy/vendor/illuminate/database/Connection.php(629): Illuminate\Database\Connection->runQueryCallback('SET FOREIGN_KEY...', Array, Object(Closure))
#10 /wordpress/wp-content/plugins/wpgenealogy/vendor/illuminate/database/Connection.php(464): Illuminate\Database\Connection->run('SET FOREIGN_KEY...', Array, Object(Closure))
#11 /wordpress/wp-content/plugins/wpgenealogy/vendor/illuminate/database/Schema/Builder.php(266): Illuminate\Database\Connection->statement('SET FOREIGN_KEY...')
#12 /wordpress/wp-content/plugins/wpgenealogy/includes/class-wpgenealogy-activator.php(627): Illuminate\Database\Schema\Builder->enableForeignKeyConstraints()
#13 /wordpress/wp-content/plugins/wpgenealogy/includes/class-wpgenealogy-activator.php(43): WPGenealogy\WPGenealogy_Activator::create_tables()
#14 /wordpress/wp-content/plugins/wpgenealogy/wpgenealogy.php(90): WPGenealogy\WPGenealogy_Activator::activate()
#15 /wordpress/wp-includes/class-wp-hook.php(324): wpgenealogy_activate(false)
#16 /wordpress/wp-includes/class-wp-hook.php(348): WP_Hook->apply_filters(NULL, Array)
#17 /wordpress/wp-includes/plugin.php(517): WP_Hook->do_action(Array)
#18 /wordpress/wp-admin/includes/plugin.php(703): do_action('activate_wpgene...', false)
#19 /internal/eval.php(20): activate_plugin('wpgenealogy/wpg...')
#20 {main}

Next Doctrine\DBAL\Driver\PDO\Exception: SQLSTATE[HY000] [2002] Address family not supported by protocol in /wordpress/wp-content/plugins/wpgenealogy/vendor/doctrine/dbal/lib/Doctrine/DBAL/Driver/PDO/Exception.php:18
Stack trace:
#0 /wordpress/wp-content/plugins/wpgenealogy/vendor/doctrine/dbal/lib/Doctrine/DBAL/Driver/PDOConnection.php(42): Doctrine\DBAL\Driver\PDO\Exception::new(Object(PDOException))
#1 /wordpress/wp-content/plugins/wpgenealogy/vendor/illuminate/database/Connectors/Connector.php(67): Doctrine\DBAL\Driver\PDOConnection->__construct('mysql:host=loca...', 'username_here', 'password_here', Array)
#2 /wordpress/wp-content/plugins/wpgenealogy/vendor/illuminate/database/Connectors/Connector.php(46): Illuminate\Database\Connectors\Connector->createPdoConnection('mysql:host=loca...', 'username_here', 'password_here', Array)
#3 /wordpress/wp-content/plugins/wpgenealogy/vendor/illuminate/database/Connectors/MySqlConnector.php(24): Illuminate\Database\Connectors\Connector->createConnection('mysql:host=loca...', Array, Array)
#4 /wordpress/wp-content/plugins/wpgenealogy/vendor/illuminate/database/Connectors/ConnectionFactory.php(182): Illuminate\Database\Connectors\MySqlConnector->connect(Array)
#5 [internal function]: Illuminate\Database\Connectors\ConnectionFactory->Illuminate\Database\Connectors\{closure}()
#6 /wordpress/wp-content/plugins/wpgenealogy/vendor/illuminate/database/Connection.php(924): call_user_func(Object(Closure))
#7 /wordpress/wp-content/plugins/wpgenealogy/vendor/illuminate/database/Connection.php(457): Illuminate\Database\Connection->getPdo()
#8 /wordpress/wp-content/plugins/wpgenealogy/vendor/illuminate/database/Connection.php(662): Illuminate\Database\Connection->Illuminate\Database\{closure}('SET FOREIGN_KEY...', Array)
#9 /wordpress/wp-content/plugins/wpgenealogy/vendor/illuminate/database/Connection.php(629): Illuminate\Database\Connection->runQueryCallback('SET FOREIGN_KEY...', Array, Object(Closure))
#10 /wordpress/wp-content/plugins/wpgenealogy/vendor/illuminate/database/Connection.php(464): Illuminate\Database\Connection->run('SET FOREIGN_KEY...', Array, Object(Closure))
#11 /wordpress/wp-content/plugins/wpgenealogy/vendor/illuminate/database/Schema/Builder.php(266): Illuminate\Database\Connection->statement('SET FOREIGN_KEY...')
#12 /wordpress/wp-content/plugins/wpgenealogy/includes/class-wpgenealogy-activator.php(627): Illuminate\Database\Schema\Builder->enableForeignKeyConstraints()
#13 /wordpress/wp-content/plugins/wpgenealogy/includes/class-wpgenealogy-activator.php(43): WPGenealogy\WPGenealogy_Activator::create_tables()
#14 /wordpress/wp-content/plugins/wpgenealogy/wpgenealogy.php(90): WPGenealogy\WPGenealogy_Activator::activate()
#15 /wordpress/wp-includes/class-wp-hook.php(324): wpgenealogy_activate(false)
#16 /wordpress/wp-includes/class-wp-hook.php(348): WP_Hook->apply_filters(NULL, Array)
#17 /wordpress/wp-includes/plugin.php(517): WP_Hook->do_action(Array)
#18 /wordpress/wp-admin/includes/plugin.php(703): do_action('activate_wpgene...', false)
#19 /internal/eval.php(20): activate_plugin('wpgenealogy/wpg...')
#20 {main}

Next Illuminate\Database\QueryException: SQLSTATE[HY000] [2002] Address family not supported by protocol (SQL: SET FOREIGN_KEY_CHECKS=1;) in /wordpress/wp-content/plugins/wpgenealogy/vendor/illuminate/database/Connection.php:669
Stack trace:
#0 /wordpress/wp-content/plugins/wpgenealogy/vendor/illuminate/database/Connection.php(629): Illuminate\Database\Connection->runQueryCallback('SET FOREIGN_KEY...', Array, Object(Closure))
#1 /wordpress/wp-content/plugins/wpgenealogy/vendor/illuminate/database/Connection.php(464): Illuminate\Database\Connection->run('SET FOREIGN_KEY...', Array, Object(Closure))
#2 /wordpress/wp-content/plugins/wpgenealogy/vendor/illuminate/database/Schema/Builder.php(266): Illuminate\Database\Connection->statement('SET FOREIGN_KEY...')
#3 /wordpress/wp-content/plugins/wpgenealogy/includes/class-wpgenealogy-activator.php(627): Illuminate\Database\Schema\Builder->enableForeignKeyConstraints()
#4 /wordpress/wp-content/plugins/wpgenealogy/includes/class-wpgenealogy-activator.php(43): WPGenealogy\WPGenealogy_Activator::create_tables()
#5 /wordpress/wp-content/plugins/wpgenealogy/wpgenealogy.php(90): WPGenealogy\WPGenealogy_Activator::activate()
#6 /wordpress/wp-includes/class-wp-hook.php(324): wpgenealogy_activate(false)
#7 /wordpress/wp-includes/class-wp-hook.php(348): WP_Hook->apply_filters(NULL, Array)
#8 /wordpress/wp-includes/plugin.php(517): WP_Hook->do_action(Array)
#9 /wordpress/wp-admin/includes/plugin.php(703): do_action('activate_wpgene...', false)
#10 /internal/eval.php(20): activate_plugin('wpgenealogy/wpg...')
#11 {main}
  thrown in /wordpress/wp-content/plugins/wpgenealogy/vendor/illuminate/database/Connection.php on line 669
[11-Apr-2025 17:32:11 UTC] PHP Deprecated:  Required parameter $gedcom follows optional parameter $gen in /wordpress/wp-content/plugins/wpgenealogy/public/Traits/Relationship.php on line 33
[11-Apr-2025 17:32:11 UTC] PHP Fatal error:  Uncaught PDOException: SQLSTATE[HY000] [2002] Address family not supported by protocol in /wordpress/wp-content/plugins/wpgenealogy/vendor/doctrine/dbal/lib/Doctrine/DBAL/Driver/PDOConnection.php:38
Stack trace:
#0 /wordpress/wp-content/plugins/wpgenealogy/vendor/doctrine/dbal/lib/Doctrine/DBAL/Driver/PDOConnection.php(38): PDO->__construct('mysql:host=loca...', 'username_here', 'password_here', Array)
#1 /wordpress/wp-content/plugins/wpgenealogy/vendor/illuminate/database/Connectors/Connector.php(67): Doctrine\DBAL\Driver\PDOConnection->__construct('mysql:host=loca...', 'username_here', 'password_here', Array)
#2 /wordpress/wp-content/plugins/wpgenealogy/vendor/illuminate/database/Connectors/Connector.php(46): Illuminate\Database\Connectors\Connector->createPdoConnection('mysql:host=loca...', 'username_here', 'password_here', Array)
#3 /wordpress/wp-content/plugins/wpgenealogy/vendor/illuminate/database/Connectors/MySqlConnector.php(24): Illuminate\Database\Connectors\Connector->createConnection('mysql:host=loca...', Array, Array)
#4 /wordpress/wp-content/plugins/wpgenealogy/vendor/illuminate/database/Connectors/ConnectionFactory.php(182): Illuminate\Database\Connectors\MySqlConnector->connect(Array)
#5 [internal function]: Illuminate\Database\Connectors\ConnectionFactory->Illuminate\Database\Connectors\{closure}()
#6 /wordpress/wp-content/plugins/wpgenealogy/vendor/illuminate/database/Connection.php(924): call_user_func(Object(Closure))
#7 /wordpress/wp-content/plugins/wpgenealogy/vendor/illuminate/database/Connection.php(457): Illuminate\Database\Connection->getPdo()
#8 /wordpress/wp-content/plugins/wpgenealogy/vendor/illuminate/database/Connection.php(662): Illuminate\Database\Connection->Illuminate\Database\{closure}('SET FOREIGN_KEY...', Array)
#9 /wordpress/wp-content/plugins/wpgenealogy/vendor/illuminate/database/Connection.php(629): Illuminate\Database\Connection->runQueryCallback('SET FOREIGN_KEY...', Array, Object(Closure))
#10 /wordpress/wp-content/plugins/wpgenealogy/vendor/illuminate/database/Connection.php(464): Illuminate\Database\Connection->run('SET FOREIGN_KEY...', Array, Object(Closure))
#11 /wordpress/wp-content/plugins/wpgenealogy/vendor/illuminate/database/Schema/Builder.php(266): Illuminate\Database\Connection->statement('SET FOREIGN_KEY...')
#12 /wordpress/wp-content/plugins/wpgenealogy/includes/class-wpgenealogy-activator.php(627): Illuminate\Database\Schema\Builder->enableForeignKeyConstraints()
#13 /wordpress/wp-content/plugins/wpgenealogy/includes/class-wpgenealogy-activator.php(43): WPGenealogy\WPGenealogy_Activator::create_tables()
#14 /wordpress/wp-content/plugins/wpgenealogy/wpgenealogy.php(90): WPGenealogy\WPGenealogy_Activator::activate()
#15 /wordpress/wp-includes/class-wp-hook.php(324): wpgenealogy_activate(false)
#16 /wordpress/wp-includes/class-wp-hook.php(348): WP_Hook->apply_filters(NULL, Array)
#17 /wordpress/wp-includes/plugin.php(517): WP_Hook->do_action(Array)
#18 /wordpress/wp-admin/includes/plugin.php(703): do_action('activate_wpgene...', false)
#19 /internal/eval.php(20): activate_plugin('wpgenealogy/wpg...')
#20 {main}

Next Doctrine\DBAL\Driver\PDO\Exception: SQLSTATE[HY000] [2002] Address family not supported by protocol in /wordpress/wp-content/plugins/wpgenealogy/vendor/doctrine/dbal/lib/Doctrine/DBAL/Driver/PDO/Exception.php:18
Stack trace:
#0 /wordpress/wp-content/plugins/wpgenealogy/vendor/doctrine/dbal/lib/Doctrine/DBAL/Driver/PDOConnection.php(42): Doctrine\DBAL\Driver\PDO\Exception::new(Object(PDOException))
#1 /wordpress/wp-content/plugins/wpgenealogy/vendor/illuminate/database/Connectors/Connector.php(67): Doctrine\DBAL\Driver\PDOConnection->__construct('mysql:host=loca...', 'username_here', 'password_here', Array)
#2 /wordpress/wp-content/plugins/wpgenealogy/vendor/illuminate/database/Connectors/Connector.php(46): Illuminate\Database\Connectors\Connector->createPdoConnection('mysql:host=loca...', 'username_here', 'password_here', Array)
#3 /wordpress/wp-content/plugins/wpgenealogy/vendor/illuminate/database/Connectors/MySqlConnector.php(24): Illuminate\Database\Connectors\Connector->createConnection('mysql:host=loca...', Array, Array)
#4 /wordpress/wp-content/plugins/wpgenealogy/vendor/illuminate/database/Connectors/ConnectionFactory.php(182): Illuminate\Database\Connectors\MySqlConnector->connect(Array)
#5 [internal function]: Illuminate\Database\Connectors\ConnectionFactory->Illuminate\Database\Connectors\{closure}()
#6 /wordpress/wp-content/plugins/wpgenealogy/vendor/illuminate/database/Connection.php(924): call_user_func(Object(Closure))
#7 /wordpress/wp-content/plugins/wpgenealogy/vendor/illuminate/database/Connection.php(457): Illuminate\Database\Connection->getPdo()
#8 /wordpress/wp-content/plugins/wpgenealogy/vendor/illuminate/database/Connection.php(662): Illuminate\Database\Connection->Illuminate\Database\{closure}('SET FOREIGN_KEY...', Array)
#9 /wordpress/wp-content/plugins/wpgenealogy/vendor/illuminate/database/Connection.php(629): Illuminate\Database\Connection->runQueryCallback('SET FOREIGN_KEY...', Array, Object(Closure))
#10 /wordpress/wp-content/plugins/wpgenealogy/vendor/illuminate/database/Connection.php(464): Illuminate\Database\Connection->run('SET FOREIGN_KEY...', Array, Object(Closure))
#11 /wordpress/wp-content/plugins/wpgenealogy/vendor/illuminate/database/Schema/Builder.php(266): Illuminate\Database\Connection->statement('SET FOREIGN_KEY...')
#12 /wordpress/wp-content/plugins/wpgenealogy/includes/class-wpgenealogy-activator.php(627): Illuminate\Database\Schema\Builder->enableForeignKeyConstraints()
#13 /wordpress/wp-content/plugins/wpgenealogy/includes/class-wpgenealogy-activator.php(43): WPGenealogy\WPGenealogy_Activator::create_tables()
#14 /wordpress/wp-content/plugins/wpgenealogy/wpgenealogy.php(90): WPGenealogy\WPGenealogy_Activator::activate()
#15 /wordpress/wp-includes/class-wp-hook.php(324): wpgenealogy_activate(false)
#16 /wordpress/wp-includes/class-wp-hook.php(348): WP_Hook->apply_filters(NULL, Array)
#17 /wordpress/wp-includes/plugin.php(517): WP_Hook->do_action(Array)
#18 /wordpress/wp-admin/includes/plugin.php(703): do_action('activate_wpgene...', false)
#19 /internal/eval.php(20): activate_plugin('wpgenealogy/wpg...')
#20 {main}

Next Illuminate\Database\QueryException: SQLSTATE[HY000] [2002] Address family not supported by protocol (SQL: SET FOREIGN_KEY_CHECKS=1;) in /wordpress/wp-content/plugins/wpgenealogy/vendor/illuminate/database/Connection.php:669
Stack trace:
#0 /wordpress/wp-content/plugins/wpgenealogy/vendor/illuminate/database/Connection.php(629): Illuminate\Database\Connection->runQueryCallback('SET FOREIGN_KEY...', Array, Object(Closure))
#1 /wordpress/wp-content/plugins/wpgenealogy/vendor/illuminate/database/Connection.php(464): Illuminate\Database\Connection->run('SET FOREIGN_KEY...', Array, Object(Closure))
#2 /wordpress/wp-content/plugins/wpgenealogy/vendor/illuminate/database/Schema/Builder.php(266): Illuminate\Database\Connection->statement('SET FOREIGN_KEY...')
#3 /wordpress/wp-content/plugins/wpgenealogy/includes/class-wpgenealogy-activator.php(627): Illuminate\Database\Schema\Builder->enableForeignKeyConstraints()
#4 /wordpress/wp-content/plugins/wpgenealogy/includes/class-wpgenealogy-activator.php(43): WPGenealogy\WPGenealogy_Activator::create_tables()
#5 /wordpress/wp-content/plugins/wpgenealogy/wpgenealogy.php(90): WPGenealogy\WPGenealogy_Activator::activate()
#6 /wordpress/wp-includes/class-wp-hook.php(324): wpgenealogy_activate(false)
#7 /wordpress/wp-includes/class-wp-hook.php(348): WP_Hook->apply_filters(NULL, Array)
#8 /wordpress/wp-includes/plugin.php(517): WP_Hook->do_action(Array)
#9 /wordpress/wp-admin/includes/plugin.php(703): do_action('activate_wpgene...', false)
#10 /internal/eval.php(20): activate_plugin('wpgenealogy/wpg...')
#11 {main}
  thrown in /wordpress/wp-content/plugins/wpgenealogy/vendor/illuminate/database/Connection.php on line 669
[11-Apr-2025 17:34:34 UTC] PHP Deprecated:  File wp-db.php is <strong>deprecated</strong> since version 6.1.0! Use wp-includes/class-wpdb.php instead. in /wordpress/wp-includes/functions.php on line 6114
[11-Apr-2025 17:34:34 UTC] PHP Warning:  Undefined variable $wpdb in /wordpress/wp-content/plugins/wp-directory-list/wp-directory-list.php on line 37
[11-Apr-2025 17:34:34 UTC] PHP Warning:  Attempt to read property "prefix" on null in /wordpress/wp-content/plugins/wp-directory-list/wp-directory-list.php on line 37
[11-Apr-2025 17:34:34 UTC] PHP Warning:  Undefined variable $wpdb in /wordpress/wp-content/plugins/wp-directory-list/wp-directory-list.php on line 38
[11-Apr-2025 17:34:34 UTC] PHP Warning:  Attempt to read property "prefix" on null in /wordpress/wp-content/plugins/wp-directory-list/wp-directory-list.php on line 38
[11-Apr-2025 17:34:34 UTC] PHP Warning:  Undefined array key "Submit" in /wordpress/wp-content/plugins/wp-directory-list/wp-directory-list.php on line 169
[11-Apr-2025 17:34:34 UTC] WordPress database error <div style="clear:both">&nbsp;</div>
<div class="queries" style="clear:both;margin-bottom:2px;border:red dotted thin;">
<p>MySQL query:</p>
<p>CREATE TABLE IF NOT EXISTS wp_directory_links (
    id int(11) NOT NULL auto_increment,
    title text NOT NULL,
    description text NOT NULL,
    url text,
    categories text NOT NULL,
    status int(11) NOT NULL default '0',
    views int(11) NOT NULL default '0',
    clicks int(11) NOT NULL default '0',
    rank int(11) NOT NULL default '0',
    paid tinyint(1) NOT NULL default '0',
    bid float NOT NULL default '0',
    expires int(11) NOT NULL default '0',
    address1 varchar(100) default NULL,
    address2 varchar(100) default NULL,
    city varchar(100) default NULL,
    state varchar(20) default NULL,
    country varchar(100) default NULL,
    zipcode varchar(20) default NULL,
    phone varchar(20) default NULL,
    fax varchar(20) default NULL,
    email varchar(100) default NULL,
    user int(11) NOT NULL default '0',
    date_added int(11) NOT NULL default '0',
    tags text ,
    PRIMARY KEY  (id)
  ) ENGINE=MyISAM</p>
<p>Queries made or created this session were:</p>
<ol>
</ol>
</div>
<div style="clear:both;margin-bottom:2px;border:red dotted thin;" class="error_message" style="border-bottom:dotted blue thin;">
Failed to parse the MySQL query.
</div>
<p>Backtrace:</p>
<pre>#0 /internal/shared/sqlite-database-integration/wp-includes/sqlite-ast/class-wp-sqlite-driver.php(690): WP_SQLite_Driver->new_driver_exception('Failed to parse...', 0, Object(WP_SQLite_Driver_Exception))
#1 /internal/shared/sqlite-database-integration/wp-includes/sqlite/class-wp-sqlite-db.php(472): WP_SQLite_Driver->query('CREATE TABLE IF...')
#2 /internal/shared/sqlite-database-integration/wp-includes/sqlite/class-wp-sqlite-db.php(413): WP_SQLite_DB->_do_query('CREATE TABLE IF...')
#3 /wordpress/wp-admin/includes/upgrade.php(3271): WP_SQLite_DB->query('CREATE TABLE IF...')
#4 /wordpress/wp-content/plugins/wp-directory-list/wp-directory-install.php(48): dbDelta(Array)
#5 /wordpress/wp-content/plugins/wp-directory-list/wp-directory-list.php(188): include('/wordpress/wp-c...')
#6 /wordpress/wp-includes/class-wp-hook.php(324): wp_directory_list_install(false)
#7 /wordpress/wp-includes/class-wp-hook.php(348): WP_Hook->apply_filters('', Array)
#8 /wordpress/wp-includes/plugin.php(517): WP_Hook->do_action(Array)
#9 /wordpress/wp-admin/includes/plugin.php(703): do_action('activate_wp-dir...', false)
#10 /internal/eval.php(20): activate_plugin('wp-directory-li...')
#11 {main}</pre>
 for query CREATE TABLE IF NOT EXISTS wp_directory_links (
    id int(11) NOT NULL auto_increment,
    title text NOT NULL,
    description text NOT NULL,
    url text,
    categories text NOT NULL,
    status int(11) NOT NULL default '0',
    views int(11) NOT NULL default '0',
    clicks int(11) NOT NULL default '0',
    rank int(11) NOT NULL default '0',
    paid tinyint(1) NOT NULL default '0',
    bid float NOT NULL default '0',
    expires int(11) NOT NULL default '0',
    address1 varchar(100) default NULL,
    address2 varchar(100) default NULL,
    city varchar(100) default NULL,
    state varchar(20) default NULL,
    country varchar(100) default NULL,
    zipcode varchar(20) default NULL,
    phone varchar(20) default NULL,
    fax varchar(20) default NULL,
    email varchar(100) default NULL,
    user int(11) NOT NULL default '0',
    date_added int(11) NOT NULL default '0',
    tags text ,
    PRIMARY KEY  (id)
  ) ENGINE=MyISAM made by activate_plugin, do_action('activate_wp-directory-list/wp-directory-list.php'), WP_Hook->do_action, WP_Hook->apply_filters, wp_directory_list_install, include('/plugins/wp-directory-list/wp-directory-install.php'), dbDelta, WP_SQLite_DB->query, WP_SQLite_DB->print_error
[11-Apr-2025 17:34:34 UTC] PHP Warning:  Undefined array key "title" in /internal/shared/sqlite-database-integration/wp-includes/sqlite-ast/class-wp-sqlite-information-schema-builder.php on line 932
[11-Apr-2025 17:34:34 UTC] PHP Warning:  Trying to access array offset on value of type null in /internal/shared/sqlite-database-integration/wp-includes/sqlite-ast/class-wp-sqlite-information-schema-builder.php on line 932
[11-Apr-2025 17:34:34 UTC] PHP Warning:  Undefined array key "title" in /internal/shared/sqlite-database-integration/wp-includes/sqlite-ast/class-wp-sqlite-information-schema-builder.php on line 941
[11-Apr-2025 17:34:34 UTC] PHP Warning:  Trying to access array offset on value of type null in /internal/shared/sqlite-database-integration/wp-includes/sqlite-ast/class-wp-sqlite-information-schema-builder.php on line 941
[11-Apr-2025 17:34:34 UTC] PHP Warning:  Undefined array key "description" in /internal/shared/sqlite-database-integration/wp-includes/sqlite-ast/class-wp-sqlite-information-schema-builder.php on line 932
[11-Apr-2025 17:34:34 UTC] PHP Warning:  Trying to access array offset on value of type null in /internal/shared/sqlite-database-integration/wp-includes/sqlite-ast/class-wp-sqlite-information-schema-builder.php on line 932
[11-Apr-2025 17:34:34 UTC] PHP Warning:  Undefined array key "description" in /internal/shared/sqlite-database-integration/wp-includes/sqlite-ast/class-wp-sqlite-information-schema-builder.php on line 941
[11-Apr-2025 17:34:34 UTC] PHP Warning:  Trying to access array offset on value of type null in /internal/shared/sqlite-database-integration/wp-includes/sqlite-ast/class-wp-sqlite-information-schema-builder.php on line 941
[11-Apr-2025 17:34:34 UTC] PHP Warning:  Undefined array key "url" in /internal/shared/sqlite-database-integration/wp-includes/sqlite-ast/class-wp-sqlite-information-schema-builder.php on line 932
[11-Apr-2025 17:34:34 UTC] PHP Warning:  Trying to access array offset on value of type null in /internal/shared/sqlite-database-integration/wp-includes/sqlite-ast/class-wp-sqlite-information-schema-builder.php on line 932
[11-Apr-2025 17:34:34 UTC] PHP Warning:  Undefined array key "url" in /internal/shared/sqlite-database-integration/wp-includes/sqlite-ast/class-wp-sqlite-information-schema-builder.php on line 941
[11-Apr-2025 17:34:34 UTC] PHP Warning:  Trying to access array offset on value of type null in /internal/shared/sqlite-database-integration/wp-includes/sqlite-ast/class-wp-sqlite-information-schema-builder.php on line 941
[11-Apr-2025 17:34:34 UTC] PHP Warning:  Undefined array key "address1" in /internal/shared/sqlite-database-integration/wp-includes/sqlite-ast/class-wp-sqlite-information-schema-builder.php on line 932
[11-Apr-2025 17:34:34 UTC] PHP Warning:  Trying to access array offset on value of type null in /internal/shared/sqlite-database-integration/wp-includes/sqlite-ast/class-wp-sqlite-information-schema-builder.php on line 932
[11-Apr-2025 17:34:34 UTC] PHP Warning:  Undefined array key "address1" in /internal/shared/sqlite-database-integration/wp-includes/sqlite-ast/class-wp-sqlite-information-schema-builder.php on line 941
[11-Apr-2025 17:34:34 UTC] PHP Warning:  Trying to access array offset on value of type null in /internal/shared/sqlite-database-integration/wp-includes/sqlite-ast/class-wp-sqlite-information-schema-builder.php on line 941
[11-Apr-2025 17:34:34 UTC] PHP Warning:  Undefined array key "address2" in /internal/shared/sqlite-database-integration/wp-includes/sqlite-ast/class-wp-sqlite-information-schema-builder.php on line 932
[11-Apr-2025 17:34:34 UTC] PHP Warning:  Trying to access array offset on value of type null in /internal/shared/sqlite-database-integration/wp-includes/sqlite-ast/class-wp-sqlite-information-schema-builder.php on line 932
[11-Apr-2025 17:34:34 UTC] PHP Warning:  Undefined array key "address2" in /internal/shared/sqlite-database-integration/wp-includes/sqlite-ast/class-wp-sqlite-information-schema-builder.php on line 941
[11-Apr-2025 17:34:34 UTC] PHP Warning:  Trying to access array offset on value of type null in /internal/shared/sqlite-database-integration/wp-includes/sqlite-ast/class-wp-sqlite-information-schema-builder.php on line 941
[11-Apr-2025 17:34:34 UTC] PHP Warning:  Undefined array key "city" in /internal/shared/sqlite-database-integration/wp-includes/sqlite-ast/class-wp-sqlite-information-schema-builder.php on line 932
[11-Apr-2025 17:34:34 UTC] PHP Warning:  Trying to access array offset on value of type null in /internal/shared/sqlite-database-integration/wp-includes/sqlite-ast/class-wp-sqlite-information-schema-builder.php on line 932
[11-Apr-2025 17:34:34 UTC] PHP Warning:  Undefined array key "city" in /internal/shared/sqlite-database-integration/wp-includes/sqlite-ast/class-wp-sqlite-information-schema-builder.php on line 941
[11-Apr-2025 17:34:34 UTC] PHP Warning:  Trying to access array offset on value of type null in /internal/shared/sqlite-database-integration/wp-includes/sqlite-ast/class-wp-sqlite-information-schema-builder.php on line 941
[11-Apr-2025 17:34:34 UTC] PHP Warning:  Undefined array key "state" in /internal/shared/sqlite-database-integration/wp-includes/sqlite-ast/class-wp-sqlite-information-schema-builder.php on line 932
[11-Apr-2025 17:34:34 UTC] PHP Warning:  Trying to access array offset on value of type null in /internal/shared/sqlite-database-integration/wp-includes/sqlite-ast/class-wp-sqlite-information-schema-builder.php on line 932
[11-Apr-2025 17:34:34 UTC] PHP Warning:  Undefined array key "state" in /internal/shared/sqlite-database-integration/wp-includes/sqlite-ast/class-wp-sqlite-information-schema-builder.php on line 941
[11-Apr-2025 17:34:34 UTC] PHP Warning:  Trying to access array offset on value of type null in /internal/shared/sqlite-database-integration/wp-includes/sqlite-ast/class-wp-sqlite-information-schema-builder.php on line 941
[11-Apr-2025 17:34:34 UTC] PHP Warning:  Undefined array key "country" in /internal/shared/sqlite-database-integration/wp-includes/sqlite-ast/class-wp-sqlite-information-schema-builder.php on line 932
[11-Apr-2025 17:34:34 UTC] PHP Warning:  Trying to access array offset on value of type null in /internal/shared/sqlite-database-integration/wp-includes/sqlite-ast/class-wp-sqlite-information-schema-builder.php on line 932
[11-Apr-2025 17:34:34 UTC] PHP Warning:  Undefined array key "country" in /internal/shared/sqlite-database-integration/wp-includes/sqlite-ast/class-wp-sqlite-information-schema-builder.php on line 941
[11-Apr-2025 17:34:34 UTC] PHP Warning:  Trying to access array offset on value of type null in /internal/shared/sqlite-database-integration/wp-includes/sqlite-ast/class-wp-sqlite-information-schema-builder.php on line 941
[11-Apr-2025 17:34:34 UTC] PHP Warning:  Undefined array key "zipcode" in /internal/shared/sqlite-database-integration/wp-includes/sqlite-ast/class-wp-sqlite-information-schema-builder.php on line 932
[11-Apr-2025 17:34:34 UTC] PHP Warning:  Trying to access array offset on value of type null in /internal/shared/sqlite-database-integration/wp-includes/sqlite-ast/class-wp-sqlite-information-schema-builder.php on line 932
[11-Apr-2025 17:34:34 UTC] PHP Warning:  Undefined array key "zipcode" in /internal/shared/sqlite-database-integration/wp-includes/sqlite-ast/class-wp-sqlite-information-schema-builder.php on line 941
[11-Apr-2025 17:34:34 UTC] PHP Warning:  Trying to access array offset on value of type null in /internal/shared/sqlite-database-integration/wp-includes/sqlite-ast/class-wp-sqlite-information-schema-builder.php on line 941
[11-Apr-2025 17:34:34 UTC] PHP Warning:  Undefined array key "phone" in /internal/shared/sqlite-database-integration/wp-includes/sqlite-ast/class-wp-sqlite-information-schema-builder.php on line 932
[11-Apr-2025 17:34:34 UTC] PHP Warning:  Trying to access array offset on value of type null in /internal/shared/sqlite-database-integration/wp-includes/sqlite-ast/class-wp-sqlite-information-schema-builder.php on line 932
[11-Apr-2025 17:34:34 UTC] PHP Warning:  Undefined array key "phone" in /internal/shared/sqlite-database-integration/wp-includes/sqlite-ast/class-wp-sqlite-information-schema-builder.php on line 941
[11-Apr-2025 17:34:34 UTC] PHP Warning:  Trying to access array offset on value of type null in /internal/shared/sqlite-database-integration/wp-includes/sqlite-ast/class-wp-sqlite-information-schema-builder.php on line 941
[11-Apr-2025 17:34:34 UTC] PHP Warning:  Undefined array key "fax" in /internal/shared/sqlite-database-integration/wp-includes/sqlite-ast/class-wp-sqlite-information-schema-builder.php on line 932
[11-Apr-2025 17:34:34 UTC] PHP Warning:  Trying to access array offset on value of type null in /internal/shared/sqlite-database-integration/wp-includes/sqlite-ast/class-wp-sqlite-information-schema-builder.php on line 932
[11-Apr-2025 17:34:34 UTC] PHP Warning:  Undefined array key "fax" in /internal/shared/sqlite-database-integration/wp-includes/sqlite-ast/class-wp-sqlite-information-schema-builder.php on line 941
[11-Apr-2025 17:34:34 UTC] PHP Warning:  Trying to access array offset on value of type null in /internal/shared/sqlite-database-integration/wp-includes/sqlite-ast/class-wp-sqlite-information-schema-builder.php on line 941
[11-Apr-2025 17:34:34 UTC] PHP Warning:  Undefined array key "email" in /internal/shared/sqlite-database-integration/wp-includes/sqlite-ast/class-wp-sqlite-information-schema-builder.php on line 932
[11-Apr-2025 17:34:34 UTC] PHP Warning:  Trying to access array offset on value of type null in /internal/shared/sqlite-database-integration/wp-includes/sqlite-ast/class-wp-sqlite-information-schema-builder.php on line 932
[11-Apr-2025 17:34:34 UTC] PHP Warning:  Undefined array key "email" in /internal/shared/sqlite-database-integration/wp-includes/sqlite-ast/class-wp-sqlite-information-schema-builder.php on line 941
[11-Apr-2025 17:34:34 UTC] PHP Warning:  Trying to access array offset on value of type null in /internal/shared/sqlite-database-integration/wp-includes/sqlite-ast/class-wp-sqlite-information-schema-builder.php on line 941
[11-Apr-2025 17:34:34 UTC] PHP Warning:  Undefined array key "tags" in /internal/shared/sqlite-database-integration/wp-includes/sqlite-ast/class-wp-sqlite-information-schema-builder.php on line 932
[11-Apr-2025 17:34:34 UTC] PHP Warning:  Trying to access array offset on value of type null in /internal/shared/sqlite-database-integration/wp-includes/sqlite-ast/class-wp-sqlite-information-schema-builder.php on line 932
[11-Apr-2025 17:34:34 UTC] PHP Warning:  Undefined array key "tags" in /internal/shared/sqlite-database-integration/wp-includes/sqlite-ast/class-wp-sqlite-information-schema-builder.php on line 941
[11-Apr-2025 17:34:34 UTC] PHP Warning:  Trying to access array offset on value of type null in /internal/shared/sqlite-database-integration/wp-includes/sqlite-ast/class-wp-sqlite-information-schema-builder.php on line 941
[11-Apr-2025 17:34:34 UTC] WordPress database error <div style="clear:both">&nbsp;</div>
<div class="queries" style="clear:both;margin-bottom:2px;border:red dotted thin;">
<p>MySQL query:</p>
<p>ALTER TABLE wp_directory_links ADD FULLTEXT linktext (title ,description ,url ,address1 ,address2 ,city ,state ,country ,zipcode ,phone ,fax ,email ,tags); </p>
<p>Queries made or created this session were:</p>
<ol>
<li>Executing: BEGIN | (no parameters)</li>
<li>Executing: SELECT 1 FROM sqlite_temp_schema WHERE type = 'table' AND name = ? | parameters: wp_directory_links</li>
<li>Executing: SELECT COLUMN_NAME FROM _wp_sqlite_mysql_information_schema_columns WHERE table_schema = ? AND table_name = ? | parameters: database_name_here, wp_directory_links</li>
<li>Executing: SELECT 1 FROM sqlite_temp_schema WHERE type = 'table' AND name = ? | parameters: wp_directory_links</li>
<li>Executing: 
					SELECT column_name, data_type, is_nullable, character_maximum_length
					FROM _wp_sqlite_mysql_information_schema_columns
					WHERE table_schema = ?
					AND table_name = ?
					AND column_name IN (?,?,?,?,?,?,?,?,?,?,?,?,?)
				 | parameters: database_name_here, wp_directory_links, title, description, url, address1, address2, city, state, country, zipcode, phone, fax, email, tags</li>
<li>Executing: 
				INSERT INTO _wp_sqlite_mysql_information_schema_statistics (table_schema, table_name, non_unique, index_schema, index_name, seq_in_index, column_name, collation, cardinality, sub_part, packed, nullable, index_type, comment, index_comment, is_visible, expression)
				VALUES (?, ?, ?, ?, ?, ?, ?, ?, ?, ?, ?, ?, ?, ?, ?, ?, ?)
			 | parameters: database_name_here, wp_directory_links, 1, database_name_here, linktext, 1, title, , 0, , , YES, FULLTEXT, , , YES, </li>
<li>Executing: 
				INSERT INTO _wp_sqlite_mysql_information_schema_statistics (table_schema, table_name, non_unique, index_schema, index_name, seq_in_index, column_name, collation, cardinality, sub_part, packed, nullable, index_type, comment, index_comment, is_visible, expression)
				VALUES (?, ?, ?, ?, ?, ?, ?, ?, ?, ?, ?, ?, ?, ?, ?, ?, ?)
			 | parameters: database_name_here, wp_directory_links, 1, database_name_here, linktext, 2, description, , 0, , , YES, FULLTEXT, , , YES, </li>
<li>Executing: 
				INSERT INTO _wp_sqlite_mysql_information_schema_statistics (table_schema, table_name, non_unique, index_schema, index_name, seq_in_index, column_name, collation, cardinality, sub_part, packed, nullable, index_type, comment, index_comment, is_visible, expression)
				VALUES (?, ?, ?, ?, ?, ?, ?, ?, ?, ?, ?, ?, ?, ?, ?, ?, ?)
			 | parameters: database_name_here, wp_directory_links, 1, database_name_here, linktext, 3, url, , 0, , , YES, FULLTEXT, , , YES, </li>
<li>Executing: 
				INSERT INTO _wp_sqlite_mysql_information_schema_statistics (table_schema, table_name, non_unique, index_schema, index_name, seq_in_index, column_name, collation, cardinality, sub_part, packed, nullable, index_type, comment, index_comment, is_visible, expression)
				VALUES (?, ?, ?, ?, ?, ?, ?, ?, ?, ?, ?, ?, ?, ?, ?, ?, ?)
			 | parameters: database_name_here, wp_directory_links, 1, database_name_here, linktext, 4, address1, , 0, , , YES, FULLTEXT, , , YES, </li>
<li>Executing: 
				INSERT INTO _wp_sqlite_mysql_information_schema_statistics (table_schema, table_name, non_unique, index_schema, index_name, seq_in_index, column_name, collation, cardinality, sub_part, packed, nullable, index_type, comment, index_comment, is_visible, expression)
				VALUES (?, ?, ?, ?, ?, ?, ?, ?, ?, ?, ?, ?, ?, ?, ?, ?, ?)
			 | parameters: database_name_here, wp_directory_links, 1, database_name_here, linktext, 5, address2, , 0, , , YES, FULLTEXT, , , YES, </li>
<li>Executing: 
				INSERT INTO _wp_sqlite_mysql_information_schema_statistics (table_schema, table_name, non_unique, index_schema, index_name, seq_in_index, column_name, collation, cardinality, sub_part, packed, nullable, index_type, comment, index_comment, is_visible, expression)
				VALUES (?, ?, ?, ?, ?, ?, ?, ?, ?, ?, ?, ?, ?, ?, ?, ?, ?)
			 | parameters: database_name_here, wp_directory_links, 1, database_name_here, linktext, 6, city, , 0, , , YES, FULLTEXT, , , YES, </li>
<li>Executing: 
				INSERT INTO _wp_sqlite_mysql_information_schema_statistics (table_schema, table_name, non_unique, index_schema, index_name, seq_in_index, column_name, collation, cardinality, sub_part, packed, nullable, index_type, comment, index_comment, is_visible, expression)
				VALUES (?, ?, ?, ?, ?, ?, ?, ?, ?, ?, ?, ?, ?, ?, ?, ?, ?)
			 | parameters: database_name_here, wp_directory_links, 1, database_name_here, linktext, 7, state, , 0, , , YES, FULLTEXT, , , YES, </li>
<li>Executing: 
				INSERT INTO _wp_sqlite_mysql_information_schema_statistics (table_schema, table_name, non_unique, index_schema, index_name, seq_in_index, column_name, collation, cardinality, sub_part, packed, nullable, index_type, comment, index_comment, is_visible, expression)
				VALUES (?, ?, ?, ?, ?, ?, ?, ?, ?, ?, ?, ?, ?, ?, ?, ?, ?)
			 | parameters: database_name_here, wp_directory_links, 1, database_name_here, linktext, 8, country, , 0, , , YES, FULLTEXT, , , YES, </li>
<li>Executing: 
				INSERT INTO _wp_sqlite_mysql_information_schema_statistics (table_schema, table_name, non_unique, index_schema, index_name, seq_in_index, column_name, collation, cardinality, sub_part, packed, nullable, index_type, comment, index_comment, is_visible, expression)
				VALUES (?, ?, ?, ?, ?, ?, ?, ?, ?, ?, ?, ?, ?, ?, ?, ?, ?)
			 | parameters: database_name_here, wp_directory_links, 1, database_name_here, linktext, 9, zipcode, , 0, , , YES, FULLTEXT, , , YES, </li>
<li>Executing: 
				INSERT INTO _wp_sqlite_mysql_information_schema_statistics (table_schema, table_name, non_unique, index_schema, index_name, seq_in_index, column_name, collation, cardinality, sub_part, packed, nullable, index_type, comment, index_comment, is_visible, expression)
				VALUES (?, ?, ?, ?, ?, ?, ?, ?, ?, ?, ?, ?, ?, ?, ?, ?, ?)
			 | parameters: database_name_here, wp_directory_links, 1, database_name_here, linktext, 10, phone, , 0, , , YES, FULLTEXT, , , YES, </li>
<li>Executing: 
				INSERT INTO _wp_sqlite_mysql_information_schema_statistics (table_schema, table_name, non_unique, index_schema, index_name, seq_in_index, column_name, collation, cardinality, sub_part, packed, nullable, index_type, comment, index_comment, is_visible, expression)
				VALUES (?, ?, ?, ?, ?, ?, ?, ?, ?, ?, ?, ?, ?, ?, ?, ?, ?)
			 | parameters: database_name_here, wp_directory_links, 1, database_name_here, linktext, 11, fax, , 0, , , YES, FULLTEXT, , , YES, </li>
<li>Executing: 
				INSERT INTO _wp_sqlite_mysql_information_schema_statistics (table_schema, table_name, non_unique, index_schema, index_name, seq_in_index, column_name, collation, cardinality, sub_part, packed, nullable, index_type, comment, index_comment, is_visible, expression)
				VALUES (?, ?, ?, ?, ?, ?, ?, ?, ?, ?, ?, ?, ?, ?, ?, ?, ?)
			 | parameters: database_name_here, wp_directory_links, 1, database_name_here, linktext, 12, email, , 0, , , YES, FULLTEXT, , , YES, </li>
<li>Executing: 
				INSERT INTO _wp_sqlite_mysql_information_schema_statistics (table_schema, table_name, non_unique, index_schema, index_name, seq_in_index, column_name, collation, cardinality, sub_part, packed, nullable, index_type, comment, index_comment, is_visible, expression)
				VALUES (?, ?, ?, ?, ?, ?, ?, ?, ?, ?, ?, ?, ?, ?, ?, ?, ?)
			 | parameters: database_name_here, wp_directory_links, 1, database_name_here, linktext, 13, tags, , 0, , , YES, FULLTEXT, , , YES, </li>
<li>Executing: 
				WITH s AS (
					SELECT
						column_name,
						CASE
							WHEN MAX(index_name = 'PRIMARY') THEN 'PRI'
							WHEN MAX(non_unique = 0 AND seq_in_index = 1) THEN 'UNI'
							WHEN MAX(seq_in_index = 1) THEN 'MUL'
							ELSE ''
						END AS column_key
					FROM _wp_sqlite_mysql_information_schema_statistics
					WHERE table_schema = ?
					AND table_name = ?
					GROUP BY column_name
				)
				UPDATE _wp_sqlite_mysql_information_schema_columns AS c
				SET
					column_key = s.column_key,
					is_nullable = IIF(s.column_key = 'PRI', 'NO', c.is_nullable)
			    FROM s
			    WHERE c.table_schema = ?
			    AND c.table_name = ?
				AND s.column_name = c.column_name
			 | parameters: database_name_here, wp_directory_links, database_name_here, wp_directory_links</li>
<li>Executing: PRAGMA foreign_keys | (no parameters)</li>
<li>Executing: PRAGMA foreign_keys = OFF | (no parameters)</li>
<li>Executing: 
				SELECT *
				FROM _wp_sqlite_mysql_information_schema_tables
				WHERE table_type = 'BASE TABLE'
				AND table_schema = ?
				AND table_name = ?
			 | parameters: database_name_here, wp_directory_links</li>
<li>Executing: ROLLBACK | (no parameters)</li>
</ol>
</div>
<div style="clear:both;margin-bottom:2px;border:red dotted thin;" class="error_message" style="border-bottom:dotted blue thin;">
Table 'wp_directory_links' doesn't exist
</div>
<p>Backtrace:</p>
<pre>#0 /internal/shared/sqlite-database-integration/wp-includes/sqlite-ast/class-wp-sqlite-driver.php(690): WP_SQLite_Driver->new_driver_exception('Table 'wp_direc...', 0, Object(WP_SQLite_Driver_Exception))
#1 /internal/shared/sqlite-database-integration/wp-includes/sqlite/class-wp-sqlite-db.php(472): WP_SQLite_Driver->query('ALTER TABLE wp_...')
#2 /internal/shared/sqlite-database-integration/wp-includes/sqlite/class-wp-sqlite-db.php(413): WP_SQLite_DB->_do_query('ALTER TABLE wp_...')
#3 /wordpress/wp-content/plugins/wp-directory-list/wp-directory-install.php(52): WP_SQLite_DB->query('ALTER TABLE wp_...')
#4 /wordpress/wp-content/plugins/wp-directory-list/wp-directory-list.php(188): include('/wordpress/wp-c...')
#5 /wordpress/wp-includes/class-wp-hook.php(324): wp_directory_list_install(false)
#6 /wordpress/wp-includes/class-wp-hook.php(348): WP_Hook->apply_filters('', Array)
#7 /wordpress/wp-includes/plugin.php(517): WP_Hook->do_action(Array)
#8 /wordpress/wp-admin/includes/plugin.php(703): do_action('activate_wp-dir...', false)
#9 /internal/eval.php(20): activate_plugin('wp-directory-li...')
#10 {main}</pre>
 for query ALTER TABLE wp_directory_links ADD FULLTEXT linktext (title ,description ,url ,address1 ,address2 ,city ,state ,country ,zipcode ,phone ,fax ,email ,tags);  made by activate_plugin, do_action('activate_wp-directory-list/wp-directory-list.php'), WP_Hook->do_action, WP_Hook->apply_filters, wp_directory_list_install, include('/plugins/wp-directory-list/wp-directory-install.php'), WP_SQLite_DB->query, WP_SQLite_DB->print_error
[11-Apr-2025 17:34:36 UTC] PHP Deprecated:  File wp-db.php is <strong>deprecated</strong> since version 6.1.0! Use wp-includes/class-wpdb.php instead. in /wordpress/wp-includes/functions.php on line 6114
[11-Apr-2025 17:34:36 UTC] PHP Warning:  Undefined array key "Submit" in /wordpress/wp-content/plugins/wp-directory-list/wp-directory-list.php on line 169
[11-Apr-2025 17:34:36 UTC] PHP Deprecated:  Function register_sidebar_widget is <strong>deprecated</strong> since version 2.8.0! Use wp_register_sidebar_widget() instead. in /wordpress/wp-includes/functions.php on line 6114
[11-Apr-2025 17:34:36 UTC] PHP Deprecated:  Function register_widget_control is <strong>deprecated</strong> since version 2.8.0! Use wp_register_widget_control() instead. in /wordpress/wp-includes/functions.php on line 6114
[11-Apr-2025 17:34:36 UTC] PHP Warning:  Undefined array key "addclick" in /wordpress/wp-content/plugins/wp-directory-list/wp-directory-list.php on line 46
[11-Apr-2025 17:34:44 UTC] PHP Deprecated:  File wp-db.php is <strong>deprecated</strong> since version 6.1.0! Use wp-includes/class-wpdb.php instead. in /wordpress/wp-includes/functions.php on line 6114
[11-Apr-2025 17:34:44 UTC] PHP Warning:  Undefined variable $wpdb in /wordpress/wp-content/plugins/wp-directory-list/wp-directory-list.php on line 37
[11-Apr-2025 17:34:44 UTC] PHP Warning:  Attempt to read property "prefix" on null in /wordpress/wp-content/plugins/wp-directory-list/wp-directory-list.php on line 37
[11-Apr-2025 17:34:44 UTC] PHP Warning:  Undefined variable $wpdb in /wordpress/wp-content/plugins/wp-directory-list/wp-directory-list.php on line 38
[11-Apr-2025 17:34:44 UTC] PHP Warning:  Attempt to read property "prefix" on null in /wordpress/wp-content/plugins/wp-directory-list/wp-directory-list.php on line 38
[11-Apr-2025 17:34:44 UTC] PHP Warning:  Undefined array key "Submit" in /wordpress/wp-content/plugins/wp-directory-list/wp-directory-list.php on line 169
[11-Apr-2025 17:34:45 UTC] PHP Deprecated:  File wp-db.php is <strong>deprecated</strong> since version 6.1.0! Use wp-includes/class-wpdb.php instead. in /wordpress/wp-includes/functions.php on line 6114
[11-Apr-2025 17:34:45 UTC] PHP Warning:  Undefined array key "Submit" in /wordpress/wp-content/plugins/wp-directory-list/wp-directory-list.php on line 169
[11-Apr-2025 17:34:46 UTC] PHP Deprecated:  Function register_sidebar_widget is <strong>deprecated</strong> since version 2.8.0! Use wp_register_sidebar_widget() instead. in /wordpress/wp-includes/functions.php on line 6114
[11-Apr-2025 17:34:46 UTC] PHP Deprecated:  Function register_widget_control is <strong>deprecated</strong> since version 2.8.0! Use wp_register_widget_control() instead. in /wordpress/wp-includes/functions.php on line 6114
[11-Apr-2025 17:34:46 UTC] PHP Warning:  Undefined array key "addclick" in /wordpress/wp-content/plugins/wp-directory-list/wp-directory-list.php on line 46
[11-Apr-2025 17:34:54 UTC] PHP Deprecated:  File wp-db.php is <strong>deprecated</strong> since version 6.1.0! Use wp-includes/class-wpdb.php instead. in /wordpress/wp-includes/functions.php on line 6114
[11-Apr-2025 17:34:54 UTC] PHP Warning:  Undefined variable $wpdb in /wordpress/wp-content/plugins/wp-directory-list/wp-directory-list.php on line 37
[11-Apr-2025 17:34:54 UTC] PHP Warning:  Attempt to read property "prefix" on null in /wordpress/wp-content/plugins/wp-directory-list/wp-directory-list.php on line 37
[11-Apr-2025 17:34:54 UTC] PHP Warning:  Undefined variable $wpdb in /wordpress/wp-content/plugins/wp-directory-list/wp-directory-list.php on line 38
[11-Apr-2025 17:34:54 UTC] PHP Warning:  Attempt to read property "prefix" on null in /wordpress/wp-content/plugins/wp-directory-list/wp-directory-list.php on line 38
[11-Apr-2025 17:34:54 UTC] PHP Warning:  Undefined array key "Submit" in /wordpress/wp-content/plugins/wp-directory-list/wp-directory-list.php on line 169
[11-Apr-2025 17:34:55 UTC] PHP Deprecated:  File wp-db.php is <strong>deprecated</strong> since version 6.1.0! Use wp-includes/class-wpdb.php instead. in /wordpress/wp-includes/functions.php on line 6114
[11-Apr-2025 17:34:55 UTC] PHP Warning:  Undefined array key "Submit" in /wordpress/wp-content/plugins/wp-directory-list/wp-directory-list.php on line 169
[11-Apr-2025 17:34:55 UTC] PHP Deprecated:  Function register_sidebar_widget is <strong>deprecated</strong> since version 2.8.0! Use wp_register_sidebar_widget() instead. in /wordpress/wp-includes/functions.php on line 6114
[11-Apr-2025 17:34:55 UTC] PHP Deprecated:  Function register_widget_control is <strong>deprecated</strong> since version 2.8.0! Use wp_register_widget_control() instead. in /wordpress/wp-includes/functions.php on line 6114
[11-Apr-2025 17:34:56 UTC] PHP Warning:  Undefined array key "addclick" in /wordpress/wp-content/plugins/wp-directory-list/wp-directory-list.php on line 46
[11-Apr-2025 17:35:52 UTC] PHP Deprecated:  WP_SQLite_Driver::recreate_table_from_information_schema(): Implicitly marking parameter $column_map as nullable is deprecated, the explicit nullable type must be used instead in /internal/shared/sqlite-database-integration/wp-includes/sqlite-ast/class-wp-sqlite-driver.php on line 2783
[11-Apr-2025 17:35:52 UTC] PHP Deprecated:  WP_SQLite_Driver::set_result_from_affected_rows(): Implicitly marking parameter $override as nullable is deprecated, the explicit nullable type must be used instead in /internal/shared/sqlite-database-integration/wp-includes/sqlite-ast/class-wp-sqlite-driver.php on line 3541
[11-Apr-2025 17:35:52 UTC] PHP Deprecated:  WP_SQLite_Driver::new_driver_exception(): Implicitly marking parameter $previous as nullable is deprecated, the explicit nullable type must be used instead in /internal/shared/sqlite-database-integration/wp-includes/sqlite-ast/class-wp-sqlite-driver.php on line 3564
[11-Apr-2025 17:35:52 UTC] PHP Deprecated:  WP_SQLite_Driver_Exception::__construct(): Implicitly marking parameter $previous as nullable is deprecated, the explicit nullable type must be used instead in /internal/shared/sqlite-database-integration/wp-includes/sqlite-ast/class-wp-sqlite-driver-exception.php on line 19
[11-Apr-2025 17:35:54 UTC] PHP Deprecated:  WP_SQLite_Driver::recreate_table_from_information_schema(): Implicitly marking parameter $column_map as nullable is deprecated, the explicit nullable type must be used instead in /internal/shared/sqlite-database-integration/wp-includes/sqlite-ast/class-wp-sqlite-driver.php on line 2783
[11-Apr-2025 17:35:54 UTC] PHP Deprecated:  WP_SQLite_Driver::set_result_from_affected_rows(): Implicitly marking parameter $override as nullable is deprecated, the explicit nullable type must be used instead in /internal/shared/sqlite-database-integration/wp-includes/sqlite-ast/class-wp-sqlite-driver.php on line 3541
[11-Apr-2025 17:35:54 UTC] PHP Deprecated:  WP_SQLite_Driver::new_driver_exception(): Implicitly marking parameter $previous as nullable is deprecated, the explicit nullable type must be used instead in /internal/shared/sqlite-database-integration/wp-includes/sqlite-ast/class-wp-sqlite-driver.php on line 3564
[11-Apr-2025 17:35:54 UTC] PHP Deprecated:  WP_SQLite_Driver_Exception::__construct(): Implicitly marking parameter $previous as nullable is deprecated, the explicit nullable type must be used instead in /internal/shared/sqlite-database-integration/wp-includes/sqlite-ast/class-wp-sqlite-driver-exception.php on line 19
[11-Apr-2025 17:35:55 UTC] PHP Deprecated:  WP_SQLite_Driver::recreate_table_from_information_schema(): Implicitly marking parameter $column_map as nullable is deprecated, the explicit nullable type must be used instead in /internal/shared/sqlite-database-integration/wp-includes/sqlite-ast/class-wp-sqlite-driver.php on line 2783
[11-Apr-2025 17:35:55 UTC] PHP Deprecated:  WP_SQLite_Driver::set_result_from_affected_rows(): Implicitly marking parameter $override as nullable is deprecated, the explicit nullable type must be used instead in /internal/shared/sqlite-database-integration/wp-includes/sqlite-ast/class-wp-sqlite-driver.php on line 3541
[11-Apr-2025 17:35:55 UTC] PHP Deprecated:  WP_SQLite_Driver::new_driver_exception(): Implicitly marking parameter $previous as nullable is deprecated, the explicit nullable type must be used instead in /internal/shared/sqlite-database-integration/wp-includes/sqlite-ast/class-wp-sqlite-driver.php on line 3564
[11-Apr-2025 17:35:55 UTC] PHP Deprecated:  WP_SQLite_Driver_Exception::__construct(): Implicitly marking parameter $previous as nullable is deprecated, the explicit nullable type must be used instead in /internal/shared/sqlite-database-integration/wp-includes/sqlite-ast/class-wp-sqlite-driver-exception.php on line 19

    at Object.onBind (file:///home/runner/work/playground-tester/playground-tester/node_modules/@wp-playground/cli/index.js:237:15)
    at process.processTicksAndRejections (node:internal/process/task_queues:105:5)
    at async V (file:///home/runner/work/playground-tester/playground-tester/node_modules/@wp-playground/cli/index.js:64:10)
    at async ja (file:///home/runner/work/playground-tester/playground-tester/node_modules/@wp-playground/cli/cli.js:8161:12) {
  [cause]: Error: Error when executing the blueprint step #7 ({"step":"installPlugin","pluginZipFile":{"resource":"wordpress.org/plugins","slug":"wp-reviews-plugin-for-google"},"options":{"activate":true},"pluginData":{"resource":"wordpress.org/plugins","slug":"wp-reviews-plugin-for-google"}}) : Plugin /wordpress/wp-content/plugins/wp-reviews-plugin-for-google could not be activated  WordPress exited with no error. Sometimes, when $_SERVER or site options are not configured correctly, WordPress exits early with a 301 redirect. Inspect the "debug" logs in the console for more details.
      at Object.run (file:///home/runner/work/playground-tester/playground-tester/node_modules/@wp-playground/blueprints/index.js:12449:19)
      at process.processTicksAndRejections (node:internal/process/task_queues:105:5)
      at async ms (file:///home/runner/work/playground-tester/playground-tester/node_modules/@wp-playground/blueprints/index.js:12552:3)
      ... 2 lines matching cause stack trace ...
      at async ja (file:///home/runner/work/playground-tester/playground-tester/node_modules/@wp-playground/cli/cli.js:8161:12) {
    [cause]: Error: Plugin /wordpress/wp-content/plugins/wp-reviews-plugin-for-google could not be activated  WordPress exited with no error. Sometimes, when $_SERVER or site options are not configured correctly, WordPress exits early with a 301 redirect. Inspect the "debug" logs in the console for more details.
        at wr (file:///home/runner/work/playground-tester/playground-tester/node_modules/@wp-playground/blueprints/index.js:119:51)
        at process.processTicksAndRejections (node:internal/process/task_queues:105:5)
        at async Object.gt [as installPlugin] (file:///home/runner/work/playground-tester/playground-tester/node_modules/@wp-playground/blueprints/index.js:974:42)
        at async g (file:///home/runner/work/playground-tester/playground-tester/node_modules/@wp-playground/blueprints/index.js:12517:30)
        at async Object.run (file:///home/runner/work/playground-tester/playground-tester/node_modules/@wp-playground/blueprints/index.js:12446:23)
        at async ms (file:///home/runner/work/playground-tester/playground-tester/node_modules/@wp-playground/blueprints/index.js:12552:3)
        at async Object.onBind (file:///home/runner/work/playground-tester/playground-tester/node_modules/@wp-playground/cli/index.js:227:48)
        at async V (file:///home/runner/work/playground-tester/playground-tester/node_modules/@wp-playground/cli/index.js:64:10)
        at async ja (file:///home/runner/work/playground-tester/playground-tester/node_modules/@wp-playground/cli/cli.js:8161:12)
  }
}

Node.js v23.11.0
