[
{"message":"file:///home/runner/work/playground-tester/playground-tester/node_modules/@wp-playground/cli/index.js:237\n        throw new Error(y, { cause: u });\n              ^\n","level":"FATAL","type":"PLAYGROUND","test":"asyncify-boot","plugin":"twitpic","details":"file:///home/runner/work/playground-tester/playground-tester/node_modules/@wp-playground/cli/index.js:237\n        throw new Error(y, { cause: u });\n              ^\n","log":"/tmp/tmp.h8scjzmodK"}
,
{"message":"Uncaught Exception: Broadcast requires a Wordpress network install. It does not support single installs. in /wordpress/wp-content/plugins/threewp-broadcast/src/ThreeWP_Broadcast.php:236","level":"FATAL","type":"PHP","test":"asyncify-boot","plugin":"twitpic","details":"[21-Apr-2025 11:47:06 UTC] PHP Fatal error:  Uncaught Exception: Broadcast requires a Wordpress network install. It does not support single installs. in /wordpress/wp-content/plugins/threewp-broadcast/src/ThreeWP_Broadcast.php:236\nStack trace:\n#0 /wordpress/wp-content/plugins/threewp-broadcast/src/sdk/wordpress/base.php(204): threewp_broadcast\\ThreeWP_Broadcast->activate()\n#1 /wordpress/wp-includes/class-wp-hook.php(324): plainview\\sdk_broadcast\\wordpress\\base->activate_internal(false)\n#2 /wordpress/wp-includes/class-wp-hook.php(348): WP_Hook->apply_filters('', Array)\n#3 /wordpress/wp-includes/plugin.php(517): WP_Hook->do_action(Array)\n#4 /wordpress/wp-admin/includes/plugin.php(703): do_action('activate_threew...', false)\n#5 /internal/eval.php(20): activate_plugin('threewp-broadca...')\n#6 {main}\n  thrown in /wordpress/wp-content/plugins/threewp-broadcast/src/ThreeWP_Broadcast.php on line 236","log":"/logs/plugins/t/twitpic/error.json"}
,
{"message":"Uncaught Exception: Broadcast requires a Wordpress network install. It does not support single installs. in /wordpress/wp-content/plugins/threewp-broadcast/src/ThreeWP_Broadcast.php:236","level":"FATAL","type":"PHP","test":"asyncify-boot","plugin":"twitpic","details":"[21-Apr-2025 11:47:15 UTC] PHP Fatal error:  Uncaught Exception: Broadcast requires a Wordpress network install. It does not support single installs. in /wordpress/wp-content/plugins/threewp-broadcast/src/ThreeWP_Broadcast.php:236\nStack trace:\n#0 /wordpress/wp-content/plugins/threewp-broadcast/src/sdk/wordpress/base.php(204): threewp_broadcast\\ThreeWP_Broadcast->activate()\n#1 /wordpress/wp-includes/class-wp-hook.php(324): plainview\\sdk_broadcast\\wordpress\\base->activate_internal(false)\n#2 /wordpress/wp-includes/class-wp-hook.php(348): WP_Hook->apply_filters('', Array)\n#3 /wordpress/wp-includes/plugin.php(517): WP_Hook->do_action(Array)\n#4 /wordpress/wp-admin/includes/plugin.php(703): do_action('activate_threew...', false)\n#5 /internal/eval.php(20): activate_plugin('threewp-broadca...')\n#6 {main}\n  thrown in /wordpress/wp-content/plugins/threewp-broadcast/src/ThreeWP_Broadcast.php on line 236","log":"/logs/plugins/t/twitpic/error.json"}
,
{"message":"Uncaught Exception: Broadcast requires a Wordpress network install. It does not support single installs. in /wordpress/wp-content/plugins/threewp-broadcast/src/ThreeWP_Broadcast.php:236","level":"FATAL","type":"PHP","test":"asyncify-boot","plugin":"twitpic","details":"[21-Apr-2025 11:47:26 UTC] PHP Fatal error:  Uncaught Exception: Broadcast requires a Wordpress network install. It does not support single installs. in /wordpress/wp-content/plugins/threewp-broadcast/src/ThreeWP_Broadcast.php:236\nStack trace:\n#0 /wordpress/wp-content/plugins/threewp-broadcast/src/sdk/wordpress/base.php(204): threewp_broadcast\\ThreeWP_Broadcast->activate()\n#1 /wordpress/wp-includes/class-wp-hook.php(324): plainview\\sdk_broadcast\\wordpress\\base->activate_internal(false)\n#2 /wordpress/wp-includes/class-wp-hook.php(348): WP_Hook->apply_filters('', Array)\n#3 /wordpress/wp-includes/plugin.php(517): WP_Hook->do_action(Array)\n#4 /wordpress/wp-admin/includes/plugin.php(703): do_action('activate_threew...', false)\n#5 /internal/eval.php(20): activate_plugin('threewp-broadca...')\n#6 {main}\n  thrown in /wordpress/wp-content/plugins/threewp-broadcast/src/ThreeWP_Broadcast.php on line 236","log":"/logs/plugins/t/twitpic/error.json"}
,
{"message":"Uncaught Error: Call to undefined function create_function() in /wordpress/wp-content/plugins/tt-subscribe/framework/widget/settings.php:4","level":"FATAL","type":"PHP","test":"asyncify-boot","plugin":"twitpic","details":"[21-Apr-2025 11:49:40 UTC] PHP Fatal error:  Uncaught Error: Call to undefined function create_function() in /wordpress/wp-content/plugins/tt-subscribe/framework/widget/settings.php:4\nStack trace:\n#0 /wordpress/wp-content/plugins/tt-subscribe/framework/widget.php(2): require_once()\n#1 /wordpress/wp-content/plugins/tt-subscribe/tt-subscribe.php(43): require_once('/wordpress/wp-c...')\n#2 /wordpress/wp-admin/includes/plugin.php(2387): include_once('/wordpress/wp-c...')\n#3 /wordpress/wp-admin/includes/plugin.php(673): plugin_sandbox_scrape('tt-subscribe/tt...')\n#4 /internal/eval.php(20): activate_plugin('tt-subscribe/tt...')\n#5 {main}\n  thrown in /wordpress/wp-content/plugins/tt-subscribe/framework/widget/settings.php on line 4","log":"/logs/plugins/t/twitpic/error.json"}
,
{"message":"Uncaught Error: Call to undefined function create_function() in /wordpress/wp-content/plugins/tt-subscribe/framework/widget/settings.php:4","level":"FATAL","type":"PHP","test":"asyncify-boot","plugin":"twitpic","details":"[21-Apr-2025 11:49:48 UTC] PHP Fatal error:  Uncaught Error: Call to undefined function create_function() in /wordpress/wp-content/plugins/tt-subscribe/framework/widget/settings.php:4\nStack trace:\n#0 /wordpress/wp-content/plugins/tt-subscribe/framework/widget.php(2): require_once()\n#1 /wordpress/wp-content/plugins/tt-subscribe/tt-subscribe.php(43): require_once('/wordpress/wp-c...')\n#2 /wordpress/wp-admin/includes/plugin.php(2387): include_once('/wordpress/wp-c...')\n#3 /wordpress/wp-admin/includes/plugin.php(673): plugin_sandbox_scrape('tt-subscribe/tt...')\n#4 /internal/eval.php(20): activate_plugin('tt-subscribe/tt...')\n#5 {main}\n  thrown in /wordpress/wp-content/plugins/tt-subscribe/framework/widget/settings.php on line 4","log":"/logs/plugins/t/twitpic/error.json"}
,
{"message":"Uncaught Error: Call to undefined function create_function() in /wordpress/wp-content/plugins/tt-subscribe/framework/widget/settings.php:4","level":"FATAL","type":"PHP","test":"asyncify-boot","plugin":"twitpic","details":"[21-Apr-2025 11:49:57 UTC] PHP Fatal error:  Uncaught Error: Call to undefined function create_function() in /wordpress/wp-content/plugins/tt-subscribe/framework/widget/settings.php:4\nStack trace:\n#0 /wordpress/wp-content/plugins/tt-subscribe/framework/widget.php(2): require_once()\n#1 /wordpress/wp-content/plugins/tt-subscribe/tt-subscribe.php(43): require_once('/wordpress/wp-c...')\n#2 /wordpress/wp-admin/includes/plugin.php(2387): include_once('/wordpress/wp-c...')\n#3 /wordpress/wp-admin/includes/plugin.php(673): plugin_sandbox_scrape('tt-subscribe/tt...')\n#4 /internal/eval.php(20): activate_plugin('tt-subscribe/tt...')\n#5 {main}\n  thrown in /wordpress/wp-content/plugins/tt-subscribe/framework/widget/settings.php on line 4","log":"/logs/plugins/t/twitpic/error.json"}
,
{"message":"Function wp_enqueue_style was called <strong>incorrectly</strong>. Scripts and styles should not be registered or enqueued until the <code>wp_enqueue_scripts</code>, <code>admin_enqueue_scripts</code>, or <code>login_enqueue_scripts</code> hooks. This notice was triggered by the <code>tweetbtn_css</code> handle. Please see <a href=\"https://developer.wordpress.org/advanced-administration/debug/debug-wordpress/\">Debugging in WordPress</a> for more information. (This message was added in version 3.3.0.) in /wordpress/wp-includes/functions.php on line 6121","level":"NOTICE","type":"PHP","test":"asyncify-boot","plugin":"twitpic","details":"[21-Apr-2025 11:50:07 UTC] PHP Notice:  Function wp_enqueue_style was called <strong>incorrectly</strong>. Scripts and styles should not be registered or enqueued until the <code>wp_enqueue_scripts</code>, <code>admin_enqueue_scripts</code>, or <code>login_enqueue_scripts</code> hooks. This notice was triggered by the <code>tweetbtn_css</code> handle. Please see <a href=\"https://developer.wordpress.org/advanced-administration/debug/debug-wordpress/\">Debugging in WordPress</a> for more information. (This message was added in version 3.3.0.) in /wordpress/wp-includes/functions.php on line 6121","log":"/logs/plugins/t/twitpic/error.json"}
,
{"message":"Function is_feed was called <strong>incorrectly</strong>. Conditional query tags do not work before the query is run. Before then, they always return false. Please see <a href=\"https://developer.wordpress.org/advanced-administration/debug/debug-wordpress/\">Debugging in WordPress</a> for more information. (This message was added in version 3.1.0.) in /wordpress/wp-includes/functions.php on line 6121","level":"NOTICE","type":"PHP","test":"asyncify-boot","plugin":"twitpic","details":"[21-Apr-2025 11:50:07 UTC] PHP Notice:  Function is_feed was called <strong>incorrectly</strong>. Conditional query tags do not work before the query is run. Before then, they always return false. Please see <a href=\"https://developer.wordpress.org/advanced-administration/debug/debug-wordpress/\">Debugging in WordPress</a> for more information. (This message was added in version 3.1.0.) in /wordpress/wp-includes/functions.php on line 6121","log":"/logs/plugins/t/twitpic/error.json"}
,
{"message":"Function wp_enqueue_style was called <strong>incorrectly</strong>. Scripts and styles should not be registered or enqueued until the <code>wp_enqueue_scripts</code>, <code>admin_enqueue_scripts</code>, or <code>login_enqueue_scripts</code> hooks. This notice was triggered by the <code>tweetbtn_css</code> handle. Please see <a href=\"https://developer.wordpress.org/advanced-administration/debug/debug-wordpress/\">Debugging in WordPress</a> for more information. (This message was added in version 3.3.0.) in /wordpress/wp-includes/functions.php on line 6121","level":"NOTICE","type":"PHP","test":"asyncify-boot","plugin":"twitpic","details":"[21-Apr-2025 11:50:16 UTC] PHP Notice:  Function wp_enqueue_style was called <strong>incorrectly</strong>. Scripts and styles should not be registered or enqueued until the <code>wp_enqueue_scripts</code>, <code>admin_enqueue_scripts</code>, or <code>login_enqueue_scripts</code> hooks. This notice was triggered by the <code>tweetbtn_css</code> handle. Please see <a href=\"https://developer.wordpress.org/advanced-administration/debug/debug-wordpress/\">Debugging in WordPress</a> for more information. (This message was added in version 3.3.0.) in /wordpress/wp-includes/functions.php on line 6121","log":"/logs/plugins/t/twitpic/error.json"}
,
{"message":"Function is_feed was called <strong>incorrectly</strong>. Conditional query tags do not work before the query is run. Before then, they always return false. Please see <a href=\"https://developer.wordpress.org/advanced-administration/debug/debug-wordpress/\">Debugging in WordPress</a> for more information. (This message was added in version 3.1.0.) in /wordpress/wp-includes/functions.php on line 6121","level":"NOTICE","type":"PHP","test":"asyncify-boot","plugin":"twitpic","details":"[21-Apr-2025 11:50:16 UTC] PHP Notice:  Function is_feed was called <strong>incorrectly</strong>. Conditional query tags do not work before the query is run. Before then, they always return false. Please see <a href=\"https://developer.wordpress.org/advanced-administration/debug/debug-wordpress/\">Debugging in WordPress</a> for more information. (This message was added in version 3.1.0.) in /wordpress/wp-includes/functions.php on line 6121","log":"/logs/plugins/t/twitpic/error.json"}
,
{"message":"Function wp_enqueue_style was called <strong>incorrectly</strong>. Scripts and styles should not be registered or enqueued until the <code>wp_enqueue_scripts</code>, <code>admin_enqueue_scripts</code>, or <code>login_enqueue_scripts</code> hooks. This notice was triggered by the <code>tweetbtn_css</code> handle. Please see <a href=\"https://developer.wordpress.org/advanced-administration/debug/debug-wordpress/\">Debugging in WordPress</a> for more information. (This message was added in version 3.3.0.) in /wordpress/wp-includes/functions.php on line 6121","level":"NOTICE","type":"PHP","test":"asyncify-boot","plugin":"twitpic","details":"[21-Apr-2025 11:50:25 UTC] PHP Notice:  Function wp_enqueue_style was called <strong>incorrectly</strong>. Scripts and styles should not be registered or enqueued until the <code>wp_enqueue_scripts</code>, <code>admin_enqueue_scripts</code>, or <code>login_enqueue_scripts</code> hooks. This notice was triggered by the <code>tweetbtn_css</code> handle. Please see <a href=\"https://developer.wordpress.org/advanced-administration/debug/debug-wordpress/\">Debugging in WordPress</a> for more information. (This message was added in version 3.3.0.) in /wordpress/wp-includes/functions.php on line 6121","log":"/logs/plugins/t/twitpic/error.json"}
,
{"message":"Function is_feed was called <strong>incorrectly</strong>. Conditional query tags do not work before the query is run. Before then, they always return false. Please see <a href=\"https://developer.wordpress.org/advanced-administration/debug/debug-wordpress/\">Debugging in WordPress</a> for more information. (This message was added in version 3.1.0.) in /wordpress/wp-includes/functions.php on line 6121","level":"NOTICE","type":"PHP","test":"asyncify-boot","plugin":"twitpic","details":"[21-Apr-2025 11:50:25 UTC] PHP Notice:  Function is_feed was called <strong>incorrectly</strong>. Conditional query tags do not work before the query is run. Before then, they always return false. Please see <a href=\"https://developer.wordpress.org/advanced-administration/debug/debug-wordpress/\">Debugging in WordPress</a> for more information. (This message was added in version 3.1.0.) in /wordpress/wp-includes/functions.php on line 6121","log":"/logs/plugins/t/twitpic/error.json"}
,
{"message":"Undefined variable $table_prefix in /wordpress/wp-content/plugins/twitfeed/twitfeed.php on line 12","level":"WARNING","type":"PHP","test":"asyncify-boot","plugin":"twitpic","details":"[21-Apr-2025 11:50:34 UTC] PHP Warning:  Undefined variable $table_prefix in /wordpress/wp-content/plugins/twitfeed/twitfeed.php on line 12","log":"/logs/plugins/t/twitpic/error.json"}
,
{"message":"Undefined variable $table_prefix in /wordpress/wp-content/plugins/twitfeed/twitfeed.php on line 24","level":"WARNING","type":"PHP","test":"asyncify-boot","plugin":"twitpic","details":"[21-Apr-2025 11:50:34 UTC] PHP Warning:  Undefined variable $table_prefix in /wordpress/wp-content/plugins/twitfeed/twitfeed.php on line 24","log":"/logs/plugins/t/twitpic/error.json"}
,
{"message":"Undefined variable $table_prefix in /wordpress/wp-content/plugins/twitfeed/twitfeed.php on line 12","level":"WARNING","type":"PHP","test":"asyncify-boot","plugin":"twitpic","details":"[21-Apr-2025 11:50:43 UTC] PHP Warning:  Undefined variable $table_prefix in /wordpress/wp-content/plugins/twitfeed/twitfeed.php on line 12","log":"/logs/plugins/t/twitpic/error.json"}
,
{"message":"Undefined variable $table_prefix in /wordpress/wp-content/plugins/twitfeed/twitfeed.php on line 24","level":"WARNING","type":"PHP","test":"asyncify-boot","plugin":"twitpic","details":"[21-Apr-2025 11:50:43 UTC] PHP Warning:  Undefined variable $table_prefix in /wordpress/wp-content/plugins/twitfeed/twitfeed.php on line 24","log":"/logs/plugins/t/twitpic/error.json"}
,
{"message":"Undefined variable $table_prefix in /wordpress/wp-content/plugins/twitfeed/twitfeed.php on line 12","level":"WARNING","type":"PHP","test":"asyncify-boot","plugin":"twitpic","details":"[21-Apr-2025 11:50:53 UTC] PHP Warning:  Undefined variable $table_prefix in /wordpress/wp-content/plugins/twitfeed/twitfeed.php on line 12","log":"/logs/plugins/t/twitpic/error.json"}
,
{"message":"Undefined variable $table_prefix in /wordpress/wp-content/plugins/twitfeed/twitfeed.php on line 24","level":"WARNING","type":"PHP","test":"asyncify-boot","plugin":"twitpic","details":"[21-Apr-2025 11:50:53 UTC] PHP Warning:  Undefined variable $table_prefix in /wordpress/wp-content/plugins/twitfeed/twitfeed.php on line 24","log":"/logs/plugins/t/twitpic/error.json"}
,
{"message":"Only variables should be assigned by reference in /wordpress/wp-content/plugins/tecnosenior-faq-manager/tsc-faq-manager.php on line 48","level":"NOTICE","type":"PHP","test":"asyncify-boot","plugin":"twitpic","details":"[21-Apr-2025 11:51:32 UTC] PHP Notice:  Only variables should be assigned by reference in /wordpress/wp-content/plugins/tecnosenior-faq-manager/tsc-faq-manager.php on line 48","log":"/logs/plugins/t/twitpic/error.json"}
,
{"message":"Undefined array key \"index_type\" in /wordpress/wp-admin/includes/upgrade.php on line 3028","level":"WARNING","type":"PHP","test":"asyncify-boot","plugin":"twitpic","details":"[21-Apr-2025 11:51:32 UTC] PHP Warning:  Undefined array key \"index_type\" in /wordpress/wp-admin/includes/upgrade.php on line 3028","log":"/logs/plugins/t/twitpic/error.json"}
,
{"message":"Undefined array key \"index_name\" in /wordpress/wp-admin/includes/upgrade.php on line 3034","level":"WARNING","type":"PHP","test":"asyncify-boot","plugin":"twitpic","details":"[21-Apr-2025 11:51:32 UTC] PHP Warning:  Undefined array key \"index_name\" in /wordpress/wp-admin/includes/upgrade.php on line 3034","log":"/logs/plugins/t/twitpic/error.json"}
,
{"message":"Undefined array key \"index_columns\" in /wordpress/wp-admin/includes/upgrade.php on line 3037","level":"WARNING","type":"PHP","test":"asyncify-boot","plugin":"twitpic","details":"[21-Apr-2025 11:51:32 UTC] PHP Warning:  Undefined array key \"index_columns\" in /wordpress/wp-admin/includes/upgrade.php on line 3037","log":"/logs/plugins/t/twitpic/error.json"}
,
{"message":"Undefined array key \"column_name\" in /wordpress/wp-admin/includes/upgrade.php on line 3066","level":"WARNING","type":"PHP","test":"asyncify-boot","plugin":"twitpic","details":"[21-Apr-2025 11:51:32 UTC] PHP Warning:  Undefined array key \"column_name\" in /wordpress/wp-admin/includes/upgrade.php on line 3066","log":"/logs/plugins/t/twitpic/error.json"}
,
{"message":"Only variables should be assigned by reference in /wordpress/wp-content/plugins/tecnosenior-faq-manager/tsc-faq-manager.php on line 48","level":"NOTICE","type":"PHP","test":"asyncify-boot","plugin":"twitpic","details":"[21-Apr-2025 11:51:33 UTC] PHP Notice:  Only variables should be assigned by reference in /wordpress/wp-content/plugins/tecnosenior-faq-manager/tsc-faq-manager.php on line 48","log":"/logs/plugins/t/twitpic/error.json"}
,
{"message":"Only variables should be assigned by reference in /wordpress/wp-content/plugins/tecnosenior-faq-manager/tsc-faq-manager.php on line 48","level":"NOTICE","type":"PHP","test":"asyncify-boot","plugin":"twitpic","details":"[21-Apr-2025 11:51:42 UTC] PHP Notice:  Only variables should be assigned by reference in /wordpress/wp-content/plugins/tecnosenior-faq-manager/tsc-faq-manager.php on line 48","log":"/logs/plugins/t/twitpic/error.json"}
,
{"message":"Undefined array key \"index_type\" in /wordpress/wp-admin/includes/upgrade.php on line 3028","level":"WARNING","type":"PHP","test":"asyncify-boot","plugin":"twitpic","details":"[21-Apr-2025 11:51:42 UTC] PHP Warning:  Undefined array key \"index_type\" in /wordpress/wp-admin/includes/upgrade.php on line 3028","log":"/logs/plugins/t/twitpic/error.json"}
,
{"message":"Undefined array key \"index_name\" in /wordpress/wp-admin/includes/upgrade.php on line 3034","level":"WARNING","type":"PHP","test":"asyncify-boot","plugin":"twitpic","details":"[21-Apr-2025 11:51:42 UTC] PHP Warning:  Undefined array key \"index_name\" in /wordpress/wp-admin/includes/upgrade.php on line 3034","log":"/logs/plugins/t/twitpic/error.json"}
,
{"message":"Undefined array key \"index_columns\" in /wordpress/wp-admin/includes/upgrade.php on line 3037","level":"WARNING","type":"PHP","test":"asyncify-boot","plugin":"twitpic","details":"[21-Apr-2025 11:51:42 UTC] PHP Warning:  Undefined array key \"index_columns\" in /wordpress/wp-admin/includes/upgrade.php on line 3037","log":"/logs/plugins/t/twitpic/error.json"}
,
{"message":"Undefined array key \"column_name\" in /wordpress/wp-admin/includes/upgrade.php on line 3066","level":"WARNING","type":"PHP","test":"asyncify-boot","plugin":"twitpic","details":"[21-Apr-2025 11:51:42 UTC] PHP Warning:  Undefined array key \"column_name\" in /wordpress/wp-admin/includes/upgrade.php on line 3066","log":"/logs/plugins/t/twitpic/error.json"}
,
{"message":"Data type expected in MySQL query, unknown token received: (.","level":"FATAL","type":"SQL","test":"asyncify-boot","plugin":"twitpic","details":"[21-Apr-2025 11:51:42 UTC] WordPress database error <div style=\"clear:both\">&nbsp;</div>\n<div class=\"queries\" style=\"clear:both;margin-bottom:2px;border:red dotted thin;\">\n<p>MySQL query:</p>\n<p>ALTER TABLE wp_tsc_faq_question ADD  `` (``)</p>\n<p>Queries made or created this session were:</p>\n<ol>\n<li>Executing: BEGIN | (no parameters)</li>\n<li>Executing: ROLLBACK | (no parameters)</li>\n</ol>\n</div>\n<div style=\"clear:both;margin-bottom:2px;border:red dotted thin;\" class=\"error_message\" style=\"border-bottom:dotted blue thin;\">\nError occurred at line 4117 in Function <code>handle_error</code>. Error message was: Data type expected in MySQL query, unknown token received: (.\n</div>\n<p>Backtrace:</p>\n<pre>#0 /internal/shared/sqlite-database-integration/wp-includes/sqlite/class-wp-sqlite-db.php(287): WP_SQLite_Translator->get_error_message()\n#1 /wordpress/wp-admin/includes/upgrade.php(3280): WP_SQLite_DB->query('ALTER TABLE wp_...')\n#2 /wordpress/wp-content/plugins/tecnosenior-faq-manager/tsc-faq-manager.php(272): dbDelta(Array)\n#3 /wordpress/wp-includes/class-wp-hook.php(324): TscFaqManager->install(false)\n#4 /wordpress/wp-includes/class-wp-hook.php(348): WP_Hook->apply_filters('', Array)\n#5 /wordpress/wp-includes/plugin.php(517): WP_Hook->do_action(Array)\n#6 /wordpress/wp-admin/includes/plugin.php(703): do_action('activate_tecnos...', false)\n#7 /internal/eval.php(20): activate_plugin('tecnosenior-faq...')\n#8 {main}</pre>\n for query ALTER TABLE wp_tsc_faq_question ADD  `` (``) made by activate_plugin, do_action('activate_tecnosenior-faq-manager/tsc-faq-manager.php'), WP_Hook->do_action, WP_Hook->apply_filters, TscFaqManager->install, dbDelta, WP_SQLite_DB->query, WP_SQLite_DB->print_error","log":"/logs/plugins/t/twitpic/error.json"}
,
{"message":"Only variables should be assigned by reference in /wordpress/wp-content/plugins/tecnosenior-faq-manager/tsc-faq-manager.php on line 48","level":"NOTICE","type":"PHP","test":"asyncify-boot","plugin":"twitpic","details":"[21-Apr-2025 11:51:43 UTC] PHP Notice:  Only variables should be assigned by reference in /wordpress/wp-content/plugins/tecnosenior-faq-manager/tsc-faq-manager.php on line 48","log":"/logs/plugins/t/twitpic/error.json"}
,
{"message":"Only variables should be assigned by reference in /wordpress/wp-content/plugins/tecnosenior-faq-manager/tsc-faq-manager.php on line 48","level":"NOTICE","type":"PHP","test":"asyncify-boot","plugin":"twitpic","details":"[21-Apr-2025 11:51:52 UTC] PHP Notice:  Only variables should be assigned by reference in /wordpress/wp-content/plugins/tecnosenior-faq-manager/tsc-faq-manager.php on line 48","log":"/logs/plugins/t/twitpic/error.json"}
,
{"message":"Undefined array key \"index_type\" in /wordpress/wp-admin/includes/upgrade.php on line 3028","level":"WARNING","type":"PHP","test":"asyncify-boot","plugin":"twitpic","details":"[21-Apr-2025 11:51:53 UTC] PHP Warning:  Undefined array key \"index_type\" in /wordpress/wp-admin/includes/upgrade.php on line 3028","log":"/logs/plugins/t/twitpic/error.json"}
,
{"message":"Undefined array key \"index_name\" in /wordpress/wp-admin/includes/upgrade.php on line 3034","level":"WARNING","type":"PHP","test":"asyncify-boot","plugin":"twitpic","details":"[21-Apr-2025 11:51:53 UTC] PHP Warning:  Undefined array key \"index_name\" in /wordpress/wp-admin/includes/upgrade.php on line 3034","log":"/logs/plugins/t/twitpic/error.json"}
,
{"message":"Undefined array key \"index_columns\" in /wordpress/wp-admin/includes/upgrade.php on line 3037","level":"WARNING","type":"PHP","test":"asyncify-boot","plugin":"twitpic","details":"[21-Apr-2025 11:51:53 UTC] PHP Warning:  Undefined array key \"index_columns\" in /wordpress/wp-admin/includes/upgrade.php on line 3037","log":"/logs/plugins/t/twitpic/error.json"}
,
{"message":"Undefined array key \"column_name\" in /wordpress/wp-admin/includes/upgrade.php on line 3066","level":"WARNING","type":"PHP","test":"asyncify-boot","plugin":"twitpic","details":"[21-Apr-2025 11:51:53 UTC] PHP Warning:  Undefined array key \"column_name\" in /wordpress/wp-admin/includes/upgrade.php on line 3066","log":"/logs/plugins/t/twitpic/error.json"}
,
{"message":"Data type expected in MySQL query, unknown token received: (.","level":"FATAL","type":"SQL","test":"asyncify-boot","plugin":"twitpic","details":"[21-Apr-2025 11:51:53 UTC] WordPress database error <div style=\"clear:both\">&nbsp;</div>\n<div class=\"queries\" style=\"clear:both;margin-bottom:2px;border:red dotted thin;\">\n<p>MySQL query:</p>\n<p>ALTER TABLE wp_tsc_faq_question ADD  `` (``)</p>\n<p>Queries made or created this session were:</p>\n<ol>\n<li>Executing: BEGIN | (no parameters)</li>\n<li>Executing: ROLLBACK | (no parameters)</li>\n</ol>\n</div>\n<div style=\"clear:both;margin-bottom:2px;border:red dotted thin;\" class=\"error_message\" style=\"border-bottom:dotted blue thin;\">\nError occurred at line 4117 in Function <code>handle_error</code>. Error message was: Data type expected in MySQL query, unknown token received: (.\n</div>\n<p>Backtrace:</p>\n<pre>#0 /internal/shared/sqlite-database-integration/wp-includes/sqlite/class-wp-sqlite-db.php(287): WP_SQLite_Translator->get_error_message()\n#1 /wordpress/wp-admin/includes/upgrade.php(3280): WP_SQLite_DB->query('ALTER TABLE wp_...')\n#2 /wordpress/wp-content/plugins/tecnosenior-faq-manager/tsc-faq-manager.php(272): dbDelta(Array)\n#3 /wordpress/wp-includes/class-wp-hook.php(324): TscFaqManager->install(false)\n#4 /wordpress/wp-includes/class-wp-hook.php(348): WP_Hook->apply_filters('', Array)\n#5 /wordpress/wp-includes/plugin.php(517): WP_Hook->do_action(Array)\n#6 /wordpress/wp-admin/includes/plugin.php(703): do_action('activate_tecnos...', false)\n#7 /internal/eval.php(20): activate_plugin('tecnosenior-faq...')\n#8 {main}</pre>\n for query ALTER TABLE wp_tsc_faq_question ADD  `` (``) made by activate_plugin, do_action('activate_tecnosenior-faq-manager/tsc-faq-manager.php'), WP_Hook->do_action, WP_Hook->apply_filters, TscFaqManager->install, dbDelta, WP_SQLite_DB->query, WP_SQLite_DB->print_error","log":"/logs/plugins/t/twitpic/error.json"}
,
{"message":"Only variables should be assigned by reference in /wordpress/wp-content/plugins/tecnosenior-faq-manager/tsc-faq-manager.php on line 48","level":"NOTICE","type":"PHP","test":"asyncify-boot","plugin":"twitpic","details":"[21-Apr-2025 11:51:54 UTC] PHP Notice:  Only variables should be assigned by reference in /wordpress/wp-content/plugins/tecnosenior-faq-manager/tsc-faq-manager.php on line 48","log":"/logs/plugins/t/twitpic/error.json"}
,
{"message":"Undefined array key \"aff\" in /wordpress/wp-content/plugins/templatehelp-jquery-popup-banner/popup-banner.php on line 303","level":"WARNING","type":"PHP","test":"asyncify-boot","plugin":"twitpic","details":"[21-Apr-2025 11:52:02 UTC] PHP Warning:  Undefined array key \"aff\" in /wordpress/wp-content/plugins/templatehelp-jquery-popup-banner/popup-banner.php on line 303","log":"/logs/plugins/t/twitpic/error.json"}
,
{"message":"Function register_sidebar_widget is <strong>deprecated</strong> since version 2.8.0! Use wp_register_sidebar_widget() instead. in /wordpress/wp-includes/functions.php on line 6121","level":"DEPRECATED","type":"PHP","test":"asyncify-boot","plugin":"twitpic","details":"[21-Apr-2025 11:52:03 UTC] PHP Deprecated:  Function register_sidebar_widget is <strong>deprecated</strong> since version 2.8.0! Use wp_register_sidebar_widget() instead. in /wordpress/wp-includes/functions.php on line 6121","log":"/logs/plugins/t/twitpic/error.json"}
,
{"message":"Function register_widget_control is <strong>deprecated</strong> since version 2.8.0! Use wp_register_widget_control() instead. in /wordpress/wp-includes/functions.php on line 6121","level":"DEPRECATED","type":"PHP","test":"asyncify-boot","plugin":"twitpic","details":"[21-Apr-2025 11:52:03 UTC] PHP Deprecated:  Function register_widget_control is <strong>deprecated</strong> since version 2.8.0! Use wp_register_widget_control() instead. in /wordpress/wp-includes/functions.php on line 6121","log":"/logs/plugins/t/twitpic/error.json"}
,
{"message":"Undefined array key \"aff\" in /wordpress/wp-content/plugins/templatehelp-jquery-popup-banner/popup-banner.php on line 303","level":"WARNING","type":"PHP","test":"asyncify-boot","plugin":"twitpic","details":"[21-Apr-2025 11:52:12 UTC] PHP Warning:  Undefined array key \"aff\" in /wordpress/wp-content/plugins/templatehelp-jquery-popup-banner/popup-banner.php on line 303","log":"/logs/plugins/t/twitpic/error.json"}
,
{"message":"Function register_sidebar_widget is <strong>deprecated</strong> since version 2.8.0! Use wp_register_sidebar_widget() instead. in /wordpress/wp-includes/functions.php on line 6121","level":"DEPRECATED","type":"PHP","test":"asyncify-boot","plugin":"twitpic","details":"[21-Apr-2025 11:52:13 UTC] PHP Deprecated:  Function register_sidebar_widget is <strong>deprecated</strong> since version 2.8.0! Use wp_register_sidebar_widget() instead. in /wordpress/wp-includes/functions.php on line 6121","log":"/logs/plugins/t/twitpic/error.json"}
,
{"message":"Function register_widget_control is <strong>deprecated</strong> since version 2.8.0! Use wp_register_widget_control() instead. in /wordpress/wp-includes/functions.php on line 6121","level":"DEPRECATED","type":"PHP","test":"asyncify-boot","plugin":"twitpic","details":"[21-Apr-2025 11:52:13 UTC] PHP Deprecated:  Function register_widget_control is <strong>deprecated</strong> since version 2.8.0! Use wp_register_widget_control() instead. in /wordpress/wp-includes/functions.php on line 6121","log":"/logs/plugins/t/twitpic/error.json"}
,
{"message":"Undefined array key \"aff\" in /wordpress/wp-content/plugins/templatehelp-jquery-popup-banner/popup-banner.php on line 303","level":"WARNING","type":"PHP","test":"asyncify-boot","plugin":"twitpic","details":"[21-Apr-2025 11:52:21 UTC] PHP Warning:  Undefined array key \"aff\" in /wordpress/wp-content/plugins/templatehelp-jquery-popup-banner/popup-banner.php on line 303","log":"/logs/plugins/t/twitpic/error.json"}
,
{"message":"Function register_sidebar_widget is <strong>deprecated</strong> since version 2.8.0! Use wp_register_sidebar_widget() instead. in /wordpress/wp-includes/functions.php on line 6121","level":"DEPRECATED","type":"PHP","test":"asyncify-boot","plugin":"twitpic","details":"[21-Apr-2025 11:52:22 UTC] PHP Deprecated:  Function register_sidebar_widget is <strong>deprecated</strong> since version 2.8.0! Use wp_register_sidebar_widget() instead. in /wordpress/wp-includes/functions.php on line 6121","log":"/logs/plugins/t/twitpic/error.json"}
,
{"message":"Function register_widget_control is <strong>deprecated</strong> since version 2.8.0! Use wp_register_widget_control() instead. in /wordpress/wp-includes/functions.php on line 6121","level":"DEPRECATED","type":"PHP","test":"asyncify-boot","plugin":"twitpic","details":"[21-Apr-2025 11:52:22 UTC] PHP Deprecated:  Function register_widget_control is <strong>deprecated</strong> since version 2.8.0! Use wp_register_widget_control() instead. in /wordpress/wp-includes/functions.php on line 6121","log":"/logs/plugins/t/twitpic/error.json"}
,
{"message":"Uncaught Error: Call to undefined function create_function() in /wordpress/wp-content/plugins/twitpic/twitpic.php:472","level":"FATAL","type":"PHP","test":"asyncify-boot","plugin":"twitpic","details":"[21-Apr-2025 11:55:07 UTC] PHP Fatal error:  Uncaught Error: Call to undefined function create_function() in /wordpress/wp-content/plugins/twitpic/twitpic.php:472\nStack trace:\n#0 /wordpress/wp-admin/includes/plugin.php(2387): include_once()\n#1 /wordpress/wp-admin/includes/plugin.php(673): plugin_sandbox_scrape('twitpic/twitpic...')\n#2 /internal/eval.php(20): activate_plugin('twitpic/twitpic...')\n#3 {main}\n  thrown in /wordpress/wp-content/plugins/twitpic/twitpic.php on line 472","log":"/logs/plugins/t/twitpic/error.json"}
,
{"message":"Uncaught Error: Call to undefined function create_function() in /wordpress/wp-content/plugins/twitpic/twitpic.php:472","level":"FATAL","type":"PHP","test":"asyncify-boot","plugin":"twitpic","details":"[21-Apr-2025 11:55:15 UTC] PHP Fatal error:  Uncaught Error: Call to undefined function create_function() in /wordpress/wp-content/plugins/twitpic/twitpic.php:472\nStack trace:\n#0 /wordpress/wp-admin/includes/plugin.php(2387): include_once()\n#1 /wordpress/wp-admin/includes/plugin.php(673): plugin_sandbox_scrape('twitpic/twitpic...')\n#2 /internal/eval.php(20): activate_plugin('twitpic/twitpic...')\n#3 {main}\n  thrown in /wordpress/wp-content/plugins/twitpic/twitpic.php on line 472\n\n    at Object.onBind (file:///home/runner/work/playground-tester/playground-tester/node_modules/@wp-playground/cli/index.js:237:15)\n    at process.processTicksAndRejections (node:internal/process/task_queues:105:5)\n    at async V (file:///home/runner/work/playground-tester/playground-tester/node_modules/@wp-playground/cli/index.js:64:10)\n    at async ja (file:///home/runner/work/playground-tester/playground-tester/node_modules/@wp-playground/cli/cli.js:8161:12) {\n  [cause]: Error: Error when executing the blueprint step #1 ({\"step\":\"installPlugin\",\"pluginData\":{\"resource\":\"wordpress.org/plugins\",\"slug\":\"twitpic\"},\"options\":{\"activate\":true}}) : PHP.run() failed with exit code 255 and the following output: \n      at Object.run (file:///home/runner/work/playground-tester/playground-tester/node_modules/@wp-playground/blueprints/index.js:12449:19)\n      at process.processTicksAndRejections (node:internal/process/task_queues:105:5)\n      at async ms (file:///home/runner/work/playground-tester/playground-tester/node_modules/@wp-playground/blueprints/index.js:12552:3)\n      ... 2 lines matching cause stack trace ...\n      at async ja (file:///home/runner/work/playground-tester/playground-tester/node_modules/@wp-playground/cli/cli.js:8161:12) {\n    [cause]: PHPExecutionFailureError: PHP.run() failed with exit code 255 and the following output: \n        at PHP.run (file:///home/runner/work/playground-tester/playground-tester/node_modules/@php-wasm/universal/index.js:987:19)\n        at process.processTicksAndRejections (node:internal/process/task_queues:105:5)\n        at async wr (file:///home/runner/work/playground-tester/playground-tester/node_modules/@wp-playground/blueprints/index.js:33:39)\n        at async Object.gt [as installPlugin] (file:///home/runner/work/playground-tester/playground-tester/node_modules/@wp-playground/blueprints/index.js:974:42)\n        at async g (file:///home/runner/work/playground-tester/playground-tester/node_modules/@wp-playground/blueprints/index.js:12517:30)\n        at async Object.run (file:///home/runner/work/playground-tester/playground-tester/node_modules/@wp-playground/blueprints/index.js:12446:23)\n        at async ms (file:///home/runner/work/playground-tester/playground-tester/node_modules/@wp-playground/blueprints/index.js:12552:3)\n        at async Object.onBind (file:///home/runner/work/playground-tester/playground-tester/node_modules/@wp-playground/cli/index.js:227:48)\n        at async V (file:///home/runner/work/playground-tester/playground-tester/node_modules/@wp-playground/cli/index.js:64:10)\n        at async ja (file:///home/runner/work/playground-tester/playground-tester/node_modules/@wp-playground/cli/cli.js:8161:12) {\n      response: PHPResponse {\n        httpStatusCode: 500,\n        headers: {\n          'x-powered-by': [ 'PHP/8.0.30-dev' ],\n          'content-type': [ 'text/html; charset=UTF-8' ]\n        },\n        bytes: Uint8Array(0) [],\n        exitCode: 255,\n        errors: ''\n      },\n      source: 'request'\n    }\n  }\n}\n\n","log":"/logs/plugins/t/twitpic/error.json"}
]
